[
  {
    "Plan": {
      "Node Type": "Aggregate",
      "Strategy": "Plain",
      "Partial Mode": "Simple",
      "Parallel Aware": false,
      "Startup Cost": 16349.03,
      "Total Cost": 16349.04,
      "Plan Rows": 1,
      "Plan Width": 128,
      "Actual Startup Time": 1659.518,
      "Actual Total Time": 1659.528,
      "Actual Rows": 1,
      "Actual Loops": 1,
      "Plans": [
        {
          "Node Type": "Nested Loop",
          "Parent Relationship": "Outer",
          "Parallel Aware": false,
          "Join Type": "Inner",
          "Startup Cost": 13.98,
          "Total Cost": 16349.02,
          "Plan Rows": 1,
          "Plan Width": 54,
          "Actual Startup Time": 74.927,
          "Actual Total Time": 1658.535,
          "Actual Rows": 2095,
          "Actual Loops": 1,
          "Inner Unique": true,
          "Join Filter": "(t.kind_id = kt.id)",
          "Rows Removed by Join Filter": 302,
          "Plans": [
            {
              "Node Type": "Nested Loop",
              "Parent Relationship": "Outer",
              "Parallel Aware": false,
              "Join Type": "Inner",
              "Startup Cost": 13.98,
              "Total Cost": 16347.92,
              "Plan Rows": 1,
              "Plan Width": 58,
              "Actual Startup Time": 9.481,
              "Actual Total Time": 1651.522,
              "Actual Rows": 2397,
              "Actual Loops": 1,
              "Inner Unique": true,
              "Plans": [
                {
                  "Node Type": "Nested Loop",
                  "Parent Relationship": "Outer",
                  "Parallel Aware": false,
                  "Join Type": "Inner",
                  "Startup Cost": 13.53,
                  "Total Cost": 16343.46,
                  "Plan Rows": 1,
                  "Plan Width": 53,
                  "Actual Startup Time": 9.403,
                  "Actual Total Time": 1615.689,
                  "Actual Rows": 4997,
                  "Actual Loops": 1,
                  "Inner Unique": true,
                  "Plans": [
                    {
                      "Node Type": "Nested Loop",
                      "Parent Relationship": "Outer",
                      "Parallel Aware": false,
                      "Join Type": "Inner",
                      "Startup Cost": 13.09,
                      "Total Cost": 16339.01,
                      "Plan Rows": 1,
                      "Plan Width": 42,
                      "Actual Startup Time": 9.324,
                      "Actual Total Time": 1541.491,
                      "Actual Rows": 4997,
                      "Actual Loops": 1,
                      "Inner Unique": true,
                      "Plans": [
                        {
                          "Node Type": "Nested Loop",
                          "Parent Relationship": "Outer",
                          "Parallel Aware": false,
                          "Join Type": "Inner",
                          "Startup Cost": 12.65,
                          "Total Cost": 16334.55,
                          "Plan Rows": 1,
                          "Plan Width": 30,
                          "Actual Startup Time": 1.757,
                          "Actual Total Time": 840.79,
                          "Actual Rows": 135568,
                          "Actual Loops": 1,
                          "Inner Unique": false,
                          "Plans": [
                            {
                              "Node Type": "Nested Loop",
                              "Parent Relationship": "Outer",
                              "Parallel Aware": false,
                              "Join Type": "Inner",
                              "Startup Cost": 11.71,
                              "Total Cost": 16328.85,
                              "Plan Rows": 1,
                              "Plan Width": 18,
                              "Actual Startup Time": 1.622,
                              "Actual Total Time": 308.917,
                              "Actual Rows": 1329,
                              "Actual Loops": 1,
                              "Inner Unique": true,
                              "Join Filter": "(cc.status_id = cct2.id)",
                              "Rows Removed by Join Filter": 821,
                              "Plans": [
                                {
                                  "Node Type": "Nested Loop",
                                  "Parent Relationship": "Outer",
                                  "Parallel Aware": false,
                                  "Join Type": "Inner",
                                  "Startup Cost": 11.71,
                                  "Total Cost": 16327.78,
                                  "Plan Rows": 1,
                                  "Plan Width": 22,
                                  "Actual Startup Time": 1.615,
                                  "Actual Total Time": 304.307,
                                  "Actual Rows": 1329,
                                  "Actual Loops": 1,
                                  "Inner Unique": false,
                                  "Join Filter": "(cc.subject_id = cct1.id)",
                                  "Rows Removed by Join Filter": 735,
                                  "Plans": [
                                    {
                                      "Node Type": "Seq Scan",
                                      "Parent Relationship": "Outer",
                                      "Parallel Aware": false,
                                      "Relation Name": "comp_cast_type",
                                      "Alias": "cct1",
                                      "Startup Cost": 0.0,
                                      "Total Cost": 1.05,
                                      "Plan Rows": 1,
                                      "Plan Width": 4,
                                      "Actual Startup Time": 0.018,
                                      "Actual Total Time": 0.02,
                                      "Actual Rows": 1,
                                      "Actual Loops": 1,
                                      "Filter": "((kind)::text = 'cast'::text)",
                                      "Rows Removed by Filter": 3
                                    },
                                    {
                                      "Node Type": "Nested Loop",
                                      "Parent Relationship": "Inner",
                                      "Parallel Aware": false,
                                      "Join Type": "Inner",
                                      "Startup Cost": 11.71,
                                      "Total Cost": 16326.71,
                                      "Plan Rows": 2,
                                      "Plan Width": 26,
                                      "Actual Startup Time": 1.594,
                                      "Actual Total Time": 303.932,
                                      "Actual Rows": 2064,
                                      "Actual Loops": 1,
                                      "Inner Unique": false,
                                      "Plans": [
                                        {
                                          "Node Type": "Nested Loop",
                                          "Parent Relationship": "Outer",
                                          "Parallel Aware": false,
                                          "Join Type": "Inner",
                                          "Startup Cost": 11.28,
                                          "Total Cost": 16322.23,
                                          "Plan Rows": 1,
                                          "Plan Width": 14,
                                          "Actual Startup Time": 1.191,
                                          "Actual Total Time": 278.929,
                                          "Actual Rows": 3180,
                                          "Actual Loops": 1,
                                          "Inner Unique": false,
                                          "Join Filter": "(mi_idx.info_type_id = it2.id)",
                                          "Rows Removed by Join Filter": 2539,
                                          "Plans": [
                                            {
                                              "Node Type": "Seq Scan",
                                              "Parent Relationship": "Outer",
                                              "Parallel Aware": false,
                                              "Relation Name": "info_type",
                                              "Alias": "it2",
                                              "Startup Cost": 0.0,
                                              "Total Cost": 2.41,
                                              "Plan Rows": 1,
                                              "Plan Width": 4,
                                              "Actual Startup Time": 0.041,
                                              "Actual Total Time": 0.045,
                                              "Actual Rows": 1,
                                              "Actual Loops": 1,
                                              "Filter": "((info)::text = 'rating'::text)",
                                              "Rows Removed by Filter": 112
                                            },
                                            {
                                              "Node Type": "Nested Loop",
                                              "Parent Relationship": "Inner",
                                              "Parallel Aware": false,
                                              "Join Type": "Inner",
                                              "Startup Cost": 11.28,
                                              "Total Cost": 16318.03,
                                              "Plan Rows": 143,
                                              "Plan Width": 18,
                                              "Actual Startup Time": 1.148,
                                              "Actual Total Time": 278.025,
                                              "Actual Rows": 5719,
                                              "Actual Loops": 1,
                                              "Inner Unique": false,
                                              "Plans": [
                                                {
                                                  "Node Type": "Nested Loop",
                                                  "Parent Relationship": "Outer",
                                                  "Parallel Aware": false,
                                                  "Join Type": "Inner",
                                                  "Startup Cost": 10.82,
                                                  "Total Cost": 14797.9,
                                                  "Plan Rows": 337,
                                                  "Plan Width": 4,
                                                  "Actual Startup Time": 0.995,
                                                  "Actual Total Time": 108.015,
                                                  "Actual Rows": 21187,
                                                  "Actual Loops": 1,
                                                  "Inner Unique": false,
                                                  "Plans": [
                                                    {
                                                      "Node Type": "Seq Scan",
                                                      "Parent Relationship": "Outer",
                                                      "Parallel Aware": false,
                                                      "Relation Name": "keyword",
                                                      "Alias": "k",
                                                      "Startup Cost": 0.0,
                                                      "Total Cost": 3967.82,
                                                      "Plan Rows": 10,
                                                      "Plan Width": 4,
                                                      "Actual Startup Time": 0.055,
                                                      "Actual Total Time": 26.889,
                                                      "Actual Rows": 8,
                                                      "Actual Loops": 1,
                                                      "Filter": "(keyword = ANY ('{hero,laser,blood,tv-special,magnet,marvel-comics,marvel-comics,superhero,gore,laser}'::text[]))",
                                                      "Rows Removed by Filter": 134162
                                                    },
                                                    {
                                                      "Node Type": "Bitmap Heap Scan",
                                                      "Parent Relationship": "Inner",
                                                      "Parallel Aware": false,
                                                      "Relation Name": "movie_keyword",
                                                      "Alias": "mk",
                                                      "Startup Cost": 10.82,
                                                      "Total Cost": 1079.93,
                                                      "Plan Rows": 308,
                                                      "Plan Width": 8,
                                                      "Actual Startup Time": 0.547,
                                                      "Actual Total Time": 9.729,
                                                      "Actual Rows": 2648,
                                                      "Actual Loops": 8,
                                                      "Recheck Cond": "(keyword_id = k.id)",
                                                      "Rows Removed by Index Recheck": 0,
                                                      "Exact Heap Blocks": 15217,
                                                      "Lossy Heap Blocks": 0,
                                                      "Plans": [
                                                        {
                                                          "Node Type": "Bitmap Index Scan",
                                                          "Parent Relationship": "Outer",
                                                          "Parallel Aware": false,
                                                          "Index Name": "keyword_id_movie_keyword",
                                                          "Startup Cost": 0.0,
                                                          "Total Cost": 10.74,
                                                          "Plan Rows": 308,
                                                          "Plan Width": 0,
                                                          "Actual Startup Time": 0.348,
                                                          "Actual Total Time": 0.348,
                                                          "Actual Rows": 2648,
                                                          "Actual Loops": 8,
                                                          "Index Cond": "(keyword_id = k.id)"
                                                        }
                                                      ]
                                                    }
                                                  ]
                                                },
                                                {
                                                  "Node Type": "Bitmap Heap Scan",
                                                  "Parent Relationship": "Inner",
                                                  "Parallel Aware": false,
                                                  "Relation Name": "movie_info_idx",
                                                  "Alias": "mi_idx",
                                                  "Startup Cost": 0.46,
                                                  "Total Cost": 4.5,
                                                  "Plan Rows": 1,
                                                  "Plan Width": 14,
                                                  "Actual Startup Time": 0.006,
                                                  "Actual Total Time": 0.006,
                                                  "Actual Rows": 0,
                                                  "Actual Loops": 21187,
                                                  "Recheck Cond": "(movie_id = mk.movie_id)",
                                                  "Rows Removed by Index Recheck": 0,
                                                  "Filter": "(info > '7.0'::text)",
                                                  "Rows Removed by Filter": 2,
                                                  "Exact Heap Blocks": 17854,
                                                  "Lossy Heap Blocks": 0,
                                                  "Plans": [
                                                    {
                                                      "Node Type": "Bitmap Index Scan",
                                                      "Parent Relationship": "Outer",
                                                      "Parallel Aware": false,
                                                      "Index Name": "movie_id_movie_info_idx",
                                                      "Startup Cost": 0.0,
                                                      "Total Cost": 0.46,
                                                      "Plan Rows": 3,
                                                      "Plan Width": 0,
                                                      "Actual Startup Time": 0.004,
                                                      "Actual Total Time": 0.004,
                                                      "Actual Rows": 2,
                                                      "Actual Loops": 21187,
                                                      "Index Cond": "(movie_id = mk.movie_id)"
                                                    }
                                                  ]
                                                }
                                              ]
                                            }
                                          ]
                                        },
                                        {
                                          "Node Type": "Bitmap Heap Scan",
                                          "Parent Relationship": "Inner",
                                          "Parallel Aware": false,
                                          "Relation Name": "complete_cast",
                                          "Alias": "cc",
                                          "Startup Cost": 0.44,
                                          "Total Cost": 4.46,
                                          "Plan Rows": 2,
                                          "Plan Width": 12,
                                          "Actual Startup Time": 0.005,
                                          "Actual Total Time": 0.006,
                                          "Actual Rows": 1,
                                          "Actual Loops": 3180,
                                          "Recheck Cond": "(movie_id = mk.movie_id)",
                                          "Rows Removed by Index Recheck": 0,
                                          "Exact Heap Blocks": 2064,
                                          "Lossy Heap Blocks": 0,
                                          "Plans": [
                                            {
                                              "Node Type": "Bitmap Index Scan",
                                              "Parent Relationship": "Outer",
                                              "Parallel Aware": false,
                                              "Index Name": "movie_id_complete_cast",
                                              "Startup Cost": 0.0,
                                              "Total Cost": 0.44,
                                              "Plan Rows": 2,
                                              "Plan Width": 0,
                                              "Actual Startup Time": 0.003,
                                              "Actual Total Time": 0.003,
                                              "Actual Rows": 1,
                                              "Actual Loops": 3180,
                                              "Index Cond": "(movie_id = mk.movie_id)"
                                            }
                                          ]
                                        }
                                      ]
                                    }
                                  ]
                                },
                                {
                                  "Node Type": "Seq Scan",
                                  "Parent Relationship": "Inner",
                                  "Parallel Aware": false,
                                  "Relation Name": "comp_cast_type",
                                  "Alias": "cct2",
                                  "Startup Cost": 0.0,
                                  "Total Cost": 1.05,
                                  "Plan Rows": 1,
                                  "Plan Width": 4,
                                  "Actual Startup Time": 0.001,
                                  "Actual Total Time": 0.001,
                                  "Actual Rows": 2,
                                  "Actual Loops": 1329,
                                  "Filter": "((kind)::text ~~ '%complete%'::text)",
                                  "Rows Removed by Filter": 2
                                }
                              ]
                            },
                            {
                              "Node Type": "Bitmap Heap Scan",
                              "Parent Relationship": "Inner",
                              "Parallel Aware": false,
                              "Relation Name": "cast_info",
                              "Alias": "ci",
                              "Startup Cost": 0.94,
                              "Total Cost": 5.37,
                              "Plan Rows": 34,
                              "Plan Width": 12,
                              "Actual Startup Time": 0.029,
                              "Actual Total Time": 0.379,
                              "Actual Rows": 102,
                              "Actual Loops": 1329,
                              "Recheck Cond": "(movie_id = mk.movie_id)",
                              "Rows Removed by Index Recheck": 0,
                              "Exact Heap Blocks": 131124,
                              "Lossy Heap Blocks": 0,
                              "Plans": [
                                {
                                  "Node Type": "Bitmap Index Scan",
                                  "Parent Relationship": "Outer",
                                  "Parallel Aware": false,
                                  "Index Name": "movie_id_cast_info",
                                  "Startup Cost": 0.0,
                                  "Total Cost": 0.94,
                                  "Plan Rows": 34,
                                  "Plan Width": 0,
                                  "Actual Startup Time": 0.017,
                                  "Actual Total Time": 0.017,
                                  "Actual Rows": 102,
                                  "Actual Loops": 1329,
                                  "Index Cond": "(movie_id = mk.movie_id)"
                                }
                              ]
                            }
                          ]
                        },
                        {
                          "Node Type": "Bitmap Heap Scan",
                          "Parent Relationship": "Inner",
                          "Parallel Aware": false,
                          "Relation Name": "char_name",
                          "Alias": "chn",
                          "Startup Cost": 0.44,
                          "Total Cost": 4.46,
                          "Plan Rows": 1,
                          "Plan Width": 20,
                          "Actual Startup Time": 0.004,
                          "Actual Total Time": 0.004,
                          "Actual Rows": 0,
                          "Actual Loops": 135568,
                          "Recheck Cond": "(id = ci.person_role_id)",
                          "Rows Removed by Index Recheck": 0,
                          "Filter": "((name IS NOT NULL) AND ((name ~~ '%man%'::text) OR (name ~~ '%Man%'::text)))",
                          "Rows Removed by Filter": 0,
                          "Exact Heap Blocks": 62550,
                          "Lossy Heap Blocks": 0,
                          "Plans": [
                            {
                              "Node Type": "Bitmap Index Scan",
                              "Parent Relationship": "Outer",
                              "Parallel Aware": false,
                              "Index Name": "char_name_pkey",
                              "Startup Cost": 0.0,
                              "Total Cost": 0.44,
                              "Plan Rows": 1,
                              "Plan Width": 0,
                              "Actual Startup Time": 0.002,
                              "Actual Total Time": 0.002,
                              "Actual Rows": 0,
                              "Actual Loops": 135568,
                              "Index Cond": "(id = ci.person_role_id)"
                            }
                          ]
                        }
                      ]
                    },
                    {
                      "Node Type": "Bitmap Heap Scan",
                      "Parent Relationship": "Inner",
                      "Parallel Aware": false,
                      "Relation Name": "name",
                      "Alias": "n",
                      "Startup Cost": 0.44,
                      "Total Cost": 4.45,
                      "Plan Rows": 1,
                      "Plan Width": 19,
                      "Actual Startup Time": 0.013,
                      "Actual Total Time": 0.013,
                      "Actual Rows": 1,
                      "Actual Loops": 4997,
                      "Recheck Cond": "(id = ci.person_id)",
                      "Rows Removed by Index Recheck": 0,
                      "Exact Heap Blocks": 4997,
                      "Lossy Heap Blocks": 0,
                      "Plans": [
                        {
                          "Node Type": "Bitmap Index Scan",
                          "Parent Relationship": "Outer",
                          "Parallel Aware": false,
                          "Index Name": "name_pkey",
                          "Startup Cost": 0.0,
                          "Total Cost": 0.44,
                          "Plan Rows": 1,
                          "Plan Width": 0,
                          "Actual Startup Time": 0.008,
                          "Actual Total Time": 0.008,
                          "Actual Rows": 1,
                          "Actual Loops": 4997,
                          "Index Cond": "(id = ci.person_id)"
                        }
                      ]
                    }
                  ]
                },
                {
                  "Node Type": "Bitmap Heap Scan",
                  "Parent Relationship": "Inner",
                  "Parallel Aware": false,
                  "Relation Name": "title",
                  "Alias": "t",
                  "Startup Cost": 0.45,
                  "Total Cost": 4.46,
                  "Plan Rows": 1,
                  "Plan Width": 25,
                  "Actual Startup Time": 0.005,
                  "Actual Total Time": 0.005,
                  "Actual Rows": 0,
                  "Actual Loops": 4997,
                  "Recheck Cond": "(id = mk.movie_id)",
                  "Rows Removed by Index Recheck": 0,
                  "Filter": "(production_year > 1994)",
                  "Rows Removed by Filter": 1,
                  "Exact Heap Blocks": 4997,
                  "Lossy Heap Blocks": 0,
                  "Plans": [
                    {
                      "Node Type": "Bitmap Index Scan",
                      "Parent Relationship": "Outer",
                      "Parallel Aware": false,
                      "Index Name": "title_pkey",
                      "Startup Cost": 0.0,
                      "Total Cost": 0.45,
                      "Plan Rows": 1,
                      "Plan Width": 0,
                      "Actual Startup Time": 0.003,
                      "Actual Total Time": 0.003,
                      "Actual Rows": 1,
                      "Actual Loops": 4997,
                      "Index Cond": "(id = mk.movie_id)"
                    }
                  ]
                }
              ]
            },
            {
              "Node Type": "Seq Scan",
              "Parent Relationship": "Inner",
              "Parallel Aware": false,
              "Relation Name": "kind_type",
              "Alias": "kt",
              "Startup Cost": 0.0,
              "Total Cost": 1.09,
              "Plan Rows": 1,
              "Plan Width": 4,
              "Actual Startup Time": 0.001,
              "Actual Total Time": 0.001,
              "Actual Rows": 1,
              "Actual Loops": 2397,
              "Filter": "((kind)::text = 'movie'::text)",
              "Rows Removed by Filter": 1
            }
          ]
        }
      ]
    },
    "Planning Time": 52.326,
    "Triggers": [],
    "Execution Time": 1659.864
  }
]