[
  {
    "Plan": {
      "Node Type": "Aggregate",
      "Strategy": "Plain",
      "Partial Mode": "Finalize",
      "Parallel Aware": false,
      "Startup Cost": 31364.91,
      "Total Cost": 31364.92,
      "Plan Rows": 1,
      "Plan Width": 8,
      "Actual Startup Time": 99.706,
      "Actual Total Time": 107.22,
      "Actual Rows": 1,
      "Actual Loops": 1,
      "Plans": [
        {
          "Node Type": "Gather",
          "Parent Relationship": "Outer",
          "Parallel Aware": false,
          "Startup Cost": 31364.59,
          "Total Cost": 31364.9,
          "Plan Rows": 3,
          "Plan Width": 8,
          "Actual Startup Time": 99.601,
          "Actual Total Time": 107.212,
          "Actual Rows": 4,
          "Actual Loops": 1,
          "Workers Planned": 3,
          "Workers Launched": 3,
          "Single Copy": false,
          "Plans": [
            {
              "Node Type": "Aggregate",
              "Strategy": "Plain",
              "Partial Mode": "Partial",
              "Parent Relationship": "Outer",
              "Parallel Aware": false,
              "Startup Cost": 30364.59,
              "Total Cost": 30364.6,
              "Plan Rows": 1,
              "Plan Width": 8,
              "Actual Startup Time": 93.449,
              "Actual Total Time": 93.45,
              "Actual Rows": 1,
              "Actual Loops": 4,
              "Plans": [
                {
                  "Node Type": "Seq Scan",
                  "Parent Relationship": "Outer",
                  "Parallel Aware": true,
                  "Relation Name": "movie_companies",
                  "Alias": "mc",
                  "Startup Cost": 0.0,
                  "Total Cost": 29310.68,
                  "Plan Rows": 421564,
                  "Plan Width": 0,
                  "Actual Startup Time": 20.498,
                  "Actual Total Time": 79.279,
                  "Actual Rows": 328088,
                  "Actual Loops": 4,
                  "Filter": "(company_id > 11272)",
                  "Rows Removed by Filter": 324194
                }
              ]
            }
          ]
        }
      ]
    },
    "Planning Time": 0.183,
    "Triggers": [],
    "Execution Time": 107.273
  }
]