{
  "Plan": {
    "Node Type": "Aggregate",
    "Strategy": "Plain",
    "Partial Mode": "Finalize",
    "Parallel Aware": false,
    "Startup Cost": 742003.98,
    "Total Cost": 742003.99,
    "Plan Rows": 1,
    "Plan Width": 8,
    "Actual Startup Time": 9002.945,
    "Actual Total Time": 9059.6,
    "Actual Rows": 1,
    "Actual Loops": 1,
    "Plans": [
      {
        "Node Type": "Gather",
        "Parent Relationship": "Outer",
        "Parallel Aware": false,
        "Startup Cost": 742003.86,
        "Total Cost": 742003.97,
        "Plan Rows": 1,
        "Plan Width": 8,
        "Actual Startup Time": 8995.899,
        "Actual Total Time": 9059.593,
        "Actual Rows": 2,
        "Actual Loops": 1,
        "Workers Planned": 1,
        "Workers Launched": 1,
        "Single Copy": false,
        "Plans": [
          {
            "Node Type": "Aggregate",
            "Strategy": "Plain",
            "Partial Mode": "Partial",
            "Parent Relationship": "Outer",
            "Parallel Aware": false,
            "Startup Cost": 741003.86,
            "Total Cost": 741003.87,
            "Plan Rows": 1,
            "Plan Width": 8,
            "Actual Startup Time": 8989.796,
            "Actual Total Time": 8989.801,
            "Actual Rows": 1,
            "Actual Loops": 2,
            "Plans": [
              {
                "Node Type": "Hash Join",
                "Parent Relationship": "Outer",
                "Parallel Aware": true,
                "Join Type": "Inner",
                "Startup Cost": 97791.8,
                "Total Cost": 711923.6,
                "Plan Rows": 11632104,
                "Plan Width": 0,
                "Actual Startup Time": 898.19,
                "Actual Total Time": 8124.923,
                "Actual Rows": 20455870,
                "Actual Loops": 2,
                "Inner Unique": false,
                "Hash Cond": "(ci.movie_id = t.id)",
                "Plans": [
                  {
                    "Node Type": "Seq Scan",
                    "Parent Relationship": "Outer",
                    "Parallel Aware": true,
                    "Relation Name": "cast_info",
                    "Alias": "ci",
                    "Startup Cost": 0.0,
                    "Total Cost": 465792.95,
                    "Plan Rows": 21310595,
                    "Plan Width": 4,
                    "Actual Startup Time": 0.018,
                    "Actual Total Time": 1341.699,
                    "Actual Rows": 18122172,
                    "Actual Loops": 2
                  },
                  {
                    "Node Type": "Hash",
                    "Parent Relationship": "Inner",
                    "Parallel Aware": true,
                    "Startup Cost": 87644.49,
                    "Total Cost": 87644.49,
                    "Plan Rows": 811785,
                    "Plan Width": 8,
                    "Actual Startup Time": 887.307,
                    "Actual Total Time": 887.312,
                    "Actual Rows": 690018,
                    "Actual Loops": 2,
                    "Hash Buckets": 2097152,
                    "Original Hash Buckets": 2097152,
                    "Hash Batches": 1,
                    "Original Hash Batches": 1,
                    "Peak Memory Usage": 70400,
                    "Plans": [
                      {
                        "Node Type": "Hash Join",
                        "Parent Relationship": "Outer",
                        "Parallel Aware": true,
                        "Join Type": "Inner",
                        "Startup Cost": 69460.7,
                        "Total Cost": 87644.49,
                        "Plan Rows": 811785,
                        "Plan Width": 8,
                        "Actual Startup Time": 520.158,
                        "Actual Total Time": 750.403,
                        "Actual Rows": 690018,
                        "Actual Loops": 2,
                        "Inner Unique": true,
                        "Hash Cond": "(mi_idx.movie_id = t.id)",
                        "Plans": [
                          {
                            "Node Type": "Seq Scan",
                            "Parent Relationship": "Outer",
                            "Parallel Aware": true,
                            "Relation Name": "movie_info_idx",
                            "Alias": "mi_idx",
                            "Startup Cost": 0.0,
                            "Total Cost": 16052.85,
                            "Plan Rows": 811785,
                            "Plan Width": 4,
                            "Actual Startup Time": 0.018,
                            "Actual Total Time": 49.322,
                            "Actual Rows": 690018,
                            "Actual Loops": 2
                          },
                          {
                            "Node Type": "Hash",
                            "Parent Relationship": "Inner",
                            "Parallel Aware": true,
                            "Startup Cost": 50870.31,
                            "Total Cost": 50870.31,
                            "Plan Rows": 1487231,
                            "Plan Width": 4,
                            "Actual Startup Time": 507.951,
                            "Actual Total Time": 507.952,
                            "Actual Rows": 1264156,
                            "Actual Loops": 2,
                            "Hash Buckets": 4194304,
                            "Original Hash Buckets": 4194304,
                            "Hash Batches": 1,
                            "Original Hash Batches": 1,
                            "Peak Memory Usage": 131712,
                            "Plans": [
                              {
                                "Node Type": "Seq Scan",
                                "Parent Relationship": "Outer",
                                "Parallel Aware": true,
                                "Relation Name": "title",
                                "Alias": "t",
                                "Startup Cost": 0.0,
                                "Total Cost": 50870.31,
                                "Plan Rows": 1487231,
                                "Plan Width": 4,
                                "Actual Startup Time": 0.031,
                                "Actual Total Time": 147.309,
                                "Actual Rows": 1264156,
                                "Actual Loops": 2
                              }
                            ]
                          }
                        ]
                      }
                    ]
                  }
                ]
              }
            ]
          }
        ]
      }
    ]
  },
  "Planning Time": 0.515,
  "Triggers": [],
  "Execution Time": 9059.652
}