[
  {
    "Plan": {
      "Node Type": "Aggregate",
      "Strategy": "Plain",
      "Partial Mode": "Finalize",
      "Parallel Aware": false,
      "Startup Cost": 75647.35,
      "Total Cost": 75647.36,
      "Plan Rows": 1,
      "Plan Width": 8,
      "Actual Startup Time": 204.553,
      "Actual Total Time": 221.215,
      "Actual Rows": 1,
      "Actual Loops": 1,
      "Plans": [
        {
          "Node Type": "Gather",
          "Parent Relationship": "Outer",
          "Parallel Aware": false,
          "Startup Cost": 75647.03,
          "Total Cost": 75647.34,
          "Plan Rows": 3,
          "Plan Width": 8,
          "Actual Startup Time": 203.766,
          "Actual Total Time": 221.202,
          "Actual Rows": 4,
          "Actual Loops": 1,
          "Workers Planned": 3,
          "Workers Launched": 3,
          "Single Copy": false,
          "Plans": [
            {
              "Node Type": "Aggregate",
              "Strategy": "Plain",
              "Partial Mode": "Partial",
              "Parent Relationship": "Outer",
              "Parallel Aware": false,
              "Startup Cost": 74647.03,
              "Total Cost": 74647.04,
              "Plan Rows": 1,
              "Plan Width": 8,
              "Actual Startup Time": 200.185,
              "Actual Total Time": 200.189,
              "Actual Rows": 1,
              "Actual Loops": 4,
              "Plans": [
                {
                  "Node Type": "Hash Join",
                  "Parent Relationship": "Outer",
                  "Parallel Aware": true,
                  "Join Type": "Inner",
                  "Startup Cost": 44215.02,
                  "Total Cost": 74605.92,
                  "Plan Rows": 16442,
                  "Plan Width": 0,
                  "Actual Startup Time": 125.392,
                  "Actual Total Time": 199.049,
                  "Actual Rows": 25690,
                  "Actual Loops": 4,
                  "Inner Unique": true,
                  "Hash Cond": "(mc.movie_id = t.id)",
                  "Plans": [
                    {
                      "Node Type": "Seq Scan",
                      "Parent Relationship": "Outer",
                      "Parallel Aware": true,
                      "Relation Name": "movie_companies",
                      "Alias": "mc",
                      "Startup Cost": 0.0,
                      "Total Cost": 29310.68,
                      "Plan Rows": 411513,
                      "Plan Width": 4,
                      "Actual Startup Time": 0.01,
                      "Actual Total Time": 64.434,
                      "Actual Rows": 318562,
                      "Actual Loops": 4,
                      "Filter": "(company_type_id = 1)",
                      "Rows Removed by Filter": 333721
                    },
                    {
                      "Node Type": "Hash",
                      "Parent Relationship": "Inner",
                      "Parallel Aware": true,
                      "Startup Cost": 43899.32,
                      "Total Cost": 43899.32,
                      "Plan Rows": 25256,
                      "Plan Width": 4,
                      "Actual Startup Time": 98.621,
                      "Actual Total Time": 98.622,
                      "Actual Rows": 27436,
                      "Actual Loops": 4,
                      "Hash Buckets": 131072,
                      "Original Hash Buckets": 131072,
                      "Hash Batches": 1,
                      "Original Hash Batches": 1,
                      "Peak Memory Usage": 5376,
                      "Plans": [
                        {
                          "Node Type": "Seq Scan",
                          "Parent Relationship": "Outer",
                          "Parallel Aware": true,
                          "Relation Name": "title",
                          "Alias": "t",
                          "Startup Cost": 0.0,
                          "Total Cost": 43899.32,
                          "Plan Rows": 25256,
                          "Plan Width": 4,
                          "Actual Startup Time": 49.237,
                          "Actual Total Time": 89.33,
                          "Actual Rows": 27436,
                          "Actual Loops": 4,
                          "Filter": "(production_year < 1928)",
                          "Rows Removed by Filter": 604642
                        }
                      ]
                    }
                  ]
                }
              ]
            }
          ]
        }
      ]
    },
    "Planning Time": 0.334,
    "Triggers": [],
    "Execution Time": 221.256
  }
]