[
  {
    "Plan": {
      "Node Type": "Aggregate",
      "Strategy": "Plain",
      "Partial Mode": "Finalize",
      "Parallel Aware": false,
      "Startup Cost": 45526.16,
      "Total Cost": 45526.17,
      "Plan Rows": 1,
      "Plan Width": 8,
      "Actual Startup Time": 143.658,
      "Actual Total Time": 152.43,
      "Actual Rows": 1,
      "Actual Loops": 1,
      "Plans": [
        {
          "Node Type": "Gather",
          "Parent Relationship": "Outer",
          "Parallel Aware": false,
          "Startup Cost": 45525.85,
          "Total Cost": 45526.16,
          "Plan Rows": 3,
          "Plan Width": 8,
          "Actual Startup Time": 143.519,
          "Actual Total Time": 152.422,
          "Actual Rows": 4,
          "Actual Loops": 1,
          "Workers Planned": 3,
          "Workers Launched": 3,
          "Single Copy": false,
          "Plans": [
            {
              "Node Type": "Aggregate",
              "Strategy": "Plain",
              "Partial Mode": "Partial",
              "Parent Relationship": "Outer",
              "Parallel Aware": false,
              "Startup Cost": 44525.85,
              "Total Cost": 44525.86,
              "Plan Rows": 1,
              "Plan Width": 8,
              "Actual Startup Time": 139.712,
              "Actual Total Time": 139.713,
              "Actual Rows": 1,
              "Actual Loops": 4,
              "Plans": [
                {
                  "Node Type": "Seq Scan",
                  "Parent Relationship": "Outer",
                  "Parallel Aware": true,
                  "Relation Name": "movie_keyword",
                  "Alias": "mk",
                  "Startup Cost": 0.0,
                  "Total Cost": 42695.65,
                  "Plan Rows": 732077,
                  "Plan Width": 0,
                  "Actual Startup Time": 0.029,
                  "Actual Total Time": 112.692,
                  "Actual Rows": 570267,
                  "Actual Loops": 4,
                  "Filter": "(keyword_id < 4836)",
                  "Rows Removed by Filter": 560716
                }
              ]
            }
          ]
        }
      ]
    },
    "Planning Time": 0.187,
    "Triggers": [],
    "Execution Time": 152.492
  }
]