[
  {
    "Plan": {
      "Node Type": "Aggregate",
      "Strategy": "Plain",
      "Partial Mode": "Finalize",
      "Parallel Aware": false,
      "Startup Cost": 15707.53,
      "Total Cost": 15707.54,
      "Plan Rows": 1,
      "Plan Width": 8,
      "Actual Startup Time": 9.797,
      "Actual Total Time": 11.69,
      "Actual Rows": 1,
      "Actual Loops": 1,
      "Plans": [
        {
          "Node Type": "Gather",
          "Parent Relationship": "Outer",
          "Parallel Aware": false,
          "Startup Cost": 15707.41,
          "Total Cost": 15707.52,
          "Plan Rows": 1,
          "Plan Width": 8,
          "Actual Startup Time": 9.708,
          "Actual Total Time": 11.683,
          "Actual Rows": 2,
          "Actual Loops": 1,
          "Workers Planned": 1,
          "Workers Launched": 1,
          "Single Copy": false,
          "Plans": [
            {
              "Node Type": "Aggregate",
              "Strategy": "Plain",
              "Partial Mode": "Partial",
              "Parent Relationship": "Outer",
              "Parallel Aware": false,
              "Startup Cost": 14707.41,
              "Total Cost": 14707.42,
              "Plan Rows": 1,
              "Plan Width": 8,
              "Actual Startup Time": 6.874,
              "Actual Total Time": 6.875,
              "Actual Rows": 1,
              "Actual Loops": 2,
              "Plans": [
                {
                  "Node Type": "Nested Loop",
                  "Parent Relationship": "Outer",
                  "Parallel Aware": false,
                  "Join Type": "Inner",
                  "Startup Cost": 62.75,
                  "Total Cost": 14706.57,
                  "Plan Rows": 336,
                  "Plan Width": 0,
                  "Actual Startup Time": 1.433,
                  "Actual Total Time": 6.781,
                  "Actual Rows": 580,
                  "Actual Loops": 2,
                  "Inner Unique": true,
                  "Plans": [
                    {
                      "Node Type": "Bitmap Heap Scan",
                      "Parent Relationship": "Outer",
                      "Parallel Aware": true,
                      "Relation Name": "movie_companies",
                      "Alias": "mc",
                      "Startup Cost": 62.32,
                      "Total Cost": 7741.3,
                      "Plan Rows": 863,
                      "Plan Width": 4,
                      "Actual Startup Time": 1.363,
                      "Actual Total Time": 2.386,
                      "Actual Rows": 583,
                      "Actual Loops": 2,
                      "Recheck Cond": "(company_id = 10583)",
                      "Rows Removed by Index Recheck": 0,
                      "Filter": "(company_type_id > 1)",
                      "Rows Removed by Filter": 530,
                      "Exact Heap Blocks": 947,
                      "Lossy Heap Blocks": 0,
                      "Plans": [
                        {
                          "Node Type": "Bitmap Index Scan",
                          "Parent Relationship": "Outer",
                          "Parallel Aware": false,
                          "Index Name": "company_id_movie_companies",
                          "Startup Cost": 0.0,
                          "Total Cost": 61.95,
                          "Plan Rows": 2870,
                          "Plan Width": 0,
                          "Actual Startup Time": 1.38,
                          "Actual Total Time": 1.38,
                          "Actual Rows": 2227,
                          "Actual Loops": 1,
                          "Index Cond": "(company_id = 10583)"
                        }
                      ]
                    },
                    {
                      "Node Type": "Index Scan",
                      "Parent Relationship": "Inner",
                      "Parallel Aware": false,
                      "Scan Direction": "Forward",
                      "Index Name": "title_pkey",
                      "Relation Name": "title",
                      "Alias": "t",
                      "Startup Cost": 0.43,
                      "Total Cost": 8.07,
                      "Plan Rows": 1,
                      "Plan Width": 4,
                      "Actual Startup Time": 0.007,
                      "Actual Total Time": 0.007,
                      "Actual Rows": 1,
                      "Actual Loops": 1166,
                      "Index Cond": "(id = mc.movie_id)",
                      "Rows Removed by Index Recheck": 0,
                      "Filter": "(kind_id < 7)",
                      "Rows Removed by Filter": 0
                    }
                  ]
                }
              ]
            }
          ]
        }
      ]
    },
    "Planning Time": 0.334,
    "Triggers": [],
    "Execution Time": 11.744
  }
]