[
  {
    "Plan": {
      "Node Type": "Aggregate",
      "Strategy": "Plain",
      "Partial Mode": "Simple",
      "Parallel Aware": false,
      "Startup Cost": 9491.1,
      "Total Cost": 9491.11,
      "Plan Rows": 1,
      "Plan Width": 8,
      "Actual Startup Time": 7.189,
      "Actual Total Time": 7.191,
      "Actual Rows": 1,
      "Actual Loops": 1,
      "Plans": [
        {
          "Node Type": "Index Scan",
          "Parent Relationship": "Outer",
          "Parallel Aware": false,
          "Scan Direction": "Forward",
          "Index Name": "company_id_movie_companies",
          "Relation Name": "movie_companies",
          "Alias": "mc",
          "Startup Cost": 0.43,
          "Total Cost": 9486.03,
          "Plan Rows": 2031,
          "Plan Width": 0,
          "Actual Startup Time": 3.79,
          "Actual Total Time": 6.844,
          "Actual Rows": 1755,
          "Actual Loops": 1,
          "Index Cond": "(company_id = 474)",
          "Rows Removed by Index Recheck": 0,
          "Filter": "(company_type_id > 1)",
          "Rows Removed by Filter": 2166
        }
      ]
    },
    "Planning Time": 0.204,
    "Triggers": [],
    "Execution Time": 7.243
  }
]