[
  {
    "Plan": {
      "Node Type": "Aggregate",
      "Strategy": "Plain",
      "Partial Mode": "Simple",
      "Parallel Aware": false,
      "Startup Cost": 21245.41,
      "Total Cost": 21245.42,
      "Plan Rows": 1,
      "Plan Width": 8,
      "Actual Startup Time": 20.009,
      "Actual Total Time": 20.01,
      "Actual Rows": 1,
      "Actual Loops": 1,
      "Plans": [
        {
          "Node Type": "Bitmap Heap Scan",
          "Parent Relationship": "Outer",
          "Parallel Aware": false,
          "Relation Name": "movie_companies",
          "Alias": "mc",
          "Startup Cost": 1399.32,
          "Total Cost": 21162.52,
          "Plan Rows": 33158,
          "Plan Width": 0,
          "Actual Startup Time": 17.772,
          "Actual Total Time": 19.653,
          "Actual Rows": 6578,
          "Actual Loops": 1,
          "Recheck Cond": "(company_id = 6)",
          "Rows Removed by Index Recheck": 0,
          "Filter": "(company_type_id = 2)",
          "Rows Removed by Filter": 55497,
          "Exact Heap Blocks": 4954,
          "Lossy Heap Blocks": 0,
          "Plans": [
            {
              "Node Type": "Bitmap Index Scan",
              "Parent Relationship": "Outer",
              "Parallel Aware": false,
              "Index Name": "company_id_movie_companies",
              "Startup Cost": 0.0,
              "Total Cost": 1391.03,
              "Plan Rows": 64880,
              "Plan Width": 0,
              "Actual Startup Time": 3.946,
              "Actual Total Time": 3.946,
              "Actual Rows": 62075,
              "Actual Loops": 1,
              "Index Cond": "(company_id = 6)"
            }
          ]
        }
      ]
    },
    "Planning Time": 0.181,
    "Triggers": [],
    "Execution Time": 20.063
  }
]