{
    "Plan": {
        "Node Type": "Aggregate",
        "Strategy": "Plain",
        "Partial Mode": "Finalize",
        "Parallel Aware": false,
        "Startup Cost": 279309.02,
        "Total Cost": 279309.03,
        "Plan Rows": 1,
        "Plan Width": 8,
        "Actual Startup Time": 915.909,
        "Actual Total Time": 960.515,
        "Actual Rows": 1,
        "Actual Loops": 1,
        "Output": [
            "count(*)"
        ],
        "Plans": [
            {
                "Node Type": "Gather",
                "Parent Relationship": "Outer",
                "Parallel Aware": false,
                "Startup Cost": 279308.5,
                "Total Cost": 279309.01,
                "Plan Rows": 5,
                "Plan Width": 8,
                "Actual Startup Time": 901.695,
                "Actual Total Time": 960.505,
                "Actual Rows": 6,
                "Actual Loops": 1,
                "Output": [
                    "(PARTIAL count(*))"
                ],
                "Workers Planned": 5,
                "Workers Launched": 5,
                "Single Copy": false,
                "Plans": [
                    {
                        "Node Type": "Aggregate",
                        "Strategy": "Plain",
                        "Partial Mode": "Partial",
                        "Parent Relationship": "Outer",
                        "Parallel Aware": false,
                        "Startup Cost": 278308.5,
                        "Total Cost": 278308.51,
                        "Plan Rows": 1,
                        "Plan Width": 8,
                        "Actual Startup Time": 889.687,
                        "Actual Total Time": 889.693,
                        "Actual Rows": 1,
                        "Actual Loops": 6,
                        "Output": [
                            "PARTIAL count(*)"
                        ],
                        "Workers": [
                            {
                                "Worker Number": 0,
                                "Actual Startup Time": 886.375,
                                "Actual Total Time": 886.38,
                                "Actual Rows": 1,
                                "Actual Loops": 1
                            },
                            {
                                "Worker Number": 1,
                                "Actual Startup Time": 887.495,
                                "Actual Total Time": 887.499,
                                "Actual Rows": 1,
                                "Actual Loops": 1
                            },
                            {
                                "Worker Number": 2,
                                "Actual Startup Time": 887.718,
                                "Actual Total Time": 887.722,
                                "Actual Rows": 1,
                                "Actual Loops": 1
                            },
                            {
                                "Worker Number": 3,
                                "Actual Startup Time": 887.87,
                                "Actual Total Time": 887.875,
                                "Actual Rows": 1,
                                "Actual Loops": 1
                            },
                            {
                                "Worker Number": 4,
                                "Actual Startup Time": 887.849,
                                "Actual Total Time": 887.854,
                                "Actual Rows": 1,
                                "Actual Loops": 1
                            }
                        ],
                        "Plans": [
                            {
                                "Node Type": "Hash Join",
                                "Parent Relationship": "Outer",
                                "Parallel Aware": true,
                                "Join Type": "Inner",
                                "Startup Cost": 68633.38,
                                "Total Cost": 276937.98,
                                "Plan Rows": 548207,
                                "Plan Width": 0,
                                "Actual Startup Time": 305.462,
                                "Actual Total Time": 873.972,
                                "Actual Rows": 358272,
                                "Actual Loops": 6,
                                "Inner Unique": false,
                                "Hash Cond": "(mi.movie_id = t.id)",
                                "Workers": [
                                    {
                                        "Worker Number": 0,
                                        "Actual Startup Time": 302.389,
                                        "Actual Total Time": 872.261,
                                        "Actual Rows": 340797,
                                        "Actual Loops": 1
                                    },
                                    {
                                        "Worker Number": 1,
                                        "Actual Startup Time": 303.537,
                                        "Actual Total Time": 871.914,
                                        "Actual Rows": 386718,
                                        "Actual Loops": 1
                                    },
                                    {
                                        "Worker Number": 2,
                                        "Actual Startup Time": 303.568,
                                        "Actual Total Time": 873.379,
                                        "Actual Rows": 349998,
                                        "Actual Loops": 1
                                    },
                                    {
                                        "Worker Number": 3,
                                        "Actual Startup Time": 303.893,
                                        "Actual Total Time": 872.378,
                                        "Actual Rows": 384480,
                                        "Actual Loops": 1
                                    },
                                    {
                                        "Worker Number": 4,
                                        "Actual Startup Time": 303.658,
                                        "Actual Total Time": 872.174,
                                        "Actual Rows": 383802,
                                        "Actual Loops": 1
                                    }
                                ],
                                "Plans": [
                                    {
                                        "Node Type": "Seq Scan",
                                        "Parent Relationship": "Outer",
                                        "Parallel Aware": true,
                                        "Relation Name": "movie_info",
                                        "Schema": "public",
                                        "Alias": "mi",
                                        "Startup Cost": 0.0,
                                        "Total Cost": 198880.74,
                                        "Plan Rows": 1903910,
                                        "Plan Width": 4,
                                        "Actual Startup Time": 0.037,
                                        "Actual Total Time": 339.574,
                                        "Actual Rows": 1594192,
                                        "Actual Loops": 6,
                                        "Output": [
                                            "mi.id",
                                            "mi.movie_id",
                                            "mi.info_type_id",
                                            "mi.info",
                                            "mi.note"
                                        ],
                                        "Filter": "(mi.info_type_id < 16)",
                                        "Rows Removed by Filter": 878428,
                                        "Workers": [
                                            {
                                                "Worker Number": 0,
                                                "Actual Startup Time": 0.047,
                                                "Actual Total Time": 337.59,
                                                "Actual Rows": 1481205,
                                                "Actual Loops": 1
                                            },
                                            {
                                                "Worker Number": 1,
                                                "Actual Startup Time": 0.037,
                                                "Actual Total Time": 344.973,
                                                "Actual Rows": 1724572,
                                                "Actual Loops": 1
                                            },
                                            {
                                                "Worker Number": 2,
                                                "Actual Startup Time": 0.049,
                                                "Actual Total Time": 338.588,
                                                "Actual Rows": 1514623,
                                                "Actual Loops": 1
                                            },
                                            {
                                                "Worker Number": 3,
                                                "Actual Startup Time": 0.041,
                                                "Actual Total Time": 345.783,
                                                "Actual Rows": 1725696,
                                                "Actual Loops": 1
                                            },
                                            {
                                                "Worker Number": 4,
                                                "Actual Startup Time": 0.036,
                                                "Actual Total Time": 345.118,
                                                "Actual Rows": 1700890,
                                                "Actual Loops": 1
                                            }
                                        ]
                                    },
                                    {
                                        "Node Type": "Hash",
                                        "Parent Relationship": "Inner",
                                        "Parallel Aware": true,
                                        "Startup Cost": 64841.72,
                                        "Total Cost": 64841.72,
                                        "Plan Rows": 303333,
                                        "Plan Width": 8,
                                        "Actual Startup Time": 300.932,
                                        "Actual Total Time": 300.937,
                                        "Actual Rows": 68508,
                                        "Actual Loops": 6,
                                        "Output": [
                                            "t.id",
                                            "mi_idx.movie_id"
                                        ],
                                        "Hash Buckets": 1048576,
                                        "Original Hash Buckets": 1048576,
                                        "Hash Batches": 1,
                                        "Original Hash Batches": 1,
                                        "Peak Memory Usage": 24384,
                                        "Workers": [
                                            {
                                                "Worker Number": 0,
                                                "Actual Startup Time": 300.941,
                                                "Actual Total Time": 300.945,
                                                "Actual Rows": 66023,
                                                "Actual Loops": 1
                                            },
                                            {
                                                "Worker Number": 1,
                                                "Actual Startup Time": 302.097,
                                                "Actual Total Time": 302.1,
                                                "Actual Rows": 74582,
                                                "Actual Loops": 1
                                            },
                                            {
                                                "Worker Number": 2,
                                                "Actual Startup Time": 302.277,
                                                "Actual Total Time": 302.28,
                                                "Actual Rows": 67058,
                                                "Actual Loops": 1
                                            },
                                            {
                                                "Worker Number": 3,
                                                "Actual Startup Time": 302.316,
                                                "Actual Total Time": 302.319,
                                                "Actual Rows": 74597,
                                                "Actual Loops": 1
                                            },
                                            {
                                                "Worker Number": 4,
                                                "Actual Startup Time": 302.36,
                                                "Actual Total Time": 302.363,
                                                "Actual Rows": 73840,
                                                "Actual Loops": 1
                                            }
                                        ],
                                        "Plans": [
                                            {
                                                "Node Type": "Hash Join",
                                                "Parent Relationship": "Outer",
                                                "Parallel Aware": true,
                                                "Join Type": "Inner",
                                                "Startup Cost": 49647.16,
                                                "Total Cost": 64841.72,
                                                "Plan Rows": 303333,
                                                "Plan Width": 8,
                                                "Actual Startup Time": 204.72,
                                                "Actual Total Time": 276.349,
                                                "Actual Rows": 68508,
                                                "Actual Loops": 6,
                                                "Output": [
                                                    "t.id",
                                                    "mi_idx.movie_id"
                                                ],
                                                "Inner Unique": true,
                                                "Hash Cond": "(mi_idx.movie_id = t.id)",
                                                "Workers": [
                                                    {
                                                        "Worker Number": 0,
                                                        "Actual Startup Time": 204.821,
                                                        "Actual Total Time": 276.348,
                                                        "Actual Rows": 66023,
                                                        "Actual Loops": 1
                                                    },
                                                    {
                                                        "Worker Number": 1,
                                                        "Actual Startup Time": 204.598,
                                                        "Actual Total Time": 276.09,
                                                        "Actual Rows": 74582,
                                                        "Actual Loops": 1
                                                    },
                                                    {
                                                        "Worker Number": 2,
                                                        "Actual Startup Time": 204.759,
                                                        "Actual Total Time": 276.469,
                                                        "Actual Rows": 67058,
                                                        "Actual Loops": 1
                                                    },
                                                    {
                                                        "Worker Number": 3,
                                                        "Actual Startup Time": 204.67,
                                                        "Actual Total Time": 276.008,
                                                        "Actual Rows": 74597,
                                                        "Actual Loops": 1
                                                    },
                                                    {
                                                        "Worker Number": 4,
                                                        "Actual Startup Time": 204.65,
                                                        "Actual Total Time": 275.893,
                                                        "Actual Rows": 73840,
                                                        "Actual Loops": 1
                                                    }
                                                ],
                                                "Plans": [
                                                    {
                                                        "Node Type": "Seq Scan",
                                                        "Parent Relationship": "Outer",
                                                        "Parallel Aware": true,
                                                        "Relation Name": "movie_info_idx",
                                                        "Schema": "public",
                                                        "Alias": "mi_idx",
                                                        "Startup Cost": 0.0,
                                                        "Total Cost": 13685.15,
                                                        "Plan Rows": 575015,
                                                        "Plan Width": 4,
                                                        "Actual Startup Time": 0.015,
                                                        "Actual Total Time": 22.135,
                                                        "Actual Rows": 230006,
                                                        "Actual Loops": 6,
                                                        "Output": [
                                                            "mi_idx.id",
                                                            "mi_idx.movie_id",
                                                            "mi_idx.info_type_id",
                                                            "mi_idx.info",
                                                            "mi_idx.note"
                                                        ],
                                                        "Workers": [
                                                            {
                                                                "Worker Number": 0,
                                                                "Actual Startup Time": 0.023,
                                                                "Actual Total Time": 22.283,
                                                                "Actual Rows": 218435,
                                                                "Actual Loops": 1
                                                            },
                                                            {
                                                                "Worker Number": 1,
                                                                "Actual Startup Time": 0.017,
                                                                "Actual Total Time": 22.642,
                                                                "Actual Rows": 248721,
                                                                "Actual Loops": 1
                                                            },
                                                            {
                                                                "Worker Number": 2,
                                                                "Actual Startup Time": 0.015,
                                                                "Actual Total Time": 22.525,
                                                                "Actual Rows": 225162,
                                                                "Actual Loops": 1
                                                            },
                                                            {
                                                                "Worker Number": 3,
                                                                "Actual Startup Time": 0.012,
                                                                "Actual Total Time": 22.424,
                                                                "Actual Rows": 249416,
                                                                "Actual Loops": 1
                                                            },
                                                            {
                                                                "Worker Number": 4,
                                                                "Actual Startup Time": 0.013,
                                                                "Actual Total Time": 22.373,
                                                                "Actual Rows": 246986,
                                                                "Actual Loops": 1
                                                            }
                                                        ]
                                                    },
                                                    {
                                                        "Node Type": "Hash",
                                                        "Parent Relationship": "Inner",
                                                        "Parallel Aware": true,
                                                        "Startup Cost": 45479.21,
                                                        "Total Cost": 45479.21,
                                                        "Plan Rows": 333436,
                                                        "Plan Width": 4,
                                                        "Actual Startup Time": 201.391,
                                                        "Actual Total Time": 201.392,
                                                        "Actual Rows": 237502,
                                                        "Actual Loops": 6,
                                                        "Output": [
                                                            "t.id"
                                                        ],
                                                        "Hash Buckets": 2097152,
                                                        "Original Hash Buckets": 2097152,
                                                        "Hash Batches": 1,
                                                        "Original Hash Batches": 1,
                                                        "Peak Memory Usage": 72224,
                                                        "Workers": [
                                                            {
                                                                "Worker Number": 0,
                                                                "Actual Startup Time": 204.509,
                                                                "Actual Total Time": 204.51,
                                                                "Actual Rows": 214779,
                                                                "Actual Loops": 1
                                                            },
                                                            {
                                                                "Worker Number": 1,
                                                                "Actual Startup Time": 204.478,
                                                                "Actual Total Time": 204.479,
                                                                "Actual Rows": 250624,
                                                                "Actual Loops": 1
                                                            },
                                                            {
                                                                "Worker Number": 2,
                                                                "Actual Startup Time": 204.453,
                                                                "Actual Total Time": 204.454,
                                                                "Actual Rows": 216286,
                                                                "Actual Loops": 1
                                                            },
                                                            {
                                                                "Worker Number": 3,
                                                                "Actual Startup Time": 204.447,
                                                                "Actual Total Time": 204.448,
                                                                "Actual Rows": 244572,
                                                                "Actual Loops": 1
                                                            },
                                                            {
                                                                "Worker Number": 4,
                                                                "Actual Startup Time": 204.416,
                                                                "Actual Total Time": 204.417,
                                                                "Actual Rows": 239061,
                                                                "Actual Loops": 1
                                                            }
                                                        ],
                                                        "Plans": [
                                                            {
                                                                "Node Type": "Seq Scan",
                                                                "Parent Relationship": "Outer",
                                                                "Parallel Aware": true,
                                                                "Relation Name": "title",
                                                                "Schema": "public",
                                                                "Alias": "t",
                                                                "Startup Cost": 0.0,
                                                                "Total Cost": 45479.21,
                                                                "Plan Rows": 333436,
                                                                "Plan Width": 4,
                                                                "Actual Startup Time": 0.08,
                                                                "Actual Total Time": 85.392,
                                                                "Actual Rows": 237502,
                                                                "Actual Loops": 6,
                                                                "Output": [
                                                                    "t.id"
                                                                ],
                                                                "Filter": "((t.production_year > 1960) AND (t.kind_id = 7))",
                                                                "Rows Removed by Filter": 183883,
                                                                "Workers": [
                                                                    {
                                                                        "Worker Number": 0,
                                                                        "Actual Startup Time": 0.087,
                                                                        "Actual Total Time": 86.013,
                                                                        "Actual Rows": 214779,
                                                                        "Actual Loops": 1
                                                                    },
                                                                    {
                                                                        "Worker Number": 1,
                                                                        "Actual Startup Time": 0.095,
                                                                        "Actual Total Time": 86.599,
                                                                        "Actual Rows": 250624,
                                                                        "Actual Loops": 1
                                                                    },
                                                                    {
                                                                        "Worker Number": 2,
                                                                        "Actual Startup Time": 0.096,
                                                                        "Actual Total Time": 85.006,
                                                                        "Actual Rows": 216286,
                                                                        "Actual Loops": 1
                                                                    },
                                                                    {
                                                                        "Worker Number": 3,
                                                                        "Actual Startup Time": 0.098,
                                                                        "Actual Total Time": 86.881,
                                                                        "Actual Rows": 244572,
                                                                        "Actual Loops": 1
                                                                    },
                                                                    {
                                                                        "Worker Number": 4,
                                                                        "Actual Startup Time": 0.09,
                                                                        "Actual Total Time": 87.412,
                                                                        "Actual Rows": 239061,
                                                                        "Actual Loops": 1
                                                                    }
                                                                ]
                                                            }
                                                        ]
                                                    }
                                                ]
                                            }
                                        ]
                                    }
                                ]
                            }
                        ]
                    }
                ]
            }
        ]
    },
    "Planning Time": 1.56,
    "Triggers": [],
    "Execution Time": 960.607
}