[
  {
    "Plan": {
      "Node Type": "Aggregate",
      "Strategy": "Plain",
      "Partial Mode": "Finalize",
      "Parallel Aware": false,
      "Startup Cost": 47287.76,
      "Total Cost": 47287.77,
      "Plan Rows": 1,
      "Plan Width": 8,
      "Actual Startup Time": 173.411,
      "Actual Total Time": 180.851,
      "Actual Rows": 1,
      "Actual Loops": 1,
      "Plans": [
        {
          "Node Type": "Gather",
          "Parent Relationship": "Outer",
          "Parallel Aware": false,
          "Startup Cost": 47287.44,
          "Total Cost": 47287.75,
          "Plan Rows": 3,
          "Plan Width": 8,
          "Actual Startup Time": 173.277,
          "Actual Total Time": 180.843,
          "Actual Rows": 4,
          "Actual Loops": 1,
          "Workers Planned": 3,
          "Workers Launched": 3,
          "Single Copy": false,
          "Plans": [
            {
              "Node Type": "Aggregate",
              "Strategy": "Plain",
              "Partial Mode": "Partial",
              "Parent Relationship": "Outer",
              "Parallel Aware": false,
              "Startup Cost": 46287.44,
              "Total Cost": 46287.45,
              "Plan Rows": 1,
              "Plan Width": 8,
              "Actual Startup Time": 167.123,
              "Actual Total Time": 167.124,
              "Actual Rows": 1,
              "Actual Loops": 4,
              "Plans": [
                {
                  "Node Type": "Seq Scan",
                  "Parent Relationship": "Outer",
                  "Parallel Aware": true,
                  "Relation Name": "movie_keyword",
                  "Alias": "mk",
                  "Startup Cost": 0.0,
                  "Total Cost": 42695.65,
                  "Plan Rows": 1436715,
                  "Plan Width": 0,
                  "Actual Startup Time": 0.046,
                  "Actual Total Time": 118.011,
                  "Actual Rows": 1113478,
                  "Actual Loops": 4,
                  "Filter": "(keyword_id < 91207)",
                  "Rows Removed by Filter": 17504
                }
              ]
            }
          ]
        }
      ]
    },
    "Planning Time": 0.229,
    "Triggers": [],
    "Execution Time": 180.908
  }
]