[
  {
    "Plan": {
      "Node Type": "Aggregate",
      "Strategy": "Plain",
      "Partial Mode": "Finalize",
      "Parallel Aware": false,
      "Startup Cost": 33121.03,
      "Total Cost": 33121.04,
      "Plan Rows": 1,
      "Plan Width": 8,
      "Actual Startup Time": 97.166,
      "Actual Total Time": 105.482,
      "Actual Rows": 1,
      "Actual Loops": 1,
      "Plans": [
        {
          "Node Type": "Gather",
          "Parent Relationship": "Outer",
          "Parallel Aware": false,
          "Startup Cost": 33120.71,
          "Total Cost": 33121.02,
          "Plan Rows": 3,
          "Plan Width": 8,
          "Actual Startup Time": 97.056,
          "Actual Total Time": 105.472,
          "Actual Rows": 4,
          "Actual Loops": 1,
          "Workers Planned": 3,
          "Workers Launched": 3,
          "Single Copy": false,
          "Plans": [
            {
              "Node Type": "Aggregate",
              "Strategy": "Plain",
              "Partial Mode": "Partial",
              "Parent Relationship": "Outer",
              "Parallel Aware": false,
              "Startup Cost": 32120.71,
              "Total Cost": 32120.72,
              "Plan Rows": 1,
              "Plan Width": 8,
              "Actual Startup Time": 93.138,
              "Actual Total Time": 93.139,
              "Actual Rows": 1,
              "Actual Loops": 4,
              "Plans": [
                {
                  "Node Type": "Seq Scan",
                  "Parent Relationship": "Outer",
                  "Parallel Aware": true,
                  "Relation Name": "movie_companies",
                  "Alias": "mc",
                  "Startup Cost": 0.0,
                  "Total Cost": 31414.82,
                  "Plan Rows": 282357,
                  "Plan Width": 0,
                  "Actual Startup Time": 0.021,
                  "Actual Total Time": 77.208,
                  "Actual Rows": 299746,
                  "Actual Loops": 4,
                  "Filter": "((company_id < 29500) AND (company_type_id < 2))",
                  "Rows Removed by Filter": 352537
                }
              ]
            }
          ]
        }
      ]
    },
    "Planning Time": 0.27,
    "Triggers": [],
    "Execution Time": 105.54
  }
]