[
  {
    "Plan": {
      "Node Type": "Aggregate",
      "Strategy": "Plain",
      "Partial Mode": "Finalize",
      "Parallel Aware": false,
      "Startup Cost": 254548.11,
      "Total Cost": 254548.12,
      "Plan Rows": 1,
      "Plan Width": 8,
      "Actual Startup Time": 329.559,
      "Actual Total Time": 353.67,
      "Actual Rows": 1,
      "Actual Loops": 1,
      "Plans": [
        {
          "Node Type": "Gather",
          "Parent Relationship": "Outer",
          "Parallel Aware": false,
          "Startup Cost": 254547.48,
          "Total Cost": 254548.09,
          "Plan Rows": 6,
          "Plan Width": 8,
          "Actual Startup Time": 329.414,
          "Actual Total Time": 353.652,
          "Actual Rows": 7,
          "Actual Loops": 1,
          "Workers Planned": 6,
          "Workers Launched": 6,
          "Single Copy": false,
          "Plans": [
            {
              "Node Type": "Aggregate",
              "Strategy": "Plain",
              "Partial Mode": "Partial",
              "Parent Relationship": "Outer",
              "Parallel Aware": false,
              "Startup Cost": 253547.48,
              "Total Cost": 253547.49,
              "Plan Rows": 1,
              "Plan Width": 8,
              "Actual Startup Time": 322.039,
              "Actual Total Time": 322.041,
              "Actual Rows": 1,
              "Actual Loops": 7,
              "Plans": [
                {
                  "Node Type": "Index Scan",
                  "Parent Relationship": "Outer",
                  "Parallel Aware": true,
                  "Scan Direction": "Forward",
                  "Index Name": "role_id_cast_info",
                  "Relation Name": "cast_info",
                  "Alias": "ci",
                  "Startup Cost": 0.56,
                  "Total Cost": 253362.23,
                  "Plan Rows": 74103,
                  "Plan Width": 0,
                  "Actual Startup Time": 211.044,
                  "Actual Total Time": 309.286,
                  "Actual Rows": 232012,
                  "Actual Loops": 7,
                  "Index Cond": "(role_id > 4)",
                  "Rows Removed by Index Recheck": 0,
                  "Filter": "(person_id > 3740028)",
                  "Rows Removed by Filter": 1108660
                }
              ]
            }
          ]
        }
      ]
    },
    "Planning Time": 0.226,
    "Triggers": [],
    "Execution Time": 353.737
  }
]