[
  {
    "Plan": {
      "Node Type": "Aggregate",
      "Strategy": "Plain",
      "Partial Mode": "Finalize",
      "Parallel Aware": false,
      "Startup Cost": 45492.12,
      "Total Cost": 45492.13,
      "Plan Rows": 1,
      "Plan Width": 8,
      "Actual Startup Time": 151.682,
      "Actual Total Time": 160.873,
      "Actual Rows": 1,
      "Actual Loops": 1,
      "Plans": [
        {
          "Node Type": "Gather",
          "Parent Relationship": "Outer",
          "Parallel Aware": false,
          "Startup Cost": 45491.8,
          "Total Cost": 45492.11,
          "Plan Rows": 3,
          "Plan Width": 8,
          "Actual Startup Time": 151.539,
          "Actual Total Time": 160.865,
          "Actual Rows": 4,
          "Actual Loops": 1,
          "Workers Planned": 3,
          "Workers Launched": 3,
          "Single Copy": false,
          "Plans": [
            {
              "Node Type": "Aggregate",
              "Strategy": "Plain",
              "Partial Mode": "Partial",
              "Parent Relationship": "Outer",
              "Parallel Aware": false,
              "Startup Cost": 44491.8,
              "Total Cost": 44491.81,
              "Plan Rows": 1,
              "Plan Width": 8,
              "Actual Startup Time": 144.169,
              "Actual Total Time": 144.17,
              "Actual Rows": 1,
              "Actual Loops": 4,
              "Plans": [
                {
                  "Node Type": "Seq Scan",
                  "Parent Relationship": "Outer",
                  "Parallel Aware": true,
                  "Relation Name": "movie_keyword",
                  "Alias": "mk",
                  "Startup Cost": 0.0,
                  "Total Cost": 42695.65,
                  "Plan Rows": 718458,
                  "Plan Width": 0,
                  "Actual Startup Time": 0.757,
                  "Actual Total Time": 117.879,
                  "Actual Rows": 556692,
                  "Actual Loops": 4,
                  "Filter": "(keyword_id > 4919)",
                  "Rows Removed by Filter": 574290
                }
              ]
            }
          ]
        }
      ]
    },
    "Planning Time": 0.193,
    "Triggers": [],
    "Execution Time": 160.931
  }
]