[
  {
    "Plan": {
      "Node Type": "Aggregate",
      "Strategy": "Plain",
      "Partial Mode": "Finalize",
      "Parallel Aware": false,
      "Startup Cost": 351623.09,
      "Total Cost": 351623.1,
      "Plan Rows": 1,
      "Plan Width": 8,
      "Actual Startup Time": 817.613,
      "Actual Total Time": 864.088,
      "Actual Rows": 1,
      "Actual Loops": 1,
      "Plans": [
        {
          "Node Type": "Gather",
          "Parent Relationship": "Outer",
          "Parallel Aware": false,
          "Startup Cost": 351622.46,
          "Total Cost": 351623.07,
          "Plan Rows": 6,
          "Plan Width": 8,
          "Actual Startup Time": 817.428,
          "Actual Total Time": 864.074,
          "Actual Rows": 7,
          "Actual Loops": 1,
          "Workers Planned": 6,
          "Workers Launched": 6,
          "Single Copy": false,
          "Plans": [
            {
              "Node Type": "Aggregate",
              "Strategy": "Plain",
              "Partial Mode": "Partial",
              "Parent Relationship": "Outer",
              "Parallel Aware": false,
              "Startup Cost": 350622.46,
              "Total Cost": 350622.47,
              "Plan Rows": 1,
              "Plan Width": 8,
              "Actual Startup Time": 806.476,
              "Actual Total Time": 806.477,
              "Actual Rows": 1,
              "Actual Loops": 7,
              "Plans": [
                {
                  "Node Type": "Seq Scan",
                  "Parent Relationship": "Outer",
                  "Parallel Aware": true,
                  "Relation Name": "cast_info",
                  "Alias": "ci",
                  "Startup Cost": 0.0,
                  "Total Cost": 343316.27,
                  "Plan Rows": 2922476,
                  "Plan Width": 0,
                  "Actual Startup Time": 0.071,
                  "Actual Total Time": 672.766,
                  "Actual Rows": 2853000,
                  "Actual Loops": 7,
                  "Filter": "((person_id < 2130739) AND (role_id < 9))",
                  "Rows Removed by Filter": 2324763
                }
              ]
            }
          ]
        }
      ]
    },
    "Planning Time": 0.234,
    "Triggers": [],
    "Execution Time": 864.163
  }
]