[
  {
    "Plan": {
      "Node Type": "Aggregate",
      "Strategy": "Plain",
      "Partial Mode": "Finalize",
      "Parallel Aware": false,
      "Startup Cost": 117168.48,
      "Total Cost": 117168.49,
      "Plan Rows": 1,
      "Plan Width": 8,
      "Actual Startup Time": 689.545,
      "Actual Total Time": 714.955,
      "Actual Rows": 1,
      "Actual Loops": 1,
      "Plans": [
        {
          "Node Type": "Gather",
          "Parent Relationship": "Outer",
          "Parallel Aware": false,
          "Startup Cost": 117168.16,
          "Total Cost": 117168.47,
          "Plan Rows": 3,
          "Plan Width": 8,
          "Actual Startup Time": 669.225,
          "Actual Total Time": 714.946,
          "Actual Rows": 4,
          "Actual Loops": 1,
          "Workers Planned": 3,
          "Workers Launched": 3,
          "Single Copy": false,
          "Plans": [
            {
              "Node Type": "Aggregate",
              "Strategy": "Plain",
              "Partial Mode": "Partial",
              "Parent Relationship": "Outer",
              "Parallel Aware": false,
              "Startup Cost": 116168.16,
              "Total Cost": 116168.17,
              "Plan Rows": 1,
              "Plan Width": 8,
              "Actual Startup Time": 664.862,
              "Actual Total Time": 664.869,
              "Actual Rows": 1,
              "Actual Loops": 4,
              "Plans": [
                {
                  "Node Type": "Hash Join",
                  "Parent Relationship": "Outer",
                  "Parallel Aware": true,
                  "Join Type": "Inner",
                  "Startup Cost": 84913.39,
                  "Total Cost": 116023.62,
                  "Plan Rows": 57818,
                  "Plan Width": 0,
                  "Actual Startup Time": 578.06,
                  "Actual Total Time": 657.449,
                  "Actual Rows": 167429,
                  "Actual Loops": 4,
                  "Inner Unique": false,
                  "Hash Cond": "(mc.movie_id = t.id)",
                  "Plans": [
                    {
                      "Node Type": "Seq Scan",
                      "Parent Relationship": "Outer",
                      "Parallel Aware": true,
                      "Relation Name": "movie_companies",
                      "Alias": "mc",
                      "Startup Cost": 0.0,
                      "Total Cost": 29310.68,
                      "Plan Rows": 430142,
                      "Plan Width": 4,
                      "Actual Startup Time": 31.222,
                      "Actual Total Time": 70.084,
                      "Actual Rows": 333721,
                      "Actual Loops": 4,
                      "Filter": "(company_type_id = 2)",
                      "Rows Removed by Filter": 318562
                    },
                    {
                      "Node Type": "Hash",
                      "Parent Relationship": "Inner",
                      "Parallel Aware": true,
                      "Startup Cost": 83542.97,
                      "Total Cost": 83542.97,
                      "Plan Rows": 109634,
                      "Plan Width": 8,
                      "Actual Startup Time": 527.423,
                      "Actual Total Time": 527.428,
                      "Actual Rows": 84774,
                      "Actual Loops": 4,
                      "Hash Buckets": 524288,
                      "Original Hash Buckets": 524288,
                      "Hash Batches": 1,
                      "Original Hash Batches": 1,
                      "Peak Memory Usage": 17440,
                      "Plans": [
                        {
                          "Node Type": "Hash Join",
                          "Parent Relationship": "Outer",
                          "Parallel Aware": true,
                          "Join Type": "Inner",
                          "Startup Cost": 57430.76,
                          "Total Cost": 83542.97,
                          "Plan Rows": 109634,
                          "Plan Width": 8,
                          "Actual Startup Time": 412.93,
                          "Actual Total Time": 498.065,
                          "Actual Rows": 84774,
                          "Actual Loops": 4,
                          "Inner Unique": true,
                          "Hash Cond": "(mk.movie_id = t.id)",
                          "Plans": [
                            {
                              "Node Type": "Bitmap Heap Scan",
                              "Parent Relationship": "Outer",
                              "Parallel Aware": true,
                              "Relation Name": "movie_keyword",
                              "Alias": "mk",
                              "Startup Cost": 7210.38,
                              "Total Cost": 33034.8,
                              "Plan Rows": 109634,
                              "Plan Width": 4,
                              "Actual Startup Time": 34.395,
                              "Actual Total Time": 83.609,
                              "Actual Rows": 84774,
                              "Actual Loops": 4,
                              "Recheck Cond": "(keyword_id > 48808)",
                              "Rows Removed by Index Recheck": 0,
                              "Exact Heap Blocks": 6336,
                              "Lossy Heap Blocks": 0,
                              "Plans": [
                                {
                                  "Node Type": "Bitmap Index Scan",
                                  "Parent Relationship": "Outer",
                                  "Parallel Aware": false,
                                  "Index Name": "keyword_id_movie_keyword",
                                  "Startup Cost": 0.0,
                                  "Total Cost": 7125.41,
                                  "Plan Rows": 339864,
                                  "Plan Width": 0,
                                  "Actual Startup Time": 29.22,
                                  "Actual Total Time": 29.22,
                                  "Actual Rows": 339095,
                                  "Actual Loops": 1,
                                  "Index Cond": "(keyword_id > 48808)"
                                }
                              ]
                            },
                            {
                              "Node Type": "Hash",
                              "Parent Relationship": "Inner",
                              "Parallel Aware": true,
                              "Startup Cost": 42319.06,
                              "Total Cost": 42319.06,
                              "Plan Rows": 632106,
                              "Plan Width": 4,
                              "Actual Startup Time": 371.338,
                              "Actual Total Time": 371.339,
                              "Actual Rows": 632078,
                              "Actual Loops": 4,
                              "Hash Buckets": 4194304,
                              "Original Hash Buckets": 4194304,
                              "Hash Batches": 1,
                              "Original Hash Batches": 1,
                              "Peak Memory Usage": 131776,
                              "Plans": [
                                {
                                  "Node Type": "Seq Scan",
                                  "Parent Relationship": "Outer",
                                  "Parallel Aware": true,
                                  "Relation Name": "title",
                                  "Alias": "t",
                                  "Startup Cost": 0.0,
                                  "Total Cost": 42319.06,
                                  "Plan Rows": 632106,
                                  "Plan Width": 4,
                                  "Actual Startup Time": 0.038,
                                  "Actual Total Time": 105.325,
                                  "Actual Rows": 632078,
                                  "Actual Loops": 4
                                }
                              ]
                            }
                          ]
                        }
                      ]
                    }
                  ]
                }
              ]
            }
          ]
        }
      ]
    },
    "Planning Time": 0.739,
    "Triggers": [],
    "Execution Time": 715.006
  }
]