[
  {
    "Plan": {
      "Node Type": "Aggregate",
      "Strategy": "Plain",
      "Partial Mode": "Simple",
      "Parallel Aware": false,
      "Startup Cost": 20703.18,
      "Total Cost": 20703.19,
      "Plan Rows": 1,
      "Plan Width": 8,
      "Actual Startup Time": 32.197,
      "Actual Total Time": 32.198,
      "Actual Rows": 1,
      "Actual Loops": 1,
      "Plans": [
        {
          "Node Type": "Bitmap Heap Scan",
          "Parent Relationship": "Outer",
          "Parallel Aware": false,
          "Relation Name": "movie_companies",
          "Alias": "mc",
          "Startup Cost": 1132.03,
          "Total Cost": 20572.99,
          "Plan Rows": 52077,
          "Plan Width": 0,
          "Actual Startup Time": 6.932,
          "Actual Total Time": 26.322,
          "Actual Rows": 51415,
          "Actual Loops": 1,
          "Recheck Cond": "(company_id > 190352)",
          "Rows Removed by Index Recheck": 0,
          "Exact Heap Blocks": 1909,
          "Lossy Heap Blocks": 0,
          "Plans": [
            {
              "Node Type": "Bitmap Index Scan",
              "Parent Relationship": "Outer",
              "Parallel Aware": false,
              "Index Name": "company_id_movie_companies",
              "Startup Cost": 0.0,
              "Total Cost": 1119.01,
              "Plan Rows": 52077,
              "Plan Width": 0,
              "Actual Startup Time": 6.149,
              "Actual Total Time": 6.15,
              "Actual Rows": 51415,
              "Actual Loops": 1,
              "Index Cond": "(company_id > 190352)"
            }
          ]
        }
      ]
    },
    "Planning Time": 0.187,
    "Triggers": [],
    "Execution Time": 32.26
  }
]