[
  {
    "Plan": {
      "Node Type": "Aggregate",
      "Strategy": "Plain",
      "Partial Mode": "Finalize",
      "Parallel Aware": false,
      "Startup Cost": 79724.37,
      "Total Cost": 79724.38,
      "Plan Rows": 1,
      "Plan Width": 8,
      "Actual Startup Time": 289.834,
      "Actual Total Time": 305.581,
      "Actual Rows": 1,
      "Actual Loops": 1,
      "Plans": [
        {
          "Node Type": "Gather",
          "Parent Relationship": "Outer",
          "Parallel Aware": false,
          "Startup Cost": 79724.05,
          "Total Cost": 79724.36,
          "Plan Rows": 3,
          "Plan Width": 8,
          "Actual Startup Time": 286.612,
          "Actual Total Time": 305.57,
          "Actual Rows": 4,
          "Actual Loops": 1,
          "Workers Planned": 3,
          "Workers Launched": 3,
          "Single Copy": false,
          "Plans": [
            {
              "Node Type": "Aggregate",
              "Strategy": "Plain",
              "Partial Mode": "Partial",
              "Parent Relationship": "Outer",
              "Parallel Aware": false,
              "Startup Cost": 78724.05,
              "Total Cost": 78724.06,
              "Plan Rows": 1,
              "Plan Width": 8,
              "Actual Startup Time": 277.172,
              "Actual Total Time": 277.176,
              "Actual Rows": 1,
              "Actual Loops": 4,
              "Plans": [
                {
                  "Node Type": "Hash Join",
                  "Parent Relationship": "Outer",
                  "Parallel Aware": true,
                  "Join Type": "Inner",
                  "Startup Cost": 53087.31,
                  "Total Cost": 78659.86,
                  "Plan Rows": 25675,
                  "Plan Width": 0,
                  "Actual Startup Time": 204.808,
                  "Actual Total Time": 276.396,
                  "Actual Rows": 11637,
                  "Actual Loops": 4,
                  "Inner Unique": true,
                  "Hash Cond": "(mk.movie_id = t.id)",
                  "Plans": [
                    {
                      "Node Type": "Bitmap Heap Scan",
                      "Parent Relationship": "Outer",
                      "Parallel Aware": true,
                      "Relation Name": "movie_keyword",
                      "Alias": "mk",
                      "Startup Cost": 4865.17,
                      "Total Cost": 30243.6,
                      "Plan Rows": 73954,
                      "Plan Width": 4,
                      "Actual Startup Time": 18.158,
                      "Actual Total Time": 67.228,
                      "Actual Rows": 58972,
                      "Actual Loops": 4,
                      "Recheck Cond": "(keyword_id < 196)",
                      "Rows Removed by Index Recheck": 0,
                      "Exact Heap Blocks": 8314,
                      "Lossy Heap Blocks": 0,
                      "Plans": [
                        {
                          "Node Type": "Bitmap Index Scan",
                          "Parent Relationship": "Outer",
                          "Parallel Aware": false,
                          "Index Name": "keyword_id_movie_keyword",
                          "Startup Cost": 0.0,
                          "Total Cost": 4807.86,
                          "Plan Rows": 229257,
                          "Plan Width": 0,
                          "Actual Startup Time": 14.527,
                          "Actual Total Time": 14.527,
                          "Actual Rows": 235890,
                          "Actual Loops": 1,
                          "Index Cond": "(keyword_id < 196)"
                        }
                      ]
                    },
                    {
                      "Node Type": "Hash",
                      "Parent Relationship": "Inner",
                      "Parallel Aware": true,
                      "Startup Cost": 45479.1,
                      "Total Cost": 45479.1,
                      "Plan Rows": 219443,
                      "Plan Width": 4,
                      "Actual Startup Time": 181.35,
                      "Actual Total Time": 181.351,
                      "Actual Rows": 200584,
                      "Actual Loops": 4,
                      "Hash Buckets": 1048576,
                      "Original Hash Buckets": 1048576,
                      "Hash Batches": 1,
                      "Original Hash Batches": 1,
                      "Peak Memory Usage": 39616,
                      "Plans": [
                        {
                          "Node Type": "Seq Scan",
                          "Parent Relationship": "Outer",
                          "Parallel Aware": true,
                          "Relation Name": "title",
                          "Alias": "t",
                          "Startup Cost": 0.0,
                          "Total Cost": 45479.1,
                          "Plan Rows": 219443,
                          "Plan Width": 4,
                          "Actual Startup Time": 0.035,
                          "Actual Total Time": 106.642,
                          "Actual Rows": 200584,
                          "Actual Loops": 4,
                          "Filter": "((kind_id > 2) AND (production_year < 2004))",
                          "Rows Removed by Filter": 431494
                        }
                      ]
                    }
                  ]
                }
              ]
            }
          ]
        }
      ]
    },
    "Planning Time": 0.651,
    "Triggers": [],
    "Execution Time": 305.677
  }
]