[
  {
    "Plan": {
      "Node Type": "Aggregate",
      "Strategy": "Plain",
      "Partial Mode": "Finalize",
      "Parallel Aware": false,
      "Startup Cost": 47495.64,
      "Total Cost": 47495.65,
      "Plan Rows": 1,
      "Plan Width": 8,
      "Actual Startup Time": 117.856,
      "Actual Total Time": 129.829,
      "Actual Rows": 1,
      "Actual Loops": 1,
      "Plans": [
        {
          "Node Type": "Gather",
          "Parent Relationship": "Outer",
          "Parallel Aware": false,
          "Startup Cost": 47495.22,
          "Total Cost": 47495.63,
          "Plan Rows": 4,
          "Plan Width": 8,
          "Actual Startup Time": 117.725,
          "Actual Total Time": 129.82,
          "Actual Rows": 5,
          "Actual Loops": 1,
          "Workers Planned": 4,
          "Workers Launched": 4,
          "Single Copy": false,
          "Plans": [
            {
              "Node Type": "Aggregate",
              "Strategy": "Plain",
              "Partial Mode": "Partial",
              "Parent Relationship": "Outer",
              "Parallel Aware": false,
              "Startup Cost": 46495.22,
              "Total Cost": 46495.23,
              "Plan Rows": 1,
              "Plan Width": 8,
              "Actual Startup Time": 109.421,
              "Actual Total Time": 109.421,
              "Actual Rows": 1,
              "Actual Loops": 5,
              "Plans": [
                {
                  "Node Type": "Seq Scan",
                  "Parent Relationship": "Outer",
                  "Parallel Aware": true,
                  "Relation Name": "title",
                  "Alias": "t",
                  "Startup Cost": 0.0,
                  "Total Cost": 45479.1,
                  "Plan Rows": 406450,
                  "Plan Width": 0,
                  "Actual Startup Time": 0.035,
                  "Actual Total Time": 92.189,
                  "Actual Rows": 321759,
                  "Actual Loops": 5,
                  "Filter": "((kind_id > 3) AND (production_year > 0))",
                  "Rows Removed by Filter": 183904
                }
              ]
            }
          ]
        }
      ]
    },
    "Planning Time": 0.184,
    "Triggers": [],
    "Execution Time": 129.887
  }
]