[
  {
    "Plan": {
      "Node Type": "Aggregate",
      "Strategy": "Plain",
      "Partial Mode": "Finalize",
      "Parallel Aware": false,
      "Startup Cost": 45757.51,
      "Total Cost": 45757.52,
      "Plan Rows": 1,
      "Plan Width": 8,
      "Actual Startup Time": 148.218,
      "Actual Total Time": 154.997,
      "Actual Rows": 1,
      "Actual Loops": 1,
      "Plans": [
        {
          "Node Type": "Gather",
          "Parent Relationship": "Outer",
          "Parallel Aware": false,
          "Startup Cost": 45757.19,
          "Total Cost": 45757.5,
          "Plan Rows": 3,
          "Plan Width": 8,
          "Actual Startup Time": 148.092,
          "Actual Total Time": 154.99,
          "Actual Rows": 4,
          "Actual Loops": 1,
          "Workers Planned": 3,
          "Workers Launched": 3,
          "Single Copy": false,
          "Plans": [
            {
              "Node Type": "Aggregate",
              "Strategy": "Plain",
              "Partial Mode": "Partial",
              "Parent Relationship": "Outer",
              "Parallel Aware": false,
              "Startup Cost": 44757.19,
              "Total Cost": 44757.2,
              "Plan Rows": 1,
              "Plan Width": 8,
              "Actual Startup Time": 143.112,
              "Actual Total Time": 143.113,
              "Actual Rows": 1,
              "Actual Loops": 4,
              "Plans": [
                {
                  "Node Type": "Seq Scan",
                  "Parent Relationship": "Outer",
                  "Parallel Aware": true,
                  "Relation Name": "movie_keyword",
                  "Alias": "mk",
                  "Startup Cost": 0.0,
                  "Total Cost": 42695.65,
                  "Plan Rows": 824615,
                  "Plan Width": 0,
                  "Actual Startup Time": 0.208,
                  "Actual Total Time": 113.351,
                  "Actual Rows": 637502,
                  "Actual Loops": 4,
                  "Filter": "(keyword_id > 3460)",
                  "Rows Removed by Filter": 493480
                }
              ]
            }
          ]
        }
      ]
    },
    "Planning Time": 0.079,
    "Triggers": [],
    "Execution Time": 155.025
  }
]