[
  {
    "Plan": {
      "Node Type": "Aggregate",
      "Strategy": "Plain",
      "Partial Mode": "Finalize",
      "Parallel Aware": false,
      "Startup Cost": 32842.53,
      "Total Cost": 32842.54,
      "Plan Rows": 1,
      "Plan Width": 8,
      "Actual Startup Time": 85.201,
      "Actual Total Time": 93.036,
      "Actual Rows": 1,
      "Actual Loops": 1,
      "Plans": [
        {
          "Node Type": "Gather",
          "Parent Relationship": "Outer",
          "Parallel Aware": false,
          "Startup Cost": 32842.21,
          "Total Cost": 32842.52,
          "Plan Rows": 3,
          "Plan Width": 8,
          "Actual Startup Time": 85.1,
          "Actual Total Time": 93.029,
          "Actual Rows": 4,
          "Actual Loops": 1,
          "Workers Planned": 3,
          "Workers Launched": 3,
          "Single Copy": false,
          "Plans": [
            {
              "Node Type": "Aggregate",
              "Strategy": "Plain",
              "Partial Mode": "Partial",
              "Parent Relationship": "Outer",
              "Parallel Aware": false,
              "Startup Cost": 31842.21,
              "Total Cost": 31842.22,
              "Plan Rows": 1,
              "Plan Width": 8,
              "Actual Startup Time": 79.12,
              "Actual Total Time": 79.121,
              "Actual Rows": 1,
              "Actual Loops": 4,
              "Plans": [
                {
                  "Node Type": "Seq Scan",
                  "Parent Relationship": "Outer",
                  "Parallel Aware": true,
                  "Relation Name": "movie_companies",
                  "Alias": "mc",
                  "Startup Cost": 0.0,
                  "Total Cost": 31414.82,
                  "Plan Rows": 170957,
                  "Plan Width": 0,
                  "Actual Startup Time": 46.868,
                  "Actual Total Time": 75.764,
                  "Actual Rows": 79808,
                  "Actual Loops": 4,
                  "Filter": "((company_id < 6012) AND (company_type_id = 2))",
                  "Rows Removed by Filter": 572474
                }
              ]
            }
          ]
        }
      ]
    },
    "Planning Time": 0.179,
    "Triggers": [],
    "Execution Time": 93.083
  }
]