[
  {
    "Plan": {
      "Node Type": "Aggregate",
      "Strategy": "Plain",
      "Partial Mode": "Finalize",
      "Parallel Aware": false,
      "Startup Cost": 118252.36,
      "Total Cost": 118252.37,
      "Plan Rows": 1,
      "Plan Width": 8,
      "Actual Startup Time": 53.029,
      "Actual Total Time": 59.383,
      "Actual Rows": 1,
      "Actual Loops": 1,
      "Plans": [
        {
          "Node Type": "Gather",
          "Parent Relationship": "Outer",
          "Parallel Aware": false,
          "Startup Cost": 118251.94,
          "Total Cost": 118252.35,
          "Plan Rows": 4,
          "Plan Width": 8,
          "Actual Startup Time": 52.892,
          "Actual Total Time": 59.378,
          "Actual Rows": 5,
          "Actual Loops": 1,
          "Workers Planned": 4,
          "Workers Launched": 4,
          "Single Copy": false,
          "Plans": [
            {
              "Node Type": "Aggregate",
              "Strategy": "Plain",
              "Partial Mode": "Partial",
              "Parent Relationship": "Outer",
              "Parallel Aware": false,
              "Startup Cost": 117251.94,
              "Total Cost": 117251.95,
              "Plan Rows": 1,
              "Plan Width": 8,
              "Actual Startup Time": 43.249,
              "Actual Total Time": 43.251,
              "Actual Rows": 1,
              "Actual Loops": 5,
              "Plans": [
                {
                  "Node Type": "Nested Loop",
                  "Parent Relationship": "Outer",
                  "Parallel Aware": false,
                  "Join Type": "Inner",
                  "Startup Cost": 600.75,
                  "Total Cost": 117251.86,
                  "Plan Rows": 32,
                  "Plan Width": 0,
                  "Actual Startup Time": 0.973,
                  "Actual Total Time": 43.235,
                  "Actual Rows": 25,
                  "Actual Loops": 5,
                  "Inner Unique": true,
                  "Plans": [
                    {
                      "Node Type": "Bitmap Heap Scan",
                      "Parent Relationship": "Outer",
                      "Parallel Aware": true,
                      "Relation Name": "movie_info",
                      "Alias": "mi",
                      "Startup Cost": 600.32,
                      "Total Cost": 81898.52,
                      "Plan Rows": 8254,
                      "Plan Width": 4,
                      "Actual Startup Time": 0.757,
                      "Actual Total Time": 6.515,
                      "Actual Rows": 6411,
                      "Actual Loops": 5,
                      "Recheck Cond": "(info_type_id > 108)",
                      "Rows Removed by Index Recheck": 0,
                      "Exact Heap Blocks": 1838,
                      "Lossy Heap Blocks": 0,
                      "Plans": [
                        {
                          "Node Type": "Bitmap Index Scan",
                          "Parent Relationship": "Outer",
                          "Parallel Aware": false,
                          "Index Name": "info_type_id_movie_info",
                          "Startup Cost": 0.0,
                          "Total Cost": 592.06,
                          "Plan Rows": 33017,
                          "Plan Width": 0,
                          "Actual Startup Time": 2.424,
                          "Actual Total Time": 2.425,
                          "Actual Rows": 32053,
                          "Actual Loops": 1,
                          "Index Cond": "(info_type_id > 108)"
                        }
                      ]
                    },
                    {
                      "Node Type": "Index Scan",
                      "Parent Relationship": "Inner",
                      "Parallel Aware": false,
                      "Scan Direction": "Forward",
                      "Index Name": "title_pkey",
                      "Relation Name": "title",
                      "Alias": "t",
                      "Startup Cost": 0.43,
                      "Total Cost": 4.28,
                      "Plan Rows": 1,
                      "Plan Width": 4,
                      "Actual Startup Time": 0.005,
                      "Actual Total Time": 0.005,
                      "Actual Rows": 0,
                      "Actual Loops": 32053,
                      "Index Cond": "(id = mi.movie_id)",
                      "Rows Removed by Index Recheck": 0,
                      "Filter": "(production_year = 1959)",
                      "Rows Removed by Filter": 1
                    }
                  ]
                }
              ]
            }
          ]
        }
      ]
    },
    "Planning Time": 0.229,
    "Triggers": [],
    "Execution Time": 59.424
  }
]