[
  {
    "Plan": {
      "Node Type": "Aggregate",
      "Strategy": "Plain",
      "Partial Mode": "Finalize",
      "Parallel Aware": false,
      "Startup Cost": 170806.53,
      "Total Cost": 170806.54,
      "Plan Rows": 1,
      "Plan Width": 8,
      "Actual Startup Time": 62.662,
      "Actual Total Time": 67.871,
      "Actual Rows": 1,
      "Actual Loops": 1,
      "Plans": [
        {
          "Node Type": "Gather",
          "Parent Relationship": "Outer",
          "Parallel Aware": false,
          "Startup Cost": 170806.01,
          "Total Cost": 170806.52,
          "Plan Rows": 5,
          "Plan Width": 8,
          "Actual Startup Time": 62.305,
          "Actual Total Time": 67.85,
          "Actual Rows": 6,
          "Actual Loops": 1,
          "Workers Planned": 5,
          "Workers Launched": 5,
          "Single Copy": false,
          "Plans": [
            {
              "Node Type": "Aggregate",
              "Strategy": "Plain",
              "Partial Mode": "Partial",
              "Parent Relationship": "Outer",
              "Parallel Aware": false,
              "Startup Cost": 169806.01,
              "Total Cost": 169806.02,
              "Plan Rows": 1,
              "Plan Width": 8,
              "Actual Startup Time": 54.33,
              "Actual Total Time": 54.332,
              "Actual Rows": 1,
              "Actual Loops": 6,
              "Plans": [
                {
                  "Node Type": "Bitmap Heap Scan",
                  "Parent Relationship": "Outer",
                  "Parallel Aware": true,
                  "Relation Name": "movie_info",
                  "Alias": "mi",
                  "Startup Cost": 6701.03,
                  "Total Cost": 169620.68,
                  "Plan Rows": 74132,
                  "Plan Width": 0,
                  "Actual Startup Time": 14.593,
                  "Actual Total Time": 49.721,
                  "Actual Rows": 61370,
                  "Actual Loops": 6,
                  "Recheck Cond": "(info_type_id = 17)",
                  "Rows Removed by Index Recheck": 0,
                  "Exact Heap Blocks": 5207,
                  "Lossy Heap Blocks": 0,
                  "Plans": [
                    {
                      "Node Type": "Bitmap Index Scan",
                      "Parent Relationship": "Outer",
                      "Parallel Aware": false,
                      "Index Name": "info_type_id_movie_info",
                      "Startup Cost": 0.0,
                      "Total Cost": 6608.37,
                      "Plan Rows": 370658,
                      "Plan Width": 0,
                      "Actual Startup Time": 20.53,
                      "Actual Total Time": 20.53,
                      "Actual Rows": 368218,
                      "Actual Loops": 1,
                      "Index Cond": "(info_type_id = 17)"
                    }
                  ]
                }
              ]
            }
          ]
        }
      ]
    },
    "Planning Time": 0.076,
    "Triggers": [],
    "Execution Time": 67.902
  }
]