[
  {
    "Plan": {
      "Node Type": "Aggregate",
      "Strategy": "Plain",
      "Partial Mode": "Finalize",
      "Parallel Aware": false,
      "Startup Cost": 127276.79,
      "Total Cost": 127276.8,
      "Plan Rows": 1,
      "Plan Width": 8,
      "Actual Startup Time": 888.513,
      "Actual Total Time": 914.664,
      "Actual Rows": 1,
      "Actual Loops": 1,
      "Plans": [
        {
          "Node Type": "Gather",
          "Parent Relationship": "Outer",
          "Parallel Aware": false,
          "Startup Cost": 127276.47,
          "Total Cost": 127276.78,
          "Plan Rows": 3,
          "Plan Width": 8,
          "Actual Startup Time": 874.868,
          "Actual Total Time": 914.656,
          "Actual Rows": 4,
          "Actual Loops": 1,
          "Workers Planned": 3,
          "Workers Launched": 3,
          "Single Copy": false,
          "Plans": [
            {
              "Node Type": "Aggregate",
              "Strategy": "Plain",
              "Partial Mode": "Partial",
              "Parent Relationship": "Outer",
              "Parallel Aware": false,
              "Startup Cost": 126276.47,
              "Total Cost": 126276.48,
              "Plan Rows": 1,
              "Plan Width": 8,
              "Actual Startup Time": 866.844,
              "Actual Total Time": 866.963,
              "Actual Rows": 1,
              "Actual Loops": 4,
              "Plans": [
                {
                  "Node Type": "Hash Join",
                  "Parent Relationship": "Outer",
                  "Parallel Aware": true,
                  "Join Type": "Inner",
                  "Startup Cost": 94649.97,
                  "Total Cost": 125724.69,
                  "Plan Rows": 220712,
                  "Plan Width": 0,
                  "Actual Startup Time": 584.223,
                  "Actual Total Time": 822.227,
                  "Actual Rows": 1001612,
                  "Actual Loops": 4,
                  "Inner Unique": false,
                  "Hash Cond": "(mc.movie_id = t.id)",
                  "Plans": [
                    {
                      "Node Type": "Seq Scan",
                      "Parent Relationship": "Outer",
                      "Parallel Aware": true,
                      "Relation Name": "movie_companies",
                      "Alias": "mc",
                      "Startup Cost": 0.0,
                      "Total Cost": 27206.55,
                      "Plan Rows": 841655,
                      "Plan Width": 4,
                      "Actual Startup Time": 0.011,
                      "Actual Total Time": 56.878,
                      "Actual Rows": 652282,
                      "Actual Loops": 4
                    },
                    {
                      "Node Type": "Hash",
                      "Parent Relationship": "Inner",
                      "Parallel Aware": true,
                      "Startup Cost": 91976.41,
                      "Total Cost": 91976.41,
                      "Plan Rows": 213885,
                      "Plan Width": 8,
                      "Actual Startup Time": 579.83,
                      "Actual Total Time": 579.948,
                      "Actual Rows": 167416,
                      "Actual Loops": 4,
                      "Hash Buckets": 1048576,
                      "Original Hash Buckets": 1048576,
                      "Hash Batches": 1,
                      "Original Hash Batches": 1,
                      "Peak Memory Usage": 34464,
                      "Plans": [
                        {
                          "Node Type": "Hash Join",
                          "Parent Relationship": "Outer",
                          "Parallel Aware": true,
                          "Join Type": "Inner",
                          "Startup Cost": 64287.4,
                          "Total Cost": 91976.41,
                          "Plan Rows": 213885,
                          "Plan Width": 8,
                          "Actual Startup Time": 395.377,
                          "Actual Total Time": 517.12,
                          "Actual Rows": 167416,
                          "Actual Loops": 4,
                          "Inner Unique": true,
                          "Hash Cond": "(mk.movie_id = t.id)",
                          "Plans": [
                            {
                              "Node Type": "Bitmap Heap Scan",
                              "Parent Relationship": "Outer",
                              "Parallel Aware": true,
                              "Relation Name": "movie_keyword",
                              "Alias": "mk",
                              "Startup Cost": 14067.02,
                              "Total Cost": 41194.58,
                              "Plan Rows": 213885,
                              "Plan Width": 4,
                              "Actual Startup Time": 40.874,
                              "Actual Total Time": 95.137,
                              "Actual Rows": 167416,
                              "Actual Loops": 4,
                              "Recheck Cond": "(keyword_id < 527)",
                              "Rows Removed by Index Recheck": 0,
                              "Exact Heap Blocks": 6910,
                              "Lossy Heap Blocks": 0,
                              "Plans": [
                                {
                                  "Node Type": "Bitmap Index Scan",
                                  "Parent Relationship": "Outer",
                                  "Parallel Aware": false,
                                  "Index Name": "keyword_id_movie_keyword",
                                  "Startup Cost": 0.0,
                                  "Total Cost": 13901.26,
                                  "Plan Rows": 663043,
                                  "Plan Width": 0,
                                  "Actual Startup Time": 37.288,
                                  "Actual Total Time": 37.288,
                                  "Actual Rows": 669665,
                                  "Actual Loops": 1,
                                  "Index Cond": "(keyword_id < 527)"
                                }
                              ]
                            },
                            {
                              "Node Type": "Hash",
                              "Parent Relationship": "Inner",
                              "Parallel Aware": true,
                              "Startup Cost": 42319.06,
                              "Total Cost": 42319.06,
                              "Plan Rows": 632106,
                              "Plan Width": 4,
                              "Actual Startup Time": 346.333,
                              "Actual Total Time": 346.334,
                              "Actual Rows": 632078,
                              "Actual Loops": 4,
                              "Hash Buckets": 4194304,
                              "Original Hash Buckets": 4194304,
                              "Hash Batches": 1,
                              "Original Hash Batches": 1,
                              "Peak Memory Usage": 131712,
                              "Plans": [
                                {
                                  "Node Type": "Seq Scan",
                                  "Parent Relationship": "Outer",
                                  "Parallel Aware": true,
                                  "Relation Name": "title",
                                  "Alias": "t",
                                  "Startup Cost": 0.0,
                                  "Total Cost": 42319.06,
                                  "Plan Rows": 632106,
                                  "Plan Width": 4,
                                  "Actual Startup Time": 0.071,
                                  "Actual Total Time": 99.976,
                                  "Actual Rows": 632078,
                                  "Actual Loops": 4
                                }
                              ]
                            }
                          ]
                        }
                      ]
                    }
                  ]
                }
              ]
            }
          ]
        }
      ]
    },
    "Planning Time": 0.868,
    "Triggers": [],
    "Execution Time": 914.739
  }
]