[
  {
    "Plan": {
      "Node Type": "Aggregate",
      "Strategy": "Plain",
      "Partial Mode": "Finalize",
      "Parallel Aware": false,
      "Startup Cost": 77449.25,
      "Total Cost": 77449.26,
      "Plan Rows": 1,
      "Plan Width": 8,
      "Actual Startup Time": 257.195,
      "Actual Total Time": 273.489,
      "Actual Rows": 1,
      "Actual Loops": 1,
      "Plans": [
        {
          "Node Type": "Gather",
          "Parent Relationship": "Outer",
          "Parallel Aware": false,
          "Startup Cost": 77448.93,
          "Total Cost": 77449.24,
          "Plan Rows": 3,
          "Plan Width": 8,
          "Actual Startup Time": 255.614,
          "Actual Total Time": 273.481,
          "Actual Rows": 4,
          "Actual Loops": 1,
          "Workers Planned": 3,
          "Workers Launched": 3,
          "Single Copy": false,
          "Plans": [
            {
              "Node Type": "Aggregate",
              "Strategy": "Plain",
              "Partial Mode": "Partial",
              "Parent Relationship": "Outer",
              "Parallel Aware": false,
              "Startup Cost": 76448.93,
              "Total Cost": 76448.94,
              "Plan Rows": 1,
              "Plan Width": 8,
              "Actual Startup Time": 246.907,
              "Actual Total Time": 246.909,
              "Actual Rows": 1,
              "Actual Loops": 4,
              "Plans": [
                {
                  "Node Type": "Hash Join",
                  "Parent Relationship": "Outer",
                  "Parallel Aware": true,
                  "Join Type": "Inner",
                  "Startup Cost": 45952.49,
                  "Total Cost": 76384.92,
                  "Plan Rows": 25604,
                  "Plan Width": 0,
                  "Actual Startup Time": 190.298,
                  "Actual Total Time": 244.081,
                  "Actual Rows": 68666,
                  "Actual Loops": 4,
                  "Inner Unique": true,
                  "Hash Cond": "(mc.movie_id = t.id)",
                  "Plans": [
                    {
                      "Node Type": "Seq Scan",
                      "Parent Relationship": "Outer",
                      "Parallel Aware": true,
                      "Relation Name": "movie_companies",
                      "Alias": "mc",
                      "Startup Cost": 0.0,
                      "Total Cost": 29310.68,
                      "Plan Rows": 427336,
                      "Plan Width": 4,
                      "Actual Startup Time": 29.13,
                      "Actual Total Time": 64.89,
                      "Actual Rows": 333721,
                      "Actual Loops": 4,
                      "Filter": "(company_type_id > 1)",
                      "Rows Removed by Filter": 318562
                    },
                    {
                      "Node Type": "Hash",
                      "Parent Relationship": "Inner",
                      "Parallel Aware": true,
                      "Startup Cost": 45479.1,
                      "Total Cost": 45479.1,
                      "Plan Rows": 37871,
                      "Plan Width": 4,
                      "Actual Startup Time": 126.357,
                      "Actual Total Time": 126.358,
                      "Actual Rows": 72912,
                      "Actual Loops": 4,
                      "Hash Buckets": 524288,
                      "Original Hash Buckets": 262144,
                      "Hash Batches": 1,
                      "Original Hash Batches": 1,
                      "Peak Memory Usage": 17600,
                      "Plans": [
                        {
                          "Node Type": "Seq Scan",
                          "Parent Relationship": "Outer",
                          "Parallel Aware": true,
                          "Relation Name": "title",
                          "Alias": "t",
                          "Startup Cost": 0.0,
                          "Total Cost": 45479.1,
                          "Plan Rows": 37871,
                          "Plan Width": 4,
                          "Actual Startup Time": 59.883,
                          "Actual Total Time": 98.663,
                          "Actual Rows": 72912,
                          "Actual Loops": 4,
                          "Filter": "((production_year < 1985) AND (kind_id = 1))",
                          "Rows Removed by Filter": 559166
                        }
                      ]
                    }
                  ]
                }
              ]
            }
          ]
        }
      ]
    },
    "Planning Time": 0.661,
    "Triggers": [],
    "Execution Time": 273.559
  }
]