{
  "Plan": {
    "Node Type": "Aggregate",
    "Strategy": "Plain",
    "Partial Mode": "Finalize",
    "Parallel Aware": false,
    "Startup Cost": 8780227.44,
    "Total Cost": 8780227.45,
    "Plan Rows": 1,
    "Plan Width": 64,
    "Actual Startup Time": 89598.915,
    "Actual Total Time": 89889.398,
    "Actual Rows": 1,
    "Actual Loops": 1,
    "Plans": [
      {
        "Node Type": "Gather",
        "Parent Relationship": "Outer",
        "Parallel Aware": false,
        "Startup Cost": 8780227.33,
        "Total Cost": 8780227.44,
        "Plan Rows": 1,
        "Plan Width": 64,
        "Actual Startup Time": 89598.906,
        "Actual Total Time": 89889.389,
        "Actual Rows": 1,
        "Actual Loops": 1,
        "Workers Planned": 1,
        "Workers Launched": 0,
        "Single Copy": false,
        "Plans": [
          {
            "Node Type": "Aggregate",
            "Strategy": "Plain",
            "Partial Mode": "Partial",
            "Parent Relationship": "Outer",
            "Parallel Aware": false,
            "Startup Cost": 8779227.33,
            "Total Cost": 8779227.34,
            "Plan Rows": 1,
            "Plan Width": 64,
            "Actual Startup Time": 89597.912,
            "Actual Total Time": 89597.927,
            "Actual Rows": 1,
            "Actual Loops": 1,
            "Plans": [
              {
                "Node Type": "Hash Join",
                "Parent Relationship": "Outer",
                "Parallel Aware": true,
                "Join Type": "Inner",
                "Startup Cost": 7861057.61,
                "Total Cost": 8759741.16,
                "Plan Rows": 3897234,
                "Plan Width": 33,
                "Actual Startup Time": 76898.734,
                "Actual Total Time": 89379.602,
                "Actual Rows": 2487611,
                "Actual Loops": 1,
                "Inner Unique": true,
                "Hash Cond": "(ci.movie_id = t.id)",
                "Plans": [
                  {
                    "Node Type": "Hash Join",
                    "Parent Relationship": "Outer",
                    "Parallel Aware": false,
                    "Join Type": "Inner",
                    "Startup Cost": 7791595.18,
                    "Total Cost": 8680048.47,
                    "Plan Rows": 3897234,
                    "Plan Width": 24,
                    "Actual Startup Time": 75734.213,
                    "Actual Total Time": 87581.217,
                    "Actual Rows": 2487611,
                    "Actual Loops": 1,
                    "Inner Unique": true,
                    "Hash Cond": "(ci.role_id = rt.id)",
                    "Plans": [
                      {
                        "Node Type": "Merge Join",
                        "Parent Relationship": "Outer",
                        "Parallel Aware": false,
                        "Join Type": "Inner",
                        "Startup Cost": 7791594.02,
                        "Total Cost": 8513927.7,
                        "Plan Rows": 46766809,
                        "Plan Width": 28,
                        "Actual Startup Time": 75734.115,
                        "Actual Total Time": 85035.095,
                        "Actual Rows": 41307596,
                        "Actual Loops": 1,
                        "Inner Unique": true,
                        "Merge Cond": "(a1.person_id = n1.id)",
                        "Plans": [
                          {
                            "Node Type": "Sort",
                            "Parent Relationship": "Outer",
                            "Parallel Aware": false,
                            "Startup Cost": 7236063.94,
                            "Total Cost": 7352980.96,
                            "Plan Rows": 46766809,
                            "Plan Width": 36,
                            "Actual Startup Time": 73927.202,
                            "Actual Total Time": 77454.763,
                            "Actual Rows": 41307596,
                            "Actual Loops": 1,
                            "Sort Key": [
                              "ci.person_id"
                            ],
                            "Sort Method": "external merge",
                            "Sort Space Used": 1952160,
                            "Sort Space Type": "Disk",
                            "Plans": [
                              {
                                "Node Type": "Hash Join",
                                "Parent Relationship": "Outer",
                                "Parallel Aware": true,
                                "Join Type": "Inner",
                                "Startup Cost": 761165.58,
                                "Total Cost": 1278210.6,
                                "Plan Rows": 46766809,
                                "Plan Width": 36,
                                "Actual Startup Time": 19444.656,
                                "Actual Total Time": 42284.658,
                                "Actual Rows": 41307596,
                                "Actual Loops": 1,
                                "Inner Unique": false,
                                "Hash Cond": "(ci.person_id = a1.person_id)",
                                "Plans": [
                                  {
                                    "Node Type": "Hash Join",
                                    "Parent Relationship": "Outer",
                                    "Parallel Aware": true,
                                    "Join Type": "Inner",
                                    "Startup Cost": 737840.04,
                                    "Total Cost": 906696.48,
                                    "Plan Rows": 19490551,
                                    "Plan Width": 16,
                                    "Actual Startup Time": 19135.019,
                                    "Actual Total Time": 29206.401,
                                    "Actual Rows": 32289229,
                                    "Actual Loops": 1,
                                    "Inner Unique": false,
                                    "Hash Cond": "(mc.movie_id = ci.movie_id)",
                                    "Plans": [
                                      {
                                        "Node Type": "Hash Join",
                                        "Parent Relationship": "Outer",
                                        "Parallel Aware": true,
                                        "Join Type": "Inner",
                                        "Startup Cost": 5351.02,
                                        "Total Cost": 43517.72,
                                        "Plan Rows": 557891,
                                        "Plan Width": 4,
                                        "Actual Startup Time": 41.916,
                                        "Actual Total Time": 1193.449,
                                        "Actual Rows": 1153798,
                                        "Actual Loops": 1,
                                        "Inner Unique": true,
                                        "Hash Cond": "(mc.company_id = cn.id)",
                                        "Plans": [
                                          {
                                            "Node Type": "Seq Scan",
                                            "Parent Relationship": "Outer",
                                            "Parallel Aware": true,
                                            "Relation Name": "movie_companies",
                                            "Alias": "mc",
                                            "Startup Cost": 0.0,
                                            "Total Cost": 34137.82,
                                            "Plan Rows": 1534782,
                                            "Plan Width": 8,
                                            "Actual Startup Time": 0.007,
                                            "Actual Total Time": 344.798,
                                            "Actual Rows": 2609129,
                                            "Actual Loops": 1
                                          },
                                          {
                                            "Node Type": "Hash",
                                            "Parent Relationship": "Inner",
                                            "Parallel Aware": true,
                                            "Startup Cost": 4722.92,
                                            "Total Cost": 4722.92,
                                            "Plan Rows": 50248,
                                            "Plan Width": 4,
                                            "Actual Startup Time": 41.347,
                                            "Actual Total Time": 41.348,
                                            "Actual Rows": 84843,
                                            "Actual Loops": 1,
                                            "Hash Buckets": 131072,
                                            "Original Hash Buckets": 131072,
                                            "Hash Batches": 1,
                                            "Original Hash Batches": 1,
                                            "Peak Memory Usage": 4352,
                                            "Plans": [
                                              {
                                                "Node Type": "Seq Scan",
                                                "Parent Relationship": "Outer",
                                                "Parallel Aware": true,
                                                "Relation Name": "company_name",
                                                "Alias": "cn",
                                                "Startup Cost": 0.0,
                                                "Total Cost": 4722.92,
                                                "Plan Rows": 50248,
                                                "Plan Width": 4,
                                                "Actual Startup Time": 0.016,
                                                "Actual Total Time": 26.98,
                                                "Actual Rows": 84843,
                                                "Actual Loops": 1,
                                                "Filter": "((country_code)::text = '[us]'::text)",
                                                "Rows Removed by Filter": 150154
                                              }
                                            ]
                                          }
                                        ]
                                      },
                                      {
                                        "Node Type": "Hash",
                                        "Parent Relationship": "Inner",
                                        "Parallel Aware": true,
                                        "Startup Cost": 465932.34,
                                        "Total Cost": 465932.34,
                                        "Plan Rows": 21324534,
                                        "Plan Width": 12,
                                        "Actual Startup Time": 18657.666,
                                        "Actual Total Time": 18657.667,
                                        "Actual Rows": 36244344,
                                        "Actual Loops": 1,
                                        "Hash Buckets": 67108864,
                                        "Original Hash Buckets": 67108864,
                                        "Hash Batches": 1,
                                        "Original Hash Batches": 1,
                                        "Peak Memory Usage": 2224928,
                                        "Plans": [
                                          {
                                            "Node Type": "Seq Scan",
                                            "Parent Relationship": "Outer",
                                            "Parallel Aware": true,
                                            "Relation Name": "cast_info",
                                            "Alias": "ci",
                                            "Startup Cost": 0.0,
                                            "Total Cost": 465932.34,
                                            "Plan Rows": 21324534,
                                            "Plan Width": 12,
                                            "Actual Startup Time": 0.012,
                                            "Actual Total Time": 4368.791,
                                            "Actual Rows": 36244344,
                                            "Actual Loops": 1
                                          }
                                        ]
                                      }
                                    ]
                                  },
                                  {
                                    "Node Type": "Hash",
                                    "Parent Relationship": "Inner",
                                    "Parallel Aware": true,
                                    "Startup Cost": 16698.02,
                                    "Total Cost": 16698.02,
                                    "Plan Rows": 530202,
                                    "Plan Width": 20,
                                    "Actual Startup Time": 305.541,
                                    "Actual Total Time": 305.542,
                                    "Actual Rows": 901343,
                                    "Actual Loops": 1,
                                    "Hash Buckets": 1048576,
                                    "Original Hash Buckets": 1048576,
                                    "Hash Batches": 1,
                                    "Original Hash Batches": 1,
                                    "Peak Memory Usage": 58016,
                                    "Plans": [
                                      {
                                        "Node Type": "Seq Scan",
                                        "Parent Relationship": "Outer",
                                        "Parallel Aware": true,
                                        "Relation Name": "aka_name",
                                        "Alias": "a1",
                                        "Startup Cost": 0.0,
                                        "Total Cost": 16698.02,
                                        "Plan Rows": 530202,
                                        "Plan Width": 20,
                                        "Actual Startup Time": 0.007,
                                        "Actual Total Time": 97.604,
                                        "Actual Rows": 901343,
                                        "Actual Loops": 1
                                      }
                                    ]
                                  }
                                ]
                              }
                            ]
                          },
                          {
                            "Node Type": "Sort",
                            "Parent Relationship": "Inner",
                            "Parallel Aware": false,
                            "Startup Cost": 555530.06,
                            "Total Cost": 565949.0,
                            "Plan Rows": 4167577,
                            "Plan Width": 4,
                            "Actual Startup Time": 1806.895,
                            "Actual Total Time": 2113.57,
                            "Actual Rows": 4061913,
                            "Actual Loops": 1,
                            "Sort Key": [
                              "n1.id"
                            ],
                            "Sort Method": "quicksort",
                            "Sort Space Used": 293656,
                            "Sort Space Type": "Memory",
                            "Plans": [
                              {
                                "Node Type": "Seq Scan",
                                "Parent Relationship": "Outer",
                                "Parallel Aware": false,
                                "Relation Name": "name",
                                "Alias": "n1",
                                "Startup Cost": 0.0,
                                "Total Cost": 97288.77,
                                "Plan Rows": 4167577,
                                "Plan Width": 4,
                                "Actual Startup Time": 0.022,
                                "Actual Total Time": 586.622,
                                "Actual Rows": 4167491,
                                "Actual Loops": 1
                              }
                            ]
                          }
                        ]
                      },
                      {
                        "Node Type": "Hash",
                        "Parent Relationship": "Inner",
                        "Parallel Aware": false,
                        "Startup Cost": 1.15,
                        "Total Cost": 1.15,
                        "Plan Rows": 1,
                        "Plan Width": 4,
                        "Actual Startup Time": 0.022,
                        "Actual Total Time": 0.022,
                        "Actual Rows": 1,
                        "Actual Loops": 1,
                        "Hash Buckets": 1024,
                        "Original Hash Buckets": 1024,
                        "Hash Batches": 1,
                        "Original Hash Batches": 1,
                        "Peak Memory Usage": 9,
                        "Plans": [
                          {
                            "Node Type": "Seq Scan",
                            "Parent Relationship": "Outer",
                            "Parallel Aware": false,
                            "Relation Name": "role_type",
                            "Alias": "rt",
                            "Startup Cost": 0.0,
                            "Total Cost": 1.15,
                            "Plan Rows": 1,
                            "Plan Width": 4,
                            "Actual Startup Time": 0.018,
                            "Actual Total Time": 0.019,
                            "Actual Rows": 1,
                            "Actual Loops": 1,
                            "Filter": "((role)::text = 'writer'::text)",
                            "Rows Removed by Filter": 11
                          }
                        ]
                      }
                    ]
                  },
                  {
                    "Node Type": "Hash",
                    "Parent Relationship": "Inner",
                    "Parallel Aware": true,
                    "Startup Cost": 50871.08,
                    "Total Cost": 50871.08,
                    "Plan Rows": 1487308,
                    "Plan Width": 21,
                    "Actual Startup Time": 1121.233,
                    "Actual Total Time": 1121.233,
                    "Actual Rows": 2528312,
                    "Actual Loops": 1,
                    "Hash Buckets": 4194304,
                    "Original Hash Buckets": 4194304,
                    "Hash Batches": 1,
                    "Original Hash Batches": 1,
                    "Peak Memory Usage": 174752,
                    "Plans": [
                      {
                        "Node Type": "Seq Scan",
                        "Parent Relationship": "Outer",
                        "Parallel Aware": true,
                        "Relation Name": "title",
                        "Alias": "t",
                        "Startup Cost": 0.0,
                        "Total Cost": 50871.08,
                        "Plan Rows": 1487308,
                        "Plan Width": 21,
                        "Actual Startup Time": 0.013,
                        "Actual Total Time": 283.861,
                        "Actual Rows": 2528312,
                        "Actual Loops": 1
                      }
                    ]
                  }
                ]
              }
            ]
          }
        ]
      }
    ]
  },
  "Planning Time": 1.778,
  "Triggers": [],
  "Execution Time": 90144.134
}