[
  {
    "Plan": {
      "Node Type": "Aggregate",
      "Strategy": "Plain",
      "Partial Mode": "Finalize",
      "Parallel Aware": false,
      "Startup Cost": 26744.41,
      "Total Cost": 26744.42,
      "Plan Rows": 1,
      "Plan Width": 8,
      "Actual Startup Time": 61.614,
      "Actual Total Time": 65.685,
      "Actual Rows": 1,
      "Actual Loops": 1,
      "Plans": [
        {
          "Node Type": "Gather",
          "Parent Relationship": "Outer",
          "Parallel Aware": false,
          "Startup Cost": 26744.1,
          "Total Cost": 26744.41,
          "Plan Rows": 3,
          "Plan Width": 8,
          "Actual Startup Time": 61.408,
          "Actual Total Time": 65.678,
          "Actual Rows": 4,
          "Actual Loops": 1,
          "Workers Planned": 3,
          "Workers Launched": 3,
          "Single Copy": false,
          "Plans": [
            {
              "Node Type": "Aggregate",
              "Strategy": "Plain",
              "Partial Mode": "Partial",
              "Parent Relationship": "Outer",
              "Parallel Aware": false,
              "Startup Cost": 25744.1,
              "Total Cost": 25744.11,
              "Plan Rows": 1,
              "Plan Width": 8,
              "Actual Startup Time": 56.656,
              "Actual Total Time": 56.657,
              "Actual Rows": 1,
              "Actual Loops": 4,
              "Plans": [
                {
                  "Node Type": "Bitmap Heap Scan",
                  "Parent Relationship": "Outer",
                  "Parallel Aware": true,
                  "Relation Name": "movie_companies",
                  "Alias": "mc",
                  "Startup Cost": 5685.04,
                  "Total Cost": 25532.59,
                  "Plan Rows": 84604,
                  "Plan Width": 0,
                  "Actual Startup Time": 22.215,
                  "Actual Total Time": 51.602,
                  "Actual Rows": 65070,
                  "Actual Loops": 4,
                  "Recheck Cond": "(company_id > 99329)",
                  "Rows Removed by Index Recheck": 0,
                  "Exact Heap Blocks": 2691,
                  "Lossy Heap Blocks": 0,
                  "Plans": [
                    {
                      "Node Type": "Bitmap Index Scan",
                      "Parent Relationship": "Outer",
                      "Parallel Aware": false,
                      "Index Name": "company_id_movie_companies",
                      "Startup Cost": 0.0,
                      "Total Cost": 5619.47,
                      "Plan Rows": 262272,
                      "Plan Width": 0,
                      "Actual Startup Time": 25.263,
                      "Actual Total Time": 25.263,
                      "Actual Rows": 260280,
                      "Actual Loops": 1,
                      "Index Cond": "(company_id > 99329)"
                    }
                  ]
                }
              ]
            }
          ]
        }
      ]
    },
    "Planning Time": 0.141,
    "Triggers": [],
    "Execution Time": 65.751
  }
]