[
  {
    "Plan": {
      "Node Type": "Aggregate",
      "Strategy": "Plain",
      "Partial Mode": "Finalize",
      "Parallel Aware": false,
      "Startup Cost": 34733.01,
      "Total Cost": 34733.02,
      "Plan Rows": 1,
      "Plan Width": 8,
      "Actual Startup Time": 104.656,
      "Actual Total Time": 112.533,
      "Actual Rows": 1,
      "Actual Loops": 1,
      "Plans": [
        {
          "Node Type": "Gather",
          "Parent Relationship": "Outer",
          "Parallel Aware": false,
          "Startup Cost": 34732.69,
          "Total Cost": 34733.0,
          "Plan Rows": 3,
          "Plan Width": 8,
          "Actual Startup Time": 104.253,
          "Actual Total Time": 112.525,
          "Actual Rows": 4,
          "Actual Loops": 1,
          "Workers Planned": 3,
          "Workers Launched": 3,
          "Single Copy": false,
          "Plans": [
            {
              "Node Type": "Aggregate",
              "Strategy": "Plain",
              "Partial Mode": "Partial",
              "Parent Relationship": "Outer",
              "Parallel Aware": false,
              "Startup Cost": 33732.69,
              "Total Cost": 33732.7,
              "Plan Rows": 1,
              "Plan Width": 8,
              "Actual Startup Time": 97.08,
              "Actual Total Time": 97.081,
              "Actual Rows": 1,
              "Actual Loops": 4,
              "Plans": [
                {
                  "Node Type": "Bitmap Heap Scan",
                  "Parent Relationship": "Outer",
                  "Parallel Aware": true,
                  "Relation Name": "movie_keyword",
                  "Alias": "mk",
                  "Startup Cost": 7555.85,
                  "Total Cost": 33445.55,
                  "Plan Rows": 114856,
                  "Plan Width": 0,
                  "Actual Startup Time": 26.289,
                  "Actual Total Time": 91.651,
                  "Actual Rows": 88495,
                  "Actual Loops": 4,
                  "Recheck Cond": "(keyword_id < 315)",
                  "Rows Removed by Index Recheck": 0,
                  "Exact Heap Blocks": 11006,
                  "Lossy Heap Blocks": 0,
                  "Plans": [
                    {
                      "Node Type": "Bitmap Index Scan",
                      "Parent Relationship": "Outer",
                      "Parallel Aware": false,
                      "Index Name": "keyword_id_movie_keyword",
                      "Startup Cost": 0.0,
                      "Total Cost": 7466.84,
                      "Plan Rows": 356054,
                      "Plan Width": 0,
                      "Actual Startup Time": 29.127,
                      "Actual Total Time": 29.128,
                      "Actual Rows": 353979,
                      "Actual Loops": 1,
                      "Index Cond": "(keyword_id < 315)"
                    }
                  ]
                }
              ]
            }
          ]
        }
      ]
    },
    "Planning Time": 0.11,
    "Triggers": [],
    "Execution Time": 112.579
  }
]