[
    {
        "Bao": {
            "Bao prediction": "NaN",
            "Bao recommended hint": "(no hint)"
        }
    },
    {
        "Plan": {
            "Node Type": "Aggregate",
            "Strategy": "Plain",
            "Partial Mode": "Finalize",
            "Parallel Aware": false,
            "Startup Cost": 90227.97,
            "Total Cost": 90227.98,
            "Plan Rows": 1,
            "Plan Width": 8,
            "Actual Startup Time": 277.522,
            "Actual Total Time": 290.724,
            "Actual Rows": 1,
            "Actual Loops": 1,
            "Output": [
                "count(*)"
            ],
            "Plans": [
                {
                    "Node Type": "Gather",
                    "Parent Relationship": "Outer",
                    "Parallel Aware": false,
                    "Startup Cost": 90227.65,
                    "Total Cost": 90227.96,
                    "Plan Rows": 3,
                    "Plan Width": 8,
                    "Actual Startup Time": 276.492,
                    "Actual Total Time": 290.716,
                    "Actual Rows": 4,
                    "Actual Loops": 1,
                    "Output": [
                        "(PARTIAL count(*))"
                    ],
                    "Workers Planned": 3,
                    "Workers Launched": 3,
                    "Single Copy": false,
                    "Plans": [
                        {
                            "Node Type": "Aggregate",
                            "Strategy": "Plain",
                            "Partial Mode": "Partial",
                            "Parent Relationship": "Outer",
                            "Parallel Aware": false,
                            "Startup Cost": 89227.65,
                            "Total Cost": 89227.66,
                            "Plan Rows": 1,
                            "Plan Width": 8,
                            "Actual Startup Time": 267.984,
                            "Actual Total Time": 267.988,
                            "Actual Rows": 1,
                            "Actual Loops": 4,
                            "Output": [
                                "PARTIAL count(*)"
                            ],
                            "Workers": [
                                {
                                    "Worker Number": 0,
                                    "Actual Startup Time": 264.788,
                                    "Actual Total Time": 264.791,
                                    "Actual Rows": 1,
                                    "Actual Loops": 1
                                },
                                {
                                    "Worker Number": 1,
                                    "Actual Startup Time": 265.46,
                                    "Actual Total Time": 265.463,
                                    "Actual Rows": 1,
                                    "Actual Loops": 1
                                },
                                {
                                    "Worker Number": 2,
                                    "Actual Startup Time": 265.55,
                                    "Actual Total Time": 265.552,
                                    "Actual Rows": 1,
                                    "Actual Loops": 1
                                }
                            ],
                            "Plans": [
                                {
                                    "Node Type": "Hash Join",
                                    "Parent Relationship": "Outer",
                                    "Parallel Aware": true,
                                    "Join Type": "Inner",
                                    "Startup Cost": 45120.48,
                                    "Total Cost": 89046.5,
                                    "Plan Rows": 72462,
                                    "Plan Width": 0,
                                    "Actual Startup Time": 128.649,
                                    "Actual Total Time": 266.624,
                                    "Actual Rows": 25777,
                                    "Actual Loops": 4,
                                    "Inner Unique": true,
                                    "Hash Cond": "(mk.movie_id = t.id)",
                                    "Workers": [
                                        {
                                            "Worker Number": 0,
                                            "Actual Startup Time": 125.521,
                                            "Actual Total Time": 263.454,
                                            "Actual Rows": 26932,
                                            "Actual Loops": 1
                                        },
                                        {
                                            "Worker Number": 1,
                                            "Actual Startup Time": 126.203,
                                            "Actual Total Time": 264.091,
                                            "Actual Rows": 27724,
                                            "Actual Loops": 1
                                        },
                                        {
                                            "Worker Number": 2,
                                            "Actual Startup Time": 126.272,
                                            "Actual Total Time": 264.218,
                                            "Actual Rows": 26786,
                                            "Actual Loops": 1
                                        }
                                    ],
                                    "Plans": [
                                        {
                                            "Node Type": "Seq Scan",
                                            "Parent Relationship": "Outer",
                                            "Parallel Aware": true,
                                            "Relation Name": "movie_keyword",
                                            "Schema": "public",
                                            "Alias": "mk",
                                            "Startup Cost": 0.0,
                                            "Total Cost": 42695.65,
                                            "Plan Rows": 468709,
                                            "Plan Width": 4,
                                            "Actual Startup Time": 0.691,
                                            "Actual Total Time": 95.745,
                                            "Actual Rows": 357283,
                                            "Actual Loops": 4,
                                            "Output": [
                                                "mk.id",
                                                "mk.movie_id",
                                                "mk.keyword_id"
                                            ],
                                            "Filter": "(mk.keyword_id > 11662)",
                                            "Rows Removed by Filter": 773699,
                                            "Workers": [
                                                {
                                                    "Worker Number": 0,
                                                    "Actual Startup Time": 0.643,
                                                    "Actual Total Time": 95.638,
                                                    "Actual Rows": 372624,
                                                    "Actual Loops": 1
                                                },
                                                {
                                                    "Worker Number": 1,
                                                    "Actual Startup Time": 0.676,
                                                    "Actual Total Time": 96.503,
                                                    "Actual Rows": 382264,
                                                    "Actual Loops": 1
                                                },
                                                {
                                                    "Worker Number": 2,
                                                    "Actual Startup Time": 0.671,
                                                    "Actual Total Time": 96.31,
                                                    "Actual Rows": 383324,
                                                    "Actual Loops": 1
                                                }
                                            ]
                                        },
                                        {
                                            "Node Type": "Hash",
                                            "Parent Relationship": "Inner",
                                            "Parallel Aware": true,
                                            "Startup Cost": 43899.01,
                                            "Total Cost": 43899.01,
                                            "Plan Rows": 97718,
                                            "Plan Width": 4,
                                            "Actual Startup Time": 125.67,
                                            "Actual Total Time": 125.671,
                                            "Actual Rows": 97916,
                                            "Actual Loops": 4,
                                            "Output": [
                                                "t.id"
                                            ],
                                            "Hash Buckets": 524288,
                                            "Original Hash Buckets": 524288,
                                            "Hash Batches": 1,
                                            "Original Hash Batches": 1,
                                            "Peak Memory Usage": 19520,
                                            "Workers": [
                                                {
                                                    "Worker Number": 0,
                                                    "Actual Startup Time": 124.04,
                                                    "Actual Total Time": 124.041,
                                                    "Actual Rows": 88507,
                                                    "Actual Loops": 1
                                                },
                                                {
                                                    "Worker Number": 1,
                                                    "Actual Startup Time": 124.666,
                                                    "Actual Total Time": 124.667,
                                                    "Actual Rows": 94984,
                                                    "Actual Loops": 1
                                                },
                                                {
                                                    "Worker Number": 2,
                                                    "Actual Startup Time": 124.727,
                                                    "Actual Total Time": 124.727,
                                                    "Actual Rows": 96767,
                                                    "Actual Loops": 1
                                                }
                                            ],
                                            "Plans": [
                                                {
                                                    "Node Type": "Seq Scan",
                                                    "Parent Relationship": "Outer",
                                                    "Parallel Aware": true,
                                                    "Relation Name": "title",
                                                    "Schema": "public",
                                                    "Alias": "t",
                                                    "Startup Cost": 0.0,
                                                    "Total Cost": 43899.01,
                                                    "Plan Rows": 97718,
                                                    "Plan Width": 4,
                                                    "Actual Startup Time": 0.036,
                                                    "Actual Total Time": 92.159,
                                                    "Actual Rows": 97916,
                                                    "Actual Loops": 4,
                                                    "Output": [
                                                        "t.id"
                                                    ],
                                                    "Filter": "(t.production_year > 2010)",
                                                    "Rows Removed by Filter": 534162,
                                                    "Workers": [
                                                        {
                                                            "Worker Number": 0,
                                                            "Actual Startup Time": 0.038,
                                                            "Actual Total Time": 90.298,
                                                            "Actual Rows": 88507,
                                                            "Actual Loops": 1
                                                        },
                                                        {
                                                            "Worker Number": 1,
                                                            "Actual Startup Time": 0.046,
                                                            "Actual Total Time": 92.912,
                                                            "Actual Rows": 94984,
                                                            "Actual Loops": 1
                                                        },
                                                        {
                                                            "Worker Number": 2,
                                                            "Actual Startup Time": 0.048,
                                                            "Actual Total Time": 92.865,
                                                            "Actual Rows": 96767,
                                                            "Actual Loops": 1
                                                        }
                                                    ]
                                                }
                                            ]
                                        }
                                    ]
                                }
                            ]
                        }
                    ]
                }
            ]
        },
        "Planning Time": 293.246,
        "Triggers": [],
        "Execution Time": 290.777
    }
]