{
  "Plan": {
    "Node Type": "Aggregate",
    "Strategy": "Plain",
    "Partial Mode": "Finalize",
    "Parallel Aware": false,
    "Startup Cost": 74269.85,
    "Total Cost": 74269.86,
    "Plan Rows": 1,
    "Plan Width": 8,
    "Actual Startup Time": 154.78,
    "Actual Total Time": 168.689,
    "Actual Rows": 1,
    "Actual Loops": 1,
    "Plans": [
      {
        "Node Type": "Gather",
        "Parent Relationship": "Outer",
        "Parallel Aware": false,
        "Startup Cost": 74269.74,
        "Total Cost": 74269.85,
        "Plan Rows": 1,
        "Plan Width": 8,
        "Actual Startup Time": 154.658,
        "Actual Total Time": 168.681,
        "Actual Rows": 2,
        "Actual Loops": 1,
        "Workers Planned": 1,
        "Workers Launched": 1,
        "Single Copy": false,
        "Plans": [
          {
            "Node Type": "Aggregate",
            "Strategy": "Plain",
            "Partial Mode": "Partial",
            "Parent Relationship": "Outer",
            "Parallel Aware": false,
            "Startup Cost": 73269.74,
            "Total Cost": 73269.75,
            "Plan Rows": 1,
            "Plan Width": 8,
            "Actual Startup Time": 148.677,
            "Actual Total Time": 148.679,
            "Actual Rows": 1,
            "Actual Loops": 2,
            "Plans": [
              {
                "Node Type": "Nested Loop",
                "Parent Relationship": "Outer",
                "Parallel Aware": false,
                "Join Type": "Inner",
                "Startup Cost": 0.43,
                "Total Cost": 73267.64,
                "Plan Rows": 842,
                "Plan Width": 0,
                "Actual Startup Time": 92.04,
                "Actual Total Time": 148.465,
                "Actual Rows": 2695,
                "Actual Loops": 2,
                "Inner Unique": false,
                "Plans": [
                  {
                    "Node Type": "Seq Scan",
                    "Parent Relationship": "Outer",
                    "Parallel Aware": true,
                    "Relation Name": "title",
                    "Alias": "t",
                    "Startup Cost": 0.0,
                    "Total Cost": 58306.47,
                    "Plan Rows": 816,
                    "Plan Width": 4,
                    "Actual Startup Time": 91.962,
                    "Actual Total Time": 135.794,
                    "Actual Rows": 1393,
                    "Actual Loops": 2,
                    "Filter": "((kind_id < 7) AND (production_year = 1925))",
                    "Rows Removed by Filter": 1262763
                  },
                  {
                    "Node Type": "Index Only Scan",
                    "Parent Relationship": "Inner",
                    "Parallel Aware": false,
                    "Scan Direction": "Forward",
                    "Index Name": "movie_id_movie_companies",
                    "Relation Name": "movie_companies",
                    "Alias": "mc",
                    "Startup Cost": 0.43,
                    "Total Cost": 18.28,
                    "Plan Rows": 5,
                    "Plan Width": 4,
                    "Actual Startup Time": 0.007,
                    "Actual Total Time": 0.009,
                    "Actual Rows": 2,
                    "Actual Loops": 2786,
                    "Index Cond": "(movie_id = t.id)",
                    "Rows Removed by Index Recheck": 0,
                    "Heap Fetches": 5390
                  }
                ]
              }
            ]
          }
        ]
      }
    ]
  },
  "Planning Time": 0.505,
  "Triggers": [],
  "Execution Time": 168.761
}