{
  "Plan": {
    "Node Type": "Aggregate",
    "Strategy": "Plain",
    "Partial Mode": "Finalize",
    "Parallel Aware": false,
    "Startup Cost": 116906.12,
    "Total Cost": 116906.13,
    "Plan Rows": 1,
    "Plan Width": 8,
    "Actual Startup Time": 321.236,
    "Actual Total Time": 347.4,
    "Actual Rows": 1,
    "Actual Loops": 1,
    "Plans": [
      {
        "Node Type": "Gather",
        "Parent Relationship": "Outer",
        "Parallel Aware": false,
        "Startup Cost": 116906.0,
        "Total Cost": 116906.11,
        "Plan Rows": 1,
        "Plan Width": 8,
        "Actual Startup Time": 321.083,
        "Actual Total Time": 347.392,
        "Actual Rows": 2,
        "Actual Loops": 1,
        "Workers Planned": 1,
        "Workers Launched": 1,
        "Single Copy": false,
        "Plans": [
          {
            "Node Type": "Aggregate",
            "Strategy": "Plain",
            "Partial Mode": "Partial",
            "Parent Relationship": "Outer",
            "Parallel Aware": false,
            "Startup Cost": 115906.0,
            "Total Cost": 115906.01,
            "Plan Rows": 1,
            "Plan Width": 8,
            "Actual Startup Time": 315.193,
            "Actual Total Time": 315.196,
            "Actual Rows": 1,
            "Actual Loops": 2,
            "Plans": [
              {
                "Node Type": "Nested Loop",
                "Parent Relationship": "Outer",
                "Parallel Aware": false,
                "Join Type": "Inner",
                "Startup Cost": 58480.31,
                "Total Cost": 115892.04,
                "Plan Rows": 5586,
                "Plan Width": 0,
                "Actual Startup Time": 188.295,
                "Actual Total Time": 314.878,
                "Actual Rows": 4452,
                "Actual Loops": 2,
                "Inner Unique": false,
                "Join Filter": "(t.id = ci.movie_id)",
                "Rows Removed by Join Filter": 0,
                "Plans": [
                  {
                    "Node Type": "Hash Join",
                    "Parent Relationship": "Outer",
                    "Parallel Aware": true,
                    "Join Type": "Inner",
                    "Startup Cost": 58479.74,
                    "Total Cost": 101473.86,
                    "Plan Rows": 4198,
                    "Plan Width": 8,
                    "Actual Startup Time": 188.156,
                    "Actual Total Time": 264.109,
                    "Actual Rows": 1678,
                    "Actual Loops": 2,
                    "Inner Unique": true,
                    "Hash Cond": "(mc.movie_id = t.id)",
                    "Plans": [
                      {
                        "Node Type": "Seq Scan",
                        "Parent Relationship": "Outer",
                        "Parallel Aware": true,
                        "Relation Name": "movie_companies",
                        "Alias": "mc",
                        "Startup Cost": 0.0,
                        "Total Cost": 41811.73,
                        "Plan Rows": 450435,
                        "Plan Width": 4,
                        "Actual Startup Time": 49.68,
                        "Actual Total Time": 102.102,
                        "Actual Rows": 239056,
                        "Actual Loops": 2,
                        "Filter": "((company_id < 14002) AND (company_type_id > 1))",
                        "Rows Removed by Filter": 1065508
                      },
                      {
                        "Node Type": "Hash",
                        "Parent Relationship": "Inner",
                        "Parallel Aware": true,
                        "Startup Cost": 58306.47,
                        "Total Cost": 58306.47,
                        "Plan Rows": 13862,
                        "Plan Width": 4,
                        "Actual Startup Time": 136.786,
                        "Actual Total Time": 136.787,
                        "Actual Rows": 12993,
                        "Actual Loops": 2,
                        "Hash Buckets": 32768,
                        "Original Hash Buckets": 32768,
                        "Hash Batches": 1,
                        "Original Hash Batches": 1,
                        "Peak Memory Usage": 1280,
                        "Plans": [
                          {
                            "Node Type": "Seq Scan",
                            "Parent Relationship": "Outer",
                            "Parallel Aware": true,
                            "Relation Name": "title",
                            "Alias": "t",
                            "Startup Cost": 0.0,
                            "Total Cost": 58306.47,
                            "Plan Rows": 13862,
                            "Plan Width": 4,
                            "Actual Startup Time": 0.125,
                            "Actual Total Time": 132.508,
                            "Actual Rows": 12993,
                            "Actual Loops": 2,
                            "Filter": "((kind_id = 7) AND (production_year = 1997))",
                            "Rows Removed by Filter": 1251163
                          }
                        ]
                      }
                    ]
                  },
                  {
                    "Node Type": "Index Scan",
                    "Parent Relationship": "Inner",
                    "Parallel Aware": false,
                    "Scan Direction": "Forward",
                    "Index Name": "movie_id_cast_info",
                    "Relation Name": "cast_info",
                    "Alias": "ci",
                    "Startup Cost": 0.56,
                    "Total Cost": 3.4,
                    "Plan Rows": 3,
                    "Plan Width": 4,
                    "Actual Startup Time": 0.008,
                    "Actual Total Time": 0.03,
                    "Actual Rows": 3,
                    "Actual Loops": 3356,
                    "Index Cond": "(movie_id = mc.movie_id)",
                    "Rows Removed by Index Recheck": 0,
                    "Filter": "((person_id < 419192) AND (role_id < 8))",
                    "Rows Removed by Filter": 23
                  }
                ]
              }
            ]
          }
        ]
      }
    ]
  },
  "Planning Time": 1.132,
  "Triggers": [],
  "Execution Time": 347.521
}