{
  "Plan": {
    "Node Type": "Aggregate",
    "Strategy": "Plain",
    "Partial Mode": "Finalize",
    "Parallel Aware": false,
    "Startup Cost": 302144.98,
    "Total Cost": 302144.99,
    "Plan Rows": 1,
    "Plan Width": 8,
    "Actual Startup Time": 636.527,
    "Actual Total Time": 660.007,
    "Actual Rows": 1,
    "Actual Loops": 1,
    "Plans": [
      {
        "Node Type": "Gather",
        "Parent Relationship": "Outer",
        "Parallel Aware": false,
        "Startup Cost": 302144.87,
        "Total Cost": 302144.98,
        "Plan Rows": 1,
        "Plan Width": 8,
        "Actual Startup Time": 636.282,
        "Actual Total Time": 659.999,
        "Actual Rows": 2,
        "Actual Loops": 1,
        "Workers Planned": 1,
        "Workers Launched": 1,
        "Single Copy": false,
        "Plans": [
          {
            "Node Type": "Aggregate",
            "Strategy": "Plain",
            "Partial Mode": "Partial",
            "Parent Relationship": "Outer",
            "Parallel Aware": false,
            "Startup Cost": 301144.87,
            "Total Cost": 301144.88,
            "Plan Rows": 1,
            "Plan Width": 8,
            "Actual Startup Time": 633.362,
            "Actual Total Time": 633.366,
            "Actual Rows": 1,
            "Actual Loops": 2,
            "Plans": [
              {
                "Node Type": "Hash Join",
                "Parent Relationship": "Outer",
                "Parallel Aware": true,
                "Join Type": "Inner",
                "Startup Cost": 59246.86,
                "Total Cost": 300905.28,
                "Plan Rows": 95835,
                "Plan Width": 0,
                "Actual Startup Time": 486.782,
                "Actual Total Time": 633.359,
                "Actual Rows": 0,
                "Actual Loops": 2,
                "Inner Unique": true,
                "Hash Cond": "(ci.movie_id = t.id)",
                "Plans": [
                  {
                    "Node Type": "Index Scan",
                    "Parent Relationship": "Outer",
                    "Parallel Aware": true,
                    "Scan Direction": "Forward",
                    "Index Name": "role_id_cast_info",
                    "Relation Name": "cast_info",
                    "Alias": "ci",
                    "Startup Cost": 0.56,
                    "Total Cost": 236682.84,
                    "Plan Rows": 1895672,
                    "Plan Width": 4,
                    "Actual Startup Time": 0.843,
                    "Actual Total Time": 488.319,
                    "Actual Rows": 1381,
                    "Actual Loops": 2,
                    "Index Cond": "(role_id = 2)",
                    "Rows Removed by Index Recheck": 0,
                    "Filter": "(person_id < 1564719)",
                    "Rows Removed by Filter": 3724606
                  },
                  {
                    "Node Type": "Hash",
                    "Parent Relationship": "Inner",
                    "Parallel Aware": true,
                    "Startup Cost": 58306.47,
                    "Total Cost": 58306.47,
                    "Plan Rows": 75186,
                    "Plan Width": 4,
                    "Actual Startup Time": 143.019,
                    "Actual Total Time": 143.02,
                    "Actual Rows": 16826,
                    "Actual Loops": 2,
                    "Hash Buckets": 131072,
                    "Original Hash Buckets": 131072,
                    "Hash Batches": 1,
                    "Original Hash Batches": 1,
                    "Peak Memory Usage": 2368,
                    "Plans": [
                      {
                        "Node Type": "Seq Scan",
                        "Parent Relationship": "Outer",
                        "Parallel Aware": true,
                        "Relation Name": "title",
                        "Alias": "t",
                        "Startup Cost": 0.0,
                        "Total Cost": 58306.47,
                        "Plan Rows": 75186,
                        "Plan Width": 4,
                        "Actual Startup Time": 0.04,
                        "Actual Total Time": 137.061,
                        "Actual Rows": 16826,
                        "Actual Loops": 2,
                        "Filter": "((production_year < 1958) AND (kind_id = 7))",
                        "Rows Removed by Filter": 1247330
                      }
                    ]
                  }
                ]
              }
            ]
          }
        ]
      }
    ]
  },
  "Planning Time": 0.337,
  "Triggers": [],
  "Execution Time": 660.066
}