[
  {
    "Plan": {
      "Node Type": "Aggregate",
      "Strategy": "Plain",
      "Partial Mode": "Finalize",
      "Parallel Aware": false,
      "Startup Cost": 71578.22,
      "Total Cost": 71578.23,
      "Plan Rows": 1,
      "Plan Width": 8,
      "Actual Startup Time": 172.326,
      "Actual Total Time": 190.899,
      "Actual Rows": 1,
      "Actual Loops": 1,
      "Plans": [
        {
          "Node Type": "Gather",
          "Parent Relationship": "Outer",
          "Parallel Aware": false,
          "Startup Cost": 71577.9,
          "Total Cost": 71578.21,
          "Plan Rows": 3,
          "Plan Width": 8,
          "Actual Startup Time": 171.16,
          "Actual Total Time": 190.888,
          "Actual Rows": 4,
          "Actual Loops": 1,
          "Workers Planned": 3,
          "Workers Launched": 3,
          "Single Copy": false,
          "Plans": [
            {
              "Node Type": "Aggregate",
              "Strategy": "Plain",
              "Partial Mode": "Partial",
              "Parent Relationship": "Outer",
              "Parallel Aware": false,
              "Startup Cost": 70577.9,
              "Total Cost": 70577.91,
              "Plan Rows": 1,
              "Plan Width": 8,
              "Actual Startup Time": 166.621,
              "Actual Total Time": 166.627,
              "Actual Rows": 1,
              "Actual Loops": 4,
              "Plans": [
                {
                  "Node Type": "Hash Join",
                  "Parent Relationship": "Outer",
                  "Parallel Aware": true,
                  "Join Type": "Inner",
                  "Startup Cost": 50587.91,
                  "Total Cost": 70575.69,
                  "Plan Rows": 882,
                  "Plan Width": 0,
                  "Actual Startup Time": 125.293,
                  "Actual Total Time": 166.567,
                  "Actual Rows": 388,
                  "Actual Loops": 4,
                  "Inner Unique": true,
                  "Hash Cond": "(mc.movie_id = t.id)",
                  "Plans": [
                    {
                      "Node Type": "Bitmap Heap Scan",
                      "Parent Relationship": "Outer",
                      "Parallel Aware": true,
                      "Relation Name": "movie_companies",
                      "Alias": "mc",
                      "Startup Cost": 4914.53,
                      "Total Cost": 24807.9,
                      "Plan Rows": 35965,
                      "Plan Width": 4,
                      "Actual Startup Time": 14.581,
                      "Actual Total Time": 48.336,
                      "Actual Rows": 43156,
                      "Actual Loops": 4,
                      "Recheck Cond": "(company_id < 82)",
                      "Rows Removed by Index Recheck": 0,
                      "Filter": "(company_type_id < 2)",
                      "Rows Removed by Filter": 12815,
                      "Exact Heap Blocks": 7366,
                      "Lossy Heap Blocks": 0,
                      "Plans": [
                        {
                          "Node Type": "Bitmap Index Scan",
                          "Parent Relationship": "Outer",
                          "Parallel Aware": false,
                          "Index Name": "company_id_movie_companies",
                          "Startup Cost": 0.0,
                          "Total Cost": 4886.66,
                          "Plan Rows": 228030,
                          "Plan Width": 0,
                          "Actual Startup Time": 12.042,
                          "Actual Total Time": 12.042,
                          "Actual Rows": 223883,
                          "Actual Loops": 1,
                          "Index Cond": "(company_id < 82)"
                        }
                      ]
                    },
                    {
                      "Node Type": "Hash",
                      "Parent Relationship": "Inner",
                      "Parallel Aware": true,
                      "Startup Cost": 45479.59,
                      "Total Cost": 45479.59,
                      "Plan Rows": 15504,
                      "Plan Width": 4,
                      "Actual Startup Time": 109.066,
                      "Actual Total Time": 109.069,
                      "Actual Rows": 13442,
                      "Actual Loops": 4,
                      "Hash Buckets": 65536,
                      "Original Hash Buckets": 65536,
                      "Hash Batches": 1,
                      "Original Hash Batches": 1,
                      "Peak Memory Usage": 2688,
                      "Plans": [
                        {
                          "Node Type": "Seq Scan",
                          "Parent Relationship": "Outer",
                          "Parallel Aware": true,
                          "Relation Name": "title",
                          "Alias": "t",
                          "Startup Cost": 0.0,
                          "Total Cost": 45479.59,
                          "Plan Rows": 15504,
                          "Plan Width": 4,
                          "Actual Startup Time": 0.191,
                          "Actual Total Time": 103.412,
                          "Actual Rows": 13442,
                          "Actual Loops": 4,
                          "Filter": "((kind_id < 7) AND (production_year = 2011))",
                          "Rows Removed by Filter": 618636
                        }
                      ]
                    }
                  ]
                }
              ]
            }
          ]
        }
      ]
    },
    "Planning Time": 0.718,
    "Triggers": [],
    "Execution Time": 190.998
  }
]