{
  "Plan": {
    "Node Type": "Aggregate",
    "Strategy": "Plain",
    "Partial Mode": "Finalize",
    "Parallel Aware": false,
    "Startup Cost": 930510.22,
    "Total Cost": 930510.23,
    "Plan Rows": 1,
    "Plan Width": 8,
    "Actual Startup Time": 4283.036,
    "Actual Total Time": 4387.986,
    "Actual Rows": 1,
    "Actual Loops": 1,
    "Plans": [
      {
        "Node Type": "Gather",
        "Parent Relationship": "Outer",
        "Parallel Aware": false,
        "Startup Cost": 930510.11,
        "Total Cost": 930510.22,
        "Plan Rows": 1,
        "Plan Width": 8,
        "Actual Startup Time": 4281.689,
        "Actual Total Time": 4387.973,
        "Actual Rows": 2,
        "Actual Loops": 1,
        "Workers Planned": 1,
        "Workers Launched": 1,
        "Single Copy": false,
        "Plans": [
          {
            "Node Type": "Aggregate",
            "Strategy": "Plain",
            "Partial Mode": "Partial",
            "Parent Relationship": "Outer",
            "Parallel Aware": false,
            "Startup Cost": 929510.11,
            "Total Cost": 929510.12,
            "Plan Rows": 1,
            "Plan Width": 8,
            "Actual Startup Time": 4275.778,
            "Actual Total Time": 4275.879,
            "Actual Rows": 1,
            "Actual Loops": 2,
            "Plans": [
              {
                "Node Type": "Hash Join",
                "Parent Relationship": "Outer",
                "Parallel Aware": true,
                "Join Type": "Inner",
                "Startup Cost": 613466.69,
                "Total Cost": 927671.58,
                "Plan Rows": 735414,
                "Plan Width": 0,
                "Actual Startup Time": 2876.021,
                "Actual Total Time": 4178.683,
                "Actual Rows": 2499784,
                "Actual Loops": 2,
                "Inner Unique": false,
                "Hash Cond": "(mi.movie_id = t.id)",
                "Plans": [
                  {
                    "Node Type": "Seq Scan",
                    "Parent Relationship": "Outer",
                    "Parallel Aware": true,
                    "Relation Name": "movie_info",
                    "Alias": "mi",
                    "Startup Cost": 0.0,
                    "Total Cost": 270696.42,
                    "Plan Rows": 4478001,
                    "Plan Width": 4,
                    "Actual Startup Time": 33.442,
                    "Actual Total Time": 673.469,
                    "Actual Rows": 3774428,
                    "Actual Loops": 2,
                    "Filter": "(info_type_id > 7)",
                    "Rows Removed by Filter": 3643432
                  },
                  {
                    "Node Type": "Hash",
                    "Parent Relationship": "Inner",
                    "Parallel Aware": true,
                    "Startup Cost": 610413.63,
                    "Total Cost": 610413.63,
                    "Plan Rows": 244245,
                    "Plan Width": 8,
                    "Actual Startup Time": 2836.113,
                    "Actual Total Time": 2836.212,
                    "Actual Rows": 214713,
                    "Actual Loops": 2,
                    "Hash Buckets": 524288,
                    "Original Hash Buckets": 524288,
                    "Hash Batches": 1,
                    "Original Hash Batches": 1,
                    "Peak Memory Usage": 20928,
                    "Plans": [
                      {
                        "Node Type": "Hash Join",
                        "Parent Relationship": "Outer",
                        "Parallel Aware": true,
                        "Join Type": "Inner",
                        "Startup Cost": 54915.58,
                        "Total Cost": 610413.63,
                        "Plan Rows": 244245,
                        "Plan Width": 8,
                        "Actual Startup Time": 421.534,
                        "Actual Total Time": 2774.825,
                        "Actual Rows": 214713,
                        "Actual Loops": 2,
                        "Inner Unique": true,
                        "Hash Cond": "(ci.movie_id = t.id)",
                        "Plans": [
                          {
                            "Node Type": "Seq Scan",
                            "Parent Relationship": "Outer",
                            "Parallel Aware": true,
                            "Relation Name": "cast_info",
                            "Alias": "ci",
                            "Startup Cost": 0.0,
                            "Total Cost": 519069.44,
                            "Plan Rows": 13877544,
                            "Plan Width": 4,
                            "Actual Startup Time": 279.248,
                            "Actual Total Time": 1475.84,
                            "Actual Rows": 11808430,
                            "Actual Loops": 2,
                            "Filter": "(person_id > 1245698)",
                            "Rows Removed by Filter": 6313742
                          },
                          {
                            "Node Type": "Hash",
                            "Parent Relationship": "Inner",
                            "Parallel Aware": true,
                            "Startup Cost": 54588.39,
                            "Total Cost": 54588.39,
                            "Plan Rows": 26175,
                            "Plan Width": 4,
                            "Actual Startup Time": 141.749,
                            "Actual Total Time": 141.75,
                            "Actual Rows": 23292,
                            "Actual Loops": 2,
                            "Hash Buckets": 65536,
                            "Original Hash Buckets": 65536,
                            "Hash Batches": 1,
                            "Original Hash Batches": 1,
                            "Peak Memory Usage": 2368,
                            "Plans": [
                              {
                                "Node Type": "Seq Scan",
                                "Parent Relationship": "Outer",
                                "Parallel Aware": true,
                                "Relation Name": "title",
                                "Alias": "t",
                                "Startup Cost": 0.0,
                                "Total Cost": 54588.39,
                                "Plan Rows": 26175,
                                "Plan Width": 4,
                                "Actual Startup Time": 0.035,
                                "Actual Total Time": 134.721,
                                "Actual Rows": 23292,
                                "Actual Loops": 2,
                                "Filter": "(production_year = 1998)",
                                "Rows Removed by Filter": 1240864
                              }
                            ]
                          }
                        ]
                      }
                    ]
                  }
                ]
              }
            ]
          }
        ]
      }
    ]
  },
  "Planning Time": 1.007,
  "Triggers": [],
  "Execution Time": 4388.09
}