[
  {
    "Plan": {
      "Node Type": "Aggregate",
      "Strategy": "Plain",
      "Partial Mode": "Finalize",
      "Parallel Aware": false,
      "Startup Cost": 45518.98,
      "Total Cost": 45518.99,
      "Plan Rows": 1,
      "Plan Width": 8,
      "Actual Startup Time": 116.101,
      "Actual Total Time": 133.16,
      "Actual Rows": 1,
      "Actual Loops": 1,
      "Plans": [
        {
          "Node Type": "Gather",
          "Parent Relationship": "Outer",
          "Parallel Aware": false,
          "Startup Cost": 45518.56,
          "Total Cost": 45518.97,
          "Plan Rows": 4,
          "Plan Width": 8,
          "Actual Startup Time": 115.853,
          "Actual Total Time": 133.152,
          "Actual Rows": 5,
          "Actual Loops": 1,
          "Workers Planned": 4,
          "Workers Launched": 4,
          "Single Copy": false,
          "Plans": [
            {
              "Node Type": "Aggregate",
              "Strategy": "Plain",
              "Partial Mode": "Partial",
              "Parent Relationship": "Outer",
              "Parallel Aware": false,
              "Startup Cost": 44518.56,
              "Total Cost": 44518.57,
              "Plan Rows": 1,
              "Plan Width": 8,
              "Actual Startup Time": 108.695,
              "Actual Total Time": 108.696,
              "Actual Rows": 1,
              "Actual Loops": 5,
              "Plans": [
                {
                  "Node Type": "Seq Scan",
                  "Parent Relationship": "Outer",
                  "Parallel Aware": true,
                  "Relation Name": "title",
                  "Alias": "t",
                  "Startup Cost": 0.0,
                  "Total Cost": 43898.92,
                  "Plan Rows": 247857,
                  "Plan Width": 0,
                  "Actual Startup Time": 0.038,
                  "Actual Total Time": 97.41,
                  "Actual Rows": 197010,
                  "Actual Loops": 5,
                  "Filter": "(kind_id < 7)",
                  "Rows Removed by Filter": 308653
                }
              ]
            }
          ]
        }
      ]
    },
    "Planning Time": 0.1,
    "Triggers": [],
    "Execution Time": 133.198
  }
]