[
  {
    "Plan": {
      "Node Type": "Aggregate",
      "Strategy": "Plain",
      "Partial Mode": "Finalize",
      "Parallel Aware": false,
      "Startup Cost": 343184.99,
      "Total Cost": 343185.0,
      "Plan Rows": 1,
      "Plan Width": 8,
      "Actual Startup Time": 944.444,
      "Actual Total Time": 990.795,
      "Actual Rows": 1,
      "Actual Loops": 1,
      "Plans": [
        {
          "Node Type": "Gather",
          "Parent Relationship": "Outer",
          "Parallel Aware": false,
          "Startup Cost": 343184.36,
          "Total Cost": 343184.97,
          "Plan Rows": 6,
          "Plan Width": 8,
          "Actual Startup Time": 944.277,
          "Actual Total Time": 990.782,
          "Actual Rows": 7,
          "Actual Loops": 1,
          "Workers Planned": 6,
          "Workers Launched": 6,
          "Single Copy": false,
          "Plans": [
            {
              "Node Type": "Aggregate",
              "Strategy": "Plain",
              "Partial Mode": "Partial",
              "Parent Relationship": "Outer",
              "Parallel Aware": false,
              "Startup Cost": 342184.36,
              "Total Cost": 342184.37,
              "Plan Rows": 1,
              "Plan Width": 8,
              "Actual Startup Time": 936.569,
              "Actual Total Time": 936.57,
              "Actual Rows": 1,
              "Actual Loops": 7,
              "Plans": [
                {
                  "Node Type": "Seq Scan",
                  "Parent Relationship": "Outer",
                  "Parallel Aware": true,
                  "Relation Name": "cast_info",
                  "Alias": "ci",
                  "Startup Cost": 0.0,
                  "Total Cost": 328211.39,
                  "Plan Rows": 5589189,
                  "Plan Width": 0,
                  "Actual Startup Time": 0.051,
                  "Actual Total Time": 692.296,
                  "Actual Rows": 4804358,
                  "Actual Loops": 7,
                  "Filter": "(person_id < 3556190)",
                  "Rows Removed by Filter": 373405
                }
              ]
            }
          ]
        }
      ]
    },
    "Planning Time": 0.158,
    "Triggers": [],
    "Execution Time": 990.858
  }
]