[
  {
    "Plan": {
      "Node Type": "Aggregate",
      "Strategy": "Plain",
      "Partial Mode": "Finalize",
      "Parallel Aware": false,
      "Startup Cost": 46987.47,
      "Total Cost": 46987.48,
      "Plan Rows": 1,
      "Plan Width": 8,
      "Actual Startup Time": 177.136,
      "Actual Total Time": 187.202,
      "Actual Rows": 1,
      "Actual Loops": 1,
      "Plans": [
        {
          "Node Type": "Gather",
          "Parent Relationship": "Outer",
          "Parallel Aware": false,
          "Startup Cost": 46987.16,
          "Total Cost": 46987.47,
          "Plan Rows": 3,
          "Plan Width": 8,
          "Actual Startup Time": 177.01,
          "Actual Total Time": 187.194,
          "Actual Rows": 4,
          "Actual Loops": 1,
          "Workers Planned": 3,
          "Workers Launched": 3,
          "Single Copy": false,
          "Plans": [
            {
              "Node Type": "Aggregate",
              "Strategy": "Plain",
              "Partial Mode": "Partial",
              "Parent Relationship": "Outer",
              "Parallel Aware": false,
              "Startup Cost": 45987.16,
              "Total Cost": 45987.17,
              "Plan Rows": 1,
              "Plan Width": 8,
              "Actual Startup Time": 168.604,
              "Actual Total Time": 168.605,
              "Actual Rows": 1,
              "Actual Loops": 4,
              "Plans": [
                {
                  "Node Type": "Seq Scan",
                  "Parent Relationship": "Outer",
                  "Parallel Aware": true,
                  "Relation Name": "movie_keyword",
                  "Alias": "mk",
                  "Startup Cost": 0.0,
                  "Total Cost": 42695.65,
                  "Plan Rows": 1316601,
                  "Plan Width": 0,
                  "Actual Startup Time": 0.065,
                  "Actual Total Time": 122.909,
                  "Actual Rows": 1023196,
                  "Actual Loops": 4,
                  "Filter": "(keyword_id < 40608)",
                  "Rows Removed by Filter": 107786
                }
              ]
            }
          ]
        }
      ]
    },
    "Planning Time": 0.155,
    "Triggers": [],
    "Execution Time": 187.252
  }
]