{
  "Plan": {
    "Node Type": "Aggregate",
    "Strategy": "Plain",
    "Partial Mode": "Finalize",
    "Parallel Aware": false,
    "Startup Cost": 297515.61,
    "Total Cost": 297515.62,
    "Plan Rows": 1,
    "Plan Width": 8,
    "Actual Startup Time": 910.832,
    "Actual Total Time": 931.659,
    "Actual Rows": 1,
    "Actual Loops": 1,
    "Plans": [
      {
        "Node Type": "Gather",
        "Parent Relationship": "Outer",
        "Parallel Aware": false,
        "Startup Cost": 297515.5,
        "Total Cost": 297515.61,
        "Plan Rows": 1,
        "Plan Width": 8,
        "Actual Startup Time": 908.807,
        "Actual Total Time": 931.647,
        "Actual Rows": 2,
        "Actual Loops": 1,
        "Workers Planned": 1,
        "Workers Launched": 1,
        "Single Copy": false,
        "Plans": [
          {
            "Node Type": "Aggregate",
            "Strategy": "Plain",
            "Partial Mode": "Partial",
            "Parent Relationship": "Outer",
            "Parallel Aware": false,
            "Startup Cost": 296515.5,
            "Total Cost": 296515.51,
            "Plan Rows": 1,
            "Plan Width": 8,
            "Actual Startup Time": 902.38,
            "Actual Total Time": 902.861,
            "Actual Rows": 1,
            "Actual Loops": 2,
            "Plans": [
              {
                "Node Type": "Hash Join",
                "Parent Relationship": "Outer",
                "Parallel Aware": true,
                "Join Type": "Inner",
                "Startup Cost": 121855.44,
                "Total Cost": 296331.29,
                "Plan Rows": 73684,
                "Plan Width": 0,
                "Actual Startup Time": 690.403,
                "Actual Total Time": 894.371,
                "Actual Rows": 161781,
                "Actual Loops": 2,
                "Inner Unique": false,
                "Hash Cond": "(mi.movie_id = t.id)",
                "Plans": [
                  {
                    "Node Type": "Bitmap Heap Scan",
                    "Parent Relationship": "Outer",
                    "Parallel Aware": true,
                    "Relation Name": "movie_info",
                    "Alias": "mi",
                    "Startup Cost": 22837.73,
                    "Total Cost": 194099.51,
                    "Plan Rows": 741502,
                    "Plan Width": 4,
                    "Actual Startup Time": 49.31,
                    "Actual Total Time": 116.422,
                    "Actual Rows": 644464,
                    "Actual Loops": 2,
                    "Recheck Cond": "(info_type_id = 2)",
                    "Rows Removed by Index Recheck": 0,
                    "Exact Heap Blocks": 5432,
                    "Lossy Heap Blocks": 0,
                    "Plans": [
                      {
                        "Node Type": "Bitmap Index Scan",
                        "Parent Relationship": "Outer",
                        "Parallel Aware": false,
                        "Index Name": "info_type_id_movie_info",
                        "Startup Cost": 0.0,
                        "Total Cost": 22522.59,
                        "Plan Rows": 1260554,
                        "Plan Width": 0,
                        "Actual Startup Time": 48.05,
                        "Actual Total Time": 48.05,
                        "Actual Rows": 1288928,
                        "Actual Loops": 1,
                        "Index Cond": "(info_type_id = 2)"
                      }
                    ]
                  },
                  {
                    "Node Type": "Hash",
                    "Parent Relationship": "Inner",
                    "Parallel Aware": true,
                    "Startup Cost": 97170.39,
                    "Total Cost": 97170.39,
                    "Plan Rows": 147786,
                    "Plan Width": 8,
                    "Actual Startup Time": 637.232,
                    "Actual Total Time": 637.711,
                    "Actual Rows": 185612,
                    "Actual Loops": 2,
                    "Hash Buckets": 524288,
                    "Original Hash Buckets": 262144,
                    "Hash Batches": 1,
                    "Original Hash Batches": 1,
                    "Peak Memory Usage": 20704,
                    "Plans": [
                      {
                        "Node Type": "Hash Join",
                        "Parent Relationship": "Outer",
                        "Parallel Aware": true,
                        "Join Type": "Inner",
                        "Startup Cost": 36135.55,
                        "Total Cost": 97170.39,
                        "Plan Rows": 147786,
                        "Plan Width": 8,
                        "Actual Startup Time": 160.911,
                        "Actual Total Time": 580.421,
                        "Actual Rows": 185612,
                        "Actual Loops": 2,
                        "Inner Unique": false,
                        "Hash Cond": "(t.id = mc.movie_id)",
                        "Plans": [
                          {
                            "Node Type": "Seq Scan",
                            "Parent Relationship": "Outer",
                            "Parallel Aware": true,
                            "Relation Name": "title",
                            "Alias": "t",
                            "Startup Cost": 0.0,
                            "Total Cost": 50870.31,
                            "Plan Rows": 1487231,
                            "Plan Width": 4,
                            "Actual Startup Time": 0.016,
                            "Actual Total Time": 146.386,
                            "Actual Rows": 1264156,
                            "Actual Loops": 2
                          },
                          {
                            "Node Type": "Hash",
                            "Parent Relationship": "Inner",
                            "Parallel Aware": true,
                            "Startup Cost": 34288.23,
                            "Total Cost": 34288.23,
                            "Plan Rows": 147786,
                            "Plan Width": 4,
                            "Actual Startup Time": 158.766,
                            "Actual Total Time": 158.767,
                            "Actual Rows": 185612,
                            "Actual Loops": 2,
                            "Hash Buckets": 524288,
                            "Original Hash Buckets": 262144,
                            "Hash Batches": 1,
                            "Original Hash Batches": 1,
                            "Peak Memory Usage": 20704,
                            "Plans": [
                              {
                                "Node Type": "Bitmap Heap Scan",
                                "Parent Relationship": "Outer",
                                "Parallel Aware": true,
                                "Relation Name": "movie_companies",
                                "Alias": "mc",
                                "Startup Cost": 10994.99,
                                "Total Cost": 34288.23,
                                "Plan Rows": 147786,
                                "Plan Width": 4,
                                "Actual Startup Time": 39.327,
                                "Actual Total Time": 114.153,
                                "Actual Rows": 185612,
                                "Actual Loops": 2,
                                "Recheck Cond": "(company_id < 464)",
                                "Rows Removed by Index Recheck": 0,
                                "Filter": "(company_type_id = 1)",
                                "Rows Removed by Filter": 68216,
                                "Exact Heap Blocks": 13352,
                                "Lossy Heap Blocks": 0,
                                "Plans": [
                                  {
                                    "Node Type": "Bitmap Index Scan",
                                    "Parent Relationship": "Outer",
                                    "Parallel Aware": false,
                                    "Index Name": "company_id_movie_companies",
                                    "Startup Cost": 0.0,
                                    "Total Cost": 10932.18,
                                    "Plan Rows": 510367,
                                    "Plan Width": 0,
                                    "Actual Startup Time": 37.176,
                                    "Actual Total Time": 37.176,
                                    "Actual Rows": 507655,
                                    "Actual Loops": 1,
                                    "Index Cond": "(company_id < 464)"
                                  }
                                ]
                              }
                            ]
                          }
                        ]
                      }
                    ]
                  }
                ]
              }
            ]
          }
        ]
      }
    ]
  },
  "Planning Time": 0.765,
  "Triggers": [],
  "Execution Time": 931.818
}