[
    {
        "Bao": {
            "Bao prediction": "NaN",
            "Bao recommended hint": "(no hint)"
        }
    },
    {
        "Plan": {
            "Node Type": "Aggregate",
            "Strategy": "Plain",
            "Partial Mode": "Finalize",
            "Parallel Aware": false,
            "Startup Cost": 361472.81,
            "Total Cost": 361472.82,
            "Plan Rows": 1,
            "Plan Width": 8,
            "Actual Startup Time": 450.827,
            "Actual Total Time": 460.102,
            "Actual Rows": 1,
            "Actual Loops": 1,
            "Output": [
                "count(*)"
            ],
            "Plans": [
                {
                    "Node Type": "Gather",
                    "Parent Relationship": "Outer",
                    "Parallel Aware": false,
                    "Startup Cost": 361472.18,
                    "Total Cost": 361472.79,
                    "Plan Rows": 6,
                    "Plan Width": 8,
                    "Actual Startup Time": 445.597,
                    "Actual Total Time": 460.094,
                    "Actual Rows": 7,
                    "Actual Loops": 1,
                    "Output": [
                        "(PARTIAL count(*))"
                    ],
                    "Workers Planned": 6,
                    "Workers Launched": 6,
                    "Single Copy": false,
                    "Plans": [
                        {
                            "Node Type": "Aggregate",
                            "Strategy": "Plain",
                            "Partial Mode": "Partial",
                            "Parent Relationship": "Outer",
                            "Parallel Aware": false,
                            "Startup Cost": 360472.18,
                            "Total Cost": 360472.19,
                            "Plan Rows": 1,
                            "Plan Width": 8,
                            "Actual Startup Time": 435.201,
                            "Actual Total Time": 435.205,
                            "Actual Rows": 1,
                            "Actual Loops": 7,
                            "Output": [
                                "PARTIAL count(*)"
                            ],
                            "Workers": [
                                {
                                    "Worker Number": 0,
                                    "Actual Startup Time": 432.578,
                                    "Actual Total Time": 432.581,
                                    "Actual Rows": 1,
                                    "Actual Loops": 1
                                },
                                {
                                    "Worker Number": 1,
                                    "Actual Startup Time": 432.907,
                                    "Actual Total Time": 432.911,
                                    "Actual Rows": 1,
                                    "Actual Loops": 1
                                },
                                {
                                    "Worker Number": 2,
                                    "Actual Startup Time": 433.284,
                                    "Actual Total Time": 433.287,
                                    "Actual Rows": 1,
                                    "Actual Loops": 1
                                },
                                {
                                    "Worker Number": 3,
                                    "Actual Startup Time": 433.18,
                                    "Actual Total Time": 433.183,
                                    "Actual Rows": 1,
                                    "Actual Loops": 1
                                },
                                {
                                    "Worker Number": 4,
                                    "Actual Startup Time": 434.177,
                                    "Actual Total Time": 434.18,
                                    "Actual Rows": 1,
                                    "Actual Loops": 1
                                },
                                {
                                    "Worker Number": 5,
                                    "Actual Startup Time": 435.077,
                                    "Actual Total Time": 435.081,
                                    "Actual Rows": 1,
                                    "Actual Loops": 1
                                }
                            ],
                            "Plans": [
                                {
                                    "Node Type": "Hash Join",
                                    "Parent Relationship": "Outer",
                                    "Parallel Aware": true,
                                    "Join Type": "Inner",
                                    "Startup Cost": 101204.99,
                                    "Total Cost": 360195.52,
                                    "Plan Rows": 110664,
                                    "Plan Width": 0,
                                    "Actual Startup Time": 247.487,
                                    "Actual Total Time": 427.898,
                                    "Actual Rows": 106235,
                                    "Actual Loops": 7,
                                    "Inner Unique": true,
                                    "Hash Cond": "(ci.movie_id = t.id)",
                                    "Workers": [
                                        {
                                            "Worker Number": 0,
                                            "Actual Startup Time": 245.014,
                                            "Actual Total Time": 425.341,
                                            "Actual Rows": 120966,
                                            "Actual Loops": 1
                                        },
                                        {
                                            "Worker Number": 1,
                                            "Actual Startup Time": 245.683,
                                            "Actual Total Time": 425.186,
                                            "Actual Rows": 91897,
                                            "Actual Loops": 1
                                        },
                                        {
                                            "Worker Number": 2,
                                            "Actual Startup Time": 245.494,
                                            "Actual Total Time": 425.279,
                                            "Actual Rows": 92327,
                                            "Actual Loops": 1
                                        },
                                        {
                                            "Worker Number": 3,
                                            "Actual Startup Time": 245.702,
                                            "Actual Total Time": 425.411,
                                            "Actual Rows": 91418,
                                            "Actual Loops": 1
                                        },
                                        {
                                            "Worker Number": 4,
                                            "Actual Startup Time": 246.638,
                                            "Actual Total Time": 426.829,
                                            "Actual Rows": 123181,
                                            "Actual Loops": 1
                                        },
                                        {
                                            "Worker Number": 5,
                                            "Actual Startup Time": 246.871,
                                            "Actual Total Time": 427.222,
                                            "Actual Rows": 91955,
                                            "Actual Loops": 1
                                        }
                                    ],
                                    "Plans": [
                                        {
                                            "Node Type": "Bitmap Heap Scan",
                                            "Parent Relationship": "Outer",
                                            "Parallel Aware": true,
                                            "Relation Name": "cast_info",
                                            "Schema": "public",
                                            "Alias": "ci",
                                            "Startup Cost": 55208.01,
                                            "Total Cost": 313104.54,
                                            "Plan Rows": 416762,
                                            "Plan Width": 4,
                                            "Actual Startup Time": 137.075,
                                            "Actual Total Time": 205.671,
                                            "Actual Rows": 358178,
                                            "Actual Loops": 7,
                                            "Output": [
                                                "ci.id",
                                                "ci.person_id",
                                                "ci.movie_id",
                                                "ci.person_role_id",
                                                "ci.note",
                                                "ci.nr_order",
                                                "ci.role_id"
                                            ],
                                            "Recheck Cond": "(ci.person_id < 243044)",
                                            "Rows Removed by Index Recheck": 0,
                                            "Exact Heap Blocks": 4705,
                                            "Lossy Heap Blocks": 0,
                                            "Workers": [
                                                {
                                                    "Worker Number": 0,
                                                    "Actual Startup Time": 137.145,
                                                    "Actual Total Time": 205.185,
                                                    "Actual Rows": 410049,
                                                    "Actual Loops": 1
                                                },
                                                {
                                                    "Worker Number": 1,
                                                    "Actual Startup Time": 137.5,
                                                    "Actual Total Time": 208.294,
                                                    "Actual Rows": 309101,
                                                    "Actual Loops": 1
                                                },
                                                {
                                                    "Worker Number": 2,
                                                    "Actual Startup Time": 136.902,
                                                    "Actual Total Time": 207.398,
                                                    "Actual Rows": 310170,
                                                    "Actual Loops": 1
                                                },
                                                {
                                                    "Worker Number": 3,
                                                    "Actual Startup Time": 137.31,
                                                    "Actual Total Time": 208.324,
                                                    "Actual Rows": 310011,
                                                    "Actual Loops": 1
                                                },
                                                {
                                                    "Worker Number": 4,
                                                    "Actual Startup Time": 137.06,
                                                    "Actual Total Time": 205.203,
                                                    "Actual Rows": 409832,
                                                    "Actual Loops": 1
                                                },
                                                {
                                                    "Worker Number": 5,
                                                    "Actual Startup Time": 136.955,
                                                    "Actual Total Time": 207.879,
                                                    "Actual Rows": 309895,
                                                    "Actual Loops": 1
                                                }
                                            ],
                                            "Plans": [
                                                {
                                                    "Node Type": "Bitmap Index Scan",
                                                    "Parent Relationship": "Outer",
                                                    "Parallel Aware": false,
                                                    "Index Name": "person_id_cast_info",
                                                    "Startup Cost": 0.0,
                                                    "Total Cost": 54582.87,
                                                    "Plan Rows": 2500574,
                                                    "Plan Width": 0,
                                                    "Actual Startup Time": 132.774,
                                                    "Actual Total Time": 132.775,
                                                    "Actual Rows": 2507246,
                                                    "Actual Loops": 1,
                                                    "Index Cond": "(ci.person_id < 243044)"
                                                }
                                            ]
                                        },
                                        {
                                            "Node Type": "Hash",
                                            "Parent Relationship": "Inner",
                                            "Parallel Aware": true,
                                            "Startup Cost": 43899.01,
                                            "Total Cost": 43899.01,
                                            "Plan Rows": 167838,
                                            "Plan Width": 4,
                                            "Actual Startup Time": 108.11,
                                            "Actual Total Time": 108.111,
                                            "Actual Rows": 94689,
                                            "Actual Loops": 7,
                                            "Output": [
                                                "t.id"
                                            ],
                                            "Hash Buckets": 1048576,
                                            "Original Hash Buckets": 1048576,
                                            "Hash Batches": 1,
                                            "Original Hash Batches": 1,
                                            "Peak Memory Usage": 34272,
                                            "Workers": [
                                                {
                                                    "Worker Number": 0,
                                                    "Actual Startup Time": 107.286,
                                                    "Actual Total Time": 107.287,
                                                    "Actual Rows": 115546,
                                                    "Actual Loops": 1
                                                },
                                                {
                                                    "Worker Number": 1,
                                                    "Actual Startup Time": 107.646,
                                                    "Actual Total Time": 107.647,
                                                    "Actual Rows": 77971,
                                                    "Actual Loops": 1
                                                },
                                                {
                                                    "Worker Number": 2,
                                                    "Actual Startup Time": 107.85,
                                                    "Actual Total Time": 107.85,
                                                    "Actual Rows": 77515,
                                                    "Actual Loops": 1
                                                },
                                                {
                                                    "Worker Number": 3,
                                                    "Actual Startup Time": 107.937,
                                                    "Actual Total Time": 107.938,
                                                    "Actual Rows": 78842,
                                                    "Actual Loops": 1
                                                },
                                                {
                                                    "Worker Number": 4,
                                                    "Actual Startup Time": 108.82,
                                                    "Actual Total Time": 108.821,
                                                    "Actual Rows": 115574,
                                                    "Actual Loops": 1
                                                },
                                                {
                                                    "Worker Number": 5,
                                                    "Actual Startup Time": 109.272,
                                                    "Actual Total Time": 109.273,
                                                    "Actual Rows": 79350,
                                                    "Actual Loops": 1
                                                }
                                            ],
                                            "Plans": [
                                                {
                                                    "Node Type": "Seq Scan",
                                                    "Parent Relationship": "Outer",
                                                    "Parallel Aware": true,
                                                    "Relation Name": "title",
                                                    "Schema": "public",
                                                    "Alias": "t",
                                                    "Startup Cost": 0.0,
                                                    "Total Cost": 43899.01,
                                                    "Plan Rows": 167838,
                                                    "Plan Width": 4,
                                                    "Actual Startup Time": 35.99,
                                                    "Actual Total Time": 70.798,
                                                    "Actual Rows": 94689,
                                                    "Actual Loops": 7,
                                                    "Output": [
                                                        "t.id"
                                                    ],
                                                    "Filter": "(t.kind_id = 1)",
                                                    "Rows Removed by Filter": 266498,
                                                    "Workers": [
                                                        {
                                                            "Worker Number": 0,
                                                            "Actual Startup Time": 40.591,
                                                            "Actual Total Time": 70.34,
                                                            "Actual Rows": 115546,
                                                            "Actual Loops": 1
                                                        },
                                                        {
                                                            "Worker Number": 1,
                                                            "Actual Startup Time": 41.023,
                                                            "Actual Total Time": 72.091,
                                                            "Actual Rows": 77971,
                                                            "Actual Loops": 1
                                                        },
                                                        {
                                                            "Worker Number": 2,
                                                            "Actual Startup Time": 41.495,
                                                            "Actual Total Time": 71.748,
                                                            "Actual Rows": 77515,
                                                            "Actual Loops": 1
                                                        },
                                                        {
                                                            "Worker Number": 3,
                                                            "Actual Startup Time": 41.334,
                                                            "Actual Total Time": 72.157,
                                                            "Actual Rows": 78842,
                                                            "Actual Loops": 1
                                                        },
                                                        {
                                                            "Worker Number": 4,
                                                            "Actual Startup Time": 41.281,
                                                            "Actual Total Time": 70.704,
                                                            "Actual Rows": 115574,
                                                            "Actual Loops": 1
                                                        },
                                                        {
                                                            "Worker Number": 5,
                                                            "Actual Startup Time": 41.431,
                                                            "Actual Total Time": 72.389,
                                                            "Actual Rows": 79350,
                                                            "Actual Loops": 1
                                                        }
                                                    ]
                                                }
                                            ]
                                        }
                                    ]
                                }
                            ]
                        }
                    ]
                }
            ]
        },
        "Planning Time": 199.487,
        "Triggers": [],
        "Execution Time": 460.174
    }
]