[
    {
        "Bao": {
            "Bao prediction": 447.07,
            "Bao recommended hint": "(no hint)"
        }
    },
    {
        "Plan": {
            "Node Type": "Aggregate",
            "Strategy": "Plain",
            "Partial Mode": "Finalize",
            "Parallel Aware": false,
            "Startup Cost": 33046.17,
            "Total Cost": 33046.18,
            "Plan Rows": 1,
            "Plan Width": 8,
            "Actual Startup Time": 114.162,
            "Actual Total Time": 120.744,
            "Actual Rows": 1,
            "Actual Loops": 1,
            "Output": [
                "count(*)"
            ],
            "Plans": [
                {
                    "Node Type": "Gather",
                    "Parent Relationship": "Outer",
                    "Parallel Aware": false,
                    "Startup Cost": 33045.86,
                    "Total Cost": 33046.17,
                    "Plan Rows": 3,
                    "Plan Width": 8,
                    "Actual Startup Time": 114.027,
                    "Actual Total Time": 120.736,
                    "Actual Rows": 4,
                    "Actual Loops": 1,
                    "Output": [
                        "(PARTIAL count(*))"
                    ],
                    "Workers Planned": 3,
                    "Workers Launched": 3,
                    "Single Copy": false,
                    "Plans": [
                        {
                            "Node Type": "Aggregate",
                            "Strategy": "Plain",
                            "Partial Mode": "Partial",
                            "Parent Relationship": "Outer",
                            "Parallel Aware": false,
                            "Startup Cost": 32045.86,
                            "Total Cost": 32045.87,
                            "Plan Rows": 1,
                            "Plan Width": 8,
                            "Actual Startup Time": 106.346,
                            "Actual Total Time": 106.347,
                            "Actual Rows": 1,
                            "Actual Loops": 4,
                            "Output": [
                                "PARTIAL count(*)"
                            ],
                            "Workers": [
                                {
                                    "Worker Number": 0,
                                    "Actual Startup Time": 103.845,
                                    "Actual Total Time": 103.846,
                                    "Actual Rows": 1,
                                    "Actual Loops": 1
                                },
                                {
                                    "Worker Number": 1,
                                    "Actual Startup Time": 103.972,
                                    "Actual Total Time": 103.973,
                                    "Actual Rows": 1,
                                    "Actual Loops": 1
                                },
                                {
                                    "Worker Number": 2,
                                    "Actual Startup Time": 104.112,
                                    "Actual Total Time": 104.113,
                                    "Actual Rows": 1,
                                    "Actual Loops": 1
                                }
                            ],
                            "Plans": [
                                {
                                    "Node Type": "Seq Scan",
                                    "Parent Relationship": "Outer",
                                    "Parallel Aware": true,
                                    "Relation Name": "movie_companies",
                                    "Schema": "public",
                                    "Alias": "mc",
                                    "Startup Cost": 0.0,
                                    "Total Cost": 31414.82,
                                    "Plan Rows": 252415,
                                    "Plan Width": 0,
                                    "Actual Startup Time": 7.747,
                                    "Actual Total Time": 96.604,
                                    "Actual Rows": 141719,
                                    "Actual Loops": 4,
                                    "Output": [
                                        "id",
                                        "movie_id",
                                        "company_id",
                                        "company_type_id",
                                        "note"
                                    ],
                                    "Filter": "((mc.company_id > 5197) AND (mc.company_type_id < 2))",
                                    "Rows Removed by Filter": 510563,
                                    "Workers": [
                                        {
                                            "Worker Number": 0,
                                            "Actual Startup Time": 5.249,
                                            "Actual Total Time": 94.397,
                                            "Actual Rows": 134868,
                                            "Actual Loops": 1
                                        },
                                        {
                                            "Worker Number": 1,
                                            "Actual Startup Time": 5.364,
                                            "Actual Total Time": 94.523,
                                            "Actual Rows": 135458,
                                            "Actual Loops": 1
                                        },
                                        {
                                            "Worker Number": 2,
                                            "Actual Startup Time": 5.527,
                                            "Actual Total Time": 95.038,
                                            "Actual Rows": 128611,
                                            "Actual Loops": 1
                                        }
                                    ]
                                }
                            ]
                        }
                    ]
                }
            ]
        },
        "Planning Time": 1187.414,
        "Triggers": [],
        "Execution Time": 120.829
    }
]