[
  {
    "Plan": {
      "Node Type": "Aggregate",
      "Strategy": "Plain",
      "Partial Mode": "Finalize",
      "Parallel Aware": false,
      "Startup Cost": 45685.06,
      "Total Cost": 45685.07,
      "Plan Rows": 1,
      "Plan Width": 8,
      "Actual Startup Time": 187.284,
      "Actual Total Time": 199.863,
      "Actual Rows": 1,
      "Actual Loops": 1,
      "Plans": [
        {
          "Node Type": "Gather",
          "Parent Relationship": "Outer",
          "Parallel Aware": false,
          "Startup Cost": 45684.74,
          "Total Cost": 45685.05,
          "Plan Rows": 3,
          "Plan Width": 8,
          "Actual Startup Time": 187.046,
          "Actual Total Time": 199.853,
          "Actual Rows": 4,
          "Actual Loops": 1,
          "Workers Planned": 3,
          "Workers Launched": 3,
          "Single Copy": false,
          "Plans": [
            {
              "Node Type": "Aggregate",
              "Strategy": "Plain",
              "Partial Mode": "Partial",
              "Parent Relationship": "Outer",
              "Parallel Aware": false,
              "Startup Cost": 44684.74,
              "Total Cost": 44684.75,
              "Plan Rows": 1,
              "Plan Width": 8,
              "Actual Startup Time": 181.23,
              "Actual Total Time": 181.231,
              "Actual Rows": 1,
              "Actual Loops": 4,
              "Plans": [
                {
                  "Node Type": "Seq Scan",
                  "Parent Relationship": "Outer",
                  "Parallel Aware": true,
                  "Relation Name": "movie_keyword",
                  "Alias": "mk",
                  "Startup Cost": 0.0,
                  "Total Cost": 42695.65,
                  "Plan Rows": 795634,
                  "Plan Width": 0,
                  "Actual Startup Time": 0.045,
                  "Actual Total Time": 144.653,
                  "Actual Rows": 616941,
                  "Actual Loops": 4,
                  "Filter": "(keyword_id < 5943)",
                  "Rows Removed by Filter": 514042
                }
              ]
            }
          ]
        }
      ]
    },
    "Planning Time": 0.181,
    "Triggers": [],
    "Execution Time": 199.919
  }
]