[
  {
    "Plan": {
      "Node Type": "Aggregate",
      "Strategy": "Plain",
      "Partial Mode": "Finalize",
      "Parallel Aware": false,
      "Startup Cost": 386325.54,
      "Total Cost": 386325.55,
      "Plan Rows": 1,
      "Plan Width": 8,
      "Actual Startup Time": 1834.624,
      "Actual Total Time": 1876.541,
      "Actual Rows": 1,
      "Actual Loops": 1,
      "Plans": [
        {
          "Node Type": "Gather",
          "Parent Relationship": "Outer",
          "Parallel Aware": false,
          "Startup Cost": 386325.33,
          "Total Cost": 386325.54,
          "Plan Rows": 2,
          "Plan Width": 8,
          "Actual Startup Time": 1813.628,
          "Actual Total Time": 1876.53,
          "Actual Rows": 3,
          "Actual Loops": 1,
          "Workers Planned": 2,
          "Workers Launched": 2,
          "Single Copy": false,
          "Plans": [
            {
              "Node Type": "Aggregate",
              "Strategy": "Plain",
              "Partial Mode": "Partial",
              "Parent Relationship": "Outer",
              "Parallel Aware": false,
              "Startup Cost": 385325.33,
              "Total Cost": 385325.34,
              "Plan Rows": 1,
              "Plan Width": 8,
              "Actual Startup Time": 1801.929,
              "Actual Total Time": 1801.938,
              "Actual Rows": 1,
              "Actual Loops": 3,
              "Plans": [
                {
                  "Node Type": "Hash Join",
                  "Parent Relationship": "Outer",
                  "Parallel Aware": true,
                  "Join Type": "Inner",
                  "Startup Cost": 367200.58,
                  "Total Cost": 383955.35,
                  "Plan Rows": 547992,
                  "Plan Width": 0,
                  "Actual Startup Time": 1511.264,
                  "Actual Total Time": 1755.063,
                  "Actual Rows": 968732,
                  "Actual Loops": 3,
                  "Inner Unique": false,
                  "Hash Cond": "(mi_idx.movie_id = t.id)",
                  "Plans": [
                    {
                      "Node Type": "Seq Scan",
                      "Parent Relationship": "Outer",
                      "Parallel Aware": true,
                      "Relation Name": "movie_info_idx",
                      "Alias": "mi_idx",
                      "Startup Cost": 0.0,
                      "Total Cost": 13685.15,
                      "Plan Rows": 575015,
                      "Plan Width": 4,
                      "Actual Startup Time": 0.018,
                      "Actual Total Time": 42.925,
                      "Actual Rows": 460012,
                      "Actual Loops": 3
                    },
                    {
                      "Node Type": "Hash",
                      "Parent Relationship": "Inner",
                      "Parallel Aware": true,
                      "Startup Cost": 362180.58,
                      "Total Cost": 362180.58,
                      "Plan Rows": 401600,
                      "Plan Width": 8,
                      "Actual Startup Time": 1501.134,
                      "Actual Total Time": 1501.141,
                      "Actual Rows": 828446,
                      "Actual Loops": 3,
                      "Hash Buckets": 4194304,
                      "Original Hash Buckets": 4194304,
                      "Hash Batches": 1,
                      "Original Hash Batches": 1,
                      "Peak Memory Usage": 130048,
                      "Plans": [
                        {
                          "Node Type": "Hash Join",
                          "Parent Relationship": "Outer",
                          "Parallel Aware": true,
                          "Join Type": "Inner",
                          "Startup Cost": 103419.37,
                          "Total Cost": 362180.58,
                          "Plan Rows": 401600,
                          "Plan Width": 8,
                          "Actual Startup Time": 582.873,
                          "Actual Total Time": 1174.51,
                          "Actual Rows": 828446,
                          "Actual Loops": 3,
                          "Inner Unique": true,
                          "Hash Cond": "(ci.movie_id = t.id)",
                          "Plans": [
                            {
                              "Node Type": "Bitmap Heap Scan",
                              "Parent Relationship": "Outer",
                              "Parallel Aware": true,
                              "Relation Name": "cast_info",
                              "Alias": "ci",
                              "Startup Cost": 53198.99,
                              "Total Cost": 310905.99,
                              "Plan Rows": 401600,
                              "Plan Width": 4,
                              "Actual Startup Time": 90.63,
                              "Actual Total Time": 224.395,
                              "Actual Rows": 828446,
                              "Actual Loops": 3,
                              "Recheck Cond": "(person_id < 241083)",
                              "Rows Removed by Index Recheck": 0,
                              "Exact Heap Blocks": 9388,
                              "Lossy Heap Blocks": 0,
                              "Plans": [
                                {
                                  "Node Type": "Bitmap Index Scan",
                                  "Parent Relationship": "Outer",
                                  "Parallel Aware": false,
                                  "Index Name": "person_id_cast_info",
                                  "Startup Cost": 0.0,
                                  "Total Cost": 52596.59,
                                  "Plan Rows": 2409603,
                                  "Plan Width": 0,
                                  "Actual Startup Time": 86.713,
                                  "Actual Total Time": 86.713,
                                  "Actual Rows": 2485338,
                                  "Actual Loops": 1,
                                  "Index Cond": "(person_id < 241083)"
                                }
                              ]
                            },
                            {
                              "Node Type": "Hash",
                              "Parent Relationship": "Inner",
                              "Parallel Aware": true,
                              "Startup Cost": 42319.06,
                              "Total Cost": 42319.06,
                              "Plan Rows": 632106,
                              "Plan Width": 4,
                              "Actual Startup Time": 482.827,
                              "Actual Total Time": 482.829,
                              "Actual Rows": 842771,
                              "Actual Loops": 3,
                              "Hash Buckets": 4194304,
                              "Original Hash Buckets": 4194304,
                              "Hash Batches": 1,
                              "Original Hash Batches": 1,
                              "Peak Memory Usage": 131712,
                              "Plans": [
                                {
                                  "Node Type": "Seq Scan",
                                  "Parent Relationship": "Outer",
                                  "Parallel Aware": true,
                                  "Relation Name": "title",
                                  "Alias": "t",
                                  "Startup Cost": 0.0,
                                  "Total Cost": 42319.06,
                                  "Plan Rows": 632106,
                                  "Plan Width": 4,
                                  "Actual Startup Time": 0.06,
                                  "Actual Total Time": 135.785,
                                  "Actual Rows": 842771,
                                  "Actual Loops": 3
                                }
                              ]
                            }
                          ]
                        }
                      ]
                    }
                  ]
                }
              ]
            }
          ]
        }
      ]
    },
    "Planning Time": 0.792,
    "Triggers": [],
    "Execution Time": 1876.603
  }
]