{
  "Plan": {
    "Node Type": "Aggregate",
    "Strategy": "Plain",
    "Partial Mode": "Finalize",
    "Parallel Aware": false,
    "Startup Cost": 877787.58,
    "Total Cost": 877787.59,
    "Plan Rows": 1,
    "Plan Width": 8,
    "Actual Startup Time": 6236.572,
    "Actual Total Time": 6302.788,
    "Actual Rows": 1,
    "Actual Loops": 1,
    "Plans": [
      {
        "Node Type": "Gather",
        "Parent Relationship": "Outer",
        "Parallel Aware": false,
        "Startup Cost": 877787.46,
        "Total Cost": 877787.57,
        "Plan Rows": 1,
        "Plan Width": 8,
        "Actual Startup Time": 6222.762,
        "Actual Total Time": 6302.777,
        "Actual Rows": 2,
        "Actual Loops": 1,
        "Workers Planned": 1,
        "Workers Launched": 1,
        "Single Copy": false,
        "Plans": [
          {
            "Node Type": "Aggregate",
            "Strategy": "Plain",
            "Partial Mode": "Partial",
            "Parent Relationship": "Outer",
            "Parallel Aware": false,
            "Startup Cost": 876787.46,
            "Total Cost": 876787.47,
            "Plan Rows": 1,
            "Plan Width": 8,
            "Actual Startup Time": 6196.206,
            "Actual Total Time": 6198.416,
            "Actual Rows": 1,
            "Actual Loops": 2,
            "Plans": [
              {
                "Node Type": "Hash Join",
                "Parent Relationship": "Outer",
                "Parallel Aware": true,
                "Join Type": "Inner",
                "Startup Cost": 722458.58,
                "Total Cost": 852934.19,
                "Plan Rows": 9541308,
                "Plan Width": 0,
                "Actual Startup Time": 4256.965,
                "Actual Total Time": 5627.14,
                "Actual Rows": 13268926,
                "Actual Loops": 2,
                "Inner Unique": false,
                "Hash Cond": "(mk.movie_id = t.id)",
                "Plans": [
                  {
                    "Node Type": "Seq Scan",
                    "Parent Relationship": "Outer",
                    "Parallel Aware": true,
                    "Relation Name": "movie_keyword",
                    "Alias": "mk",
                    "Startup Cost": 0.0,
                    "Total Cost": 51065.35,
                    "Plan Rows": 2661135,
                    "Plan Width": 4,
                    "Actual Startup Time": 0.016,
                    "Actual Total Time": 153.244,
                    "Actual Rows": 2261965,
                    "Actual Loops": 2
                  },
                  {
                    "Node Type": "Hash",
                    "Parent Relationship": "Inner",
                    "Parallel Aware": true,
                    "Startup Cost": 655804.09,
                    "Total Cost": 655804.09,
                    "Plan Rows": 5332359,
                    "Plan Width": 8,
                    "Actual Startup Time": 4200.883,
                    "Actual Total Time": 4203.091,
                    "Actual Rows": 2776378,
                    "Actual Loops": 2,
                    "Hash Buckets": 16777216,
                    "Original Hash Buckets": 16777216,
                    "Hash Batches": 1,
                    "Original Hash Batches": 1,
                    "Peak Memory Usage": 348352,
                    "Plans": [
                      {
                        "Node Type": "Hash Join",
                        "Parent Relationship": "Outer",
                        "Parallel Aware": true,
                        "Join Type": "Inner",
                        "Startup Cost": 69460.7,
                        "Total Cost": 655804.09,
                        "Plan Rows": 5332359,
                        "Plan Width": 8,
                        "Actual Startup Time": 1045.138,
                        "Actual Total Time": 3269.742,
                        "Actual Rows": 2776378,
                        "Actual Loops": 2,
                        "Inner Unique": true,
                        "Hash Cond": "(ci.movie_id = t.id)",
                        "Plans": [
                          {
                            "Node Type": "Seq Scan",
                            "Parent Relationship": "Outer",
                            "Parallel Aware": true,
                            "Relation Name": "cast_info",
                            "Alias": "ci",
                            "Startup Cost": 0.0,
                            "Total Cost": 572345.93,
                            "Plan Rows": 5332359,
                            "Plan Width": 4,
                            "Actual Startup Time": 546.093,
                            "Actual Total Time": 1508.281,
                            "Actual Rows": 2776378,
                            "Actual Loops": 2,
                            "Filter": "((person_id > 1979024) AND (role_id < 3))",
                            "Rows Removed by Filter": 15345794
                          },
                          {
                            "Node Type": "Hash",
                            "Parent Relationship": "Inner",
                            "Parallel Aware": true,
                            "Startup Cost": 50870.31,
                            "Total Cost": 50870.31,
                            "Plan Rows": 1487231,
                            "Plan Width": 4,
                            "Actual Startup Time": 488.062,
                            "Actual Total Time": 488.063,
                            "Actual Rows": 1264156,
                            "Actual Loops": 2,
                            "Hash Buckets": 4194304,
                            "Original Hash Buckets": 4194304,
                            "Hash Batches": 1,
                            "Original Hash Batches": 1,
                            "Peak Memory Usage": 131712,
                            "Plans": [
                              {
                                "Node Type": "Seq Scan",
                                "Parent Relationship": "Outer",
                                "Parallel Aware": true,
                                "Relation Name": "title",
                                "Alias": "t",
                                "Startup Cost": 0.0,
                                "Total Cost": 50870.31,
                                "Plan Rows": 1487231,
                                "Plan Width": 4,
                                "Actual Startup Time": 0.037,
                                "Actual Total Time": 148.527,
                                "Actual Rows": 1264156,
                                "Actual Loops": 2
                              }
                            ]
                          }
                        ]
                      }
                    ]
                  }
                ]
              }
            ]
          }
        ]
      }
    ]
  },
  "Planning Time": 1.154,
  "Triggers": [],
  "Execution Time": 6302.889
}