[
  {
    "Plan": {
      "Node Type": "Aggregate",
      "Strategy": "Plain",
      "Partial Mode": "Finalize",
      "Parallel Aware": false,
      "Startup Cost": 209419.32,
      "Total Cost": 209419.33,
      "Plan Rows": 1,
      "Plan Width": 8,
      "Actual Startup Time": 127.079,
      "Actual Total Time": 143.996,
      "Actual Rows": 1,
      "Actual Loops": 1,
      "Plans": [
        {
          "Node Type": "Gather",
          "Parent Relationship": "Outer",
          "Parallel Aware": false,
          "Startup Cost": 209418.9,
          "Total Cost": 209419.31,
          "Plan Rows": 4,
          "Plan Width": 8,
          "Actual Startup Time": 126.948,
          "Actual Total Time": 143.979,
          "Actual Rows": 5,
          "Actual Loops": 1,
          "Workers Planned": 4,
          "Workers Launched": 4,
          "Single Copy": false,
          "Plans": [
            {
              "Node Type": "Aggregate",
              "Strategy": "Plain",
              "Partial Mode": "Partial",
              "Parent Relationship": "Outer",
              "Parallel Aware": false,
              "Startup Cost": 208418.9,
              "Total Cost": 208418.91,
              "Plan Rows": 1,
              "Plan Width": 8,
              "Actual Startup Time": 116.838,
              "Actual Total Time": 116.839,
              "Actual Rows": 1,
              "Actual Loops": 5,
              "Plans": [
                {
                  "Node Type": "Nested Loop",
                  "Parent Relationship": "Outer",
                  "Parallel Aware": false,
                  "Join Type": "Inner",
                  "Startup Cost": 0.43,
                  "Total Cost": 208408.59,
                  "Plan Rows": 4123,
                  "Plan Width": 0,
                  "Actual Startup Time": 1.531,
                  "Actual Total Time": 116.485,
                  "Actual Rows": 2908,
                  "Actual Loops": 5,
                  "Inner Unique": false,
                  "Plans": [
                    {
                      "Node Type": "Seq Scan",
                      "Parent Relationship": "Outer",
                      "Parallel Aware": true,
                      "Relation Name": "title",
                      "Alias": "t",
                      "Startup Cost": 0.0,
                      "Total Cost": 45479.1,
                      "Plan Rows": 1789,
                      "Plan Width": 4,
                      "Actual Startup Time": 0.426,
                      "Actual Total Time": 84.961,
                      "Actual Rows": 1472,
                      "Actual Loops": 5,
                      "Filter": "((kind_id > 2) AND (production_year = 1963))",
                      "Rows Removed by Filter": 504190
                    },
                    {
                      "Node Type": "Index Scan",
                      "Parent Relationship": "Inner",
                      "Parallel Aware": false,
                      "Scan Direction": "Forward",
                      "Index Name": "movie_id_movie_info",
                      "Relation Name": "movie_info",
                      "Alias": "mi",
                      "Startup Cost": 0.43,
                      "Total Cost": 90.9,
                      "Plan Rows": 17,
                      "Plan Width": 4,
                      "Actual Startup Time": 0.011,
                      "Actual Total Time": 0.021,
                      "Actual Rows": 2,
                      "Actual Loops": 7360,
                      "Index Cond": "(movie_id = t.id)",
                      "Rows Removed by Index Recheck": 0,
                      "Filter": "(info_type_id < 7)",
                      "Rows Removed by Filter": 3
                    }
                  ]
                }
              ]
            }
          ]
        }
      ]
    },
    "Planning Time": 0.625,
    "Triggers": [],
    "Execution Time": 144.07
  }
]