[
    {
        "Bao": {
            "Bao prediction": "NaN",
            "Bao recommended hint": "(no hint)"
        }
    },
    {
        "Plan": {
            "Node Type": "Aggregate",
            "Strategy": "Plain",
            "Partial Mode": "Finalize",
            "Parallel Aware": false,
            "Startup Cost": 64678.94,
            "Total Cost": 64678.95,
            "Plan Rows": 1,
            "Plan Width": 8,
            "Actual Startup Time": 187.662,
            "Actual Total Time": 199.701,
            "Actual Rows": 1,
            "Actual Loops": 1,
            "Output": [
                "count(*)"
            ],
            "Plans": [
                {
                    "Node Type": "Gather",
                    "Parent Relationship": "Outer",
                    "Parallel Aware": false,
                    "Startup Cost": 64678.73,
                    "Total Cost": 64678.94,
                    "Plan Rows": 2,
                    "Plan Width": 8,
                    "Actual Startup Time": 187.579,
                    "Actual Total Time": 199.694,
                    "Actual Rows": 3,
                    "Actual Loops": 1,
                    "Output": [
                        "(PARTIAL count(*))"
                    ],
                    "Workers Planned": 2,
                    "Workers Launched": 2,
                    "Single Copy": false,
                    "Plans": [
                        {
                            "Node Type": "Aggregate",
                            "Strategy": "Plain",
                            "Partial Mode": "Partial",
                            "Parent Relationship": "Outer",
                            "Parallel Aware": false,
                            "Startup Cost": 63678.73,
                            "Total Cost": 63678.74,
                            "Plan Rows": 1,
                            "Plan Width": 8,
                            "Actual Startup Time": 179.634,
                            "Actual Total Time": 179.637,
                            "Actual Rows": 1,
                            "Actual Loops": 3,
                            "Output": [
                                "PARTIAL count(*)"
                            ],
                            "Workers": [
                                {
                                    "Worker Number": 0,
                                    "Actual Startup Time": 175.878,
                                    "Actual Total Time": 175.88,
                                    "Actual Rows": 1,
                                    "Actual Loops": 1
                                },
                                {
                                    "Worker Number": 1,
                                    "Actual Startup Time": 175.958,
                                    "Actual Total Time": 175.961,
                                    "Actual Rows": 1,
                                    "Actual Loops": 1
                                }
                            ],
                            "Plans": [
                                {
                                    "Node Type": "Nested Loop",
                                    "Parent Relationship": "Outer",
                                    "Parallel Aware": false,
                                    "Join Type": "Inner",
                                    "Startup Cost": 45540.61,
                                    "Total Cost": 63678.49,
                                    "Plan Rows": 94,
                                    "Plan Width": 0,
                                    "Actual Startup Time": 94.466,
                                    "Actual Total Time": 179.603,
                                    "Actual Rows": 232,
                                    "Actual Loops": 3,
                                    "Inner Unique": false,
                                    "Join Filter": "(t.id = mc.movie_id)",
                                    "Rows Removed by Join Filter": 0,
                                    "Workers": [
                                        {
                                            "Worker Number": 0,
                                            "Actual Startup Time": 91.655,
                                            "Actual Total Time": 175.848,
                                            "Actual Rows": 217,
                                            "Actual Loops": 1
                                        },
                                        {
                                            "Worker Number": 1,
                                            "Actual Startup Time": 90.484,
                                            "Actual Total Time": 175.925,
                                            "Actual Rows": 221,
                                            "Actual Loops": 1
                                        }
                                    ],
                                    "Plans": [
                                        {
                                            "Node Type": "Hash Join",
                                            "Parent Relationship": "Outer",
                                            "Parallel Aware": true,
                                            "Join Type": "Inner",
                                            "Startup Cost": 45540.18,
                                            "Total Cost": 61670.5,
                                            "Plan Rows": 2962,
                                            "Plan Width": 8,
                                            "Actual Startup Time": 93.626,
                                            "Actual Total Time": 154.989,
                                            "Actual Rows": 4668,
                                            "Actual Loops": 3,
                                            "Output": [
                                                "t.id",
                                                "mi_idx.movie_id"
                                            ],
                                            "Inner Unique": true,
                                            "Hash Cond": "(mi_idx.movie_id = t.id)",
                                            "Workers": [
                                                {
                                                    "Worker Number": 0,
                                                    "Actual Startup Time": 90.141,
                                                    "Actual Total Time": 147.503,
                                                    "Actual Rows": 4260,
                                                    "Actual Loops": 1
                                                },
                                                {
                                                    "Worker Number": 1,
                                                    "Actual Startup Time": 89.844,
                                                    "Actual Total Time": 147.4,
                                                    "Actual Rows": 4048,
                                                    "Actual Loops": 1
                                                }
                                            ],
                                            "Plans": [
                                                {
                                                    "Node Type": "Seq Scan",
                                                    "Parent Relationship": "Outer",
                                                    "Parallel Aware": true,
                                                    "Relation Name": "movie_info_idx",
                                                    "Schema": "public",
                                                    "Alias": "mi_idx",
                                                    "Startup Cost": 0.0,
                                                    "Total Cost": 15122.68,
                                                    "Plan Rows": 383860,
                                                    "Plan Width": 4,
                                                    "Actual Startup Time": 0.021,
                                                    "Actual Total Time": 39.453,
                                                    "Actual Rows": 306703,
                                                    "Actual Loops": 3,
                                                    "Output": [
                                                        "mi_idx.id",
                                                        "mi_idx.movie_id",
                                                        "mi_idx.info_type_id",
                                                        "mi_idx.info",
                                                        "mi_idx.note"
                                                    ],
                                                    "Filter": "(mi_idx.info_type_id > 99)",
                                                    "Rows Removed by Filter": 153308,
                                                    "Workers": [
                                                        {
                                                            "Worker Number": 0,
                                                            "Actual Startup Time": 0.025,
                                                            "Actual Total Time": 37.077,
                                                            "Actual Rows": 275502,
                                                            "Actual Loops": 1
                                                        },
                                                        {
                                                            "Worker Number": 1,
                                                            "Actual Startup Time": 0.027,
                                                            "Actual Total Time": 36.802,
                                                            "Actual Rows": 273077,
                                                            "Actual Loops": 1
                                                        }
                                                    ]
                                                },
                                                {
                                                    "Node Type": "Hash",
                                                    "Parent Relationship": "Inner",
                                                    "Parallel Aware": true,
                                                    "Startup Cost": 45479.21,
                                                    "Total Cost": 45479.21,
                                                    "Plan Rows": 4878,
                                                    "Plan Width": 4,
                                                    "Actual Startup Time": 92.834,
                                                    "Actual Total Time": 92.835,
                                                    "Actual Rows": 5264,
                                                    "Actual Loops": 3,
                                                    "Output": [
                                                        "t.id"
                                                    ],
                                                    "Hash Buckets": 32768,
                                                    "Original Hash Buckets": 32768,
                                                    "Hash Batches": 1,
                                                    "Original Hash Batches": 1,
                                                    "Peak Memory Usage": 960,
                                                    "Workers": [
                                                        {
                                                            "Worker Number": 0,
                                                            "Actual Startup Time": 89.12,
                                                            "Actual Total Time": 89.121,
                                                            "Actual Rows": 5070,
                                                            "Actual Loops": 1
                                                        },
                                                        {
                                                            "Worker Number": 1,
                                                            "Actual Startup Time": 89.185,
                                                            "Actual Total Time": 89.186,
                                                            "Actual Rows": 4910,
                                                            "Actual Loops": 1
                                                        }
                                                    ],
                                                    "Plans": [
                                                        {
                                                            "Node Type": "Seq Scan",
                                                            "Parent Relationship": "Outer",
                                                            "Parallel Aware": true,
                                                            "Relation Name": "title",
                                                            "Schema": "public",
                                                            "Alias": "t",
                                                            "Startup Cost": 0.0,
                                                            "Total Cost": 45479.21,
                                                            "Plan Rows": 4878,
                                                            "Plan Width": 4,
                                                            "Actual Startup Time": 0.447,
                                                            "Actual Total Time": 90.884,
                                                            "Actual Rows": 5264,
                                                            "Actual Loops": 3,
                                                            "Output": [
                                                                "t.id"
                                                            ],
                                                            "Filter": "((t.kind_id < 7) AND (t.production_year = 1999))",
                                                            "Rows Removed by Filter": 837507,
                                                            "Workers": [
                                                                {
                                                                    "Worker Number": 0,
                                                                    "Actual Startup Time": 1.124,
                                                                    "Actual Total Time": 87.159,
                                                                    "Actual Rows": 5070,
                                                                    "Actual Loops": 1
                                                                },
                                                                {
                                                                    "Worker Number": 1,
                                                                    "Actual Startup Time": 0.155,
                                                                    "Actual Total Time": 86.899,
                                                                    "Actual Rows": 4910,
                                                                    "Actual Loops": 1
                                                                }
                                                            ]
                                                        }
                                                    ]
                                                }
                                            ]
                                        },
                                        {
                                            "Node Type": "Index Scan",
                                            "Parent Relationship": "Inner",
                                            "Parallel Aware": false,
                                            "Scan Direction": "Forward",
                                            "Index Name": "movie_id_movie_companies",
                                            "Relation Name": "movie_companies",
                                            "Schema": "public",
                                            "Alias": "mc",
                                            "Startup Cost": 0.43,
                                            "Total Cost": 0.67,
                                            "Plan Rows": 1,
                                            "Plan Width": 4,
                                            "Actual Startup Time": 0.005,
                                            "Actual Total Time": 0.005,
                                            "Actual Rows": 0,
                                            "Actual Loops": 14003,
                                            "Output": [
                                                "mc.id",
                                                "mc.movie_id",
                                                "mc.company_id",
                                                "mc.company_type_id",
                                                "mc.note"
                                            ],
                                            "Index Cond": "(mc.movie_id = mi_idx.movie_id)",
                                            "Rows Removed by Index Recheck": 0,
                                            "Filter": "((mc.company_id < 34) AND (mc.company_type_id < 2))",
                                            "Rows Removed by Filter": 3,
                                            "Workers": [
                                                {
                                                    "Worker Number": 0,
                                                    "Actual Startup Time": 0.006,
                                                    "Actual Total Time": 0.006,
                                                    "Actual Rows": 0,
                                                    "Actual Loops": 4260
                                                },
                                                {
                                                    "Worker Number": 1,
                                                    "Actual Startup Time": 0.007,
                                                    "Actual Total Time": 0.007,
                                                    "Actual Rows": 0,
                                                    "Actual Loops": 4048
                                                }
                                            ]
                                        }
                                    ]
                                }
                            ]
                        }
                    ]
                }
            ]
        },
        "Planning Time": 208.567,
        "Triggers": [],
        "Execution Time": 199.818
    }
]