[
  {
    "Plan": {
      "Node Type": "Aggregate",
      "Strategy": "Plain",
      "Partial Mode": "Finalize",
      "Parallel Aware": false,
      "Startup Cost": 32990.42,
      "Total Cost": 32990.43,
      "Plan Rows": 1,
      "Plan Width": 8,
      "Actual Startup Time": 94.538,
      "Actual Total Time": 102.54,
      "Actual Rows": 1,
      "Actual Loops": 1,
      "Plans": [
        {
          "Node Type": "Gather",
          "Parent Relationship": "Outer",
          "Parallel Aware": false,
          "Startup Cost": 32990.1,
          "Total Cost": 32990.41,
          "Plan Rows": 3,
          "Plan Width": 8,
          "Actual Startup Time": 94.415,
          "Actual Total Time": 102.533,
          "Actual Rows": 4,
          "Actual Loops": 1,
          "Workers Planned": 3,
          "Workers Launched": 3,
          "Single Copy": false,
          "Plans": [
            {
              "Node Type": "Aggregate",
              "Strategy": "Plain",
              "Partial Mode": "Partial",
              "Parent Relationship": "Outer",
              "Parallel Aware": false,
              "Startup Cost": 31990.1,
              "Total Cost": 31990.11,
              "Plan Rows": 1,
              "Plan Width": 8,
              "Actual Startup Time": 88.993,
              "Actual Total Time": 88.994,
              "Actual Rows": 1,
              "Actual Loops": 4,
              "Plans": [
                {
                  "Node Type": "Seq Scan",
                  "Parent Relationship": "Outer",
                  "Parallel Aware": true,
                  "Relation Name": "movie_companies",
                  "Alias": "mc",
                  "Startup Cost": 0.0,
                  "Total Cost": 31414.82,
                  "Plan Rows": 230114,
                  "Plan Width": 0,
                  "Actual Startup Time": 0.037,
                  "Actual Total Time": 75.835,
                  "Actual Rows": 245826,
                  "Actual Loops": 4,
                  "Filter": "((company_id < 12929) AND (company_type_id < 2))",
                  "Rows Removed by Filter": 406456
                }
              ]
            }
          ]
        }
      ]
    },
    "Planning Time": 0.153,
    "Triggers": [],
    "Execution Time": 102.583
  }
]