{
  "Plan": {
    "Node Type": "Aggregate",
    "Strategy": "Plain",
    "Partial Mode": "Finalize",
    "Parallel Aware": false,
    "Startup Cost": 240562.82,
    "Total Cost": 240562.83,
    "Plan Rows": 1,
    "Plan Width": 8,
    "Actual Startup Time": 881.296,
    "Actual Total Time": 900.769,
    "Actual Rows": 1,
    "Actual Loops": 1,
    "Plans": [
      {
        "Node Type": "Gather",
        "Parent Relationship": "Outer",
        "Parallel Aware": false,
        "Startup Cost": 240562.7,
        "Total Cost": 240562.81,
        "Plan Rows": 1,
        "Plan Width": 8,
        "Actual Startup Time": 877.854,
        "Actual Total Time": 900.762,
        "Actual Rows": 2,
        "Actual Loops": 1,
        "Workers Planned": 1,
        "Workers Launched": 1,
        "Single Copy": false,
        "Plans": [
          {
            "Node Type": "Aggregate",
            "Strategy": "Plain",
            "Partial Mode": "Partial",
            "Parent Relationship": "Outer",
            "Parallel Aware": false,
            "Startup Cost": 239562.7,
            "Total Cost": 239562.71,
            "Plan Rows": 1,
            "Plan Width": 8,
            "Actual Startup Time": 872.068,
            "Actual Total Time": 872.07,
            "Actual Rows": 1,
            "Actual Loops": 2,
            "Plans": [
              {
                "Node Type": "Merge Join",
                "Parent Relationship": "Outer",
                "Parallel Aware": false,
                "Join Type": "Inner",
                "Startup Cost": 101877.62,
                "Total Cost": 239016.03,
                "Plan Rows": 218668,
                "Plan Width": 0,
                "Actual Startup Time": 334.744,
                "Actual Total Time": 851.005,
                "Actual Rows": 477761,
                "Actual Loops": 2,
                "Inner Unique": true,
                "Merge Cond": "(mc.movie_id = t.id)",
                "Plans": [
                  {
                    "Node Type": "Index Only Scan",
                    "Parent Relationship": "Outer",
                    "Parallel Aware": true,
                    "Scan Direction": "Forward",
                    "Index Name": "movie_id_movie_companies",
                    "Relation Name": "movie_companies",
                    "Alias": "mc",
                    "Startup Cost": 0.43,
                    "Total Cost": 129315.97,
                    "Plan Rows": 1534782,
                    "Plan Width": 4,
                    "Actual Startup Time": 0.095,
                    "Actual Total Time": 332.613,
                    "Actual Rows": 1304564,
                    "Actual Loops": 2,
                    "Heap Fetches": 2609129
                  },
                  {
                    "Node Type": "Sort",
                    "Parent Relationship": "Inner",
                    "Parallel Aware": false,
                    "Startup Cost": 101877.15,
                    "Total Cost": 102777.7,
                    "Plan Rows": 360219,
                    "Plan Width": 4,
                    "Actual Startup Time": 334.114,
                    "Actual Total Time": 389.464,
                    "Actual Rows": 469602,
                    "Actual Loops": 2,
                    "Sort Key": [
                      "t.id"
                    ],
                    "Sort Method": "quicksort",
                    "Sort Space Used": 34337,
                    "Sort Space Type": "Memory",
                    "Workers": [
                      {
                        "Worker Number": 0,
                        "Sort Method": "quicksort",
                        "Sort Space Used": 34337,
                        "Sort Space Type": "Memory"
                      }
                    ],
                    "Plans": [
                      {
                        "Node Type": "Bitmap Heap Scan",
                        "Parent Relationship": "Outer",
                        "Parallel Aware": false,
                        "Relation Name": "title",
                        "Alias": "t",
                        "Startup Cost": 17762.19,
                        "Total Cost": 68631.61,
                        "Plan Rows": 360219,
                        "Plan Width": 4,
                        "Actual Startup Time": 62.312,
                        "Actual Total Time": 224.106,
                        "Actual Rows": 470371,
                        "Actual Loops": 2,
                        "Recheck Cond": "(kind_id < 7)",
                        "Rows Removed by Index Recheck": 0,
                        "Filter": "(production_year < 1998)",
                        "Rows Removed by Filter": 514677,
                        "Exact Heap Blocks": 35472,
                        "Lossy Heap Blocks": 0,
                        "Plans": [
                          {
                            "Node Type": "Bitmap Index Scan",
                            "Parent Relationship": "Outer",
                            "Parallel Aware": false,
                            "Index Name": "kind_id_title",
                            "Startup Cost": 0.0,
                            "Total Cost": 17672.14,
                            "Plan Rows": 991428,
                            "Plan Width": 0,
                            "Actual Startup Time": 57.382,
                            "Actual Total Time": 57.382,
                            "Actual Rows": 985048,
                            "Actual Loops": 2,
                            "Index Cond": "(kind_id < 7)"
                          }
                        ]
                      }
                    ]
                  }
                ]
              }
            ]
          }
        ]
      }
    ]
  },
  "Planning Time": 0.627,
  "Triggers": [],
  "Execution Time": 904.844
}