{
  "Plan": {
    "Node Type": "Aggregate",
    "Strategy": "Plain",
    "Partial Mode": "Finalize",
    "Parallel Aware": false,
    "Startup Cost": 146319.84,
    "Total Cost": 146319.85,
    "Plan Rows": 1,
    "Plan Width": 8,
    "Actual Startup Time": 1330.578,
    "Actual Total Time": 1365.766,
    "Actual Rows": 1,
    "Actual Loops": 1,
    "Plans": [
      {
        "Node Type": "Gather",
        "Parent Relationship": "Outer",
        "Parallel Aware": false,
        "Startup Cost": 146319.73,
        "Total Cost": 146319.84,
        "Plan Rows": 1,
        "Plan Width": 8,
        "Actual Startup Time": 1322.895,
        "Actual Total Time": 1365.758,
        "Actual Rows": 2,
        "Actual Loops": 1,
        "Workers Planned": 1,
        "Workers Launched": 1,
        "Single Copy": false,
        "Plans": [
          {
            "Node Type": "Aggregate",
            "Strategy": "Plain",
            "Partial Mode": "Partial",
            "Parent Relationship": "Outer",
            "Parallel Aware": false,
            "Startup Cost": 145319.73,
            "Total Cost": 145319.74,
            "Plan Rows": 1,
            "Plan Width": 8,
            "Actual Startup Time": 1316.566,
            "Actual Total Time": 1318.289,
            "Actual Rows": 1,
            "Actual Loops": 2,
            "Plans": [
              {
                "Node Type": "Hash Join",
                "Parent Relationship": "Outer",
                "Parallel Aware": true,
                "Join Type": "Inner",
                "Startup Cost": 123818.9,
                "Total Cost": 145312.92,
                "Plan Rows": 2725,
                "Plan Width": 0,
                "Actual Startup Time": 1304.389,
                "Actual Total Time": 1316.607,
                "Actual Rows": 38618,
                "Actual Loops": 2,
                "Inner Unique": false,
                "Hash Cond": "(mi.movie_id = t.id)",
                "Plans": [
                  {
                    "Node Type": "Bitmap Heap Scan",
                    "Parent Relationship": "Outer",
                    "Parallel Aware": true,
                    "Relation Name": "movie_info",
                    "Alias": "mi",
                    "Startup Cost": 118.08,
                    "Total Cost": 21581.94,
                    "Plan Rows": 3768,
                    "Plan Width": 4,
                    "Actual Startup Time": 0.541,
                    "Actual Total Time": 3.518,
                    "Actual Rows": 3241,
                    "Actual Loops": 2,
                    "Recheck Cond": "(info_type_id = 54)",
                    "Rows Removed by Index Recheck": 0,
                    "Exact Heap Blocks": 701,
                    "Lossy Heap Blocks": 0,
                    "Plans": [
                      {
                        "Node Type": "Bitmap Index Scan",
                        "Parent Relationship": "Outer",
                        "Parallel Aware": false,
                        "Index Name": "info_type_id_movie_info",
                        "Startup Cost": 0.0,
                        "Total Cost": 116.48,
                        "Plan Rows": 6406,
                        "Plan Width": 0,
                        "Actual Startup Time": 0.397,
                        "Actual Total Time": 0.398,
                        "Actual Rows": 6482,
                        "Actual Loops": 1,
                        "Index Cond": "(info_type_id = 54)"
                      }
                    ]
                  },
                  {
                    "Node Type": "Hash",
                    "Parent Relationship": "Inner",
                    "Parallel Aware": true,
                    "Startup Cost": 110258.38,
                    "Total Cost": 110258.38,
                    "Plan Rows": 1075395,
                    "Plan Width": 8,
                    "Actual Startup Time": 1291.281,
                    "Actual Total Time": 1293.001,
                    "Actual Rows": 918846,
                    "Actual Loops": 2,
                    "Hash Buckets": 2097152,
                    "Original Hash Buckets": 2097152,
                    "Hash Batches": 1,
                    "Original Hash Batches": 1,
                    "Peak Memory Usage": 88320,
                    "Plans": [
                      {
                        "Node Type": "Hash Join",
                        "Parent Relationship": "Outer",
                        "Parallel Aware": true,
                        "Join Type": "Inner",
                        "Startup Cost": 69460.7,
                        "Total Cost": 110258.38,
                        "Plan Rows": 1075395,
                        "Plan Width": 8,
                        "Actual Startup Time": 576.699,
                        "Actual Total Time": 1039.955,
                        "Actual Rows": 918846,
                        "Actual Loops": 2,
                        "Inner Unique": true,
                        "Hash Cond": "(mc.movie_id = t.id)",
                        "Plans": [
                          {
                            "Node Type": "Seq Scan",
                            "Parent Relationship": "Outer",
                            "Parallel Aware": true,
                            "Relation Name": "movie_companies",
                            "Alias": "mc",
                            "Startup Cost": 0.0,
                            "Total Cost": 37974.77,
                            "Plan Rows": 1075395,
                            "Plan Width": 4,
                            "Actual Startup Time": 0.705,
                            "Actual Total Time": 133.285,
                            "Actual Rows": 918846,
                            "Actual Loops": 2,
                            "Filter": "(company_id > 1639)",
                            "Rows Removed by Filter": 385718
                          },
                          {
                            "Node Type": "Hash",
                            "Parent Relationship": "Inner",
                            "Parallel Aware": true,
                            "Startup Cost": 50870.31,
                            "Total Cost": 50870.31,
                            "Plan Rows": 1487231,
                            "Plan Width": 4,
                            "Actual Startup Time": 562.638,
                            "Actual Total Time": 562.638,
                            "Actual Rows": 1264156,
                            "Actual Loops": 2,
                            "Hash Buckets": 4194304,
                            "Original Hash Buckets": 4194304,
                            "Hash Batches": 1,
                            "Original Hash Batches": 1,
                            "Peak Memory Usage": 131712,
                            "Plans": [
                              {
                                "Node Type": "Seq Scan",
                                "Parent Relationship": "Outer",
                                "Parallel Aware": true,
                                "Relation Name": "title",
                                "Alias": "t",
                                "Startup Cost": 0.0,
                                "Total Cost": 50870.31,
                                "Plan Rows": 1487231,
                                "Plan Width": 4,
                                "Actual Startup Time": 0.033,
                                "Actual Total Time": 155.608,
                                "Actual Rows": 1264156,
                                "Actual Loops": 2
                              }
                            ]
                          }
                        ]
                      }
                    ]
                  }
                ]
              }
            ]
          }
        ]
      }
    ]
  },
  "Planning Time": 0.544,
  "Triggers": [],
  "Execution Time": 1365.838
}