[
  {
    "Plan": {
      "Node Type": "Aggregate",
      "Strategy": "Plain",
      "Partial Mode": "Finalize",
      "Parallel Aware": false,
      "Startup Cost": 291475.31,
      "Total Cost": 291475.32,
      "Plan Rows": 1,
      "Plan Width": 8,
      "Actual Startup Time": 1891.478,
      "Actual Total Time": 1945.354,
      "Actual Rows": 1,
      "Actual Loops": 1,
      "Plans": [
        {
          "Node Type": "Gather",
          "Parent Relationship": "Outer",
          "Parallel Aware": false,
          "Startup Cost": 291474.99,
          "Total Cost": 291475.3,
          "Plan Rows": 3,
          "Plan Width": 8,
          "Actual Startup Time": 1864.685,
          "Actual Total Time": 1945.342,
          "Actual Rows": 4,
          "Actual Loops": 1,
          "Workers Planned": 3,
          "Workers Launched": 3,
          "Single Copy": false,
          "Plans": [
            {
              "Node Type": "Aggregate",
              "Strategy": "Plain",
              "Partial Mode": "Partial",
              "Parent Relationship": "Outer",
              "Parallel Aware": false,
              "Startup Cost": 290474.99,
              "Total Cost": 290475.0,
              "Plan Rows": 1,
              "Plan Width": 8,
              "Actual Startup Time": 1846.301,
              "Actual Total Time": 1847.228,
              "Actual Rows": 1,
              "Actual Loops": 4,
              "Plans": [
                {
                  "Node Type": "Hash Join",
                  "Parent Relationship": "Outer",
                  "Parallel Aware": true,
                  "Join Type": "Inner",
                  "Startup Cost": 256178.03,
                  "Total Cost": 289024.4,
                  "Plan Rows": 580235,
                  "Plan Width": 0,
                  "Actual Startup Time": 1149.138,
                  "Actual Total Time": 1665.162,
                  "Actual Rows": 4162535,
                  "Actual Loops": 4,
                  "Inner Unique": false,
                  "Hash Cond": "(mc.movie_id = t.id)",
                  "Plans": [
                    {
                      "Node Type": "Seq Scan",
                      "Parent Relationship": "Outer",
                      "Parallel Aware": true,
                      "Relation Name": "movie_companies",
                      "Alias": "mc",
                      "Startup Cost": 0.0,
                      "Total Cost": 29310.68,
                      "Plan Rows": 633393,
                      "Plan Width": 4,
                      "Actual Startup Time": 0.192,
                      "Actual Total Time": 74.675,
                      "Actual Rows": 491725,
                      "Actual Loops": 4,
                      "Filter": "(company_id > 846)",
                      "Rows Removed by Filter": 160558
                    },
                    {
                      "Node Type": "Hash",
                      "Parent Relationship": "Inner",
                      "Parallel Aware": true,
                      "Startup Cost": 250387.76,
                      "Total Cost": 250387.76,
                      "Plan Rows": 463221,
                      "Plan Width": 8,
                      "Actual Startup Time": 1137.577,
                      "Actual Total Time": 1138.502,
                      "Actual Rows": 558462,
                      "Actual Loops": 4,
                      "Hash Buckets": 4194304,
                      "Original Hash Buckets": 4194304,
                      "Hash Batches": 1,
                      "Original Hash Batches": 1,
                      "Peak Memory Usage": 120192,
                      "Plans": [
                        {
                          "Node Type": "Hash Join",
                          "Parent Relationship": "Outer",
                          "Parallel Aware": true,
                          "Join Type": "Inner",
                          "Startup Cost": 50219.64,
                          "Total Cost": 250387.76,
                          "Plan Rows": 463221,
                          "Plan Width": 8,
                          "Actual Startup Time": 380.053,
                          "Actual Total Time": 961.143,
                          "Actual Rows": 558462,
                          "Actual Loops": 4,
                          "Inner Unique": true,
                          "Hash Cond": "(mi.movie_id = t.id)",
                          "Plans": [
                            {
                              "Node Type": "Seq Scan",
                              "Parent Relationship": "Outer",
                              "Parallel Aware": true,
                              "Relation Name": "movie_info",
                              "Alias": "mi",
                              "Startup Cost": 0.0,
                              "Total Cost": 198952.16,
                              "Plan Rows": 463221,
                              "Plan Width": 4,
                              "Actual Startup Time": 23.423,
                              "Actual Total Time": 412.044,
                              "Actual Rows": 558462,
                              "Actual Loops": 4,
                              "Filter": "(info_type_id > 16)",
                              "Rows Removed by Filter": 3150468
                            },
                            {
                              "Node Type": "Hash",
                              "Parent Relationship": "Inner",
                              "Parallel Aware": true,
                              "Startup Cost": 42318.73,
                              "Total Cost": 42318.73,
                              "Plan Rows": 632073,
                              "Plan Width": 4,
                              "Actual Startup Time": 350.249,
                              "Actual Total Time": 350.25,
                              "Actual Rows": 632078,
                              "Actual Loops": 4,
                              "Hash Buckets": 4194304,
                              "Original Hash Buckets": 4194304,
                              "Hash Batches": 1,
                              "Original Hash Batches": 1,
                              "Peak Memory Usage": 131744,
                              "Plans": [
                                {
                                  "Node Type": "Seq Scan",
                                  "Parent Relationship": "Outer",
                                  "Parallel Aware": true,
                                  "Relation Name": "title",
                                  "Alias": "t",
                                  "Startup Cost": 0.0,
                                  "Total Cost": 42318.73,
                                  "Plan Rows": 632073,
                                  "Plan Width": 4,
                                  "Actual Startup Time": 0.056,
                                  "Actual Total Time": 103.308,
                                  "Actual Rows": 632078,
                                  "Actual Loops": 4
                                }
                              ]
                            }
                          ]
                        }
                      ]
                    }
                  ]
                }
              ]
            }
          ]
        }
      ]
    },
    "Planning Time": 1.447,
    "Triggers": [],
    "Execution Time": 1945.444
  }
]