{
  "Plan": {
    "Node Type": "Aggregate",
    "Strategy": "Plain",
    "Partial Mode": "Simple",
    "Parallel Aware": false,
    "Startup Cost": 754605.44,
    "Total Cost": 754605.45,
    "Plan Rows": 1,
    "Plan Width": 96,
    "Actual Startup Time": 3810.245,
    "Actual Total Time": 3877.394,
    "Actual Rows": 1,
    "Actual Loops": 1,
    "Plans": [
      {
        "Node Type": "Gather",
        "Parent Relationship": "Outer",
        "Parallel Aware": false,
        "Startup Cost": 208645.9,
        "Total Cost": 754605.43,
        "Plan Rows": 1,
        "Plan Width": 48,
        "Actual Startup Time": 1089.422,
        "Actual Total Time": 3877.344,
        "Actual Rows": 88,
        "Actual Loops": 1,
        "Workers Planned": 1,
        "Workers Launched": 1,
        "Single Copy": false,
        "Plans": [
          {
            "Node Type": "Hash Join",
            "Parent Relationship": "Outer",
            "Parallel Aware": true,
            "Join Type": "Inner",
            "Startup Cost": 207645.9,
            "Total Cost": 753605.33,
            "Plan Rows": 1,
            "Plan Width": 48,
            "Actual Startup Time": 1083.232,
            "Actual Total Time": 3803.575,
            "Actual Rows": 44,
            "Actual Loops": 2,
            "Inner Unique": true,
            "Hash Cond": "(ci.person_id = n.id)",
            "Plans": [
              {
                "Node Type": "Hash Join",
                "Parent Relationship": "Outer",
                "Parallel Aware": true,
                "Join Type": "Inner",
                "Startup Cost": 121387.36,
                "Total Cost": 667343.51,
                "Plan Rows": 1248,
                "Plan Width": 37,
                "Actual Startup Time": 569.757,
                "Actual Total Time": 3522.819,
                "Actual Rows": 392738,
                "Actual Loops": 2,
                "Inner Unique": false,
                "Hash Cond": "(ci.movie_id = t.id)",
                "Plans": [
                  {
                    "Node Type": "Seq Scan",
                    "Parent Relationship": "Outer",
                    "Parallel Aware": true,
                    "Relation Name": "cast_info",
                    "Alias": "ci",
                    "Startup Cost": 0.0,
                    "Total Cost": 465968.32,
                    "Plan Rows": 21328132,
                    "Plan Width": 8,
                    "Actual Startup Time": 0.007,
                    "Actual Total Time": 1237.666,
                    "Actual Rows": 18122172,
                    "Actual Loops": 2
                  },
                  {
                    "Node Type": "Hash",
                    "Parent Relationship": "Inner",
                    "Parallel Aware": true,
                    "Startup Cost": 121386.27,
                    "Total Cost": 121386.27,
                    "Plan Rows": 87,
                    "Plan Width": 41,
                    "Actual Startup Time": 569.685,
                    "Actual Total Time": 569.691,
                    "Actual Rows": 7082,
                    "Actual Loops": 2,
                    "Hash Buckets": 16384,
                    "Original Hash Buckets": 1024,
                    "Hash Batches": 1,
                    "Original Hash Batches": 1,
                    "Peak Memory Usage": 1304,
                    "Plans": [
                      {
                        "Node Type": "Hash Join",
                        "Parent Relationship": "Outer",
                        "Parallel Aware": true,
                        "Join Type": "Inner",
                        "Startup Cost": 61685.54,
                        "Total Cost": 121386.27,
                        "Plan Rows": 87,
                        "Plan Width": 41,
                        "Actual Startup Time": 338.769,
                        "Actual Total Time": 549.271,
                        "Actual Rows": 7082,
                        "Actual Loops": 2,
                        "Inner Unique": false,
                        "Hash Cond": "(t.id = mk.movie_id)",
                        "Plans": [
                          {
                            "Node Type": "Seq Scan",
                            "Parent Relationship": "Outer",
                            "Parallel Aware": true,
                            "Relation Name": "title",
                            "Alias": "t",
                            "Startup Cost": 0.0,
                            "Total Cost": 54589.98,
                            "Plan Rows": 817639,
                            "Plan Width": 21,
                            "Actual Startup Time": 0.008,
                            "Actual Total Time": 140.047,
                            "Actual Rows": 690726,
                            "Actual Loops": 2,
                            "Filter": "(production_year > 2000)",
                            "Rows Removed by Filter": 573430
                          },
                          {
                            "Node Type": "Hash",
                            "Parent Relationship": "Inner",
                            "Parallel Aware": true,
                            "Startup Cost": 61683.55,
                            "Total Cost": 61683.55,
                            "Plan Rows": 159,
                            "Plan Width": 20,
                            "Actual Startup Time": 338.64,
                            "Actual Total Time": 338.643,
                            "Actual Rows": 17774,
                            "Actual Loops": 2,
                            "Hash Buckets": 65536,
                            "Original Hash Buckets": 1024,
                            "Hash Batches": 1,
                            "Original Hash Batches": 1,
                            "Peak Memory Usage": 2744,
                            "Plans": [
                              {
                                "Node Type": "Hash Join",
                                "Parent Relationship": "Outer",
                                "Parallel Aware": false,
                                "Join Type": "Inner",
                                "Startup Cost": 3632.5,
                                "Total Cost": 61683.55,
                                "Plan Rows": 159,
                                "Plan Width": 20,
                                "Actual Startup Time": 20.976,
                                "Actual Total Time": 306.738,
                                "Actual Rows": 17774,
                                "Actual Loops": 2,
                                "Inner Unique": true,
                                "Hash Cond": "(mk.keyword_id = k.id)",
                                "Plans": [
                                  {
                                    "Node Type": "Seq Scan",
                                    "Parent Relationship": "Outer",
                                    "Parallel Aware": true,
                                    "Relation Name": "movie_keyword",
                                    "Alias": "mk",
                                    "Startup Cost": 0.0,
                                    "Total Cost": 51065.35,
                                    "Plan Rows": 2661135,
                                    "Plan Width": 8,
                                    "Actual Startup Time": 0.008,
                                    "Actual Total Time": 145.739,
                                    "Actual Rows": 2261965,
                                    "Actual Loops": 2
                                  },
                                  {
                                    "Node Type": "Hash",
                                    "Parent Relationship": "Inner",
                                    "Parallel Aware": false,
                                    "Startup Cost": 3632.4,
                                    "Total Cost": 3632.4,
                                    "Plan Rows": 8,
                                    "Plan Width": 20,
                                    "Actual Startup Time": 20.851,
                                    "Actual Total Time": 20.852,
                                    "Actual Rows": 8,
                                    "Actual Loops": 2,
                                    "Hash Buckets": 1024,
                                    "Original Hash Buckets": 1024,
                                    "Hash Batches": 1,
                                    "Original Hash Batches": 1,
                                    "Peak Memory Usage": 9,
                                    "Plans": [
                                      {
                                        "Node Type": "Seq Scan",
                                        "Parent Relationship": "Outer",
                                        "Parallel Aware": false,
                                        "Relation Name": "keyword",
                                        "Alias": "k",
                                        "Startup Cost": 0.0,
                                        "Total Cost": 3632.4,
                                        "Plan Rows": 8,
                                        "Plan Width": 20,
                                        "Actual Startup Time": 0.088,
                                        "Actual Total Time": 20.842,
                                        "Actual Rows": 8,
                                        "Actual Loops": 2,
                                        "Filter": "(keyword = ANY ('{superhero,sequel,second-part,marvel-comics,based-on-comic,tv-special,fight,violence}'::text[]))",
                                        "Rows Removed by Filter": 134162
                                      }
                                    ]
                                  }
                                ]
                              }
                            ]
                          }
                        ]
                      }
                    ]
                  }
                ]
              },
              {
                "Node Type": "Hash",
                "Parent Relationship": "Inner",
                "Parallel Aware": true,
                "Startup Cost": 86255.48,
                "Total Cost": 86255.48,
                "Plan Rows": 245,
                "Plan Width": 19,
                "Actual Startup Time": 256.85,
                "Actual Total Time": 256.851,
                "Actual Rows": 1,
                "Actual Loops": 2,
                "Hash Buckets": 1024,
                "Original Hash Buckets": 1024,
                "Hash Batches": 1,
                "Original Hash Batches": 1,
                "Peak Memory Usage": 72,
                "Plans": [
                  {
                    "Node Type": "Seq Scan",
                    "Parent Relationship": "Outer",
                    "Parallel Aware": true,
                    "Relation Name": "name",
                    "Alias": "n",
                    "Startup Cost": 0.0,
                    "Total Cost": 86255.48,
                    "Plan Rows": 245,
                    "Plan Width": 19,
                    "Actual Startup Time": 44.964,
                    "Actual Total Time": 256.795,
                    "Actual Rows": 1,
                    "Actual Loops": 2,
                    "Filter": "(name ~~ '%Downey%Robert%'::text)",
                    "Rows Removed by Filter": 2083744
                  }
                ]
              }
            ]
          }
        ]
      }
    ]
  },
  "Planning Time": 1.026,
  "Triggers": [],
  "Execution Time": 3877.52
}