[
  {
    "Plan": {
      "Node Type": "Aggregate",
      "Strategy": "Plain",
      "Partial Mode": "Finalize",
      "Parallel Aware": false,
      "Startup Cost": 34671.01,
      "Total Cost": 34671.02,
      "Plan Rows": 1,
      "Plan Width": 8,
      "Actual Startup Time": 102.164,
      "Actual Total Time": 112.281,
      "Actual Rows": 1,
      "Actual Loops": 1,
      "Plans": [
        {
          "Node Type": "Gather",
          "Parent Relationship": "Outer",
          "Parallel Aware": false,
          "Startup Cost": 34670.69,
          "Total Cost": 34671.0,
          "Plan Rows": 3,
          "Plan Width": 8,
          "Actual Startup Time": 101.862,
          "Actual Total Time": 112.272,
          "Actual Rows": 4,
          "Actual Loops": 1,
          "Workers Planned": 3,
          "Workers Launched": 3,
          "Single Copy": false,
          "Plans": [
            {
              "Node Type": "Aggregate",
              "Strategy": "Plain",
              "Partial Mode": "Partial",
              "Parent Relationship": "Outer",
              "Parallel Aware": false,
              "Startup Cost": 33670.69,
              "Total Cost": 33670.7,
              "Plan Rows": 1,
              "Plan Width": 8,
              "Actual Startup Time": 97.419,
              "Actual Total Time": 97.42,
              "Actual Rows": 1,
              "Actual Loops": 4,
              "Plans": [
                {
                  "Node Type": "Bitmap Heap Scan",
                  "Parent Relationship": "Outer",
                  "Parallel Aware": true,
                  "Relation Name": "movie_keyword",
                  "Alias": "mk",
                  "Startup Cost": 7505.38,
                  "Total Cost": 33385.48,
                  "Plan Rows": 114087,
                  "Plan Width": 0,
                  "Actual Startup Time": 26.103,
                  "Actual Total Time": 91.65,
                  "Actual Rows": 88013,
                  "Actual Loops": 4,
                  "Recheck Cond": "(keyword_id < 310)",
                  "Rows Removed by Index Recheck": 0,
                  "Exact Heap Blocks": 12876,
                  "Lossy Heap Blocks": 0,
                  "Plans": [
                    {
                      "Node Type": "Bitmap Index Scan",
                      "Parent Relationship": "Outer",
                      "Parallel Aware": false,
                      "Index Name": "keyword_id_movie_keyword",
                      "Startup Cost": 0.0,
                      "Total Cost": 7416.96,
                      "Plan Rows": 353671,
                      "Plan Width": 0,
                      "Actual Startup Time": 26.461,
                      "Actual Total Time": 26.461,
                      "Actual Rows": 352051,
                      "Actual Loops": 1,
                      "Index Cond": "(keyword_id < 310)"
                    }
                  ]
                }
              ]
            }
          ]
        }
      ]
    },
    "Planning Time": 0.107,
    "Triggers": [],
    "Execution Time": 112.326
  }
]