[
  {
    "Plan": {
      "Node Type": "Aggregate",
      "Strategy": "Plain",
      "Partial Mode": "Finalize",
      "Parallel Aware": false,
      "Startup Cost": 74863.97,
      "Total Cost": 74863.98,
      "Plan Rows": 1,
      "Plan Width": 8,
      "Actual Startup Time": 214.432,
      "Actual Total Time": 232.06,
      "Actual Rows": 1,
      "Actual Loops": 1,
      "Plans": [
        {
          "Node Type": "Gather",
          "Parent Relationship": "Outer",
          "Parallel Aware": false,
          "Startup Cost": 74863.65,
          "Total Cost": 74863.96,
          "Plan Rows": 3,
          "Plan Width": 8,
          "Actual Startup Time": 211.541,
          "Actual Total Time": 232.052,
          "Actual Rows": 4,
          "Actual Loops": 1,
          "Workers Planned": 3,
          "Workers Launched": 3,
          "Single Copy": false,
          "Plans": [
            {
              "Node Type": "Aggregate",
              "Strategy": "Plain",
              "Partial Mode": "Partial",
              "Parent Relationship": "Outer",
              "Parallel Aware": false,
              "Startup Cost": 73863.65,
              "Total Cost": 73863.66,
              "Plan Rows": 1,
              "Plan Width": 8,
              "Actual Startup Time": 202.102,
              "Actual Total Time": 202.106,
              "Actual Rows": 1,
              "Actual Loops": 4,
              "Plans": [
                {
                  "Node Type": "Nested Loop",
                  "Parent Relationship": "Outer",
                  "Parallel Aware": false,
                  "Join Type": "Inner",
                  "Startup Cost": 46507.21,
                  "Total Cost": 73860.92,
                  "Plan Rows": 1091,
                  "Plan Width": 0,
                  "Actual Startup Time": 151.893,
                  "Actual Total Time": 201.277,
                  "Actual Rows": 14441,
                  "Actual Loops": 4,
                  "Inner Unique": false,
                  "Plans": [
                    {
                      "Node Type": "Hash Join",
                      "Parent Relationship": "Outer",
                      "Parallel Aware": true,
                      "Join Type": "Inner",
                      "Startup Cost": 46506.78,
                      "Total Cost": 71232.84,
                      "Plan Rows": 3240,
                      "Plan Width": 8,
                      "Actual Startup Time": 151.807,
                      "Actual Total Time": 173.795,
                      "Actual Rows": 3686,
                      "Actual Loops": 4,
                      "Inner Unique": true,
                      "Hash Cond": "(mk.movie_id = t.id)",
                      "Plans": [
                        {
                          "Node Type": "Bitmap Heap Scan",
                          "Parent Relationship": "Outer",
                          "Parallel Aware": true,
                          "Relation Name": "movie_keyword",
                          "Alias": "mk",
                          "Startup Cost": 1184.59,
                          "Total Cost": 25863.43,
                          "Plan Rows": 17988,
                          "Plan Width": 4,
                          "Actual Startup Time": 5.687,
                          "Actual Total Time": 22.336,
                          "Actual Rows": 13610,
                          "Actual Loops": 4,
                          "Recheck Cond": "(keyword_id > 97546)",
                          "Rows Removed by Index Recheck": 0,
                          "Exact Heap Blocks": 5386,
                          "Lossy Heap Blocks": 0,
                          "Plans": [
                            {
                              "Node Type": "Bitmap Index Scan",
                              "Parent Relationship": "Outer",
                              "Parallel Aware": false,
                              "Index Name": "keyword_id_movie_keyword",
                              "Startup Cost": 0.0,
                              "Total Cost": 1170.65,
                              "Plan Rows": 55762,
                              "Plan Width": 0,
                              "Actual Startup Time": 3.877,
                              "Actual Total Time": 3.878,
                              "Actual Rows": 54442,
                              "Actual Loops": 1,
                              "Index Cond": "(keyword_id > 97546)"
                            }
                          ]
                        },
                        {
                          "Node Type": "Hash",
                          "Parent Relationship": "Inner",
                          "Parallel Aware": true,
                          "Startup Cost": 43898.92,
                          "Total Cost": 43898.92,
                          "Plan Rows": 113862,
                          "Plan Width": 4,
                          "Actual Startup Time": 143.17,
                          "Actual Total Time": 143.171,
                          "Actual Rows": 116391,
                          "Actual Loops": 4,
                          "Hash Buckets": 524288,
                          "Original Hash Buckets": 524288,
                          "Hash Batches": 1,
                          "Original Hash Batches": 1,
                          "Peak Memory Usage": 22400,
                          "Plans": [
                            {
                              "Node Type": "Seq Scan",
                              "Parent Relationship": "Outer",
                              "Parallel Aware": true,
                              "Relation Name": "title",
                              "Alias": "t",
                              "Startup Cost": 0.0,
                              "Total Cost": 43898.92,
                              "Plan Rows": 113862,
                              "Plan Width": 4,
                              "Actual Startup Time": 0.047,
                              "Actual Total Time": 101.362,
                              "Actual Rows": 116391,
                              "Actual Loops": 4,
                              "Filter": "(production_year < 1977)",
                              "Rows Removed by Filter": 515687
                            }
                          ]
                        }
                      ]
                    },
                    {
                      "Node Type": "Index Scan",
                      "Parent Relationship": "Inner",
                      "Parallel Aware": false,
                      "Scan Direction": "Forward",
                      "Index Name": "movie_id_movie_companies",
                      "Relation Name": "movie_companies",
                      "Alias": "mc",
                      "Startup Cost": 0.43,
                      "Total Cost": 0.79,
                      "Plan Rows": 2,
                      "Plan Width": 4,
                      "Actual Startup Time": 0.005,
                      "Actual Total Time": 0.007,
                      "Actual Rows": 4,
                      "Actual Loops": 14745,
                      "Index Cond": "(movie_id = t.id)",
                      "Rows Removed by Index Recheck": 0,
                      "Filter": "((company_id > 2561) AND (company_type_id = 1))",
                      "Rows Removed by Filter": 4
                    }
                  ]
                }
              ]
            }
          ]
        }
      ]
    },
    "Planning Time": 1.263,
    "Triggers": [],
    "Execution Time": 232.151
  }
]