[
  {
    "Plan": {
      "Node Type": "Aggregate",
      "Strategy": "Plain",
      "Partial Mode": "Finalize",
      "Parallel Aware": false,
      "Startup Cost": 27097.25,
      "Total Cost": 27097.26,
      "Plan Rows": 1,
      "Plan Width": 8,
      "Actual Startup Time": 67.548,
      "Actual Total Time": 73.668,
      "Actual Rows": 1,
      "Actual Loops": 1,
      "Plans": [
        {
          "Node Type": "Gather",
          "Parent Relationship": "Outer",
          "Parallel Aware": false,
          "Startup Cost": 27096.94,
          "Total Cost": 27097.25,
          "Plan Rows": 3,
          "Plan Width": 8,
          "Actual Startup Time": 67.343,
          "Actual Total Time": 73.66,
          "Actual Rows": 4,
          "Actual Loops": 1,
          "Workers Planned": 3,
          "Workers Launched": 3,
          "Single Copy": false,
          "Plans": [
            {
              "Node Type": "Aggregate",
              "Strategy": "Plain",
              "Partial Mode": "Partial",
              "Parent Relationship": "Outer",
              "Parallel Aware": false,
              "Startup Cost": 26096.94,
              "Total Cost": 26096.95,
              "Plan Rows": 1,
              "Plan Width": 8,
              "Actual Startup Time": 57.279,
              "Actual Total Time": 57.286,
              "Actual Rows": 1,
              "Actual Loops": 4,
              "Plans": [
                {
                  "Node Type": "Bitmap Heap Scan",
                  "Parent Relationship": "Outer",
                  "Parallel Aware": true,
                  "Relation Name": "movie_companies",
                  "Alias": "mc",
                  "Startup Cost": 5972.98,
                  "Total Cost": 25874.61,
                  "Plan Rows": 88930,
                  "Plan Width": 0,
                  "Actual Startup Time": 21.289,
                  "Actual Total Time": 51.468,
                  "Actual Rows": 67995,
                  "Actual Loops": 4,
                  "Recheck Cond": "(company_id > 97240)",
                  "Rows Removed by Index Recheck": 0,
                  "Exact Heap Blocks": 2529,
                  "Lossy Heap Blocks": 0,
                  "Plans": [
                    {
                      "Node Type": "Bitmap Index Scan",
                      "Parent Relationship": "Outer",
                      "Parallel Aware": false,
                      "Index Name": "company_id_movie_companies",
                      "Startup Cost": 0.0,
                      "Total Cost": 5904.06,
                      "Plan Rows": 275684,
                      "Plan Width": 0,
                      "Actual Startup Time": 29.119,
                      "Actual Total Time": 29.119,
                      "Actual Rows": 271980,
                      "Actual Loops": 1,
                      "Index Cond": "(company_id > 97240)"
                    }
                  ]
                }
              ]
            }
          ]
        }
      ]
    },
    "Planning Time": 0.196,
    "Triggers": [],
    "Execution Time": 73.747
  }
]