[
    {
        "Bao": {
            "Bao prediction": "NaN",
            "Bao recommended hint": "(no hint)"
        }
    },
    {
        "Plan": {
            "Node Type": "Aggregate",
            "Strategy": "Plain",
            "Partial Mode": "Finalize",
            "Parallel Aware": false,
            "Startup Cost": 249682.12,
            "Total Cost": 249682.13,
            "Plan Rows": 1,
            "Plan Width": 8,
            "Actual Startup Time": 525.689,
            "Actual Total Time": 551.101,
            "Actual Rows": 1,
            "Actual Loops": 1,
            "Output": [
                "count(*)"
            ],
            "Plans": [
                {
                    "Node Type": "Gather",
                    "Parent Relationship": "Outer",
                    "Parallel Aware": false,
                    "Startup Cost": 249681.6,
                    "Total Cost": 249682.11,
                    "Plan Rows": 5,
                    "Plan Width": 8,
                    "Actual Startup Time": 525.239,
                    "Actual Total Time": 551.092,
                    "Actual Rows": 6,
                    "Actual Loops": 1,
                    "Output": [
                        "(PARTIAL count(*))"
                    ],
                    "Workers Planned": 5,
                    "Workers Launched": 5,
                    "Single Copy": false,
                    "Plans": [
                        {
                            "Node Type": "Aggregate",
                            "Strategy": "Plain",
                            "Partial Mode": "Partial",
                            "Parent Relationship": "Outer",
                            "Parallel Aware": false,
                            "Startup Cost": 248681.6,
                            "Total Cost": 248681.61,
                            "Plan Rows": 1,
                            "Plan Width": 8,
                            "Actual Startup Time": 515.783,
                            "Actual Total Time": 515.786,
                            "Actual Rows": 1,
                            "Actual Loops": 6,
                            "Output": [
                                "PARTIAL count(*)"
                            ],
                            "Workers": [
                                {
                                    "Worker Number": 0,
                                    "Actual Startup Time": 513.386,
                                    "Actual Total Time": 513.389,
                                    "Actual Rows": 1,
                                    "Actual Loops": 1
                                },
                                {
                                    "Worker Number": 1,
                                    "Actual Startup Time": 513.665,
                                    "Actual Total Time": 513.668,
                                    "Actual Rows": 1,
                                    "Actual Loops": 1
                                },
                                {
                                    "Worker Number": 2,
                                    "Actual Startup Time": 513.993,
                                    "Actual Total Time": 513.996,
                                    "Actual Rows": 1,
                                    "Actual Loops": 1
                                },
                                {
                                    "Worker Number": 3,
                                    "Actual Startup Time": 514.152,
                                    "Actual Total Time": 514.156,
                                    "Actual Rows": 1,
                                    "Actual Loops": 1
                                },
                                {
                                    "Worker Number": 4,
                                    "Actual Startup Time": 514.609,
                                    "Actual Total Time": 514.612,
                                    "Actual Rows": 1,
                                    "Actual Loops": 1
                                }
                            ],
                            "Plans": [
                                {
                                    "Node Type": "Hash Join",
                                    "Parent Relationship": "Outer",
                                    "Parallel Aware": true,
                                    "Join Type": "Inner",
                                    "Startup Cost": 45835.02,
                                    "Total Cost": 248518.5,
                                    "Plan Rows": 65239,
                                    "Plan Width": 0,
                                    "Actual Startup Time": 77.337,
                                    "Actual Total Time": 515.351,
                                    "Actual Rows": 7258,
                                    "Actual Loops": 6,
                                    "Inner Unique": true,
                                    "Hash Cond": "(mi.movie_id = t.id)",
                                    "Workers": [
                                        {
                                            "Worker Number": 0,
                                            "Actual Startup Time": 74.703,
                                            "Actual Total Time": 512.904,
                                            "Actual Rows": 6264,
                                            "Actual Loops": 1
                                        },
                                        {
                                            "Worker Number": 1,
                                            "Actual Startup Time": 74.841,
                                            "Actual Total Time": 513.26,
                                            "Actual Rows": 8355,
                                            "Actual Loops": 1
                                        },
                                        {
                                            "Worker Number": 2,
                                            "Actual Startup Time": 75.945,
                                            "Actual Total Time": 513.628,
                                            "Actual Rows": 7572,
                                            "Actual Loops": 1
                                        },
                                        {
                                            "Worker Number": 3,
                                            "Actual Startup Time": 75.661,
                                            "Actual Total Time": 513.689,
                                            "Actual Rows": 6072,
                                            "Actual Loops": 1
                                        },
                                        {
                                            "Worker Number": 4,
                                            "Actual Startup Time": 76.532,
                                            "Actual Total Time": 514.16,
                                            "Actual Rows": 5921,
                                            "Actual Loops": 1
                                        }
                                    ],
                                    "Plans": [
                                        {
                                            "Node Type": "Seq Scan",
                                            "Parent Relationship": "Outer",
                                            "Parallel Aware": true,
                                            "Relation Name": "movie_info",
                                            "Schema": "public",
                                            "Alias": "mi",
                                            "Startup Cost": 0.0,
                                            "Total Cost": 198880.74,
                                            "Plan Rows": 1448660,
                                            "Plan Width": 4,
                                            "Actual Startup Time": 0.024,
                                            "Actual Total Time": 335.306,
                                            "Actual Rows": 1214478,
                                            "Actual Loops": 6,
                                            "Output": [
                                                "mi.id",
                                                "mi.movie_id",
                                                "mi.info_type_id",
                                                "mi.info",
                                                "mi.note"
                                            ],
                                            "Filter": "(mi.info_type_id < 8)",
                                            "Rows Removed by Filter": 1258142,
                                            "Workers": [
                                                {
                                                    "Worker Number": 0,
                                                    "Actual Startup Time": 0.026,
                                                    "Actual Total Time": 337.873,
                                                    "Actual Rows": 903630,
                                                    "Actual Loops": 1
                                                },
                                                {
                                                    "Worker Number": 1,
                                                    "Actual Startup Time": 0.023,
                                                    "Actual Total Time": 334.093,
                                                    "Actual Rows": 1433748,
                                                    "Actual Loops": 1
                                                },
                                                {
                                                    "Worker Number": 2,
                                                    "Actual Startup Time": 0.029,
                                                    "Actual Total Time": 337.099,
                                                    "Actual Rows": 1430025,
                                                    "Actual Loops": 1
                                                },
                                                {
                                                    "Worker Number": 3,
                                                    "Actual Startup Time": 0.029,
                                                    "Actual Total Time": 338.094,
                                                    "Actual Rows": 906823,
                                                    "Actual Loops": 1
                                                },
                                                {
                                                    "Worker Number": 4,
                                                    "Actual Startup Time": 0.03,
                                                    "Actual Total Time": 336.261,
                                                    "Actual Rows": 917610,
                                                    "Actual Loops": 1
                                                }
                                            ]
                                        },
                                        {
                                            "Node Type": "Hash",
                                            "Parent Relationship": "Inner",
                                            "Parallel Aware": true,
                                            "Startup Cost": 45479.21,
                                            "Total Cost": 45479.21,
                                            "Plan Rows": 28465,
                                            "Plan Width": 4,
                                            "Actual Startup Time": 75.469,
                                            "Actual Total Time": 75.47,
                                            "Actual Rows": 2316,
                                            "Actual Loops": 6,
                                            "Output": [
                                                "t.id"
                                            ],
                                            "Hash Buckets": 131072,
                                            "Original Hash Buckets": 131072,
                                            "Hash Batches": 1,
                                            "Original Hash Batches": 1,
                                            "Peak Memory Usage": 1632,
                                            "Workers": [
                                                {
                                                    "Worker Number": 0,
                                                    "Actual Startup Time": 73.156,
                                                    "Actual Total Time": 73.157,
                                                    "Actual Rows": 1528,
                                                    "Actual Loops": 1
                                                },
                                                {
                                                    "Worker Number": 1,
                                                    "Actual Startup Time": 73.45,
                                                    "Actual Total Time": 73.451,
                                                    "Actual Rows": 1883,
                                                    "Actual Loops": 1
                                                },
                                                {
                                                    "Worker Number": 2,
                                                    "Actual Startup Time": 73.76,
                                                    "Actual Total Time": 73.761,
                                                    "Actual Rows": 2161,
                                                    "Actual Loops": 1
                                                },
                                                {
                                                    "Worker Number": 3,
                                                    "Actual Startup Time": 73.899,
                                                    "Actual Total Time": 73.9,
                                                    "Actual Rows": 1502,
                                                    "Actual Loops": 1
                                                },
                                                {
                                                    "Worker Number": 4,
                                                    "Actual Startup Time": 74.423,
                                                    "Actual Total Time": 74.424,
                                                    "Actual Rows": 1609,
                                                    "Actual Loops": 1
                                                }
                                            ],
                                            "Plans": [
                                                {
                                                    "Node Type": "Seq Scan",
                                                    "Parent Relationship": "Outer",
                                                    "Parallel Aware": true,
                                                    "Relation Name": "title",
                                                    "Schema": "public",
                                                    "Alias": "t",
                                                    "Startup Cost": 0.0,
                                                    "Total Cost": 45479.21,
                                                    "Plan Rows": 28465,
                                                    "Plan Width": 4,
                                                    "Actual Startup Time": 0.174,
                                                    "Actual Total Time": 73.874,
                                                    "Actual Rows": 2316,
                                                    "Actual Loops": 6,
                                                    "Output": [
                                                        "t.id"
                                                    ],
                                                    "Filter": "((t.production_year < 1954) AND (t.kind_id = 7))",
                                                    "Rows Removed by Filter": 419070,
                                                    "Workers": [
                                                        {
                                                            "Worker Number": 0,
                                                            "Actual Startup Time": 0.165,
                                                            "Actual Total Time": 71.611,
                                                            "Actual Rows": 1528,
                                                            "Actual Loops": 1
                                                        },
                                                        {
                                                            "Worker Number": 1,
                                                            "Actual Startup Time": 0.111,
                                                            "Actual Total Time": 71.908,
                                                            "Actual Rows": 1883,
                                                            "Actual Loops": 1
                                                        },
                                                        {
                                                            "Worker Number": 2,
                                                            "Actual Startup Time": 0.382,
                                                            "Actual Total Time": 72.121,
                                                            "Actual Rows": 2161,
                                                            "Actual Loops": 1
                                                        },
                                                        {
                                                            "Worker Number": 3,
                                                            "Actual Startup Time": 0.215,
                                                            "Actual Total Time": 72.371,
                                                            "Actual Rows": 1502,
                                                            "Actual Loops": 1
                                                        },
                                                        {
                                                            "Worker Number": 4,
                                                            "Actual Startup Time": 0.158,
                                                            "Actual Total Time": 72.769,
                                                            "Actual Rows": 1609,
                                                            "Actual Loops": 1
                                                        }
                                                    ]
                                                }
                                            ]
                                        }
                                    ]
                                }
                            ]
                        }
                    ]
                }
            ]
        },
        "Planning Time": 183.365,
        "Triggers": [],
        "Execution Time": 551.155
    }
]