[
  {
    "Plan": {
      "Node Type": "Aggregate",
      "Strategy": "Plain",
      "Partial Mode": "Finalize",
      "Parallel Aware": false,
      "Startup Cost": 45831.59,
      "Total Cost": 45831.6,
      "Plan Rows": 1,
      "Plan Width": 8,
      "Actual Startup Time": 171.702,
      "Actual Total Time": 181.58,
      "Actual Rows": 1,
      "Actual Loops": 1,
      "Plans": [
        {
          "Node Type": "Gather",
          "Parent Relationship": "Outer",
          "Parallel Aware": false,
          "Startup Cost": 45831.27,
          "Total Cost": 45831.58,
          "Plan Rows": 3,
          "Plan Width": 8,
          "Actual Startup Time": 171.583,
          "Actual Total Time": 181.571,
          "Actual Rows": 4,
          "Actual Loops": 1,
          "Workers Planned": 3,
          "Workers Launched": 3,
          "Single Copy": false,
          "Plans": [
            {
              "Node Type": "Aggregate",
              "Strategy": "Plain",
              "Partial Mode": "Partial",
              "Parent Relationship": "Outer",
              "Parallel Aware": false,
              "Startup Cost": 44831.27,
              "Total Cost": 44831.28,
              "Plan Rows": 1,
              "Plan Width": 8,
              "Actual Startup Time": 164.784,
              "Actual Total Time": 164.785,
              "Actual Rows": 1,
              "Actual Loops": 4,
              "Plans": [
                {
                  "Node Type": "Seq Scan",
                  "Parent Relationship": "Outer",
                  "Parallel Aware": true,
                  "Relation Name": "movie_keyword",
                  "Alias": "mk",
                  "Startup Cost": 0.0,
                  "Total Cost": 42695.65,
                  "Plan Rows": 854247,
                  "Plan Width": 0,
                  "Actual Startup Time": 0.051,
                  "Actual Total Time": 131.34,
                  "Actual Rows": 661427,
                  "Actual Loops": 4,
                  "Filter": "(keyword_id < 7301)",
                  "Rows Removed by Filter": 469555
                }
              ]
            }
          ]
        }
      ]
    },
    "Planning Time": 0.169,
    "Triggers": [],
    "Execution Time": 181.623
  }
]