[
  {
    "Plan": {
      "Node Type": "Aggregate",
      "Strategy": "Plain",
      "Partial Mode": "Finalize",
      "Parallel Aware": false,
      "Startup Cost": 96594.12,
      "Total Cost": 96594.13,
      "Plan Rows": 1,
      "Plan Width": 8,
      "Actual Startup Time": 760.24,
      "Actual Total Time": 775.991,
      "Actual Rows": 1,
      "Actual Loops": 1,
      "Plans": [
        {
          "Node Type": "Gather",
          "Parent Relationship": "Outer",
          "Parallel Aware": false,
          "Startup Cost": 96593.91,
          "Total Cost": 96594.12,
          "Plan Rows": 2,
          "Plan Width": 8,
          "Actual Startup Time": 755.456,
          "Actual Total Time": 775.966,
          "Actual Rows": 3,
          "Actual Loops": 1,
          "Workers Planned": 2,
          "Workers Launched": 2,
          "Single Copy": false,
          "Plans": [
            {
              "Node Type": "Aggregate",
              "Strategy": "Plain",
              "Partial Mode": "Partial",
              "Parent Relationship": "Outer",
              "Parallel Aware": false,
              "Startup Cost": 95593.91,
              "Total Cost": 95593.92,
              "Plan Rows": 1,
              "Plan Width": 8,
              "Actual Startup Time": 747.866,
              "Actual Total Time": 748.484,
              "Actual Rows": 1,
              "Actual Loops": 3,
              "Plans": [
                {
                  "Node Type": "Hash Join",
                  "Parent Relationship": "Outer",
                  "Parallel Aware": true,
                  "Join Type": "Inner",
                  "Startup Cost": 79395.28,
                  "Total Cost": 95415.32,
                  "Plan Rows": 71435,
                  "Plan Width": 0,
                  "Actual Startup Time": 599.031,
                  "Actual Total Time": 735.074,
                  "Actual Rows": 285110,
                  "Actual Loops": 3,
                  "Inner Unique": false,
                  "Hash Cond": "(mi_idx.movie_id = t.id)",
                  "Plans": [
                    {
                      "Node Type": "Seq Scan",
                      "Parent Relationship": "Outer",
                      "Parallel Aware": true,
                      "Relation Name": "movie_info_idx",
                      "Alias": "mi_idx",
                      "Startup Cost": 0.0,
                      "Total Cost": 13685.15,
                      "Plan Rows": 575015,
                      "Plan Width": 4,
                      "Actual Startup Time": 0.026,
                      "Actual Total Time": 40.657,
                      "Actual Rows": 460012,
                      "Actual Loops": 3
                    },
                    {
                      "Node Type": "Hash",
                      "Parent Relationship": "Inner",
                      "Parallel Aware": true,
                      "Startup Cost": 78413.73,
                      "Total Cost": 78413.73,
                      "Plan Rows": 78524,
                      "Plan Width": 8,
                      "Actual Startup Time": 594.095,
                      "Actual Total Time": 594.712,
                      "Actual Rows": 205982,
                      "Actual Loops": 3,
                      "Hash Buckets": 1048576,
                      "Original Hash Buckets": 524288,
                      "Hash Batches": 1,
                      "Original Hash Batches": 1,
                      "Peak Memory Usage": 36480,
                      "Plans": [
                        {
                          "Node Type": "Hash Join",
                          "Parent Relationship": "Outer",
                          "Parallel Aware": true,
                          "Join Type": "Inner",
                          "Startup Cost": 32681.33,
                          "Total Cost": 78413.73,
                          "Plan Rows": 78524,
                          "Plan Width": 8,
                          "Actual Startup Time": 183.171,
                          "Actual Total Time": 515.356,
                          "Actual Rows": 205982,
                          "Actual Loops": 3,
                          "Inner Unique": false,
                          "Hash Cond": "(t.id = mc.movie_id)",
                          "Plans": [
                            {
                              "Node Type": "Seq Scan",
                              "Parent Relationship": "Outer",
                              "Parallel Aware": true,
                              "Relation Name": "title",
                              "Alias": "t",
                              "Startup Cost": 0.0,
                              "Total Cost": 42318.73,
                              "Plan Rows": 632073,
                              "Plan Width": 4,
                              "Actual Startup Time": 0.012,
                              "Actual Total Time": 101.132,
                              "Actual Rows": 842771,
                              "Actual Loops": 3
                            },
                            {
                              "Node Type": "Hash",
                              "Parent Relationship": "Inner",
                              "Parallel Aware": true,
                              "Startup Cost": 31414.82,
                              "Total Cost": 31414.82,
                              "Plan Rows": 101321,
                              "Plan Width": 4,
                              "Actual Startup Time": 180.815,
                              "Actual Total Time": 180.816,
                              "Actual Rows": 205982,
                              "Actual Loops": 3,
                              "Hash Buckets": 1048576,
                              "Original Hash Buckets": 524288,
                              "Hash Batches": 1,
                              "Original Hash Batches": 1,
                              "Peak Memory Usage": 36512,
                              "Plans": [
                                {
                                  "Node Type": "Seq Scan",
                                  "Parent Relationship": "Outer",
                                  "Parallel Aware": true,
                                  "Relation Name": "movie_companies",
                                  "Alias": "mc",
                                  "Startup Cost": 0.0,
                                  "Total Cost": 31414.82,
                                  "Plan Rows": 101321,
                                  "Plan Width": 4,
                                  "Actual Startup Time": 58.36,
                                  "Actual Total Time": 109.685,
                                  "Actual Rows": 205982,
                                  "Actual Loops": 3,
                                  "Filter": "((company_id > 59411) AND (company_type_id > 1))",
                                  "Rows Removed by Filter": 663727
                                }
                              ]
                            }
                          ]
                        }
                      ]
                    }
                  ]
                }
              ]
            }
          ]
        }
      ]
    },
    "Planning Time": 1.428,
    "Triggers": [],
    "Execution Time": 776.071
  }
]