[
  {
    "Plan": {
      "Node Type": "Aggregate",
      "Strategy": "Plain",
      "Partial Mode": "Finalize",
      "Parallel Aware": false,
      "Startup Cost": 33292.17,
      "Total Cost": 33292.18,
      "Plan Rows": 1,
      "Plan Width": 8,
      "Actual Startup Time": 111.284,
      "Actual Total Time": 119.631,
      "Actual Rows": 1,
      "Actual Loops": 1,
      "Plans": [
        {
          "Node Type": "Gather",
          "Parent Relationship": "Outer",
          "Parallel Aware": false,
          "Startup Cost": 33291.85,
          "Total Cost": 33292.16,
          "Plan Rows": 3,
          "Plan Width": 8,
          "Actual Startup Time": 111.208,
          "Actual Total Time": 119.623,
          "Actual Rows": 4,
          "Actual Loops": 1,
          "Workers Planned": 3,
          "Workers Launched": 3,
          "Single Copy": false,
          "Plans": [
            {
              "Node Type": "Aggregate",
              "Strategy": "Plain",
              "Partial Mode": "Partial",
              "Parent Relationship": "Outer",
              "Parallel Aware": false,
              "Startup Cost": 32291.85,
              "Total Cost": 32291.86,
              "Plan Rows": 1,
              "Plan Width": 8,
              "Actual Startup Time": 103.266,
              "Actual Total Time": 103.267,
              "Actual Rows": 1,
              "Actual Loops": 4,
              "Plans": [
                {
                  "Node Type": "Seq Scan",
                  "Parent Relationship": "Outer",
                  "Parallel Aware": true,
                  "Relation Name": "movie_companies",
                  "Alias": "mc",
                  "Startup Cost": 0.0,
                  "Total Cost": 31414.82,
                  "Plan Rows": 350812,
                  "Plan Width": 0,
                  "Actual Startup Time": 50.987,
                  "Actual Total Time": 90.253,
                  "Actual Rows": 304417,
                  "Actual Loops": 4,
                  "Filter": "((company_id > 395) AND (company_type_id = 2))",
                  "Rows Removed by Filter": 347866
                }
              ]
            }
          ]
        }
      ]
    },
    "Planning Time": 0.168,
    "Triggers": [],
    "Execution Time": 119.684
  }
]