[
  {
    "Plan": {
      "Node Type": "Aggregate",
      "Strategy": "Plain",
      "Partial Mode": "Finalize",
      "Parallel Aware": false,
      "Startup Cost": 338826.25,
      "Total Cost": 338826.26,
      "Plan Rows": 1,
      "Plan Width": 8,
      "Actual Startup Time": 758.72,
      "Actual Total Time": 814.884,
      "Actual Rows": 1,
      "Actual Loops": 1,
      "Plans": [
        {
          "Node Type": "Gather",
          "Parent Relationship": "Outer",
          "Parallel Aware": false,
          "Startup Cost": 338825.62,
          "Total Cost": 338826.23,
          "Plan Rows": 6,
          "Plan Width": 8,
          "Actual Startup Time": 758.605,
          "Actual Total Time": 814.874,
          "Actual Rows": 7,
          "Actual Loops": 1,
          "Workers Planned": 6,
          "Workers Launched": 6,
          "Single Copy": false,
          "Plans": [
            {
              "Node Type": "Aggregate",
              "Strategy": "Plain",
              "Partial Mode": "Partial",
              "Parent Relationship": "Outer",
              "Parallel Aware": false,
              "Startup Cost": 337825.62,
              "Total Cost": 337825.64,
              "Plan Rows": 1,
              "Plan Width": 8,
              "Actual Startup Time": 748.104,
              "Actual Total Time": 748.105,
              "Actual Rows": 1,
              "Actual Loops": 7,
              "Plans": [
                {
                  "Node Type": "Seq Scan",
                  "Parent Relationship": "Outer",
                  "Parallel Aware": true,
                  "Relation Name": "cast_info",
                  "Alias": "ci",
                  "Startup Cost": 0.0,
                  "Total Cost": 328162.03,
                  "Plan Rows": 3865440,
                  "Plan Width": 0,
                  "Actual Startup Time": 148.634,
                  "Actual Total Time": 610.19,
                  "Actual Rows": 3316687,
                  "Actual Loops": 7,
                  "Filter": "(person_id > 1287094)",
                  "Rows Removed by Filter": 1861077
                }
              ]
            }
          ]
        }
      ]
    },
    "Planning Time": 0.098,
    "Triggers": [],
    "Execution Time": 814.934
  }
]