[
  {
    "Plan": {
      "Node Type": "Aggregate",
      "Strategy": "Plain",
      "Partial Mode": "Finalize",
      "Parallel Aware": false,
      "Startup Cost": 245620.62,
      "Total Cost": 245620.63,
      "Plan Rows": 1,
      "Plan Width": 8,
      "Actual Startup Time": 1152.428,
      "Actual Total Time": 1185.938,
      "Actual Rows": 1,
      "Actual Loops": 1,
      "Plans": [
        {
          "Node Type": "Gather",
          "Parent Relationship": "Outer",
          "Parallel Aware": false,
          "Startup Cost": 245620.09,
          "Total Cost": 245620.6,
          "Plan Rows": 5,
          "Plan Width": 8,
          "Actual Startup Time": 1121.534,
          "Actual Total Time": 1185.911,
          "Actual Rows": 6,
          "Actual Loops": 1,
          "Workers Planned": 5,
          "Workers Launched": 5,
          "Single Copy": false,
          "Plans": [
            {
              "Node Type": "Aggregate",
              "Strategy": "Plain",
              "Partial Mode": "Partial",
              "Parent Relationship": "Outer",
              "Parallel Aware": false,
              "Startup Cost": 244620.09,
              "Total Cost": 244620.1,
              "Plan Rows": 1,
              "Plan Width": 8,
              "Actual Startup Time": 1111.671,
              "Actual Total Time": 1111.932,
              "Actual Rows": 1,
              "Actual Loops": 6,
              "Plans": [
                {
                  "Node Type": "Hash Join",
                  "Parent Relationship": "Outer",
                  "Parallel Aware": true,
                  "Join Type": "Inner",
                  "Startup Cost": 85007.33,
                  "Total Cost": 243610.47,
                  "Plan Rows": 403849,
                  "Plan Width": 0,
                  "Actual Startup Time": 581.459,
                  "Actual Total Time": 1075.417,
                  "Actual Rows": 675811,
                  "Actual Loops": 6,
                  "Inner Unique": false,
                  "Hash Cond": "(ci.movie_id = t.id)",
                  "Plans": [
                    {
                      "Node Type": "Index Scan",
                      "Parent Relationship": "Outer",
                      "Parallel Aware": true,
                      "Scan Direction": "Forward",
                      "Index Name": "role_id_cast_info",
                      "Relation Name": "cast_info",
                      "Alias": "ci",
                      "Startup Cost": 0.56,
                      "Total Cost": 153015.11,
                      "Plan Rows": 1142896,
                      "Plan Width": 4,
                      "Actual Startup Time": 0.344,
                      "Actual Total Time": 208.724,
                      "Actual Rows": 955449,
                      "Actual Loops": 6,
                      "Index Cond": "(role_id > 8)",
                      "Rows Removed by Index Recheck": 0
                    },
                    {
                      "Node Type": "Hash",
                      "Parent Relationship": "Inner",
                      "Parallel Aware": true,
                      "Startup Cost": 81404.2,
                      "Total Cost": 81404.2,
                      "Plan Rows": 288205,
                      "Plan Width": 8,
                      "Actual Startup Time": 577.513,
                      "Actual Total Time": 577.773,
                      "Actual Rows": 100752,
                      "Actual Loops": 6,
                      "Hash Buckets": 1048576,
                      "Original Hash Buckets": 1048576,
                      "Hash Batches": 1,
                      "Original Hash Batches": 1,
                      "Peak Memory Usage": 31936,
                      "Plans": [
                        {
                          "Node Type": "Hash Join",
                          "Parent Relationship": "Outer",
                          "Parallel Aware": true,
                          "Join Type": "Inner",
                          "Startup Cost": 51013.3,
                          "Total Cost": 81404.2,
                          "Plan Rows": 288205,
                          "Plan Width": 8,
                          "Actual Startup Time": 367.89,
                          "Actual Total Time": 496.205,
                          "Actual Rows": 100752,
                          "Actual Loops": 6,
                          "Inner Unique": true,
                          "Hash Cond": "(mc.movie_id = t.id)",
                          "Plans": [
                            {
                              "Node Type": "Seq Scan",
                              "Parent Relationship": "Outer",
                              "Parallel Aware": true,
                              "Relation Name": "movie_companies",
                              "Alias": "mc",
                              "Startup Cost": 0.0,
                              "Total Cost": 29310.68,
                              "Plan Rows": 411513,
                              "Plan Width": 4,
                              "Actual Startup Time": 0.031,
                              "Actual Total Time": 59.619,
                              "Actual Rows": 212374,
                              "Actual Loops": 6,
                              "Filter": "(company_type_id = 1)",
                              "Rows Removed by Filter": 222480
                            },
                            {
                              "Node Type": "Hash",
                              "Parent Relationship": "Inner",
                              "Parallel Aware": true,
                              "Startup Cost": 45479.59,
                              "Total Cost": 45479.59,
                              "Plan Rows": 442697,
                              "Plan Width": 4,
                              "Actual Startup Time": 364.465,
                              "Actual Total Time": 364.466,
                              "Actual Rows": 299984,
                              "Actual Loops": 6,
                              "Hash Buckets": 2097152,
                              "Original Hash Buckets": 2097152,
                              "Hash Batches": 1,
                              "Original Hash Batches": 1,
                              "Peak Memory Usage": 86944,
                              "Plans": [
                                {
                                  "Node Type": "Seq Scan",
                                  "Parent Relationship": "Outer",
                                  "Parallel Aware": true,
                                  "Relation Name": "title",
                                  "Alias": "t",
                                  "Startup Cost": 0.0,
                                  "Total Cost": 45479.59,
                                  "Plan Rows": 442697,
                                  "Plan Width": 4,
                                  "Actual Startup Time": 0.05,
                                  "Actual Total Time": 122.04,
                                  "Actual Rows": 299984,
                                  "Actual Loops": 6,
                                  "Filter": "((kind_id > 1) AND (production_year > 1914))",
                                  "Rows Removed by Filter": 121401
                                }
                              ]
                            }
                          ]
                        }
                      ]
                    }
                  ]
                }
              ]
            }
          ]
        }
      ]
    },
    "Planning Time": 1.485,
    "Triggers": [],
    "Execution Time": 1186.056
  }
]