[
  {
    "Plan": {
      "Node Type": "Aggregate",
      "Strategy": "Plain",
      "Partial Mode": "Finalize",
      "Parallel Aware": false,
      "Startup Cost": 44830.25,
      "Total Cost": 44830.26,
      "Plan Rows": 1,
      "Plan Width": 8,
      "Actual Startup Time": 130.822,
      "Actual Total Time": 140.573,
      "Actual Rows": 1,
      "Actual Loops": 1,
      "Plans": [
        {
          "Node Type": "Gather",
          "Parent Relationship": "Outer",
          "Parallel Aware": false,
          "Startup Cost": 44829.93,
          "Total Cost": 44830.24,
          "Plan Rows": 3,
          "Plan Width": 8,
          "Actual Startup Time": 130.712,
          "Actual Total Time": 140.565,
          "Actual Rows": 4,
          "Actual Loops": 1,
          "Workers Planned": 3,
          "Workers Launched": 3,
          "Single Copy": false,
          "Plans": [
            {
              "Node Type": "Aggregate",
              "Strategy": "Plain",
              "Partial Mode": "Partial",
              "Parent Relationship": "Outer",
              "Parallel Aware": false,
              "Startup Cost": 43829.93,
              "Total Cost": 43829.94,
              "Plan Rows": 1,
              "Plan Width": 8,
              "Actual Startup Time": 123.806,
              "Actual Total Time": 123.808,
              "Actual Rows": 1,
              "Actual Loops": 4,
              "Plans": [
                {
                  "Node Type": "Seq Scan",
                  "Parent Relationship": "Outer",
                  "Parallel Aware": true,
                  "Relation Name": "movie_keyword",
                  "Alias": "mk",
                  "Startup Cost": 0.0,
                  "Total Cost": 42695.65,
                  "Plan Rows": 453710,
                  "Plan Width": 0,
                  "Actual Startup Time": 0.054,
                  "Actual Total Time": 106.89,
                  "Actual Rows": 355298,
                  "Actual Loops": 4,
                  "Filter": "(keyword_id < 1952)",
                  "Rows Removed by Filter": 775684
                }
              ]
            }
          ]
        }
      ]
    },
    "Planning Time": 0.122,
    "Triggers": [],
    "Execution Time": 140.612
  }
]