{
  "Plan": {
    "Node Type": "Aggregate",
    "Strategy": "Plain",
    "Partial Mode": "Finalize",
    "Parallel Aware": false,
    "Startup Cost": 351191.57,
    "Total Cost": 351191.58,
    "Plan Rows": 1,
    "Plan Width": 8,
    "Actual Startup Time": 1565.394,
    "Actual Total Time": 1610.511,
    "Actual Rows": 1,
    "Actual Loops": 1,
    "Plans": [
      {
        "Node Type": "Gather",
        "Parent Relationship": "Outer",
        "Parallel Aware": false,
        "Startup Cost": 351191.46,
        "Total Cost": 351191.57,
        "Plan Rows": 1,
        "Plan Width": 8,
        "Actual Startup Time": 1565.207,
        "Actual Total Time": 1610.502,
        "Actual Rows": 2,
        "Actual Loops": 1,
        "Workers Planned": 1,
        "Workers Launched": 1,
        "Single Copy": false,
        "Plans": [
          {
            "Node Type": "Aggregate",
            "Strategy": "Plain",
            "Partial Mode": "Partial",
            "Parent Relationship": "Outer",
            "Parallel Aware": false,
            "Startup Cost": 350191.46,
            "Total Cost": 350191.47,
            "Plan Rows": 1,
            "Plan Width": 8,
            "Actual Startup Time": 1559.646,
            "Actual Total Time": 1559.649,
            "Actual Rows": 1,
            "Actual Loops": 2,
            "Plans": [
              {
                "Node Type": "Hash Join",
                "Parent Relationship": "Outer",
                "Parallel Aware": true,
                "Join Type": "Inner",
                "Startup Cost": 58389.21,
                "Total Cost": 350102.38,
                "Plan Rows": 35632,
                "Plan Width": 0,
                "Actual Startup Time": 155.712,
                "Actual Total Time": 1558.229,
                "Actual Rows": 20392,
                "Actual Loops": 2,
                "Inner Unique": true,
                "Hash Cond": "(mi.movie_id = t.id)",
                "Plans": [
                  {
                    "Node Type": "Seq Scan",
                    "Parent Relationship": "Outer",
                    "Parallel Aware": true,
                    "Relation Name": "movie_info",
                    "Alias": "mi",
                    "Startup Cost": 0.0,
                    "Total Cost": 270696.42,
                    "Plan Rows": 8006369,
                    "Plan Width": 4,
                    "Actual Startup Time": 0.012,
                    "Actual Total Time": 866.897,
                    "Actual Rows": 6853568,
                    "Actual Loops": 2,
                    "Filter": "(info_type_id < 62)",
                    "Rows Removed by Filter": 564292
                  },
                  {
                    "Node Type": "Hash",
                    "Parent Relationship": "Inner",
                    "Parallel Aware": true,
                    "Startup Cost": 58306.47,
                    "Total Cost": 58306.47,
                    "Plan Rows": 6619,
                    "Plan Width": 4,
                    "Actual Startup Time": 153.517,
                    "Actual Total Time": 153.518,
                    "Actual Rows": 4814,
                    "Actual Loops": 2,
                    "Hash Buckets": 16384,
                    "Original Hash Buckets": 16384,
                    "Hash Batches": 1,
                    "Original Hash Batches": 1,
                    "Peak Memory Usage": 544,
                    "Plans": [
                      {
                        "Node Type": "Seq Scan",
                        "Parent Relationship": "Outer",
                        "Parallel Aware": true,
                        "Relation Name": "title",
                        "Alias": "t",
                        "Startup Cost": 0.0,
                        "Total Cost": 58306.47,
                        "Plan Rows": 6619,
                        "Plan Width": 4,
                        "Actual Startup Time": 0.176,
                        "Actual Total Time": 151.286,
                        "Actual Rows": 4814,
                        "Actual Loops": 2,
                        "Filter": "((kind_id > 1) AND (production_year = 1976))",
                        "Rows Removed by Filter": 1259342
                      }
                    ]
                  }
                ]
              }
            ]
          }
        ]
      }
    ]
  },
  "Planning Time": 0.385,
  "Triggers": [],
  "Execution Time": 1610.583
}