[
  {
    "Plan": {
      "Node Type": "Aggregate",
      "Strategy": "Plain",
      "Partial Mode": "Finalize",
      "Parallel Aware": false,
      "Startup Cost": 81667.75,
      "Total Cost": 81667.76,
      "Plan Rows": 1,
      "Plan Width": 8,
      "Actual Startup Time": 384.032,
      "Actual Total Time": 396.76,
      "Actual Rows": 1,
      "Actual Loops": 1,
      "Plans": [
        {
          "Node Type": "Gather",
          "Parent Relationship": "Outer",
          "Parallel Aware": false,
          "Startup Cost": 81667.43,
          "Total Cost": 81667.74,
          "Plan Rows": 3,
          "Plan Width": 8,
          "Actual Startup Time": 379.208,
          "Actual Total Time": 396.739,
          "Actual Rows": 4,
          "Actual Loops": 1,
          "Workers Planned": 3,
          "Workers Launched": 3,
          "Single Copy": false,
          "Plans": [
            {
              "Node Type": "Aggregate",
              "Strategy": "Plain",
              "Partial Mode": "Partial",
              "Parent Relationship": "Outer",
              "Parallel Aware": false,
              "Startup Cost": 80667.43,
              "Total Cost": 80667.44,
              "Plan Rows": 1,
              "Plan Width": 8,
              "Actual Startup Time": 367.946,
              "Actual Total Time": 367.949,
              "Actual Rows": 1,
              "Actual Loops": 4,
              "Plans": [
                {
                  "Node Type": "Hash Join",
                  "Parent Relationship": "Outer",
                  "Parallel Aware": true,
                  "Join Type": "Inner",
                  "Startup Cost": 50081.04,
                  "Total Cost": 80212.26,
                  "Plan Rows": 182069,
                  "Plan Width": 0,
                  "Actual Startup Time": 240.871,
                  "Actual Total Time": 364.919,
                  "Actual Rows": 64776,
                  "Actual Loops": 4,
                  "Inner Unique": true,
                  "Hash Cond": "(mc.movie_id = t.id)",
                  "Plans": [
                    {
                      "Node Type": "Seq Scan",
                      "Parent Relationship": "Outer",
                      "Parallel Aware": true,
                      "Relation Name": "movie_companies",
                      "Alias": "mc",
                      "Startup Cost": 0.0,
                      "Total Cost": 29310.68,
                      "Plan Rows": 312588,
                      "Plan Width": 4,
                      "Actual Startup Time": 9.775,
                      "Actual Total Time": 64.412,
                      "Actual Rows": 245602,
                      "Actual Loops": 4,
                      "Filter": "(company_id > 17324)",
                      "Rows Removed by Filter": 406681
                    },
                    {
                      "Node Type": "Hash",
                      "Parent Relationship": "Inner",
                      "Parallel Aware": true,
                      "Startup Cost": 45479.1,
                      "Total Cost": 45479.1,
                      "Plan Rows": 368155,
                      "Plan Width": 4,
                      "Actual Startup Time": 223.527,
                      "Actual Total Time": 223.528,
                      "Actual Rows": 362818,
                      "Actual Loops": 4,
                      "Hash Buckets": 2097152,
                      "Original Hash Buckets": 2097152,
                      "Hash Batches": 1,
                      "Original Hash Batches": 1,
                      "Peak Memory Usage": 73216,
                      "Plans": [
                        {
                          "Node Type": "Seq Scan",
                          "Parent Relationship": "Outer",
                          "Parallel Aware": true,
                          "Relation Name": "title",
                          "Alias": "t",
                          "Startup Cost": 0.0,
                          "Total Cost": 45479.1,
                          "Plan Rows": 368155,
                          "Plan Width": 4,
                          "Actual Startup Time": 0.034,
                          "Actual Total Time": 107.115,
                          "Actual Rows": 362818,
                          "Actual Loops": 4,
                          "Filter": "((kind_id > 3) AND (production_year < 2012))",
                          "Rows Removed by Filter": 269260
                        }
                      ]
                    }
                  ]
                }
              ]
            }
          ]
        }
      ]
    },
    "Planning Time": 0.598,
    "Triggers": [],
    "Execution Time": 396.835
  }
]