{
  "Plan": {
    "Node Type": "Aggregate",
    "Strategy": "Plain",
    "Partial Mode": "Finalize",
    "Parallel Aware": false,
    "Startup Cost": 138340.2,
    "Total Cost": 138340.21,
    "Plan Rows": 1,
    "Plan Width": 8,
    "Actual Startup Time": 971.243,
    "Actual Total Time": 993.322,
    "Actual Rows": 1,
    "Actual Loops": 1,
    "Plans": [
      {
        "Node Type": "Gather",
        "Parent Relationship": "Outer",
        "Parallel Aware": false,
        "Startup Cost": 138340.08,
        "Total Cost": 138340.19,
        "Plan Rows": 1,
        "Plan Width": 8,
        "Actual Startup Time": 966.258,
        "Actual Total Time": 993.312,
        "Actual Rows": 2,
        "Actual Loops": 1,
        "Workers Planned": 1,
        "Workers Launched": 1,
        "Single Copy": false,
        "Plans": [
          {
            "Node Type": "Aggregate",
            "Strategy": "Plain",
            "Partial Mode": "Partial",
            "Parent Relationship": "Outer",
            "Parallel Aware": false,
            "Startup Cost": 137340.08,
            "Total Cost": 137340.09,
            "Plan Rows": 1,
            "Plan Width": 8,
            "Actual Startup Time": 960.347,
            "Actual Total Time": 960.586,
            "Actual Rows": 1,
            "Actual Loops": 2,
            "Plans": [
              {
                "Node Type": "Hash Join",
                "Parent Relationship": "Outer",
                "Parallel Aware": true,
                "Join Type": "Inner",
                "Startup Cost": 116145.43,
                "Total Cost": 137020.66,
                "Plan Rows": 127769,
                "Plan Width": 0,
                "Actual Startup Time": 798.2,
                "Actual Total Time": 941.974,
                "Actual Rows": 455022,
                "Actual Loops": 2,
                "Inner Unique": false,
                "Hash Cond": "(mi_idx.movie_id = t.id)",
                "Plans": [
                  {
                    "Node Type": "Seq Scan",
                    "Parent Relationship": "Outer",
                    "Parallel Aware": true,
                    "Relation Name": "movie_info_idx",
                    "Alias": "mi_idx",
                    "Startup Cost": 0.0,
                    "Total Cost": 18082.32,
                    "Plan Rows": 544356,
                    "Plan Width": 4,
                    "Actual Startup Time": 0.019,
                    "Actual Total Time": 57.598,
                    "Actual Rows": 460055,
                    "Actual Loops": 2,
                    "Filter": "(info_type_id > 99)",
                    "Rows Removed by Filter": 229962
                  },
                  {
                    "Node Type": "Hash",
                    "Parent Relationship": "Inner",
                    "Parallel Aware": true,
                    "Startup Cost": 111781.98,
                    "Total Cost": 111781.98,
                    "Plan Rows": 349076,
                    "Plan Width": 8,
                    "Actual Startup Time": 778.574,
                    "Actual Total Time": 778.811,
                    "Actual Rows": 290528,
                    "Actual Loops": 2,
                    "Hash Buckets": 1048576,
                    "Original Hash Buckets": 1048576,
                    "Hash Batches": 1,
                    "Original Hash Batches": 1,
                    "Peak Memory Usage": 30976,
                    "Plans": [
                      {
                        "Node Type": "Hash Join",
                        "Parent Relationship": "Outer",
                        "Parallel Aware": true,
                        "Join Type": "Inner",
                        "Startup Cost": 82048.21,
                        "Total Cost": 111781.98,
                        "Plan Rows": 349076,
                        "Plan Width": 8,
                        "Actual Startup Time": 564.378,
                        "Actual Total Time": 711.011,
                        "Actual Rows": 290528,
                        "Actual Loops": 2,
                        "Inner Unique": true,
                        "Hash Cond": "(mk.movie_id = t.id)",
                        "Plans": [
                          {
                            "Node Type": "Bitmap Heap Scan",
                            "Parent Relationship": "Outer",
                            "Parallel Aware": true,
                            "Relation Name": "movie_keyword",
                            "Alias": "mk",
                            "Startup Cost": 12587.51,
                            "Total Cost": 41404.96,
                            "Plan Rows": 349076,
                            "Plan Width": 4,
                            "Actual Startup Time": 34.211,
                            "Actual Total Time": 102.599,
                            "Actual Rows": 290528,
                            "Actual Loops": 2,
                            "Recheck Cond": "(keyword_id > 31550)",
                            "Rows Removed by Index Recheck": 0,
                            "Exact Heap Blocks": 12656,
                            "Lossy Heap Blocks": 0,
                            "Plans": [
                              {
                                "Node Type": "Bitmap Index Scan",
                                "Parent Relationship": "Outer",
                                "Parallel Aware": false,
                                "Index Name": "keyword_id_movie_keyword",
                                "Startup Cost": 0.0,
                                "Total Cost": 12439.15,
                                "Plan Rows": 593429,
                                "Plan Width": 0,
                                "Actual Startup Time": 30.774,
                                "Actual Total Time": 30.774,
                                "Actual Rows": 581057,
                                "Actual Loops": 1,
                                "Index Cond": "(keyword_id > 31550)"
                              }
                            ]
                          },
                          {
                            "Node Type": "Hash",
                            "Parent Relationship": "Inner",
                            "Parallel Aware": true,
                            "Startup Cost": 50870.31,
                            "Total Cost": 50870.31,
                            "Plan Rows": 1487231,
                            "Plan Width": 4,
                            "Actual Startup Time": 514.228,
                            "Actual Total Time": 514.229,
                            "Actual Rows": 1264156,
                            "Actual Loops": 2,
                            "Hash Buckets": 4194304,
                            "Original Hash Buckets": 4194304,
                            "Hash Batches": 1,
                            "Original Hash Batches": 1,
                            "Peak Memory Usage": 131712,
                            "Plans": [
                              {
                                "Node Type": "Seq Scan",
                                "Parent Relationship": "Outer",
                                "Parallel Aware": true,
                                "Relation Name": "title",
                                "Alias": "t",
                                "Startup Cost": 0.0,
                                "Total Cost": 50870.31,
                                "Plan Rows": 1487231,
                                "Plan Width": 4,
                                "Actual Startup Time": 0.048,
                                "Actual Total Time": 145.079,
                                "Actual Rows": 1264156,
                                "Actual Loops": 2
                              }
                            ]
                          }
                        ]
                      }
                    ]
                  }
                ]
              }
            ]
          }
        ]
      }
    ]
  },
  "Planning Time": 0.936,
  "Triggers": [],
  "Execution Time": 993.427
}