[
    {
        "Bao": {
            "Bao prediction": "NaN",
            "Bao recommended hint": "(no hint)"
        }
    },
    {
        "Plan": {
            "Node Type": "Aggregate",
            "Strategy": "Plain",
            "Partial Mode": "Finalize",
            "Parallel Aware": false,
            "Startup Cost": 38835.42,
            "Total Cost": 38835.43,
            "Plan Rows": 1,
            "Plan Width": 8,
            "Actual Startup Time": 146.758,
            "Actual Total Time": 151.918,
            "Actual Rows": 1,
            "Actual Loops": 1,
            "Output": [
                "count(*)"
            ],
            "Plans": [
                {
                    "Node Type": "Gather",
                    "Parent Relationship": "Outer",
                    "Parallel Aware": false,
                    "Startup Cost": 38835.1,
                    "Total Cost": 38835.41,
                    "Plan Rows": 3,
                    "Plan Width": 8,
                    "Actual Startup Time": 146.531,
                    "Actual Total Time": 151.909,
                    "Actual Rows": 4,
                    "Actual Loops": 1,
                    "Output": [
                        "(PARTIAL count(*))"
                    ],
                    "Workers Planned": 3,
                    "Workers Launched": 3,
                    "Single Copy": false,
                    "Plans": [
                        {
                            "Node Type": "Aggregate",
                            "Strategy": "Plain",
                            "Partial Mode": "Partial",
                            "Parent Relationship": "Outer",
                            "Parallel Aware": false,
                            "Startup Cost": 37835.1,
                            "Total Cost": 37835.11,
                            "Plan Rows": 1,
                            "Plan Width": 8,
                            "Actual Startup Time": 137.589,
                            "Actual Total Time": 137.591,
                            "Actual Rows": 1,
                            "Actual Loops": 4,
                            "Output": [
                                "PARTIAL count(*)"
                            ],
                            "Workers": [
                                {
                                    "Worker Number": 0,
                                    "Actual Startup Time": 134.747,
                                    "Actual Total Time": 134.749,
                                    "Actual Rows": 1,
                                    "Actual Loops": 1
                                },
                                {
                                    "Worker Number": 1,
                                    "Actual Startup Time": 134.762,
                                    "Actual Total Time": 134.764,
                                    "Actual Rows": 1,
                                    "Actual Loops": 1
                                },
                                {
                                    "Worker Number": 2,
                                    "Actual Startup Time": 134.81,
                                    "Actual Total Time": 134.812,
                                    "Actual Rows": 1,
                                    "Actual Loops": 1
                                }
                            ],
                            "Plans": [
                                {
                                    "Node Type": "Bitmap Heap Scan",
                                    "Parent Relationship": "Outer",
                                    "Parallel Aware": true,
                                    "Relation Name": "movie_keyword",
                                    "Schema": "public",
                                    "Alias": "mk",
                                    "Startup Cost": 10896.28,
                                    "Total Cost": 37420.96,
                                    "Plan Rows": 165655,
                                    "Plan Width": 0,
                                    "Actual Startup Time": 52.362,
                                    "Actual Total Time": 128.821,
                                    "Actual Rows": 126382,
                                    "Actual Loops": 4,
                                    "Recheck Cond": "(mk.keyword_id > 35845)",
                                    "Rows Removed by Index Recheck": 0,
                                    "Exact Heap Blocks": 7820,
                                    "Lossy Heap Blocks": 0,
                                    "Workers": [
                                        {
                                            "Worker Number": 0,
                                            "Actual Startup Time": 49.709,
                                            "Actual Total Time": 126.91,
                                            "Actual Rows": 120055,
                                            "Actual Loops": 1
                                        },
                                        {
                                            "Worker Number": 1,
                                            "Actual Startup Time": 49.634,
                                            "Actual Total Time": 126.716,
                                            "Actual Rows": 124583,
                                            "Actual Loops": 1
                                        },
                                        {
                                            "Worker Number": 2,
                                            "Actual Startup Time": 49.646,
                                            "Actual Total Time": 126.642,
                                            "Actual Rows": 90563,
                                            "Actual Loops": 1
                                        }
                                    ],
                                    "Plans": [
                                        {
                                            "Node Type": "Bitmap Index Scan",
                                            "Parent Relationship": "Outer",
                                            "Parallel Aware": false,
                                            "Index Name": "keyword_id_movie_keyword",
                                            "Startup Cost": 0.0,
                                            "Total Cost": 10767.9,
                                            "Plan Rows": 513529,
                                            "Plan Width": 0,
                                            "Actual Startup Time": 55.029,
                                            "Actual Total Time": 55.029,
                                            "Actual Rows": 505527,
                                            "Actual Loops": 1,
                                            "Index Cond": "(mk.keyword_id > 35845)"
                                        }
                                    ]
                                }
                            ]
                        }
                    ]
                }
            ]
        },
        "Planning Time": 292.52,
        "Triggers": [],
        "Execution Time": 152.004
    }
]