{
  "Plan": {
    "Node Type": "Aggregate",
    "Strategy": "Plain",
    "Partial Mode": "Finalize",
    "Parallel Aware": false,
    "Startup Cost": 32321.69,
    "Total Cost": 32321.7,
    "Plan Rows": 1,
    "Plan Width": 8,
    "Actual Startup Time": 33.705,
    "Actual Total Time": 38.112,
    "Actual Rows": 1,
    "Actual Loops": 1,
    "Plans": [
      {
        "Node Type": "Gather",
        "Parent Relationship": "Outer",
        "Parallel Aware": false,
        "Startup Cost": 32321.57,
        "Total Cost": 32321.68,
        "Plan Rows": 1,
        "Plan Width": 8,
        "Actual Startup Time": 33.64,
        "Actual Total Time": 38.107,
        "Actual Rows": 2,
        "Actual Loops": 1,
        "Workers Planned": 1,
        "Workers Launched": 1,
        "Single Copy": false,
        "Plans": [
          {
            "Node Type": "Aggregate",
            "Strategy": "Plain",
            "Partial Mode": "Partial",
            "Parent Relationship": "Outer",
            "Parallel Aware": false,
            "Startup Cost": 31321.57,
            "Total Cost": 31321.58,
            "Plan Rows": 1,
            "Plan Width": 8,
            "Actual Startup Time": 29.83,
            "Actual Total Time": 29.831,
            "Actual Rows": 1,
            "Actual Loops": 2,
            "Plans": [
              {
                "Node Type": "Nested Loop",
                "Parent Relationship": "Outer",
                "Parallel Aware": false,
                "Join Type": "Inner",
                "Startup Cost": 75.42,
                "Total Cost": 31315.78,
                "Plan Rows": 2319,
                "Plan Width": 0,
                "Actual Startup Time": 1.495,
                "Actual Total Time": 29.373,
                "Actual Rows": 3254,
                "Actual Loops": 2,
                "Inner Unique": true,
                "Plans": [
                  {
                    "Node Type": "Bitmap Heap Scan",
                    "Parent Relationship": "Outer",
                    "Parallel Aware": true,
                    "Relation Name": "movie_info",
                    "Alias": "mi",
                    "Startup Cost": 74.99,
                    "Total Cost": 13872.07,
                    "Plan Rows": 2319,
                    "Plan Width": 4,
                    "Actual Startup Time": 1.395,
                    "Actual Total Time": 5.53,
                    "Actual Rows": 3254,
                    "Actual Loops": 2,
                    "Recheck Cond": "(info_type_id = 42)",
                    "Rows Removed by Index Recheck": 0,
                    "Exact Heap Blocks": 987,
                    "Lossy Heap Blocks": 0,
                    "Plans": [
                      {
                        "Node Type": "Bitmap Index Scan",
                        "Parent Relationship": "Outer",
                        "Parallel Aware": false,
                        "Index Name": "info_type_id_movie_info",
                        "Startup Cost": 0.0,
                        "Total Cost": 74.0,
                        "Plan Rows": 3942,
                        "Plan Width": 0,
                        "Actual Startup Time": 2.16,
                        "Actual Total Time": 2.16,
                        "Actual Rows": 6509,
                        "Actual Loops": 1,
                        "Index Cond": "(info_type_id = 42)"
                      }
                    ]
                  },
                  {
                    "Node Type": "Index Only Scan",
                    "Parent Relationship": "Inner",
                    "Parallel Aware": false,
                    "Scan Direction": "Forward",
                    "Index Name": "title_pkey",
                    "Relation Name": "title",
                    "Alias": "t",
                    "Startup Cost": 0.43,
                    "Total Cost": 7.52,
                    "Plan Rows": 1,
                    "Plan Width": 4,
                    "Actual Startup Time": 0.007,
                    "Actual Total Time": 0.007,
                    "Actual Rows": 1,
                    "Actual Loops": 6509,
                    "Index Cond": "(id = mi.movie_id)",
                    "Rows Removed by Index Recheck": 0,
                    "Heap Fetches": 6509
                  }
                ]
              }
            ]
          }
        ]
      }
    ]
  },
  "Planning Time": 0.384,
  "Triggers": [],
  "Execution Time": 38.187
}