[
  {
    "Plan": {
      "Node Type": "Aggregate",
      "Strategy": "Plain",
      "Partial Mode": "Finalize",
      "Parallel Aware": false,
      "Startup Cost": 32905.51,
      "Total Cost": 32905.52,
      "Plan Rows": 1,
      "Plan Width": 8,
      "Actual Startup Time": 98.214,
      "Actual Total Time": 106.133,
      "Actual Rows": 1,
      "Actual Loops": 1,
      "Plans": [
        {
          "Node Type": "Gather",
          "Parent Relationship": "Outer",
          "Parallel Aware": false,
          "Startup Cost": 32905.2,
          "Total Cost": 32905.51,
          "Plan Rows": 3,
          "Plan Width": 8,
          "Actual Startup Time": 98.092,
          "Actual Total Time": 106.124,
          "Actual Rows": 4,
          "Actual Loops": 1,
          "Workers Planned": 3,
          "Workers Launched": 3,
          "Single Copy": false,
          "Plans": [
            {
              "Node Type": "Aggregate",
              "Strategy": "Plain",
              "Partial Mode": "Partial",
              "Parent Relationship": "Outer",
              "Parallel Aware": false,
              "Startup Cost": 31905.2,
              "Total Cost": 31905.21,
              "Plan Rows": 1,
              "Plan Width": 8,
              "Actual Startup Time": 89.55,
              "Actual Total Time": 89.551,
              "Actual Rows": 1,
              "Actual Loops": 4,
              "Plans": [
                {
                  "Node Type": "Seq Scan",
                  "Parent Relationship": "Outer",
                  "Parallel Aware": true,
                  "Relation Name": "movie_companies",
                  "Alias": "mc",
                  "Startup Cost": 0.0,
                  "Total Cost": 31414.82,
                  "Plan Rows": 196151,
                  "Plan Width": 0,
                  "Actual Startup Time": 45.801,
                  "Actual Total Time": 81.187,
                  "Actual Rows": 220592,
                  "Actual Loops": 4,
                  "Filter": "((company_id > 12328) AND (company_type_id > 1))",
                  "Rows Removed by Filter": 431690
                }
              ]
            }
          ]
        }
      ]
    },
    "Planning Time": 0.25,
    "Triggers": [],
    "Execution Time": 106.257
  }
]