{
    "Plan": {
        "Node Type": "Aggregate",
        "Strategy": "Plain",
        "Partial Mode": "Finalize",
        "Parallel Aware": false,
        "Startup Cost": 159502.72,
        "Total Cost": 159502.73,
        "Plan Rows": 1,
        "Plan Width": 8,
        "Actual Startup Time": 1064.491,
        "Actual Total Time": 1115.115,
        "Actual Rows": 1,
        "Actual Loops": 1,
        "Output": [
            "count(*)"
        ],
        "Plans": [
            {
                "Node Type": "Gather",
                "Parent Relationship": "Outer",
                "Parallel Aware": false,
                "Startup Cost": 159502.3,
                "Total Cost": 159502.71,
                "Plan Rows": 4,
                "Plan Width": 8,
                "Actual Startup Time": 1061.948,
                "Actual Total Time": 1115.105,
                "Actual Rows": 5,
                "Actual Loops": 1,
                "Output": [
                    "(PARTIAL count(*))"
                ],
                "Workers Planned": 4,
                "Workers Launched": 4,
                "Single Copy": false,
                "Plans": [
                    {
                        "Node Type": "Aggregate",
                        "Strategy": "Plain",
                        "Partial Mode": "Partial",
                        "Parent Relationship": "Outer",
                        "Parallel Aware": false,
                        "Startup Cost": 158502.3,
                        "Total Cost": 158502.31,
                        "Plan Rows": 1,
                        "Plan Width": 8,
                        "Actual Startup Time": 1051.984,
                        "Actual Total Time": 1051.987,
                        "Actual Rows": 1,
                        "Actual Loops": 5,
                        "Output": [
                            "PARTIAL count(*)"
                        ],
                        "Workers": [
                            {
                                "Worker Number": 0,
                                "Actual Startup Time": 1048.857,
                                "Actual Total Time": 1048.86,
                                "Actual Rows": 1,
                                "Actual Loops": 1
                            },
                            {
                                "Worker Number": 1,
                                "Actual Startup Time": 1049.773,
                                "Actual Total Time": 1049.777,
                                "Actual Rows": 1,
                                "Actual Loops": 1
                            },
                            {
                                "Worker Number": 2,
                                "Actual Startup Time": 1050.128,
                                "Actual Total Time": 1050.13,
                                "Actual Rows": 1,
                                "Actual Loops": 1
                            },
                            {
                                "Worker Number": 3,
                                "Actual Startup Time": 1050.039,
                                "Actual Total Time": 1050.042,
                                "Actual Rows": 1,
                                "Actual Loops": 1
                            }
                        ],
                        "Plans": [
                            {
                                "Node Type": "Nested Loop",
                                "Parent Relationship": "Outer",
                                "Parallel Aware": false,
                                "Join Type": "Inner",
                                "Startup Cost": 17512.54,
                                "Total Cost": 158433.78,
                                "Plan Rows": 27408,
                                "Plan Width": 0,
                                "Actual Startup Time": 74.646,
                                "Actual Total Time": 1045.104,
                                "Actual Rows": 107724,
                                "Actual Loops": 5,
                                "Inner Unique": false,
                                "Workers": [
                                    {
                                        "Worker Number": 0,
                                        "Actual Startup Time": 71.569,
                                        "Actual Total Time": 1042.866,
                                        "Actual Rows": 89841,
                                        "Actual Loops": 1
                                    },
                                    {
                                        "Worker Number": 1,
                                        "Actual Startup Time": 72.508,
                                        "Actual Total Time": 1042.705,
                                        "Actual Rows": 108861,
                                        "Actual Loops": 1
                                    },
                                    {
                                        "Worker Number": 2,
                                        "Actual Startup Time": 72.583,
                                        "Actual Total Time": 1043.203,
                                        "Actual Rows": 105195,
                                        "Actual Loops": 1
                                    },
                                    {
                                        "Worker Number": 3,
                                        "Actual Startup Time": 72.881,
                                        "Actual Total Time": 1042.938,
                                        "Actual Rows": 108596,
                                        "Actual Loops": 1
                                    }
                                ],
                                "Plans": [
                                    {
                                        "Node Type": "Hash Join",
                                        "Parent Relationship": "Outer",
                                        "Parallel Aware": true,
                                        "Join Type": "Inner",
                                        "Startup Cost": 17512.11,
                                        "Total Cost": 62532.54,
                                        "Plan Rows": 45158,
                                        "Plan Width": 8,
                                        "Actual Startup Time": 74.466,
                                        "Actual Total Time": 247.618,
                                        "Actual Rows": 63656,
                                        "Actual Loops": 5,
                                        "Output": [
                                            "t.id",
                                            "mi_idx.movie_id"
                                        ],
                                        "Inner Unique": false,
                                        "Hash Cond": "(t.id = mi_idx.movie_id)",
                                        "Workers": [
                                            {
                                                "Worker Number": 0,
                                                "Actual Startup Time": 71.362,
                                                "Actual Total Time": 235.192,
                                                "Actual Rows": 53014,
                                                "Actual Loops": 1
                                            },
                                            {
                                                "Worker Number": 1,
                                                "Actual Startup Time": 72.297,
                                                "Actual Total Time": 245.833,
                                                "Actual Rows": 64174,
                                                "Actual Loops": 1
                                            },
                                            {
                                                "Worker Number": 2,
                                                "Actual Startup Time": 72.389,
                                                "Actual Total Time": 246.144,
                                                "Actual Rows": 62148,
                                                "Actual Loops": 1
                                            },
                                            {
                                                "Worker Number": 3,
                                                "Actual Startup Time": 72.651,
                                                "Actual Total Time": 246.92,
                                                "Actual Rows": 64082,
                                                "Actual Loops": 1
                                            }
                                        ],
                                        "Plans": [
                                            {
                                                "Node Type": "Seq Scan",
                                                "Parent Relationship": "Outer",
                                                "Parallel Aware": true,
                                                "Relation Name": "title",
                                                "Schema": "public",
                                                "Alias": "t",
                                                "Startup Cost": 0.0,
                                                "Total Cost": 43899.01,
                                                "Plan Rows": 248871,
                                                "Plan Width": 4,
                                                "Actual Startup Time": 0.034,
                                                "Actual Total Time": 73.491,
                                                "Actual Rows": 197010,
                                                "Actual Loops": 5,
                                                "Output": [
                                                    "t.id",
                                                    "t.title",
                                                    "t.imdb_index",
                                                    "t.kind_id",
                                                    "t.production_year",
                                                    "t.imdb_id",
                                                    "t.phonetic_code",
                                                    "t.episode_of_id",
                                                    "t.season_nr",
                                                    "t.episode_nr",
                                                    "t.series_years",
                                                    "t.md5sum"
                                                ],
                                                "Filter": "(t.kind_id < 7)",
                                                "Rows Removed by Filter": 308653,
                                                "Workers": [
                                                    {
                                                        "Worker Number": 0,
                                                        "Actual Startup Time": 0.038,
                                                        "Actual Total Time": 69.278,
                                                        "Actual Rows": 163818,
                                                        "Actual Loops": 1
                                                    },
                                                    {
                                                        "Worker Number": 1,
                                                        "Actual Startup Time": 0.037,
                                                        "Actual Total Time": 75.951,
                                                        "Actual Rows": 199671,
                                                        "Actual Loops": 1
                                                    },
                                                    {
                                                        "Worker Number": 2,
                                                        "Actual Startup Time": 0.042,
                                                        "Actual Total Time": 76.19,
                                                        "Actual Rows": 192128,
                                                        "Actual Loops": 1
                                                    },
                                                    {
                                                        "Worker Number": 3,
                                                        "Actual Startup Time": 0.041,
                                                        "Actual Total Time": 76.42,
                                                        "Actual Rows": 198939,
                                                        "Actual Loops": 1
                                                    }
                                                ]
                                            },
                                            {
                                                "Node Type": "Hash",
                                                "Parent Relationship": "Inner",
                                                "Parallel Aware": true,
                                                "Startup Cost": 15122.68,
                                                "Total Cost": 15122.68,
                                                "Plan Rows": 191154,
                                                "Plan Width": 4,
                                                "Actual Startup Time": 71.467,
                                                "Actual Total Time": 71.467,
                                                "Actual Rows": 92037,
                                                "Actual Loops": 5,
                                                "Output": [
                                                    "mi_idx.movie_id"
                                                ],
                                                "Hash Buckets": 524288,
                                                "Original Hash Buckets": 524288,
                                                "Hash Batches": 1,
                                                "Original Hash Batches": 1,
                                                "Peak Memory Usage": 22208,
                                                "Workers": [
                                                    {
                                                        "Worker Number": 0,
                                                        "Actual Startup Time": 70.854,
                                                        "Actual Total Time": 70.855,
                                                        "Actual Rows": 81395,
                                                        "Actual Loops": 1
                                                    },
                                                    {
                                                        "Worker Number": 1,
                                                        "Actual Startup Time": 71.853,
                                                        "Actual Total Time": 71.854,
                                                        "Actual Rows": 91432,
                                                        "Actual Loops": 1
                                                    },
                                                    {
                                                        "Worker Number": 2,
                                                        "Actual Startup Time": 71.973,
                                                        "Actual Total Time": 71.973,
                                                        "Actual Rows": 85198,
                                                        "Actual Loops": 1
                                                    },
                                                    {
                                                        "Worker Number": 3,
                                                        "Actual Startup Time": 71.959,
                                                        "Actual Total Time": 71.959,
                                                        "Actual Rows": 87542,
                                                        "Actual Loops": 1
                                                    }
                                                ],
                                                "Plans": [
                                                    {
                                                        "Node Type": "Seq Scan",
                                                        "Parent Relationship": "Outer",
                                                        "Parallel Aware": true,
                                                        "Relation Name": "movie_info_idx",
                                                        "Schema": "public",
                                                        "Alias": "mi_idx",
                                                        "Startup Cost": 0.0,
                                                        "Total Cost": 15122.68,
                                                        "Plan Rows": 191154,
                                                        "Plan Width": 4,
                                                        "Actual Startup Time": 0.04,
                                                        "Actual Total Time": 37.619,
                                                        "Actual Rows": 92037,
                                                        "Actual Loops": 5,
                                                        "Output": [
                                                            "mi_idx.movie_id"
                                                        ],
                                                        "Filter": "(mi_idx.info_type_id > 100)",
                                                        "Rows Removed by Filter": 183970,
                                                        "Workers": [
                                                            {
                                                                "Worker Number": 0,
                                                                "Actual Startup Time": 0.058,
                                                                "Actual Total Time": 36.72,
                                                                "Actual Rows": 81395,
                                                                "Actual Loops": 1
                                                            },
                                                            {
                                                                "Worker Number": 1,
                                                                "Actual Startup Time": 0.037,
                                                                "Actual Total Time": 39.036,
                                                                "Actual Rows": 91432,
                                                                "Actual Loops": 1
                                                            },
                                                            {
                                                                "Worker Number": 2,
                                                                "Actual Startup Time": 0.044,
                                                                "Actual Total Time": 38.414,
                                                                "Actual Rows": 85198,
                                                                "Actual Loops": 1
                                                            },
                                                            {
                                                                "Worker Number": 3,
                                                                "Actual Startup Time": 0.035,
                                                                "Actual Total Time": 39.032,
                                                                "Actual Rows": 87542,
                                                                "Actual Loops": 1
                                                            }
                                                        ]
                                                    }
                                                ]
                                            }
                                        ]
                                    },
                                    {
                                        "Node Type": "Index Scan",
                                        "Parent Relationship": "Inner",
                                        "Parallel Aware": false,
                                        "Scan Direction": "Forward",
                                        "Index Name": "movie_id_movie_info",
                                        "Relation Name": "movie_info",
                                        "Schema": "public",
                                        "Alias": "mi",
                                        "Startup Cost": 0.43,
                                        "Total Cost": 2.08,
                                        "Plan Rows": 4,
                                        "Plan Width": 4,
                                        "Actual Startup Time": 0.012,
                                        "Actual Total Time": 0.012,
                                        "Actual Rows": 2,
                                        "Actual Loops": 318279,
                                        "Output": [
                                            "mi.id",
                                            "mi.movie_id",
                                            "mi.info_type_id",
                                            "mi.info",
                                            "mi.note"
                                        ],
                                        "Index Cond": "(mi.movie_id = t.id)",
                                        "Rows Removed by Index Recheck": 0,
                                        "Filter": "(mi.info_type_id = 3)",
                                        "Rows Removed by Filter": 17,
                                        "Workers": [
                                            {
                                                "Worker Number": 0,
                                                "Actual Startup Time": 0.015,
                                                "Actual Total Time": 0.015,
                                                "Actual Rows": 2,
                                                "Actual Loops": 53014
                                            },
                                            {
                                                "Worker Number": 1,
                                                "Actual Startup Time": 0.012,
                                                "Actual Total Time": 0.012,
                                                "Actual Rows": 2,
                                                "Actual Loops": 64174
                                            },
                                            {
                                                "Worker Number": 2,
                                                "Actual Startup Time": 0.012,
                                                "Actual Total Time": 0.012,
                                                "Actual Rows": 2,
                                                "Actual Loops": 62148
                                            },
                                            {
                                                "Worker Number": 3,
                                                "Actual Startup Time": 0.012,
                                                "Actual Total Time": 0.012,
                                                "Actual Rows": 2,
                                                "Actual Loops": 64082
                                            }
                                        ]
                                    }
                                ]
                            }
                        ]
                    }
                ]
            }
        ]
    },
    "Planning Time": 1.551,
    "Triggers": [],
    "Execution Time": 1115.222
}