[
    {
        "Bao": {
            "Bao prediction": "NaN",
            "Bao recommended hint": "(no hint)"
        }
    },
    {
        "Plan": {
            "Node Type": "Aggregate",
            "Strategy": "Plain",
            "Partial Mode": "Finalize",
            "Parallel Aware": false,
            "Startup Cost": 33605.79,
            "Total Cost": 33605.8,
            "Plan Rows": 1,
            "Plan Width": 8,
            "Actual Startup Time": 97.538,
            "Actual Total Time": 103.365,
            "Actual Rows": 1,
            "Actual Loops": 1,
            "Output": [
                "count(*)"
            ],
            "Plans": [
                {
                    "Node Type": "Gather",
                    "Parent Relationship": "Outer",
                    "Parallel Aware": false,
                    "Startup Cost": 33605.48,
                    "Total Cost": 33605.79,
                    "Plan Rows": 3,
                    "Plan Width": 8,
                    "Actual Startup Time": 97.186,
                    "Actual Total Time": 103.356,
                    "Actual Rows": 4,
                    "Actual Loops": 1,
                    "Output": [
                        "(PARTIAL count(*))"
                    ],
                    "Workers Planned": 3,
                    "Workers Launched": 3,
                    "Single Copy": false,
                    "Plans": [
                        {
                            "Node Type": "Aggregate",
                            "Strategy": "Plain",
                            "Partial Mode": "Partial",
                            "Parent Relationship": "Outer",
                            "Parallel Aware": false,
                            "Startup Cost": 32605.48,
                            "Total Cost": 32605.49,
                            "Plan Rows": 1,
                            "Plan Width": 8,
                            "Actual Startup Time": 88.471,
                            "Actual Total Time": 88.473,
                            "Actual Rows": 1,
                            "Actual Loops": 4,
                            "Output": [
                                "PARTIAL count(*)"
                            ],
                            "Workers": [
                                {
                                    "Worker Number": 0,
                                    "Actual Startup Time": 85.409,
                                    "Actual Total Time": 85.41,
                                    "Actual Rows": 1,
                                    "Actual Loops": 1
                                },
                                {
                                    "Worker Number": 1,
                                    "Actual Startup Time": 85.579,
                                    "Actual Total Time": 85.58,
                                    "Actual Rows": 1,
                                    "Actual Loops": 1
                                },
                                {
                                    "Worker Number": 2,
                                    "Actual Startup Time": 86.046,
                                    "Actual Total Time": 86.048,
                                    "Actual Rows": 1,
                                    "Actual Loops": 1
                                }
                            ],
                            "Plans": [
                                {
                                    "Node Type": "Bitmap Heap Scan",
                                    "Parent Relationship": "Outer",
                                    "Parallel Aware": true,
                                    "Relation Name": "movie_keyword",
                                    "Schema": "public",
                                    "Alias": "mk",
                                    "Startup Cost": 6637.43,
                                    "Total Cost": 32353.14,
                                    "Plan Rows": 100936,
                                    "Plan Width": 0,
                                    "Actual Startup Time": 20.746,
                                    "Actual Total Time": 83.479,
                                    "Actual Rows": 77707,
                                    "Actual Loops": 4,
                                    "Recheck Cond": "(mk.keyword_id > 52520)",
                                    "Rows Removed by Index Recheck": 0,
                                    "Exact Heap Blocks": 11528,
                                    "Lossy Heap Blocks": 0,
                                    "Workers": [
                                        {
                                            "Worker Number": 0,
                                            "Actual Startup Time": 17.731,
                                            "Actual Total Time": 80.986,
                                            "Actual Rows": 44321,
                                            "Actual Loops": 1
                                        },
                                        {
                                            "Worker Number": 1,
                                            "Actual Startup Time": 18.016,
                                            "Actual Total Time": 81.085,
                                            "Actual Rows": 45761,
                                            "Actual Loops": 1
                                        },
                                        {
                                            "Worker Number": 2,
                                            "Actual Startup Time": 18.352,
                                            "Actual Total Time": 81.637,
                                            "Actual Rows": 59166,
                                            "Actual Loops": 1
                                        }
                                    ],
                                    "Plans": [
                                        {
                                            "Node Type": "Bitmap Index Scan",
                                            "Parent Relationship": "Outer",
                                            "Parallel Aware": false,
                                            "Index Name": "keyword_id_movie_keyword",
                                            "Startup Cost": 0.0,
                                            "Total Cost": 6559.2,
                                            "Plan Rows": 312903,
                                            "Plan Width": 0,
                                            "Actual Startup Time": 25.186,
                                            "Actual Total Time": 25.186,
                                            "Actual Rows": 310828,
                                            "Actual Loops": 1,
                                            "Index Cond": "(mk.keyword_id > 52520)"
                                        }
                                    ]
                                }
                            ]
                        }
                    ]
                }
            ]
        },
        "Planning Time": 201.496,
        "Triggers": [],
        "Execution Time": 103.424
    }
]