[
  {
    "Plan": {
      "Node Type": "Aggregate",
      "Strategy": "Plain",
      "Partial Mode": "Finalize",
      "Parallel Aware": false,
      "Startup Cost": 298615.14,
      "Total Cost": 298615.15,
      "Plan Rows": 1,
      "Plan Width": 8,
      "Actual Startup Time": 182.128,
      "Actual Total Time": 190.106,
      "Actual Rows": 1,
      "Actual Loops": 1,
      "Plans": [
        {
          "Node Type": "Gather",
          "Parent Relationship": "Outer",
          "Parallel Aware": false,
          "Startup Cost": 298614.52,
          "Total Cost": 298615.13,
          "Plan Rows": 6,
          "Plan Width": 8,
          "Actual Startup Time": 181.55,
          "Actual Total Time": 190.096,
          "Actual Rows": 7,
          "Actual Loops": 1,
          "Workers Planned": 6,
          "Workers Launched": 6,
          "Single Copy": false,
          "Plans": [
            {
              "Node Type": "Aggregate",
              "Strategy": "Plain",
              "Partial Mode": "Partial",
              "Parent Relationship": "Outer",
              "Parallel Aware": false,
              "Startup Cost": 297614.52,
              "Total Cost": 297614.53,
              "Plan Rows": 1,
              "Plan Width": 8,
              "Actual Startup Time": 174.32,
              "Actual Total Time": 174.322,
              "Actual Rows": 1,
              "Actual Loops": 7,
              "Plans": [
                {
                  "Node Type": "Bitmap Heap Scan",
                  "Parent Relationship": "Outer",
                  "Parallel Aware": true,
                  "Relation Name": "cast_info",
                  "Alias": "ci",
                  "Startup Cost": 39898.54,
                  "Total Cost": 297119.12,
                  "Plan Rows": 198158,
                  "Plan Width": 0,
                  "Actual Startup Time": 72.262,
                  "Actual Total Time": 160.668,
                  "Actual Rows": 250795,
                  "Actual Loops": 7,
                  "Recheck Cond": "(person_id > 3714203)",
                  "Rows Removed by Index Recheck": 0,
                  "Filter": "(role_id > 1)",
                  "Rows Removed by Filter": 0,
                  "Exact Heap Blocks": 6296,
                  "Lossy Heap Blocks": 0,
                  "Plans": [
                    {
                      "Node Type": "Bitmap Index Scan",
                      "Parent Relationship": "Outer",
                      "Parallel Aware": false,
                      "Index Name": "person_id_cast_info",
                      "Startup Cost": 0.0,
                      "Total Cost": 39601.31,
                      "Plan Rows": 1813432,
                      "Plan Width": 0,
                      "Actual Startup Time": 74.872,
                      "Actual Total Time": 74.873,
                      "Actual Rows": 1755567,
                      "Actual Loops": 1,
                      "Index Cond": "(person_id > 3714203)"
                    }
                  ]
                }
              ]
            }
          ]
        }
      ]
    },
    "Planning Time": 0.14,
    "Triggers": [],
    "Execution Time": 190.156
  }
]