[
  {
    "Plan": {
      "Node Type": "Aggregate",
      "Strategy": "Plain",
      "Partial Mode": "Finalize",
      "Parallel Aware": false,
      "Startup Cost": 46250.22,
      "Total Cost": 46250.23,
      "Plan Rows": 1,
      "Plan Width": 8,
      "Actual Startup Time": 159.21,
      "Actual Total Time": 168.821,
      "Actual Rows": 1,
      "Actual Loops": 1,
      "Plans": [
        {
          "Node Type": "Gather",
          "Parent Relationship": "Outer",
          "Parallel Aware": false,
          "Startup Cost": 46249.91,
          "Total Cost": 46250.22,
          "Plan Rows": 3,
          "Plan Width": 8,
          "Actual Startup Time": 159.076,
          "Actual Total Time": 168.813,
          "Actual Rows": 4,
          "Actual Loops": 1,
          "Workers Planned": 3,
          "Workers Launched": 3,
          "Single Copy": false,
          "Plans": [
            {
              "Node Type": "Aggregate",
              "Strategy": "Plain",
              "Partial Mode": "Partial",
              "Parent Relationship": "Outer",
              "Parallel Aware": false,
              "Startup Cost": 45249.91,
              "Total Cost": 45249.92,
              "Plan Rows": 1,
              "Plan Width": 8,
              "Actual Startup Time": 152.649,
              "Actual Total Time": 152.65,
              "Actual Rows": 1,
              "Actual Loops": 4,
              "Plans": [
                {
                  "Node Type": "Seq Scan",
                  "Parent Relationship": "Outer",
                  "Parallel Aware": true,
                  "Relation Name": "movie_keyword",
                  "Alias": "mk",
                  "Startup Cost": 0.0,
                  "Total Cost": 42695.65,
                  "Plan Rows": 1021701,
                  "Plan Width": 0,
                  "Actual Startup Time": 0.048,
                  "Actual Total Time": 117.833,
                  "Actual Rows": 790380,
                  "Actual Loops": 4,
                  "Filter": "(keyword_id < 12315)",
                  "Rows Removed by Filter": 340602
                }
              ]
            }
          ]
        }
      ]
    },
    "Planning Time": 0.176,
    "Triggers": [],
    "Execution Time": 168.874
  }
]