[
  {
    "Plan": {
      "Node Type": "Aggregate",
      "Strategy": "Plain",
      "Partial Mode": "Finalize",
      "Parallel Aware": false,
      "Startup Cost": 125921.63,
      "Total Cost": 125921.64,
      "Plan Rows": 1,
      "Plan Width": 8,
      "Actual Startup Time": 455.12,
      "Actual Total Time": 476.262,
      "Actual Rows": 1,
      "Actual Loops": 1,
      "Plans": [
        {
          "Node Type": "Gather",
          "Parent Relationship": "Outer",
          "Parallel Aware": false,
          "Startup Cost": 125921.31,
          "Total Cost": 125921.62,
          "Plan Rows": 3,
          "Plan Width": 8,
          "Actual Startup Time": 453.099,
          "Actual Total Time": 476.252,
          "Actual Rows": 4,
          "Actual Loops": 1,
          "Workers Planned": 3,
          "Workers Launched": 3,
          "Single Copy": false,
          "Plans": [
            {
              "Node Type": "Aggregate",
              "Strategy": "Plain",
              "Partial Mode": "Partial",
              "Parent Relationship": "Outer",
              "Parallel Aware": false,
              "Startup Cost": 124921.31,
              "Total Cost": 124921.32,
              "Plan Rows": 1,
              "Plan Width": 8,
              "Actual Startup Time": 444.236,
              "Actual Total Time": 444.317,
              "Actual Rows": 1,
              "Actual Loops": 4,
              "Plans": [
                {
                  "Node Type": "Hash Join",
                  "Parent Relationship": "Outer",
                  "Parallel Aware": true,
                  "Join Type": "Inner",
                  "Startup Cost": 81027.89,
                  "Total Cost": 124825.92,
                  "Plan Rows": 38157,
                  "Plan Width": 0,
                  "Actual Startup Time": 329.427,
                  "Actual Total Time": 435.087,
                  "Actual Rows": 234732,
                  "Actual Loops": 4,
                  "Inner Unique": false,
                  "Hash Cond": "(mk.movie_id = t.id)",
                  "Plans": [
                    {
                      "Node Type": "Seq Scan",
                      "Parent Relationship": "Outer",
                      "Parallel Aware": true,
                      "Relation Name": "movie_keyword",
                      "Alias": "mk",
                      "Startup Cost": 0.0,
                      "Total Cost": 42695.65,
                      "Plan Rows": 268530,
                      "Plan Width": 4,
                      "Actual Startup Time": 1.956,
                      "Actual Total Time": 86.57,
                      "Actual Rows": 204022,
                      "Actual Loops": 4,
                      "Filter": "(keyword_id > 22425)",
                      "Rows Removed by Filter": 926961
                    },
                    {
                      "Node Type": "Hash",
                      "Parent Relationship": "Inner",
                      "Parallel Aware": true,
                      "Startup Cost": 79905.2,
                      "Total Cost": 79905.2,
                      "Plan Rows": 89815,
                      "Plan Width": 8,
                      "Actual Startup Time": 303.601,
                      "Actual Total Time": 303.681,
                      "Actual Rows": 58054,
                      "Actual Loops": 4,
                      "Hash Buckets": 524288,
                      "Original Hash Buckets": 524288,
                      "Hash Batches": 1,
                      "Original Hash Batches": 1,
                      "Peak Memory Usage": 13280,
                      "Plans": [
                        {
                          "Node Type": "Hash Join",
                          "Parent Relationship": "Outer",
                          "Parallel Aware": true,
                          "Join Type": "Inner",
                          "Startup Cost": 33784.84,
                          "Total Cost": 79905.2,
                          "Plan Rows": 89815,
                          "Plan Width": 8,
                          "Actual Startup Time": 205.59,
                          "Actual Total Time": 285.348,
                          "Actual Rows": 58054,
                          "Actual Loops": 4,
                          "Inner Unique": false,
                          "Hash Cond": "(t.id = mc.movie_id)",
                          "Plans": [
                            {
                              "Node Type": "Seq Scan",
                              "Parent Relationship": "Outer",
                              "Parallel Aware": true,
                              "Relation Name": "title",
                              "Alias": "t",
                              "Startup Cost": 0.0,
                              "Total Cost": 43898.92,
                              "Plan Rows": 386343,
                              "Plan Width": 4,
                              "Actual Startup Time": 0.012,
                              "Actual Total Time": 87.553,
                              "Actual Rows": 387932,
                              "Actual Loops": 4,
                              "Filter": "(production_year < 2007)",
                              "Rows Removed by Filter": 244146
                            },
                            {
                              "Node Type": "Hash",
                              "Parent Relationship": "Inner",
                              "Parallel Aware": true,
                              "Startup Cost": 31414.82,
                              "Total Cost": 31414.82,
                              "Plan Rows": 189602,
                              "Plan Width": 4,
                              "Actual Startup Time": 114.238,
                              "Actual Total Time": 114.239,
                              "Actual Rows": 78641,
                              "Actual Loops": 4,
                              "Hash Buckets": 1048576,
                              "Original Hash Buckets": 1048576,
                              "Hash Batches": 1,
                              "Original Hash Batches": 1,
                              "Peak Memory Usage": 20576,
                              "Plans": [
                                {
                                  "Node Type": "Seq Scan",
                                  "Parent Relationship": "Outer",
                                  "Parallel Aware": true,
                                  "Relation Name": "movie_companies",
                                  "Alias": "mc",
                                  "Startup Cost": 0.0,
                                  "Total Cost": 31414.82,
                                  "Plan Rows": 189602,
                                  "Plan Width": 4,
                                  "Actual Startup Time": 25.017,
                                  "Actual Total Time": 79.05,
                                  "Actual Rows": 78641,
                                  "Actual Loops": 4,
                                  "Filter": "((company_id > 12385) AND (company_type_id = 1))",
                                  "Rows Removed by Filter": 573642
                                }
                              ]
                            }
                          ]
                        }
                      ]
                    }
                  ]
                }
              ]
            }
          ]
        }
      ]
    },
    "Planning Time": 1.347,
    "Triggers": [],
    "Execution Time": 476.347
  }
]