[
  {
    "Plan": {
      "Node Type": "Aggregate",
      "Strategy": "Plain",
      "Partial Mode": "Finalize",
      "Parallel Aware": false,
      "Startup Cost": 132303.97,
      "Total Cost": 132303.98,
      "Plan Rows": 1,
      "Plan Width": 8,
      "Actual Startup Time": 1149.112,
      "Actual Total Time": 1169.937,
      "Actual Rows": 1,
      "Actual Loops": 1,
      "Plans": [
        {
          "Node Type": "Gather",
          "Parent Relationship": "Outer",
          "Parallel Aware": false,
          "Startup Cost": 132303.66,
          "Total Cost": 132303.97,
          "Plan Rows": 3,
          "Plan Width": 8,
          "Actual Startup Time": 1144.322,
          "Actual Total Time": 1169.927,
          "Actual Rows": 4,
          "Actual Loops": 1,
          "Workers Planned": 3,
          "Workers Launched": 3,
          "Single Copy": false,
          "Plans": [
            {
              "Node Type": "Aggregate",
              "Strategy": "Plain",
              "Partial Mode": "Partial",
              "Parent Relationship": "Outer",
              "Parallel Aware": false,
              "Startup Cost": 131303.66,
              "Total Cost": 131303.67,
              "Plan Rows": 1,
              "Plan Width": 8,
              "Actual Startup Time": 1135.17,
              "Actual Total Time": 1135.175,
              "Actual Rows": 1,
              "Actual Loops": 4,
              "Plans": [
                {
                  "Node Type": "Hash Join",
                  "Parent Relationship": "Outer",
                  "Parallel Aware": true,
                  "Join Type": "Inner",
                  "Startup Cost": 84153.14,
                  "Total Cost": 129988.31,
                  "Plan Rows": 526140,
                  "Plan Width": 0,
                  "Actual Startup Time": 435.311,
                  "Actual Total Time": 951.311,
                  "Actual Rows": 4854948,
                  "Actual Loops": 4,
                  "Inner Unique": false,
                  "Hash Cond": "(mk.movie_id = t.id)",
                  "Plans": [
                    {
                      "Node Type": "Seq Scan",
                      "Parent Relationship": "Outer",
                      "Parallel Aware": true,
                      "Relation Name": "movie_keyword",
                      "Alias": "mk",
                      "Startup Cost": 0.0,
                      "Total Cost": 39047.32,
                      "Plan Rows": 1459332,
                      "Plan Width": 4,
                      "Actual Startup Time": 0.025,
                      "Actual Total Time": 85.16,
                      "Actual Rows": 1130982,
                      "Actual Loops": 4
                    },
                    {
                      "Node Type": "Hash",
                      "Parent Relationship": "Inner",
                      "Parallel Aware": true,
                      "Startup Cost": 81304.59,
                      "Total Cost": 81304.59,
                      "Plan Rows": 227884,
                      "Plan Width": 8,
                      "Actual Startup Time": 427.964,
                      "Actual Total Time": 427.967,
                      "Actual Rows": 186550,
                      "Actual Loops": 4,
                      "Hash Buckets": 1048576,
                      "Original Hash Buckets": 1048576,
                      "Hash Batches": 1,
                      "Original Hash Batches": 1,
                      "Peak Memory Usage": 37440,
                      "Plans": [
                        {
                          "Node Type": "Hash Join",
                          "Parent Relationship": "Outer",
                          "Parallel Aware": true,
                          "Join Type": "Inner",
                          "Startup Cost": 35090.38,
                          "Total Cost": 81304.59,
                          "Plan Rows": 227884,
                          "Plan Width": 8,
                          "Actual Startup Time": 138.417,
                          "Actual Total Time": 371.02,
                          "Actual Rows": 186550,
                          "Actual Loops": 4,
                          "Inner Unique": false,
                          "Hash Cond": "(t.id = mc.movie_id)",
                          "Plans": [
                            {
                              "Node Type": "Seq Scan",
                              "Parent Relationship": "Outer",
                              "Parallel Aware": true,
                              "Relation Name": "title",
                              "Alias": "t",
                              "Startup Cost": 0.0,
                              "Total Cost": 42318.73,
                              "Plan Rows": 632073,
                              "Plan Width": 4,
                              "Actual Startup Time": 0.011,
                              "Actual Total Time": 73.469,
                              "Actual Rows": 632078,
                              "Actual Loops": 4
                            },
                            {
                              "Node Type": "Hash",
                              "Parent Relationship": "Inner",
                              "Parallel Aware": true,
                              "Startup Cost": 31414.82,
                              "Total Cost": 31414.82,
                              "Plan Rows": 294045,
                              "Plan Width": 4,
                              "Actual Startup Time": 135.762,
                              "Actual Total Time": 135.763,
                              "Actual Rows": 186550,
                              "Actual Loops": 4,
                              "Hash Buckets": 1048576,
                              "Original Hash Buckets": 1048576,
                              "Hash Batches": 1,
                              "Original Hash Batches": 1,
                              "Peak Memory Usage": 37440,
                              "Plans": [
                                {
                                  "Node Type": "Seq Scan",
                                  "Parent Relationship": "Outer",
                                  "Parallel Aware": true,
                                  "Relation Name": "movie_companies",
                                  "Alias": "mc",
                                  "Startup Cost": 0.0,
                                  "Total Cost": 31414.82,
                                  "Plan Rows": 294045,
                                  "Plan Width": 4,
                                  "Actual Startup Time": 1.151,
                                  "Actual Total Time": 80.185,
                                  "Actual Rows": 186550,
                                  "Actual Loops": 4,
                                  "Filter": "((company_id > 1461) AND (company_type_id < 2))",
                                  "Rows Removed by Filter": 465732
                                }
                              ]
                            }
                          ]
                        }
                      ]
                    }
                  ]
                }
              ]
            }
          ]
        }
      ]
    },
    "Planning Time": 1.428,
    "Triggers": [],
    "Execution Time": 1170.017
  }
]