{
    "Plan": {
        "Node Type": "Aggregate",
        "Strategy": "Plain",
        "Partial Mode": "Simple",
        "Parallel Aware": false,
        "Startup Cost": 80001523431.02,
        "Total Cost": 80001523431.03,
        "Plan Rows": 1,
        "Plan Width": 64,
        "Actual Startup Time": 4527.65,
        "Actual Total Time": 4527.666,
        "Actual Rows": 1,
        "Actual Loops": 1,
        "Output": [
            "min(n.name)",
            "min(t.title)"
        ],
        "Plans": [
            {
                "Node Type": "Nested Loop",
                "Parent Relationship": "Outer",
                "Parallel Aware": false,
                "Join Type": "Inner",
                "Startup Cost": 80001521958.25,
                "Total Cost": 80001523431.01,
                "Plan Rows": 1,
                "Plan Width": 32,
                "Actual Startup Time": 4479.362,
                "Actual Total Time": 4527.572,
                "Actual Rows": 209,
                "Actual Loops": 1,
                "Output": [
                    "n.name",
                    "t.title"
                ],
                "Inner Unique": true,
                "Plans": [
                    {
                        "Node Type": "Nested Loop",
                        "Parent Relationship": "Outer",
                        "Parallel Aware": false,
                        "Join Type": "Inner",
                        "Startup Cost": 70001521957.81,
                        "Total Cost": 70001523426.56,
                        "Plan Rows": 1,
                        "Plan Width": 36,
                        "Actual Startup Time": 4479.339,
                        "Actual Total Time": 4526.466,
                        "Actual Rows": 220,
                        "Actual Loops": 1,
                        "Output": [
                            "mc.company_id",
                            "n.name",
                            "t.title"
                        ],
                        "Inner Unique": true,
                        "Plans": [
                            {
                                "Node Type": "Merge Join",
                                "Parent Relationship": "Outer",
                                "Parallel Aware": false,
                                "Join Type": "Inner",
                                "Startup Cost": 60001521957.35,
                                "Total Cost": 60001523422.09,
                                "Plan Rows": 1,
                                "Plan Width": 40,
                                "Actual Startup Time": 4479.301,
                                "Actual Total Time": 4525.309,
                                "Actual Rows": 220,
                                "Actual Loops": 1,
                                "Output": [
                                    "ci.person_role_id",
                                    "mc.company_id",
                                    "n.name",
                                    "t.title"
                                ],
                                "Inner Unique": false,
                                "Merge Cond": "(t.id = mc.movie_id)",
                                "Plans": [
                                    {
                                        "Node Type": "Sort",
                                        "Parent Relationship": "Outer",
                                        "Parallel Aware": false,
                                        "Startup Cost": 60001437427.73,
                                        "Total Cost": 60001437427.73,
                                        "Plan Rows": 1,
                                        "Plan Width": 48,
                                        "Actual Startup Time": 4020.756,
                                        "Actual Total Time": 4020.826,
                                        "Actual Rows": 418,
                                        "Actual Loops": 1,
                                        "Output": [
                                            "ci.movie_id",
                                            "ci.person_role_id",
                                            "mi.movie_id",
                                            "n.name",
                                            "t.title",
                                            "t.id"
                                        ],
                                        "Sort Key": [
                                            "ci.movie_id"
                                        ],
                                        "Sort Method": "quicksort",
                                        "Sort Space Used": 70,
                                        "Sort Space Type": "Memory",
                                        "Plans": [
                                            {
                                                "Node Type": "Hash Join",
                                                "Parent Relationship": "Outer",
                                                "Parallel Aware": false,
                                                "Join Type": "Inner",
                                                "Startup Cost": 60001437425.29,
                                                "Total Cost": 60001437427.72,
                                                "Plan Rows": 1,
                                                "Plan Width": 48,
                                                "Actual Startup Time": 4020.609,
                                                "Actual Total Time": 4020.678,
                                                "Actual Rows": 418,
                                                "Actual Loops": 1,
                                                "Output": [
                                                    "ci.movie_id",
                                                    "ci.person_role_id",
                                                    "mi.movie_id",
                                                    "n.name",
                                                    "t.title",
                                                    "t.id"
                                                ],
                                                "Inner Unique": false,
                                                "Hash Cond": "(it.id = mi.info_type_id)",
                                                "Plans": [
                                                    {
                                                        "Node Type": "Seq Scan",
                                                        "Parent Relationship": "Outer",
                                                        "Parallel Aware": false,
                                                        "Relation Name": "info_type",
                                                        "Schema": "public",
                                                        "Alias": "it",
                                                        "Startup Cost": 10000000000.0,
                                                        "Total Cost": 10000000002.41,
                                                        "Plan Rows": 1,
                                                        "Plan Width": 4,
                                                        "Actual Startup Time": 0.023,
                                                        "Actual Total Time": 0.033,
                                                        "Actual Rows": 1,
                                                        "Actual Loops": 1,
                                                        "Output": [
                                                            "it.id",
                                                            "it.info"
                                                        ],
                                                        "Filter": "((it.info)::text = 'release dates'::text)",
                                                        "Rows Removed by Filter": 112
                                                    },
                                                    {
                                                        "Node Type": "Hash",
                                                        "Parent Relationship": "Inner",
                                                        "Parallel Aware": false,
                                                        "Startup Cost": 50001437425.27,
                                                        "Total Cost": 50001437425.27,
                                                        "Plan Rows": 2,
                                                        "Plan Width": 52,
                                                        "Actual Startup Time": 4020.573,
                                                        "Actual Total Time": 4020.585,
                                                        "Actual Rows": 418,
                                                        "Actual Loops": 1,
                                                        "Output": [
                                                            "ci.movie_id",
                                                            "ci.person_role_id",
                                                            "mi.movie_id",
                                                            "mi.info_type_id",
                                                            "n.name",
                                                            "t.title",
                                                            "t.id"
                                                        ],
                                                        "Hash Buckets": 1024,
                                                        "Original Hash Buckets": 1024,
                                                        "Hash Batches": 1,
                                                        "Original Hash Batches": 1,
                                                        "Peak Memory Usage": 43,
                                                        "Plans": [
                                                            {
                                                                "Node Type": "Merge Join",
                                                                "Parent Relationship": "Outer",
                                                                "Parallel Aware": false,
                                                                "Join Type": "Inner",
                                                                "Startup Cost": 50001312330.42,
                                                                "Total Cost": 50001437425.27,
                                                                "Plan Rows": 2,
                                                                "Plan Width": 52,
                                                                "Actual Startup Time": 2931.608,
                                                                "Actual Total Time": 4020.453,
                                                                "Actual Rows": 418,
                                                                "Actual Loops": 1,
                                                                "Output": [
                                                                    "ci.movie_id",
                                                                    "ci.person_role_id",
                                                                    "mi.movie_id",
                                                                    "mi.info_type_id",
                                                                    "n.name",
                                                                    "t.title",
                                                                    "t.id"
                                                                ],
                                                                "Inner Unique": false,
                                                                "Merge Cond": "(t.id = mi.movie_id)",
                                                                "Plans": [
                                                                    {
                                                                        "Node Type": "Index Scan",
                                                                        "Parent Relationship": "Outer",
                                                                        "Parallel Aware": false,
                                                                        "Scan Direction": "Forward",
                                                                        "Index Name": "title_pkey",
                                                                        "Relation Name": "title",
                                                                        "Schema": "public",
                                                                        "Alias": "t",
                                                                        "Startup Cost": 0.43,
                                                                        "Total Cost": 122983.71,
                                                                        "Plan Rows": 885224,
                                                                        "Plan Width": 21,
                                                                        "Actual Startup Time": 0.018,
                                                                        "Actual Total Time": 1050.48,
                                                                        "Actual Rows": 874825,
                                                                        "Actual Loops": 1,
                                                                        "Output": [
                                                                            "t.id",
                                                                            "t.title",
                                                                            "t.imdb_index",
                                                                            "t.kind_id",
                                                                            "t.production_year",
                                                                            "t.imdb_id",
                                                                            "t.phonetic_code",
                                                                            "t.episode_of_id",
                                                                            "t.season_nr",
                                                                            "t.episode_nr",
                                                                            "t.series_years",
                                                                            "t.md5sum"
                                                                        ],
                                                                        "Filter": "((t.production_year >= 1994) AND (t.production_year <= 2007))",
                                                                        "Rows Removed by Filter": 1602466
                                                                    },
                                                                    {
                                                                        "Node Type": "Sort",
                                                                        "Parent Relationship": "Inner",
                                                                        "Parallel Aware": false,
                                                                        "Startup Cost": 50001312326.74,
                                                                        "Total Cost": 50001312326.76,
                                                                        "Plan Rows": 6,
                                                                        "Plan Width": 31,
                                                                        "Actual Startup Time": 2929.104,
                                                                        "Actual Total Time": 2929.188,
                                                                        "Actual Rows": 539,
                                                                        "Actual Loops": 1,
                                                                        "Output": [
                                                                            "ci.movie_id",
                                                                            "ci.person_role_id",
                                                                            "mi.movie_id",
                                                                            "mi.info_type_id",
                                                                            "n.name"
                                                                        ],
                                                                        "Sort Key": [
                                                                            "ci.movie_id"
                                                                        ],
                                                                        "Sort Method": "quicksort",
                                                                        "Sort Space Used": 67,
                                                                        "Sort Space Type": "Memory",
                                                                        "Plans": [
                                                                            {
                                                                                "Node Type": "Nested Loop",
                                                                                "Parent Relationship": "Outer",
                                                                                "Parallel Aware": false,
                                                                                "Join Type": "Inner",
                                                                                "Startup Cost": 50000058741.38,
                                                                                "Total Cost": 50001312326.66,
                                                                                "Plan Rows": 6,
                                                                                "Plan Width": 31,
                                                                                "Actual Startup Time": 1938.391,
                                                                                "Actual Total Time": 2928.996,
                                                                                "Actual Rows": 539,
                                                                                "Actual Loops": 1,
                                                                                "Output": [
                                                                                    "ci.movie_id",
                                                                                    "ci.person_role_id",
                                                                                    "mi.movie_id",
                                                                                    "mi.info_type_id",
                                                                                    "n.name"
                                                                                ],
                                                                                "Inner Unique": false,
                                                                                "Join Filter": "(n.id = an.person_id)",
                                                                                "Rows Removed by Join Filter": 0,
                                                                                "Plans": [
                                                                                    {
                                                                                        "Node Type": "Nested Loop",
                                                                                        "Parent Relationship": "Outer",
                                                                                        "Parallel Aware": false,
                                                                                        "Join Type": "Inner",
                                                                                        "Startup Cost": 40000058740.93,
                                                                                        "Total Cost": 40001312317.67,
                                                                                        "Plan Rows": 2,
                                                                                        "Plan Width": 39,
                                                                                        "Actual Startup Time": 1938.369,
                                                                                        "Actual Total Time": 2928.555,
                                                                                        "Actual Rows": 49,
                                                                                        "Actual Loops": 1,
                                                                                        "Output": [
                                                                                            "ci.movie_id",
                                                                                            "ci.person_id",
                                                                                            "ci.person_role_id",
                                                                                            "mi.movie_id",
                                                                                            "mi.info_type_id",
                                                                                            "n.name",
                                                                                            "n.id"
                                                                                        ],
                                                                                        "Inner Unique": false,
                                                                                        "Plans": [
                                                                                            {
                                                                                                "Node Type": "Nested Loop",
                                                                                                "Parent Relationship": "Outer",
                                                                                                "Parallel Aware": false,
                                                                                                "Join Type": "Inner",
                                                                                                "Startup Cost": 30000058740.12,
                                                                                                "Total Cost": 30001312290.14,
                                                                                                "Plan Rows": 5,
                                                                                                "Plan Width": 31,
                                                                                                "Actual Startup Time": 1938.243,
                                                                                                "Actual Total Time": 2925.642,
                                                                                                "Actual Rows": 182,
                                                                                                "Actual Loops": 1,
                                                                                                "Output": [
                                                                                                    "ci.movie_id",
                                                                                                    "ci.person_id",
                                                                                                    "ci.person_role_id",
                                                                                                    "n.name",
                                                                                                    "n.id"
                                                                                                ],
                                                                                                "Inner Unique": true,
                                                                                                "Plans": [
                                                                                                    {
                                                                                                        "Node Type": "Nested Loop",
                                                                                                        "Parent Relationship": "Outer",
                                                                                                        "Parallel Aware": false,
                                                                                                        "Join Type": "Inner",
                                                                                                        "Startup Cost": 20000058739.66,
                                                                                                        "Total Cost": 20000371394.29,
                                                                                                        "Plan Rows": 210065,
                                                                                                        "Plan Width": 12,
                                                                                                        "Actual Startup Time": 330.88,
                                                                                                        "Actual Total Time": 1223.047,
                                                                                                        "Actual Rows": 283862,
                                                                                                        "Actual Loops": 1,
                                                                                                        "Output": [
                                                                                                            "ci.movie_id",
                                                                                                            "ci.person_id",
                                                                                                            "ci.person_role_id"
                                                                                                        ],
                                                                                                        "Inner Unique": false,
                                                                                                        "Plans": [
                                                                                                            {
                                                                                                                "Node Type": "Seq Scan",
                                                                                                                "Parent Relationship": "Outer",
                                                                                                                "Parallel Aware": false,
                                                                                                                "Relation Name": "role_type",
                                                                                                                "Schema": "public",
                                                                                                                "Alias": "rt",
                                                                                                                "Startup Cost": 10000000000.0,
                                                                                                                "Total Cost": 10000000001.15,
                                                                                                                "Plan Rows": 1,
                                                                                                                "Plan Width": 4,
                                                                                                                "Actual Startup Time": 0.012,
                                                                                                                "Actual Total Time": 0.016,
                                                                                                                "Actual Rows": 1,
                                                                                                                "Actual Loops": 1,
                                                                                                                "Output": [
                                                                                                                    "rt.id",
                                                                                                                    "rt.role"
                                                                                                                ],
                                                                                                                "Filter": "((rt.role)::text = 'actress'::text)",
                                                                                                                "Rows Removed by Filter": 11
                                                                                                            },
                                                                                                            {
                                                                                                                "Node Type": "Bitmap Heap Scan",
                                                                                                                "Parent Relationship": "Inner",
                                                                                                                "Parallel Aware": false,
                                                                                                                "Relation Name": "cast_info",
                                                                                                                "Schema": "public",
                                                                                                                "Alias": "ci",
                                                                                                                "Startup Cost": 58739.66,
                                                                                                                "Total Cost": 369101.53,
                                                                                                                "Plan Rows": 229161,
                                                                                                                "Plan Width": 16,
                                                                                                                "Actual Startup Time": 330.859,
                                                                                                                "Actual Total Time": 1181.113,
                                                                                                                "Actual Rows": 283862,
                                                                                                                "Actual Loops": 1,
                                                                                                                "Output": [
                                                                                                                    "ci.id",
                                                                                                                    "ci.person_id",
                                                                                                                    "ci.movie_id",
                                                                                                                    "ci.person_role_id",
                                                                                                                    "ci.note",
                                                                                                                    "ci.nr_order",
                                                                                                                    "ci.role_id"
                                                                                                                ],
                                                                                                                "Recheck Cond": "(ci.role_id = rt.id)",
                                                                                                                "Rows Removed by Index Recheck": 0,
                                                                                                                "Filter": "(ci.note = ANY ('{(writer),(voice),\"(executive producer)\",\"(archive footage)\"}'::text[]))",
                                                                                                                "Rows Removed by Filter": 7168111,
                                                                                                                "Exact Heap Blocks": 49087,
                                                                                                                "Lossy Heap Blocks": 0,
                                                                                                                "Plans": [
                                                                                                                    {
                                                                                                                        "Node Type": "Bitmap Index Scan",
                                                                                                                        "Parent Relationship": "Outer",
                                                                                                                        "Parallel Aware": false,
                                                                                                                        "Index Name": "role_id_cast_info",
                                                                                                                        "Startup Cost": 0.0,
                                                                                                                        "Total Cost": 58682.37,
                                                                                                                        "Plan Rows": 3295707,
                                                                                                                        "Plan Width": 0,
                                                                                                                        "Actual Startup Time": 320.259,
                                                                                                                        "Actual Total Time": 320.259,
                                                                                                                        "Actual Rows": 7451973,
                                                                                                                        "Actual Loops": 1,
                                                                                                                        "Index Cond": "(ci.role_id = rt.id)"
                                                                                                                    }
                                                                                                                ]
                                                                                                            }
                                                                                                        ]
                                                                                                    },
                                                                                                    {
                                                                                                        "Node Type": "Bitmap Heap Scan",
                                                                                                        "Parent Relationship": "Inner",
                                                                                                        "Parallel Aware": false,
                                                                                                        "Relation Name": "name",
                                                                                                        "Schema": "public",
                                                                                                        "Alias": "n",
                                                                                                        "Startup Cost": 0.46,
                                                                                                        "Total Cost": 4.48,
                                                                                                        "Plan Rows": 1,
                                                                                                        "Plan Width": 19,
                                                                                                        "Actual Startup Time": 0.004,
                                                                                                        "Actual Total Time": 0.004,
                                                                                                        "Actual Rows": 0,
                                                                                                        "Actual Loops": 283862,
                                                                                                        "Output": [
                                                                                                            "n.id",
                                                                                                            "n.name",
                                                                                                            "n.imdb_index",
                                                                                                            "n.imdb_id",
                                                                                                            "n.gender",
                                                                                                            "n.name_pcode_cf",
                                                                                                            "n.name_pcode_nf",
                                                                                                            "n.surname_pcode",
                                                                                                            "n.md5sum"
                                                                                                        ],
                                                                                                        "Recheck Cond": "(n.id = ci.person_id)",
                                                                                                        "Rows Removed by Index Recheck": 0,
                                                                                                        "Filter": "((n.name ~~ '%Madonna%'::text) AND ((n.gender)::text = 'f'::text))",
                                                                                                        "Rows Removed by Filter": 1,
                                                                                                        "Exact Heap Blocks": 283862,
                                                                                                        "Lossy Heap Blocks": 0,
                                                                                                        "Plans": [
                                                                                                            {
                                                                                                                "Node Type": "Bitmap Index Scan",
                                                                                                                "Parent Relationship": "Outer",
                                                                                                                "Parallel Aware": false,
                                                                                                                "Index Name": "name_pkey",
                                                                                                                "Startup Cost": 0.0,
                                                                                                                "Total Cost": 0.46,
                                                                                                                "Plan Rows": 1,
                                                                                                                "Plan Width": 0,
                                                                                                                "Actual Startup Time": 0.002,
                                                                                                                "Actual Total Time": 0.002,
                                                                                                                "Actual Rows": 1,
                                                                                                                "Actual Loops": 283862,
                                                                                                                "Index Cond": "(n.id = ci.person_id)"
                                                                                                            }
                                                                                                        ]
                                                                                                    }
                                                                                                ]
                                                                                            },
                                                                                            {
                                                                                                "Node Type": "Bitmap Heap Scan",
                                                                                                "Parent Relationship": "Inner",
                                                                                                "Parallel Aware": false,
                                                                                                "Relation Name": "movie_info",
                                                                                                "Schema": "public",
                                                                                                "Alias": "mi",
                                                                                                "Startup Cost": 0.81,
                                                                                                "Total Cost": 5.5,
                                                                                                "Plan Rows": 1,
                                                                                                "Plan Width": 8,
                                                                                                "Actual Startup Time": 0.013,
                                                                                                "Actual Total Time": 0.014,
                                                                                                "Actual Rows": 0,
                                                                                                "Actual Loops": 182,
                                                                                                "Output": [
                                                                                                    "mi.id",
                                                                                                    "mi.movie_id",
                                                                                                    "mi.info_type_id",
                                                                                                    "mi.info",
                                                                                                    "mi.note"
                                                                                                ],
                                                                                                "Recheck Cond": "(mi.movie_id = ci.movie_id)",
                                                                                                "Rows Removed by Index Recheck": 0,
                                                                                                "Filter": "((mi.info IS NOT NULL) AND ((mi.info ~~ 'Japan:%200%'::text) OR (mi.info ~~ 'USA:%200%'::text)))",
                                                                                                "Rows Removed by Filter": 5,
                                                                                                "Exact Heap Blocks": 687,
                                                                                                "Lossy Heap Blocks": 0,
                                                                                                "Plans": [
                                                                                                    {
                                                                                                        "Node Type": "Bitmap Index Scan",
                                                                                                        "Parent Relationship": "Outer",
                                                                                                        "Parallel Aware": false,
                                                                                                        "Index Name": "movie_id_movie_info",
                                                                                                        "Startup Cost": 0.0,
                                                                                                        "Total Cost": 0.81,
                                                                                                        "Plan Rows": 39,
                                                                                                        "Plan Width": 0,
                                                                                                        "Actual Startup Time": 0.006,
                                                                                                        "Actual Total Time": 0.006,
                                                                                                        "Actual Rows": 5,
                                                                                                        "Actual Loops": 182,
                                                                                                        "Index Cond": "(mi.movie_id = ci.movie_id)"
                                                                                                    }
                                                                                                ]
                                                                                            }
                                                                                        ]
                                                                                    },
                                                                                    {
                                                                                        "Node Type": "Bitmap Heap Scan",
                                                                                        "Parent Relationship": "Inner",
                                                                                        "Parallel Aware": false,
                                                                                        "Relation Name": "aka_name",
                                                                                        "Schema": "public",
                                                                                        "Alias": "an",
                                                                                        "Startup Cost": 0.45,
                                                                                        "Total Cost": 4.47,
                                                                                        "Plan Rows": 2,
                                                                                        "Plan Width": 4,
                                                                                        "Actual Startup Time": 0.004,
                                                                                        "Actual Total Time": 0.006,
                                                                                        "Actual Rows": 11,
                                                                                        "Actual Loops": 49,
                                                                                        "Output": [
                                                                                            "an.id",
                                                                                            "an.person_id",
                                                                                            "an.name",
                                                                                            "an.imdb_index",
                                                                                            "an.name_pcode_cf",
                                                                                            "an.name_pcode_nf",
                                                                                            "an.surname_pcode",
                                                                                            "an.md5sum"
                                                                                        ],
                                                                                        "Recheck Cond": "(an.person_id = ci.person_id)",
                                                                                        "Rows Removed by Index Recheck": 0,
                                                                                        "Exact Heap Blocks": 98,
                                                                                        "Lossy Heap Blocks": 0,
                                                                                        "Plans": [
                                                                                            {
                                                                                                "Node Type": "Bitmap Index Scan",
                                                                                                "Parent Relationship": "Outer",
                                                                                                "Parallel Aware": false,
                                                                                                "Index Name": "person_id_aka_name",
                                                                                                "Startup Cost": 0.0,
                                                                                                "Total Cost": 0.45,
                                                                                                "Plan Rows": 2,
                                                                                                "Plan Width": 0,
                                                                                                "Actual Startup Time": 0.003,
                                                                                                "Actual Total Time": 0.003,
                                                                                                "Actual Rows": 11,
                                                                                                "Actual Loops": 49,
                                                                                                "Index Cond": "(an.person_id = ci.person_id)"
                                                                                            }
                                                                                        ]
                                                                                    }
                                                                                ]
                                                                            }
                                                                        ]
                                                                    }
                                                                ]
                                                            }
                                                        ]
                                                    }
                                                ]
                                            }
                                        ]
                                    },
                                    {
                                        "Node Type": "Sort",
                                        "Parent Relationship": "Inner",
                                        "Parallel Aware": false,
                                        "Startup Cost": 84529.48,
                                        "Total Cost": 85261.91,
                                        "Plan Rows": 292973,
                                        "Plan Width": 8,
                                        "Actual Startup Time": 457.805,
                                        "Actual Total Time": 476.835,
                                        "Actual Rows": 573131,
                                        "Actual Loops": 1,
                                        "Output": [
                                            "mc.movie_id",
                                            "mc.company_id"
                                        ],
                                        "Sort Key": [
                                            "mc.movie_id"
                                        ],
                                        "Sort Method": "quicksort",
                                        "Sort Space Used": 52279,
                                        "Sort Space Type": "Memory",
                                        "Plans": [
                                            {
                                                "Node Type": "Seq Scan",
                                                "Parent Relationship": "Outer",
                                                "Parallel Aware": false,
                                                "Relation Name": "movie_companies",
                                                "Schema": "public",
                                                "Alias": "mc",
                                                "Startup Cost": 0.0,
                                                "Total Cost": 57926.93,
                                                "Plan Rows": 292973,
                                                "Plan Width": 8,
                                                "Actual Startup Time": 0.019,
                                                "Actual Total Time": 358.264,
                                                "Actual Rows": 590994,
                                                "Actual Loops": 1,
                                                "Output": [
                                                    "mc.movie_id",
                                                    "mc.company_id"
                                                ],
                                                "Filter": "((mc.note IS NOT NULL) AND ((mc.note ~~ '%(USA)%'::text) OR (mc.note ~~ '%(worldwide)%'::text)))",
                                                "Rows Removed by Filter": 2018135
                                            }
                                        ]
                                    }
                                ]
                            },
                            {
                                "Node Type": "Bitmap Heap Scan",
                                "Parent Relationship": "Inner",
                                "Parallel Aware": false,
                                "Relation Name": "char_name",
                                "Schema": "public",
                                "Alias": "chn",
                                "Startup Cost": 0.46,
                                "Total Cost": 4.47,
                                "Plan Rows": 1,
                                "Plan Width": 4,
                                "Actual Startup Time": 0.003,
                                "Actual Total Time": 0.003,
                                "Actual Rows": 1,
                                "Actual Loops": 220,
                                "Output": [
                                    "chn.id",
                                    "chn.name",
                                    "chn.imdb_index",
                                    "chn.imdb_id",
                                    "chn.name_pcode_nf",
                                    "chn.surname_pcode",
                                    "chn.md5sum"
                                ],
                                "Recheck Cond": "(chn.id = ci.person_role_id)",
                                "Rows Removed by Index Recheck": 0,
                                "Exact Heap Blocks": 220,
                                "Lossy Heap Blocks": 0,
                                "Plans": [
                                    {
                                        "Node Type": "Bitmap Index Scan",
                                        "Parent Relationship": "Outer",
                                        "Parallel Aware": false,
                                        "Index Name": "char_name_pkey",
                                        "Startup Cost": 0.0,
                                        "Total Cost": 0.46,
                                        "Plan Rows": 1,
                                        "Plan Width": 0,
                                        "Actual Startup Time": 0.002,
                                        "Actual Total Time": 0.002,
                                        "Actual Rows": 1,
                                        "Actual Loops": 220,
                                        "Index Cond": "(chn.id = ci.person_role_id)"
                                    }
                                ]
                            }
                        ]
                    },
                    {
                        "Node Type": "Bitmap Heap Scan",
                        "Parent Relationship": "Inner",
                        "Parallel Aware": false,
                        "Relation Name": "company_name",
                        "Schema": "public",
                        "Alias": "cn",
                        "Startup Cost": 0.44,
                        "Total Cost": 4.45,
                        "Plan Rows": 1,
                        "Plan Width": 4,
                        "Actual Startup Time": 0.003,
                        "Actual Total Time": 0.003,
                        "Actual Rows": 1,
                        "Actual Loops": 220,
                        "Output": [
                            "cn.id",
                            "cn.name",
                            "cn.country_code",
                            "cn.imdb_id",
                            "cn.name_pcode_nf",
                            "cn.name_pcode_sf",
                            "cn.md5sum"
                        ],
                        "Recheck Cond": "(cn.id = mc.company_id)",
                        "Rows Removed by Index Recheck": 0,
                        "Filter": "((cn.country_code)::text = '[us]'::text)",
                        "Rows Removed by Filter": 0,
                        "Exact Heap Blocks": 220,
                        "Lossy Heap Blocks": 0,
                        "Plans": [
                            {
                                "Node Type": "Bitmap Index Scan",
                                "Parent Relationship": "Outer",
                                "Parallel Aware": false,
                                "Index Name": "company_name_pkey",
                                "Startup Cost": 0.0,
                                "Total Cost": 0.44,
                                "Plan Rows": 1,
                                "Plan Width": 0,
                                "Actual Startup Time": 0.002,
                                "Actual Total Time": 0.002,
                                "Actual Rows": 1,
                                "Actual Loops": 220,
                                "Index Cond": "(cn.id = mc.company_id)"
                            }
                        ]
                    }
                ]
            }
        ]
    },
    "Planning Time": 23.767,
    "Triggers": [],
    "Execution Time": 4527.886
}