[
  {
    "Plan": {
      "Node Type": "Aggregate",
      "Strategy": "Plain",
      "Partial Mode": "Finalize",
      "Parallel Aware": false,
      "Startup Cost": 33238.58,
      "Total Cost": 33238.59,
      "Plan Rows": 1,
      "Plan Width": 8,
      "Actual Startup Time": 101.141,
      "Actual Total Time": 107.658,
      "Actual Rows": 1,
      "Actual Loops": 1,
      "Plans": [
        {
          "Node Type": "Gather",
          "Parent Relationship": "Outer",
          "Parallel Aware": false,
          "Startup Cost": 33238.27,
          "Total Cost": 33238.58,
          "Plan Rows": 3,
          "Plan Width": 8,
          "Actual Startup Time": 101.064,
          "Actual Total Time": 107.651,
          "Actual Rows": 4,
          "Actual Loops": 1,
          "Workers Planned": 3,
          "Workers Launched": 3,
          "Single Copy": false,
          "Plans": [
            {
              "Node Type": "Aggregate",
              "Strategy": "Plain",
              "Partial Mode": "Partial",
              "Parent Relationship": "Outer",
              "Parallel Aware": false,
              "Startup Cost": 32238.27,
              "Total Cost": 32238.28,
              "Plan Rows": 1,
              "Plan Width": 8,
              "Actual Startup Time": 95.879,
              "Actual Total Time": 95.88,
              "Actual Rows": 1,
              "Actual Loops": 4,
              "Plans": [
                {
                  "Node Type": "Seq Scan",
                  "Parent Relationship": "Outer",
                  "Parallel Aware": true,
                  "Relation Name": "movie_companies",
                  "Alias": "mc",
                  "Startup Cost": 0.0,
                  "Total Cost": 31414.82,
                  "Plan Rows": 329379,
                  "Plan Width": 0,
                  "Actual Startup Time": 46.416,
                  "Actual Total Time": 83.636,
                  "Actual Rows": 292442,
                  "Actual Loops": 4,
                  "Filter": "((company_id > 677) AND (company_type_id = 2))",
                  "Rows Removed by Filter": 359841
                }
              ]
            }
          ]
        }
      ]
    },
    "Planning Time": 0.127,
    "Triggers": [],
    "Execution Time": 107.702
  }
]