[
  {
    "Plan": {
      "Node Type": "Aggregate",
      "Strategy": "Plain",
      "Partial Mode": "Finalize",
      "Parallel Aware": false,
      "Startup Cost": 114322.66,
      "Total Cost": 114322.67,
      "Plan Rows": 1,
      "Plan Width": 8,
      "Actual Startup Time": 308.891,
      "Actual Total Time": 334.067,
      "Actual Rows": 1,
      "Actual Loops": 1,
      "Plans": [
        {
          "Node Type": "Gather",
          "Parent Relationship": "Outer",
          "Parallel Aware": false,
          "Startup Cost": 114322.24,
          "Total Cost": 114322.65,
          "Plan Rows": 4,
          "Plan Width": 8,
          "Actual Startup Time": 308.555,
          "Actual Total Time": 334.06,
          "Actual Rows": 5,
          "Actual Loops": 1,
          "Workers Planned": 4,
          "Workers Launched": 4,
          "Single Copy": false,
          "Plans": [
            {
              "Node Type": "Aggregate",
              "Strategy": "Plain",
              "Partial Mode": "Partial",
              "Parent Relationship": "Outer",
              "Parallel Aware": false,
              "Startup Cost": 113322.24,
              "Total Cost": 113322.25,
              "Plan Rows": 1,
              "Plan Width": 8,
              "Actual Startup Time": 302.377,
              "Actual Total Time": 302.38,
              "Actual Rows": 1,
              "Actual Loops": 5,
              "Plans": [
                {
                  "Node Type": "Nested Loop",
                  "Parent Relationship": "Outer",
                  "Parallel Aware": false,
                  "Join Type": "Inner",
                  "Startup Cost": 44109.71,
                  "Total Cost": 113163.38,
                  "Plan Rows": 63543,
                  "Plan Width": 0,
                  "Actual Startup Time": 74.862,
                  "Actual Total Time": 299.055,
                  "Actual Rows": 54628,
                  "Actual Loops": 5,
                  "Inner Unique": false,
                  "Join Filter": "(t.id = mi.movie_id)",
                  "Rows Removed by Join Filter": 0,
                  "Plans": [
                    {
                      "Node Type": "Hash Join",
                      "Parent Relationship": "Outer",
                      "Parallel Aware": true,
                      "Join Type": "Inner",
                      "Startup Cost": 44109.27,
                      "Total Cost": 89950.62,
                      "Plan Rows": 10888,
                      "Plan Width": 8,
                      "Actual Startup Time": 74.796,
                      "Actual Total Time": 171.116,
                      "Actual Rows": 8632,
                      "Actual Loops": 5,
                      "Inner Unique": true,
                      "Hash Cond": "(ci.movie_id = t.id)",
                      "Plans": [
                        {
                          "Node Type": "Index Scan",
                          "Parent Relationship": "Outer",
                          "Parallel Aware": true,
                          "Scan Direction": "Forward",
                          "Index Name": "role_id_cast_info",
                          "Relation Name": "cast_info",
                          "Alias": "ci",
                          "Startup Cost": 0.56,
                          "Total Cost": 44764.99,
                          "Plan Rows": 410260,
                          "Plan Width": 4,
                          "Actual Startup Time": 0.042,
                          "Actual Total Time": 49.237,
                          "Actual Rows": 340709,
                          "Actual Loops": 5,
                          "Index Cond": "(role_id = 8)",
                          "Rows Removed by Index Recheck": 0
                        },
                        {
                          "Node Type": "Hash",
                          "Parent Relationship": "Inner",
                          "Parallel Aware": true,
                          "Startup Cost": 43899.01,
                          "Total Cost": 43899.01,
                          "Plan Rows": 16776,
                          "Plan Width": 4,
                          "Actual Startup Time": 74.078,
                          "Actual Total Time": 74.079,
                          "Actual Rows": 13468,
                          "Actual Loops": 5,
                          "Hash Buckets": 131072,
                          "Original Hash Buckets": 131072,
                          "Hash Batches": 1,
                          "Original Hash Batches": 1,
                          "Peak Memory Usage": 3712,
                          "Plans": [
                            {
                              "Node Type": "Seq Scan",
                              "Parent Relationship": "Outer",
                              "Parallel Aware": true,
                              "Relation Name": "title",
                              "Alias": "t",
                              "Startup Cost": 0.0,
                              "Total Cost": 43899.01,
                              "Plan Rows": 16776,
                              "Plan Width": 4,
                              "Actual Startup Time": 0.066,
                              "Actual Total Time": 68.588,
                              "Actual Rows": 13468,
                              "Actual Loops": 5,
                              "Filter": "(production_year > 2012)",
                              "Rows Removed by Filter": 492194
                            }
                          ]
                        }
                      ]
                    },
                    {
                      "Node Type": "Index Only Scan",
                      "Parent Relationship": "Inner",
                      "Parallel Aware": false,
                      "Scan Direction": "Forward",
                      "Index Name": "movie_id_movie_info",
                      "Relation Name": "movie_info",
                      "Alias": "mi",
                      "Startup Cost": 0.43,
                      "Total Cost": 1.64,
                      "Plan Rows": 39,
                      "Plan Width": 4,
                      "Actual Startup Time": 0.007,
                      "Actual Total Time": 0.014,
                      "Actual Rows": 6,
                      "Actual Loops": 43159,
                      "Index Cond": "(movie_id = ci.movie_id)",
                      "Rows Removed by Index Recheck": 0,
                      "Heap Fetches": 273140
                    }
                  ]
                }
              ]
            }
          ]
        }
      ]
    },
    "Planning Time": 0.447,
    "Triggers": [],
    "Execution Time": 334.109
  }
]