[
  {
    "Plan": {
      "Node Type": "Aggregate",
      "Strategy": "Plain",
      "Partial Mode": "Finalize",
      "Parallel Aware": false,
      "Startup Cost": 109171.37,
      "Total Cost": 109171.38,
      "Plan Rows": 1,
      "Plan Width": 8,
      "Actual Startup Time": 1032.254,
      "Actual Total Time": 1075.389,
      "Actual Rows": 1,
      "Actual Loops": 1,
      "Plans": [
        {
          "Node Type": "Gather",
          "Parent Relationship": "Outer",
          "Parallel Aware": false,
          "Startup Cost": 109170.95,
          "Total Cost": 109171.36,
          "Plan Rows": 4,
          "Plan Width": 8,
          "Actual Startup Time": 1030.241,
          "Actual Total Time": 1075.38,
          "Actual Rows": 5,
          "Actual Loops": 1,
          "Workers Planned": 4,
          "Workers Launched": 4,
          "Single Copy": false,
          "Plans": [
            {
              "Node Type": "Aggregate",
              "Strategy": "Plain",
              "Partial Mode": "Partial",
              "Parent Relationship": "Outer",
              "Parallel Aware": false,
              "Startup Cost": 108170.95,
              "Total Cost": 108170.96,
              "Plan Rows": 1,
              "Plan Width": 8,
              "Actual Startup Time": 1020.028,
              "Actual Total Time": 1020.078,
              "Actual Rows": 1,
              "Actual Loops": 5,
              "Plans": [
                {
                  "Node Type": "Nested Loop",
                  "Parent Relationship": "Outer",
                  "Parallel Aware": false,
                  "Join Type": "Inner",
                  "Startup Cost": 27835.9,
                  "Total Cost": 108134.69,
                  "Plan Rows": 14506,
                  "Plan Width": 0,
                  "Actual Startup Time": 133.932,
                  "Actual Total Time": 1003.911,
                  "Actual Rows": 285330,
                  "Actual Loops": 5,
                  "Inner Unique": false,
                  "Plans": [
                    {
                      "Node Type": "Hash Join",
                      "Parent Relationship": "Outer",
                      "Parallel Aware": true,
                      "Join Type": "Inner",
                      "Startup Cost": 27835.46,
                      "Total Cost": 73024.74,
                      "Plan Rows": 15835,
                      "Plan Width": 8,
                      "Actual Startup Time": 133.692,
                      "Actual Total Time": 250.097,
                      "Actual Rows": 63201,
                      "Actual Loops": 5,
                      "Inner Unique": false,
                      "Hash Cond": "(t.id = mc.movie_id)",
                      "Plans": [
                        {
                          "Node Type": "Seq Scan",
                          "Parent Relationship": "Outer",
                          "Parallel Aware": true,
                          "Relation Name": "title",
                          "Alias": "t",
                          "Startup Cost": 0.0,
                          "Total Cost": 43898.92,
                          "Plan Rows": 247857,
                          "Plan Width": 4,
                          "Actual Startup Time": 0.018,
                          "Actual Total Time": 79.375,
                          "Actual Rows": 197010,
                          "Actual Loops": 5,
                          "Filter": "(kind_id < 7)",
                          "Rows Removed by Filter": 308653
                        },
                        {
                          "Node Type": "Hash",
                          "Parent Relationship": "Inner",
                          "Parallel Aware": true,
                          "Startup Cost": 27184.15,
                          "Total Cost": 27184.15,
                          "Plan Rows": 52105,
                          "Plan Width": 4,
                          "Actual Startup Time": 85.428,
                          "Actual Total Time": 85.429,
                          "Actual Rows": 63201,
                          "Actual Loops": 5,
                          "Hash Buckets": 524288,
                          "Original Hash Buckets": 262144,
                          "Hash Batches": 1,
                          "Original Hash Batches": 1,
                          "Peak Memory Usage": 18560,
                          "Plans": [
                            {
                              "Node Type": "Bitmap Heap Scan",
                              "Parent Relationship": "Outer",
                              "Parallel Aware": true,
                              "Relation Name": "movie_companies",
                              "Alias": "mc",
                              "Startup Cost": 6854.8,
                              "Total Cost": 27184.15,
                              "Plan Rows": 52105,
                              "Plan Width": 4,
                              "Actual Startup Time": 26.034,
                              "Actual Total Time": 55.182,
                              "Actual Rows": 63201,
                              "Actual Loops": 5,
                              "Recheck Cond": "(company_id > 91850)",
                              "Rows Removed by Index Recheck": 0,
                              "Filter": "(company_type_id > 1)",
                              "Rows Removed by Filter": 0,
                              "Exact Heap Blocks": 1881,
                              "Lossy Heap Blocks": 0,
                              "Plans": [
                                {
                                  "Node Type": "Bitmap Index Scan",
                                  "Parent Relationship": "Outer",
                                  "Parallel Aware": false,
                                  "Index Name": "company_id_movie_companies",
                                  "Startup Cost": 0.0,
                                  "Total Cost": 6814.42,
                                  "Plan Rows": 318132,
                                  "Plan Width": 0,
                                  "Actual Startup Time": 28.358,
                                  "Actual Total Time": 28.358,
                                  "Actual Rows": 316007,
                                  "Actual Loops": 1,
                                  "Index Cond": "(company_id > 91850)"
                                }
                              ]
                            }
                          ]
                        }
                      ]
                    },
                    {
                      "Node Type": "Index Scan",
                      "Parent Relationship": "Inner",
                      "Parallel Aware": false,
                      "Scan Direction": "Forward",
                      "Index Name": "movie_id_movie_info",
                      "Relation Name": "movie_info",
                      "Alias": "mi",
                      "Startup Cost": 0.43,
                      "Total Cost": 2.15,
                      "Plan Rows": 7,
                      "Plan Width": 4,
                      "Actual Startup Time": 0.006,
                      "Actual Total Time": 0.011,
                      "Actual Rows": 5,
                      "Actual Loops": 316007,
                      "Index Cond": "(movie_id = t.id)",
                      "Rows Removed by Index Recheck": 0,
                      "Filter": "(info_type_id > 16)",
                      "Rows Removed by Filter": 14
                    }
                  ]
                }
              ]
            }
          ]
        }
      ]
    },
    "Planning Time": 1.501,
    "Triggers": [],
    "Execution Time": 1075.51
  }
]