[
  {
    "Plan": {
      "Node Type": "Aggregate",
      "Strategy": "Plain",
      "Partial Mode": "Finalize",
      "Parallel Aware": false,
      "Startup Cost": 79815.66,
      "Total Cost": 79815.67,
      "Plan Rows": 1,
      "Plan Width": 8,
      "Actual Startup Time": 319.13,
      "Actual Total Time": 334.415,
      "Actual Rows": 1,
      "Actual Loops": 1,
      "Plans": [
        {
          "Node Type": "Gather",
          "Parent Relationship": "Outer",
          "Parallel Aware": false,
          "Startup Cost": 79815.24,
          "Total Cost": 79815.65,
          "Plan Rows": 4,
          "Plan Width": 8,
          "Actual Startup Time": 315.301,
          "Actual Total Time": 334.403,
          "Actual Rows": 5,
          "Actual Loops": 1,
          "Workers Planned": 4,
          "Workers Launched": 4,
          "Single Copy": false,
          "Plans": [
            {
              "Node Type": "Aggregate",
              "Strategy": "Plain",
              "Partial Mode": "Partial",
              "Parent Relationship": "Outer",
              "Parallel Aware": false,
              "Startup Cost": 78815.24,
              "Total Cost": 78815.25,
              "Plan Rows": 1,
              "Plan Width": 8,
              "Actual Startup Time": 305.632,
              "Actual Total Time": 305.747,
              "Actual Rows": 1,
              "Actual Loops": 5,
              "Plans": [
                {
                  "Node Type": "Hash Join",
                  "Parent Relationship": "Outer",
                  "Parallel Aware": true,
                  "Join Type": "Inner",
                  "Startup Cost": 33400.61,
                  "Total Cost": 78694.55,
                  "Plan Rows": 48279,
                  "Plan Width": 0,
                  "Actual Startup Time": 146.579,
                  "Actual Total Time": 300.069,
                  "Actual Rows": 123090,
                  "Actual Loops": 5,
                  "Inner Unique": false,
                  "Hash Cond": "(t.id = mc.movie_id)",
                  "Plans": [
                    {
                      "Node Type": "Seq Scan",
                      "Parent Relationship": "Outer",
                      "Parallel Aware": true,
                      "Relation Name": "title",
                      "Alias": "t",
                      "Startup Cost": 0.0,
                      "Total Cost": 43898.92,
                      "Plan Rows": 247857,
                      "Plan Width": 4,
                      "Actual Startup Time": 0.014,
                      "Actual Total Time": 75.345,
                      "Actual Rows": 197010,
                      "Actual Loops": 5,
                      "Filter": "(kind_id < 7)",
                      "Rows Removed by Filter": 308653
                    },
                    {
                      "Node Type": "Hash",
                      "Parent Relationship": "Inner",
                      "Parallel Aware": true,
                      "Startup Cost": 31414.82,
                      "Total Cost": 31414.82,
                      "Plan Rows": 158863,
                      "Plan Width": 4,
                      "Actual Startup Time": 143.501,
                      "Actual Total Time": 143.502,
                      "Actual Rows": 162425,
                      "Actual Loops": 5,
                      "Hash Buckets": 1048576,
                      "Original Hash Buckets": 524288,
                      "Hash Batches": 1,
                      "Original Hash Batches": 1,
                      "Peak Memory Usage": 44128,
                      "Plans": [
                        {
                          "Node Type": "Seq Scan",
                          "Parent Relationship": "Outer",
                          "Parallel Aware": true,
                          "Relation Name": "movie_companies",
                          "Alias": "mc",
                          "Startup Cost": 0.0,
                          "Total Cost": 31414.82,
                          "Plan Rows": 158863,
                          "Plan Width": 4,
                          "Actual Startup Time": 44.198,
                          "Actual Total Time": 78.944,
                          "Actual Rows": 162425,
                          "Actual Loops": 5,
                          "Filter": "((company_id > 17292) AND (company_type_id > 1))",
                          "Rows Removed by Filter": 359401
                        }
                      ]
                    }
                  ]
                }
              ]
            }
          ]
        }
      ]
    },
    "Planning Time": 0.622,
    "Triggers": [],
    "Execution Time": 334.487
  }
]