[
  {
    "Plan": {
      "Node Type": "Aggregate",
      "Strategy": "Plain",
      "Partial Mode": "Finalize",
      "Parallel Aware": false,
      "Startup Cost": 45321.91,
      "Total Cost": 45321.92,
      "Plan Rows": 1,
      "Plan Width": 8,
      "Actual Startup Time": 125.881,
      "Actual Total Time": 132.84,
      "Actual Rows": 1,
      "Actual Loops": 1,
      "Plans": [
        {
          "Node Type": "Gather",
          "Parent Relationship": "Outer",
          "Parallel Aware": false,
          "Startup Cost": 45321.59,
          "Total Cost": 45321.9,
          "Plan Rows": 3,
          "Plan Width": 8,
          "Actual Startup Time": 125.771,
          "Actual Total Time": 132.832,
          "Actual Rows": 4,
          "Actual Loops": 1,
          "Workers Planned": 3,
          "Workers Launched": 3,
          "Single Copy": false,
          "Plans": [
            {
              "Node Type": "Aggregate",
              "Strategy": "Plain",
              "Partial Mode": "Partial",
              "Parent Relationship": "Outer",
              "Parallel Aware": false,
              "Startup Cost": 44321.59,
              "Total Cost": 44321.6,
              "Plan Rows": 1,
              "Plan Width": 8,
              "Actual Startup Time": 121.598,
              "Actual Total Time": 121.599,
              "Actual Rows": 1,
              "Actual Loops": 4,
              "Plans": [
                {
                  "Node Type": "Seq Scan",
                  "Parent Relationship": "Outer",
                  "Parallel Aware": true,
                  "Relation Name": "movie_keyword",
                  "Alias": "mk",
                  "Startup Cost": 0.0,
                  "Total Cost": 42695.65,
                  "Plan Rows": 650375,
                  "Plan Width": 0,
                  "Actual Startup Time": 0.737,
                  "Actual Total Time": 98.748,
                  "Actual Rows": 500757,
                  "Actual Loops": 4,
                  "Filter": "(keyword_id > 6244)",
                  "Rows Removed by Filter": 630225
                }
              ]
            }
          ]
        }
      ]
    },
    "Planning Time": 0.128,
    "Triggers": [],
    "Execution Time": 132.876
  }
]