{
  "Plan": {
    "Node Type": "Aggregate",
    "Strategy": "Plain",
    "Partial Mode": "Finalize",
    "Parallel Aware": false,
    "Startup Cost": 173070.59,
    "Total Cost": 173070.6,
    "Plan Rows": 1,
    "Plan Width": 8,
    "Actual Startup Time": 664.941,
    "Actual Total Time": 683.784,
    "Actual Rows": 1,
    "Actual Loops": 1,
    "Plans": [
      {
        "Node Type": "Gather",
        "Parent Relationship": "Outer",
        "Parallel Aware": false,
        "Startup Cost": 173070.48,
        "Total Cost": 173070.59,
        "Plan Rows": 1,
        "Plan Width": 8,
        "Actual Startup Time": 664.392,
        "Actual Total Time": 683.777,
        "Actual Rows": 2,
        "Actual Loops": 1,
        "Workers Planned": 1,
        "Workers Launched": 1,
        "Single Copy": false,
        "Plans": [
          {
            "Node Type": "Aggregate",
            "Strategy": "Plain",
            "Partial Mode": "Partial",
            "Parent Relationship": "Outer",
            "Parallel Aware": false,
            "Startup Cost": 172070.48,
            "Total Cost": 172070.49,
            "Plan Rows": 1,
            "Plan Width": 8,
            "Actual Startup Time": 658.299,
            "Actual Total Time": 658.304,
            "Actual Rows": 1,
            "Actual Loops": 2,
            "Plans": [
              {
                "Node Type": "Hash Join",
                "Parent Relationship": "Outer",
                "Parallel Aware": true,
                "Join Type": "Inner",
                "Startup Cost": 102216.23,
                "Total Cost": 171329.2,
                "Plan Rows": 296512,
                "Plan Width": 0,
                "Actual Startup Time": 621.047,
                "Actual Total Time": 657.43,
                "Actual Rows": 21799,
                "Actual Loops": 2,
                "Inner Unique": false,
                "Hash Cond": "(mk.movie_id = t.id)",
                "Plans": [
                  {
                    "Node Type": "Seq Scan",
                    "Parent Relationship": "Outer",
                    "Parallel Aware": true,
                    "Relation Name": "movie_keyword",
                    "Alias": "mk",
                    "Startup Cost": 0.0,
                    "Total Cost": 57718.19,
                    "Plan Rows": 2573491,
                    "Plan Width": 4,
                    "Actual Startup Time": 0.016,
                    "Actual Total Time": 198.725,
                    "Actual Rows": 2180084,
                    "Actual Loops": 2,
                    "Filter": "(keyword_id > 117)",
                    "Rows Removed by Filter": 81880
                  },
                  {
                    "Node Type": "Hash",
                    "Parent Relationship": "Inner",
                    "Parallel Aware": true,
                    "Startup Cost": 100074.3,
                    "Total Cost": 100074.3,
                    "Plan Rows": 171355,
                    "Plan Width": 8,
                    "Actual Startup Time": 325.91,
                    "Actual Total Time": 325.914,
                    "Actual Rows": 2590,
                    "Actual Loops": 2,
                    "Hash Buckets": 524288,
                    "Original Hash Buckets": 524288,
                    "Hash Batches": 1,
                    "Original Hash Batches": 1,
                    "Peak Memory Usage": 4320,
                    "Plans": [
                      {
                        "Node Type": "Hash Join",
                        "Parent Relationship": "Outer",
                        "Parallel Aware": true,
                        "Join Type": "Inner",
                        "Startup Cost": 38900.82,
                        "Total Cost": 100074.3,
                        "Plan Rows": 171355,
                        "Plan Width": 8,
                        "Actual Startup Time": 250.053,
                        "Actual Total Time": 324.71,
                        "Actual Rows": 2590,
                        "Actual Loops": 2,
                        "Inner Unique": false,
                        "Hash Cond": "(t.id = mc.movie_id)",
                        "Plans": [
                          {
                            "Node Type": "Seq Scan",
                            "Parent Relationship": "Outer",
                            "Parallel Aware": true,
                            "Relation Name": "title",
                            "Alias": "t",
                            "Startup Cost": 0.0,
                            "Total Cost": 50870.31,
                            "Plan Rows": 1487231,
                            "Plan Width": 4,
                            "Actual Startup Time": 0.01,
                            "Actual Total Time": 114.945,
                            "Actual Rows": 1264156,
                            "Actual Loops": 2
                          },
                          {
                            "Node Type": "Hash",
                            "Parent Relationship": "Inner",
                            "Parallel Aware": true,
                            "Startup Cost": 36758.88,
                            "Total Cost": 36758.88,
                            "Plan Rows": 171355,
                            "Plan Width": 4,
                            "Actual Startup Time": 93.008,
                            "Actual Total Time": 93.009,
                            "Actual Rows": 2590,
                            "Actual Loops": 2,
                            "Hash Buckets": 524288,
                            "Original Hash Buckets": 524288,
                            "Hash Batches": 1,
                            "Original Hash Batches": 1,
                            "Peak Memory Usage": 4352,
                            "Plans": [
                              {
                                "Node Type": "Bitmap Heap Scan",
                                "Parent Relationship": "Outer",
                                "Parallel Aware": true,
                                "Relation Name": "movie_companies",
                                "Alias": "mc",
                                "Startup Cost": 12747.46,
                                "Total Cost": 36758.88,
                                "Plan Rows": 171355,
                                "Plan Width": 4,
                                "Actual Startup Time": 38.711,
                                "Actual Total Time": 88.892,
                                "Actual Rows": 2590,
                                "Actual Loops": 2,
                                "Recheck Cond": "(company_id > 66174)",
                                "Rows Removed by Index Recheck": 0,
                                "Filter": "(company_type_id = 1)",
                                "Rows Removed by Filter": 299815,
                                "Exact Heap Blocks": 6476,
                                "Lossy Heap Blocks": 0,
                                "Plans": [
                                  {
                                    "Node Type": "Bitmap Index Scan",
                                    "Parent Relationship": "Outer",
                                    "Parallel Aware": false,
                                    "Index Name": "company_id_movie_companies",
                                    "Startup Cost": 0.0,
                                    "Total Cost": 12674.64,
                                    "Plan Rows": 591761,
                                    "Plan Width": 0,
                                    "Actual Startup Time": 37.436,
                                    "Actual Total Time": 37.437,
                                    "Actual Rows": 604809,
                                    "Actual Loops": 1,
                                    "Index Cond": "(company_id > 66174)"
                                  }
                                ]
                              }
                            ]
                          }
                        ]
                      }
                    ]
                  }
                ]
              }
            ]
          }
        ]
      }
    ]
  },
  "Planning Time": 0.993,
  "Triggers": [],
  "Execution Time": 683.891
}