{
    "Plan": {
        "Node Type": "Aggregate",
        "Strategy": "Plain",
        "Partial Mode": "Finalize",
        "Parallel Aware": false,
        "Startup Cost": 93187.73,
        "Total Cost": 93187.74,
        "Plan Rows": 1,
        "Plan Width": 8,
        "Actual Startup Time": 423.332,
        "Actual Total Time": 446.719,
        "Actual Rows": 1,
        "Actual Loops": 1,
        "Output": [
            "count(*)"
        ],
        "Plans": [
            {
                "Node Type": "Gather",
                "Parent Relationship": "Outer",
                "Parallel Aware": false,
                "Startup Cost": 93187.42,
                "Total Cost": 93187.73,
                "Plan Rows": 3,
                "Plan Width": 8,
                "Actual Startup Time": 421.983,
                "Actual Total Time": 446.698,
                "Actual Rows": 4,
                "Actual Loops": 1,
                "Output": [
                    "(PARTIAL count(*))"
                ],
                "Workers Planned": 3,
                "Workers Launched": 3,
                "Single Copy": false,
                "Plans": [
                    {
                        "Node Type": "Aggregate",
                        "Strategy": "Plain",
                        "Partial Mode": "Partial",
                        "Parent Relationship": "Outer",
                        "Parallel Aware": false,
                        "Startup Cost": 92187.42,
                        "Total Cost": 92187.43,
                        "Plan Rows": 1,
                        "Plan Width": 8,
                        "Actual Startup Time": 413.025,
                        "Actual Total Time": 413.028,
                        "Actual Rows": 1,
                        "Actual Loops": 4,
                        "Output": [
                            "PARTIAL count(*)"
                        ],
                        "Workers": [
                            {
                                "Worker Number": 0,
                                "Actual Startup Time": 409.742,
                                "Actual Total Time": 409.746,
                                "Actual Rows": 1,
                                "Actual Loops": 1
                            },
                            {
                                "Worker Number": 1,
                                "Actual Startup Time": 410.61,
                                "Actual Total Time": 410.614,
                                "Actual Rows": 1,
                                "Actual Loops": 1
                            },
                            {
                                "Worker Number": 2,
                                "Actual Startup Time": 410.478,
                                "Actual Total Time": 410.481,
                                "Actual Rows": 1,
                                "Actual Loops": 1
                            }
                        ],
                        "Plans": [
                            {
                                "Node Type": "Hash Join",
                                "Parent Relationship": "Outer",
                                "Parallel Aware": true,
                                "Join Type": "Inner",
                                "Startup Cost": 45120.48,
                                "Total Cost": 91626.41,
                                "Plan Rows": 224404,
                                "Plan Width": 0,
                                "Actual Startup Time": 149.332,
                                "Actual Total Time": 408.96,
                                "Actual Rows": 74436,
                                "Actual Loops": 4,
                                "Inner Unique": true,
                                "Hash Cond": "(mk.movie_id = t.id)",
                                "Workers": [
                                    {
                                        "Worker Number": 0,
                                        "Actual Startup Time": 146.203,
                                        "Actual Total Time": 405.62,
                                        "Actual Rows": 57576,
                                        "Actual Loops": 1
                                    },
                                    {
                                        "Worker Number": 1,
                                        "Actual Startup Time": 146.83,
                                        "Actual Total Time": 406.594,
                                        "Actual Rows": 55848,
                                        "Actual Loops": 1
                                    },
                                    {
                                        "Worker Number": 2,
                                        "Actual Startup Time": 146.687,
                                        "Actual Total Time": 406.578,
                                        "Actual Rows": 84055,
                                        "Actual Loops": 1
                                    }
                                ],
                                "Plans": [
                                    {
                                        "Node Type": "Seq Scan",
                                        "Parent Relationship": "Outer",
                                        "Parallel Aware": true,
                                        "Relation Name": "movie_keyword",
                                        "Schema": "public",
                                        "Alias": "mk",
                                        "Startup Cost": 0.0,
                                        "Total Cost": 42695.65,
                                        "Plan Rows": 1451528,
                                        "Plan Width": 4,
                                        "Actual Startup Time": 0.022,
                                        "Actual Total Time": 148.145,
                                        "Actual Rows": 1125067,
                                        "Actual Loops": 4,
                                        "Output": [
                                            "mk.id",
                                            "mk.movie_id",
                                            "mk.keyword_id"
                                        ],
                                        "Filter": "(mk.keyword_id > 5)",
                                        "Rows Removed by Filter": 5915,
                                        "Workers": [
                                            {
                                                "Worker Number": 0,
                                                "Actual Startup Time": 0.029,
                                                "Actual Total Time": 151.85,
                                                "Actual Rows": 860522,
                                                "Actual Loops": 1
                                            },
                                            {
                                                "Worker Number": 1,
                                                "Actual Startup Time": 0.027,
                                                "Actual Total Time": 154.152,
                                                "Actual Rows": 873415,
                                                "Actual Loops": 1
                                            },
                                            {
                                                "Worker Number": 2,
                                                "Actual Startup Time": 0.019,
                                                "Actual Total Time": 150.406,
                                                "Actual Rows": 1232970,
                                                "Actual Loops": 1
                                            }
                                        ]
                                    },
                                    {
                                        "Node Type": "Hash",
                                        "Parent Relationship": "Inner",
                                        "Parallel Aware": true,
                                        "Startup Cost": 43899.01,
                                        "Total Cost": 43899.01,
                                        "Plan Rows": 97718,
                                        "Plan Width": 4,
                                        "Actual Startup Time": 145.632,
                                        "Actual Total Time": 145.633,
                                        "Actual Rows": 97916,
                                        "Actual Loops": 4,
                                        "Output": [
                                            "t.id"
                                        ],
                                        "Hash Buckets": 524288,
                                        "Original Hash Buckets": 524288,
                                        "Hash Batches": 1,
                                        "Original Hash Batches": 1,
                                        "Peak Memory Usage": 19488,
                                        "Workers": [
                                            {
                                                "Worker Number": 0,
                                                "Actual Startup Time": 145.224,
                                                "Actual Total Time": 145.225,
                                                "Actual Rows": 74145,
                                                "Actual Loops": 1
                                            },
                                            {
                                                "Worker Number": 1,
                                                "Actual Startup Time": 145.857,
                                                "Actual Total Time": 145.858,
                                                "Actual Rows": 74929,
                                                "Actual Loops": 1
                                            },
                                            {
                                                "Worker Number": 2,
                                                "Actual Startup Time": 146.034,
                                                "Actual Total Time": 146.035,
                                                "Actual Rows": 97491,
                                                "Actual Loops": 1
                                            }
                                        ],
                                        "Plans": [
                                            {
                                                "Node Type": "Seq Scan",
                                                "Parent Relationship": "Outer",
                                                "Parallel Aware": true,
                                                "Relation Name": "title",
                                                "Schema": "public",
                                                "Alias": "t",
                                                "Startup Cost": 0.0,
                                                "Total Cost": 43899.01,
                                                "Plan Rows": 97718,
                                                "Plan Width": 4,
                                                "Actual Startup Time": 0.055,
                                                "Actual Total Time": 105.952,
                                                "Actual Rows": 97916,
                                                "Actual Loops": 4,
                                                "Output": [
                                                    "t.id"
                                                ],
                                                "Filter": "(t.production_year > 2010)",
                                                "Rows Removed by Filter": 534162,
                                                "Workers": [
                                                    {
                                                        "Worker Number": 0,
                                                        "Actual Startup Time": 0.061,
                                                        "Actual Total Time": 108.775,
                                                        "Actual Rows": 74145,
                                                        "Actual Loops": 1
                                                    },
                                                    {
                                                        "Worker Number": 1,
                                                        "Actual Startup Time": 0.07,
                                                        "Actual Total Time": 108.84,
                                                        "Actual Rows": 74929,
                                                        "Actual Loops": 1
                                                    },
                                                    {
                                                        "Worker Number": 2,
                                                        "Actual Startup Time": 0.065,
                                                        "Actual Total Time": 105.671,
                                                        "Actual Rows": 97491,
                                                        "Actual Loops": 1
                                                    }
                                                ]
                                            }
                                        ]
                                    }
                                ]
                            }
                        ]
                    }
                ]
            }
        ]
    },
    "Planning Time": 0.777,
    "Triggers": [],
    "Execution Time": 446.79
}