[
  {
    "Plan": {
      "Node Type": "Aggregate",
      "Strategy": "Plain",
      "Partial Mode": "Finalize",
      "Parallel Aware": false,
      "Startup Cost": 45331.69,
      "Total Cost": 45331.7,
      "Plan Rows": 1,
      "Plan Width": 8,
      "Actual Startup Time": 171.734,
      "Actual Total Time": 182.338,
      "Actual Rows": 1,
      "Actual Loops": 1,
      "Plans": [
        {
          "Node Type": "Gather",
          "Parent Relationship": "Outer",
          "Parallel Aware": false,
          "Startup Cost": 45331.37,
          "Total Cost": 45331.68,
          "Plan Rows": 3,
          "Plan Width": 8,
          "Actual Startup Time": 171.636,
          "Actual Total Time": 182.33,
          "Actual Rows": 4,
          "Actual Loops": 1,
          "Workers Planned": 3,
          "Workers Launched": 3,
          "Single Copy": false,
          "Plans": [
            {
              "Node Type": "Aggregate",
              "Strategy": "Plain",
              "Partial Mode": "Partial",
              "Parent Relationship": "Outer",
              "Parallel Aware": false,
              "Startup Cost": 44331.37,
              "Total Cost": 44331.38,
              "Plan Rows": 1,
              "Plan Width": 8,
              "Actual Startup Time": 163.711,
              "Actual Total Time": 163.712,
              "Actual Rows": 1,
              "Actual Loops": 4,
              "Plans": [
                {
                  "Node Type": "Seq Scan",
                  "Parent Relationship": "Outer",
                  "Parallel Aware": true,
                  "Relation Name": "movie_keyword",
                  "Alias": "mk",
                  "Startup Cost": 0.0,
                  "Total Cost": 42695.65,
                  "Plan Rows": 654286,
                  "Plan Width": 0,
                  "Actual Startup Time": 0.355,
                  "Actual Total Time": 134.126,
                  "Actual Rows": 506176,
                  "Actual Loops": 4,
                  "Filter": "(keyword_id > 6105)",
                  "Rows Removed by Filter": 624806
                }
              ]
            }
          ]
        }
      ]
    },
    "Planning Time": 0.064,
    "Triggers": [],
    "Execution Time": 182.363
  }
]