[
    {
        "Bao": {
            "Bao prediction": "NaN",
            "Bao recommended hint": "(no hint)"
        }
    },
    {
        "Plan": {
            "Node Type": "Aggregate",
            "Strategy": "Plain",
            "Partial Mode": "Finalize",
            "Parallel Aware": false,
            "Startup Cost": 326380.77,
            "Total Cost": 326380.78,
            "Plan Rows": 1,
            "Plan Width": 8,
            "Actual Startup Time": 313.082,
            "Actual Total Time": 348.664,
            "Actual Rows": 1,
            "Actual Loops": 1,
            "Output": [
                "count(*)"
            ],
            "Plans": [
                {
                    "Node Type": "Gather",
                    "Parent Relationship": "Outer",
                    "Parallel Aware": false,
                    "Startup Cost": 326380.35,
                    "Total Cost": 326380.76,
                    "Plan Rows": 4,
                    "Plan Width": 8,
                    "Actual Startup Time": 312.767,
                    "Actual Total Time": 348.655,
                    "Actual Rows": 5,
                    "Actual Loops": 1,
                    "Output": [
                        "(PARTIAL count(*))"
                    ],
                    "Workers Planned": 4,
                    "Workers Launched": 4,
                    "Single Copy": false,
                    "Plans": [
                        {
                            "Node Type": "Aggregate",
                            "Strategy": "Plain",
                            "Partial Mode": "Partial",
                            "Parent Relationship": "Outer",
                            "Parallel Aware": false,
                            "Startup Cost": 325380.35,
                            "Total Cost": 325380.36,
                            "Plan Rows": 1,
                            "Plan Width": 8,
                            "Actual Startup Time": 303.438,
                            "Actual Total Time": 303.439,
                            "Actual Rows": 1,
                            "Actual Loops": 5,
                            "Output": [
                                "PARTIAL count(*)"
                            ],
                            "Workers": [
                                {
                                    "Worker Number": 0,
                                    "Actual Startup Time": 300.246,
                                    "Actual Total Time": 300.247,
                                    "Actual Rows": 1,
                                    "Actual Loops": 1
                                },
                                {
                                    "Worker Number": 1,
                                    "Actual Startup Time": 301.359,
                                    "Actual Total Time": 301.36,
                                    "Actual Rows": 1,
                                    "Actual Loops": 1
                                },
                                {
                                    "Worker Number": 2,
                                    "Actual Startup Time": 301.577,
                                    "Actual Total Time": 301.578,
                                    "Actual Rows": 1,
                                    "Actual Loops": 1
                                },
                                {
                                    "Worker Number": 3,
                                    "Actual Startup Time": 301.599,
                                    "Actual Total Time": 301.601,
                                    "Actual Rows": 1,
                                    "Actual Loops": 1
                                }
                            ],
                            "Plans": [
                                {
                                    "Node Type": "Nested Loop",
                                    "Parent Relationship": "Outer",
                                    "Parallel Aware": false,
                                    "Join Type": "Inner",
                                    "Startup Cost": 0.56,
                                    "Total Cost": 325239.59,
                                    "Plan Rows": 56307,
                                    "Plan Width": 0,
                                    "Actual Startup Time": 0.821,
                                    "Actual Total Time": 298.621,
                                    "Actual Rows": 64400,
                                    "Actual Loops": 5,
                                    "Inner Unique": false,
                                    "Workers": [
                                        {
                                            "Worker Number": 0,
                                            "Actual Startup Time": 1.091,
                                            "Actual Total Time": 295.153,
                                            "Actual Rows": 34473,
                                            "Actual Loops": 1
                                        },
                                        {
                                            "Worker Number": 1,
                                            "Actual Startup Time": 1.217,
                                            "Actual Total Time": 296.769,
                                            "Actual Rows": 56490,
                                            "Actual Loops": 1
                                        },
                                        {
                                            "Worker Number": 2,
                                            "Actual Startup Time": 1.171,
                                            "Actual Total Time": 296.953,
                                            "Actual Rows": 57008,
                                            "Actual Loops": 1
                                        },
                                        {
                                            "Worker Number": 3,
                                            "Actual Startup Time": 0.513,
                                            "Actual Total Time": 297.028,
                                            "Actual Rows": 56703,
                                            "Actual Loops": 1
                                        }
                                    ],
                                    "Plans": [
                                        {
                                            "Node Type": "Seq Scan",
                                            "Parent Relationship": "Outer",
                                            "Parallel Aware": true,
                                            "Relation Name": "title",
                                            "Schema": "public",
                                            "Alias": "t",
                                            "Startup Cost": 0.0,
                                            "Total Cost": 45479.21,
                                            "Plan Rows": 5072,
                                            "Plan Width": 4,
                                            "Actual Startup Time": 0.351,
                                            "Actual Total Time": 64.097,
                                            "Actual Rows": 4866,
                                            "Actual Loops": 5,
                                            "Output": [
                                                "t.id",
                                                "t.title",
                                                "t.imdb_index",
                                                "t.kind_id",
                                                "t.production_year",
                                                "t.imdb_id",
                                                "t.phonetic_code",
                                                "t.episode_of_id",
                                                "t.season_nr",
                                                "t.episode_nr",
                                                "t.series_years",
                                                "t.md5sum"
                                            ],
                                            "Filter": "((t.kind_id < 3) AND (t.production_year > 2012))",
                                            "Rows Removed by Filter": 500796,
                                            "Workers": [
                                                {
                                                    "Worker Number": 0,
                                                    "Actual Startup Time": 0.773,
                                                    "Actual Total Time": 55.211,
                                                    "Actual Rows": 2542,
                                                    "Actual Loops": 1
                                                },
                                                {
                                                    "Worker Number": 1,
                                                    "Actual Startup Time": 0.28,
                                                    "Actual Total Time": 58.846,
                                                    "Actual Rows": 4234,
                                                    "Actual Loops": 1
                                                },
                                                {
                                                    "Worker Number": 2,
                                                    "Actual Startup Time": 0.411,
                                                    "Actual Total Time": 58.309,
                                                    "Actual Rows": 4348,
                                                    "Actual Loops": 1
                                                },
                                                {
                                                    "Worker Number": 3,
                                                    "Actual Startup Time": 0.199,
                                                    "Actual Total Time": 57.998,
                                                    "Actual Rows": 4299,
                                                    "Actual Loops": 1
                                                }
                                            ]
                                        },
                                        {
                                            "Node Type": "Index Scan",
                                            "Parent Relationship": "Inner",
                                            "Parallel Aware": false,
                                            "Scan Direction": "Forward",
                                            "Index Name": "movie_id_cast_info",
                                            "Relation Name": "cast_info",
                                            "Schema": "public",
                                            "Alias": "ci",
                                            "Startup Cost": 0.56,
                                            "Total Cost": 54.86,
                                            "Plan Rows": 30,
                                            "Plan Width": 4,
                                            "Actual Startup Time": 0.014,
                                            "Actual Total Time": 0.047,
                                            "Actual Rows": 13,
                                            "Actual Loops": 24331,
                                            "Output": [
                                                "ci.id",
                                                "ci.person_id",
                                                "ci.movie_id",
                                                "ci.person_role_id",
                                                "ci.note",
                                                "ci.nr_order",
                                                "ci.role_id"
                                            ],
                                            "Index Cond": "(ci.movie_id = t.id)",
                                            "Rows Removed by Index Recheck": 0,
                                            "Filter": "(ci.person_id < 2865202)",
                                            "Rows Removed by Filter": 4,
                                            "Workers": [
                                                {
                                                    "Worker Number": 0,
                                                    "Actual Startup Time": 0.024,
                                                    "Actual Total Time": 0.091,
                                                    "Actual Rows": 14,
                                                    "Actual Loops": 2542
                                                },
                                                {
                                                    "Worker Number": 1,
                                                    "Actual Startup Time": 0.017,
                                                    "Actual Total Time": 0.054,
                                                    "Actual Rows": 13,
                                                    "Actual Loops": 4234
                                                },
                                                {
                                                    "Worker Number": 2,
                                                    "Actual Startup Time": 0.016,
                                                    "Actual Total Time": 0.053,
                                                    "Actual Rows": 13,
                                                    "Actual Loops": 4348
                                                },
                                                {
                                                    "Worker Number": 3,
                                                    "Actual Startup Time": 0.016,
                                                    "Actual Total Time": 0.054,
                                                    "Actual Rows": 13,
                                                    "Actual Loops": 4299
                                                }
                                            ]
                                        }
                                    ]
                                }
                            ]
                        }
                    ]
                }
            ]
        },
        "Planning Time": 201.285,
        "Triggers": [],
        "Execution Time": 348.743
    }
]