{
    "Plan": {
        "Node Type": "Aggregate",
        "Strategy": "Plain",
        "Partial Mode": "Finalize",
        "Parallel Aware": false,
        "Startup Cost": 285991.82,
        "Total Cost": 285991.83,
        "Plan Rows": 1,
        "Plan Width": 8,
        "Actual Startup Time": 1991.328,
        "Actual Total Time": 2043.214,
        "Actual Rows": 1,
        "Actual Loops": 1,
        "Output": [
            "count(*)"
        ],
        "Plans": [
            {
                "Node Type": "Gather",
                "Parent Relationship": "Outer",
                "Parallel Aware": false,
                "Startup Cost": 285991.51,
                "Total Cost": 285991.82,
                "Plan Rows": 3,
                "Plan Width": 8,
                "Actual Startup Time": 1973.83,
                "Actual Total Time": 2043.199,
                "Actual Rows": 4,
                "Actual Loops": 1,
                "Output": [
                    "(PARTIAL count(*))"
                ],
                "Workers Planned": 3,
                "Workers Launched": 3,
                "Single Copy": false,
                "Plans": [
                    {
                        "Node Type": "Aggregate",
                        "Strategy": "Plain",
                        "Partial Mode": "Partial",
                        "Parent Relationship": "Outer",
                        "Parallel Aware": false,
                        "Startup Cost": 284991.51,
                        "Total Cost": 284991.52,
                        "Plan Rows": 1,
                        "Plan Width": 8,
                        "Actual Startup Time": 1951.178,
                        "Actual Total Time": 1951.977,
                        "Actual Rows": 1,
                        "Actual Loops": 4,
                        "Output": [
                            "PARTIAL count(*)"
                        ],
                        "Workers": [
                            {
                                "Worker Number": 0,
                                "Actual Startup Time": 1945.207,
                                "Actual Total Time": 1945.214,
                                "Actual Rows": 1,
                                "Actual Loops": 1
                            },
                            {
                                "Worker Number": 1,
                                "Actual Startup Time": 1943.191,
                                "Actual Total Time": 1943.196,
                                "Actual Rows": 1,
                                "Actual Loops": 1
                            },
                            {
                                "Worker Number": 2,
                                "Actual Startup Time": 1943.24,
                                "Actual Total Time": 1943.246,
                                "Actual Rows": 1,
                                "Actual Loops": 1
                            }
                        ],
                        "Plans": [
                            {
                                "Node Type": "Hash Join",
                                "Parent Relationship": "Outer",
                                "Parallel Aware": true,
                                "Join Type": "Inner",
                                "Startup Cost": 252220.53,
                                "Total Cost": 283653.6,
                                "Plan Rows": 535161,
                                "Plan Width": 0,
                                "Actual Startup Time": 1454.297,
                                "Actual Total Time": 1882.255,
                                "Actual Rows": 1124197,
                                "Actual Loops": 4,
                                "Inner Unique": false,
                                "Hash Cond": "(mc.movie_id = t.id)",
                                "Workers": [
                                    {
                                        "Worker Number": 0,
                                        "Actual Startup Time": 1446.995,
                                        "Actual Total Time": 1879.718,
                                        "Actual Rows": 1061645,
                                        "Actual Loops": 1
                                    },
                                    {
                                        "Worker Number": 1,
                                        "Actual Startup Time": 1446.72,
                                        "Actual Total Time": 1873.537,
                                        "Actual Rows": 1129015,
                                        "Actual Loops": 1
                                    },
                                    {
                                        "Worker Number": 2,
                                        "Actual Startup Time": 1446.806,
                                        "Actual Total Time": 1873.842,
                                        "Actual Rows": 1128341,
                                        "Actual Loops": 1
                                    }
                                ],
                                "Plans": [
                                    {
                                        "Node Type": "Seq Scan",
                                        "Parent Relationship": "Outer",
                                        "Parallel Aware": true,
                                        "Relation Name": "movie_companies",
                                        "Schema": "public",
                                        "Alias": "mc",
                                        "Startup Cost": 0.0,
                                        "Total Cost": 27206.55,
                                        "Plan Rows": 841655,
                                        "Plan Width": 4,
                                        "Actual Startup Time": 0.022,
                                        "Actual Total Time": 80.939,
                                        "Actual Rows": 652282,
                                        "Actual Loops": 4,
                                        "Output": [
                                            "mc.id",
                                            "mc.movie_id",
                                            "mc.company_id",
                                            "mc.company_type_id",
                                            "mc.note"
                                        ],
                                        "Workers": [
                                            {
                                                "Worker Number": 0,
                                                "Actual Startup Time": 0.028,
                                                "Actual Total Time": 83.126,
                                                "Actual Rows": 616036,
                                                "Actual Loops": 1
                                            },
                                            {
                                                "Worker Number": 1,
                                                "Actual Startup Time": 0.025,
                                                "Actual Total Time": 89.021,
                                                "Actual Rows": 655845,
                                                "Actual Loops": 1
                                            },
                                            {
                                                "Worker Number": 2,
                                                "Actual Startup Time": 0.023,
                                                "Actual Total Time": 81.608,
                                                "Actual Rows": 650390,
                                                "Actual Loops": 1
                                            }
                                        ]
                                    },
                                    {
                                        "Node Type": "Hash",
                                        "Parent Relationship": "Inner",
                                        "Parallel Aware": true,
                                        "Startup Cost": 248201.5,
                                        "Total Cost": 248201.5,
                                        "Plan Rows": 321523,
                                        "Plan Width": 8,
                                        "Actual Startup Time": 1443.983,
                                        "Actual Total Time": 1444.779,
                                        "Actual Rows": 461622,
                                        "Actual Loops": 4,
                                        "Output": [
                                            "t.id",
                                            "mi.movie_id"
                                        ],
                                        "Hash Buckets": 2097152,
                                        "Original Hash Buckets": 2097152,
                                        "Hash Batches": 1,
                                        "Original Hash Batches": 1,
                                        "Peak Memory Usage": 88704,
                                        "Workers": [
                                            {
                                                "Worker Number": 0,
                                                "Actual Startup Time": 1445.812,
                                                "Actual Total Time": 1445.816,
                                                "Actual Rows": 424043,
                                                "Actual Loops": 1
                                            },
                                            {
                                                "Worker Number": 1,
                                                "Actual Startup Time": 1445.927,
                                                "Actual Total Time": 1445.93,
                                                "Actual Rows": 466410,
                                                "Actual Loops": 1
                                            },
                                            {
                                                "Worker Number": 2,
                                                "Actual Startup Time": 1445.954,
                                                "Actual Total Time": 1445.957,
                                                "Actual Rows": 467632,
                                                "Actual Loops": 1
                                            }
                                        ],
                                        "Plans": [
                                            {
                                                "Node Type": "Hash Join",
                                                "Parent Relationship": "Outer",
                                                "Parallel Aware": true,
                                                "Join Type": "Inner",
                                                "Startup Cost": 47434.76,
                                                "Total Cost": 248201.5,
                                                "Plan Rows": 321523,
                                                "Plan Width": 8,
                                                "Actual Startup Time": 395.781,
                                                "Actual Total Time": 1235.332,
                                                "Actual Rows": 461622,
                                                "Actual Loops": 4,
                                                "Output": [
                                                    "t.id",
                                                    "mi.movie_id"
                                                ],
                                                "Inner Unique": true,
                                                "Hash Cond": "(mi.movie_id = t.id)",
                                                "Workers": [
                                                    {
                                                        "Worker Number": 0,
                                                        "Actual Startup Time": 395.723,
                                                        "Actual Total Time": 1236.588,
                                                        "Actual Rows": 424043,
                                                        "Actual Loops": 1
                                                    },
                                                    {
                                                        "Worker Number": 1,
                                                        "Actual Startup Time": 395.773,
                                                        "Actual Total Time": 1234.81,
                                                        "Actual Rows": 466410,
                                                        "Actual Loops": 1
                                                    },
                                                    {
                                                        "Worker Number": 2,
                                                        "Actual Startup Time": 395.804,
                                                        "Actual Total Time": 1235.233,
                                                        "Actual Rows": 467632,
                                                        "Actual Loops": 1
                                                    }
                                                ],
                                                "Plans": [
                                                    {
                                                        "Node Type": "Seq Scan",
                                                        "Parent Relationship": "Outer",
                                                        "Parallel Aware": true,
                                                        "Relation Name": "movie_info",
                                                        "Schema": "public",
                                                        "Alias": "mi",
                                                        "Startup Cost": 0.0,
                                                        "Total Cost": 198880.74,
                                                        "Plan Rows": 718477,
                                                        "Plan Width": 4,
                                                        "Actual Startup Time": 51.11,
                                                        "Actual Total Time": 547.811,
                                                        "Actual Rows": 906244,
                                                        "Actual Loops": 4,
                                                        "Output": [
                                                            "mi.id",
                                                            "mi.movie_id",
                                                            "mi.info_type_id",
                                                            "mi.info",
                                                            "mi.note"
                                                        ],
                                                        "Filter": "(mi.info_type_id < 4)",
                                                        "Rows Removed by Filter": 2802686,
                                                        "Workers": [
                                                            {
                                                                "Worker Number": 0,
                                                                "Actual Startup Time": 51.143,
                                                                "Actual Total Time": 548.489,
                                                                "Actual Rows": 832275,
                                                                "Actual Loops": 1
                                                            },
                                                            {
                                                                "Worker Number": 1,
                                                                "Actual Startup Time": 51.084,
                                                                "Actual Total Time": 551.313,
                                                                "Actual Rows": 915136,
                                                                "Actual Loops": 1
                                                            },
                                                            {
                                                                "Worker Number": 2,
                                                                "Actual Startup Time": 51.133,
                                                                "Actual Total Time": 551.986,
                                                                "Actual Rows": 916570,
                                                                "Actual Loops": 1
                                                            }
                                                        ]
                                                    },
                                                    {
                                                        "Node Type": "Hash",
                                                        "Parent Relationship": "Inner",
                                                        "Parallel Aware": true,
                                                        "Startup Cost": 43899.01,
                                                        "Total Cost": 43899.01,
                                                        "Plan Rows": 282860,
                                                        "Plan Width": 4,
                                                        "Actual Startup Time": 337.905,
                                                        "Actual Total Time": 337.906,
                                                        "Actual Rows": 283339,
                                                        "Actual Loops": 4,
                                                        "Output": [
                                                            "t.id"
                                                        ],
                                                        "Hash Buckets": 2097152,
                                                        "Original Hash Buckets": 2097152,
                                                        "Hash Batches": 1,
                                                        "Original Hash Batches": 1,
                                                        "Peak Memory Usage": 60800,
                                                        "Workers": [
                                                            {
                                                                "Worker Number": 0,
                                                                "Actual Startup Time": 344.463,
                                                                "Actual Total Time": 344.465,
                                                                "Actual Rows": 243158,
                                                                "Actual Loops": 1
                                                            },
                                                            {
                                                                "Worker Number": 1,
                                                                "Actual Startup Time": 344.452,
                                                                "Actual Total Time": 344.453,
                                                                "Actual Rows": 270112,
                                                                "Actual Loops": 1
                                                            },
                                                            {
                                                                "Worker Number": 2,
                                                                "Actual Startup Time": 344.428,
                                                                "Actual Total Time": 344.43,
                                                                "Actual Rows": 269819,
                                                                "Actual Loops": 1
                                                            }
                                                        ],
                                                        "Plans": [
                                                            {
                                                                "Node Type": "Seq Scan",
                                                                "Parent Relationship": "Outer",
                                                                "Parallel Aware": true,
                                                                "Relation Name": "title",
                                                                "Schema": "public",
                                                                "Alias": "t",
                                                                "Startup Cost": 0.0,
                                                                "Total Cost": 43899.01,
                                                                "Plan Rows": 282860,
                                                                "Plan Width": 4,
                                                                "Actual Startup Time": 0.064,
                                                                "Actual Total Time": 143.581,
                                                                "Actual Rows": 283339,
                                                                "Actual Loops": 4,
                                                                "Output": [
                                                                    "t.id"
                                                                ],
                                                                "Filter": "(t.production_year < 2002)",
                                                                "Rows Removed by Filter": 348739,
                                                                "Workers": [
                                                                    {
                                                                        "Worker Number": 0,
                                                                        "Actual Startup Time": 0.08,
                                                                        "Actual Total Time": 146.14,
                                                                        "Actual Rows": 243158,
                                                                        "Actual Loops": 1
                                                                    },
                                                                    {
                                                                        "Worker Number": 1,
                                                                        "Actual Startup Time": 0.074,
                                                                        "Actual Total Time": 147.538,
                                                                        "Actual Rows": 270112,
                                                                        "Actual Loops": 1
                                                                    },
                                                                    {
                                                                        "Worker Number": 2,
                                                                        "Actual Startup Time": 0.082,
                                                                        "Actual Total Time": 147.457,
                                                                        "Actual Rows": 269819,
                                                                        "Actual Loops": 1
                                                                    }
                                                                ]
                                                            }
                                                        ]
                                                    }
                                                ]
                                            }
                                        ]
                                    }
                                ]
                            }
                        ]
                    }
                ]
            }
        ]
    },
    "Planning Time": 1.703,
    "Triggers": [],
    "Execution Time": 2043.313
}