[
  {
    "Plan": {
      "Node Type": "Aggregate",
      "Strategy": "Plain",
      "Partial Mode": "Finalize",
      "Parallel Aware": false,
      "Startup Cost": 60915.26,
      "Total Cost": 60915.27,
      "Plan Rows": 1,
      "Plan Width": 8,
      "Actual Startup Time": 179.427,
      "Actual Total Time": 190.845,
      "Actual Rows": 1,
      "Actual Loops": 1,
      "Plans": [
        {
          "Node Type": "Gather",
          "Parent Relationship": "Outer",
          "Parallel Aware": false,
          "Startup Cost": 60915.05,
          "Total Cost": 60915.26,
          "Plan Rows": 2,
          "Plan Width": 8,
          "Actual Startup Time": 178.89,
          "Actual Total Time": 190.838,
          "Actual Rows": 3,
          "Actual Loops": 1,
          "Workers Planned": 2,
          "Workers Launched": 2,
          "Single Copy": false,
          "Plans": [
            {
              "Node Type": "Aggregate",
              "Strategy": "Plain",
              "Partial Mode": "Partial",
              "Parent Relationship": "Outer",
              "Parallel Aware": false,
              "Startup Cost": 59915.05,
              "Total Cost": 59915.06,
              "Plan Rows": 1,
              "Plan Width": 8,
              "Actual Startup Time": 173.264,
              "Actual Total Time": 173.267,
              "Actual Rows": 1,
              "Actual Loops": 3,
              "Plans": [
                {
                  "Node Type": "Nested Loop",
                  "Parent Relationship": "Outer",
                  "Parallel Aware": false,
                  "Join Type": "Inner",
                  "Startup Cost": 38354.61,
                  "Total Cost": 59906.78,
                  "Plan Rows": 3308,
                  "Plan Width": 0,
                  "Actual Startup Time": 73.024,
                  "Actual Total Time": 172.061,
                  "Actual Rows": 16542,
                  "Actual Loops": 3,
                  "Inner Unique": false,
                  "Join Filter": "(t.id = mc.movie_id)",
                  "Rows Removed by Join Filter": 0,
                  "Plans": [
                    {
                      "Node Type": "Hash Join",
                      "Parent Relationship": "Outer",
                      "Parallel Aware": true,
                      "Join Type": "Inner",
                      "Startup Cost": 38354.18,
                      "Total Cost": 53974.97,
                      "Plan Rows": 7268,
                      "Plan Width": 8,
                      "Actual Startup Time": 72.964,
                      "Actual Total Time": 117.333,
                      "Actual Rows": 12350,
                      "Actual Loops": 3,
                      "Inner Unique": true,
                      "Hash Cond": "(mi_idx.movie_id = t.id)",
                      "Plans": [
                        {
                          "Node Type": "Seq Scan",
                          "Parent Relationship": "Outer",
                          "Parallel Aware": true,
                          "Relation Name": "movie_info_idx",
                          "Alias": "mi_idx",
                          "Startup Cost": 0.0,
                          "Total Cost": 15122.68,
                          "Plan Rows": 189755,
                          "Plan Width": 4,
                          "Actual Startup Time": 0.013,
                          "Actual Total Time": 43.196,
                          "Actual Rows": 153308,
                          "Actual Loops": 3,
                          "Filter": "(info_type_id = 99)",
                          "Rows Removed by Filter": 306703
                        },
                        {
                          "Node Type": "Hash",
                          "Parent Relationship": "Inner",
                          "Parallel Aware": true,
                          "Startup Cost": 38051.55,
                          "Total Cost": 38051.55,
                          "Plan Rows": 24210,
                          "Plan Width": 4,
                          "Actual Startup Time": 46.458,
                          "Actual Total Time": 46.459,
                          "Actual Rows": 33512,
                          "Actual Loops": 3,
                          "Hash Buckets": 131072,
                          "Original Hash Buckets": 131072,
                          "Hash Batches": 1,
                          "Original Hash Batches": 1,
                          "Peak Memory Usage": 4992,
                          "Plans": [
                            {
                              "Node Type": "Bitmap Heap Scan",
                              "Parent Relationship": "Outer",
                              "Parallel Aware": true,
                              "Relation Name": "title",
                              "Alias": "t",
                              "Startup Cost": 1750.93,
                              "Total Cost": 38051.55,
                              "Plan Rows": 24210,
                              "Plan Width": 4,
                              "Actual Startup Time": 6.406,
                              "Actual Total Time": 35.677,
                              "Actual Rows": 33512,
                              "Actual Loops": 3,
                              "Recheck Cond": "(kind_id = 3)",
                              "Rows Removed by Index Recheck": 0,
                              "Exact Heap Blocks": 6194,
                              "Lossy Heap Blocks": 0,
                              "Plans": [
                                {
                                  "Node Type": "Bitmap Index Scan",
                                  "Parent Relationship": "Outer",
                                  "Parallel Aware": false,
                                  "Index Name": "kind_id_title",
                                  "Startup Cost": 0.0,
                                  "Total Cost": 1726.72,
                                  "Plan Rows": 96839,
                                  "Plan Width": 0,
                                  "Actual Startup Time": 7.71,
                                  "Actual Total Time": 7.711,
                                  "Actual Rows": 100537,
                                  "Actual Loops": 1,
                                  "Index Cond": "(kind_id = 3)"
                                }
                              ]
                            }
                          ]
                        }
                      ]
                    },
                    {
                      "Node Type": "Index Scan",
                      "Parent Relationship": "Inner",
                      "Parallel Aware": false,
                      "Scan Direction": "Forward",
                      "Index Name": "movie_id_movie_companies",
                      "Relation Name": "movie_companies",
                      "Alias": "mc",
                      "Startup Cost": 0.43,
                      "Total Cost": 0.79,
                      "Plan Rows": 2,
                      "Plan Width": 4,
                      "Actual Startup Time": 0.004,
                      "Actual Total Time": 0.004,
                      "Actual Rows": 1,
                      "Actual Loops": 37049,
                      "Index Cond": "(movie_id = mi_idx.movie_id)",
                      "Rows Removed by Index Recheck": 0,
                      "Filter": "((company_id > 166) AND (company_type_id > 1))",
                      "Rows Removed by Filter": 1
                    }
                  ]
                }
              ]
            }
          ]
        }
      ]
    },
    "Planning Time": 0.695,
    "Triggers": [],
    "Execution Time": 190.907
  }
]