[
  {
    "Plan": {
      "Node Type": "Aggregate",
      "Strategy": "Plain",
      "Partial Mode": "Finalize",
      "Parallel Aware": false,
      "Startup Cost": 45497.59,
      "Total Cost": 45497.6,
      "Plan Rows": 1,
      "Plan Width": 8,
      "Actual Startup Time": 157.225,
      "Actual Total Time": 168.216,
      "Actual Rows": 1,
      "Actual Loops": 1,
      "Plans": [
        {
          "Node Type": "Gather",
          "Parent Relationship": "Outer",
          "Parallel Aware": false,
          "Startup Cost": 45497.27,
          "Total Cost": 45497.58,
          "Plan Rows": 3,
          "Plan Width": 8,
          "Actual Startup Time": 157.105,
          "Actual Total Time": 168.207,
          "Actual Rows": 4,
          "Actual Loops": 1,
          "Workers Planned": 3,
          "Workers Launched": 3,
          "Single Copy": false,
          "Plans": [
            {
              "Node Type": "Aggregate",
              "Strategy": "Plain",
              "Partial Mode": "Partial",
              "Parent Relationship": "Outer",
              "Parallel Aware": false,
              "Startup Cost": 44497.27,
              "Total Cost": 44497.28,
              "Plan Rows": 1,
              "Plan Width": 8,
              "Actual Startup Time": 153.267,
              "Actual Total Time": 153.268,
              "Actual Rows": 1,
              "Actual Loops": 4,
              "Plans": [
                {
                  "Node Type": "Seq Scan",
                  "Parent Relationship": "Outer",
                  "Parallel Aware": true,
                  "Relation Name": "movie_keyword",
                  "Alias": "mk",
                  "Startup Cost": 0.0,
                  "Total Cost": 42695.65,
                  "Plan Rows": 720646,
                  "Plan Width": 0,
                  "Actual Startup Time": 0.022,
                  "Actual Total Time": 123.635,
                  "Actual Rows": 564308,
                  "Actual Loops": 4,
                  "Filter": "(keyword_id < 4673)",
                  "Rows Removed by Filter": 566674
                }
              ]
            }
          ]
        }
      ]
    },
    "Planning Time": 0.098,
    "Triggers": [],
    "Execution Time": 168.247
  }
]