[
  {
    "Plan": {
      "Node Type": "Aggregate",
      "Strategy": "Plain",
      "Partial Mode": "Finalize",
      "Parallel Aware": false,
      "Startup Cost": 246645.89,
      "Total Cost": 246645.9,
      "Plan Rows": 1,
      "Plan Width": 8,
      "Actual Startup Time": 900.255,
      "Actual Total Time": 953.142,
      "Actual Rows": 1,
      "Actual Loops": 1,
      "Plans": [
        {
          "Node Type": "Gather",
          "Parent Relationship": "Outer",
          "Parallel Aware": false,
          "Startup Cost": 246645.37,
          "Total Cost": 246645.88,
          "Plan Rows": 5,
          "Plan Width": 8,
          "Actual Startup Time": 899.159,
          "Actual Total Time": 953.127,
          "Actual Rows": 6,
          "Actual Loops": 1,
          "Workers Planned": 5,
          "Workers Launched": 5,
          "Single Copy": false,
          "Plans": [
            {
              "Node Type": "Aggregate",
              "Strategy": "Plain",
              "Partial Mode": "Partial",
              "Parent Relationship": "Outer",
              "Parallel Aware": false,
              "Startup Cost": 245645.37,
              "Total Cost": 245645.38,
              "Plan Rows": 1,
              "Plan Width": 8,
              "Actual Startup Time": 891.251,
              "Actual Total Time": 891.31,
              "Actual Rows": 1,
              "Actual Loops": 6,
              "Plans": [
                {
                  "Node Type": "Hash Join",
                  "Parent Relationship": "Outer",
                  "Parallel Aware": true,
                  "Join Type": "Inner",
                  "Startup Cost": 45833.49,
                  "Total Cost": 245312.89,
                  "Plan Rows": 132992,
                  "Plan Width": 0,
                  "Actual Startup Time": 114.498,
                  "Actual Total Time": 865.973,
                  "Actual Rows": 498580,
                  "Actual Loops": 6,
                  "Inner Unique": true,
                  "Hash Cond": "(mi.movie_id = t.id)",
                  "Plans": [
                    {
                      "Node Type": "Seq Scan",
                      "Parent Relationship": "Outer",
                      "Parallel Aware": true,
                      "Relation Name": "movie_info",
                      "Alias": "mi",
                      "Startup Cost": 0.0,
                      "Total Cost": 191685.19,
                      "Plan Rows": 2969219,
                      "Plan Width": 4,
                      "Actual Startup Time": 0.028,
                      "Actual Total Time": 340.283,
                      "Actual Rows": 2472620,
                      "Actual Loops": 6
                    },
                    {
                      "Node Type": "Hash",
                      "Parent Relationship": "Inner",
                      "Parallel Aware": true,
                      "Startup Cost": 45479.59,
                      "Total Cost": 45479.59,
                      "Plan Rows": 28312,
                      "Plan Width": 4,
                      "Actual Startup Time": 100.857,
                      "Actual Total Time": 100.858,
                      "Actual Rows": 42097,
                      "Actual Loops": 6,
                      "Hash Buckets": 262144,
                      "Original Hash Buckets": 131072,
                      "Hash Batches": 1,
                      "Original Hash Batches": 1,
                      "Peak Memory Usage": 13088,
                      "Plans": [
                        {
                          "Node Type": "Seq Scan",
                          "Parent Relationship": "Outer",
                          "Parallel Aware": true,
                          "Relation Name": "title",
                          "Alias": "t",
                          "Startup Cost": 0.0,
                          "Total Cost": 45479.59,
                          "Plan Rows": 28312,
                          "Plan Width": 4,
                          "Actual Startup Time": 46.754,
                          "Actual Total Time": 79.724,
                          "Actual Rows": 42097,
                          "Actual Loops": 6,
                          "Filter": "((production_year < 1976) AND (kind_id = 1))",
                          "Rows Removed by Filter": 379288
                        }
                      ]
                    }
                  ]
                }
              ]
            }
          ]
        }
      ]
    },
    "Planning Time": 0.532,
    "Triggers": [],
    "Execution Time": 953.213
  }
]