[
  {
    "Plan": {
      "Node Type": "Aggregate",
      "Strategy": "Plain",
      "Partial Mode": "Finalize",
      "Parallel Aware": false,
      "Startup Cost": 92896.16,
      "Total Cost": 92896.17,
      "Plan Rows": 1,
      "Plan Width": 8,
      "Actual Startup Time": 555.404,
      "Actual Total Time": 573.032,
      "Actual Rows": 1,
      "Actual Loops": 1,
      "Plans": [
        {
          "Node Type": "Gather",
          "Parent Relationship": "Outer",
          "Parallel Aware": false,
          "Startup Cost": 92895.84,
          "Total Cost": 92896.15,
          "Plan Rows": 3,
          "Plan Width": 8,
          "Actual Startup Time": 544.571,
          "Actual Total Time": 573.022,
          "Actual Rows": 4,
          "Actual Loops": 1,
          "Workers Planned": 3,
          "Workers Launched": 3,
          "Single Copy": false,
          "Plans": [
            {
              "Node Type": "Aggregate",
              "Strategy": "Plain",
              "Partial Mode": "Partial",
              "Parent Relationship": "Outer",
              "Parallel Aware": false,
              "Startup Cost": 91895.84,
              "Total Cost": 91895.85,
              "Plan Rows": 1,
              "Plan Width": 8,
              "Actual Startup Time": 524.772,
              "Actual Total Time": 524.775,
              "Actual Rows": 1,
              "Actual Loops": 4,
              "Plans": [
                {
                  "Node Type": "Hash Join",
                  "Parent Relationship": "Outer",
                  "Parallel Aware": true,
                  "Join Type": "Inner",
                  "Startup Cost": 63801.84,
                  "Total Cost": 91379.53,
                  "Plan Rows": 206525,
                  "Plan Width": 0,
                  "Actual Startup Time": 398.797,
                  "Actual Total Time": 517.041,
                  "Actual Rows": 155325,
                  "Actual Loops": 4,
                  "Inner Unique": true,
                  "Hash Cond": "(mk.movie_id = t.id)",
                  "Plans": [
                    {
                      "Node Type": "Bitmap Heap Scan",
                      "Parent Relationship": "Outer",
                      "Parallel Aware": true,
                      "Relation Name": "movie_keyword",
                      "Alias": "mk",
                      "Startup Cost": 13582.19,
                      "Total Cost": 40617.75,
                      "Plan Rows": 206525,
                      "Plan Width": 4,
                      "Actual Startup Time": 53.733,
                      "Actual Total Time": 120.178,
                      "Actual Rows": 155325,
                      "Actual Loops": 4,
                      "Recheck Cond": "(keyword_id > 29353)",
                      "Rows Removed by Index Recheck": 0,
                      "Exact Heap Blocks": 6402,
                      "Lossy Heap Blocks": 0,
                      "Plans": [
                        {
                          "Node Type": "Bitmap Index Scan",
                          "Parent Relationship": "Outer",
                          "Parallel Aware": false,
                          "Index Name": "keyword_id_movie_keyword",
                          "Startup Cost": 0.0,
                          "Total Cost": 13422.14,
                          "Plan Rows": 640227,
                          "Plan Width": 0,
                          "Actual Startup Time": 50.055,
                          "Actual Total Time": 50.056,
                          "Actual Rows": 621300,
                          "Actual Loops": 1,
                          "Index Cond": "(keyword_id > 29353)"
                        }
                      ]
                    },
                    {
                      "Node Type": "Hash",
                      "Parent Relationship": "Inner",
                      "Parallel Aware": true,
                      "Startup Cost": 42318.73,
                      "Total Cost": 42318.73,
                      "Plan Rows": 632073,
                      "Plan Width": 4,
                      "Actual Startup Time": 333.577,
                      "Actual Total Time": 333.578,
                      "Actual Rows": 632078,
                      "Actual Loops": 4,
                      "Hash Buckets": 4194304,
                      "Original Hash Buckets": 4194304,
                      "Hash Batches": 1,
                      "Original Hash Batches": 1,
                      "Peak Memory Usage": 131744,
                      "Plans": [
                        {
                          "Node Type": "Seq Scan",
                          "Parent Relationship": "Outer",
                          "Parallel Aware": true,
                          "Relation Name": "title",
                          "Alias": "t",
                          "Startup Cost": 0.0,
                          "Total Cost": 42318.73,
                          "Plan Rows": 632073,
                          "Plan Width": 4,
                          "Actual Startup Time": 0.037,
                          "Actual Total Time": 98.174,
                          "Actual Rows": 632078,
                          "Actual Loops": 4
                        }
                      ]
                    }
                  ]
                }
              ]
            }
          ]
        }
      ]
    },
    "Planning Time": 0.602,
    "Triggers": [],
    "Execution Time": 573.121
  }
]