{
    "Plan": {
        "Node Type": "Aggregate",
        "Strategy": "Plain",
        "Partial Mode": "Finalize",
        "Parallel Aware": false,
        "Startup Cost": 60865.99,
        "Total Cost": 60866.0,
        "Plan Rows": 1,
        "Plan Width": 8,
        "Actual Startup Time": 242.888,
        "Actual Total Time": 259.111,
        "Actual Rows": 1,
        "Actual Loops": 1,
        "Output": [
            "count(*)"
        ],
        "Plans": [
            {
                "Node Type": "Gather",
                "Parent Relationship": "Outer",
                "Parallel Aware": false,
                "Startup Cost": 60865.78,
                "Total Cost": 60865.99,
                "Plan Rows": 2,
                "Plan Width": 8,
                "Actual Startup Time": 242.03,
                "Actual Total Time": 259.102,
                "Actual Rows": 3,
                "Actual Loops": 1,
                "Output": [
                    "(PARTIAL count(*))"
                ],
                "Workers Planned": 2,
                "Workers Launched": 2,
                "Single Copy": false,
                "Plans": [
                    {
                        "Node Type": "Aggregate",
                        "Strategy": "Plain",
                        "Partial Mode": "Partial",
                        "Parent Relationship": "Outer",
                        "Parallel Aware": false,
                        "Startup Cost": 59865.78,
                        "Total Cost": 59865.79,
                        "Plan Rows": 1,
                        "Plan Width": 8,
                        "Actual Startup Time": 237.674,
                        "Actual Total Time": 237.678,
                        "Actual Rows": 1,
                        "Actual Loops": 3,
                        "Output": [
                            "PARTIAL count(*)"
                        ],
                        "Workers": [
                            {
                                "Worker Number": 0,
                                "Actual Startup Time": 235.459,
                                "Actual Total Time": 235.462,
                                "Actual Rows": 1,
                                "Actual Loops": 1
                            },
                            {
                                "Worker Number": 1,
                                "Actual Startup Time": 236.148,
                                "Actual Total Time": 236.152,
                                "Actual Rows": 1,
                                "Actual Loops": 1
                            }
                        ],
                        "Plans": [
                            {
                                "Node Type": "Hash Join",
                                "Parent Relationship": "Outer",
                                "Parallel Aware": true,
                                "Join Type": "Inner",
                                "Startup Cost": 44221.79,
                                "Total Cost": 59846.26,
                                "Plan Rows": 7809,
                                "Plan Width": 0,
                                "Actual Startup Time": 187.373,
                                "Actual Total Time": 237.452,
                                "Actual Rows": 2224,
                                "Actual Loops": 3,
                                "Inner Unique": true,
                                "Hash Cond": "(mi_idx.movie_id = t.id)",
                                "Workers": [
                                    {
                                        "Worker Number": 0,
                                        "Actual Startup Time": 185.086,
                                        "Actual Total Time": 235.226,
                                        "Actual Rows": 1948,
                                        "Actual Loops": 1
                                    },
                                    {
                                        "Worker Number": 1,
                                        "Actual Startup Time": 185.887,
                                        "Actual Total Time": 235.917,
                                        "Actual Rows": 2077,
                                        "Actual Loops": 1
                                    }
                                ],
                                "Plans": [
                                    {
                                        "Node Type": "Seq Scan",
                                        "Parent Relationship": "Outer",
                                        "Parallel Aware": true,
                                        "Relation Name": "movie_info_idx",
                                        "Schema": "public",
                                        "Alias": "mi_idx",
                                        "Startup Cost": 0.0,
                                        "Total Cost": 15122.68,
                                        "Plan Rows": 191154,
                                        "Plan Width": 4,
                                        "Actual Startup Time": 0.012,
                                        "Actual Total Time": 53.965,
                                        "Actual Rows": 153395,
                                        "Actual Loops": 3,
                                        "Output": [
                                            "mi_idx.id",
                                            "mi_idx.movie_id",
                                            "mi_idx.info_type_id",
                                            "mi_idx.info",
                                            "mi_idx.note"
                                        ],
                                        "Filter": "(mi_idx.info_type_id > 100)",
                                        "Rows Removed by Filter": 306617,
                                        "Workers": [
                                            {
                                                "Worker Number": 0,
                                                "Actual Startup Time": 0.015,
                                                "Actual Total Time": 53.082,
                                                "Actual Rows": 135867,
                                                "Actual Loops": 1
                                            },
                                            {
                                                "Worker Number": 1,
                                                "Actual Startup Time": 0.013,
                                                "Actual Total Time": 54.017,
                                                "Actual Rows": 148490,
                                                "Actual Loops": 1
                                            }
                                        ]
                                    },
                                    {
                                        "Node Type": "Hash",
                                        "Parent Relationship": "Inner",
                                        "Parallel Aware": true,
                                        "Startup Cost": 43899.01,
                                        "Total Cost": 43899.01,
                                        "Plan Rows": 25823,
                                        "Plan Width": 4,
                                        "Actual Startup Time": 150.987,
                                        "Actual Total Time": 150.988,
                                        "Actual Rows": 33731,
                                        "Actual Loops": 3,
                                        "Output": [
                                            "t.id"
                                        ],
                                        "Hash Buckets": 131072,
                                        "Original Hash Buckets": 131072,
                                        "Hash Batches": 1,
                                        "Original Hash Batches": 1,
                                        "Peak Memory Usage": 5024,
                                        "Workers": [
                                            {
                                                "Worker Number": 0,
                                                "Actual Startup Time": 150.119,
                                                "Actual Total Time": 150.12,
                                                "Actual Rows": 30474,
                                                "Actual Loops": 1
                                            },
                                            {
                                                "Worker Number": 1,
                                                "Actual Startup Time": 150.944,
                                                "Actual Total Time": 150.946,
                                                "Actual Rows": 32699,
                                                "Actual Loops": 1
                                            }
                                        ],
                                        "Plans": [
                                            {
                                                "Node Type": "Seq Scan",
                                                "Parent Relationship": "Outer",
                                                "Parallel Aware": true,
                                                "Relation Name": "title",
                                                "Schema": "public",
                                                "Alias": "t",
                                                "Startup Cost": 0.0,
                                                "Total Cost": 43899.01,
                                                "Plan Rows": 25823,
                                                "Plan Width": 4,
                                                "Actual Startup Time": 62.806,
                                                "Actual Total Time": 138.338,
                                                "Actual Rows": 33731,
                                                "Actual Loops": 3,
                                                "Output": [
                                                    "t.id"
                                                ],
                                                "Filter": "(t.production_year < 1925)",
                                                "Rows Removed by Filter": 809039,
                                                "Workers": [
                                                    {
                                                        "Worker Number": 0,
                                                        "Actual Startup Time": 82.519,
                                                        "Actual Total Time": 137.627,
                                                        "Actual Rows": 30474,
                                                        "Actual Loops": 1
                                                    },
                                                    {
                                                        "Worker Number": 1,
                                                        "Actual Startup Time": 53.394,
                                                        "Actual Total Time": 139.242,
                                                        "Actual Rows": 32699,
                                                        "Actual Loops": 1
                                                    }
                                                ]
                                            }
                                        ]
                                    }
                                ]
                            }
                        ]
                    }
                ]
            }
        ]
    },
    "Planning Time": 0.668,
    "Triggers": [],
    "Execution Time": 259.188
}