{
    "Plan": {
        "Node Type": "Aggregate",
        "Strategy": "Plain",
        "Partial Mode": "Finalize",
        "Parallel Aware": false,
        "Startup Cost": 104896.68,
        "Total Cost": 104896.69,
        "Plan Rows": 1,
        "Plan Width": 8,
        "Actual Startup Time": 750.063,
        "Actual Total Time": 812.28,
        "Actual Rows": 1,
        "Actual Loops": 1,
        "Output": [
            "count(*)"
        ],
        "Plans": [
            {
                "Node Type": "Gather",
                "Parent Relationship": "Outer",
                "Parallel Aware": false,
                "Startup Cost": 104896.36,
                "Total Cost": 104896.67,
                "Plan Rows": 3,
                "Plan Width": 8,
                "Actual Startup Time": 748.32,
                "Actual Total Time": 812.269,
                "Actual Rows": 4,
                "Actual Loops": 1,
                "Output": [
                    "(PARTIAL count(*))"
                ],
                "Workers Planned": 3,
                "Workers Launched": 3,
                "Single Copy": false,
                "Plans": [
                    {
                        "Node Type": "Aggregate",
                        "Strategy": "Plain",
                        "Partial Mode": "Partial",
                        "Parent Relationship": "Outer",
                        "Parallel Aware": false,
                        "Startup Cost": 103896.36,
                        "Total Cost": 103896.37,
                        "Plan Rows": 1,
                        "Plan Width": 8,
                        "Actual Startup Time": 738.917,
                        "Actual Total Time": 738.974,
                        "Actual Rows": 1,
                        "Actual Loops": 4,
                        "Output": [
                            "PARTIAL count(*)"
                        ],
                        "Workers": [
                            {
                                "Worker Number": 0,
                                "Actual Startup Time": 735.363,
                                "Actual Total Time": 735.367,
                                "Actual Rows": 1,
                                "Actual Loops": 1
                            },
                            {
                                "Worker Number": 1,
                                "Actual Startup Time": 736.166,
                                "Actual Total Time": 736.169,
                                "Actual Rows": 1,
                                "Actual Loops": 1
                            },
                            {
                                "Worker Number": 2,
                                "Actual Startup Time": 736.609,
                                "Actual Total Time": 736.612,
                                "Actual Rows": 1,
                                "Actual Loops": 1
                            }
                        ],
                        "Plans": [
                            {
                                "Node Type": "Nested Loop",
                                "Parent Relationship": "Outer",
                                "Parallel Aware": false,
                                "Join Type": "Inner",
                                "Startup Cost": 45662.9,
                                "Total Cost": 103817.34,
                                "Plan Rows": 31608,
                                "Plan Width": 0,
                                "Actual Startup Time": 129.876,
                                "Actual Total Time": 718.351,
                                "Actual Rows": 347964,
                                "Actual Loops": 4,
                                "Inner Unique": false,
                                "Join Filter": "(t.id = ci.movie_id)",
                                "Rows Removed by Join Filter": 0,
                                "Workers": [
                                    {
                                        "Worker Number": 0,
                                        "Actual Startup Time": 126.336,
                                        "Actual Total Time": 714.552,
                                        "Actual Rows": 249894,
                                        "Actual Loops": 1
                                    },
                                    {
                                        "Worker Number": 1,
                                        "Actual Startup Time": 127.52,
                                        "Actual Total Time": 714.446,
                                        "Actual Rows": 262497,
                                        "Actual Loops": 1
                                    },
                                    {
                                        "Worker Number": 2,
                                        "Actual Startup Time": 127.304,
                                        "Actual Total Time": 718.091,
                                        "Actual Rows": 365876,
                                        "Actual Loops": 1
                                    }
                                ],
                                "Plans": [
                                    {
                                        "Node Type": "Hash Join",
                                        "Parent Relationship": "Outer",
                                        "Parallel Aware": true,
                                        "Join Type": "Inner",
                                        "Startup Cost": 45662.33,
                                        "Total Cost": 88607.66,
                                        "Plan Rows": 2205,
                                        "Plan Width": 8,
                                        "Actual Startup Time": 129.776,
                                        "Actual Total Time": 255.976,
                                        "Actual Rows": 12028,
                                        "Actual Loops": 4,
                                        "Output": [
                                            "t.id",
                                            "mk.movie_id"
                                        ],
                                        "Inner Unique": true,
                                        "Hash Cond": "(mk.movie_id = t.id)",
                                        "Workers": [
                                            {
                                                "Worker Number": 0,
                                                "Actual Startup Time": 126.222,
                                                "Actual Total Time": 236.183,
                                                "Actual Rows": 8393,
                                                "Actual Loops": 1
                                            },
                                            {
                                                "Worker Number": 1,
                                                "Actual Startup Time": 127.4,
                                                "Actual Total Time": 248.687,
                                                "Actual Rows": 8651,
                                                "Actual Loops": 1
                                            },
                                            {
                                                "Worker Number": 2,
                                                "Actual Startup Time": 127.174,
                                                "Actual Total Time": 250.661,
                                                "Actual Rows": 12591,
                                                "Actual Loops": 1
                                            }
                                        ],
                                        "Plans": [
                                            {
                                                "Node Type": "Seq Scan",
                                                "Parent Relationship": "Outer",
                                                "Parallel Aware": true,
                                                "Relation Name": "movie_keyword",
                                                "Schema": "public",
                                                "Alias": "mk",
                                                "Startup Cost": 0.0,
                                                "Total Cost": 42695.65,
                                                "Plan Rows": 95114,
                                                "Plan Width": 4,
                                                "Actual Startup Time": 0.014,
                                                "Actual Total Time": 104.886,
                                                "Actual Rows": 73576,
                                                "Actual Loops": 4,
                                                "Output": [
                                                    "mk.id",
                                                    "mk.movie_id",
                                                    "mk.keyword_id"
                                                ],
                                                "Filter": "(mk.keyword_id < 240)",
                                                "Rows Removed by Filter": 1057406,
                                                "Workers": [
                                                    {
                                                        "Worker Number": 0,
                                                        "Actual Startup Time": 0.012,
                                                        "Actual Total Time": 92.959,
                                                        "Actual Rows": 46855,
                                                        "Actual Loops": 1
                                                    },
                                                    {
                                                        "Worker Number": 1,
                                                        "Actual Startup Time": 0.019,
                                                        "Actual Total Time": 102.718,
                                                        "Actual Rows": 53019,
                                                        "Actual Loops": 1
                                                    },
                                                    {
                                                        "Worker Number": 2,
                                                        "Actual Startup Time": 0.015,
                                                        "Actual Total Time": 102.426,
                                                        "Actual Rows": 74947,
                                                        "Actual Loops": 1
                                                    }
                                                ]
                                            },
                                            {
                                                "Node Type": "Hash",
                                                "Parent Relationship": "Inner",
                                                "Parallel Aware": true,
                                                "Startup Cost": 45479.21,
                                                "Total Cost": 45479.21,
                                                "Plan Rows": 14650,
                                                "Plan Width": 4,
                                                "Actual Startup Time": 128.879,
                                                "Actual Total Time": 128.88,
                                                "Actual Rows": 43984,
                                                "Actual Loops": 4,
                                                "Output": [
                                                    "t.id"
                                                ],
                                                "Hash Buckets": 262144,
                                                "Original Hash Buckets": 65536,
                                                "Hash Batches": 1,
                                                "Original Hash Batches": 1,
                                                "Peak Memory Usage": 10528,
                                                "Workers": [
                                                    {
                                                        "Worker Number": 0,
                                                        "Actual Startup Time": 125.688,
                                                        "Actual Total Time": 125.689,
                                                        "Actual Rows": 33820,
                                                        "Actual Loops": 1
                                                    },
                                                    {
                                                        "Worker Number": 1,
                                                        "Actual Startup Time": 126.482,
                                                        "Actual Total Time": 126.483,
                                                        "Actual Rows": 35950,
                                                        "Actual Loops": 1
                                                    },
                                                    {
                                                        "Worker Number": 2,
                                                        "Actual Startup Time": 126.699,
                                                        "Actual Total Time": 126.7,
                                                        "Actual Rows": 48871,
                                                        "Actual Loops": 1
                                                    }
                                                ],
                                                "Plans": [
                                                    {
                                                        "Node Type": "Seq Scan",
                                                        "Parent Relationship": "Outer",
                                                        "Parallel Aware": true,
                                                        "Relation Name": "title",
                                                        "Schema": "public",
                                                        "Alias": "t",
                                                        "Startup Cost": 0.0,
                                                        "Total Cost": 45479.21,
                                                        "Plan Rows": 14650,
                                                        "Plan Width": 4,
                                                        "Actual Startup Time": 0.342,
                                                        "Actual Total Time": 110.25,
                                                        "Actual Rows": 43984,
                                                        "Actual Loops": 4,
                                                        "Output": [
                                                            "t.id"
                                                        ],
                                                        "Filter": "((t.kind_id < 3) AND (t.production_year < 1955))",
                                                        "Rows Removed by Filter": 588094,
                                                        "Workers": [
                                                            {
                                                                "Worker Number": 0,
                                                                "Actual Startup Time": 0.128,
                                                                "Actual Total Time": 105.756,
                                                                "Actual Rows": 33820,
                                                                "Actual Loops": 1
                                                            },
                                                            {
                                                                "Worker Number": 1,
                                                                "Actual Startup Time": 0.545,
                                                                "Actual Total Time": 109.427,
                                                                "Actual Rows": 35950,
                                                                "Actual Loops": 1
                                                            },
                                                            {
                                                                "Worker Number": 2,
                                                                "Actual Startup Time": 0.258,
                                                                "Actual Total Time": 108.788,
                                                                "Actual Rows": 48871,
                                                                "Actual Loops": 1
                                                            }
                                                        ]
                                                    }
                                                ]
                                            }
                                        ]
                                    },
                                    {
                                        "Node Type": "Index Only Scan",
                                        "Parent Relationship": "Inner",
                                        "Parallel Aware": false,
                                        "Scan Direction": "Forward",
                                        "Index Name": "movie_id_cast_info",
                                        "Relation Name": "cast_info",
                                        "Schema": "public",
                                        "Alias": "ci",
                                        "Startup Cost": 0.56,
                                        "Total Cost": 6.42,
                                        "Plan Rows": 38,
                                        "Plan Width": 4,
                                        "Actual Startup Time": 0.006,
                                        "Actual Total Time": 0.035,
                                        "Actual Rows": 29,
                                        "Actual Loops": 48113,
                                        "Output": [
                                            "ci.movie_id"
                                        ],
                                        "Index Cond": "(ci.movie_id = mk.movie_id)",
                                        "Rows Removed by Index Recheck": 0,
                                        "Heap Fetches": 1391857,
                                        "Workers": [
                                            {
                                                "Worker Number": 0,
                                                "Actual Startup Time": 0.008,
                                                "Actual Total Time": 0.052,
                                                "Actual Rows": 30,
                                                "Actual Loops": 8393
                                            },
                                            {
                                                "Worker Number": 1,
                                                "Actual Startup Time": 0.008,
                                                "Actual Total Time": 0.049,
                                                "Actual Rows": 30,
                                                "Actual Loops": 8651
                                            },
                                            {
                                                "Worker Number": 2,
                                                "Actual Startup Time": 0.006,
                                                "Actual Total Time": 0.034,
                                                "Actual Rows": 29,
                                                "Actual Loops": 12591
                                            }
                                        ]
                                    }
                                ]
                            }
                        ]
                    }
                ]
            }
        ]
    },
    "Planning Time": 1.524,
    "Triggers": [],
    "Execution Time": 812.399
}