[
  {
    "Plan": {
      "Node Type": "Aggregate",
      "Strategy": "Plain",
      "Partial Mode": "Finalize",
      "Parallel Aware": false,
      "Startup Cost": 44356.01,
      "Total Cost": 44356.02,
      "Plan Rows": 1,
      "Plan Width": 8,
      "Actual Startup Time": 127.764,
      "Actual Total Time": 137.039,
      "Actual Rows": 1,
      "Actual Loops": 1,
      "Plans": [
        {
          "Node Type": "Gather",
          "Parent Relationship": "Outer",
          "Parallel Aware": false,
          "Startup Cost": 44355.69,
          "Total Cost": 44356.0,
          "Plan Rows": 3,
          "Plan Width": 8,
          "Actual Startup Time": 127.62,
          "Actual Total Time": 137.029,
          "Actual Rows": 4,
          "Actual Loops": 1,
          "Workers Planned": 3,
          "Workers Launched": 3,
          "Single Copy": false,
          "Plans": [
            {
              "Node Type": "Aggregate",
              "Strategy": "Plain",
              "Partial Mode": "Partial",
              "Parent Relationship": "Outer",
              "Parallel Aware": false,
              "Startup Cost": 43355.69,
              "Total Cost": 43355.7,
              "Plan Rows": 1,
              "Plan Width": 8,
              "Actual Startup Time": 120.895,
              "Actual Total Time": 120.896,
              "Actual Rows": 1,
              "Actual Loops": 4,
              "Plans": [
                {
                  "Node Type": "Seq Scan",
                  "Parent Relationship": "Outer",
                  "Parallel Aware": true,
                  "Relation Name": "movie_keyword",
                  "Alias": "mk",
                  "Startup Cost": 0.0,
                  "Total Cost": 42695.65,
                  "Plan Rows": 264015,
                  "Plan Width": 0,
                  "Actual Startup Time": 5.246,
                  "Actual Total Time": 109.638,
                  "Actual Rows": 202000,
                  "Actual Loops": 4,
                  "Filter": "(keyword_id > 22904)",
                  "Rows Removed by Filter": 928983
                }
              ]
            }
          ]
        }
      ]
    },
    "Planning Time": 0.181,
    "Triggers": [],
    "Execution Time": 137.092
  }
]