[
  {
    "Plan": {
      "Node Type": "Aggregate",
      "Strategy": "Plain",
      "Partial Mode": "Finalize",
      "Parallel Aware": false,
      "Startup Cost": 60503.67,
      "Total Cost": 60503.68,
      "Plan Rows": 1,
      "Plan Width": 8,
      "Actual Startup Time": 101.89,
      "Actual Total Time": 116.913,
      "Actual Rows": 1,
      "Actual Loops": 1,
      "Plans": [
        {
          "Node Type": "Gather",
          "Parent Relationship": "Outer",
          "Parallel Aware": false,
          "Startup Cost": 60503.25,
          "Total Cost": 60503.66,
          "Plan Rows": 4,
          "Plan Width": 8,
          "Actual Startup Time": 101.553,
          "Actual Total Time": 116.903,
          "Actual Rows": 5,
          "Actual Loops": 1,
          "Workers Planned": 4,
          "Workers Launched": 4,
          "Single Copy": false,
          "Plans": [
            {
              "Node Type": "Aggregate",
              "Strategy": "Plain",
              "Partial Mode": "Partial",
              "Parent Relationship": "Outer",
              "Parallel Aware": false,
              "Startup Cost": 59503.25,
              "Total Cost": 59503.26,
              "Plan Rows": 1,
              "Plan Width": 8,
              "Actual Startup Time": 96.86,
              "Actual Total Time": 96.862,
              "Actual Rows": 1,
              "Actual Loops": 5,
              "Plans": [
                {
                  "Node Type": "Nested Loop",
                  "Parent Relationship": "Outer",
                  "Parallel Aware": false,
                  "Join Type": "Inner",
                  "Startup Cost": 0.86,
                  "Total Cost": 59501.89,
                  "Plan Rows": 546,
                  "Plan Width": 0,
                  "Actual Startup Time": 0.948,
                  "Actual Total Time": 96.708,
                  "Actual Rows": 1674,
                  "Actual Loops": 5,
                  "Inner Unique": false,
                  "Join Filter": "(t.id = mc.movie_id)",
                  "Rows Removed by Join Filter": 0,
                  "Plans": [
                    {
                      "Node Type": "Nested Loop",
                      "Parent Relationship": "Outer",
                      "Parallel Aware": false,
                      "Join Type": "Inner",
                      "Startup Cost": 0.43,
                      "Total Cost": 59001.74,
                      "Plan Rows": 607,
                      "Plan Width": 8,
                      "Actual Startup Time": 0.469,
                      "Actual Total Time": 88.628,
                      "Actual Rows": 629,
                      "Actual Loops": 5,
                      "Inner Unique": false,
                      "Plans": [
                        {
                          "Node Type": "Seq Scan",
                          "Parent Relationship": "Outer",
                          "Parallel Aware": true,
                          "Relation Name": "title",
                          "Alias": "t",
                          "Startup Cost": 0.0,
                          "Total Cost": 43899.32,
                          "Plan Rows": 3308,
                          "Plan Width": 4,
                          "Actual Startup Time": 0.071,
                          "Actual Total Time": 72.914,
                          "Actual Rows": 2725,
                          "Actual Loops": 5,
                          "Filter": "(production_year = 1972)",
                          "Rows Removed by Filter": 502938
                        },
                        {
                          "Node Type": "Index Scan",
                          "Parent Relationship": "Inner",
                          "Parallel Aware": false,
                          "Scan Direction": "Forward",
                          "Index Name": "movie_id_movie_info_idx",
                          "Relation Name": "movie_info_idx",
                          "Alias": "mi_idx",
                          "Startup Cost": 0.43,
                          "Total Cost": 4.56,
                          "Plan Rows": 1,
                          "Plan Width": 4,
                          "Actual Startup Time": 0.005,
                          "Actual Total Time": 0.005,
                          "Actual Rows": 0,
                          "Actual Loops": 13623,
                          "Index Cond": "(movie_id = t.id)",
                          "Rows Removed by Index Recheck": 0,
                          "Filter": "(info_type_id > 100)",
                          "Rows Removed by Filter": 0
                        }
                      ]
                    },
                    {
                      "Node Type": "Index Scan",
                      "Parent Relationship": "Inner",
                      "Parallel Aware": false,
                      "Scan Direction": "Forward",
                      "Index Name": "movie_id_movie_companies",
                      "Relation Name": "movie_companies",
                      "Alias": "mc",
                      "Startup Cost": 0.43,
                      "Total Cost": 0.77,
                      "Plan Rows": 4,
                      "Plan Width": 4,
                      "Actual Startup Time": 0.01,
                      "Actual Total Time": 0.012,
                      "Actual Rows": 3,
                      "Actual Loops": 3147,
                      "Index Cond": "(movie_id = mi_idx.movie_id)",
                      "Rows Removed by Index Recheck": 0,
                      "Filter": "(company_id > 160)",
                      "Rows Removed by Filter": 0
                    }
                  ]
                }
              ]
            }
          ]
        }
      ]
    },
    "Planning Time": 0.88,
    "Triggers": [],
    "Execution Time": 116.967
  }
]