[
    {
        "Bao": {
            "Bao prediction": "NaN",
            "Bao recommended hint": "(no hint)"
        }
    },
    {
        "Plan": {
            "Node Type": "Aggregate",
            "Strategy": "Plain",
            "Partial Mode": "Finalize",
            "Parallel Aware": false,
            "Startup Cost": 43543.43,
            "Total Cost": 43543.44,
            "Plan Rows": 1,
            "Plan Width": 8,
            "Actual Startup Time": 177.262,
            "Actual Total Time": 181.986,
            "Actual Rows": 1,
            "Actual Loops": 1,
            "Output": [
                "count(*)"
            ],
            "Plans": [
                {
                    "Node Type": "Gather",
                    "Parent Relationship": "Outer",
                    "Parallel Aware": false,
                    "Startup Cost": 43543.11,
                    "Total Cost": 43543.42,
                    "Plan Rows": 3,
                    "Plan Width": 8,
                    "Actual Startup Time": 177.066,
                    "Actual Total Time": 181.974,
                    "Actual Rows": 4,
                    "Actual Loops": 1,
                    "Output": [
                        "(PARTIAL count(*))"
                    ],
                    "Workers Planned": 3,
                    "Workers Launched": 3,
                    "Single Copy": false,
                    "Plans": [
                        {
                            "Node Type": "Aggregate",
                            "Strategy": "Plain",
                            "Partial Mode": "Partial",
                            "Parent Relationship": "Outer",
                            "Parallel Aware": false,
                            "Startup Cost": 42543.11,
                            "Total Cost": 42543.12,
                            "Plan Rows": 1,
                            "Plan Width": 8,
                            "Actual Startup Time": 168.496,
                            "Actual Total Time": 168.498,
                            "Actual Rows": 1,
                            "Actual Loops": 4,
                            "Output": [
                                "PARTIAL count(*)"
                            ],
                            "Workers": [
                                {
                                    "Worker Number": 0,
                                    "Actual Startup Time": 165.644,
                                    "Actual Total Time": 165.646,
                                    "Actual Rows": 1,
                                    "Actual Loops": 1
                                },
                                {
                                    "Worker Number": 1,
                                    "Actual Startup Time": 165.862,
                                    "Actual Total Time": 165.864,
                                    "Actual Rows": 1,
                                    "Actual Loops": 1
                                },
                                {
                                    "Worker Number": 2,
                                    "Actual Startup Time": 165.941,
                                    "Actual Total Time": 165.942,
                                    "Actual Rows": 1,
                                    "Actual Loops": 1
                                }
                            ],
                            "Plans": [
                                {
                                    "Node Type": "Bitmap Heap Scan",
                                    "Parent Relationship": "Outer",
                                    "Parallel Aware": true,
                                    "Relation Name": "movie_keyword",
                                    "Schema": "public",
                                    "Alias": "mk",
                                    "Startup Cost": 14729.47,
                                    "Total Cost": 41983.17,
                                    "Plan Rows": 223976,
                                    "Plan Width": 0,
                                    "Actual Startup Time": 82.275,
                                    "Actual Total Time": 157.302,
                                    "Actual Rows": 169397,
                                    "Actual Loops": 4,
                                    "Recheck Cond": "(mk.keyword_id > 27633)",
                                    "Rows Removed by Index Recheck": 0,
                                    "Exact Heap Blocks": 7776,
                                    "Lossy Heap Blocks": 0,
                                    "Workers": [
                                        {
                                            "Worker Number": 0,
                                            "Actual Startup Time": 79.528,
                                            "Actual Total Time": 155.497,
                                            "Actual Rows": 152039,
                                            "Actual Loops": 1
                                        },
                                        {
                                            "Worker Number": 1,
                                            "Actual Startup Time": 79.785,
                                            "Actual Total Time": 155.765,
                                            "Actual Rows": 148558,
                                            "Actual Loops": 1
                                        },
                                        {
                                            "Worker Number": 2,
                                            "Actual Startup Time": 79.799,
                                            "Actual Total Time": 155.799,
                                            "Actual Rows": 150885,
                                            "Actual Loops": 1
                                        }
                                    ],
                                    "Plans": [
                                        {
                                            "Node Type": "Bitmap Index Scan",
                                            "Parent Relationship": "Outer",
                                            "Parallel Aware": false,
                                            "Index Name": "keyword_id_movie_keyword",
                                            "Startup Cost": 0.0,
                                            "Total Cost": 14555.89,
                                            "Plan Rows": 694327,
                                            "Plan Width": 0,
                                            "Actual Startup Time": 84.463,
                                            "Actual Total Time": 84.464,
                                            "Actual Rows": 677589,
                                            "Actual Loops": 1,
                                            "Index Cond": "(mk.keyword_id > 27633)"
                                        }
                                    ]
                                }
                            ]
                        }
                    ]
                }
            ]
        },
        "Planning Time": 288.049,
        "Triggers": [],
        "Execution Time": 182.096
    }
]