[
  {
    "Plan": {
      "Node Type": "Aggregate",
      "Strategy": "Plain",
      "Partial Mode": "Finalize",
      "Parallel Aware": false,
      "Startup Cost": 348633.06,
      "Total Cost": 348633.07,
      "Plan Rows": 1,
      "Plan Width": 8,
      "Actual Startup Time": 807.186,
      "Actual Total Time": 852.974,
      "Actual Rows": 1,
      "Actual Loops": 1,
      "Plans": [
        {
          "Node Type": "Gather",
          "Parent Relationship": "Outer",
          "Parallel Aware": false,
          "Startup Cost": 348632.44,
          "Total Cost": 348633.05,
          "Plan Rows": 6,
          "Plan Width": 8,
          "Actual Startup Time": 807.047,
          "Actual Total Time": 852.957,
          "Actual Rows": 7,
          "Actual Loops": 1,
          "Workers Planned": 6,
          "Workers Launched": 6,
          "Single Copy": false,
          "Plans": [
            {
              "Node Type": "Aggregate",
              "Strategy": "Plain",
              "Partial Mode": "Partial",
              "Parent Relationship": "Outer",
              "Parallel Aware": false,
              "Startup Cost": 347632.44,
              "Total Cost": 347632.45,
              "Plan Rows": 1,
              "Plan Width": 8,
              "Actual Startup Time": 800.376,
              "Actual Total Time": 800.378,
              "Actual Rows": 1,
              "Actual Loops": 7,
              "Plans": [
                {
                  "Node Type": "Seq Scan",
                  "Parent Relationship": "Outer",
                  "Parallel Aware": true,
                  "Relation Name": "cast_info",
                  "Alias": "ci",
                  "Startup Cost": 0.0,
                  "Total Cost": 343316.27,
                  "Plan Rows": 1726467,
                  "Plan Width": 0,
                  "Actual Startup Time": 267.3,
                  "Actual Total Time": 689.753,
                  "Actual Rows": 2234715,
                  "Actual Loops": 7,
                  "Filter": "((person_id > 2073445) AND (role_id > 1))",
                  "Rows Removed by Filter": 2943048
                }
              ]
            }
          ]
        }
      ]
    },
    "Planning Time": 0.083,
    "Triggers": [],
    "Execution Time": 853.015
  }
]