[
  {
    "Plan": {
      "Node Type": "Aggregate",
      "Strategy": "Plain",
      "Partial Mode": "Finalize",
      "Parallel Aware": false,
      "Startup Cost": 32632.8,
      "Total Cost": 32632.81,
      "Plan Rows": 1,
      "Plan Width": 8,
      "Actual Startup Time": 97.124,
      "Actual Total Time": 107.007,
      "Actual Rows": 1,
      "Actual Loops": 1,
      "Plans": [
        {
          "Node Type": "Gather",
          "Parent Relationship": "Outer",
          "Parallel Aware": false,
          "Startup Cost": 32632.48,
          "Total Cost": 32632.79,
          "Plan Rows": 3,
          "Plan Width": 8,
          "Actual Startup Time": 97.007,
          "Actual Total Time": 106.999,
          "Actual Rows": 4,
          "Actual Loops": 1,
          "Workers Planned": 3,
          "Workers Launched": 3,
          "Single Copy": false,
          "Plans": [
            {
              "Node Type": "Aggregate",
              "Strategy": "Plain",
              "Partial Mode": "Partial",
              "Parent Relationship": "Outer",
              "Parallel Aware": false,
              "Startup Cost": 31632.48,
              "Total Cost": 31632.49,
              "Plan Rows": 1,
              "Plan Width": 8,
              "Actual Startup Time": 90.085,
              "Actual Total Time": 90.086,
              "Actual Rows": 1,
              "Actual Loops": 4,
              "Plans": [
                {
                  "Node Type": "Seq Scan",
                  "Parent Relationship": "Outer",
                  "Parallel Aware": true,
                  "Relation Name": "movie_companies",
                  "Alias": "mc",
                  "Startup Cost": 0.0,
                  "Total Cost": 31414.82,
                  "Plan Rows": 87066,
                  "Plan Width": 0,
                  "Actual Startup Time": 47.45,
                  "Actual Total Time": 83.439,
                  "Actual Rows": 134946,
                  "Actual Loops": 4,
                  "Filter": "((company_id > 72190) AND (company_type_id > 1))",
                  "Rows Removed by Filter": 517336
                }
              ]
            }
          ]
        }
      ]
    },
    "Planning Time": 0.213,
    "Triggers": [],
    "Execution Time": 107.063
  }
]