[
  {
    "Plan": {
      "Node Type": "Aggregate",
      "Strategy": "Plain",
      "Partial Mode": "Finalize",
      "Parallel Aware": false,
      "Startup Cost": 46404.31,
      "Total Cost": 46404.32,
      "Plan Rows": 1,
      "Plan Width": 8,
      "Actual Startup Time": 171.866,
      "Actual Total Time": 181.11,
      "Actual Rows": 1,
      "Actual Loops": 1,
      "Plans": [
        {
          "Node Type": "Gather",
          "Parent Relationship": "Outer",
          "Parallel Aware": false,
          "Startup Cost": 46403.99,
          "Total Cost": 46404.3,
          "Plan Rows": 3,
          "Plan Width": 8,
          "Actual Startup Time": 171.631,
          "Actual Total Time": 181.1,
          "Actual Rows": 4,
          "Actual Loops": 1,
          "Workers Planned": 3,
          "Workers Launched": 3,
          "Single Copy": false,
          "Plans": [
            {
              "Node Type": "Aggregate",
              "Strategy": "Plain",
              "Partial Mode": "Partial",
              "Parent Relationship": "Outer",
              "Parallel Aware": false,
              "Startup Cost": 45403.99,
              "Total Cost": 45404.0,
              "Plan Rows": 1,
              "Plan Width": 8,
              "Actual Startup Time": 164.273,
              "Actual Total Time": 164.274,
              "Actual Rows": 1,
              "Actual Loops": 4,
              "Plans": [
                {
                  "Node Type": "Seq Scan",
                  "Parent Relationship": "Outer",
                  "Parallel Aware": true,
                  "Relation Name": "movie_keyword",
                  "Alias": "mk",
                  "Startup Cost": 0.0,
                  "Total Cost": 42695.65,
                  "Plan Rows": 1083334,
                  "Plan Width": 0,
                  "Actual Startup Time": 0.204,
                  "Actual Total Time": 125.709,
                  "Actual Rows": 836612,
                  "Actual Loops": 4,
                  "Filter": "(keyword_id > 1389)",
                  "Rows Removed by Filter": 294371
                }
              ]
            }
          ]
        }
      ]
    },
    "Planning Time": 0.179,
    "Triggers": [],
    "Execution Time": 181.164
  }
]