{
  "Plan": {
    "Node Type": "Aggregate",
    "Strategy": "Plain",
    "Partial Mode": "Simple",
    "Parallel Aware": false,
    "Startup Cost": 810182.22,
    "Total Cost": 810182.23,
    "Plan Rows": 1,
    "Plan Width": 96,
    "Actual Startup Time": 3811.896,
    "Actual Total Time": 3881.836,
    "Actual Rows": 1,
    "Actual Loops": 1,
    "Plans": [
      {
        "Node Type": "Gather",
        "Parent Relationship": "Outer",
        "Parallel Aware": false,
        "Startup Cost": 810182.08,
        "Total Cost": 810182.21,
        "Plan Rows": 1,
        "Plan Width": 42,
        "Actual Startup Time": 3521.179,
        "Actual Total Time": 3881.778,
        "Actual Rows": 148,
        "Actual Loops": 1,
        "Workers Planned": 1,
        "Workers Launched": 1,
        "Single Copy": false,
        "Plans": [
          {
            "Node Type": "Merge Join",
            "Parent Relationship": "Outer",
            "Parallel Aware": false,
            "Join Type": "Inner",
            "Startup Cost": 809182.08,
            "Total Cost": 809182.11,
            "Plan Rows": 1,
            "Plan Width": 42,
            "Actual Startup Time": 3654.478,
            "Actual Total Time": 3654.532,
            "Actual Rows": 74,
            "Actual Loops": 2,
            "Inner Unique": true,
            "Merge Cond": "(mc.company_type_id = ct.id)",
            "Plans": [
              {
                "Node Type": "Sort",
                "Parent Relationship": "Outer",
                "Parallel Aware": false,
                "Startup Cost": 809181.0,
                "Total Cost": 809181.0,
                "Plan Rows": 1,
                "Plan Width": 46,
                "Actual Startup Time": 3654.445,
                "Actual Total Time": 3654.488,
                "Actual Rows": 74,
                "Actual Loops": 2,
                "Sort Key": [
                  "mc.company_type_id"
                ],
                "Sort Method": "quicksort",
                "Sort Space Used": 37,
                "Sort Space Type": "Memory",
                "Workers": [
                  {
                    "Worker Number": 0,
                    "Sort Method": "quicksort",
                    "Sort Space Used": 27,
                    "Sort Space Type": "Memory"
                  }
                ],
                "Plans": [
                  {
                    "Node Type": "Merge Join",
                    "Parent Relationship": "Outer",
                    "Parallel Aware": false,
                    "Join Type": "Inner",
                    "Startup Cost": 808554.0,
                    "Total Cost": 809180.99,
                    "Plan Rows": 1,
                    "Plan Width": 46,
                    "Actual Startup Time": 3650.043,
                    "Actual Total Time": 3654.413,
                    "Actual Rows": 74,
                    "Actual Loops": 2,
                    "Inner Unique": true,
                    "Merge Cond": "(mc.company_id = cn.id)",
                    "Plans": [
                      {
                        "Node Type": "Sort",
                        "Parent Relationship": "Outer",
                        "Parallel Aware": false,
                        "Startup Cost": 791995.84,
                        "Total Cost": 791995.85,
                        "Plan Rows": 1,
                        "Plan Width": 31,
                        "Actual Startup Time": 3585.453,
                        "Actual Total Time": 3585.503,
                        "Actual Rows": 75,
                        "Actual Loops": 2,
                        "Sort Key": [
                          "mc.company_id"
                        ],
                        "Sort Method": "quicksort",
                        "Sort Space Used": 34,
                        "Sort Space Type": "Memory",
                        "Workers": [
                          {
                            "Worker Number": 0,
                            "Sort Method": "quicksort",
                            "Sort Space Used": 26,
                            "Sort Space Type": "Memory"
                          }
                        ],
                        "Plans": [
                          {
                            "Node Type": "Merge Join",
                            "Parent Relationship": "Outer",
                            "Parallel Aware": false,
                            "Join Type": "Inner",
                            "Startup Cost": 791317.57,
                            "Total Cost": 791995.83,
                            "Plan Rows": 1,
                            "Plan Width": 31,
                            "Actual Startup Time": 3567.221,
                            "Actual Total Time": 3585.458,
                            "Actual Rows": 75,
                            "Actual Loops": 2,
                            "Inner Unique": false,
                            "Merge Cond": "(mk.movie_id = mc.movie_id)",
                            "Plans": [
                              {
                                "Node Type": "Sort",
                                "Parent Relationship": "Outer",
                                "Parallel Aware": false,
                                "Startup Cost": 721826.11,
                                "Total Cost": 721826.11,
                                "Plan Rows": 1,
                                "Plan Width": 43,
                                "Actual Startup Time": 3195.594,
                                "Actual Total Time": 3195.632,
                                "Actual Rows": 6,
                                "Actual Loops": 2,
                                "Sort Key": [
                                  "mk.movie_id"
                                ],
                                "Sort Method": "quicksort",
                                "Sort Space Used": 25,
                                "Sort Space Type": "Memory",
                                "Workers": [
                                  {
                                    "Worker Number": 0,
                                    "Sort Method": "quicksort",
                                    "Sort Space Used": 25,
                                    "Sort Space Type": "Memory"
                                  }
                                ],
                                "Plans": [
                                  {
                                    "Node Type": "Merge Join",
                                    "Parent Relationship": "Outer",
                                    "Parallel Aware": false,
                                    "Join Type": "Inner",
                                    "Startup Cost": 721826.07,
                                    "Total Cost": 721826.1,
                                    "Plan Rows": 1,
                                    "Plan Width": 43,
                                    "Actual Startup Time": 3195.574,
                                    "Actual Total Time": 3195.611,
                                    "Actual Rows": 6,
                                    "Actual Loops": 2,
                                    "Inner Unique": true,
                                    "Merge Cond": "(t.kind_id = kt.id)",
                                    "Plans": [
                                      {
                                        "Node Type": "Sort",
                                        "Parent Relationship": "Outer",
                                        "Parallel Aware": false,
                                        "Startup Cost": 721824.97,
                                        "Total Cost": 721824.98,
                                        "Plan Rows": 1,
                                        "Plan Width": 47,
                                        "Actual Startup Time": 3195.55,
                                        "Actual Total Time": 3195.583,
                                        "Actual Rows": 9,
                                        "Actual Loops": 2,
                                        "Sort Key": [
                                          "t.kind_id"
                                        ],
                                        "Sort Method": "quicksort",
                                        "Sort Space Used": 26,
                                        "Sort Space Type": "Memory",
                                        "Workers": [
                                          {
                                            "Worker Number": 0,
                                            "Sort Method": "quicksort",
                                            "Sort Space Used": 25,
                                            "Sort Space Type": "Memory"
                                          }
                                        ],
                                        "Plans": [
                                          {
                                            "Node Type": "Merge Join",
                                            "Parent Relationship": "Outer",
                                            "Parallel Aware": false,
                                            "Join Type": "Inner",
                                            "Startup Cost": 721824.94,
                                            "Total Cost": 721824.96,
                                            "Plan Rows": 1,
                                            "Plan Width": 47,
                                            "Actual Startup Time": 3195.53,
                                            "Actual Total Time": 3195.564,
                                            "Actual Rows": 9,
                                            "Actual Loops": 2,
                                            "Inner Unique": true,
                                            "Merge Cond": "(cc.subject_id = cct1.id)",
                                            "Plans": [
                                              {
                                                "Node Type": "Sort",
                                                "Parent Relationship": "Outer",
                                                "Parallel Aware": false,
                                                "Startup Cost": 721823.88,
                                                "Total Cost": 721823.88,
                                                "Plan Rows": 1,
                                                "Plan Width": 51,
                                                "Actual Startup Time": 3195.513,
                                                "Actual Total Time": 3195.544,
                                                "Actual Rows": 35,
                                                "Actual Loops": 2,
                                                "Sort Key": [
                                                  "cc.subject_id"
                                                ],
                                                "Sort Method": "quicksort",
                                                "Sort Space Used": 30,
                                                "Sort Space Type": "Memory",
                                                "Workers": [
                                                  {
                                                    "Worker Number": 0,
                                                    "Sort Method": "quicksort",
                                                    "Sort Space Used": 26,
                                                    "Sort Space Type": "Memory"
                                                  }
                                                ],
                                                "Plans": [
                                                  {
                                                    "Node Type": "Merge Join",
                                                    "Parent Relationship": "Outer",
                                                    "Parallel Aware": false,
                                                    "Join Type": "Inner",
                                                    "Startup Cost": 721823.84,
                                                    "Total Cost": 721823.87,
                                                    "Plan Rows": 1,
                                                    "Plan Width": 51,
                                                    "Actual Startup Time": 3195.481,
                                                    "Actual Total Time": 3195.517,
                                                    "Actual Rows": 35,
                                                    "Actual Loops": 2,
                                                    "Inner Unique": true,
                                                    "Merge Cond": "(mi.info_type_id = it1.id)",
                                                    "Plans": [
                                                      {
                                                        "Node Type": "Sort",
                                                        "Parent Relationship": "Outer",
                                                        "Parallel Aware": false,
                                                        "Startup Cost": 721821.42,
                                                        "Total Cost": 721821.42,
                                                        "Plan Rows": 1,
                                                        "Plan Width": 55,
                                                        "Actual Startup Time": 3195.446,
                                                        "Actual Total Time": 3195.477,
                                                        "Actual Rows": 64,
                                                        "Actual Loops": 2,
                                                        "Sort Key": [
                                                          "mi.info_type_id"
                                                        ],
                                                        "Sort Method": "quicksort",
                                                        "Sort Space Used": 35,
                                                        "Sort Space Type": "Memory",
                                                        "Workers": [
                                                          {
                                                            "Worker Number": 0,
                                                            "Sort Method": "quicksort",
                                                            "Sort Space Used": 29,
                                                            "Sort Space Type": "Memory"
                                                          }
                                                        ],
                                                        "Plans": [
                                                          {
                                                            "Node Type": "Merge Join",
                                                            "Parent Relationship": "Outer",
                                                            "Parallel Aware": false,
                                                            "Join Type": "Inner",
                                                            "Startup Cost": 721408.01,
                                                            "Total Cost": 721821.41,
                                                            "Plan Rows": 1,
                                                            "Plan Width": 55,
                                                            "Actual Startup Time": 3190.454,
                                                            "Actual Total Time": 3195.435,
                                                            "Actual Rows": 64,
                                                            "Actual Loops": 2,
                                                            "Inner Unique": false,
                                                            "Merge Cond": "(mi.movie_id = mk.movie_id)",
                                                            "Plans": [
                                                              {
                                                                "Node Type": "Sort",
                                                                "Parent Relationship": "Outer",
                                                                "Parallel Aware": false,
                                                                "Startup Cost": 299942.96,
                                                                "Total Cost": 300149.78,
                                                                "Plan Rows": 82728,
                                                                "Plan Width": 8,
                                                                "Actual Startup Time": 1143.506,
                                                                "Actual Total Time": 1145.838,
                                                                "Actual Rows": 66638,
                                                                "Actual Loops": 2,
                                                                "Sort Key": [
                                                                  "mi.movie_id"
                                                                ],
                                                                "Sort Method": "quicksort",
                                                                "Sort Space Used": 7110,
                                                                "Sort Space Type": "Memory",
                                                                "Workers": [
                                                                  {
                                                                    "Worker Number": 0,
                                                                    "Sort Method": "quicksort",
                                                                    "Sort Space Used": 3791,
                                                                    "Sort Space Type": "Memory"
                                                                  }
                                                                ],
                                                                "Plans": [
                                                                  {
                                                                    "Node Type": "Seq Scan",
                                                                    "Parent Relationship": "Outer",
                                                                    "Parallel Aware": true,
                                                                    "Relation Name": "movie_info",
                                                                    "Alias": "mi",
                                                                    "Startup Cost": 0.0,
                                                                    "Total Cost": 293185.7,
                                                                    "Plan Rows": 82728,
                                                                    "Plan Width": 8,
                                                                    "Actual Startup Time": 1.522,
                                                                    "Actual Total Time": 1127.376,
                                                                    "Actual Rows": 67120,
                                                                    "Actual Loops": 2,
                                                                    "Filter": "(info = ANY ('{Sweden,Germany,Swedish,German}'::text[]))",
                                                                    "Rows Removed by Filter": 7350740
                                                                  }
                                                                ]
                                                              },
                                                              {
                                                                "Node Type": "Sort",
                                                                "Parent Relationship": "Inner",
                                                                "Parallel Aware": false,
                                                                "Startup Cost": 421465.02,
                                                                "Total Cost": 421465.03,
                                                                "Plan Rows": 1,
                                                                "Plan Width": 47,
                                                                "Actual Startup Time": 2046.308,
                                                                "Actual Total Time": 2046.359,
                                                                "Actual Rows": 704,
                                                                "Actual Loops": 2,
                                                                "Sort Key": [
                                                                  "mk.movie_id"
                                                                ],
                                                                "Sort Method": "quicksort",
                                                                "Sort Space Used": 86,
                                                                "Sort Space Type": "Memory",
                                                                "Workers": [
                                                                  {
                                                                    "Worker Number": 0,
                                                                    "Sort Method": "quicksort",
                                                                    "Sort Space Used": 86,
                                                                    "Sort Space Type": "Memory"
                                                                  }
                                                                ],
                                                                "Plans": [
                                                                  {
                                                                    "Node Type": "Merge Join",
                                                                    "Parent Relationship": "Outer",
                                                                    "Parallel Aware": false,
                                                                    "Join Type": "Inner",
                                                                    "Startup Cost": 421464.98,
                                                                    "Total Cost": 421465.01,
                                                                    "Plan Rows": 1,
                                                                    "Plan Width": 47,
                                                                    "Actual Startup Time": 2046.024,
                                                                    "Actual Total Time": 2046.165,
                                                                    "Actual Rows": 691,
                                                                    "Actual Loops": 2,
                                                                    "Inner Unique": true,
                                                                    "Merge Cond": "(cc.status_id = cct2.id)",
                                                                    "Plans": [
                                                                      {
                                                                        "Node Type": "Sort",
                                                                        "Parent Relationship": "Outer",
                                                                        "Parallel Aware": false,
                                                                        "Startup Cost": 421463.91,
                                                                        "Total Cost": 421463.91,
                                                                        "Plan Rows": 1,
                                                                        "Plan Width": 51,
                                                                        "Actual Startup Time": 2045.983,
                                                                        "Actual Total Time": 2046.026,
                                                                        "Actual Rows": 692,
                                                                        "Actual Loops": 2,
                                                                        "Sort Key": [
                                                                          "cc.status_id"
                                                                        ],
                                                                        "Sort Method": "quicksort",
                                                                        "Sort Space Used": 116,
                                                                        "Sort Space Type": "Memory",
                                                                        "Workers": [
                                                                          {
                                                                            "Worker Number": 0,
                                                                            "Sort Method": "quicksort",
                                                                            "Sort Space Used": 116,
                                                                            "Sort Space Type": "Memory"
                                                                          }
                                                                        ],
                                                                        "Plans": [
                                                                          {
                                                                            "Node Type": "Merge Join",
                                                                            "Parent Relationship": "Outer",
                                                                            "Parallel Aware": false,
                                                                            "Join Type": "Inner",
                                                                            "Startup Cost": 302370.62,
                                                                            "Total Cost": 421463.9,
                                                                            "Plan Rows": 1,
                                                                            "Plan Width": 51,
                                                                            "Actual Startup Time": 979.838,
                                                                            "Actual Total Time": 2045.597,
                                                                            "Actual Rows": 925,
                                                                            "Actual Loops": 2,
                                                                            "Inner Unique": false,
                                                                            "Merge Cond": "(t.id = mk.movie_id)",
                                                                            "Plans": [
                                                                              {
                                                                                "Node Type": "Index Scan",
                                                                                "Parent Relationship": "Outer",
                                                                                "Parallel Aware": false,
                                                                                "Scan Direction": "Forward",
                                                                                "Index Name": "title_pkey",
                                                                                "Relation Name": "title",
                                                                                "Alias": "t",
                                                                                "Startup Cost": 0.43,
                                                                                "Total Cost": 116680.33,
                                                                                "Plan Rows": 1022218,
                                                                                "Plan Width": 25,
                                                                                "Actual Startup Time": 0.054,
                                                                                "Actual Total Time": 1083.877,
                                                                                "Actual Rows": 1012517,
                                                                                "Actual Loops": 2,
                                                                                "Filter": "(production_year > 2005)",
                                                                                "Rows Removed by Filter": 1512901
                                                                              },
                                                                              {
                                                                                "Node Type": "Sort",
                                                                                "Parent Relationship": "Inner",
                                                                                "Parallel Aware": false,
                                                                                "Startup Cost": 302356.66,
                                                                                "Total Cost": 302356.66,
                                                                                "Plan Rows": 1,
                                                                                "Plan Width": 26,
                                                                                "Actual Startup Time": 910.875,
                                                                                "Actual Total Time": 911.959,
                                                                                "Actual Rows": 8532,
                                                                                "Actual Loops": 2,
                                                                                "Sort Key": [
                                                                                  "mk.movie_id"
                                                                                ],
                                                                                "Sort Method": "quicksort",
                                                                                "Sort Space Used": 1051,
                                                                                "Sort Space Type": "Memory",
                                                                                "Workers": [
                                                                                  {
                                                                                    "Worker Number": 0,
                                                                                    "Sort Method": "quicksort",
                                                                                    "Sort Space Used": 1051,
                                                                                    "Sort Space Type": "Memory"
                                                                                  }
                                                                                ],
                                                                                "Plans": [
                                                                                  {
                                                                                    "Node Type": "Merge Join",
                                                                                    "Parent Relationship": "Outer",
                                                                                    "Parallel Aware": false,
                                                                                    "Join Type": "Inner",
                                                                                    "Startup Cost": 302356.0,
                                                                                    "Total Cost": 302356.65,
                                                                                    "Plan Rows": 1,
                                                                                    "Plan Width": 26,
                                                                                    "Actual Startup Time": 907.9,
                                                                                    "Actual Total Time": 909.286,
                                                                                    "Actual Rows": 8532,
                                                                                    "Actual Loops": 2,
                                                                                    "Inner Unique": true,
                                                                                    "Merge Cond": "(mi_idx.info_type_id = it2.id)",
                                                                                    "Plans": [
                                                                                      {
                                                                                        "Node Type": "Sort",
                                                                                        "Parent Relationship": "Outer",
                                                                                        "Parallel Aware": false,
                                                                                        "Startup Cost": 302353.57,
                                                                                        "Total Cost": 302353.89,
                                                                                        "Plan Rows": 127,
                                                                                        "Plan Width": 30,
                                                                                        "Actual Startup Time": 907.358,
                                                                                        "Actual Total Time": 907.873,
                                                                                        "Actual Rows": 12688,
                                                                                        "Actual Loops": 2,
                                                                                        "Sort Key": [
                                                                                          "mi_idx.info_type_id"
                                                                                        ],
                                                                                        "Sort Method": "quicksort",
                                                                                        "Sort Space Used": 1383,
                                                                                        "Sort Space Type": "Memory",
                                                                                        "Workers": [
                                                                                          {
                                                                                            "Worker Number": 0,
                                                                                            "Sort Method": "quicksort",
                                                                                            "Sort Space Used": 1383,
                                                                                            "Sort Space Type": "Memory"
                                                                                          }
                                                                                        ],
                                                                                        "Plans": [
                                                                                          {
                                                                                            "Node Type": "Merge Join",
                                                                                            "Parent Relationship": "Outer",
                                                                                            "Parallel Aware": false,
                                                                                            "Join Type": "Inner",
                                                                                            "Startup Cost": 293938.25,
                                                                                            "Total Cost": 302349.13,
                                                                                            "Plan Rows": 127,
                                                                                            "Plan Width": 30,
                                                                                            "Actual Startup Time": 829.159,
                                                                                            "Actual Total Time": 904.627,
                                                                                            "Actual Rows": 12781,
                                                                                            "Actual Loops": 2,
                                                                                            "Inner Unique": false,
                                                                                            "Merge Cond": "(mk.movie_id = mi_idx.movie_id)",
                                                                                            "Plans": [
                                                                                              {
                                                                                                "Node Type": "Merge Join",
                                                                                                "Parent Relationship": "Outer",
                                                                                                "Parallel Aware": false,
                                                                                                "Join Type": "Inner",
                                                                                                "Startup Cost": 240828.68,
                                                                                                "Total Cost": 247705.76,
                                                                                                "Plan Rows": 187,
                                                                                                "Plan Width": 16,
                                                                                                "Actual Startup Time": 642.971,
                                                                                                "Actual Total Time": 688.702,
                                                                                                "Actual Rows": 20024,
                                                                                                "Actual Loops": 2,
                                                                                                "Inner Unique": false,
                                                                                                "Merge Cond": "(cc.movie_id = mk.movie_id)",
                                                                                                "Plans": [
                                                                                                  {
                                                                                                    "Node Type": "Index Scan",
                                                                                                    "Parent Relationship": "Outer",
                                                                                                    "Parallel Aware": false,
                                                                                                    "Scan Direction": "Forward",
                                                                                                    "Index Name": "movie_id_complete_cast",
                                                                                                    "Relation Name": "complete_cast",
                                                                                                    "Alias": "cc",
                                                                                                    "Startup Cost": 0.42,
                                                                                                    "Total Cost": 6650.11,
                                                                                                    "Plan Rows": 135086,
                                                                                                    "Plan Width": 12,
                                                                                                    "Actual Startup Time": 0.033,
                                                                                                    "Actual Total Time": 31.46,
                                                                                                    "Actual Rows": 132440,
                                                                                                    "Actual Loops": 2
                                                                                                  },
                                                                                                  {
                                                                                                    "Node Type": "Sort",
                                                                                                    "Parent Relationship": "Inner",
                                                                                                    "Parallel Aware": false,
                                                                                                    "Startup Cost": 240828.26,
                                                                                                    "Total Cost": 240828.59,
                                                                                                    "Plan Rows": 135,
                                                                                                    "Plan Width": 4,
                                                                                                    "Actual Startup Time": 642.74,
                                                                                                    "Actual Total Time": 644.587,
                                                                                                    "Actual Rows": 43167,
                                                                                                    "Actual Loops": 2,
                                                                                                    "Sort Key": [
                                                                                                      "mk.movie_id"
                                                                                                    ],
                                                                                                    "Sort Method": "quicksort",
                                                                                                    "Sort Space Used": 3275,
                                                                                                    "Sort Space Type": "Memory",
                                                                                                    "Workers": [
                                                                                                      {
                                                                                                        "Worker Number": 0,
                                                                                                        "Sort Method": "quicksort",
                                                                                                        "Sort Space Used": 3275,
                                                                                                        "Sort Space Type": "Memory"
                                                                                                      }
                                                                                                    ],
                                                                                                    "Plans": [
                                                                                                      {
                                                                                                        "Node Type": "Merge Join",
                                                                                                        "Parent Relationship": "Outer",
                                                                                                        "Parallel Aware": false,
                                                                                                        "Join Type": "Inner",
                                                                                                        "Startup Cost": 3803.8,
                                                                                                        "Total Cost": 240823.48,
                                                                                                        "Plan Rows": 135,
                                                                                                        "Plan Width": 4,
                                                                                                        "Actual Startup Time": 151.641,
                                                                                                        "Actual Total Time": 635.368,
                                                                                                        "Actual Rows": 37091,
                                                                                                        "Actual Loops": 2,
                                                                                                        "Inner Unique": true,
                                                                                                        "Merge Cond": "(mk.keyword_id = k.id)",
                                                                                                        "Plans": [
                                                                                                          {
                                                                                                            "Node Type": "Index Scan",
                                                                                                            "Parent Relationship": "Outer",
                                                                                                            "Parallel Aware": false,
                                                                                                            "Scan Direction": "Forward",
                                                                                                            "Index Name": "keyword_id_movie_keyword",
                                                                                                            "Relation Name": "movie_keyword",
                                                                                                            "Alias": "mk",
                                                                                                            "Startup Cost": 0.43,
                                                                                                            "Total Cost": 226550.7,
                                                                                                            "Plan Rows": 4523930,
                                                                                                            "Plan Width": 8,
                                                                                                            "Actual Startup Time": 0.025,
                                                                                                            "Actual Total Time": 543.974,
                                                                                                            "Actual Rows": 943582,
                                                                                                            "Actual Loops": 2
                                                                                                          },
                                                                                                          {
                                                                                                            "Node Type": "Sort",
                                                                                                            "Parent Relationship": "Inner",
                                                                                                            "Parallel Aware": false,
                                                                                                            "Startup Cost": 2961.59,
                                                                                                            "Total Cost": 2961.6,
                                                                                                            "Plan Rows": 4,
                                                                                                            "Plan Width": 4,
                                                                                                            "Actual Startup Time": 18.855,
                                                                                                            "Actual Total Time": 18.86,
                                                                                                            "Actual Rows": 3,
                                                                                                            "Actual Loops": 2,
                                                                                                            "Sort Key": [
                                                                                                              "k.id"
                                                                                                            ],
                                                                                                            "Sort Method": "quicksort",
                                                                                                            "Sort Space Used": 25,
                                                                                                            "Sort Space Type": "Memory",
                                                                                                            "Workers": [
                                                                                                              {
                                                                                                                "Worker Number": 0,
                                                                                                                "Sort Method": "quicksort",
                                                                                                                "Sort Space Used": 25,
                                                                                                                "Sort Space Type": "Memory"
                                                                                                              }
                                                                                                            ],
                                                                                                            "Plans": [
                                                                                                              {
                                                                                                                "Node Type": "Seq Scan",
                                                                                                                "Parent Relationship": "Outer",
                                                                                                                "Parallel Aware": false,
                                                                                                                "Relation Name": "keyword",
                                                                                                                "Alias": "k",
                                                                                                                "Startup Cost": 0.0,
                                                                                                                "Total Cost": 2961.55,
                                                                                                                "Plan Rows": 4,
                                                                                                                "Plan Width": 4,
                                                                                                                "Actual Startup Time": 0.907,
                                                                                                                "Actual Total Time": 18.845,
                                                                                                                "Actual Rows": 3,
                                                                                                                "Actual Loops": 2,
                                                                                                                "Filter": "(keyword = ANY ('{murder,murder-in-title,blood,violence}'::text[]))",
                                                                                                                "Rows Removed by Filter": 134167
                                                                                                              }
                                                                                                            ]
                                                                                                          }
                                                                                                        ]
                                                                                                      }
                                                                                                    ]
                                                                                                  }
                                                                                                ]
                                                                                              },
                                                                                              {
                                                                                                "Node Type": "Sort",
                                                                                                "Parent Relationship": "Inner",
                                                                                                "Parallel Aware": false,
                                                                                                "Startup Cost": 53109.47,
                                                                                                "Total Cost": 53875.55,
                                                                                                "Plan Rows": 306433,
                                                                                                "Plan Width": 14,
                                                                                                "Actual Startup Time": 186.074,
                                                                                                "Actual Total Time": 197.17,
                                                                                                "Actual Rows": 315121,
                                                                                                "Actual Loops": 2,
                                                                                                "Sort Key": [
                                                                                                  "mi_idx.movie_id"
                                                                                                ],
                                                                                                "Sort Method": "quicksort",
                                                                                                "Sort Space Used": 26846,
                                                                                                "Sort Space Type": "Memory",
                                                                                                "Workers": [
                                                                                                  {
                                                                                                    "Worker Number": 0,
                                                                                                    "Sort Method": "quicksort",
                                                                                                    "Sort Space Used": 26846,
                                                                                                    "Sort Space Type": "Memory"
                                                                                                  }
                                                                                                ],
                                                                                                "Plans": [
                                                                                                  {
                                                                                                    "Node Type": "Seq Scan",
                                                                                                    "Parent Relationship": "Outer",
                                                                                                    "Parallel Aware": false,
                                                                                                    "Relation Name": "movie_info_idx",
                                                                                                    "Alias": "mi_idx",
                                                                                                    "Startup Cost": 0.0,
                                                                                                    "Total Cost": 25185.44,
                                                                                                    "Plan Rows": 306433,
                                                                                                    "Plan Width": 14,
                                                                                                    "Actual Startup Time": 0.034,
                                                                                                    "Actual Total Time": 123.207,
                                                                                                    "Actual Rows": 308267,
                                                                                                    "Actual Loops": 2,
                                                                                                    "Filter": "(info > '6.5'::text)",
                                                                                                    "Rows Removed by Filter": 1071768
                                                                                                  }
                                                                                                ]
                                                                                              }
                                                                                            ]
                                                                                          }
                                                                                        ]
                                                                                      },
                                                                                      {
                                                                                        "Node Type": "Sort",
                                                                                        "Parent Relationship": "Inner",
                                                                                        "Parallel Aware": false,
                                                                                        "Startup Cost": 2.42,
                                                                                        "Total Cost": 2.43,
                                                                                        "Plan Rows": 1,
                                                                                        "Plan Width": 4,
                                                                                        "Actual Startup Time": 0.044,
                                                                                        "Actual Total Time": 0.045,
                                                                                        "Actual Rows": 1,
                                                                                        "Actual Loops": 2,
                                                                                        "Sort Key": [
                                                                                          "it2.id"
                                                                                        ],
                                                                                        "Sort Method": "quicksort",
                                                                                        "Sort Space Used": 25,
                                                                                        "Sort Space Type": "Memory",
                                                                                        "Workers": [
                                                                                          {
                                                                                            "Worker Number": 0,
                                                                                            "Sort Method": "quicksort",
                                                                                            "Sort Space Used": 25,
                                                                                            "Sort Space Type": "Memory"
                                                                                          }
                                                                                        ],
                                                                                        "Plans": [
                                                                                          {
                                                                                            "Node Type": "Seq Scan",
                                                                                            "Parent Relationship": "Outer",
                                                                                            "Parallel Aware": false,
                                                                                            "Relation Name": "info_type",
                                                                                            "Alias": "it2",
                                                                                            "Startup Cost": 0.0,
                                                                                            "Total Cost": 2.41,
                                                                                            "Plan Rows": 1,
                                                                                            "Plan Width": 4,
                                                                                            "Actual Startup Time": 0.035,
                                                                                            "Actual Total Time": 0.037,
                                                                                            "Actual Rows": 1,
                                                                                            "Actual Loops": 2,
                                                                                            "Filter": "((info)::text = 'rating'::text)",
                                                                                            "Rows Removed by Filter": 112
                                                                                          }
                                                                                        ]
                                                                                      }
                                                                                    ]
                                                                                  }
                                                                                ]
                                                                              }
                                                                            ]
                                                                          }
                                                                        ]
                                                                      },
                                                                      {
                                                                        "Node Type": "Sort",
                                                                        "Parent Relationship": "Inner",
                                                                        "Parallel Aware": false,
                                                                        "Startup Cost": 1.07,
                                                                        "Total Cost": 1.08,
                                                                        "Plan Rows": 3,
                                                                        "Plan Width": 4,
                                                                        "Actual Startup Time": 0.037,
                                                                        "Actual Total Time": 0.038,
                                                                        "Actual Rows": 3,
                                                                        "Actual Loops": 2,
                                                                        "Sort Key": [
                                                                          "cct2.id"
                                                                        ],
                                                                        "Sort Method": "quicksort",
                                                                        "Sort Space Used": 25,
                                                                        "Sort Space Type": "Memory",
                                                                        "Workers": [
                                                                          {
                                                                            "Worker Number": 0,
                                                                            "Sort Method": "quicksort",
                                                                            "Sort Space Used": 25,
                                                                            "Sort Space Type": "Memory"
                                                                          }
                                                                        ],
                                                                        "Plans": [
                                                                          {
                                                                            "Node Type": "Seq Scan",
                                                                            "Parent Relationship": "Outer",
                                                                            "Parallel Aware": false,
                                                                            "Relation Name": "comp_cast_type",
                                                                            "Alias": "cct2",
                                                                            "Startup Cost": 0.0,
                                                                            "Total Cost": 1.05,
                                                                            "Plan Rows": 3,
                                                                            "Plan Width": 4,
                                                                            "Actual Startup Time": 0.025,
                                                                            "Actual Total Time": 0.027,
                                                                            "Actual Rows": 3,
                                                                            "Actual Loops": 2,
                                                                            "Filter": "((kind)::text <> 'complete+verified'::text)",
                                                                            "Rows Removed by Filter": 1
                                                                          }
                                                                        ]
                                                                      }
                                                                    ]
                                                                  }
                                                                ]
                                                              }
                                                            ]
                                                          }
                                                        ]
                                                      },
                                                      {
                                                        "Node Type": "Sort",
                                                        "Parent Relationship": "Inner",
                                                        "Parallel Aware": false,
                                                        "Startup Cost": 2.42,
                                                        "Total Cost": 2.43,
                                                        "Plan Rows": 1,
                                                        "Plan Width": 4,
                                                        "Actual Startup Time": 0.027,
                                                        "Actual Total Time": 0.028,
                                                        "Actual Rows": 1,
                                                        "Actual Loops": 2,
                                                        "Sort Key": [
                                                          "it1.id"
                                                        ],
                                                        "Sort Method": "quicksort",
                                                        "Sort Space Used": 25,
                                                        "Sort Space Type": "Memory",
                                                        "Workers": [
                                                          {
                                                            "Worker Number": 0,
                                                            "Sort Method": "quicksort",
                                                            "Sort Space Used": 25,
                                                            "Sort Space Type": "Memory"
                                                          }
                                                        ],
                                                        "Plans": [
                                                          {
                                                            "Node Type": "Seq Scan",
                                                            "Parent Relationship": "Outer",
                                                            "Parallel Aware": false,
                                                            "Relation Name": "info_type",
                                                            "Alias": "it1",
                                                            "Startup Cost": 0.0,
                                                            "Total Cost": 2.41,
                                                            "Plan Rows": 1,
                                                            "Plan Width": 4,
                                                            "Actual Startup Time": 0.012,
                                                            "Actual Total Time": 0.017,
                                                            "Actual Rows": 1,
                                                            "Actual Loops": 2,
                                                            "Filter": "((info)::text = 'countries'::text)",
                                                            "Rows Removed by Filter": 112
                                                          }
                                                        ]
                                                      }
                                                    ]
                                                  }
                                                ]
                                              },
                                              {
                                                "Node Type": "Sort",
                                                "Parent Relationship": "Inner",
                                                "Parallel Aware": false,
                                                "Startup Cost": 1.06,
                                                "Total Cost": 1.06,
                                                "Plan Rows": 1,
                                                "Plan Width": 4,
                                                "Actual Startup Time": 0.012,
                                                "Actual Total Time": 0.013,
                                                "Actual Rows": 1,
                                                "Actual Loops": 2,
                                                "Sort Key": [
                                                  "cct1.id"
                                                ],
                                                "Sort Method": "quicksort",
                                                "Sort Space Used": 25,
                                                "Sort Space Type": "Memory",
                                                "Workers": [
                                                  {
                                                    "Worker Number": 0,
                                                    "Sort Method": "quicksort",
                                                    "Sort Space Used": 25,
                                                    "Sort Space Type": "Memory"
                                                  }
                                                ],
                                                "Plans": [
                                                  {
                                                    "Node Type": "Seq Scan",
                                                    "Parent Relationship": "Outer",
                                                    "Parallel Aware": false,
                                                    "Relation Name": "comp_cast_type",
                                                    "Alias": "cct1",
                                                    "Startup Cost": 0.0,
                                                    "Total Cost": 1.05,
                                                    "Plan Rows": 1,
                                                    "Plan Width": 4,
                                                    "Actual Startup Time": 0.006,
                                                    "Actual Total Time": 0.007,
                                                    "Actual Rows": 1,
                                                    "Actual Loops": 2,
                                                    "Filter": "((kind)::text = 'crew'::text)",
                                                    "Rows Removed by Filter": 3
                                                  }
                                                ]
                                              }
                                            ]
                                          }
                                        ]
                                      },
                                      {
                                        "Node Type": "Sort",
                                        "Parent Relationship": "Inner",
                                        "Parallel Aware": false,
                                        "Startup Cost": 1.1,
                                        "Total Cost": 1.1,
                                        "Plan Rows": 2,
                                        "Plan Width": 4,
                                        "Actual Startup Time": 0.022,
                                        "Actual Total Time": 0.023,
                                        "Actual Rows": 2,
                                        "Actual Loops": 2,
                                        "Sort Key": [
                                          "kt.id"
                                        ],
                                        "Sort Method": "quicksort",
                                        "Sort Space Used": 25,
                                        "Sort Space Type": "Memory",
                                        "Workers": [
                                          {
                                            "Worker Number": 0,
                                            "Sort Method": "quicksort",
                                            "Sort Space Used": 25,
                                            "Sort Space Type": "Memory"
                                          }
                                        ],
                                        "Plans": [
                                          {
                                            "Node Type": "Seq Scan",
                                            "Parent Relationship": "Outer",
                                            "Parallel Aware": false,
                                            "Relation Name": "kind_type",
                                            "Alias": "kt",
                                            "Startup Cost": 0.0,
                                            "Total Cost": 1.09,
                                            "Plan Rows": 2,
                                            "Plan Width": 4,
                                            "Actual Startup Time": 0.015,
                                            "Actual Total Time": 0.016,
                                            "Actual Rows": 2,
                                            "Actual Loops": 2,
                                            "Filter": "((kind)::text = ANY ('{movie,episode}'::text[]))",
                                            "Rows Removed by Filter": 5
                                          }
                                        ]
                                      }
                                    ]
                                  }
                                ]
                              },
                              {
                                "Node Type": "Sort",
                                "Parent Relationship": "Inner",
                                "Parallel Aware": false,
                                "Startup Cost": 69491.43,
                                "Total Cost": 69830.57,
                                "Plan Rows": 135657,
                                "Plan Width": 12,
                                "Actual Startup Time": 368.204,
                                "Actual Total Time": 377.065,
                                "Actual Rows": 266138,
                                "Actual Loops": 2,
                                "Sort Key": [
                                  "mc.movie_id"
                                ],
                                "Sort Method": "quicksort",
                                "Sort Space Used": 26504,
                                "Sort Space Type": "Memory",
                                "Workers": [
                                  {
                                    "Worker Number": 0,
                                    "Sort Method": "quicksort",
                                    "Sort Space Used": 26504,
                                    "Sort Space Type": "Memory"
                                  }
                                ],
                                "Plans": [
                                  {
                                    "Node Type": "Seq Scan",
                                    "Parent Relationship": "Outer",
                                    "Parallel Aware": false,
                                    "Relation Name": "movie_companies",
                                    "Alias": "mc",
                                    "Startup Cost": 0.0,
                                    "Total Cost": 57926.93,
                                    "Plan Rows": 135657,
                                    "Plan Width": 12,
                                    "Actual Startup Time": 0.019,
                                    "Actual Total Time": 310.414,
                                    "Actual Rows": 303271,
                                    "Actual Loops": 2,
                                    "Filter": "((note !~~ '%(USA)%'::text) AND (note ~~ '%(200%)%'::text))",
                                    "Rows Removed by Filter": 2305858
                                  }
                                ]
                              }
                            ]
                          }
                        ]
                      },
                      {
                        "Node Type": "Sort",
                        "Parent Relationship": "Inner",
                        "Parallel Aware": false,
                        "Startup Cost": 16558.15,
                        "Total Cost": 16871.84,
                        "Plan Rows": 125473,
                        "Plan Width": 23,
                        "Actual Startup Time": 64.526,
                        "Actual Total Time": 66.963,
                        "Actual Rows": 19390,
                        "Actual Loops": 2,
                        "Sort Key": [
                          "cn.id"
                        ],
                        "Sort Method": "quicksort",
                        "Sort Space Used": 12078,
                        "Sort Space Type": "Memory",
                        "Workers": [
                          {
                            "Worker Number": 0,
                            "Sort Method": "quicksort",
                            "Sort Space Used": 12078,
                            "Sort Space Type": "Memory"
                          }
                        ],
                        "Plans": [
                          {
                            "Node Type": "Seq Scan",
                            "Parent Relationship": "Outer",
                            "Parallel Aware": false,
                            "Relation Name": "company_name",
                            "Alias": "cn",
                            "Startup Cost": 0.0,
                            "Total Cost": 5932.46,
                            "Plan Rows": 125473,
                            "Plan Width": 23,
                            "Actual Startup Time": 0.037,
                            "Actual Total Time": 29.858,
                            "Actual Rows": 126230,
                            "Actual Loops": 2,
                            "Filter": "((country_code)::text <> '[us]'::text)",
                            "Rows Removed by Filter": 108767
                          }
                        ]
                      }
                    ]
                  }
                ]
              },
              {
                "Node Type": "Sort",
                "Parent Relationship": "Inner",
                "Parallel Aware": false,
                "Startup Cost": 1.08,
                "Total Cost": 1.09,
                "Plan Rows": 4,
                "Plan Width": 4,
                "Actual Startup Time": 0.03,
                "Actual Total Time": 0.03,
                "Actual Rows": 1,
                "Actual Loops": 2,
                "Sort Key": [
                  "ct.id"
                ],
                "Sort Method": "quicksort",
                "Sort Space Used": 25,
                "Sort Space Type": "Memory",
                "Workers": [
                  {
                    "Worker Number": 0,
                    "Sort Method": "quicksort",
                    "Sort Space Used": 25,
                    "Sort Space Type": "Memory"
                  }
                ],
                "Plans": [
                  {
                    "Node Type": "Seq Scan",
                    "Parent Relationship": "Outer",
                    "Parallel Aware": false,
                    "Relation Name": "company_type",
                    "Alias": "ct",
                    "Startup Cost": 0.0,
                    "Total Cost": 1.04,
                    "Plan Rows": 4,
                    "Plan Width": 4,
                    "Actual Startup Time": 0.021,
                    "Actual Total Time": 0.022,
                    "Actual Rows": 4,
                    "Actual Loops": 2
                  }
                ]
              }
            ]
          }
        ]
      }
    ]
  },
  "Planning Time": 5.059,
  "Triggers": [],
  "Execution Time": 3882.255
}