[
  {
    "Plan": {
      "Node Type": "Aggregate",
      "Strategy": "Plain",
      "Partial Mode": "Finalize",
      "Parallel Aware": false,
      "Startup Cost": 266531.73,
      "Total Cost": 266531.74,
      "Plan Rows": 1,
      "Plan Width": 8,
      "Actual Startup Time": 937.721,
      "Actual Total Time": 958.451,
      "Actual Rows": 1,
      "Actual Loops": 1,
      "Plans": [
        {
          "Node Type": "Gather",
          "Parent Relationship": "Outer",
          "Parallel Aware": false,
          "Startup Cost": 266531.1,
          "Total Cost": 266531.71,
          "Plan Rows": 6,
          "Plan Width": 8,
          "Actual Startup Time": 920.202,
          "Actual Total Time": 958.441,
          "Actual Rows": 7,
          "Actual Loops": 1,
          "Workers Planned": 6,
          "Workers Launched": 6,
          "Single Copy": false,
          "Plans": [
            {
              "Node Type": "Aggregate",
              "Strategy": "Plain",
              "Partial Mode": "Partial",
              "Parent Relationship": "Outer",
              "Parallel Aware": false,
              "Startup Cost": 265531.1,
              "Total Cost": 265531.11,
              "Plan Rows": 1,
              "Plan Width": 8,
              "Actual Startup Time": 897.511,
              "Actual Total Time": 897.514,
              "Actual Rows": 1,
              "Actual Loops": 7,
              "Plans": [
                {
                  "Node Type": "Hash Join",
                  "Parent Relationship": "Outer",
                  "Parallel Aware": true,
                  "Join Type": "Inner",
                  "Startup Cost": 50220.21,
                  "Total Cost": 262472.24,
                  "Plan Rows": 1223546,
                  "Plan Width": 0,
                  "Actual Startup Time": 255.948,
                  "Actual Total Time": 860.67,
                  "Actual Rows": 821511,
                  "Actual Loops": 7,
                  "Inner Unique": true,
                  "Hash Cond": "(ci.movie_id = t.id)",
                  "Plans": [
                    {
                      "Node Type": "Index Scan",
                      "Parent Relationship": "Outer",
                      "Parallel Aware": true,
                      "Scan Direction": "Forward",
                      "Index Name": "role_id_cast_info",
                      "Relation Name": "cast_info",
                      "Alias": "ci",
                      "Startup Cost": 0.56,
                      "Total Cost": 209040.78,
                      "Plan Rows": 1223546,
                      "Plan Width": 4,
                      "Actual Startup Time": 0.273,
                      "Actual Total Time": 218.563,
                      "Actual Rows": 821511,
                      "Actual Loops": 7,
                      "Index Cond": "(role_id > 6)",
                      "Rows Removed by Index Recheck": 0,
                      "Filter": "(person_id < 3676184)",
                      "Rows Removed by Filter": 280295
                    },
                    {
                      "Node Type": "Hash",
                      "Parent Relationship": "Inner",
                      "Parallel Aware": true,
                      "Startup Cost": 42318.73,
                      "Total Cost": 42318.73,
                      "Plan Rows": 632073,
                      "Plan Width": 4,
                      "Actual Startup Time": 248.838,
                      "Actual Total Time": 248.839,
                      "Actual Rows": 361187,
                      "Actual Loops": 7,
                      "Hash Buckets": 4194304,
                      "Original Hash Buckets": 4194304,
                      "Hash Batches": 1,
                      "Original Hash Batches": 1,
                      "Peak Memory Usage": 131776,
                      "Plans": [
                        {
                          "Node Type": "Seq Scan",
                          "Parent Relationship": "Outer",
                          "Parallel Aware": true,
                          "Relation Name": "title",
                          "Alias": "t",
                          "Startup Cost": 0.0,
                          "Total Cost": 42318.73,
                          "Plan Rows": 632073,
                          "Plan Width": 4,
                          "Actual Startup Time": 0.037,
                          "Actual Total Time": 72.61,
                          "Actual Rows": 361187,
                          "Actual Loops": 7
                        }
                      ]
                    }
                  ]
                }
              ]
            }
          ]
        }
      ]
    },
    "Planning Time": 0.663,
    "Triggers": [],
    "Execution Time": 958.529
  }
]