[
  {
    "Plan": {
      "Node Type": "Aggregate",
      "Strategy": "Plain",
      "Partial Mode": "Finalize",
      "Parallel Aware": false,
      "Startup Cost": 46898.86,
      "Total Cost": 46898.87,
      "Plan Rows": 1,
      "Plan Width": 8,
      "Actual Startup Time": 100.16,
      "Actual Total Time": 112.596,
      "Actual Rows": 1,
      "Actual Loops": 1,
      "Plans": [
        {
          "Node Type": "Gather",
          "Parent Relationship": "Outer",
          "Parallel Aware": false,
          "Startup Cost": 46898.44,
          "Total Cost": 46898.85,
          "Plan Rows": 4,
          "Plan Width": 8,
          "Actual Startup Time": 100.003,
          "Actual Total Time": 112.587,
          "Actual Rows": 5,
          "Actual Loops": 1,
          "Workers Planned": 4,
          "Workers Launched": 4,
          "Single Copy": false,
          "Plans": [
            {
              "Node Type": "Aggregate",
              "Strategy": "Plain",
              "Partial Mode": "Partial",
              "Parent Relationship": "Outer",
              "Parallel Aware": false,
              "Startup Cost": 45898.44,
              "Total Cost": 45898.45,
              "Plan Rows": 1,
              "Plan Width": 8,
              "Actual Startup Time": 92.294,
              "Actual Total Time": 92.295,
              "Actual Rows": 1,
              "Actual Loops": 5,
              "Plans": [
                {
                  "Node Type": "Seq Scan",
                  "Parent Relationship": "Outer",
                  "Parallel Aware": true,
                  "Relation Name": "title",
                  "Alias": "t",
                  "Startup Cost": 0.0,
                  "Total Cost": 45479.59,
                  "Plan Rows": 167541,
                  "Plan Width": 0,
                  "Actual Startup Time": 0.043,
                  "Actual Total Time": 85.871,
                  "Actual Rows": 113012,
                  "Actual Loops": 5,
                  "Filter": "((kind_id > 1) AND (production_year < 1998))",
                  "Rows Removed by Filter": 392650
                }
              ]
            }
          ]
        }
      ]
    },
    "Planning Time": 0.083,
    "Triggers": [],
    "Execution Time": 112.627
  }
]