[
  {
    "Plan": {
      "Node Type": "Aggregate",
      "Strategy": "Plain",
      "Partial Mode": "Finalize",
      "Parallel Aware": false,
      "Startup Cost": 22869.14,
      "Total Cost": 22869.15,
      "Plan Rows": 1,
      "Plan Width": 8,
      "Actual Startup Time": 46.44,
      "Actual Total Time": 50.377,
      "Actual Rows": 1,
      "Actual Loops": 1,
      "Plans": [
        {
          "Node Type": "Gather",
          "Parent Relationship": "Outer",
          "Parallel Aware": false,
          "Startup Cost": 22868.83,
          "Total Cost": 22869.14,
          "Plan Rows": 3,
          "Plan Width": 8,
          "Actual Startup Time": 46.221,
          "Actual Total Time": 50.37,
          "Actual Rows": 4,
          "Actual Loops": 1,
          "Workers Planned": 3,
          "Workers Launched": 3,
          "Single Copy": false,
          "Plans": [
            {
              "Node Type": "Aggregate",
              "Strategy": "Plain",
              "Partial Mode": "Partial",
              "Parent Relationship": "Outer",
              "Parallel Aware": false,
              "Startup Cost": 21868.83,
              "Total Cost": 21868.84,
              "Plan Rows": 1,
              "Plan Width": 8,
              "Actual Startup Time": 38.782,
              "Actual Total Time": 38.784,
              "Actual Rows": 1,
              "Actual Loops": 4,
              "Plans": [
                {
                  "Node Type": "Bitmap Heap Scan",
                  "Parent Relationship": "Outer",
                  "Parallel Aware": true,
                  "Relation Name": "movie_companies",
                  "Alias": "mc",
                  "Startup Cost": 2476.2,
                  "Total Cost": 21821.81,
                  "Plan Rows": 18807,
                  "Plan Width": 0,
                  "Actual Startup Time": 12.822,
                  "Actual Total Time": 36.081,
                  "Actual Rows": 27446,
                  "Actual Loops": 4,
                  "Recheck Cond": "(company_id > 151972)",
                  "Rows Removed by Index Recheck": 0,
                  "Filter": "(company_type_id = 2)",
                  "Rows Removed by Filter": 0,
                  "Exact Heap Blocks": 1883,
                  "Lossy Heap Blocks": 0,
                  "Plans": [
                    {
                      "Node Type": "Bitmap Index Scan",
                      "Parent Relationship": "Outer",
                      "Parallel Aware": false,
                      "Index Name": "company_id_movie_companies",
                      "Startup Cost": 0.0,
                      "Total Cost": 2461.62,
                      "Plan Rows": 114826,
                      "Plan Width": 0,
                      "Actual Startup Time": 18.29,
                      "Actual Total Time": 18.29,
                      "Actual Rows": 109785,
                      "Actual Loops": 1,
                      "Index Cond": "(company_id > 151972)"
                    }
                  ]
                }
              ]
            }
          ]
        }
      ]
    },
    "Planning Time": 0.227,
    "Triggers": [],
    "Execution Time": 50.48
  }
]