{
    "Plan": {
        "Node Type": "Aggregate",
        "Strategy": "Plain",
        "Partial Mode": "Finalize",
        "Parallel Aware": false,
        "Startup Cost": 66301.14,
        "Total Cost": 66301.15,
        "Plan Rows": 1,
        "Plan Width": 8,
        "Actual Startup Time": 148.729,
        "Actual Total Time": 161.112,
        "Actual Rows": 1,
        "Actual Loops": 1,
        "Output": [
            "count(*)"
        ],
        "Plans": [
            {
                "Node Type": "Gather",
                "Parent Relationship": "Outer",
                "Parallel Aware": false,
                "Startup Cost": 66300.93,
                "Total Cost": 66301.14,
                "Plan Rows": 2,
                "Plan Width": 8,
                "Actual Startup Time": 148.376,
                "Actual Total Time": 161.103,
                "Actual Rows": 3,
                "Actual Loops": 1,
                "Output": [
                    "(PARTIAL count(*))"
                ],
                "Workers Planned": 2,
                "Workers Launched": 2,
                "Single Copy": false,
                "Plans": [
                    {
                        "Node Type": "Aggregate",
                        "Strategy": "Plain",
                        "Partial Mode": "Partial",
                        "Parent Relationship": "Outer",
                        "Parallel Aware": false,
                        "Startup Cost": 65300.93,
                        "Total Cost": 65300.94,
                        "Plan Rows": 1,
                        "Plan Width": 8,
                        "Actual Startup Time": 140.28,
                        "Actual Total Time": 140.284,
                        "Actual Rows": 1,
                        "Actual Loops": 3,
                        "Output": [
                            "PARTIAL count(*)"
                        ],
                        "Workers": [
                            {
                                "Worker Number": 0,
                                "Actual Startup Time": 136.655,
                                "Actual Total Time": 136.659,
                                "Actual Rows": 1,
                                "Actual Loops": 1
                            },
                            {
                                "Worker Number": 1,
                                "Actual Startup Time": 136.765,
                                "Actual Total Time": 136.769,
                                "Actual Rows": 1,
                                "Actual Loops": 1
                            }
                        ],
                        "Plans": [
                            {
                                "Node Type": "Hash Join",
                                "Parent Relationship": "Outer",
                                "Parallel Aware": true,
                                "Join Type": "Inner",
                                "Startup Cost": 50668.37,
                                "Total Cost": 65300.89,
                                "Plan Rows": 15,
                                "Plan Width": 0,
                                "Actual Startup Time": 126.494,
                                "Actual Total Time": 140.266,
                                "Actual Rows": 33,
                                "Actual Loops": 3,
                                "Inner Unique": true,
                                "Hash Cond": "(mk.movie_id = t.id)",
                                "Workers": [
                                    {
                                        "Worker Number": 0,
                                        "Actual Startup Time": 122.438,
                                        "Actual Total Time": 136.64,
                                        "Actual Rows": 34,
                                        "Actual Loops": 1
                                    },
                                    {
                                        "Worker Number": 1,
                                        "Actual Startup Time": 123.135,
                                        "Actual Total Time": 136.752,
                                        "Actual Rows": 33,
                                        "Actual Loops": 1
                                    }
                                ],
                                "Plans": [
                                    {
                                        "Node Type": "Bitmap Heap Scan",
                                        "Parent Relationship": "Outer",
                                        "Parallel Aware": true,
                                        "Relation Name": "movie_keyword",
                                        "Schema": "public",
                                        "Alias": "mk",
                                        "Startup Cost": 138.68,
                                        "Total Cost": 14764.11,
                                        "Plan Rows": 2702,
                                        "Plan Width": 4,
                                        "Actual Startup Time": 3.136,
                                        "Actual Total Time": 18.577,
                                        "Actual Rows": 2175,
                                        "Actual Loops": 3,
                                        "Output": [
                                            "mk.id",
                                            "mk.movie_id",
                                            "mk.keyword_id"
                                        ],
                                        "Recheck Cond": "(mk.keyword_id = 70)",
                                        "Rows Removed by Index Recheck": 0,
                                        "Exact Heap Blocks": 1727,
                                        "Lossy Heap Blocks": 0,
                                        "Workers": [
                                            {
                                                "Worker Number": 0,
                                                "Actual Startup Time": 3.035,
                                                "Actual Total Time": 18.593,
                                                "Actual Rows": 2165,
                                                "Actual Loops": 1
                                            },
                                            {
                                                "Worker Number": 1,
                                                "Actual Startup Time": 3.246,
                                                "Actual Total Time": 18.549,
                                                "Actual Rows": 2178,
                                                "Actual Loops": 1
                                            }
                                        ],
                                        "Plans": [
                                            {
                                                "Node Type": "Bitmap Index Scan",
                                                "Parent Relationship": "Outer",
                                                "Parallel Aware": false,
                                                "Index Name": "keyword_id_movie_keyword",
                                                "Startup Cost": 0.0,
                                                "Total Cost": 137.06,
                                                "Plan Rows": 6484,
                                                "Plan Width": 0,
                                                "Actual Startup Time": 1.954,
                                                "Actual Total Time": 1.955,
                                                "Actual Rows": 6525,
                                                "Actual Loops": 1,
                                                "Index Cond": "(mk.keyword_id = 70)",
                                                "Workers": [
                                                    {
                                                        "Worker Number": 0,
                                                        "Actual Startup Time": 1.954,
                                                        "Actual Total Time": 1.955,
                                                        "Actual Rows": 6525,
                                                        "Actual Loops": 1
                                                    }
                                                ]
                                            }
                                        ]
                                    },
                                    {
                                        "Node Type": "Hash",
                                        "Parent Relationship": "Inner",
                                        "Parallel Aware": true,
                                        "Startup Cost": 50486.61,
                                        "Total Cost": 50486.61,
                                        "Plan Rows": 3446,
                                        "Plan Width": 4,
                                        "Actual Startup Time": 119.898,
                                        "Actual Total Time": 119.899,
                                        "Actual Rows": 2700,
                                        "Actual Loops": 3,
                                        "Output": [
                                            "t.id"
                                        ],
                                        "Hash Buckets": 16384,
                                        "Original Hash Buckets": 16384,
                                        "Hash Batches": 1,
                                        "Original Hash Batches": 1,
                                        "Peak Memory Usage": 480,
                                        "Workers": [
                                            {
                                                "Worker Number": 0,
                                                "Actual Startup Time": 116.588,
                                                "Actual Total Time": 116.59,
                                                "Actual Rows": 2534,
                                                "Actual Loops": 1
                                            },
                                            {
                                                "Worker Number": 1,
                                                "Actual Startup Time": 116.691,
                                                "Actual Total Time": 116.692,
                                                "Actual Rows": 2395,
                                                "Actual Loops": 1
                                            }
                                        ],
                                        "Plans": [
                                            {
                                                "Node Type": "Bitmap Heap Scan",
                                                "Parent Relationship": "Outer",
                                                "Parallel Aware": true,
                                                "Relation Name": "title",
                                                "Schema": "public",
                                                "Alias": "t",
                                                "Startup Cost": 11971.03,
                                                "Total Cost": 50486.61,
                                                "Plan Rows": 3446,
                                                "Plan Width": 4,
                                                "Actual Startup Time": 42.131,
                                                "Actual Total Time": 117.837,
                                                "Actual Rows": 2700,
                                                "Actual Loops": 3,
                                                "Output": [
                                                    "t.id"
                                                ],
                                                "Recheck Cond": "(t.kind_id = 1)",
                                                "Rows Removed by Index Recheck": 0,
                                                "Filter": "(t.production_year = 2000)",
                                                "Rows Removed by Filter": 218242,
                                                "Exact Heap Blocks": 5190,
                                                "Lossy Heap Blocks": 0,
                                                "Workers": [
                                                    {
                                                        "Worker Number": 0,
                                                        "Actual Startup Time": 38.839,
                                                        "Actual Total Time": 114.529,
                                                        "Actual Rows": 2534,
                                                        "Actual Loops": 1
                                                    },
                                                    {
                                                        "Worker Number": 1,
                                                        "Actual Startup Time": 38.982,
                                                        "Actual Total Time": 114.624,
                                                        "Actual Rows": 2395,
                                                        "Actual Loops": 1
                                                    }
                                                ],
                                                "Plans": [
                                                    {
                                                        "Node Type": "Bitmap Index Scan",
                                                        "Parent Relationship": "Outer",
                                                        "Parallel Aware": false,
                                                        "Index Name": "kind_id_title",
                                                        "Startup Cost": 0.0,
                                                        "Total Cost": 11967.58,
                                                        "Plan Rows": 671354,
                                                        "Plan Width": 0,
                                                        "Actual Startup Time": 43.988,
                                                        "Actual Total Time": 43.988,
                                                        "Actual Rows": 662825,
                                                        "Actual Loops": 1,
                                                        "Index Cond": "(t.kind_id = 1)"
                                                    }
                                                ]
                                            }
                                        ]
                                    }
                                ]
                            }
                        ]
                    }
                ]
            }
        ]
    },
    "Planning Time": 2.427,
    "Triggers": [],
    "Execution Time": 161.472
}