[
  {
    "Plan": {
      "Node Type": "Aggregate",
      "Strategy": "Plain",
      "Partial Mode": "Finalize",
      "Parallel Aware": false,
      "Startup Cost": 648591.49,
      "Total Cost": 648591.5,
      "Plan Rows": 1,
      "Plan Width": 8,
      "Actual Startup Time": 12408.757,
      "Actual Total Time": 12495.505,
      "Actual Rows": 1,
      "Actual Loops": 1,
      "Plans": [
        {
          "Node Type": "Gather",
          "Parent Relationship": "Outer",
          "Parallel Aware": false,
          "Startup Cost": 648590.87,
          "Total Cost": 648591.48,
          "Plan Rows": 6,
          "Plan Width": 8,
          "Actual Startup Time": 12344.715,
          "Actual Total Time": 12495.493,
          "Actual Rows": 7,
          "Actual Loops": 1,
          "Workers Planned": 6,
          "Workers Launched": 6,
          "Single Copy": false,
          "Plans": [
            {
              "Node Type": "Aggregate",
              "Strategy": "Plain",
              "Partial Mode": "Partial",
              "Parent Relationship": "Outer",
              "Parallel Aware": false,
              "Startup Cost": 647590.87,
              "Total Cost": 647590.88,
              "Plan Rows": 1,
              "Plan Width": 8,
              "Actual Startup Time": 12298.986,
              "Actual Total Time": 12298.993,
              "Actual Rows": 1,
              "Actual Loops": 7,
              "Plans": [
                {
                  "Node Type": "Hash Join",
                  "Parent Relationship": "Outer",
                  "Parallel Aware": true,
                  "Join Type": "Inner",
                  "Startup Cost": 259571.06,
                  "Total Cost": 618529.6,
                  "Plan Rows": 11624507,
                  "Plan Width": 0,
                  "Actual Startup Time": 1683.18,
                  "Actual Total Time": 10303.982,
                  "Actual Rows": 50181025,
                  "Actual Loops": 7,
                  "Inner Unique": false,
                  "Hash Cond": "(ci.movie_id = t.id)",
                  "Plans": [
                    {
                      "Node Type": "Seq Scan",
                      "Parent Relationship": "Outer",
                      "Parallel Aware": true,
                      "Relation Name": "cast_info",
                      "Alias": "ci",
                      "Startup Cost": 0.0,
                      "Total Cost": 313067.02,
                      "Plan Rows": 6038002,
                      "Plan Width": 4,
                      "Actual Startup Time": 0.032,
                      "Actual Total Time": 526.643,
                      "Actual Rows": 5177763,
                      "Actual Loops": 7
                    },
                    {
                      "Node Type": "Hash",
                      "Parent Relationship": "Inner",
                      "Parallel Aware": true,
                      "Startup Cost": 247402.24,
                      "Total Cost": 247402.24,
                      "Plan Rows": 973506,
                      "Plan Width": 8,
                      "Actual Startup Time": 1671.65,
                      "Actual Total Time": 1671.655,
                      "Actual Rows": 1406620,
                      "Actual Loops": 7,
                      "Hash Buckets": 16777216,
                      "Original Hash Buckets": 8388608,
                      "Hash Batches": 1,
                      "Original Hash Batches": 1,
                      "Peak Memory Usage": 581888,
                      "Plans": [
                        {
                          "Node Type": "Hash Join",
                          "Parent Relationship": "Outer",
                          "Parallel Aware": true,
                          "Join Type": "Inner",
                          "Startup Cost": 48080.47,
                          "Total Cost": 247402.24,
                          "Plan Rows": 973506,
                          "Plan Width": 8,
                          "Actual Startup Time": 134.868,
                          "Actual Total Time": 997.311,
                          "Actual Rows": 1406620,
                          "Actual Loops": 7,
                          "Inner Unique": true,
                          "Hash Cond": "(mi.movie_id = t.id)",
                          "Plans": [
                            {
                              "Node Type": "Seq Scan",
                              "Parent Relationship": "Outer",
                              "Parallel Aware": true,
                              "Relation Name": "movie_info",
                              "Alias": "mi",
                              "Startup Cost": 0.0,
                              "Total Cost": 191560.33,
                              "Plan Rows": 2956733,
                              "Plan Width": 4,
                              "Actual Startup Time": 0.03,
                              "Actual Total Time": 278.307,
                              "Actual Rows": 2119389,
                              "Actual Loops": 7
                            },
                            {
                              "Node Type": "Hash",
                              "Parent Relationship": "Inner",
                              "Parallel Aware": true,
                              "Startup Cost": 45479.1,
                              "Total Cost": 45479.1,
                              "Plan Rows": 208110,
                              "Plan Width": 4,
                              "Actual Startup Time": 132.035,
                              "Actual Total Time": 132.036,
                              "Actual Rows": 121061,
                              "Actual Loops": 7,
                              "Hash Buckets": 1048576,
                              "Original Hash Buckets": 1048576,
                              "Hash Batches": 1,
                              "Original Hash Batches": 1,
                              "Peak Memory Usage": 41408,
                              "Plans": [
                                {
                                  "Node Type": "Seq Scan",
                                  "Parent Relationship": "Outer",
                                  "Parallel Aware": true,
                                  "Relation Name": "title",
                                  "Alias": "t",
                                  "Startup Cost": 0.0,
                                  "Total Cost": 45479.1,
                                  "Plan Rows": 208110,
                                  "Plan Width": 4,
                                  "Actual Startup Time": 0.048,
                                  "Actual Total Time": 80.358,
                                  "Actual Rows": 121061,
                                  "Actual Loops": 7,
                                  "Filter": "((kind_id < 4) AND (production_year > 0))",
                                  "Rows Removed by Filter": 240127
                                }
                              ]
                            }
                          ]
                        }
                      ]
                    }
                  ]
                }
              ]
            }
          ]
        }
      ]
    },
    "Planning Time": 1.304,
    "Triggers": [],
    "Execution Time": 12495.599
  }
]