[
  {
    "Plan": {
      "Node Type": "Aggregate",
      "Strategy": "Plain",
      "Partial Mode": "Simple",
      "Parallel Aware": false,
      "Startup Cost": 26964.82,
      "Total Cost": 26964.83,
      "Plan Rows": 1,
      "Plan Width": 8,
      "Actual Startup Time": 26.853,
      "Actual Total Time": 26.854,
      "Actual Rows": 1,
      "Actual Loops": 1,
      "Plans": [
        {
          "Node Type": "Bitmap Heap Scan",
          "Parent Relationship": "Outer",
          "Parallel Aware": false,
          "Relation Name": "movie_keyword",
          "Alias": "mk",
          "Startup Cost": 717.21,
          "Total Cost": 26880.7,
          "Plan Rows": 33649,
          "Plan Width": 0,
          "Actual Startup Time": 5.052,
          "Actual Total Time": 24.452,
          "Actual Rows": 35161,
          "Actual Loops": 1,
          "Recheck Cond": "(keyword_id > 107398)",
          "Rows Removed by Index Recheck": 0,
          "Exact Heap Blocks": 9622,
          "Lossy Heap Blocks": 0,
          "Plans": [
            {
              "Node Type": "Bitmap Index Scan",
              "Parent Relationship": "Outer",
              "Parallel Aware": false,
              "Index Name": "keyword_id_movie_keyword",
              "Startup Cost": 0.0,
              "Total Cost": 708.8,
              "Plan Rows": 33649,
              "Plan Width": 0,
              "Actual Startup Time": 3.135,
              "Actual Total Time": 3.136,
              "Actual Rows": 35161,
              "Actual Loops": 1,
              "Index Cond": "(keyword_id > 107398)"
            }
          ]
        }
      ]
    },
    "Planning Time": 0.125,
    "Triggers": [],
    "Execution Time": 26.883
  }
]