[
  {
    "Plan": {
      "Node Type": "Aggregate",
      "Strategy": "Plain",
      "Partial Mode": "Finalize",
      "Parallel Aware": false,
      "Startup Cost": 335244.85,
      "Total Cost": 335244.86,
      "Plan Rows": 1,
      "Plan Width": 8,
      "Actual Startup Time": 274.921,
      "Actual Total Time": 286.348,
      "Actual Rows": 1,
      "Actual Loops": 1,
      "Plans": [
        {
          "Node Type": "Gather",
          "Parent Relationship": "Outer",
          "Parallel Aware": false,
          "Startup Cost": 335244.23,
          "Total Cost": 335244.84,
          "Plan Rows": 6,
          "Plan Width": 8,
          "Actual Startup Time": 274.185,
          "Actual Total Time": 286.34,
          "Actual Rows": 7,
          "Actual Loops": 1,
          "Workers Planned": 6,
          "Workers Launched": 6,
          "Single Copy": false,
          "Plans": [
            {
              "Node Type": "Aggregate",
              "Strategy": "Plain",
              "Partial Mode": "Partial",
              "Parent Relationship": "Outer",
              "Parallel Aware": false,
              "Startup Cost": 334244.23,
              "Total Cost": 334244.24,
              "Plan Rows": 1,
              "Plan Width": 8,
              "Actual Startup Time": 264.2,
              "Actual Total Time": 264.202,
              "Actual Rows": 1,
              "Actual Loops": 7,
              "Plans": [
                {
                  "Node Type": "Bitmap Heap Scan",
                  "Parent Relationship": "Outer",
                  "Parallel Aware": true,
                  "Relation Name": "cast_info",
                  "Alias": "ci",
                  "Startup Cost": 72781.25,
                  "Total Cost": 333767.88,
                  "Plan Rows": 190541,
                  "Plan Width": 0,
                  "Actual Startup Time": 128.773,
                  "Actual Total Time": 247.206,
                  "Actual Rows": 351638,
                  "Actual Loops": 7,
                  "Recheck Cond": "(person_id < 328866)",
                  "Rows Removed by Index Recheck": 0,
                  "Filter": "(role_id = 1)",
                  "Rows Removed by Filter": 136984,
                  "Exact Heap Blocks": 7821,
                  "Lossy Heap Blocks": 0,
                  "Plans": [
                    {
                      "Node Type": "Bitmap Index Scan",
                      "Parent Relationship": "Outer",
                      "Parallel Aware": false,
                      "Index Name": "person_id_cast_info",
                      "Startup Cost": 0.0,
                      "Total Cost": 72495.44,
                      "Plan Rows": 3319850,
                      "Plan Width": 0,
                      "Actual Startup Time": 131.975,
                      "Actual Total Time": 131.976,
                      "Actual Rows": 3420357,
                      "Actual Loops": 1,
                      "Index Cond": "(person_id < 328866)"
                    }
                  ]
                }
              ]
            }
          ]
        }
      ]
    },
    "Planning Time": 0.191,
    "Triggers": [],
    "Execution Time": 286.411
  }
]