{
  "Plan": {
    "Node Type": "Aggregate",
    "Strategy": "Plain",
    "Partial Mode": "Finalize",
    "Parallel Aware": false,
    "Startup Cost": 1047202.38,
    "Total Cost": 1047202.39,
    "Plan Rows": 1,
    "Plan Width": 8,
    "Actual Startup Time": 5925.618,
    "Actual Total Time": 5939.794,
    "Actual Rows": 1,
    "Actual Loops": 1,
    "Plans": [
      {
        "Node Type": "Gather",
        "Parent Relationship": "Outer",
        "Parallel Aware": false,
        "Startup Cost": 1047202.27,
        "Total Cost": 1047202.38,
        "Plan Rows": 1,
        "Plan Width": 8,
        "Actual Startup Time": 5925.607,
        "Actual Total Time": 5939.787,
        "Actual Rows": 2,
        "Actual Loops": 1,
        "Workers Planned": 1,
        "Workers Launched": 1,
        "Single Copy": false,
        "Plans": [
          {
            "Node Type": "Aggregate",
            "Strategy": "Plain",
            "Partial Mode": "Partial",
            "Parent Relationship": "Outer",
            "Parallel Aware": false,
            "Startup Cost": 1046202.27,
            "Total Cost": 1046202.28,
            "Plan Rows": 1,
            "Plan Width": 8,
            "Actual Startup Time": 5891.657,
            "Actual Total Time": 5891.664,
            "Actual Rows": 1,
            "Actual Loops": 2,
            "Plans": [
              {
                "Node Type": "Merge Join",
                "Parent Relationship": "Outer",
                "Parallel Aware": false,
                "Join Type": "Inner",
                "Startup Cost": 1017144.67,
                "Total Cost": 1043676.28,
                "Plan Rows": 1010394,
                "Plan Width": 0,
                "Actual Startup Time": 4779.63,
                "Actual Total Time": 5810.385,
                "Actual Rows": 2011705,
                "Actual Loops": 2,
                "Inner Unique": false,
                "Merge Cond": "(t.id = mi.movie_id)",
                "Plans": [
                  {
                    "Node Type": "Sort",
                    "Parent Relationship": "Outer",
                    "Parallel Aware": false,
                    "Startup Cost": 688827.23,
                    "Total Cost": 693893.6,
                    "Plan Rows": 2026548,
                    "Plan Width": 8,
                    "Actual Startup Time": 4341.959,
                    "Actual Total Time": 4763.162,
                    "Actual Rows": 3581830,
                    "Actual Loops": 2,
                    "Sort Key": [
                      "t.id"
                    ],
                    "Sort Method": "quicksort",
                    "Sort Space Used": 268612,
                    "Sort Space Type": "Memory",
                    "Workers": [
                      {
                        "Worker Number": 0,
                        "Sort Method": "quicksort",
                        "Sort Space Used": 263793,
                        "Sort Space Type": "Memory"
                      }
                    ],
                    "Plans": [
                      {
                        "Node Type": "Hash Join",
                        "Parent Relationship": "Outer",
                        "Parallel Aware": true,
                        "Join Type": "Inner",
                        "Startup Cost": 68405.38,
                        "Total Cost": 476540.32,
                        "Plan Rows": 2026548,
                        "Plan Width": 8,
                        "Actual Startup Time": 427.991,
                        "Actual Total Time": 3408.825,
                        "Actual Rows": 3581830,
                        "Actual Loops": 2,
                        "Inner Unique": true,
                        "Hash Cond": "(ci.movie_id = t.id)",
                        "Plans": [
                          {
                            "Node Type": "Index Scan",
                            "Parent Relationship": "Outer",
                            "Parallel Aware": true,
                            "Scan Direction": "Forward",
                            "Index Name": "role_id_cast_info",
                            "Relation Name": "cast_info",
                            "Alias": "ci",
                            "Startup Cost": 0.56,
                            "Total Cost": 400977.7,
                            "Plan Rows": 2726778,
                            "Plan Width": 4,
                            "Actual Startup Time": 0.068,
                            "Actual Total Time": 1100.912,
                            "Actual Rows": 4866986,
                            "Actual Loops": 2,
                            "Index Cond": "(role_id = 1)",
                            "Rows Removed by Index Recheck": 0,
                            "Filter": "(person_id < 1326999)",
                            "Rows Removed by Filter": 1468358
                          },
                          {
                            "Node Type": "Hash",
                            "Parent Relationship": "Inner",
                            "Parallel Aware": true,
                            "Startup Cost": 54588.39,
                            "Total Cost": 54588.39,
                            "Plan Rows": 1105314,
                            "Plan Width": 4,
                            "Actual Startup Time": 413.477,
                            "Actual Total Time": 413.479,
                            "Actual Rows": 935599,
                            "Actual Loops": 2,
                            "Hash Buckets": 2097152,
                            "Original Hash Buckets": 2097152,
                            "Hash Batches": 1,
                            "Original Hash Batches": 1,
                            "Peak Memory Usage": 89600,
                            "Plans": [
                              {
                                "Node Type": "Seq Scan",
                                "Parent Relationship": "Outer",
                                "Parallel Aware": true,
                                "Relation Name": "title",
                                "Alias": "t",
                                "Startup Cost": 0.0,
                                "Total Cost": 54588.39,
                                "Plan Rows": 1105314,
                                "Plan Width": 4,
                                "Actual Startup Time": 0.031,
                                "Actual Total Time": 183.259,
                                "Actual Rows": 935599,
                                "Actual Loops": 2,
                                "Filter": "(production_year > 1984)",
                                "Rows Removed by Filter": 328557
                              }
                            ]
                          }
                        ]
                      }
                    ]
                  },
                  {
                    "Node Type": "Sort",
                    "Parent Relationship": "Inner",
                    "Parallel Aware": false,
                    "Startup Cost": 328317.24,
                    "Total Cost": 331468.62,
                    "Plan Rows": 1260554,
                    "Plan Width": 4,
                    "Actual Startup Time": 437.647,
                    "Actual Total Time": 542.231,
                    "Actual Rows": 2752766,
                    "Actual Loops": 2,
                    "Sort Key": [
                      "mi.movie_id"
                    ],
                    "Sort Method": "quicksort",
                    "Sort Space Used": 109571,
                    "Sort Space Type": "Memory",
                    "Workers": [
                      {
                        "Worker Number": 0,
                        "Sort Method": "quicksort",
                        "Sort Space Used": 109571,
                        "Sort Space Type": "Memory"
                      }
                    ],
                    "Plans": [
                      {
                        "Node Type": "Bitmap Heap Scan",
                        "Parent Relationship": "Outer",
                        "Parallel Aware": false,
                        "Relation Name": "movie_info",
                        "Alias": "mi",
                        "Startup Cost": 22837.73,
                        "Total Cost": 200587.65,
                        "Plan Rows": 1260554,
                        "Plan Width": 4,
                        "Actual Startup Time": 43.584,
                        "Actual Total Time": 173.795,
                        "Actual Rows": 1288928,
                        "Actual Loops": 2,
                        "Recheck Cond": "(info_type_id = 2)",
                        "Rows Removed by Index Recheck": 0,
                        "Exact Heap Blocks": 8585,
                        "Lossy Heap Blocks": 0,
                        "Plans": [
                          {
                            "Node Type": "Bitmap Index Scan",
                            "Parent Relationship": "Outer",
                            "Parallel Aware": false,
                            "Index Name": "info_type_id_movie_info",
                            "Startup Cost": 0.0,
                            "Total Cost": 22522.59,
                            "Plan Rows": 1260554,
                            "Plan Width": 0,
                            "Actual Startup Time": 42.559,
                            "Actual Total Time": 42.559,
                            "Actual Rows": 1288928,
                            "Actual Loops": 2,
                            "Index Cond": "(info_type_id = 2)"
                          }
                        ]
                      }
                    ]
                  }
                ]
              }
            ]
          }
        ]
      }
    ]
  },
  "Planning Time": 1.183,
  "Triggers": [],
  "Execution Time": 5960.544
}