[
    {
        "Bao": {
            "Bao prediction": "NaN",
            "Bao recommended hint": "(no hint)"
        }
    },
    {
        "Plan": {
            "Node Type": "Aggregate",
            "Strategy": "Plain",
            "Partial Mode": "Finalize",
            "Parallel Aware": false,
            "Startup Cost": 28053.79,
            "Total Cost": 28053.8,
            "Plan Rows": 1,
            "Plan Width": 8,
            "Actual Startup Time": 66.219,
            "Actual Total Time": 69.552,
            "Actual Rows": 1,
            "Actual Loops": 1,
            "Output": [
                "count(*)"
            ],
            "Plans": [
                {
                    "Node Type": "Gather",
                    "Parent Relationship": "Outer",
                    "Parallel Aware": false,
                    "Startup Cost": 28053.47,
                    "Total Cost": 28053.78,
                    "Plan Rows": 3,
                    "Plan Width": 8,
                    "Actual Startup Time": 66.067,
                    "Actual Total Time": 69.545,
                    "Actual Rows": 4,
                    "Actual Loops": 1,
                    "Output": [
                        "(PARTIAL count(*))"
                    ],
                    "Workers Planned": 3,
                    "Workers Launched": 3,
                    "Single Copy": false,
                    "Plans": [
                        {
                            "Node Type": "Aggregate",
                            "Strategy": "Plain",
                            "Partial Mode": "Partial",
                            "Parent Relationship": "Outer",
                            "Parallel Aware": false,
                            "Startup Cost": 27053.47,
                            "Total Cost": 27053.48,
                            "Plan Rows": 1,
                            "Plan Width": 8,
                            "Actual Startup Time": 57.488,
                            "Actual Total Time": 57.49,
                            "Actual Rows": 1,
                            "Actual Loops": 4,
                            "Output": [
                                "PARTIAL count(*)"
                            ],
                            "Workers": [
                                {
                                    "Worker Number": 0,
                                    "Actual Startup Time": 54.627,
                                    "Actual Total Time": 54.629,
                                    "Actual Rows": 1,
                                    "Actual Loops": 1
                                },
                                {
                                    "Worker Number": 1,
                                    "Actual Startup Time": 54.756,
                                    "Actual Total Time": 54.758,
                                    "Actual Rows": 1,
                                    "Actual Loops": 1
                                },
                                {
                                    "Worker Number": 2,
                                    "Actual Startup Time": 54.901,
                                    "Actual Total Time": 54.903,
                                    "Actual Rows": 1,
                                    "Actual Loops": 1
                                }
                            ],
                            "Plans": [
                                {
                                    "Node Type": "Bitmap Heap Scan",
                                    "Parent Relationship": "Outer",
                                    "Parallel Aware": true,
                                    "Relation Name": "movie_companies",
                                    "Schema": "public",
                                    "Alias": "mc",
                                    "Startup Cost": 6755.58,
                                    "Total Cost": 26802.16,
                                    "Plan Rows": 100526,
                                    "Plan Width": 0,
                                    "Actual Startup Time": 21.412,
                                    "Actual Total Time": 51.738,
                                    "Actual Rows": 78191,
                                    "Actual Loops": 4,
                                    "Recheck Cond": "(mc.company_id > 92334)",
                                    "Rows Removed by Index Recheck": 0,
                                    "Exact Heap Blocks": 2925,
                                    "Lossy Heap Blocks": 0,
                                    "Workers": [
                                        {
                                            "Worker Number": 0,
                                            "Actual Startup Time": 18.576,
                                            "Actual Total Time": 49.566,
                                            "Actual Rows": 40429,
                                            "Actual Loops": 1
                                        },
                                        {
                                            "Worker Number": 1,
                                            "Actual Startup Time": 18.838,
                                            "Actual Total Time": 49.691,
                                            "Actual Rows": 39576,
                                            "Actual Loops": 1
                                        },
                                        {
                                            "Worker Number": 2,
                                            "Actual Startup Time": 18.864,
                                            "Actual Total Time": 49.781,
                                            "Actual Rows": 40633,
                                            "Actual Loops": 1
                                        }
                                    ],
                                    "Plans": [
                                        {
                                            "Node Type": "Bitmap Index Scan",
                                            "Parent Relationship": "Outer",
                                            "Parallel Aware": false,
                                            "Index Name": "company_id_movie_companies",
                                            "Startup Cost": 0.0,
                                            "Total Cost": 6677.67,
                                            "Plan Rows": 311632,
                                            "Plan Width": 0,
                                            "Actual Startup Time": 28.427,
                                            "Actual Total Time": 28.427,
                                            "Actual Rows": 312764,
                                            "Actual Loops": 1,
                                            "Index Cond": "(mc.company_id > 92334)"
                                        }
                                    ]
                                }
                            ]
                        }
                    ]
                }
            ]
        },
        "Planning Time": 179.31,
        "Triggers": [],
        "Execution Time": 69.63
    }
]