[
  {
    "Plan": {
      "Node Type": "Aggregate",
      "Strategy": "Plain",
      "Partial Mode": "Simple",
      "Parallel Aware": false,
      "Startup Cost": 410799.37,
      "Total Cost": 410799.38,
      "Plan Rows": 1,
      "Plan Width": 128,
      "Actual Startup Time": 7279.116,
      "Actual Total Time": 7279.127,
      "Actual Rows": 1,
      "Actual Loops": 1,
      "Output": [
        "min(an.name)",
        "min(chn.name)",
        "min(n.name)",
        "min(t.title)"
      ],
      "Plans": [
        {
          "Node Type": "Hash Join",
          "Parent Relationship": "Outer",
          "Parallel Aware": false,
          "Join Type": "Inner",
          "Startup Cost": 158095.7,
          "Total Cost": 409211.92,
          "Plan Rows": 158745,
          "Plan Width": 64,
          "Actual Startup Time": 2141.024,
          "Actual Total Time": 7200.513,
          "Actual Rows": 474145,
          "Actual Loops": 1,
          "Output": [
            "an.name",
            "chn.name",
            "n.name",
            "t.title"
          ],
          "Inner Unique": false,
          "Hash Cond": "(n.id = an.person_id)",
          "Plans": [
            {
              "Node Type": "Nested Loop",
              "Parent Relationship": "Outer",
              "Parallel Aware": false,
              "Join Type": "Inner",
              "Startup Cost": 126419.48,
              "Total Cost": 372670.08,
              "Plan Rows": 679300,
              "Plan Width": 56,
              "Actual Startup Time": 1520.739,
              "Actual Total Time": 6461.372,
              "Actual Rows": 473604,
              "Actual Loops": 1,
              "Output": [
                "chn.name",
                "ci.person_id",
                "n.name",
                "n.id",
                "t.title"
              ],
              "Inner Unique": true,
              "Plans": [
                {
                  "Node Type": "Nested Loop",
                  "Parent Relationship": "Outer",
                  "Parallel Aware": false,
                  "Join Type": "Inner",
                  "Startup Cost": 126419.05,
                  "Total Cost": 339088.26,
                  "Plan Rows": 67930,
                  "Plan Width": 47,
                  "Actual Startup Time": 1520.692,
                  "Actual Total Time": 5507.91,
                  "Actual Rows": 473604,
                  "Actual Loops": 1,
                  "Output": [
                    "chn.name",
                    "ci.movie_id",
                    "ci.person_id",
                    "mc.movie_id",
                    "n.name",
                    "n.id"
                  ],
                  "Inner Unique": true,
                  "Plans": [
                    {
                      "Node Type": "Hash Join",
                      "Parent Relationship": "Outer",
                      "Parallel Aware": false,
                      "Join Type": "Inner",
                      "Startup Cost": 126418.62,
                      "Total Cost": 305316.65,
                      "Plan Rows": 67930,
                      "Plan Width": 35,
                      "Actual Startup Time": 1520.62,
                      "Actual Total Time": 4432.613,
                      "Actual Rows": 492566,
                      "Actual Loops": 1,
                      "Output": [
                        "ci.movie_id",
                        "ci.person_id",
                        "ci.person_role_id",
                        "mc.movie_id",
                        "n.name",
                        "n.id"
                      ],
                      "Inner Unique": true,
                      "Hash Cond": "(mc.company_id = cn.id)",
                      "Plans": [
                        {
                          "Node Type": "Nested Loop",
                          "Parent Relationship": "Outer",
                          "Parallel Aware": false,
                          "Join Type": "Inner",
                          "Startup Cost": 119438.56,
                          "Total Cost": 297836.58,
                          "Plan Rows": 190475,
                          "Plan Width": 39,
                          "Actual Startup Time": 1453.214,
                          "Actual Total Time": 4130.611,
                          "Actual Rows": 1087533,
                          "Actual Loops": 1,
                          "Output": [
                            "ci.movie_id",
                            "ci.person_id",
                            "ci.person_role_id",
                            "mc.movie_id",
                            "mc.company_id",
                            "n.name",
                            "n.id"
                          ],
                          "Inner Unique": false,
                          "Plans": [
                            {
                              "Node Type": "Hash Join",
                              "Parent Relationship": "Outer",
                              "Parallel Aware": false,
                              "Join Type": "Inner",
                              "Startup Cost": 119438.13,
                              "Total Cost": 254813.5,
                              "Plan Rows": 72068,
                              "Plan Width": 31,
                              "Actual Startup Time": 1453.127,
                              "Actual Total Time": 3027.901,
                              "Actual Rows": 167781,
                              "Actual Loops": 1,
                              "Output": [
                                "ci.movie_id",
                                "ci.person_id",
                                "ci.person_role_id",
                                "n.name",
                                "n.id"
                              ],
                              "Inner Unique": true,
                              "Hash Cond": "(ci.person_id = n.id)",
                              "Plans": [
                                {
                                  "Node Type": "Nested Loop",
                                  "Parent Relationship": "Outer",
                                  "Parallel Aware": false,
                                  "Join Type": "Inner",
                                  "Startup Cost": 0.56,
                                  "Total Cost": 134535.63,
                                  "Plan Rows": 320115,
                                  "Plan Width": 12,
                                  "Actual Startup Time": 0.153,
                                  "Actual Total Time": 1503.376,
                                  "Actual Rows": 167813,
                                  "Actual Loops": 1,
                                  "Output": [
                                    "ci.movie_id",
                                    "ci.person_id",
                                    "ci.person_role_id"
                                  ],
                                  "Inner Unique": false,
                                  "Plans": [
                                    {
                                      "Node Type": "Seq Scan",
                                      "Parent Relationship": "Outer",
                                      "Parallel Aware": false,
                                      "Relation Name": "role_type",
                                      "Schema": "public",
                                      "Alias": "rt",
                                      "Startup Cost": 0.0,
                                      "Total Cost": 1.15,
                                      "Plan Rows": 1,
                                      "Plan Width": 4,
                                      "Actual Startup Time": 0.011,
                                      "Actual Total Time": 0.015,
                                      "Actual Rows": 1,
                                      "Actual Loops": 1,
                                      "Output": [
                                        "rt.id",
                                        "rt.role"
                                      ],
                                      "Filter": "((rt.role)::text = 'actress'::text)",
                                      "Rows Removed by Filter": 11
                                    },
                                    {
                                      "Node Type": "Index Scan",
                                      "Parent Relationship": "Inner",
                                      "Parallel Aware": false,
                                      "Scan Direction": "Forward",
                                      "Index Name": "role_id_cast_info",
                                      "Relation Name": "cast_info",
                                      "Schema": "public",
                                      "Alias": "ci",
                                      "Startup Cost": 0.56,
                                      "Total Cost": 131042.32,
                                      "Plan Rows": 349216,
                                      "Plan Width": 16,
                                      "Actual Startup Time": 0.138,
                                      "Actual Total Time": 1486.888,
                                      "Actual Rows": 167813,
                                      "Actual Loops": 1,
                                      "Output": [
                                        "ci.id",
                                        "ci.person_id",
                                        "ci.movie_id",
                                        "ci.person_role_id",
                                        "ci.note",
                                        "ci.nr_order",
                                        "ci.role_id"
                                      ],
                                      "Index Cond": "(ci.role_id = rt.id)",
                                      "Rows Removed by Index Recheck": 0,
                                      "Filter": "(ci.note = ANY ('{(uncredited),(producer),(writer),\"(executive producer)\"}'::text[]))",
                                      "Rows Removed by Filter": 7284160
                                    }
                                  ]
                                },
                                {
                                  "Node Type": "Hash",
                                  "Parent Relationship": "Inner",
                                  "Parallel Aware": false,
                                  "Startup Cost": 107709.01,
                                  "Total Cost": 107709.01,
                                  "Plan Rows": 938284,
                                  "Plan Width": 19,
                                  "Actual Startup Time": 1446.085,
                                  "Actual Total Time": 1446.086,
                                  "Actual Rows": 961555,
                                  "Actual Loops": 1,
                                  "Output": [
                                    "n.name",
                                    "n.id"
                                  ],
                                  "Hash Buckets": 1048576,
                                  "Original Hash Buckets": 1048576,
                                  "Hash Batches": 1,
                                  "Original Hash Batches": 1,
                                  "Peak Memory Usage": 58170,
                                  "Plans": [
                                    {
                                      "Node Type": "Seq Scan",
                                      "Parent Relationship": "Outer",
                                      "Parallel Aware": false,
                                      "Relation Name": "name",
                                      "Schema": "public",
                                      "Alias": "n",
                                      "Startup Cost": 0.0,
                                      "Total Cost": 107709.01,
                                      "Plan Rows": 938284,
                                      "Plan Width": 19,
                                      "Actual Startup Time": 486.648,
                                      "Actual Total Time": 1078.857,
                                      "Actual Rows": 961555,
                                      "Actual Loops": 1,
                                      "Output": [
                                        "n.name",
                                        "n.id"
                                      ],
                                      "Filter": "((n.gender)::text = 'f'::text)",
                                      "Rows Removed by Filter": 3205936
                                    }
                                  ]
                                }
                              ]
                            },
                            {
                              "Node Type": "Index Scan",
                              "Parent Relationship": "Inner",
                              "Parallel Aware": false,
                              "Scan Direction": "Forward",
                              "Index Name": "movie_id_movie_companies",
                              "Relation Name": "movie_companies",
                              "Schema": "public",
                              "Alias": "mc",
                              "Startup Cost": 0.43,
                              "Total Cost": 0.55,
                              "Plan Rows": 5,
                              "Plan Width": 8,
                              "Actual Startup Time": 0.004,
                              "Actual Total Time": 0.006,
                              "Actual Rows": 6,
                              "Actual Loops": 167781,
                              "Output": [
                                "mc.id",
                                "mc.movie_id",
                                "mc.company_id",
                                "mc.company_type_id",
                                "mc.note"
                              ],
                              "Index Cond": "(mc.movie_id = ci.movie_id)",
                              "Rows Removed by Index Recheck": 0
                            }
                          ]
                        },
                        {
                          "Node Type": "Hash",
                          "Parent Relationship": "Inner",
                          "Parallel Aware": false,
                          "Startup Cost": 5932.46,
                          "Total Cost": 5932.46,
                          "Plan Rows": 83808,
                          "Plan Width": 4,
                          "Actual Startup Time": 66.455,
                          "Actual Total Time": 66.461,
                          "Actual Rows": 84843,
                          "Actual Loops": 1,
                          "Output": [
                            "cn.id"
                          ],
                          "Hash Buckets": 131072,
                          "Original Hash Buckets": 131072,
                          "Hash Batches": 1,
                          "Original Hash Batches": 1,
                          "Peak Memory Usage": 4007,
                          "Plans": [
                            {
                              "Node Type": "Seq Scan",
                              "Parent Relationship": "Outer",
                              "Parallel Aware": false,
                              "Relation Name": "company_name",
                              "Schema": "public",
                              "Alias": "cn",
                              "Startup Cost": 0.0,
                              "Total Cost": 5932.46,
                              "Plan Rows": 83808,
                              "Plan Width": 4,
                              "Actual Startup Time": 0.034,
                              "Actual Total Time": 45.983,
                              "Actual Rows": 84843,
                              "Actual Loops": 1,
                              "Output": [
                                "cn.id"
                              ],
                              "Filter": "((cn.country_code)::text = '[us]'::text)",
                              "Rows Removed by Filter": 150154
                            }
                          ]
                        }
                      ]
                    },
                    {
                      "Node Type": "Index Scan",
                      "Parent Relationship": "Inner",
                      "Parallel Aware": false,
                      "Scan Direction": "Forward",
                      "Index Name": "char_name_pkey",
                      "Relation Name": "char_name",
                      "Schema": "public",
                      "Alias": "chn",
                      "Startup Cost": 0.43,
                      "Total Cost": 0.5,
                      "Plan Rows": 1,
                      "Plan Width": 20,
                      "Actual Startup Time": 0.002,
                      "Actual Total Time": 0.002,
                      "Actual Rows": 1,
                      "Actual Loops": 492566,
                      "Output": [
                        "chn.id",
                        "chn.name",
                        "chn.imdb_index",
                        "chn.imdb_id",
                        "chn.name_pcode_nf",
                        "chn.surname_pcode",
                        "chn.md5sum"
                      ],
                      "Index Cond": "(chn.id = ci.person_role_id)",
                      "Rows Removed by Index Recheck": 0
                    }
                  ]
                },
                {
                  "Node Type": "Index Scan",
                  "Parent Relationship": "Inner",
                  "Parallel Aware": false,
                  "Scan Direction": "Forward",
                  "Index Name": "title_pkey",
                  "Relation Name": "title",
                  "Schema": "public",
                  "Alias": "t",
                  "Startup Cost": 0.43,
                  "Total Cost": 0.49,
                  "Plan Rows": 1,
                  "Plan Width": 21,
                  "Actual Startup Time": 0.002,
                  "Actual Total Time": 0.002,
                  "Actual Rows": 1,
                  "Actual Loops": 473604,
                  "Output": [
                    "t.id",
                    "t.title",
                    "t.imdb_index",
                    "t.kind_id",
                    "t.production_year",
                    "t.imdb_id",
                    "t.phonetic_code",
                    "t.episode_of_id",
                    "t.season_nr",
                    "t.episode_nr",
                    "t.series_years",
                    "t.md5sum"
                  ],
                  "Index Cond": "(t.id = ci.movie_id)",
                  "Rows Removed by Index Recheck": 0
                }
              ]
            },
            {
              "Node Type": "Hash",
              "Parent Relationship": "Inner",
              "Parallel Aware": false,
              "Startup Cost": 20409.43,
              "Total Cost": 20409.43,
              "Plan Rows": 901343,
              "Plan Width": 20,
              "Actual Startup Time": 606.93,
              "Actual Total Time": 606.931,
              "Actual Rows": 901343,
              "Actual Loops": 1,
              "Output": [
                "an.name",
                "an.person_id"
              ],
              "Hash Buckets": 1048576,
              "Original Hash Buckets": 1048576,
              "Hash Batches": 1,
              "Original Hash Batches": 1,
              "Peak Memory Usage": 55917,
              "Plans": [
                {
                  "Node Type": "Seq Scan",
                  "Parent Relationship": "Outer",
                  "Parallel Aware": false,
                  "Relation Name": "aka_name",
                  "Schema": "public",
                  "Alias": "an",
                  "Startup Cost": 0.0,
                  "Total Cost": 20409.43,
                  "Plan Rows": 901343,
                  "Plan Width": 20,
                  "Actual Startup Time": 0.042,
                  "Actual Total Time": 301.316,
                  "Actual Rows": 901343,
                  "Actual Loops": 1,
                  "Output": [
                    "an.name",
                    "an.person_id"
                  ]
                }
              ]
            }
          ]
        }
      ]
    },
    "Planning Time": 58752.309,
    "Triggers": [],
    "Execution Time": 7281.721
  }
]