[
  {
    "Plan": {
      "Node Type": "Aggregate",
      "Strategy": "Plain",
      "Partial Mode": "Finalize",
      "Parallel Aware": false,
      "Startup Cost": 46361.68,
      "Total Cost": 46361.69,
      "Plan Rows": 1,
      "Plan Width": 8,
      "Actual Startup Time": 164.431,
      "Actual Total Time": 172.988,
      "Actual Rows": 1,
      "Actual Loops": 1,
      "Plans": [
        {
          "Node Type": "Gather",
          "Parent Relationship": "Outer",
          "Parallel Aware": false,
          "Startup Cost": 46361.36,
          "Total Cost": 46361.67,
          "Plan Rows": 3,
          "Plan Width": 8,
          "Actual Startup Time": 164.284,
          "Actual Total Time": 172.977,
          "Actual Rows": 4,
          "Actual Loops": 1,
          "Workers Planned": 3,
          "Workers Launched": 3,
          "Single Copy": false,
          "Plans": [
            {
              "Node Type": "Aggregate",
              "Strategy": "Plain",
              "Partial Mode": "Partial",
              "Parent Relationship": "Outer",
              "Parallel Aware": false,
              "Startup Cost": 45361.36,
              "Total Cost": 45361.37,
              "Plan Rows": 1,
              "Plan Width": 8,
              "Actual Startup Time": 159.376,
              "Actual Total Time": 159.377,
              "Actual Rows": 1,
              "Actual Loops": 4,
              "Plans": [
                {
                  "Node Type": "Seq Scan",
                  "Parent Relationship": "Outer",
                  "Parallel Aware": true,
                  "Relation Name": "movie_keyword",
                  "Alias": "mk",
                  "Startup Cost": 0.0,
                  "Total Cost": 42695.65,
                  "Plan Rows": 1066284,
                  "Plan Width": 0,
                  "Actual Startup Time": 0.102,
                  "Actual Total Time": 120.613,
                  "Actual Rows": 827307,
                  "Actual Loops": 4,
                  "Filter": "(keyword_id > 1529)",
                  "Rows Removed by Filter": 303675
                }
              ]
            }
          ]
        }
      ]
    },
    "Planning Time": 0.099,
    "Triggers": [],
    "Execution Time": 173.021
  }
]