[
  {
    "Plan": {
      "Node Type": "Aggregate",
      "Strategy": "Plain",
      "Partial Mode": "Finalize",
      "Parallel Aware": false,
      "Startup Cost": 46371.09,
      "Total Cost": 46371.1,
      "Plan Rows": 1,
      "Plan Width": 8,
      "Actual Startup Time": 173.171,
      "Actual Total Time": 182.444,
      "Actual Rows": 1,
      "Actual Loops": 1,
      "Plans": [
        {
          "Node Type": "Gather",
          "Parent Relationship": "Outer",
          "Parallel Aware": false,
          "Startup Cost": 46370.77,
          "Total Cost": 46371.08,
          "Plan Rows": 3,
          "Plan Width": 8,
          "Actual Startup Time": 173.087,
          "Actual Total Time": 182.435,
          "Actual Rows": 4,
          "Actual Loops": 1,
          "Workers Planned": 3,
          "Workers Launched": 3,
          "Single Copy": false,
          "Plans": [
            {
              "Node Type": "Aggregate",
              "Strategy": "Plain",
              "Partial Mode": "Partial",
              "Parent Relationship": "Outer",
              "Parallel Aware": false,
              "Startup Cost": 45370.77,
              "Total Cost": 45370.78,
              "Plan Rows": 1,
              "Plan Width": 8,
              "Actual Startup Time": 167.208,
              "Actual Total Time": 167.209,
              "Actual Rows": 1,
              "Actual Loops": 4,
              "Plans": [
                {
                  "Node Type": "Seq Scan",
                  "Parent Relationship": "Outer",
                  "Parallel Aware": true,
                  "Relation Name": "movie_keyword",
                  "Alias": "mk",
                  "Startup Cost": 0.0,
                  "Total Cost": 42695.65,
                  "Plan Rows": 1070046,
                  "Plan Width": 0,
                  "Actual Startup Time": 0.157,
                  "Actual Total Time": 127.484,
                  "Actual Rows": 827307,
                  "Actual Loops": 4,
                  "Filter": "(keyword_id > 1529)",
                  "Rows Removed by Filter": 303675
                }
              ]
            }
          ]
        }
      ]
    },
    "Planning Time": 0.194,
    "Triggers": [],
    "Execution Time": 182.503
  }
]