[
  {
    "Plan": {
      "Node Type": "Aggregate",
      "Strategy": "Plain",
      "Partial Mode": "Finalize",
      "Parallel Aware": false,
      "Startup Cost": 31883.06,
      "Total Cost": 31883.07,
      "Plan Rows": 1,
      "Plan Width": 8,
      "Actual Startup Time": 116.959,
      "Actual Total Time": 125.679,
      "Actual Rows": 1,
      "Actual Loops": 1,
      "Plans": [
        {
          "Node Type": "Gather",
          "Parent Relationship": "Outer",
          "Parallel Aware": false,
          "Startup Cost": 31882.74,
          "Total Cost": 31883.05,
          "Plan Rows": 3,
          "Plan Width": 8,
          "Actual Startup Time": 116.823,
          "Actual Total Time": 125.672,
          "Actual Rows": 4,
          "Actual Loops": 1,
          "Workers Planned": 3,
          "Workers Launched": 3,
          "Single Copy": false,
          "Plans": [
            {
              "Node Type": "Aggregate",
              "Strategy": "Plain",
              "Partial Mode": "Partial",
              "Parent Relationship": "Outer",
              "Parallel Aware": false,
              "Startup Cost": 30882.74,
              "Total Cost": 30882.75,
              "Plan Rows": 1,
              "Plan Width": 8,
              "Actual Startup Time": 109.693,
              "Actual Total Time": 109.695,
              "Actual Rows": 1,
              "Actual Loops": 4,
              "Plans": [
                {
                  "Node Type": "Seq Scan",
                  "Parent Relationship": "Outer",
                  "Parallel Aware": true,
                  "Relation Name": "movie_companies",
                  "Alias": "mc",
                  "Startup Cost": 0.0,
                  "Total Cost": 29310.68,
                  "Plan Rows": 628824,
                  "Plan Width": 0,
                  "Actual Startup Time": 0.044,
                  "Actual Total Time": 84.757,
                  "Actual Rows": 484212,
                  "Actual Loops": 4,
                  "Filter": "(company_id < 50137)",
                  "Rows Removed by Filter": 168070
                }
              ]
            }
          ]
        }
      ]
    },
    "Planning Time": 0.184,
    "Triggers": [],
    "Execution Time": 125.734
  }
]