[
  {
    "Plan": {
      "Node Type": "Aggregate",
      "Strategy": "Plain",
      "Partial Mode": "Finalize",
      "Parallel Aware": false,
      "Startup Cost": 470695.64,
      "Total Cost": 470695.65,
      "Plan Rows": 1,
      "Plan Width": 8,
      "Actual Startup Time": 2108.716,
      "Actual Total Time": 2175.37,
      "Actual Rows": 1,
      "Actual Loops": 1,
      "Plans": [
        {
          "Node Type": "Gather",
          "Parent Relationship": "Outer",
          "Parallel Aware": false,
          "Startup Cost": 470695.02,
          "Total Cost": 470695.63,
          "Plan Rows": 6,
          "Plan Width": 8,
          "Actual Startup Time": 2084.395,
          "Actual Total Time": 2175.358,
          "Actual Rows": 7,
          "Actual Loops": 1,
          "Workers Planned": 6,
          "Workers Launched": 6,
          "Single Copy": false,
          "Plans": [
            {
              "Node Type": "Aggregate",
              "Strategy": "Plain",
              "Partial Mode": "Partial",
              "Parent Relationship": "Outer",
              "Parallel Aware": false,
              "Startup Cost": 469695.02,
              "Total Cost": 469695.03,
              "Plan Rows": 1,
              "Plan Width": 8,
              "Actual Startup Time": 2061.426,
              "Actual Total Time": 2061.432,
              "Actual Rows": 1,
              "Actual Loops": 7,
              "Plans": [
                {
                  "Node Type": "Hash Join",
                  "Parent Relationship": "Outer",
                  "Parallel Aware": true,
                  "Join Type": "Inner",
                  "Startup Cost": 104203.12,
                  "Total Cost": 459532.69,
                  "Plan Rows": 4064932,
                  "Plan Width": 0,
                  "Actual Startup Time": 529.96,
                  "Actual Total Time": 1921.234,
                  "Actual Rows": 3040520,
                  "Actual Loops": 7,
                  "Inner Unique": false,
                  "Hash Cond": "(ci.movie_id = t.id)",
                  "Plans": [
                    {
                      "Node Type": "Seq Scan",
                      "Parent Relationship": "Outer",
                      "Parallel Aware": true,
                      "Relation Name": "cast_info",
                      "Alias": "ci",
                      "Startup Cost": 0.0,
                      "Total Cost": 328162.03,
                      "Plan Rows": 3747962,
                      "Plan Width": 4,
                      "Actual Startup Time": 137.025,
                      "Actual Total Time": 621.354,
                      "Actual Rows": 3211644,
                      "Actual Loops": 7,
                      "Filter": "(person_id > 1355598)",
                      "Rows Removed by Filter": 1966120
                    },
                    {
                      "Node Type": "Hash",
                      "Parent Relationship": "Inner",
                      "Parallel Aware": true,
                      "Startup Cost": 93146.2,
                      "Total Cost": 93146.2,
                      "Plan Rows": 884553,
                      "Plan Width": 8,
                      "Actual Startup Time": 386.053,
                      "Actual Total Time": 386.057,
                      "Actual Rows": 169697,
                      "Actual Loops": 7,
                      "Hash Buckets": 4194304,
                      "Original Hash Buckets": 4194304,
                      "Hash Batches": 1,
                      "Original Hash Batches": 1,
                      "Peak Memory Usage": 79392,
                      "Plans": [
                        {
                          "Node Type": "Hash Join",
                          "Parent Relationship": "Outer",
                          "Parallel Aware": true,
                          "Join Type": "Inner",
                          "Startup Cost": 50268.12,
                          "Total Cost": 93146.2,
                          "Plan Rows": 884553,
                          "Plan Width": 8,
                          "Actual Startup Time": 180.775,
                          "Actual Total Time": 323.185,
                          "Actual Rows": 169697,
                          "Actual Loops": 7,
                          "Inner Unique": true,
                          "Hash Cond": "(mk.movie_id = t.id)",
                          "Plans": [
                            {
                              "Node Type": "Seq Scan",
                              "Parent Relationship": "Outer",
                              "Parallel Aware": true,
                              "Relation Name": "movie_keyword",
                              "Alias": "mk",
                              "Startup Cost": 0.0,
                              "Total Cost": 39047.32,
                              "Plan Rows": 1459332,
                              "Plan Width": 4,
                              "Actual Startup Time": 0.028,
                              "Actual Total Time": 57.273,
                              "Actual Rows": 646276,
                              "Actual Loops": 7
                            },
                            {
                              "Node Type": "Hash",
                              "Parent Relationship": "Inner",
                              "Parallel Aware": true,
                              "Startup Cost": 45479.1,
                              "Total Cost": 45479.1,
                              "Plan Rows": 383122,
                              "Plan Width": 4,
                              "Actual Startup Time": 178.939,
                              "Actual Total Time": 178.94,
                              "Actual Rows": 229823,
                              "Actual Loops": 7,
                              "Hash Buckets": 2097152,
                              "Original Hash Buckets": 2097152,
                              "Hash Batches": 1,
                              "Original Hash Batches": 1,
                              "Peak Memory Usage": 79392,
                              "Plans": [
                                {
                                  "Node Type": "Seq Scan",
                                  "Parent Relationship": "Outer",
                                  "Parallel Aware": true,
                                  "Relation Name": "title",
                                  "Alias": "t",
                                  "Startup Cost": 0.0,
                                  "Total Cost": 45479.1,
                                  "Plan Rows": 383122,
                                  "Plan Width": 4,
                                  "Actual Startup Time": 0.05,
                                  "Actual Total Time": 77.476,
                                  "Actual Rows": 229823,
                                  "Actual Loops": 7,
                                  "Filter": "((kind_id > 3) AND (production_year > 1940))",
                                  "Rows Removed by Filter": 131365
                                }
                              ]
                            }
                          ]
                        }
                      ]
                    }
                  ]
                }
              ]
            }
          ]
        }
      ]
    },
    "Planning Time": 1.349,
    "Triggers": [],
    "Execution Time": 2175.474
  }
]