[
  {
    "Plan": {
      "Node Type": "Aggregate",
      "Strategy": "Plain",
      "Partial Mode": "Finalize",
      "Parallel Aware": false,
      "Startup Cost": 120602.91,
      "Total Cost": 120602.92,
      "Plan Rows": 1,
      "Plan Width": 8,
      "Actual Startup Time": 215.941,
      "Actual Total Time": 229.728,
      "Actual Rows": 1,
      "Actual Loops": 1,
      "Plans": [
        {
          "Node Type": "Gather",
          "Parent Relationship": "Outer",
          "Parallel Aware": false,
          "Startup Cost": 120602.69,
          "Total Cost": 120602.9,
          "Plan Rows": 2,
          "Plan Width": 8,
          "Actual Startup Time": 215.655,
          "Actual Total Time": 229.719,
          "Actual Rows": 3,
          "Actual Loops": 1,
          "Workers Planned": 2,
          "Workers Launched": 2,
          "Single Copy": false,
          "Plans": [
            {
              "Node Type": "Aggregate",
              "Strategy": "Plain",
              "Partial Mode": "Partial",
              "Parent Relationship": "Outer",
              "Parallel Aware": false,
              "Startup Cost": 119602.69,
              "Total Cost": 119602.7,
              "Plan Rows": 1,
              "Plan Width": 8,
              "Actual Startup Time": 207.758,
              "Actual Total Time": 207.762,
              "Actual Rows": 1,
              "Actual Loops": 3,
              "Plans": [
                {
                  "Node Type": "Nested Loop",
                  "Parent Relationship": "Outer",
                  "Parallel Aware": false,
                  "Join Type": "Inner",
                  "Startup Cost": 45835.42,
                  "Total Cost": 119348.8,
                  "Plan Rows": 101557,
                  "Plan Width": 0,
                  "Actual Startup Time": 120.296,
                  "Actual Total Time": 207.35,
                  "Actual Rows": 7083,
                  "Actual Loops": 3,
                  "Inner Unique": false,
                  "Join Filter": "(t.id = mi.movie_id)",
                  "Rows Removed by Join Filter": 0,
                  "Plans": [
                    {
                      "Node Type": "Hash Join",
                      "Parent Relationship": "Outer",
                      "Parallel Aware": true,
                      "Join Type": "Inner",
                      "Startup Cost": 45834.99,
                      "Total Cost": 61029.55,
                      "Plan Rows": 25901,
                      "Plan Width": 8,
                      "Actual Startup Time": 120.224,
                      "Actual Total Time": 197.988,
                      "Actual Rows": 1043,
                      "Actual Loops": 3,
                      "Inner Unique": true,
                      "Hash Cond": "(mi_idx.movie_id = t.id)",
                      "Plans": [
                        {
                          "Node Type": "Seq Scan",
                          "Parent Relationship": "Outer",
                          "Parallel Aware": true,
                          "Relation Name": "movie_info_idx",
                          "Alias": "mi_idx",
                          "Startup Cost": 0.0,
                          "Total Cost": 13685.15,
                          "Plan Rows": 575015,
                          "Plan Width": 4,
                          "Actual Startup Time": 0.022,
                          "Actual Total Time": 38.573,
                          "Actual Rows": 460012,
                          "Actual Loops": 3
                        },
                        {
                          "Node Type": "Hash",
                          "Parent Relationship": "Inner",
                          "Parallel Aware": true,
                          "Startup Cost": 45479.1,
                          "Total Cost": 45479.1,
                          "Plan Rows": 28471,
                          "Plan Width": 4,
                          "Actual Startup Time": 117.413,
                          "Actual Total Time": 117.414,
                          "Actual Rows": 5972,
                          "Actual Loops": 3,
                          "Hash Buckets": 131072,
                          "Original Hash Buckets": 131072,
                          "Hash Batches": 1,
                          "Original Hash Batches": 1,
                          "Peak Memory Usage": 1760,
                          "Plans": [
                            {
                              "Node Type": "Seq Scan",
                              "Parent Relationship": "Outer",
                              "Parallel Aware": true,
                              "Relation Name": "title",
                              "Alias": "t",
                              "Startup Cost": 0.0,
                              "Total Cost": 45479.1,
                              "Plan Rows": 28471,
                              "Plan Width": 4,
                              "Actual Startup Time": 0.067,
                              "Actual Total Time": 114.178,
                              "Actual Rows": 5972,
                              "Actual Loops": 3,
                              "Filter": "((production_year < 1955) AND (kind_id = 7))",
                              "Rows Removed by Filter": 836799
                            }
                          ]
                        }
                      ]
                    },
                    {
                      "Node Type": "Index Scan",
                      "Parent Relationship": "Inner",
                      "Parallel Aware": false,
                      "Scan Direction": "Forward",
                      "Index Name": "movie_id_movie_info",
                      "Relation Name": "movie_info",
                      "Alias": "mi",
                      "Startup Cost": 0.43,
                      "Total Cost": 1.9,
                      "Plan Rows": 28,
                      "Plan Width": 4,
                      "Actual Startup Time": 0.004,
                      "Actual Total Time": 0.008,
                      "Actual Rows": 7,
                      "Actual Loops": 3129,
                      "Index Cond": "(movie_id = mi_idx.movie_id)",
                      "Rows Removed by Index Recheck": 0,
                      "Filter": "(info_type_id > 4)",
                      "Rows Removed by Filter": 2
                    }
                  ]
                }
              ]
            }
          ]
        }
      ]
    },
    "Planning Time": 1.416,
    "Triggers": [],
    "Execution Time": 229.815
  }
]