[
  {
    "Plan": {
      "Node Type": "Aggregate",
      "Strategy": "Plain",
      "Partial Mode": "Finalize",
      "Parallel Aware": false,
      "Startup Cost": 79916.57,
      "Total Cost": 79916.58,
      "Plan Rows": 1,
      "Plan Width": 8,
      "Actual Startup Time": 224.689,
      "Actual Total Time": 240.838,
      "Actual Rows": 1,
      "Actual Loops": 1,
      "Plans": [
        {
          "Node Type": "Gather",
          "Parent Relationship": "Outer",
          "Parallel Aware": false,
          "Startup Cost": 79916.15,
          "Total Cost": 79916.56,
          "Plan Rows": 4,
          "Plan Width": 8,
          "Actual Startup Time": 223.054,
          "Actual Total Time": 240.827,
          "Actual Rows": 5,
          "Actual Loops": 1,
          "Workers Planned": 4,
          "Workers Launched": 4,
          "Single Copy": false,
          "Plans": [
            {
              "Node Type": "Aggregate",
              "Strategy": "Plain",
              "Partial Mode": "Partial",
              "Parent Relationship": "Outer",
              "Parallel Aware": false,
              "Startup Cost": 78916.15,
              "Total Cost": 78916.16,
              "Plan Rows": 1,
              "Plan Width": 8,
              "Actual Startup Time": 214.219,
              "Actual Total Time": 214.222,
              "Actual Rows": 1,
              "Actual Loops": 5,
              "Plans": [
                {
                  "Node Type": "Hash Join",
                  "Parent Relationship": "Outer",
                  "Parallel Aware": true,
                  "Join Type": "Inner",
                  "Startup Cost": 33489.18,
                  "Total Cost": 78790.07,
                  "Plan Rows": 50432,
                  "Plan Width": 0,
                  "Actual Startup Time": 93.9,
                  "Actual Total Time": 212.667,
                  "Actual Rows": 30561,
                  "Actual Loops": 5,
                  "Inner Unique": false,
                  "Hash Cond": "(t.id = mc.movie_id)",
                  "Plans": [
                    {
                      "Node Type": "Seq Scan",
                      "Parent Relationship": "Outer",
                      "Parallel Aware": true,
                      "Relation Name": "title",
                      "Alias": "t",
                      "Startup Cost": 0.0,
                      "Total Cost": 43898.92,
                      "Plan Rows": 247857,
                      "Plan Width": 4,
                      "Actual Startup Time": 0.019,
                      "Actual Total Time": 72.009,
                      "Actual Rows": 197010,
                      "Actual Loops": 5,
                      "Filter": "(kind_id < 7)",
                      "Rows Removed by Filter": 308653
                    },
                    {
                      "Node Type": "Hash",
                      "Parent Relationship": "Inner",
                      "Parallel Aware": true,
                      "Startup Cost": 31414.82,
                      "Total Cost": 31414.82,
                      "Plan Rows": 165949,
                      "Plan Width": 4,
                      "Actual Startup Time": 90.759,
                      "Actual Total Time": 90.761,
                      "Actual Rows": 61262,
                      "Actual Loops": 5,
                      "Hash Buckets": 524288,
                      "Original Hash Buckets": 524288,
                      "Hash Batches": 1,
                      "Original Hash Batches": 1,
                      "Peak Memory Usage": 16128,
                      "Plans": [
                        {
                          "Node Type": "Seq Scan",
                          "Parent Relationship": "Outer",
                          "Parallel Aware": true,
                          "Relation Name": "movie_companies",
                          "Alias": "mc",
                          "Startup Cost": 0.0,
                          "Total Cost": 31414.82,
                          "Plan Rows": 165949,
                          "Plan Width": 4,
                          "Actual Startup Time": 43.679,
                          "Actual Total Time": 69.752,
                          "Actual Rows": 61262,
                          "Actual Loops": 5,
                          "Filter": "((company_id < 5059) AND (company_type_id > 1))",
                          "Rows Removed by Filter": 460564
                        }
                      ]
                    }
                  ]
                }
              ]
            }
          ]
        }
      ]
    },
    "Planning Time": 0.671,
    "Triggers": [],
    "Execution Time": 240.917
  }
]