[
  {
    "Plan": {
      "Node Type": "Aggregate",
      "Strategy": "Plain",
      "Partial Mode": "Finalize",
      "Parallel Aware": false,
      "Startup Cost": 46657.98,
      "Total Cost": 46657.99,
      "Plan Rows": 1,
      "Plan Width": 8,
      "Actual Startup Time": 92.699,
      "Actual Total Time": 101.799,
      "Actual Rows": 1,
      "Actual Loops": 1,
      "Plans": [
        {
          "Node Type": "Gather",
          "Parent Relationship": "Outer",
          "Parallel Aware": false,
          "Startup Cost": 46657.56,
          "Total Cost": 46657.97,
          "Plan Rows": 4,
          "Plan Width": 8,
          "Actual Startup Time": 92.427,
          "Actual Total Time": 101.79,
          "Actual Rows": 5,
          "Actual Loops": 1,
          "Workers Planned": 4,
          "Workers Launched": 4,
          "Single Copy": false,
          "Plans": [
            {
              "Node Type": "Aggregate",
              "Strategy": "Plain",
              "Partial Mode": "Partial",
              "Parent Relationship": "Outer",
              "Parallel Aware": false,
              "Startup Cost": 45657.56,
              "Total Cost": 45657.57,
              "Plan Rows": 1,
              "Plan Width": 8,
              "Actual Startup Time": 86.017,
              "Actual Total Time": 86.018,
              "Actual Rows": 1,
              "Actual Loops": 5,
              "Plans": [
                {
                  "Node Type": "Seq Scan",
                  "Parent Relationship": "Outer",
                  "Parallel Aware": true,
                  "Relation Name": "title",
                  "Alias": "t",
                  "Startup Cost": 0.0,
                  "Total Cost": 45479.1,
                  "Plan Rows": 71385,
                  "Plan Width": 0,
                  "Actual Startup Time": 0.048,
                  "Actual Total Time": 81.883,
                  "Actual Rows": 84709,
                  "Actual Loops": 5,
                  "Filter": "((kind_id < 4) AND (production_year < 1996))",
                  "Rows Removed by Filter": 420953
                }
              ]
            }
          ]
        }
      ]
    },
    "Planning Time": 0.192,
    "Triggers": [],
    "Execution Time": 101.862
  }
]