[
  {
    "Plan": {
      "Node Type": "Aggregate",
      "Strategy": "Plain",
      "Partial Mode": "Finalize",
      "Parallel Aware": false,
      "Startup Cost": 39871.35,
      "Total Cost": 39871.36,
      "Plan Rows": 1,
      "Plan Width": 8,
      "Actual Startup Time": 76.043,
      "Actual Total Time": 84.005,
      "Actual Rows": 1,
      "Actual Loops": 1,
      "Plans": [
        {
          "Node Type": "Gather",
          "Parent Relationship": "Outer",
          "Parallel Aware": false,
          "Startup Cost": 39870.93,
          "Total Cost": 39871.34,
          "Plan Rows": 4,
          "Plan Width": 8,
          "Actual Startup Time": 75.52,
          "Actual Total Time": 83.998,
          "Actual Rows": 5,
          "Actual Loops": 1,
          "Workers Planned": 4,
          "Workers Launched": 4,
          "Single Copy": false,
          "Plans": [
            {
              "Node Type": "Aggregate",
              "Strategy": "Plain",
              "Partial Mode": "Partial",
              "Parent Relationship": "Outer",
              "Parallel Aware": false,
              "Startup Cost": 38870.93,
              "Total Cost": 38870.94,
              "Plan Rows": 1,
              "Plan Width": 8,
              "Actual Startup Time": 64.999,
              "Actual Total Time": 65.001,
              "Actual Rows": 1,
              "Actual Loops": 5,
              "Plans": [
                {
                  "Node Type": "Nested Loop",
                  "Parent Relationship": "Outer",
                  "Parallel Aware": false,
                  "Join Type": "Inner",
                  "Startup Cost": 1617.5,
                  "Total Cost": 38870.69,
                  "Plan Rows": 95,
                  "Plan Width": 0,
                  "Actual Startup Time": 26.507,
                  "Actual Total Time": 64.967,
                  "Actual Rows": 380,
                  "Actual Loops": 5,
                  "Inner Unique": false,
                  "Join Filter": "(t.id = mk.movie_id)",
                  "Rows Removed by Join Filter": 0,
                  "Plans": [
                    {
                      "Node Type": "Nested Loop",
                      "Parent Relationship": "Outer",
                      "Parallel Aware": false,
                      "Join Type": "Inner",
                      "Startup Cost": 1617.06,
                      "Total Cost": 38769.2,
                      "Plan Rows": 53,
                      "Plan Width": 8,
                      "Actual Startup Time": 26.334,
                      "Actual Total Time": 64.076,
                      "Actual Rows": 79,
                      "Actual Loops": 5,
                      "Inner Unique": false,
                      "Plans": [
                        {
                          "Node Type": "Bitmap Heap Scan",
                          "Parent Relationship": "Outer",
                          "Parallel Aware": true,
                          "Relation Name": "title",
                          "Alias": "t",
                          "Startup Cost": 1616.64,
                          "Total Cost": 37954.69,
                          "Plan Rows": 98,
                          "Plan Width": 4,
                          "Actual Startup Time": 19.558,
                          "Actual Total Time": 62.54,
                          "Actual Rows": 91,
                          "Actual Loops": 5,
                          "Recheck Cond": "(kind_id = 2)",
                          "Rows Removed by Index Recheck": 0,
                          "Filter": "(production_year = 1964)",
                          "Rows Removed by Filter": 18079,
                          "Exact Heap Blocks": 14194,
                          "Lossy Heap Blocks": 0,
                          "Plans": [
                            {
                              "Node Type": "Bitmap Index Scan",
                              "Parent Relationship": "Outer",
                              "Parallel Aware": false,
                              "Index Name": "kind_id_title",
                              "Startup Cost": 0.0,
                              "Total Cost": 1616.54,
                              "Plan Rows": 90681,
                              "Plan Width": 0,
                              "Actual Startup Time": 20.164,
                              "Actual Total Time": 20.165,
                              "Actual Rows": 90852,
                              "Actual Loops": 1,
                              "Index Cond": "(kind_id = 2)"
                            }
                          ]
                        },
                        {
                          "Node Type": "Index Only Scan",
                          "Parent Relationship": "Inner",
                          "Parallel Aware": false,
                          "Scan Direction": "Forward",
                          "Index Name": "movie_id_movie_info_idx",
                          "Relation Name": "movie_info_idx",
                          "Alias": "mi_idx",
                          "Startup Cost": 0.43,
                          "Total Cost": 8.28,
                          "Plan Rows": 3,
                          "Plan Width": 4,
                          "Actual Startup Time": 0.015,
                          "Actual Total Time": 0.016,
                          "Actual Rows": 1,
                          "Actual Loops": 456,
                          "Index Cond": "(movie_id = t.id)",
                          "Rows Removed by Index Recheck": 0,
                          "Heap Fetches": 396
                        }
                      ]
                    },
                    {
                      "Node Type": "Index Only Scan",
                      "Parent Relationship": "Inner",
                      "Parallel Aware": false,
                      "Scan Direction": "Forward",
                      "Index Name": "movie_id_movie_keyword",
                      "Relation Name": "movie_keyword",
                      "Alias": "mk",
                      "Startup Cost": 0.43,
                      "Total Cost": 1.35,
                      "Plan Rows": 45,
                      "Plan Width": 4,
                      "Actual Startup Time": 0.009,
                      "Actual Total Time": 0.01,
                      "Actual Rows": 5,
                      "Actual Loops": 396,
                      "Index Cond": "(movie_id = mi_idx.movie_id)",
                      "Rows Removed by Index Recheck": 0,
                      "Heap Fetches": 1902
                    }
                  ]
                }
              ]
            }
          ]
        }
      ]
    },
    "Planning Time": 1.393,
    "Triggers": [],
    "Execution Time": 84.12
  }
]