[
  {
    "Plan": {
      "Node Type": "Aggregate",
      "Strategy": "Plain",
      "Partial Mode": "Simple",
      "Parallel Aware": false,
      "Startup Cost": 3398.01,
      "Total Cost": 3398.02,
      "Plan Rows": 1,
      "Plan Width": 8,
      "Actual Startup Time": 13.162,
      "Actual Total Time": 13.165,
      "Actual Rows": 1,
      "Actual Loops": 1,
      "Plans": [
        {
          "Node Type": "Nested Loop",
          "Parent Relationship": "Outer",
          "Parallel Aware": false,
          "Join Type": "Inner",
          "Startup Cost": 7.36,
          "Total Cost": 3392.77,
          "Plan Rows": 2097,
          "Plan Width": 0,
          "Actual Startup Time": 1.763,
          "Actual Total Time": 12.954,
          "Actual Rows": 2217,
          "Actual Loops": 1,
          "Inner Unique": false,
          "Plans": [
            {
              "Node Type": "Nested Loop",
              "Parent Relationship": "Outer",
              "Parallel Aware": false,
              "Join Type": "Inner",
              "Startup Cost": 6.79,
              "Total Cost": 3019.22,
              "Plan Rows": 146,
              "Plan Width": 8,
              "Actual Startup Time": 1.737,
              "Actual Total Time": 6.594,
              "Actual Rows": 42,
              "Actual Loops": 1,
              "Inner Unique": true,
              "Plans": [
                {
                  "Node Type": "Bitmap Heap Scan",
                  "Parent Relationship": "Outer",
                  "Parallel Aware": false,
                  "Relation Name": "movie_keyword",
                  "Alias": "mk",
                  "Startup Cost": 6.36,
                  "Total Cost": 926.55,
                  "Plan Rows": 249,
                  "Plan Width": 4,
                  "Actual Startup Time": 1.709,
                  "Actual Total Time": 2.877,
                  "Actual Rows": 462,
                  "Actual Loops": 1,
                  "Recheck Cond": "(keyword_id = 14075)",
                  "Rows Removed by Index Recheck": 0,
                  "Exact Heap Blocks": 450,
                  "Lossy Heap Blocks": 0,
                  "Plans": [
                    {
                      "Node Type": "Bitmap Index Scan",
                      "Parent Relationship": "Outer",
                      "Parallel Aware": false,
                      "Index Name": "keyword_id_movie_keyword",
                      "Startup Cost": 0.0,
                      "Total Cost": 6.3,
                      "Plan Rows": 249,
                      "Plan Width": 0,
                      "Actual Startup Time": 1.637,
                      "Actual Total Time": 1.638,
                      "Actual Rows": 462,
                      "Actual Loops": 1,
                      "Index Cond": "(keyword_id = 14075)"
                    }
                  ]
                },
                {
                  "Node Type": "Index Scan",
                  "Parent Relationship": "Inner",
                  "Parallel Aware": false,
                  "Scan Direction": "Forward",
                  "Index Name": "title_pkey",
                  "Relation Name": "title",
                  "Alias": "t",
                  "Startup Cost": 0.43,
                  "Total Cost": 8.4,
                  "Plan Rows": 1,
                  "Plan Width": 4,
                  "Actual Startup Time": 0.008,
                  "Actual Total Time": 0.008,
                  "Actual Rows": 0,
                  "Actual Loops": 462,
                  "Index Cond": "(id = mk.movie_id)",
                  "Rows Removed by Index Recheck": 0,
                  "Filter": "((production_year > 1908) AND (kind_id = 7))",
                  "Rows Removed by Filter": 1
                }
              ]
            },
            {
              "Node Type": "Index Only Scan",
              "Parent Relationship": "Inner",
              "Parallel Aware": false,
              "Scan Direction": "Forward",
              "Index Name": "movie_id_cast_info",
              "Relation Name": "cast_info",
              "Alias": "ci",
              "Startup Cost": 0.56,
              "Total Cost": 2.21,
              "Plan Rows": 35,
              "Plan Width": 4,
              "Actual Startup Time": 0.016,
              "Actual Total Time": 0.144,
              "Actual Rows": 53,
              "Actual Loops": 42,
              "Index Cond": "(movie_id = t.id)",
              "Rows Removed by Index Recheck": 0,
              "Heap Fetches": 2217
            }
          ]
        }
      ]
    },
    "Planning Time": 0.659,
    "Triggers": [],
    "Execution Time": 13.217
  }
]