{
  "Plan": {
    "Node Type": "Aggregate",
    "Strategy": "Plain",
    "Partial Mode": "Finalize",
    "Parallel Aware": false,
    "Startup Cost": 120458.06,
    "Total Cost": 120458.07,
    "Plan Rows": 1,
    "Plan Width": 8,
    "Actual Startup Time": 187.663,
    "Actual Total Time": 214.672,
    "Actual Rows": 1,
    "Actual Loops": 1,
    "Plans": [
      {
        "Node Type": "Gather",
        "Parent Relationship": "Outer",
        "Parallel Aware": false,
        "Startup Cost": 120457.95,
        "Total Cost": 120458.06,
        "Plan Rows": 1,
        "Plan Width": 8,
        "Actual Startup Time": 187.545,
        "Actual Total Time": 214.665,
        "Actual Rows": 2,
        "Actual Loops": 1,
        "Workers Planned": 1,
        "Workers Launched": 1,
        "Single Copy": false,
        "Plans": [
          {
            "Node Type": "Aggregate",
            "Strategy": "Plain",
            "Partial Mode": "Partial",
            "Parent Relationship": "Outer",
            "Parallel Aware": false,
            "Startup Cost": 119457.95,
            "Total Cost": 119457.96,
            "Plan Rows": 1,
            "Plan Width": 8,
            "Actual Startup Time": 183.54,
            "Actual Total Time": 183.542,
            "Actual Rows": 1,
            "Actual Loops": 2,
            "Plans": [
              {
                "Node Type": "Nested Loop",
                "Parent Relationship": "Outer",
                "Parallel Aware": false,
                "Join Type": "Inner",
                "Startup Cost": 0.56,
                "Total Cost": 119442.98,
                "Plan Rows": 5985,
                "Plan Width": 0,
                "Actual Startup Time": 81.081,
                "Actual Total Time": 182.163,
                "Actual Rows": 22116,
                "Actual Loops": 2,
                "Inner Unique": false,
                "Plans": [
                  {
                    "Node Type": "Seq Scan",
                    "Parent Relationship": "Outer",
                    "Parallel Aware": true,
                    "Relation Name": "title",
                    "Alias": "t",
                    "Startup Cost": 0.0,
                    "Total Cost": 58306.47,
                    "Plan Rows": 418,
                    "Plan Width": 4,
                    "Actual Startup Time": 80.991,
                    "Actual Total Time": 126.725,
                    "Actual Rows": 978,
                    "Actual Loops": 2,
                    "Filter": "((kind_id < 7) AND (production_year = 1943))",
                    "Rows Removed by Filter": 1263178
                  },
                  {
                    "Node Type": "Index Only Scan",
                    "Parent Relationship": "Inner",
                    "Parallel Aware": false,
                    "Scan Direction": "Forward",
                    "Index Name": "movie_id_cast_info",
                    "Relation Name": "cast_info",
                    "Alias": "ci",
                    "Startup Cost": 0.56,
                    "Total Cost": 145.89,
                    "Plan Rows": 37,
                    "Plan Width": 4,
                    "Actual Startup Time": 0.01,
                    "Actual Total Time": 0.054,
                    "Actual Rows": 23,
                    "Actual Loops": 1956,
                    "Index Cond": "(movie_id = t.id)",
                    "Rows Removed by Index Recheck": 0,
                    "Heap Fetches": 44233
                  }
                ]
              }
            ]
          }
        ]
      }
    ]
  },
  "Planning Time": 0.455,
  "Triggers": [],
  "Execution Time": 214.746
}