[
  {
    "Plan": {
      "Node Type": "Aggregate",
      "Strategy": "Plain",
      "Partial Mode": "Finalize",
      "Parallel Aware": false,
      "Startup Cost": 33001.23,
      "Total Cost": 33001.24,
      "Plan Rows": 1,
      "Plan Width": 8,
      "Actual Startup Time": 119.451,
      "Actual Total Time": 125.526,
      "Actual Rows": 1,
      "Actual Loops": 1,
      "Plans": [
        {
          "Node Type": "Gather",
          "Parent Relationship": "Outer",
          "Parallel Aware": false,
          "Startup Cost": 33000.92,
          "Total Cost": 33001.23,
          "Plan Rows": 3,
          "Plan Width": 8,
          "Actual Startup Time": 119.211,
          "Actual Total Time": 125.515,
          "Actual Rows": 4,
          "Actual Loops": 1,
          "Workers Planned": 3,
          "Workers Launched": 3,
          "Single Copy": false,
          "Plans": [
            {
              "Node Type": "Aggregate",
              "Strategy": "Plain",
              "Partial Mode": "Partial",
              "Parent Relationship": "Outer",
              "Parallel Aware": false,
              "Startup Cost": 32000.92,
              "Total Cost": 32000.93,
              "Plan Rows": 1,
              "Plan Width": 8,
              "Actual Startup Time": 110.667,
              "Actual Total Time": 110.669,
              "Actual Rows": 1,
              "Actual Loops": 4,
              "Plans": [
                {
                  "Node Type": "Bitmap Heap Scan",
                  "Parent Relationship": "Outer",
                  "Parallel Aware": true,
                  "Relation Name": "movie_keyword",
                  "Alias": "mk",
                  "Startup Cost": 6145.32,
                  "Total Cost": 31767.32,
                  "Plan Rows": 93440,
                  "Plan Width": 0,
                  "Actual Startup Time": 35.733,
                  "Actual Total Time": 104.457,
                  "Actual Rows": 71462,
                  "Actual Loops": 4,
                  "Recheck Cond": "(keyword_id > 55923)",
                  "Rows Removed by Index Recheck": 0,
                  "Exact Heap Blocks": 8740,
                  "Lossy Heap Blocks": 0,
                  "Plans": [
                    {
                      "Node Type": "Bitmap Index Scan",
                      "Parent Relationship": "Outer",
                      "Parallel Aware": false,
                      "Index Name": "keyword_id_movie_keyword",
                      "Startup Cost": 0.0,
                      "Total Cost": 6072.9,
                      "Plan Rows": 289663,
                      "Plan Width": 0,
                      "Actual Startup Time": 38.401,
                      "Actual Total Time": 38.402,
                      "Actual Rows": 285846,
                      "Actual Loops": 1,
                      "Index Cond": "(keyword_id > 55923)"
                    }
                  ]
                }
              ]
            }
          ]
        }
      ]
    },
    "Planning Time": 0.196,
    "Triggers": [],
    "Execution Time": 125.615
  }
]