[
  {
    "Plan": {
      "Node Type": "Aggregate",
      "Strategy": "Plain",
      "Partial Mode": "Finalize",
      "Parallel Aware": false,
      "Startup Cost": 220274.14,
      "Total Cost": 220274.15,
      "Plan Rows": 1,
      "Plan Width": 8,
      "Actual Startup Time": 1790.028,
      "Actual Total Time": 1876.013,
      "Actual Rows": 1,
      "Actual Loops": 1,
      "Plans": [
        {
          "Node Type": "Gather",
          "Parent Relationship": "Outer",
          "Parallel Aware": false,
          "Startup Cost": 220273.61,
          "Total Cost": 220274.12,
          "Plan Rows": 5,
          "Plan Width": 8,
          "Actual Startup Time": 1784.892,
          "Actual Total Time": 1876.002,
          "Actual Rows": 6,
          "Actual Loops": 1,
          "Workers Planned": 5,
          "Workers Launched": 5,
          "Single Copy": false,
          "Plans": [
            {
              "Node Type": "Aggregate",
              "Strategy": "Plain",
              "Partial Mode": "Partial",
              "Parent Relationship": "Outer",
              "Parallel Aware": false,
              "Startup Cost": 219273.61,
              "Total Cost": 219273.62,
              "Plan Rows": 1,
              "Plan Width": 8,
              "Actual Startup Time": 1774.516,
              "Actual Total Time": 1774.518,
              "Actual Rows": 1,
              "Actual Loops": 6,
              "Plans": [
                {
                  "Node Type": "Nested Loop",
                  "Parent Relationship": "Outer",
                  "Parallel Aware": false,
                  "Join Type": "Inner",
                  "Startup Cost": 92555.83,
                  "Total Cost": 218234.23,
                  "Plan Rows": 415753,
                  "Plan Width": 0,
                  "Actual Startup Time": 331.02,
                  "Actual Total Time": 1709.911,
                  "Actual Rows": 1448525,
                  "Actual Loops": 6,
                  "Inner Unique": false,
                  "Join Filter": "(t.id = ci.movie_id)",
                  "Rows Removed by Join Filter": 0,
                  "Plans": [
                    {
                      "Node Type": "Merge Join",
                      "Parent Relationship": "Outer",
                      "Parallel Aware": false,
                      "Join Type": "Inner",
                      "Startup Cost": 92555.26,
                      "Total Cost": 137442.48,
                      "Plan Rows": 29015,
                      "Plan Width": 8,
                      "Actual Startup Time": 330.847,
                      "Actual Total Time": 492.857,
                      "Actual Rows": 56955,
                      "Actual Loops": 6,
                      "Inner Unique": true,
                      "Merge Cond": "(mi_idx.movie_id = t.id)",
                      "Plans": [
                        {
                          "Node Type": "Index Only Scan",
                          "Parent Relationship": "Outer",
                          "Parallel Aware": true,
                          "Scan Direction": "Forward",
                          "Index Name": "movie_id_movie_info_idx",
                          "Relation Name": "movie_info_idx",
                          "Alias": "mi_idx",
                          "Startup Cost": 0.43,
                          "Total Cost": 42579.94,
                          "Plan Rows": 276007,
                          "Plan Width": 4,
                          "Actual Startup Time": 0.275,
                          "Actual Total Time": 53.356,
                          "Actual Rows": 230006,
                          "Actual Loops": 6,
                          "Heap Fetches": 1380035
                        },
                        {
                          "Node Type": "Sort",
                          "Parent Relationship": "Inner",
                          "Parallel Aware": false,
                          "Startup Cost": 92554.81,
                          "Total Cost": 93219.26,
                          "Plan Rows": 265782,
                          "Plan Width": 4,
                          "Actual Startup Time": 330.529,
                          "Actual Total Time": 394.096,
                          "Actual Rows": 381748,
                          "Actual Loops": 6,
                          "Sort Key": [
                            "t.id"
                          ],
                          "Sort Method": "quicksort",
                          "Sort Space Used": 30223,
                          "Sort Space Type": "Memory",
                          "Workers": [
                            {
                              "Worker Number": 0,
                              "Sort Method": "quicksort",
                              "Sort Space Used": 30223,
                              "Sort Space Type": "Memory"
                            },
                            {
                              "Worker Number": 1,
                              "Sort Method": "quicksort",
                              "Sort Space Used": 30223,
                              "Sort Space Type": "Memory"
                            },
                            {
                              "Worker Number": 2,
                              "Sort Method": "quicksort",
                              "Sort Space Used": 30223,
                              "Sort Space Type": "Memory"
                            },
                            {
                              "Worker Number": 3,
                              "Sort Method": "quicksort",
                              "Sort Space Used": 30223,
                              "Sort Space Type": "Memory"
                            },
                            {
                              "Worker Number": 4,
                              "Sort Method": "quicksort",
                              "Sort Space Used": 30223,
                              "Sort Space Type": "Memory"
                            }
                          ],
                          "Plans": [
                            {
                              "Node Type": "Bitmap Heap Scan",
                              "Parent Relationship": "Outer",
                              "Parallel Aware": false,
                              "Relation Name": "title",
                              "Alias": "t",
                              "Startup Cost": 17738.59,
                              "Total Cost": 68608.01,
                              "Plan Rows": 265782,
                              "Plan Width": 4,
                              "Actual Startup Time": 61.596,
                              "Actual Total Time": 234.39,
                              "Actual Rows": 382611,
                              "Actual Loops": 6,
                              "Recheck Cond": "(kind_id < 7)",
                              "Rows Removed by Index Recheck": 0,
                              "Filter": "(production_year < 1990)",
                              "Rows Removed by Filter": 602437,
                              "Exact Heap Blocks": 35472,
                              "Lossy Heap Blocks": 0,
                              "Plans": [
                                {
                                  "Node Type": "Bitmap Index Scan",
                                  "Parent Relationship": "Outer",
                                  "Parallel Aware": false,
                                  "Index Name": "kind_id_title",
                                  "Startup Cost": 0.0,
                                  "Total Cost": 17672.14,
                                  "Plan Rows": 991428,
                                  "Plan Width": 0,
                                  "Actual Startup Time": 56.679,
                                  "Actual Total Time": 56.68,
                                  "Actual Rows": 985048,
                                  "Actual Loops": 6,
                                  "Index Cond": "(kind_id < 7)"
                                }
                              ]
                            }
                          ]
                        }
                      ]
                    },
                    {
                      "Node Type": "Index Only Scan",
                      "Parent Relationship": "Inner",
                      "Parallel Aware": false,
                      "Scan Direction": "Forward",
                      "Index Name": "movie_id_cast_info",
                      "Relation Name": "cast_info",
                      "Alias": "ci",
                      "Startup Cost": 0.56,
                      "Total Cost": 2.32,
                      "Plan Rows": 37,
                      "Plan Width": 4,
                      "Actual Startup Time": 0.004,
                      "Actual Total Time": 0.019,
                      "Actual Rows": 25,
                      "Actual Loops": 341731,
                      "Index Cond": "(movie_id = mi_idx.movie_id)",
                      "Rows Removed by Index Recheck": 0,
                      "Heap Fetches": 8691150
                    }
                  ]
                }
              ]
            }
          ]
        }
      ]
    },
    "Planning Time": 1.312,
    "Triggers": [],
    "Execution Time": 1881.898
  }
]