{
  "Plan": {
    "Node Type": "Aggregate",
    "Strategy": "Plain",
    "Partial Mode": "Finalize",
    "Parallel Aware": false,
    "Startup Cost": 87705.01,
    "Total Cost": 87705.02,
    "Plan Rows": 1,
    "Plan Width": 8,
    "Actual Startup Time": 255.351,
    "Actual Total Time": 271.297,
    "Actual Rows": 1,
    "Actual Loops": 1,
    "Plans": [
      {
        "Node Type": "Gather",
        "Parent Relationship": "Outer",
        "Parallel Aware": false,
        "Startup Cost": 87704.89,
        "Total Cost": 87705.0,
        "Plan Rows": 1,
        "Plan Width": 8,
        "Actual Startup Time": 254.264,
        "Actual Total Time": 271.288,
        "Actual Rows": 2,
        "Actual Loops": 1,
        "Workers Planned": 1,
        "Workers Launched": 1,
        "Single Copy": false,
        "Plans": [
          {
            "Node Type": "Aggregate",
            "Strategy": "Plain",
            "Partial Mode": "Partial",
            "Parent Relationship": "Outer",
            "Parallel Aware": false,
            "Startup Cost": 86704.89,
            "Total Cost": 86704.9,
            "Plan Rows": 1,
            "Plan Width": 8,
            "Actual Startup Time": 248.421,
            "Actual Total Time": 248.424,
            "Actual Rows": 1,
            "Actual Loops": 2,
            "Plans": [
              {
                "Node Type": "Hash Join",
                "Parent Relationship": "Outer",
                "Parallel Aware": true,
                "Join Type": "Inner",
                "Startup Cost": 61267.26,
                "Total Cost": 86681.08,
                "Plan Rows": 9526,
                "Plan Width": 0,
                "Actual Startup Time": 196.185,
                "Actual Total Time": 247.653,
                "Actual Rows": 13106,
                "Actual Loops": 2,
                "Inner Unique": true,
                "Hash Cond": "(mk.movie_id = t.id)",
                "Plans": [
                  {
                    "Node Type": "Bitmap Heap Scan",
                    "Parent Relationship": "Outer",
                    "Parallel Aware": true,
                    "Relation Name": "movie_keyword",
                    "Alias": "mk",
                    "Startup Cost": 2292.51,
                    "Total Cost": 27539.75,
                    "Plan Rows": 63459,
                    "Plan Width": 4,
                    "Actual Startup Time": 12.541,
                    "Actual Total Time": 49.949,
                    "Actual Rows": 60960,
                    "Actual Loops": 2,
                    "Recheck Cond": "(keyword_id < 117)",
                    "Rows Removed by Index Recheck": 0,
                    "Exact Heap Blocks": 14606,
                    "Lossy Heap Blocks": 0,
                    "Plans": [
                      {
                        "Node Type": "Bitmap Index Scan",
                        "Parent Relationship": "Outer",
                        "Parallel Aware": false,
                        "Index Name": "keyword_id_movie_keyword",
                        "Startup Cost": 0.0,
                        "Total Cost": 2265.54,
                        "Plan Rows": 107881,
                        "Plan Width": 0,
                        "Actual Startup Time": 9.115,
                        "Actual Total Time": 9.116,
                        "Actual Rows": 121921,
                        "Actual Loops": 1,
                        "Index Cond": "(keyword_id < 117)"
                      }
                    ]
                  },
                  {
                    "Node Type": "Hash",
                    "Parent Relationship": "Inner",
                    "Parallel Aware": true,
                    "Startup Cost": 56184.22,
                    "Total Cost": 56184.22,
                    "Plan Rows": 223242,
                    "Plan Width": 4,
                    "Actual Startup Time": 178.098,
                    "Actual Total Time": 178.098,
                    "Actual Rows": 149721,
                    "Actual Loops": 2,
                    "Hash Buckets": 524288,
                    "Original Hash Buckets": 524288,
                    "Hash Batches": 1,
                    "Original Hash Batches": 1,
                    "Peak Memory Usage": 15840,
                    "Plans": [
                      {
                        "Node Type": "Bitmap Heap Scan",
                        "Parent Relationship": "Outer",
                        "Parallel Aware": true,
                        "Relation Name": "title",
                        "Alias": "t",
                        "Startup Cost": 13533.84,
                        "Total Cost": 56184.22,
                        "Plan Rows": 223242,
                        "Plan Width": 4,
                        "Actual Startup Time": 48.795,
                        "Actual Total Time": 146.288,
                        "Actual Rows": 149721,
                        "Actual Loops": 2,
                        "Recheck Cond": "(kind_id < 3)",
                        "Rows Removed by Index Recheck": 0,
                        "Filter": "(production_year > 2002)",
                        "Rows Removed by Filter": 227118,
                        "Exact Heap Blocks": 26539,
                        "Lossy Heap Blocks": 0,
                        "Plans": [
                          {
                            "Node Type": "Bitmap Index Scan",
                            "Parent Relationship": "Outer",
                            "Parallel Aware": false,
                            "Index Name": "kind_id_title",
                            "Startup Cost": 0.0,
                            "Total Cost": 13438.96,
                            "Plan Rows": 753937,
                            "Plan Width": 0,
                            "Actual Startup Time": 43.213,
                            "Actual Total Time": 43.213,
                            "Actual Rows": 753677,
                            "Actual Loops": 1,
                            "Index Cond": "(kind_id < 3)"
                          }
                        ]
                      }
                    ]
                  }
                ]
              }
            ]
          }
        ]
      }
    ]
  },
  "Planning Time": 0.61,
  "Triggers": [],
  "Execution Time": 271.395
}