[
    {
        "Bao": {
            "Bao prediction": 456.149,
            "Bao recommended hint": "(no hint)"
        }
    },
    {
        "Plan": {
            "Node Type": "Aggregate",
            "Strategy": "Plain",
            "Partial Mode": "Finalize",
            "Parallel Aware": false,
            "Startup Cost": 330847.76,
            "Total Cost": 330847.77,
            "Plan Rows": 1,
            "Plan Width": 8,
            "Actual Startup Time": 686.386,
            "Actual Total Time": 717.314,
            "Actual Rows": 1,
            "Actual Loops": 1,
            "Output": [
                "count(*)"
            ],
            "Plans": [
                {
                    "Node Type": "Gather",
                    "Parent Relationship": "Outer",
                    "Parallel Aware": false,
                    "Startup Cost": 330847.13,
                    "Total Cost": 330847.74,
                    "Plan Rows": 6,
                    "Plan Width": 8,
                    "Actual Startup Time": 686.256,
                    "Actual Total Time": 717.305,
                    "Actual Rows": 7,
                    "Actual Loops": 1,
                    "Output": [
                        "(PARTIAL count(*))"
                    ],
                    "Workers Planned": 6,
                    "Workers Launched": 6,
                    "Single Copy": false,
                    "Plans": [
                        {
                            "Node Type": "Aggregate",
                            "Strategy": "Plain",
                            "Partial Mode": "Partial",
                            "Parent Relationship": "Outer",
                            "Parallel Aware": false,
                            "Startup Cost": 329847.13,
                            "Total Cost": 329847.14,
                            "Plan Rows": 1,
                            "Plan Width": 8,
                            "Actual Startup Time": 677.024,
                            "Actual Total Time": 677.025,
                            "Actual Rows": 1,
                            "Actual Loops": 7,
                            "Output": [
                                "PARTIAL count(*)"
                            ],
                            "Workers": [
                                {
                                    "Worker Number": 0,
                                    "Actual Startup Time": 674.885,
                                    "Actual Total Time": 674.886,
                                    "Actual Rows": 1,
                                    "Actual Loops": 1
                                },
                                {
                                    "Worker Number": 1,
                                    "Actual Startup Time": 675.174,
                                    "Actual Total Time": 675.175,
                                    "Actual Rows": 1,
                                    "Actual Loops": 1
                                },
                                {
                                    "Worker Number": 2,
                                    "Actual Startup Time": 675.604,
                                    "Actual Total Time": 675.605,
                                    "Actual Rows": 1,
                                    "Actual Loops": 1
                                },
                                {
                                    "Worker Number": 3,
                                    "Actual Startup Time": 675.872,
                                    "Actual Total Time": 675.873,
                                    "Actual Rows": 1,
                                    "Actual Loops": 1
                                },
                                {
                                    "Worker Number": 4,
                                    "Actual Startup Time": 675.797,
                                    "Actual Total Time": 675.798,
                                    "Actual Rows": 1,
                                    "Actual Loops": 1
                                },
                                {
                                    "Worker Number": 5,
                                    "Actual Startup Time": 676.385,
                                    "Actual Total Time": 676.386,
                                    "Actual Rows": 1,
                                    "Actual Loops": 1
                                }
                            ],
                            "Plans": [
                                {
                                    "Node Type": "Seq Scan",
                                    "Parent Relationship": "Outer",
                                    "Parallel Aware": true,
                                    "Relation Name": "cast_info",
                                    "Schema": "public",
                                    "Alias": "ci",
                                    "Startup Cost": 0.0,
                                    "Total Cost": 328213.62,
                                    "Plan Rows": 653406,
                                    "Plan Width": 0,
                                    "Actual Startup Time": 485.866,
                                    "Actual Total Time": 643.78,
                                    "Actual Rows": 560258,
                                    "Actual Loops": 7,
                                    "Output": [
                                        "id",
                                        "person_id",
                                        "movie_id",
                                        "person_role_id",
                                        "note",
                                        "nr_order",
                                        "role_id"
                                    ],
                                    "Filter": "(ci.person_id > 3340814)",
                                    "Rows Removed by Filter": 4617506,
                                    "Workers": [
                                        {
                                            "Worker Number": 0,
                                            "Actual Startup Time": 483.74,
                                            "Actual Total Time": 642.242,
                                            "Actual Rows": 486375,
                                            "Actual Loops": 1
                                        },
                                        {
                                            "Worker Number": 1,
                                            "Actual Startup Time": 483.997,
                                            "Actual Total Time": 643.118,
                                            "Actual Rows": 479730,
                                            "Actual Loops": 1
                                        },
                                        {
                                            "Worker Number": 2,
                                            "Actual Startup Time": 484.442,
                                            "Actual Total Time": 642.852,
                                            "Actual Rows": 486014,
                                            "Actual Loops": 1
                                        },
                                        {
                                            "Worker Number": 3,
                                            "Actual Startup Time": 484.726,
                                            "Actual Total Time": 642.986,
                                            "Actual Rows": 490325,
                                            "Actual Loops": 1
                                        },
                                        {
                                            "Worker Number": 4,
                                            "Actual Startup Time": 484.646,
                                            "Actual Total Time": 643.728,
                                            "Actual Rows": 478896,
                                            "Actual Loops": 1
                                        },
                                        {
                                            "Worker Number": 5,
                                            "Actual Startup Time": 485.225,
                                            "Actual Total Time": 643.442,
                                            "Actual Rows": 491608,
                                            "Actual Loops": 1
                                        }
                                    ]
                                }
                            ]
                        }
                    ]
                }
            ]
        },
        "Planning Time": 598.172,
        "Triggers": [],
        "Execution Time": 717.401
    }
]