[
  {
    "Plan": {
      "Node Type": "Aggregate",
      "Strategy": "Plain",
      "Partial Mode": "Finalize",
      "Parallel Aware": false,
      "Startup Cost": 388187.08,
      "Total Cost": 388187.09,
      "Plan Rows": 1,
      "Plan Width": 8,
      "Actual Startup Time": 1298.078,
      "Actual Total Time": 1349.968,
      "Actual Rows": 1,
      "Actual Loops": 1,
      "Plans": [
        {
          "Node Type": "Gather",
          "Parent Relationship": "Outer",
          "Parallel Aware": false,
          "Startup Cost": 388186.45,
          "Total Cost": 388187.06,
          "Plan Rows": 6,
          "Plan Width": 8,
          "Actual Startup Time": 1296.334,
          "Actual Total Time": 1349.959,
          "Actual Rows": 7,
          "Actual Loops": 1,
          "Workers Planned": 6,
          "Workers Launched": 6,
          "Single Copy": false,
          "Plans": [
            {
              "Node Type": "Aggregate",
              "Strategy": "Plain",
              "Partial Mode": "Partial",
              "Parent Relationship": "Outer",
              "Parallel Aware": false,
              "Startup Cost": 387186.45,
              "Total Cost": 387186.46,
              "Plan Rows": 1,
              "Plan Width": 8,
              "Actual Startup Time": 1286.963,
              "Actual Total Time": 1286.966,
              "Actual Rows": 1,
              "Actual Loops": 7,
              "Plans": [
                {
                  "Node Type": "Hash Join",
                  "Parent Relationship": "Outer",
                  "Parallel Aware": true,
                  "Join Type": "Inner",
                  "Startup Cost": 46656.71,
                  "Total Cost": 385655.85,
                  "Plan Rows": 612242,
                  "Plan Width": 0,
                  "Actual Startup Time": 217.565,
                  "Actual Total Time": 1263.123,
                  "Actual Rows": 502728,
                  "Actual Loops": 7,
                  "Inner Unique": true,
                  "Hash Cond": "(ci.movie_id = t.id)",
                  "Plans": [
                    {
                      "Node Type": "Seq Scan",
                      "Parent Relationship": "Outer",
                      "Parallel Aware": true,
                      "Relation Name": "cast_info",
                      "Alias": "ci",
                      "Startup Cost": 0.0,
                      "Total Cost": 328211.39,
                      "Plan Rows": 4109608,
                      "Plan Width": 4,
                      "Actual Startup Time": 121.049,
                      "Actual Total Time": 604.589,
                      "Actual Rows": 3506125,
                      "Actual Loops": 7,
                      "Filter": "(person_id > 1148946)",
                      "Rows Removed by Filter": 1671638
                    },
                    {
                      "Node Type": "Hash",
                      "Parent Relationship": "Inner",
                      "Parallel Aware": true,
                      "Startup Cost": 45479.59,
                      "Total Cost": 45479.59,
                      "Plan Rows": 94170,
                      "Plan Width": 4,
                      "Actual Startup Time": 94.48,
                      "Actual Total Time": 94.481,
                      "Actual Rows": 40302,
                      "Actual Loops": 7,
                      "Hash Buckets": 524288,
                      "Original Hash Buckets": 524288,
                      "Hash Batches": 1,
                      "Original Hash Batches": 1,
                      "Peak Memory Usage": 15232,
                      "Plans": [
                        {
                          "Node Type": "Seq Scan",
                          "Parent Relationship": "Outer",
                          "Parallel Aware": true,
                          "Relation Name": "title",
                          "Alias": "t",
                          "Startup Cost": 0.0,
                          "Total Cost": 45479.59,
                          "Plan Rows": 94170,
                          "Plan Width": 4,
                          "Actual Startup Time": 40.443,
                          "Actual Total Time": 76.481,
                          "Actual Rows": 40302,
                          "Actual Loops": 7,
                          "Filter": "((production_year > 1999) AND (kind_id = 1))",
                          "Rows Removed by Filter": 320885
                        }
                      ]
                    }
                  ]
                }
              ]
            }
          ]
        }
      ]
    },
    "Planning Time": 0.327,
    "Triggers": [],
    "Execution Time": 1350.026
  }
]