[
  {
    "Plan": {
      "Node Type": "Aggregate",
      "Strategy": "Plain",
      "Partial Mode": "Finalize",
      "Parallel Aware": false,
      "Startup Cost": 17620.28,
      "Total Cost": 17620.29,
      "Plan Rows": 1,
      "Plan Width": 8,
      "Actual Startup Time": 29.78,
      "Actual Total Time": 33.437,
      "Actual Rows": 1,
      "Actual Loops": 1,
      "Plans": [
        {
          "Node Type": "Gather",
          "Parent Relationship": "Outer",
          "Parallel Aware": false,
          "Startup Cost": 17620.07,
          "Total Cost": 17620.28,
          "Plan Rows": 2,
          "Plan Width": 8,
          "Actual Startup Time": 29.605,
          "Actual Total Time": 33.428,
          "Actual Rows": 3,
          "Actual Loops": 1,
          "Workers Planned": 2,
          "Workers Launched": 2,
          "Single Copy": false,
          "Plans": [
            {
              "Node Type": "Aggregate",
              "Strategy": "Plain",
              "Partial Mode": "Partial",
              "Parent Relationship": "Outer",
              "Parallel Aware": false,
              "Startup Cost": 16620.07,
              "Total Cost": 16620.08,
              "Plan Rows": 1,
              "Plan Width": 8,
              "Actual Startup Time": 21.443,
              "Actual Total Time": 21.445,
              "Actual Rows": 1,
              "Actual Loops": 3,
              "Plans": [
                {
                  "Node Type": "Nested Loop",
                  "Parent Relationship": "Outer",
                  "Parallel Aware": false,
                  "Join Type": "Inner",
                  "Startup Cost": 92.02,
                  "Total Cost": 16617.97,
                  "Plan Rows": 838,
                  "Plan Width": 0,
                  "Actual Startup Time": 1.929,
                  "Actual Total Time": 21.183,
                  "Actual Rows": 1378,
                  "Actual Loops": 3,
                  "Inner Unique": true,
                  "Plans": [
                    {
                      "Node Type": "Bitmap Heap Scan",
                      "Parent Relationship": "Outer",
                      "Parallel Aware": true,
                      "Relation Name": "movie_companies",
                      "Alias": "mc",
                      "Startup Cost": 91.59,
                      "Total Cost": 9965.46,
                      "Plan Rows": 838,
                      "Plan Width": 4,
                      "Actual Startup Time": 1.743,
                      "Actual Total Time": 6.733,
                      "Actual Rows": 1378,
                      "Actual Loops": 3,
                      "Recheck Cond": "(company_id = 258)",
                      "Rows Removed by Index Recheck": 0,
                      "Filter": "(company_type_id < 2)",
                      "Rows Removed by Filter": 50,
                      "Exact Heap Blocks": 1567,
                      "Lossy Heap Blocks": 0,
                      "Plans": [
                        {
                          "Node Type": "Bitmap Index Scan",
                          "Parent Relationship": "Outer",
                          "Parallel Aware": false,
                          "Index Name": "company_id_movie_companies",
                          "Startup Cost": 0.0,
                          "Total Cost": 91.09,
                          "Plan Rows": 4088,
                          "Plan Width": 0,
                          "Actual Startup Time": 3.837,
                          "Actual Total Time": 3.837,
                          "Actual Rows": 4285,
                          "Actual Loops": 1,
                          "Index Cond": "(company_id = 258)"
                        }
                      ]
                    },
                    {
                      "Node Type": "Index Only Scan",
                      "Parent Relationship": "Inner",
                      "Parallel Aware": false,
                      "Scan Direction": "Forward",
                      "Index Name": "title_pkey",
                      "Relation Name": "title",
                      "Alias": "t",
                      "Startup Cost": 0.43,
                      "Total Cost": 7.94,
                      "Plan Rows": 1,
                      "Plan Width": 4,
                      "Actual Startup Time": 0.01,
                      "Actual Total Time": 0.01,
                      "Actual Rows": 1,
                      "Actual Loops": 4134,
                      "Index Cond": "(id = mc.movie_id)",
                      "Rows Removed by Index Recheck": 0,
                      "Heap Fetches": 4134
                    }
                  ]
                }
              ]
            }
          ]
        }
      ]
    },
    "Planning Time": 0.685,
    "Triggers": [],
    "Execution Time": 33.523
  }
]