[
  {
    "Plan": {
      "Node Type": "Aggregate",
      "Strategy": "Plain",
      "Partial Mode": "Finalize",
      "Parallel Aware": false,
      "Startup Cost": 80447.16,
      "Total Cost": 80447.17,
      "Plan Rows": 1,
      "Plan Width": 8,
      "Actual Startup Time": 398.449,
      "Actual Total Time": 417.881,
      "Actual Rows": 1,
      "Actual Loops": 1,
      "Plans": [
        {
          "Node Type": "Gather",
          "Parent Relationship": "Outer",
          "Parallel Aware": false,
          "Startup Cost": 80446.74,
          "Total Cost": 80447.15,
          "Plan Rows": 4,
          "Plan Width": 8,
          "Actual Startup Time": 391.524,
          "Actual Total Time": 417.869,
          "Actual Rows": 5,
          "Actual Loops": 1,
          "Workers Planned": 4,
          "Workers Launched": 4,
          "Single Copy": false,
          "Plans": [
            {
              "Node Type": "Aggregate",
              "Strategy": "Plain",
              "Partial Mode": "Partial",
              "Parent Relationship": "Outer",
              "Parallel Aware": false,
              "Startup Cost": 79446.74,
              "Total Cost": 79446.75,
              "Plan Rows": 1,
              "Plan Width": 8,
              "Actual Startup Time": 382.067,
              "Actual Total Time": 382.07,
              "Actual Rows": 1,
              "Actual Loops": 5,
              "Plans": [
                {
                  "Node Type": "Hash Join",
                  "Parent Relationship": "Outer",
                  "Parallel Aware": true,
                  "Join Type": "Inner",
                  "Startup Cost": 32747.56,
                  "Total Cost": 78914.02,
                  "Plan Rows": 213086,
                  "Plan Width": 0,
                  "Actual Startup Time": 142.0,
                  "Actual Total Time": 373.45,
                  "Actual Rows": 173083,
                  "Actual Loops": 5,
                  "Inner Unique": false,
                  "Hash Cond": "(t.id = mc.movie_id)",
                  "Plans": [
                    {
                      "Node Type": "Seq Scan",
                      "Parent Relationship": "Outer",
                      "Parallel Aware": true,
                      "Relation Name": "title",
                      "Alias": "t",
                      "Startup Cost": 0.0,
                      "Total Cost": 42318.73,
                      "Plan Rows": 632073,
                      "Plan Width": 4,
                      "Actual Startup Time": 0.016,
                      "Actual Total Time": 71.147,
                      "Actual Rows": 505662,
                      "Actual Loops": 5
                    },
                    {
                      "Node Type": "Hash",
                      "Parent Relationship": "Inner",
                      "Parallel Aware": true,
                      "Startup Cost": 29310.68,
                      "Total Cost": 29310.68,
                      "Plan Rows": 274950,
                      "Plan Width": 4,
                      "Actual Startup Time": 137.471,
                      "Actual Total Time": 137.472,
                      "Actual Rows": 173083,
                      "Actual Loops": 5,
                      "Hash Buckets": 1048576,
                      "Original Hash Buckets": 1048576,
                      "Hash Batches": 1,
                      "Original Hash Batches": 1,
                      "Peak Memory Usage": 42144,
                      "Plans": [
                        {
                          "Node Type": "Seq Scan",
                          "Parent Relationship": "Outer",
                          "Parallel Aware": true,
                          "Relation Name": "movie_companies",
                          "Alias": "mc",
                          "Startup Cost": 0.0,
                          "Total Cost": 29310.68,
                          "Plan Rows": 274950,
                          "Plan Width": 4,
                          "Actual Startup Time": 22.724,
                          "Actual Total Time": 77.533,
                          "Actual Rows": 173083,
                          "Actual Loops": 5,
                          "Filter": "(company_id > 23899)",
                          "Rows Removed by Filter": 348743
                        }
                      ]
                    }
                  ]
                }
              ]
            }
          ]
        }
      ]
    },
    "Planning Time": 0.58,
    "Triggers": [],
    "Execution Time": 417.947
  }
]