[
  {
    "Plan": {
      "Node Type": "Aggregate",
      "Strategy": "Plain",
      "Partial Mode": "Finalize",
      "Parallel Aware": false,
      "Startup Cost": 333918.78,
      "Total Cost": 333918.79,
      "Plan Rows": 1,
      "Plan Width": 8,
      "Actual Startup Time": 678.644,
      "Actual Total Time": 739.123,
      "Actual Rows": 1,
      "Actual Loops": 1,
      "Plans": [
        {
          "Node Type": "Gather",
          "Parent Relationship": "Outer",
          "Parallel Aware": false,
          "Startup Cost": 333918.15,
          "Total Cost": 333918.76,
          "Plan Rows": 6,
          "Plan Width": 8,
          "Actual Startup Time": 678.523,
          "Actual Total Time": 739.111,
          "Actual Rows": 7,
          "Actual Loops": 1,
          "Workers Planned": 6,
          "Workers Launched": 6,
          "Single Copy": false,
          "Plans": [
            {
              "Node Type": "Aggregate",
              "Strategy": "Plain",
              "Partial Mode": "Partial",
              "Parent Relationship": "Outer",
              "Parallel Aware": false,
              "Startup Cost": 332918.15,
              "Total Cost": 332918.16,
              "Plan Rows": 1,
              "Plan Width": 8,
              "Actual Startup Time": 668.003,
              "Actual Total Time": 668.004,
              "Actual Rows": 1,
              "Actual Loops": 7,
              "Plans": [
                {
                  "Node Type": "Seq Scan",
                  "Parent Relationship": "Outer",
                  "Parallel Aware": true,
                  "Relation Name": "cast_info",
                  "Alias": "ci",
                  "Startup Cost": 0.0,
                  "Total Cost": 328162.03,
                  "Plan Rows": 1902450,
                  "Plan Width": 0,
                  "Actual Startup Time": 293.566,
                  "Actual Total Time": 593.903,
                  "Actual Rows": 1620094,
                  "Actual Loops": 7,
                  "Filter": "(person_id > 2565717)",
                  "Rows Removed by Filter": 3557670
                }
              ]
            }
          ]
        }
      ]
    },
    "Planning Time": 0.205,
    "Triggers": [],
    "Execution Time": 739.2
  }
]