{
  "Plan": {
    "Node Type": "Aggregate",
    "Strategy": "Plain",
    "Partial Mode": "Finalize",
    "Parallel Aware": false,
    "Startup Cost": 414248.01,
    "Total Cost": 414248.02,
    "Plan Rows": 1,
    "Plan Width": 8,
    "Actual Startup Time": 1999.643,
    "Actual Total Time": 2032.239,
    "Actual Rows": 1,
    "Actual Loops": 1,
    "Plans": [
      {
        "Node Type": "Gather",
        "Parent Relationship": "Outer",
        "Parallel Aware": false,
        "Startup Cost": 414247.9,
        "Total Cost": 414248.01,
        "Plan Rows": 1,
        "Plan Width": 8,
        "Actual Startup Time": 1991.473,
        "Actual Total Time": 2032.232,
        "Actual Rows": 2,
        "Actual Loops": 1,
        "Workers Planned": 1,
        "Workers Launched": 1,
        "Single Copy": false,
        "Plans": [
          {
            "Node Type": "Aggregate",
            "Strategy": "Plain",
            "Partial Mode": "Partial",
            "Parent Relationship": "Outer",
            "Parallel Aware": false,
            "Startup Cost": 413247.9,
            "Total Cost": 413247.91,
            "Plan Rows": 1,
            "Plan Width": 8,
            "Actual Startup Time": 1978.126,
            "Actual Total Time": 1978.132,
            "Actual Rows": 1,
            "Actual Loops": 2,
            "Plans": [
              {
                "Node Type": "Hash Join",
                "Parent Relationship": "Outer",
                "Parallel Aware": true,
                "Join Type": "Inner",
                "Startup Cost": 148231.65,
                "Total Cost": 412022.36,
                "Plan Rows": 490215,
                "Plan Width": 0,
                "Actual Startup Time": 1652.717,
                "Actual Total Time": 1940.214,
                "Actual Rows": 874703,
                "Actual Loops": 2,
                "Inner Unique": false,
                "Hash Cond": "(ci.movie_id = t.id)",
                "Plans": [
                  {
                    "Node Type": "Bitmap Heap Scan",
                    "Parent Relationship": "Outer",
                    "Parallel Aware": true,
                    "Relation Name": "cast_info",
                    "Alias": "ci",
                    "Startup Cost": 18997.17,
                    "Total Cost": 278007.32,
                    "Plan Rows": 505852,
                    "Plan Width": 4,
                    "Actual Startup Time": 44.72,
                    "Actual Total Time": 88.873,
                    "Actual Rows": 420334,
                    "Actual Loops": 2,
                    "Recheck Cond": "(person_id < 88509)",
                    "Rows Removed by Index Recheck": 0,
                    "Exact Heap Blocks": 4482,
                    "Lossy Heap Blocks": 0,
                    "Plans": [
                      {
                        "Node Type": "Bitmap Index Scan",
                        "Parent Relationship": "Outer",
                        "Parallel Aware": false,
                        "Index Name": "person_id_cast_info",
                        "Startup Cost": 0.0,
                        "Total Cost": 18782.18,
                        "Plan Rows": 859949,
                        "Plan Width": 0,
                        "Actual Startup Time": 42.699,
                        "Actual Total Time": 42.7,
                        "Actual Rows": 840667,
                        "Actual Loops": 1,
                        "Index Cond": "(person_id < 88509)"
                      }
                    ]
                  },
                  {
                    "Node Type": "Hash",
                    "Parent Relationship": "Inner",
                    "Parallel Aware": true,
                    "Startup Cost": 111218.78,
                    "Total Cost": 111218.78,
                    "Plan Rows": 1441256,
                    "Plan Width": 8,
                    "Actual Startup Time": 1584.947,
                    "Actual Total Time": 1584.95,
                    "Actual Rows": 1223510,
                    "Actual Loops": 2,
                    "Hash Buckets": 4194304,
                    "Original Hash Buckets": 4194304,
                    "Hash Batches": 1,
                    "Original Hash Batches": 1,
                    "Peak Memory Usage": 128544,
                    "Plans": [
                      {
                        "Node Type": "Hash Join",
                        "Parent Relationship": "Outer",
                        "Parallel Aware": true,
                        "Join Type": "Inner",
                        "Startup Cost": 69460.7,
                        "Total Cost": 111218.78,
                        "Plan Rows": 1441256,
                        "Plan Width": 8,
                        "Actual Startup Time": 604.84,
                        "Actual Total Time": 1213.416,
                        "Actual Rows": 1223510,
                        "Actual Loops": 2,
                        "Inner Unique": true,
                        "Hash Cond": "(mc.movie_id = t.id)",
                        "Plans": [
                          {
                            "Node Type": "Seq Scan",
                            "Parent Relationship": "Outer",
                            "Parallel Aware": true,
                            "Relation Name": "movie_companies",
                            "Alias": "mc",
                            "Startup Cost": 0.0,
                            "Total Cost": 37974.77,
                            "Plan Rows": 1441256,
                            "Plan Width": 4,
                            "Actual Startup Time": 0.021,
                            "Actual Total Time": 168.739,
                            "Actual Rows": 1223510,
                            "Actual Loops": 2,
                            "Filter": "(company_id > 27)",
                            "Rows Removed by Filter": 81055
                          },
                          {
                            "Node Type": "Hash",
                            "Parent Relationship": "Inner",
                            "Parallel Aware": true,
                            "Startup Cost": 50870.31,
                            "Total Cost": 50870.31,
                            "Plan Rows": 1487231,
                            "Plan Width": 4,
                            "Actual Startup Time": 588.464,
                            "Actual Total Time": 588.465,
                            "Actual Rows": 1264156,
                            "Actual Loops": 2,
                            "Hash Buckets": 4194304,
                            "Original Hash Buckets": 4194304,
                            "Hash Batches": 1,
                            "Original Hash Batches": 1,
                            "Peak Memory Usage": 131712,
                            "Plans": [
                              {
                                "Node Type": "Seq Scan",
                                "Parent Relationship": "Outer",
                                "Parallel Aware": true,
                                "Relation Name": "title",
                                "Alias": "t",
                                "Startup Cost": 0.0,
                                "Total Cost": 50870.31,
                                "Plan Rows": 1487231,
                                "Plan Width": 4,
                                "Actual Startup Time": 0.028,
                                "Actual Total Time": 171.342,
                                "Actual Rows": 1264156,
                                "Actual Loops": 2
                              }
                            ]
                          }
                        ]
                      }
                    ]
                  }
                ]
              }
            ]
          }
        ]
      }
    ]
  },
  "Planning Time": 1.185,
  "Triggers": [],
  "Execution Time": 2032.395
}