{
  "Plan": {
    "Node Type": "Aggregate",
    "Strategy": "Plain",
    "Partial Mode": "Finalize",
    "Parallel Aware": false,
    "Startup Cost": 732956.84,
    "Total Cost": 732956.85,
    "Plan Rows": 1,
    "Plan Width": 64,
    "Actual Startup Time": 4272.773,
    "Actual Total Time": 4374.092,
    "Actual Rows": 1,
    "Actual Loops": 1,
    "Plans": [
      {
        "Node Type": "Gather",
        "Parent Relationship": "Outer",
        "Parallel Aware": false,
        "Startup Cost": 732956.73,
        "Total Cost": 732956.84,
        "Plan Rows": 1,
        "Plan Width": 64,
        "Actual Startup Time": 4267.128,
        "Actual Total Time": 4374.081,
        "Actual Rows": 2,
        "Actual Loops": 1,
        "Workers Planned": 1,
        "Workers Launched": 1,
        "Single Copy": false,
        "Plans": [
          {
            "Node Type": "Aggregate",
            "Strategy": "Plain",
            "Partial Mode": "Partial",
            "Parent Relationship": "Outer",
            "Parallel Aware": false,
            "Startup Cost": 731956.73,
            "Total Cost": 731956.74,
            "Plan Rows": 1,
            "Plan Width": 64,
            "Actual Startup Time": 4261.347,
            "Actual Total Time": 4261.35,
            "Actual Rows": 1,
            "Actual Loops": 2,
            "Plans": [
              {
                "Node Type": "Nested Loop",
                "Parent Relationship": "Outer",
                "Parallel Aware": false,
                "Join Type": "Inner",
                "Startup Cost": 103660.91,
                "Total Cost": 731764.27,
                "Plan Rows": 38492,
                "Plan Width": 33,
                "Actual Startup Time": 379.404,
                "Actual Total Time": 4241.239,
                "Actual Rows": 181371,
                "Actual Loops": 2,
                "Inner Unique": true,
                "Plans": [
                  {
                    "Node Type": "Nested Loop",
                    "Parent Relationship": "Outer",
                    "Parallel Aware": false,
                    "Join Type": "Inner",
                    "Startup Cost": 103660.48,
                    "Total Cost": 696741.92,
                    "Plan Rows": 38492,
                    "Plan Width": 21,
                    "Actual Startup Time": 376.157,
                    "Actual Total Time": 3907.077,
                    "Actual Rows": 297506,
                    "Actual Loops": 2,
                    "Inner Unique": false,
                    "Join Filter": "(t.id = ci.movie_id)",
                    "Rows Removed by Join Filter": 0,
                    "Plans": [
                      {
                        "Node Type": "Merge Join",
                        "Parent Relationship": "Outer",
                        "Parallel Aware": false,
                        "Join Type": "Inner",
                        "Startup Cost": 103659.92,
                        "Total Cost": 241816.69,
                        "Plan Rows": 235794,
                        "Plan Width": 25,
                        "Actual Startup Time": 372.976,
                        "Actual Total Time": 911.364,
                        "Actual Rows": 147318,
                        "Actual Loops": 2,
                        "Inner Unique": true,
                        "Merge Cond": "(mc.movie_id = t.id)",
                        "Plans": [
                          {
                            "Node Type": "Index Only Scan",
                            "Parent Relationship": "Outer",
                            "Parallel Aware": true,
                            "Scan Direction": "Forward",
                            "Index Name": "movie_id_movie_companies",
                            "Relation Name": "movie_companies",
                            "Alias": "mc",
                            "Startup Cost": 0.43,
                            "Total Cost": 130022.08,
                            "Plan Rows": 1534782,
                            "Plan Width": 4,
                            "Actual Startup Time": 0.111,
                            "Actual Total Time": 339.355,
                            "Actual Rows": 1304564,
                            "Actual Loops": 2,
                            "Heap Fetches": 2609129
                          },
                          {
                            "Node Type": "Sort",
                            "Parent Relationship": "Inner",
                            "Parallel Aware": false,
                            "Startup Cost": 103659.43,
                            "Total Cost": 104630.47,
                            "Plan Rows": 388415,
                            "Plan Width": 21,
                            "Actual Startup Time": 372.811,
                            "Actual Total Time": 445.328,
                            "Actual Rows": 391487,
                            "Actual Loops": 2,
                            "Sort Key": [
                              "t.id"
                            ],
                            "Sort Method": "quicksort",
                            "Sort Space Used": 39792,
                            "Sort Space Type": "Memory",
                            "Workers": [
                              {
                                "Worker Number": 0,
                                "Sort Method": "quicksort",
                                "Sort Space Used": 39792,
                                "Sort Space Type": "Memory"
                              }
                            ],
                            "Plans": [
                              {
                                "Node Type": "Seq Scan",
                                "Parent Relationship": "Outer",
                                "Parallel Aware": false,
                                "Relation Name": "title",
                                "Alias": "t",
                                "Startup Cost": 0.0,
                                "Total Cost": 67600.46,
                                "Plan Rows": 388415,
                                "Plan Width": 21,
                                "Actual Startup Time": 0.038,
                                "Actual Total Time": 242.851,
                                "Actual Rows": 391666,
                                "Actual Loops": 2,
                                "Filter": "(production_year > 2010)",
                                "Rows Removed by Filter": 2136646
                              }
                            ]
                          }
                        ]
                      },
                      {
                        "Node Type": "Index Scan",
                        "Parent Relationship": "Inner",
                        "Parallel Aware": false,
                        "Scan Direction": "Forward",
                        "Index Name": "movie_id_cast_info",
                        "Relation Name": "cast_info",
                        "Alias": "ci",
                        "Startup Cost": 0.56,
                        "Total Cost": 1.92,
                        "Plan Rows": 1,
                        "Plan Width": 8,
                        "Actual Startup Time": 0.014,
                        "Actual Total Time": 0.02,
                        "Actual Rows": 2,
                        "Actual Loops": 294635,
                        "Index Cond": "(movie_id = mc.movie_id)",
                        "Rows Removed by Index Recheck": 0,
                        "Filter": "((note !~~ '%(voice)%'::text) AND (note ~~ '%(uncredited)%'::text))",
                        "Rows Removed by Filter": 34
                      }
                    ]
                  },
                  {
                    "Node Type": "Index Scan",
                    "Parent Relationship": "Inner",
                    "Parallel Aware": false,
                    "Scan Direction": "Forward",
                    "Index Name": "char_name_pkey",
                    "Relation Name": "char_name",
                    "Alias": "chn",
                    "Startup Cost": 0.43,
                    "Total Cost": 0.91,
                    "Plan Rows": 1,
                    "Plan Width": 20,
                    "Actual Startup Time": 0.001,
                    "Actual Total Time": 0.001,
                    "Actual Rows": 1,
                    "Actual Loops": 595011,
                    "Index Cond": "(id = ci.person_role_id)",
                    "Rows Removed by Index Recheck": 0
                  }
                ]
              }
            ]
          }
        ]
      }
    ]
  },
  "Planning Time": 1.69,
  "Triggers": [],
  "Execution Time": 4380.354
}