{
  "Plan": {
    "Node Type": "Aggregate",
    "Strategy": "Plain",
    "Partial Mode": "Finalize",
    "Parallel Aware": false,
    "Startup Cost": 407705.44,
    "Total Cost": 407705.45,
    "Plan Rows": 1,
    "Plan Width": 8,
    "Actual Startup Time": 1706.053,
    "Actual Total Time": 1749.025,
    "Actual Rows": 1,
    "Actual Loops": 1,
    "Plans": [
      {
        "Node Type": "Gather",
        "Parent Relationship": "Outer",
        "Parallel Aware": false,
        "Startup Cost": 407705.32,
        "Total Cost": 407705.43,
        "Plan Rows": 1,
        "Plan Width": 8,
        "Actual Startup Time": 1702.628,
        "Actual Total Time": 1749.015,
        "Actual Rows": 2,
        "Actual Loops": 1,
        "Workers Planned": 1,
        "Workers Launched": 1,
        "Single Copy": false,
        "Plans": [
          {
            "Node Type": "Aggregate",
            "Strategy": "Plain",
            "Partial Mode": "Partial",
            "Parent Relationship": "Outer",
            "Parallel Aware": false,
            "Startup Cost": 406705.32,
            "Total Cost": 406705.33,
            "Plan Rows": 1,
            "Plan Width": 8,
            "Actual Startup Time": 1697.298,
            "Actual Total Time": 1698.12,
            "Actual Rows": 1,
            "Actual Loops": 2,
            "Plans": [
              {
                "Node Type": "Hash Join",
                "Parent Relationship": "Outer",
                "Parallel Aware": true,
                "Join Type": "Inner",
                "Startup Cost": 116120.41,
                "Total Cost": 404606.4,
                "Plan Rows": 839571,
                "Plan Width": 0,
                "Actual Startup Time": 655.23,
                "Actual Total Time": 1683.797,
                "Actual Rows": 351490,
                "Actual Loops": 2,
                "Inner Unique": false,
                "Hash Cond": "(mi.movie_id = t.id)",
                "Plans": [
                  {
                    "Node Type": "Seq Scan",
                    "Parent Relationship": "Outer",
                    "Parallel Aware": true,
                    "Relation Name": "movie_info",
                    "Alias": "mi",
                    "Startup Cost": 0.0,
                    "Total Cost": 270696.42,
                    "Plan Rows": 3426912,
                    "Plan Width": 4,
                    "Actual Startup Time": 0.018,
                    "Actual Total Time": 654.3,
                    "Actual Rows": 2942482,
                    "Actual Loops": 2,
                    "Filter": "(info_type_id < 7)",
                    "Rows Removed by Filter": 4475378
                  },
                  {
                    "Node Type": "Hash",
                    "Parent Relationship": "Inner",
                    "Parallel Aware": true,
                    "Startup Cost": 111565.88,
                    "Total Cost": 111565.88,
                    "Plan Rows": 364362,
                    "Plan Width": 8,
                    "Actual Startup Time": 647.966,
                    "Actual Total Time": 648.786,
                    "Actual Rows": 160879,
                    "Actual Loops": 2,
                    "Hash Buckets": 1048576,
                    "Original Hash Buckets": 1048576,
                    "Hash Batches": 1,
                    "Original Hash Batches": 1,
                    "Peak Memory Usage": 20832,
                    "Plans": [
                      {
                        "Node Type": "Hash Join",
                        "Parent Relationship": "Outer",
                        "Parallel Aware": true,
                        "Join Type": "Inner",
                        "Startup Cost": 67900.92,
                        "Total Cost": 111565.88,
                        "Plan Rows": 364362,
                        "Plan Width": 8,
                        "Actual Startup Time": 400.173,
                        "Actual Total Time": 609.917,
                        "Actual Rows": 160879,
                        "Actual Loops": 2,
                        "Inner Unique": true,
                        "Hash Cond": "(mc.movie_id = t.id)",
                        "Plans": [
                          {
                            "Node Type": "Seq Scan",
                            "Parent Relationship": "Outer",
                            "Parallel Aware": true,
                            "Relation Name": "movie_companies",
                            "Alias": "mc",
                            "Startup Cost": 0.0,
                            "Total Cost": 41811.73,
                            "Plan Rows": 705995,
                            "Plan Width": 4,
                            "Actual Startup Time": 50.409,
                            "Actual Total Time": 117.46,
                            "Actual Rows": 545930,
                            "Actual Loops": 2,
                            "Filter": "((company_id < 102430) AND (company_type_id = 2))",
                            "Rows Removed by Filter": 758635
                          },
                          {
                            "Node Type": "Hash",
                            "Parent Relationship": "Inner",
                            "Parallel Aware": true,
                            "Startup Cost": 58306.47,
                            "Total Cost": 58306.47,
                            "Plan Rows": 767556,
                            "Plan Width": 4,
                            "Actual Startup Time": 341.833,
                            "Actual Total Time": 341.834,
                            "Actual Rows": 691552,
                            "Actual Loops": 2,
                            "Hash Buckets": 2097152,
                            "Original Hash Buckets": 2097152,
                            "Hash Batches": 1,
                            "Original Hash Batches": 1,
                            "Peak Memory Usage": 70528,
                            "Plans": [
                              {
                                "Node Type": "Seq Scan",
                                "Parent Relationship": "Outer",
                                "Parallel Aware": true,
                                "Relation Name": "title",
                                "Alias": "t",
                                "Startup Cost": 0.0,
                                "Total Cost": 58306.47,
                                "Plan Rows": 767556,
                                "Plan Width": 4,
                                "Actual Startup Time": 0.036,
                                "Actual Total Time": 161.779,
                                "Actual Rows": 691552,
                                "Actual Loops": 2,
                                "Filter": "((production_year > 1966) AND (kind_id = 7))",
                                "Rows Removed by Filter": 572604
                              }
                            ]
                          }
                        ]
                      }
                    ]
                  }
                ]
              }
            ]
          }
        ]
      }
    ]
  },
  "Planning Time": 0.58,
  "Triggers": [],
  "Execution Time": 1749.092
}