[
  {
    "Plan": {
      "Node Type": "Aggregate",
      "Strategy": "Plain",
      "Partial Mode": "Finalize",
      "Parallel Aware": false,
      "Startup Cost": 46806.98,
      "Total Cost": 46806.99,
      "Plan Rows": 1,
      "Plan Width": 8,
      "Actual Startup Time": 104.956,
      "Actual Total Time": 119.878,
      "Actual Rows": 1,
      "Actual Loops": 1,
      "Plans": [
        {
          "Node Type": "Gather",
          "Parent Relationship": "Outer",
          "Parallel Aware": false,
          "Startup Cost": 46806.56,
          "Total Cost": 46806.97,
          "Plan Rows": 4,
          "Plan Width": 8,
          "Actual Startup Time": 104.812,
          "Actual Total Time": 119.87,
          "Actual Rows": 5,
          "Actual Loops": 1,
          "Workers Planned": 4,
          "Workers Launched": 4,
          "Single Copy": false,
          "Plans": [
            {
              "Node Type": "Aggregate",
              "Strategy": "Plain",
              "Partial Mode": "Partial",
              "Parent Relationship": "Outer",
              "Parallel Aware": false,
              "Startup Cost": 45806.56,
              "Total Cost": 45806.57,
              "Plan Rows": 1,
              "Plan Width": 8,
              "Actual Startup Time": 98.239,
              "Actual Total Time": 98.24,
              "Actual Rows": 1,
              "Actual Loops": 5,
              "Plans": [
                {
                  "Node Type": "Seq Scan",
                  "Parent Relationship": "Outer",
                  "Parallel Aware": true,
                  "Relation Name": "title",
                  "Alias": "t",
                  "Startup Cost": 0.0,
                  "Total Cost": 45479.1,
                  "Plan Rows": 130986,
                  "Plan Width": 0,
                  "Actual Startup Time": 0.037,
                  "Actual Total Time": 92.031,
                  "Actual Rows": 121906,
                  "Actual Loops": 5,
                  "Filter": "((kind_id < 7) AND (production_year < 2005))",
                  "Rows Removed by Filter": 383756
                }
              ]
            }
          ]
        }
      ]
    },
    "Planning Time": 0.186,
    "Triggers": [],
    "Execution Time": 119.94
  }
]