[
  {
    "Bao": {
      "Bao prediction": 2302.13,
      "Bao recommended hint": "SET enable_nestloop TO off; SET enable_mergejoin TO off; SET enable_indexscan TO off; "
    }
  },
  {
    "Plan": {
      "Node Type": "Aggregate",
      "Strategy": "Plain",
      "Partial Mode": "Finalize",
      "Parallel Aware": false,
      "Startup Cost": 548036.92,
      "Total Cost": 548036.93,
      "Plan Rows": 1,
      "Plan Width": 64,
      "Actual Startup Time": 6296.4,
      "Actual Total Time": 6459.391,
      "Actual Rows": 1,
      "Actual Loops": 1,
      "Plans": [
        {
          "Node Type": "Gather",
          "Parent Relationship": "Outer",
          "Parallel Aware": false,
          "Startup Cost": 548036.49,
          "Total Cost": 548036.9,
          "Plan Rows": 4,
          "Plan Width": 64,
          "Actual Startup Time": 6101.798,
          "Actual Total Time": 6459.32,
          "Actual Rows": 5,
          "Actual Loops": 1,
          "Workers Planned": 4,
          "Workers Launched": 4,
          "Single Copy": false,
          "Plans": [
            {
              "Node Type": "Aggregate",
              "Strategy": "Plain",
              "Partial Mode": "Partial",
              "Parent Relationship": "Outer",
              "Parallel Aware": false,
              "Startup Cost": 547036.49,
              "Total Cost": 547036.5,
              "Plan Rows": 1,
              "Plan Width": 64,
              "Actual Startup Time": 6090.083,
              "Actual Total Time": 6090.474,
              "Actual Rows": 1,
              "Actual Loops": 5,
              "Plans": [
                {
                  "Node Type": "Hash Join",
                  "Parent Relationship": "Outer",
                  "Parallel Aware": true,
                  "Join Type": "Inner",
                  "Startup Cost": 477092.93,
                  "Total Cost": 547033.38,
                  "Plan Rows": 623,
                  "Plan Width": 33,
                  "Actual Startup Time": 5276.533,
                  "Actual Total Time": 5999.804,
                  "Actual Rows": 742118,
                  "Actual Loops": 5,
                  "Inner Unique": false,
                  "Hash Cond": "(n.id = an.person_id)",
                  "Plans": [
                    {
                      "Node Type": "Seq Scan",
                      "Parent Relationship": "Outer",
                      "Parallel Aware": true,
                      "Relation Name": "name",
                      "Alias": "n",
                      "Startup Cost": 0.0,
                      "Total Cost": 66031.5,
                      "Plan Rows": 1041850,
                      "Plan Width": 4,
                      "Actual Startup Time": 0.034,
                      "Actual Total Time": 180.015,
                      "Actual Rows": 833498,
                      "Actual Loops": 5
                    },
                    {
                      "Node Type": "Hash",
                      "Parent Relationship": "Inner",
                      "Parallel Aware": true,
                      "Startup Cost": 477082.88,
                      "Total Cost": 477082.88,
                      "Plan Rows": 804,
                      "Plan Width": 41,
                      "Actual Startup Time": 5274.937,
                      "Actual Total Time": 5275.324,
                      "Actual Rows": 742118,
                      "Actual Loops": 5,
                      "Hash Buckets": 4194304,
                      "Original Hash Buckets": 4096,
                      "Hash Batches": 1,
                      "Original Hash Batches": 1,
                      "Peak Memory Usage": 367008,
                      "Plans": [
                        {
                          "Node Type": "Hash Join",
                          "Parent Relationship": "Outer",
                          "Parallel Aware": true,
                          "Join Type": "Inner",
                          "Startup Cost": 461687.64,
                          "Total Cost": 477082.88,
                          "Plan Rows": 804,
                          "Plan Width": 41,
                          "Actual Startup Time": 4204.88,
                          "Actual Total Time": 4497.732,
                          "Actual Rows": 742118,
                          "Actual Loops": 5,
                          "Inner Unique": false,
                          "Hash Cond": "(an.person_id = ci.person_id)",
                          "Plans": [
                            {
                              "Node Type": "Seq Scan",
                              "Parent Relationship": "Outer",
                              "Parallel Aware": true,
                              "Relation Name": "aka_name",
                              "Alias": "an",
                              "Startup Cost": 0.0,
                              "Total Cost": 14303.56,
                              "Plan Rows": 290756,
                              "Plan Width": 20,
                              "Actual Startup Time": 0.038,
                              "Actual Total Time": 49.267,
                              "Actual Rows": 180269,
                              "Actual Loops": 5
                            },
                            {
                              "Node Type": "Hash",
                              "Parent Relationship": "Inner",
                              "Parallel Aware": true,
                              "Startup Cost": 461685.43,
                              "Total Cost": 461685.43,
                              "Plan Rows": 177,
                              "Plan Width": 21,
                              "Actual Startup Time": 4204.569,
                              "Actual Total Time": 4204.952,
                              "Actual Rows": 566511,
                              "Actual Loops": 5,
                              "Hash Buckets": 4194304,
                              "Original Hash Buckets": 2048,
                              "Hash Batches": 1,
                              "Original Hash Batches": 1,
                              "Peak Memory Usage": 232144,
                              "Plans": [
                                {
                                  "Node Type": "Hash Join",
                                  "Parent Relationship": "Outer",
                                  "Parallel Aware": true,
                                  "Join Type": "Inner",
                                  "Startup Cost": 125900.47,
                                  "Total Cost": 461685.43,
                                  "Plan Rows": 177,
                                  "Plan Width": 21,
                                  "Actual Startup Time": 888.872,
                                  "Actual Total Time": 3645.99,
                                  "Actual Rows": 566511,
                                  "Actual Loops": 5,
                                  "Inner Unique": false,
                                  "Hash Cond": "(ci.movie_id = t.id)",
                                  "Plans": [
                                    {
                                      "Node Type": "Seq Scan",
                                      "Parent Relationship": "Outer",
                                      "Parallel Aware": true,
                                      "Relation Name": "cast_info",
                                      "Alias": "ci",
                                      "Startup Cost": 0.0,
                                      "Total Cost": 313121.52,
                                      "Plan Rows": 6043452,
                                      "Plan Width": 8,
                                      "Actual Startup Time": 0.05,
                                      "Actual Total Time": 1175.526,
                                      "Actual Rows": 7248869,
                                      "Actual Loops": 5
                                    },
                                    {
                                      "Node Type": "Hash",
                                      "Parent Relationship": "Inner",
                                      "Parallel Aware": true,
                                      "Startup Cost": 125900.2,
                                      "Total Cost": 125900.2,
                                      "Plan Rows": 21,
                                      "Plan Width": 29,
                                      "Actual Startup Time": 888.519,
                                      "Actual Total Time": 888.897,
                                      "Actual Rows": 13663,
                                      "Actual Loops": 5,
                                      "Hash Buckets": 131072,
                                      "Original Hash Buckets": 1024,
                                      "Hash Batches": 1,
                                      "Original Hash Batches": 1,
                                      "Peak Memory Usage": 6808,
                                      "Plans": [
                                        {
                                          "Node Type": "Hash Join",
                                          "Parent Relationship": "Outer",
                                          "Parallel Aware": true,
                                          "Join Type": "Inner",
                                          "Startup Cost": 95537.27,
                                          "Total Cost": 125900.2,
                                          "Plan Rows": 21,
                                          "Plan Width": 29,
                                          "Actual Startup Time": 642.53,
                                          "Actual Total Time": 841.322,
                                          "Actual Rows": 13663,
                                          "Actual Loops": 5,
                                          "Inner Unique": true,
                                          "Hash Cond": "(mc.company_id = cn.id)",
                                          "Plans": [
                                            {
                                              "Node Type": "Hash Join",
                                              "Parent Relationship": "Outer",
                                              "Parallel Aware": true,
                                              "Join Type": "Inner",
                                              "Startup Cost": 90191.95,
                                              "Total Cost": 120554.73,
                                              "Plan Rows": 59,
                                              "Plan Width": 33,
                                              "Actual Startup Time": 608.366,
                                              "Actual Total Time": 794.344,
                                              "Actual Rows": 29710,
                                              "Actual Loops": 5,
                                              "Inner Unique": false,
                                              "Hash Cond": "(mc.movie_id = t.id)",
                                              "Plans": [
                                                {
                                                  "Node Type": "Seq Scan",
                                                  "Parent Relationship": "Outer",
                                                  "Parallel Aware": true,
                                                  "Relation Name": "movie_companies",
                                                  "Alias": "mc",
                                                  "Startup Cost": 0.0,
                                                  "Total Cost": 27206.55,
                                                  "Plan Rows": 841655,
                                                  "Plan Width": 8,
                                                  "Actual Startup Time": 0.06,
                                                  "Actual Total Time": 85.233,
                                                  "Actual Rows": 521826,
                                                  "Actual Loops": 5
                                                },
                                                {
                                                  "Node Type": "Hash",
                                                  "Parent Relationship": "Inner",
                                                  "Parallel Aware": true,
                                                  "Startup Cost": 90191.85,
                                                  "Total Cost": 90191.85,
                                                  "Plan Rows": 8,
                                                  "Plan Width": 25,
                                                  "Actual Startup Time": 607.776,
                                                  "Actual Total Time": 608.141,
                                                  "Actual Rows": 8368,
                                                  "Actual Loops": 5,
                                                  "Hash Buckets": 65536,
                                                  "Original Hash Buckets": 1024,
                                                  "Hash Batches": 1,
                                                  "Original Hash Batches": 1,
                                                  "Peak Memory Usage": 3768,
                                                  "Plans": [
                                                    {
                                                      "Node Type": "Hash Join",
                                                      "Parent Relationship": "Outer",
                                                      "Parallel Aware": true,
                                                      "Join Type": "Inner",
                                                      "Startup Cost": 45504.47,
                                                      "Total Cost": 90191.85,
                                                      "Plan Rows": 8,
                                                      "Plan Width": 25,
                                                      "Actual Startup Time": 289.046,
                                                      "Actual Total Time": 523.725,
                                                      "Actual Rows": 8368,
                                                      "Actual Loops": 5,
                                                      "Inner Unique": false,
                                                      "Hash Cond": "(t.id = mk.movie_id)",
                                                      "Plans": [
                                                        {
                                                          "Node Type": "Seq Scan",
                                                          "Parent Relationship": "Outer",
                                                          "Parallel Aware": true,
                                                          "Relation Name": "title",
                                                          "Alias": "t",
                                                          "Startup Cost": 0.0,
                                                          "Total Cost": 42317.53,
                                                          "Plan Rows": 631953,
                                                          "Plan Width": 21,
                                                          "Actual Startup Time": 0.029,
                                                          "Actual Total Time": 119.031,
                                                          "Actual Rows": 505662,
                                                          "Actual Loops": 5
                                                        },
                                                        {
                                                          "Node Type": "Hash",
                                                          "Parent Relationship": "Inner",
                                                          "Parallel Aware": true,
                                                          "Startup Cost": 45504.33,
                                                          "Total Cost": 45504.33,
                                                          "Plan Rows": 11,
                                                          "Plan Width": 4,
                                                          "Actual Startup Time": 288.709,
                                                          "Actual Total Time": 288.716,
                                                          "Actual Rows": 8368,
                                                          "Actual Loops": 5,
                                                          "Hash Buckets": 65536,
                                                          "Original Hash Buckets": 1024,
                                                          "Hash Batches": 1,
                                                          "Original Hash Batches": 1,
                                                          "Peak Memory Usage": 2776,
                                                          "Plans": [
                                                            {
                                                              "Node Type": "Hash Join",
                                                              "Parent Relationship": "Outer",
                                                              "Parallel Aware": false,
                                                              "Join Type": "Inner",
                                                              "Startup Cost": 2626.14,
                                                              "Total Cost": 45504.33,
                                                              "Plan Rows": 11,
                                                              "Plan Width": 4,
                                                              "Actual Startup Time": 21.587,
                                                              "Actual Total Time": 241.962,
                                                              "Actual Rows": 8368,
                                                              "Actual Loops": 5,
                                                              "Inner Unique": true,
                                                              "Hash Cond": "(mk.keyword_id = k.id)",
                                                              "Plans": [
                                                                {
                                                                  "Node Type": "Seq Scan",
                                                                  "Parent Relationship": "Outer",
                                                                  "Parallel Aware": true,
                                                                  "Relation Name": "movie_keyword",
                                                                  "Alias": "mk",
                                                                  "Startup Cost": 0.0,
                                                                  "Total Cost": 39047.32,
                                                                  "Plan Rows": 1459332,
                                                                  "Plan Width": 8,
                                                                  "Actual Startup Time": 0.028,
                                                                  "Actual Total Time": 128.116,
                                                                  "Actual Rows": 904786,
                                                                  "Actual Loops": 5
                                                                },
                                                                {
                                                                  "Node Type": "Hash",
                                                                  "Parent Relationship": "Inner",
                                                                  "Parallel Aware": false,
                                                                  "Startup Cost": 2626.12,
                                                                  "Total Cost": 2626.12,
                                                                  "Plan Rows": 1,
                                                                  "Plan Width": 4,
                                                                  "Actual Startup Time": 21.46,
                                                                  "Actual Total Time": 21.462,
                                                                  "Actual Rows": 1,
                                                                  "Actual Loops": 5,
                                                                  "Hash Buckets": 1024,
                                                                  "Original Hash Buckets": 1024,
                                                                  "Hash Batches": 1,
                                                                  "Original Hash Batches": 1,
                                                                  "Peak Memory Usage": 9,
                                                                  "Plans": [
                                                                    {
                                                                      "Node Type": "Seq Scan",
                                                                      "Parent Relationship": "Outer",
                                                                      "Parallel Aware": false,
                                                                      "Relation Name": "keyword",
                                                                      "Alias": "k",
                                                                      "Startup Cost": 0.0,
                                                                      "Total Cost": 2626.12,
                                                                      "Plan Rows": 1,
                                                                      "Plan Width": 4,
                                                                      "Actual Startup Time": 0.957,
                                                                      "Actual Total Time": 21.451,
                                                                      "Actual Rows": 1,
                                                                      "Actual Loops": 5,
                                                                      "Filter": "(keyword = 'character-name-in-title'::text)",
                                                                      "Rows Removed by Filter": 134169
                                                                    }
                                                                  ]
                                                                }
                                                              ]
                                                            }
                                                          ]
                                                        }
                                                      ]
                                                    }
                                                  ]
                                                }
                                              ]
                                            },
                                            {
                                              "Node Type": "Hash",
                                              "Parent Relationship": "Inner",
                                              "Parallel Aware": true,
                                              "Startup Cost": 4722.92,
                                              "Total Cost": 4722.92,
                                              "Plan Rows": 49792,
                                              "Plan Width": 4,
                                              "Actual Startup Time": 33.486,
                                              "Actual Total Time": 33.488,
                                              "Actual Rows": 16969,
                                              "Actual Loops": 5,
                                              "Hash Buckets": 131072,
                                              "Original Hash Buckets": 131072,
                                              "Hash Batches": 1,
                                              "Original Hash Batches": 1,
                                              "Peak Memory Usage": 4416,
                                              "Plans": [
                                                {
                                                  "Node Type": "Seq Scan",
                                                  "Parent Relationship": "Outer",
                                                  "Parallel Aware": true,
                                                  "Relation Name": "company_name",
                                                  "Alias": "cn",
                                                  "Startup Cost": 0.0,
                                                  "Total Cost": 4722.92,
                                                  "Plan Rows": 49792,
                                                  "Plan Width": 4,
                                                  "Actual Startup Time": 0.084,
                                                  "Actual Total Time": 22.915,
                                                  "Actual Rows": 16969,
                                                  "Actual Loops": 5,
                                                  "Filter": "((country_code)::text = '[us]'::text)",
                                                  "Rows Removed by Filter": 30031
                                                }
                                              ]
                                            }
                                          ]
                                        }
                                      ]
                                    }
                                  ]
                                }
                              ]
                            }
                          ]
                        }
                      ]
                    }
                  ]
                }
              ]
            }
          ]
        }
      ]
    },
    "Planning Time": 596.175,
    "Triggers": [],
    "Execution Time": 6460.029
  }
]