{
  "Plan": {
    "Node Type": "Aggregate",
    "Strategy": "Plain",
    "Partial Mode": "Finalize",
    "Parallel Aware": false,
    "Startup Cost": 80563.34,
    "Total Cost": 80563.35,
    "Plan Rows": 1,
    "Plan Width": 8,
    "Actual Startup Time": 205.122,
    "Actual Total Time": 222.515,
    "Actual Rows": 1,
    "Actual Loops": 1,
    "Plans": [
      {
        "Node Type": "Gather",
        "Parent Relationship": "Outer",
        "Parallel Aware": false,
        "Startup Cost": 80563.22,
        "Total Cost": 80563.33,
        "Plan Rows": 1,
        "Plan Width": 8,
        "Actual Startup Time": 205.011,
        "Actual Total Time": 222.507,
        "Actual Rows": 2,
        "Actual Loops": 1,
        "Workers Planned": 1,
        "Workers Launched": 1,
        "Single Copy": false,
        "Plans": [
          {
            "Node Type": "Aggregate",
            "Strategy": "Plain",
            "Partial Mode": "Partial",
            "Parent Relationship": "Outer",
            "Parallel Aware": false,
            "Startup Cost": 79563.22,
            "Total Cost": 79563.23,
            "Plan Rows": 1,
            "Plan Width": 8,
            "Actual Startup Time": 200.169,
            "Actual Total Time": 200.171,
            "Actual Rows": 1,
            "Actual Loops": 2,
            "Plans": [
              {
                "Node Type": "Nested Loop",
                "Parent Relationship": "Outer",
                "Parallel Aware": false,
                "Join Type": "Inner",
                "Startup Cost": 0.86,
                "Total Cost": 79558.02,
                "Plan Rows": 2082,
                "Plan Width": 0,
                "Actual Startup Time": 1.011,
                "Actual Total Time": 197.767,
                "Actual Rows": 52458,
                "Actual Loops": 2,
                "Inner Unique": false,
                "Join Filter": "(t.id = mc.movie_id)",
                "Rows Removed by Join Filter": 0,
                "Plans": [
                  {
                    "Node Type": "Nested Loop",
                    "Parent Relationship": "Outer",
                    "Parallel Aware": false,
                    "Join Type": "Inner",
                    "Startup Cost": 0.43,
                    "Total Cost": 76930.14,
                    "Plan Rows": 4435,
                    "Plan Width": 8,
                    "Actual Startup Time": 0.906,
                    "Actual Total Time": 161.619,
                    "Actual Rows": 9970,
                    "Actual Loops": 2,
                    "Inner Unique": false,
                    "Plans": [
                      {
                        "Node Type": "Seq Scan",
                        "Parent Relationship": "Outer",
                        "Parallel Aware": true,
                        "Relation Name": "title",
                        "Alias": "t",
                        "Startup Cost": 0.0,
                        "Total Cost": 54588.39,
                        "Plan Rows": 2479,
                        "Plan Width": 4,
                        "Actual Startup Time": 0.694,
                        "Actual Total Time": 141.631,
                        "Actual Rows": 2382,
                        "Actual Loops": 2,
                        "Filter": "(production_year = 1950)",
                        "Rows Removed by Filter": 1261774
                      },
                      {
                        "Node Type": "Index Only Scan",
                        "Parent Relationship": "Inner",
                        "Parallel Aware": false,
                        "Scan Direction": "Forward",
                        "Index Name": "movie_id_movie_keyword",
                        "Relation Name": "movie_keyword",
                        "Alias": "mk",
                        "Startup Cost": 0.43,
                        "Total Cost": 8.56,
                        "Plan Rows": 45,
                        "Plan Width": 4,
                        "Actual Startup Time": 0.007,
                        "Actual Total Time": 0.008,
                        "Actual Rows": 4,
                        "Actual Loops": 4763,
                        "Index Cond": "(movie_id = t.id)",
                        "Rows Removed by Index Recheck": 0,
                        "Heap Fetches": 19940
                      }
                    ]
                  },
                  {
                    "Node Type": "Index Scan",
                    "Parent Relationship": "Inner",
                    "Parallel Aware": false,
                    "Scan Direction": "Forward",
                    "Index Name": "movie_id_movie_companies",
                    "Relation Name": "movie_companies",
                    "Alias": "mc",
                    "Startup Cost": 0.43,
                    "Total Cost": 0.57,
                    "Plan Rows": 2,
                    "Plan Width": 4,
                    "Actual Startup Time": 0.002,
                    "Actual Total Time": 0.003,
                    "Actual Rows": 5,
                    "Actual Loops": 19940,
                    "Index Cond": "(movie_id = mk.movie_id)",
                    "Rows Removed by Index Recheck": 0,
                    "Filter": "((company_id < 115852) AND (company_type_id < 2))",
                    "Rows Removed by Filter": 1
                  }
                ]
              }
            ]
          }
        ]
      }
    ]
  },
  "Planning Time": 1.08,
  "Triggers": [],
  "Execution Time": 222.607
}