{
  "Plan": {
    "Node Type": "Aggregate",
    "Strategy": "Plain",
    "Partial Mode": "Finalize",
    "Parallel Aware": false,
    "Startup Cost": 447170.65,
    "Total Cost": 447170.66,
    "Plan Rows": 1,
    "Plan Width": 8,
    "Actual Startup Time": 858.266,
    "Actual Total Time": 878.364,
    "Actual Rows": 1,
    "Actual Loops": 1,
    "Plans": [
      {
        "Node Type": "Gather",
        "Parent Relationship": "Outer",
        "Parallel Aware": false,
        "Startup Cost": 447170.54,
        "Total Cost": 447170.65,
        "Plan Rows": 1,
        "Plan Width": 8,
        "Actual Startup Time": 856.333,
        "Actual Total Time": 878.355,
        "Actual Rows": 2,
        "Actual Loops": 1,
        "Workers Planned": 1,
        "Workers Launched": 1,
        "Single Copy": false,
        "Plans": [
          {
            "Node Type": "Aggregate",
            "Strategy": "Plain",
            "Partial Mode": "Partial",
            "Parent Relationship": "Outer",
            "Parallel Aware": false,
            "Startup Cost": 446170.54,
            "Total Cost": 446170.55,
            "Plan Rows": 1,
            "Plan Width": 8,
            "Actual Startup Time": 848.809,
            "Actual Total Time": 848.816,
            "Actual Rows": 1,
            "Actual Loops": 2,
            "Plans": [
              {
                "Node Type": "Hash Join",
                "Parent Relationship": "Outer",
                "Parallel Aware": true,
                "Join Type": "Inner",
                "Startup Cost": 165273.49,
                "Total Cost": 445799.19,
                "Plan Rows": 148538,
                "Plan Width": 0,
                "Actual Startup Time": 533.201,
                "Actual Total Time": 844.425,
                "Actual Rows": 97963,
                "Actual Loops": 2,
                "Inner Unique": false,
                "Hash Cond": "(ci.movie_id = t.id)",
                "Plans": [
                  {
                    "Node Type": "Bitmap Heap Scan",
                    "Parent Relationship": "Outer",
                    "Parallel Aware": true,
                    "Relation Name": "cast_info",
                    "Alias": "ci",
                    "Startup Cost": 62306.92,
                    "Total Cost": 335736.19,
                    "Plan Rows": 1659382,
                    "Plan Width": 4,
                    "Actual Startup Time": 91.946,
                    "Actual Total Time": 240.905,
                    "Actual Rows": 1434758,
                    "Actual Loops": 2,
                    "Recheck Cond": "(person_id < 278249)",
                    "Rows Removed by Index Recheck": 0,
                    "Exact Heap Blocks": 16853,
                    "Lossy Heap Blocks": 0,
                    "Plans": [
                      {
                        "Node Type": "Bitmap Index Scan",
                        "Parent Relationship": "Outer",
                        "Parallel Aware": false,
                        "Index Name": "person_id_cast_info",
                        "Startup Cost": 0.0,
                        "Total Cost": 61601.68,
                        "Plan Rows": 2820949,
                        "Plan Width": 0,
                        "Actual Startup Time": 87.151,
                        "Actual Total Time": 87.152,
                        "Actual Rows": 2869515,
                        "Actual Loops": 1,
                        "Index Cond": "(person_id < 278249)"
                      }
                    ]
                  },
                  {
                    "Node Type": "Hash",
                    "Parent Relationship": "Inner",
                    "Parallel Aware": true,
                    "Startup Cost": 101302.47,
                    "Total Cost": 101302.47,
                    "Plan Rows": 133128,
                    "Plan Width": 8,
                    "Actual Startup Time": 437.697,
                    "Actual Total Time": 437.701,
                    "Actual Rows": 43216,
                    "Actual Loops": 2,
                    "Hash Buckets": 262144,
                    "Original Hash Buckets": 262144,
                    "Hash Batches": 1,
                    "Original Hash Batches": 1,
                    "Peak Memory Usage": 5472,
                    "Plans": [
                      {
                        "Node Type": "Hash Join",
                        "Parent Relationship": "Outer",
                        "Parallel Aware": true,
                        "Join Type": "Inner",
                        "Startup Cost": 38288.78,
                        "Total Cost": 101302.47,
                        "Plan Rows": 133128,
                        "Plan Width": 8,
                        "Actual Startup Time": 146.002,
                        "Actual Total Time": 424.606,
                        "Actual Rows": 43216,
                        "Actual Loops": 2,
                        "Inner Unique": false,
                        "Hash Cond": "(t.id = mc.movie_id)",
                        "Plans": [
                          {
                            "Node Type": "Seq Scan",
                            "Parent Relationship": "Outer",
                            "Parallel Aware": true,
                            "Relation Name": "title",
                            "Alias": "t",
                            "Startup Cost": 0.0,
                            "Total Cost": 58306.47,
                            "Plan Rows": 627858,
                            "Plan Width": 4,
                            "Actual Startup Time": 0.012,
                            "Actual Total Time": 146.995,
                            "Actual Rows": 581636,
                            "Actual Loops": 2,
                            "Filter": "((production_year > 1990) AND (kind_id = 7))",
                            "Rows Removed by Filter": 682520
                          },
                          {
                            "Node Type": "Hash",
                            "Parent Relationship": "Inner",
                            "Parallel Aware": true,
                            "Startup Cost": 34346.95,
                            "Total Cost": 34346.95,
                            "Plan Rows": 315346,
                            "Plan Width": 4,
                            "Actual Startup Time": 139.396,
                            "Actual Total Time": 139.397,
                            "Actual Rows": 272860,
                            "Actual Loops": 2,
                            "Hash Buckets": 1048576,
                            "Original Hash Buckets": 1048576,
                            "Hash Batches": 1,
                            "Original Hash Batches": 1,
                            "Peak Memory Usage": 29568,
                            "Plans": [
                              {
                                "Node Type": "Bitmap Heap Scan",
                                "Parent Relationship": "Outer",
                                "Parallel Aware": true,
                                "Relation Name": "movie_companies",
                                "Alias": "mc",
                                "Startup Cost": 11615.12,
                                "Total Cost": 34346.95,
                                "Plan Rows": 315346,
                                "Plan Width": 4,
                                "Actual Startup Time": 27.42,
                                "Actual Total Time": 76.063,
                                "Actual Rows": 272860,
                                "Actual Loops": 2,
                                "Recheck Cond": "(company_id > 71988)",
                                "Rows Removed by Index Recheck": 0,
                                "Exact Heap Blocks": 4524,
                                "Lossy Heap Blocks": 0,
                                "Plans": [
                                  {
                                    "Node Type": "Bitmap Index Scan",
                                    "Parent Relationship": "Outer",
                                    "Parallel Aware": false,
                                    "Index Name": "company_id_movie_companies",
                                    "Startup Cost": 0.0,
                                    "Total Cost": 11481.1,
                                    "Plan Rows": 536089,
                                    "Plan Width": 0,
                                    "Actual Startup Time": 26.263,
                                    "Actual Total Time": 26.263,
                                    "Actual Rows": 545721,
                                    "Actual Loops": 1,
                                    "Index Cond": "(company_id > 71988)"
                                  }
                                ]
                              }
                            ]
                          }
                        ]
                      }
                    ]
                  }
                ]
              }
            ]
          }
        ]
      }
    ]
  },
  "Planning Time": 1.095,
  "Triggers": [],
  "Execution Time": 878.477
}