[
  {
    "Plan": {
      "Node Type": "Aggregate",
      "Strategy": "Plain",
      "Partial Mode": "Finalize",
      "Parallel Aware": false,
      "Startup Cost": 333384.08,
      "Total Cost": 333384.09,
      "Plan Rows": 1,
      "Plan Width": 8,
      "Actual Startup Time": 564.626,
      "Actual Total Time": 587.717,
      "Actual Rows": 1,
      "Actual Loops": 1,
      "Plans": [
        {
          "Node Type": "Gather",
          "Parent Relationship": "Outer",
          "Parallel Aware": false,
          "Startup Cost": 333383.46,
          "Total Cost": 333384.07,
          "Plan Rows": 6,
          "Plan Width": 8,
          "Actual Startup Time": 564.536,
          "Actual Total Time": 587.71,
          "Actual Rows": 7,
          "Actual Loops": 1,
          "Workers Planned": 6,
          "Workers Launched": 6,
          "Single Copy": false,
          "Plans": [
            {
              "Node Type": "Aggregate",
              "Strategy": "Plain",
              "Partial Mode": "Partial",
              "Parent Relationship": "Outer",
              "Parallel Aware": false,
              "Startup Cost": 332383.46,
              "Total Cost": 332383.47,
              "Plan Rows": 1,
              "Plan Width": 8,
              "Actual Startup Time": 558.754,
              "Actual Total Time": 558.755,
              "Actual Rows": 1,
              "Actual Loops": 7,
              "Plans": [
                {
                  "Node Type": "Seq Scan",
                  "Parent Relationship": "Outer",
                  "Parallel Aware": true,
                  "Relation Name": "cast_info",
                  "Alias": "ci",
                  "Startup Cost": 0.0,
                  "Total Cost": 328213.62,
                  "Plan Rows": 1667937,
                  "Plan Width": 0,
                  "Actual Startup Time": 0.034,
                  "Actual Total Time": 497.342,
                  "Actual Rows": 1428517,
                  "Actual Loops": 7,
                  "Filter": "(person_id < 983871)",
                  "Rows Removed by Filter": 3749246
                }
              ]
            }
          ]
        }
      ]
    },
    "Planning Time": 0.066,
    "Triggers": [],
    "Execution Time": 587.741
  }
]