{
  "Plan": {
    "Node Type": "Aggregate",
    "Strategy": "Plain",
    "Partial Mode": "Finalize",
    "Parallel Aware": false,
    "Startup Cost": 84664.93,
    "Total Cost": 84664.94,
    "Plan Rows": 1,
    "Plan Width": 8,
    "Actual Startup Time": 173.419,
    "Actual Total Time": 186.716,
    "Actual Rows": 1,
    "Actual Loops": 1,
    "Plans": [
      {
        "Node Type": "Gather",
        "Parent Relationship": "Outer",
        "Parallel Aware": false,
        "Startup Cost": 84664.82,
        "Total Cost": 84664.93,
        "Plan Rows": 1,
        "Plan Width": 8,
        "Actual Startup Time": 173.289,
        "Actual Total Time": 186.708,
        "Actual Rows": 2,
        "Actual Loops": 1,
        "Workers Planned": 1,
        "Workers Launched": 1,
        "Single Copy": false,
        "Plans": [
          {
            "Node Type": "Aggregate",
            "Strategy": "Plain",
            "Partial Mode": "Partial",
            "Parent Relationship": "Outer",
            "Parallel Aware": false,
            "Startup Cost": 83664.82,
            "Total Cost": 83664.83,
            "Plan Rows": 1,
            "Plan Width": 8,
            "Actual Startup Time": 170.447,
            "Actual Total Time": 170.449,
            "Actual Rows": 1,
            "Actual Loops": 2,
            "Plans": [
              {
                "Node Type": "Nested Loop",
                "Parent Relationship": "Outer",
                "Parallel Aware": false,
                "Join Type": "Inner",
                "Startup Cost": 0.43,
                "Total Cost": 83661.72,
                "Plan Rows": 1241,
                "Plan Width": 0,
                "Actual Startup Time": 97.107,
                "Actual Total Time": 169.907,
                "Actual Rows": 5877,
                "Actual Loops": 2,
                "Inner Unique": false,
                "Plans": [
                  {
                    "Node Type": "Seq Scan",
                    "Parent Relationship": "Outer",
                    "Parallel Aware": true,
                    "Relation Name": "title",
                    "Alias": "t",
                    "Startup Cost": 0.0,
                    "Total Cost": 58306.47,
                    "Plan Rows": 1536,
                    "Plan Width": 4,
                    "Actual Startup Time": 97.035,
                    "Actual Total Time": 146.954,
                    "Actual Rows": 2972,
                    "Actual Loops": 2,
                    "Filter": "((kind_id < 7) AND (production_year = 1911))",
                    "Rows Removed by Filter": 1261184
                  },
                  {
                    "Node Type": "Index Scan",
                    "Parent Relationship": "Inner",
                    "Parallel Aware": false,
                    "Scan Direction": "Forward",
                    "Index Name": "movie_id_movie_companies",
                    "Relation Name": "movie_companies",
                    "Alias": "mc",
                    "Startup Cost": 0.43,
                    "Total Cost": 16.47,
                    "Plan Rows": 4,
                    "Plan Width": 4,
                    "Actual Startup Time": 0.006,
                    "Actual Total Time": 0.007,
                    "Actual Rows": 2,
                    "Actual Loops": 5945,
                    "Index Cond": "(movie_id = t.id)",
                    "Rows Removed by Index Recheck": 0,
                    "Filter": "(company_id > 595)",
                    "Rows Removed by Filter": 0
                  }
                ]
              }
            ]
          }
        ]
      }
    ]
  },
  "Planning Time": 0.292,
  "Triggers": [],
  "Execution Time": 186.766
}