{
  "Plan": {
    "Node Type": "Aggregate",
    "Strategy": "Plain",
    "Partial Mode": "Finalize",
    "Parallel Aware": false,
    "Startup Cost": 1424347.11,
    "Total Cost": 1424347.12,
    "Plan Rows": 1,
    "Plan Width": 8,
    "Actual Startup Time": 6304.471,
    "Actual Total Time": 6379.497,
    "Actual Rows": 1,
    "Actual Loops": 1,
    "Plans": [
      {
        "Node Type": "Gather",
        "Parent Relationship": "Outer",
        "Parallel Aware": false,
        "Startup Cost": 1424347.0,
        "Total Cost": 1424347.11,
        "Plan Rows": 1,
        "Plan Width": 8,
        "Actual Startup Time": 6304.305,
        "Actual Total Time": 6379.488,
        "Actual Rows": 2,
        "Actual Loops": 1,
        "Workers Planned": 1,
        "Workers Launched": 1,
        "Single Copy": false,
        "Plans": [
          {
            "Node Type": "Aggregate",
            "Strategy": "Plain",
            "Partial Mode": "Partial",
            "Parent Relationship": "Outer",
            "Parallel Aware": false,
            "Startup Cost": 1423347.0,
            "Total Cost": 1423347.01,
            "Plan Rows": 1,
            "Plan Width": 8,
            "Actual Startup Time": 6298.307,
            "Actual Total Time": 6298.309,
            "Actual Rows": 1,
            "Actual Loops": 2,
            "Plans": [
              {
                "Node Type": "Merge Join",
                "Parent Relationship": "Outer",
                "Parallel Aware": false,
                "Join Type": "Inner",
                "Startup Cost": 10.03,
                "Total Cost": 1409827.07,
                "Plan Rows": 5407971,
                "Plan Width": 0,
                "Actual Startup Time": 6.641,
                "Actual Total Time": 6040.547,
                "Actual Rows": 6195934,
                "Actual Loops": 2,
                "Inner Unique": false,
                "Merge Cond": "(mi.movie_id = t.id)",
                "Plans": [
                  {
                    "Node Type": "Index Only Scan",
                    "Parent Relationship": "Outer",
                    "Parallel Aware": true,
                    "Scan Direction": "Forward",
                    "Index Name": "movie_id_movie_info",
                    "Relation Name": "movie_info",
                    "Alias": "mi",
                    "Startup Cost": 0.43,
                    "Total Cost": 1018223.42,
                    "Plan Rows": 8696274,
                    "Plan Width": 4,
                    "Actual Startup Time": 0.116,
                    "Actual Total Time": 2367.772,
                    "Actual Rows": 7417052,
                    "Actual Loops": 2,
                    "Heap Fetches": 14834104
                  },
                  {
                    "Node Type": "Materialize",
                    "Parent Relationship": "Inner",
                    "Parallel Aware": false,
                    "Startup Cost": 3.44,
                    "Total Cost": 292897.8,
                    "Plan Rows": 1572275,
                    "Plan Width": 8,
                    "Actual Startup Time": 0.257,
                    "Actual Total Time": 2658.534,
                    "Actual Rows": 6755587,
                    "Actual Loops": 2,
                    "Plans": [
                      {
                        "Node Type": "Merge Join",
                        "Parent Relationship": "Outer",
                        "Parallel Aware": false,
                        "Join Type": "Inner",
                        "Startup Cost": 3.44,
                        "Total Cost": 288967.11,
                        "Plan Rows": 1572275,
                        "Plan Width": 8,
                        "Actual Startup Time": 0.247,
                        "Actual Total Time": 2290.381,
                        "Actual Rows": 1119781,
                        "Actual Loops": 2,
                        "Inner Unique": true,
                        "Merge Cond": "(mc.movie_id = t.id)",
                        "Plans": [
                          {
                            "Node Type": "Index Only Scan",
                            "Parent Relationship": "Outer",
                            "Parallel Aware": false,
                            "Scan Direction": "Forward",
                            "Index Name": "movie_id_movie_companies",
                            "Relation Name": "movie_companies",
                            "Alias": "mc",
                            "Startup Cost": 0.43,
                            "Total Cost": 140059.44,
                            "Plan Rows": 2609129,
                            "Plan Width": 4,
                            "Actual Startup Time": 0.13,
                            "Actual Total Time": 685.534,
                            "Actual Rows": 2609129,
                            "Actual Loops": 2,
                            "Heap Fetches": 5218258
                          },
                          {
                            "Node Type": "Index Scan",
                            "Parent Relationship": "Inner",
                            "Parallel Aware": false,
                            "Scan Direction": "Forward",
                            "Index Name": "title_pkey",
                            "Relation Name": "title",
                            "Alias": "t",
                            "Startup Cost": 0.43,
                            "Total Cost": 122981.43,
                            "Plan Rows": 1523563,
                            "Plan Width": 4,
                            "Actual Startup Time": 0.094,
                            "Actual Total Time": 1302.926,
                            "Actual Rows": 1507024,
                            "Actual Loops": 2,
                            "Filter": "((kind_id > 1) AND (production_year < 2011))",
                            "Rows Removed by Filter": 1018723
                          }
                        ]
                      }
                    ]
                  }
                ]
              }
            ]
          }
        ]
      }
    ]
  },
  "Planning Time": 1.046,
  "Triggers": [],
  "Execution Time": 6379.638
}