[
  {
    "Plan": {
      "Node Type": "Aggregate",
      "Strategy": "Plain",
      "Partial Mode": "Finalize",
      "Parallel Aware": false,
      "Startup Cost": 440629.36,
      "Total Cost": 440629.37,
      "Plan Rows": 1,
      "Plan Width": 8,
      "Actual Startup Time": 3165.66,
      "Actual Total Time": 3231.671,
      "Actual Rows": 1,
      "Actual Loops": 1,
      "Plans": [
        {
          "Node Type": "Gather",
          "Parent Relationship": "Outer",
          "Parallel Aware": false,
          "Startup Cost": 440628.73,
          "Total Cost": 440629.34,
          "Plan Rows": 6,
          "Plan Width": 8,
          "Actual Startup Time": 3137.592,
          "Actual Total Time": 3231.66,
          "Actual Rows": 7,
          "Actual Loops": 1,
          "Workers Planned": 6,
          "Workers Launched": 6,
          "Single Copy": false,
          "Plans": [
            {
              "Node Type": "Aggregate",
              "Strategy": "Plain",
              "Partial Mode": "Partial",
              "Parent Relationship": "Outer",
              "Parallel Aware": false,
              "Startup Cost": 439628.73,
              "Total Cost": 439628.74,
              "Plan Rows": 1,
              "Plan Width": 8,
              "Actual Startup Time": 3121.015,
              "Actual Total Time": 3121.021,
              "Actual Rows": 1,
              "Actual Loops": 7,
              "Plans": [
                {
                  "Node Type": "Hash Join",
                  "Parent Relationship": "Outer",
                  "Parallel Aware": true,
                  "Join Type": "Inner",
                  "Startup Cost": 86932.62,
                  "Total Cost": 432212.06,
                  "Plan Rows": 2966670,
                  "Plan Width": 0,
                  "Actual Startup Time": 460.659,
                  "Actual Total Time": 2900.998,
                  "Actual Rows": 5160064,
                  "Actual Loops": 7,
                  "Inner Unique": false,
                  "Hash Cond": "(ci.movie_id = t.id)",
                  "Plans": [
                    {
                      "Node Type": "Seq Scan",
                      "Parent Relationship": "Outer",
                      "Parallel Aware": true,
                      "Relation Name": "cast_info",
                      "Alias": "ci",
                      "Startup Cost": 0.0,
                      "Total Cost": 313067.02,
                      "Plan Rows": 6038002,
                      "Plan Width": 4,
                      "Actual Startup Time": 0.024,
                      "Actual Total Time": 538.783,
                      "Actual Rows": 5177763,
                      "Actual Loops": 7
                    },
                    {
                      "Node Type": "Hash",
                      "Parent Relationship": "Inner",
                      "Parallel Aware": true,
                      "Startup Cost": 81923.61,
                      "Total Cost": 81923.61,
                      "Plan Rows": 400721,
                      "Plan Width": 8,
                      "Actual Startup Time": 455.899,
                      "Actual Total Time": 455.903,
                      "Actual Rows": 179392,
                      "Actual Loops": 7,
                      "Hash Buckets": 2097152,
                      "Original Hash Buckets": 2097152,
                      "Hash Batches": 1,
                      "Original Hash Batches": 1,
                      "Peak Memory Usage": 65664,
                      "Plans": [
                        {
                          "Node Type": "Hash Join",
                          "Parent Relationship": "Outer",
                          "Parallel Aware": true,
                          "Join Type": "Inner",
                          "Startup Cost": 51522.82,
                          "Total Cost": 81923.61,
                          "Plan Rows": 400721,
                          "Plan Width": 8,
                          "Actual Startup Time": 262.955,
                          "Actual Total Time": 379.995,
                          "Actual Rows": 179392,
                          "Actual Loops": 7,
                          "Inner Unique": true,
                          "Hash Cond": "(mc.movie_id = t.id)",
                          "Plans": [
                            {
                              "Node Type": "Seq Scan",
                              "Parent Relationship": "Outer",
                              "Parallel Aware": true,
                              "Relation Name": "movie_companies",
                              "Alias": "mc",
                              "Startup Cost": 0.0,
                              "Total Cost": 29310.68,
                              "Plan Rows": 415281,
                              "Plan Width": 4,
                              "Actual Startup Time": 6.574,
                              "Actual Total Time": 46.757,
                              "Actual Rows": 184494,
                              "Actual Loops": 7,
                              "Filter": "(company_id > 11371)",
                              "Rows Removed by Filter": 188238
                            },
                            {
                              "Node Type": "Hash",
                              "Parent Relationship": "Inner",
                              "Parallel Aware": true,
                              "Startup Cost": 43898.92,
                              "Total Cost": 43898.92,
                              "Plan Rows": 609912,
                              "Plan Width": 4,
                              "Actual Startup Time": 252.636,
                              "Actual Total Time": 252.637,
                              "Actual Rows": 347875,
                              "Actual Loops": 7,
                              "Hash Buckets": 4194304,
                              "Original Hash Buckets": 4194304,
                              "Hash Batches": 1,
                              "Original Hash Batches": 1,
                              "Peak Memory Usage": 128096,
                              "Plans": [
                                {
                                  "Node Type": "Seq Scan",
                                  "Parent Relationship": "Outer",
                                  "Parallel Aware": true,
                                  "Relation Name": "title",
                                  "Alias": "t",
                                  "Startup Cost": 0.0,
                                  "Total Cost": 43898.92,
                                  "Plan Rows": 609912,
                                  "Plan Width": 4,
                                  "Actual Startup Time": 0.055,
                                  "Actual Total Time": 81.429,
                                  "Actual Rows": 347875,
                                  "Actual Loops": 7,
                                  "Filter": "(production_year > 1908)",
                                  "Rows Removed by Filter": 13312
                                }
                              ]
                            }
                          ]
                        }
                      ]
                    }
                  ]
                }
              ]
            }
          ]
        }
      ]
    },
    "Planning Time": 1.41,
    "Triggers": [],
    "Execution Time": 3231.781
  }
]