[
  {
    "Plan": {
      "Node Type": "Aggregate",
      "Strategy": "Plain",
      "Partial Mode": "Finalize",
      "Parallel Aware": false,
      "Startup Cost": 259329.23,
      "Total Cost": 259329.24,
      "Plan Rows": 1,
      "Plan Width": 8,
      "Actual Startup Time": 441.74,
      "Actual Total Time": 458.006,
      "Actual Rows": 1,
      "Actual Loops": 1,
      "Plans": [
        {
          "Node Type": "Gather",
          "Parent Relationship": "Outer",
          "Parallel Aware": false,
          "Startup Cost": 259328.71,
          "Total Cost": 259329.22,
          "Plan Rows": 5,
          "Plan Width": 8,
          "Actual Startup Time": 431.599,
          "Actual Total Time": 457.996,
          "Actual Rows": 6,
          "Actual Loops": 1,
          "Workers Planned": 5,
          "Workers Launched": 5,
          "Single Copy": false,
          "Plans": [
            {
              "Node Type": "Aggregate",
              "Strategy": "Plain",
              "Partial Mode": "Partial",
              "Parent Relationship": "Outer",
              "Parallel Aware": false,
              "Startup Cost": 258328.71,
              "Total Cost": 258328.72,
              "Plan Rows": 1,
              "Plan Width": 8,
              "Actual Startup Time": 420.88,
              "Actual Total Time": 420.984,
              "Actual Rows": 1,
              "Actual Loops": 6,
              "Plans": [
                {
                  "Node Type": "Hash Join",
                  "Parent Relationship": "Outer",
                  "Parallel Aware": true,
                  "Join Type": "Inner",
                  "Startup Cost": 93575.24,
                  "Total Cost": 258242.54,
                  "Plan Rows": 34468,
                  "Plan Width": 0,
                  "Actual Startup Time": 354.032,
                  "Actual Total Time": 417.474,
                  "Actual Rows": 64078,
                  "Actual Loops": 6,
                  "Inner Unique": false,
                  "Hash Cond": "(mi.movie_id = t.id)",
                  "Plans": [
                    {
                      "Node Type": "Bitmap Heap Scan",
                      "Parent Relationship": "Outer",
                      "Parallel Aware": true,
                      "Relation Name": "movie_info",
                      "Alias": "mi",
                      "Startup Cost": 14428.12,
                      "Total Cost": 178411.99,
                      "Plan Rows": 159269,
                      "Plan Width": 4,
                      "Actual Startup Time": 24.032,
                      "Actual Total Time": 44.358,
                      "Actual Rows": 133690,
                      "Actual Loops": 6,
                      "Recheck Cond": "(info_type_id < 2)",
                      "Rows Removed by Index Recheck": 0,
                      "Exact Heap Blocks": 957,
                      "Lossy Heap Blocks": 0,
                      "Plans": [
                        {
                          "Node Type": "Bitmap Index Scan",
                          "Parent Relationship": "Outer",
                          "Parallel Aware": false,
                          "Index Name": "info_type_id_movie_info",
                          "Startup Cost": 0.0,
                          "Total Cost": 14229.04,
                          "Plan Rows": 796347,
                          "Plan Width": 0,
                          "Actual Startup Time": 23.246,
                          "Actual Total Time": 23.247,
                          "Actual Rows": 802140,
                          "Actual Loops": 1,
                          "Index Cond": "(info_type_id < 2)"
                        }
                      ]
                    },
                    {
                      "Node Type": "Hash",
                      "Parent Relationship": "Inner",
                      "Parallel Aware": true,
                      "Startup Cost": 77437.28,
                      "Total Cost": 77437.28,
                      "Plan Rows": 136787,
                      "Plan Width": 8,
                      "Actual Startup Time": 325.551,
                      "Actual Total Time": 325.653,
                      "Actual Rows": 93222,
                      "Actual Loops": 6,
                      "Hash Buckets": 1048576,
                      "Original Hash Buckets": 1048576,
                      "Hash Batches": 1,
                      "Original Hash Batches": 1,
                      "Peak Memory Usage": 30176,
                      "Plans": [
                        {
                          "Node Type": "Hash Join",
                          "Parent Relationship": "Outer",
                          "Parallel Aware": true,
                          "Join Type": "Inner",
                          "Startup Cost": 31516.93,
                          "Total Cost": 77437.28,
                          "Plan Rows": 136787,
                          "Plan Width": 8,
                          "Actual Startup Time": 112.194,
                          "Actual Total Time": 285.451,
                          "Actual Rows": 93222,
                          "Actual Loops": 6,
                          "Inner Unique": false,
                          "Hash Cond": "(t.id = mc.movie_id)",
                          "Plans": [
                            {
                              "Node Type": "Seq Scan",
                              "Parent Relationship": "Outer",
                              "Parallel Aware": true,
                              "Relation Name": "title",
                              "Alias": "t",
                              "Startup Cost": 0.0,
                              "Total Cost": 42318.73,
                              "Plan Rows": 632073,
                              "Plan Width": 4,
                              "Actual Startup Time": 0.01,
                              "Actual Total Time": 62.234,
                              "Actual Rows": 421385,
                              "Actual Loops": 6
                            },
                            {
                              "Node Type": "Hash",
                              "Parent Relationship": "Inner",
                              "Parallel Aware": true,
                              "Startup Cost": 29310.68,
                              "Total Cost": 29310.68,
                              "Plan Rows": 176500,
                              "Plan Width": 4,
                              "Actual Startup Time": 110.342,
                              "Actual Total Time": 110.343,
                              "Actual Rows": 93222,
                              "Actual Loops": 6,
                              "Hash Buckets": 1048576,
                              "Original Hash Buckets": 1048576,
                              "Hash Batches": 1,
                              "Original Hash Batches": 1,
                              "Peak Memory Usage": 30176,
                              "Plans": [
                                {
                                  "Node Type": "Seq Scan",
                                  "Parent Relationship": "Outer",
                                  "Parallel Aware": true,
                                  "Relation Name": "movie_companies",
                                  "Alias": "mc",
                                  "Startup Cost": 0.0,
                                  "Total Cost": 29310.68,
                                  "Plan Rows": 176500,
                                  "Plan Width": 4,
                                  "Actual Startup Time": 39.889,
                                  "Actual Total Time": 66.831,
                                  "Actual Rows": 93222,
                                  "Actual Loops": 6,
                                  "Filter": "(company_id > 71614)",
                                  "Rows Removed by Filter": 341632
                                }
                              ]
                            }
                          ]
                        }
                      ]
                    }
                  ]
                }
              ]
            }
          ]
        }
      ]
    },
    "Planning Time": 1.421,
    "Triggers": [],
    "Execution Time": 458.107
  }
]