[
    {
        "Bao": {
            "Bao prediction": 457.347,
            "Bao recommended hint": "(no hint)"
        }
    },
    {
        "Plan": {
            "Node Type": "Aggregate",
            "Strategy": "Plain",
            "Partial Mode": "Finalize",
            "Parallel Aware": false,
            "Startup Cost": 33181.89,
            "Total Cost": 33181.9,
            "Plan Rows": 1,
            "Plan Width": 8,
            "Actual Startup Time": 130.749,
            "Actual Total Time": 142.79,
            "Actual Rows": 1,
            "Actual Loops": 1,
            "Output": [
                "count(*)"
            ],
            "Plans": [
                {
                    "Node Type": "Gather",
                    "Parent Relationship": "Outer",
                    "Parallel Aware": false,
                    "Startup Cost": 33181.57,
                    "Total Cost": 33181.88,
                    "Plan Rows": 3,
                    "Plan Width": 8,
                    "Actual Startup Time": 130.59,
                    "Actual Total Time": 142.777,
                    "Actual Rows": 4,
                    "Actual Loops": 1,
                    "Output": [
                        "(PARTIAL count(*))"
                    ],
                    "Workers Planned": 3,
                    "Workers Launched": 3,
                    "Single Copy": false,
                    "Plans": [
                        {
                            "Node Type": "Aggregate",
                            "Strategy": "Plain",
                            "Partial Mode": "Partial",
                            "Parent Relationship": "Outer",
                            "Parallel Aware": false,
                            "Startup Cost": 32181.57,
                            "Total Cost": 32181.58,
                            "Plan Rows": 1,
                            "Plan Width": 8,
                            "Actual Startup Time": 121.541,
                            "Actual Total Time": 121.543,
                            "Actual Rows": 1,
                            "Actual Loops": 4,
                            "Output": [
                                "PARTIAL count(*)"
                            ],
                            "Workers": [
                                {
                                    "Worker Number": 0,
                                    "Actual Startup Time": 118.419,
                                    "Actual Total Time": 118.422,
                                    "Actual Rows": 1,
                                    "Actual Loops": 1
                                },
                                {
                                    "Worker Number": 1,
                                    "Actual Startup Time": 118.444,
                                    "Actual Total Time": 118.446,
                                    "Actual Rows": 1,
                                    "Actual Loops": 1
                                },
                                {
                                    "Worker Number": 2,
                                    "Actual Startup Time": 119.512,
                                    "Actual Total Time": 119.514,
                                    "Actual Rows": 1,
                                    "Actual Loops": 1
                                }
                            ],
                            "Plans": [
                                {
                                    "Node Type": "Seq Scan",
                                    "Parent Relationship": "Outer",
                                    "Parallel Aware": true,
                                    "Relation Name": "movie_companies",
                                    "Schema": "public",
                                    "Alias": "mc",
                                    "Startup Cost": 0.0,
                                    "Total Cost": 31414.82,
                                    "Plan Rows": 306700,
                                    "Plan Width": 0,
                                    "Actual Startup Time": 59.229,
                                    "Actual Total Time": 110.972,
                                    "Actual Rows": 159876,
                                    "Actual Loops": 4,
                                    "Output": [
                                        "id",
                                        "movie_id",
                                        "company_id",
                                        "company_type_id",
                                        "note"
                                    ],
                                    "Filter": "((mc.company_id < 37762) AND (mc.company_type_id > 1))",
                                    "Rows Removed by Filter": 492406,
                                    "Workers": [
                                        {
                                            "Worker Number": 0,
                                            "Actual Startup Time": 56.114,
                                            "Actual Total Time": 108.315,
                                            "Actual Rows": 150643,
                                            "Actual Loops": 1
                                        },
                                        {
                                            "Worker Number": 1,
                                            "Actual Startup Time": 56.125,
                                            "Actual Total Time": 108.43,
                                            "Actual Rows": 149423,
                                            "Actual Loops": 1
                                        },
                                        {
                                            "Worker Number": 2,
                                            "Actual Startup Time": 57.207,
                                            "Actual Total Time": 109.319,
                                            "Actual Rows": 152490,
                                            "Actual Loops": 1
                                        }
                                    ]
                                }
                            ]
                        }
                    ]
                }
            ]
        },
        "Planning Time": 4560.958,
        "Triggers": [],
        "Execution Time": 142.923
    }
]