[
  {
    "Plan": {
      "Node Type": "Aggregate",
      "Strategy": "Plain",
      "Partial Mode": "Finalize",
      "Parallel Aware": false,
      "Startup Cost": 333347.22,
      "Total Cost": 333347.23,
      "Plan Rows": 1,
      "Plan Width": 8,
      "Actual Startup Time": 650.422,
      "Actual Total Time": 693.376,
      "Actual Rows": 1,
      "Actual Loops": 1,
      "Plans": [
        {
          "Node Type": "Gather",
          "Parent Relationship": "Outer",
          "Parallel Aware": false,
          "Startup Cost": 333346.59,
          "Total Cost": 333347.2,
          "Plan Rows": 6,
          "Plan Width": 8,
          "Actual Startup Time": 650.07,
          "Actual Total Time": 693.358,
          "Actual Rows": 7,
          "Actual Loops": 1,
          "Workers Planned": 6,
          "Workers Launched": 6,
          "Single Copy": false,
          "Plans": [
            {
              "Node Type": "Aggregate",
              "Strategy": "Plain",
              "Partial Mode": "Partial",
              "Parent Relationship": "Outer",
              "Parallel Aware": false,
              "Startup Cost": 332346.59,
              "Total Cost": 332346.6,
              "Plan Rows": 1,
              "Plan Width": 8,
              "Actual Startup Time": 642.092,
              "Actual Total Time": 642.094,
              "Actual Rows": 1,
              "Actual Loops": 7,
              "Plans": [
                {
                  "Node Type": "Seq Scan",
                  "Parent Relationship": "Outer",
                  "Parallel Aware": true,
                  "Relation Name": "cast_info",
                  "Alias": "ci",
                  "Startup Cost": 0.0,
                  "Total Cost": 328211.39,
                  "Plan Rows": 1654081,
                  "Plan Width": 0,
                  "Actual Startup Time": 307.837,
                  "Actual Total Time": 574.602,
                  "Actual Rows": 1401809,
                  "Actual Loops": 7,
                  "Filter": "(person_id > 2729872)",
                  "Rows Removed by Filter": 3775954
                }
              ]
            }
          ]
        }
      ]
    },
    "Planning Time": 0.084,
    "Triggers": [],
    "Execution Time": 693.418
  }
]