[
  {
    "Plan": {
      "Node Type": "Aggregate",
      "Strategy": "Plain",
      "Partial Mode": "Finalize",
      "Parallel Aware": false,
      "Startup Cost": 64795.89,
      "Total Cost": 64795.9,
      "Plan Rows": 1,
      "Plan Width": 8,
      "Actual Startup Time": 379.529,
      "Actual Total Time": 393.652,
      "Actual Rows": 1,
      "Actual Loops": 1,
      "Plans": [
        {
          "Node Type": "Gather",
          "Parent Relationship": "Outer",
          "Parallel Aware": false,
          "Startup Cost": 64795.67,
          "Total Cost": 64795.88,
          "Plan Rows": 2,
          "Plan Width": 8,
          "Actual Startup Time": 375.052,
          "Actual Total Time": 393.642,
          "Actual Rows": 3,
          "Actual Loops": 1,
          "Workers Planned": 2,
          "Workers Launched": 2,
          "Single Copy": false,
          "Plans": [
            {
              "Node Type": "Aggregate",
              "Strategy": "Plain",
              "Partial Mode": "Partial",
              "Parent Relationship": "Outer",
              "Parallel Aware": false,
              "Startup Cost": 63795.67,
              "Total Cost": 63795.68,
              "Plan Rows": 1,
              "Plan Width": 8,
              "Actual Startup Time": 367.424,
              "Actual Total Time": 367.427,
              "Actual Rows": 1,
              "Actual Loops": 3,
              "Plans": [
                {
                  "Node Type": "Hash Join",
                  "Parent Relationship": "Outer",
                  "Parallel Aware": true,
                  "Join Type": "Inner",
                  "Startup Cost": 48010.05,
                  "Total Cost": 63640.7,
                  "Plan Rows": 61989,
                  "Plan Width": 0,
                  "Actual Startup Time": 253.318,
                  "Actual Total Time": 362.169,
                  "Actual Rows": 97495,
                  "Actual Loops": 3,
                  "Inner Unique": true,
                  "Hash Cond": "(mi_idx.movie_id = t.id)",
                  "Plans": [
                    {
                      "Node Type": "Seq Scan",
                      "Parent Relationship": "Outer",
                      "Parallel Aware": true,
                      "Relation Name": "movie_info_idx",
                      "Alias": "mi_idx",
                      "Startup Cost": 0.0,
                      "Total Cost": 15122.68,
                      "Plan Rows": 193512,
                      "Plan Width": 4,
                      "Actual Startup Time": 0.03,
                      "Actual Total Time": 47.374,
                      "Actual Rows": 153308,
                      "Actual Loops": 3,
                      "Filter": "(info_type_id = 100)",
                      "Rows Removed by Filter": 306703
                    },
                    {
                      "Node Type": "Hash",
                      "Parent Relationship": "Inner",
                      "Parallel Aware": true,
                      "Startup Cost": 45479.1,
                      "Total Cost": 45479.1,
                      "Plan Rows": 202476,
                      "Plan Width": 4,
                      "Actual Startup Time": 246.604,
                      "Actual Total Time": 246.605,
                      "Actual Rows": 281006,
                      "Actual Loops": 3,
                      "Hash Buckets": 1048576,
                      "Original Hash Buckets": 1048576,
                      "Hash Batches": 1,
                      "Original Hash Batches": 1,
                      "Peak Memory Usage": 41216,
                      "Plans": [
                        {
                          "Node Type": "Seq Scan",
                          "Parent Relationship": "Outer",
                          "Parallel Aware": true,
                          "Relation Name": "title",
                          "Alias": "t",
                          "Startup Cost": 0.0,
                          "Total Cost": 45479.1,
                          "Plan Rows": 202476,
                          "Plan Width": 4,
                          "Actual Startup Time": 0.041,
                          "Actual Total Time": 145.869,
                          "Actual Rows": 281006,
                          "Actual Loops": 3,
                          "Filter": "((kind_id < 7) AND (production_year < 2011))",
                          "Rows Removed by Filter": 561765
                        }
                      ]
                    }
                  ]
                }
              ]
            }
          ]
        }
      ]
    },
    "Planning Time": 0.673,
    "Triggers": [],
    "Execution Time": 393.722
  }
]