[
  {
    "Plan": {
      "Node Type": "Aggregate",
      "Strategy": "Plain",
      "Partial Mode": "Finalize",
      "Parallel Aware": false,
      "Startup Cost": 32744.57,
      "Total Cost": 32744.58,
      "Plan Rows": 1,
      "Plan Width": 8,
      "Actual Startup Time": 99.139,
      "Actual Total Time": 104.555,
      "Actual Rows": 1,
      "Actual Loops": 1,
      "Plans": [
        {
          "Node Type": "Gather",
          "Parent Relationship": "Outer",
          "Parallel Aware": false,
          "Startup Cost": 32744.25,
          "Total Cost": 32744.56,
          "Plan Rows": 3,
          "Plan Width": 8,
          "Actual Startup Time": 99.001,
          "Actual Total Time": 104.547,
          "Actual Rows": 4,
          "Actual Loops": 1,
          "Workers Planned": 3,
          "Workers Launched": 3,
          "Single Copy": false,
          "Plans": [
            {
              "Node Type": "Aggregate",
              "Strategy": "Plain",
              "Partial Mode": "Partial",
              "Parent Relationship": "Outer",
              "Parallel Aware": false,
              "Startup Cost": 31744.25,
              "Total Cost": 31744.26,
              "Plan Rows": 1,
              "Plan Width": 8,
              "Actual Startup Time": 90.934,
              "Actual Total Time": 90.935,
              "Actual Rows": 1,
              "Actual Loops": 4,
              "Plans": [
                {
                  "Node Type": "Seq Scan",
                  "Parent Relationship": "Outer",
                  "Parallel Aware": true,
                  "Relation Name": "movie_companies",
                  "Alias": "mc",
                  "Startup Cost": 0.0,
                  "Total Cost": 31414.82,
                  "Plan Rows": 131774,
                  "Plan Width": 0,
                  "Actual Startup Time": 0.042,
                  "Actual Total Time": 79.905,
                  "Actual Rows": 145876,
                  "Actual Loops": 4,
                  "Filter": "((company_id < 2015) AND (company_type_id = 1))",
                  "Rows Removed by Filter": 506406
                }
              ]
            }
          ]
        }
      ]
    },
    "Planning Time": 0.226,
    "Triggers": [],
    "Execution Time": 104.607
  }
]