[
  {
    "Plan": {
      "Node Type": "Aggregate",
      "Strategy": "Plain",
      "Partial Mode": "Finalize",
      "Parallel Aware": false,
      "Startup Cost": 61749.71,
      "Total Cost": 61749.72,
      "Plan Rows": 1,
      "Plan Width": 8,
      "Actual Startup Time": 224.386,
      "Actual Total Time": 237.623,
      "Actual Rows": 1,
      "Actual Loops": 1,
      "Plans": [
        {
          "Node Type": "Gather",
          "Parent Relationship": "Outer",
          "Parallel Aware": false,
          "Startup Cost": 61749.5,
          "Total Cost": 61749.71,
          "Plan Rows": 2,
          "Plan Width": 8,
          "Actual Startup Time": 224.092,
          "Actual Total Time": 237.614,
          "Actual Rows": 3,
          "Actual Loops": 1,
          "Workers Planned": 2,
          "Workers Launched": 2,
          "Single Copy": false,
          "Plans": [
            {
              "Node Type": "Aggregate",
              "Strategy": "Plain",
              "Partial Mode": "Partial",
              "Parent Relationship": "Outer",
              "Parallel Aware": false,
              "Startup Cost": 60749.5,
              "Total Cost": 60749.51,
              "Plan Rows": 1,
              "Plan Width": 8,
              "Actual Startup Time": 216.521,
              "Actual Total Time": 216.524,
              "Actual Rows": 1,
              "Actual Loops": 3,
              "Plans": [
                {
                  "Node Type": "Hash Join",
                  "Parent Relationship": "Outer",
                  "Parallel Aware": true,
                  "Join Type": "Inner",
                  "Startup Cost": 45543.26,
                  "Total Cost": 60737.82,
                  "Plan Rows": 4670,
                  "Plan Width": 0,
                  "Actual Startup Time": 127.739,
                  "Actual Total Time": 216.361,
                  "Actual Rows": 1882,
                  "Actual Loops": 3,
                  "Inner Unique": true,
                  "Hash Cond": "(mi_idx.movie_id = t.id)",
                  "Plans": [
                    {
                      "Node Type": "Seq Scan",
                      "Parent Relationship": "Outer",
                      "Parallel Aware": true,
                      "Relation Name": "movie_info_idx",
                      "Alias": "mi_idx",
                      "Startup Cost": 0.0,
                      "Total Cost": 13685.15,
                      "Plan Rows": 575015,
                      "Plan Width": 4,
                      "Actual Startup Time": 0.023,
                      "Actual Total Time": 42.485,
                      "Actual Rows": 460012,
                      "Actual Loops": 3
                    },
                    {
                      "Node Type": "Hash",
                      "Parent Relationship": "Inner",
                      "Parallel Aware": true,
                      "Startup Cost": 45479.1,
                      "Total Cost": 45479.1,
                      "Plan Rows": 5133,
                      "Plan Width": 4,
                      "Actual Startup Time": 126.004,
                      "Actual Total Time": 126.005,
                      "Actual Rows": 8110,
                      "Actual Loops": 3,
                      "Hash Buckets": 32768,
                      "Original Hash Buckets": 32768,
                      "Hash Batches": 1,
                      "Original Hash Batches": 1,
                      "Peak Memory Usage": 1248,
                      "Plans": [
                        {
                          "Node Type": "Seq Scan",
                          "Parent Relationship": "Outer",
                          "Parallel Aware": true,
                          "Relation Name": "title",
                          "Alias": "t",
                          "Startup Cost": 0.0,
                          "Total Cost": 45479.1,
                          "Plan Rows": 5133,
                          "Plan Width": 4,
                          "Actual Startup Time": 0.582,
                          "Actual Total Time": 122.744,
                          "Actual Rows": 8110,
                          "Actual Loops": 3,
                          "Filter": "((kind_id < 3) AND (production_year > 2012))",
                          "Rows Removed by Filter": 834660
                        }
                      ]
                    }
                  ]
                }
              ]
            }
          ]
        }
      ]
    },
    "Planning Time": 0.591,
    "Triggers": [],
    "Execution Time": 237.69
  }
]