{
  "Plan": {
    "Node Type": "Aggregate",
    "Strategy": "Plain",
    "Partial Mode": "Finalize",
    "Parallel Aware": false,
    "Startup Cost": 114388.25,
    "Total Cost": 114388.26,
    "Plan Rows": 1,
    "Plan Width": 8,
    "Actual Startup Time": 286.075,
    "Actual Total Time": 297.56,
    "Actual Rows": 1,
    "Actual Loops": 1,
    "Plans": [
      {
        "Node Type": "Gather",
        "Parent Relationship": "Outer",
        "Parallel Aware": false,
        "Startup Cost": 114388.13,
        "Total Cost": 114388.24,
        "Plan Rows": 1,
        "Plan Width": 8,
        "Actual Startup Time": 285.879,
        "Actual Total Time": 297.555,
        "Actual Rows": 2,
        "Actual Loops": 1,
        "Workers Planned": 1,
        "Workers Launched": 1,
        "Single Copy": false,
        "Plans": [
          {
            "Node Type": "Aggregate",
            "Strategy": "Plain",
            "Partial Mode": "Partial",
            "Parent Relationship": "Outer",
            "Parallel Aware": false,
            "Startup Cost": 113388.13,
            "Total Cost": 113388.14,
            "Plan Rows": 1,
            "Plan Width": 8,
            "Actual Startup Time": 280.167,
            "Actual Total Time": 280.171,
            "Actual Rows": 1,
            "Actual Loops": 2,
            "Plans": [
              {
                "Node Type": "Nested Loop",
                "Parent Relationship": "Outer",
                "Parallel Aware": false,
                "Join Type": "Inner",
                "Startup Cost": 58741.96,
                "Total Cost": 113303.15,
                "Plan Rows": 33994,
                "Plan Width": 0,
                "Actual Startup Time": 150.297,
                "Actual Total Time": 279.093,
                "Actual Rows": 23724,
                "Actual Loops": 2,
                "Inner Unique": false,
                "Join Filter": "(t.id = mk.movie_id)",
                "Rows Removed by Join Filter": 0,
                "Plans": [
                  {
                    "Node Type": "Hash Join",
                    "Parent Relationship": "Outer",
                    "Parallel Aware": true,
                    "Join Type": "Inner",
                    "Startup Cost": 58741.53,
                    "Total Cost": 76925.32,
                    "Plan Rows": 18998,
                    "Plan Width": 8,
                    "Actual Startup Time": 150.205,
                    "Actual Total Time": 257.775,
                    "Actual Rows": 9105,
                    "Actual Loops": 2,
                    "Inner Unique": true,
                    "Hash Cond": "(mi_idx.movie_id = t.id)",
                    "Plans": [
                      {
                        "Node Type": "Seq Scan",
                        "Parent Relationship": "Outer",
                        "Parallel Aware": true,
                        "Relation Name": "movie_info_idx",
                        "Alias": "mi_idx",
                        "Startup Cost": 0.0,
                        "Total Cost": 16052.85,
                        "Plan Rows": 811785,
                        "Plan Width": 4,
                        "Actual Startup Time": 0.017,
                        "Actual Total Time": 46.968,
                        "Actual Rows": 690018,
                        "Actual Loops": 2
                      },
                      {
                        "Node Type": "Hash",
                        "Parent Relationship": "Inner",
                        "Parallel Aware": true,
                        "Startup Cost": 58306.47,
                        "Total Cost": 58306.47,
                        "Plan Rows": 34805,
                        "Plan Width": 4,
                        "Actual Startup Time": 149.319,
                        "Actual Total Time": 149.32,
                        "Actual Rows": 31376,
                        "Actual Loops": 2,
                        "Hash Buckets": 65536,
                        "Original Hash Buckets": 65536,
                        "Hash Batches": 1,
                        "Original Hash Batches": 1,
                        "Peak Memory Usage": 2976,
                        "Plans": [
                          {
                            "Node Type": "Seq Scan",
                            "Parent Relationship": "Outer",
                            "Parallel Aware": true,
                            "Relation Name": "title",
                            "Alias": "t",
                            "Startup Cost": 0.0,
                            "Total Cost": 58306.47,
                            "Plan Rows": 34805,
                            "Plan Width": 4,
                            "Actual Startup Time": 0.039,
                            "Actual Total Time": 140.44,
                            "Actual Rows": 31376,
                            "Actual Loops": 2,
                            "Filter": "((kind_id = 7) AND (production_year = 2005))",
                            "Rows Removed by Filter": 1232780
                          }
                        ]
                      }
                    ]
                  },
                  {
                    "Node Type": "Index Only Scan",
                    "Parent Relationship": "Inner",
                    "Parallel Aware": false,
                    "Scan Direction": "Forward",
                    "Index Name": "movie_id_movie_keyword",
                    "Relation Name": "movie_keyword",
                    "Alias": "mk",
                    "Startup Cost": 0.43,
                    "Total Cost": 1.35,
                    "Plan Rows": 45,
                    "Plan Width": 4,
                    "Actual Startup Time": 0.002,
                    "Actual Total Time": 0.002,
                    "Actual Rows": 3,
                    "Actual Loops": 18210,
                    "Index Cond": "(movie_id = mi_idx.movie_id)",
                    "Rows Removed by Index Recheck": 0,
                    "Heap Fetches": 47448
                  }
                ]
              }
            ]
          }
        ]
      }
    ]
  },
  "Planning Time": 0.455,
  "Triggers": [],
  "Execution Time": 297.607
}