[
  {
    "Plan": {
      "Node Type": "Aggregate",
      "Strategy": "Plain",
      "Partial Mode": "Finalize",
      "Parallel Aware": false,
      "Startup Cost": 249455.38,
      "Total Cost": 249455.39,
      "Plan Rows": 1,
      "Plan Width": 8,
      "Actual Startup Time": 553.715,
      "Actual Total Time": 576.764,
      "Actual Rows": 1,
      "Actual Loops": 1,
      "Plans": [
        {
          "Node Type": "Gather",
          "Parent Relationship": "Outer",
          "Parallel Aware": false,
          "Startup Cost": 249454.86,
          "Total Cost": 249455.37,
          "Plan Rows": 5,
          "Plan Width": 8,
          "Actual Startup Time": 547.428,
          "Actual Total Time": 576.755,
          "Actual Rows": 6,
          "Actual Loops": 1,
          "Workers Planned": 5,
          "Workers Launched": 5,
          "Single Copy": false,
          "Plans": [
            {
              "Node Type": "Aggregate",
              "Strategy": "Plain",
              "Partial Mode": "Partial",
              "Parent Relationship": "Outer",
              "Parallel Aware": false,
              "Startup Cost": 248454.86,
              "Total Cost": 248454.87,
              "Plan Rows": 1,
              "Plan Width": 8,
              "Actual Startup Time": 539.282,
              "Actual Total Time": 539.285,
              "Actual Rows": 1,
              "Actual Loops": 6,
              "Plans": [
                {
                  "Node Type": "Hash Join",
                  "Parent Relationship": "Outer",
                  "Parallel Aware": true,
                  "Join Type": "Inner",
                  "Startup Cost": 47847.38,
                  "Total Cost": 247898.05,
                  "Plan Rows": 222724,
                  "Plan Width": 0,
                  "Actual Startup Time": 176.7,
                  "Actual Total Time": 528.687,
                  "Actual Rows": 220028,
                  "Actual Loops": 6,
                  "Inner Unique": true,
                  "Hash Cond": "(mi.movie_id = t.id)",
                  "Plans": [
                    {
                      "Node Type": "Seq Scan",
                      "Parent Relationship": "Outer",
                      "Parallel Aware": true,
                      "Relation Name": "movie_info",
                      "Alias": "mi",
                      "Startup Cost": 0.0,
                      "Total Cost": 198880.74,
                      "Plan Rows": 445687,
                      "Plan Width": 4,
                      "Actual Startup Time": 14.524,
                      "Actual Total Time": 280.083,
                      "Actual Rows": 372308,
                      "Actual Loops": 6,
                      "Filter": "(info_type_id > 16)",
                      "Rows Removed by Filter": 2100312
                    },
                    {
                      "Node Type": "Hash",
                      "Parent Relationship": "Inner",
                      "Parallel Aware": true,
                      "Startup Cost": 43899.01,
                      "Total Cost": 43899.01,
                      "Plan Rows": 315870,
                      "Plan Width": 4,
                      "Actual Startup Time": 158.357,
                      "Actual Total Time": 158.358,
                      "Actual Rows": 210617,
                      "Actual Loops": 6,
                      "Hash Buckets": 2097152,
                      "Original Hash Buckets": 2097152,
                      "Hash Batches": 1,
                      "Original Hash Batches": 1,
                      "Peak Memory Usage": 65920,
                      "Plans": [
                        {
                          "Node Type": "Seq Scan",
                          "Parent Relationship": "Outer",
                          "Parallel Aware": true,
                          "Relation Name": "title",
                          "Alias": "t",
                          "Startup Cost": 0.0,
                          "Total Cost": 43899.01,
                          "Plan Rows": 315870,
                          "Plan Width": 4,
                          "Actual Startup Time": 0.025,
                          "Actual Total Time": 74.661,
                          "Actual Rows": 210617,
                          "Actual Loops": 6,
                          "Filter": "(production_year < 2004)",
                          "Rows Removed by Filter": 210769
                        }
                      ]
                    }
                  ]
                }
              ]
            }
          ]
        }
      ]
    },
    "Planning Time": 0.255,
    "Triggers": [],
    "Execution Time": 576.8
  }
]