[
  {
    "Plan": {
      "Node Type": "Aggregate",
      "Strategy": "Plain",
      "Partial Mode": "Finalize",
      "Parallel Aware": false,
      "Startup Cost": 31352.01,
      "Total Cost": 31352.02,
      "Plan Rows": 1,
      "Plan Width": 8,
      "Actual Startup Time": 100.781,
      "Actual Total Time": 108.668,
      "Actual Rows": 1,
      "Actual Loops": 1,
      "Plans": [
        {
          "Node Type": "Gather",
          "Parent Relationship": "Outer",
          "Parallel Aware": false,
          "Startup Cost": 31351.69,
          "Total Cost": 31352.0,
          "Plan Rows": 3,
          "Plan Width": 8,
          "Actual Startup Time": 100.671,
          "Actual Total Time": 108.655,
          "Actual Rows": 4,
          "Actual Loops": 1,
          "Workers Planned": 3,
          "Workers Launched": 3,
          "Single Copy": false,
          "Plans": [
            {
              "Node Type": "Aggregate",
              "Strategy": "Plain",
              "Partial Mode": "Partial",
              "Parent Relationship": "Outer",
              "Parallel Aware": false,
              "Startup Cost": 30351.69,
              "Total Cost": 30351.7,
              "Plan Rows": 1,
              "Plan Width": 8,
              "Actual Startup Time": 95.043,
              "Actual Total Time": 95.044,
              "Actual Rows": 1,
              "Actual Loops": 4,
              "Plans": [
                {
                  "Node Type": "Seq Scan",
                  "Parent Relationship": "Outer",
                  "Parallel Aware": true,
                  "Relation Name": "movie_companies",
                  "Alias": "mc",
                  "Startup Cost": 0.0,
                  "Total Cost": 29310.68,
                  "Plan Rows": 416405,
                  "Plan Width": 0,
                  "Actual Startup Time": 15.832,
                  "Actual Total Time": 79.49,
                  "Actual Rows": 319781,
                  "Actual Loops": 4,
                  "Filter": "(company_id > 11387)",
                  "Rows Removed by Filter": 332501
                }
              ]
            }
          ]
        }
      ]
    },
    "Planning Time": 0.199,
    "Triggers": [],
    "Execution Time": 108.728
  }
]