[
  {
    "Plan": {
      "Node Type": "Aggregate",
      "Strategy": "Plain",
      "Partial Mode": "Finalize",
      "Parallel Aware": false,
      "Startup Cost": 293932.64,
      "Total Cost": 293932.65,
      "Plan Rows": 1,
      "Plan Width": 8,
      "Actual Startup Time": 1233.544,
      "Actual Total Time": 1280.489,
      "Actual Rows": 1,
      "Actual Loops": 1,
      "Plans": [
        {
          "Node Type": "Gather",
          "Parent Relationship": "Outer",
          "Parallel Aware": false,
          "Startup Cost": 293932.12,
          "Total Cost": 293932.63,
          "Plan Rows": 5,
          "Plan Width": 8,
          "Actual Startup Time": 1228.041,
          "Actual Total Time": 1280.479,
          "Actual Rows": 6,
          "Actual Loops": 1,
          "Workers Planned": 5,
          "Workers Launched": 5,
          "Single Copy": false,
          "Plans": [
            {
              "Node Type": "Aggregate",
              "Strategy": "Plain",
              "Partial Mode": "Partial",
              "Parent Relationship": "Outer",
              "Parallel Aware": false,
              "Startup Cost": 292932.12,
              "Total Cost": 292932.13,
              "Plan Rows": 1,
              "Plan Width": 8,
              "Actual Startup Time": 1217.369,
              "Actual Total Time": 1217.5,
              "Actual Rows": 1,
              "Actual Loops": 6,
              "Plans": [
                {
                  "Node Type": "Hash Join",
                  "Parent Relationship": "Outer",
                  "Parallel Aware": true,
                  "Join Type": "Inner",
                  "Startup Cost": 83672.65,
                  "Total Cost": 291335.42,
                  "Plan Rows": 638680,
                  "Plan Width": 0,
                  "Actual Startup Time": 340.516,
                  "Actual Total Time": 1119.85,
                  "Actual Rows": 2261920,
                  "Actual Loops": 6,
                  "Inner Unique": false,
                  "Hash Cond": "(mi.movie_id = t.id)",
                  "Plans": [
                    {
                      "Node Type": "Seq Scan",
                      "Parent Relationship": "Outer",
                      "Parallel Aware": true,
                      "Relation Name": "movie_info",
                      "Alias": "mi",
                      "Startup Cost": 0.0,
                      "Total Cost": 198952.16,
                      "Plan Rows": 1897040,
                      "Plan Width": 4,
                      "Actual Startup Time": 0.024,
                      "Actual Total Time": 337.498,
                      "Actual Rows": 1594192,
                      "Actual Loops": 6,
                      "Filter": "(info_type_id < 16)",
                      "Rows Removed by Filter": 878428
                    },
                    {
                      "Node Type": "Hash",
                      "Parent Relationship": "Inner",
                      "Parallel Aware": true,
                      "Startup Cost": 81012.64,
                      "Total Cost": 81012.64,
                      "Plan Rows": 212801,
                      "Plan Width": 8,
                      "Actual Startup Time": 335.195,
                      "Actual Total Time": 335.324,
                      "Actual Rows": 109270,
                      "Actual Loops": 6,
                      "Hash Buckets": 1048576,
                      "Original Hash Buckets": 1048576,
                      "Hash Batches": 1,
                      "Original Hash Batches": 1,
                      "Peak Memory Usage": 33984,
                      "Plans": [
                        {
                          "Node Type": "Hash Join",
                          "Parent Relationship": "Outer",
                          "Parallel Aware": true,
                          "Join Type": "Inner",
                          "Startup Cost": 34847.09,
                          "Total Cost": 81012.64,
                          "Plan Rows": 212801,
                          "Plan Width": 8,
                          "Actual Startup Time": 121.371,
                          "Actual Total Time": 292.487,
                          "Actual Rows": 109270,
                          "Actual Loops": 6,
                          "Inner Unique": false,
                          "Hash Cond": "(t.id = mc.movie_id)",
                          "Plans": [
                            {
                              "Node Type": "Seq Scan",
                              "Parent Relationship": "Outer",
                              "Parallel Aware": true,
                              "Relation Name": "title",
                              "Alias": "t",
                              "Startup Cost": 0.0,
                              "Total Cost": 42318.73,
                              "Plan Rows": 632073,
                              "Plan Width": 4,
                              "Actual Startup Time": 0.016,
                              "Actual Total Time": 61.042,
                              "Actual Rows": 421385,
                              "Actual Loops": 6
                            },
                            {
                              "Node Type": "Hash",
                              "Parent Relationship": "Inner",
                              "Parallel Aware": true,
                              "Startup Cost": 31414.82,
                              "Total Cost": 31414.82,
                              "Plan Rows": 274582,
                              "Plan Width": 4,
                              "Actual Startup Time": 118.438,
                              "Actual Total Time": 118.439,
                              "Actual Rows": 109270,
                              "Actual Loops": 6,
                              "Hash Buckets": 1048576,
                              "Original Hash Buckets": 1048576,
                              "Hash Batches": 1,
                              "Original Hash Batches": 1,
                              "Peak Memory Usage": 33920,
                              "Plans": [
                                {
                                  "Node Type": "Seq Scan",
                                  "Parent Relationship": "Outer",
                                  "Parallel Aware": true,
                                  "Relation Name": "movie_companies",
                                  "Alias": "mc",
                                  "Startup Cost": 0.0,
                                  "Total Cost": 31414.82,
                                  "Plan Rows": 274582,
                                  "Plan Width": 4,
                                  "Actual Startup Time": 1.803,
                                  "Actual Total Time": 65.194,
                                  "Actual Rows": 109270,
                                  "Actual Loops": 6,
                                  "Filter": "((company_id > 2561) AND (company_type_id = 1))",
                                  "Rows Removed by Filter": 325585
                                }
                              ]
                            }
                          ]
                        }
                      ]
                    }
                  ]
                }
              ]
            }
          ]
        }
      ]
    },
    "Planning Time": 1.449,
    "Triggers": [],
    "Execution Time": 1280.58
  }
]