[
    {
        "Bao": {
            "Bao prediction": "NaN",
            "Bao recommended hint": "(no hint)"
        }
    },
    {
        "Plan": {
            "Node Type": "Aggregate",
            "Strategy": "Plain",
            "Partial Mode": "Finalize",
            "Parallel Aware": false,
            "Startup Cost": 45014.7,
            "Total Cost": 45014.71,
            "Plan Rows": 1,
            "Plan Width": 8,
            "Actual Startup Time": 130.683,
            "Actual Total Time": 138.11,
            "Actual Rows": 1,
            "Actual Loops": 1,
            "Output": [
                "count(*)"
            ],
            "Plans": [
                {
                    "Node Type": "Gather",
                    "Parent Relationship": "Outer",
                    "Parallel Aware": false,
                    "Startup Cost": 45014.38,
                    "Total Cost": 45014.69,
                    "Plan Rows": 3,
                    "Plan Width": 8,
                    "Actual Startup Time": 130.583,
                    "Actual Total Time": 138.102,
                    "Actual Rows": 4,
                    "Actual Loops": 1,
                    "Output": [
                        "(PARTIAL count(*))"
                    ],
                    "Workers Planned": 3,
                    "Workers Launched": 3,
                    "Single Copy": false,
                    "Plans": [
                        {
                            "Node Type": "Aggregate",
                            "Strategy": "Plain",
                            "Partial Mode": "Partial",
                            "Parent Relationship": "Outer",
                            "Parallel Aware": false,
                            "Startup Cost": 44014.38,
                            "Total Cost": 44014.39,
                            "Plan Rows": 1,
                            "Plan Width": 8,
                            "Actual Startup Time": 122.546,
                            "Actual Total Time": 122.549,
                            "Actual Rows": 1,
                            "Actual Loops": 4,
                            "Output": [
                                "PARTIAL count(*)"
                            ],
                            "Workers": [
                                {
                                    "Worker Number": 0,
                                    "Actual Startup Time": 119.716,
                                    "Actual Total Time": 119.717,
                                    "Actual Rows": 1,
                                    "Actual Loops": 1
                                },
                                {
                                    "Worker Number": 1,
                                    "Actual Startup Time": 119.915,
                                    "Actual Total Time": 119.916,
                                    "Actual Rows": 1,
                                    "Actual Loops": 1
                                },
                                {
                                    "Worker Number": 2,
                                    "Actual Startup Time": 120.245,
                                    "Actual Total Time": 120.246,
                                    "Actual Rows": 1,
                                    "Actual Loops": 1
                                }
                            ],
                            "Plans": [
                                {
                                    "Node Type": "Seq Scan",
                                    "Parent Relationship": "Outer",
                                    "Parallel Aware": true,
                                    "Relation Name": "movie_keyword",
                                    "Schema": "public",
                                    "Alias": "mk",
                                    "Startup Cost": 0.0,
                                    "Total Cost": 42695.65,
                                    "Plan Rows": 527491,
                                    "Plan Width": 0,
                                    "Actual Startup Time": 0.513,
                                    "Actual Total Time": 102.414,
                                    "Actual Rows": 403313,
                                    "Actual Loops": 4,
                                    "Output": [
                                        "id",
                                        "movie_id",
                                        "keyword_id"
                                    ],
                                    "Filter": "(mk.keyword_id > 9396)",
                                    "Rows Removed by Filter": 727670,
                                    "Workers": [
                                        {
                                            "Worker Number": 0,
                                            "Actual Startup Time": 0.056,
                                            "Actual Total Time": 100.872,
                                            "Actual Rows": 358411,
                                            "Actual Loops": 1
                                        },
                                        {
                                            "Worker Number": 1,
                                            "Actual Startup Time": 0.093,
                                            "Actual Total Time": 100.996,
                                            "Actual Rows": 359474,
                                            "Actual Loops": 1
                                        },
                                        {
                                            "Worker Number": 2,
                                            "Actual Startup Time": 0.06,
                                            "Actual Total Time": 101.471,
                                            "Actual Rows": 357601,
                                            "Actual Loops": 1
                                        }
                                    ]
                                }
                            ]
                        }
                    ]
                }
            ]
        },
        "Planning Time": 188.919,
        "Triggers": [],
        "Execution Time": 138.151
    }
]