[
  {
    "Plan": {
      "Node Type": "Aggregate",
      "Strategy": "Plain",
      "Partial Mode": "Finalize",
      "Parallel Aware": false,
      "Startup Cost": 55460.34,
      "Total Cost": 55460.35,
      "Plan Rows": 1,
      "Plan Width": 8,
      "Actual Startup Time": 31.083,
      "Actual Total Time": 33.989,
      "Actual Rows": 1,
      "Actual Loops": 1,
      "Plans": [
        {
          "Node Type": "Gather",
          "Parent Relationship": "Outer",
          "Parallel Aware": false,
          "Startup Cost": 55460.13,
          "Total Cost": 55460.34,
          "Plan Rows": 2,
          "Plan Width": 8,
          "Actual Startup Time": 30.865,
          "Actual Total Time": 33.98,
          "Actual Rows": 3,
          "Actual Loops": 1,
          "Workers Planned": 2,
          "Workers Launched": 2,
          "Single Copy": false,
          "Plans": [
            {
              "Node Type": "Aggregate",
              "Strategy": "Plain",
              "Partial Mode": "Partial",
              "Parent Relationship": "Outer",
              "Parallel Aware": false,
              "Startup Cost": 54460.13,
              "Total Cost": 54460.14,
              "Plan Rows": 1,
              "Plan Width": 8,
              "Actual Startup Time": 23.281,
              "Actual Total Time": 23.283,
              "Actual Rows": 1,
              "Actual Loops": 3,
              "Plans": [
                {
                  "Node Type": "Nested Loop",
                  "Parent Relationship": "Outer",
                  "Parallel Aware": false,
                  "Join Type": "Inner",
                  "Startup Cost": 190.94,
                  "Total Cost": 54456.25,
                  "Plan Rows": 1550,
                  "Plan Width": 0,
                  "Actual Startup Time": 12.801,
                  "Actual Total Time": 23.268,
                  "Actual Rows": 38,
                  "Actual Loops": 3,
                  "Inner Unique": false,
                  "Plans": [
                    {
                      "Node Type": "Nested Loop",
                      "Parent Relationship": "Outer",
                      "Parallel Aware": false,
                      "Join Type": "Inner",
                      "Startup Cost": 190.51,
                      "Total Cost": 52755.72,
                      "Plan Rows": 866,
                      "Plan Width": 8,
                      "Actual Startup Time": 11.733,
                      "Actual Total Time": 22.008,
                      "Actual Rows": 417,
                      "Actual Loops": 3,
                      "Inner Unique": true,
                      "Plans": [
                        {
                          "Node Type": "Bitmap Heap Scan",
                          "Parent Relationship": "Outer",
                          "Parallel Aware": true,
                          "Relation Name": "cast_info",
                          "Alias": "ci",
                          "Startup Cost": 190.08,
                          "Total Cost": 28965.87,
                          "Plan Rows": 3522,
                          "Plan Width": 4,
                          "Actual Startup Time": 0.961,
                          "Actual Total Time": 1.864,
                          "Actual Rows": 2747,
                          "Actual Loops": 3,
                          "Recheck Cond": "(person_id = 598206)",
                          "Rows Removed by Index Recheck": 0,
                          "Exact Heap Blocks": 49,
                          "Lossy Heap Blocks": 0,
                          "Plans": [
                            {
                              "Node Type": "Bitmap Index Scan",
                              "Parent Relationship": "Outer",
                              "Parallel Aware": false,
                              "Index Name": "person_id_cast_info",
                              "Startup Cost": 0.0,
                              "Total Cost": 187.96,
                              "Plan Rows": 8453,
                              "Plan Width": 0,
                              "Actual Startup Time": 2.563,
                              "Actual Total Time": 2.564,
                              "Actual Rows": 8242,
                              "Actual Loops": 1,
                              "Index Cond": "(person_id = 598206)"
                            }
                          ]
                        },
                        {
                          "Node Type": "Index Scan",
                          "Parent Relationship": "Inner",
                          "Parallel Aware": false,
                          "Scan Direction": "Forward",
                          "Index Name": "title_pkey",
                          "Relation Name": "title",
                          "Alias": "t",
                          "Startup Cost": 0.43,
                          "Total Cost": 6.75,
                          "Plan Rows": 1,
                          "Plan Width": 4,
                          "Actual Startup Time": 0.007,
                          "Actual Total Time": 0.007,
                          "Actual Rows": 0,
                          "Actual Loops": 8242,
                          "Index Cond": "(id = ci.movie_id)",
                          "Rows Removed by Index Recheck": 0,
                          "Filter": "((production_year > 2005) AND (kind_id = 7))",
                          "Rows Removed by Filter": 1
                        }
                      ]
                    },
                    {
                      "Node Type": "Index Only Scan",
                      "Parent Relationship": "Inner",
                      "Parallel Aware": false,
                      "Scan Direction": "Forward",
                      "Index Name": "movie_id_movie_keyword",
                      "Relation Name": "movie_keyword",
                      "Alias": "mk",
                      "Startup Cost": 0.43,
                      "Total Cost": 1.51,
                      "Plan Rows": 45,
                      "Plan Width": 4,
                      "Actual Startup Time": 0.003,
                      "Actual Total Time": 0.003,
                      "Actual Rows": 0,
                      "Actual Loops": 1252,
                      "Index Cond": "(movie_id = t.id)",
                      "Rows Removed by Index Recheck": 0,
                      "Heap Fetches": 113
                    }
                  ]
                }
              ]
            }
          ]
        }
      ]
    },
    "Planning Time": 1.145,
    "Triggers": [],
    "Execution Time": 34.081
  }
]