[
  {
    "Plan": {
      "Node Type": "Aggregate",
      "Strategy": "Plain",
      "Partial Mode": "Finalize",
      "Parallel Aware": false,
      "Startup Cost": 143638.84,
      "Total Cost": 143638.85,
      "Plan Rows": 1,
      "Plan Width": 8,
      "Actual Startup Time": 528.279,
      "Actual Total Time": 569.468,
      "Actual Rows": 1,
      "Actual Loops": 1,
      "Plans": [
        {
          "Node Type": "Gather",
          "Parent Relationship": "Outer",
          "Parallel Aware": false,
          "Startup Cost": 143638.63,
          "Total Cost": 143638.84,
          "Plan Rows": 2,
          "Plan Width": 8,
          "Actual Startup Time": 527.349,
          "Actual Total Time": 569.459,
          "Actual Rows": 3,
          "Actual Loops": 1,
          "Workers Planned": 2,
          "Workers Launched": 2,
          "Single Copy": false,
          "Plans": [
            {
              "Node Type": "Aggregate",
              "Strategy": "Plain",
              "Partial Mode": "Partial",
              "Parent Relationship": "Outer",
              "Parallel Aware": false,
              "Startup Cost": 142638.63,
              "Total Cost": 142638.64,
              "Plan Rows": 1,
              "Plan Width": 8,
              "Actual Startup Time": 518.818,
              "Actual Total Time": 518.822,
              "Actual Rows": 1,
              "Actual Loops": 3,
              "Plans": [
                {
                  "Node Type": "Nested Loop",
                  "Parent Relationship": "Outer",
                  "Parallel Aware": false,
                  "Join Type": "Inner",
                  "Startup Cost": 45958.78,
                  "Total Cost": 142128.76,
                  "Plan Rows": 203949,
                  "Plan Width": 0,
                  "Actual Startup Time": 128.689,
                  "Actual Total Time": 501.25,
                  "Actual Rows": 392589,
                  "Actual Loops": 3,
                  "Inner Unique": false,
                  "Join Filter": "(t.id = mi.movie_id)",
                  "Rows Removed by Join Filter": 0,
                  "Plans": [
                    {
                      "Node Type": "Hash Join",
                      "Parent Relationship": "Outer",
                      "Parallel Aware": true,
                      "Join Type": "Inner",
                      "Startup Cost": 45958.35,
                      "Total Cost": 61152.91,
                      "Plan Rows": 34879,
                      "Plan Width": 8,
                      "Actual Startup Time": 128.614,
                      "Actual Total Time": 218.954,
                      "Actual Rows": 25527,
                      "Actual Loops": 3,
                      "Inner Unique": true,
                      "Hash Cond": "(mi_idx.movie_id = t.id)",
                      "Plans": [
                        {
                          "Node Type": "Seq Scan",
                          "Parent Relationship": "Outer",
                          "Parallel Aware": true,
                          "Relation Name": "movie_info_idx",
                          "Alias": "mi_idx",
                          "Startup Cost": 0.0,
                          "Total Cost": 13685.15,
                          "Plan Rows": 575015,
                          "Plan Width": 4,
                          "Actual Startup Time": 0.023,
                          "Actual Total Time": 34.311,
                          "Actual Rows": 460012,
                          "Actual Loops": 3
                        },
                        {
                          "Node Type": "Hash",
                          "Parent Relationship": "Inner",
                          "Parallel Aware": true,
                          "Startup Cost": 45479.1,
                          "Total Cost": 45479.1,
                          "Plan Rows": 38340,
                          "Plan Width": 4,
                          "Actual Startup Time": 126.11,
                          "Actual Total Time": 126.111,
                          "Actual Rows": 44920,
                          "Actual Loops": 3,
                          "Hash Buckets": 262144,
                          "Original Hash Buckets": 262144,
                          "Hash Batches": 1,
                          "Original Hash Batches": 1,
                          "Peak Memory Usage": 7360,
                          "Plans": [
                            {
                              "Node Type": "Seq Scan",
                              "Parent Relationship": "Outer",
                              "Parallel Aware": true,
                              "Relation Name": "title",
                              "Alias": "t",
                              "Startup Cost": 0.0,
                              "Total Cost": 45479.1,
                              "Plan Rows": 38340,
                              "Plan Width": 4,
                              "Actual Startup Time": 0.129,
                              "Actual Total Time": 110.949,
                              "Actual Rows": 44920,
                              "Actual Loops": 3,
                              "Filter": "((kind_id < 7) AND (production_year > 2010))",
                              "Rows Removed by Filter": 797851
                            }
                          ]
                        }
                      ]
                    },
                    {
                      "Node Type": "Index Only Scan",
                      "Parent Relationship": "Inner",
                      "Parallel Aware": false,
                      "Scan Direction": "Forward",
                      "Index Name": "movie_id_movie_info",
                      "Relation Name": "movie_info",
                      "Alias": "mi",
                      "Startup Cost": 0.43,
                      "Total Cost": 1.8,
                      "Plan Rows": 42,
                      "Plan Width": 4,
                      "Actual Startup Time": 0.003,
                      "Actual Total Time": 0.01,
                      "Actual Rows": 15,
                      "Actual Loops": 76581,
                      "Index Cond": "(movie_id = mi_idx.movie_id)",
                      "Rows Removed by Index Recheck": 0,
                      "Heap Fetches": 1177766
                    }
                  ]
                }
              ]
            }
          ]
        }
      ]
    },
    "Planning Time": 1.261,
    "Triggers": [],
    "Execution Time": 569.558
  }
]