{
  "Plan": {
    "Node Type": "Aggregate",
    "Strategy": "Plain",
    "Partial Mode": "Finalize",
    "Parallel Aware": false,
    "Startup Cost": 340665.18,
    "Total Cost": 340665.19,
    "Plan Rows": 1,
    "Plan Width": 8,
    "Actual Startup Time": 1170.405,
    "Actual Total Time": 1219.507,
    "Actual Rows": 1,
    "Actual Loops": 1,
    "Plans": [
      {
        "Node Type": "Gather",
        "Parent Relationship": "Outer",
        "Parallel Aware": false,
        "Startup Cost": 340665.07,
        "Total Cost": 340665.18,
        "Plan Rows": 1,
        "Plan Width": 8,
        "Actual Startup Time": 1169.841,
        "Actual Total Time": 1219.5,
        "Actual Rows": 2,
        "Actual Loops": 1,
        "Workers Planned": 1,
        "Workers Launched": 1,
        "Single Copy": false,
        "Plans": [
          {
            "Node Type": "Aggregate",
            "Strategy": "Plain",
            "Partial Mode": "Partial",
            "Parent Relationship": "Outer",
            "Parallel Aware": false,
            "Startup Cost": 339665.07,
            "Total Cost": 339665.08,
            "Plan Rows": 1,
            "Plan Width": 8,
            "Actual Startup Time": 1164.097,
            "Actual Total Time": 1164.1,
            "Actual Rows": 1,
            "Actual Loops": 2,
            "Plans": [
              {
                "Node Type": "Hash Join",
                "Parent Relationship": "Outer",
                "Parallel Aware": true,
                "Join Type": "Inner",
                "Startup Cost": 58942.23,
                "Total Cost": 339348.81,
                "Plan Rows": 126504,
                "Plan Width": 0,
                "Actual Startup Time": 200.624,
                "Actual Total Time": 1152.678,
                "Actual Rows": 275512,
                "Actual Loops": 2,
                "Inner Unique": true,
                "Hash Cond": "(mi.movie_id = t.id)",
                "Plans": [
                  {
                    "Node Type": "Seq Scan",
                    "Parent Relationship": "Outer",
                    "Parallel Aware": true,
                    "Relation Name": "movie_info",
                    "Alias": "mi",
                    "Startup Cost": 0.0,
                    "Total Cost": 270696.42,
                    "Plan Rows": 3699105,
                    "Plan Width": 4,
                    "Actual Startup Time": 33.749,
                    "Actual Total Time": 655.58,
                    "Actual Rows": 3111747,
                    "Actual Loops": 2,
                    "Filter": "(info_type_id > 8)",
                    "Rows Removed by Filter": 4306113
                  },
                  {
                    "Node Type": "Hash",
                    "Parent Relationship": "Inner",
                    "Parallel Aware": true,
                    "Startup Cost": 58306.47,
                    "Total Cost": 58306.47,
                    "Plan Rows": 50861,
                    "Plan Width": 4,
                    "Actual Startup Time": 163.991,
                    "Actual Total Time": 163.992,
                    "Actual Rows": 95569,
                    "Actual Loops": 2,
                    "Hash Buckets": 262144,
                    "Original Hash Buckets": 131072,
                    "Hash Batches": 1,
                    "Original Hash Batches": 1,
                    "Peak Memory Usage": 10592,
                    "Plans": [
                      {
                        "Node Type": "Seq Scan",
                        "Parent Relationship": "Outer",
                        "Parallel Aware": true,
                        "Relation Name": "title",
                        "Alias": "t",
                        "Startup Cost": 0.0,
                        "Total Cost": 58306.47,
                        "Plan Rows": 50861,
                        "Plan Width": 4,
                        "Actual Startup Time": 0.187,
                        "Actual Total Time": 142.165,
                        "Actual Rows": 95569,
                        "Actual Loops": 2,
                        "Filter": "((kind_id < 7) AND (production_year < 1959))",
                        "Rows Removed by Filter": 1168587
                      }
                    ]
                  }
                ]
              }
            ]
          }
        ]
      }
    ]
  },
  "Planning Time": 0.464,
  "Triggers": [],
  "Execution Time": 1219.59
}