[
  {
    "Plan": {
      "Node Type": "Aggregate",
      "Strategy": "Plain",
      "Partial Mode": "Finalize",
      "Parallel Aware": false,
      "Startup Cost": 338544.21,
      "Total Cost": 338544.22,
      "Plan Rows": 1,
      "Plan Width": 8,
      "Actual Startup Time": 783.697,
      "Actual Total Time": 828.861,
      "Actual Rows": 1,
      "Actual Loops": 1,
      "Plans": [
        {
          "Node Type": "Gather",
          "Parent Relationship": "Outer",
          "Parallel Aware": false,
          "Startup Cost": 338543.59,
          "Total Cost": 338544.2,
          "Plan Rows": 6,
          "Plan Width": 8,
          "Actual Startup Time": 783.538,
          "Actual Total Time": 828.841,
          "Actual Rows": 7,
          "Actual Loops": 1,
          "Workers Planned": 6,
          "Workers Launched": 6,
          "Single Copy": false,
          "Plans": [
            {
              "Node Type": "Aggregate",
              "Strategy": "Plain",
              "Partial Mode": "Partial",
              "Parent Relationship": "Outer",
              "Parallel Aware": false,
              "Startup Cost": 337543.59,
              "Total Cost": 337543.6,
              "Plan Rows": 1,
              "Plan Width": 8,
              "Actual Startup Time": 776.755,
              "Actual Total Time": 776.756,
              "Actual Rows": 1,
              "Actual Loops": 7,
              "Plans": [
                {
                  "Node Type": "Seq Scan",
                  "Parent Relationship": "Outer",
                  "Parallel Aware": true,
                  "Relation Name": "cast_info",
                  "Alias": "ci",
                  "Startup Cost": 0.0,
                  "Total Cost": 328211.39,
                  "Plan Rows": 3732878,
                  "Plan Width": 0,
                  "Actual Startup Time": 155.891,
                  "Actual Total Time": 620.117,
                  "Actual Rows": 3177111,
                  "Actual Loops": 7,
                  "Filter": "(person_id > 1379664)",
                  "Rows Removed by Filter": 2000653
                }
              ]
            }
          ]
        }
      ]
    },
    "Planning Time": 0.243,
    "Triggers": [],
    "Execution Time": 828.936
  }
]