[
    {
        "Bao": {
            "Bao prediction": 484.518,
            "Bao recommended hint": "SET enable_mergejoin TO off; SET enable_indexscan TO off; "
        }
    },
    {
        "Plan": {
            "Node Type": "Aggregate",
            "Strategy": "Plain",
            "Partial Mode": "Finalize",
            "Parallel Aware": false,
            "Startup Cost": 348738.22,
            "Total Cost": 348738.23,
            "Plan Rows": 1,
            "Plan Width": 8,
            "Actual Startup Time": 928.534,
            "Actual Total Time": 960.507,
            "Actual Rows": 1,
            "Actual Loops": 1,
            "Output": [
                "count(*)"
            ],
            "Plans": [
                {
                    "Node Type": "Gather",
                    "Parent Relationship": "Outer",
                    "Parallel Aware": false,
                    "Startup Cost": 348737.59,
                    "Total Cost": 348738.2,
                    "Plan Rows": 6,
                    "Plan Width": 8,
                    "Actual Startup Time": 928.44,
                    "Actual Total Time": 960.497,
                    "Actual Rows": 7,
                    "Actual Loops": 1,
                    "Output": [
                        "(PARTIAL count(*))"
                    ],
                    "Workers Planned": 6,
                    "Workers Launched": 6,
                    "Single Copy": false,
                    "Plans": [
                        {
                            "Node Type": "Aggregate",
                            "Strategy": "Plain",
                            "Partial Mode": "Partial",
                            "Parent Relationship": "Outer",
                            "Parallel Aware": false,
                            "Startup Cost": 347737.59,
                            "Total Cost": 347737.6,
                            "Plan Rows": 1,
                            "Plan Width": 8,
                            "Actual Startup Time": 919.043,
                            "Actual Total Time": 919.044,
                            "Actual Rows": 1,
                            "Actual Loops": 7,
                            "Output": [
                                "PARTIAL count(*)"
                            ],
                            "Workers": [
                                {
                                    "Worker Number": 0,
                                    "Actual Startup Time": 916.959,
                                    "Actual Total Time": 916.96,
                                    "Actual Rows": 1,
                                    "Actual Loops": 1
                                },
                                {
                                    "Worker Number": 1,
                                    "Actual Startup Time": 917.11,
                                    "Actual Total Time": 917.111,
                                    "Actual Rows": 1,
                                    "Actual Loops": 1
                                },
                                {
                                    "Worker Number": 2,
                                    "Actual Startup Time": 917.676,
                                    "Actual Total Time": 917.677,
                                    "Actual Rows": 1,
                                    "Actual Loops": 1
                                },
                                {
                                    "Worker Number": 3,
                                    "Actual Startup Time": 917.829,
                                    "Actual Total Time": 917.83,
                                    "Actual Rows": 1,
                                    "Actual Loops": 1
                                },
                                {
                                    "Worker Number": 4,
                                    "Actual Startup Time": 917.856,
                                    "Actual Total Time": 917.858,
                                    "Actual Rows": 1,
                                    "Actual Loops": 1
                                },
                                {
                                    "Worker Number": 5,
                                    "Actual Startup Time": 918.207,
                                    "Actual Total Time": 918.208,
                                    "Actual Rows": 1,
                                    "Actual Loops": 1
                                }
                            ],
                            "Plans": [
                                {
                                    "Node Type": "Seq Scan",
                                    "Parent Relationship": "Outer",
                                    "Parallel Aware": true,
                                    "Relation Name": "cast_info",
                                    "Schema": "public",
                                    "Alias": "ci",
                                    "Startup Cost": 0.0,
                                    "Total Cost": 343318.94,
                                    "Plan Rows": 1767460,
                                    "Plan Width": 0,
                                    "Actual Startup Time": 105.769,
                                    "Actual Total Time": 843.118,
                                    "Actual Rows": 1158423,
                                    "Actual Loops": 7,
                                    "Output": [
                                        "id",
                                        "person_id",
                                        "movie_id",
                                        "person_role_id",
                                        "note",
                                        "nr_order",
                                        "role_id"
                                    ],
                                    "Filter": "((ci.person_id > 611592) AND (ci.role_id = 1))",
                                    "Rows Removed by Filter": 4019340,
                                    "Workers": [
                                        {
                                            "Worker Number": 0,
                                            "Actual Startup Time": 103.686,
                                            "Actual Total Time": 842.079,
                                            "Actual Rows": 1132715,
                                            "Actual Loops": 1
                                        },
                                        {
                                            "Worker Number": 1,
                                            "Actual Startup Time": 103.847,
                                            "Actual Total Time": 842.854,
                                            "Actual Rows": 1127446,
                                            "Actual Loops": 1
                                        },
                                        {
                                            "Worker Number": 2,
                                            "Actual Startup Time": 104.395,
                                            "Actual Total Time": 842.58,
                                            "Actual Rows": 1140895,
                                            "Actual Loops": 1
                                        },
                                        {
                                            "Worker Number": 3,
                                            "Actual Startup Time": 104.545,
                                            "Actual Total Time": 842.686,
                                            "Actual Rows": 1141596,
                                            "Actual Loops": 1
                                        },
                                        {
                                            "Worker Number": 4,
                                            "Actual Startup Time": 104.578,
                                            "Actual Total Time": 843.047,
                                            "Actual Rows": 1134335,
                                            "Actual Loops": 1
                                        },
                                        {
                                            "Worker Number": 5,
                                            "Actual Startup Time": 104.939,
                                            "Actual Total Time": 844.605,
                                            "Actual Rows": 1110169,
                                            "Actual Loops": 1
                                        }
                                    ]
                                }
                            ]
                        }
                    ]
                }
            ]
        },
        "Planning Time": 2772.16,
        "Triggers": [],
        "Execution Time": 960.597
    }
]