[
  {
    "Plan": {
      "Node Type": "Aggregate",
      "Strategy": "Plain",
      "Partial Mode": "Finalize",
      "Parallel Aware": false,
      "Startup Cost": 93095.84,
      "Total Cost": 93095.85,
      "Plan Rows": 1,
      "Plan Width": 8,
      "Actual Startup Time": 447.643,
      "Actual Total Time": 465.652,
      "Actual Rows": 1,
      "Actual Loops": 1,
      "Plans": [
        {
          "Node Type": "Gather",
          "Parent Relationship": "Outer",
          "Parallel Aware": false,
          "Startup Cost": 93095.52,
          "Total Cost": 93095.83,
          "Plan Rows": 3,
          "Plan Width": 8,
          "Actual Startup Time": 445.356,
          "Actual Total Time": 465.642,
          "Actual Rows": 4,
          "Actual Loops": 1,
          "Workers Planned": 3,
          "Workers Launched": 3,
          "Single Copy": false,
          "Plans": [
            {
              "Node Type": "Aggregate",
              "Strategy": "Plain",
              "Partial Mode": "Partial",
              "Parent Relationship": "Outer",
              "Parallel Aware": false,
              "Startup Cost": 92095.52,
              "Total Cost": 92095.53,
              "Plan Rows": 1,
              "Plan Width": 8,
              "Actual Startup Time": 437.409,
              "Actual Total Time": 437.412,
              "Actual Rows": 1,
              "Actual Loops": 4,
              "Plans": [
                {
                  "Node Type": "Hash Join",
                  "Parent Relationship": "Outer",
                  "Parallel Aware": true,
                  "Join Type": "Inner",
                  "Startup Cost": 48036.52,
                  "Total Cost": 90914.6,
                  "Plan Rows": 472368,
                  "Plan Width": 0,
                  "Actual Startup Time": 169.237,
                  "Actual Total Time": 407.011,
                  "Actual Rows": 741568,
                  "Actual Loops": 4,
                  "Inner Unique": true,
                  "Hash Cond": "(mk.movie_id = t.id)",
                  "Plans": [
                    {
                      "Node Type": "Seq Scan",
                      "Parent Relationship": "Outer",
                      "Parallel Aware": true,
                      "Relation Name": "movie_keyword",
                      "Alias": "mk",
                      "Startup Cost": 0.0,
                      "Total Cost": 39047.32,
                      "Plan Rows": 1459332,
                      "Plan Width": 4,
                      "Actual Startup Time": 0.023,
                      "Actual Total Time": 85.569,
                      "Actual Rows": 1130982,
                      "Actual Loops": 4
                    },
                    {
                      "Node Type": "Hash",
                      "Parent Relationship": "Inner",
                      "Parallel Aware": true,
                      "Startup Cost": 45479.1,
                      "Total Cost": 45479.1,
                      "Plan Rows": 204594,
                      "Plan Width": 4,
                      "Actual Startup Time": 164.183,
                      "Actual Total Time": 164.184,
                      "Actual Rows": 181476,
                      "Actual Loops": 4,
                      "Hash Buckets": 1048576,
                      "Original Hash Buckets": 1048576,
                      "Hash Batches": 1,
                      "Original Hash Batches": 1,
                      "Peak Memory Usage": 36640,
                      "Plans": [
                        {
                          "Node Type": "Seq Scan",
                          "Parent Relationship": "Outer",
                          "Parallel Aware": true,
                          "Relation Name": "title",
                          "Alias": "t",
                          "Startup Cost": 0.0,
                          "Total Cost": 45479.1,
                          "Plan Rows": 204594,
                          "Plan Width": 4,
                          "Actual Startup Time": 0.036,
                          "Actual Total Time": 102.209,
                          "Actual Rows": 181476,
                          "Actual Loops": 4,
                          "Filter": "((kind_id < 7) AND (production_year > 1970))",
                          "Rows Removed by Filter": 450602
                        }
                      ]
                    }
                  ]
                }
              ]
            }
          ]
        }
      ]
    },
    "Planning Time": 0.508,
    "Triggers": [],
    "Execution Time": 465.71
  }
]