{
    "Plan": {
        "Node Type": "Aggregate",
        "Strategy": "Plain",
        "Partial Mode": "Finalize",
        "Parallel Aware": false,
        "Startup Cost": 98954.42,
        "Total Cost": 98954.43,
        "Plan Rows": 1,
        "Plan Width": 8,
        "Actual Startup Time": 667.081,
        "Actual Total Time": 689.099,
        "Actual Rows": 1,
        "Actual Loops": 1,
        "Output": [
            "count(*)"
        ],
        "Plans": [
            {
                "Node Type": "Gather",
                "Parent Relationship": "Outer",
                "Parallel Aware": false,
                "Startup Cost": 98954.1,
                "Total Cost": 98954.41,
                "Plan Rows": 3,
                "Plan Width": 8,
                "Actual Startup Time": 661.99,
                "Actual Total Time": 689.09,
                "Actual Rows": 4,
                "Actual Loops": 1,
                "Output": [
                    "(PARTIAL count(*))"
                ],
                "Workers Planned": 3,
                "Workers Launched": 3,
                "Single Copy": false,
                "Plans": [
                    {
                        "Node Type": "Aggregate",
                        "Strategy": "Plain",
                        "Partial Mode": "Partial",
                        "Parent Relationship": "Outer",
                        "Parallel Aware": false,
                        "Startup Cost": 97954.1,
                        "Total Cost": 97954.11,
                        "Plan Rows": 1,
                        "Plan Width": 8,
                        "Actual Startup Time": 650.303,
                        "Actual Total Time": 650.306,
                        "Actual Rows": 1,
                        "Actual Loops": 4,
                        "Output": [
                            "PARTIAL count(*)"
                        ],
                        "Workers": [
                            {
                                "Worker Number": 0,
                                "Actual Startup Time": 647.505,
                                "Actual Total Time": 647.508,
                                "Actual Rows": 1,
                                "Actual Loops": 1
                            },
                            {
                                "Worker Number": 1,
                                "Actual Startup Time": 646.19,
                                "Actual Total Time": 646.193,
                                "Actual Rows": 1,
                                "Actual Loops": 1
                            },
                            {
                                "Worker Number": 2,
                                "Actual Startup Time": 646.213,
                                "Actual Total Time": 646.216,
                                "Actual Rows": 1,
                                "Actual Loops": 1
                            }
                        ],
                        "Plans": [
                            {
                                "Node Type": "Hash Join",
                                "Parent Relationship": "Outer",
                                "Parallel Aware": true,
                                "Join Type": "Inner",
                                "Startup Cost": 49487.33,
                                "Total Cost": 95631.29,
                                "Plan Rows": 929125,
                                "Plan Width": 0,
                                "Actual Startup Time": 306.198,
                                "Actual Total Time": 611.797,
                                "Actual Rows": 862664,
                                "Actual Loops": 4,
                                "Inner Unique": true,
                                "Hash Cond": "(mk.movie_id = t.id)",
                                "Workers": [
                                    {
                                        "Worker Number": 0,
                                        "Actual Startup Time": 302.442,
                                        "Actual Total Time": 608.444,
                                        "Actual Rows": 610728,
                                        "Actual Loops": 1
                                    },
                                    {
                                        "Worker Number": 1,
                                        "Actual Startup Time": 302.39,
                                        "Actual Total Time": 610.313,
                                        "Actual Rows": 885550,
                                        "Actual Loops": 1
                                    },
                                    {
                                        "Worker Number": 2,
                                        "Actual Startup Time": 302.392,
                                        "Actual Total Time": 610.088,
                                        "Actual Rows": 904397,
                                        "Actual Loops": 1
                                    }
                                ],
                                "Plans": [
                                    {
                                        "Node Type": "Seq Scan",
                                        "Parent Relationship": "Outer",
                                        "Parallel Aware": true,
                                        "Relation Name": "movie_keyword",
                                        "Schema": "public",
                                        "Alias": "mk",
                                        "Startup Cost": 0.0,
                                        "Total Cost": 42695.65,
                                        "Plan Rows": 1313635,
                                        "Plan Width": 4,
                                        "Actual Startup Time": 0.018,
                                        "Actual Total Time": 135.517,
                                        "Actual Rows": 1019849,
                                        "Actual Loops": 4,
                                        "Output": [
                                            "mk.id",
                                            "mk.movie_id",
                                            "mk.keyword_id"
                                        ],
                                        "Filter": "(mk.keyword_id < 39833)",
                                        "Rows Removed by Filter": 111134,
                                        "Workers": [
                                            {
                                                "Worker Number": 0,
                                                "Actual Startup Time": 0.021,
                                                "Actual Total Time": 141.165,
                                                "Actual Rows": 719554,
                                                "Actual Loops": 1
                                            },
                                            {
                                                "Worker Number": 1,
                                                "Actual Startup Time": 0.021,
                                                "Actual Total Time": 140.186,
                                                "Actual Rows": 1046393,
                                                "Actual Loops": 1
                                            },
                                            {
                                                "Worker Number": 2,
                                                "Actual Startup Time": 0.017,
                                                "Actual Total Time": 139.926,
                                                "Actual Rows": 1070003,
                                                "Actual Loops": 1
                                            }
                                        ]
                                    },
                                    {
                                        "Node Type": "Hash",
                                        "Parent Relationship": "Inner",
                                        "Parallel Aware": true,
                                        "Startup Cost": 43899.01,
                                        "Total Cost": 43899.01,
                                        "Plan Rows": 447066,
                                        "Plan Width": 4,
                                        "Actual Startup Time": 298.37,
                                        "Actual Total Time": 298.371,
                                        "Actual Rows": 448538,
                                        "Actual Loops": 4,
                                        "Output": [
                                            "t.id"
                                        ],
                                        "Hash Buckets": 2097152,
                                        "Original Hash Buckets": 2097152,
                                        "Hash Batches": 1,
                                        "Original Hash Batches": 1,
                                        "Peak Memory Usage": 86624,
                                        "Workers": [
                                            {
                                                "Worker Number": 0,
                                                "Actual Startup Time": 301.758,
                                                "Actual Total Time": 301.759,
                                                "Actual Rows": 337003,
                                                "Actual Loops": 1
                                            },
                                            {
                                                "Worker Number": 1,
                                                "Actual Startup Time": 301.842,
                                                "Actual Total Time": 301.843,
                                                "Actual Rows": 427626,
                                                "Actual Loops": 1
                                            },
                                            {
                                                "Worker Number": 2,
                                                "Actual Startup Time": 301.832,
                                                "Actual Total Time": 301.833,
                                                "Actual Rows": 441279,
                                                "Actual Loops": 1
                                            }
                                        ],
                                        "Plans": [
                                            {
                                                "Node Type": "Seq Scan",
                                                "Parent Relationship": "Outer",
                                                "Parallel Aware": true,
                                                "Relation Name": "title",
                                                "Schema": "public",
                                                "Alias": "t",
                                                "Startup Cost": 0.0,
                                                "Total Cost": 43899.01,
                                                "Plan Rows": 447066,
                                                "Plan Width": 4,
                                                "Actual Startup Time": 0.056,
                                                "Actual Total Time": 120.093,
                                                "Actual Rows": 448538,
                                                "Actual Loops": 4,
                                                "Output": [
                                                    "t.id"
                                                ],
                                                "Filter": "(t.production_year < 2009)",
                                                "Rows Removed by Filter": 183540,
                                                "Workers": [
                                                    {
                                                        "Worker Number": 0,
                                                        "Actual Startup Time": 0.067,
                                                        "Actual Total Time": 131.072,
                                                        "Actual Rows": 337003,
                                                        "Actual Loops": 1
                                                    },
                                                    {
                                                        "Worker Number": 1,
                                                        "Actual Startup Time": 0.08,
                                                        "Actual Total Time": 120.613,
                                                        "Actual Rows": 427626,
                                                        "Actual Loops": 1
                                                    },
                                                    {
                                                        "Worker Number": 2,
                                                        "Actual Startup Time": 0.065,
                                                        "Actual Total Time": 121.57,
                                                        "Actual Rows": 441279,
                                                        "Actual Loops": 1
                                                    }
                                                ]
                                            }
                                        ]
                                    }
                                ]
                            }
                        ]
                    }
                ]
            }
        ]
    },
    "Planning Time": 0.675,
    "Triggers": [],
    "Execution Time": 689.17
}