{
  "Plan": {
    "Node Type": "Aggregate",
    "Strategy": "Plain",
    "Partial Mode": "Finalize",
    "Parallel Aware": false,
    "Startup Cost": 179795.6,
    "Total Cost": 179795.61,
    "Plan Rows": 1,
    "Plan Width": 8,
    "Actual Startup Time": 2377.198,
    "Actual Total Time": 2401.497,
    "Actual Rows": 1,
    "Actual Loops": 1,
    "Plans": [
      {
        "Node Type": "Gather",
        "Parent Relationship": "Outer",
        "Parallel Aware": false,
        "Startup Cost": 179795.49,
        "Total Cost": 179795.6,
        "Plan Rows": 1,
        "Plan Width": 8,
        "Actual Startup Time": 2369.29,
        "Actual Total Time": 2401.49,
        "Actual Rows": 2,
        "Actual Loops": 1,
        "Workers Planned": 1,
        "Workers Launched": 1,
        "Single Copy": false,
        "Plans": [
          {
            "Node Type": "Aggregate",
            "Strategy": "Plain",
            "Partial Mode": "Partial",
            "Parent Relationship": "Outer",
            "Parallel Aware": false,
            "Startup Cost": 178795.49,
            "Total Cost": 178795.5,
            "Plan Rows": 1,
            "Plan Width": 8,
            "Actual Startup Time": 2359.986,
            "Actual Total Time": 2359.992,
            "Actual Rows": 1,
            "Actual Loops": 2,
            "Plans": [
              {
                "Node Type": "Hash Join",
                "Parent Relationship": "Outer",
                "Parallel Aware": true,
                "Join Type": "Inner",
                "Startup Cost": 130996.44,
                "Total Cost": 177241.6,
                "Plan Rows": 621555,
                "Plan Width": 0,
                "Actual Startup Time": 967.771,
                "Actual Total Time": 1954.302,
                "Actual Rows": 10246094,
                "Actual Loops": 2,
                "Inner Unique": false,
                "Hash Cond": "(mc.movie_id = t.id)",
                "Plans": [
                  {
                    "Node Type": "Seq Scan",
                    "Parent Relationship": "Outer",
                    "Parallel Aware": true,
                    "Relation Name": "movie_companies",
                    "Alias": "mc",
                    "Startup Cost": 0.0,
                    "Total Cost": 37974.77,
                    "Plan Rows": 1230448,
                    "Plan Width": 4,
                    "Actual Startup Time": 0.181,
                    "Actual Total Time": 122.644,
                    "Actual Rows": 1046200,
                    "Actual Loops": 2,
                    "Filter": "(company_id > 474)",
                    "Rows Removed by Filter": 258364
                  },
                  {
                    "Node Type": "Hash",
                    "Parent Relationship": "Inner",
                    "Parallel Aware": true,
                    "Startup Cost": 121605.59,
                    "Total Cost": 121605.59,
                    "Plan Rows": 751268,
                    "Plan Width": 8,
                    "Actual Startup Time": 952.383,
                    "Actual Total Time": 952.388,
                    "Actual Rows": 1201086,
                    "Actual Loops": 2,
                    "Hash Buckets": 4194304,
                    "Original Hash Buckets": 2097152,
                    "Hash Batches": 1,
                    "Original Hash Batches": 1,
                    "Peak Memory Usage": 143136,
                    "Plans": [
                      {
                        "Node Type": "Hash Join",
                        "Parent Relationship": "Outer",
                        "Parallel Aware": true,
                        "Join Type": "Inner",
                        "Startup Cost": 63554.74,
                        "Total Cost": 121605.59,
                        "Plan Rows": 751268,
                        "Plan Width": 8,
                        "Actual Startup Time": 236.284,
                        "Actual Total Time": 694.072,
                        "Actual Rows": 1201086,
                        "Actual Loops": 2,
                        "Inner Unique": true,
                        "Hash Cond": "(mk.movie_id = t.id)",
                        "Plans": [
                          {
                            "Node Type": "Seq Scan",
                            "Parent Relationship": "Outer",
                            "Parallel Aware": true,
                            "Relation Name": "movie_keyword",
                            "Alias": "mk",
                            "Startup Cost": 0.0,
                            "Total Cost": 51065.35,
                            "Plan Rows": 2661135,
                            "Plan Width": 4,
                            "Actual Startup Time": 0.014,
                            "Actual Total Time": 157.157,
                            "Actual Rows": 2261965,
                            "Actual Loops": 2
                          },
                          {
                            "Node Type": "Hash",
                            "Parent Relationship": "Inner",
                            "Parallel Aware": true,
                            "Startup Cost": 58306.47,
                            "Total Cost": 58306.47,
                            "Plan Rows": 419862,
                            "Plan Width": 4,
                            "Actual Startup Time": 231.956,
                            "Actual Total Time": 231.957,
                            "Actual Rows": 306078,
                            "Actual Loops": 2,
                            "Hash Buckets": 1048576,
                            "Original Hash Buckets": 1048576,
                            "Hash Batches": 1,
                            "Original Hash Batches": 1,
                            "Peak Memory Usage": 32192,
                            "Plans": [
                              {
                                "Node Type": "Seq Scan",
                                "Parent Relationship": "Outer",
                                "Parallel Aware": true,
                                "Relation Name": "title",
                                "Alias": "t",
                                "Startup Cost": 0.0,
                                "Total Cost": 58306.47,
                                "Plan Rows": 419862,
                                "Plan Width": 4,
                                "Actual Startup Time": 0.031,
                                "Actual Total Time": 155.747,
                                "Actual Rows": 306078,
                                "Actual Loops": 2,
                                "Filter": "((kind_id < 7) AND (production_year > 1987))",
                                "Rows Removed by Filter": 958078
                              }
                            ]
                          }
                        ]
                      }
                    ]
                  }
                ]
              }
            ]
          }
        ]
      }
    ]
  },
  "Planning Time": 0.919,
  "Triggers": [],
  "Execution Time": 2401.579
}