[
  {
    "Plan": {
      "Node Type": "Aggregate",
      "Strategy": "Plain",
      "Partial Mode": "Finalize",
      "Parallel Aware": false,
      "Startup Cost": 342193.8,
      "Total Cost": 342193.81,
      "Plan Rows": 1,
      "Plan Width": 8,
      "Actual Startup Time": 979.252,
      "Actual Total Time": 1041.483,
      "Actual Rows": 1,
      "Actual Loops": 1,
      "Plans": [
        {
          "Node Type": "Gather",
          "Parent Relationship": "Outer",
          "Parallel Aware": false,
          "Startup Cost": 342193.17,
          "Total Cost": 342193.78,
          "Plan Rows": 6,
          "Plan Width": 8,
          "Actual Startup Time": 978.811,
          "Actual Total Time": 1041.468,
          "Actual Rows": 7,
          "Actual Loops": 1,
          "Workers Planned": 6,
          "Workers Launched": 6,
          "Single Copy": false,
          "Plans": [
            {
              "Node Type": "Aggregate",
              "Strategy": "Plain",
              "Partial Mode": "Partial",
              "Parent Relationship": "Outer",
              "Parallel Aware": false,
              "Startup Cost": 341193.17,
              "Total Cost": 341193.18,
              "Plan Rows": 1,
              "Plan Width": 8,
              "Actual Startup Time": 969.106,
              "Actual Total Time": 969.108,
              "Actual Rows": 1,
              "Actual Loops": 7,
              "Plans": [
                {
                  "Node Type": "Seq Scan",
                  "Parent Relationship": "Outer",
                  "Parallel Aware": true,
                  "Relation Name": "cast_info",
                  "Alias": "ci",
                  "Startup Cost": 0.0,
                  "Total Cost": 328211.39,
                  "Plan Rows": 5192712,
                  "Plan Width": 0,
                  "Actual Startup Time": 0.062,
                  "Actual Total Time": 742.533,
                  "Actual Rows": 4453471,
                  "Actual Loops": 7,
                  "Filter": "(person_id < 3162289)",
                  "Rows Removed by Filter": 724292
                }
              ]
            }
          ]
        }
      ]
    },
    "Planning Time": 0.21,
    "Triggers": [],
    "Execution Time": 1041.554
  }
]