[
  {
    "Plan": {
      "Node Type": "Aggregate",
      "Strategy": "Plain",
      "Partial Mode": "Finalize",
      "Parallel Aware": false,
      "Startup Cost": 352101.42,
      "Total Cost": 352101.43,
      "Plan Rows": 1,
      "Plan Width": 8,
      "Actual Startup Time": 806.04,
      "Actual Total Time": 869.497,
      "Actual Rows": 1,
      "Actual Loops": 1,
      "Plans": [
        {
          "Node Type": "Gather",
          "Parent Relationship": "Outer",
          "Parallel Aware": false,
          "Startup Cost": 352100.8,
          "Total Cost": 352101.41,
          "Plan Rows": 6,
          "Plan Width": 8,
          "Actual Startup Time": 805.927,
          "Actual Total Time": 869.487,
          "Actual Rows": 7,
          "Actual Loops": 1,
          "Workers Planned": 6,
          "Workers Launched": 6,
          "Single Copy": false,
          "Plans": [
            {
              "Node Type": "Aggregate",
              "Strategy": "Plain",
              "Partial Mode": "Partial",
              "Parent Relationship": "Outer",
              "Parallel Aware": false,
              "Startup Cost": 351100.8,
              "Total Cost": 351100.81,
              "Plan Rows": 1,
              "Plan Width": 8,
              "Actual Startup Time": 796.412,
              "Actual Total Time": 796.413,
              "Actual Rows": 1,
              "Actual Loops": 7,
              "Plans": [
                {
                  "Node Type": "Seq Scan",
                  "Parent Relationship": "Outer",
                  "Parallel Aware": true,
                  "Relation Name": "cast_info",
                  "Alias": "ci",
                  "Startup Cost": 0.0,
                  "Total Cost": 343257.03,
                  "Plan Rows": 3137508,
                  "Plan Width": 0,
                  "Actual Startup Time": 0.053,
                  "Actual Total Time": 670.539,
                  "Actual Rows": 3091645,
                  "Actual Loops": 7,
                  "Filter": "((person_id < 2432624) AND (role_id < 8))",
                  "Rows Removed by Filter": 2086119
                }
              ]
            }
          ]
        }
      ]
    },
    "Planning Time": 0.226,
    "Triggers": [],
    "Execution Time": 869.568
  }
]