[
  {
    "Plan": {
      "Node Type": "Aggregate",
      "Strategy": "Plain",
      "Partial Mode": "Finalize",
      "Parallel Aware": false,
      "Startup Cost": 345470.57,
      "Total Cost": 345470.58,
      "Plan Rows": 1,
      "Plan Width": 8,
      "Actual Startup Time": 654.324,
      "Actual Total Time": 711.298,
      "Actual Rows": 1,
      "Actual Loops": 1,
      "Plans": [
        {
          "Node Type": "Gather",
          "Parent Relationship": "Outer",
          "Parallel Aware": false,
          "Startup Cost": 345469.94,
          "Total Cost": 345470.55,
          "Plan Rows": 6,
          "Plan Width": 8,
          "Actual Startup Time": 654.215,
          "Actual Total Time": 711.288,
          "Actual Rows": 7,
          "Actual Loops": 1,
          "Workers Planned": 6,
          "Workers Launched": 6,
          "Single Copy": false,
          "Plans": [
            {
              "Node Type": "Aggregate",
              "Strategy": "Plain",
              "Partial Mode": "Partial",
              "Parent Relationship": "Outer",
              "Parallel Aware": false,
              "Startup Cost": 344469.94,
              "Total Cost": 344469.95,
              "Plan Rows": 1,
              "Plan Width": 8,
              "Actual Startup Time": 645.422,
              "Actual Total Time": 645.423,
              "Actual Rows": 1,
              "Actual Loops": 7,
              "Plans": [
                {
                  "Node Type": "Seq Scan",
                  "Parent Relationship": "Outer",
                  "Parallel Aware": true,
                  "Relation Name": "cast_info",
                  "Alias": "ci",
                  "Startup Cost": 0.0,
                  "Total Cost": 343257.03,
                  "Plan Rows": 485166,
                  "Plan Width": 0,
                  "Actual Startup Time": 388.041,
                  "Actual Total Time": 607.721,
                  "Actual Rows": 894350,
                  "Actual Loops": 7,
                  "Filter": "((person_id > 3025808) AND (role_id > 2))",
                  "Rows Removed by Filter": 4283413
                }
              ]
            }
          ]
        }
      ]
    },
    "Planning Time": 0.311,
    "Triggers": [],
    "Execution Time": 711.372
  }
]