[
  {
    "Plan": {
      "Node Type": "Aggregate",
      "Strategy": "Plain",
      "Partial Mode": "Finalize",
      "Parallel Aware": false,
      "Startup Cost": 377468.38,
      "Total Cost": 377468.39,
      "Plan Rows": 1,
      "Plan Width": 8,
      "Actual Startup Time": 1235.685,
      "Actual Total Time": 1259.517,
      "Actual Rows": 1,
      "Actual Loops": 1,
      "Plans": [
        {
          "Node Type": "Gather",
          "Parent Relationship": "Outer",
          "Parallel Aware": false,
          "Startup Cost": 377468.17,
          "Total Cost": 377468.38,
          "Plan Rows": 2,
          "Plan Width": 8,
          "Actual Startup Time": 1224.326,
          "Actual Total Time": 1259.507,
          "Actual Rows": 3,
          "Actual Loops": 1,
          "Workers Planned": 2,
          "Workers Launched": 2,
          "Single Copy": false,
          "Plans": [
            {
              "Node Type": "Aggregate",
              "Strategy": "Plain",
              "Partial Mode": "Partial",
              "Parent Relationship": "Outer",
              "Parallel Aware": false,
              "Startup Cost": 376468.17,
              "Total Cost": 376468.18,
              "Plan Rows": 1,
              "Plan Width": 8,
              "Actual Startup Time": 1216.523,
              "Actual Total Time": 1217.624,
              "Actual Rows": 1,
              "Actual Loops": 3,
              "Plans": [
                {
                  "Node Type": "Hash Join",
                  "Parent Relationship": "Outer",
                  "Parallel Aware": true,
                  "Join Type": "Inner",
                  "Startup Cost": 359758.66,
                  "Total Cost": 376034.14,
                  "Plan Rows": 173611,
                  "Plan Width": 0,
                  "Actual Startup Time": 1032.87,
                  "Actual Total Time": 1193.539,
                  "Actual Rows": 603666,
                  "Actual Loops": 3,
                  "Inner Unique": false,
                  "Hash Cond": "(mi_idx.movie_id = t.id)",
                  "Plans": [
                    {
                      "Node Type": "Seq Scan",
                      "Parent Relationship": "Outer",
                      "Parallel Aware": true,
                      "Relation Name": "movie_info_idx",
                      "Alias": "mi_idx",
                      "Startup Cost": 0.0,
                      "Total Cost": 13685.15,
                      "Plan Rows": 575015,
                      "Plan Width": 4,
                      "Actual Startup Time": 0.026,
                      "Actual Total Time": 35.298,
                      "Actual Rows": 460012,
                      "Actual Loops": 3
                    },
                    {
                      "Node Type": "Hash",
                      "Parent Relationship": "Inner",
                      "Parallel Aware": true,
                      "Startup Cost": 357373.17,
                      "Total Cost": 357373.17,
                      "Plan Rows": 190839,
                      "Plan Width": 8,
                      "Actual Startup Time": 1025.936,
                      "Actual Total Time": 1027.036,
                      "Actual Rows": 526952,
                      "Actual Loops": 3,
                      "Hash Buckets": 2097152,
                      "Original Hash Buckets": 1048576,
                      "Hash Batches": 1,
                      "Original Hash Batches": 1,
                      "Peak Memory Usage": 86464,
                      "Plans": [
                        {
                          "Node Type": "Hash Join",
                          "Parent Relationship": "Outer",
                          "Parallel Aware": true,
                          "Join Type": "Inner",
                          "Startup Cost": 308415.65,
                          "Total Cost": 357373.17,
                          "Plan Rows": 190839,
                          "Plan Width": 8,
                          "Actual Startup Time": 385.31,
                          "Actual Total Time": 863.833,
                          "Actual Rows": 526952,
                          "Actual Loops": 3,
                          "Inner Unique": false,
                          "Hash Cond": "(t.id = ci.movie_id)",
                          "Plans": [
                            {
                              "Node Type": "Seq Scan",
                              "Parent Relationship": "Outer",
                              "Parallel Aware": true,
                              "Relation Name": "title",
                              "Alias": "t",
                              "Startup Cost": 0.0,
                              "Total Cost": 42318.73,
                              "Plan Rows": 632073,
                              "Plan Width": 4,
                              "Actual Startup Time": 0.011,
                              "Actual Total Time": 93.917,
                              "Actual Rows": 842771,
                              "Actual Loops": 3
                            },
                            {
                              "Node Type": "Hash",
                              "Parent Relationship": "Inner",
                              "Parallel Aware": true,
                              "Startup Cost": 306825.32,
                              "Total Cost": 306825.32,
                              "Plan Rows": 127226,
                              "Plan Width": 4,
                              "Actual Startup Time": 381.37,
                              "Actual Total Time": 381.372,
                              "Actual Rows": 526952,
                              "Actual Loops": 3,
                              "Hash Buckets": 2097152,
                              "Original Hash Buckets": 1048576,
                              "Hash Batches": 1,
                              "Original Hash Batches": 1,
                              "Peak Memory Usage": 86464,
                              "Plans": [
                                {
                                  "Node Type": "Bitmap Heap Scan",
                                  "Parent Relationship": "Outer",
                                  "Parallel Aware": true,
                                  "Relation Name": "cast_info",
                                  "Alias": "ci",
                                  "Startup Cost": 48596.59,
                                  "Total Cost": 306825.32,
                                  "Plan Rows": 127226,
                                  "Plan Width": 4,
                                  "Actual Startup Time": 82.881,
                                  "Actual Total Time": 208.676,
                                  "Actual Rows": 526952,
                                  "Actual Loops": 3,
                                  "Recheck Cond": "(person_id < 216256)",
                                  "Rows Removed by Index Recheck": 0,
                                  "Filter": "(role_id < 2)",
                                  "Rows Removed by Filter": 212214,
                                  "Exact Heap Blocks": 10005,
                                  "Lossy Heap Blocks": 0,
                                  "Plans": [
                                    {
                                      "Node Type": "Bitmap Index Scan",
                                      "Parent Relationship": "Outer",
                                      "Parallel Aware": false,
                                      "Index Name": "person_id_cast_info",
                                      "Startup Cost": 0.0,
                                      "Total Cost": 48405.76,
                                      "Plan Rows": 2216692,
                                      "Plan Width": 0,
                                      "Actual Startup Time": 79.236,
                                      "Actual Total Time": 79.237,
                                      "Actual Rows": 2217497,
                                      "Actual Loops": 1,
                                      "Index Cond": "(person_id < 216256)"
                                    }
                                  ]
                                }
                              ]
                            }
                          ]
                        }
                      ]
                    }
                  ]
                }
              ]
            }
          ]
        }
      ]
    },
    "Planning Time": 1.322,
    "Triggers": [],
    "Execution Time": 1259.616
  }
]