[
  {
    "Plan": {
      "Node Type": "Aggregate",
      "Strategy": "Plain",
      "Partial Mode": "Finalize",
      "Parallel Aware": false,
      "Startup Cost": 32622.11,
      "Total Cost": 32622.12,
      "Plan Rows": 1,
      "Plan Width": 8,
      "Actual Startup Time": 98.354,
      "Actual Total Time": 106.425,
      "Actual Rows": 1,
      "Actual Loops": 1,
      "Plans": [
        {
          "Node Type": "Gather",
          "Parent Relationship": "Outer",
          "Parallel Aware": false,
          "Startup Cost": 32621.79,
          "Total Cost": 32622.1,
          "Plan Rows": 3,
          "Plan Width": 8,
          "Actual Startup Time": 98.225,
          "Actual Total Time": 106.417,
          "Actual Rows": 4,
          "Actual Loops": 1,
          "Workers Planned": 3,
          "Workers Launched": 3,
          "Single Copy": false,
          "Plans": [
            {
              "Node Type": "Aggregate",
              "Strategy": "Plain",
              "Partial Mode": "Partial",
              "Parent Relationship": "Outer",
              "Parallel Aware": false,
              "Startup Cost": 31621.79,
              "Total Cost": 31621.8,
              "Plan Rows": 1,
              "Plan Width": 8,
              "Actual Startup Time": 90.862,
              "Actual Total Time": 90.864,
              "Actual Rows": 1,
              "Actual Loops": 4,
              "Plans": [
                {
                  "Node Type": "Seq Scan",
                  "Parent Relationship": "Outer",
                  "Parallel Aware": true,
                  "Relation Name": "movie_companies",
                  "Alias": "mc",
                  "Startup Cost": 0.0,
                  "Total Cost": 31414.82,
                  "Plan Rows": 82789,
                  "Plan Width": 0,
                  "Actual Startup Time": 48.417,
                  "Actual Total Time": 84.431,
                  "Actual Rows": 129089,
                  "Actual Loops": 4,
                  "Filter": "((company_id > 73520) AND (company_type_id > 1))",
                  "Rows Removed by Filter": 523193
                }
              ]
            }
          ]
        }
      ]
    },
    "Planning Time": 0.213,
    "Triggers": [],
    "Execution Time": 106.481
  }
]