[
  {
    "Plan": {
      "Node Type": "Aggregate",
      "Strategy": "Plain",
      "Partial Mode": "Finalize",
      "Parallel Aware": false,
      "Startup Cost": 32567.88,
      "Total Cost": 32567.89,
      "Plan Rows": 1,
      "Plan Width": 8,
      "Actual Startup Time": 86.635,
      "Actual Total Time": 92.496,
      "Actual Rows": 1,
      "Actual Loops": 1,
      "Plans": [
        {
          "Node Type": "Gather",
          "Parent Relationship": "Outer",
          "Parallel Aware": false,
          "Startup Cost": 32567.57,
          "Total Cost": 32567.88,
          "Plan Rows": 3,
          "Plan Width": 8,
          "Actual Startup Time": 86.303,
          "Actual Total Time": 92.485,
          "Actual Rows": 4,
          "Actual Loops": 1,
          "Workers Planned": 3,
          "Workers Launched": 3,
          "Single Copy": false,
          "Plans": [
            {
              "Node Type": "Aggregate",
              "Strategy": "Plain",
              "Partial Mode": "Partial",
              "Parent Relationship": "Outer",
              "Parallel Aware": false,
              "Startup Cost": 31567.57,
              "Total Cost": 31567.58,
              "Plan Rows": 1,
              "Plan Width": 8,
              "Actual Startup Time": 80.903,
              "Actual Total Time": 80.905,
              "Actual Rows": 1,
              "Actual Loops": 4,
              "Plans": [
                {
                  "Node Type": "Bitmap Heap Scan",
                  "Parent Relationship": "Outer",
                  "Parallel Aware": true,
                  "Relation Name": "movie_keyword",
                  "Alias": "mk",
                  "Startup Cost": 5792.44,
                  "Total Cost": 31347.38,
                  "Plan Rows": 88075,
                  "Plan Width": 0,
                  "Actual Startup Time": 17.552,
                  "Actual Total Time": 76.513,
                  "Actual Rows": 69804,
                  "Actual Loops": 4,
                  "Recheck Cond": "(keyword_id > 57031)",
                  "Rows Removed by Index Recheck": 0,
                  "Exact Heap Blocks": 8619,
                  "Lossy Heap Blocks": 0,
                  "Plans": [
                    {
                      "Node Type": "Bitmap Index Scan",
                      "Parent Relationship": "Outer",
                      "Parallel Aware": false,
                      "Index Name": "keyword_id_movie_keyword",
                      "Startup Cost": 0.0,
                      "Total Cost": 5724.18,
                      "Plan Rows": 273033,
                      "Plan Width": 0,
                      "Actual Startup Time": 19.327,
                      "Actual Total Time": 19.328,
                      "Actual Rows": 279215,
                      "Actual Loops": 1,
                      "Index Cond": "(keyword_id > 57031)"
                    }
                  ]
                }
              ]
            }
          ]
        }
      ]
    },
    "Planning Time": 0.101,
    "Triggers": [],
    "Execution Time": 92.544
  }
]