[
  {
    "Plan": {
      "Node Type": "Aggregate",
      "Strategy": "Plain",
      "Partial Mode": "Finalize",
      "Parallel Aware": false,
      "Startup Cost": 33004.92,
      "Total Cost": 33004.93,
      "Plan Rows": 1,
      "Plan Width": 8,
      "Actual Startup Time": 93.097,
      "Actual Total Time": 101.162,
      "Actual Rows": 1,
      "Actual Loops": 1,
      "Plans": [
        {
          "Node Type": "Gather",
          "Parent Relationship": "Outer",
          "Parallel Aware": false,
          "Startup Cost": 33004.6,
          "Total Cost": 33004.91,
          "Plan Rows": 3,
          "Plan Width": 8,
          "Actual Startup Time": 92.884,
          "Actual Total Time": 101.078,
          "Actual Rows": 4,
          "Actual Loops": 1,
          "Workers Planned": 3,
          "Workers Launched": 3,
          "Single Copy": false,
          "Plans": [
            {
              "Node Type": "Aggregate",
              "Strategy": "Plain",
              "Partial Mode": "Partial",
              "Parent Relationship": "Outer",
              "Parallel Aware": false,
              "Startup Cost": 32004.6,
              "Total Cost": 32004.61,
              "Plan Rows": 1,
              "Plan Width": 8,
              "Actual Startup Time": 84.414,
              "Actual Total Time": 84.415,
              "Actual Rows": 1,
              "Actual Loops": 4,
              "Plans": [
                {
                  "Node Type": "Seq Scan",
                  "Parent Relationship": "Outer",
                  "Parallel Aware": true,
                  "Relation Name": "movie_companies",
                  "Alias": "mc",
                  "Startup Cost": 0.0,
                  "Total Cost": 31414.82,
                  "Plan Rows": 235913,
                  "Plan Width": 0,
                  "Actual Startup Time": 49.828,
                  "Actual Total Time": 79.796,
                  "Actual Rows": 114876,
                  "Actual Loops": 4,
                  "Filter": "((company_id < 12790) AND (company_type_id > 1))",
                  "Rows Removed by Filter": 537406
                }
              ]
            }
          ]
        }
      ]
    },
    "Planning Time": 0.209,
    "Triggers": [],
    "Execution Time": 101.226
  }
]