[
  {
    "Plan": {
      "Node Type": "Aggregate",
      "Strategy": "Plain",
      "Partial Mode": "Finalize",
      "Parallel Aware": false,
      "Startup Cost": 89938.69,
      "Total Cost": 89938.7,
      "Plan Rows": 1,
      "Plan Width": 8,
      "Actual Startup Time": 369.131,
      "Actual Total Time": 386.578,
      "Actual Rows": 1,
      "Actual Loops": 1,
      "Plans": [
        {
          "Node Type": "Gather",
          "Parent Relationship": "Outer",
          "Parallel Aware": false,
          "Startup Cost": 89938.37,
          "Total Cost": 89938.68,
          "Plan Rows": 3,
          "Plan Width": 8,
          "Actual Startup Time": 367.379,
          "Actual Total Time": 386.566,
          "Actual Rows": 4,
          "Actual Loops": 1,
          "Workers Planned": 3,
          "Workers Launched": 3,
          "Single Copy": false,
          "Plans": [
            {
              "Node Type": "Aggregate",
              "Strategy": "Plain",
              "Partial Mode": "Partial",
              "Parent Relationship": "Outer",
              "Parallel Aware": false,
              "Startup Cost": 88938.37,
              "Total Cost": 88938.38,
              "Plan Rows": 1,
              "Plan Width": 8,
              "Actual Startup Time": 358.718,
              "Actual Total Time": 358.722,
              "Actual Rows": 1,
              "Actual Loops": 4,
              "Plans": [
                {
                  "Node Type": "Hash Join",
                  "Parent Relationship": "Outer",
                  "Parallel Aware": true,
                  "Join Type": "Inner",
                  "Startup Cost": 45876.7,
                  "Total Cost": 88754.78,
                  "Plan Rows": 73438,
                  "Plan Width": 0,
                  "Actual Startup Time": 172.556,
                  "Actual Total Time": 346.778,
                  "Actual Rows": 268646,
                  "Actual Loops": 4,
                  "Inner Unique": true,
                  "Hash Cond": "(mk.movie_id = t.id)",
                  "Plans": [
                    {
                      "Node Type": "Seq Scan",
                      "Parent Relationship": "Outer",
                      "Parallel Aware": true,
                      "Relation Name": "movie_keyword",
                      "Alias": "mk",
                      "Startup Cost": 0.0,
                      "Total Cost": 39047.32,
                      "Plan Rows": 1459332,
                      "Plan Width": 4,
                      "Actual Startup Time": 0.024,
                      "Actual Total Time": 93.146,
                      "Actual Rows": 1130982,
                      "Actual Loops": 4
                    },
                    {
                      "Node Type": "Hash",
                      "Parent Relationship": "Inner",
                      "Parallel Aware": true,
                      "Startup Cost": 45479.1,
                      "Total Cost": 45479.1,
                      "Plan Rows": 31808,
                      "Plan Width": 4,
                      "Actual Startup Time": 133.909,
                      "Actual Total Time": 133.91,
                      "Actual Rows": 66338,
                      "Actual Loops": 4,
                      "Hash Buckets": 524288,
                      "Original Hash Buckets": 131072,
                      "Hash Batches": 1,
                      "Original Hash Batches": 1,
                      "Peak Memory Usage": 17664,
                      "Plans": [
                        {
                          "Node Type": "Seq Scan",
                          "Parent Relationship": "Outer",
                          "Parallel Aware": true,
                          "Relation Name": "title",
                          "Alias": "t",
                          "Startup Cost": 0.0,
                          "Total Cost": 45479.1,
                          "Plan Rows": 31808,
                          "Plan Width": 4,
                          "Actual Startup Time": 61.058,
                          "Actual Total Time": 101.785,
                          "Actual Rows": 66338,
                          "Actual Loops": 4,
                          "Filter": "((production_year < 1979) AND (kind_id = 1))",
                          "Rows Removed by Filter": 565740
                        }
                      ]
                    }
                  ]
                }
              ]
            }
          ]
        }
      ]
    },
    "Planning Time": 0.646,
    "Triggers": [],
    "Execution Time": 386.657
  }
]