{
  "Plan": {
    "Node Type": "Aggregate",
    "Strategy": "Plain",
    "Partial Mode": "Finalize",
    "Parallel Aware": false,
    "Startup Cost": 104568.25,
    "Total Cost": 104568.26,
    "Plan Rows": 1,
    "Plan Width": 8,
    "Actual Startup Time": 682.706,
    "Actual Total Time": 703.704,
    "Actual Rows": 1,
    "Actual Loops": 1,
    "Plans": [
      {
        "Node Type": "Gather",
        "Parent Relationship": "Outer",
        "Parallel Aware": false,
        "Startup Cost": 104568.14,
        "Total Cost": 104568.25,
        "Plan Rows": 1,
        "Plan Width": 8,
        "Actual Startup Time": 676.191,
        "Actual Total Time": 703.695,
        "Actual Rows": 2,
        "Actual Loops": 1,
        "Workers Planned": 1,
        "Workers Launched": 1,
        "Single Copy": false,
        "Plans": [
          {
            "Node Type": "Aggregate",
            "Strategy": "Plain",
            "Partial Mode": "Partial",
            "Parent Relationship": "Outer",
            "Parallel Aware": false,
            "Startup Cost": 103568.14,
            "Total Cost": 103568.15,
            "Plan Rows": 1,
            "Plan Width": 8,
            "Actual Startup Time": 664.422,
            "Actual Total Time": 664.426,
            "Actual Rows": 1,
            "Actual Loops": 2,
            "Plans": [
              {
                "Node Type": "Hash Join",
                "Parent Relationship": "Outer",
                "Parallel Aware": true,
                "Join Type": "Inner",
                "Startup Cost": 75945.64,
                "Total Cost": 103118.71,
                "Plan Rows": 179773,
                "Plan Width": 0,
                "Actual Startup Time": 546.44,
                "Actual Total Time": 657.262,
                "Actual Rows": 159986,
                "Actual Loops": 2,
                "Inner Unique": true,
                "Hash Cond": "(mk.movie_id = t.id)",
                "Plans": [
                  {
                    "Node Type": "Bitmap Heap Scan",
                    "Parent Relationship": "Outer",
                    "Parallel Aware": true,
                    "Relation Name": "movie_keyword",
                    "Alias": "mk",
                    "Startup Cost": 6484.94,
                    "Total Cost": 33186.1,
                    "Plan Rows": 179773,
                    "Plan Width": 4,
                    "Actual Startup Time": 18.871,
                    "Actual Total Time": 73.453,
                    "Actual Rows": 159986,
                    "Actual Loops": 2,
                    "Recheck Cond": "(keyword_id < 255)",
                    "Rows Removed by Index Recheck": 0,
                    "Exact Heap Blocks": 13936,
                    "Lossy Heap Blocks": 0,
                    "Plans": [
                      {
                        "Node Type": "Bitmap Index Scan",
                        "Parent Relationship": "Outer",
                        "Parallel Aware": false,
                        "Index Name": "keyword_id_movie_keyword",
                        "Startup Cost": 0.0,
                        "Total Cost": 6408.54,
                        "Plan Rows": 305614,
                        "Plan Width": 0,
                        "Actual Startup Time": 15.355,
                        "Actual Total Time": 15.356,
                        "Actual Rows": 319973,
                        "Actual Loops": 1,
                        "Index Cond": "(keyword_id < 255)"
                      }
                    ]
                  },
                  {
                    "Node Type": "Hash",
                    "Parent Relationship": "Inner",
                    "Parallel Aware": true,
                    "Startup Cost": 50870.31,
                    "Total Cost": 50870.31,
                    "Plan Rows": 1487231,
                    "Plan Width": 4,
                    "Actual Startup Time": 505.621,
                    "Actual Total Time": 505.622,
                    "Actual Rows": 1264156,
                    "Actual Loops": 2,
                    "Hash Buckets": 4194304,
                    "Original Hash Buckets": 4194304,
                    "Hash Batches": 1,
                    "Original Hash Batches": 1,
                    "Peak Memory Usage": 131680,
                    "Plans": [
                      {
                        "Node Type": "Seq Scan",
                        "Parent Relationship": "Outer",
                        "Parallel Aware": true,
                        "Relation Name": "title",
                        "Alias": "t",
                        "Startup Cost": 0.0,
                        "Total Cost": 50870.31,
                        "Plan Rows": 1487231,
                        "Plan Width": 4,
                        "Actual Startup Time": 0.024,
                        "Actual Total Time": 151.334,
                        "Actual Rows": 1264156,
                        "Actual Loops": 2
                      }
                    ]
                  }
                ]
              }
            ]
          }
        ]
      }
    ]
  },
  "Planning Time": 0.66,
  "Triggers": [],
  "Execution Time": 703.79
}