[
    {
        "Bao": {
            "Bao prediction": "NaN",
            "Bao recommended hint": "(no hint)"
        }
    },
    {
        "Plan": {
            "Node Type": "Aggregate",
            "Strategy": "Plain",
            "Partial Mode": "Finalize",
            "Parallel Aware": false,
            "Startup Cost": 77694.34,
            "Total Cost": 77694.35,
            "Plan Rows": 1,
            "Plan Width": 8,
            "Actual Startup Time": 388.192,
            "Actual Total Time": 406.487,
            "Actual Rows": 1,
            "Actual Loops": 1,
            "Output": [
                "count(*)"
            ],
            "Plans": [
                {
                    "Node Type": "Gather",
                    "Parent Relationship": "Outer",
                    "Parallel Aware": false,
                    "Startup Cost": 77693.92,
                    "Total Cost": 77694.33,
                    "Plan Rows": 4,
                    "Plan Width": 8,
                    "Actual Startup Time": 375.009,
                    "Actual Total Time": 406.478,
                    "Actual Rows": 5,
                    "Actual Loops": 1,
                    "Output": [
                        "(PARTIAL count(*))"
                    ],
                    "Workers Planned": 4,
                    "Workers Launched": 4,
                    "Single Copy": false,
                    "Plans": [
                        {
                            "Node Type": "Aggregate",
                            "Strategy": "Plain",
                            "Partial Mode": "Partial",
                            "Parent Relationship": "Outer",
                            "Parallel Aware": false,
                            "Startup Cost": 76693.92,
                            "Total Cost": 76693.93,
                            "Plan Rows": 1,
                            "Plan Width": 8,
                            "Actual Startup Time": 357.674,
                            "Actual Total Time": 357.678,
                            "Actual Rows": 1,
                            "Actual Loops": 5,
                            "Output": [
                                "PARTIAL count(*)"
                            ],
                            "Workers": [
                                {
                                    "Worker Number": 0,
                                    "Actual Startup Time": 353.103,
                                    "Actual Total Time": 353.107,
                                    "Actual Rows": 1,
                                    "Actual Loops": 1
                                },
                                {
                                    "Worker Number": 1,
                                    "Actual Startup Time": 353.178,
                                    "Actual Total Time": 353.18,
                                    "Actual Rows": 1,
                                    "Actual Loops": 1
                                },
                                {
                                    "Worker Number": 2,
                                    "Actual Startup Time": 354.503,
                                    "Actual Total Time": 354.505,
                                    "Actual Rows": 1,
                                    "Actual Loops": 1
                                },
                                {
                                    "Worker Number": 3,
                                    "Actual Startup Time": 353.169,
                                    "Actual Total Time": 353.171,
                                    "Actual Rows": 1,
                                    "Actual Loops": 1
                                }
                            ],
                            "Plans": [
                                {
                                    "Node Type": "Hash Join",
                                    "Parent Relationship": "Outer",
                                    "Parallel Aware": true,
                                    "Join Type": "Inner",
                                    "Startup Cost": 50220.37,
                                    "Total Cost": 76579.09,
                                    "Plan Rows": 45932,
                                    "Plan Width": 0,
                                    "Actual Startup Time": 306.783,
                                    "Actual Total Time": 356.56,
                                    "Actual Rows": 18894,
                                    "Actual Loops": 5,
                                    "Inner Unique": true,
                                    "Hash Cond": "(ci.movie_id = t.id)",
                                    "Workers": [
                                        {
                                            "Worker Number": 0,
                                            "Actual Startup Time": 302.585,
                                            "Actual Total Time": 351.917,
                                            "Actual Rows": 14516,
                                            "Actual Loops": 1
                                        },
                                        {
                                            "Worker Number": 1,
                                            "Actual Startup Time": 302.679,
                                            "Actual Total Time": 351.924,
                                            "Actual Rows": 15259,
                                            "Actual Loops": 1
                                        },
                                        {
                                            "Worker Number": 2,
                                            "Actual Startup Time": 302.377,
                                            "Actual Total Time": 353.551,
                                            "Actual Rows": 18974,
                                            "Actual Loops": 1
                                        },
                                        {
                                            "Worker Number": 3,
                                            "Actual Startup Time": 302.578,
                                            "Actual Total Time": 352.088,
                                            "Actual Rows": 21441,
                                            "Actual Loops": 1
                                        }
                                    ],
                                    "Plans": [
                                        {
                                            "Node Type": "Index Scan",
                                            "Parent Relationship": "Outer",
                                            "Parallel Aware": true,
                                            "Scan Direction": "Forward",
                                            "Index Name": "role_id_cast_info",
                                            "Relation Name": "cast_info",
                                            "Schema": "public",
                                            "Alias": "ci",
                                            "Startup Cost": 0.56,
                                            "Total Cost": 26238.71,
                                            "Plan Rows": 45932,
                                            "Plan Width": 4,
                                            "Actual Startup Time": 0.08,
                                            "Actual Total Time": 33.879,
                                            "Actual Rows": 18894,
                                            "Actual Loops": 5,
                                            "Output": [
                                                "ci.id",
                                                "ci.person_id",
                                                "ci.movie_id",
                                                "ci.person_role_id",
                                                "ci.note",
                                                "ci.nr_order",
                                                "ci.role_id"
                                            ],
                                            "Index Cond": "(ci.role_id = 5)",
                                            "Rows Removed by Index Recheck": 0,
                                            "Filter": "(ci.person_id < 706761)",
                                            "Rows Removed by Filter": 160784,
                                            "Workers": [
                                                {
                                                    "Worker Number": 0,
                                                    "Actual Startup Time": 0.094,
                                                    "Actual Total Time": 34.332,
                                                    "Actual Rows": 14516,
                                                    "Actual Loops": 1
                                                },
                                                {
                                                    "Worker Number": 1,
                                                    "Actual Startup Time": 0.141,
                                                    "Actual Total Time": 33.592,
                                                    "Actual Rows": 15259,
                                                    "Actual Loops": 1
                                                },
                                                {
                                                    "Worker Number": 2,
                                                    "Actual Startup Time": 0.064,
                                                    "Actual Total Time": 33.438,
                                                    "Actual Rows": 18974,
                                                    "Actual Loops": 1
                                                },
                                                {
                                                    "Worker Number": 3,
                                                    "Actual Startup Time": 0.066,
                                                    "Actual Total Time": 34.666,
                                                    "Actual Rows": 21441,
                                                    "Actual Loops": 1
                                                }
                                            ]
                                        },
                                        {
                                            "Node Type": "Hash",
                                            "Parent Relationship": "Inner",
                                            "Parallel Aware": true,
                                            "Startup Cost": 42318.81,
                                            "Total Cost": 42318.81,
                                            "Plan Rows": 632080,
                                            "Plan Width": 4,
                                            "Actual Startup Time": 298.241,
                                            "Actual Total Time": 298.242,
                                            "Actual Rows": 505662,
                                            "Actual Loops": 5,
                                            "Output": [
                                                "t.id"
                                            ],
                                            "Hash Buckets": 4194304,
                                            "Original Hash Buckets": 4194304,
                                            "Hash Batches": 1,
                                            "Original Hash Batches": 1,
                                            "Peak Memory Usage": 131776,
                                            "Workers": [
                                                {
                                                    "Worker Number": 0,
                                                    "Actual Startup Time": 301.865,
                                                    "Actual Total Time": 301.866,
                                                    "Actual Rows": 401127,
                                                    "Actual Loops": 1
                                                },
                                                {
                                                    "Worker Number": 1,
                                                    "Actual Startup Time": 301.861,
                                                    "Actual Total Time": 301.862,
                                                    "Actual Rows": 400055,
                                                    "Actual Loops": 1
                                                },
                                                {
                                                    "Worker Number": 2,
                                                    "Actual Startup Time": 301.666,
                                                    "Actual Total Time": 301.667,
                                                    "Actual Rows": 478839,
                                                    "Actual Loops": 1
                                                },
                                                {
                                                    "Worker Number": 3,
                                                    "Actual Startup Time": 301.89,
                                                    "Actual Total Time": 301.891,
                                                    "Actual Rows": 551642,
                                                    "Actual Loops": 1
                                                }
                                            ],
                                            "Plans": [
                                                {
                                                    "Node Type": "Seq Scan",
                                                    "Parent Relationship": "Outer",
                                                    "Parallel Aware": true,
                                                    "Relation Name": "title",
                                                    "Schema": "public",
                                                    "Alias": "t",
                                                    "Startup Cost": 0.0,
                                                    "Total Cost": 42318.81,
                                                    "Plan Rows": 632080,
                                                    "Plan Width": 4,
                                                    "Actual Startup Time": 0.038,
                                                    "Actual Total Time": 86.243,
                                                    "Actual Rows": 505662,
                                                    "Actual Loops": 5,
                                                    "Output": [
                                                        "t.id"
                                                    ],
                                                    "Workers": [
                                                        {
                                                            "Worker Number": 0,
                                                            "Actual Startup Time": 0.046,
                                                            "Actual Total Time": 93.569,
                                                            "Actual Rows": 401127,
                                                            "Actual Loops": 1
                                                        },
                                                        {
                                                            "Worker Number": 1,
                                                            "Actual Startup Time": 0.025,
                                                            "Actual Total Time": 93.875,
                                                            "Actual Rows": 400055,
                                                            "Actual Loops": 1
                                                        },
                                                        {
                                                            "Worker Number": 2,
                                                            "Actual Startup Time": 0.064,
                                                            "Actual Total Time": 82.713,
                                                            "Actual Rows": 478839,
                                                            "Actual Loops": 1
                                                        },
                                                        {
                                                            "Worker Number": 3,
                                                            "Actual Startup Time": 0.044,
                                                            "Actual Total Time": 86.733,
                                                            "Actual Rows": 551642,
                                                            "Actual Loops": 1
                                                        }
                                                    ]
                                                }
                                            ]
                                        }
                                    ]
                                }
                            ]
                        }
                    ]
                }
            ]
        },
        "Planning Time": 217.566,
        "Triggers": [],
        "Execution Time": 406.598
    }
]