[
  {
    "Plan": {
      "Node Type": "Aggregate",
      "Strategy": "Plain",
      "Partial Mode": "Finalize",
      "Parallel Aware": false,
      "Startup Cost": 30650.83,
      "Total Cost": 30650.84,
      "Plan Rows": 1,
      "Plan Width": 8,
      "Actual Startup Time": 91.673,
      "Actual Total Time": 99.491,
      "Actual Rows": 1,
      "Actual Loops": 1,
      "Plans": [
        {
          "Node Type": "Gather",
          "Parent Relationship": "Outer",
          "Parallel Aware": false,
          "Startup Cost": 30650.51,
          "Total Cost": 30650.82,
          "Plan Rows": 3,
          "Plan Width": 8,
          "Actual Startup Time": 91.555,
          "Actual Total Time": 99.481,
          "Actual Rows": 4,
          "Actual Loops": 1,
          "Workers Planned": 3,
          "Workers Launched": 3,
          "Single Copy": false,
          "Plans": [
            {
              "Node Type": "Aggregate",
              "Strategy": "Plain",
              "Partial Mode": "Partial",
              "Parent Relationship": "Outer",
              "Parallel Aware": false,
              "Startup Cost": 29650.51,
              "Total Cost": 29650.52,
              "Plan Rows": 1,
              "Plan Width": 8,
              "Actual Startup Time": 85.59,
              "Actual Total Time": 85.591,
              "Actual Rows": 1,
              "Actual Loops": 4,
              "Plans": [
                {
                  "Node Type": "Seq Scan",
                  "Parent Relationship": "Outer",
                  "Parallel Aware": true,
                  "Relation Name": "movie_companies",
                  "Alias": "mc",
                  "Startup Cost": 0.0,
                  "Total Cost": 29310.68,
                  "Plan Rows": 135931,
                  "Plan Width": 0,
                  "Actual Startup Time": 0.032,
                  "Actual Total Time": 77.53,
                  "Actual Rows": 105068,
                  "Actual Loops": 4,
                  "Filter": "(company_id < 294)",
                  "Rows Removed by Filter": 547214
                }
              ]
            }
          ]
        }
      ]
    },
    "Planning Time": 0.185,
    "Triggers": [],
    "Execution Time": 99.547
  }
]