{
  "Plan": {
    "Node Type": "Aggregate",
    "Strategy": "Plain",
    "Partial Mode": "Finalize",
    "Parallel Aware": false,
    "Startup Cost": 91439.87,
    "Total Cost": 91439.88,
    "Plan Rows": 1,
    "Plan Width": 8,
    "Actual Startup Time": 541.001,
    "Actual Total Time": 555.028,
    "Actual Rows": 1,
    "Actual Loops": 1,
    "Plans": [
      {
        "Node Type": "Gather",
        "Parent Relationship": "Outer",
        "Parallel Aware": false,
        "Startup Cost": 91439.75,
        "Total Cost": 91439.86,
        "Plan Rows": 1,
        "Plan Width": 8,
        "Actual Startup Time": 539.524,
        "Actual Total Time": 555.015,
        "Actual Rows": 2,
        "Actual Loops": 1,
        "Workers Planned": 1,
        "Workers Launched": 1,
        "Single Copy": false,
        "Plans": [
          {
            "Node Type": "Aggregate",
            "Strategy": "Plain",
            "Partial Mode": "Partial",
            "Parent Relationship": "Outer",
            "Parallel Aware": false,
            "Startup Cost": 90439.75,
            "Total Cost": 90439.76,
            "Plan Rows": 1,
            "Plan Width": 8,
            "Actual Startup Time": 528.202,
            "Actual Total Time": 528.401,
            "Actual Rows": 1,
            "Actual Loops": 2,
            "Plans": [
              {
                "Node Type": "Hash Join",
                "Parent Relationship": "Outer",
                "Parallel Aware": true,
                "Join Type": "Inner",
                "Startup Cost": 29489.02,
                "Total Cost": 90205.56,
                "Plan Rows": 93676,
                "Plan Width": 0,
                "Actual Startup Time": 337.579,
                "Actual Total Time": 520.488,
                "Actual Rows": 155864,
                "Actual Loops": 2,
                "Inner Unique": false,
                "Hash Cond": "(t.id = mc.movie_id)",
                "Plans": [
                  {
                    "Node Type": "Seq Scan",
                    "Parent Relationship": "Outer",
                    "Parallel Aware": true,
                    "Relation Name": "title",
                    "Alias": "t",
                    "Startup Cost": 0.0,
                    "Total Cost": 50870.31,
                    "Plan Rows": 1487231,
                    "Plan Width": 4,
                    "Actual Startup Time": 0.012,
                    "Actual Total Time": 143.254,
                    "Actual Rows": 1264156,
                    "Actual Loops": 2
                  },
                  {
                    "Node Type": "Hash",
                    "Parent Relationship": "Inner",
                    "Parallel Aware": true,
                    "Startup Cost": 28318.07,
                    "Total Cost": 28318.07,
                    "Plan Rows": 93676,
                    "Plan Width": 4,
                    "Actual Startup Time": 123.218,
                    "Actual Total Time": 123.22,
                    "Actual Rows": 155864,
                    "Actual Loops": 2,
                    "Hash Buckets": 524288,
                    "Original Hash Buckets": 262144,
                    "Hash Batches": 1,
                    "Original Hash Batches": 1,
                    "Peak Memory Usage": 18368,
                    "Plans": [
                      {
                        "Node Type": "Bitmap Heap Scan",
                        "Parent Relationship": "Outer",
                        "Parallel Aware": true,
                        "Relation Name": "movie_companies",
                        "Alias": "mc",
                        "Startup Cost": 6760.59,
                        "Total Cost": 28318.07,
                        "Plan Rows": 93676,
                        "Plan Width": 4,
                        "Actual Startup Time": 26.206,
                        "Actual Total Time": 72.862,
                        "Actual Rows": 155864,
                        "Actual Loops": 2,
                        "Recheck Cond": "(company_id > 92442)",
                        "Rows Removed by Index Recheck": 0,
                        "Filter": "(company_type_id = 2)",
                        "Rows Removed by Filter": 0,
                        "Exact Heap Blocks": 3322,
                        "Lossy Heap Blocks": 0,
                        "Plans": [
                          {
                            "Node Type": "Bitmap Index Scan",
                            "Parent Relationship": "Outer",
                            "Parallel Aware": false,
                            "Index Name": "company_id_movie_companies",
                            "Startup Cost": 0.0,
                            "Total Cost": 6720.78,
                            "Plan Rows": 313647,
                            "Plan Width": 0,
                            "Actual Startup Time": 33.913,
                            "Actual Total Time": 33.914,
                            "Actual Rows": 311728,
                            "Actual Loops": 1,
                            "Index Cond": "(company_id > 92442)"
                          }
                        ]
                      }
                    ]
                  }
                ]
              }
            ]
          }
        ]
      }
    ]
  },
  "Planning Time": 0.794,
  "Triggers": [],
  "Execution Time": 555.128
}