[
  {
    "Plan": {
      "Node Type": "Aggregate",
      "Strategy": "Plain",
      "Partial Mode": "Finalize",
      "Parallel Aware": false,
      "Startup Cost": 31242.26,
      "Total Cost": 31242.27,
      "Plan Rows": 1,
      "Plan Width": 8,
      "Actual Startup Time": 92.867,
      "Actual Total Time": 98.107,
      "Actual Rows": 1,
      "Actual Loops": 1,
      "Plans": [
        {
          "Node Type": "Gather",
          "Parent Relationship": "Outer",
          "Parallel Aware": false,
          "Startup Cost": 31241.94,
          "Total Cost": 31242.25,
          "Plan Rows": 3,
          "Plan Width": 8,
          "Actual Startup Time": 92.744,
          "Actual Total Time": 98.098,
          "Actual Rows": 4,
          "Actual Loops": 1,
          "Workers Planned": 3,
          "Workers Launched": 3,
          "Single Copy": false,
          "Plans": [
            {
              "Node Type": "Aggregate",
              "Strategy": "Plain",
              "Partial Mode": "Partial",
              "Parent Relationship": "Outer",
              "Parallel Aware": false,
              "Startup Cost": 30241.94,
              "Total Cost": 30241.95,
              "Plan Rows": 1,
              "Plan Width": 8,
              "Actual Startup Time": 87.214,
              "Actual Total Time": 87.215,
              "Actual Rows": 1,
              "Actual Loops": 4,
              "Plans": [
                {
                  "Node Type": "Seq Scan",
                  "Parent Relationship": "Outer",
                  "Parallel Aware": true,
                  "Relation Name": "movie_companies",
                  "Alias": "mc",
                  "Startup Cost": 0.0,
                  "Total Cost": 29310.68,
                  "Plan Rows": 372505,
                  "Plan Width": 0,
                  "Actual Startup Time": 21.115,
                  "Actual Total Time": 75.103,
                  "Actual Rows": 288763,
                  "Actual Loops": 4,
                  "Filter": "(company_id > 13017)",
                  "Rows Removed by Filter": 363519
                }
              ]
            }
          ]
        }
      ]
    },
    "Planning Time": 0.155,
    "Triggers": [],
    "Execution Time": 98.155
  }
]