{
    "Plan": {
        "Node Type": "Aggregate",
        "Strategy": "Plain",
        "Partial Mode": "Finalize",
        "Parallel Aware": false,
        "Startup Cost": 56078.08,
        "Total Cost": 56078.09,
        "Plan Rows": 1,
        "Plan Width": 8,
        "Actual Startup Time": 122.854,
        "Actual Total Time": 140.418,
        "Actual Rows": 1,
        "Actual Loops": 1,
        "Output": [
            "count(*)"
        ],
        "Plans": [
            {
                "Node Type": "Gather",
                "Parent Relationship": "Outer",
                "Parallel Aware": false,
                "Startup Cost": 56077.77,
                "Total Cost": 56078.08,
                "Plan Rows": 3,
                "Plan Width": 8,
                "Actual Startup Time": 122.75,
                "Actual Total Time": 140.41,
                "Actual Rows": 4,
                "Actual Loops": 1,
                "Output": [
                    "(PARTIAL count(*))"
                ],
                "Workers Planned": 3,
                "Workers Launched": 3,
                "Single Copy": false,
                "Plans": [
                    {
                        "Node Type": "Aggregate",
                        "Strategy": "Plain",
                        "Partial Mode": "Partial",
                        "Parent Relationship": "Outer",
                        "Parallel Aware": false,
                        "Startup Cost": 55077.77,
                        "Total Cost": 55077.78,
                        "Plan Rows": 1,
                        "Plan Width": 8,
                        "Actual Startup Time": 116.295,
                        "Actual Total Time": 116.296,
                        "Actual Rows": 1,
                        "Actual Loops": 4,
                        "Output": [
                            "PARTIAL count(*)"
                        ],
                        "Workers": [
                            {
                                "Worker Number": 0,
                                "Actual Startup Time": 114.28,
                                "Actual Total Time": 114.281,
                                "Actual Rows": 1,
                                "Actual Loops": 1
                            },
                            {
                                "Worker Number": 1,
                                "Actual Startup Time": 113.369,
                                "Actual Total Time": 113.371,
                                "Actual Rows": 1,
                                "Actual Loops": 1
                            },
                            {
                                "Worker Number": 2,
                                "Actual Startup Time": 115.331,
                                "Actual Total Time": 115.333,
                                "Actual Rows": 1,
                                "Actual Loops": 1
                            }
                        ],
                        "Plans": [
                            {
                                "Node Type": "Nested Loop",
                                "Parent Relationship": "Outer",
                                "Parallel Aware": false,
                                "Join Type": "Inner",
                                "Startup Cost": 0.43,
                                "Total Cost": 55073.51,
                                "Plan Rows": 1703,
                                "Plan Width": 0,
                                "Actual Startup Time": 0.53,
                                "Actual Total Time": 116.122,
                                "Actual Rows": 1082,
                                "Actual Loops": 4,
                                "Inner Unique": true,
                                "Workers": [
                                    {
                                        "Worker Number": 0,
                                        "Actual Startup Time": 0.298,
                                        "Actual Total Time": 114.088,
                                        "Actual Rows": 984,
                                        "Actual Loops": 1
                                    },
                                    {
                                        "Worker Number": 1,
                                        "Actual Startup Time": 0.573,
                                        "Actual Total Time": 113.19,
                                        "Actual Rows": 907,
                                        "Actual Loops": 1
                                    },
                                    {
                                        "Worker Number": 2,
                                        "Actual Startup Time": 1.011,
                                        "Actual Total Time": 115.15,
                                        "Actual Rows": 948,
                                        "Actual Loops": 1
                                    }
                                ],
                                "Plans": [
                                    {
                                        "Node Type": "Seq Scan",
                                        "Parent Relationship": "Outer",
                                        "Parallel Aware": true,
                                        "Relation Name": "movie_keyword",
                                        "Schema": "public",
                                        "Alias": "mk",
                                        "Startup Cost": 0.0,
                                        "Total Cost": 42695.65,
                                        "Plan Rows": 1703,
                                        "Plan Width": 4,
                                        "Actual Startup Time": 0.379,
                                        "Actual Total Time": 102.978,
                                        "Actual Rows": 1082,
                                        "Actual Loops": 4,
                                        "Output": [
                                            "mk.id",
                                            "mk.movie_id",
                                            "mk.keyword_id"
                                        ],
                                        "Filter": "(mk.keyword_id = 585)",
                                        "Rows Removed by Filter": 1129901,
                                        "Workers": [
                                            {
                                                "Worker Number": 0,
                                                "Actual Startup Time": 0.107,
                                                "Actual Total Time": 99.0,
                                                "Actual Rows": 984,
                                                "Actual Loops": 1
                                            },
                                            {
                                                "Worker Number": 1,
                                                "Actual Startup Time": 0.372,
                                                "Actual Total Time": 97.731,
                                                "Actual Rows": 907,
                                                "Actual Loops": 1
                                            },
                                            {
                                                "Worker Number": 2,
                                                "Actual Startup Time": 0.828,
                                                "Actual Total Time": 100.176,
                                                "Actual Rows": 948,
                                                "Actual Loops": 1
                                            }
                                        ]
                                    },
                                    {
                                        "Node Type": "Index Only Scan",
                                        "Parent Relationship": "Inner",
                                        "Parallel Aware": false,
                                        "Scan Direction": "Forward",
                                        "Index Name": "title_pkey",
                                        "Relation Name": "title",
                                        "Schema": "public",
                                        "Alias": "t",
                                        "Startup Cost": 0.43,
                                        "Total Cost": 7.27,
                                        "Plan Rows": 1,
                                        "Plan Width": 4,
                                        "Actual Startup Time": 0.011,
                                        "Actual Total Time": 0.011,
                                        "Actual Rows": 1,
                                        "Actual Loops": 4326,
                                        "Output": [
                                            "t.id"
                                        ],
                                        "Index Cond": "(t.id = mk.movie_id)",
                                        "Rows Removed by Index Recheck": 0,
                                        "Heap Fetches": 4326,
                                        "Workers": [
                                            {
                                                "Worker Number": 0,
                                                "Actual Startup Time": 0.015,
                                                "Actual Total Time": 0.015,
                                                "Actual Rows": 1,
                                                "Actual Loops": 984
                                            },
                                            {
                                                "Worker Number": 1,
                                                "Actual Startup Time": 0.016,
                                                "Actual Total Time": 0.016,
                                                "Actual Rows": 1,
                                                "Actual Loops": 907
                                            },
                                            {
                                                "Worker Number": 2,
                                                "Actual Startup Time": 0.015,
                                                "Actual Total Time": 0.015,
                                                "Actual Rows": 1,
                                                "Actual Loops": 948
                                            }
                                        ]
                                    }
                                ]
                            }
                        ]
                    }
                ]
            }
        ]
    },
    "Planning Time": 0.683,
    "Triggers": [],
    "Execution Time": 140.484
}