[
  {
    "Plan": {
      "Node Type": "Aggregate",
      "Strategy": "Plain",
      "Partial Mode": "Finalize",
      "Parallel Aware": false,
      "Startup Cost": 405596.44,
      "Total Cost": 405596.45,
      "Plan Rows": 1,
      "Plan Width": 8,
      "Actual Startup Time": 5998.188,
      "Actual Total Time": 6079.974,
      "Actual Rows": 1,
      "Actual Loops": 1,
      "Plans": [
        {
          "Node Type": "Gather",
          "Parent Relationship": "Outer",
          "Parallel Aware": false,
          "Startup Cost": 405596.12,
          "Total Cost": 405596.43,
          "Plan Rows": 3,
          "Plan Width": 8,
          "Actual Startup Time": 5995.934,
          "Actual Total Time": 6079.963,
          "Actual Rows": 4,
          "Actual Loops": 1,
          "Workers Planned": 3,
          "Workers Launched": 3,
          "Single Copy": false,
          "Plans": [
            {
              "Node Type": "Aggregate",
              "Strategy": "Plain",
              "Partial Mode": "Partial",
              "Parent Relationship": "Outer",
              "Parallel Aware": false,
              "Startup Cost": 404596.12,
              "Total Cost": 404596.13,
              "Plan Rows": 1,
              "Plan Width": 8,
              "Actual Startup Time": 5985.761,
              "Actual Total Time": 5985.765,
              "Actual Rows": 1,
              "Actual Loops": 4,
              "Plans": [
                {
                  "Node Type": "Nested Loop",
                  "Parent Relationship": "Outer",
                  "Parallel Aware": false,
                  "Join Type": "Inner",
                  "Startup Cost": 48337.39,
                  "Total Cost": 401192.19,
                  "Plan Rows": 1361572,
                  "Plan Width": 0,
                  "Actual Startup Time": 185.952,
                  "Actual Total Time": 5592.937,
                  "Actual Rows": 8602808,
                  "Actual Loops": 4,
                  "Inner Unique": false,
                  "Plans": [
                    {
                      "Node Type": "Hash Join",
                      "Parent Relationship": "Outer",
                      "Parallel Aware": true,
                      "Join Type": "Inner",
                      "Startup Cost": 48336.82,
                      "Total Cost": 91722.1,
                      "Plan Rows": 95022,
                      "Plan Width": 8,
                      "Actual Startup Time": 185.853,
                      "Actual Total Time": 352.473,
                      "Actual Rows": 158855,
                      "Actual Loops": 4,
                      "Inner Unique": true,
                      "Hash Cond": "(mk.movie_id = t.id)",
                      "Plans": [
                        {
                          "Node Type": "Seq Scan",
                          "Parent Relationship": "Outer",
                          "Parallel Aware": true,
                          "Relation Name": "movie_keyword",
                          "Alias": "mk",
                          "Startup Cost": 0.0,
                          "Total Cost": 42695.65,
                          "Plan Rows": 262712,
                          "Plan Width": 4,
                          "Actual Startup Time": 1.793,
                          "Actual Total Time": 101.49,
                          "Actual Rows": 200565,
                          "Actual Loops": 4,
                          "Filter": "(keyword_id > 23070)",
                          "Rows Removed by Filter": 930417
                        },
                        {
                          "Node Type": "Hash",
                          "Parent Relationship": "Inner",
                          "Parallel Aware": true,
                          "Startup Cost": 45479.1,
                          "Total Cost": 45479.1,
                          "Plan Rows": 228618,
                          "Plan Width": 4,
                          "Actual Startup Time": 179.157,
                          "Actual Total Time": 179.157,
                          "Actual Rows": 212481,
                          "Actual Loops": 4,
                          "Hash Buckets": 1048576,
                          "Original Hash Buckets": 1048576,
                          "Hash Batches": 1,
                          "Original Hash Batches": 1,
                          "Peak Memory Usage": 41504,
                          "Plans": [
                            {
                              "Node Type": "Seq Scan",
                              "Parent Relationship": "Outer",
                              "Parallel Aware": true,
                              "Relation Name": "title",
                              "Alias": "t",
                              "Startup Cost": 0.0,
                              "Total Cost": 45479.1,
                              "Plan Rows": 228618,
                              "Plan Width": 4,
                              "Actual Startup Time": 0.042,
                              "Actual Total Time": 104.247,
                              "Actual Rows": 212481,
                              "Actual Loops": 4,
                              "Filter": "((kind_id < 7) AND (production_year > 1934))",
                              "Rows Removed by Filter": 419597
                            }
                          ]
                        }
                      ]
                    },
                    {
                      "Node Type": "Index Only Scan",
                      "Parent Relationship": "Inner",
                      "Parallel Aware": false,
                      "Scan Direction": "Forward",
                      "Index Name": "movie_id_cast_info",
                      "Relation Name": "cast_info",
                      "Alias": "ci",
                      "Startup Cost": 0.56,
                      "Total Cost": 2.89,
                      "Plan Rows": 37,
                      "Plan Width": 4,
                      "Actual Startup Time": 0.004,
                      "Actual Total Time": 0.029,
                      "Actual Rows": 54,
                      "Actual Loops": 635420,
                      "Index Cond": "(movie_id = t.id)",
                      "Rows Removed by Index Recheck": 0,
                      "Heap Fetches": 34411231
                    }
                  ]
                }
              ]
            }
          ]
        }
      ]
    },
    "Planning Time": 1.362,
    "Triggers": [],
    "Execution Time": 6080.087
  }
]