[
  {
    "Plan": {
      "Node Type": "Aggregate",
      "Strategy": "Plain",
      "Partial Mode": "Finalize",
      "Parallel Aware": false,
      "Startup Cost": 94510.09,
      "Total Cost": 94510.1,
      "Plan Rows": 1,
      "Plan Width": 8,
      "Actual Startup Time": 406.598,
      "Actual Total Time": 423.583,
      "Actual Rows": 1,
      "Actual Loops": 1,
      "Plans": [
        {
          "Node Type": "Gather",
          "Parent Relationship": "Outer",
          "Parallel Aware": false,
          "Startup Cost": 94509.77,
          "Total Cost": 94510.08,
          "Plan Rows": 3,
          "Plan Width": 8,
          "Actual Startup Time": 404.758,
          "Actual Total Time": 423.575,
          "Actual Rows": 4,
          "Actual Loops": 1,
          "Workers Planned": 3,
          "Workers Launched": 3,
          "Single Copy": false,
          "Plans": [
            {
              "Node Type": "Aggregate",
              "Strategy": "Plain",
              "Partial Mode": "Partial",
              "Parent Relationship": "Outer",
              "Parallel Aware": false,
              "Startup Cost": 93509.77,
              "Total Cost": 93509.78,
              "Plan Rows": 1,
              "Plan Width": 8,
              "Actual Startup Time": 392.634,
              "Actual Total Time": 392.64,
              "Actual Rows": 1,
              "Actual Loops": 4,
              "Plans": [
                {
                  "Node Type": "Hash Join",
                  "Parent Relationship": "Outer",
                  "Parallel Aware": true,
                  "Join Type": "Inner",
                  "Startup Cost": 62714.89,
                  "Total Cost": 93347.72,
                  "Plan Rows": 64820,
                  "Plan Width": 0,
                  "Actual Startup Time": 248.384,
                  "Actual Total Time": 388.175,
                  "Actual Rows": 91925,
                  "Actual Loops": 4,
                  "Inner Unique": false,
                  "Hash Cond": "(mc.movie_id = t.id)",
                  "Plans": [
                    {
                      "Node Type": "Seq Scan",
                      "Parent Relationship": "Outer",
                      "Parallel Aware": true,
                      "Relation Name": "movie_companies",
                      "Alias": "mc",
                      "Startup Cost": 0.0,
                      "Total Cost": 27206.55,
                      "Plan Rows": 841655,
                      "Plan Width": 4,
                      "Actual Startup Time": 0.023,
                      "Actual Total Time": 60.423,
                      "Actual Rows": 652282,
                      "Actual Loops": 4
                    },
                    {
                      "Node Type": "Hash",
                      "Parent Relationship": "Inner",
                      "Parallel Aware": true,
                      "Startup Cost": 61700.74,
                      "Total Cost": 61700.74,
                      "Plan Rows": 81132,
                      "Plan Width": 8,
                      "Actual Startup Time": 245.876,
                      "Actual Total Time": 245.88,
                      "Actual Rows": 32032,
                      "Actual Loops": 4,
                      "Hash Buckets": 262144,
                      "Original Hash Buckets": 262144,
                      "Hash Batches": 1,
                      "Original Hash Batches": 1,
                      "Peak Memory Usage": 7104,
                      "Plans": [
                        {
                          "Node Type": "Hash Join",
                          "Parent Relationship": "Outer",
                          "Parallel Aware": true,
                          "Join Type": "Inner",
                          "Startup Cost": 45572.84,
                          "Total Cost": 61700.74,
                          "Plan Rows": 81132,
                          "Plan Width": 8,
                          "Actual Startup Time": 158.301,
                          "Actual Total Time": 235.262,
                          "Actual Rows": 32032,
                          "Actual Loops": 4,
                          "Inner Unique": true,
                          "Hash Cond": "(mi_idx.movie_id = t.id)",
                          "Plans": [
                            {
                              "Node Type": "Seq Scan",
                              "Parent Relationship": "Outer",
                              "Parallel Aware": true,
                              "Relation Name": "movie_info_idx",
                              "Alias": "mi_idx",
                              "Startup Cost": 0.0,
                              "Total Cost": 15122.68,
                              "Plan Rows": 382940,
                              "Plan Width": 4,
                              "Actual Startup Time": 0.031,
                              "Actual Total Time": 36.24,
                              "Actual Rows": 229962,
                              "Actual Loops": 4,
                              "Filter": "(info_type_id < 101)",
                              "Rows Removed by Filter": 115046
                            },
                            {
                              "Node Type": "Hash",
                              "Parent Relationship": "Inner",
                              "Parallel Aware": true,
                              "Startup Cost": 43898.92,
                              "Total Cost": 43898.92,
                              "Plan Rows": 133914,
                              "Plan Width": 4,
                              "Actual Startup Time": 154.594,
                              "Actual Total Time": 154.596,
                              "Actual Rows": 133342,
                              "Actual Loops": 4,
                              "Hash Buckets": 1048576,
                              "Original Hash Buckets": 1048576,
                              "Hash Batches": 1,
                              "Original Hash Batches": 1,
                              "Peak Memory Usage": 29120,
                              "Plans": [
                                {
                                  "Node Type": "Seq Scan",
                                  "Parent Relationship": "Outer",
                                  "Parallel Aware": true,
                                  "Relation Name": "title",
                                  "Alias": "t",
                                  "Startup Cost": 0.0,
                                  "Total Cost": 43898.92,
                                  "Plan Rows": 133914,
                                  "Plan Width": 4,
                                  "Actual Startup Time": 0.049,
                                  "Actual Total Time": 102.274,
                                  "Actual Rows": 133342,
                                  "Actual Loops": 4,
                                  "Filter": "(production_year > 2009)",
                                  "Rows Removed by Filter": 498736
                                }
                              ]
                            }
                          ]
                        }
                      ]
                    }
                  ]
                }
              ]
            }
          ]
        }
      ]
    },
    "Planning Time": 1.396,
    "Triggers": [],
    "Execution Time": 423.668
  }
]