[
    {
        "Bao": {
            "Bao prediction": "NaN",
            "Bao recommended hint": "(no hint)"
        }
    },
    {
        "Plan": {
            "Node Type": "Aggregate",
            "Strategy": "Plain",
            "Partial Mode": "Finalize",
            "Parallel Aware": false,
            "Startup Cost": 33335.1,
            "Total Cost": 33335.11,
            "Plan Rows": 1,
            "Plan Width": 8,
            "Actual Startup Time": 90.644,
            "Actual Total Time": 99.136,
            "Actual Rows": 1,
            "Actual Loops": 1,
            "Output": [
                "count(*)"
            ],
            "Plans": [
                {
                    "Node Type": "Gather",
                    "Parent Relationship": "Outer",
                    "Parallel Aware": false,
                    "Startup Cost": 33334.78,
                    "Total Cost": 33335.09,
                    "Plan Rows": 3,
                    "Plan Width": 8,
                    "Actual Startup Time": 90.226,
                    "Actual Total Time": 99.128,
                    "Actual Rows": 4,
                    "Actual Loops": 1,
                    "Output": [
                        "(PARTIAL count(*))"
                    ],
                    "Workers Planned": 3,
                    "Workers Launched": 3,
                    "Single Copy": false,
                    "Plans": [
                        {
                            "Node Type": "Aggregate",
                            "Strategy": "Plain",
                            "Partial Mode": "Partial",
                            "Parent Relationship": "Outer",
                            "Parallel Aware": false,
                            "Startup Cost": 32334.78,
                            "Total Cost": 32334.79,
                            "Plan Rows": 1,
                            "Plan Width": 8,
                            "Actual Startup Time": 81.67,
                            "Actual Total Time": 81.671,
                            "Actual Rows": 1,
                            "Actual Loops": 4,
                            "Output": [
                                "PARTIAL count(*)"
                            ],
                            "Workers": [
                                {
                                    "Worker Number": 0,
                                    "Actual Startup Time": 78.76,
                                    "Actual Total Time": 78.761,
                                    "Actual Rows": 1,
                                    "Actual Loops": 1
                                },
                                {
                                    "Worker Number": 1,
                                    "Actual Startup Time": 78.914,
                                    "Actual Total Time": 78.916,
                                    "Actual Rows": 1,
                                    "Actual Loops": 1
                                },
                                {
                                    "Worker Number": 2,
                                    "Actual Startup Time": 79.032,
                                    "Actual Total Time": 79.033,
                                    "Actual Rows": 1,
                                    "Actual Loops": 1
                                }
                            ],
                            "Plans": [
                                {
                                    "Node Type": "Bitmap Heap Scan",
                                    "Parent Relationship": "Outer",
                                    "Parallel Aware": true,
                                    "Relation Name": "movie_keyword",
                                    "Schema": "public",
                                    "Alias": "mk",
                                    "Startup Cost": 6416.97,
                                    "Total Cost": 32090.81,
                                    "Plan Rows": 97587,
                                    "Plan Width": 0,
                                    "Actual Startup Time": 14.75,
                                    "Actual Total Time": 76.707,
                                    "Actual Rows": 74829,
                                    "Actual Loops": 4,
                                    "Recheck Cond": "(mk.keyword_id > 53994)",
                                    "Rows Removed by Index Recheck": 0,
                                    "Exact Heap Blocks": 11855,
                                    "Lossy Heap Blocks": 0,
                                    "Workers": [
                                        {
                                            "Worker Number": 0,
                                            "Actual Startup Time": 11.856,
                                            "Actual Total Time": 74.266,
                                            "Actual Rows": 47374,
                                            "Actual Loops": 1
                                        },
                                        {
                                            "Worker Number": 1,
                                            "Actual Startup Time": 12.211,
                                            "Actual Total Time": 74.78,
                                            "Actual Rows": 41745,
                                            "Actual Loops": 1
                                        },
                                        {
                                            "Worker Number": 2,
                                            "Actual Startup Time": 12.101,
                                            "Actual Total Time": 74.46,
                                            "Actual Rows": 47613,
                                            "Actual Loops": 1
                                        }
                                    ],
                                    "Plans": [
                                        {
                                            "Node Type": "Bitmap Index Scan",
                                            "Parent Relationship": "Outer",
                                            "Parallel Aware": false,
                                            "Index Name": "keyword_id_movie_keyword",
                                            "Startup Cost": 0.0,
                                            "Total Cost": 6341.34,
                                            "Plan Rows": 302521,
                                            "Plan Width": 0,
                                            "Actual Startup Time": 19.694,
                                            "Actual Total Time": 19.694,
                                            "Actual Rows": 299317,
                                            "Actual Loops": 1,
                                            "Index Cond": "(mk.keyword_id > 53994)"
                                        }
                                    ]
                                }
                            ]
                        }
                    ]
                }
            ]
        },
        "Planning Time": 193.815,
        "Triggers": [],
        "Execution Time": 99.184
    }
]