[
  {
    "Plan": {
      "Node Type": "Aggregate",
      "Strategy": "Plain",
      "Partial Mode": "Finalize",
      "Parallel Aware": false,
      "Startup Cost": 30850.07,
      "Total Cost": 30850.08,
      "Plan Rows": 1,
      "Plan Width": 8,
      "Actual Startup Time": 74.151,
      "Actual Total Time": 82.257,
      "Actual Rows": 1,
      "Actual Loops": 1,
      "Plans": [
        {
          "Node Type": "Gather",
          "Parent Relationship": "Outer",
          "Parallel Aware": false,
          "Startup Cost": 30849.75,
          "Total Cost": 30850.06,
          "Plan Rows": 3,
          "Plan Width": 8,
          "Actual Startup Time": 74.053,
          "Actual Total Time": 82.25,
          "Actual Rows": 4,
          "Actual Loops": 1,
          "Workers Planned": 3,
          "Workers Launched": 3,
          "Single Copy": false,
          "Plans": [
            {
              "Node Type": "Aggregate",
              "Strategy": "Plain",
              "Partial Mode": "Partial",
              "Parent Relationship": "Outer",
              "Parallel Aware": false,
              "Startup Cost": 29849.75,
              "Total Cost": 29849.76,
              "Plan Rows": 1,
              "Plan Width": 8,
              "Actual Startup Time": 70.352,
              "Actual Total Time": 70.353,
              "Actual Rows": 1,
              "Actual Loops": 4,
              "Plans": [
                {
                  "Node Type": "Seq Scan",
                  "Parent Relationship": "Outer",
                  "Parallel Aware": true,
                  "Relation Name": "movie_companies",
                  "Alias": "mc",
                  "Startup Cost": 0.0,
                  "Total Cost": 29310.68,
                  "Plan Rows": 215629,
                  "Plan Width": 0,
                  "Actual Startup Time": 23.184,
                  "Actual Total Time": 63.499,
                  "Actual Rows": 165504,
                  "Actual Loops": 4,
                  "Filter": "(company_id > 52119)",
                  "Rows Removed by Filter": 486778
                }
              ]
            }
          ]
        }
      ]
    },
    "Planning Time": 0.106,
    "Triggers": [],
    "Execution Time": 82.305
  }
]