{
  "Plan": {
    "Node Type": "Aggregate",
    "Strategy": "Plain",
    "Partial Mode": "Finalize",
    "Parallel Aware": false,
    "Startup Cost": 114362.94,
    "Total Cost": 114362.95,
    "Plan Rows": 1,
    "Plan Width": 8,
    "Actual Startup Time": 926.23,
    "Actual Total Time": 1003.113,
    "Actual Rows": 1,
    "Actual Loops": 1,
    "Plans": [
      {
        "Node Type": "Gather",
        "Parent Relationship": "Outer",
        "Parallel Aware": false,
        "Startup Cost": 114362.82,
        "Total Cost": 114362.93,
        "Plan Rows": 1,
        "Plan Width": 8,
        "Actual Startup Time": 923.282,
        "Actual Total Time": 1003.103,
        "Actual Rows": 2,
        "Actual Loops": 1,
        "Workers Planned": 1,
        "Workers Launched": 1,
        "Single Copy": false,
        "Plans": [
          {
            "Node Type": "Aggregate",
            "Strategy": "Plain",
            "Partial Mode": "Partial",
            "Parent Relationship": "Outer",
            "Parallel Aware": false,
            "Startup Cost": 113362.82,
            "Total Cost": 113362.83,
            "Plan Rows": 1,
            "Plan Width": 8,
            "Actual Startup Time": 917.333,
            "Actual Total Time": 917.337,
            "Actual Rows": 1,
            "Actual Loops": 2,
            "Plans": [
              {
                "Node Type": "Nested Loop",
                "Parent Relationship": "Outer",
                "Parallel Aware": false,
                "Join Type": "Inner",
                "Startup Cost": 62408.08,
                "Total Cost": 113084.42,
                "Plan Rows": 111362,
                "Plan Width": 0,
                "Actual Startup Time": 318.366,
                "Actual Total Time": 899.896,
                "Actual Rows": 337023,
                "Actual Loops": 2,
                "Inner Unique": false,
                "Plans": [
                  {
                    "Node Type": "Hash Join",
                    "Parent Relationship": "Outer",
                    "Parallel Aware": true,
                    "Join Type": "Inner",
                    "Startup Cost": 62407.52,
                    "Total Cost": 88429.9,
                    "Plan Rows": 7772,
                    "Plan Width": 8,
                    "Actual Startup Time": 318.274,
                    "Actual Total Time": 354.906,
                    "Actual Rows": 10459,
                    "Actual Loops": 2,
                    "Inner Unique": true,
                    "Hash Cond": "(mk.movie_id = t.id)",
                    "Plans": [
                      {
                        "Node Type": "Bitmap Heap Scan",
                        "Parent Relationship": "Outer",
                        "Parallel Aware": true,
                        "Relation Name": "movie_keyword",
                        "Alias": "mk",
                        "Startup Cost": 737.23,
                        "Total Cost": 26706.06,
                        "Plan Rows": 20402,
                        "Plan Width": 4,
                        "Actual Startup Time": 7.235,
                        "Actual Total Time": 28.879,
                        "Actual Rows": 17355,
                        "Actual Loops": 2,
                        "Recheck Cond": "(keyword_id = 2488)",
                        "Rows Removed by Index Recheck": 0,
                        "Exact Heap Blocks": 8623,
                        "Lossy Heap Blocks": 0,
                        "Plans": [
                          {
                            "Node Type": "Bitmap Index Scan",
                            "Parent Relationship": "Outer",
                            "Parallel Aware": false,
                            "Index Name": "keyword_id_movie_keyword",
                            "Startup Cost": 0.0,
                            "Total Cost": 728.55,
                            "Plan Rows": 34683,
                            "Plan Width": 0,
                            "Actual Startup Time": 4.974,
                            "Actual Total Time": 4.974,
                            "Actual Rows": 34710,
                            "Actual Loops": 1,
                            "Index Cond": "(keyword_id = 2488)"
                          }
                        ]
                      },
                      {
                        "Node Type": "Hash",
                        "Parent Relationship": "Inner",
                        "Parallel Aware": true,
                        "Startup Cost": 54588.39,
                        "Total Cost": 54588.39,
                        "Plan Rows": 566552,
                        "Plan Width": 4,
                        "Actual Startup Time": 301.903,
                        "Actual Total Time": 301.904,
                        "Actual Rows": 485594,
                        "Actual Loops": 2,
                        "Hash Buckets": 1048576,
                        "Original Hash Buckets": 1048576,
                        "Hash Batches": 1,
                        "Original Hash Batches": 1,
                        "Peak Memory Usage": 46208,
                        "Plans": [
                          {
                            "Node Type": "Seq Scan",
                            "Parent Relationship": "Outer",
                            "Parallel Aware": true,
                            "Relation Name": "title",
                            "Alias": "t",
                            "Startup Cost": 0.0,
                            "Total Cost": 54588.39,
                            "Plan Rows": 566552,
                            "Plan Width": 4,
                            "Actual Startup Time": 0.03,
                            "Actual Total Time": 172.339,
                            "Actual Rows": 485594,
                            "Actual Loops": 2,
                            "Filter": "(production_year < 1999)",
                            "Rows Removed by Filter": 778562
                          }
                        ]
                      }
                    ]
                  },
                  {
                    "Node Type": "Index Only Scan",
                    "Parent Relationship": "Inner",
                    "Parallel Aware": false,
                    "Scan Direction": "Forward",
                    "Index Name": "movie_id_cast_info",
                    "Relation Name": "cast_info",
                    "Alias": "ci",
                    "Startup Cost": 0.56,
                    "Total Cost": 2.8,
                    "Plan Rows": 37,
                    "Plan Width": 4,
                    "Actual Startup Time": 0.007,
                    "Actual Total Time": 0.049,
                    "Actual Rows": 32,
                    "Actual Loops": 20918,
                    "Index Cond": "(movie_id = t.id)",
                    "Rows Removed by Index Recheck": 0,
                    "Heap Fetches": 674046
                  }
                ]
              }
            ]
          }
        ]
      }
    ]
  },
  "Planning Time": 0.881,
  "Triggers": [],
  "Execution Time": 1003.231
}