[
  {
    "Plan": {
      "Node Type": "Aggregate",
      "Strategy": "Plain",
      "Partial Mode": "Simple",
      "Parallel Aware": false,
      "Startup Cost": 28681.33,
      "Total Cost": 28681.34,
      "Plan Rows": 1,
      "Plan Width": 8,
      "Actual Startup Time": 74.145,
      "Actual Total Time": 74.148,
      "Actual Rows": 1,
      "Actual Loops": 1,
      "Plans": [
        {
          "Node Type": "Bitmap Heap Scan",
          "Parent Relationship": "Outer",
          "Parallel Aware": false,
          "Relation Name": "movie_keyword",
          "Alias": "mk",
          "Startup Cost": 2476.85,
          "Total Cost": 28389.59,
          "Plan Rows": 116699,
          "Plan Width": 0,
          "Actual Startup Time": 23.978,
          "Actual Total Time": 68.761,
          "Actual Rows": 115900,
          "Actual Loops": 1,
          "Recheck Cond": "(keyword_id > 78904)",
          "Rows Removed by Index Recheck": 0,
          "Exact Heap Blocks": 18081,
          "Lossy Heap Blocks": 0,
          "Plans": [
            {
              "Node Type": "Bitmap Index Scan",
              "Parent Relationship": "Outer",
              "Parallel Aware": false,
              "Index Name": "keyword_id_movie_keyword",
              "Startup Cost": 0.0,
              "Total Cost": 2447.67,
              "Plan Rows": 116699,
              "Plan Width": 0,
              "Actual Startup Time": 18.64,
              "Actual Total Time": 18.641,
              "Actual Rows": 115900,
              "Actual Loops": 1,
              "Index Cond": "(keyword_id > 78904)"
            }
          ]
        }
      ]
    },
    "Planning Time": 0.142,
    "Triggers": [],
    "Execution Time": 74.205
  }
]