[
  {
    "Plan": {
      "Node Type": "Aggregate",
      "Strategy": "Plain",
      "Partial Mode": "Finalize",
      "Parallel Aware": false,
      "Startup Cost": 44985.88,
      "Total Cost": 44985.89,
      "Plan Rows": 1,
      "Plan Width": 8,
      "Actual Startup Time": 90.097,
      "Actual Total Time": 102.198,
      "Actual Rows": 1,
      "Actual Loops": 1,
      "Plans": [
        {
          "Node Type": "Gather",
          "Parent Relationship": "Outer",
          "Parallel Aware": false,
          "Startup Cost": 44985.46,
          "Total Cost": 44985.87,
          "Plan Rows": 4,
          "Plan Width": 8,
          "Actual Startup Time": 89.914,
          "Actual Total Time": 102.185,
          "Actual Rows": 5,
          "Actual Loops": 1,
          "Workers Planned": 4,
          "Workers Launched": 4,
          "Single Copy": false,
          "Plans": [
            {
              "Node Type": "Aggregate",
              "Strategy": "Plain",
              "Partial Mode": "Partial",
              "Parent Relationship": "Outer",
              "Parallel Aware": false,
              "Startup Cost": 43985.46,
              "Total Cost": 43985.47,
              "Plan Rows": 1,
              "Plan Width": 8,
              "Actual Startup Time": 82.916,
              "Actual Total Time": 82.917,
              "Actual Rows": 1,
              "Actual Loops": 5,
              "Plans": [
                {
                  "Node Type": "Seq Scan",
                  "Parent Relationship": "Outer",
                  "Parallel Aware": true,
                  "Relation Name": "title",
                  "Alias": "t",
                  "Startup Cost": 0.0,
                  "Total Cost": 43899.32,
                  "Plan Rows": 34456,
                  "Plan Width": 0,
                  "Actual Startup Time": 13.406,
                  "Actual Total Time": 81.363,
                  "Actual Rows": 29544,
                  "Actual Loops": 5,
                  "Filter": "(production_year < 1943)",
                  "Rows Removed by Filter": 476118
                }
              ]
            }
          ]
        }
      ]
    },
    "Planning Time": 0.07,
    "Triggers": [],
    "Execution Time": 102.227
  }
]