{
    "Plan": {
        "Node Type": "Aggregate",
        "Strategy": "Plain",
        "Partial Mode": "Finalize",
        "Parallel Aware": false,
        "Startup Cost": 400278.25,
        "Total Cost": 400278.26,
        "Plan Rows": 1,
        "Plan Width": 8,
        "Actual Startup Time": 3173.067,
        "Actual Total Time": 3227.077,
        "Actual Rows": 1,
        "Actual Loops": 1,
        "Output": [
            "count(*)"
        ],
        "Plans": [
            {
                "Node Type": "Gather",
                "Parent Relationship": "Outer",
                "Parallel Aware": false,
                "Startup Cost": 400277.62,
                "Total Cost": 400278.23,
                "Plan Rows": 6,
                "Plan Width": 8,
                "Actual Startup Time": 3154.905,
                "Actual Total Time": 3227.066,
                "Actual Rows": 7,
                "Actual Loops": 1,
                "Output": [
                    "(PARTIAL count(*))"
                ],
                "Workers Planned": 6,
                "Workers Launched": 6,
                "Single Copy": false,
                "Plans": [
                    {
                        "Node Type": "Aggregate",
                        "Strategy": "Plain",
                        "Partial Mode": "Partial",
                        "Parent Relationship": "Outer",
                        "Parallel Aware": false,
                        "Startup Cost": 399277.62,
                        "Total Cost": 399277.63,
                        "Plan Rows": 1,
                        "Plan Width": 8,
                        "Actual Startup Time": 3110.025,
                        "Actual Total Time": 3110.028,
                        "Actual Rows": 1,
                        "Actual Loops": 7,
                        "Output": [
                            "PARTIAL count(*)"
                        ],
                        "Workers": [
                            {
                                "Worker Number": 0,
                                "Actual Startup Time": 3104.254,
                                "Actual Total Time": 3104.257,
                                "Actual Rows": 1,
                                "Actual Loops": 1
                            },
                            {
                                "Worker Number": 1,
                                "Actual Startup Time": 3102.382,
                                "Actual Total Time": 3102.386,
                                "Actual Rows": 1,
                                "Actual Loops": 1
                            },
                            {
                                "Worker Number": 2,
                                "Actual Startup Time": 3102.221,
                                "Actual Total Time": 3102.224,
                                "Actual Rows": 1,
                                "Actual Loops": 1
                            },
                            {
                                "Worker Number": 3,
                                "Actual Startup Time": 3102.331,
                                "Actual Total Time": 3102.334,
                                "Actual Rows": 1,
                                "Actual Loops": 1
                            },
                            {
                                "Worker Number": 4,
                                "Actual Startup Time": 3102.472,
                                "Actual Total Time": 3102.475,
                                "Actual Rows": 1,
                                "Actual Loops": 1
                            },
                            {
                                "Worker Number": 5,
                                "Actual Startup Time": 3102.469,
                                "Actual Total Time": 3102.471,
                                "Actual Rows": 1,
                                "Actual Loops": 1
                            }
                        ],
                        "Plans": [
                            {
                                "Node Type": "Hash Join",
                                "Parent Relationship": "Outer",
                                "Parallel Aware": true,
                                "Join Type": "Inner",
                                "Startup Cost": 50219.81,
                                "Total Cost": 389109.73,
                                "Plan Rows": 4067157,
                                "Plan Width": 0,
                                "Actual Startup Time": 387.156,
                                "Actual Total Time": 2922.425,
                                "Actual Rows": 3467516,
                                "Actual Loops": 7,
                                "Inner Unique": true,
                                "Hash Cond": "(ci.movie_id = t.id)",
                                "Workers": [
                                    {
                                        "Worker Number": 0,
                                        "Actual Startup Time": 379.741,
                                        "Actual Total Time": 2901.476,
                                        "Actual Rows": 3232759,
                                        "Actual Loops": 1
                                    },
                                    {
                                        "Worker Number": 1,
                                        "Actual Startup Time": 379.877,
                                        "Actual Total Time": 2913.176,
                                        "Actual Rows": 3183470,
                                        "Actual Loops": 1
                                    },
                                    {
                                        "Worker Number": 2,
                                        "Actual Startup Time": 379.584,
                                        "Actual Total Time": 2910.986,
                                        "Actual Rows": 3035453,
                                        "Actual Loops": 1
                                    },
                                    {
                                        "Worker Number": 3,
                                        "Actual Startup Time": 379.732,
                                        "Actual Total Time": 2899.975,
                                        "Actual Rows": 3205823,
                                        "Actual Loops": 1
                                    },
                                    {
                                        "Worker Number": 4,
                                        "Actual Startup Time": 379.863,
                                        "Actual Total Time": 2911.933,
                                        "Actual Rows": 3018406,
                                        "Actual Loops": 1
                                    },
                                    {
                                        "Worker Number": 5,
                                        "Actual Startup Time": 379.871,
                                        "Actual Total Time": 2945.446,
                                        "Actual Rows": 3941261,
                                        "Actual Loops": 1
                                    }
                                ],
                                "Plans": [
                                    {
                                        "Node Type": "Seq Scan",
                                        "Parent Relationship": "Outer",
                                        "Parallel Aware": true,
                                        "Relation Name": "cast_info",
                                        "Schema": "public",
                                        "Alias": "ci",
                                        "Startup Cost": 0.0,
                                        "Total Cost": 328213.62,
                                        "Plan Rows": 4067157,
                                        "Plan Width": 4,
                                        "Actual Startup Time": 0.042,
                                        "Actual Total Time": 734.665,
                                        "Actual Rows": 3467516,
                                        "Actual Loops": 7,
                                        "Output": [
                                            "ci.id",
                                            "ci.person_id",
                                            "ci.movie_id",
                                            "ci.person_role_id",
                                            "ci.note",
                                            "ci.nr_order",
                                            "ci.role_id"
                                        ],
                                        "Filter": "(ci.person_id < 2491585)",
                                        "Rows Removed by Filter": 1710248,
                                        "Workers": [
                                            {
                                                "Worker Number": 0,
                                                "Actual Startup Time": 0.048,
                                                "Actual Total Time": 780.694,
                                                "Actual Rows": 3232759,
                                                "Actual Loops": 1
                                            },
                                            {
                                                "Worker Number": 1,
                                                "Actual Startup Time": 0.05,
                                                "Actual Total Time": 752.576,
                                                "Actual Rows": 3183470,
                                                "Actual Loops": 1
                                            },
                                            {
                                                "Worker Number": 2,
                                                "Actual Startup Time": 0.044,
                                                "Actual Total Time": 762.764,
                                                "Actual Rows": 3035453,
                                                "Actual Loops": 1
                                            },
                                            {
                                                "Worker Number": 3,
                                                "Actual Startup Time": 0.044,
                                                "Actual Total Time": 778.604,
                                                "Actual Rows": 3205823,
                                                "Actual Loops": 1
                                            },
                                            {
                                                "Worker Number": 4,
                                                "Actual Startup Time": 0.051,
                                                "Actual Total Time": 758.829,
                                                "Actual Rows": 3018406,
                                                "Actual Loops": 1
                                            },
                                            {
                                                "Worker Number": 5,
                                                "Actual Startup Time": 0.041,
                                                "Actual Total Time": 702.423,
                                                "Actual Rows": 3941261,
                                                "Actual Loops": 1
                                            }
                                        ]
                                    },
                                    {
                                        "Node Type": "Hash",
                                        "Parent Relationship": "Inner",
                                        "Parallel Aware": true,
                                        "Startup Cost": 42318.81,
                                        "Total Cost": 42318.81,
                                        "Plan Rows": 632080,
                                        "Plan Width": 4,
                                        "Actual Startup Time": 377.276,
                                        "Actual Total Time": 377.277,
                                        "Actual Rows": 361187,
                                        "Actual Loops": 7,
                                        "Output": [
                                            "t.id"
                                        ],
                                        "Hash Buckets": 4194304,
                                        "Original Hash Buckets": 4194304,
                                        "Hash Batches": 1,
                                        "Original Hash Batches": 1,
                                        "Peak Memory Usage": 131776,
                                        "Workers": [
                                            {
                                                "Worker Number": 0,
                                                "Actual Startup Time": 378.83,
                                                "Actual Total Time": 378.831,
                                                "Actual Rows": 265204,
                                                "Actual Loops": 1
                                            },
                                            {
                                                "Worker Number": 1,
                                                "Actual Startup Time": 378.922,
                                                "Actual Total Time": 378.923,
                                                "Actual Rows": 362784,
                                                "Actual Loops": 1
                                            },
                                            {
                                                "Worker Number": 2,
                                                "Actual Startup Time": 378.691,
                                                "Actual Total Time": 378.692,
                                                "Actual Rows": 344083,
                                                "Actual Loops": 1
                                            },
                                            {
                                                "Worker Number": 3,
                                                "Actual Startup Time": 378.839,
                                                "Actual Total Time": 378.84,
                                                "Actual Rows": 264996,
                                                "Actual Loops": 1
                                            },
                                            {
                                                "Worker Number": 4,
                                                "Actual Startup Time": 379.142,
                                                "Actual Total Time": 379.143,
                                                "Actual Rows": 344714,
                                                "Actual Loops": 1
                                            },
                                            {
                                                "Worker Number": 5,
                                                "Actual Startup Time": 379.111,
                                                "Actual Total Time": 379.112,
                                                "Actual Rows": 355342,
                                                "Actual Loops": 1
                                            }
                                        ],
                                        "Plans": [
                                            {
                                                "Node Type": "Seq Scan",
                                                "Parent Relationship": "Outer",
                                                "Parallel Aware": true,
                                                "Relation Name": "title",
                                                "Schema": "public",
                                                "Alias": "t",
                                                "Startup Cost": 0.0,
                                                "Total Cost": 42318.81,
                                                "Plan Rows": 632080,
                                                "Plan Width": 4,
                                                "Actual Startup Time": 0.058,
                                                "Actual Total Time": 94.44,
                                                "Actual Rows": 361187,
                                                "Actual Loops": 7,
                                                "Output": [
                                                    "t.id"
                                                ],
                                                "Workers": [
                                                    {
                                                        "Worker Number": 0,
                                                        "Actual Startup Time": 0.073,
                                                        "Actual Total Time": 101.868,
                                                        "Actual Rows": 265204,
                                                        "Actual Loops": 1
                                                    },
                                                    {
                                                        "Worker Number": 1,
                                                        "Actual Startup Time": 0.063,
                                                        "Actual Total Time": 94.715,
                                                        "Actual Rows": 362784,
                                                        "Actual Loops": 1
                                                    },
                                                    {
                                                        "Worker Number": 2,
                                                        "Actual Startup Time": 0.061,
                                                        "Actual Total Time": 95.893,
                                                        "Actual Rows": 344083,
                                                        "Actual Loops": 1
                                                    },
                                                    {
                                                        "Worker Number": 3,
                                                        "Actual Startup Time": 0.06,
                                                        "Actual Total Time": 103.711,
                                                        "Actual Rows": 264996,
                                                        "Actual Loops": 1
                                                    },
                                                    {
                                                        "Worker Number": 4,
                                                        "Actual Startup Time": 0.064,
                                                        "Actual Total Time": 96.085,
                                                        "Actual Rows": 344714,
                                                        "Actual Loops": 1
                                                    },
                                                    {
                                                        "Worker Number": 5,
                                                        "Actual Startup Time": 0.068,
                                                        "Actual Total Time": 96.807,
                                                        "Actual Rows": 355342,
                                                        "Actual Loops": 1
                                                    }
                                                ]
                                            }
                                        ]
                                    }
                                ]
                            }
                        ]
                    }
                ]
            }
        ]
    },
    "Planning Time": 0.718,
    "Triggers": [],
    "Execution Time": 3227.158
}