[
    {
        "Bao": {
            "Bao prediction": "NaN",
            "Bao recommended hint": "(no hint)"
        }
    },
    {
        "Plan": {
            "Node Type": "Aggregate",
            "Strategy": "Plain",
            "Partial Mode": "Finalize",
            "Parallel Aware": false,
            "Startup Cost": 85767.32,
            "Total Cost": 85767.33,
            "Plan Rows": 1,
            "Plan Width": 8,
            "Actual Startup Time": 219.857,
            "Actual Total Time": 242.156,
            "Actual Rows": 1,
            "Actual Loops": 1,
            "Output": [
                "count(*)"
            ],
            "Plans": [
                {
                    "Node Type": "Gather",
                    "Parent Relationship": "Outer",
                    "Parallel Aware": false,
                    "Startup Cost": 85766.9,
                    "Total Cost": 85767.31,
                    "Plan Rows": 4,
                    "Plan Width": 8,
                    "Actual Startup Time": 218.164,
                    "Actual Total Time": 242.147,
                    "Actual Rows": 5,
                    "Actual Loops": 1,
                    "Output": [
                        "(PARTIAL count(*))"
                    ],
                    "Workers Planned": 4,
                    "Workers Launched": 4,
                    "Single Copy": false,
                    "Plans": [
                        {
                            "Node Type": "Aggregate",
                            "Strategy": "Plain",
                            "Partial Mode": "Partial",
                            "Parent Relationship": "Outer",
                            "Parallel Aware": false,
                            "Startup Cost": 84766.9,
                            "Total Cost": 84766.91,
                            "Plan Rows": 1,
                            "Plan Width": 8,
                            "Actual Startup Time": 208.508,
                            "Actual Total Time": 208.517,
                            "Actual Rows": 1,
                            "Actual Loops": 5,
                            "Output": [
                                "PARTIAL count(*)"
                            ],
                            "Workers": [
                                {
                                    "Worker Number": 0,
                                    "Actual Startup Time": 205.892,
                                    "Actual Total Time": 205.904,
                                    "Actual Rows": 1,
                                    "Actual Loops": 1
                                },
                                {
                                    "Worker Number": 1,
                                    "Actual Startup Time": 206.155,
                                    "Actual Total Time": 206.158,
                                    "Actual Rows": 1,
                                    "Actual Loops": 1
                                },
                                {
                                    "Worker Number": 2,
                                    "Actual Startup Time": 206.138,
                                    "Actual Total Time": 206.142,
                                    "Actual Rows": 1,
                                    "Actual Loops": 1
                                },
                                {
                                    "Worker Number": 3,
                                    "Actual Startup Time": 206.673,
                                    "Actual Total Time": 206.677,
                                    "Actual Rows": 1,
                                    "Actual Loops": 1
                                }
                            ],
                            "Plans": [
                                {
                                    "Node Type": "Nested Loop",
                                    "Parent Relationship": "Outer",
                                    "Parallel Aware": false,
                                    "Join Type": "Inner",
                                    "Startup Cost": 22652.76,
                                    "Total Cost": 84761.92,
                                    "Plan Rows": 1993,
                                    "Plan Width": 0,
                                    "Actual Startup Time": 46.948,
                                    "Actual Total Time": 208.186,
                                    "Actual Rows": 2706,
                                    "Actual Loops": 5,
                                    "Inner Unique": false,
                                    "Workers": [
                                        {
                                            "Worker Number": 0,
                                            "Actual Startup Time": 44.328,
                                            "Actual Total Time": 205.564,
                                            "Actual Rows": 2489,
                                            "Actual Loops": 1
                                        },
                                        {
                                            "Worker Number": 1,
                                            "Actual Startup Time": 44.903,
                                            "Actual Total Time": 205.784,
                                            "Actual Rows": 1719,
                                            "Actual Loops": 1
                                        },
                                        {
                                            "Worker Number": 2,
                                            "Actual Startup Time": 44.532,
                                            "Actual Total Time": 205.84,
                                            "Actual Rows": 2393,
                                            "Actual Loops": 1
                                        },
                                        {
                                            "Worker Number": 3,
                                            "Actual Startup Time": 45.016,
                                            "Actual Total Time": 206.349,
                                            "Actual Rows": 2505,
                                            "Actual Loops": 1
                                        }
                                    ],
                                    "Plans": [
                                        {
                                            "Node Type": "Hash Join",
                                            "Parent Relationship": "Outer",
                                            "Parallel Aware": true,
                                            "Join Type": "Inner",
                                            "Startup Cost": 22652.33,
                                            "Total Cost": 68544.7,
                                            "Plan Rows": 4108,
                                            "Plan Width": 8,
                                            "Actual Startup Time": 46.798,
                                            "Actual Total Time": 127.077,
                                            "Actual Rows": 2548,
                                            "Actual Loops": 5,
                                            "Output": [
                                                "t.id",
                                                "mc.movie_id"
                                            ],
                                            "Inner Unique": false,
                                            "Hash Cond": "(t.id = mc.movie_id)",
                                            "Workers": [
                                                {
                                                    "Worker Number": 0,
                                                    "Actual Startup Time": 44.146,
                                                    "Actual Total Time": 119.322,
                                                    "Actual Rows": 2345,
                                                    "Actual Loops": 1
                                                },
                                                {
                                                    "Worker Number": 1,
                                                    "Actual Startup Time": 44.715,
                                                    "Actual Total Time": 120.054,
                                                    "Actual Rows": 1610,
                                                    "Actual Loops": 1
                                                },
                                                {
                                                    "Worker Number": 2,
                                                    "Actual Startup Time": 44.413,
                                                    "Actual Total Time": 121.145,
                                                    "Actual Rows": 2253,
                                                    "Actual Loops": 1
                                                },
                                                {
                                                    "Worker Number": 3,
                                                    "Actual Startup Time": 44.868,
                                                    "Actual Total Time": 119.981,
                                                    "Actual Rows": 2373,
                                                    "Actual Loops": 1
                                                }
                                            ],
                                            "Plans": [
                                                {
                                                    "Node Type": "Seq Scan",
                                                    "Parent Relationship": "Outer",
                                                    "Parallel Aware": true,
                                                    "Relation Name": "title",
                                                    "Schema": "public",
                                                    "Alias": "t",
                                                    "Startup Cost": 0.0,
                                                    "Total Cost": 45479.21,
                                                    "Plan Rows": 79984,
                                                    "Plan Width": 4,
                                                    "Actual Startup Time": 0.016,
                                                    "Actual Total Time": 61.381,
                                                    "Actual Rows": 86672,
                                                    "Actual Loops": 5,
                                                    "Output": [
                                                        "t.id",
                                                        "t.title",
                                                        "t.imdb_index",
                                                        "t.kind_id",
                                                        "t.production_year",
                                                        "t.imdb_id",
                                                        "t.phonetic_code",
                                                        "t.episode_of_id",
                                                        "t.season_nr",
                                                        "t.episode_nr",
                                                        "t.series_years",
                                                        "t.md5sum"
                                                    ],
                                                    "Filter": "((t.kind_id < 7) AND (t.production_year < 1995))",
                                                    "Rows Removed by Filter": 418991,
                                                    "Workers": [
                                                        {
                                                            "Worker Number": 0,
                                                            "Actual Startup Time": 0.011,
                                                            "Actual Total Time": 58.141,
                                                            "Actual Rows": 80476,
                                                            "Actual Loops": 1
                                                        },
                                                        {
                                                            "Worker Number": 1,
                                                            "Actual Startup Time": 0.022,
                                                            "Actual Total Time": 59.604,
                                                            "Actual Rows": 56309,
                                                            "Actual Loops": 1
                                                        },
                                                        {
                                                            "Worker Number": 2,
                                                            "Actual Startup Time": 0.011,
                                                            "Actual Total Time": 58.394,
                                                            "Actual Rows": 76729,
                                                            "Actual Loops": 1
                                                        },
                                                        {
                                                            "Worker Number": 3,
                                                            "Actual Startup Time": 0.025,
                                                            "Actual Total Time": 58.006,
                                                            "Actual Rows": 79937,
                                                            "Actual Loops": 1
                                                        }
                                                    ]
                                                },
                                                {
                                                    "Node Type": "Hash",
                                                    "Parent Relationship": "Inner",
                                                    "Parallel Aware": true,
                                                    "Startup Cost": 22128.64,
                                                    "Total Cost": 22128.64,
                                                    "Plan Rows": 41895,
                                                    "Plan Width": 4,
                                                    "Actual Startup Time": 45.932,
                                                    "Actual Total Time": 45.933,
                                                    "Actual Rows": 26961,
                                                    "Actual Loops": 5,
                                                    "Output": [
                                                        "mc.movie_id"
                                                    ],
                                                    "Hash Buckets": 262144,
                                                    "Original Hash Buckets": 131072,
                                                    "Hash Batches": 1,
                                                    "Original Hash Batches": 1,
                                                    "Peak Memory Usage": 8448,
                                                    "Workers": [
                                                        {
                                                            "Worker Number": 0,
                                                            "Actual Startup Time": 43.563,
                                                            "Actual Total Time": 43.564,
                                                            "Actual Rows": 19665,
                                                            "Actual Loops": 1
                                                        },
                                                        {
                                                            "Worker Number": 1,
                                                            "Actual Startup Time": 43.749,
                                                            "Actual Total Time": 43.75,
                                                            "Actual Rows": 18772,
                                                            "Actual Loops": 1
                                                        },
                                                        {
                                                            "Worker Number": 2,
                                                            "Actual Startup Time": 43.881,
                                                            "Actual Total Time": 43.883,
                                                            "Actual Rows": 17022,
                                                            "Actual Loops": 1
                                                        },
                                                        {
                                                            "Worker Number": 3,
                                                            "Actual Startup Time": 44.402,
                                                            "Actual Total Time": 44.403,
                                                            "Actual Rows": 19633,
                                                            "Actual Loops": 1
                                                        }
                                                    ],
                                                    "Plans": [
                                                        {
                                                            "Node Type": "Bitmap Heap Scan",
                                                            "Parent Relationship": "Outer",
                                                            "Parallel Aware": true,
                                                            "Relation Name": "movie_companies",
                                                            "Schema": "public",
                                                            "Alias": "mc",
                                                            "Startup Cost": 2814.95,
                                                            "Total Cost": 22128.64,
                                                            "Plan Rows": 41895,
                                                            "Plan Width": 4,
                                                            "Actual Startup Time": 4.893,
                                                            "Actual Total Time": 28.987,
                                                            "Actual Rows": 26961,
                                                            "Actual Loops": 5,
                                                            "Output": [
                                                                "mc.movie_id"
                                                            ],
                                                            "Recheck Cond": "(mc.company_id < 27)",
                                                            "Rows Removed by Index Recheck": 0,
                                                            "Exact Heap Blocks": 5186,
                                                            "Lossy Heap Blocks": 0,
                                                            "Workers": [
                                                                {
                                                                    "Worker Number": 0,
                                                                    "Actual Startup Time": 2.709,
                                                                    "Actual Total Time": 25.493,
                                                                    "Actual Rows": 19665,
                                                                    "Actual Loops": 1
                                                                },
                                                                {
                                                                    "Worker Number": 1,
                                                                    "Actual Startup Time": 2.83,
                                                                    "Actual Total Time": 29.497,
                                                                    "Actual Rows": 18772,
                                                                    "Actual Loops": 1
                                                                },
                                                                {
                                                                    "Worker Number": 2,
                                                                    "Actual Startup Time": 2.807,
                                                                    "Actual Total Time": 29.243,
                                                                    "Actual Rows": 17022,
                                                                    "Actual Loops": 1
                                                                },
                                                                {
                                                                    "Worker Number": 3,
                                                                    "Actual Startup Time": 3.337,
                                                                    "Actual Total Time": 28.308,
                                                                    "Actual Rows": 19633,
                                                                    "Actual Loops": 1
                                                                }
                                                            ],
                                                            "Plans": [
                                                                {
                                                                    "Node Type": "Bitmap Index Scan",
                                                                    "Parent Relationship": "Outer",
                                                                    "Parallel Aware": false,
                                                                    "Index Name": "company_id_movie_companies",
                                                                    "Startup Cost": 0.0,
                                                                    "Total Cost": 2782.48,
                                                                    "Plan Rows": 129874,
                                                                    "Plan Width": 0,
                                                                    "Actual Startup Time": 10.427,
                                                                    "Actual Total Time": 10.427,
                                                                    "Actual Rows": 134807,
                                                                    "Actual Loops": 1,
                                                                    "Index Cond": "(mc.company_id < 27)"
                                                                }
                                                            ]
                                                        }
                                                    ]
                                                }
                                            ]
                                        },
                                        {
                                            "Node Type": "Index Scan",
                                            "Parent Relationship": "Inner",
                                            "Parallel Aware": false,
                                            "Scan Direction": "Forward",
                                            "Index Name": "movie_id_movie_info",
                                            "Relation Name": "movie_info",
                                            "Schema": "public",
                                            "Alias": "mi",
                                            "Startup Cost": 0.43,
                                            "Total Cost": 3.92,
                                            "Plan Rows": 3,
                                            "Plan Width": 4,
                                            "Actual Startup Time": 0.012,
                                            "Actual Total Time": 0.031,
                                            "Actual Rows": 1,
                                            "Actual Loops": 12739,
                                            "Output": [
                                                "mi.id",
                                                "mi.movie_id",
                                                "mi.info_type_id",
                                                "mi.info",
                                                "mi.note"
                                            ],
                                            "Index Cond": "(mi.movie_id = t.id)",
                                            "Rows Removed by Index Recheck": 0,
                                            "Filter": "(mi.info_type_id = 4)",
                                            "Rows Removed by Filter": 31,
                                            "Workers": [
                                                {
                                                    "Worker Number": 0,
                                                    "Actual Startup Time": 0.015,
                                                    "Actual Total Time": 0.036,
                                                    "Actual Rows": 1,
                                                    "Actual Loops": 2345
                                                },
                                                {
                                                    "Worker Number": 1,
                                                    "Actual Startup Time": 0.02,
                                                    "Actual Total Time": 0.052,
                                                    "Actual Rows": 1,
                                                    "Actual Loops": 1610
                                                },
                                                {
                                                    "Worker Number": 2,
                                                    "Actual Startup Time": 0.015,
                                                    "Actual Total Time": 0.037,
                                                    "Actual Rows": 1,
                                                    "Actual Loops": 2253
                                                },
                                                {
                                                    "Worker Number": 3,
                                                    "Actual Startup Time": 0.015,
                                                    "Actual Total Time": 0.036,
                                                    "Actual Rows": 1,
                                                    "Actual Loops": 2373
                                                }
                                            ]
                                        }
                                    ]
                                }
                            ]
                        }
                    ]
                }
            ]
        },
        "Planning Time": 229.754,
        "Triggers": [],
        "Execution Time": 242.285
    }
]