[
  {
    "Plan": {
      "Node Type": "Aggregate",
      "Strategy": "Plain",
      "Partial Mode": "Finalize",
      "Parallel Aware": false,
      "Startup Cost": 377677.36,
      "Total Cost": 377677.37,
      "Plan Rows": 1,
      "Plan Width": 8,
      "Actual Startup Time": 1822.442,
      "Actual Total Time": 1899.473,
      "Actual Rows": 1,
      "Actual Loops": 1,
      "Plans": [
        {
          "Node Type": "Gather",
          "Parent Relationship": "Outer",
          "Parallel Aware": false,
          "Startup Cost": 377676.74,
          "Total Cost": 377677.35,
          "Plan Rows": 6,
          "Plan Width": 8,
          "Actual Startup Time": 1819.872,
          "Actual Total Time": 1899.458,
          "Actual Rows": 7,
          "Actual Loops": 1,
          "Workers Planned": 6,
          "Workers Launched": 6,
          "Single Copy": false,
          "Plans": [
            {
              "Node Type": "Aggregate",
              "Strategy": "Plain",
              "Partial Mode": "Partial",
              "Parent Relationship": "Outer",
              "Parallel Aware": false,
              "Startup Cost": 376676.74,
              "Total Cost": 376676.75,
              "Plan Rows": 1,
              "Plan Width": 8,
              "Actual Startup Time": 1811.299,
              "Actual Total Time": 1811.332,
              "Actual Rows": 1,
              "Actual Loops": 7,
              "Plans": [
                {
                  "Node Type": "Hash Join",
                  "Parent Relationship": "Outer",
                  "Parallel Aware": true,
                  "Join Type": "Inner",
                  "Startup Cost": 46245.64,
                  "Total Cost": 375212.29,
                  "Plan Rows": 585778,
                  "Plan Width": 0,
                  "Actual Startup Time": 111.142,
                  "Actual Total Time": 1772.651,
                  "Actual Rows": 668088,
                  "Actual Loops": 7,
                  "Inner Unique": true,
                  "Hash Cond": "(ci.movie_id = t.id)",
                  "Plans": [
                    {
                      "Node Type": "Seq Scan",
                      "Parent Relationship": "Outer",
                      "Parallel Aware": true,
                      "Relation Name": "cast_info",
                      "Alias": "ci",
                      "Startup Cost": 0.0,
                      "Total Cost": 313106.51,
                      "Plan Rows": 6041951,
                      "Plan Width": 4,
                      "Actual Startup Time": 0.016,
                      "Actual Total Time": 643.451,
                      "Actual Rows": 5177763,
                      "Actual Loops": 7
                    },
                    {
                      "Node Type": "Hash",
                      "Parent Relationship": "Inner",
                      "Parallel Aware": true,
                      "Startup Cost": 45479.59,
                      "Total Cost": 45479.59,
                      "Plan Rows": 61284,
                      "Plan Width": 4,
                      "Actual Startup Time": 109.858,
                      "Actual Total Time": 109.859,
                      "Actual Rows": 52232,
                      "Actual Loops": 7,
                      "Hash Buckets": 524288,
                      "Original Hash Buckets": 262144,
                      "Hash Batches": 1,
                      "Original Hash Batches": 1,
                      "Peak Memory Usage": 20576,
                      "Plans": [
                        {
                          "Node Type": "Seq Scan",
                          "Parent Relationship": "Outer",
                          "Parallel Aware": true,
                          "Relation Name": "title",
                          "Alias": "t",
                          "Startup Cost": 0.0,
                          "Total Cost": 45479.59,
                          "Plan Rows": 61284,
                          "Plan Width": 4,
                          "Actual Startup Time": 0.075,
                          "Actual Total Time": 77.944,
                          "Actual Rows": 52232,
                          "Actual Loops": 7,
                          "Filter": "((kind_id < 7) AND (production_year < 1988))",
                          "Rows Removed by Filter": 308956
                        }
                      ]
                    }
                  ]
                }
              ]
            }
          ]
        }
      ]
    },
    "Planning Time": 0.225,
    "Triggers": [],
    "Execution Time": 1899.527
  }
]