[
  {
    "Plan": {
      "Node Type": "Aggregate",
      "Strategy": "Plain",
      "Partial Mode": "Finalize",
      "Parallel Aware": false,
      "Startup Cost": 380661.17,
      "Total Cost": 380661.18,
      "Plan Rows": 1,
      "Plan Width": 8,
      "Actual Startup Time": 1838.299,
      "Actual Total Time": 1895.8,
      "Actual Rows": 1,
      "Actual Loops": 1,
      "Plans": [
        {
          "Node Type": "Gather",
          "Parent Relationship": "Outer",
          "Parallel Aware": false,
          "Startup Cost": 380660.54,
          "Total Cost": 380661.15,
          "Plan Rows": 6,
          "Plan Width": 8,
          "Actual Startup Time": 1833.701,
          "Actual Total Time": 1895.782,
          "Actual Rows": 7,
          "Actual Loops": 1,
          "Workers Planned": 6,
          "Workers Launched": 6,
          "Single Copy": false,
          "Plans": [
            {
              "Node Type": "Aggregate",
              "Strategy": "Plain",
              "Partial Mode": "Partial",
              "Parent Relationship": "Outer",
              "Parallel Aware": false,
              "Startup Cost": 379660.54,
              "Total Cost": 379660.55,
              "Plan Rows": 1,
              "Plan Width": 8,
              "Actual Startup Time": 1824.994,
              "Actual Total Time": 1824.998,
              "Actual Rows": 1,
              "Actual Loops": 7,
              "Plans": [
                {
                  "Node Type": "Hash Join",
                  "Parent Relationship": "Outer",
                  "Parallel Aware": true,
                  "Join Type": "Inner",
                  "Startup Cost": 47270.4,
                  "Total Cost": 376237.06,
                  "Plan Rows": 1369394,
                  "Plan Width": 0,
                  "Actual Startup Time": 114.07,
                  "Actual Total Time": 1765.611,
                  "Actual Rows": 1174471,
                  "Actual Loops": 7,
                  "Inner Unique": true,
                  "Hash Cond": "(ci.movie_id = t.id)",
                  "Plans": [
                    {
                      "Node Type": "Seq Scan",
                      "Parent Relationship": "Outer",
                      "Parallel Aware": true,
                      "Relation Name": "cast_info",
                      "Alias": "ci",
                      "Startup Cost": 0.0,
                      "Total Cost": 313106.51,
                      "Plan Rows": 6041951,
                      "Plan Width": 4,
                      "Actual Startup Time": 0.04,
                      "Actual Total Time": 578.229,
                      "Actual Rows": 5177763,
                      "Actual Loops": 7
                    },
                    {
                      "Node Type": "Hash",
                      "Parent Relationship": "Inner",
                      "Parallel Aware": true,
                      "Startup Cost": 45479.59,
                      "Total Cost": 45479.59,
                      "Plan Rows": 143265,
                      "Plan Width": 4,
                      "Actual Startup Time": 111.962,
                      "Actual Total Time": 111.963,
                      "Actual Rows": 65338,
                      "Actual Loops": 7,
                      "Hash Buckets": 1048576,
                      "Original Hash Buckets": 1048576,
                      "Hash Batches": 1,
                      "Original Hash Batches": 1,
                      "Peak Memory Usage": 26208,
                      "Plans": [
                        {
                          "Node Type": "Seq Scan",
                          "Parent Relationship": "Outer",
                          "Parallel Aware": true,
                          "Relation Name": "title",
                          "Alias": "t",
                          "Startup Cost": 0.0,
                          "Total Cost": 45479.59,
                          "Plan Rows": 143265,
                          "Plan Width": 4,
                          "Actual Startup Time": 41.687,
                          "Actual Total Time": 82.408,
                          "Actual Rows": 65338,
                          "Actual Loops": 7,
                          "Filter": "((production_year > 1962) AND (kind_id = 1))",
                          "Rows Removed by Filter": 295850
                        }
                      ]
                    }
                  ]
                }
              ]
            }
          ]
        }
      ]
    },
    "Planning Time": 0.227,
    "Triggers": [],
    "Execution Time": 1895.848
  }
]