{
  "Plan": {
    "Node Type": "Aggregate",
    "Strategy": "Plain",
    "Partial Mode": "Finalize",
    "Parallel Aware": false,
    "Startup Cost": 766530.06,
    "Total Cost": 766530.07,
    "Plan Rows": 1,
    "Plan Width": 8,
    "Actual Startup Time": 6285.171,
    "Actual Total Time": 6368.794,
    "Actual Rows": 1,
    "Actual Loops": 1,
    "Plans": [
      {
        "Node Type": "Gather",
        "Parent Relationship": "Outer",
        "Parallel Aware": false,
        "Startup Cost": 766529.95,
        "Total Cost": 766530.06,
        "Plan Rows": 1,
        "Plan Width": 8,
        "Actual Startup Time": 6280.416,
        "Actual Total Time": 6368.782,
        "Actual Rows": 2,
        "Actual Loops": 1,
        "Workers Planned": 1,
        "Workers Launched": 1,
        "Single Copy": false,
        "Plans": [
          {
            "Node Type": "Aggregate",
            "Strategy": "Plain",
            "Partial Mode": "Partial",
            "Parent Relationship": "Outer",
            "Parallel Aware": false,
            "Startup Cost": 765529.95,
            "Total Cost": 765529.96,
            "Plan Rows": 1,
            "Plan Width": 8,
            "Actual Startup Time": 6274.928,
            "Actual Total Time": 6275.833,
            "Actual Rows": 1,
            "Actual Loops": 2,
            "Plans": [
              {
                "Node Type": "Hash Join",
                "Parent Relationship": "Outer",
                "Parallel Aware": true,
                "Join Type": "Inner",
                "Startup Cost": 130208.17,
                "Total Cost": 749891.71,
                "Plan Rows": 6255297,
                "Plan Width": 0,
                "Actual Startup Time": 875.038,
                "Actual Total Time": 5591.812,
                "Actual Rows": 15790422,
                "Actual Loops": 2,
                "Inner Unique": false,
                "Hash Cond": "(ci.movie_id = t.id)",
                "Plans": [
                  {
                    "Node Type": "Seq Scan",
                    "Parent Relationship": "Outer",
                    "Parallel Aware": true,
                    "Relation Name": "cast_info",
                    "Alias": "ci",
                    "Startup Cost": 0.0,
                    "Total Cost": 519069.44,
                    "Plan Rows": 17018189,
                    "Plan Width": 4,
                    "Actual Startup Time": 168.208,
                    "Actual Total Time": 1632.03,
                    "Actual Rows": 14373474,
                    "Actual Loops": 2,
                    "Filter": "(person_id > 725981)",
                    "Rows Removed by Filter": 3748698
                  },
                  {
                    "Node Type": "Hash",
                    "Parent Relationship": "Inner",
                    "Parallel Aware": true,
                    "Startup Cost": 123374.98,
                    "Total Cost": 123374.98,
                    "Plan Rows": 546655,
                    "Plan Width": 8,
                    "Actual Startup Time": 697.577,
                    "Actual Total Time": 698.479,
                    "Actual Rows": 321046,
                    "Actual Loops": 2,
                    "Hash Buckets": 1048576,
                    "Original Hash Buckets": 1048576,
                    "Hash Batches": 1,
                    "Original Hash Batches": 1,
                    "Peak Memory Usage": 33344,
                    "Plans": [
                      {
                        "Node Type": "Hash Join",
                        "Parent Relationship": "Outer",
                        "Parallel Aware": true,
                        "Join Type": "Inner",
                        "Startup Cost": 62110.21,
                        "Total Cost": 123374.98,
                        "Plan Rows": 546655,
                        "Plan Width": 8,
                        "Actual Startup Time": 298.109,
                        "Actual Total Time": 632.912,
                        "Actual Rows": 321046,
                        "Actual Loops": 2,
                        "Inner Unique": true,
                        "Hash Cond": "(mk.movie_id = t.id)",
                        "Plans": [
                          {
                            "Node Type": "Seq Scan",
                            "Parent Relationship": "Outer",
                            "Parallel Aware": true,
                            "Relation Name": "movie_keyword",
                            "Alias": "mk",
                            "Startup Cost": 0.0,
                            "Total Cost": 57718.19,
                            "Plan Rows": 1351072,
                            "Plan Width": 4,
                            "Actual Startup Time": 0.521,
                            "Actual Total Time": 185.431,
                            "Actual Rows": 1146349,
                            "Actual Loops": 2,
                            "Filter": "(keyword_id > 4590)",
                            "Rows Removed by Filter": 1115616
                          },
                          {
                            "Node Type": "Hash",
                            "Parent Relationship": "Inner",
                            "Parallel Aware": true,
                            "Startup Cost": 54588.39,
                            "Total Cost": 54588.39,
                            "Plan Rows": 601746,
                            "Plan Width": 4,
                            "Actual Startup Time": 292.109,
                            "Actual Total Time": 292.11,
                            "Actual Rows": 506460,
                            "Actual Loops": 2,
                            "Hash Buckets": 1048576,
                            "Original Hash Buckets": 1048576,
                            "Hash Batches": 1,
                            "Original Hash Batches": 1,
                            "Peak Memory Usage": 47840,
                            "Plans": [
                              {
                                "Node Type": "Seq Scan",
                                "Parent Relationship": "Outer",
                                "Parallel Aware": true,
                                "Relation Name": "title",
                                "Alias": "t",
                                "Startup Cost": 0.0,
                                "Total Cost": 54588.39,
                                "Plan Rows": 601746,
                                "Plan Width": 4,
                                "Actual Startup Time": 0.036,
                                "Actual Total Time": 161.644,
                                "Actual Rows": 506460,
                                "Actual Loops": 2,
                                "Filter": "(production_year > 2005)",
                                "Rows Removed by Filter": 757696
                              }
                            ]
                          }
                        ]
                      }
                    ]
                  }
                ]
              }
            ]
          }
        ]
      }
    ]
  },
  "Planning Time": 0.943,
  "Triggers": [],
  "Execution Time": 6368.897
}