[
  {
    "Plan": {
      "Node Type": "Aggregate",
      "Strategy": "Plain",
      "Partial Mode": "Finalize",
      "Parallel Aware": false,
      "Startup Cost": 295774.05,
      "Total Cost": 295774.06,
      "Plan Rows": 1,
      "Plan Width": 8,
      "Actual Startup Time": 3881.47,
      "Actual Total Time": 3968.529,
      "Actual Rows": 1,
      "Actual Loops": 1,
      "Plans": [
        {
          "Node Type": "Gather",
          "Parent Relationship": "Outer",
          "Parallel Aware": false,
          "Startup Cost": 295773.63,
          "Total Cost": 295774.04,
          "Plan Rows": 4,
          "Plan Width": 8,
          "Actual Startup Time": 3879.548,
          "Actual Total Time": 3968.517,
          "Actual Rows": 5,
          "Actual Loops": 1,
          "Workers Planned": 4,
          "Workers Launched": 4,
          "Single Copy": false,
          "Plans": [
            {
              "Node Type": "Aggregate",
              "Strategy": "Plain",
              "Partial Mode": "Partial",
              "Parent Relationship": "Outer",
              "Parallel Aware": false,
              "Startup Cost": 294773.63,
              "Total Cost": 294773.64,
              "Plan Rows": 1,
              "Plan Width": 8,
              "Actual Startup Time": 3869.635,
              "Actual Total Time": 3869.639,
              "Actual Rows": 1,
              "Actual Loops": 5,
              "Plans": [
                {
                  "Node Type": "Nested Loop",
                  "Parent Relationship": "Outer",
                  "Parallel Aware": false,
                  "Join Type": "Inner",
                  "Startup Cost": 17524.17,
                  "Total Cost": 294690.02,
                  "Plan Rows": 33443,
                  "Plan Width": 0,
                  "Actual Startup Time": 73.976,
                  "Actual Total Time": 3866.435,
                  "Actual Rows": 32973,
                  "Actual Loops": 5,
                  "Inner Unique": false,
                  "Plans": [
                    {
                      "Node Type": "Hash Join",
                      "Parent Relationship": "Outer",
                      "Parallel Aware": true,
                      "Join Type": "Inner",
                      "Startup Cost": 17523.61,
                      "Total Cost": 62692.79,
                      "Plan Rows": 115244,
                      "Plan Width": 8,
                      "Actual Startup Time": 72.945,
                      "Actual Total Time": 380.497,
                      "Actual Rows": 92037,
                      "Actual Loops": 5,
                      "Inner Unique": false,
                      "Hash Cond": "(t.id = mi_idx.movie_id)",
                      "Plans": [
                        {
                          "Node Type": "Seq Scan",
                          "Parent Relationship": "Outer",
                          "Parallel Aware": true,
                          "Relation Name": "title",
                          "Alias": "t",
                          "Startup Cost": 0.0,
                          "Total Cost": 42318.73,
                          "Plan Rows": 632073,
                          "Plan Width": 4,
                          "Actual Startup Time": 0.014,
                          "Actual Total Time": 65.153,
                          "Actual Rows": 505662,
                          "Actual Loops": 5
                        },
                        {
                          "Node Type": "Hash",
                          "Parent Relationship": "Inner",
                          "Parallel Aware": true,
                          "Startup Cost": 15122.68,
                          "Total Cost": 15122.68,
                          "Plan Rows": 192074,
                          "Plan Width": 4,
                          "Actual Startup Time": 70.056,
                          "Actual Total Time": 70.057,
                          "Actual Rows": 92037,
                          "Actual Loops": 5,
                          "Hash Buckets": 524288,
                          "Original Hash Buckets": 524288,
                          "Hash Batches": 1,
                          "Original Hash Batches": 1,
                          "Peak Memory Usage": 22176,
                          "Plans": [
                            {
                              "Node Type": "Seq Scan",
                              "Parent Relationship": "Outer",
                              "Parallel Aware": true,
                              "Relation Name": "movie_info_idx",
                              "Alias": "mi_idx",
                              "Startup Cost": 0.0,
                              "Total Cost": 15122.68,
                              "Plan Rows": 192074,
                              "Plan Width": 4,
                              "Actual Startup Time": 0.057,
                              "Actual Total Time": 36.178,
                              "Actual Rows": 92037,
                              "Actual Loops": 5,
                              "Filter": "(info_type_id > 100)",
                              "Rows Removed by Filter": 183970
                            }
                          ]
                        }
                      ]
                    },
                    {
                      "Node Type": "Index Scan",
                      "Parent Relationship": "Inner",
                      "Parallel Aware": false,
                      "Scan Direction": "Forward",
                      "Index Name": "movie_id_cast_info",
                      "Relation Name": "cast_info",
                      "Alias": "ci",
                      "Startup Cost": 0.56,
                      "Total Cost": 2.0,
                      "Plan Rows": 1,
                      "Plan Width": 4,
                      "Actual Startup Time": 0.034,
                      "Actual Total Time": 0.038,
                      "Actual Rows": 0,
                      "Actual Loops": 460185,
                      "Index Cond": "(movie_id = t.id)",
                      "Rows Removed by Index Recheck": 0,
                      "Filter": "((person_id < 275894) AND (role_id > 4))",
                      "Rows Removed by Filter": 29
                    }
                  ]
                }
              ]
            }
          ]
        }
      ]
    },
    "Planning Time": 1.367,
    "Triggers": [],
    "Execution Time": 3968.638
  }
]