[
  {
    "Plan": {
      "Node Type": "Aggregate",
      "Strategy": "Plain",
      "Partial Mode": "Finalize",
      "Parallel Aware": false,
      "Startup Cost": 82929.68,
      "Total Cost": 82929.69,
      "Plan Rows": 1,
      "Plan Width": 8,
      "Actual Startup Time": 319.277,
      "Actual Total Time": 334.231,
      "Actual Rows": 1,
      "Actual Loops": 1,
      "Plans": [
        {
          "Node Type": "Gather",
          "Parent Relationship": "Outer",
          "Parallel Aware": false,
          "Startup Cost": 82929.26,
          "Total Cost": 82929.67,
          "Plan Rows": 4,
          "Plan Width": 8,
          "Actual Startup Time": 314.61,
          "Actual Total Time": 334.222,
          "Actual Rows": 5,
          "Actual Loops": 1,
          "Workers Planned": 4,
          "Workers Launched": 4,
          "Single Copy": false,
          "Plans": [
            {
              "Node Type": "Aggregate",
              "Strategy": "Plain",
              "Partial Mode": "Partial",
              "Parent Relationship": "Outer",
              "Parallel Aware": false,
              "Startup Cost": 81929.26,
              "Total Cost": 81929.27,
              "Plan Rows": 1,
              "Plan Width": 8,
              "Actual Startup Time": 305.212,
              "Actual Total Time": 305.227,
              "Actual Rows": 1,
              "Actual Loops": 5,
              "Plans": [
                {
                  "Node Type": "Hash Join",
                  "Parent Relationship": "Outer",
                  "Parallel Aware": true,
                  "Join Type": "Inner",
                  "Startup Cost": 35130.94,
                  "Total Cost": 81353.26,
                  "Plan Rows": 230400,
                  "Plan Width": 0,
                  "Actual Startup Time": 117.134,
                  "Actual Total Time": 300.108,
                  "Actual Rows": 120376,
                  "Actual Loops": 5,
                  "Inner Unique": false,
                  "Hash Cond": "(t.id = mc.movie_id)",
                  "Plans": [
                    {
                      "Node Type": "Seq Scan",
                      "Parent Relationship": "Outer",
                      "Parallel Aware": true,
                      "Relation Name": "title",
                      "Alias": "t",
                      "Startup Cost": 0.0,
                      "Total Cost": 42318.73,
                      "Plan Rows": 632073,
                      "Plan Width": 4,
                      "Actual Startup Time": 0.01,
                      "Actual Total Time": 62.807,
                      "Actual Rows": 505662,
                      "Actual Loops": 5
                    },
                    {
                      "Node Type": "Hash",
                      "Parent Relationship": "Inner",
                      "Parallel Aware": true,
                      "Startup Cost": 31414.82,
                      "Total Cost": 31414.82,
                      "Plan Rows": 297290,
                      "Plan Width": 4,
                      "Actual Startup Time": 112.967,
                      "Actual Total Time": 112.968,
                      "Actual Rows": 120376,
                      "Actual Loops": 5,
                      "Hash Buckets": 1048576,
                      "Original Hash Buckets": 1048576,
                      "Hash Batches": 1,
                      "Original Hash Batches": 1,
                      "Peak Memory Usage": 31840,
                      "Plans": [
                        {
                          "Node Type": "Seq Scan",
                          "Parent Relationship": "Outer",
                          "Parallel Aware": true,
                          "Relation Name": "movie_companies",
                          "Alias": "mc",
                          "Startup Cost": 0.0,
                          "Total Cost": 31414.82,
                          "Plan Rows": 297290,
                          "Plan Width": 4,
                          "Actual Startup Time": 44.411,
                          "Actual Total Time": 73.292,
                          "Actual Rows": 120376,
                          "Actual Loops": 5,
                          "Filter": "((company_id < 29461) AND (company_type_id > 1))",
                          "Rows Removed by Filter": 401450
                        }
                      ]
                    }
                  ]
                }
              ]
            }
          ]
        }
      ]
    },
    "Planning Time": 0.658,
    "Triggers": [],
    "Execution Time": 334.302
  }
]