[
  {
    "Plan": {
      "Node Type": "Aggregate",
      "Strategy": "Plain",
      "Partial Mode": "Finalize",
      "Parallel Aware": false,
      "Startup Cost": 37938.57,
      "Total Cost": 37938.58,
      "Plan Rows": 1,
      "Plan Width": 8,
      "Actual Startup Time": 135.288,
      "Actual Total Time": 144.43,
      "Actual Rows": 1,
      "Actual Loops": 1,
      "Plans": [
        {
          "Node Type": "Gather",
          "Parent Relationship": "Outer",
          "Parallel Aware": false,
          "Startup Cost": 37938.25,
          "Total Cost": 37938.56,
          "Plan Rows": 3,
          "Plan Width": 8,
          "Actual Startup Time": 134.922,
          "Actual Total Time": 144.42,
          "Actual Rows": 4,
          "Actual Loops": 1,
          "Workers Planned": 3,
          "Workers Launched": 3,
          "Single Copy": false,
          "Plans": [
            {
              "Node Type": "Aggregate",
              "Strategy": "Plain",
              "Partial Mode": "Partial",
              "Parent Relationship": "Outer",
              "Parallel Aware": false,
              "Startup Cost": 36938.25,
              "Total Cost": 36938.26,
              "Plan Rows": 1,
              "Plan Width": 8,
              "Actual Startup Time": 128.876,
              "Actual Total Time": 128.878,
              "Actual Rows": 1,
              "Actual Loops": 4,
              "Plans": [
                {
                  "Node Type": "Bitmap Heap Scan",
                  "Parent Relationship": "Outer",
                  "Parallel Aware": true,
                  "Relation Name": "movie_keyword",
                  "Alias": "mk",
                  "Startup Cost": 10165.81,
                  "Total Cost": 36551.84,
                  "Plan Rows": 154563,
                  "Plan Width": 0,
                  "Actual Startup Time": 46.808,
                  "Actual Total Time": 121.326,
                  "Actual Rows": 118948,
                  "Actual Loops": 4,
                  "Recheck Cond": "(keyword_id > 37538)",
                  "Rows Removed by Index Recheck": 0,
                  "Exact Heap Blocks": 11149,
                  "Lossy Heap Blocks": 0,
                  "Plans": [
                    {
                      "Node Type": "Bitmap Index Scan",
                      "Parent Relationship": "Outer",
                      "Parallel Aware": false,
                      "Index Name": "keyword_id_movie_keyword",
                      "Startup Cost": 0.0,
                      "Total Cost": 10046.02,
                      "Plan Rows": 479145,
                      "Plan Width": 0,
                      "Actual Startup Time": 48.509,
                      "Actual Total Time": 48.509,
                      "Actual Rows": 475793,
                      "Actual Loops": 1,
                      "Index Cond": "(keyword_id > 37538)"
                    }
                  ]
                }
              ]
            }
          ]
        }
      ]
    },
    "Planning Time": 0.185,
    "Triggers": [],
    "Execution Time": 144.505
  }
]