[
  {
    "Plan": {
      "Node Type": "Aggregate",
      "Strategy": "Plain",
      "Partial Mode": "Finalize",
      "Parallel Aware": false,
      "Startup Cost": 77413.44,
      "Total Cost": 77413.45,
      "Plan Rows": 1,
      "Plan Width": 8,
      "Actual Startup Time": 115.041,
      "Actual Total Time": 131.734,
      "Actual Rows": 1,
      "Actual Loops": 1,
      "Plans": [
        {
          "Node Type": "Gather",
          "Parent Relationship": "Outer",
          "Parallel Aware": false,
          "Startup Cost": 77413.02,
          "Total Cost": 77413.43,
          "Plan Rows": 4,
          "Plan Width": 8,
          "Actual Startup Time": 114.74,
          "Actual Total Time": 131.725,
          "Actual Rows": 5,
          "Actual Loops": 1,
          "Workers Planned": 4,
          "Workers Launched": 4,
          "Single Copy": false,
          "Plans": [
            {
              "Node Type": "Aggregate",
              "Strategy": "Plain",
              "Partial Mode": "Partial",
              "Parent Relationship": "Outer",
              "Parallel Aware": false,
              "Startup Cost": 76413.02,
              "Total Cost": 76413.03,
              "Plan Rows": 1,
              "Plan Width": 8,
              "Actual Startup Time": 107.573,
              "Actual Total Time": 107.578,
              "Actual Rows": 1,
              "Actual Loops": 5,
              "Plans": [
                {
                  "Node Type": "Nested Loop",
                  "Parent Relationship": "Outer",
                  "Parallel Aware": false,
                  "Join Type": "Inner",
                  "Startup Cost": 0.86,
                  "Total Cost": 76390.29,
                  "Plan Rows": 9094,
                  "Plan Width": 0,
                  "Actual Startup Time": 0.882,
                  "Actual Total Time": 107.131,
                  "Actual Rows": 6084,
                  "Actual Loops": 5,
                  "Inner Unique": false,
                  "Join Filter": "(t.id = mi.movie_id)",
                  "Rows Removed by Join Filter": 0,
                  "Plans": [
                    {
                      "Node Type": "Nested Loop",
                      "Parent Relationship": "Outer",
                      "Parallel Aware": false,
                      "Join Type": "Inner",
                      "Startup Cost": 0.43,
                      "Total Cost": 72601.19,
                      "Plan Rows": 1549,
                      "Plan Width": 8,
                      "Actual Startup Time": 0.713,
                      "Actual Total Time": 91.312,
                      "Actual Rows": 752,
                      "Actual Loops": 5,
                      "Inner Unique": false,
                      "Plans": [
                        {
                          "Node Type": "Seq Scan",
                          "Parent Relationship": "Outer",
                          "Parallel Aware": true,
                          "Relation Name": "title",
                          "Alias": "t",
                          "Startup Cost": 0.0,
                          "Total Cost": 45479.59,
                          "Plan Rows": 3538,
                          "Plan Width": 4,
                          "Actual Startup Time": 0.053,
                          "Actual Total Time": 76.006,
                          "Actual Rows": 2990,
                          "Actual Loops": 5,
                          "Filter": "((kind_id > 4) AND (production_year = 1992))",
                          "Rows Removed by Filter": 502672
                        },
                        {
                          "Node Type": "Index Scan",
                          "Parent Relationship": "Inner",
                          "Parallel Aware": false,
                          "Scan Direction": "Forward",
                          "Index Name": "movie_id_movie_companies",
                          "Relation Name": "movie_companies",
                          "Alias": "mc",
                          "Startup Cost": 0.43,
                          "Total Cost": 7.65,
                          "Plan Rows": 2,
                          "Plan Width": 4,
                          "Actual Startup Time": 0.005,
                          "Actual Total Time": 0.005,
                          "Actual Rows": 0,
                          "Actual Loops": 14952,
                          "Index Cond": "(movie_id = t.id)",
                          "Rows Removed by Index Recheck": 0,
                          "Filter": "((company_id > 312) AND (company_type_id > 1))",
                          "Rows Removed by Filter": 0
                        }
                      ]
                    },
                    {
                      "Node Type": "Index Only Scan",
                      "Parent Relationship": "Inner",
                      "Parallel Aware": false,
                      "Scan Direction": "Forward",
                      "Index Name": "movie_id_movie_info",
                      "Relation Name": "movie_info",
                      "Alias": "mi",
                      "Startup Cost": 0.43,
                      "Total Cost": 1.93,
                      "Plan Rows": 41,
                      "Plan Width": 4,
                      "Actual Startup Time": 0.008,
                      "Actual Total Time": 0.02,
                      "Actual Rows": 8,
                      "Actual Loops": 3758,
                      "Index Cond": "(movie_id = mc.movie_id)",
                      "Rows Removed by Index Recheck": 0,
                      "Heap Fetches": 30418
                    }
                  ]
                }
              ]
            }
          ]
        }
      ]
    },
    "Planning Time": 0.474,
    "Triggers": [],
    "Execution Time": 131.773
  }
]