[
  {
    "Plan": {
      "Node Type": "Aggregate",
      "Strategy": "Plain",
      "Partial Mode": "Finalize",
      "Parallel Aware": false,
      "Startup Cost": 46396.58,
      "Total Cost": 46396.59,
      "Plan Rows": 1,
      "Plan Width": 8,
      "Actual Startup Time": 184.339,
      "Actual Total Time": 194.441,
      "Actual Rows": 1,
      "Actual Loops": 1,
      "Plans": [
        {
          "Node Type": "Gather",
          "Parent Relationship": "Outer",
          "Parallel Aware": false,
          "Startup Cost": 46396.27,
          "Total Cost": 46396.58,
          "Plan Rows": 3,
          "Plan Width": 8,
          "Actual Startup Time": 184.2,
          "Actual Total Time": 194.433,
          "Actual Rows": 4,
          "Actual Loops": 1,
          "Workers Planned": 3,
          "Workers Launched": 3,
          "Single Copy": false,
          "Plans": [
            {
              "Node Type": "Aggregate",
              "Strategy": "Plain",
              "Partial Mode": "Partial",
              "Parent Relationship": "Outer",
              "Parallel Aware": false,
              "Startup Cost": 45396.27,
              "Total Cost": 45396.28,
              "Plan Rows": 1,
              "Plan Width": 8,
              "Actual Startup Time": 177.14,
              "Actual Total Time": 177.142,
              "Actual Rows": 1,
              "Actual Loops": 4,
              "Plans": [
                {
                  "Node Type": "Seq Scan",
                  "Parent Relationship": "Outer",
                  "Parallel Aware": true,
                  "Relation Name": "movie_keyword",
                  "Alias": "mk",
                  "Startup Cost": 0.0,
                  "Total Cost": 42695.65,
                  "Plan Rows": 1080245,
                  "Plan Width": 0,
                  "Actual Startup Time": 0.052,
                  "Actual Total Time": 133.68,
                  "Actual Rows": 835482,
                  "Actual Loops": 4,
                  "Filter": "(keyword_id < 15771)",
                  "Rows Removed by Filter": 295500
                }
              ]
            }
          ]
        }
      ]
    },
    "Planning Time": 0.184,
    "Triggers": [],
    "Execution Time": 194.499
  }
]