[
  {
    "Plan": {
      "Node Type": "Aggregate",
      "Strategy": "Plain",
      "Partial Mode": "Finalize",
      "Parallel Aware": false,
      "Startup Cost": 336810.55,
      "Total Cost": 336810.56,
      "Plan Rows": 1,
      "Plan Width": 8,
      "Actual Startup Time": 746.903,
      "Actual Total Time": 797.635,
      "Actual Rows": 1,
      "Actual Loops": 1,
      "Plans": [
        {
          "Node Type": "Gather",
          "Parent Relationship": "Outer",
          "Parallel Aware": false,
          "Startup Cost": 336809.92,
          "Total Cost": 336810.53,
          "Plan Rows": 6,
          "Plan Width": 8,
          "Actual Startup Time": 746.715,
          "Actual Total Time": 797.622,
          "Actual Rows": 7,
          "Actual Loops": 1,
          "Workers Planned": 6,
          "Workers Launched": 6,
          "Single Copy": false,
          "Plans": [
            {
              "Node Type": "Aggregate",
              "Strategy": "Plain",
              "Partial Mode": "Partial",
              "Parent Relationship": "Outer",
              "Parallel Aware": false,
              "Startup Cost": 335809.92,
              "Total Cost": 335809.93,
              "Plan Rows": 1,
              "Plan Width": 8,
              "Actual Startup Time": 741.196,
              "Actual Total Time": 741.197,
              "Actual Rows": 1,
              "Actual Loops": 7,
              "Plans": [
                {
                  "Node Type": "Seq Scan",
                  "Parent Relationship": "Outer",
                  "Parallel Aware": true,
                  "Relation Name": "cast_info",
                  "Alias": "ci",
                  "Startup Cost": 0.0,
                  "Total Cost": 328211.39,
                  "Plan Rows": 3039413,
                  "Plan Width": 0,
                  "Actual Startup Time": 201.162,
                  "Actual Total Time": 610.327,
                  "Actual Rows": 2579189,
                  "Actual Loops": 7,
                  "Filter": "(person_id > 1806014)",
                  "Rows Removed by Filter": 2598575
                }
              ]
            }
          ]
        }
      ]
    },
    "Planning Time": 0.069,
    "Triggers": [],
    "Execution Time": 797.669
  }
]