{
  "Plan": {
    "Node Type": "Aggregate",
    "Strategy": "Plain",
    "Partial Mode": "Finalize",
    "Parallel Aware": false,
    "Startup Cost": 333852.61,
    "Total Cost": 333852.62,
    "Plan Rows": 1,
    "Plan Width": 8,
    "Actual Startup Time": 1915.043,
    "Actual Total Time": 1983.568,
    "Actual Rows": 1,
    "Actual Loops": 1,
    "Plans": [
      {
        "Node Type": "Gather",
        "Parent Relationship": "Outer",
        "Parallel Aware": false,
        "Startup Cost": 333852.5,
        "Total Cost": 333852.61,
        "Plan Rows": 1,
        "Plan Width": 8,
        "Actual Startup Time": 1910.767,
        "Actual Total Time": 1983.561,
        "Actual Rows": 2,
        "Actual Loops": 1,
        "Workers Planned": 1,
        "Workers Launched": 1,
        "Single Copy": false,
        "Plans": [
          {
            "Node Type": "Aggregate",
            "Strategy": "Plain",
            "Partial Mode": "Partial",
            "Parent Relationship": "Outer",
            "Parallel Aware": false,
            "Startup Cost": 332852.5,
            "Total Cost": 332852.51,
            "Plan Rows": 1,
            "Plan Width": 8,
            "Actual Startup Time": 1897.513,
            "Actual Total Time": 1897.516,
            "Actual Rows": 1,
            "Actual Loops": 2,
            "Plans": [
              {
                "Node Type": "Nested Loop",
                "Parent Relationship": "Outer",
                "Parallel Aware": false,
                "Join Type": "Inner",
                "Startup Cost": 74326.31,
                "Total Cost": 332373.52,
                "Plan Rows": 191591,
                "Plan Width": 0,
                "Actual Startup Time": 548.021,
                "Actual Total Time": 1876.02,
                "Actual Rows": 427584,
                "Actual Loops": 2,
                "Inner Unique": false,
                "Plans": [
                  {
                    "Node Type": "Hash Join",
                    "Parent Relationship": "Outer",
                    "Parallel Aware": true,
                    "Join Type": "Inner",
                    "Startup Cost": 74325.87,
                    "Total Cost": 100819.59,
                    "Plan Rows": 134857,
                    "Plan Width": 8,
                    "Actual Startup Time": 547.805,
                    "Actual Total Time": 663.955,
                    "Actual Rows": 117945,
                    "Actual Loops": 2,
                    "Inner Unique": true,
                    "Hash Cond": "(mk.movie_id = t.id)",
                    "Plans": [
                      {
                        "Node Type": "Bitmap Heap Scan",
                        "Parent Relationship": "Outer",
                        "Parallel Aware": true,
                        "Relation Name": "movie_keyword",
                        "Alias": "mk",
                        "Startup Cost": 4865.17,
                        "Total Cost": 31004.89,
                        "Plan Rows": 134857,
                        "Plan Width": 4,
                        "Actual Startup Time": 15.524,
                        "Actual Total Time": 66.21,
                        "Actual Rows": 117945,
                        "Actual Loops": 2,
                        "Recheck Cond": "(keyword_id < 196)",
                        "Rows Removed by Index Recheck": 0,
                        "Exact Heap Blocks": 13370,
                        "Lossy Heap Blocks": 0,
                        "Plans": [
                          {
                            "Node Type": "Bitmap Index Scan",
                            "Parent Relationship": "Outer",
                            "Parallel Aware": false,
                            "Index Name": "keyword_id_movie_keyword",
                            "Startup Cost": 0.0,
                            "Total Cost": 4807.86,
                            "Plan Rows": 229257,
                            "Plan Width": 0,
                            "Actual Startup Time": 11.987,
                            "Actual Total Time": 11.987,
                            "Actual Rows": 235890,
                            "Actual Loops": 1,
                            "Index Cond": "(keyword_id < 196)"
                          }
                        ]
                      },
                      {
                        "Node Type": "Hash",
                        "Parent Relationship": "Inner",
                        "Parallel Aware": true,
                        "Startup Cost": 50870.31,
                        "Total Cost": 50870.31,
                        "Plan Rows": 1487231,
                        "Plan Width": 4,
                        "Actual Startup Time": 509.592,
                        "Actual Total Time": 509.592,
                        "Actual Rows": 1264156,
                        "Actual Loops": 2,
                        "Hash Buckets": 4194304,
                        "Original Hash Buckets": 4194304,
                        "Hash Batches": 1,
                        "Original Hash Batches": 1,
                        "Peak Memory Usage": 131712,
                        "Plans": [
                          {
                            "Node Type": "Seq Scan",
                            "Parent Relationship": "Outer",
                            "Parallel Aware": true,
                            "Relation Name": "title",
                            "Alias": "t",
                            "Startup Cost": 0.0,
                            "Total Cost": 50870.31,
                            "Plan Rows": 1487231,
                            "Plan Width": 4,
                            "Actual Startup Time": 0.03,
                            "Actual Total Time": 153.652,
                            "Actual Rows": 1264156,
                            "Actual Loops": 2
                          }
                        ]
                      }
                    ]
                  },
                  {
                    "Node Type": "Index Scan",
                    "Parent Relationship": "Inner",
                    "Parallel Aware": false,
                    "Scan Direction": "Forward",
                    "Index Name": "movie_id_movie_info",
                    "Relation Name": "movie_info",
                    "Alias": "mi",
                    "Startup Cost": 0.43,
                    "Total Cost": 1.62,
                    "Plan Rows": 10,
                    "Plan Width": 4,
                    "Actual Startup Time": 0.004,
                    "Actual Total Time": 0.01,
                    "Actual Rows": 4,
                    "Actual Loops": 235890,
                    "Index Cond": "(movie_id = t.id)",
                    "Rows Removed by Index Recheck": 0,
                    "Filter": "(info_type_id < 4)",
                    "Rows Removed by Filter": 35
                  }
                ]
              }
            ]
          }
        ]
      }
    ]
  },
  "Planning Time": 0.971,
  "Triggers": [],
  "Execution Time": 1983.736
}