[
  {
    "Plan": {
      "Node Type": "Aggregate",
      "Strategy": "Plain",
      "Partial Mode": "Finalize",
      "Parallel Aware": false,
      "Startup Cost": 57779.22,
      "Total Cost": 57779.23,
      "Plan Rows": 1,
      "Plan Width": 8,
      "Actual Startup Time": 88.664,
      "Actual Total Time": 98.58,
      "Actual Rows": 1,
      "Actual Loops": 1,
      "Plans": [
        {
          "Node Type": "Gather",
          "Parent Relationship": "Outer",
          "Parallel Aware": false,
          "Startup Cost": 57778.8,
          "Total Cost": 57779.21,
          "Plan Rows": 4,
          "Plan Width": 8,
          "Actual Startup Time": 88.542,
          "Actual Total Time": 98.571,
          "Actual Rows": 5,
          "Actual Loops": 1,
          "Workers Planned": 4,
          "Workers Launched": 4,
          "Single Copy": false,
          "Plans": [
            {
              "Node Type": "Aggregate",
              "Strategy": "Plain",
              "Partial Mode": "Partial",
              "Parent Relationship": "Outer",
              "Parallel Aware": false,
              "Startup Cost": 56778.8,
              "Total Cost": 56778.81,
              "Plan Rows": 1,
              "Plan Width": 8,
              "Actual Startup Time": 80.987,
              "Actual Total Time": 80.989,
              "Actual Rows": 1,
              "Actual Loops": 5,
              "Plans": [
                {
                  "Node Type": "Nested Loop",
                  "Parent Relationship": "Outer",
                  "Parallel Aware": false,
                  "Join Type": "Inner",
                  "Startup Cost": 0.43,
                  "Total Cost": 56778.13,
                  "Plan Rows": 266,
                  "Plan Width": 0,
                  "Actual Startup Time": 26.315,
                  "Actual Total Time": 80.971,
                  "Actual Rows": 64,
                  "Actual Loops": 5,
                  "Inner Unique": false,
                  "Plans": [
                    {
                      "Node Type": "Seq Scan",
                      "Parent Relationship": "Outer",
                      "Parallel Aware": true,
                      "Relation Name": "title",
                      "Alias": "t",
                      "Startup Cost": 0.0,
                      "Total Cost": 45479.1,
                      "Plan Rows": 1319,
                      "Plan Width": 4,
                      "Actual Startup Time": 0.179,
                      "Actual Total Time": 75.385,
                      "Actual Rows": 1040,
                      "Actual Loops": 5,
                      "Filter": "((kind_id = 7) AND (production_year = 1956))",
                      "Rows Removed by Filter": 504622
                    },
                    {
                      "Node Type": "Index Scan",
                      "Parent Relationship": "Inner",
                      "Parallel Aware": false,
                      "Scan Direction": "Forward",
                      "Index Name": "movie_id_movie_keyword",
                      "Relation Name": "movie_keyword",
                      "Alias": "mk",
                      "Startup Cost": 0.43,
                      "Total Cost": 8.52,
                      "Plan Rows": 5,
                      "Plan Width": 4,
                      "Actual Startup Time": 0.005,
                      "Actual Total Time": 0.005,
                      "Actual Rows": 0,
                      "Actual Loops": 5201,
                      "Index Cond": "(movie_id = t.id)",
                      "Rows Removed by Index Recheck": 0,
                      "Filter": "(keyword_id > 36274)",
                      "Rows Removed by Filter": 1
                    }
                  ]
                }
              ]
            }
          ]
        }
      ]
    },
    "Planning Time": 0.565,
    "Triggers": [],
    "Execution Time": 98.643
  }
]