[
  {
    "Plan": {
      "Node Type": "Aggregate",
      "Strategy": "Plain",
      "Partial Mode": "Finalize",
      "Parallel Aware": false,
      "Startup Cost": 45109.9,
      "Total Cost": 45109.91,
      "Plan Rows": 1,
      "Plan Width": 8,
      "Actual Startup Time": 356.397,
      "Actual Total Time": 416.102,
      "Actual Rows": 1,
      "Actual Loops": 1,
      "Plans": [
        {
          "Node Type": "Gather",
          "Parent Relationship": "Outer",
          "Parallel Aware": false,
          "Startup Cost": 45109.69,
          "Total Cost": 45109.9,
          "Plan Rows": 2,
          "Plan Width": 8,
          "Actual Startup Time": 356.093,
          "Actual Total Time": 416.093,
          "Actual Rows": 3,
          "Actual Loops": 1,
          "Workers Planned": 2,
          "Workers Launched": 2,
          "Single Copy": false,
          "Plans": [
            {
              "Node Type": "Aggregate",
              "Strategy": "Plain",
              "Partial Mode": "Partial",
              "Parent Relationship": "Outer",
              "Parallel Aware": false,
              "Startup Cost": 44109.69,
              "Total Cost": 44109.7,
              "Plan Rows": 1,
              "Plan Width": 8,
              "Actual Startup Time": 347.721,
              "Actual Total Time": 347.724,
              "Actual Rows": 1,
              "Actual Loops": 3,
              "Plans": [
                {
                  "Node Type": "Nested Loop",
                  "Parent Relationship": "Outer",
                  "Parallel Aware": false,
                  "Join Type": "Inner",
                  "Startup Cost": 177.71,
                  "Total Cost": 44077.21,
                  "Plan Rows": 12990,
                  "Plan Width": 0,
                  "Actual Startup Time": 14.537,
                  "Actual Total Time": 338.59,
                  "Actual Rows": 148751,
                  "Actual Loops": 3,
                  "Inner Unique": false,
                  "Plans": [
                    {
                      "Node Type": "Nested Loop",
                      "Parent Relationship": "Outer",
                      "Parallel Aware": false,
                      "Join Type": "Inner",
                      "Startup Cost": 177.14,
                      "Total Cost": 40548.08,
                      "Plan Rows": 907,
                      "Plan Width": 8,
                      "Actual Startup Time": 14.387,
                      "Actual Total Time": 43.748,
                      "Actual Rows": 2457,
                      "Actual Loops": 3,
                      "Inner Unique": true,
                      "Plans": [
                        {
                          "Node Type": "Bitmap Heap Scan",
                          "Parent Relationship": "Outer",
                          "Parallel Aware": true,
                          "Relation Name": "movie_keyword",
                          "Alias": "mk",
                          "Startup Cost": 176.71,
                          "Total Cost": 17130.16,
                          "Plan Rows": 3456,
                          "Plan Width": 4,
                          "Actual Startup Time": 3.92,
                          "Actual Total Time": 16.621,
                          "Actual Rows": 3213,
                          "Actual Loops": 3,
                          "Recheck Cond": "(keyword_id = 236)",
                          "Rows Removed by Index Recheck": 0,
                          "Exact Heap Blocks": 4638,
                          "Lossy Heap Blocks": 0,
                          "Plans": [
                            {
                              "Node Type": "Bitmap Index Scan",
                              "Parent Relationship": "Outer",
                              "Parallel Aware": false,
                              "Index Name": "keyword_id_movie_keyword",
                              "Startup Cost": 0.0,
                              "Total Cost": 174.64,
                              "Plan Rows": 8294,
                              "Plan Width": 0,
                              "Actual Startup Time": 7.563,
                              "Actual Total Time": 7.564,
                              "Actual Rows": 9638,
                              "Actual Loops": 1,
                              "Index Cond": "(keyword_id = 236)"
                            }
                          ]
                        },
                        {
                          "Node Type": "Index Scan",
                          "Parent Relationship": "Inner",
                          "Parallel Aware": false,
                          "Scan Direction": "Forward",
                          "Index Name": "title_pkey",
                          "Relation Name": "title",
                          "Alias": "t",
                          "Startup Cost": 0.43,
                          "Total Cost": 6.78,
                          "Plan Rows": 1,
                          "Plan Width": 4,
                          "Actual Startup Time": 0.008,
                          "Actual Total Time": 0.008,
                          "Actual Rows": 1,
                          "Actual Loops": 9638,
                          "Index Cond": "(id = mk.movie_id)",
                          "Rows Removed by Index Recheck": 0,
                          "Filter": "(kind_id = 1)",
                          "Rows Removed by Filter": 0
                        }
                      ]
                    },
                    {
                      "Node Type": "Index Only Scan",
                      "Parent Relationship": "Inner",
                      "Parallel Aware": false,
                      "Scan Direction": "Forward",
                      "Index Name": "movie_id_cast_info",
                      "Relation Name": "cast_info",
                      "Alias": "ci",
                      "Startup Cost": 0.56,
                      "Total Cost": 3.52,
                      "Plan Rows": 37,
                      "Plan Width": 4,
                      "Actual Startup Time": 0.01,
                      "Actual Total Time": 0.115,
                      "Actual Rows": 61,
                      "Actual Loops": 7371,
                      "Index Cond": "(movie_id = t.id)",
                      "Rows Removed by Index Recheck": 0,
                      "Heap Fetches": 446252
                    }
                  ]
                }
              ]
            }
          ]
        }
      ]
    },
    "Planning Time": 1.406,
    "Triggers": [],
    "Execution Time": 416.228
  }
]