{
  "Plan": {
    "Node Type": "Aggregate",
    "Strategy": "Plain",
    "Partial Mode": "Finalize",
    "Parallel Aware": false,
    "Startup Cost": 441147.88,
    "Total Cost": 441147.89,
    "Plan Rows": 1,
    "Plan Width": 8,
    "Actual Startup Time": 1914.069,
    "Actual Total Time": 1957.479,
    "Actual Rows": 1,
    "Actual Loops": 1,
    "Plans": [
      {
        "Node Type": "Gather",
        "Parent Relationship": "Outer",
        "Parallel Aware": false,
        "Startup Cost": 441147.76,
        "Total Cost": 441147.87,
        "Plan Rows": 1,
        "Plan Width": 8,
        "Actual Startup Time": 1912.855,
        "Actual Total Time": 1957.465,
        "Actual Rows": 2,
        "Actual Loops": 1,
        "Workers Planned": 1,
        "Workers Launched": 1,
        "Single Copy": false,
        "Plans": [
          {
            "Node Type": "Aggregate",
            "Strategy": "Plain",
            "Partial Mode": "Partial",
            "Parent Relationship": "Outer",
            "Parallel Aware": false,
            "Startup Cost": 440147.76,
            "Total Cost": 440147.77,
            "Plan Rows": 1,
            "Plan Width": 8,
            "Actual Startup Time": 1907.046,
            "Actual Total Time": 1907.232,
            "Actual Rows": 1,
            "Actual Loops": 2,
            "Plans": [
              {
                "Node Type": "Hash Join",
                "Parent Relationship": "Outer",
                "Parallel Aware": true,
                "Join Type": "Inner",
                "Startup Cost": 126847.59,
                "Total Cost": 436420.52,
                "Plan Rows": 1490899,
                "Plan Width": 0,
                "Actual Startup Time": 531.11,
                "Actual Total Time": 1888.593,
                "Actual Rows": 464714,
                "Actual Loops": 2,
                "Inner Unique": false,
                "Hash Cond": "(mi.movie_id = t.id)",
                "Plans": [
                  {
                    "Node Type": "Seq Scan",
                    "Parent Relationship": "Outer",
                    "Parallel Aware": true,
                    "Relation Name": "movie_info",
                    "Alias": "mi",
                    "Startup Cost": 0.0,
                    "Total Cost": 270696.42,
                    "Plan Rows": 8028400,
                    "Plan Width": 4,
                    "Actual Startup Time": 0.017,
                    "Actual Total Time": 786.706,
                    "Actual Rows": 6873104,
                    "Actual Loops": 2,
                    "Filter": "(info_type_id < 70)",
                    "Rows Removed by Filter": 544756
                  },
                  {
                    "Node Type": "Hash",
                    "Parent Relationship": "Inner",
                    "Parallel Aware": true,
                    "Startup Cost": 123395.29,
                    "Total Cost": 123395.29,
                    "Plan Rows": 276184,
                    "Plan Width": 8,
                    "Actual Startup Time": 525.066,
                    "Actual Total Time": 525.251,
                    "Actual Rows": 44305,
                    "Actual Loops": 2,
                    "Hash Buckets": 524288,
                    "Original Hash Buckets": 524288,
                    "Hash Batches": 1,
                    "Original Hash Batches": 1,
                    "Peak Memory Usage": 7584,
                    "Plans": [
                      {
                        "Node Type": "Hash Join",
                        "Parent Relationship": "Outer",
                        "Parallel Aware": true,
                        "Join Type": "Inner",
                        "Startup Cost": 61669.64,
                        "Total Cost": 123395.29,
                        "Plan Rows": 276184,
                        "Plan Width": 8,
                        "Actual Startup Time": 206.101,
                        "Actual Total Time": 516.743,
                        "Actual Rows": 44305,
                        "Actual Loops": 2,
                        "Inner Unique": true,
                        "Hash Cond": "(mk.movie_id = t.id)",
                        "Plans": [
                          {
                            "Node Type": "Seq Scan",
                            "Parent Relationship": "Outer",
                            "Parallel Aware": true,
                            "Relation Name": "movie_keyword",
                            "Alias": "mk",
                            "Startup Cost": 0.0,
                            "Total Cost": 57718.19,
                            "Plan Rows": 1526645,
                            "Plan Width": 4,
                            "Actual Startup Time": 0.015,
                            "Actual Total Time": 188.351,
                            "Actual Rows": 1295550,
                            "Actual Loops": 2,
                            "Filter": "(keyword_id < 6898)",
                            "Rows Removed by Filter": 966414
                          },
                          {
                            "Node Type": "Hash",
                            "Parent Relationship": "Inner",
                            "Parallel Aware": true,
                            "Startup Cost": 58306.47,
                            "Total Cost": 58306.47,
                            "Plan Rows": 269054,
                            "Plan Width": 4,
                            "Actual Startup Time": 202.65,
                            "Actual Total Time": 202.651,
                            "Actual Rows": 172106,
                            "Actual Loops": 2,
                            "Hash Buckets": 524288,
                            "Original Hash Buckets": 524288,
                            "Hash Batches": 1,
                            "Original Hash Batches": 1,
                            "Peak Memory Usage": 17600,
                            "Plans": [
                              {
                                "Node Type": "Seq Scan",
                                "Parent Relationship": "Outer",
                                "Parallel Aware": true,
                                "Relation Name": "title",
                                "Alias": "t",
                                "Startup Cost": 0.0,
                                "Total Cost": 58306.47,
                                "Plan Rows": 269054,
                                "Plan Width": 4,
                                "Actual Startup Time": 0.033,
                                "Actual Total Time": 149.048,
                                "Actual Rows": 172106,
                                "Actual Loops": 2,
                                "Filter": "((production_year < 1993) AND (kind_id = 7))",
                                "Rows Removed by Filter": 1092050
                              }
                            ]
                          }
                        ]
                      }
                    ]
                  }
                ]
              }
            ]
          }
        ]
      }
    ]
  },
  "Planning Time": 1.043,
  "Triggers": [],
  "Execution Time": 1957.569
}