{
    "Plan": {
        "Node Type": "Aggregate",
        "Strategy": "Plain",
        "Partial Mode": "Finalize",
        "Parallel Aware": false,
        "Startup Cost": 111369.31,
        "Total Cost": 111369.32,
        "Plan Rows": 1,
        "Plan Width": 8,
        "Actual Startup Time": 387.077,
        "Actual Total Time": 428.074,
        "Actual Rows": 1,
        "Actual Loops": 1,
        "Output": [
            "count(*)"
        ],
        "Plans": [
            {
                "Node Type": "Gather",
                "Parent Relationship": "Outer",
                "Parallel Aware": false,
                "Startup Cost": 111368.99,
                "Total Cost": 111369.3,
                "Plan Rows": 3,
                "Plan Width": 8,
                "Actual Startup Time": 386.707,
                "Actual Total Time": 428.065,
                "Actual Rows": 4,
                "Actual Loops": 1,
                "Output": [
                    "(PARTIAL count(*))"
                ],
                "Workers Planned": 3,
                "Workers Launched": 3,
                "Single Copy": false,
                "Plans": [
                    {
                        "Node Type": "Aggregate",
                        "Strategy": "Plain",
                        "Partial Mode": "Partial",
                        "Parent Relationship": "Outer",
                        "Parallel Aware": false,
                        "Startup Cost": 110368.99,
                        "Total Cost": 110369.0,
                        "Plan Rows": 1,
                        "Plan Width": 8,
                        "Actual Startup Time": 377.419,
                        "Actual Total Time": 377.422,
                        "Actual Rows": 1,
                        "Actual Loops": 4,
                        "Output": [
                            "PARTIAL count(*)"
                        ],
                        "Workers": [
                            {
                                "Worker Number": 0,
                                "Actual Startup Time": 373.917,
                                "Actual Total Time": 373.92,
                                "Actual Rows": 1,
                                "Actual Loops": 1
                            },
                            {
                                "Worker Number": 1,
                                "Actual Startup Time": 374.76,
                                "Actual Total Time": 374.763,
                                "Actual Rows": 1,
                                "Actual Loops": 1
                            },
                            {
                                "Worker Number": 2,
                                "Actual Startup Time": 375.055,
                                "Actual Total Time": 375.057,
                                "Actual Rows": 1,
                                "Actual Loops": 1
                            }
                        ],
                        "Plans": [
                            {
                                "Node Type": "Nested Loop",
                                "Parent Relationship": "Outer",
                                "Parallel Aware": false,
                                "Join Type": "Inner",
                                "Startup Cost": 44109.14,
                                "Total Cost": 110302.69,
                                "Plan Rows": 26520,
                                "Plan Width": 0,
                                "Actual Startup Time": 99.481,
                                "Actual Total Time": 375.466,
                                "Actual Rows": 32467,
                                "Actual Loops": 4,
                                "Inner Unique": false,
                                "Join Filter": "(t.id = mi.movie_id)",
                                "Rows Removed by Join Filter": 0,
                                "Workers": [
                                    {
                                        "Worker Number": 0,
                                        "Actual Startup Time": 96.001,
                                        "Actual Total Time": 372.372,
                                        "Actual Rows": 23554,
                                        "Actual Loops": 1
                                    },
                                    {
                                        "Worker Number": 1,
                                        "Actual Startup Time": 97.103,
                                        "Actual Total Time": 372.81,
                                        "Actual Rows": 31591,
                                        "Actual Loops": 1
                                    },
                                    {
                                        "Worker Number": 2,
                                        "Actual Startup Time": 97.111,
                                        "Actual Total Time": 373.301,
                                        "Actual Rows": 26546,
                                        "Actual Loops": 1
                                    }
                                ],
                                "Plans": [
                                    {
                                        "Node Type": "Hash Join",
                                        "Parent Relationship": "Outer",
                                        "Parallel Aware": true,
                                        "Join Type": "Inner",
                                        "Startup Cost": 44108.71,
                                        "Total Cost": 73524.6,
                                        "Plan Rows": 22338,
                                        "Plan Width": 8,
                                        "Actual Startup Time": 99.301,
                                        "Actual Total Time": 220.51,
                                        "Actual Rows": 13409,
                                        "Actual Loops": 4,
                                        "Output": [
                                            "t.id",
                                            "mc.movie_id"
                                        ],
                                        "Inner Unique": true,
                                        "Hash Cond": "(mc.movie_id = t.id)",
                                        "Workers": [
                                            {
                                                "Worker Number": 0,
                                                "Actual Startup Time": 95.863,
                                                "Actual Total Time": 207.964,
                                                "Actual Rows": 10687,
                                                "Actual Loops": 1
                                            },
                                            {
                                                "Worker Number": 1,
                                                "Actual Startup Time": 96.664,
                                                "Actual Total Time": 211.318,
                                                "Actual Rows": 12296,
                                                "Actual Loops": 1
                                            },
                                            {
                                                "Worker Number": 2,
                                                "Actual Startup Time": 96.993,
                                                "Actual Total Time": 212.24,
                                                "Actual Rows": 12295,
                                                "Actual Loops": 1
                                            }
                                        ],
                                        "Plans": [
                                            {
                                                "Node Type": "Seq Scan",
                                                "Parent Relationship": "Outer",
                                                "Parallel Aware": true,
                                                "Relation Name": "movie_companies",
                                                "Schema": "public",
                                                "Alias": "mc",
                                                "Startup Cost": 0.0,
                                                "Total Cost": 27206.55,
                                                "Plan Rows": 841655,
                                                "Plan Width": 4,
                                                "Actual Startup Time": 0.017,
                                                "Actual Total Time": 51.821,
                                                "Actual Rows": 652282,
                                                "Actual Loops": 4,
                                                "Output": [
                                                    "mc.id",
                                                    "mc.movie_id",
                                                    "mc.company_id",
                                                    "mc.company_type_id",
                                                    "mc.note"
                                                ],
                                                "Workers": [
                                                    {
                                                        "Worker Number": 0,
                                                        "Actual Startup Time": 0.024,
                                                        "Actual Total Time": 48.397,
                                                        "Actual Rows": 516095,
                                                        "Actual Loops": 1
                                                    },
                                                    {
                                                        "Worker Number": 1,
                                                        "Actual Startup Time": 0.021,
                                                        "Actual Total Time": 49.716,
                                                        "Actual Rows": 599521,
                                                        "Actual Loops": 1
                                                    },
                                                    {
                                                        "Worker Number": 2,
                                                        "Actual Startup Time": 0.019,
                                                        "Actual Total Time": 50.025,
                                                        "Actual Rows": 602307,
                                                        "Actual Loops": 1
                                                    }
                                                ]
                                            },
                                            {
                                                "Node Type": "Hash",
                                                "Parent Relationship": "Inner",
                                                "Parallel Aware": true,
                                                "Startup Cost": 43899.01,
                                                "Total Cost": 43899.01,
                                                "Plan Rows": 16776,
                                                "Plan Width": 4,
                                                "Actual Startup Time": 97.402,
                                                "Actual Total Time": 97.403,
                                                "Actual Rows": 16836,
                                                "Actual Loops": 4,
                                                "Output": [
                                                    "t.id"
                                                ],
                                                "Hash Buckets": 131072,
                                                "Original Hash Buckets": 131072,
                                                "Hash Batches": 1,
                                                "Original Hash Batches": 1,
                                                "Peak Memory Usage": 3712,
                                                "Workers": [
                                                    {
                                                        "Worker Number": 0,
                                                        "Actual Startup Time": 95.131,
                                                        "Actual Total Time": 95.132,
                                                        "Actual Rows": 12939,
                                                        "Actual Loops": 1
                                                    },
                                                    {
                                                        "Worker Number": 1,
                                                        "Actual Startup Time": 96.104,
                                                        "Actual Total Time": 96.105,
                                                        "Actual Rows": 14996,
                                                        "Actual Loops": 1
                                                    },
                                                    {
                                                        "Worker Number": 2,
                                                        "Actual Startup Time": 96.373,
                                                        "Actual Total Time": 96.373,
                                                        "Actual Rows": 15100,
                                                        "Actual Loops": 1
                                                    }
                                                ],
                                                "Plans": [
                                                    {
                                                        "Node Type": "Seq Scan",
                                                        "Parent Relationship": "Outer",
                                                        "Parallel Aware": true,
                                                        "Relation Name": "title",
                                                        "Schema": "public",
                                                        "Alias": "t",
                                                        "Startup Cost": 0.0,
                                                        "Total Cost": 43899.01,
                                                        "Plan Rows": 16776,
                                                        "Plan Width": 4,
                                                        "Actual Startup Time": 0.087,
                                                        "Actual Total Time": 90.343,
                                                        "Actual Rows": 16836,
                                                        "Actual Loops": 4,
                                                        "Output": [
                                                            "t.id"
                                                        ],
                                                        "Filter": "(t.production_year > 2012)",
                                                        "Rows Removed by Filter": 615242,
                                                        "Workers": [
                                                            {
                                                                "Worker Number": 0,
                                                                "Actual Startup Time": 0.148,
                                                                "Actual Total Time": 88.116,
                                                                "Actual Rows": 12939,
                                                                "Actual Loops": 1
                                                            },
                                                            {
                                                                "Worker Number": 1,
                                                                "Actual Startup Time": 0.067,
                                                                "Actual Total Time": 89.541,
                                                                "Actual Rows": 14996,
                                                                "Actual Loops": 1
                                                            },
                                                            {
                                                                "Worker Number": 2,
                                                                "Actual Startup Time": 0.07,
                                                                "Actual Total Time": 89.126,
                                                                "Actual Rows": 15100,
                                                                "Actual Loops": 1
                                                            }
                                                        ]
                                                    }
                                                ]
                                            }
                                        ]
                                    },
                                    {
                                        "Node Type": "Index Scan",
                                        "Parent Relationship": "Inner",
                                        "Parallel Aware": false,
                                        "Scan Direction": "Forward",
                                        "Index Name": "movie_id_movie_info",
                                        "Relation Name": "movie_info",
                                        "Schema": "public",
                                        "Alias": "mi",
                                        "Startup Cost": 0.43,
                                        "Total Cost": 1.55,
                                        "Plan Rows": 8,
                                        "Plan Width": 4,
                                        "Actual Startup Time": 0.007,
                                        "Actual Total Time": 0.011,
                                        "Actual Rows": 2,
                                        "Actual Loops": 53637,
                                        "Output": [
                                            "mi.id",
                                            "mi.movie_id",
                                            "mi.info_type_id",
                                            "mi.info",
                                            "mi.note"
                                        ],
                                        "Index Cond": "(mi.movie_id = mc.movie_id)",
                                        "Rows Removed by Index Recheck": 0,
                                        "Filter": "(mi.info_type_id = 16)",
                                        "Rows Removed by Filter": 9,
                                        "Workers": [
                                            {
                                                "Worker Number": 0,
                                                "Actual Startup Time": 0.01,
                                                "Actual Total Time": 0.015,
                                                "Actual Rows": 2,
                                                "Actual Loops": 10687
                                            },
                                            {
                                                "Worker Number": 1,
                                                "Actual Startup Time": 0.008,
                                                "Actual Total Time": 0.013,
                                                "Actual Rows": 3,
                                                "Actual Loops": 12296
                                            },
                                            {
                                                "Worker Number": 2,
                                                "Actual Startup Time": 0.008,
                                                "Actual Total Time": 0.013,
                                                "Actual Rows": 2,
                                                "Actual Loops": 12295
                                            }
                                        ]
                                    }
                                ]
                            }
                        ]
                    }
                ]
            }
        ]
    },
    "Planning Time": 1.54,
    "Triggers": [],
    "Execution Time": 428.171
}