[
  {
    "Plan": {
      "Node Type": "Aggregate",
      "Strategy": "Plain",
      "Partial Mode": "Finalize",
      "Parallel Aware": false,
      "Startup Cost": 31200.58,
      "Total Cost": 31200.59,
      "Plan Rows": 1,
      "Plan Width": 8,
      "Actual Startup Time": 110.001,
      "Actual Total Time": 114.186,
      "Actual Rows": 1,
      "Actual Loops": 1,
      "Plans": [
        {
          "Node Type": "Gather",
          "Parent Relationship": "Outer",
          "Parallel Aware": false,
          "Startup Cost": 31200.26,
          "Total Cost": 31200.57,
          "Plan Rows": 3,
          "Plan Width": 8,
          "Actual Startup Time": 109.847,
          "Actual Total Time": 114.175,
          "Actual Rows": 4,
          "Actual Loops": 1,
          "Workers Planned": 3,
          "Workers Launched": 3,
          "Single Copy": false,
          "Plans": [
            {
              "Node Type": "Aggregate",
              "Strategy": "Plain",
              "Partial Mode": "Partial",
              "Parent Relationship": "Outer",
              "Parallel Aware": false,
              "Startup Cost": 30200.26,
              "Total Cost": 30200.27,
              "Plan Rows": 1,
              "Plan Width": 8,
              "Actual Startup Time": 103.321,
              "Actual Total Time": 103.323,
              "Actual Rows": 1,
              "Actual Loops": 4,
              "Plans": [
                {
                  "Node Type": "Bitmap Heap Scan",
                  "Parent Relationship": "Outer",
                  "Parallel Aware": true,
                  "Relation Name": "movie_companies",
                  "Alias": "mc",
                  "Startup Cost": 9175.75,
                  "Total Cost": 30025.93,
                  "Plan Rows": 69735,
                  "Plan Width": 0,
                  "Actual Startup Time": 48.639,
                  "Actual Total Time": 95.187,
                  "Actual Rows": 108224,
                  "Actual Loops": 4,
                  "Recheck Cond": "(company_id > 78866)",
                  "Rows Removed by Index Recheck": 0,
                  "Filter": "(company_type_id > 1)",
                  "Rows Removed by Filter": 0,
                  "Exact Heap Blocks": 2693,
                  "Lossy Heap Blocks": 0,
                  "Plans": [
                    {
                      "Node Type": "Bitmap Index Scan",
                      "Parent Relationship": "Outer",
                      "Parallel Aware": false,
                      "Index Name": "company_id_movie_companies",
                      "Startup Cost": 0.0,
                      "Total Cost": 9121.7,
                      "Plan Rows": 425770,
                      "Plan Width": 0,
                      "Actual Startup Time": 52.806,
                      "Actual Total Time": 52.807,
                      "Actual Rows": 432897,
                      "Actual Loops": 1,
                      "Index Cond": "(company_id > 78866)"
                    }
                  ]
                }
              ]
            }
          ]
        }
      ]
    },
    "Planning Time": 0.226,
    "Triggers": [],
    "Execution Time": 114.289
  }
]