[
  {
    "Plan": {
      "Node Type": "Aggregate",
      "Strategy": "Plain",
      "Partial Mode": "Finalize",
      "Parallel Aware": false,
      "Startup Cost": 45443.13,
      "Total Cost": 45443.14,
      "Plan Rows": 1,
      "Plan Width": 8,
      "Actual Startup Time": 141.294,
      "Actual Total Time": 152.136,
      "Actual Rows": 1,
      "Actual Loops": 1,
      "Plans": [
        {
          "Node Type": "Gather",
          "Parent Relationship": "Outer",
          "Parallel Aware": false,
          "Startup Cost": 45442.82,
          "Total Cost": 45443.13,
          "Plan Rows": 3,
          "Plan Width": 8,
          "Actual Startup Time": 141.144,
          "Actual Total Time": 152.128,
          "Actual Rows": 4,
          "Actual Loops": 1,
          "Workers Planned": 3,
          "Workers Launched": 3,
          "Single Copy": false,
          "Plans": [
            {
              "Node Type": "Aggregate",
              "Strategy": "Plain",
              "Partial Mode": "Partial",
              "Parent Relationship": "Outer",
              "Parallel Aware": false,
              "Startup Cost": 44442.82,
              "Total Cost": 44442.83,
              "Plan Rows": 1,
              "Plan Width": 8,
              "Actual Startup Time": 137.783,
              "Actual Total Time": 137.784,
              "Actual Rows": 1,
              "Actual Loops": 4,
              "Plans": [
                {
                  "Node Type": "Seq Scan",
                  "Parent Relationship": "Outer",
                  "Parallel Aware": true,
                  "Relation Name": "movie_keyword",
                  "Alias": "mk",
                  "Startup Cost": 0.0,
                  "Total Cost": 42695.65,
                  "Plan Rows": 698865,
                  "Plan Width": 0,
                  "Actual Startup Time": 0.025,
                  "Actual Total Time": 112.261,
                  "Actual Rows": 544767,
                  "Actual Loops": 4,
                  "Filter": "(keyword_id < 4297)",
                  "Rows Removed by Filter": 586215
                }
              ]
            }
          ]
        }
      ]
    },
    "Planning Time": 0.088,
    "Triggers": [],
    "Execution Time": 152.168
  }
]