[
    {
        "Bao": {
            "Bao prediction": "NaN",
            "Bao recommended hint": "(no hint)"
        }
    },
    {
        "Plan": {
            "Node Type": "Aggregate",
            "Strategy": "Plain",
            "Partial Mode": "Finalize",
            "Parallel Aware": false,
            "Startup Cost": 288907.36,
            "Total Cost": 288907.37,
            "Plan Rows": 1,
            "Plan Width": 8,
            "Actual Startup Time": 174.528,
            "Actual Total Time": 179.408,
            "Actual Rows": 1,
            "Actual Loops": 1,
            "Output": [
                "count(*)"
            ],
            "Plans": [
                {
                    "Node Type": "Gather",
                    "Parent Relationship": "Outer",
                    "Parallel Aware": false,
                    "Startup Cost": 288906.74,
                    "Total Cost": 288907.35,
                    "Plan Rows": 6,
                    "Plan Width": 8,
                    "Actual Startup Time": 173.894,
                    "Actual Total Time": 179.399,
                    "Actual Rows": 7,
                    "Actual Loops": 1,
                    "Output": [
                        "(PARTIAL count(*))"
                    ],
                    "Workers Planned": 6,
                    "Workers Launched": 6,
                    "Single Copy": false,
                    "Plans": [
                        {
                            "Node Type": "Aggregate",
                            "Strategy": "Plain",
                            "Partial Mode": "Partial",
                            "Parent Relationship": "Outer",
                            "Parallel Aware": false,
                            "Startup Cost": 287906.74,
                            "Total Cost": 287906.75,
                            "Plan Rows": 1,
                            "Plan Width": 8,
                            "Actual Startup Time": 162.374,
                            "Actual Total Time": 162.376,
                            "Actual Rows": 1,
                            "Actual Loops": 7,
                            "Output": [
                                "PARTIAL count(*)"
                            ],
                            "Workers": [
                                {
                                    "Worker Number": 0,
                                    "Actual Startup Time": 159.386,
                                    "Actual Total Time": 159.388,
                                    "Actual Rows": 1,
                                    "Actual Loops": 1
                                },
                                {
                                    "Worker Number": 1,
                                    "Actual Startup Time": 159.821,
                                    "Actual Total Time": 159.822,
                                    "Actual Rows": 1,
                                    "Actual Loops": 1
                                },
                                {
                                    "Worker Number": 2,
                                    "Actual Startup Time": 160.552,
                                    "Actual Total Time": 160.554,
                                    "Actual Rows": 1,
                                    "Actual Loops": 1
                                },
                                {
                                    "Worker Number": 3,
                                    "Actual Startup Time": 160.876,
                                    "Actual Total Time": 160.877,
                                    "Actual Rows": 1,
                                    "Actual Loops": 1
                                },
                                {
                                    "Worker Number": 4,
                                    "Actual Startup Time": 161.114,
                                    "Actual Total Time": 161.115,
                                    "Actual Rows": 1,
                                    "Actual Loops": 1
                                },
                                {
                                    "Worker Number": 5,
                                    "Actual Startup Time": 161.861,
                                    "Actual Total Time": 161.863,
                                    "Actual Rows": 1,
                                    "Actual Loops": 1
                                }
                            ],
                            "Plans": [
                                {
                                    "Node Type": "Bitmap Heap Scan",
                                    "Parent Relationship": "Outer",
                                    "Parallel Aware": true,
                                    "Relation Name": "cast_info",
                                    "Schema": "public",
                                    "Alias": "ci",
                                    "Startup Cost": 31424.74,
                                    "Total Cost": 287696.4,
                                    "Plan Rows": 84136,
                                    "Plan Width": 0,
                                    "Actual Startup Time": 79.371,
                                    "Actual Total Time": 150.623,
                                    "Actual Rows": 148804,
                                    "Actual Loops": 7,
                                    "Recheck Cond": "(ci.person_id < 145718)",
                                    "Rows Removed by Index Recheck": 0,
                                    "Filter": "(ci.role_id = 1)",
                                    "Rows Removed by Filter": 58166,
                                    "Exact Heap Blocks": 2929,
                                    "Lossy Heap Blocks": 0,
                                    "Workers": [
                                        {
                                            "Worker Number": 0,
                                            "Actual Startup Time": 76.416,
                                            "Actual Total Time": 147.931,
                                            "Actual Rows": 122838,
                                            "Actual Loops": 1
                                        },
                                        {
                                            "Worker Number": 1,
                                            "Actual Startup Time": 76.749,
                                            "Actual Total Time": 148.394,
                                            "Actual Rows": 153078,
                                            "Actual Loops": 1
                                        },
                                        {
                                            "Worker Number": 2,
                                            "Actual Startup Time": 77.763,
                                            "Actual Total Time": 149.124,
                                            "Actual Rows": 125772,
                                            "Actual Loops": 1
                                        },
                                        {
                                            "Worker Number": 3,
                                            "Actual Startup Time": 78.012,
                                            "Actual Total Time": 149.457,
                                            "Actual Rows": 125397,
                                            "Actual Loops": 1
                                        },
                                        {
                                            "Worker Number": 4,
                                            "Actual Startup Time": 78.128,
                                            "Actual Total Time": 149.765,
                                            "Actual Rows": 151404,
                                            "Actual Loops": 1
                                        },
                                        {
                                            "Worker Number": 5,
                                            "Actual Startup Time": 78.887,
                                            "Actual Total Time": 150.444,
                                            "Actual Rows": 154056,
                                            "Actual Loops": 1
                                        }
                                    ],
                                    "Plans": [
                                        {
                                            "Node Type": "Bitmap Index Scan",
                                            "Parent Relationship": "Outer",
                                            "Parallel Aware": false,
                                            "Index Name": "person_id_cast_info",
                                            "Startup Cost": 0.0,
                                            "Total Cost": 31298.54,
                                            "Plan Rows": 1433863,
                                            "Plan Width": 0,
                                            "Actual Startup Time": 86.073,
                                            "Actual Total Time": 86.074,
                                            "Actual Rows": 1448796,
                                            "Actual Loops": 1,
                                            "Index Cond": "(ci.person_id < 145718)"
                                        }
                                    ]
                                }
                            ]
                        }
                    ]
                }
            ]
        },
        "Planning Time": 282.393,
        "Triggers": [],
        "Execution Time": 179.514
    }
]