{
    "Plan": {
        "Node Type": "Aggregate",
        "Strategy": "Plain",
        "Partial Mode": "Finalize",
        "Parallel Aware": false,
        "Startup Cost": 76563.77,
        "Total Cost": 76563.78,
        "Plan Rows": 1,
        "Plan Width": 8,
        "Actual Startup Time": 323.97,
        "Actual Total Time": 338.991,
        "Actual Rows": 1,
        "Actual Loops": 1,
        "Output": [
            "count(*)"
        ],
        "Plans": [
            {
                "Node Type": "Gather",
                "Parent Relationship": "Outer",
                "Parallel Aware": false,
                "Startup Cost": 76563.46,
                "Total Cost": 76563.77,
                "Plan Rows": 3,
                "Plan Width": 8,
                "Actual Startup Time": 322.179,
                "Actual Total Time": 338.98,
                "Actual Rows": 4,
                "Actual Loops": 1,
                "Output": [
                    "(PARTIAL count(*))"
                ],
                "Workers Planned": 3,
                "Workers Launched": 3,
                "Single Copy": false,
                "Plans": [
                    {
                        "Node Type": "Aggregate",
                        "Strategy": "Plain",
                        "Partial Mode": "Partial",
                        "Parent Relationship": "Outer",
                        "Parallel Aware": false,
                        "Startup Cost": 75563.46,
                        "Total Cost": 75563.47,
                        "Plan Rows": 1,
                        "Plan Width": 8,
                        "Actual Startup Time": 312.71,
                        "Actual Total Time": 312.713,
                        "Actual Rows": 1,
                        "Actual Loops": 4,
                        "Output": [
                            "PARTIAL count(*)"
                        ],
                        "Workers": [
                            {
                                "Worker Number": 0,
                                "Actual Startup Time": 309.511,
                                "Actual Total Time": 309.514,
                                "Actual Rows": 1,
                                "Actual Loops": 1
                            },
                            {
                                "Worker Number": 1,
                                "Actual Startup Time": 309.517,
                                "Actual Total Time": 309.52,
                                "Actual Rows": 1,
                                "Actual Loops": 1
                            },
                            {
                                "Worker Number": 2,
                                "Actual Startup Time": 310.384,
                                "Actual Total Time": 310.388,
                                "Actual Rows": 1,
                                "Actual Loops": 1
                            }
                        ],
                        "Plans": [
                            {
                                "Node Type": "Hash Join",
                                "Parent Relationship": "Outer",
                                "Parallel Aware": true,
                                "Join Type": "Inner",
                                "Startup Cost": 46007.01,
                                "Total Cost": 75422.9,
                                "Plan Rows": 56224,
                                "Plan Width": 0,
                                "Actual Startup Time": 138.261,
                                "Actual Total Time": 305.946,
                                "Actual Rows": 140106,
                                "Actual Loops": 4,
                                "Inner Unique": true,
                                "Hash Cond": "(mc.movie_id = t.id)",
                                "Workers": [
                                    {
                                        "Worker Number": 0,
                                        "Actual Startup Time": 135.044,
                                        "Actual Total Time": 303.392,
                                        "Actual Rows": 149085,
                                        "Actual Loops": 1
                                    },
                                    {
                                        "Worker Number": 1,
                                        "Actual Startup Time": 135.247,
                                        "Actual Total Time": 303.295,
                                        "Actual Rows": 149780,
                                        "Actual Loops": 1
                                    },
                                    {
                                        "Worker Number": 2,
                                        "Actual Startup Time": 135.957,
                                        "Actual Total Time": 303.506,
                                        "Actual Rows": 147795,
                                        "Actual Loops": 1
                                    }
                                ],
                                "Plans": [
                                    {
                                        "Node Type": "Seq Scan",
                                        "Parent Relationship": "Outer",
                                        "Parallel Aware": true,
                                        "Relation Name": "movie_companies",
                                        "Schema": "public",
                                        "Alias": "mc",
                                        "Startup Cost": 0.0,
                                        "Total Cost": 27206.55,
                                        "Plan Rows": 841655,
                                        "Plan Width": 4,
                                        "Actual Startup Time": 0.017,
                                        "Actual Total Time": 59.349,
                                        "Actual Rows": 652282,
                                        "Actual Loops": 4,
                                        "Output": [
                                            "mc.id",
                                            "mc.movie_id",
                                            "mc.company_id",
                                            "mc.company_type_id",
                                            "mc.note"
                                        ],
                                        "Workers": [
                                            {
                                                "Worker Number": 0,
                                                "Actual Startup Time": 0.016,
                                                "Actual Total Time": 59.736,
                                                "Actual Rows": 696628,
                                                "Actual Loops": 1
                                            },
                                            {
                                                "Worker Number": 1,
                                                "Actual Startup Time": 0.02,
                                                "Actual Total Time": 59.712,
                                                "Actual Rows": 686038,
                                                "Actual Loops": 1
                                            },
                                            {
                                                "Worker Number": 2,
                                                "Actual Startup Time": 0.021,
                                                "Actual Total Time": 61.308,
                                                "Actual Rows": 689352,
                                                "Actual Loops": 1
                                            }
                                        ]
                                    },
                                    {
                                        "Node Type": "Hash",
                                        "Parent Relationship": "Inner",
                                        "Parallel Aware": true,
                                        "Startup Cost": 45479.21,
                                        "Total Cost": 45479.21,
                                        "Plan Rows": 42224,
                                        "Plan Width": 4,
                                        "Actual Startup Time": 135.564,
                                        "Actual Total Time": 135.565,
                                        "Actual Rows": 67479,
                                        "Actual Loops": 4,
                                        "Output": [
                                            "t.id"
                                        ],
                                        "Hash Buckets": 524288,
                                        "Original Hash Buckets": 262144,
                                        "Hash Batches": 1,
                                        "Original Hash Batches": 1,
                                        "Peak Memory Usage": 16768,
                                        "Workers": [
                                            {
                                                "Worker Number": 0,
                                                "Actual Startup Time": 134.312,
                                                "Actual Total Time": 134.313,
                                                "Actual Rows": 71704,
                                                "Actual Loops": 1
                                            },
                                            {
                                                "Worker Number": 1,
                                                "Actual Startup Time": 134.286,
                                                "Actual Total Time": 134.286,
                                                "Actual Rows": 70753,
                                                "Actual Loops": 1
                                            },
                                            {
                                                "Worker Number": 2,
                                                "Actual Startup Time": 135.24,
                                                "Actual Total Time": 135.241,
                                                "Actual Rows": 68334,
                                                "Actual Loops": 1
                                            }
                                        ],
                                        "Plans": [
                                            {
                                                "Node Type": "Seq Scan",
                                                "Parent Relationship": "Outer",
                                                "Parallel Aware": true,
                                                "Relation Name": "title",
                                                "Schema": "public",
                                                "Alias": "t",
                                                "Startup Cost": 0.0,
                                                "Total Cost": 45479.21,
                                                "Plan Rows": 42224,
                                                "Plan Width": 4,
                                                "Actual Startup Time": 0.192,
                                                "Actual Total Time": 103.761,
                                                "Actual Rows": 67479,
                                                "Actual Loops": 4,
                                                "Output": [
                                                    "t.id"
                                                ],
                                                "Filter": "((t.kind_id < 7) AND (t.production_year < 1974))",
                                                "Rows Removed by Filter": 564599,
                                                "Workers": [
                                                    {
                                                        "Worker Number": 0,
                                                        "Actual Startup Time": 0.216,
                                                        "Actual Total Time": 102.519,
                                                        "Actual Rows": 71704,
                                                        "Actual Loops": 1
                                                    },
                                                    {
                                                        "Worker Number": 1,
                                                        "Actual Startup Time": 0.19,
                                                        "Actual Total Time": 102.339,
                                                        "Actual Rows": 70753,
                                                        "Actual Loops": 1
                                                    },
                                                    {
                                                        "Worker Number": 2,
                                                        "Actual Startup Time": 0.171,
                                                        "Actual Total Time": 103.818,
                                                        "Actual Rows": 68334,
                                                        "Actual Loops": 1
                                                    }
                                                ]
                                            }
                                        ]
                                    }
                                ]
                            }
                        ]
                    }
                ]
            }
        ]
    },
    "Planning Time": 0.748,
    "Triggers": [],
    "Execution Time": 339.071
}