[
    {
        "Bao": {
            "Bao prediction": "NaN",
            "Bao recommended hint": "(no hint)"
        }
    },
    {
        "Plan": {
            "Node Type": "Aggregate",
            "Strategy": "Plain",
            "Partial Mode": "Finalize",
            "Parallel Aware": false,
            "Startup Cost": 86330.52,
            "Total Cost": 86330.53,
            "Plan Rows": 1,
            "Plan Width": 8,
            "Actual Startup Time": 266.687,
            "Actual Total Time": 286.274,
            "Actual Rows": 1,
            "Actual Loops": 1,
            "Output": [
                "count(*)"
            ],
            "Plans": [
                {
                    "Node Type": "Gather",
                    "Parent Relationship": "Outer",
                    "Parallel Aware": false,
                    "Startup Cost": 86330.1,
                    "Total Cost": 86330.51,
                    "Plan Rows": 4,
                    "Plan Width": 8,
                    "Actual Startup Time": 265.599,
                    "Actual Total Time": 286.265,
                    "Actual Rows": 5,
                    "Actual Loops": 1,
                    "Output": [
                        "(PARTIAL count(*))"
                    ],
                    "Workers Planned": 4,
                    "Workers Launched": 4,
                    "Single Copy": false,
                    "Plans": [
                        {
                            "Node Type": "Aggregate",
                            "Strategy": "Plain",
                            "Partial Mode": "Partial",
                            "Parent Relationship": "Outer",
                            "Parallel Aware": false,
                            "Startup Cost": 85330.1,
                            "Total Cost": 85330.11,
                            "Plan Rows": 1,
                            "Plan Width": 8,
                            "Actual Startup Time": 255.663,
                            "Actual Total Time": 255.667,
                            "Actual Rows": 1,
                            "Actual Loops": 5,
                            "Output": [
                                "PARTIAL count(*)"
                            ],
                            "Workers": [
                                {
                                    "Worker Number": 0,
                                    "Actual Startup Time": 252.932,
                                    "Actual Total Time": 252.935,
                                    "Actual Rows": 1,
                                    "Actual Loops": 1
                                },
                                {
                                    "Worker Number": 1,
                                    "Actual Startup Time": 253.464,
                                    "Actual Total Time": 253.467,
                                    "Actual Rows": 1,
                                    "Actual Loops": 1
                                },
                                {
                                    "Worker Number": 2,
                                    "Actual Startup Time": 253.432,
                                    "Actual Total Time": 253.435,
                                    "Actual Rows": 1,
                                    "Actual Loops": 1
                                },
                                {
                                    "Worker Number": 3,
                                    "Actual Startup Time": 253.526,
                                    "Actual Total Time": 253.529,
                                    "Actual Rows": 1,
                                    "Actual Loops": 1
                                }
                            ],
                            "Plans": [
                                {
                                    "Node Type": "Nested Loop",
                                    "Parent Relationship": "Outer",
                                    "Parallel Aware": false,
                                    "Join Type": "Inner",
                                    "Startup Cost": 21314.67,
                                    "Total Cost": 85307.22,
                                    "Plan Rows": 9152,
                                    "Plan Width": 0,
                                    "Actual Startup Time": 116.692,
                                    "Actual Total Time": 252.434,
                                    "Actual Rows": 65839,
                                    "Actual Loops": 5,
                                    "Inner Unique": false,
                                    "Workers": [
                                        {
                                            "Worker Number": 0,
                                            "Actual Startup Time": 106.974,
                                            "Actual Total Time": 249.923,
                                            "Actual Rows": 58591,
                                            "Actual Loops": 1
                                        },
                                        {
                                            "Worker Number": 1,
                                            "Actual Startup Time": 115.392,
                                            "Actual Total Time": 250.503,
                                            "Actual Rows": 56022,
                                            "Actual Loops": 1
                                        },
                                        {
                                            "Worker Number": 2,
                                            "Actual Startup Time": 117.064,
                                            "Actual Total Time": 250.492,
                                            "Actual Rows": 55963,
                                            "Actual Loops": 1
                                        },
                                        {
                                            "Worker Number": 3,
                                            "Actual Startup Time": 117.254,
                                            "Actual Total Time": 250.55,
                                            "Actual Rows": 58254,
                                            "Actual Loops": 1
                                        }
                                    ],
                                    "Plans": [
                                        {
                                            "Node Type": "Hash Join",
                                            "Parent Relationship": "Outer",
                                            "Parallel Aware": true,
                                            "Join Type": "Inner",
                                            "Startup Cost": 21314.24,
                                            "Total Cost": 66829.91,
                                            "Plan Rows": 11303,
                                            "Plan Width": 8,
                                            "Actual Startup Time": 112.486,
                                            "Actual Total Time": 154.209,
                                            "Actual Rows": 18126,
                                            "Actual Loops": 5,
                                            "Output": [
                                                "t.id",
                                                "mc.movie_id"
                                            ],
                                            "Inner Unique": false,
                                            "Hash Cond": "(t.id = mc.movie_id)",
                                            "Workers": [
                                                {
                                                    "Worker Number": 0,
                                                    "Actual Startup Time": 105.502,
                                                    "Actual Total Time": 150.321,
                                                    "Actual Rows": 16829,
                                                    "Actual Loops": 1
                                                },
                                                {
                                                    "Worker Number": 1,
                                                    "Actual Startup Time": 114.283,
                                                    "Actual Total Time": 150.294,
                                                    "Actual Rows": 15562,
                                                    "Actual Loops": 1
                                                },
                                                {
                                                    "Worker Number": 2,
                                                    "Actual Startup Time": 109.012,
                                                    "Actual Total Time": 150.398,
                                                    "Actual Rows": 15702,
                                                    "Actual Loops": 1
                                                },
                                                {
                                                    "Worker Number": 3,
                                                    "Actual Startup Time": 110.987,
                                                    "Actual Total Time": 151.423,
                                                    "Actual Rows": 16837,
                                                    "Actual Loops": 1
                                                }
                                            ],
                                            "Plans": [
                                                {
                                                    "Node Type": "Seq Scan",
                                                    "Parent Relationship": "Outer",
                                                    "Parallel Aware": true,
                                                    "Relation Name": "title",
                                                    "Schema": "public",
                                                    "Alias": "t",
                                                    "Startup Cost": 0.0,
                                                    "Total Cost": 42318.81,
                                                    "Plan Rows": 632080,
                                                    "Plan Width": 4,
                                                    "Actual Startup Time": 0.011,
                                                    "Actual Total Time": 59.469,
                                                    "Actual Rows": 505662,
                                                    "Actual Loops": 5,
                                                    "Output": [
                                                        "t.id",
                                                        "t.title",
                                                        "t.imdb_index",
                                                        "t.kind_id",
                                                        "t.production_year",
                                                        "t.imdb_id",
                                                        "t.phonetic_code",
                                                        "t.episode_of_id",
                                                        "t.season_nr",
                                                        "t.episode_nr",
                                                        "t.series_years",
                                                        "t.md5sum"
                                                    ],
                                                    "Workers": [
                                                        {
                                                            "Worker Number": 0,
                                                            "Actual Startup Time": 0.009,
                                                            "Actual Total Time": 60.758,
                                                            "Actual Rows": 482488,
                                                            "Actual Loops": 1
                                                        },
                                                        {
                                                            "Worker Number": 1,
                                                            "Actual Startup Time": 0.013,
                                                            "Actual Total Time": 59.754,
                                                            "Actual Rows": 449659,
                                                            "Actual Loops": 1
                                                        },
                                                        {
                                                            "Worker Number": 2,
                                                            "Actual Startup Time": 0.013,
                                                            "Actual Total Time": 60.172,
                                                            "Actual Rows": 454790,
                                                            "Actual Loops": 1
                                                        },
                                                        {
                                                            "Worker Number": 3,
                                                            "Actual Startup Time": 0.017,
                                                            "Actual Total Time": 61.415,
                                                            "Actual Rows": 473863,
                                                            "Actual Loops": 1
                                                        }
                                                    ]
                                                },
                                                {
                                                    "Node Type": "Hash",
                                                    "Parent Relationship": "Inner",
                                                    "Parallel Aware": true,
                                                    "Startup Cost": 21131.93,
                                                    "Total Cost": 21131.93,
                                                    "Plan Rows": 14585,
                                                    "Plan Width": 4,
                                                    "Actual Startup Time": 26.498,
                                                    "Actual Total Time": 26.499,
                                                    "Actual Rows": 18126,
                                                    "Actual Loops": 5,
                                                    "Output": [
                                                        "mc.movie_id"
                                                    ],
                                                    "Hash Buckets": 131072,
                                                    "Original Hash Buckets": 65536,
                                                    "Hash Batches": 1,
                                                    "Original Hash Batches": 1,
                                                    "Peak Memory Usage": 5120,
                                                    "Workers": [
                                                        {
                                                            "Worker Number": 0,
                                                            "Actual Startup Time": 23.812,
                                                            "Actual Total Time": 23.814,
                                                            "Actual Rows": 13416,
                                                            "Actual Loops": 1
                                                        },
                                                        {
                                                            "Worker Number": 1,
                                                            "Actual Startup Time": 24.332,
                                                            "Actual Total Time": 24.332,
                                                            "Actual Rows": 10504,
                                                            "Actual Loops": 1
                                                        },
                                                        {
                                                            "Worker Number": 2,
                                                            "Actual Startup Time": 24.331,
                                                            "Actual Total Time": 24.332,
                                                            "Actual Rows": 9626,
                                                            "Actual Loops": 1
                                                        },
                                                        {
                                                            "Worker Number": 3,
                                                            "Actual Startup Time": 24.444,
                                                            "Actual Total Time": 24.445,
                                                            "Actual Rows": 11387,
                                                            "Actual Loops": 1
                                                        }
                                                    ],
                                                    "Plans": [
                                                        {
                                                            "Node Type": "Bitmap Heap Scan",
                                                            "Parent Relationship": "Outer",
                                                            "Parallel Aware": true,
                                                            "Relation Name": "movie_companies",
                                                            "Schema": "public",
                                                            "Alias": "mc",
                                                            "Startup Cost": 1912.83,
                                                            "Total Cost": 21131.93,
                                                            "Plan Rows": 14585,
                                                            "Plan Width": 4,
                                                            "Actual Startup Time": 1.323,
                                                            "Actual Total Time": 16.734,
                                                            "Actual Rows": 18126,
                                                            "Actual Loops": 5,
                                                            "Output": [
                                                                "mc.movie_id"
                                                            ],
                                                            "Recheck Cond": "(mc.company_id > 163310)",
                                                            "Rows Removed by Index Recheck": 0,
                                                            "Filter": "(mc.company_type_id = 2)",
                                                            "Rows Removed by Filter": 0,
                                                            "Exact Heap Blocks": 1522,
                                                            "Lossy Heap Blocks": 0,
                                                            "Workers": [
                                                                {
                                                                    "Worker Number": 0,
                                                                    "Actual Startup Time": 0.114,
                                                                    "Actual Total Time": 15.889,
                                                                    "Actual Rows": 13416,
                                                                    "Actual Loops": 1
                                                                },
                                                                {
                                                                    "Worker Number": 1,
                                                                    "Actual Startup Time": 0.297,
                                                                    "Actual Total Time": 16.046,
                                                                    "Actual Rows": 10504,
                                                                    "Actual Loops": 1
                                                                },
                                                                {
                                                                    "Worker Number": 2,
                                                                    "Actual Startup Time": 0.138,
                                                                    "Actual Total Time": 15.334,
                                                                    "Actual Rows": 9626,
                                                                    "Actual Loops": 1
                                                                },
                                                                {
                                                                    "Worker Number": 3,
                                                                    "Actual Startup Time": 0.108,
                                                                    "Actual Total Time": 15.689,
                                                                    "Actual Rows": 11387,
                                                                    "Actual Loops": 1
                                                                }
                                                            ],
                                                            "Plans": [
                                                                {
                                                                    "Node Type": "Bitmap Index Scan",
                                                                    "Parent Relationship": "Outer",
                                                                    "Parallel Aware": false,
                                                                    "Index Name": "company_id_movie_companies",
                                                                    "Startup Cost": 0.0,
                                                                    "Total Cost": 1901.53,
                                                                    "Plan Rows": 88680,
                                                                    "Plan Width": 0,
                                                                    "Actual Startup Time": 5.327,
                                                                    "Actual Total Time": 5.327,
                                                                    "Actual Rows": 90632,
                                                                    "Actual Loops": 1,
                                                                    "Index Cond": "(mc.company_id > 163310)"
                                                                }
                                                            ]
                                                        }
                                                    ]
                                                }
                                            ]
                                        },
                                        {
                                            "Node Type": "Index Scan",
                                            "Parent Relationship": "Inner",
                                            "Parallel Aware": false,
                                            "Scan Direction": "Forward",
                                            "Index Name": "movie_id_movie_keyword",
                                            "Relation Name": "movie_keyword",
                                            "Schema": "public",
                                            "Alias": "mk",
                                            "Startup Cost": 0.43,
                                            "Total Cost": 1.42,
                                            "Plan Rows": 21,
                                            "Plan Width": 4,
                                            "Actual Startup Time": 0.004,
                                            "Actual Total Time": 0.005,
                                            "Actual Rows": 4,
                                            "Actual Loops": 90632,
                                            "Output": [
                                                "mk.id",
                                                "mk.movie_id",
                                                "mk.keyword_id"
                                            ],
                                            "Index Cond": "(mk.movie_id = t.id)",
                                            "Rows Removed by Index Recheck": 0,
                                            "Filter": "(mk.keyword_id > 6069)",
                                            "Rows Removed by Filter": 4,
                                            "Workers": [
                                                {
                                                    "Worker Number": 0,
                                                    "Actual Startup Time": 0.005,
                                                    "Actual Total Time": 0.005,
                                                    "Actual Rows": 3,
                                                    "Actual Loops": 16829
                                                },
                                                {
                                                    "Worker Number": 1,
                                                    "Actual Startup Time": 0.005,
                                                    "Actual Total Time": 0.006,
                                                    "Actual Rows": 4,
                                                    "Actual Loops": 15562
                                                },
                                                {
                                                    "Worker Number": 2,
                                                    "Actual Startup Time": 0.005,
                                                    "Actual Total Time": 0.006,
                                                    "Actual Rows": 4,
                                                    "Actual Loops": 15702
                                                },
                                                {
                                                    "Worker Number": 3,
                                                    "Actual Startup Time": 0.005,
                                                    "Actual Total Time": 0.005,
                                                    "Actual Rows": 3,
                                                    "Actual Loops": 16837
                                                }
                                            ]
                                        }
                                    ]
                                }
                            ]
                        }
                    ]
                }
            ]
        },
        "Planning Time": 230.61,
        "Triggers": [],
        "Execution Time": 286.438
    }
]