{
  "Plan": {
    "Node Type": "Aggregate",
    "Strategy": "Plain",
    "Partial Mode": "Finalize",
    "Parallel Aware": false,
    "Startup Cost": 201446.99,
    "Total Cost": 201447.0,
    "Plan Rows": 1,
    "Plan Width": 8,
    "Actual Startup Time": 1883.517,
    "Actual Total Time": 1928.695,
    "Actual Rows": 1,
    "Actual Loops": 1,
    "Plans": [
      {
        "Node Type": "Gather",
        "Parent Relationship": "Outer",
        "Parallel Aware": false,
        "Startup Cost": 201446.88,
        "Total Cost": 201446.99,
        "Plan Rows": 1,
        "Plan Width": 8,
        "Actual Startup Time": 1882.576,
        "Actual Total Time": 1928.687,
        "Actual Rows": 2,
        "Actual Loops": 1,
        "Workers Planned": 1,
        "Workers Launched": 1,
        "Single Copy": false,
        "Plans": [
          {
            "Node Type": "Aggregate",
            "Strategy": "Plain",
            "Partial Mode": "Partial",
            "Parent Relationship": "Outer",
            "Parallel Aware": false,
            "Startup Cost": 200446.88,
            "Total Cost": 200446.89,
            "Plan Rows": 1,
            "Plan Width": 8,
            "Actual Startup Time": 1876.311,
            "Actual Total Time": 1876.487,
            "Actual Rows": 1,
            "Actual Loops": 2,
            "Plans": [
              {
                "Node Type": "Nested Loop",
                "Parent Relationship": "Outer",
                "Parallel Aware": false,
                "Join Type": "Inner",
                "Startup Cost": 25670.46,
                "Total Cost": 199881.8,
                "Plan Rows": 226031,
                "Plan Width": 0,
                "Actual Startup Time": 315.974,
                "Actual Total Time": 1820.99,
                "Actual Rows": 1011899,
                "Actual Loops": 2,
                "Inner Unique": false,
                "Plans": [
                  {
                    "Node Type": "Hash Join",
                    "Parent Relationship": "Outer",
                    "Parallel Aware": true,
                    "Join Type": "Inner",
                    "Startup Cost": 25670.03,
                    "Total Cost": 86189.94,
                    "Plan Rows": 60249,
                    "Plan Width": 8,
                    "Actual Startup Time": 315.897,
                    "Actual Total Time": 527.857,
                    "Actual Rows": 98019,
                    "Actual Loops": 2,
                    "Inner Unique": false,
                    "Hash Cond": "(t.id = mc.movie_id)",
                    "Plans": [
                      {
                        "Node Type": "Seq Scan",
                        "Parent Relationship": "Outer",
                        "Parallel Aware": true,
                        "Relation Name": "title",
                        "Alias": "t",
                        "Startup Cost": 0.0,
                        "Total Cost": 50870.31,
                        "Plan Rows": 1487231,
                        "Plan Width": 4,
                        "Actual Startup Time": 0.011,
                        "Actual Total Time": 144.638,
                        "Actual Rows": 1264156,
                        "Actual Loops": 2
                      },
                      {
                        "Node Type": "Hash",
                        "Parent Relationship": "Inner",
                        "Parallel Aware": true,
                        "Startup Cost": 24916.92,
                        "Total Cost": 24916.92,
                        "Plan Rows": 60249,
                        "Plan Width": 4,
                        "Actual Startup Time": 84.283,
                        "Actual Total Time": 84.285,
                        "Actual Rows": 98019,
                        "Actual Loops": 2,
                        "Hash Buckets": 262144,
                        "Original Hash Buckets": 131072,
                        "Hash Batches": 1,
                        "Original Hash Batches": 1,
                        "Peak Memory Usage": 10752,
                        "Plans": [
                          {
                            "Node Type": "Bitmap Heap Scan",
                            "Parent Relationship": "Outer",
                            "Parallel Aware": true,
                            "Relation Name": "movie_companies",
                            "Alias": "mc",
                            "Startup Cost": 4346.98,
                            "Total Cost": 24916.92,
                            "Plan Rows": 60249,
                            "Plan Width": 4,
                            "Actual Startup Time": 17.709,
                            "Actual Total Time": 51.794,
                            "Actual Rows": 98019,
                            "Actual Loops": 2,
                            "Recheck Cond": "(company_id > 114720)",
                            "Rows Removed by Index Recheck": 0,
                            "Filter": "(company_type_id > 1)",
                            "Rows Removed by Filter": 0,
                            "Exact Heap Blocks": 3114,
                            "Lossy Heap Blocks": 0,
                            "Plans": [
                              {
                                "Node Type": "Bitmap Index Scan",
                                "Parent Relationship": "Outer",
                                "Parallel Aware": false,
                                "Index Name": "company_id_movie_companies",
                                "Startup Cost": 0.0,
                                "Total Cost": 4321.38,
                                "Plan Rows": 201726,
                                "Plan Width": 0,
                                "Actual Startup Time": 20.366,
                                "Actual Total Time": 20.366,
                                "Actual Rows": 196038,
                                "Actual Loops": 1,
                                "Index Cond": "(company_id > 114720)"
                              }
                            ]
                          }
                        ]
                      }
                    ]
                  },
                  {
                    "Node Type": "Index Scan",
                    "Parent Relationship": "Inner",
                    "Parallel Aware": false,
                    "Scan Direction": "Forward",
                    "Index Name": "movie_id_movie_info",
                    "Relation Name": "movie_info",
                    "Alias": "mi",
                    "Startup Cost": 0.43,
                    "Total Cost": 1.62,
                    "Plan Rows": 27,
                    "Plan Width": 4,
                    "Actual Startup Time": 0.004,
                    "Actual Total Time": 0.012,
                    "Actual Rows": 10,
                    "Actual Loops": 196038,
                    "Index Cond": "(movie_id = t.id)",
                    "Rows Removed by Index Recheck": 0,
                    "Filter": "(info_type_id < 16)",
                    "Rows Removed by Filter": 7
                  }
                ]
              }
            ]
          }
        ]
      }
    ]
  },
  "Planning Time": 1.003,
  "Triggers": [],
  "Execution Time": 1928.816
}