[
  {
    "Plan": {
      "Node Type": "Aggregate",
      "Strategy": "Plain",
      "Partial Mode": "Finalize",
      "Parallel Aware": false,
      "Startup Cost": 340738.29,
      "Total Cost": 340738.3,
      "Plan Rows": 1,
      "Plan Width": 8,
      "Actual Startup Time": 529.001,
      "Actual Total Time": 551.197,
      "Actual Rows": 1,
      "Actual Loops": 1,
      "Plans": [
        {
          "Node Type": "Gather",
          "Parent Relationship": "Outer",
          "Parallel Aware": false,
          "Startup Cost": 340737.67,
          "Total Cost": 340738.28,
          "Plan Rows": 6,
          "Plan Width": 8,
          "Actual Startup Time": 528.881,
          "Actual Total Time": 551.187,
          "Actual Rows": 7,
          "Actual Loops": 1,
          "Workers Planned": 6,
          "Workers Launched": 6,
          "Single Copy": false,
          "Plans": [
            {
              "Node Type": "Aggregate",
              "Strategy": "Plain",
              "Partial Mode": "Partial",
              "Parent Relationship": "Outer",
              "Parallel Aware": false,
              "Startup Cost": 339737.67,
              "Total Cost": 339737.68,
              "Plan Rows": 1,
              "Plan Width": 8,
              "Actual Startup Time": 517.655,
              "Actual Total Time": 517.656,
              "Actual Rows": 1,
              "Actual Loops": 7,
              "Plans": [
                {
                  "Node Type": "Index Scan",
                  "Parent Relationship": "Outer",
                  "Parallel Aware": true,
                  "Scan Direction": "Forward",
                  "Index Name": "role_id_cast_info",
                  "Relation Name": "cast_info",
                  "Alias": "ci",
                  "Startup Cost": 0.56,
                  "Total Cost": 335235.55,
                  "Plan Rows": 1800848,
                  "Plan Width": 0,
                  "Actual Startup Time": 135.796,
                  "Actual Total Time": 448.501,
                  "Actual Rows": 1290613,
                  "Actual Loops": 7,
                  "Index Cond": "(role_id < 2)",
                  "Rows Removed by Index Recheck": 0,
                  "Filter": "(person_id > 486120)",
                  "Rows Removed by Filter": 519485
                }
              ]
            }
          ]
        }
      ]
    },
    "Planning Time": 0.214,
    "Triggers": [],
    "Execution Time": 551.264
  }
]