[
  {
    "Plan": {
      "Node Type": "Aggregate",
      "Strategy": "Plain",
      "Partial Mode": "Finalize",
      "Parallel Aware": false,
      "Startup Cost": 435868.67,
      "Total Cost": 435868.68,
      "Plan Rows": 1,
      "Plan Width": 8,
      "Actual Startup Time": 2287.235,
      "Actual Total Time": 2338.986,
      "Actual Rows": 1,
      "Actual Loops": 1,
      "Plans": [
        {
          "Node Type": "Gather",
          "Parent Relationship": "Outer",
          "Parallel Aware": false,
          "Startup Cost": 435868.04,
          "Total Cost": 435868.65,
          "Plan Rows": 6,
          "Plan Width": 8,
          "Actual Startup Time": 2267.904,
          "Actual Total Time": 2338.969,
          "Actual Rows": 7,
          "Actual Loops": 1,
          "Workers Planned": 6,
          "Workers Launched": 6,
          "Single Copy": false,
          "Plans": [
            {
              "Node Type": "Aggregate",
              "Strategy": "Plain",
              "Partial Mode": "Partial",
              "Parent Relationship": "Outer",
              "Parallel Aware": false,
              "Startup Cost": 434868.04,
              "Total Cost": 434868.05,
              "Plan Rows": 1,
              "Plan Width": 8,
              "Actual Startup Time": 2259.371,
              "Actual Total Time": 2259.831,
              "Actual Rows": 1,
              "Actual Loops": 7,
              "Plans": [
                {
                  "Node Type": "Hash Join",
                  "Parent Relationship": "Outer",
                  "Parallel Aware": true,
                  "Join Type": "Inner",
                  "Startup Cost": 80502.85,
                  "Total Cost": 433031.43,
                  "Plan Rows": 734647,
                  "Plan Width": 0,
                  "Actual Startup Time": 471.639,
                  "Actual Total Time": 2115.504,
                  "Actual Rows": 3124872,
                  "Actual Loops": 7,
                  "Inner Unique": false,
                  "Hash Cond": "(ci.movie_id = t.id)",
                  "Plans": [
                    {
                      "Node Type": "Seq Scan",
                      "Parent Relationship": "Outer",
                      "Parallel Aware": true,
                      "Relation Name": "cast_info",
                      "Alias": "ci",
                      "Startup Cost": 0.0,
                      "Total Cost": 343316.27,
                      "Plan Rows": 1824663,
                      "Plan Width": 4,
                      "Actual Startup Time": 0.071,
                      "Actual Total Time": 683.851,
                      "Actual Rows": 1896009,
                      "Actual Loops": 7,
                      "Filter": "((person_id < 1645124) AND (role_id < 4))",
                      "Rows Removed by Filter": 3281755
                    },
                    {
                      "Node Type": "Hash",
                      "Parent Relationship": "Inner",
                      "Parallel Aware": true,
                      "Startup Cost": 76398.04,
                      "Total Cost": 76398.04,
                      "Plan Rows": 328385,
                      "Plan Width": 8,
                      "Actual Startup Time": 468.91,
                      "Actual Total Time": 469.366,
                      "Actual Rows": 270260,
                      "Actual Loops": 7,
                      "Hash Buckets": 2097152,
                      "Original Hash Buckets": 1048576,
                      "Hash Batches": 1,
                      "Original Hash Batches": 1,
                      "Peak Memory Usage": 98720,
                      "Plans": [
                        {
                          "Node Type": "Hash Join",
                          "Parent Relationship": "Outer",
                          "Parallel Aware": true,
                          "Join Type": "Inner",
                          "Startup Cost": 46982.15,
                          "Total Cost": 76398.04,
                          "Plan Rows": 328385,
                          "Plan Width": 8,
                          "Actual Startup Time": 147.804,
                          "Actual Total Time": 320.343,
                          "Actual Rows": 270260,
                          "Actual Loops": 7,
                          "Inner Unique": true,
                          "Hash Cond": "(mc.movie_id = t.id)",
                          "Plans": [
                            {
                              "Node Type": "Seq Scan",
                              "Parent Relationship": "Outer",
                              "Parallel Aware": true,
                              "Relation Name": "movie_companies",
                              "Alias": "mc",
                              "Startup Cost": 0.0,
                              "Total Cost": 27206.55,
                              "Plan Rows": 841655,
                              "Plan Width": 4,
                              "Actual Startup Time": 0.013,
                              "Actual Total Time": 43.976,
                              "Actual Rows": 372733,
                              "Actual Loops": 7
                            },
                            {
                              "Node Type": "Hash",
                              "Parent Relationship": "Inner",
                              "Parallel Aware": true,
                              "Startup Cost": 43899.32,
                              "Total Cost": 43899.32,
                              "Plan Rows": 246626,
                              "Plan Width": 4,
                              "Actual Startup Time": 146.509,
                              "Actual Total Time": 146.511,
                              "Actual Rows": 140721,
                              "Actual Loops": 7,
                              "Hash Buckets": 1048576,
                              "Original Hash Buckets": 1048576,
                              "Hash Batches": 1,
                              "Original Hash Batches": 1,
                              "Peak Memory Usage": 46880,
                              "Plans": [
                                {
                                  "Node Type": "Seq Scan",
                                  "Parent Relationship": "Outer",
                                  "Parallel Aware": true,
                                  "Relation Name": "title",
                                  "Alias": "t",
                                  "Startup Cost": 0.0,
                                  "Total Cost": 43899.32,
                                  "Plan Rows": 246626,
                                  "Plan Width": 4,
                                  "Actual Startup Time": 0.05,
                                  "Actual Total Time": 79.181,
                                  "Actual Rows": 140721,
                                  "Actual Loops": 7,
                                  "Filter": "(kind_id < 7)",
                                  "Rows Removed by Filter": 220466
                                }
                              ]
                            }
                          ]
                        }
                      ]
                    }
                  ]
                }
              ]
            }
          ]
        }
      ]
    },
    "Planning Time": 0.722,
    "Triggers": [],
    "Execution Time": 2339.063
  }
]