[
  {
    "Plan": {
      "Node Type": "Aggregate",
      "Strategy": "Plain",
      "Partial Mode": "Finalize",
      "Parallel Aware": false,
      "Startup Cost": 82949.15,
      "Total Cost": 82949.16,
      "Plan Rows": 1,
      "Plan Width": 8,
      "Actual Startup Time": 369.275,
      "Actual Total Time": 380.244,
      "Actual Rows": 1,
      "Actual Loops": 1,
      "Plans": [
        {
          "Node Type": "Gather",
          "Parent Relationship": "Outer",
          "Parallel Aware": false,
          "Startup Cost": 82948.73,
          "Total Cost": 82949.14,
          "Plan Rows": 4,
          "Plan Width": 8,
          "Actual Startup Time": 361.6,
          "Actual Total Time": 380.224,
          "Actual Rows": 5,
          "Actual Loops": 1,
          "Workers Planned": 4,
          "Workers Launched": 4,
          "Single Copy": false,
          "Plans": [
            {
              "Node Type": "Aggregate",
              "Strategy": "Plain",
              "Partial Mode": "Partial",
              "Parent Relationship": "Outer",
              "Parallel Aware": false,
              "Startup Cost": 81948.73,
              "Total Cost": 81948.74,
              "Plan Rows": 1,
              "Plan Width": 8,
              "Actual Startup Time": 357.772,
              "Actual Total Time": 357.944,
              "Actual Rows": 1,
              "Actual Loops": 5,
              "Plans": [
                {
                  "Node Type": "Hash Join",
                  "Parent Relationship": "Outer",
                  "Parallel Aware": true,
                  "Join Type": "Inner",
                  "Startup Cost": 35145.23,
                  "Total Cost": 81370.52,
                  "Plan Rows": 231286,
                  "Plan Width": 0,
                  "Actual Startup Time": 147.0,
                  "Actual Total Time": 348.332,
                  "Actual Rows": 220834,
                  "Actual Loops": 5,
                  "Inner Unique": false,
                  "Hash Cond": "(t.id = mc.movie_id)",
                  "Plans": [
                    {
                      "Node Type": "Seq Scan",
                      "Parent Relationship": "Outer",
                      "Parallel Aware": true,
                      "Relation Name": "title",
                      "Alias": "t",
                      "Startup Cost": 0.0,
                      "Total Cost": 42318.81,
                      "Plan Rows": 632080,
                      "Plan Width": 4,
                      "Actual Startup Time": 0.013,
                      "Actual Total Time": 55.907,
                      "Actual Rows": 505662,
                      "Actual Loops": 5
                    },
                    {
                      "Node Type": "Hash",
                      "Parent Relationship": "Inner",
                      "Parallel Aware": true,
                      "Startup Cost": 31414.82,
                      "Total Cost": 31414.82,
                      "Plan Rows": 298433,
                      "Plan Width": 4,
                      "Actual Startup Time": 144.813,
                      "Actual Total Time": 144.815,
                      "Actual Rows": 220834,
                      "Actual Loops": 5,
                      "Hash Buckets": 2097152,
                      "Original Hash Buckets": 1048576,
                      "Hash Batches": 1,
                      "Original Hash Batches": 1,
                      "Peak Memory Usage": 67840,
                      "Plans": [
                        {
                          "Node Type": "Seq Scan",
                          "Parent Relationship": "Outer",
                          "Parallel Aware": true,
                          "Relation Name": "movie_companies",
                          "Alias": "mc",
                          "Startup Cost": 0.0,
                          "Total Cost": 31414.82,
                          "Plan Rows": 298433,
                          "Plan Width": 4,
                          "Actual Startup Time": 29.035,
                          "Actual Total Time": 62.319,
                          "Actual Rows": 220834,
                          "Actual Loops": 5,
                          "Filter": "((company_id > 1709) AND (company_type_id = 2))",
                          "Rows Removed by Filter": 300992
                        }
                      ]
                    }
                  ]
                }
              ]
            }
          ]
        }
      ]
    },
    "Planning Time": 0.274,
    "Triggers": [],
    "Execution Time": 380.28
  }
]