[
  {
    "Plan": {
      "Node Type": "Aggregate",
      "Strategy": "Plain",
      "Partial Mode": "Finalize",
      "Parallel Aware": false,
      "Startup Cost": 62850.72,
      "Total Cost": 62850.73,
      "Plan Rows": 1,
      "Plan Width": 8,
      "Actual Startup Time": 187.165,
      "Actual Total Time": 200.622,
      "Actual Rows": 1,
      "Actual Loops": 1,
      "Plans": [
        {
          "Node Type": "Gather",
          "Parent Relationship": "Outer",
          "Parallel Aware": false,
          "Startup Cost": 62850.51,
          "Total Cost": 62850.72,
          "Plan Rows": 2,
          "Plan Width": 8,
          "Actual Startup Time": 186.628,
          "Actual Total Time": 200.606,
          "Actual Rows": 3,
          "Actual Loops": 1,
          "Workers Planned": 2,
          "Workers Launched": 2,
          "Single Copy": false,
          "Plans": [
            {
              "Node Type": "Aggregate",
              "Strategy": "Plain",
              "Partial Mode": "Partial",
              "Parent Relationship": "Outer",
              "Parallel Aware": false,
              "Startup Cost": 61850.51,
              "Total Cost": 61850.52,
              "Plan Rows": 1,
              "Plan Width": 8,
              "Actual Startup Time": 179.106,
              "Actual Total Time": 179.109,
              "Actual Rows": 1,
              "Actual Loops": 3,
              "Plans": [
                {
                  "Node Type": "Hash Join",
                  "Parent Relationship": "Outer",
                  "Parallel Aware": true,
                  "Join Type": "Inner",
                  "Startup Cost": 46180.97,
                  "Total Cost": 61807.85,
                  "Plan Rows": 17063,
                  "Plan Width": 0,
                  "Actual Startup Time": 122.188,
                  "Actual Total Time": 178.889,
                  "Actual Rows": 5070,
                  "Actual Loops": 3,
                  "Inner Unique": true,
                  "Hash Cond": "(mi_idx.movie_id = t.id)",
                  "Plans": [
                    {
                      "Node Type": "Seq Scan",
                      "Parent Relationship": "Outer",
                      "Parallel Aware": true,
                      "Relation Name": "movie_info_idx",
                      "Alias": "mi_idx",
                      "Startup Cost": 0.0,
                      "Total Cost": 15122.68,
                      "Plan Rows": 192074,
                      "Plan Width": 4,
                      "Actual Startup Time": 0.026,
                      "Actual Total Time": 34.875,
                      "Actual Rows": 153395,
                      "Actual Loops": 3,
                      "Filter": "(info_type_id > 100)",
                      "Rows Removed by Filter": 306617
                    },
                    {
                      "Node Type": "Hash",
                      "Parent Relationship": "Inner",
                      "Parallel Aware": true,
                      "Startup Cost": 45479.1,
                      "Total Cost": 45479.1,
                      "Plan Rows": 56150,
                      "Plan Width": 4,
                      "Actual Startup Time": 119.214,
                      "Actual Total Time": 119.215,
                      "Actual Rows": 43185,
                      "Actual Loops": 3,
                      "Hash Buckets": 262144,
                      "Original Hash Buckets": 262144,
                      "Hash Batches": 1,
                      "Original Hash Batches": 1,
                      "Peak Memory Usage": 7168,
                      "Plans": [
                        {
                          "Node Type": "Seq Scan",
                          "Parent Relationship": "Outer",
                          "Parallel Aware": true,
                          "Relation Name": "title",
                          "Alias": "t",
                          "Startup Cost": 0.0,
                          "Total Cost": 45479.1,
                          "Plan Rows": 56150,
                          "Plan Width": 4,
                          "Actual Startup Time": 0.046,
                          "Actual Total Time": 105.642,
                          "Actual Rows": 43185,
                          "Actual Loops": 3,
                          "Filter": "((production_year < 1971) AND (kind_id = 7))",
                          "Rows Removed by Filter": 799586
                        }
                      ]
                    }
                  ]
                }
              ]
            }
          ]
        }
      ]
    },
    "Planning Time": 0.6,
    "Triggers": [],
    "Execution Time": 200.688
  }
]