{
  "Plan": {
    "Node Type": "Aggregate",
    "Strategy": "Plain",
    "Partial Mode": "Finalize",
    "Parallel Aware": false,
    "Startup Cost": 510251.59,
    "Total Cost": 510251.6,
    "Plan Rows": 1,
    "Plan Width": 8,
    "Actual Startup Time": 1885.677,
    "Actual Total Time": 1916.811,
    "Actual Rows": 1,
    "Actual Loops": 1,
    "Plans": [
      {
        "Node Type": "Gather",
        "Parent Relationship": "Outer",
        "Parallel Aware": false,
        "Startup Cost": 510251.48,
        "Total Cost": 510251.59,
        "Plan Rows": 1,
        "Plan Width": 8,
        "Actual Startup Time": 1879.785,
        "Actual Total Time": 1916.799,
        "Actual Rows": 2,
        "Actual Loops": 1,
        "Workers Planned": 1,
        "Workers Launched": 1,
        "Single Copy": false,
        "Plans": [
          {
            "Node Type": "Aggregate",
            "Strategy": "Plain",
            "Partial Mode": "Partial",
            "Parent Relationship": "Outer",
            "Parallel Aware": false,
            "Startup Cost": 509251.48,
            "Total Cost": 509251.49,
            "Plan Rows": 1,
            "Plan Width": 8,
            "Actual Startup Time": 1871.346,
            "Actual Total Time": 1871.657,
            "Actual Rows": 1,
            "Actual Loops": 2,
            "Plans": [
              {
                "Node Type": "Hash Join",
                "Parent Relationship": "Outer",
                "Parallel Aware": true,
                "Join Type": "Inner",
                "Startup Cost": 206602.1,
                "Total Cost": 506362.66,
                "Plan Rows": 1155528,
                "Plan Width": 0,
                "Actual Startup Time": 1097.769,
                "Actual Total Time": 1825.793,
                "Actual Rows": 883902,
                "Actual Loops": 2,
                "Inner Unique": false,
                "Hash Cond": "(ci.movie_id = t.id)",
                "Plans": [
                  {
                    "Node Type": "Bitmap Heap Scan",
                    "Parent Relationship": "Outer",
                    "Parallel Aware": true,
                    "Relation Name": "cast_info",
                    "Alias": "ci",
                    "Startup Cost": 93063.38,
                    "Total Cost": 376732.19,
                    "Plan Rows": 2478544,
                    "Plan Width": 4,
                    "Actual Startup Time": 201.316,
                    "Actual Total Time": 459.869,
                    "Actual Rows": 2162668,
                    "Actual Loops": 2,
                    "Recheck Cond": "(person_id < 417070)",
                    "Rows Removed by Index Recheck": 0,
                    "Exact Heap Blocks": 29036,
                    "Lossy Heap Blocks": 0,
                    "Plans": [
                      {
                        "Node Type": "Bitmap Index Scan",
                        "Parent Relationship": "Outer",
                        "Parallel Aware": false,
                        "Index Name": "person_id_cast_info",
                        "Startup Cost": 0.0,
                        "Total Cost": 92010.0,
                        "Plan Rows": 4213525,
                        "Plan Width": 0,
                        "Actual Startup Time": 194.09,
                        "Actual Total Time": 194.091,
                        "Actual Rows": 4325335,
                        "Actual Loops": 1,
                        "Index Cond": "(person_id < 417070)"
                      }
                    ]
                  },
                  {
                    "Node Type": "Hash",
                    "Parent Relationship": "Inner",
                    "Parallel Aware": true,
                    "Startup Cost": 104871.65,
                    "Total Cost": 104871.65,
                    "Plan Rows": 693365,
                    "Plan Width": 8,
                    "Actual Startup Time": 882.224,
                    "Actual Total Time": 882.533,
                    "Actual Rows": 233700,
                    "Actual Loops": 2,
                    "Hash Buckets": 2097152,
                    "Original Hash Buckets": 2097152,
                    "Hash Batches": 1,
                    "Original Hash Batches": 1,
                    "Peak Memory Usage": 34688,
                    "Plans": [
                      {
                        "Node Type": "Hash Join",
                        "Parent Relationship": "Outer",
                        "Parallel Aware": true,
                        "Join Type": "Inner",
                        "Startup Cost": 66705.02,
                        "Total Cost": 104871.65,
                        "Plan Rows": 693365,
                        "Plan Width": 8,
                        "Actual Startup Time": 370.956,
                        "Actual Total Time": 809.354,
                        "Actual Rows": 233700,
                        "Actual Loops": 2,
                        "Inner Unique": true,
                        "Hash Cond": "(mc.movie_id = t.id)",
                        "Plans": [
                          {
                            "Node Type": "Seq Scan",
                            "Parent Relationship": "Outer",
                            "Parallel Aware": true,
                            "Relation Name": "movie_companies",
                            "Alias": "mc",
                            "Startup Cost": 0.0,
                            "Total Cost": 34137.82,
                            "Plan Rows": 1534782,
                            "Plan Width": 4,
                            "Actual Startup Time": 0.016,
                            "Actual Total Time": 126.822,
                            "Actual Rows": 1304564,
                            "Actual Loops": 2
                          },
                          {
                            "Node Type": "Hash",
                            "Parent Relationship": "Inner",
                            "Parallel Aware": true,
                            "Startup Cost": 58306.47,
                            "Total Cost": 58306.47,
                            "Plan Rows": 671884,
                            "Plan Width": 4,
                            "Actual Startup Time": 363.565,
                            "Actual Total Time": 363.566,
                            "Actual Rows": 617644,
                            "Actual Loops": 2,
                            "Hash Buckets": 2097152,
                            "Original Hash Buckets": 2097152,
                            "Hash Batches": 1,
                            "Original Hash Batches": 1,
                            "Peak Memory Usage": 64736,
                            "Plans": [
                              {
                                "Node Type": "Seq Scan",
                                "Parent Relationship": "Outer",
                                "Parallel Aware": true,
                                "Relation Name": "title",
                                "Alias": "t",
                                "Startup Cost": 0.0,
                                "Total Cost": 58306.47,
                                "Plan Rows": 671884,
                                "Plan Width": 4,
                                "Actual Startup Time": 0.036,
                                "Actual Total Time": 189.195,
                                "Actual Rows": 617644,
                                "Actual Loops": 2,
                                "Filter": "((production_year > 1984) AND (kind_id = 7))",
                                "Rows Removed by Filter": 646512
                              }
                            ]
                          }
                        ]
                      }
                    ]
                  }
                ]
              }
            ]
          }
        ]
      }
    ]
  },
  "Planning Time": 1.087,
  "Triggers": [],
  "Execution Time": 1916.917
}