[
  {
    "Plan": {
      "Node Type": "Aggregate",
      "Strategy": "Plain",
      "Partial Mode": "Finalize",
      "Parallel Aware": false,
      "Startup Cost": 337362.1,
      "Total Cost": 337362.11,
      "Plan Rows": 1,
      "Plan Width": 8,
      "Actual Startup Time": 739.034,
      "Actual Total Time": 802.96,
      "Actual Rows": 1,
      "Actual Loops": 1,
      "Plans": [
        {
          "Node Type": "Gather",
          "Parent Relationship": "Outer",
          "Parallel Aware": false,
          "Startup Cost": 337361.48,
          "Total Cost": 337362.09,
          "Plan Rows": 6,
          "Plan Width": 8,
          "Actual Startup Time": 738.898,
          "Actual Total Time": 802.948,
          "Actual Rows": 7,
          "Actual Loops": 1,
          "Workers Planned": 6,
          "Workers Launched": 6,
          "Single Copy": false,
          "Plans": [
            {
              "Node Type": "Aggregate",
              "Strategy": "Plain",
              "Partial Mode": "Partial",
              "Parent Relationship": "Outer",
              "Parallel Aware": false,
              "Startup Cost": 336361.48,
              "Total Cost": 336361.49,
              "Plan Rows": 1,
              "Plan Width": 8,
              "Actual Startup Time": 728.78,
              "Actual Total Time": 728.781,
              "Actual Rows": 1,
              "Actual Loops": 7,
              "Plans": [
                {
                  "Node Type": "Seq Scan",
                  "Parent Relationship": "Outer",
                  "Parallel Aware": true,
                  "Relation Name": "cast_info",
                  "Alias": "ci",
                  "Startup Cost": 0.0,
                  "Total Cost": 328162.03,
                  "Plan Rows": 3279781,
                  "Plan Width": 0,
                  "Actual Startup Time": 0.049,
                  "Actual Total Time": 603.09,
                  "Actual Rows": 2820540,
                  "Actual Loops": 7,
                  "Filter": "(person_id < 1979478)",
                  "Rows Removed by Filter": 2357223
                }
              ]
            }
          ]
        }
      ]
    },
    "Planning Time": 0.206,
    "Triggers": [],
    "Execution Time": 803.033
  }
]