{
  "Plan": {
    "Node Type": "Aggregate",
    "Strategy": "Plain",
    "Partial Mode": "Finalize",
    "Parallel Aware": false,
    "Startup Cost": 791917.14,
    "Total Cost": 791917.15,
    "Plan Rows": 1,
    "Plan Width": 8,
    "Actual Startup Time": 8386.874,
    "Actual Total Time": 8467.12,
    "Actual Rows": 1,
    "Actual Loops": 1,
    "Plans": [
      {
        "Node Type": "Gather",
        "Parent Relationship": "Outer",
        "Parallel Aware": false,
        "Startup Cost": 791917.03,
        "Total Cost": 791917.14,
        "Plan Rows": 1,
        "Plan Width": 8,
        "Actual Startup Time": 8365.796,
        "Actual Total Time": 8467.11,
        "Actual Rows": 2,
        "Actual Loops": 1,
        "Workers Planned": 1,
        "Workers Launched": 1,
        "Single Copy": false,
        "Plans": [
          {
            "Node Type": "Aggregate",
            "Strategy": "Plain",
            "Partial Mode": "Partial",
            "Parent Relationship": "Outer",
            "Parallel Aware": false,
            "Startup Cost": 790917.03,
            "Total Cost": 790917.04,
            "Plan Rows": 1,
            "Plan Width": 8,
            "Actual Startup Time": 8349.715,
            "Actual Total Time": 8350.384,
            "Actual Rows": 1,
            "Actual Loops": 2,
            "Plans": [
              {
                "Node Type": "Hash Join",
                "Parent Relationship": "Outer",
                "Parallel Aware": true,
                "Join Type": "Inner",
                "Startup Cost": 642777.12,
                "Total Cost": 768909.59,
                "Plan Rows": 8802974,
                "Plan Width": 0,
                "Actual Startup Time": 4777.843,
                "Actual Total Time": 7286.728,
                "Actual Rows": 27640613,
                "Actual Loops": 2,
                "Inner Unique": false,
                "Hash Cond": "(mk.movie_id = t.id)",
                "Plans": [
                  {
                    "Node Type": "Seq Scan",
                    "Parent Relationship": "Outer",
                    "Parallel Aware": true,
                    "Relation Name": "movie_keyword",
                    "Alias": "mk",
                    "Startup Cost": 0.0,
                    "Total Cost": 51065.35,
                    "Plan Rows": 2661135,
                    "Plan Width": 4,
                    "Actual Startup Time": 0.019,
                    "Actual Total Time": 167.009,
                    "Actual Rows": 2261965,
                    "Actual Loops": 2
                  },
                  {
                    "Node Type": "Hash",
                    "Parent Relationship": "Inner",
                    "Parallel Aware": true,
                    "Startup Cost": 581280.54,
                    "Total Cost": 581280.54,
                    "Plan Rows": 4919726,
                    "Plan Width": 8,
                    "Actual Startup Time": 4746.541,
                    "Actual Total Time": 4747.208,
                    "Actual Rows": 4134602,
                    "Actual Loops": 2,
                    "Hash Buckets": 8388608,
                    "Original Hash Buckets": 8388608,
                    "Hash Batches": 1,
                    "Original Hash Batches": 1,
                    "Peak Memory Usage": 389056,
                    "Plans": [
                      {
                        "Node Type": "Hash Join",
                        "Parent Relationship": "Outer",
                        "Parallel Aware": true,
                        "Join Type": "Inner",
                        "Startup Cost": 254182.66,
                        "Total Cost": 581280.54,
                        "Plan Rows": 4919726,
                        "Plan Width": 8,
                        "Actual Startup Time": 928.868,
                        "Actual Total Time": 3430.747,
                        "Actual Rows": 4134602,
                        "Actual Loops": 2,
                        "Inner Unique": true,
                        "Hash Cond": "(ci.movie_id = t.id)",
                        "Plans": [
                          {
                            "Node Type": "Bitmap Heap Scan",
                            "Parent Relationship": "Outer",
                            "Parallel Aware": true,
                            "Relation Name": "cast_info",
                            "Alias": "ci",
                            "Startup Cost": 184721.96,
                            "Total Cost": 498905.54,
                            "Plan Rows": 4919726,
                            "Plan Width": 4,
                            "Actual Startup Time": 413.164,
                            "Actual Total Time": 901.343,
                            "Actual Rows": 4134602,
                            "Actual Loops": 2,
                            "Recheck Cond": "(person_id > 2855594)",
                            "Rows Removed by Index Recheck": 0,
                            "Exact Heap Blocks": 48849,
                            "Lossy Heap Blocks": 0,
                            "Plans": [
                              {
                                "Node Type": "Bitmap Index Scan",
                                "Parent Relationship": "Outer",
                                "Parallel Aware": false,
                                "Index Name": "person_id_cast_info",
                                "Startup Cost": 0.0,
                                "Total Cost": 182631.08,
                                "Plan Rows": 8363535,
                                "Plan Width": 0,
                                "Actual Startup Time": 396.683,
                                "Actual Total Time": 396.684,
                                "Actual Rows": 8269204,
                                "Actual Loops": 1,
                                "Index Cond": "(person_id > 2855594)"
                              }
                            ]
                          },
                          {
                            "Node Type": "Hash",
                            "Parent Relationship": "Inner",
                            "Parallel Aware": true,
                            "Startup Cost": 50870.31,
                            "Total Cost": 50870.31,
                            "Plan Rows": 1487231,
                            "Plan Width": 4,
                            "Actual Startup Time": 504.849,
                            "Actual Total Time": 504.85,
                            "Actual Rows": 1264156,
                            "Actual Loops": 2,
                            "Hash Buckets": 4194304,
                            "Original Hash Buckets": 4194304,
                            "Hash Batches": 1,
                            "Original Hash Batches": 1,
                            "Peak Memory Usage": 131680,
                            "Plans": [
                              {
                                "Node Type": "Seq Scan",
                                "Parent Relationship": "Outer",
                                "Parallel Aware": true,
                                "Relation Name": "title",
                                "Alias": "t",
                                "Startup Cost": 0.0,
                                "Total Cost": 50870.31,
                                "Plan Rows": 1487231,
                                "Plan Width": 4,
                                "Actual Startup Time": 0.055,
                                "Actual Total Time": 154.783,
                                "Actual Rows": 1264156,
                                "Actual Loops": 2
                              }
                            ]
                          }
                        ]
                      }
                    ]
                  }
                ]
              }
            ]
          }
        ]
      }
    ]
  },
  "Planning Time": 1.065,
  "Triggers": [],
  "Execution Time": 8467.229
}