[
  {
    "Plan": {
      "Node Type": "Aggregate",
      "Strategy": "Plain",
      "Partial Mode": "Finalize",
      "Parallel Aware": false,
      "Startup Cost": 76573.79,
      "Total Cost": 76573.8,
      "Plan Rows": 1,
      "Plan Width": 8,
      "Actual Startup Time": 268.064,
      "Actual Total Time": 280.923,
      "Actual Rows": 1,
      "Actual Loops": 1,
      "Plans": [
        {
          "Node Type": "Gather",
          "Parent Relationship": "Outer",
          "Parallel Aware": false,
          "Startup Cost": 76573.37,
          "Total Cost": 76573.78,
          "Plan Rows": 4,
          "Plan Width": 8,
          "Actual Startup Time": 266.297,
          "Actual Total Time": 280.914,
          "Actual Rows": 5,
          "Actual Loops": 1,
          "Workers Planned": 4,
          "Workers Launched": 4,
          "Single Copy": false,
          "Plans": [
            {
              "Node Type": "Aggregate",
              "Strategy": "Plain",
              "Partial Mode": "Partial",
              "Parent Relationship": "Outer",
              "Parallel Aware": false,
              "Startup Cost": 75573.37,
              "Total Cost": 75573.38,
              "Plan Rows": 1,
              "Plan Width": 8,
              "Actual Startup Time": 256.429,
              "Actual Total Time": 256.433,
              "Actual Rows": 1,
              "Actual Loops": 5,
              "Plans": [
                {
                  "Node Type": "Hash Join",
                  "Parent Relationship": "Outer",
                  "Parallel Aware": true,
                  "Join Type": "Inner",
                  "Startup Cost": 29575.02,
                  "Total Cost": 75346.65,
                  "Plan Rows": 90686,
                  "Plan Width": 0,
                  "Actual Startup Time": 103.351,
                  "Actual Total Time": 253.25,
                  "Actual Rows": 72694,
                  "Actual Loops": 5,
                  "Inner Unique": false,
                  "Hash Cond": "(t.id = mc.movie_id)",
                  "Plans": [
                    {
                      "Node Type": "Seq Scan",
                      "Parent Relationship": "Outer",
                      "Parallel Aware": true,
                      "Relation Name": "title",
                      "Alias": "t",
                      "Startup Cost": 0.0,
                      "Total Cost": 42318.73,
                      "Plan Rows": 632073,
                      "Plan Width": 4,
                      "Actual Startup Time": 0.013,
                      "Actual Total Time": 65.385,
                      "Actual Rows": 505662,
                      "Actual Loops": 5
                    },
                    {
                      "Node Type": "Hash",
                      "Parent Relationship": "Inner",
                      "Parallel Aware": true,
                      "Startup Cost": 28112.35,
                      "Total Cost": 28112.35,
                      "Plan Rows": 117014,
                      "Plan Width": 4,
                      "Actual Startup Time": 88.821,
                      "Actual Total Time": 88.823,
                      "Actual Rows": 72694,
                      "Actual Loops": 5,
                      "Hash Buckets": 524288,
                      "Original Hash Buckets": 524288,
                      "Hash Batches": 1,
                      "Original Hash Batches": 1,
                      "Peak Memory Usage": 18400,
                      "Plans": [
                        {
                          "Node Type": "Bitmap Heap Scan",
                          "Parent Relationship": "Outer",
                          "Parallel Aware": true,
                          "Relation Name": "movie_companies",
                          "Alias": "mc",
                          "Startup Cost": 7859.68,
                          "Total Cost": 28112.35,
                          "Plan Rows": 117014,
                          "Plan Width": 4,
                          "Actual Startup Time": 28.885,
                          "Actual Total Time": 58.408,
                          "Actual Rows": 72694,
                          "Actual Loops": 5,
                          "Recheck Cond": "(company_id > 86362)",
                          "Rows Removed by Index Recheck": 0,
                          "Exact Heap Blocks": 2295,
                          "Lossy Heap Blocks": 0,
                          "Plans": [
                            {
                              "Node Type": "Bitmap Index Scan",
                              "Parent Relationship": "Outer",
                              "Parallel Aware": false,
                              "Index Name": "company_id_movie_companies",
                              "Startup Cost": 0.0,
                              "Total Cost": 7769.0,
                              "Plan Rows": 362742,
                              "Plan Width": 0,
                              "Actual Startup Time": 27.875,
                              "Actual Total Time": 27.875,
                              "Actual Rows": 363471,
                              "Actual Loops": 1,
                              "Index Cond": "(company_id > 86362)"
                            }
                          ]
                        }
                      ]
                    }
                  ]
                }
              ]
            }
          ]
        }
      ]
    },
    "Planning Time": 0.611,
    "Triggers": [],
    "Execution Time": 281.015
  }
]