[
  {
    "Plan": {
      "Node Type": "Aggregate",
      "Strategy": "Plain",
      "Partial Mode": "Finalize",
      "Parallel Aware": false,
      "Startup Cost": 137557.87,
      "Total Cost": 137557.88,
      "Plan Rows": 1,
      "Plan Width": 8,
      "Actual Startup Time": 1558.041,
      "Actual Total Time": 1588.623,
      "Actual Rows": 1,
      "Actual Loops": 1,
      "Plans": [
        {
          "Node Type": "Gather",
          "Parent Relationship": "Outer",
          "Parallel Aware": false,
          "Startup Cost": 137557.55,
          "Total Cost": 137557.86,
          "Plan Rows": 3,
          "Plan Width": 8,
          "Actual Startup Time": 1542.887,
          "Actual Total Time": 1588.615,
          "Actual Rows": 4,
          "Actual Loops": 1,
          "Workers Planned": 3,
          "Workers Launched": 3,
          "Single Copy": false,
          "Plans": [
            {
              "Node Type": "Aggregate",
              "Strategy": "Plain",
              "Partial Mode": "Partial",
              "Parent Relationship": "Outer",
              "Parallel Aware": false,
              "Startup Cost": 136557.55,
              "Total Cost": 136557.56,
              "Plan Rows": 1,
              "Plan Width": 8,
              "Actual Startup Time": 1530.346,
              "Actual Total Time": 1530.959,
              "Actual Rows": 1,
              "Actual Loops": 4,
              "Plans": [
                {
                  "Node Type": "Hash Join",
                  "Parent Relationship": "Outer",
                  "Parallel Aware": true,
                  "Join Type": "Inner",
                  "Startup Cost": 86986.86,
                  "Total Cost": 134352.24,
                  "Plan Rows": 882125,
                  "Plan Width": 0,
                  "Actual Startup Time": 680.514,
                  "Actual Total Time": 1289.771,
                  "Actual Rows": 6119030,
                  "Actual Loops": 4,
                  "Inner Unique": false,
                  "Hash Cond": "(mk.movie_id = t.id)",
                  "Plans": [
                    {
                      "Node Type": "Seq Scan",
                      "Parent Relationship": "Outer",
                      "Parallel Aware": true,
                      "Relation Name": "movie_keyword",
                      "Alias": "mk",
                      "Startup Cost": 0.0,
                      "Total Cost": 39047.32,
                      "Plan Rows": 1459332,
                      "Plan Width": 4,
                      "Actual Startup Time": 0.045,
                      "Actual Total Time": 86.27,
                      "Actual Rows": 1130982,
                      "Actual Loops": 4
                    },
                    {
                      "Node Type": "Hash",
                      "Parent Relationship": "Inner",
                      "Parallel Aware": true,
                      "Startup Cost": 80824.44,
                      "Total Cost": 80824.44,
                      "Plan Rows": 492994,
                      "Plan Width": 8,
                      "Actual Startup Time": 672.485,
                      "Actual Total Time": 673.096,
                      "Actual Rows": 380119,
                      "Actual Loops": 4,
                      "Hash Buckets": 2097152,
                      "Original Hash Buckets": 2097152,
                      "Hash Batches": 1,
                      "Original Hash Batches": 1,
                      "Peak Memory Usage": 75904,
                      "Plans": [
                        {
                          "Node Type": "Hash Join",
                          "Parent Relationship": "Outer",
                          "Parallel Aware": true,
                          "Join Type": "Inner",
                          "Startup Cost": 50219.64,
                          "Total Cost": 80824.44,
                          "Plan Rows": 492994,
                          "Plan Width": 8,
                          "Actual Startup Time": 332.826,
                          "Actual Total Time": 549.825,
                          "Actual Rows": 380119,
                          "Actual Loops": 4,
                          "Inner Unique": true,
                          "Hash Cond": "(mc.movie_id = t.id)",
                          "Plans": [
                            {
                              "Node Type": "Seq Scan",
                              "Parent Relationship": "Outer",
                              "Parallel Aware": true,
                              "Relation Name": "movie_companies",
                              "Alias": "mc",
                              "Startup Cost": 0.0,
                              "Total Cost": 29310.68,
                              "Plan Rows": 492994,
                              "Plan Width": 4,
                              "Actual Startup Time": 0.022,
                              "Actual Total Time": 72.085,
                              "Actual Rows": 380119,
                              "Actual Loops": 4,
                              "Filter": "(company_id < 14251)",
                              "Rows Removed by Filter": 272163
                            },
                            {
                              "Node Type": "Hash",
                              "Parent Relationship": "Inner",
                              "Parallel Aware": true,
                              "Startup Cost": 42318.73,
                              "Total Cost": 42318.73,
                              "Plan Rows": 632073,
                              "Plan Width": 4,
                              "Actual Startup Time": 326.006,
                              "Actual Total Time": 326.007,
                              "Actual Rows": 632078,
                              "Actual Loops": 4,
                              "Hash Buckets": 4194304,
                              "Original Hash Buckets": 4194304,
                              "Hash Batches": 1,
                              "Original Hash Batches": 1,
                              "Peak Memory Usage": 131744,
                              "Plans": [
                                {
                                  "Node Type": "Seq Scan",
                                  "Parent Relationship": "Outer",
                                  "Parallel Aware": true,
                                  "Relation Name": "title",
                                  "Alias": "t",
                                  "Startup Cost": 0.0,
                                  "Total Cost": 42318.73,
                                  "Plan Rows": 632073,
                                  "Plan Width": 4,
                                  "Actual Startup Time": 0.037,
                                  "Actual Total Time": 93.7,
                                  "Actual Rows": 632078,
                                  "Actual Loops": 4
                                }
                              ]
                            }
                          ]
                        }
                      ]
                    }
                  ]
                }
              ]
            }
          ]
        }
      ]
    },
    "Planning Time": 1.405,
    "Triggers": [],
    "Execution Time": 1588.703
  }
]