[
  {
    "Plan": {
      "Node Type": "Aggregate",
      "Strategy": "Plain",
      "Partial Mode": "Finalize",
      "Parallel Aware": false,
      "Startup Cost": 232344.05,
      "Total Cost": 232344.06,
      "Plan Rows": 1,
      "Plan Width": 8,
      "Actual Startup Time": 292.063,
      "Actual Total Time": 310.336,
      "Actual Rows": 1,
      "Actual Loops": 1,
      "Plans": [
        {
          "Node Type": "Gather",
          "Parent Relationship": "Outer",
          "Parallel Aware": false,
          "Startup Cost": 232343.53,
          "Total Cost": 232344.04,
          "Plan Rows": 5,
          "Plan Width": 8,
          "Actual Startup Time": 288.823,
          "Actual Total Time": 310.315,
          "Actual Rows": 6,
          "Actual Loops": 1,
          "Workers Planned": 5,
          "Workers Launched": 5,
          "Single Copy": false,
          "Plans": [
            {
              "Node Type": "Aggregate",
              "Strategy": "Plain",
              "Partial Mode": "Partial",
              "Parent Relationship": "Outer",
              "Parallel Aware": false,
              "Startup Cost": 231343.53,
              "Total Cost": 231343.54,
              "Plan Rows": 1,
              "Plan Width": 8,
              "Actual Startup Time": 281.535,
              "Actual Total Time": 281.539,
              "Actual Rows": 1,
              "Actual Loops": 6,
              "Plans": [
                {
                  "Node Type": "Hash Join",
                  "Parent Relationship": "Outer",
                  "Parallel Aware": true,
                  "Join Type": "Inner",
                  "Startup Cost": 66074.42,
                  "Total Cost": 231231.54,
                  "Plan Rows": 44797,
                  "Plan Width": 0,
                  "Actual Startup Time": 174.768,
                  "Actual Total Time": 276.964,
                  "Actual Rows": 85562,
                  "Actual Loops": 6,
                  "Inner Unique": true,
                  "Hash Cond": "(mi.movie_id = t.id)",
                  "Plans": [
                    {
                      "Node Type": "Bitmap Heap Scan",
                      "Parent Relationship": "Outer",
                      "Parallel Aware": true,
                      "Relation Name": "movie_info",
                      "Alias": "mi",
                      "Startup Cost": 18902.86,
                      "Total Cost": 183510.83,
                      "Plan Rows": 209198,
                      "Plan Width": 4,
                      "Actual Startup Time": 47.19,
                      "Actual Total Time": 114.454,
                      "Actual Rows": 174386,
                      "Actual Loops": 6,
                      "Recheck Cond": "(info_type_id > 78)",
                      "Rows Removed by Index Recheck": 0,
                      "Exact Heap Blocks": 7903,
                      "Lossy Heap Blocks": 0,
                      "Plans": [
                        {
                          "Node Type": "Bitmap Index Scan",
                          "Parent Relationship": "Outer",
                          "Parallel Aware": false,
                          "Index Name": "info_type_id_movie_info",
                          "Startup Cost": 0.0,
                          "Total Cost": 18641.36,
                          "Plan Rows": 1045990,
                          "Plan Width": 0,
                          "Actual Startup Time": 41.561,
                          "Actual Total Time": 41.562,
                          "Actual Rows": 1046316,
                          "Actual Loops": 1,
                          "Index Cond": "(info_type_id > 78)"
                        }
                      ]
                    },
                    {
                      "Node Type": "Hash",
                      "Parent Relationship": "Inner",
                      "Parallel Aware": true,
                      "Startup Cost": 45479.59,
                      "Total Cost": 45479.59,
                      "Plan Rows": 135358,
                      "Plan Width": 4,
                      "Actual Startup Time": 111.653,
                      "Actual Total Time": 111.654,
                      "Actual Rows": 76635,
                      "Actual Loops": 6,
                      "Hash Buckets": 1048576,
                      "Original Hash Buckets": 1048576,
                      "Hash Batches": 1,
                      "Original Hash Batches": 1,
                      "Peak Memory Usage": 26240,
                      "Plans": [
                        {
                          "Node Type": "Seq Scan",
                          "Parent Relationship": "Outer",
                          "Parallel Aware": true,
                          "Relation Name": "title",
                          "Alias": "t",
                          "Startup Cost": 0.0,
                          "Total Cost": 45479.59,
                          "Plan Rows": 135358,
                          "Plan Width": 4,
                          "Actual Startup Time": 0.044,
                          "Actual Total Time": 76.723,
                          "Actual Rows": 76635,
                          "Actual Loops": 6,
                          "Filter": "((kind_id < 7) AND (production_year > 2000))",
                          "Rows Removed by Filter": 344750
                        }
                      ]
                    }
                  ]
                }
              ]
            }
          ]
        }
      ]
    },
    "Planning Time": 0.318,
    "Triggers": [],
    "Execution Time": 310.39
  }
]