[
  {
    "Plan": {
      "Node Type": "Aggregate",
      "Strategy": "Plain",
      "Partial Mode": "Finalize",
      "Parallel Aware": false,
      "Startup Cost": 44975.78,
      "Total Cost": 44975.79,
      "Plan Rows": 1,
      "Plan Width": 8,
      "Actual Startup Time": 133.458,
      "Actual Total Time": 143.096,
      "Actual Rows": 1,
      "Actual Loops": 1,
      "Plans": [
        {
          "Node Type": "Gather",
          "Parent Relationship": "Outer",
          "Parallel Aware": false,
          "Startup Cost": 44975.46,
          "Total Cost": 44975.77,
          "Plan Rows": 3,
          "Plan Width": 8,
          "Actual Startup Time": 133.323,
          "Actual Total Time": 143.086,
          "Actual Rows": 4,
          "Actual Loops": 1,
          "Workers Planned": 3,
          "Workers Launched": 3,
          "Single Copy": false,
          "Plans": [
            {
              "Node Type": "Aggregate",
              "Strategy": "Plain",
              "Partial Mode": "Partial",
              "Parent Relationship": "Outer",
              "Parallel Aware": false,
              "Startup Cost": 43975.46,
              "Total Cost": 43975.47,
              "Plan Rows": 1,
              "Plan Width": 8,
              "Actual Startup Time": 126.8,
              "Actual Total Time": 126.801,
              "Actual Rows": 1,
              "Actual Loops": 4,
              "Plans": [
                {
                  "Node Type": "Seq Scan",
                  "Parent Relationship": "Outer",
                  "Parallel Aware": true,
                  "Relation Name": "movie_keyword",
                  "Alias": "mk",
                  "Startup Cost": 0.0,
                  "Total Cost": 42695.65,
                  "Plan Rows": 511922,
                  "Plan Width": 0,
                  "Actual Startup Time": 0.571,
                  "Actual Total Time": 107.71,
                  "Actual Rows": 394630,
                  "Actual Loops": 4,
                  "Filter": "(keyword_id > 9859)",
                  "Rows Removed by Filter": 736352
                }
              ]
            }
          ]
        }
      ]
    },
    "Planning Time": 0.081,
    "Triggers": [],
    "Execution Time": 143.122
  }
]