{
  "Plan": {
    "Node Type": "Aggregate",
    "Strategy": "Plain",
    "Partial Mode": "Finalize",
    "Parallel Aware": false,
    "Startup Cost": 99321.58,
    "Total Cost": 99321.59,
    "Plan Rows": 1,
    "Plan Width": 8,
    "Actual Startup Time": 290.088,
    "Actual Total Time": 305.586,
    "Actual Rows": 1,
    "Actual Loops": 1,
    "Plans": [
      {
        "Node Type": "Gather",
        "Parent Relationship": "Outer",
        "Parallel Aware": false,
        "Startup Cost": 99321.47,
        "Total Cost": 99321.58,
        "Plan Rows": 1,
        "Plan Width": 8,
        "Actual Startup Time": 289.817,
        "Actual Total Time": 305.578,
        "Actual Rows": 2,
        "Actual Loops": 1,
        "Workers Planned": 1,
        "Workers Launched": 1,
        "Single Copy": false,
        "Plans": [
          {
            "Node Type": "Aggregate",
            "Strategy": "Plain",
            "Partial Mode": "Partial",
            "Parent Relationship": "Outer",
            "Parallel Aware": false,
            "Startup Cost": 98321.47,
            "Total Cost": 98321.48,
            "Plan Rows": 1,
            "Plan Width": 8,
            "Actual Startup Time": 285.409,
            "Actual Total Time": 285.412,
            "Actual Rows": 1,
            "Actual Loops": 2,
            "Plans": [
              {
                "Node Type": "Hash Join",
                "Parent Relationship": "Outer",
                "Parallel Aware": true,
                "Join Type": "Inner",
                "Startup Cost": 54740.83,
                "Total Cost": 98307.76,
                "Plan Rows": 5483,
                "Plan Width": 0,
                "Actual Startup Time": 186.073,
                "Actual Total Time": 285.162,
                "Actual Rows": 4500,
                "Actual Loops": 2,
                "Inner Unique": true,
                "Hash Cond": "(mc.movie_id = t.id)",
                "Plans": [
                  {
                    "Node Type": "Seq Scan",
                    "Parent Relationship": "Outer",
                    "Parallel Aware": true,
                    "Relation Name": "movie_companies",
                    "Alias": "mc",
                    "Startup Cost": 0.0,
                    "Total Cost": 41811.73,
                    "Plan Rows": 668650,
                    "Plan Width": 4,
                    "Actual Startup Time": 48.495,
                    "Actual Total Time": 110.362,
                    "Actual Rows": 480958,
                    "Actual Loops": 2,
                    "Filter": "((company_id < 85145) AND (company_type_id = 2))",
                    "Rows Removed by Filter": 823606
                  },
                  {
                    "Node Type": "Hash",
                    "Parent Relationship": "Inner",
                    "Parallel Aware": true,
                    "Startup Cost": 54588.39,
                    "Total Cost": 54588.39,
                    "Plan Rows": 12195,
                    "Plan Width": 4,
                    "Actual Startup Time": 136.321,
                    "Actual Total Time": 136.322,
                    "Actual Rows": 10656,
                    "Actual Loops": 2,
                    "Hash Buckets": 32768,
                    "Original Hash Buckets": 32768,
                    "Hash Batches": 1,
                    "Original Hash Batches": 1,
                    "Peak Memory Usage": 1120,
                    "Plans": [
                      {
                        "Node Type": "Seq Scan",
                        "Parent Relationship": "Outer",
                        "Parallel Aware": true,
                        "Relation Name": "title",
                        "Alias": "t",
                        "Startup Cost": 0.0,
                        "Total Cost": 54588.39,
                        "Plan Rows": 12195,
                        "Plan Width": 4,
                        "Actual Startup Time": 0.038,
                        "Actual Total Time": 132.534,
                        "Actual Rows": 10656,
                        "Actual Loops": 2,
                        "Filter": "(production_year = 1989)",
                        "Rows Removed by Filter": 1253500
                      }
                    ]
                  }
                ]
              }
            ]
          }
        ]
      }
    ]
  },
  "Planning Time": 0.525,
  "Triggers": [],
  "Execution Time": 305.659
}