[
  {
    "Plan": {
      "Node Type": "Aggregate",
      "Strategy": "Plain",
      "Partial Mode": "Finalize",
      "Parallel Aware": false,
      "Startup Cost": 44546.91,
      "Total Cost": 44546.92,
      "Plan Rows": 1,
      "Plan Width": 8,
      "Actual Startup Time": 119.08,
      "Actual Total Time": 126.015,
      "Actual Rows": 1,
      "Actual Loops": 1,
      "Plans": [
        {
          "Node Type": "Gather",
          "Parent Relationship": "Outer",
          "Parallel Aware": false,
          "Startup Cost": 44546.59,
          "Total Cost": 44546.9,
          "Plan Rows": 3,
          "Plan Width": 8,
          "Actual Startup Time": 118.94,
          "Actual Total Time": 126.007,
          "Actual Rows": 4,
          "Actual Loops": 1,
          "Workers Planned": 3,
          "Workers Launched": 3,
          "Single Copy": false,
          "Plans": [
            {
              "Node Type": "Aggregate",
              "Strategy": "Plain",
              "Partial Mode": "Partial",
              "Parent Relationship": "Outer",
              "Parallel Aware": false,
              "Startup Cost": 43546.59,
              "Total Cost": 43546.6,
              "Plan Rows": 1,
              "Plan Width": 8,
              "Actual Startup Time": 113.724,
              "Actual Total Time": 113.725,
              "Actual Rows": 1,
              "Actual Loops": 4,
              "Plans": [
                {
                  "Node Type": "Seq Scan",
                  "Parent Relationship": "Outer",
                  "Parallel Aware": true,
                  "Relation Name": "movie_keyword",
                  "Alias": "mk",
                  "Startup Cost": 0.0,
                  "Total Cost": 42695.65,
                  "Plan Rows": 340376,
                  "Plan Width": 0,
                  "Actual Startup Time": 1.729,
                  "Actual Total Time": 100.351,
                  "Actual Rows": 263399,
                  "Actual Loops": 4,
                  "Filter": "(keyword_id > 16787)",
                  "Rows Removed by Filter": 867584
                }
              ]
            }
          ]
        }
      ]
    },
    "Planning Time": 0.079,
    "Triggers": [],
    "Execution Time": 126.053
  }
]