[
    {
        "Bao": {
            "Bao prediction": "NaN",
            "Bao recommended hint": "(no hint)"
        }
    },
    {
        "Plan": {
            "Node Type": "Aggregate",
            "Strategy": "Plain",
            "Partial Mode": "Finalize",
            "Parallel Aware": false,
            "Startup Cost": 34558.23,
            "Total Cost": 34558.24,
            "Plan Rows": 1,
            "Plan Width": 8,
            "Actual Startup Time": 107.582,
            "Actual Total Time": 113.653,
            "Actual Rows": 1,
            "Actual Loops": 1,
            "Output": [
                "count(*)"
            ],
            "Plans": [
                {
                    "Node Type": "Gather",
                    "Parent Relationship": "Outer",
                    "Parallel Aware": false,
                    "Startup Cost": 34557.91,
                    "Total Cost": 34558.22,
                    "Plan Rows": 3,
                    "Plan Width": 8,
                    "Actual Startup Time": 107.316,
                    "Actual Total Time": 113.646,
                    "Actual Rows": 4,
                    "Actual Loops": 1,
                    "Output": [
                        "(PARTIAL count(*))"
                    ],
                    "Workers Planned": 3,
                    "Workers Launched": 3,
                    "Single Copy": false,
                    "Plans": [
                        {
                            "Node Type": "Aggregate",
                            "Strategy": "Plain",
                            "Partial Mode": "Partial",
                            "Parent Relationship": "Outer",
                            "Parallel Aware": false,
                            "Startup Cost": 33557.91,
                            "Total Cost": 33557.92,
                            "Plan Rows": 1,
                            "Plan Width": 8,
                            "Actual Startup Time": 98.637,
                            "Actual Total Time": 98.638,
                            "Actual Rows": 1,
                            "Actual Loops": 4,
                            "Output": [
                                "PARTIAL count(*)"
                            ],
                            "Workers": [
                                {
                                    "Worker Number": 0,
                                    "Actual Startup Time": 95.789,
                                    "Actual Total Time": 95.791,
                                    "Actual Rows": 1,
                                    "Actual Loops": 1
                                },
                                {
                                    "Worker Number": 1,
                                    "Actual Startup Time": 95.951,
                                    "Actual Total Time": 95.952,
                                    "Actual Rows": 1,
                                    "Actual Loops": 1
                                },
                                {
                                    "Worker Number": 2,
                                    "Actual Startup Time": 95.882,
                                    "Actual Total Time": 95.883,
                                    "Actual Rows": 1,
                                    "Actual Loops": 1
                                }
                            ],
                            "Plans": [
                                {
                                    "Node Type": "Bitmap Heap Scan",
                                    "Parent Relationship": "Outer",
                                    "Parallel Aware": true,
                                    "Relation Name": "movie_keyword",
                                    "Schema": "public",
                                    "Alias": "mk",
                                    "Startup Cost": 7412.89,
                                    "Total Cost": 33276.07,
                                    "Plan Rows": 112735,
                                    "Plan Width": 0,
                                    "Actual Startup Time": 33.055,
                                    "Actual Total Time": 93.61,
                                    "Actual Rows": 86818,
                                    "Actual Loops": 4,
                                    "Recheck Cond": "(mk.keyword_id > 47925)",
                                    "Rows Removed by Index Recheck": 0,
                                    "Exact Heap Blocks": 10938,
                                    "Lossy Heap Blocks": 0,
                                    "Workers": [
                                        {
                                            "Worker Number": 0,
                                            "Actual Startup Time": 30.359,
                                            "Actual Total Time": 91.103,
                                            "Actual Rows": 62815,
                                            "Actual Loops": 1
                                        },
                                        {
                                            "Worker Number": 1,
                                            "Actual Startup Time": 30.351,
                                            "Actual Total Time": 91.405,
                                            "Actual Rows": 62153,
                                            "Actual Loops": 1
                                        },
                                        {
                                            "Worker Number": 2,
                                            "Actual Startup Time": 30.504,
                                            "Actual Total Time": 91.871,
                                            "Actual Rows": 51303,
                                            "Actual Loops": 1
                                        }
                                    ],
                                    "Plans": [
                                        {
                                            "Node Type": "Bitmap Index Scan",
                                            "Parent Relationship": "Outer",
                                            "Parallel Aware": false,
                                            "Index Name": "keyword_id_movie_keyword",
                                            "Startup Cost": 0.0,
                                            "Total Cost": 7325.52,
                                            "Plan Rows": 349478,
                                            "Plan Width": 0,
                                            "Actual Startup Time": 37.51,
                                            "Actual Total Time": 37.51,
                                            "Actual Rows": 347271,
                                            "Actual Loops": 1,
                                            "Index Cond": "(mk.keyword_id > 47925)"
                                        }
                                    ]
                                }
                            ]
                        }
                    ]
                }
            ]
        },
        "Planning Time": 214.15,
        "Triggers": [],
        "Execution Time": 113.73
    }
]