[
  {
    "Plan": {
      "Node Type": "Aggregate",
      "Strategy": "Plain",
      "Partial Mode": "Finalize",
      "Parallel Aware": false,
      "Startup Cost": 33301.46,
      "Total Cost": 33301.47,
      "Plan Rows": 1,
      "Plan Width": 8,
      "Actual Startup Time": 102.459,
      "Actual Total Time": 110.227,
      "Actual Rows": 1,
      "Actual Loops": 1,
      "Plans": [
        {
          "Node Type": "Gather",
          "Parent Relationship": "Outer",
          "Parallel Aware": false,
          "Startup Cost": 33301.14,
          "Total Cost": 33301.45,
          "Plan Rows": 3,
          "Plan Width": 8,
          "Actual Startup Time": 102.313,
          "Actual Total Time": 110.218,
          "Actual Rows": 4,
          "Actual Loops": 1,
          "Workers Planned": 3,
          "Workers Launched": 3,
          "Single Copy": false,
          "Plans": [
            {
              "Node Type": "Aggregate",
              "Strategy": "Plain",
              "Partial Mode": "Partial",
              "Parent Relationship": "Outer",
              "Parallel Aware": false,
              "Startup Cost": 32301.14,
              "Total Cost": 32301.15,
              "Plan Rows": 1,
              "Plan Width": 8,
              "Actual Startup Time": 93.508,
              "Actual Total Time": 93.509,
              "Actual Rows": 1,
              "Actual Loops": 4,
              "Plans": [
                {
                  "Node Type": "Seq Scan",
                  "Parent Relationship": "Outer",
                  "Parallel Aware": true,
                  "Relation Name": "movie_companies",
                  "Alias": "mc",
                  "Startup Cost": 0.0,
                  "Total Cost": 31414.82,
                  "Plan Rows": 354529,
                  "Plan Width": 0,
                  "Actual Startup Time": 49.964,
                  "Actual Total Time": 84.395,
                  "Actual Rows": 219398,
                  "Actual Loops": 4,
                  "Filter": "((company_id < 76770) AND (company_type_id = 2))",
                  "Rows Removed by Filter": 432884
                }
              ]
            }
          ]
        }
      ]
    },
    "Planning Time": 0.23,
    "Triggers": [],
    "Execution Time": 110.284
  }
]