[
  {
    "Plan": {
      "Node Type": "Aggregate",
      "Strategy": "Plain",
      "Partial Mode": "Finalize",
      "Parallel Aware": false,
      "Startup Cost": 333738.45,
      "Total Cost": 333738.46,
      "Plan Rows": 1,
      "Plan Width": 8,
      "Actual Startup Time": 625.481,
      "Actual Total Time": 685.059,
      "Actual Rows": 1,
      "Actual Loops": 1,
      "Plans": [
        {
          "Node Type": "Gather",
          "Parent Relationship": "Outer",
          "Parallel Aware": false,
          "Startup Cost": 333737.83,
          "Total Cost": 333738.43,
          "Plan Rows": 6,
          "Plan Width": 8,
          "Actual Startup Time": 625.342,
          "Actual Total Time": 685.049,
          "Actual Rows": 7,
          "Actual Loops": 1,
          "Workers Planned": 6,
          "Workers Launched": 6,
          "Single Copy": false,
          "Plans": [
            {
              "Node Type": "Aggregate",
              "Strategy": "Plain",
              "Partial Mode": "Partial",
              "Parent Relationship": "Outer",
              "Parallel Aware": false,
              "Startup Cost": 332737.83,
              "Total Cost": 332737.84,
              "Plan Rows": 1,
              "Plan Width": 8,
              "Actual Startup Time": 615.107,
              "Actual Total Time": 615.108,
              "Actual Rows": 1,
              "Actual Loops": 7,
              "Plans": [
                {
                  "Node Type": "Seq Scan",
                  "Parent Relationship": "Outer",
                  "Parallel Aware": true,
                  "Relation Name": "cast_info",
                  "Alias": "ci",
                  "Startup Cost": 0.0,
                  "Total Cost": 328162.03,
                  "Plan Rows": 1830320,
                  "Plan Width": 0,
                  "Actual Startup Time": 280.302,
                  "Actual Total Time": 552.858,
                  "Actual Rows": 1554717,
                  "Actual Loops": 7,
                  "Filter": "(person_id > 2618187)",
                  "Rows Removed by Filter": 3623047
                }
              ]
            }
          ]
        }
      ]
    },
    "Planning Time": 0.179,
    "Triggers": [],
    "Execution Time": 685.128
  }
]