[
  {
    "Plan": {
      "Node Type": "Aggregate",
      "Strategy": "Plain",
      "Partial Mode": "Finalize",
      "Parallel Aware": false,
      "Startup Cost": 334283.49,
      "Total Cost": 334283.5,
      "Plan Rows": 1,
      "Plan Width": 8,
      "Actual Startup Time": 659.349,
      "Actual Total Time": 720.55,
      "Actual Rows": 1,
      "Actual Loops": 1,
      "Plans": [
        {
          "Node Type": "Gather",
          "Parent Relationship": "Outer",
          "Parallel Aware": false,
          "Startup Cost": 334282.87,
          "Total Cost": 334283.48,
          "Plan Rows": 6,
          "Plan Width": 8,
          "Actual Startup Time": 659.278,
          "Actual Total Time": 720.539,
          "Actual Rows": 7,
          "Actual Loops": 1,
          "Workers Planned": 6,
          "Workers Launched": 6,
          "Single Copy": false,
          "Plans": [
            {
              "Node Type": "Aggregate",
              "Strategy": "Plain",
              "Partial Mode": "Partial",
              "Parent Relationship": "Outer",
              "Parallel Aware": false,
              "Startup Cost": 333282.87,
              "Total Cost": 333282.88,
              "Plan Rows": 1,
              "Plan Width": 8,
              "Actual Startup Time": 649.824,
              "Actual Total Time": 649.825,
              "Actual Rows": 1,
              "Actual Loops": 7,
              "Plans": [
                {
                  "Node Type": "Seq Scan",
                  "Parent Relationship": "Outer",
                  "Parallel Aware": true,
                  "Relation Name": "cast_info",
                  "Alias": "ci",
                  "Startup Cost": 0.0,
                  "Total Cost": 328162.03,
                  "Plan Rows": 2048337,
                  "Plan Width": 0,
                  "Actual Startup Time": 270.333,
                  "Actual Total Time": 574.858,
                  "Actual Rows": 1752925,
                  "Actual Loops": 7,
                  "Filter": "(person_id > 2459734)",
                  "Rows Removed by Filter": 3424839
                }
              ]
            }
          ]
        }
      ]
    },
    "Planning Time": 0.204,
    "Triggers": [],
    "Execution Time": 720.626
  }
]