{
  "Plan": {
    "Node Type": "Aggregate",
    "Strategy": "Plain",
    "Partial Mode": "Finalize",
    "Parallel Aware": false,
    "Startup Cost": 89643.88,
    "Total Cost": 89643.89,
    "Plan Rows": 1,
    "Plan Width": 8,
    "Actual Startup Time": 339.999,
    "Actual Total Time": 357.015,
    "Actual Rows": 1,
    "Actual Loops": 1,
    "Plans": [
      {
        "Node Type": "Gather",
        "Parent Relationship": "Outer",
        "Parallel Aware": false,
        "Startup Cost": 89643.77,
        "Total Cost": 89643.88,
        "Plan Rows": 1,
        "Plan Width": 8,
        "Actual Startup Time": 337.918,
        "Actual Total Time": 357.006,
        "Actual Rows": 2,
        "Actual Loops": 1,
        "Workers Planned": 1,
        "Workers Launched": 1,
        "Single Copy": false,
        "Plans": [
          {
            "Node Type": "Aggregate",
            "Strategy": "Plain",
            "Partial Mode": "Partial",
            "Parent Relationship": "Outer",
            "Parallel Aware": false,
            "Startup Cost": 88643.77,
            "Total Cost": 88643.78,
            "Plan Rows": 1,
            "Plan Width": 8,
            "Actual Startup Time": 332.158,
            "Actual Total Time": 332.161,
            "Actual Rows": 1,
            "Actual Loops": 2,
            "Plans": [
              {
                "Node Type": "Hash Join",
                "Parent Relationship": "Outer",
                "Parallel Aware": true,
                "Join Type": "Inner",
                "Startup Cost": 63176.22,
                "Total Cost": 88590.05,
                "Plan Rows": 21489,
                "Plan Width": 0,
                "Actual Startup Time": 268.32,
                "Actual Total Time": 329.863,
                "Actual Rows": 47722,
                "Actual Loops": 2,
                "Inner Unique": true,
                "Hash Cond": "(mk.movie_id = t.id)",
                "Plans": [
                  {
                    "Node Type": "Bitmap Heap Scan",
                    "Parent Relationship": "Outer",
                    "Parallel Aware": true,
                    "Relation Name": "movie_keyword",
                    "Alias": "mk",
                    "Startup Cost": 2292.51,
                    "Total Cost": 27539.75,
                    "Plan Rows": 63459,
                    "Plan Width": 4,
                    "Actual Startup Time": 13.117,
                    "Actual Total Time": 51.812,
                    "Actual Rows": 60960,
                    "Actual Loops": 2,
                    "Recheck Cond": "(keyword_id < 117)",
                    "Rows Removed by Index Recheck": 0,
                    "Exact Heap Blocks": 14584,
                    "Lossy Heap Blocks": 0,
                    "Plans": [
                      {
                        "Node Type": "Bitmap Index Scan",
                        "Parent Relationship": "Outer",
                        "Parallel Aware": false,
                        "Index Name": "keyword_id_movie_keyword",
                        "Startup Cost": 0.0,
                        "Total Cost": 2265.54,
                        "Plan Rows": 107881,
                        "Plan Width": 0,
                        "Actual Startup Time": 9.708,
                        "Actual Total Time": 9.709,
                        "Actual Rows": 121921,
                        "Actual Loops": 1,
                        "Index Cond": "(keyword_id < 117)"
                      }
                    ]
                  },
                  {
                    "Node Type": "Hash",
                    "Parent Relationship": "Inner",
                    "Parallel Aware": true,
                    "Startup Cost": 54588.39,
                    "Total Cost": 54588.39,
                    "Plan Rows": 503626,
                    "Plan Width": 4,
                    "Actual Startup Time": 246.354,
                    "Actual Total Time": 246.354,
                    "Actual Rows": 427107,
                    "Actual Loops": 2,
                    "Hash Buckets": 1048576,
                    "Original Hash Buckets": 1048576,
                    "Hash Batches": 1,
                    "Original Hash Batches": 1,
                    "Peak Memory Usage": 41632,
                    "Plans": [
                      {
                        "Node Type": "Seq Scan",
                        "Parent Relationship": "Outer",
                        "Parallel Aware": true,
                        "Relation Name": "title",
                        "Alias": "t",
                        "Startup Cost": 0.0,
                        "Total Cost": 54588.39,
                        "Plan Rows": 503626,
                        "Plan Width": 4,
                        "Actual Startup Time": 0.041,
                        "Actual Total Time": 148.705,
                        "Actual Rows": 427107,
                        "Actual Loops": 2,
                        "Filter": "(kind_id < 4)",
                        "Rows Removed by Filter": 837049
                      }
                    ]
                  }
                ]
              }
            ]
          }
        ]
      }
    ]
  },
  "Planning Time": 0.454,
  "Triggers": [],
  "Execution Time": 357.106
}