[
  {
    "Plan": {
      "Node Type": "Aggregate",
      "Strategy": "Plain",
      "Partial Mode": "Finalize",
      "Parallel Aware": false,
      "Startup Cost": 72011.15,
      "Total Cost": 72011.16,
      "Plan Rows": 1,
      "Plan Width": 8,
      "Actual Startup Time": 137.239,
      "Actual Total Time": 154.528,
      "Actual Rows": 1,
      "Actual Loops": 1,
      "Plans": [
        {
          "Node Type": "Gather",
          "Parent Relationship": "Outer",
          "Parallel Aware": false,
          "Startup Cost": 72010.73,
          "Total Cost": 72011.14,
          "Plan Rows": 4,
          "Plan Width": 8,
          "Actual Startup Time": 137.083,
          "Actual Total Time": 154.518,
          "Actual Rows": 5,
          "Actual Loops": 1,
          "Workers Planned": 4,
          "Workers Launched": 4,
          "Single Copy": false,
          "Plans": [
            {
              "Node Type": "Aggregate",
              "Strategy": "Plain",
              "Partial Mode": "Partial",
              "Parent Relationship": "Outer",
              "Parallel Aware": false,
              "Startup Cost": 71010.73,
              "Total Cost": 71010.74,
              "Plan Rows": 1,
              "Plan Width": 8,
              "Actual Startup Time": 129.99,
              "Actual Total Time": 129.992,
              "Actual Rows": 1,
              "Actual Loops": 5,
              "Plans": [
                {
                  "Node Type": "Nested Loop",
                  "Parent Relationship": "Outer",
                  "Parallel Aware": false,
                  "Join Type": "Inner",
                  "Startup Cost": 0.43,
                  "Total Cost": 70999.03,
                  "Plan Rows": 4678,
                  "Plan Width": 0,
                  "Actual Startup Time": 0.539,
                  "Actual Total Time": 129.523,
                  "Actual Rows": 5591,
                  "Actual Loops": 5,
                  "Inner Unique": false,
                  "Plans": [
                    {
                      "Node Type": "Seq Scan",
                      "Parent Relationship": "Outer",
                      "Parallel Aware": true,
                      "Relation Name": "title",
                      "Alias": "t",
                      "Startup Cost": 0.0,
                      "Total Cost": 43899.32,
                      "Plan Rows": 3456,
                      "Plan Width": 4,
                      "Actual Startup Time": 0.062,
                      "Actual Total Time": 99.318,
                      "Actual Rows": 2891,
                      "Actual Loops": 5,
                      "Filter": "(production_year = 1981)",
                      "Rows Removed by Filter": 502771
                    },
                    {
                      "Node Type": "Index Scan",
                      "Parent Relationship": "Inner",
                      "Parallel Aware": false,
                      "Scan Direction": "Forward",
                      "Index Name": "movie_id_movie_keyword",
                      "Relation Name": "movie_keyword",
                      "Alias": "mk",
                      "Startup Cost": 0.43,
                      "Total Cost": 7.49,
                      "Plan Rows": 35,
                      "Plan Width": 4,
                      "Actual Startup Time": 0.009,
                      "Actual Total Time": 0.01,
                      "Actual Rows": 2,
                      "Actual Loops": 14456,
                      "Index Cond": "(movie_id = t.id)",
                      "Rows Removed by Index Recheck": 0,
                      "Filter": "(keyword_id > 1135)",
                      "Rows Removed by Filter": 1
                    }
                  ]
                }
              ]
            }
          ]
        }
      ]
    },
    "Planning Time": 0.328,
    "Triggers": [],
    "Execution Time": 154.576
  }
]