[
  {
    "Plan": {
      "Node Type": "Aggregate",
      "Strategy": "Plain",
      "Partial Mode": "Finalize",
      "Parallel Aware": false,
      "Startup Cost": 33104.21,
      "Total Cost": 33104.22,
      "Plan Rows": 1,
      "Plan Width": 8,
      "Actual Startup Time": 89.899,
      "Actual Total Time": 96.357,
      "Actual Rows": 1,
      "Actual Loops": 1,
      "Plans": [
        {
          "Node Type": "Gather",
          "Parent Relationship": "Outer",
          "Parallel Aware": false,
          "Startup Cost": 33103.89,
          "Total Cost": 33104.2,
          "Plan Rows": 3,
          "Plan Width": 8,
          "Actual Startup Time": 89.757,
          "Actual Total Time": 96.345,
          "Actual Rows": 4,
          "Actual Loops": 1,
          "Workers Planned": 3,
          "Workers Launched": 3,
          "Single Copy": false,
          "Plans": [
            {
              "Node Type": "Aggregate",
              "Strategy": "Plain",
              "Partial Mode": "Partial",
              "Parent Relationship": "Outer",
              "Parallel Aware": false,
              "Startup Cost": 32103.89,
              "Total Cost": 32103.9,
              "Plan Rows": 1,
              "Plan Width": 8,
              "Actual Startup Time": 84.037,
              "Actual Total Time": 84.038,
              "Actual Rows": 1,
              "Actual Loops": 4,
              "Plans": [
                {
                  "Node Type": "Seq Scan",
                  "Parent Relationship": "Outer",
                  "Parallel Aware": true,
                  "Relation Name": "movie_companies",
                  "Alias": "mc",
                  "Startup Cost": 0.0,
                  "Total Cost": 31414.82,
                  "Plan Rows": 275629,
                  "Plan Width": 0,
                  "Actual Startup Time": 1.795,
                  "Actual Total Time": 75.657,
                  "Actual Rows": 166176,
                  "Actual Loops": 4,
                  "Filter": "((company_id > 2512) AND (company_type_id < 2))",
                  "Rows Removed by Filter": 486106
                }
              ]
            }
          ]
        }
      ]
    },
    "Planning Time": 0.229,
    "Triggers": [],
    "Execution Time": 96.411
  }
]