[
  {
    "Plan": {
      "Node Type": "Aggregate",
      "Strategy": "Plain",
      "Partial Mode": "Finalize",
      "Parallel Aware": false,
      "Startup Cost": 249842.72,
      "Total Cost": 249842.73,
      "Plan Rows": 1,
      "Plan Width": 8,
      "Actual Startup Time": 1189.368,
      "Actual Total Time": 1233.672,
      "Actual Rows": 1,
      "Actual Loops": 1,
      "Plans": [
        {
          "Node Type": "Gather",
          "Parent Relationship": "Outer",
          "Parallel Aware": false,
          "Startup Cost": 249842.2,
          "Total Cost": 249842.71,
          "Plan Rows": 5,
          "Plan Width": 8,
          "Actual Startup Time": 1185.09,
          "Actual Total Time": 1233.659,
          "Actual Rows": 6,
          "Actual Loops": 1,
          "Workers Planned": 5,
          "Workers Launched": 5,
          "Single Copy": false,
          "Plans": [
            {
              "Node Type": "Aggregate",
              "Strategy": "Plain",
              "Partial Mode": "Partial",
              "Parent Relationship": "Outer",
              "Parallel Aware": false,
              "Startup Cost": 248842.2,
              "Total Cost": 248842.21,
              "Plan Rows": 1,
              "Plan Width": 8,
              "Actual Startup Time": 1177.126,
              "Actual Total Time": 1177.129,
              "Actual Rows": 1,
              "Actual Loops": 6,
              "Plans": [
                {
                  "Node Type": "Hash Join",
                  "Parent Relationship": "Outer",
                  "Parallel Aware": true,
                  "Join Type": "Inner",
                  "Startup Cost": 47481.79,
                  "Total Cost": 246961.19,
                  "Plan Rows": 752404,
                  "Plan Width": 0,
                  "Actual Startup Time": 155.811,
                  "Actual Total Time": 1102.501,
                  "Actual Rows": 1376103,
                  "Actual Loops": 6,
                  "Inner Unique": true,
                  "Hash Cond": "(mi.movie_id = t.id)",
                  "Plans": [
                    {
                      "Node Type": "Seq Scan",
                      "Parent Relationship": "Outer",
                      "Parallel Aware": true,
                      "Relation Name": "movie_info",
                      "Alias": "mi",
                      "Startup Cost": 0.0,
                      "Total Cost": 191685.19,
                      "Plan Rows": 2969219,
                      "Plan Width": 4,
                      "Actual Startup Time": 0.031,
                      "Actual Total Time": 338.775,
                      "Actual Rows": 2472620,
                      "Actual Loops": 6
                    },
                    {
                      "Node Type": "Hash",
                      "Parent Relationship": "Inner",
                      "Parallel Aware": true,
                      "Startup Cost": 45479.59,
                      "Total Cost": 45479.59,
                      "Plan Rows": 160176,
                      "Plan Width": 4,
                      "Actual Startup Time": 137.867,
                      "Actual Total Time": 137.868,
                      "Actual Rows": 108994,
                      "Actual Loops": 6,
                      "Hash Buckets": 1048576,
                      "Original Hash Buckets": 1048576,
                      "Hash Batches": 1,
                      "Original Hash Batches": 1,
                      "Peak Memory Usage": 33888,
                      "Plans": [
                        {
                          "Node Type": "Seq Scan",
                          "Parent Relationship": "Outer",
                          "Parallel Aware": true,
                          "Relation Name": "title",
                          "Alias": "t",
                          "Startup Cost": 0.0,
                          "Total Cost": 45479.59,
                          "Plan Rows": 160176,
                          "Plan Width": 4,
                          "Actual Startup Time": 41.154,
                          "Actual Total Time": 89.505,
                          "Actual Rows": 108994,
                          "Actual Loops": 6,
                          "Filter": "((kind_id < 2) AND (production_year > 1897))",
                          "Rows Removed by Filter": 312391
                        }
                      ]
                    }
                  ]
                }
              ]
            }
          ]
        }
      ]
    },
    "Planning Time": 0.28,
    "Triggers": [],
    "Execution Time": 1233.722
  }
]