[
  {
    "Plan": {
      "Node Type": "Aggregate",
      "Strategy": "Plain",
      "Partial Mode": "Finalize",
      "Parallel Aware": false,
      "Startup Cost": 30929.38,
      "Total Cost": 30929.39,
      "Plan Rows": 1,
      "Plan Width": 8,
      "Actual Startup Time": 93.818,
      "Actual Total Time": 102.407,
      "Actual Rows": 1,
      "Actual Loops": 1,
      "Plans": [
        {
          "Node Type": "Gather",
          "Parent Relationship": "Outer",
          "Parallel Aware": false,
          "Startup Cost": 30929.06,
          "Total Cost": 30929.37,
          "Plan Rows": 3,
          "Plan Width": 8,
          "Actual Startup Time": 93.712,
          "Actual Total Time": 102.399,
          "Actual Rows": 4,
          "Actual Loops": 1,
          "Workers Planned": 3,
          "Workers Launched": 3,
          "Single Copy": false,
          "Plans": [
            {
              "Node Type": "Aggregate",
              "Strategy": "Plain",
              "Partial Mode": "Partial",
              "Parent Relationship": "Outer",
              "Parallel Aware": false,
              "Startup Cost": 29929.06,
              "Total Cost": 29929.07,
              "Plan Rows": 1,
              "Plan Width": 8,
              "Actual Startup Time": 88.394,
              "Actual Total Time": 88.395,
              "Actual Rows": 1,
              "Actual Loops": 4,
              "Plans": [
                {
                  "Node Type": "Seq Scan",
                  "Parent Relationship": "Outer",
                  "Parallel Aware": true,
                  "Relation Name": "movie_companies",
                  "Alias": "mc",
                  "Startup Cost": 0.0,
                  "Total Cost": 29310.68,
                  "Plan Rows": 247351,
                  "Plan Width": 0,
                  "Actual Startup Time": 22.523,
                  "Actual Total Time": 79.087,
                  "Actual Rows": 189956,
                  "Actual Loops": 4,
                  "Filter": "(company_id > 35494)",
                  "Rows Removed by Filter": 462326
                }
              ]
            }
          ]
        }
      ]
    },
    "Planning Time": 0.132,
    "Triggers": [],
    "Execution Time": 102.447
  }
]