[
  {
    "Plan": {
      "Node Type": "Aggregate",
      "Strategy": "Plain",
      "Partial Mode": "Finalize",
      "Parallel Aware": false,
      "Startup Cost": 338236.93,
      "Total Cost": 338236.94,
      "Plan Rows": 1,
      "Plan Width": 8,
      "Actual Startup Time": 746.261,
      "Actual Total Time": 802.003,
      "Actual Rows": 1,
      "Actual Loops": 1,
      "Plans": [
        {
          "Node Type": "Gather",
          "Parent Relationship": "Outer",
          "Parallel Aware": false,
          "Startup Cost": 338236.3,
          "Total Cost": 338236.91,
          "Plan Rows": 6,
          "Plan Width": 8,
          "Actual Startup Time": 746.119,
          "Actual Total Time": 801.994,
          "Actual Rows": 7,
          "Actual Loops": 1,
          "Workers Planned": 6,
          "Workers Launched": 6,
          "Single Copy": false,
          "Plans": [
            {
              "Node Type": "Aggregate",
              "Strategy": "Plain",
              "Partial Mode": "Partial",
              "Parent Relationship": "Outer",
              "Parallel Aware": false,
              "Startup Cost": 337236.3,
              "Total Cost": 337236.31,
              "Plan Rows": 1,
              "Plan Width": 8,
              "Actual Startup Time": 738.844,
              "Actual Total Time": 738.845,
              "Actual Rows": 1,
              "Actual Loops": 7,
              "Plans": [
                {
                  "Node Type": "Seq Scan",
                  "Parent Relationship": "Outer",
                  "Parallel Aware": true,
                  "Relation Name": "cast_info",
                  "Alias": "ci",
                  "Startup Cost": 0.0,
                  "Total Cost": 328162.03,
                  "Plan Rows": 3629710,
                  "Plan Width": 0,
                  "Actual Startup Time": 155.416,
                  "Actual Total Time": 604.821,
                  "Actual Rows": 3113087,
                  "Actual Loops": 7,
                  "Filter": "(person_id > 1423339)",
                  "Rows Removed by Filter": 2064676
                }
              ]
            }
          ]
        }
      ]
    },
    "Planning Time": 0.132,
    "Triggers": [],
    "Execution Time": 802.06
  }
]