{
  "Plan": {
    "Node Type": "Aggregate",
    "Strategy": "Plain",
    "Partial Mode": "Finalize",
    "Parallel Aware": false,
    "Startup Cost": 128099.95,
    "Total Cost": 128099.96,
    "Plan Rows": 1,
    "Plan Width": 8,
    "Actual Startup Time": 767.293,
    "Actual Total Time": 781.637,
    "Actual Rows": 1,
    "Actual Loops": 1,
    "Plans": [
      {
        "Node Type": "Gather",
        "Parent Relationship": "Outer",
        "Parallel Aware": false,
        "Startup Cost": 128099.84,
        "Total Cost": 128099.95,
        "Plan Rows": 1,
        "Plan Width": 8,
        "Actual Startup Time": 765.409,
        "Actual Total Time": 781.627,
        "Actual Rows": 2,
        "Actual Loops": 1,
        "Workers Planned": 1,
        "Workers Launched": 1,
        "Single Copy": false,
        "Plans": [
          {
            "Node Type": "Aggregate",
            "Strategy": "Plain",
            "Partial Mode": "Partial",
            "Parent Relationship": "Outer",
            "Parallel Aware": false,
            "Startup Cost": 127099.84,
            "Total Cost": 127099.85,
            "Plan Rows": 1,
            "Plan Width": 8,
            "Actual Startup Time": 759.718,
            "Actual Total Time": 759.722,
            "Actual Rows": 1,
            "Actual Loops": 2,
            "Plans": [
              {
                "Node Type": "Hash Join",
                "Parent Relationship": "Outer",
                "Parallel Aware": true,
                "Join Type": "Inner",
                "Startup Cost": 64632.94,
                "Total Cost": 125937.49,
                "Plan Rows": 464939,
                "Plan Width": 0,
                "Actual Startup Time": 294.224,
                "Actual Total Time": 718.432,
                "Actual Rows": 818130,
                "Actual Loops": 2,
                "Inner Unique": true,
                "Hash Cond": "(mk.movie_id = t.id)",
                "Plans": [
                  {
                    "Node Type": "Seq Scan",
                    "Parent Relationship": "Outer",
                    "Parallel Aware": true,
                    "Relation Name": "movie_keyword",
                    "Alias": "mk",
                    "Startup Cost": 0.0,
                    "Total Cost": 57718.19,
                    "Plan Rows": 1366227,
                    "Plan Width": 4,
                    "Actual Startup Time": 0.014,
                    "Actual Total Time": 216.901,
                    "Actual Rows": 1162370,
                    "Actual Loops": 2,
                    "Filter": "(keyword_id < 5083)",
                    "Rows Removed by Filter": 1099596
                  },
                  {
                    "Node Type": "Hash",
                    "Parent Relationship": "Inner",
                    "Parallel Aware": true,
                    "Startup Cost": 58306.47,
                    "Total Cost": 58306.47,
                    "Plan Rows": 506118,
                    "Plan Width": 4,
                    "Actual Startup Time": 284.854,
                    "Actual Total Time": 284.855,
                    "Actual Rows": 384977,
                    "Actual Loops": 2,
                    "Hash Buckets": 1048576,
                    "Original Hash Buckets": 1048576,
                    "Hash Batches": 1,
                    "Original Hash Batches": 1,
                    "Peak Memory Usage": 38336,
                    "Plans": [
                      {
                        "Node Type": "Seq Scan",
                        "Parent Relationship": "Outer",
                        "Parallel Aware": true,
                        "Relation Name": "title",
                        "Alias": "t",
                        "Startup Cost": 0.0,
                        "Total Cost": 58306.47,
                        "Plan Rows": 506118,
                        "Plan Width": 4,
                        "Actual Startup Time": 0.035,
                        "Actual Total Time": 176.768,
                        "Actual Rows": 384977,
                        "Actual Loops": 2,
                        "Filter": "((kind_id < 7) AND (production_year > 1962))",
                        "Rows Removed by Filter": 879179
                      }
                    ]
                  }
                ]
              }
            ]
          }
        ]
      }
    ]
  },
  "Planning Time": 0.67,
  "Triggers": [],
  "Execution Time": 781.705
}