[
  {
    "Plan": {
      "Node Type": "Aggregate",
      "Strategy": "Plain",
      "Partial Mode": "Finalize",
      "Parallel Aware": false,
      "Startup Cost": 549504.58,
      "Total Cost": 549504.59,
      "Plan Rows": 1,
      "Plan Width": 64,
      "Actual Startup Time": 4179.492,
      "Actual Total Time": 4328.585,
      "Actual Rows": 1,
      "Actual Loops": 1,
      "Plans": [
        {
          "Node Type": "Gather",
          "Parent Relationship": "Outer",
          "Parallel Aware": false,
          "Startup Cost": 549504.26,
          "Total Cost": 549504.57,
          "Plan Rows": 3,
          "Plan Width": 64,
          "Actual Startup Time": 4175.013,
          "Actual Total Time": 4328.571,
          "Actual Rows": 4,
          "Actual Loops": 1,
          "Workers Planned": 3,
          "Workers Launched": 3,
          "Single Copy": false,
          "Plans": [
            {
              "Node Type": "Aggregate",
              "Strategy": "Plain",
              "Partial Mode": "Partial",
              "Parent Relationship": "Outer",
              "Parallel Aware": false,
              "Startup Cost": 548504.26,
              "Total Cost": 548504.27,
              "Plan Rows": 1,
              "Plan Width": 64,
              "Actual Startup Time": 4166.093,
              "Actual Total Time": 4166.71,
              "Actual Rows": 1,
              "Actual Loops": 4,
              "Plans": [
                {
                  "Node Type": "Hash Join",
                  "Parent Relationship": "Outer",
                  "Parallel Aware": true,
                  "Join Type": "Inner",
                  "Startup Cost": 533109.05,
                  "Total Cost": 548503.0,
                  "Plan Rows": 252,
                  "Plan Width": 33,
                  "Actual Startup Time": 4062.391,
                  "Actual Total Time": 4158.206,
                  "Actual Rows": 74242,
                  "Actual Loops": 4,
                  "Inner Unique": false,
                  "Hash Cond": "(an.person_id = n.id)",
                  "Plans": [
                    {
                      "Node Type": "Seq Scan",
                      "Parent Relationship": "Outer",
                      "Parallel Aware": true,
                      "Relation Name": "aka_name",
                      "Alias": "an",
                      "Startup Cost": 0.0,
                      "Total Cost": 14303.56,
                      "Plan Rows": 290756,
                      "Plan Width": 20,
                      "Actual Startup Time": 0.029,
                      "Actual Total Time": 43.367,
                      "Actual Rows": 225336,
                      "Actual Loops": 4
                    },
                    {
                      "Node Type": "Hash",
                      "Parent Relationship": "Inner",
                      "Parallel Aware": true,
                      "Startup Cost": 533108.01,
                      "Total Cost": 533108.01,
                      "Plan Rows": 83,
                      "Plan Width": 25,
                      "Actual Startup Time": 4060.804,
                      "Actual Total Time": 4061.419,
                      "Actual Rows": 51126,
                      "Actual Loops": 4,
                      "Hash Buckets": 262144,
                      "Original Hash Buckets": 1024,
                      "Hash Batches": 1,
                      "Original Hash Batches": 1,
                      "Peak Memory Usage": 17496,
                      "Plans": [
                        {
                          "Node Type": "Hash Join",
                          "Parent Relationship": "Outer",
                          "Parallel Aware": true,
                          "Join Type": "Inner",
                          "Startup Cost": 463170.03,
                          "Total Cost": 533108.01,
                          "Plan Rows": 83,
                          "Plan Width": 25,
                          "Actual Startup Time": 3598.137,
                          "Actual Total Time": 4010.28,
                          "Actual Rows": 51126,
                          "Actual Loops": 4,
                          "Inner Unique": false,
                          "Hash Cond": "(n.id = ci.person_id)",
                          "Plans": [
                            {
                              "Node Type": "Seq Scan",
                              "Parent Relationship": "Outer",
                              "Parallel Aware": true,
                              "Relation Name": "name",
                              "Alias": "n",
                              "Startup Cost": 0.0,
                              "Total Cost": 66031.07,
                              "Plan Rows": 1041807,
                              "Plan Width": 4,
                              "Actual Startup Time": 0.02,
                              "Actual Total Time": 192.649,
                              "Actual Rows": 1041873,
                              "Actual Loops": 4
                            },
                            {
                              "Node Type": "Hash",
                              "Parent Relationship": "Inner",
                              "Parallel Aware": true,
                              "Startup Cost": 463169.33,
                              "Total Cost": 463169.33,
                              "Plan Rows": 56,
                              "Plan Width": 21,
                              "Actual Startup Time": 3597.834,
                              "Actual Total Time": 3598.447,
                              "Actual Rows": 51126,
                              "Actual Loops": 4,
                              "Hash Buckets": 262144,
                              "Original Hash Buckets": 1024,
                              "Hash Batches": 1,
                              "Original Hash Batches": 1,
                              "Peak Memory Usage": 16728,
                              "Plans": [
                                {
                                  "Node Type": "Hash Join",
                                  "Parent Relationship": "Outer",
                                  "Parallel Aware": true,
                                  "Join Type": "Inner",
                                  "Startup Cost": 127457.48,
                                  "Total Cost": 463169.33,
                                  "Plan Rows": 56,
                                  "Plan Width": 21,
                                  "Actual Startup Time": 859.19,
                                  "Actual Total Time": 3485.043,
                                  "Actual Rows": 51126,
                                  "Actual Loops": 4,
                                  "Inner Unique": false,
                                  "Hash Cond": "(ci.movie_id = t.id)",
                                  "Plans": [
                                    {
                                      "Node Type": "Seq Scan",
                                      "Parent Relationship": "Outer",
                                      "Parallel Aware": true,
                                      "Relation Name": "cast_info",
                                      "Alias": "ci",
                                      "Startup Cost": 0.0,
                                      "Total Cost": 313068.58,
                                      "Plan Rows": 6038158,
                                      "Plan Width": 8,
                                      "Actual Startup Time": 0.021,
                                      "Actual Total Time": 1279.334,
                                      "Actual Rows": 9061086,
                                      "Actual Loops": 4
                                    },
                                    {
                                      "Node Type": "Hash",
                                      "Parent Relationship": "Inner",
                                      "Parallel Aware": true,
                                      "Startup Cost": 127457.4,
                                      "Total Cost": 127457.4,
                                      "Plan Rows": 7,
                                      "Plan Width": 29,
                                      "Actual Startup Time": 858.871,
                                      "Actual Total Time": 859.48,
                                      "Actual Rows": 1999,
                                      "Actual Loops": 4,
                                      "Hash Buckets": 8192,
                                      "Original Hash Buckets": 1024,
                                      "Hash Batches": 1,
                                      "Original Hash Batches": 1,
                                      "Peak Memory Usage": 728,
                                      "Plans": [
                                        {
                                          "Node Type": "Hash Join",
                                          "Parent Relationship": "Outer",
                                          "Parallel Aware": true,
                                          "Join Type": "Inner",
                                          "Startup Cost": 97094.58,
                                          "Total Cost": 127457.4,
                                          "Plan Rows": 7,
                                          "Plan Width": 29,
                                          "Actual Startup Time": 652.207,
                                          "Actual Total Time": 829.416,
                                          "Actual Rows": 1999,
                                          "Actual Loops": 4,
                                          "Inner Unique": true,
                                          "Hash Cond": "(mc.company_id = cn.id)",
                                          "Plans": [
                                            {
                                              "Node Type": "Hash Join",
                                              "Parent Relationship": "Outer",
                                              "Parallel Aware": true,
                                              "Join Type": "Inner",
                                              "Startup Cost": 91744.95,
                                              "Total Cost": 122107.71,
                                              "Plan Rows": 19,
                                              "Plan Width": 33,
                                              "Actual Startup Time": 616.885,
                                              "Actual Total Time": 792.903,
                                              "Actual Rows": 2629,
                                              "Actual Loops": 4,
                                              "Inner Unique": false,
                                              "Hash Cond": "(mc.movie_id = t.id)",
                                              "Plans": [
                                                {
                                                  "Node Type": "Seq Scan",
                                                  "Parent Relationship": "Outer",
                                                  "Parallel Aware": true,
                                                  "Relation Name": "movie_companies",
                                                  "Alias": "mc",
                                                  "Startup Cost": 0.0,
                                                  "Total Cost": 27206.55,
                                                  "Plan Rows": 841655,
                                                  "Plan Width": 8,
                                                  "Actual Startup Time": 0.017,
                                                  "Actual Total Time": 89.897,
                                                  "Actual Rows": 652282,
                                                  "Actual Loops": 4
                                                },
                                                {
                                                  "Node Type": "Hash",
                                                  "Parent Relationship": "Inner",
                                                  "Parallel Aware": true,
                                                  "Startup Cost": 91744.92,
                                                  "Total Cost": 91744.92,
                                                  "Plan Rows": 3,
                                                  "Plan Width": 25,
                                                  "Actual Startup Time": 616.374,
                                                  "Actual Total Time": 616.978,
                                                  "Actual Rows": 1593,
                                                  "Actual Loops": 4,
                                                  "Hash Buckets": 8192,
                                                  "Original Hash Buckets": 1024,
                                                  "Hash Batches": 1,
                                                  "Original Hash Batches": 1,
                                                  "Peak Memory Usage": 632,
                                                  "Plans": [
                                                    {
                                                      "Node Type": "Hash Join",
                                                      "Parent Relationship": "Outer",
                                                      "Parallel Aware": true,
                                                      "Join Type": "Inner",
                                                      "Startup Cost": 45504.47,
                                                      "Total Cost": 91744.92,
                                                      "Plan Rows": 3,
                                                      "Plan Width": 25,
                                                      "Actual Startup Time": 329.686,
                                                      "Actual Total Time": 541.525,
                                                      "Actual Rows": 1593,
                                                      "Actual Loops": 4,
                                                      "Inner Unique": false,
                                                      "Hash Cond": "(t.id = mk.movie_id)",
                                                      "Plans": [
                                                        {
                                                          "Node Type": "Seq Scan",
                                                          "Parent Relationship": "Outer",
                                                          "Parallel Aware": true,
                                                          "Relation Name": "title",
                                                          "Alias": "t",
                                                          "Startup Cost": 0.0,
                                                          "Total Cost": 45478.74,
                                                          "Plan Rows": 203120,
                                                          "Plan Width": 21,
                                                          "Actual Startup Time": 0.029,
                                                          "Actual Total Time": 168.545,
                                                          "Actual Rows": 204218,
                                                          "Actual Loops": 4,
                                                          "Filter": "((episode_nr >= 2) AND (episode_nr <= 53))",
                                                          "Rows Removed by Filter": 427860
                                                        },
                                                        {
                                                          "Node Type": "Hash",
                                                          "Parent Relationship": "Inner",
                                                          "Parallel Aware": true,
                                                          "Startup Cost": 45504.33,
                                                          "Total Cost": 45504.33,
                                                          "Plan Rows": 11,
                                                          "Plan Width": 4,
                                                          "Actual Startup Time": 329.528,
                                                          "Actual Total Time": 329.533,
                                                          "Actual Rows": 10460,
                                                          "Actual Loops": 4,
                                                          "Hash Buckets": 65536,
                                                          "Original Hash Buckets": 1024,
                                                          "Hash Batches": 1,
                                                          "Original Hash Batches": 1,
                                                          "Peak Memory Usage": 2680,
                                                          "Plans": [
                                                            {
                                                              "Node Type": "Hash Join",
                                                              "Parent Relationship": "Outer",
                                                              "Parallel Aware": false,
                                                              "Join Type": "Inner",
                                                              "Startup Cost": 2626.14,
                                                              "Total Cost": 45504.33,
                                                              "Plan Rows": 11,
                                                              "Plan Width": 4,
                                                              "Actual Startup Time": 20.949,
                                                              "Actual Total Time": 294.947,
                                                              "Actual Rows": 10460,
                                                              "Actual Loops": 4,
                                                              "Inner Unique": true,
                                                              "Hash Cond": "(mk.keyword_id = k.id)",
                                                              "Plans": [
                                                                {
                                                                  "Node Type": "Seq Scan",
                                                                  "Parent Relationship": "Outer",
                                                                  "Parallel Aware": true,
                                                                  "Relation Name": "movie_keyword",
                                                                  "Alias": "mk",
                                                                  "Startup Cost": 0.0,
                                                                  "Total Cost": 39047.32,
                                                                  "Plan Rows": 1459332,
                                                                  "Plan Width": 8,
                                                                  "Actual Startup Time": 0.042,
                                                                  "Actual Total Time": 160.068,
                                                                  "Actual Rows": 1130982,
                                                                  "Actual Loops": 4
                                                                },
                                                                {
                                                                  "Node Type": "Hash",
                                                                  "Parent Relationship": "Inner",
                                                                  "Parallel Aware": false,
                                                                  "Startup Cost": 2626.12,
                                                                  "Total Cost": 2626.12,
                                                                  "Plan Rows": 1,
                                                                  "Plan Width": 4,
                                                                  "Actual Startup Time": 20.822,
                                                                  "Actual Total Time": 20.824,
                                                                  "Actual Rows": 1,
                                                                  "Actual Loops": 4,
                                                                  "Hash Buckets": 1024,
                                                                  "Original Hash Buckets": 1024,
                                                                  "Hash Batches": 1,
                                                                  "Original Hash Batches": 1,
                                                                  "Peak Memory Usage": 9,
                                                                  "Plans": [
                                                                    {
                                                                      "Node Type": "Seq Scan",
                                                                      "Parent Relationship": "Outer",
                                                                      "Parallel Aware": false,
                                                                      "Relation Name": "keyword",
                                                                      "Alias": "k",
                                                                      "Startup Cost": 0.0,
                                                                      "Total Cost": 2626.12,
                                                                      "Plan Rows": 1,
                                                                      "Plan Width": 4,
                                                                      "Actual Startup Time": 1.104,
                                                                      "Actual Total Time": 20.815,
                                                                      "Actual Rows": 1,
                                                                      "Actual Loops": 4,
                                                                      "Filter": "(keyword = 'character-name-in-title'::text)",
                                                                      "Rows Removed by Filter": 134169
                                                                    }
                                                                  ]
                                                                }
                                                              ]
                                                            }
                                                          ]
                                                        }
                                                      ]
                                                    }
                                                  ]
                                                }
                                              ]
                                            },
                                            {
                                              "Node Type": "Hash",
                                              "Parent Relationship": "Inner",
                                              "Parallel Aware": true,
                                              "Startup Cost": 4722.92,
                                              "Total Cost": 4722.92,
                                              "Plan Rows": 50137,
                                              "Plan Width": 4,
                                              "Actual Startup Time": 34.845,
                                              "Actual Total Time": 34.846,
                                              "Actual Rows": 21211,
                                              "Actual Loops": 4,
                                              "Hash Buckets": 131072,
                                              "Original Hash Buckets": 131072,
                                              "Hash Batches": 1,
                                              "Original Hash Batches": 1,
                                              "Peak Memory Usage": 4384,
                                              "Plans": [
                                                {
                                                  "Node Type": "Seq Scan",
                                                  "Parent Relationship": "Outer",
                                                  "Parallel Aware": true,
                                                  "Relation Name": "company_name",
                                                  "Alias": "cn",
                                                  "Startup Cost": 0.0,
                                                  "Total Cost": 4722.92,
                                                  "Plan Rows": 50137,
                                                  "Plan Width": 4,
                                                  "Actual Startup Time": 0.073,
                                                  "Actual Total Time": 25.599,
                                                  "Actual Rows": 21211,
                                                  "Actual Loops": 4,
                                                  "Filter": "((country_code)::text = '[us]'::text)",
                                                  "Rows Removed by Filter": 37538
                                                }
                                              ]
                                            }
                                          ]
                                        }
                                      ]
                                    }
                                  ]
                                }
                              ]
                            }
                          ]
                        }
                      ]
                    }
                  ]
                }
              ]
            }
          ]
        }
      ]
    },
    "Planning Time": 18.446,
    "Triggers": [],
    "Execution Time": 4329.047
  }
]