[
  {
    "Plan": {
      "Node Type": "Aggregate",
      "Strategy": "Plain",
      "Partial Mode": "Finalize",
      "Parallel Aware": false,
      "Startup Cost": 330648.54,
      "Total Cost": 330648.55,
      "Plan Rows": 1,
      "Plan Width": 8,
      "Actual Startup Time": 591.278,
      "Actual Total Time": 651.015,
      "Actual Rows": 1,
      "Actual Loops": 1,
      "Plans": [
        {
          "Node Type": "Gather",
          "Parent Relationship": "Outer",
          "Parallel Aware": false,
          "Startup Cost": 330647.92,
          "Total Cost": 330648.53,
          "Plan Rows": 6,
          "Plan Width": 8,
          "Actual Startup Time": 591.128,
          "Actual Total Time": 651.004,
          "Actual Rows": 7,
          "Actual Loops": 1,
          "Workers Planned": 6,
          "Workers Launched": 6,
          "Single Copy": false,
          "Plans": [
            {
              "Node Type": "Aggregate",
              "Strategy": "Plain",
              "Partial Mode": "Partial",
              "Parent Relationship": "Outer",
              "Parallel Aware": false,
              "Startup Cost": 329647.92,
              "Total Cost": 329647.93,
              "Plan Rows": 1,
              "Plan Width": 8,
              "Actual Startup Time": 581.074,
              "Actual Total Time": 581.075,
              "Actual Rows": 1,
              "Actual Loops": 7,
              "Plans": [
                {
                  "Node Type": "Seq Scan",
                  "Parent Relationship": "Outer",
                  "Parallel Aware": true,
                  "Relation Name": "cast_info",
                  "Alias": "ci",
                  "Startup Cost": 0.0,
                  "Total Cost": 328162.03,
                  "Plan Rows": 594356,
                  "Plan Width": 0,
                  "Actual Startup Time": 432.897,
                  "Actual Total Time": 558.092,
                  "Actual Rows": 486775,
                  "Actual Loops": 7,
                  "Filter": "(person_id > 3437619)",
                  "Rows Removed by Filter": 4690989
                }
              ]
            }
          ]
        }
      ]
    },
    "Planning Time": 0.099,
    "Triggers": [],
    "Execution Time": 651.067
  }
]