{
    "Plan": {
        "Node Type": "Aggregate",
        "Strategy": "Plain",
        "Partial Mode": "Finalize",
        "Parallel Aware": false,
        "Startup Cost": 214387.8,
        "Total Cost": 214387.81,
        "Plan Rows": 1,
        "Plan Width": 8,
        "Actual Startup Time": 1770.96,
        "Actual Total Time": 1843.066,
        "Actual Rows": 1,
        "Actual Loops": 1,
        "Output": [
            "count(*)"
        ],
        "Plans": [
            {
                "Node Type": "Gather",
                "Parent Relationship": "Outer",
                "Parallel Aware": false,
                "Startup Cost": 214387.48,
                "Total Cost": 214387.79,
                "Plan Rows": 3,
                "Plan Width": 8,
                "Actual Startup Time": 1770.394,
                "Actual Total Time": 1843.057,
                "Actual Rows": 4,
                "Actual Loops": 1,
                "Output": [
                    "(PARTIAL count(*))"
                ],
                "Workers Planned": 3,
                "Workers Launched": 3,
                "Single Copy": false,
                "Plans": [
                    {
                        "Node Type": "Aggregate",
                        "Strategy": "Plain",
                        "Partial Mode": "Partial",
                        "Parent Relationship": "Outer",
                        "Parallel Aware": false,
                        "Startup Cost": 213387.48,
                        "Total Cost": 213387.49,
                        "Plan Rows": 1,
                        "Plan Width": 8,
                        "Actual Startup Time": 1760.906,
                        "Actual Total Time": 1760.91,
                        "Actual Rows": 1,
                        "Actual Loops": 4,
                        "Output": [
                            "PARTIAL count(*)"
                        ],
                        "Workers": [
                            {
                                "Worker Number": 0,
                                "Actual Startup Time": 1757.943,
                                "Actual Total Time": 1757.946,
                                "Actual Rows": 1,
                                "Actual Loops": 1
                            },
                            {
                                "Worker Number": 1,
                                "Actual Startup Time": 1757.78,
                                "Actual Total Time": 1757.783,
                                "Actual Rows": 1,
                                "Actual Loops": 1
                            },
                            {
                                "Worker Number": 2,
                                "Actual Startup Time": 1758.327,
                                "Actual Total Time": 1758.33,
                                "Actual Rows": 1,
                                "Actual Loops": 1
                            }
                        ],
                        "Plans": [
                            {
                                "Node Type": "Nested Loop",
                                "Parent Relationship": "Outer",
                                "Parallel Aware": false,
                                "Join Type": "Inner",
                                "Startup Cost": 44268.81,
                                "Total Cost": 212526.77,
                                "Plan Rows": 344282,
                                "Plan Width": 0,
                                "Actual Startup Time": 150.553,
                                "Actual Total Time": 1721.6,
                                "Actual Rows": 780119,
                                "Actual Loops": 4,
                                "Inner Unique": false,
                                "Join Filter": "(t.id = ci.movie_id)",
                                "Rows Removed by Join Filter": 0,
                                "Workers": [
                                    {
                                        "Worker Number": 0,
                                        "Actual Startup Time": 147.709,
                                        "Actual Total Time": 1716.358,
                                        "Actual Rows": 562873,
                                        "Actual Loops": 1
                                    },
                                    {
                                        "Worker Number": 1,
                                        "Actual Startup Time": 147.539,
                                        "Actual Total Time": 1719.475,
                                        "Actual Rows": 845880,
                                        "Actual Loops": 1
                                    },
                                    {
                                        "Worker Number": 2,
                                        "Actual Startup Time": 147.809,
                                        "Actual Total Time": 1721.633,
                                        "Actual Rows": 801497,
                                        "Actual Loops": 1
                                    }
                                ],
                                "Plans": [
                                    {
                                        "Node Type": "Hash Join",
                                        "Parent Relationship": "Outer",
                                        "Parallel Aware": true,
                                        "Join Type": "Inner",
                                        "Startup Cost": 44268.24,
                                        "Total Cost": 87146.32,
                                        "Plan Rows": 68199,
                                        "Plan Width": 8,
                                        "Actual Startup Time": 150.502,
                                        "Actual Total Time": 339.932,
                                        "Actual Rows": 118135,
                                        "Actual Loops": 4,
                                        "Output": [
                                            "t.id",
                                            "mk.movie_id"
                                        ],
                                        "Inner Unique": true,
                                        "Hash Cond": "(mk.movie_id = t.id)",
                                        "Workers": [
                                            {
                                                "Worker Number": 0,
                                                "Actual Startup Time": 147.653,
                                                "Actual Total Time": 330.28,
                                                "Actual Rows": 84543,
                                                "Actual Loops": 1
                                            },
                                            {
                                                "Worker Number": 1,
                                                "Actual Startup Time": 147.478,
                                                "Actual Total Time": 334.025,
                                                "Actual Rows": 124412,
                                                "Actual Loops": 1
                                            },
                                            {
                                                "Worker Number": 2,
                                                "Actual Startup Time": 147.756,
                                                "Actual Total Time": 335.625,
                                                "Actual Rows": 123430,
                                                "Actual Loops": 1
                                            }
                                        ],
                                        "Plans": [
                                            {
                                                "Node Type": "Seq Scan",
                                                "Parent Relationship": "Outer",
                                                "Parallel Aware": true,
                                                "Relation Name": "movie_keyword",
                                                "Schema": "public",
                                                "Alias": "mk",
                                                "Startup Cost": 0.0,
                                                "Total Cost": 39047.32,
                                                "Plan Rows": 1459332,
                                                "Plan Width": 4,
                                                "Actual Startup Time": 0.014,
                                                "Actual Total Time": 100.69,
                                                "Actual Rows": 1130982,
                                                "Actual Loops": 4,
                                                "Output": [
                                                    "mk.id",
                                                    "mk.movie_id",
                                                    "mk.keyword_id"
                                                ],
                                                "Workers": [
                                                    {
                                                        "Worker Number": 0,
                                                        "Actual Startup Time": 0.018,
                                                        "Actual Total Time": 100.578,
                                                        "Actual Rows": 778420,
                                                        "Actual Loops": 1
                                                    },
                                                    {
                                                        "Worker Number": 1,
                                                        "Actual Startup Time": 0.013,
                                                        "Actual Total Time": 101.913,
                                                        "Actual Rows": 1197690,
                                                        "Actual Loops": 1
                                                    },
                                                    {
                                                        "Worker Number": 2,
                                                        "Actual Startup Time": 0.017,
                                                        "Actual Total Time": 102.543,
                                                        "Actual Rows": 1171975,
                                                        "Actual Loops": 1
                                                    }
                                                ]
                                            },
                                            {
                                                "Node Type": "Hash",
                                                "Parent Relationship": "Inner",
                                                "Parallel Aware": true,
                                                "Startup Cost": 43899.01,
                                                "Total Cost": 43899.01,
                                                "Plan Rows": 29539,
                                                "Plan Width": 4,
                                                "Actual Startup Time": 107.285,
                                                "Actual Total Time": 107.286,
                                                "Actual Rows": 29558,
                                                "Actual Loops": 4,
                                                "Output": [
                                                    "t.id"
                                                ],
                                                "Hash Buckets": 131072,
                                                "Original Hash Buckets": 131072,
                                                "Hash Batches": 1,
                                                "Original Hash Batches": 1,
                                                "Peak Memory Usage": 5696,
                                                "Workers": [
                                                    {
                                                        "Worker Number": 0,
                                                        "Actual Startup Time": 105.396,
                                                        "Actual Total Time": 105.396,
                                                        "Actual Rows": 21954,
                                                        "Actual Loops": 1
                                                    },
                                                    {
                                                        "Worker Number": 1,
                                                        "Actual Startup Time": 105.234,
                                                        "Actual Total Time": 105.234,
                                                        "Actual Rows": 29984,
                                                        "Actual Loops": 1
                                                    },
                                                    {
                                                        "Worker Number": 2,
                                                        "Actual Startup Time": 105.533,
                                                        "Actual Total Time": 105.534,
                                                        "Actual Rows": 29262,
                                                        "Actual Loops": 1
                                                    }
                                                ],
                                                "Plans": [
                                                    {
                                                        "Node Type": "Seq Scan",
                                                        "Parent Relationship": "Outer",
                                                        "Parallel Aware": true,
                                                        "Relation Name": "title",
                                                        "Schema": "public",
                                                        "Alias": "t",
                                                        "Startup Cost": 0.0,
                                                        "Total Cost": 43899.01,
                                                        "Plan Rows": 29539,
                                                        "Plan Width": 4,
                                                        "Actual Startup Time": 61.709,
                                                        "Actual Total Time": 97.19,
                                                        "Actual Rows": 29558,
                                                        "Actual Loops": 4,
                                                        "Output": [
                                                            "t.id"
                                                        ],
                                                        "Filter": "(t.kind_id = 4)",
                                                        "Rows Removed by Filter": 602520,
                                                        "Workers": [
                                                            {
                                                                "Worker Number": 0,
                                                                "Actual Startup Time": 61.465,
                                                                "Actual Total Time": 96.329,
                                                                "Actual Rows": 21954,
                                                                "Actual Loops": 1
                                                            },
                                                            {
                                                                "Worker Number": 1,
                                                                "Actual Startup Time": 59.29,
                                                                "Actual Total Time": 94.79,
                                                                "Actual Rows": 29984,
                                                                "Actual Loops": 1
                                                            },
                                                            {
                                                                "Worker Number": 2,
                                                                "Actual Startup Time": 59.495,
                                                                "Actual Total Time": 95.408,
                                                                "Actual Rows": 29262,
                                                                "Actual Loops": 1
                                                            }
                                                        ]
                                                    }
                                                ]
                                            }
                                        ]
                                    },
                                    {
                                        "Node Type": "Index Scan",
                                        "Parent Relationship": "Inner",
                                        "Parallel Aware": false,
                                        "Scan Direction": "Forward",
                                        "Index Name": "movie_id_cast_info",
                                        "Relation Name": "cast_info",
                                        "Schema": "public",
                                        "Alias": "ci",
                                        "Startup Cost": 0.56,
                                        "Total Cost": 1.66,
                                        "Plan Rows": 14,
                                        "Plan Width": 4,
                                        "Actual Startup Time": 0.003,
                                        "Actual Total Time": 0.011,
                                        "Actual Rows": 7,
                                        "Actual Loops": 472540,
                                        "Output": [
                                            "ci.id",
                                            "ci.person_id",
                                            "ci.movie_id",
                                            "ci.person_role_id",
                                            "ci.note",
                                            "ci.nr_order",
                                            "ci.role_id"
                                        ],
                                        "Index Cond": "(ci.movie_id = mk.movie_id)",
                                        "Rows Removed by Index Recheck": 0,
                                        "Filter": "(ci.role_id = 1)",
                                        "Rows Removed by Filter": 12,
                                        "Workers": [
                                            {
                                                "Worker Number": 0,
                                                "Actual Startup Time": 0.005,
                                                "Actual Total Time": 0.015,
                                                "Actual Rows": 7,
                                                "Actual Loops": 84543
                                            },
                                            {
                                                "Worker Number": 1,
                                                "Actual Startup Time": 0.003,
                                                "Actual Total Time": 0.01,
                                                "Actual Rows": 7,
                                                "Actual Loops": 124412
                                            },
                                            {
                                                "Worker Number": 2,
                                                "Actual Startup Time": 0.003,
                                                "Actual Total Time": 0.011,
                                                "Actual Rows": 6,
                                                "Actual Loops": 123430
                                            }
                                        ]
                                    }
                                ]
                            }
                        ]
                    }
                ]
            }
        ]
    },
    "Planning Time": 1.488,
    "Triggers": [],
    "Execution Time": 1843.242
}