[
  {
    "Plan": {
      "Node Type": "Aggregate",
      "Strategy": "Plain",
      "Partial Mode": "Finalize",
      "Parallel Aware": false,
      "Startup Cost": 352055.9,
      "Total Cost": 352055.91,
      "Plan Rows": 1,
      "Plan Width": 8,
      "Actual Startup Time": 792.009,
      "Actual Total Time": 852.795,
      "Actual Rows": 1,
      "Actual Loops": 1,
      "Plans": [
        {
          "Node Type": "Gather",
          "Parent Relationship": "Outer",
          "Parallel Aware": false,
          "Startup Cost": 352055.28,
          "Total Cost": 352055.89,
          "Plan Rows": 6,
          "Plan Width": 8,
          "Actual Startup Time": 791.887,
          "Actual Total Time": 852.786,
          "Actual Rows": 7,
          "Actual Loops": 1,
          "Workers Planned": 6,
          "Workers Launched": 6,
          "Single Copy": false,
          "Plans": [
            {
              "Node Type": "Aggregate",
              "Strategy": "Plain",
              "Partial Mode": "Partial",
              "Parent Relationship": "Outer",
              "Parallel Aware": false,
              "Startup Cost": 351055.28,
              "Total Cost": 351055.29,
              "Plan Rows": 1,
              "Plan Width": 8,
              "Actual Startup Time": 783.843,
              "Actual Total Time": 783.844,
              "Actual Rows": 1,
              "Actual Loops": 7,
              "Plans": [
                {
                  "Node Type": "Seq Scan",
                  "Parent Relationship": "Outer",
                  "Parallel Aware": true,
                  "Relation Name": "cast_info",
                  "Alias": "ci",
                  "Startup Cost": 0.0,
                  "Total Cost": 343257.03,
                  "Plan Rows": 3119300,
                  "Plan Width": 0,
                  "Actual Startup Time": 212.29,
                  "Actual Total Time": 664.816,
                  "Actual Rows": 3055493,
                  "Actual Loops": 7,
                  "Filter": "((person_id > 766713) AND (role_id > 1))",
                  "Rows Removed by Filter": 2122270
                }
              ]
            }
          ]
        }
      ]
    },
    "Planning Time": 0.238,
    "Triggers": [],
    "Execution Time": 852.873
  }
]