[
  {
    "Plan": {
      "Node Type": "Aggregate",
      "Strategy": "Plain",
      "Partial Mode": "Finalize",
      "Parallel Aware": false,
      "Startup Cost": 32812.95,
      "Total Cost": 32812.96,
      "Plan Rows": 1,
      "Plan Width": 8,
      "Actual Startup Time": 74.129,
      "Actual Total Time": 79.624,
      "Actual Rows": 1,
      "Actual Loops": 1,
      "Plans": [
        {
          "Node Type": "Gather",
          "Parent Relationship": "Outer",
          "Parallel Aware": false,
          "Startup Cost": 32812.63,
          "Total Cost": 32812.94,
          "Plan Rows": 3,
          "Plan Width": 8,
          "Actual Startup Time": 73.999,
          "Actual Total Time": 79.617,
          "Actual Rows": 4,
          "Actual Loops": 1,
          "Workers Planned": 3,
          "Workers Launched": 3,
          "Single Copy": false,
          "Plans": [
            {
              "Node Type": "Aggregate",
              "Strategy": "Plain",
              "Partial Mode": "Partial",
              "Parent Relationship": "Outer",
              "Parallel Aware": false,
              "Startup Cost": 31812.63,
              "Total Cost": 31812.64,
              "Plan Rows": 1,
              "Plan Width": 8,
              "Actual Startup Time": 69.361,
              "Actual Total Time": 69.362,
              "Actual Rows": 1,
              "Actual Loops": 4,
              "Plans": [
                {
                  "Node Type": "Seq Scan",
                  "Parent Relationship": "Outer",
                  "Parallel Aware": true,
                  "Relation Name": "movie_companies",
                  "Alias": "mc",
                  "Startup Cost": 0.0,
                  "Total Cost": 31414.82,
                  "Plan Rows": 159124,
                  "Plan Width": 0,
                  "Actual Startup Time": 36.276,
                  "Actual Total Time": 65.914,
                  "Actual Rows": 71649,
                  "Actual Loops": 4,
                  "Filter": "((company_id < 4025) AND (company_type_id > 1))",
                  "Rows Removed by Filter": 580633
                }
              ]
            }
          ]
        }
      ]
    },
    "Planning Time": 0.099,
    "Triggers": [],
    "Execution Time": 79.652
  }
]