[
  {
    "Plan": {
      "Node Type": "Aggregate",
      "Strategy": "Plain",
      "Partial Mode": "Finalize",
      "Parallel Aware": false,
      "Startup Cost": 46943.69,
      "Total Cost": 46943.7,
      "Plan Rows": 1,
      "Plan Width": 8,
      "Actual Startup Time": 189.899,
      "Actual Total Time": 199.817,
      "Actual Rows": 1,
      "Actual Loops": 1,
      "Plans": [
        {
          "Node Type": "Gather",
          "Parent Relationship": "Outer",
          "Parallel Aware": false,
          "Startup Cost": 46943.37,
          "Total Cost": 46943.68,
          "Plan Rows": 3,
          "Plan Width": 8,
          "Actual Startup Time": 189.746,
          "Actual Total Time": 199.807,
          "Actual Rows": 4,
          "Actual Loops": 1,
          "Workers Planned": 3,
          "Workers Launched": 3,
          "Single Copy": false,
          "Plans": [
            {
              "Node Type": "Aggregate",
              "Strategy": "Plain",
              "Partial Mode": "Partial",
              "Parent Relationship": "Outer",
              "Parallel Aware": false,
              "Startup Cost": 45943.37,
              "Total Cost": 45943.38,
              "Plan Rows": 1,
              "Plan Width": 8,
              "Actual Startup Time": 181.237,
              "Actual Total Time": 181.238,
              "Actual Rows": 1,
              "Actual Loops": 4,
              "Plans": [
                {
                  "Node Type": "Seq Scan",
                  "Parent Relationship": "Outer",
                  "Parallel Aware": true,
                  "Relation Name": "movie_keyword",
                  "Alias": "mk",
                  "Startup Cost": 0.0,
                  "Total Cost": 42695.65,
                  "Plan Rows": 1299086,
                  "Plan Width": 0,
                  "Actual Startup Time": 0.065,
                  "Actual Total Time": 132.727,
                  "Actual Rows": 1010009,
                  "Actual Loops": 4,
                  "Filter": "(keyword_id < 37074)",
                  "Rows Removed by Filter": 120973
                }
              ]
            }
          ]
        }
      ]
    },
    "Planning Time": 0.161,
    "Triggers": [],
    "Execution Time": 199.878
  }
]