[
  {
    "Plan": {
      "Node Type": "Aggregate",
      "Strategy": "Plain",
      "Partial Mode": "Finalize",
      "Parallel Aware": false,
      "Startup Cost": 343978.07,
      "Total Cost": 343978.08,
      "Plan Rows": 1,
      "Plan Width": 8,
      "Actual Startup Time": 993.734,
      "Actual Total Time": 1045.334,
      "Actual Rows": 1,
      "Actual Loops": 1,
      "Plans": [
        {
          "Node Type": "Gather",
          "Parent Relationship": "Outer",
          "Parallel Aware": false,
          "Startup Cost": 343977.44,
          "Total Cost": 343978.05,
          "Plan Rows": 6,
          "Plan Width": 8,
          "Actual Startup Time": 993.505,
          "Actual Total Time": 1045.316,
          "Actual Rows": 7,
          "Actual Loops": 1,
          "Workers Planned": 6,
          "Workers Launched": 6,
          "Single Copy": false,
          "Plans": [
            {
              "Node Type": "Aggregate",
              "Strategy": "Plain",
              "Partial Mode": "Partial",
              "Parent Relationship": "Outer",
              "Parallel Aware": false,
              "Startup Cost": 342977.44,
              "Total Cost": 342977.45,
              "Plan Rows": 1,
              "Plan Width": 8,
              "Actual Startup Time": 985.685,
              "Actual Total Time": 985.687,
              "Actual Rows": 1,
              "Actual Loops": 7,
              "Plans": [
                {
                  "Node Type": "Seq Scan",
                  "Parent Relationship": "Outer",
                  "Parallel Aware": true,
                  "Relation Name": "cast_info",
                  "Alias": "ci",
                  "Startup Cost": 0.0,
                  "Total Cost": 328211.39,
                  "Plan Rows": 5906421,
                  "Plan Width": 0,
                  "Actual Startup Time": 0.05,
                  "Actual Total Time": 713.522,
                  "Actual Rows": 5068520,
                  "Actual Loops": 7,
                  "Filter": "(person_id < 3915220)",
                  "Rows Removed by Filter": 109243
                }
              ]
            }
          ]
        }
      ]
    },
    "Planning Time": 0.21,
    "Triggers": [],
    "Execution Time": 1045.409
  }
]