[
    {
        "Bao": {
            "Bao prediction": "NaN",
            "Bao recommended hint": "(no hint)"
        }
    },
    {
        "Plan": {
            "Node Type": "Aggregate",
            "Strategy": "Plain",
            "Partial Mode": "Finalize",
            "Parallel Aware": false,
            "Startup Cost": 77405.47,
            "Total Cost": 77405.48,
            "Plan Rows": 1,
            "Plan Width": 8,
            "Actual Startup Time": 123.427,
            "Actual Total Time": 123.855,
            "Actual Rows": 1,
            "Actual Loops": 1,
            "Output": [
                "count(*)"
            ],
            "Plans": [
                {
                    "Node Type": "Gather",
                    "Parent Relationship": "Outer",
                    "Parallel Aware": false,
                    "Startup Cost": 77405.05,
                    "Total Cost": 77405.46,
                    "Plan Rows": 4,
                    "Plan Width": 8,
                    "Actual Startup Time": 123.418,
                    "Actual Total Time": 123.85,
                    "Actual Rows": 5,
                    "Actual Loops": 1,
                    "Output": [
                        "(PARTIAL count(*))"
                    ],
                    "Workers Planned": 4,
                    "Workers Launched": 4,
                    "Single Copy": false,
                    "Plans": [
                        {
                            "Node Type": "Aggregate",
                            "Strategy": "Plain",
                            "Partial Mode": "Partial",
                            "Parent Relationship": "Outer",
                            "Parallel Aware": false,
                            "Startup Cost": 76405.05,
                            "Total Cost": 76405.06,
                            "Plan Rows": 1,
                            "Plan Width": 8,
                            "Actual Startup Time": 104.868,
                            "Actual Total Time": 104.87,
                            "Actual Rows": 1,
                            "Actual Loops": 5,
                            "Output": [
                                "PARTIAL count(*)"
                            ],
                            "Workers": [
                                {
                                    "Worker Number": 0,
                                    "Actual Startup Time": 100.034,
                                    "Actual Total Time": 100.036,
                                    "Actual Rows": 1,
                                    "Actual Loops": 1
                                },
                                {
                                    "Worker Number": 1,
                                    "Actual Startup Time": 99.976,
                                    "Actual Total Time": 99.978,
                                    "Actual Rows": 1,
                                    "Actual Loops": 1
                                },
                                {
                                    "Worker Number": 2,
                                    "Actual Startup Time": 100.369,
                                    "Actual Total Time": 100.371,
                                    "Actual Rows": 1,
                                    "Actual Loops": 1
                                },
                                {
                                    "Worker Number": 3,
                                    "Actual Startup Time": 100.941,
                                    "Actual Total Time": 100.942,
                                    "Actual Rows": 1,
                                    "Actual Loops": 1
                                }
                            ],
                            "Plans": [
                                {
                                    "Node Type": "Nested Loop",
                                    "Parent Relationship": "Outer",
                                    "Parallel Aware": false,
                                    "Join Type": "Inner",
                                    "Startup Cost": 1666.81,
                                    "Total Cost": 76390.48,
                                    "Plan Rows": 5826,
                                    "Plan Width": 0,
                                    "Actual Startup Time": 3.833,
                                    "Actual Total Time": 101.379,
                                    "Actual Rows": 68320,
                                    "Actual Loops": 5,
                                    "Inner Unique": false,
                                    "Join Filter": "(t.id = mi.movie_id)",
                                    "Rows Removed by Join Filter": 0,
                                    "Workers": [
                                        {
                                            "Worker Number": 0,
                                            "Actual Startup Time": 1.671,
                                            "Actual Total Time": 96.342,
                                            "Actual Rows": 51771,
                                            "Actual Loops": 1
                                        },
                                        {
                                            "Worker Number": 1,
                                            "Actual Startup Time": 0.742,
                                            "Actual Total Time": 98.472,
                                            "Actual Rows": 29824,
                                            "Actual Loops": 1
                                        },
                                        {
                                            "Worker Number": 2,
                                            "Actual Startup Time": 2.583,
                                            "Actual Total Time": 96.706,
                                            "Actual Rows": 83300,
                                            "Actual Loops": 1
                                        },
                                        {
                                            "Worker Number": 3,
                                            "Actual Startup Time": 1.655,
                                            "Actual Total Time": 98.281,
                                            "Actual Rows": 35397,
                                            "Actual Loops": 1
                                        }
                                    ],
                                    "Plans": [
                                        {
                                            "Node Type": "Nested Loop",
                                            "Parent Relationship": "Outer",
                                            "Parallel Aware": false,
                                            "Join Type": "Inner",
                                            "Startup Cost": 1666.37,
                                            "Total Cost": 66601.55,
                                            "Plan Rows": 6609,
                                            "Plan Width": 8,
                                            "Actual Startup Time": 3.559,
                                            "Actual Total Time": 38.747,
                                            "Actual Rows": 3568,
                                            "Actual Loops": 5,
                                            "Output": [
                                                "t.id",
                                                "mk.movie_id"
                                            ],
                                            "Inner Unique": false,
                                            "Workers": [
                                                {
                                                    "Worker Number": 0,
                                                    "Actual Startup Time": 1.281,
                                                    "Actual Total Time": 34.381,
                                                    "Actual Rows": 2213,
                                                    "Actual Loops": 1
                                                },
                                                {
                                                    "Worker Number": 1,
                                                    "Actual Startup Time": 0.523,
                                                    "Actual Total Time": 41.164,
                                                    "Actual Rows": 3667,
                                                    "Actual Loops": 1
                                                },
                                                {
                                                    "Worker Number": 2,
                                                    "Actual Startup Time": 2.171,
                                                    "Actual Total Time": 37.15,
                                                    "Actual Rows": 2646,
                                                    "Actual Loops": 1
                                                },
                                                {
                                                    "Worker Number": 3,
                                                    "Actual Startup Time": 1.393,
                                                    "Actual Total Time": 36.766,
                                                    "Actual Rows": 2255,
                                                    "Actual Loops": 1
                                                }
                                            ],
                                            "Plans": [
                                                {
                                                    "Node Type": "Bitmap Heap Scan",
                                                    "Parent Relationship": "Outer",
                                                    "Parallel Aware": true,
                                                    "Relation Name": "title",
                                                    "Schema": "public",
                                                    "Alias": "t",
                                                    "Startup Cost": 1665.94,
                                                    "Total Cost": 38012.85,
                                                    "Plan Rows": 3694,
                                                    "Plan Width": 4,
                                                    "Actual Startup Time": 3.064,
                                                    "Actual Total Time": 24.469,
                                                    "Actual Rows": 1787,
                                                    "Actual Loops": 5,
                                                    "Output": [
                                                        "t.id",
                                                        "t.title",
                                                        "t.imdb_index",
                                                        "t.kind_id",
                                                        "t.production_year",
                                                        "t.imdb_id",
                                                        "t.phonetic_code",
                                                        "t.episode_of_id",
                                                        "t.season_nr",
                                                        "t.episode_nr",
                                                        "t.series_years",
                                                        "t.md5sum"
                                                    ],
                                                    "Recheck Cond": "(t.kind_id = 2)",
                                                    "Rows Removed by Index Recheck": 0,
                                                    "Filter": "(t.production_year < 1972)",
                                                    "Rows Removed by Filter": 16383,
                                                    "Exact Heap Blocks": 9949,
                                                    "Lossy Heap Blocks": 0,
                                                    "Workers": [
                                                        {
                                                            "Worker Number": 0,
                                                            "Actual Startup Time": 0.563,
                                                            "Actual Total Time": 20.32,
                                                            "Actual Rows": 1023,
                                                            "Actual Loops": 1
                                                        },
                                                        {
                                                            "Worker Number": 1,
                                                            "Actual Startup Time": 0.338,
                                                            "Actual Total Time": 24.108,
                                                            "Actual Rows": 1881,
                                                            "Actual Loops": 1
                                                        },
                                                        {
                                                            "Worker Number": 2,
                                                            "Actual Startup Time": 0.824,
                                                            "Actual Total Time": 23.011,
                                                            "Actual Rows": 1262,
                                                            "Actual Loops": 1
                                                        },
                                                        {
                                                            "Worker Number": 3,
                                                            "Actual Startup Time": 1.18,
                                                            "Actual Total Time": 21.786,
                                                            "Actual Rows": 1101,
                                                            "Actual Loops": 1
                                                        }
                                                    ],
                                                    "Plans": [
                                                        {
                                                            "Node Type": "Bitmap Index Scan",
                                                            "Parent Relationship": "Outer",
                                                            "Parallel Aware": false,
                                                            "Index Name": "kind_id_title",
                                                            "Startup Cost": 0.0,
                                                            "Total Cost": 1662.25,
                                                            "Plan Rows": 93042,
                                                            "Plan Width": 0,
                                                            "Actual Startup Time": 8.15,
                                                            "Actual Total Time": 8.151,
                                                            "Actual Rows": 90852,
                                                            "Actual Loops": 1,
                                                            "Index Cond": "(t.kind_id = 2)"
                                                        }
                                                    ]
                                                },
                                                {
                                                    "Node Type": "Index Only Scan",
                                                    "Parent Relationship": "Inner",
                                                    "Parallel Aware": false,
                                                    "Scan Direction": "Forward",
                                                    "Index Name": "movie_id_movie_keyword",
                                                    "Relation Name": "movie_keyword",
                                                    "Schema": "public",
                                                    "Alias": "mk",
                                                    "Startup Cost": 0.43,
                                                    "Total Cost": 7.28,
                                                    "Plan Rows": 46,
                                                    "Plan Width": 4,
                                                    "Actual Startup Time": 0.007,
                                                    "Actual Total Time": 0.007,
                                                    "Actual Rows": 2,
                                                    "Actual Loops": 8936,
                                                    "Output": [
                                                        "mk.movie_id"
                                                    ],
                                                    "Index Cond": "(mk.movie_id = t.id)",
                                                    "Rows Removed by Index Recheck": 0,
                                                    "Heap Fetches": 17838,
                                                    "Workers": [
                                                        {
                                                            "Worker Number": 0,
                                                            "Actual Startup Time": 0.012,
                                                            "Actual Total Time": 0.013,
                                                            "Actual Rows": 2,
                                                            "Actual Loops": 1023
                                                        },
                                                        {
                                                            "Worker Number": 1,
                                                            "Actual Startup Time": 0.008,
                                                            "Actual Total Time": 0.008,
                                                            "Actual Rows": 2,
                                                            "Actual Loops": 1881
                                                        },
                                                        {
                                                            "Worker Number": 2,
                                                            "Actual Startup Time": 0.01,
                                                            "Actual Total Time": 0.01,
                                                            "Actual Rows": 2,
                                                            "Actual Loops": 1262
                                                        },
                                                        {
                                                            "Worker Number": 3,
                                                            "Actual Startup Time": 0.012,
                                                            "Actual Total Time": 0.012,
                                                            "Actual Rows": 2,
                                                            "Actual Loops": 1101
                                                        }
                                                    ]
                                                }
                                            ]
                                        },
                                        {
                                            "Node Type": "Index Scan",
                                            "Parent Relationship": "Inner",
                                            "Parallel Aware": false,
                                            "Scan Direction": "Forward",
                                            "Index Name": "movie_id_movie_info",
                                            "Relation Name": "movie_info",
                                            "Schema": "public",
                                            "Alias": "mi",
                                            "Startup Cost": 0.43,
                                            "Total Cost": 1.41,
                                            "Plan Rows": 6,
                                            "Plan Width": 4,
                                            "Actual Startup Time": 0.008,
                                            "Actual Total Time": 0.015,
                                            "Actual Rows": 19,
                                            "Actual Loops": 17838,
                                            "Output": [
                                                "mi.id",
                                                "mi.movie_id",
                                                "mi.info_type_id",
                                                "mi.info",
                                                "mi.note"
                                            ],
                                            "Index Cond": "(mi.movie_id = mk.movie_id)",
                                            "Rows Removed by Index Recheck": 0,
                                            "Filter": "(mi.info_type_id > 16)",
                                            "Rows Removed by Filter": 15,
                                            "Workers": [
                                                {
                                                    "Worker Number": 0,
                                                    "Actual Startup Time": 0.012,
                                                    "Actual Total Time": 0.024,
                                                    "Actual Rows": 23,
                                                    "Actual Loops": 2213
                                                },
                                                {
                                                    "Worker Number": 1,
                                                    "Actual Startup Time": 0.009,
                                                    "Actual Total Time": 0.015,
                                                    "Actual Rows": 8,
                                                    "Actual Loops": 3667
                                                },
                                                {
                                                    "Worker Number": 2,
                                                    "Actual Startup Time": 0.01,
                                                    "Actual Total Time": 0.02,
                                                    "Actual Rows": 31,
                                                    "Actual Loops": 2646
                                                },
                                                {
                                                    "Worker Number": 3,
                                                    "Actual Startup Time": 0.012,
                                                    "Actual Total Time": 0.025,
                                                    "Actual Rows": 16,
                                                    "Actual Loops": 2255
                                                }
                                            ]
                                        }
                                    ]
                                }
                            ]
                        }
                    ]
                }
            ]
        },
        "Planning Time": 262.162,
        "Triggers": [],
        "Execution Time": 123.928
    }
]