{
  "Plan": {
    "Node Type": "Aggregate",
    "Strategy": "Plain",
    "Partial Mode": "Finalize",
    "Parallel Aware": false,
    "Startup Cost": 101806.92,
    "Total Cost": 101806.93,
    "Plan Rows": 1,
    "Plan Width": 8,
    "Actual Startup Time": 358.52,
    "Actual Total Time": 375.015,
    "Actual Rows": 1,
    "Actual Loops": 1,
    "Plans": [
      {
        "Node Type": "Gather",
        "Parent Relationship": "Outer",
        "Parallel Aware": false,
        "Startup Cost": 101806.8,
        "Total Cost": 101806.91,
        "Plan Rows": 1,
        "Plan Width": 8,
        "Actual Startup Time": 356.683,
        "Actual Total Time": 375.006,
        "Actual Rows": 2,
        "Actual Loops": 1,
        "Workers Planned": 1,
        "Workers Launched": 1,
        "Single Copy": false,
        "Plans": [
          {
            "Node Type": "Aggregate",
            "Strategy": "Plain",
            "Partial Mode": "Partial",
            "Parent Relationship": "Outer",
            "Parallel Aware": false,
            "Startup Cost": 100806.8,
            "Total Cost": 100806.81,
            "Plan Rows": 1,
            "Plan Width": 8,
            "Actual Startup Time": 350.806,
            "Actual Total Time": 350.81,
            "Actual Rows": 1,
            "Actual Loops": 2,
            "Plans": [
              {
                "Node Type": "Hash Join",
                "Parent Relationship": "Outer",
                "Parallel Aware": true,
                "Join Type": "Inner",
                "Startup Cost": 75899.81,
                "Total Cost": 100703.56,
                "Plan Rows": 41299,
                "Plan Width": 0,
                "Actual Startup Time": 304.194,
                "Actual Total Time": 350.177,
                "Actual Rows": 13984,
                "Actual Loops": 2,
                "Inner Unique": true,
                "Hash Cond": "(mc.movie_id = t.id)",
                "Plans": [
                  {
                    "Node Type": "Bitmap Heap Scan",
                    "Parent Relationship": "Outer",
                    "Parallel Aware": true,
                    "Relation Name": "movie_companies",
                    "Alias": "mc",
                    "Startup Cost": 13486.44,
                    "Total Cost": 37799.45,
                    "Plan Rows": 186948,
                    "Plan Width": 4,
                    "Actual Startup Time": 68.704,
                    "Actual Total Time": 89.751,
                    "Actual Rows": 86656,
                    "Actual Loops": 2,
                    "Recheck Cond": "(company_id < 778)",
                    "Rows Removed by Index Recheck": 0,
                    "Filter": "(company_type_id > 1)",
                    "Rows Removed by Filter": 224510,
                    "Exact Heap Blocks": 12107,
                    "Lossy Heap Blocks": 0,
                    "Plans": [
                      {
                        "Node Type": "Bitmap Index Scan",
                        "Parent Relationship": "Outer",
                        "Parallel Aware": false,
                        "Index Name": "company_id_movie_companies",
                        "Startup Cost": 0.0,
                        "Total Cost": 13406.99,
                        "Plan Rows": 625941,
                        "Plan Width": 0,
                        "Actual Startup Time": 27.825,
                        "Actual Total Time": 27.826,
                        "Actual Rows": 622334,
                        "Actual Loops": 1,
                        "Index Cond": "(company_id < 778)"
                      }
                    ]
                  },
                  {
                    "Node Type": "Hash",
                    "Parent Relationship": "Inner",
                    "Parallel Aware": true,
                    "Startup Cost": 58306.47,
                    "Total Cost": 58306.47,
                    "Plan Rows": 328552,
                    "Plan Width": 4,
                    "Actual Startup Time": 226.233,
                    "Actual Total Time": 226.234,
                    "Actual Rows": 302545,
                    "Actual Loops": 2,
                    "Hash Buckets": 1048576,
                    "Original Hash Buckets": 1048576,
                    "Hash Batches": 1,
                    "Original Hash Batches": 1,
                    "Peak Memory Usage": 31904,
                    "Plans": [
                      {
                        "Node Type": "Seq Scan",
                        "Parent Relationship": "Outer",
                        "Parallel Aware": true,
                        "Relation Name": "title",
                        "Alias": "t",
                        "Startup Cost": 0.0,
                        "Total Cost": 58306.47,
                        "Plan Rows": 328552,
                        "Plan Width": 4,
                        "Actual Startup Time": 0.05,
                        "Actual Total Time": 147.948,
                        "Actual Rows": 302545,
                        "Actual Loops": 2,
                        "Filter": "((kind_id > 4) AND (production_year > 2006))",
                        "Rows Removed by Filter": 961611
                      }
                    ]
                  }
                ]
              }
            ]
          }
        ]
      }
    ]
  },
  "Planning Time": 0.656,
  "Triggers": [],
  "Execution Time": 375.106
}