{
  "Plan": {
    "Node Type": "Aggregate",
    "Strategy": "Plain",
    "Partial Mode": "Finalize",
    "Parallel Aware": false,
    "Startup Cost": 315434.82,
    "Total Cost": 315434.83,
    "Plan Rows": 1,
    "Plan Width": 8,
    "Actual Startup Time": 769.192,
    "Actual Total Time": 794.71,
    "Actual Rows": 1,
    "Actual Loops": 1,
    "Plans": [
      {
        "Node Type": "Gather",
        "Parent Relationship": "Outer",
        "Parallel Aware": false,
        "Startup Cost": 315434.71,
        "Total Cost": 315434.82,
        "Plan Rows": 1,
        "Plan Width": 8,
        "Actual Startup Time": 768.163,
        "Actual Total Time": 794.703,
        "Actual Rows": 2,
        "Actual Loops": 1,
        "Workers Planned": 1,
        "Workers Launched": 1,
        "Single Copy": false,
        "Plans": [
          {
            "Node Type": "Aggregate",
            "Strategy": "Plain",
            "Partial Mode": "Partial",
            "Parent Relationship": "Outer",
            "Parallel Aware": false,
            "Startup Cost": 314434.71,
            "Total Cost": 314434.72,
            "Plan Rows": 1,
            "Plan Width": 8,
            "Actual Startup Time": 761.926,
            "Actual Total Time": 761.932,
            "Actual Rows": 1,
            "Actual Loops": 2,
            "Plans": [
              {
                "Node Type": "Hash Join",
                "Parent Relationship": "Outer",
                "Parallel Aware": true,
                "Join Type": "Inner",
                "Startup Cost": 252401.17,
                "Total Cost": 314139.76,
                "Plan Rows": 117978,
                "Plan Width": 0,
                "Actual Startup Time": 402.607,
                "Actual Total Time": 742.16,
                "Actual Rows": 501084,
                "Actual Loops": 2,
                "Inner Unique": false,
                "Hash Cond": "(mk.movie_id = t.id)",
                "Plans": [
                  {
                    "Node Type": "Seq Scan",
                    "Parent Relationship": "Outer",
                    "Parallel Aware": true,
                    "Relation Name": "movie_keyword",
                    "Alias": "mk",
                    "Startup Cost": 0.0,
                    "Total Cost": 51065.35,
                    "Plan Rows": 2661135,
                    "Plan Width": 4,
                    "Actual Startup Time": 0.029,
                    "Actual Total Time": 150.849,
                    "Actual Rows": 2261965,
                    "Actual Loops": 2
                  },
                  {
                    "Node Type": "Hash",
                    "Parent Relationship": "Inner",
                    "Parallel Aware": true,
                    "Startup Cost": 251577.0,
                    "Total Cost": 251577.0,
                    "Plan Rows": 65934,
                    "Plan Width": 8,
                    "Actual Startup Time": 400.11,
                    "Actual Total Time": 400.114,
                    "Actual Rows": 37690,
                    "Actual Loops": 2,
                    "Hash Buckets": 131072,
                    "Original Hash Buckets": 131072,
                    "Hash Batches": 1,
                    "Original Hash Batches": 1,
                    "Peak Memory Usage": 4000,
                    "Plans": [
                      {
                        "Node Type": "Hash Join",
                        "Parent Relationship": "Outer",
                        "Parallel Aware": true,
                        "Join Type": "Inner",
                        "Startup Cost": 78614.3,
                        "Total Cost": 251577.0,
                        "Plan Rows": 65934,
                        "Plan Width": 8,
                        "Actual Startup Time": 233.796,
                        "Actual Total Time": 391.633,
                        "Actual Rows": 37690,
                        "Actual Loops": 2,
                        "Inner Unique": true,
                        "Hash Cond": "(mi.movie_id = t.id)",
                        "Plans": [
                          {
                            "Node Type": "Bitmap Heap Scan",
                            "Parent Relationship": "Outer",
                            "Parallel Aware": true,
                            "Relation Name": "movie_info",
                            "Alias": "mi",
                            "Startup Cost": 22335.86,
                            "Total Cost": 193394.73,
                            "Plan Rows": 725269,
                            "Plan Width": 4,
                            "Actual Startup Time": 45.785,
                            "Actual Total Time": 140.379,
                            "Actual Rows": 596886,
                            "Actual Loops": 2,
                            "Recheck Cond": "(info_type_id > 40)",
                            "Rows Removed by Index Recheck": 0,
                            "Exact Heap Blocks": 20434,
                            "Lossy Heap Blocks": 0,
                            "Plans": [
                              {
                                "Node Type": "Bitmap Index Scan",
                                "Parent Relationship": "Outer",
                                "Parallel Aware": false,
                                "Index Name": "info_type_id_movie_info",
                                "Startup Cost": 0.0,
                                "Total Cost": 22027.62,
                                "Plan Rows": 1232958,
                                "Plan Width": 0,
                                "Actual Startup Time": 40.259,
                                "Actual Total Time": 40.26,
                                "Actual Rows": 1193772,
                                "Actual Loops": 1,
                                "Index Cond": "(info_type_id > 40)"
                              }
                            ]
                          },
                          {
                            "Node Type": "Hash",
                            "Parent Relationship": "Inner",
                            "Parallel Aware": true,
                            "Startup Cost": 54588.39,
                            "Total Cost": 54588.39,
                            "Plan Rows": 135204,
                            "Plan Width": 4,
                            "Actual Startup Time": 166.006,
                            "Actual Total Time": 166.007,
                            "Actual Rows": 115824,
                            "Actual Loops": 2,
                            "Hash Buckets": 262144,
                            "Original Hash Buckets": 262144,
                            "Hash Batches": 1,
                            "Original Hash Batches": 1,
                            "Peak Memory Usage": 11168,
                            "Plans": [
                              {
                                "Node Type": "Seq Scan",
                                "Parent Relationship": "Outer",
                                "Parallel Aware": true,
                                "Relation Name": "title",
                                "Alias": "t",
                                "Startup Cost": 0.0,
                                "Total Cost": 54588.39,
                                "Plan Rows": 135204,
                                "Plan Width": 4,
                                "Actual Startup Time": 0.032,
                                "Actual Total Time": 137.062,
                                "Actual Rows": 115824,
                                "Actual Loops": 2,
                                "Filter": "(production_year > 2011)",
                                "Rows Removed by Filter": 1148332
                              }
                            ]
                          }
                        ]
                      }
                    ]
                  }
                ]
              }
            ]
          }
        ]
      }
    ]
  },
  "Planning Time": 0.927,
  "Triggers": [],
  "Execution Time": 794.812
}