[
  {
    "Plan": {
      "Node Type": "Aggregate",
      "Strategy": "Plain",
      "Partial Mode": "Finalize",
      "Parallel Aware": false,
      "Startup Cost": 57211.3,
      "Total Cost": 57211.31,
      "Plan Rows": 1,
      "Plan Width": 8,
      "Actual Startup Time": 106.103,
      "Actual Total Time": 120.326,
      "Actual Rows": 1,
      "Actual Loops": 1,
      "Plans": [
        {
          "Node Type": "Gather",
          "Parent Relationship": "Outer",
          "Parallel Aware": false,
          "Startup Cost": 57210.88,
          "Total Cost": 57211.29,
          "Plan Rows": 4,
          "Plan Width": 8,
          "Actual Startup Time": 105.989,
          "Actual Total Time": 120.319,
          "Actual Rows": 5,
          "Actual Loops": 1,
          "Workers Planned": 4,
          "Workers Launched": 4,
          "Single Copy": false,
          "Plans": [
            {
              "Node Type": "Aggregate",
              "Strategy": "Plain",
              "Partial Mode": "Partial",
              "Parent Relationship": "Outer",
              "Parallel Aware": false,
              "Startup Cost": 56210.88,
              "Total Cost": 56210.89,
              "Plan Rows": 1,
              "Plan Width": 8,
              "Actual Startup Time": 95.978,
              "Actual Total Time": 95.98,
              "Actual Rows": 1,
              "Actual Loops": 5,
              "Plans": [
                {
                  "Node Type": "Nested Loop",
                  "Parent Relationship": "Outer",
                  "Parallel Aware": false,
                  "Join Type": "Inner",
                  "Startup Cost": 0.43,
                  "Total Cost": 56207.06,
                  "Plan Rows": 1526,
                  "Plan Width": 0,
                  "Actual Startup Time": 59.4,
                  "Actual Total Time": 95.771,
                  "Actual Rows": 3859,
                  "Actual Loops": 5,
                  "Inner Unique": false,
                  "Plans": [
                    {
                      "Node Type": "Seq Scan",
                      "Parent Relationship": "Outer",
                      "Parallel Aware": true,
                      "Relation Name": "title",
                      "Alias": "t",
                      "Startup Cost": 0.0,
                      "Total Cost": 45479.1,
                      "Plan Rows": 1205,
                      "Plan Width": 4,
                      "Actual Startup Time": 57.111,
                      "Actual Total Time": 84.448,
                      "Actual Rows": 891,
                      "Actual Loops": 5,
                      "Filter": "((kind_id = 1) AND (production_year = 1983))",
                      "Rows Removed by Filter": 504771
                    },
                    {
                      "Node Type": "Index Scan",
                      "Parent Relationship": "Inner",
                      "Parallel Aware": false,
                      "Scan Direction": "Forward",
                      "Index Name": "movie_id_movie_keyword",
                      "Relation Name": "movie_keyword",
                      "Alias": "mk",
                      "Startup Cost": 0.43,
                      "Total Cost": 8.58,
                      "Plan Rows": 32,
                      "Plan Width": 4,
                      "Actual Startup Time": 0.011,
                      "Actual Total Time": 0.012,
                      "Actual Rows": 4,
                      "Actual Loops": 4455,
                      "Index Cond": "(movie_id = t.id)",
                      "Rows Removed by Index Recheck": 0,
                      "Filter": "(keyword_id < 13009)",
                      "Rows Removed by Filter": 2
                    }
                  ]
                }
              ]
            }
          ]
        }
      ]
    },
    "Planning Time": 0.621,
    "Triggers": [],
    "Execution Time": 120.398
  }
]