[
  {
    "Plan": {
      "Node Type": "Aggregate",
      "Strategy": "Plain",
      "Partial Mode": "Finalize",
      "Parallel Aware": false,
      "Startup Cost": 45574.65,
      "Total Cost": 45574.66,
      "Plan Rows": 1,
      "Plan Width": 8,
      "Actual Startup Time": 139.187,
      "Actual Total Time": 148.554,
      "Actual Rows": 1,
      "Actual Loops": 1,
      "Plans": [
        {
          "Node Type": "Gather",
          "Parent Relationship": "Outer",
          "Parallel Aware": false,
          "Startup Cost": 45574.33,
          "Total Cost": 45574.64,
          "Plan Rows": 3,
          "Plan Width": 8,
          "Actual Startup Time": 139.093,
          "Actual Total Time": 148.547,
          "Actual Rows": 4,
          "Actual Loops": 1,
          "Workers Planned": 3,
          "Workers Launched": 3,
          "Single Copy": false,
          "Plans": [
            {
              "Node Type": "Aggregate",
              "Strategy": "Plain",
              "Partial Mode": "Partial",
              "Parent Relationship": "Outer",
              "Parallel Aware": false,
              "Startup Cost": 44574.33,
              "Total Cost": 44574.34,
              "Plan Rows": 1,
              "Plan Width": 8,
              "Actual Startup Time": 132.598,
              "Actual Total Time": 132.6,
              "Actual Rows": 1,
              "Actual Loops": 4,
              "Plans": [
                {
                  "Node Type": "Seq Scan",
                  "Parent Relationship": "Outer",
                  "Parallel Aware": true,
                  "Relation Name": "movie_keyword",
                  "Alias": "mk",
                  "Startup Cost": 0.0,
                  "Total Cost": 42695.65,
                  "Plan Rows": 751471,
                  "Plan Width": 0,
                  "Actual Startup Time": 0.297,
                  "Actual Total Time": 107.428,
                  "Actual Rows": 579529,
                  "Actual Loops": 4,
                  "Filter": "(keyword_id > 4448)",
                  "Rows Removed by Filter": 551454
                }
              ]
            }
          ]
        }
      ]
    },
    "Planning Time": 0.084,
    "Triggers": [],
    "Execution Time": 148.58
  }
]