[
  {
    "Plan": {
      "Node Type": "Aggregate",
      "Strategy": "Plain",
      "Partial Mode": "Finalize",
      "Parallel Aware": false,
      "Startup Cost": 281213.6,
      "Total Cost": 281213.61,
      "Plan Rows": 1,
      "Plan Width": 8,
      "Actual Startup Time": 172.856,
      "Actual Total Time": 201.441,
      "Actual Rows": 1,
      "Actual Loops": 1,
      "Plans": [
        {
          "Node Type": "Gather",
          "Parent Relationship": "Outer",
          "Parallel Aware": false,
          "Startup Cost": 281213.18,
          "Total Cost": 281213.59,
          "Plan Rows": 4,
          "Plan Width": 8,
          "Actual Startup Time": 172.72,
          "Actual Total Time": 201.433,
          "Actual Rows": 5,
          "Actual Loops": 1,
          "Workers Planned": 4,
          "Workers Launched": 4,
          "Single Copy": false,
          "Plans": [
            {
              "Node Type": "Aggregate",
              "Strategy": "Plain",
              "Partial Mode": "Partial",
              "Parent Relationship": "Outer",
              "Parallel Aware": false,
              "Startup Cost": 280213.18,
              "Total Cost": 280213.19,
              "Plan Rows": 1,
              "Plan Width": 8,
              "Actual Startup Time": 162.649,
              "Actual Total Time": 162.65,
              "Actual Rows": 1,
              "Actual Loops": 5,
              "Plans": [
                {
                  "Node Type": "Nested Loop",
                  "Parent Relationship": "Outer",
                  "Parallel Aware": false,
                  "Join Type": "Inner",
                  "Startup Cost": 0.56,
                  "Total Cost": 280151.12,
                  "Plan Rows": 24823,
                  "Plan Width": 0,
                  "Actual Startup Time": 0.672,
                  "Actual Total Time": 161.536,
                  "Actual Rows": 11936,
                  "Actual Loops": 5,
                  "Inner Unique": false,
                  "Plans": [
                    {
                      "Node Type": "Seq Scan",
                      "Parent Relationship": "Outer",
                      "Parallel Aware": true,
                      "Relation Name": "title",
                      "Alias": "t",
                      "Startup Cost": 0.0,
                      "Total Cost": 45479.1,
                      "Plan Rows": 2642,
                      "Plan Width": 4,
                      "Actual Startup Time": 0.165,
                      "Actual Total Time": 69.386,
                      "Actual Rows": 2079,
                      "Actual Loops": 5,
                      "Filter": "((kind_id > 1) AND (production_year = 1970))",
                      "Rows Removed by Filter": 503584
                    },
                    {
                      "Node Type": "Index Scan",
                      "Parent Relationship": "Inner",
                      "Parallel Aware": false,
                      "Scan Direction": "Forward",
                      "Index Name": "movie_id_cast_info",
                      "Relation Name": "cast_info",
                      "Alias": "ci",
                      "Startup Cost": 0.56,
                      "Total Cost": 88.58,
                      "Plan Rows": 24,
                      "Plan Width": 4,
                      "Actual Startup Time": 0.027,
                      "Actual Total Time": 0.043,
                      "Actual Rows": 6,
                      "Actual Loops": 10394,
                      "Index Cond": "(movie_id = t.id)",
                      "Rows Removed by Index Recheck": 0,
                      "Filter": "(role_id > 1)",
                      "Rows Removed by Filter": 5
                    }
                  ]
                }
              ]
            }
          ]
        }
      ]
    },
    "Planning Time": 0.637,
    "Triggers": [],
    "Execution Time": 201.522
  }
]