[
  {
    "Plan": {
      "Node Type": "Aggregate",
      "Strategy": "Plain",
      "Partial Mode": "Finalize",
      "Parallel Aware": false,
      "Startup Cost": 72608.12,
      "Total Cost": 72608.13,
      "Plan Rows": 1,
      "Plan Width": 8,
      "Actual Startup Time": 474.705,
      "Actual Total Time": 488.882,
      "Actual Rows": 1,
      "Actual Loops": 1,
      "Plans": [
        {
          "Node Type": "Gather",
          "Parent Relationship": "Outer",
          "Parallel Aware": false,
          "Startup Cost": 72607.8,
          "Total Cost": 72608.11,
          "Plan Rows": 3,
          "Plan Width": 8,
          "Actual Startup Time": 464.7,
          "Actual Total Time": 488.875,
          "Actual Rows": 4,
          "Actual Loops": 1,
          "Workers Planned": 3,
          "Workers Launched": 3,
          "Single Copy": false,
          "Plans": [
            {
              "Node Type": "Aggregate",
              "Strategy": "Plain",
              "Partial Mode": "Partial",
              "Parent Relationship": "Outer",
              "Parallel Aware": false,
              "Startup Cost": 71607.8,
              "Total Cost": 71607.81,
              "Plan Rows": 1,
              "Plan Width": 8,
              "Actual Startup Time": 444.398,
              "Actual Total Time": 444.403,
              "Actual Rows": 1,
              "Actual Loops": 4,
              "Plans": [
                {
                  "Node Type": "Hash Join",
                  "Parent Relationship": "Outer",
                  "Parallel Aware": true,
                  "Join Type": "Inner",
                  "Startup Cost": 52275.98,
                  "Total Cost": 71568.51,
                  "Plan Rows": 15716,
                  "Plan Width": 0,
                  "Actual Startup Time": 421.323,
                  "Actual Total Time": 443.13,
                  "Actual Rows": 23737,
                  "Actual Loops": 4,
                  "Inner Unique": true,
                  "Hash Cond": "(mc.movie_id = t.id)",
                  "Plans": [
                    {
                      "Node Type": "Bitmap Heap Scan",
                      "Parent Relationship": "Outer",
                      "Parallel Aware": true,
                      "Relation Name": "movie_companies",
                      "Alias": "mc",
                      "Startup Cost": 2055.59,
                      "Total Cost": 21306.87,
                      "Plan Rows": 15716,
                      "Plan Width": 4,
                      "Actual Startup Time": 13.094,
                      "Actual Total Time": 22.821,
                      "Actual Rows": 23737,
                      "Actual Loops": 4,
                      "Recheck Cond": "(company_id > 160620)",
                      "Rows Removed by Index Recheck": 0,
                      "Filter": "(company_type_id = 2)",
                      "Rows Removed by Filter": 0,
                      "Exact Heap Blocks": 951,
                      "Lossy Heap Blocks": 0,
                      "Plans": [
                        {
                          "Node Type": "Bitmap Index Scan",
                          "Parent Relationship": "Outer",
                          "Parallel Aware": false,
                          "Index Name": "company_id_movie_companies",
                          "Startup Cost": 0.0,
                          "Total Cost": 2043.41,
                          "Plan Rows": 95331,
                          "Plan Width": 0,
                          "Actual Startup Time": 12.374,
                          "Actual Total Time": 12.374,
                          "Actual Rows": 94949,
                          "Actual Loops": 1,
                          "Index Cond": "(company_id > 160620)"
                        }
                      ]
                    },
                    {
                      "Node Type": "Hash",
                      "Parent Relationship": "Inner",
                      "Parallel Aware": true,
                      "Startup Cost": 42319.06,
                      "Total Cost": 42319.06,
                      "Plan Rows": 632106,
                      "Plan Width": 4,
                      "Actual Startup Time": 396.911,
                      "Actual Total Time": 396.911,
                      "Actual Rows": 632078,
                      "Actual Loops": 4,
                      "Hash Buckets": 4194304,
                      "Original Hash Buckets": 4194304,
                      "Hash Batches": 1,
                      "Original Hash Batches": 1,
                      "Peak Memory Usage": 131712,
                      "Plans": [
                        {
                          "Node Type": "Seq Scan",
                          "Parent Relationship": "Outer",
                          "Parallel Aware": true,
                          "Relation Name": "title",
                          "Alias": "t",
                          "Startup Cost": 0.0,
                          "Total Cost": 42319.06,
                          "Plan Rows": 632106,
                          "Plan Width": 4,
                          "Actual Startup Time": 0.033,
                          "Actual Total Time": 121.128,
                          "Actual Rows": 632078,
                          "Actual Loops": 4
                        }
                      ]
                    }
                  ]
                }
              ]
            }
          ]
        }
      ]
    },
    "Planning Time": 0.44,
    "Triggers": [],
    "Execution Time": 488.949
  }
]