[
  {
    "Plan": {
      "Node Type": "Aggregate",
      "Strategy": "Plain",
      "Partial Mode": "Finalize",
      "Parallel Aware": false,
      "Startup Cost": 347786.82,
      "Total Cost": 347786.83,
      "Plan Rows": 1,
      "Plan Width": 8,
      "Actual Startup Time": 851.49,
      "Actual Total Time": 899.587,
      "Actual Rows": 1,
      "Actual Loops": 1,
      "Plans": [
        {
          "Node Type": "Gather",
          "Parent Relationship": "Outer",
          "Parallel Aware": false,
          "Startup Cost": 347786.19,
          "Total Cost": 347786.8,
          "Plan Rows": 6,
          "Plan Width": 8,
          "Actual Startup Time": 851.272,
          "Actual Total Time": 899.576,
          "Actual Rows": 7,
          "Actual Loops": 1,
          "Workers Planned": 6,
          "Workers Launched": 6,
          "Single Copy": false,
          "Plans": [
            {
              "Node Type": "Aggregate",
              "Strategy": "Plain",
              "Partial Mode": "Partial",
              "Parent Relationship": "Outer",
              "Parallel Aware": false,
              "Startup Cost": 346786.19,
              "Total Cost": 346786.2,
              "Plan Rows": 1,
              "Plan Width": 8,
              "Actual Startup Time": 840.548,
              "Actual Total Time": 840.55,
              "Actual Rows": 1,
              "Actual Loops": 7,
              "Plans": [
                {
                  "Node Type": "Seq Scan",
                  "Parent Relationship": "Outer",
                  "Parallel Aware": true,
                  "Relation Name": "cast_info",
                  "Alias": "ci",
                  "Startup Cost": 0.0,
                  "Total Cost": 343316.27,
                  "Plan Rows": 1387968,
                  "Plan Width": 0,
                  "Actual Startup Time": 358.067,
                  "Actual Total Time": 741.727,
                  "Actual Rows": 1809179,
                  "Actual Loops": 7,
                  "Filter": "((person_id > 2414785) AND (role_id > 1))",
                  "Rows Removed by Filter": 3368584
                }
              ]
            }
          ]
        }
      ]
    },
    "Planning Time": 0.178,
    "Triggers": [],
    "Execution Time": 899.649
  }
]