[
    {
        "Bao": {
            "Bao prediction": "NaN",
            "Bao recommended hint": "(no hint)"
        }
    },
    {
        "Plan": {
            "Node Type": "Aggregate",
            "Strategy": "Plain",
            "Partial Mode": "Finalize",
            "Parallel Aware": false,
            "Startup Cost": 65411.66,
            "Total Cost": 65411.67,
            "Plan Rows": 1,
            "Plan Width": 8,
            "Actual Startup Time": 412.632,
            "Actual Total Time": 421.249,
            "Actual Rows": 1,
            "Actual Loops": 1,
            "Output": [
                "count(*)"
            ],
            "Plans": [
                {
                    "Node Type": "Gather",
                    "Parent Relationship": "Outer",
                    "Parallel Aware": false,
                    "Startup Cost": 65411.44,
                    "Total Cost": 65411.65,
                    "Plan Rows": 2,
                    "Plan Width": 8,
                    "Actual Startup Time": 406.579,
                    "Actual Total Time": 421.239,
                    "Actual Rows": 3,
                    "Actual Loops": 1,
                    "Output": [
                        "(PARTIAL count(*))"
                    ],
                    "Workers Planned": 2,
                    "Workers Launched": 2,
                    "Single Copy": false,
                    "Plans": [
                        {
                            "Node Type": "Aggregate",
                            "Strategy": "Plain",
                            "Partial Mode": "Partial",
                            "Parent Relationship": "Outer",
                            "Parallel Aware": false,
                            "Startup Cost": 64411.44,
                            "Total Cost": 64411.45,
                            "Plan Rows": 1,
                            "Plan Width": 8,
                            "Actual Startup Time": 399.644,
                            "Actual Total Time": 399.913,
                            "Actual Rows": 1,
                            "Actual Loops": 3,
                            "Output": [
                                "PARTIAL count(*)"
                            ],
                            "Workers": [
                                {
                                    "Worker Number": 0,
                                    "Actual Startup Time": 396.651,
                                    "Actual Total Time": 396.654,
                                    "Actual Rows": 1,
                                    "Actual Loops": 1
                                },
                                {
                                    "Worker Number": 1,
                                    "Actual Startup Time": 395.963,
                                    "Actual Total Time": 395.966,
                                    "Actual Rows": 1,
                                    "Actual Loops": 1
                                }
                            ],
                            "Plans": [
                                {
                                    "Node Type": "Hash Join",
                                    "Parent Relationship": "Outer",
                                    "Parallel Aware": true,
                                    "Join Type": "Inner",
                                    "Startup Cost": 48641.52,
                                    "Total Cost": 63836.08,
                                    "Plan Rows": 230145,
                                    "Plan Width": 0,
                                    "Actual Startup Time": 272.521,
                                    "Actual Total Time": 395.232,
                                    "Actual Rows": 97166,
                                    "Actual Loops": 3,
                                    "Inner Unique": true,
                                    "Hash Cond": "(mi_idx.movie_id = t.id)",
                                    "Workers": [
                                        {
                                            "Worker Number": 0,
                                            "Actual Startup Time": 268.838,
                                            "Actual Total Time": 391.446,
                                            "Actual Rows": 74684,
                                            "Actual Loops": 1
                                        },
                                        {
                                            "Worker Number": 1,
                                            "Actual Startup Time": 269.153,
                                            "Actual Total Time": 391.36,
                                            "Actual Rows": 109566,
                                            "Actual Loops": 1
                                        }
                                    ],
                                    "Plans": [
                                        {
                                            "Node Type": "Seq Scan",
                                            "Parent Relationship": "Outer",
                                            "Parallel Aware": true,
                                            "Relation Name": "movie_info_idx",
                                            "Schema": "public",
                                            "Alias": "mi_idx",
                                            "Startup Cost": 0.0,
                                            "Total Cost": 13685.15,
                                            "Plan Rows": 575015,
                                            "Plan Width": 4,
                                            "Actual Startup Time": 0.019,
                                            "Actual Total Time": 39.724,
                                            "Actual Rows": 460012,
                                            "Actual Loops": 3,
                                            "Output": [
                                                "mi_idx.id",
                                                "mi_idx.movie_id",
                                                "mi_idx.info_type_id",
                                                "mi_idx.info",
                                                "mi_idx.note"
                                            ],
                                            "Workers": [
                                                {
                                                    "Worker Number": 0,
                                                    "Actual Startup Time": 0.024,
                                                    "Actual Total Time": 42.962,
                                                    "Actual Rows": 349618,
                                                    "Actual Loops": 1
                                                },
                                                {
                                                    "Worker Number": 1,
                                                    "Actual Startup Time": 0.024,
                                                    "Actual Total Time": 40.261,
                                                    "Actual Rows": 513408,
                                                    "Actual Loops": 1
                                                }
                                            ]
                                        },
                                        {
                                            "Node Type": "Hash",
                                            "Parent Relationship": "Inner",
                                            "Parallel Aware": true,
                                            "Startup Cost": 45479.21,
                                            "Total Cost": 45479.21,
                                            "Plan Rows": 252985,
                                            "Plan Width": 4,
                                            "Actual Startup Time": 269.193,
                                            "Actual Total Time": 269.194,
                                            "Actual Rows": 372660,
                                            "Actual Loops": 3,
                                            "Output": [
                                                "t.id"
                                            ],
                                            "Hash Buckets": 2097152,
                                            "Original Hash Buckets": 1048576,
                                            "Hash Batches": 1,
                                            "Original Hash Batches": 1,
                                            "Peak Memory Usage": 68352,
                                            "Workers": [
                                                {
                                                    "Worker Number": 0,
                                                    "Actual Startup Time": 268.019,
                                                    "Actual Total Time": 268.02,
                                                    "Actual Rows": 278797,
                                                    "Actual Loops": 1
                                                },
                                                {
                                                    "Worker Number": 1,
                                                    "Actual Startup Time": 268.388,
                                                    "Actual Total Time": 268.389,
                                                    "Actual Rows": 393161,
                                                    "Actual Loops": 1
                                                }
                                            ],
                                            "Plans": [
                                                {
                                                    "Node Type": "Seq Scan",
                                                    "Parent Relationship": "Outer",
                                                    "Parallel Aware": true,
                                                    "Relation Name": "title",
                                                    "Schema": "public",
                                                    "Alias": "t",
                                                    "Startup Cost": 0.0,
                                                    "Total Cost": 45479.21,
                                                    "Plan Rows": 252985,
                                                    "Plan Width": 4,
                                                    "Actual Startup Time": 0.037,
                                                    "Actual Total Time": 127.483,
                                                    "Actual Rows": 372660,
                                                    "Actual Loops": 3,
                                                    "Output": [
                                                        "t.id"
                                                    ],
                                                    "Filter": "((t.production_year > 1993) AND (t.kind_id = 7))",
                                                    "Rows Removed by Filter": 470110,
                                                    "Workers": [
                                                        {
                                                            "Worker Number": 0,
                                                            "Actual Startup Time": 0.048,
                                                            "Actual Total Time": 133.02,
                                                            "Actual Rows": 278797,
                                                            "Actual Loops": 1
                                                        },
                                                        {
                                                            "Worker Number": 1,
                                                            "Actual Startup Time": 0.049,
                                                            "Actual Total Time": 127.267,
                                                            "Actual Rows": 393161,
                                                            "Actual Loops": 1
                                                        }
                                                    ]
                                                }
                                            ]
                                        }
                                    ]
                                }
                            ]
                        }
                    ]
                }
            ]
        },
        "Planning Time": 188.62,
        "Triggers": [],
        "Execution Time": 421.323
    }
]