[
    {
        "Bao": {
            "Bao prediction": 1331.969,
            "Bao recommended hint": "SET enable_nestloop TO off; "
        }
    },
    {
        "Plan": {
            "Node Type": "Aggregate",
            "Strategy": "Plain",
            "Partial Mode": "Finalize",
            "Parallel Aware": false,
            "Startup Cost": 235169.56,
            "Total Cost": 235169.57,
            "Plan Rows": 1,
            "Plan Width": 8,
            "Actual Startup Time": 491.595,
            "Actual Total Time": 500.244,
            "Actual Rows": 1,
            "Actual Loops": 1,
            "Output": [
                "count(*)"
            ],
            "Plans": [
                {
                    "Node Type": "Gather",
                    "Parent Relationship": "Outer",
                    "Parallel Aware": false,
                    "Startup Cost": 235169.34,
                    "Total Cost": 235169.55,
                    "Plan Rows": 2,
                    "Plan Width": 8,
                    "Actual Startup Time": 486.644,
                    "Actual Total Time": 500.235,
                    "Actual Rows": 3,
                    "Actual Loops": 1,
                    "Output": [
                        "(PARTIAL count(*))"
                    ],
                    "Workers Planned": 2,
                    "Workers Launched": 2,
                    "Single Copy": false,
                    "Plans": [
                        {
                            "Node Type": "Aggregate",
                            "Strategy": "Plain",
                            "Partial Mode": "Partial",
                            "Parent Relationship": "Outer",
                            "Parallel Aware": false,
                            "Startup Cost": 234169.34,
                            "Total Cost": 234169.35,
                            "Plan Rows": 1,
                            "Plan Width": 8,
                            "Actual Startup Time": 477.887,
                            "Actual Total Time": 478.035,
                            "Actual Rows": 1,
                            "Actual Loops": 3,
                            "Output": [
                                "PARTIAL count(*)"
                            ],
                            "Workers": [
                                {
                                    "Worker Number": 0,
                                    "Actual Startup Time": 474.456,
                                    "Actual Total Time": 474.461,
                                    "Actual Rows": 1,
                                    "Actual Loops": 1
                                },
                                {
                                    "Worker Number": 1,
                                    "Actual Startup Time": 473.246,
                                    "Actual Total Time": 473.251,
                                    "Actual Rows": 1,
                                    "Actual Loops": 1
                                }
                            ],
                            "Plans": [
                                {
                                    "Node Type": "Hash Join",
                                    "Parent Relationship": "Outer",
                                    "Parallel Aware": true,
                                    "Join Type": "Inner",
                                    "Startup Cost": 218200.78,
                                    "Total Cost": 234098.72,
                                    "Plan Rows": 28247,
                                    "Plan Width": 0,
                                    "Actual Startup Time": 368.96,
                                    "Actual Total Time": 460.407,
                                    "Actual Rows": 318513,
                                    "Actual Loops": 3,
                                    "Inner Unique": false,
                                    "Hash Cond": "(mi_idx.movie_id = t.id)",
                                    "Workers": [
                                        {
                                            "Worker Number": 0,
                                            "Actual Startup Time": 364.817,
                                            "Actual Total Time": 456.301,
                                            "Actual Rows": 266560,
                                            "Actual Loops": 1
                                        },
                                        {
                                            "Worker Number": 1,
                                            "Actual Startup Time": 364.794,
                                            "Actual Total Time": 455.389,
                                            "Actual Rows": 262538,
                                            "Actual Loops": 1
                                        }
                                    ],
                                    "Plans": [
                                        {
                                            "Node Type": "Seq Scan",
                                            "Parent Relationship": "Outer",
                                            "Parallel Aware": true,
                                            "Relation Name": "movie_info_idx",
                                            "Schema": "public",
                                            "Alias": "mi_idx",
                                            "Startup Cost": 0.0,
                                            "Total Cost": 13685.15,
                                            "Plan Rows": 575015,
                                            "Plan Width": 4,
                                            "Actual Startup Time": 0.024,
                                            "Actual Total Time": 43.591,
                                            "Actual Rows": 460012,
                                            "Actual Loops": 3,
                                            "Output": [
                                                "mi_idx.id",
                                                "mi_idx.movie_id",
                                                "mi_idx.info_type_id",
                                                "mi_idx.info",
                                                "mi_idx.note"
                                            ],
                                            "Workers": [
                                                {
                                                    "Worker Number": 0,
                                                    "Actual Startup Time": 0.026,
                                                    "Actual Total Time": 44.686,
                                                    "Actual Rows": 382129,
                                                    "Actual Loops": 1
                                                },
                                                {
                                                    "Worker Number": 1,
                                                    "Actual Startup Time": 0.033,
                                                    "Actual Total Time": 44.736,
                                                    "Actual Rows": 383175,
                                                    "Actual Loops": 1
                                                }
                                            ]
                                        },
                                        {
                                            "Node Type": "Hash",
                                            "Parent Relationship": "Inner",
                                            "Parallel Aware": true,
                                            "Startup Cost": 217890.28,
                                            "Total Cost": 217890.28,
                                            "Plan Rows": 24840,
                                            "Plan Width": 8,
                                            "Actual Startup Time": 328.349,
                                            "Actual Total Time": 328.495,
                                            "Actual Rows": 115416,
                                            "Actual Loops": 3,
                                            "Output": [
                                                "t.id",
                                                "mi.movie_id"
                                            ],
                                            "Hash Buckets": 524288,
                                            "Original Hash Buckets": 131072,
                                            "Hash Batches": 1,
                                            "Original Hash Batches": 1,
                                            "Peak Memory Usage": 20768,
                                            "Workers": [
                                                {
                                                    "Worker Number": 0,
                                                    "Actual Startup Time": 325.47,
                                                    "Actual Total Time": 325.473,
                                                    "Actual Rows": 101839,
                                                    "Actual Loops": 1
                                                },
                                                {
                                                    "Worker Number": 1,
                                                    "Actual Startup Time": 325.561,
                                                    "Actual Total Time": 325.565,
                                                    "Actual Rows": 102366,
                                                    "Actual Loops": 1
                                                }
                                            ],
                                            "Plans": [
                                                {
                                                    "Node Type": "Hash Join",
                                                    "Parent Relationship": "Outer",
                                                    "Parallel Aware": true,
                                                    "Join Type": "Inner",
                                                    "Startup Cost": 54482.38,
                                                    "Total Cost": 217890.28,
                                                    "Plan Rows": 24840,
                                                    "Plan Width": 8,
                                                    "Actual Startup Time": 235.73,
                                                    "Actual Total Time": 292.257,
                                                    "Actual Rows": 115416,
                                                    "Actual Loops": 3,
                                                    "Output": [
                                                        "t.id",
                                                        "mi.movie_id"
                                                    ],
                                                    "Inner Unique": true,
                                                    "Hash Cond": "(mi.movie_id = t.id)",
                                                    "Workers": [
                                                        {
                                                            "Worker Number": 0,
                                                            "Actual Startup Time": 232.874,
                                                            "Actual Total Time": 289.503,
                                                            "Actual Rows": 101839,
                                                            "Actual Loops": 1
                                                        },
                                                        {
                                                            "Worker Number": 1,
                                                            "Actual Startup Time": 232.904,
                                                            "Actual Total Time": 288.985,
                                                            "Actual Rows": 102366,
                                                            "Actual Loops": 1
                                                        }
                                                    ],
                                                    "Plans": [
                                                        {
                                                            "Node Type": "Bitmap Heap Scan",
                                                            "Parent Relationship": "Outer",
                                                            "Parallel Aware": true,
                                                            "Relation Name": "movie_info",
                                                            "Schema": "public",
                                                            "Alias": "mi",
                                                            "Startup Cost": 8485.4,
                                                            "Total Cost": 171647.74,
                                                            "Plan Rows": 93547,
                                                            "Plan Width": 4,
                                                            "Actual Startup Time": 15.032,
                                                            "Actual Total Time": 37.62,
                                                            "Actual Rows": 162185,
                                                            "Actual Loops": 3,
                                                            "Output": [
                                                                "mi.id",
                                                                "mi.movie_id",
                                                                "mi.info_type_id",
                                                                "mi.info",
                                                                "mi.note"
                                                            ],
                                                            "Recheck Cond": "(mi.info_type_id = 5)",
                                                            "Rows Removed by Index Recheck": 0,
                                                            "Exact Heap Blocks": 2438,
                                                            "Lossy Heap Blocks": 0,
                                                            "Workers": [
                                                                {
                                                                    "Worker Number": 0,
                                                                    "Actual Startup Time": 15.088,
                                                                    "Actual Total Time": 38.409,
                                                                    "Actual Rows": 141849,
                                                                    "Actual Loops": 1
                                                                },
                                                                {
                                                                    "Worker Number": 1,
                                                                    "Actual Startup Time": 15.074,
                                                                    "Actual Total Time": 38.29,
                                                                    "Actual Rows": 141603,
                                                                    "Actual Loops": 1
                                                                }
                                                            ],
                                                            "Plans": [
                                                                {
                                                                    "Node Type": "Bitmap Index Scan",
                                                                    "Parent Relationship": "Outer",
                                                                    "Parallel Aware": false,
                                                                    "Index Name": "info_type_id_movie_info",
                                                                    "Startup Cost": 0.0,
                                                                    "Total Cost": 8368.46,
                                                                    "Plan Rows": 467737,
                                                                    "Plan Width": 0,
                                                                    "Actual Startup Time": 14.251,
                                                                    "Actual Total Time": 14.252,
                                                                    "Actual Rows": 486554,
                                                                    "Actual Loops": 1,
                                                                    "Index Cond": "(mi.info_type_id = 5)"
                                                                }
                                                            ]
                                                        },
                                                        {
                                                            "Node Type": "Hash",
                                                            "Parent Relationship": "Inner",
                                                            "Parallel Aware": true,
                                                            "Startup Cost": 43899.01,
                                                            "Total Cost": 43899.01,
                                                            "Plan Rows": 167838,
                                                            "Plan Width": 4,
                                                            "Actual Startup Time": 201.964,
                                                            "Actual Total Time": 201.965,
                                                            "Actual Rows": 220942,
                                                            "Actual Loops": 3,
                                                            "Output": [
                                                                "t.id"
                                                            ],
                                                            "Hash Buckets": 1048576,
                                                            "Original Hash Buckets": 1048576,
                                                            "Hash Batches": 1,
                                                            "Original Hash Batches": 1,
                                                            "Peak Memory Usage": 34144,
                                                            "Workers": [
                                                                {
                                                                    "Worker Number": 0,
                                                                    "Actual Startup Time": 204.37,
                                                                    "Actual Total Time": 204.371,
                                                                    "Actual Rows": 192150,
                                                                    "Actual Loops": 1
                                                                },
                                                                {
                                                                    "Worker Number": 1,
                                                                    "Actual Startup Time": 204.4,
                                                                    "Actual Total Time": 204.401,
                                                                    "Actual Rows": 191896,
                                                                    "Actual Loops": 1
                                                                }
                                                            ],
                                                            "Plans": [
                                                                {
                                                                    "Node Type": "Seq Scan",
                                                                    "Parent Relationship": "Outer",
                                                                    "Parallel Aware": true,
                                                                    "Relation Name": "title",
                                                                    "Schema": "public",
                                                                    "Alias": "t",
                                                                    "Startup Cost": 0.0,
                                                                    "Total Cost": 43899.01,
                                                                    "Plan Rows": 167838,
                                                                    "Plan Width": 4,
                                                                    "Actual Startup Time": 46.824,
                                                                    "Actual Total Time": 124.122,
                                                                    "Actual Rows": 220942,
                                                                    "Actual Loops": 3,
                                                                    "Output": [
                                                                        "t.id"
                                                                    ],
                                                                    "Filter": "(t.kind_id = 1)",
                                                                    "Rows Removed by Filter": 621829,
                                                                    "Workers": [
                                                                        {
                                                                            "Worker Number": 0,
                                                                            "Actual Startup Time": 65.958,
                                                                            "Actual Total Time": 126.429,
                                                                            "Actual Rows": 192150,
                                                                            "Actual Loops": 1
                                                                        },
                                                                        {
                                                                            "Worker Number": 1,
                                                                            "Actual Startup Time": 8.502,
                                                                            "Actual Total Time": 126.364,
                                                                            "Actual Rows": 191896,
                                                                            "Actual Loops": 1
                                                                        }
                                                                    ]
                                                                }
                                                            ]
                                                        }
                                                    ]
                                                }
                                            ]
                                        }
                                    ]
                                }
                            ]
                        }
                    ]
                }
            ]
        },
        "Planning Time": 907.21,
        "Triggers": [],
        "Execution Time": 500.382
    }
]