{
  "Plan": {
    "Node Type": "Aggregate",
    "Strategy": "Plain",
    "Partial Mode": "Finalize",
    "Parallel Aware": false,
    "Startup Cost": 83098.89,
    "Total Cost": 83098.9,
    "Plan Rows": 1,
    "Plan Width": 8,
    "Actual Startup Time": 157.461,
    "Actual Total Time": 172.168,
    "Actual Rows": 1,
    "Actual Loops": 1,
    "Plans": [
      {
        "Node Type": "Gather",
        "Parent Relationship": "Outer",
        "Parallel Aware": false,
        "Startup Cost": 83098.78,
        "Total Cost": 83098.89,
        "Plan Rows": 1,
        "Plan Width": 8,
        "Actual Startup Time": 157.344,
        "Actual Total Time": 172.161,
        "Actual Rows": 2,
        "Actual Loops": 1,
        "Workers Planned": 1,
        "Workers Launched": 1,
        "Single Copy": false,
        "Plans": [
          {
            "Node Type": "Aggregate",
            "Strategy": "Plain",
            "Partial Mode": "Partial",
            "Parent Relationship": "Outer",
            "Parallel Aware": false,
            "Startup Cost": 82098.78,
            "Total Cost": 82098.79,
            "Plan Rows": 1,
            "Plan Width": 8,
            "Actual Startup Time": 151.508,
            "Actual Total Time": 151.509,
            "Actual Rows": 1,
            "Actual Loops": 2,
            "Plans": [
              {
                "Node Type": "Nested Loop",
                "Parent Relationship": "Outer",
                "Parallel Aware": false,
                "Join Type": "Inner",
                "Startup Cost": 0.43,
                "Total Cost": 82096.92,
                "Plan Rows": 744,
                "Plan Width": 0,
                "Actual Startup Time": 3.844,
                "Actual Total Time": 151.353,
                "Actual Rows": 1374,
                "Actual Loops": 2,
                "Inner Unique": false,
                "Plans": [
                  {
                    "Node Type": "Seq Scan",
                    "Parent Relationship": "Outer",
                    "Parallel Aware": true,
                    "Relation Name": "title",
                    "Alias": "t",
                    "Startup Cost": 0.0,
                    "Total Cost": 58306.47,
                    "Plan Rows": 1419,
                    "Plan Width": 4,
                    "Actual Startup Time": 3.395,
                    "Actual Total Time": 135.848,
                    "Actual Rows": 1522,
                    "Actual Loops": 2,
                    "Filter": "((kind_id < 7) AND (production_year = 1952))",
                    "Rows Removed by Filter": 1262634
                  },
                  {
                    "Node Type": "Index Scan",
                    "Parent Relationship": "Inner",
                    "Parallel Aware": false,
                    "Scan Direction": "Forward",
                    "Index Name": "movie_id_movie_companies",
                    "Relation Name": "movie_companies",
                    "Alias": "mc",
                    "Startup Cost": 0.43,
                    "Total Cost": 16.74,
                    "Plan Rows": 3,
                    "Plan Width": 4,
                    "Actual Startup Time": 0.01,
                    "Actual Total Time": 0.01,
                    "Actual Rows": 1,
                    "Actual Loops": 3043,
                    "Index Cond": "(movie_id = t.id)",
                    "Rows Removed by Index Recheck": 0,
                    "Filter": "(company_type_id = 2)",
                    "Rows Removed by Filter": 1
                  }
                ]
              }
            ]
          }
        ]
      }
    ]
  },
  "Planning Time": 0.482,
  "Triggers": [],
  "Execution Time": 172.255
}