[
  {
    "Plan": {
      "Node Type": "Aggregate",
      "Strategy": "Plain",
      "Partial Mode": "Finalize",
      "Parallel Aware": false,
      "Startup Cost": 95869.76,
      "Total Cost": 95869.77,
      "Plan Rows": 1,
      "Plan Width": 8,
      "Actual Startup Time": 419.034,
      "Actual Total Time": 440.533,
      "Actual Rows": 1,
      "Actual Loops": 1,
      "Plans": [
        {
          "Node Type": "Gather",
          "Parent Relationship": "Outer",
          "Parallel Aware": false,
          "Startup Cost": 95869.44,
          "Total Cost": 95869.75,
          "Plan Rows": 3,
          "Plan Width": 8,
          "Actual Startup Time": 416.235,
          "Actual Total Time": 440.512,
          "Actual Rows": 4,
          "Actual Loops": 1,
          "Workers Planned": 3,
          "Workers Launched": 3,
          "Single Copy": false,
          "Plans": [
            {
              "Node Type": "Aggregate",
              "Strategy": "Plain",
              "Partial Mode": "Partial",
              "Parent Relationship": "Outer",
              "Parallel Aware": false,
              "Startup Cost": 94869.44,
              "Total Cost": 94869.45,
              "Plan Rows": 1,
              "Plan Width": 8,
              "Actual Startup Time": 407.555,
              "Actual Total Time": 407.801,
              "Actual Rows": 1,
              "Actual Loops": 4,
              "Plans": [
                {
                  "Node Type": "Hash Join",
                  "Parent Relationship": "Outer",
                  "Parallel Aware": true,
                  "Join Type": "Inner",
                  "Startup Cost": 64262.51,
                  "Total Cost": 94779.79,
                  "Plan Rows": 35861,
                  "Plan Width": 0,
                  "Actual Startup Time": 310.984,
                  "Actual Total Time": 404.936,
                  "Actual Rows": 67789,
                  "Actual Loops": 4,
                  "Inner Unique": false,
                  "Hash Cond": "(mc.movie_id = t.id)",
                  "Plans": [
                    {
                      "Node Type": "Seq Scan",
                      "Parent Relationship": "Outer",
                      "Parallel Aware": true,
                      "Relation Name": "movie_companies",
                      "Alias": "mc",
                      "Startup Cost": 0.0,
                      "Total Cost": 29310.68,
                      "Plan Rows": 297853,
                      "Plan Width": 4,
                      "Actual Startup Time": 10.085,
                      "Actual Total Time": 60.777,
                      "Actual Rows": 228545,
                      "Actual Loops": 4,
                      "Filter": "(company_id > 20500)",
                      "Rows Removed by Filter": 423737
                    },
                    {
                      "Node Type": "Hash",
                      "Parent Relationship": "Inner",
                      "Parallel Aware": true,
                      "Startup Cost": 63311.21,
                      "Total Cost": 63311.21,
                      "Plan Rows": 76104,
                      "Plan Width": 8,
                      "Actual Startup Time": 298.684,
                      "Actual Total Time": 298.929,
                      "Actual Rows": 69510,
                      "Actual Loops": 4,
                      "Hash Buckets": 524288,
                      "Original Hash Buckets": 524288,
                      "Hash Batches": 1,
                      "Original Hash Batches": 1,
                      "Peak Memory Usage": 15008,
                      "Plans": [
                        {
                          "Node Type": "Hash Join",
                          "Parent Relationship": "Outer",
                          "Parallel Aware": true,
                          "Join Type": "Inner",
                          "Startup Cost": 17540.14,
                          "Total Cost": 63311.21,
                          "Plan Rows": 76104,
                          "Plan Width": 8,
                          "Actual Startup Time": 80.834,
                          "Actual Total Time": 274.509,
                          "Actual Rows": 69510,
                          "Actual Loops": 4,
                          "Inner Unique": false,
                          "Hash Cond": "(t.id = mi_idx.movie_id)",
                          "Plans": [
                            {
                              "Node Type": "Seq Scan",
                              "Parent Relationship": "Outer",
                              "Parallel Aware": true,
                              "Relation Name": "title",
                              "Alias": "t",
                              "Startup Cost": 0.0,
                              "Total Cost": 43899.32,
                              "Plan Rows": 414571,
                              "Plan Width": 4,
                              "Actual Startup Time": 0.015,
                              "Actual Total Time": 92.28,
                              "Actual Rows": 410878,
                              "Actual Loops": 4,
                              "Filter": "(production_year > 1994)",
                              "Rows Removed by Filter": 221200
                            },
                            {
                              "Node Type": "Hash",
                              "Parent Relationship": "Inner",
                              "Parallel Aware": true,
                              "Startup Cost": 15122.68,
                              "Total Cost": 15122.68,
                              "Plan Rows": 193397,
                              "Plan Width": 4,
                              "Actual Startup Time": 79.789,
                              "Actual Total Time": 79.791,
                              "Actual Rows": 115046,
                              "Actual Loops": 4,
                              "Hash Buckets": 524288,
                              "Original Hash Buckets": 524288,
                              "Hash Batches": 1,
                              "Original Hash Batches": 1,
                              "Peak Memory Usage": 22144,
                              "Plans": [
                                {
                                  "Node Type": "Seq Scan",
                                  "Parent Relationship": "Outer",
                                  "Parallel Aware": true,
                                  "Relation Name": "movie_info_idx",
                                  "Alias": "mi_idx",
                                  "Startup Cost": 0.0,
                                  "Total Cost": 15122.68,
                                  "Plan Rows": 193397,
                                  "Plan Width": 4,
                                  "Actual Startup Time": 0.052,
                                  "Actual Total Time": 43.005,
                                  "Actual Rows": 115046,
                                  "Actual Loops": 4,
                                  "Filter": "(info_type_id > 100)",
                                  "Rows Removed by Filter": 229962
                                }
                              ]
                            }
                          ]
                        }
                      ]
                    }
                  ]
                }
              ]
            }
          ]
        }
      ]
    },
    "Planning Time": 0.455,
    "Triggers": [],
    "Execution Time": 440.573
  }
]