[
  {
    "Plan": {
      "Node Type": "Aggregate",
      "Strategy": "Plain",
      "Partial Mode": "Finalize",
      "Parallel Aware": false,
      "Startup Cost": 199903.7,
      "Total Cost": 199903.71,
      "Plan Rows": 1,
      "Plan Width": 8,
      "Actual Startup Time": 223.326,
      "Actual Total Time": 237.061,
      "Actual Rows": 1,
      "Actual Loops": 1,
      "Plans": [
        {
          "Node Type": "Gather",
          "Parent Relationship": "Outer",
          "Parallel Aware": false,
          "Startup Cost": 199903.08,
          "Total Cost": 199903.69,
          "Plan Rows": 6,
          "Plan Width": 8,
          "Actual Startup Time": 223.218,
          "Actual Total Time": 237.051,
          "Actual Rows": 7,
          "Actual Loops": 1,
          "Workers Planned": 6,
          "Workers Launched": 6,
          "Single Copy": false,
          "Plans": [
            {
              "Node Type": "Aggregate",
              "Strategy": "Plain",
              "Partial Mode": "Partial",
              "Parent Relationship": "Outer",
              "Parallel Aware": false,
              "Startup Cost": 198903.08,
              "Total Cost": 198903.09,
              "Plan Rows": 1,
              "Plan Width": 8,
              "Actual Startup Time": 213.816,
              "Actual Total Time": 213.817,
              "Actual Rows": 1,
              "Actual Loops": 7,
              "Plans": [
                {
                  "Node Type": "Index Scan",
                  "Parent Relationship": "Outer",
                  "Parallel Aware": true,
                  "Scan Direction": "Forward",
                  "Index Name": "role_id_cast_info",
                  "Relation Name": "cast_info",
                  "Alias": "ci",
                  "Startup Cost": 0.56,
                  "Total Cost": 197877.72,
                  "Plan Rows": 410142,
                  "Plan Width": 0,
                  "Actual Startup Time": 159.898,
                  "Actual Total Time": 204.121,
                  "Actual Rows": 240049,
                  "Actual Loops": 7,
                  "Index Cond": "(role_id = 2)",
                  "Rows Removed by Index Recheck": 0,
                  "Filter": "(person_id > 2480270)",
                  "Rows Removed by Filter": 824519
                }
              ]
            }
          ]
        }
      ]
    },
    "Planning Time": 0.244,
    "Triggers": [],
    "Execution Time": 237.126
  }
]