[
  {
    "Plan": {
      "Node Type": "Aggregate",
      "Strategy": "Plain",
      "Partial Mode": "Finalize",
      "Parallel Aware": false,
      "Startup Cost": 45042.56,
      "Total Cost": 45042.57,
      "Plan Rows": 1,
      "Plan Width": 8,
      "Actual Startup Time": 131.136,
      "Actual Total Time": 140.144,
      "Actual Rows": 1,
      "Actual Loops": 1,
      "Plans": [
        {
          "Node Type": "Gather",
          "Parent Relationship": "Outer",
          "Parallel Aware": false,
          "Startup Cost": 45042.24,
          "Total Cost": 45042.55,
          "Plan Rows": 3,
          "Plan Width": 8,
          "Actual Startup Time": 131.011,
          "Actual Total Time": 140.134,
          "Actual Rows": 4,
          "Actual Loops": 1,
          "Workers Planned": 3,
          "Workers Launched": 3,
          "Single Copy": false,
          "Plans": [
            {
              "Node Type": "Aggregate",
              "Strategy": "Plain",
              "Partial Mode": "Partial",
              "Parent Relationship": "Outer",
              "Parallel Aware": false,
              "Startup Cost": 44042.24,
              "Total Cost": 44042.25,
              "Plan Rows": 1,
              "Plan Width": 8,
              "Actual Startup Time": 125.643,
              "Actual Total Time": 125.644,
              "Actual Rows": 1,
              "Actual Loops": 4,
              "Plans": [
                {
                  "Node Type": "Seq Scan",
                  "Parent Relationship": "Outer",
                  "Parallel Aware": true,
                  "Relation Name": "movie_keyword",
                  "Alias": "mk",
                  "Startup Cost": 0.0,
                  "Total Cost": 42695.65,
                  "Plan Rows": 538636,
                  "Plan Width": 0,
                  "Actual Startup Time": 0.438,
                  "Actual Total Time": 106.078,
                  "Actual Rows": 413572,
                  "Actual Loops": 4,
                  "Filter": "(keyword_id > 8841)",
                  "Rows Removed by Filter": 717411
                }
              ]
            }
          ]
        }
      ]
    },
    "Planning Time": 0.079,
    "Triggers": [],
    "Execution Time": 140.172
  }
]