[
  {
    "Plan": {
      "Node Type": "Aggregate",
      "Strategy": "Plain",
      "Partial Mode": "Finalize",
      "Parallel Aware": false,
      "Startup Cost": 64363.48,
      "Total Cost": 64363.49,
      "Plan Rows": 1,
      "Plan Width": 8,
      "Actual Startup Time": 302.034,
      "Actual Total Time": 321.008,
      "Actual Rows": 1,
      "Actual Loops": 1,
      "Plans": [
        {
          "Node Type": "Gather",
          "Parent Relationship": "Outer",
          "Parallel Aware": false,
          "Startup Cost": 64363.06,
          "Total Cost": 64363.47,
          "Plan Rows": 4,
          "Plan Width": 8,
          "Actual Startup Time": 299.699,
          "Actual Total Time": 320.992,
          "Actual Rows": 5,
          "Actual Loops": 1,
          "Workers Planned": 4,
          "Workers Launched": 4,
          "Single Copy": false,
          "Plans": [
            {
              "Node Type": "Aggregate",
              "Strategy": "Plain",
              "Partial Mode": "Partial",
              "Parent Relationship": "Outer",
              "Parallel Aware": false,
              "Startup Cost": 63363.06,
              "Total Cost": 63363.07,
              "Plan Rows": 1,
              "Plan Width": 8,
              "Actual Startup Time": 292.455,
              "Actual Total Time": 292.46,
              "Actual Rows": 1,
              "Actual Loops": 5,
              "Plans": [
                {
                  "Node Type": "Hash Join",
                  "Parent Relationship": "Outer",
                  "Parallel Aware": true,
                  "Join Type": "Inner",
                  "Startup Cost": 17540.14,
                  "Total Cost": 63185.57,
                  "Plan Rows": 70996,
                  "Plan Width": 0,
                  "Actual Startup Time": 86.992,
                  "Actual Total Time": 288.997,
                  "Actual Rows": 50597,
                  "Actual Loops": 5,
                  "Inner Unique": false,
                  "Hash Cond": "(t.id = mi_idx.movie_id)",
                  "Plans": [
                    {
                      "Node Type": "Seq Scan",
                      "Parent Relationship": "Outer",
                      "Parallel Aware": true,
                      "Relation Name": "title",
                      "Alias": "t",
                      "Startup Cost": 0.0,
                      "Total Cost": 43899.32,
                      "Plan Rows": 386742,
                      "Plan Width": 4,
                      "Actual Startup Time": 0.024,
                      "Actual Total Time": 104.968,
                      "Actual Rows": 306323,
                      "Actual Loops": 5,
                      "Filter": "(production_year > 1997)",
                      "Rows Removed by Filter": 199340
                    },
                    {
                      "Node Type": "Hash",
                      "Parent Relationship": "Inner",
                      "Parallel Aware": true,
                      "Startup Cost": 15122.68,
                      "Total Cost": 15122.68,
                      "Plan Rows": 193397,
                      "Plan Width": 4,
                      "Actual Startup Time": 84.8,
                      "Actual Total Time": 84.802,
                      "Actual Rows": 92037,
                      "Actual Loops": 5,
                      "Hash Buckets": 524288,
                      "Original Hash Buckets": 524288,
                      "Hash Batches": 1,
                      "Original Hash Batches": 1,
                      "Peak Memory Usage": 22208,
                      "Plans": [
                        {
                          "Node Type": "Seq Scan",
                          "Parent Relationship": "Outer",
                          "Parallel Aware": true,
                          "Relation Name": "movie_info_idx",
                          "Alias": "mi_idx",
                          "Startup Cost": 0.0,
                          "Total Cost": 15122.68,
                          "Plan Rows": 193397,
                          "Plan Width": 4,
                          "Actual Startup Time": 0.056,
                          "Actual Total Time": 45.41,
                          "Actual Rows": 92037,
                          "Actual Loops": 5,
                          "Filter": "(info_type_id > 100)",
                          "Rows Removed by Filter": 183970
                        }
                      ]
                    }
                  ]
                }
              ]
            }
          ]
        }
      ]
    },
    "Planning Time": 0.528,
    "Triggers": [],
    "Execution Time": 321.053
  }
]