[
  {
    "Plan": {
      "Node Type": "Aggregate",
      "Strategy": "Plain",
      "Partial Mode": "Finalize",
      "Parallel Aware": false,
      "Startup Cost": 45358.01,
      "Total Cost": 45358.02,
      "Plan Rows": 1,
      "Plan Width": 8,
      "Actual Startup Time": 159.344,
      "Actual Total Time": 170.285,
      "Actual Rows": 1,
      "Actual Loops": 1,
      "Plans": [
        {
          "Node Type": "Gather",
          "Parent Relationship": "Outer",
          "Parallel Aware": false,
          "Startup Cost": 45357.69,
          "Total Cost": 45358.0,
          "Plan Rows": 3,
          "Plan Width": 8,
          "Actual Startup Time": 158.982,
          "Actual Total Time": 170.274,
          "Actual Rows": 4,
          "Actual Loops": 1,
          "Workers Planned": 3,
          "Workers Launched": 3,
          "Single Copy": false,
          "Plans": [
            {
              "Node Type": "Aggregate",
              "Strategy": "Plain",
              "Partial Mode": "Partial",
              "Parent Relationship": "Outer",
              "Parallel Aware": false,
              "Startup Cost": 44357.69,
              "Total Cost": 44357.7,
              "Plan Rows": 1,
              "Plan Width": 8,
              "Actual Startup Time": 152.338,
              "Actual Total Time": 152.34,
              "Actual Rows": 1,
              "Actual Loops": 4,
              "Plans": [
                {
                  "Node Type": "Seq Scan",
                  "Parent Relationship": "Outer",
                  "Parallel Aware": true,
                  "Relation Name": "movie_keyword",
                  "Alias": "mk",
                  "Startup Cost": 0.0,
                  "Total Cost": 42695.65,
                  "Plan Rows": 664814,
                  "Plan Width": 0,
                  "Actual Startup Time": 0.048,
                  "Actual Total Time": 124.71,
                  "Actual Rows": 515994,
                  "Actual Loops": 4,
                  "Filter": "(keyword_id < 3663)",
                  "Rows Removed by Filter": 614989
                }
              ]
            }
          ]
        }
      ]
    },
    "Planning Time": 0.092,
    "Triggers": [],
    "Execution Time": 170.322
  }
]