{
  "Plan": {
    "Node Type": "Aggregate",
    "Strategy": "Plain",
    "Partial Mode": "Finalize",
    "Parallel Aware": false,
    "Startup Cost": 272303.89,
    "Total Cost": 272303.9,
    "Plan Rows": 1,
    "Plan Width": 8,
    "Actual Startup Time": 2080.973,
    "Actual Total Time": 2162.445,
    "Actual Rows": 1,
    "Actual Loops": 1,
    "Plans": [
      {
        "Node Type": "Gather",
        "Parent Relationship": "Outer",
        "Parallel Aware": false,
        "Startup Cost": 272303.78,
        "Total Cost": 272303.89,
        "Plan Rows": 1,
        "Plan Width": 8,
        "Actual Startup Time": 2079.183,
        "Actual Total Time": 2162.434,
        "Actual Rows": 2,
        "Actual Loops": 1,
        "Workers Planned": 1,
        "Workers Launched": 1,
        "Single Copy": false,
        "Plans": [
          {
            "Node Type": "Aggregate",
            "Strategy": "Plain",
            "Partial Mode": "Partial",
            "Parent Relationship": "Outer",
            "Parallel Aware": false,
            "Startup Cost": 271303.78,
            "Total Cost": 271303.79,
            "Plan Rows": 1,
            "Plan Width": 8,
            "Actual Startup Time": 2073.032,
            "Actual Total Time": 2073.036,
            "Actual Rows": 1,
            "Actual Loops": 2,
            "Plans": [
              {
                "Node Type": "Nested Loop",
                "Parent Relationship": "Outer",
                "Parallel Aware": false,
                "Join Type": "Inner",
                "Startup Cost": 55488.73,
                "Total Cost": 269331.4,
                "Plan Rows": 788952,
                "Plan Width": 0,
                "Actual Startup Time": 182.357,
                "Actual Total Time": 1975.667,
                "Actual Rows": 2133044,
                "Actual Loops": 2,
                "Inner Unique": false,
                "Join Filter": "(t.id = ci.movie_id)",
                "Rows Removed by Join Filter": 0,
                "Plans": [
                  {
                    "Node Type": "Hash Join",
                    "Parent Relationship": "Outer",
                    "Parallel Aware": true,
                    "Join Type": "Inner",
                    "Startup Cost": 55488.16,
                    "Total Cost": 116675.65,
                    "Plan Rows": 63967,
                    "Plan Width": 8,
                    "Actual Startup Time": 182.287,
                    "Actual Total Time": 488.914,
                    "Actual Rows": 50526,
                    "Actual Loops": 2,
                    "Inner Unique": true,
                    "Hash Cond": "(mk.movie_id = t.id)",
                    "Plans": [
                      {
                        "Node Type": "Seq Scan",
                        "Parent Relationship": "Outer",
                        "Parallel Aware": true,
                        "Relation Name": "movie_keyword",
                        "Alias": "mk",
                        "Startup Cost": 0.0,
                        "Total Cost": 57718.19,
                        "Plan Rows": 1321632,
                        "Plan Width": 4,
                        "Actual Startup Time": 0.016,
                        "Actual Total Time": 183.74,
                        "Actual Rows": 1128046,
                        "Actual Loops": 2,
                        "Filter": "(keyword_id < 4668)",
                        "Rows Removed by Filter": 1133919
                      },
                      {
                        "Node Type": "Hash",
                        "Parent Relationship": "Inner",
                        "Parallel Aware": true,
                        "Startup Cost": 54588.39,
                        "Total Cost": 54588.39,
                        "Plan Rows": 71982,
                        "Plan Width": 4,
                        "Actual Startup Time": 179.489,
                        "Actual Total Time": 179.49,
                        "Actual Rows": 61430,
                        "Actual Loops": 2,
                        "Hash Buckets": 131072,
                        "Original Hash Buckets": 131072,
                        "Hash Batches": 1,
                        "Original Hash Batches": 1,
                        "Peak Memory Usage": 5856,
                        "Plans": [
                          {
                            "Node Type": "Seq Scan",
                            "Parent Relationship": "Outer",
                            "Parallel Aware": true,
                            "Relation Name": "title",
                            "Alias": "t",
                            "Startup Cost": 0.0,
                            "Total Cost": 54588.39,
                            "Plan Rows": 71982,
                            "Plan Width": 4,
                            "Actual Startup Time": 0.037,
                            "Actual Total Time": 157.188,
                            "Actual Rows": 61430,
                            "Actual Loops": 2,
                            "Filter": "(production_year = 2008)",
                            "Rows Removed by Filter": 1202726
                          }
                        ]
                      }
                    ]
                  },
                  {
                    "Node Type": "Index Scan",
                    "Parent Relationship": "Inner",
                    "Parallel Aware": false,
                    "Scan Direction": "Forward",
                    "Index Name": "movie_id_cast_info",
                    "Relation Name": "cast_info",
                    "Alias": "ci",
                    "Startup Cost": 0.56,
                    "Total Cost": 1.99,
                    "Plan Rows": 32,
                    "Plan Width": 4,
                    "Actual Startup Time": 0.003,
                    "Actual Total Time": 0.025,
                    "Actual Rows": 42,
                    "Actual Loops": 101053,
                    "Index Cond": "(movie_id = mk.movie_id)",
                    "Rows Removed by Index Recheck": 0,
                    "Filter": "(person_id < 3186531)",
                    "Rows Removed by Filter": 12
                  }
                ]
              }
            ]
          }
        ]
      }
    ]
  },
  "Planning Time": 0.961,
  "Triggers": [],
  "Execution Time": 2162.576
}