{
  "Plan": {
    "Node Type": "Aggregate",
    "Strategy": "Plain",
    "Partial Mode": "Finalize",
    "Parallel Aware": false,
    "Startup Cost": 78181.78,
    "Total Cost": 78181.79,
    "Plan Rows": 1,
    "Plan Width": 8,
    "Actual Startup Time": 204.332,
    "Actual Total Time": 215.715,
    "Actual Rows": 1,
    "Actual Loops": 1,
    "Plans": [
      {
        "Node Type": "Gather",
        "Parent Relationship": "Outer",
        "Parallel Aware": false,
        "Startup Cost": 78181.66,
        "Total Cost": 78181.77,
        "Plan Rows": 1,
        "Plan Width": 8,
        "Actual Startup Time": 204.211,
        "Actual Total Time": 215.707,
        "Actual Rows": 2,
        "Actual Loops": 1,
        "Workers Planned": 1,
        "Workers Launched": 1,
        "Single Copy": false,
        "Plans": [
          {
            "Node Type": "Aggregate",
            "Strategy": "Plain",
            "Partial Mode": "Partial",
            "Parent Relationship": "Outer",
            "Parallel Aware": false,
            "Startup Cost": 77181.66,
            "Total Cost": 77181.67,
            "Plan Rows": 1,
            "Plan Width": 8,
            "Actual Startup Time": 201.178,
            "Actual Total Time": 201.181,
            "Actual Rows": 1,
            "Actual Loops": 2,
            "Plans": [
              {
                "Node Type": "Hash Join",
                "Parent Relationship": "Outer",
                "Parallel Aware": true,
                "Join Type": "Inner",
                "Startup Cost": 58379.53,
                "Total Cost": 77178.98,
                "Plan Rows": 1074,
                "Plan Width": 0,
                "Actual Startup Time": 136.599,
                "Actual Total Time": 201.135,
                "Actual Rows": 560,
                "Actual Loops": 2,
                "Inner Unique": true,
                "Hash Cond": "(mi_idx.movie_id = t.id)",
                "Plans": [
                  {
                    "Node Type": "Seq Scan",
                    "Parent Relationship": "Outer",
                    "Parallel Aware": true,
                    "Relation Name": "movie_info_idx",
                    "Alias": "mi_idx",
                    "Startup Cost": 0.0,
                    "Total Cost": 18082.32,
                    "Plan Rows": 273193,
                    "Plan Width": 4,
                    "Actual Startup Time": 0.019,
                    "Actual Total Time": 48.195,
                    "Actual Rows": 229962,
                    "Actual Loops": 2,
                    "Filter": "(info_type_id = 100)",
                    "Rows Removed by Filter": 460055
                  },
                  {
                    "Node Type": "Hash",
                    "Parent Relationship": "Inner",
                    "Parallel Aware": true,
                    "Startup Cost": 58306.47,
                    "Total Cost": 58306.47,
                    "Plan Rows": 5845,
                    "Plan Width": 4,
                    "Actual Startup Time": 134.454,
                    "Actual Total Time": 134.455,
                    "Actual Rows": 4721,
                    "Actual Loops": 2,
                    "Hash Buckets": 16384,
                    "Original Hash Buckets": 16384,
                    "Hash Batches": 1,
                    "Original Hash Batches": 1,
                    "Peak Memory Usage": 544,
                    "Plans": [
                      {
                        "Node Type": "Seq Scan",
                        "Parent Relationship": "Outer",
                        "Parallel Aware": true,
                        "Relation Name": "title",
                        "Alias": "t",
                        "Startup Cost": 0.0,
                        "Total Cost": 58306.47,
                        "Plan Rows": 5845,
                        "Plan Width": 4,
                        "Actual Startup Time": 0.226,
                        "Actual Total Time": 132.658,
                        "Actual Rows": 4721,
                        "Actual Loops": 2,
                        "Filter": "((kind_id > 2) AND (production_year = 1969))",
                        "Rows Removed by Filter": 1259435
                      }
                    ]
                  }
                ]
              }
            ]
          }
        ]
      }
    ]
  },
  "Planning Time": 0.458,
  "Triggers": [],
  "Execution Time": 215.789
}