{
  "Plan": {
    "Node Type": "Aggregate",
    "Strategy": "Plain",
    "Partial Mode": "Finalize",
    "Parallel Aware": false,
    "Startup Cost": 99925.32,
    "Total Cost": 99925.33,
    "Plan Rows": 1,
    "Plan Width": 8,
    "Actual Startup Time": 311.322,
    "Actual Total Time": 326.141,
    "Actual Rows": 1,
    "Actual Loops": 1,
    "Plans": [
      {
        "Node Type": "Gather",
        "Parent Relationship": "Outer",
        "Parallel Aware": false,
        "Startup Cost": 99925.2,
        "Total Cost": 99925.31,
        "Plan Rows": 1,
        "Plan Width": 8,
        "Actual Startup Time": 311.074,
        "Actual Total Time": 326.133,
        "Actual Rows": 2,
        "Actual Loops": 1,
        "Workers Planned": 1,
        "Workers Launched": 1,
        "Single Copy": false,
        "Plans": [
          {
            "Node Type": "Aggregate",
            "Strategy": "Plain",
            "Partial Mode": "Partial",
            "Parent Relationship": "Outer",
            "Parallel Aware": false,
            "Startup Cost": 98925.2,
            "Total Cost": 98925.21,
            "Plan Rows": 1,
            "Plan Width": 8,
            "Actual Startup Time": 305.676,
            "Actual Total Time": 305.679,
            "Actual Rows": 1,
            "Actual Loops": 2,
            "Plans": [
              {
                "Node Type": "Hash Join",
                "Parent Relationship": "Outer",
                "Parallel Aware": true,
                "Join Type": "Inner",
                "Startup Cost": 58358.23,
                "Total Cost": 98918.35,
                "Plan Rows": 2742,
                "Plan Width": 0,
                "Actual Startup Time": 133.401,
                "Actual Total Time": 305.365,
                "Actual Rows": 4769,
                "Actual Loops": 2,
                "Inner Unique": true,
                "Hash Cond": "(mc.movie_id = t.id)",
                "Plans": [
                  {
                    "Node Type": "Seq Scan",
                    "Parent Relationship": "Outer",
                    "Parallel Aware": true,
                    "Relation Name": "movie_companies",
                    "Alias": "mc",
                    "Startup Cost": 0.0,
                    "Total Cost": 37974.77,
                    "Plan Rows": 984894,
                    "Plan Width": 4,
                    "Actual Startup Time": 2.069,
                    "Actual Total Time": 116.395,
                    "Actual Rows": 837114,
                    "Actual Loops": 2,
                    "Filter": "(company_id > 3396)",
                    "Rows Removed by Filter": 467451
                  },
                  {
                    "Node Type": "Hash",
                    "Parent Relationship": "Inner",
                    "Parallel Aware": true,
                    "Startup Cost": 58306.47,
                    "Total Cost": 58306.47,
                    "Plan Rows": 4141,
                    "Plan Width": 4,
                    "Actual Startup Time": 130.605,
                    "Actual Total Time": 130.606,
                    "Actual Rows": 3664,
                    "Actual Loops": 2,
                    "Hash Buckets": 8192,
                    "Original Hash Buckets": 8192,
                    "Hash Batches": 1,
                    "Original Hash Batches": 1,
                    "Peak Memory Usage": 384,
                    "Plans": [
                      {
                        "Node Type": "Seq Scan",
                        "Parent Relationship": "Outer",
                        "Parallel Aware": true,
                        "Relation Name": "title",
                        "Alias": "t",
                        "Startup Cost": 0.0,
                        "Total Cost": 58306.47,
                        "Plan Rows": 4141,
                        "Plan Width": 4,
                        "Actual Startup Time": 0.398,
                        "Actual Total Time": 129.363,
                        "Actual Rows": 3664,
                        "Actual Loops": 2,
                        "Filter": "((kind_id < 7) AND (production_year = 1984))",
                        "Rows Removed by Filter": 1260492
                      }
                    ]
                  }
                ]
              }
            ]
          }
        ]
      }
    ]
  },
  "Planning Time": 0.248,
  "Triggers": [],
  "Execution Time": 326.182
}