{
  "Plan": {
    "Node Type": "Aggregate",
    "Strategy": "Plain",
    "Partial Mode": "Finalize",
    "Parallel Aware": false,
    "Startup Cost": 221090.44,
    "Total Cost": 221090.45,
    "Plan Rows": 1,
    "Plan Width": 8,
    "Actual Startup Time": 1111.359,
    "Actual Total Time": 1164.99,
    "Actual Rows": 1,
    "Actual Loops": 1,
    "Plans": [
      {
        "Node Type": "Gather",
        "Parent Relationship": "Outer",
        "Parallel Aware": false,
        "Startup Cost": 221090.32,
        "Total Cost": 221090.43,
        "Plan Rows": 1,
        "Plan Width": 8,
        "Actual Startup Time": 1110.839,
        "Actual Total Time": 1164.982,
        "Actual Rows": 2,
        "Actual Loops": 1,
        "Workers Planned": 1,
        "Workers Launched": 1,
        "Single Copy": false,
        "Plans": [
          {
            "Node Type": "Aggregate",
            "Strategy": "Plain",
            "Partial Mode": "Partial",
            "Parent Relationship": "Outer",
            "Parallel Aware": false,
            "Startup Cost": 220090.32,
            "Total Cost": 220090.33,
            "Plan Rows": 1,
            "Plan Width": 8,
            "Actual Startup Time": 1104.782,
            "Actual Total Time": 1104.785,
            "Actual Rows": 1,
            "Actual Loops": 2,
            "Plans": [
              {
                "Node Type": "Nested Loop",
                "Parent Relationship": "Outer",
                "Parallel Aware": false,
                "Join Type": "Inner",
                "Startup Cost": 55411.14,
                "Total Cost": 219608.94,
                "Plan Rows": 192555,
                "Plan Width": 0,
                "Actual Startup Time": 168.349,
                "Actual Total Time": 1081.725,
                "Actual Rows": 397473,
                "Actual Loops": 2,
                "Inner Unique": false,
                "Join Filter": "(t.id = mi.movie_id)",
                "Rows Removed by Join Filter": 0,
                "Plans": [
                  {
                    "Node Type": "Hash Join",
                    "Parent Relationship": "Outer",
                    "Parallel Aware": true,
                    "Join Type": "Inner",
                    "Startup Cost": 55410.7,
                    "Total Cost": 93577.33,
                    "Plan Rows": 67889,
                    "Plan Width": 8,
                    "Actual Startup Time": 168.288,
                    "Actual Total Time": 467.772,
                    "Actual Rows": 49397,
                    "Actual Loops": 2,
                    "Inner Unique": true,
                    "Hash Cond": "(mc.movie_id = t.id)",
                    "Plans": [
                      {
                        "Node Type": "Seq Scan",
                        "Parent Relationship": "Outer",
                        "Parallel Aware": true,
                        "Relation Name": "movie_companies",
                        "Alias": "mc",
                        "Startup Cost": 0.0,
                        "Total Cost": 34137.82,
                        "Plan Rows": 1534782,
                        "Plan Width": 4,
                        "Actual Startup Time": 0.014,
                        "Actual Total Time": 106.162,
                        "Actual Rows": 1304564,
                        "Actual Loops": 2
                      },
                      {
                        "Node Type": "Hash",
                        "Parent Relationship": "Inner",
                        "Parallel Aware": true,
                        "Startup Cost": 54588.39,
                        "Total Cost": 54588.39,
                        "Plan Rows": 65785,
                        "Plan Width": 4,
                        "Actual Startup Time": 165.955,
                        "Actual Total Time": 165.956,
                        "Actual Rows": 54214,
                        "Actual Loops": 2,
                        "Hash Buckets": 131072,
                        "Original Hash Buckets": 131072,
                        "Hash Batches": 1,
                        "Original Hash Batches": 1,
                        "Peak Memory Usage": 5312,
                        "Plans": [
                          {
                            "Node Type": "Seq Scan",
                            "Parent Relationship": "Outer",
                            "Parallel Aware": true,
                            "Relation Name": "title",
                            "Alias": "t",
                            "Startup Cost": 0.0,
                            "Total Cost": 54588.39,
                            "Plan Rows": 65785,
                            "Plan Width": 4,
                            "Actual Startup Time": 0.041,
                            "Actual Total Time": 148.933,
                            "Actual Rows": 54214,
                            "Actual Loops": 2,
                            "Filter": "(production_year = 2006)",
                            "Rows Removed by Filter": 1209942
                          }
                        ]
                      }
                    ]
                  },
                  {
                    "Node Type": "Index Scan",
                    "Parent Relationship": "Inner",
                    "Parallel Aware": false,
                    "Scan Direction": "Forward",
                    "Index Name": "movie_id_movie_info",
                    "Relation Name": "movie_info",
                    "Alias": "mi",
                    "Startup Cost": 0.43,
                    "Total Cost": 1.61,
                    "Plan Rows": 20,
                    "Plan Width": 4,
                    "Actual Startup Time": 0.004,
                    "Actual Total Time": 0.011,
                    "Actual Rows": 8,
                    "Actual Loops": 98794,
                    "Index Cond": "(movie_id = mc.movie_id)",
                    "Rows Removed by Index Recheck": 0,
                    "Filter": "(info_type_id < 8)",
                    "Rows Removed by Filter": 20
                  }
                ]
              }
            ]
          }
        ]
      }
    ]
  },
  "Planning Time": 0.971,
  "Triggers": [],
  "Execution Time": 1165.091
}