[
  {
    "Plan": {
      "Node Type": "Aggregate",
      "Strategy": "Plain",
      "Partial Mode": "Finalize",
      "Parallel Aware": false,
      "Startup Cost": 46482.29,
      "Total Cost": 46482.3,
      "Plan Rows": 1,
      "Plan Width": 8,
      "Actual Startup Time": 90.874,
      "Actual Total Time": 102.302,
      "Actual Rows": 1,
      "Actual Loops": 1,
      "Plans": [
        {
          "Node Type": "Gather",
          "Parent Relationship": "Outer",
          "Parallel Aware": false,
          "Startup Cost": 46481.87,
          "Total Cost": 46482.28,
          "Plan Rows": 4,
          "Plan Width": 8,
          "Actual Startup Time": 90.619,
          "Actual Total Time": 102.294,
          "Actual Rows": 5,
          "Actual Loops": 1,
          "Workers Planned": 4,
          "Workers Launched": 4,
          "Single Copy": false,
          "Plans": [
            {
              "Node Type": "Aggregate",
              "Strategy": "Plain",
              "Partial Mode": "Partial",
              "Parent Relationship": "Outer",
              "Parallel Aware": false,
              "Startup Cost": 45481.87,
              "Total Cost": 45481.88,
              "Plan Rows": 1,
              "Plan Width": 8,
              "Actual Startup Time": 82.495,
              "Actual Total Time": 82.496,
              "Actual Rows": 1,
              "Actual Loops": 5,
              "Plans": [
                {
                  "Node Type": "Seq Scan",
                  "Parent Relationship": "Outer",
                  "Parallel Aware": true,
                  "Relation Name": "title",
                  "Alias": "t",
                  "Startup Cost": 0.0,
                  "Total Cost": 45479.1,
                  "Plan Rows": 1107,
                  "Plan Width": 0,
                  "Actual Startup Time": 2.837,
                  "Actual Total Time": 82.377,
                  "Actual Rows": 824,
                  "Actual Loops": 5,
                  "Filter": "((kind_id < 7) AND (production_year = 1960))",
                  "Rows Removed by Filter": 504838
                }
              ]
            }
          ]
        }
      ]
    },
    "Planning Time": 0.07,
    "Triggers": [],
    "Execution Time": 102.329
  }
]