[
    {
        "Bao": {
            "Bao prediction": "NaN",
            "Bao recommended hint": "(no hint)"
        }
    },
    {
        "Plan": {
            "Node Type": "Aggregate",
            "Strategy": "Plain",
            "Partial Mode": "Finalize",
            "Parallel Aware": false,
            "Startup Cost": 173999.6,
            "Total Cost": 173999.61,
            "Plan Rows": 1,
            "Plan Width": 8,
            "Actual Startup Time": 56.961,
            "Actual Total Time": 60.314,
            "Actual Rows": 1,
            "Actual Loops": 1,
            "Output": [
                "count(*)"
            ],
            "Plans": [
                {
                    "Node Type": "Gather",
                    "Parent Relationship": "Outer",
                    "Parallel Aware": false,
                    "Startup Cost": 173999.08,
                    "Total Cost": 173999.59,
                    "Plan Rows": 5,
                    "Plan Width": 8,
                    "Actual Startup Time": 56.802,
                    "Actual Total Time": 60.307,
                    "Actual Rows": 6,
                    "Actual Loops": 1,
                    "Output": [
                        "(PARTIAL count(*))"
                    ],
                    "Workers Planned": 5,
                    "Workers Launched": 5,
                    "Single Copy": false,
                    "Plans": [
                        {
                            "Node Type": "Aggregate",
                            "Strategy": "Plain",
                            "Partial Mode": "Partial",
                            "Parent Relationship": "Outer",
                            "Parallel Aware": false,
                            "Startup Cost": 172999.08,
                            "Total Cost": 172999.09,
                            "Plan Rows": 1,
                            "Plan Width": 8,
                            "Actual Startup Time": 47.149,
                            "Actual Total Time": 47.15,
                            "Actual Rows": 1,
                            "Actual Loops": 6,
                            "Output": [
                                "PARTIAL count(*)"
                            ],
                            "Workers": [
                                {
                                    "Worker Number": 0,
                                    "Actual Startup Time": 44.936,
                                    "Actual Total Time": 44.937,
                                    "Actual Rows": 1,
                                    "Actual Loops": 1
                                },
                                {
                                    "Worker Number": 1,
                                    "Actual Startup Time": 45.05,
                                    "Actual Total Time": 45.051,
                                    "Actual Rows": 1,
                                    "Actual Loops": 1
                                },
                                {
                                    "Worker Number": 2,
                                    "Actual Startup Time": 44.982,
                                    "Actual Total Time": 44.983,
                                    "Actual Rows": 1,
                                    "Actual Loops": 1
                                },
                                {
                                    "Worker Number": 3,
                                    "Actual Startup Time": 45.582,
                                    "Actual Total Time": 45.583,
                                    "Actual Rows": 1,
                                    "Actual Loops": 1
                                },
                                {
                                    "Worker Number": 4,
                                    "Actual Startup Time": 45.895,
                                    "Actual Total Time": 45.896,
                                    "Actual Rows": 1,
                                    "Actual Loops": 1
                                }
                            ],
                            "Plans": [
                                {
                                    "Node Type": "Bitmap Heap Scan",
                                    "Parent Relationship": "Outer",
                                    "Parallel Aware": true,
                                    "Relation Name": "movie_info",
                                    "Schema": "public",
                                    "Alias": "mi",
                                    "Startup Cost": 9443.95,
                                    "Total Cost": 172738.72,
                                    "Plan Rows": 104142,
                                    "Plan Width": 0,
                                    "Actual Startup Time": 11.505,
                                    "Actual Total Time": 39.751,
                                    "Actual Rows": 90561,
                                    "Actual Loops": 6,
                                    "Recheck Cond": "(mi.info_type_id > 98)",
                                    "Rows Removed by Index Recheck": 0,
                                    "Exact Heap Blocks": 2985,
                                    "Lossy Heap Blocks": 0,
                                    "Workers": [
                                        {
                                            "Worker Number": 0,
                                            "Actual Startup Time": 9.28,
                                            "Actual Total Time": 37.878,
                                            "Actual Rows": 61587,
                                            "Actual Loops": 1
                                        },
                                        {
                                            "Worker Number": 1,
                                            "Actual Startup Time": 9.608,
                                            "Actual Total Time": 37.841,
                                            "Actual Rows": 62041,
                                            "Actual Loops": 1
                                        },
                                        {
                                            "Worker Number": 2,
                                            "Actual Startup Time": 9.466,
                                            "Actual Total Time": 38.459,
                                            "Actual Rows": 55809,
                                            "Actual Loops": 1
                                        },
                                        {
                                            "Worker Number": 3,
                                            "Actual Startup Time": 9.876,
                                            "Actual Total Time": 38.407,
                                            "Actual Rows": 58935,
                                            "Actual Loops": 1
                                        },
                                        {
                                            "Worker Number": 4,
                                            "Actual Startup Time": 10.234,
                                            "Actual Total Time": 38.557,
                                            "Actual Rows": 60243,
                                            "Actual Loops": 1
                                        }
                                    ],
                                    "Plans": [
                                        {
                                            "Node Type": "Bitmap Index Scan",
                                            "Parent Relationship": "Outer",
                                            "Parallel Aware": false,
                                            "Index Name": "info_type_id_movie_info",
                                            "Startup Cost": 0.0,
                                            "Total Cost": 9313.77,
                                            "Plan Rows": 520711,
                                            "Plan Width": 0,
                                            "Actual Startup Time": 19.749,
                                            "Actual Total Time": 19.75,
                                            "Actual Rows": 543367,
                                            "Actual Loops": 1,
                                            "Index Cond": "(mi.info_type_id > 98)"
                                        }
                                    ]
                                }
                            ]
                        }
                    ]
                }
            ]
        },
        "Planning Time": 188.057,
        "Triggers": [],
        "Execution Time": 60.485
    }
]