{
  "Plan": {
    "Node Type": "Aggregate",
    "Strategy": "Plain",
    "Partial Mode": "Finalize",
    "Parallel Aware": false,
    "Startup Cost": 132888.5,
    "Total Cost": 132888.51,
    "Plan Rows": 1,
    "Plan Width": 8,
    "Actual Startup Time": 795.565,
    "Actual Total Time": 815.444,
    "Actual Rows": 1,
    "Actual Loops": 1,
    "Plans": [
      {
        "Node Type": "Gather",
        "Parent Relationship": "Outer",
        "Parallel Aware": false,
        "Startup Cost": 132888.39,
        "Total Cost": 132888.5,
        "Plan Rows": 1,
        "Plan Width": 8,
        "Actual Startup Time": 791.036,
        "Actual Total Time": 815.437,
        "Actual Rows": 2,
        "Actual Loops": 1,
        "Workers Planned": 1,
        "Workers Launched": 1,
        "Single Copy": false,
        "Plans": [
          {
            "Node Type": "Aggregate",
            "Strategy": "Plain",
            "Partial Mode": "Partial",
            "Parent Relationship": "Outer",
            "Parallel Aware": false,
            "Startup Cost": 131888.39,
            "Total Cost": 131888.4,
            "Plan Rows": 1,
            "Plan Width": 8,
            "Actual Startup Time": 778.248,
            "Actual Total Time": 778.253,
            "Actual Rows": 1,
            "Actual Loops": 2,
            "Plans": [
              {
                "Node Type": "Hash Join",
                "Parent Relationship": "Outer",
                "Parallel Aware": false,
                "Join Type": "Inner",
                "Startup Cost": 83679.16,
                "Total Cost": 131888.25,
                "Plan Rows": 55,
                "Plan Width": 0,
                "Actual Startup Time": 587.619,
                "Actual Total Time": 778.226,
                "Actual Rows": 137,
                "Actual Loops": 2,
                "Inner Unique": false,
                "Hash Cond": "(t.id = ci.movie_id)",
                "Plans": [
                  {
                    "Node Type": "Hash Join",
                    "Parent Relationship": "Outer",
                    "Parallel Aware": true,
                    "Join Type": "Inner",
                    "Startup Cost": 82614.75,
                    "Total Cost": 112585.64,
                    "Plan Rows": 364753,
                    "Plan Width": 8,
                    "Actual Startup Time": 576.267,
                    "Actual Total Time": 757.772,
                    "Actual Rows": 315190,
                    "Actual Loops": 2,
                    "Inner Unique": true,
                    "Hash Cond": "(mk.movie_id = t.id)",
                    "Plans": [
                      {
                        "Node Type": "Bitmap Heap Scan",
                        "Parent Relationship": "Outer",
                        "Parallel Aware": true,
                        "Relation Name": "movie_keyword",
                        "Alias": "mk",
                        "Startup Cost": 13154.05,
                        "Total Cost": 42167.46,
                        "Plan Rows": 364753,
                        "Plan Width": 4,
                        "Actual Startup Time": 37.066,
                        "Actual Total Time": 117.05,
                        "Actual Rows": 315190,
                        "Actual Loops": 2,
                        "Recheck Cond": "(keyword_id < 492)",
                        "Rows Removed by Index Recheck": 0,
                        "Exact Heap Blocks": 12398,
                        "Lossy Heap Blocks": 0,
                        "Plans": [
                          {
                            "Node Type": "Bitmap Index Scan",
                            "Parent Relationship": "Outer",
                            "Parallel Aware": false,
                            "Index Name": "keyword_id_movie_keyword",
                            "Startup Cost": 0.0,
                            "Total Cost": 12999.03,
                            "Plan Rows": 620080,
                            "Plan Width": 0,
                            "Actual Startup Time": 33.49,
                            "Actual Total Time": 33.491,
                            "Actual Rows": 630381,
                            "Actual Loops": 1,
                            "Index Cond": "(keyword_id < 492)"
                          }
                        ]
                      },
                      {
                        "Node Type": "Hash",
                        "Parent Relationship": "Inner",
                        "Parallel Aware": true,
                        "Startup Cost": 50870.31,
                        "Total Cost": 50870.31,
                        "Plan Rows": 1487231,
                        "Plan Width": 4,
                        "Actual Startup Time": 518.65,
                        "Actual Total Time": 518.65,
                        "Actual Rows": 1264156,
                        "Actual Loops": 2,
                        "Hash Buckets": 4194304,
                        "Original Hash Buckets": 4194304,
                        "Hash Batches": 1,
                        "Original Hash Batches": 1,
                        "Peak Memory Usage": 131712,
                        "Plans": [
                          {
                            "Node Type": "Seq Scan",
                            "Parent Relationship": "Outer",
                            "Parallel Aware": true,
                            "Relation Name": "title",
                            "Alias": "t",
                            "Startup Cost": 0.0,
                            "Total Cost": 50870.31,
                            "Plan Rows": 1487231,
                            "Plan Width": 4,
                            "Actual Startup Time": 0.024,
                            "Actual Total Time": 154.153,
                            "Actual Rows": 1264156,
                            "Actual Loops": 2
                          }
                        ]
                      }
                    ]
                  },
                  {
                    "Node Type": "Hash",
                    "Parent Relationship": "Inner",
                    "Parallel Aware": false,
                    "Startup Cost": 1059.67,
                    "Total Cost": 1059.67,
                    "Plan Rows": 379,
                    "Plan Width": 4,
                    "Actual Startup Time": 0.817,
                    "Actual Total Time": 0.818,
                    "Actual Rows": 421,
                    "Actual Loops": 2,
                    "Hash Buckets": 1024,
                    "Original Hash Buckets": 1024,
                    "Hash Batches": 1,
                    "Original Hash Batches": 1,
                    "Peak Memory Usage": 23,
                    "Plans": [
                      {
                        "Node Type": "Index Scan",
                        "Parent Relationship": "Outer",
                        "Parallel Aware": false,
                        "Scan Direction": "Forward",
                        "Index Name": "person_id_cast_info",
                        "Relation Name": "cast_info",
                        "Alias": "ci",
                        "Startup Cost": 0.56,
                        "Total Cost": 1059.67,
                        "Plan Rows": 379,
                        "Plan Width": 4,
                        "Actual Startup Time": 0.261,
                        "Actual Total Time": 0.611,
                        "Actual Rows": 421,
                        "Actual Loops": 2,
                        "Index Cond": "(person_id = 1706068)",
                        "Rows Removed by Index Recheck": 0,
                        "Filter": "(role_id < 6)",
                        "Rows Removed by Filter": 0
                      }
                    ]
                  }
                ]
              }
            ]
          }
        ]
      }
    ]
  },
  "Planning Time": 1.077,
  "Triggers": [],
  "Execution Time": 815.56
}