[
  {
    "Plan": {
      "Node Type": "Aggregate",
      "Strategy": "Plain",
      "Partial Mode": "Finalize",
      "Parallel Aware": false,
      "Startup Cost": 76898.67,
      "Total Cost": 76898.68,
      "Plan Rows": 1,
      "Plan Width": 8,
      "Actual Startup Time": 320.147,
      "Actual Total Time": 339.098,
      "Actual Rows": 1,
      "Actual Loops": 1,
      "Plans": [
        {
          "Node Type": "Gather",
          "Parent Relationship": "Outer",
          "Parallel Aware": false,
          "Startup Cost": 76898.35,
          "Total Cost": 76898.66,
          "Plan Rows": 3,
          "Plan Width": 8,
          "Actual Startup Time": 317.867,
          "Actual Total Time": 339.085,
          "Actual Rows": 4,
          "Actual Loops": 1,
          "Workers Planned": 3,
          "Workers Launched": 3,
          "Single Copy": false,
          "Plans": [
            {
              "Node Type": "Aggregate",
              "Strategy": "Plain",
              "Partial Mode": "Partial",
              "Parent Relationship": "Outer",
              "Parallel Aware": false,
              "Startup Cost": 75898.35,
              "Total Cost": 75898.36,
              "Plan Rows": 1,
              "Plan Width": 8,
              "Actual Startup Time": 313.796,
              "Actual Total Time": 313.856,
              "Actual Rows": 1,
              "Actual Loops": 4,
              "Plans": [
                {
                  "Node Type": "Hash Join",
                  "Parent Relationship": "Outer",
                  "Parallel Aware": true,
                  "Join Type": "Inner",
                  "Startup Cost": 46271.56,
                  "Total Cost": 75687.45,
                  "Plan Rows": 84361,
                  "Plan Width": 0,
                  "Actual Startup Time": 138.474,
                  "Actual Total Time": 305.673,
                  "Actual Rows": 191028,
                  "Actual Loops": 4,
                  "Inner Unique": true,
                  "Hash Cond": "(mc.movie_id = t.id)",
                  "Plans": [
                    {
                      "Node Type": "Seq Scan",
                      "Parent Relationship": "Outer",
                      "Parallel Aware": true,
                      "Relation Name": "movie_companies",
                      "Alias": "mc",
                      "Startup Cost": 0.0,
                      "Total Cost": 27206.55,
                      "Plan Rows": 841655,
                      "Plan Width": 4,
                      "Actual Startup Time": 0.008,
                      "Actual Total Time": 57.238,
                      "Actual Rows": 652282,
                      "Actual Loops": 4
                    },
                    {
                      "Node Type": "Hash",
                      "Parent Relationship": "Inner",
                      "Parallel Aware": true,
                      "Startup Cost": 45479.59,
                      "Total Cost": 45479.59,
                      "Plan Rows": 63358,
                      "Plan Width": 4,
                      "Actual Startup Time": 136.43,
                      "Actual Total Time": 136.431,
                      "Actual Rows": 93486,
                      "Actual Loops": 4,
                      "Hash Buckets": 524288,
                      "Original Hash Buckets": 262144,
                      "Hash Batches": 1,
                      "Original Hash Batches": 1,
                      "Peak Memory Usage": 20832,
                      "Plans": [
                        {
                          "Node Type": "Seq Scan",
                          "Parent Relationship": "Outer",
                          "Parallel Aware": true,
                          "Relation Name": "title",
                          "Alias": "t",
                          "Startup Cost": 0.0,
                          "Total Cost": 45479.59,
                          "Plan Rows": 63358,
                          "Plan Width": 4,
                          "Actual Startup Time": 0.058,
                          "Actual Total Time": 95.491,
                          "Actual Rows": 93486,
                          "Actual Loops": 4,
                          "Filter": "((kind_id < 7) AND (production_year < 1989))",
                          "Rows Removed by Filter": 538592
                        }
                      ]
                    }
                  ]
                }
              ]
            }
          ]
        }
      ]
    },
    "Planning Time": 0.574,
    "Triggers": [],
    "Execution Time": 339.161
  }
]