[
    {
        "Bao": {
            "Bao prediction": 850.211,
            "Bao recommended hint": "SET enable_mergejoin TO off; "
        }
    },
    {
        "Plan": {
            "Node Type": "Aggregate",
            "Strategy": "Plain",
            "Partial Mode": "Finalize",
            "Parallel Aware": false,
            "Startup Cost": 72290.09,
            "Total Cost": 72290.1,
            "Plan Rows": 1,
            "Plan Width": 8,
            "Actual Startup Time": 227.085,
            "Actual Total Time": 234.407,
            "Actual Rows": 1,
            "Actual Loops": 1,
            "Output": [
                "count(*)"
            ],
            "Plans": [
                {
                    "Node Type": "Gather",
                    "Parent Relationship": "Outer",
                    "Parallel Aware": false,
                    "Startup Cost": 72289.67,
                    "Total Cost": 72290.08,
                    "Plan Rows": 4,
                    "Plan Width": 8,
                    "Actual Startup Time": 225.828,
                    "Actual Total Time": 234.399,
                    "Actual Rows": 5,
                    "Actual Loops": 1,
                    "Output": [
                        "(PARTIAL count(*))"
                    ],
                    "Workers Planned": 4,
                    "Workers Launched": 4,
                    "Single Copy": false,
                    "Plans": [
                        {
                            "Node Type": "Aggregate",
                            "Strategy": "Plain",
                            "Partial Mode": "Partial",
                            "Parent Relationship": "Outer",
                            "Parallel Aware": false,
                            "Startup Cost": 71289.67,
                            "Total Cost": 71289.68,
                            "Plan Rows": 1,
                            "Plan Width": 8,
                            "Actual Startup Time": 216.733,
                            "Actual Total Time": 216.737,
                            "Actual Rows": 1,
                            "Actual Loops": 5,
                            "Output": [
                                "PARTIAL count(*)"
                            ],
                            "Workers": [
                                {
                                    "Worker Number": 0,
                                    "Actual Startup Time": 214.45,
                                    "Actual Total Time": 214.454,
                                    "Actual Rows": 1,
                                    "Actual Loops": 1
                                },
                                {
                                    "Worker Number": 1,
                                    "Actual Startup Time": 214.793,
                                    "Actual Total Time": 214.796,
                                    "Actual Rows": 1,
                                    "Actual Loops": 1
                                },
                                {
                                    "Worker Number": 2,
                                    "Actual Startup Time": 214.678,
                                    "Actual Total Time": 214.681,
                                    "Actual Rows": 1,
                                    "Actual Loops": 1
                                },
                                {
                                    "Worker Number": 3,
                                    "Actual Startup Time": 214.701,
                                    "Actual Total Time": 214.703,
                                    "Actual Rows": 1,
                                    "Actual Loops": 1
                                }
                            ],
                            "Plans": [
                                {
                                    "Node Type": "Hash Join",
                                    "Parent Relationship": "Outer",
                                    "Parallel Aware": true,
                                    "Join Type": "Inner",
                                    "Startup Cost": 26009.49,
                                    "Total Cost": 71229.94,
                                    "Plan Rows": 23895,
                                    "Plan Width": 0,
                                    "Actual Startup Time": 125.18,
                                    "Actual Total Time": 213.251,
                                    "Actual Rows": 49108,
                                    "Actual Loops": 5,
                                    "Inner Unique": false,
                                    "Hash Cond": "(t.id = mc.movie_id)",
                                    "Workers": [
                                        {
                                            "Worker Number": 0,
                                            "Actual Startup Time": 122.471,
                                            "Actual Total Time": 210.931,
                                            "Actual Rows": 48322,
                                            "Actual Loops": 1
                                        },
                                        {
                                            "Worker Number": 1,
                                            "Actual Startup Time": 123.774,
                                            "Actual Total Time": 211.294,
                                            "Actual Rows": 47706,
                                            "Actual Loops": 1
                                        },
                                        {
                                            "Worker Number": 2,
                                            "Actual Startup Time": 122.667,
                                            "Actual Total Time": 211.127,
                                            "Actual Rows": 48386,
                                            "Actual Loops": 1
                                        },
                                        {
                                            "Worker Number": 3,
                                            "Actual Startup Time": 123.256,
                                            "Actual Total Time": 211.181,
                                            "Actual Rows": 48066,
                                            "Actual Loops": 1
                                        }
                                    ],
                                    "Plans": [
                                        {
                                            "Node Type": "Seq Scan",
                                            "Parent Relationship": "Outer",
                                            "Parallel Aware": true,
                                            "Relation Name": "title",
                                            "Schema": "public",
                                            "Alias": "t",
                                            "Startup Cost": 0.0,
                                            "Total Cost": 43899.01,
                                            "Plan Rows": 248871,
                                            "Plan Width": 4,
                                            "Actual Startup Time": 0.013,
                                            "Actual Total Time": 86.264,
                                            "Actual Rows": 197010,
                                            "Actual Loops": 5,
                                            "Output": [
                                                "t.id",
                                                "t.title",
                                                "t.imdb_index",
                                                "t.kind_id",
                                                "t.production_year",
                                                "t.imdb_id",
                                                "t.phonetic_code",
                                                "t.episode_of_id",
                                                "t.season_nr",
                                                "t.episode_nr",
                                                "t.series_years",
                                                "t.md5sum"
                                            ],
                                            "Filter": "(t.kind_id < 7)",
                                            "Rows Removed by Filter": 308653,
                                            "Workers": [
                                                {
                                                    "Worker Number": 0,
                                                    "Actual Startup Time": 0.015,
                                                    "Actual Total Time": 87.688,
                                                    "Actual Rows": 192123,
                                                    "Actual Loops": 1
                                                },
                                                {
                                                    "Worker Number": 1,
                                                    "Actual Startup Time": 0.014,
                                                    "Actual Total Time": 87.472,
                                                    "Actual Rows": 191143,
                                                    "Actual Loops": 1
                                                },
                                                {
                                                    "Worker Number": 2,
                                                    "Actual Startup Time": 0.015,
                                                    "Actual Total Time": 87.648,
                                                    "Actual Rows": 192445,
                                                    "Actual Loops": 1
                                                },
                                                {
                                                    "Worker Number": 3,
                                                    "Actual Startup Time": 0.013,
                                                    "Actual Total Time": 87.541,
                                                    "Actual Rows": 191292,
                                                    "Actual Loops": 1
                                                }
                                            ]
                                        },
                                        {
                                            "Node Type": "Hash",
                                            "Parent Relationship": "Inner",
                                            "Parallel Aware": true,
                                            "Startup Cost": 25030.64,
                                            "Total Cost": 25030.64,
                                            "Plan Rows": 78308,
                                            "Plan Width": 4,
                                            "Actual Startup Time": 71.654,
                                            "Actual Total Time": 71.656,
                                            "Actual Rows": 49108,
                                            "Actual Loops": 5,
                                            "Output": [
                                                "mc.movie_id"
                                            ],
                                            "Hash Buckets": 262144,
                                            "Original Hash Buckets": 262144,
                                            "Hash Batches": 1,
                                            "Original Hash Batches": 1,
                                            "Peak Memory Usage": 11712,
                                            "Workers": [
                                                {
                                                    "Worker Number": 0,
                                                    "Actual Startup Time": 70.827,
                                                    "Actual Total Time": 70.828,
                                                    "Actual Rows": 43357,
                                                    "Actual Loops": 1
                                                },
                                                {
                                                    "Worker Number": 1,
                                                    "Actual Startup Time": 70.979,
                                                    "Actual Total Time": 70.981,
                                                    "Actual Rows": 42323,
                                                    "Actual Loops": 1
                                                },
                                                {
                                                    "Worker Number": 2,
                                                    "Actual Startup Time": 71.063,
                                                    "Actual Total Time": 71.065,
                                                    "Actual Rows": 43289,
                                                    "Actual Loops": 1
                                                },
                                                {
                                                    "Worker Number": 3,
                                                    "Actual Startup Time": 71.084,
                                                    "Actual Total Time": 71.085,
                                                    "Actual Rows": 42351,
                                                    "Actual Loops": 1
                                                }
                                            ],
                                            "Plans": [
                                                {
                                                    "Node Type": "Bitmap Heap Scan",
                                                    "Parent Relationship": "Outer",
                                                    "Parallel Aware": true,
                                                    "Relation Name": "movie_companies",
                                                    "Schema": "public",
                                                    "Alias": "mc",
                                                    "Startup Cost": 5261.79,
                                                    "Total Cost": 25030.64,
                                                    "Plan Rows": 78308,
                                                    "Plan Width": 4,
                                                    "Actual Startup Time": 22.48,
                                                    "Actual Total Time": 49.122,
                                                    "Actual Rows": 49108,
                                                    "Actual Loops": 5,
                                                    "Output": [
                                                        "mc.movie_id"
                                                    ],
                                                    "Recheck Cond": "(mc.company_id > 101936)",
                                                    "Rows Removed by Index Recheck": 0,
                                                    "Exact Heap Blocks": 1379,
                                                    "Lossy Heap Blocks": 0,
                                                    "Workers": [
                                                        {
                                                            "Worker Number": 0,
                                                            "Actual Startup Time": 21.621,
                                                            "Actual Total Time": 49.076,
                                                            "Actual Rows": 43357,
                                                            "Actual Loops": 1
                                                        },
                                                        {
                                                            "Worker Number": 1,
                                                            "Actual Startup Time": 21.91,
                                                            "Actual Total Time": 49.572,
                                                            "Actual Rows": 42323,
                                                            "Actual Loops": 1
                                                        },
                                                        {
                                                            "Worker Number": 2,
                                                            "Actual Startup Time": 21.931,
                                                            "Actual Total Time": 49.615,
                                                            "Actual Rows": 43289,
                                                            "Actual Loops": 1
                                                        },
                                                        {
                                                            "Worker Number": 3,
                                                            "Actual Startup Time": 21.929,
                                                            "Actual Total Time": 49.462,
                                                            "Actual Rows": 42351,
                                                            "Actual Loops": 1
                                                        }
                                                    ],
                                                    "Plans": [
                                                        {
                                                            "Node Type": "Bitmap Index Scan",
                                                            "Parent Relationship": "Outer",
                                                            "Parallel Aware": false,
                                                            "Index Name": "company_id_movie_companies",
                                                            "Startup Cost": 0.0,
                                                            "Total Cost": 5201.1,
                                                            "Plan Rows": 242756,
                                                            "Plan Width": 0,
                                                            "Actual Startup Time": 23.75,
                                                            "Actual Total Time": 23.75,
                                                            "Actual Rows": 245542,
                                                            "Actual Loops": 1,
                                                            "Index Cond": "(mc.company_id > 101936)"
                                                        }
                                                    ]
                                                }
                                            ]
                                        }
                                    ]
                                }
                            ]
                        }
                    ]
                }
            ]
        },
        "Planning Time": 4372.152,
        "Triggers": [],
        "Execution Time": 234.548
    }
]