[
  {
    "Plan": {
      "Node Type": "Aggregate",
      "Strategy": "Plain",
      "Partial Mode": "Finalize",
      "Parallel Aware": false,
      "Startup Cost": 74627.58,
      "Total Cost": 74627.59,
      "Plan Rows": 1,
      "Plan Width": 8,
      "Actual Startup Time": 297.674,
      "Actual Total Time": 322.265,
      "Actual Rows": 1,
      "Actual Loops": 1,
      "Plans": [
        {
          "Node Type": "Gather",
          "Parent Relationship": "Outer",
          "Parallel Aware": false,
          "Startup Cost": 74627.26,
          "Total Cost": 74627.57,
          "Plan Rows": 3,
          "Plan Width": 8,
          "Actual Startup Time": 296.762,
          "Actual Total Time": 322.239,
          "Actual Rows": 4,
          "Actual Loops": 1,
          "Workers Planned": 3,
          "Workers Launched": 3,
          "Single Copy": false,
          "Plans": [
            {
              "Node Type": "Aggregate",
              "Strategy": "Plain",
              "Partial Mode": "Partial",
              "Parent Relationship": "Outer",
              "Parallel Aware": false,
              "Startup Cost": 73627.26,
              "Total Cost": 73627.27,
              "Plan Rows": 1,
              "Plan Width": 8,
              "Actual Startup Time": 289.361,
              "Actual Total Time": 289.366,
              "Actual Rows": 1,
              "Actual Loops": 4,
              "Plans": [
                {
                  "Node Type": "Hash Join",
                  "Parent Relationship": "Outer",
                  "Parallel Aware": true,
                  "Join Type": "Inner",
                  "Startup Cost": 44145.75,
                  "Total Cost": 73561.64,
                  "Plan Rows": 26250,
                  "Plan Width": 0,
                  "Actual Startup Time": 149.619,
                  "Actual Total Time": 286.954,
                  "Actual Rows": 39225,
                  "Actual Loops": 4,
                  "Inner Unique": true,
                  "Hash Cond": "(mc.movie_id = t.id)",
                  "Plans": [
                    {
                      "Node Type": "Seq Scan",
                      "Parent Relationship": "Outer",
                      "Parallel Aware": true,
                      "Relation Name": "movie_companies",
                      "Alias": "mc",
                      "Startup Cost": 0.0,
                      "Total Cost": 27206.55,
                      "Plan Rows": 841655,
                      "Plan Width": 4,
                      "Actual Startup Time": 0.014,
                      "Actual Total Time": 73.31,
                      "Actual Rows": 652282,
                      "Actual Loops": 4
                    },
                    {
                      "Node Type": "Hash",
                      "Parent Relationship": "Inner",
                      "Parallel Aware": true,
                      "Startup Cost": 43899.32,
                      "Total Cost": 43899.32,
                      "Plan Rows": 19714,
                      "Plan Width": 4,
                      "Actual Startup Time": 118.829,
                      "Actual Total Time": 118.83,
                      "Actual Rows": 20412,
                      "Actual Loops": 4,
                      "Hash Buckets": 131072,
                      "Original Hash Buckets": 131072,
                      "Hash Batches": 1,
                      "Original Hash Batches": 1,
                      "Peak Memory Usage": 4320,
                      "Plans": [
                        {
                          "Node Type": "Seq Scan",
                          "Parent Relationship": "Outer",
                          "Parallel Aware": true,
                          "Relation Name": "title",
                          "Alias": "t",
                          "Startup Cost": 0.0,
                          "Total Cost": 43899.32,
                          "Plan Rows": 19714,
                          "Plan Width": 4,
                          "Actual Startup Time": 58.423,
                          "Actual Total Time": 110.999,
                          "Actual Rows": 20412,
                          "Actual Loops": 4,
                          "Filter": "(production_year < 1919)",
                          "Rows Removed by Filter": 611666
                        }
                      ]
                    }
                  ]
                }
              ]
            }
          ]
        }
      ]
    },
    "Planning Time": 0.591,
    "Triggers": [],
    "Execution Time": 322.329
  }
]