{
  "Plan": {
    "Node Type": "Aggregate",
    "Strategy": "Plain",
    "Partial Mode": "Finalize",
    "Parallel Aware": false,
    "Startup Cost": 922877.88,
    "Total Cost": 922877.89,
    "Plan Rows": 1,
    "Plan Width": 8,
    "Actual Startup Time": 5891.61,
    "Actual Total Time": 5923.947,
    "Actual Rows": 1,
    "Actual Loops": 1,
    "Plans": [
      {
        "Node Type": "Gather",
        "Parent Relationship": "Outer",
        "Parallel Aware": false,
        "Startup Cost": 922877.77,
        "Total Cost": 922877.88,
        "Plan Rows": 1,
        "Plan Width": 8,
        "Actual Startup Time": 5880.371,
        "Actual Total Time": 5923.94,
        "Actual Rows": 2,
        "Actual Loops": 1,
        "Workers Planned": 1,
        "Workers Launched": 1,
        "Single Copy": false,
        "Plans": [
          {
            "Node Type": "Aggregate",
            "Strategy": "Plain",
            "Partial Mode": "Partial",
            "Parent Relationship": "Outer",
            "Parallel Aware": false,
            "Startup Cost": 921877.77,
            "Total Cost": 921877.78,
            "Plan Rows": 1,
            "Plan Width": 8,
            "Actual Startup Time": 5874.067,
            "Actual Total Time": 5874.07,
            "Actual Rows": 1,
            "Actual Loops": 2,
            "Plans": [
              {
                "Node Type": "Merge Join",
                "Parent Relationship": "Outer",
                "Parallel Aware": false,
                "Join Type": "Inner",
                "Startup Cost": 574041.61,
                "Total Cost": 916758.02,
                "Plan Rows": 2047902,
                "Plan Width": 0,
                "Actual Startup Time": 1367.683,
                "Actual Total Time": 5322.052,
                "Actual Rows": 13185180,
                "Actual Loops": 2,
                "Inner Unique": false,
                "Merge Cond": "(t.id = mi.movie_id)",
                "Plans": [
                  {
                    "Node Type": "Merge Join",
                    "Parent Relationship": "Outer",
                    "Parallel Aware": false,
                    "Join Type": "Inner",
                    "Startup Cost": 14.12,
                    "Total Cost": 303237.37,
                    "Plan Rows": 1736108,
                    "Plan Width": 8,
                    "Actual Startup Time": 4.764,
                    "Actual Total Time": 2105.239,
                    "Actual Rows": 1250443,
                    "Actual Loops": 2,
                    "Inner Unique": true,
                    "Merge Cond": "(mk.movie_id = t.id)",
                    "Plans": [
                      {
                        "Node Type": "Index Only Scan",
                        "Parent Relationship": "Outer",
                        "Parallel Aware": true,
                        "Scan Direction": "Forward",
                        "Index Name": "movie_id_movie_keyword",
                        "Relation Name": "movie_keyword",
                        "Alias": "mk",
                        "Startup Cost": 0.43,
                        "Total Cost": 158560.11,
                        "Plan Rows": 2661135,
                        "Plan Width": 4,
                        "Actual Startup Time": 0.092,
                        "Actual Total Time": 450.145,
                        "Actual Rows": 2261965,
                        "Actual Loops": 2,
                        "Heap Fetches": 4523930
                      },
                      {
                        "Node Type": "Index Scan",
                        "Parent Relationship": "Inner",
                        "Parallel Aware": false,
                        "Scan Direction": "Forward",
                        "Index Name": "title_pkey",
                        "Relation Name": "title",
                        "Alias": "t",
                        "Startup Cost": 0.43,
                        "Total Cost": 116660.7,
                        "Plan Rows": 1649443,
                        "Plan Width": 4,
                        "Actual Startup Time": 0.101,
                        "Actual Total Time": 1394.214,
                        "Actual Rows": 1643017,
                        "Actual Loops": 2,
                        "Filter": "(production_year > 1994)",
                        "Rows Removed by Filter": 882804
                      }
                    ]
                  },
                  {
                    "Node Type": "Sort",
                    "Parent Relationship": "Inner",
                    "Parallel Aware": false,
                    "Startup Cost": 574021.29,
                    "Total Cost": 581477.19,
                    "Plan Rows": 2982358,
                    "Plan Width": 4,
                    "Actual Startup Time": 1362.841,
                    "Actual Total Time": 1892.946,
                    "Actual Rows": 15893544,
                    "Actual Loops": 2,
                    "Sort Key": [
                      "mi.movie_id"
                    ],
                    "Sort Method": "quicksort",
                    "Sort Space Used": 240651,
                    "Sort Space Type": "Memory",
                    "Workers": [
                      {
                        "Worker Number": 0,
                        "Sort Method": "quicksort",
                        "Sort Space Used": 240651,
                        "Sort Space Type": "Memory"
                      }
                    ],
                    "Plans": [
                      {
                        "Node Type": "Bitmap Heap Scan",
                        "Parent Relationship": "Outer",
                        "Parallel Aware": false,
                        "Relation Name": "movie_info",
                        "Alias": "mi",
                        "Startup Cost": 54025.71,
                        "Total Cost": 253298.18,
                        "Plan Rows": 2982358,
                        "Plan Width": 4,
                        "Actual Startup Time": 151.223,
                        "Actual Total Time": 579.323,
                        "Actual Rows": 3036719,
                        "Actual Loops": 2,
                        "Recheck Cond": "(info_type_id = 16)",
                        "Rows Removed by Index Recheck": 0,
                        "Exact Heap Blocks": 25448,
                        "Lossy Heap Blocks": 0,
                        "Plans": [
                          {
                            "Node Type": "Bitmap Index Scan",
                            "Parent Relationship": "Outer",
                            "Parallel Aware": false,
                            "Index Name": "info_type_id_movie_info",
                            "Startup Cost": 0.0,
                            "Total Cost": 53280.12,
                            "Plan Rows": 2982358,
                            "Plan Width": 0,
                            "Actual Startup Time": 146.707,
                            "Actual Total Time": 146.707,
                            "Actual Rows": 3036719,
                            "Actual Loops": 2,
                            "Index Cond": "(info_type_id = 16)"
                          }
                        ]
                      }
                    ]
                  }
                ]
              }
            ]
          }
        ]
      }
    ]
  },
  "Planning Time": 1.094,
  "Triggers": [],
  "Execution Time": 5947.808
}