{
  "Plan": {
    "Node Type": "Aggregate",
    "Strategy": "Plain",
    "Partial Mode": "Finalize",
    "Parallel Aware": false,
    "Startup Cost": 470545.51,
    "Total Cost": 470545.52,
    "Plan Rows": 1,
    "Plan Width": 8,
    "Actual Startup Time": 792.202,
    "Actual Total Time": 812.984,
    "Actual Rows": 1,
    "Actual Loops": 1,
    "Plans": [
      {
        "Node Type": "Gather",
        "Parent Relationship": "Outer",
        "Parallel Aware": false,
        "Startup Cost": 470545.4,
        "Total Cost": 470545.51,
        "Plan Rows": 1,
        "Plan Width": 8,
        "Actual Startup Time": 791.56,
        "Actual Total Time": 812.974,
        "Actual Rows": 2,
        "Actual Loops": 1,
        "Workers Planned": 1,
        "Workers Launched": 1,
        "Single Copy": false,
        "Plans": [
          {
            "Node Type": "Aggregate",
            "Strategy": "Plain",
            "Partial Mode": "Partial",
            "Parent Relationship": "Outer",
            "Parallel Aware": false,
            "Startup Cost": 469545.4,
            "Total Cost": 469545.41,
            "Plan Rows": 1,
            "Plan Width": 8,
            "Actual Startup Time": 785.681,
            "Actual Total Time": 785.685,
            "Actual Rows": 1,
            "Actual Loops": 2,
            "Plans": [
              {
                "Node Type": "Hash Join",
                "Parent Relationship": "Outer",
                "Parallel Aware": true,
                "Join Type": "Inner",
                "Startup Cost": 167920.14,
                "Total Cost": 469380.47,
                "Plan Rows": 65969,
                "Plan Width": 0,
                "Actual Startup Time": 548.963,
                "Actual Total Time": 783.866,
                "Actual Rows": 38753,
                "Actual Loops": 2,
                "Inner Unique": true,
                "Hash Cond": "(ci.movie_id = t.id)",
                "Plans": [
                  {
                    "Node Type": "Bitmap Heap Scan",
                    "Parent Relationship": "Outer",
                    "Parallel Aware": true,
                    "Relation Name": "cast_info",
                    "Alias": "ci",
                    "Startup Cost": 112431.98,
                    "Total Cost": 410314.44,
                    "Plan Rows": 1362995,
                    "Plan Width": 4,
                    "Actual Startup Time": 384.209,
                    "Actual Total Time": 518.927,
                    "Actual Rows": 731061,
                    "Actual Loops": 2,
                    "Recheck Cond": "(person_id < 511149)",
                    "Rows Removed by Index Recheck": 0,
                    "Filter": "(role_id > 2)",
                    "Rows Removed by Filter": 1911919,
                    "Exact Heap Blocks": 31861,
                    "Lossy Heap Blocks": 0,
                    "Plans": [
                      {
                        "Node Type": "Bitmap Index Scan",
                        "Parent Relationship": "Outer",
                        "Parallel Aware": false,
                        "Index Name": "person_id_cast_info",
                        "Startup Cost": 0.0,
                        "Total Cost": 111852.71,
                        "Plan Rows": 5122152,
                        "Plan Width": 0,
                        "Actual Startup Time": 181.441,
                        "Actual Total Time": 181.442,
                        "Actual Rows": 5285960,
                        "Actual Loops": 1,
                        "Index Cond": "(person_id < 511149)"
                      }
                    ]
                  },
                  {
                    "Node Type": "Hash",
                    "Parent Relationship": "Inner",
                    "Parallel Aware": true,
                    "Startup Cost": 54588.39,
                    "Total Cost": 54588.39,
                    "Plan Rows": 71982,
                    "Plan Width": 4,
                    "Actual Startup Time": 162.36,
                    "Actual Total Time": 162.361,
                    "Actual Rows": 61430,
                    "Actual Loops": 2,
                    "Hash Buckets": 131072,
                    "Original Hash Buckets": 131072,
                    "Hash Batches": 1,
                    "Original Hash Batches": 1,
                    "Peak Memory Usage": 5888,
                    "Plans": [
                      {
                        "Node Type": "Seq Scan",
                        "Parent Relationship": "Outer",
                        "Parallel Aware": true,
                        "Relation Name": "title",
                        "Alias": "t",
                        "Startup Cost": 0.0,
                        "Total Cost": 54588.39,
                        "Plan Rows": 71982,
                        "Plan Width": 4,
                        "Actual Startup Time": 0.05,
                        "Actual Total Time": 141.447,
                        "Actual Rows": 61430,
                        "Actual Loops": 2,
                        "Filter": "(production_year = 2008)",
                        "Rows Removed by Filter": 1202726
                      }
                    ]
                  }
                ]
              }
            ]
          }
        ]
      }
    ]
  },
  "Planning Time": 0.472,
  "Triggers": [],
  "Execution Time": 813.079
}