{
  "Plan": {
    "Node Type": "Aggregate",
    "Strategy": "Plain",
    "Partial Mode": "Finalize",
    "Parallel Aware": false,
    "Startup Cost": 120112.18,
    "Total Cost": 120112.19,
    "Plan Rows": 1,
    "Plan Width": 8,
    "Actual Startup Time": 408.548,
    "Actual Total Time": 423.588,
    "Actual Rows": 1,
    "Actual Loops": 1,
    "Plans": [
      {
        "Node Type": "Gather",
        "Parent Relationship": "Outer",
        "Parallel Aware": false,
        "Startup Cost": 120112.06,
        "Total Cost": 120112.17,
        "Plan Rows": 1,
        "Plan Width": 8,
        "Actual Startup Time": 408.259,
        "Actual Total Time": 423.58,
        "Actual Rows": 2,
        "Actual Loops": 1,
        "Workers Planned": 1,
        "Workers Launched": 1,
        "Single Copy": false,
        "Plans": [
          {
            "Node Type": "Aggregate",
            "Strategy": "Plain",
            "Partial Mode": "Partial",
            "Parent Relationship": "Outer",
            "Parallel Aware": false,
            "Startup Cost": 119112.06,
            "Total Cost": 119112.07,
            "Plan Rows": 1,
            "Plan Width": 8,
            "Actual Startup Time": 401.93,
            "Actual Total Time": 401.935,
            "Actual Rows": 1,
            "Actual Loops": 2,
            "Plans": [
              {
                "Node Type": "Hash Join",
                "Parent Relationship": "Outer",
                "Parallel Aware": true,
                "Join Type": "Inner",
                "Startup Cost": 84151.56,
                "Total Cost": 119071.04,
                "Plan Rows": 16408,
                "Plan Width": 0,
                "Actual Startup Time": 279.262,
                "Actual Total Time": 401.6,
                "Actual Rows": 5996,
                "Actual Loops": 2,
                "Inner Unique": false,
                "Hash Cond": "(ci.movie_id = t.id)",
                "Plans": [
                  {
                    "Node Type": "Index Scan",
                    "Parent Relationship": "Outer",
                    "Parallel Aware": true,
                    "Scan Direction": "Forward",
                    "Index Name": "role_id_cast_info",
                    "Relation Name": "cast_info",
                    "Alias": "ci",
                    "Startup Cost": 0.56,
                    "Total Cost": 32487.36,
                    "Plan Rows": 622980,
                    "Plan Width": 4,
                    "Actual Startup Time": 0.054,
                    "Actual Total Time": 69.591,
                    "Actual Rows": 546779,
                    "Actual Loops": 2,
                    "Index Cond": "(role_id = 9)",
                    "Rows Removed by Index Recheck": 0
                  },
                  {
                    "Node Type": "Hash",
                    "Parent Relationship": "Inner",
                    "Parallel Aware": true,
                    "Startup Cost": 83661.39,
                    "Total Cost": 83661.39,
                    "Plan Rows": 39169,
                    "Plan Width": 8,
                    "Actual Startup Time": 276.421,
                    "Actual Total Time": 276.425,
                    "Actual Rows": 11770,
                    "Actual Loops": 2,
                    "Hash Buckets": 131072,
                    "Original Hash Buckets": 131072,
                    "Hash Batches": 1,
                    "Original Hash Batches": 1,
                    "Peak Memory Usage": 1952,
                    "Plans": [
                      {
                        "Node Type": "Hash Join",
                        "Parent Relationship": "Outer",
                        "Parallel Aware": true,
                        "Join Type": "Inner",
                        "Startup Cost": 23265.47,
                        "Total Cost": 83661.39,
                        "Plan Rows": 39169,
                        "Plan Width": 8,
                        "Actual Startup Time": 48.887,
                        "Actual Total Time": 272.486,
                        "Actual Rows": 11770,
                        "Actual Loops": 2,
                        "Inner Unique": false,
                        "Hash Cond": "(t.id = mc.movie_id)",
                        "Plans": [
                          {
                            "Node Type": "Seq Scan",
                            "Parent Relationship": "Outer",
                            "Parallel Aware": true,
                            "Relation Name": "title",
                            "Alias": "t",
                            "Startup Cost": 0.0,
                            "Total Cost": 50870.31,
                            "Plan Rows": 1487231,
                            "Plan Width": 4,
                            "Actual Startup Time": 0.011,
                            "Actual Total Time": 113.65,
                            "Actual Rows": 1264156,
                            "Actual Loops": 2
                          },
                          {
                            "Node Type": "Hash",
                            "Parent Relationship": "Inner",
                            "Parallel Aware": true,
                            "Startup Cost": 22775.86,
                            "Total Cost": 22775.86,
                            "Plan Rows": 39169,
                            "Plan Width": 4,
                            "Actual Startup Time": 47.696,
                            "Actual Total Time": 47.697,
                            "Actual Rows": 11770,
                            "Actual Loops": 2,
                            "Hash Buckets": 131072,
                            "Original Hash Buckets": 131072,
                            "Hash Batches": 1,
                            "Original Hash Batches": 1,
                            "Peak Memory Usage": 1984,
                            "Plans": [
                              {
                                "Node Type": "Bitmap Heap Scan",
                                "Parent Relationship": "Outer",
                                "Parallel Aware": true,
                                "Relation Name": "movie_companies",
                                "Alias": "mc",
                                "Startup Cost": 2828.68,
                                "Total Cost": 22775.86,
                                "Plan Rows": 39169,
                                "Plan Width": 4,
                                "Actual Startup Time": 39.212,
                                "Actual Total Time": 45.076,
                                "Actual Rows": 11770,
                                "Actual Loops": 2,
                                "Recheck Cond": "(company_id < 27)",
                                "Rows Removed by Index Recheck": 0,
                                "Filter": "(company_type_id = 2)",
                                "Rows Removed by Filter": 55633,
                                "Exact Heap Blocks": 9336,
                                "Lossy Heap Blocks": 0,
                                "Plans": [
                                  {
                                    "Node Type": "Bitmap Index Scan",
                                    "Parent Relationship": "Outer",
                                    "Parallel Aware": false,
                                    "Index Name": "company_id_movie_companies",
                                    "Startup Cost": 0.0,
                                    "Total Cost": 2812.03,
                                    "Plan Rows": 131147,
                                    "Plan Width": 0,
                                    "Actual Startup Time": 16.105,
                                    "Actual Total Time": 16.105,
                                    "Actual Rows": 134807,
                                    "Actual Loops": 1,
                                    "Index Cond": "(company_id < 27)"
                                  }
                                ]
                              }
                            ]
                          }
                        ]
                      }
                    ]
                  }
                ]
              }
            ]
          }
        ]
      }
    ]
  },
  "Planning Time": 1.171,
  "Triggers": [],
  "Execution Time": 423.695
}