[
  {
    "Plan": {
      "Node Type": "Aggregate",
      "Strategy": "Plain",
      "Partial Mode": "Finalize",
      "Parallel Aware": false,
      "Startup Cost": 31230.31,
      "Total Cost": 31230.32,
      "Plan Rows": 1,
      "Plan Width": 8,
      "Actual Startup Time": 92.692,
      "Actual Total Time": 101.028,
      "Actual Rows": 1,
      "Actual Loops": 1,
      "Plans": [
        {
          "Node Type": "Gather",
          "Parent Relationship": "Outer",
          "Parallel Aware": false,
          "Startup Cost": 31230.0,
          "Total Cost": 31230.31,
          "Plan Rows": 3,
          "Plan Width": 8,
          "Actual Startup Time": 92.54,
          "Actual Total Time": 101.017,
          "Actual Rows": 4,
          "Actual Loops": 1,
          "Workers Planned": 3,
          "Workers Launched": 3,
          "Single Copy": false,
          "Plans": [
            {
              "Node Type": "Aggregate",
              "Strategy": "Plain",
              "Partial Mode": "Partial",
              "Parent Relationship": "Outer",
              "Parallel Aware": false,
              "Startup Cost": 30230.0,
              "Total Cost": 30230.01,
              "Plan Rows": 1,
              "Plan Width": 8,
              "Actual Startup Time": 87.252,
              "Actual Total Time": 87.253,
              "Actual Rows": 1,
              "Actual Loops": 4,
              "Plans": [
                {
                  "Node Type": "Seq Scan",
                  "Parent Relationship": "Outer",
                  "Parallel Aware": true,
                  "Relation Name": "movie_companies",
                  "Alias": "mc",
                  "Startup Cost": 0.0,
                  "Total Cost": 29310.68,
                  "Plan Rows": 367726,
                  "Plan Width": 0,
                  "Actual Startup Time": 0.025,
                  "Actual Total Time": 72.348,
                  "Actual Rows": 287177,
                  "Actual Loops": 4,
                  "Filter": "(company_id < 8948)",
                  "Rows Removed by Filter": 365106
                }
              ]
            }
          ]
        }
      ]
    },
    "Planning Time": 0.193,
    "Triggers": [],
    "Execution Time": 101.082
  }
]