[
    {
        "Bao": {
            "Bao prediction": "NaN",
            "Bao recommended hint": "(no hint)"
        }
    },
    {
        "Plan": {
            "Node Type": "Aggregate",
            "Strategy": "Plain",
            "Partial Mode": "Finalize",
            "Parallel Aware": false,
            "Startup Cost": 44859.27,
            "Total Cost": 44859.28,
            "Plan Rows": 1,
            "Plan Width": 8,
            "Actual Startup Time": 137.781,
            "Actual Total Time": 143.887,
            "Actual Rows": 1,
            "Actual Loops": 1,
            "Output": [
                "count(*)"
            ],
            "Plans": [
                {
                    "Node Type": "Gather",
                    "Parent Relationship": "Outer",
                    "Parallel Aware": false,
                    "Startup Cost": 44858.95,
                    "Total Cost": 44859.26,
                    "Plan Rows": 3,
                    "Plan Width": 8,
                    "Actual Startup Time": 137.695,
                    "Actual Total Time": 143.88,
                    "Actual Rows": 4,
                    "Actual Loops": 1,
                    "Output": [
                        "(PARTIAL count(*))"
                    ],
                    "Workers Planned": 3,
                    "Workers Launched": 3,
                    "Single Copy": false,
                    "Plans": [
                        {
                            "Node Type": "Aggregate",
                            "Strategy": "Plain",
                            "Partial Mode": "Partial",
                            "Parent Relationship": "Outer",
                            "Parallel Aware": false,
                            "Startup Cost": 43858.95,
                            "Total Cost": 43858.96,
                            "Plan Rows": 1,
                            "Plan Width": 8,
                            "Actual Startup Time": 129.576,
                            "Actual Total Time": 129.577,
                            "Actual Rows": 1,
                            "Actual Loops": 4,
                            "Output": [
                                "PARTIAL count(*)"
                            ],
                            "Workers": [
                                {
                                    "Worker Number": 0,
                                    "Actual Startup Time": 126.501,
                                    "Actual Total Time": 126.502,
                                    "Actual Rows": 1,
                                    "Actual Loops": 1
                                },
                                {
                                    "Worker Number": 1,
                                    "Actual Startup Time": 127.028,
                                    "Actual Total Time": 127.03,
                                    "Actual Rows": 1,
                                    "Actual Loops": 1
                                },
                                {
                                    "Worker Number": 2,
                                    "Actual Startup Time": 127.41,
                                    "Actual Total Time": 127.411,
                                    "Actual Rows": 1,
                                    "Actual Loops": 1
                                }
                            ],
                            "Plans": [
                                {
                                    "Node Type": "Seq Scan",
                                    "Parent Relationship": "Outer",
                                    "Parallel Aware": true,
                                    "Relation Name": "movie_keyword",
                                    "Schema": "public",
                                    "Alias": "mk",
                                    "Startup Cost": 0.0,
                                    "Total Cost": 42695.65,
                                    "Plan Rows": 465319,
                                    "Plan Width": 0,
                                    "Actual Startup Time": 0.775,
                                    "Actual Total Time": 109.904,
                                    "Actual Rows": 354378,
                                    "Actual Loops": 4,
                                    "Output": [
                                        "id",
                                        "movie_id",
                                        "keyword_id"
                                    ],
                                    "Filter": "(mk.keyword_id > 11777)",
                                    "Rows Removed by Filter": 776605,
                                    "Workers": [
                                        {
                                            "Worker Number": 0,
                                            "Actual Startup Time": 0.075,
                                            "Actual Total Time": 108.167,
                                            "Actual Rows": 342240,
                                            "Actual Loops": 1
                                        },
                                        {
                                            "Worker Number": 1,
                                            "Actual Startup Time": 0.066,
                                            "Actual Total Time": 108.267,
                                            "Actual Rows": 360856,
                                            "Actual Loops": 1
                                        },
                                        {
                                            "Worker Number": 2,
                                            "Actual Startup Time": 0.059,
                                            "Actual Total Time": 108.73,
                                            "Actual Rows": 359374,
                                            "Actual Loops": 1
                                        }
                                    ]
                                }
                            ]
                        }
                    ]
                }
            ]
        },
        "Planning Time": 331.803,
        "Triggers": [],
        "Execution Time": 143.941
    }
]