[
  {
    "Plan": {
      "Node Type": "Aggregate",
      "Strategy": "Plain",
      "Partial Mode": "Finalize",
      "Parallel Aware": false,
      "Startup Cost": 32847.39,
      "Total Cost": 32847.4,
      "Plan Rows": 1,
      "Plan Width": 8,
      "Actual Startup Time": 79.822,
      "Actual Total Time": 87.697,
      "Actual Rows": 1,
      "Actual Loops": 1,
      "Plans": [
        {
          "Node Type": "Gather",
          "Parent Relationship": "Outer",
          "Parallel Aware": false,
          "Startup Cost": 32847.07,
          "Total Cost": 32847.38,
          "Plan Rows": 3,
          "Plan Width": 8,
          "Actual Startup Time": 79.735,
          "Actual Total Time": 87.69,
          "Actual Rows": 4,
          "Actual Loops": 1,
          "Workers Planned": 3,
          "Workers Launched": 3,
          "Single Copy": false,
          "Plans": [
            {
              "Node Type": "Aggregate",
              "Strategy": "Plain",
              "Partial Mode": "Partial",
              "Parent Relationship": "Outer",
              "Parallel Aware": false,
              "Startup Cost": 31847.07,
              "Total Cost": 31847.08,
              "Plan Rows": 1,
              "Plan Width": 8,
              "Actual Startup Time": 73.686,
              "Actual Total Time": 73.687,
              "Actual Rows": 1,
              "Actual Loops": 4,
              "Plans": [
                {
                  "Node Type": "Seq Scan",
                  "Parent Relationship": "Outer",
                  "Parallel Aware": true,
                  "Relation Name": "movie_companies",
                  "Alias": "mc",
                  "Startup Cost": 0.0,
                  "Total Cost": 31414.82,
                  "Plan Rows": 172901,
                  "Plan Width": 0,
                  "Actual Startup Time": 18.339,
                  "Actual Total Time": 70.734,
                  "Actual Rows": 61405,
                  "Actual Loops": 4,
                  "Filter": "((company_id > 14135) AND (company_type_id = 1))",
                  "Rows Removed by Filter": 590877
                }
              ]
            }
          ]
        }
      ]
    },
    "Planning Time": 0.212,
    "Triggers": [],
    "Execution Time": 87.8
  }
]