{
    "Plan": {
        "Node Type": "Aggregate",
        "Strategy": "Plain",
        "Partial Mode": "Finalize",
        "Parallel Aware": false,
        "Startup Cost": 249818.41,
        "Total Cost": 249818.42,
        "Plan Rows": 1,
        "Plan Width": 8,
        "Actual Startup Time": 1174.711,
        "Actual Total Time": 1224.477,
        "Actual Rows": 1,
        "Actual Loops": 1,
        "Output": [
            "count(*)"
        ],
        "Plans": [
            {
                "Node Type": "Gather",
                "Parent Relationship": "Outer",
                "Parallel Aware": false,
                "Startup Cost": 249817.89,
                "Total Cost": 249818.4,
                "Plan Rows": 5,
                "Plan Width": 8,
                "Actual Startup Time": 1168.15,
                "Actual Total Time": 1224.455,
                "Actual Rows": 6,
                "Actual Loops": 1,
                "Output": [
                    "(PARTIAL count(*))"
                ],
                "Workers Planned": 5,
                "Workers Launched": 5,
                "Single Copy": false,
                "Plans": [
                    {
                        "Node Type": "Aggregate",
                        "Strategy": "Plain",
                        "Partial Mode": "Partial",
                        "Parent Relationship": "Outer",
                        "Parallel Aware": false,
                        "Startup Cost": 248817.89,
                        "Total Cost": 248817.9,
                        "Plan Rows": 1,
                        "Plan Width": 8,
                        "Actual Startup Time": 1157.63,
                        "Actual Total Time": 1157.633,
                        "Actual Rows": 1,
                        "Actual Loops": 6,
                        "Output": [
                            "PARTIAL count(*)"
                        ],
                        "Workers": [
                            {
                                "Worker Number": 0,
                                "Actual Startup Time": 1155.128,
                                "Actual Total Time": 1155.131,
                                "Actual Rows": 1,
                                "Actual Loops": 1
                            },
                            {
                                "Worker Number": 1,
                                "Actual Startup Time": 1156.144,
                                "Actual Total Time": 1156.147,
                                "Actual Rows": 1,
                                "Actual Loops": 1
                            },
                            {
                                "Worker Number": 2,
                                "Actual Startup Time": 1155.639,
                                "Actual Total Time": 1155.642,
                                "Actual Rows": 1,
                                "Actual Loops": 1
                            },
                            {
                                "Worker Number": 3,
                                "Actual Startup Time": 1155.746,
                                "Actual Total Time": 1155.748,
                                "Actual Rows": 1,
                                "Actual Loops": 1
                            },
                            {
                                "Worker Number": 4,
                                "Actual Startup Time": 1155.831,
                                "Actual Total Time": 1155.833,
                                "Actual Rows": 1,
                                "Actual Loops": 1
                            }
                        ],
                        "Plans": [
                            {
                                "Node Type": "Hash Join",
                                "Parent Relationship": "Outer",
                                "Parallel Aware": true,
                                "Join Type": "Inner",
                                "Startup Cost": 47593.78,
                                "Total Cost": 246843.41,
                                "Plan Rows": 789792,
                                "Plan Width": 0,
                                "Actual Startup Time": 142.999,
                                "Actual Total Time": 1098.047,
                                "Actual Rows": 1057077,
                                "Actual Loops": 6,
                                "Inner Unique": true,
                                "Hash Cond": "(mi.movie_id = t.id)",
                                "Workers": [
                                    {
                                        "Worker Number": 0,
                                        "Actual Startup Time": 140.557,
                                        "Actual Total Time": 1098.512,
                                        "Actual Rows": 848662,
                                        "Actual Loops": 1
                                    },
                                    {
                                        "Worker Number": 1,
                                        "Actual Startup Time": 141.043,
                                        "Actual Total Time": 1094.519,
                                        "Actual Rows": 926180,
                                        "Actual Loops": 1
                                    },
                                    {
                                        "Worker Number": 2,
                                        "Actual Startup Time": 141.096,
                                        "Actual Total Time": 1094.246,
                                        "Actual Rows": 925086,
                                        "Actual Loops": 1
                                    },
                                    {
                                        "Worker Number": 3,
                                        "Actual Startup Time": 141.323,
                                        "Actual Total Time": 1094.936,
                                        "Actual Rows": 872718,
                                        "Actual Loops": 1
                                    },
                                    {
                                        "Worker Number": 4,
                                        "Actual Startup Time": 141.278,
                                        "Actual Total Time": 1105.236,
                                        "Actual Rows": 1220206,
                                        "Actual Loops": 1
                                    }
                                ],
                                "Plans": [
                                    {
                                        "Node Type": "Seq Scan",
                                        "Parent Relationship": "Outer",
                                        "Parallel Aware": true,
                                        "Relation Name": "movie_info",
                                        "Schema": "public",
                                        "Alias": "mi",
                                        "Startup Cost": 0.0,
                                        "Total Cost": 191503.19,
                                        "Plan Rows": 2951019,
                                        "Plan Width": 4,
                                        "Actual Startup Time": 0.029,
                                        "Actual Total Time": 351.751,
                                        "Actual Rows": 2472620,
                                        "Actual Loops": 6,
                                        "Output": [
                                            "mi.id",
                                            "mi.movie_id",
                                            "mi.info_type_id",
                                            "mi.info",
                                            "mi.note"
                                        ],
                                        "Workers": [
                                            {
                                                "Worker Number": 0,
                                                "Actual Startup Time": 0.029,
                                                "Actual Total Time": 362.41,
                                                "Actual Rows": 1966885,
                                                "Actual Loops": 1
                                            },
                                            {
                                                "Worker Number": 1,
                                                "Actual Startup Time": 0.035,
                                                "Actual Total Time": 371.582,
                                                "Actual Rows": 2154103,
                                                "Actual Loops": 1
                                            },
                                            {
                                                "Worker Number": 2,
                                                "Actual Startup Time": 0.038,
                                                "Actual Total Time": 373.263,
                                                "Actual Rows": 2163953,
                                                "Actual Loops": 1
                                            },
                                            {
                                                "Worker Number": 3,
                                                "Actual Startup Time": 0.028,
                                                "Actual Total Time": 372.134,
                                                "Actual Rows": 2051136,
                                                "Actual Loops": 1
                                            },
                                            {
                                                "Worker Number": 4,
                                                "Actual Startup Time": 0.036,
                                                "Actual Total Time": 341.808,
                                                "Actual Rows": 2836789,
                                                "Actual Loops": 1
                                            }
                                        ]
                                    },
                                    {
                                        "Node Type": "Hash",
                                        "Parent Relationship": "Inner",
                                        "Parallel Aware": true,
                                        "Startup Cost": 45479.21,
                                        "Total Cost": 45479.21,
                                        "Plan Rows": 169166,
                                        "Plan Width": 4,
                                        "Actual Startup Time": 137.757,
                                        "Actual Total Time": 137.758,
                                        "Actual Rows": 96048,
                                        "Actual Loops": 6,
                                        "Output": [
                                            "t.id"
                                        ],
                                        "Hash Buckets": 1048576,
                                        "Original Hash Buckets": 1048576,
                                        "Hash Batches": 1,
                                        "Original Hash Batches": 1,
                                        "Peak Memory Usage": 30848,
                                        "Workers": [
                                            {
                                                "Worker Number": 0,
                                                "Actual Startup Time": 138.411,
                                                "Actual Total Time": 138.412,
                                                "Actual Rows": 77839,
                                                "Actual Loops": 1
                                            },
                                            {
                                                "Worker Number": 1,
                                                "Actual Startup Time": 138.902,
                                                "Actual Total Time": 138.904,
                                                "Actual Rows": 82732,
                                                "Actual Loops": 1
                                            },
                                            {
                                                "Worker Number": 2,
                                                "Actual Startup Time": 138.924,
                                                "Actual Total Time": 138.925,
                                                "Actual Rows": 83966,
                                                "Actual Loops": 1
                                            },
                                            {
                                                "Worker Number": 3,
                                                "Actual Startup Time": 139.029,
                                                "Actual Total Time": 139.03,
                                                "Actual Rows": 81756,
                                                "Actual Loops": 1
                                            },
                                            {
                                                "Worker Number": 4,
                                                "Actual Startup Time": 139.197,
                                                "Actual Total Time": 139.198,
                                                "Actual Rows": 106409,
                                                "Actual Loops": 1
                                            }
                                        ],
                                        "Plans": [
                                            {
                                                "Node Type": "Seq Scan",
                                                "Parent Relationship": "Outer",
                                                "Parallel Aware": true,
                                                "Relation Name": "title",
                                                "Schema": "public",
                                                "Alias": "t",
                                                "Startup Cost": 0.0,
                                                "Total Cost": 45479.21,
                                                "Plan Rows": 169166,
                                                "Plan Width": 4,
                                                "Actual Startup Time": 0.063,
                                                "Actual Total Time": 89.736,
                                                "Actual Rows": 96048,
                                                "Actual Loops": 6,
                                                "Output": [
                                                    "t.id"
                                                ],
                                                "Filter": "((t.kind_id < 7) AND (t.production_year > 1991))",
                                                "Rows Removed by Filter": 325338,
                                                "Workers": [
                                                    {
                                                        "Worker Number": 0,
                                                        "Actual Startup Time": 0.088,
                                                        "Actual Total Time": 90.089,
                                                        "Actual Rows": 77839,
                                                        "Actual Loops": 1
                                                    },
                                                    {
                                                        "Worker Number": 1,
                                                        "Actual Startup Time": 0.068,
                                                        "Actual Total Time": 91.01,
                                                        "Actual Rows": 82732,
                                                        "Actual Loops": 1
                                                    },
                                                    {
                                                        "Worker Number": 2,
                                                        "Actual Startup Time": 0.07,
                                                        "Actual Total Time": 91.285,
                                                        "Actual Rows": 83966,
                                                        "Actual Loops": 1
                                                    },
                                                    {
                                                        "Worker Number": 3,
                                                        "Actual Startup Time": 0.063,
                                                        "Actual Total Time": 90.805,
                                                        "Actual Rows": 81756,
                                                        "Actual Loops": 1
                                                    },
                                                    {
                                                        "Worker Number": 4,
                                                        "Actual Startup Time": 0.064,
                                                        "Actual Total Time": 87.951,
                                                        "Actual Rows": 106409,
                                                        "Actual Loops": 1
                                                    }
                                                ]
                                            }
                                        ]
                                    }
                                ]
                            }
                        ]
                    }
                ]
            }
        ]
    },
    "Planning Time": 0.727,
    "Triggers": [],
    "Execution Time": 1224.563
}