[
    {
        "Bao": {
            "Bao prediction": "NaN",
            "Bao recommended hint": "(no hint)"
        }
    },
    {
        "Plan": {
            "Node Type": "Aggregate",
            "Strategy": "Plain",
            "Partial Mode": "Finalize",
            "Parallel Aware": false,
            "Startup Cost": 31702.82,
            "Total Cost": 31702.83,
            "Plan Rows": 1,
            "Plan Width": 8,
            "Actual Startup Time": 82.287,
            "Actual Total Time": 87.65,
            "Actual Rows": 1,
            "Actual Loops": 1,
            "Output": [
                "count(*)"
            ],
            "Plans": [
                {
                    "Node Type": "Gather",
                    "Parent Relationship": "Outer",
                    "Parallel Aware": false,
                    "Startup Cost": 31702.5,
                    "Total Cost": 31702.81,
                    "Plan Rows": 3,
                    "Plan Width": 8,
                    "Actual Startup Time": 82.003,
                    "Actual Total Time": 87.644,
                    "Actual Rows": 4,
                    "Actual Loops": 1,
                    "Output": [
                        "(PARTIAL count(*))"
                    ],
                    "Workers Planned": 3,
                    "Workers Launched": 3,
                    "Single Copy": false,
                    "Plans": [
                        {
                            "Node Type": "Aggregate",
                            "Strategy": "Plain",
                            "Partial Mode": "Partial",
                            "Parent Relationship": "Outer",
                            "Parallel Aware": false,
                            "Startup Cost": 30702.5,
                            "Total Cost": 30702.51,
                            "Plan Rows": 1,
                            "Plan Width": 8,
                            "Actual Startup Time": 73.519,
                            "Actual Total Time": 73.521,
                            "Actual Rows": 1,
                            "Actual Loops": 4,
                            "Output": [
                                "PARTIAL count(*)"
                            ],
                            "Workers": [
                                {
                                    "Worker Number": 0,
                                    "Actual Startup Time": 70.451,
                                    "Actual Total Time": 70.453,
                                    "Actual Rows": 1,
                                    "Actual Loops": 1
                                },
                                {
                                    "Worker Number": 1,
                                    "Actual Startup Time": 70.925,
                                    "Actual Total Time": 70.926,
                                    "Actual Rows": 1,
                                    "Actual Loops": 1
                                },
                                {
                                    "Worker Number": 2,
                                    "Actual Startup Time": 70.976,
                                    "Actual Total Time": 70.976,
                                    "Actual Rows": 1,
                                    "Actual Loops": 1
                                }
                            ],
                            "Plans": [
                                {
                                    "Node Type": "Bitmap Heap Scan",
                                    "Parent Relationship": "Outer",
                                    "Parallel Aware": true,
                                    "Relation Name": "movie_companies",
                                    "Schema": "public",
                                    "Alias": "mc",
                                    "Startup Cost": 9578.9,
                                    "Total Cost": 30519.74,
                                    "Plan Rows": 73105,
                                    "Plan Width": 0,
                                    "Actual Startup Time": 57.646,
                                    "Actual Total Time": 72.175,
                                    "Actual Rows": 26293,
                                    "Actual Loops": 4,
                                    "Recheck Cond": "(mc.company_id < 329)",
                                    "Rows Removed by Index Recheck": 0,
                                    "Filter": "(mc.company_type_id > 1)",
                                    "Rows Removed by Filter": 83536,
                                    "Exact Heap Blocks": 9847,
                                    "Lossy Heap Blocks": 0,
                                    "Workers": [
                                        {
                                            "Worker Number": 0,
                                            "Actual Startup Time": 54.58,
                                            "Actual Total Time": 69.224,
                                            "Actual Rows": 21072,
                                            "Actual Loops": 1
                                        },
                                        {
                                            "Worker Number": 1,
                                            "Actual Startup Time": 55.059,
                                            "Actual Total Time": 69.665,
                                            "Actual Rows": 21975,
                                            "Actual Loops": 1
                                        },
                                        {
                                            "Worker Number": 2,
                                            "Actual Startup Time": 55.098,
                                            "Actual Total Time": 69.745,
                                            "Actual Rows": 21989,
                                            "Actual Loops": 1
                                        }
                                    ],
                                    "Plans": [
                                        {
                                            "Node Type": "Bitmap Index Scan",
                                            "Parent Relationship": "Outer",
                                            "Parallel Aware": false,
                                            "Index Name": "company_id_movie_companies",
                                            "Startup Cost": 0.0,
                                            "Total Cost": 9522.24,
                                            "Plan Rows": 444508,
                                            "Plan Width": 0,
                                            "Actual Startup Time": 24.334,
                                            "Actual Total Time": 24.335,
                                            "Actual Rows": 439315,
                                            "Actual Loops": 1,
                                            "Index Cond": "(mc.company_id < 329)"
                                        }
                                    ]
                                }
                            ]
                        }
                    ]
                }
            ]
        },
        "Planning Time": 207.638,
        "Triggers": [],
        "Execution Time": 87.703
    }
]