[
  {
    "Plan": {
      "Node Type": "Aggregate",
      "Strategy": "Plain",
      "Partial Mode": "Finalize",
      "Parallel Aware": false,
      "Startup Cost": 32829.81,
      "Total Cost": 32829.82,
      "Plan Rows": 1,
      "Plan Width": 8,
      "Actual Startup Time": 96.706,
      "Actual Total Time": 107.4,
      "Actual Rows": 1,
      "Actual Loops": 1,
      "Plans": [
        {
          "Node Type": "Gather",
          "Parent Relationship": "Outer",
          "Parallel Aware": false,
          "Startup Cost": 32829.49,
          "Total Cost": 32829.8,
          "Plan Rows": 3,
          "Plan Width": 8,
          "Actual Startup Time": 96.556,
          "Actual Total Time": 107.391,
          "Actual Rows": 4,
          "Actual Loops": 1,
          "Workers Planned": 3,
          "Workers Launched": 3,
          "Single Copy": false,
          "Plans": [
            {
              "Node Type": "Aggregate",
              "Strategy": "Plain",
              "Partial Mode": "Partial",
              "Parent Relationship": "Outer",
              "Parallel Aware": false,
              "Startup Cost": 31829.49,
              "Total Cost": 31829.5,
              "Plan Rows": 1,
              "Plan Width": 8,
              "Actual Startup Time": 92.483,
              "Actual Total Time": 92.485,
              "Actual Rows": 1,
              "Actual Loops": 4,
              "Plans": [
                {
                  "Node Type": "Seq Scan",
                  "Parent Relationship": "Outer",
                  "Parallel Aware": true,
                  "Relation Name": "movie_companies",
                  "Alias": "mc",
                  "Startup Cost": 0.0,
                  "Total Cost": 31414.82,
                  "Plan Rows": 165869,
                  "Plan Width": 0,
                  "Actual Startup Time": 41.004,
                  "Actual Total Time": 81.892,
                  "Actual Rows": 204574,
                  "Actual Loops": 4,
                  "Filter": "((company_id > 16708) AND (company_type_id > 1))",
                  "Rows Removed by Filter": 447708
                }
              ]
            }
          ]
        }
      ]
    },
    "Planning Time": 0.166,
    "Triggers": [],
    "Execution Time": 107.447
  }
]