{
  "Plan": {
    "Node Type": "Aggregate",
    "Strategy": "Plain",
    "Partial Mode": "Simple",
    "Parallel Aware": false,
    "Startup Cost": 2550125.64,
    "Total Cost": 2550125.65,
    "Plan Rows": 1,
    "Plan Width": 96,
    "Actual Startup Time": 25112.728,
    "Actual Total Time": 25131.58,
    "Actual Rows": 1,
    "Actual Loops": 1,
    "Plans": [
      {
        "Node Type": "Merge Join",
        "Parent Relationship": "Outer",
        "Parallel Aware": false,
        "Join Type": "Inner",
        "Startup Cost": 2550123.53,
        "Total Cost": 2550125.64,
        "Plan Rows": 1,
        "Plan Width": 48,
        "Actual Startup Time": 25112.71,
        "Actual Total Time": 25131.567,
        "Actual Rows": 12,
        "Actual Loops": 1,
        "Inner Unique": true,
        "Merge Cond": "(ci.person_id = n.id)",
        "Plans": [
          {
            "Node Type": "Sort",
            "Parent Relationship": "Outer",
            "Parallel Aware": false,
            "Startup Cost": 2462808.2,
            "Total Cost": 2462808.23,
            "Plan Rows": 14,
            "Plan Width": 37,
            "Actual Startup Time": 24823.631,
            "Actual Total Time": 24823.724,
            "Actual Rows": 47,
            "Actual Loops": 1,
            "Sort Key": [
              "ci.person_id"
            ],
            "Sort Method": "quicksort",
            "Sort Space Used": 55,
            "Sort Space Type": "Memory",
            "Plans": [
              {
                "Node Type": "Merge Join",
                "Parent Relationship": "Outer",
                "Parallel Aware": false,
                "Join Type": "Inner",
                "Startup Cost": 297351.69,
                "Total Cost": 2462807.93,
                "Plan Rows": 14,
                "Plan Width": 37,
                "Actual Startup Time": 14412.614,
                "Actual Total Time": 24823.508,
                "Actual Rows": 383,
                "Actual Loops": 1,
                "Inner Unique": false,
                "Merge Cond": "(t.id = ci.movie_id)",
                "Plans": [
                  {
                    "Node Type": "Merge Join",
                    "Parent Relationship": "Outer",
                    "Parallel Aware": false,
                    "Join Type": "Inner",
                    "Startup Cost": 297351.13,
                    "Total Cost": 297360.77,
                    "Plan Rows": 1,
                    "Plan Width": 41,
                    "Actual Startup Time": 1942.816,
                    "Actual Total Time": 1945.834,
                    "Actual Rows": 36,
                    "Actual Loops": 1,
                    "Inner Unique": true,
                    "Merge Cond": "(mk.movie_id = t.id)",
                    "Plans": [
                      {
                        "Node Type": "Sort",
                        "Parent Relationship": "Outer",
                        "Parallel Aware": false,
                        "Startup Cost": 241506.68,
                        "Total Cost": 241507.36,
                        "Plan Rows": 270,
                        "Plan Width": 20,
                        "Actual Startup Time": 1809.32,
                        "Actual Total Time": 1810.768,
                        "Actual Rows": 35360,
                        "Actual Loops": 1,
                        "Sort Key": [
                          "mk.movie_id"
                        ],
                        "Sort Method": "quicksort",
                        "Sort Space Used": 3278,
                        "Sort Space Type": "Memory",
                        "Plans": [
                          {
                            "Node Type": "Merge Join",
                            "Parent Relationship": "Outer",
                            "Parallel Aware": false,
                            "Join Type": "Inner",
                            "Startup Cost": 4474.73,
                            "Total Cost": 241495.78,
                            "Plan Rows": 270,
                            "Plan Width": 20,
                            "Actual Startup Time": 373.834,
                            "Actual Total Time": 1802.697,
                            "Actual Rows": 35548,
                            "Actual Loops": 1,
                            "Inner Unique": true,
                            "Merge Cond": "(mk.keyword_id = k.id)",
                            "Plans": [
                              {
                                "Node Type": "Index Scan",
                                "Parent Relationship": "Outer",
                                "Parallel Aware": false,
                                "Scan Direction": "Forward",
                                "Index Name": "keyword_id_movie_keyword",
                                "Relation Name": "movie_keyword",
                                "Alias": "mk",
                                "Startup Cost": 0.43,
                                "Total Cost": 226550.7,
                                "Plan Rows": 4523930,
                                "Plan Width": 8,
                                "Actual Startup Time": 0.021,
                                "Actual Total Time": 1580.101,
                                "Actual Rows": 2796931,
                                "Actual Loops": 1
                              },
                              {
                                "Node Type": "Sort",
                                "Parent Relationship": "Inner",
                                "Parallel Aware": false,
                                "Startup Cost": 3632.52,
                                "Total Cost": 3632.54,
                                "Plan Rows": 8,
                                "Plan Width": 20,
                                "Actual Startup Time": 43.102,
                                "Actual Total Time": 43.111,
                                "Actual Rows": 8,
                                "Actual Loops": 1,
                                "Sort Key": [
                                  "k.id"
                                ],
                                "Sort Method": "quicksort",
                                "Sort Space Used": 25,
                                "Sort Space Type": "Memory",
                                "Plans": [
                                  {
                                    "Node Type": "Seq Scan",
                                    "Parent Relationship": "Outer",
                                    "Parallel Aware": false,
                                    "Relation Name": "keyword",
                                    "Alias": "k",
                                    "Startup Cost": 0.0,
                                    "Total Cost": 3632.4,
                                    "Plan Rows": 8,
                                    "Plan Width": 20,
                                    "Actual Startup Time": 0.293,
                                    "Actual Total Time": 43.082,
                                    "Actual Rows": 8,
                                    "Actual Loops": 1,
                                    "Filter": "(keyword = ANY ('{superhero,sequel,second-part,marvel-comics,based-on-comic,tv-special,fight,violence}'::text[]))",
                                    "Rows Removed by Filter": 134162
                                  }
                                ]
                              }
                            ]
                          }
                        ]
                      },
                      {
                        "Node Type": "Sort",
                        "Parent Relationship": "Inner",
                        "Parallel Aware": false,
                        "Startup Cost": 55844.44,
                        "Total Cost": 55848.59,
                        "Plan Rows": 1658,
                        "Plan Width": 21,
                        "Actual Startup Time": 133.037,
                        "Actual Total Time": 133.18,
                        "Actual Rows": 438,
                        "Actual Loops": 1,
                        "Sort Key": [
                          "t.id"
                        ],
                        "Sort Method": "quicksort",
                        "Sort Space Used": 55,
                        "Sort Space Type": "Memory",
                        "Plans": [
                          {
                            "Node Type": "Gather",
                            "Parent Relationship": "Outer",
                            "Parallel Aware": false,
                            "Startup Cost": 1000.0,
                            "Total Cost": 55755.78,
                            "Plan Rows": 1658,
                            "Plan Width": 21,
                            "Actual Startup Time": 14.734,
                            "Actual Total Time": 132.987,
                            "Actual Rows": 438,
                            "Actual Loops": 1,
                            "Workers Planned": 1,
                            "Workers Launched": 1,
                            "Single Copy": false,
                            "Plans": [
                              {
                                "Node Type": "Seq Scan",
                                "Parent Relationship": "Outer",
                                "Parallel Aware": true,
                                "Relation Name": "title",
                                "Alias": "t",
                                "Startup Cost": 0.0,
                                "Total Cost": 54589.98,
                                "Plan Rows": 975,
                                "Plan Width": 21,
                                "Actual Startup Time": 45.213,
                                "Actual Total Time": 127.144,
                                "Actual Rows": 219,
                                "Actual Loops": 2,
                                "Filter": "(production_year > 2014)",
                                "Rows Removed by Filter": 1263937
                              }
                            ]
                          }
                        ]
                      }
                    ]
                  },
                  {
                    "Node Type": "Index Scan",
                    "Parent Relationship": "Inner",
                    "Parallel Aware": false,
                    "Scan Direction": "Forward",
                    "Index Name": "movie_id_cast_info",
                    "Relation Name": "cast_info",
                    "Alias": "ci",
                    "Startup Cost": 0.56,
                    "Total Cost": 2074802.47,
                    "Plan Rows": 36257824,
                    "Plan Width": 8,
                    "Actual Startup Time": 0.024,
                    "Actual Total Time": 20729.668,
                    "Actual Rows": 33918139,
                    "Actual Loops": 1
                  }
                ]
              }
            ]
          },
          {
            "Node Type": "Sort",
            "Parent Relationship": "Inner",
            "Parallel Aware": false,
            "Startup Cost": 87315.33,
            "Total Cost": 87316.37,
            "Plan Rows": 417,
            "Plan Width": 19,
            "Actual Startup Time": 289.061,
            "Actual Total Time": 307.827,
            "Actual Rows": 2,
            "Actual Loops": 1,
            "Sort Key": [
              "n.id"
            ],
            "Sort Method": "quicksort",
            "Sort Space Used": 25,
            "Sort Space Type": "Memory",
            "Plans": [
              {
                "Node Type": "Gather",
                "Parent Relationship": "Outer",
                "Parallel Aware": false,
                "Startup Cost": 1000.0,
                "Total Cost": 87297.18,
                "Plan Rows": 417,
                "Plan Width": 19,
                "Actual Startup Time": 37.016,
                "Actual Total Time": 307.809,
                "Actual Rows": 2,
                "Actual Loops": 1,
                "Workers Planned": 1,
                "Workers Launched": 1,
                "Single Copy": false,
                "Plans": [
                  {
                    "Node Type": "Seq Scan",
                    "Parent Relationship": "Outer",
                    "Parallel Aware": true,
                    "Relation Name": "name",
                    "Alias": "n",
                    "Startup Cost": 0.0,
                    "Total Cost": 86255.48,
                    "Plan Rows": 245,
                    "Plan Width": 19,
                    "Actual Startup Time": 31.373,
                    "Actual Total Time": 283.254,
                    "Actual Rows": 1,
                    "Actual Loops": 2,
                    "Filter": "(name ~~ '%Downey%Robert%'::text)",
                    "Rows Removed by Filter": 2083744
                  }
                ]
              }
            ]
          }
        ]
      }
    ]
  },
  "Planning Time": 1.927,
  "Triggers": [],
  "Execution Time": 25131.714
}