[
    {
        "Bao": {
            "Bao prediction": 625.328,
            "Bao recommended hint": "(no hint)"
        }
    },
    {
        "Plan": {
            "Node Type": "Aggregate",
            "Strategy": "Plain",
            "Partial Mode": "Simple",
            "Parallel Aware": false,
            "Startup Cost": 22920.53,
            "Total Cost": 22920.54,
            "Plan Rows": 1,
            "Plan Width": 8,
            "Actual Startup Time": 52.747,
            "Actual Total Time": 52.749,
            "Actual Rows": 1,
            "Actual Loops": 1,
            "Output": [
                "count(*)"
            ],
            "Plans": [
                {
                    "Node Type": "Bitmap Heap Scan",
                    "Parent Relationship": "Outer",
                    "Parallel Aware": false,
                    "Relation Name": "movie_companies",
                    "Schema": "public",
                    "Alias": "mc",
                    "Startup Cost": 2441.24,
                    "Total Cost": 22638.99,
                    "Plan Rows": 112620,
                    "Plan Width": 0,
                    "Actual Startup Time": 17.042,
                    "Actual Total Time": 44.355,
                    "Actual Rows": 115096,
                    "Actual Loops": 1,
                    "Recheck Cond": "(mc.company_id > 149038)",
                    "Rows Removed by Index Recheck": 0,
                    "Exact Heap Blocks": 3417,
                    "Lossy Heap Blocks": 0,
                    "Plans": [
                        {
                            "Node Type": "Bitmap Index Scan",
                            "Parent Relationship": "Outer",
                            "Parallel Aware": false,
                            "Index Name": "company_id_movie_companies",
                            "Startup Cost": 0.0,
                            "Total Cost": 2413.08,
                            "Plan Rows": 112620,
                            "Plan Width": 0,
                            "Actual Startup Time": 16.016,
                            "Actual Total Time": 16.016,
                            "Actual Rows": 115096,
                            "Actual Loops": 1,
                            "Index Cond": "(mc.company_id > 149038)"
                        }
                    ]
                }
            ]
        },
        "Planning Time": 1264.597,
        "Triggers": [],
        "Execution Time": 52.856
    }
]