[
  {
    "Plan": {
      "Node Type": "Aggregate",
      "Strategy": "Plain",
      "Partial Mode": "Simple",
      "Parallel Aware": false,
      "Startup Cost": 10316.77,
      "Total Cost": 10316.78,
      "Plan Rows": 1,
      "Plan Width": 8,
      "Actual Startup Time": 7.268,
      "Actual Total Time": 7.27,
      "Actual Rows": 1,
      "Actual Loops": 1,
      "Plans": [
        {
          "Node Type": "Index Scan",
          "Parent Relationship": "Outer",
          "Parallel Aware": false,
          "Scan Direction": "Forward",
          "Index Name": "company_id_movie_companies",
          "Relation Name": "movie_companies",
          "Alias": "mc",
          "Startup Cost": 0.43,
          "Total Cost": 10311.46,
          "Plan Rows": 2126,
          "Plan Width": 0,
          "Actual Startup Time": 0.069,
          "Actual Total Time": 6.842,
          "Actual Rows": 2290,
          "Actual Loops": 1,
          "Index Cond": "(company_id = 69)",
          "Rows Removed by Index Recheck": 0,
          "Filter": "(company_type_id = 1)",
          "Rows Removed by Filter": 1989
        }
      ]
    },
    "Planning Time": 0.227,
    "Triggers": [],
    "Execution Time": 7.333
  }
]