[
  {
    "Plan": {
      "Node Type": "Aggregate",
      "Strategy": "Plain",
      "Partial Mode": "Finalize",
      "Parallel Aware": false,
      "Startup Cost": 109836.22,
      "Total Cost": 109836.23,
      "Plan Rows": 1,
      "Plan Width": 8,
      "Actual Startup Time": 814.522,
      "Actual Total Time": 836.019,
      "Actual Rows": 1,
      "Actual Loops": 1,
      "Plans": [
        {
          "Node Type": "Gather",
          "Parent Relationship": "Outer",
          "Parallel Aware": false,
          "Startup Cost": 109836.0,
          "Total Cost": 109836.21,
          "Plan Rows": 2,
          "Plan Width": 8,
          "Actual Startup Time": 803.9,
          "Actual Total Time": 836.009,
          "Actual Rows": 3,
          "Actual Loops": 1,
          "Workers Planned": 2,
          "Workers Launched": 2,
          "Single Copy": false,
          "Plans": [
            {
              "Node Type": "Aggregate",
              "Strategy": "Plain",
              "Partial Mode": "Partial",
              "Parent Relationship": "Outer",
              "Parallel Aware": false,
              "Startup Cost": 108836.0,
              "Total Cost": 108836.01,
              "Plan Rows": 1,
              "Plan Width": 8,
              "Actual Startup Time": 795.742,
              "Actual Total Time": 795.937,
              "Actual Rows": 1,
              "Actual Loops": 3,
              "Plans": [
                {
                  "Node Type": "Hash Join",
                  "Parent Relationship": "Outer",
                  "Parallel Aware": true,
                  "Join Type": "Inner",
                  "Startup Cost": 92235.36,
                  "Total Cost": 108504.53,
                  "Plan Rows": 132590,
                  "Plan Width": 0,
                  "Actual Startup Time": 662.465,
                  "Actual Total Time": 778.086,
                  "Actual Rows": 447215,
                  "Actual Loops": 3,
                  "Inner Unique": false,
                  "Hash Cond": "(mi_idx.movie_id = t.id)",
                  "Plans": [
                    {
                      "Node Type": "Seq Scan",
                      "Parent Relationship": "Outer",
                      "Parallel Aware": true,
                      "Relation Name": "movie_info_idx",
                      "Alias": "mi_idx",
                      "Startup Cost": 0.0,
                      "Total Cost": 13685.15,
                      "Plan Rows": 575015,
                      "Plan Width": 4,
                      "Actual Startup Time": 0.031,
                      "Actual Total Time": 36.162,
                      "Actual Rows": 460012,
                      "Actual Loops": 3
                    },
                    {
                      "Node Type": "Hash",
                      "Parent Relationship": "Inner",
                      "Parallel Aware": true,
                      "Startup Cost": 89884.61,
                      "Total Cost": 89884.61,
                      "Plan Rows": 188060,
                      "Plan Width": 8,
                      "Actual Startup Time": 647.562,
                      "Actual Total Time": 647.755,
                      "Actual Rows": 190994,
                      "Actual Loops": 3,
                      "Hash Buckets": 1048576,
                      "Original Hash Buckets": 1048576,
                      "Hash Batches": 1,
                      "Original Hash Batches": 1,
                      "Peak Memory Usage": 30656,
                      "Plans": [
                        {
                          "Node Type": "Hash Join",
                          "Parent Relationship": "Outer",
                          "Parallel Aware": true,
                          "Join Type": "Inner",
                          "Startup Cost": 62586.21,
                          "Total Cost": 89884.61,
                          "Plan Rows": 188060,
                          "Plan Width": 8,
                          "Actual Startup Time": 474.501,
                          "Actual Total Time": 597.645,
                          "Actual Rows": 190994,
                          "Actual Loops": 3,
                          "Inner Unique": true,
                          "Hash Cond": "(mk.movie_id = t.id)",
                          "Plans": [
                            {
                              "Node Type": "Bitmap Heap Scan",
                              "Parent Relationship": "Outer",
                              "Parallel Aware": true,
                              "Relation Name": "movie_keyword",
                              "Alias": "mk",
                              "Startup Cost": 12366.57,
                              "Total Cost": 39171.31,
                              "Plan Rows": 188060,
                              "Plan Width": 4,
                              "Actual Startup Time": 36.749,
                              "Actual Total Time": 100.29,
                              "Actual Rows": 190994,
                              "Actual Loops": 3,
                              "Recheck Cond": "(keyword_id > 32082)",
                              "Rows Removed by Index Recheck": 0,
                              "Exact Heap Blocks": 8210,
                              "Lossy Heap Blocks": 0,
                              "Plans": [
                                {
                                  "Node Type": "Bitmap Index Scan",
                                  "Parent Relationship": "Outer",
                                  "Parallel Aware": false,
                                  "Index Name": "keyword_id_movie_keyword",
                                  "Startup Cost": 0.0,
                                  "Total Cost": 12220.82,
                                  "Plan Rows": 582985,
                                  "Plan Width": 0,
                                  "Actual Startup Time": 33.241,
                                  "Actual Total Time": 33.241,
                                  "Actual Rows": 572983,
                                  "Actual Loops": 1,
                                  "Index Cond": "(keyword_id > 32082)"
                                }
                              ]
                            },
                            {
                              "Node Type": "Hash",
                              "Parent Relationship": "Inner",
                              "Parallel Aware": true,
                              "Startup Cost": 42318.73,
                              "Total Cost": 42318.73,
                              "Plan Rows": 632073,
                              "Plan Width": 4,
                              "Actual Startup Time": 426.805,
                              "Actual Total Time": 426.806,
                              "Actual Rows": 842771,
                              "Actual Loops": 3,
                              "Hash Buckets": 4194304,
                              "Original Hash Buckets": 4194304,
                              "Hash Batches": 1,
                              "Original Hash Batches": 1,
                              "Peak Memory Usage": 131712,
                              "Plans": [
                                {
                                  "Node Type": "Seq Scan",
                                  "Parent Relationship": "Outer",
                                  "Parallel Aware": true,
                                  "Relation Name": "title",
                                  "Alias": "t",
                                  "Startup Cost": 0.0,
                                  "Total Cost": 42318.73,
                                  "Plan Rows": 632073,
                                  "Plan Width": 4,
                                  "Actual Startup Time": 0.04,
                                  "Actual Total Time": 118.329,
                                  "Actual Rows": 842771,
                                  "Actual Loops": 3
                                }
                              ]
                            }
                          ]
                        }
                      ]
                    }
                  ]
                }
              ]
            }
          ]
        }
      ]
    },
    "Planning Time": 1.393,
    "Triggers": [],
    "Execution Time": 836.124
  }
]