[
  {
    "Plan": {
      "Node Type": "Aggregate",
      "Strategy": "Plain",
      "Partial Mode": "Finalize",
      "Parallel Aware": false,
      "Startup Cost": 352746.52,
      "Total Cost": 352746.53,
      "Plan Rows": 1,
      "Plan Width": 8,
      "Actual Startup Time": 423.435,
      "Actual Total Time": 440.353,
      "Actual Rows": 1,
      "Actual Loops": 1,
      "Plans": [
        {
          "Node Type": "Gather",
          "Parent Relationship": "Outer",
          "Parallel Aware": false,
          "Startup Cost": 352745.89,
          "Total Cost": 352746.5,
          "Plan Rows": 6,
          "Plan Width": 8,
          "Actual Startup Time": 412.44,
          "Actual Total Time": 440.33,
          "Actual Rows": 7,
          "Actual Loops": 1,
          "Workers Planned": 6,
          "Workers Launched": 6,
          "Single Copy": false,
          "Plans": [
            {
              "Node Type": "Aggregate",
              "Strategy": "Plain",
              "Partial Mode": "Partial",
              "Parent Relationship": "Outer",
              "Parallel Aware": false,
              "Startup Cost": 351745.89,
              "Total Cost": 351745.9,
              "Plan Rows": 1,
              "Plan Width": 8,
              "Actual Startup Time": 401.048,
              "Actual Total Time": 401.051,
              "Actual Rows": 1,
              "Actual Loops": 7,
              "Plans": [
                {
                  "Node Type": "Hash Join",
                  "Parent Relationship": "Outer",
                  "Parallel Aware": true,
                  "Join Type": "Inner",
                  "Startup Cost": 93417.57,
                  "Total Cost": 351402.5,
                  "Plan Rows": 137355,
                  "Plan Width": 0,
                  "Actual Startup Time": 232.282,
                  "Actual Total Time": 394.341,
                  "Actual Rows": 126184,
                  "Actual Loops": 7,
                  "Inner Unique": true,
                  "Hash Cond": "(ci.movie_id = t.id)",
                  "Plans": [
                    {
                      "Node Type": "Bitmap Heap Scan",
                      "Parent Relationship": "Outer",
                      "Parallel Aware": true,
                      "Relation Name": "cast_info",
                      "Alias": "ci",
                      "Startup Cost": 46420.44,
                      "Total Cost": 303485.9,
                      "Plan Rows": 350277,
                      "Plan Width": 4,
                      "Actual Startup Time": 89.875,
                      "Actual Total Time": 148.68,
                      "Actual Rows": 300462,
                      "Actual Loops": 7,
                      "Recheck Cond": "(person_id < 206114)",
                      "Rows Removed by Index Recheck": 0,
                      "Exact Heap Blocks": 3694,
                      "Lossy Heap Blocks": 0,
                      "Plans": [
                        {
                          "Node Type": "Bitmap Index Scan",
                          "Parent Relationship": "Outer",
                          "Parallel Aware": false,
                          "Index Name": "person_id_cast_info",
                          "Startup Cost": 0.0,
                          "Total Cost": 45895.02,
                          "Plan Rows": 2101661,
                          "Plan Width": 0,
                          "Actual Startup Time": 86.131,
                          "Actual Total Time": 86.132,
                          "Actual Rows": 2103237,
                          "Actual Loops": 1,
                          "Index Cond": "(person_id < 206114)"
                        }
                      ]
                    },
                    {
                      "Node Type": "Hash",
                      "Parent Relationship": "Inner",
                      "Parallel Aware": true,
                      "Startup Cost": 43898.92,
                      "Total Cost": 43898.92,
                      "Plan Rows": 247857,
                      "Plan Width": 4,
                      "Actual Startup Time": 139.044,
                      "Actual Total Time": 139.045,
                      "Actual Rows": 140721,
                      "Actual Loops": 7,
                      "Hash Buckets": 1048576,
                      "Original Hash Buckets": 1048576,
                      "Hash Batches": 1,
                      "Original Hash Batches": 1,
                      "Peak Memory Usage": 46848,
                      "Plans": [
                        {
                          "Node Type": "Seq Scan",
                          "Parent Relationship": "Outer",
                          "Parallel Aware": true,
                          "Relation Name": "title",
                          "Alias": "t",
                          "Startup Cost": 0.0,
                          "Total Cost": 43898.92,
                          "Plan Rows": 247857,
                          "Plan Width": 4,
                          "Actual Startup Time": 0.039,
                          "Actual Total Time": 79.85,
                          "Actual Rows": 140721,
                          "Actual Loops": 7,
                          "Filter": "(kind_id < 7)",
                          "Rows Removed by Filter": 220466
                        }
                      ]
                    }
                  ]
                }
              ]
            }
          ]
        }
      ]
    },
    "Planning Time": 0.549,
    "Triggers": [],
    "Execution Time": 440.446
  }
]