[
  {
    "Plan": {
      "Node Type": "Aggregate",
      "Strategy": "Plain",
      "Partial Mode": "Finalize",
      "Parallel Aware": false,
      "Startup Cost": 61934.57,
      "Total Cost": 61934.58,
      "Plan Rows": 1,
      "Plan Width": 8,
      "Actual Startup Time": 232.994,
      "Actual Total Time": 246.87,
      "Actual Rows": 1,
      "Actual Loops": 1,
      "Plans": [
        {
          "Node Type": "Gather",
          "Parent Relationship": "Outer",
          "Parallel Aware": false,
          "Startup Cost": 61934.35,
          "Total Cost": 61934.56,
          "Plan Rows": 2,
          "Plan Width": 8,
          "Actual Startup Time": 232.145,
          "Actual Total Time": 246.856,
          "Actual Rows": 3,
          "Actual Loops": 1,
          "Workers Planned": 2,
          "Workers Launched": 2,
          "Single Copy": false,
          "Plans": [
            {
              "Node Type": "Aggregate",
              "Strategy": "Plain",
              "Partial Mode": "Partial",
              "Parent Relationship": "Outer",
              "Parallel Aware": false,
              "Startup Cost": 60934.35,
              "Total Cost": 60934.36,
              "Plan Rows": 1,
              "Plan Width": 8,
              "Actual Startup Time": 224.583,
              "Actual Total Time": 224.753,
              "Actual Rows": 1,
              "Actual Loops": 3,
              "Plans": [
                {
                  "Node Type": "Hash Join",
                  "Parent Relationship": "Outer",
                  "Parallel Aware": true,
                  "Join Type": "Inner",
                  "Startup Cost": 45699.66,
                  "Total Cost": 60894.22,
                  "Plan Rows": 16052,
                  "Plan Width": 0,
                  "Actual Startup Time": 135.796,
                  "Actual Total Time": 223.338,
                  "Actual Rows": 32174,
                  "Actual Loops": 3,
                  "Inner Unique": true,
                  "Hash Cond": "(mi_idx.movie_id = t.id)",
                  "Plans": [
                    {
                      "Node Type": "Seq Scan",
                      "Parent Relationship": "Outer",
                      "Parallel Aware": true,
                      "Relation Name": "movie_info_idx",
                      "Alias": "mi_idx",
                      "Startup Cost": 0.0,
                      "Total Cost": 13685.15,
                      "Plan Rows": 575015,
                      "Plan Width": 4,
                      "Actual Startup Time": 0.022,
                      "Actual Total Time": 35.568,
                      "Actual Rows": 460012,
                      "Actual Loops": 3
                    },
                    {
                      "Node Type": "Hash",
                      "Parent Relationship": "Inner",
                      "Parallel Aware": true,
                      "Startup Cost": 45479.1,
                      "Total Cost": 45479.1,
                      "Plan Rows": 17645,
                      "Plan Width": 4,
                      "Actual Startup Time": 132.936,
                      "Actual Total Time": 132.937,
                      "Actual Rows": 57965,
                      "Actual Loops": 3,
                      "Hash Buckets": 262144,
                      "Original Hash Buckets": 131072,
                      "Hash Batches": 1,
                      "Original Hash Batches": 1,
                      "Peak Memory Usage": 9920,
                      "Plans": [
                        {
                          "Node Type": "Seq Scan",
                          "Parent Relationship": "Outer",
                          "Parallel Aware": true,
                          "Relation Name": "title",
                          "Alias": "t",
                          "Startup Cost": 0.0,
                          "Total Cost": 45479.1,
                          "Plan Rows": 17645,
                          "Plan Width": 4,
                          "Actual Startup Time": 0.878,
                          "Actual Total Time": 113.052,
                          "Actual Rows": 57965,
                          "Actual Loops": 3,
                          "Filter": "((kind_id < 7) AND (production_year < 1954))",
                          "Rows Removed by Filter": 784806
                        }
                      ]
                    }
                  ]
                }
              ]
            }
          ]
        }
      ]
    },
    "Planning Time": 0.534,
    "Triggers": [],
    "Execution Time": 246.945
  }
]