[
  {
    "Plan": {
      "Node Type": "Aggregate",
      "Strategy": "Plain",
      "Partial Mode": "Finalize",
      "Parallel Aware": false,
      "Startup Cost": 246414.3,
      "Total Cost": 246414.31,
      "Plan Rows": 1,
      "Plan Width": 8,
      "Actual Startup Time": 792.307,
      "Actual Total Time": 840.491,
      "Actual Rows": 1,
      "Actual Loops": 1,
      "Plans": [
        {
          "Node Type": "Gather",
          "Parent Relationship": "Outer",
          "Parallel Aware": false,
          "Startup Cost": 246413.78,
          "Total Cost": 246414.29,
          "Plan Rows": 5,
          "Plan Width": 8,
          "Actual Startup Time": 790.942,
          "Actual Total Time": 840.481,
          "Actual Rows": 6,
          "Actual Loops": 1,
          "Workers Planned": 5,
          "Workers Launched": 5,
          "Single Copy": false,
          "Plans": [
            {
              "Node Type": "Aggregate",
              "Strategy": "Plain",
              "Partial Mode": "Partial",
              "Parent Relationship": "Outer",
              "Parallel Aware": false,
              "Startup Cost": 245413.78,
              "Total Cost": 245413.79,
              "Plan Rows": 1,
              "Plan Width": 8,
              "Actual Startup Time": 780.644,
              "Actual Total Time": 780.687,
              "Actual Rows": 1,
              "Actual Loops": 6,
              "Plans": [
                {
                  "Node Type": "Hash Join",
                  "Parent Relationship": "Outer",
                  "Parallel Aware": true,
                  "Join Type": "Inner",
                  "Startup Cost": 45714.07,
                  "Total Cost": 245193.48,
                  "Plan Rows": 88119,
                  "Plan Width": 0,
                  "Actual Startup Time": 101.03,
                  "Actual Total Time": 763.015,
                  "Actual Rows": 358055,
                  "Actual Loops": 6,
                  "Inner Unique": true,
                  "Hash Cond": "(mi.movie_id = t.id)",
                  "Plans": [
                    {
                      "Node Type": "Seq Scan",
                      "Parent Relationship": "Outer",
                      "Parallel Aware": true,
                      "Relation Name": "movie_info",
                      "Alias": "mi",
                      "Startup Cost": 0.0,
                      "Total Cost": 191685.19,
                      "Plan Rows": 2969219,
                      "Plan Width": 4,
                      "Actual Startup Time": 0.028,
                      "Actual Total Time": 308.953,
                      "Actual Rows": 2472620,
                      "Actual Loops": 6
                    },
                    {
                      "Node Type": "Hash",
                      "Parent Relationship": "Inner",
                      "Parallel Aware": true,
                      "Startup Cost": 45479.59,
                      "Total Cost": 45479.59,
                      "Plan Rows": 18759,
                      "Plan Width": 4,
                      "Actual Startup Time": 98.433,
                      "Actual Total Time": 98.434,
                      "Actual Rows": 30065,
                      "Actual Loops": 6,
                      "Hash Buckets": 262144,
                      "Original Hash Buckets": 131072,
                      "Hash Batches": 1,
                      "Original Hash Batches": 1,
                      "Peak Memory Usage": 10240,
                      "Plans": [
                        {
                          "Node Type": "Seq Scan",
                          "Parent Relationship": "Outer",
                          "Parallel Aware": true,
                          "Relation Name": "title",
                          "Alias": "t",
                          "Startup Cost": 0.0,
                          "Total Cost": 45479.59,
                          "Plan Rows": 18759,
                          "Plan Width": 4,
                          "Actual Startup Time": 0.779,
                          "Actual Total Time": 83.503,
                          "Actual Rows": 30065,
                          "Actual Loops": 6,
                          "Filter": "((kind_id < 7) AND (production_year < 1956))",
                          "Rows Removed by Filter": 391320
                        }
                      ]
                    }
                  ]
                }
              ]
            }
          ]
        }
      ]
    },
    "Planning Time": 0.625,
    "Triggers": [],
    "Execution Time": 840.569
  }
]