[
  {
    "Plan": {
      "Node Type": "Aggregate",
      "Strategy": "Plain",
      "Partial Mode": "Finalize",
      "Parallel Aware": false,
      "Startup Cost": 30727.22,
      "Total Cost": 30727.23,
      "Plan Rows": 1,
      "Plan Width": 8,
      "Actual Startup Time": 78.844,
      "Actual Total Time": 84.884,
      "Actual Rows": 1,
      "Actual Loops": 1,
      "Plans": [
        {
          "Node Type": "Gather",
          "Parent Relationship": "Outer",
          "Parallel Aware": false,
          "Startup Cost": 30726.9,
          "Total Cost": 30727.21,
          "Plan Rows": 3,
          "Plan Width": 8,
          "Actual Startup Time": 78.597,
          "Actual Total Time": 84.875,
          "Actual Rows": 4,
          "Actual Loops": 1,
          "Workers Planned": 3,
          "Workers Launched": 3,
          "Single Copy": false,
          "Plans": [
            {
              "Node Type": "Aggregate",
              "Strategy": "Plain",
              "Partial Mode": "Partial",
              "Parent Relationship": "Outer",
              "Parallel Aware": false,
              "Startup Cost": 29726.9,
              "Total Cost": 29726.91,
              "Plan Rows": 1,
              "Plan Width": 8,
              "Actual Startup Time": 75.066,
              "Actual Total Time": 75.067,
              "Actual Rows": 1,
              "Actual Loops": 4,
              "Plans": [
                {
                  "Node Type": "Seq Scan",
                  "Parent Relationship": "Outer",
                  "Parallel Aware": true,
                  "Relation Name": "movie_companies",
                  "Alias": "mc",
                  "Startup Cost": 0.0,
                  "Total Cost": 29310.68,
                  "Plan Rows": 166489,
                  "Plan Width": 0,
                  "Actual Startup Time": 0.012,
                  "Actual Total Time": 67.939,
                  "Actual Rows": 127325,
                  "Actual Loops": 4,
                  "Filter": "(company_id < 466)",
                  "Rows Removed by Filter": 524957
                }
              ]
            }
          ]
        }
      ]
    },
    "Planning Time": 0.109,
    "Triggers": [],
    "Execution Time": 84.924
  }
]