{
  "Plan": {
    "Node Type": "Aggregate",
    "Strategy": "Plain",
    "Partial Mode": "Finalize",
    "Parallel Aware": false,
    "Startup Cost": 120381.57,
    "Total Cost": 120381.58,
    "Plan Rows": 1,
    "Plan Width": 8,
    "Actual Startup Time": 469.001,
    "Actual Total Time": 485.783,
    "Actual Rows": 1,
    "Actual Loops": 1,
    "Plans": [
      {
        "Node Type": "Gather",
        "Parent Relationship": "Outer",
        "Parallel Aware": false,
        "Startup Cost": 120381.46,
        "Total Cost": 120381.57,
        "Plan Rows": 1,
        "Plan Width": 8,
        "Actual Startup Time": 468.572,
        "Actual Total Time": 485.774,
        "Actual Rows": 2,
        "Actual Loops": 1,
        "Workers Planned": 1,
        "Workers Launched": 1,
        "Single Copy": false,
        "Plans": [
          {
            "Node Type": "Aggregate",
            "Strategy": "Plain",
            "Partial Mode": "Partial",
            "Parent Relationship": "Outer",
            "Parallel Aware": false,
            "Startup Cost": 119381.46,
            "Total Cost": 119381.47,
            "Plan Rows": 1,
            "Plan Width": 8,
            "Actual Startup Time": 463.017,
            "Actual Total Time": 463.021,
            "Actual Rows": 1,
            "Actual Loops": 2,
            "Plans": [
              {
                "Node Type": "Hash Join",
                "Parent Relationship": "Outer",
                "Parallel Aware": true,
                "Join Type": "Inner",
                "Startup Cost": 55094.65,
                "Total Cost": 119215.4,
                "Plan Rows": 66422,
                "Plan Width": 0,
                "Actual Startup Time": 146.545,
                "Actual Total Time": 462.143,
                "Actual Rows": 19802,
                "Actual Loops": 2,
                "Inner Unique": true,
                "Hash Cond": "(mk.movie_id = t.id)",
                "Plans": [
                  {
                    "Node Type": "Seq Scan",
                    "Parent Relationship": "Outer",
                    "Parallel Aware": true,
                    "Relation Name": "movie_keyword",
                    "Alias": "mk",
                    "Startup Cost": 0.0,
                    "Total Cost": 57718.19,
                    "Plan Rows": 2439066,
                    "Plan Width": 4,
                    "Actual Startup Time": 0.014,
                    "Actual Total Time": 193.301,
                    "Actual Rows": 2081310,
                    "Actual Loops": 2,
                    "Filter": "(keyword_id < 46165)",
                    "Rows Removed by Filter": 180655
                  },
                  {
                    "Node Type": "Hash",
                    "Parent Relationship": "Inner",
                    "Parallel Aware": true,
                    "Startup Cost": 54588.39,
                    "Total Cost": 54588.39,
                    "Plan Rows": 40501,
                    "Plan Width": 4,
                    "Actual Startup Time": 143.927,
                    "Actual Total Time": 143.928,
                    "Actual Rows": 33671,
                    "Actual Loops": 2,
                    "Hash Buckets": 131072,
                    "Original Hash Buckets": 131072,
                    "Hash Batches": 1,
                    "Original Hash Batches": 1,
                    "Peak Memory Usage": 3680,
                    "Plans": [
                      {
                        "Node Type": "Seq Scan",
                        "Parent Relationship": "Outer",
                        "Parallel Aware": true,
                        "Relation Name": "title",
                        "Alias": "t",
                        "Startup Cost": 0.0,
                        "Total Cost": 54588.39,
                        "Plan Rows": 40501,
                        "Plan Width": 4,
                        "Actual Startup Time": 0.058,
                        "Actual Total Time": 133.474,
                        "Actual Rows": 33671,
                        "Actual Loops": 2,
                        "Filter": "(production_year > 2012)",
                        "Rows Removed by Filter": 1230485
                      }
                    ]
                  }
                ]
              }
            ]
          }
        ]
      }
    ]
  },
  "Planning Time": 0.443,
  "Triggers": [],
  "Execution Time": 485.854
}