[
  {
    "Plan": {
      "Node Type": "Aggregate",
      "Strategy": "Plain",
      "Partial Mode": "Finalize",
      "Parallel Aware": false,
      "Startup Cost": 45395.0,
      "Total Cost": 45395.01,
      "Plan Rows": 1,
      "Plan Width": 8,
      "Actual Startup Time": 147.714,
      "Actual Total Time": 155.478,
      "Actual Rows": 1,
      "Actual Loops": 1,
      "Plans": [
        {
          "Node Type": "Gather",
          "Parent Relationship": "Outer",
          "Parallel Aware": false,
          "Startup Cost": 45394.69,
          "Total Cost": 45395.0,
          "Plan Rows": 3,
          "Plan Width": 8,
          "Actual Startup Time": 147.596,
          "Actual Total Time": 155.47,
          "Actual Rows": 4,
          "Actual Loops": 1,
          "Workers Planned": 3,
          "Workers Launched": 3,
          "Single Copy": false,
          "Plans": [
            {
              "Node Type": "Aggregate",
              "Strategy": "Plain",
              "Partial Mode": "Partial",
              "Parent Relationship": "Outer",
              "Parallel Aware": false,
              "Startup Cost": 44394.69,
              "Total Cost": 44394.7,
              "Plan Rows": 1,
              "Plan Width": 8,
              "Actual Startup Time": 141.815,
              "Actual Total Time": 141.816,
              "Actual Rows": 1,
              "Actual Loops": 4,
              "Plans": [
                {
                  "Node Type": "Seq Scan",
                  "Parent Relationship": "Outer",
                  "Parallel Aware": true,
                  "Relation Name": "movie_keyword",
                  "Alias": "mk",
                  "Startup Cost": 0.0,
                  "Total Cost": 42695.65,
                  "Plan Rows": 679613,
                  "Plan Width": 0,
                  "Actual Startup Time": 0.516,
                  "Actual Total Time": 115.171,
                  "Actual Rows": 522796,
                  "Actual Loops": 4,
                  "Filter": "(keyword_id > 5766)",
                  "Rows Removed by Filter": 608186
                }
              ]
            }
          ]
        }
      ]
    },
    "Planning Time": 0.091,
    "Triggers": [],
    "Execution Time": 155.511
  }
]