[
  {
    "Plan": {
      "Node Type": "Aggregate",
      "Strategy": "Plain",
      "Partial Mode": "Finalize",
      "Parallel Aware": false,
      "Startup Cost": 47166.07,
      "Total Cost": 47166.08,
      "Plan Rows": 1,
      "Plan Width": 8,
      "Actual Startup Time": 172.618,
      "Actual Total Time": 182.361,
      "Actual Rows": 1,
      "Actual Loops": 1,
      "Plans": [
        {
          "Node Type": "Gather",
          "Parent Relationship": "Outer",
          "Parallel Aware": false,
          "Startup Cost": 47165.75,
          "Total Cost": 47166.06,
          "Plan Rows": 3,
          "Plan Width": 8,
          "Actual Startup Time": 172.476,
          "Actual Total Time": 182.351,
          "Actual Rows": 4,
          "Actual Loops": 1,
          "Workers Planned": 3,
          "Workers Launched": 3,
          "Single Copy": false,
          "Plans": [
            {
              "Node Type": "Aggregate",
              "Strategy": "Plain",
              "Partial Mode": "Partial",
              "Parent Relationship": "Outer",
              "Parallel Aware": false,
              "Startup Cost": 46165.75,
              "Total Cost": 46165.76,
              "Plan Rows": 1,
              "Plan Width": 8,
              "Actual Startup Time": 166.841,
              "Actual Total Time": 166.842,
              "Actual Rows": 1,
              "Actual Loops": 4,
              "Plans": [
                {
                  "Node Type": "Seq Scan",
                  "Parent Relationship": "Outer",
                  "Parallel Aware": true,
                  "Relation Name": "movie_keyword",
                  "Alias": "mk",
                  "Startup Cost": 0.0,
                  "Total Cost": 42695.65,
                  "Plan Rows": 1388039,
                  "Plan Width": 0,
                  "Actual Startup Time": 0.053,
                  "Actual Total Time": 121.864,
                  "Actual Rows": 1077827,
                  "Actual Loops": 4,
                  "Filter": "(keyword_id < 66108)",
                  "Rows Removed by Filter": 53156
                }
              ]
            }
          ]
        }
      ]
    },
    "Planning Time": 0.191,
    "Triggers": [],
    "Execution Time": 182.418
  }
]