[
    {
        "Bao": {
            "Bao prediction": "NaN",
            "Bao recommended hint": "(no hint)"
        }
    },
    {
        "Plan": {
            "Node Type": "Aggregate",
            "Strategy": "Plain",
            "Partial Mode": "Finalize",
            "Parallel Aware": false,
            "Startup Cost": 114737.67,
            "Total Cost": 114737.68,
            "Plan Rows": 1,
            "Plan Width": 8,
            "Actual Startup Time": 678.577,
            "Actual Total Time": 690.928,
            "Actual Rows": 1,
            "Actual Loops": 1,
            "Output": [
                "count(*)"
            ],
            "Plans": [
                {
                    "Node Type": "Gather",
                    "Parent Relationship": "Outer",
                    "Parallel Aware": false,
                    "Startup Cost": 114737.35,
                    "Total Cost": 114737.66,
                    "Plan Rows": 3,
                    "Plan Width": 8,
                    "Actual Startup Time": 672.164,
                    "Actual Total Time": 690.92,
                    "Actual Rows": 4,
                    "Actual Loops": 1,
                    "Output": [
                        "(PARTIAL count(*))"
                    ],
                    "Workers Planned": 3,
                    "Workers Launched": 3,
                    "Single Copy": false,
                    "Plans": [
                        {
                            "Node Type": "Aggregate",
                            "Strategy": "Plain",
                            "Partial Mode": "Partial",
                            "Parent Relationship": "Outer",
                            "Parallel Aware": false,
                            "Startup Cost": 113737.35,
                            "Total Cost": 113737.36,
                            "Plan Rows": 1,
                            "Plan Width": 8,
                            "Actual Startup Time": 664.216,
                            "Actual Total Time": 664.623,
                            "Actual Rows": 1,
                            "Actual Loops": 4,
                            "Output": [
                                "PARTIAL count(*)"
                            ],
                            "Workers": [
                                {
                                    "Worker Number": 0,
                                    "Actual Startup Time": 661.252,
                                    "Actual Total Time": 661.256,
                                    "Actual Rows": 1,
                                    "Actual Loops": 1
                                },
                                {
                                    "Worker Number": 1,
                                    "Actual Startup Time": 661.249,
                                    "Actual Total Time": 661.254,
                                    "Actual Rows": 1,
                                    "Actual Loops": 1
                                },
                                {
                                    "Worker Number": 2,
                                    "Actual Startup Time": 662.53,
                                    "Actual Total Time": 662.535,
                                    "Actual Rows": 1,
                                    "Actual Loops": 1
                                }
                            ],
                            "Plans": [
                                {
                                    "Node Type": "Hash Join",
                                    "Parent Relationship": "Outer",
                                    "Parallel Aware": true,
                                    "Join Type": "Inner",
                                    "Startup Cost": 66582.04,
                                    "Total Cost": 112749.04,
                                    "Plan Rows": 395324,
                                    "Plan Width": 0,
                                    "Actual Startup Time": 361.6,
                                    "Actual Total Time": 623.516,
                                    "Actual Rows": 907323,
                                    "Actual Loops": 4,
                                    "Inner Unique": false,
                                    "Hash Cond": "(mk.movie_id = t.id)",
                                    "Workers": [
                                        {
                                            "Worker Number": 0,
                                            "Actual Startup Time": 358.84,
                                            "Actual Total Time": 620.144,
                                            "Actual Rows": 992238,
                                            "Actual Loops": 1
                                        },
                                        {
                                            "Worker Number": 1,
                                            "Actual Startup Time": 358.915,
                                            "Actual Total Time": 620.089,
                                            "Actual Rows": 947262,
                                            "Actual Loops": 1
                                        },
                                        {
                                            "Worker Number": 2,
                                            "Actual Startup Time": 359.265,
                                            "Actual Total Time": 619.754,
                                            "Actual Rows": 637233,
                                            "Actual Loops": 1
                                        }
                                    ],
                                    "Plans": [
                                        {
                                            "Node Type": "Seq Scan",
                                            "Parent Relationship": "Outer",
                                            "Parallel Aware": true,
                                            "Relation Name": "movie_keyword",
                                            "Schema": "public",
                                            "Alias": "mk",
                                            "Startup Cost": 0.0,
                                            "Total Cost": 39047.32,
                                            "Plan Rows": 1459332,
                                            "Plan Width": 4,
                                            "Actual Startup Time": 0.011,
                                            "Actual Total Time": 88.458,
                                            "Actual Rows": 1130982,
                                            "Actual Loops": 4,
                                            "Output": [
                                                "mk.id",
                                                "mk.movie_id",
                                                "mk.keyword_id"
                                            ],
                                            "Workers": [
                                                {
                                                    "Worker Number": 0,
                                                    "Actual Startup Time": 0.011,
                                                    "Actual Total Time": 90.173,
                                                    "Actual Rows": 1233395,
                                                    "Actual Loops": 1
                                                },
                                                {
                                                    "Worker Number": 1,
                                                    "Actual Startup Time": 0.01,
                                                    "Actual Total Time": 90.039,
                                                    "Actual Rows": 1179745,
                                                    "Actual Loops": 1
                                                },
                                                {
                                                    "Worker Number": 2,
                                                    "Actual Startup Time": 0.012,
                                                    "Actual Total Time": 90.406,
                                                    "Actual Rows": 783600,
                                                    "Actual Loops": 1
                                                }
                                            ]
                                        },
                                        {
                                            "Node Type": "Hash",
                                            "Parent Relationship": "Inner",
                                            "Parallel Aware": true,
                                            "Startup Cost": 63014.82,
                                            "Total Cost": 63014.82,
                                            "Plan Rows": 285378,
                                            "Plan Width": 8,
                                            "Actual Startup Time": 358.643,
                                            "Actual Total Time": 359.048,
                                            "Actual Rows": 146258,
                                            "Actual Loops": 4,
                                            "Output": [
                                                "t.id",
                                                "mi_idx.movie_id"
                                            ],
                                            "Hash Buckets": 1048576,
                                            "Original Hash Buckets": 1048576,
                                            "Hash Batches": 1,
                                            "Original Hash Batches": 1,
                                            "Peak Memory Usage": 31168,
                                            "Workers": [
                                                {
                                                    "Worker Number": 0,
                                                    "Actual Startup Time": 358.067,
                                                    "Actual Total Time": 358.07,
                                                    "Actual Rows": 158205,
                                                    "Actual Loops": 1
                                                },
                                                {
                                                    "Worker Number": 1,
                                                    "Actual Startup Time": 357.972,
                                                    "Actual Total Time": 357.976,
                                                    "Actual Rows": 149138,
                                                    "Actual Loops": 1
                                                },
                                                {
                                                    "Worker Number": 2,
                                                    "Actual Startup Time": 358.506,
                                                    "Actual Total Time": 358.51,
                                                    "Actual Rows": 113037,
                                                    "Actual Loops": 1
                                                }
                                            ],
                                            "Plans": [
                                                {
                                                    "Node Type": "Hash Join",
                                                    "Parent Relationship": "Outer",
                                                    "Parallel Aware": true,
                                                    "Join Type": "Inner",
                                                    "Startup Cost": 47820.26,
                                                    "Total Cost": 63014.82,
                                                    "Plan Rows": 285378,
                                                    "Plan Width": 8,
                                                    "Actual Startup Time": 217.802,
                                                    "Actual Total Time": 320.444,
                                                    "Actual Rows": 146258,
                                                    "Actual Loops": 4,
                                                    "Output": [
                                                        "t.id",
                                                        "mi_idx.movie_id"
                                                    ],
                                                    "Inner Unique": true,
                                                    "Hash Cond": "(mi_idx.movie_id = t.id)",
                                                    "Workers": [
                                                        {
                                                            "Worker Number": 0,
                                                            "Actual Startup Time": 217.142,
                                                            "Actual Total Time": 319.26,
                                                            "Actual Rows": 158205,
                                                            "Actual Loops": 1
                                                        },
                                                        {
                                                            "Worker Number": 1,
                                                            "Actual Startup Time": 217.278,
                                                            "Actual Total Time": 320.711,
                                                            "Actual Rows": 149138,
                                                            "Actual Loops": 1
                                                        },
                                                        {
                                                            "Worker Number": 2,
                                                            "Actual Startup Time": 217.554,
                                                            "Actual Total Time": 319.832,
                                                            "Actual Rows": 113037,
                                                            "Actual Loops": 1
                                                        }
                                                    ],
                                                    "Plans": [
                                                        {
                                                            "Node Type": "Seq Scan",
                                                            "Parent Relationship": "Outer",
                                                            "Parallel Aware": true,
                                                            "Relation Name": "movie_info_idx",
                                                            "Schema": "public",
                                                            "Alias": "mi_idx",
                                                            "Startup Cost": 0.0,
                                                            "Total Cost": 13685.15,
                                                            "Plan Rows": 575015,
                                                            "Plan Width": 4,
                                                            "Actual Startup Time": 0.02,
                                                            "Actual Total Time": 30.664,
                                                            "Actual Rows": 345009,
                                                            "Actual Loops": 4,
                                                            "Output": [
                                                                "mi_idx.id",
                                                                "mi_idx.movie_id",
                                                                "mi_idx.info_type_id",
                                                                "mi_idx.info",
                                                                "mi_idx.note"
                                                            ],
                                                            "Workers": [
                                                                {
                                                                    "Worker Number": 0,
                                                                    "Actual Startup Time": 0.027,
                                                                    "Actual Total Time": 31.184,
                                                                    "Actual Rows": 375499,
                                                                    "Actual Loops": 1
                                                                },
                                                                {
                                                                    "Worker Number": 1,
                                                                    "Actual Startup Time": 0.024,
                                                                    "Actual Total Time": 31.736,
                                                                    "Actual Rows": 355683,
                                                                    "Actual Loops": 1
                                                                },
                                                                {
                                                                    "Worker Number": 2,
                                                                    "Actual Startup Time": 0.022,
                                                                    "Actual Total Time": 32.972,
                                                                    "Actual Rows": 262723,
                                                                    "Actual Loops": 1
                                                                }
                                                            ]
                                                        },
                                                        {
                                                            "Node Type": "Hash",
                                                            "Parent Relationship": "Inner",
                                                            "Parallel Aware": true,
                                                            "Startup Cost": 43899.01,
                                                            "Total Cost": 43899.01,
                                                            "Plan Rows": 313700,
                                                            "Plan Width": 4,
                                                            "Actual Startup Time": 214.737,
                                                            "Actual Total Time": 214.738,
                                                            "Actual Rows": 315074,
                                                            "Actual Loops": 4,
                                                            "Output": [
                                                                "t.id"
                                                            ],
                                                            "Hash Buckets": 2097152,
                                                            "Original Hash Buckets": 2097152,
                                                            "Hash Batches": 1,
                                                            "Original Hash Batches": 1,
                                                            "Peak Memory Usage": 65760,
                                                            "Workers": [
                                                                {
                                                                    "Worker Number": 0,
                                                                    "Actual Startup Time": 217.072,
                                                                    "Actual Total Time": 217.074,
                                                                    "Actual Rows": 315134,
                                                                    "Actual Loops": 1
                                                                },
                                                                {
                                                                    "Worker Number": 1,
                                                                    "Actual Startup Time": 217.049,
                                                                    "Actual Total Time": 217.051,
                                                                    "Actual Rows": 314635,
                                                                    "Actual Loops": 1
                                                                },
                                                                {
                                                                    "Worker Number": 2,
                                                                    "Actual Startup Time": 217.438,
                                                                    "Actual Total Time": 217.439,
                                                                    "Actual Rows": 224665,
                                                                    "Actual Loops": 1
                                                                }
                                                            ],
                                                            "Plans": [
                                                                {
                                                                    "Node Type": "Seq Scan",
                                                                    "Parent Relationship": "Outer",
                                                                    "Parallel Aware": true,
                                                                    "Relation Name": "title",
                                                                    "Schema": "public",
                                                                    "Alias": "t",
                                                                    "Startup Cost": 0.0,
                                                                    "Total Cost": 43899.01,
                                                                    "Plan Rows": 313700,
                                                                    "Plan Width": 4,
                                                                    "Actual Startup Time": 0.048,
                                                                    "Actual Total Time": 100.306,
                                                                    "Actual Rows": 315074,
                                                                    "Actual Loops": 4,
                                                                    "Output": [
                                                                        "t.id"
                                                                    ],
                                                                    "Filter": "(t.production_year > 2002)",
                                                                    "Rows Removed by Filter": 317004,
                                                                    "Workers": [
                                                                        {
                                                                            "Worker Number": 0,
                                                                            "Actual Startup Time": 0.06,
                                                                            "Actual Total Time": 101.28,
                                                                            "Actual Rows": 315134,
                                                                            "Actual Loops": 1
                                                                        },
                                                                        {
                                                                            "Worker Number": 1,
                                                                            "Actual Startup Time": 0.057,
                                                                            "Actual Total Time": 101.447,
                                                                            "Actual Rows": 314635,
                                                                            "Actual Loops": 1
                                                                        },
                                                                        {
                                                                            "Worker Number": 2,
                                                                            "Actual Startup Time": 0.064,
                                                                            "Actual Total Time": 106.912,
                                                                            "Actual Rows": 224665,
                                                                            "Actual Loops": 1
                                                                        }
                                                                    ]
                                                                }
                                                            ]
                                                        }
                                                    ]
                                                }
                                            ]
                                        }
                                    ]
                                }
                            ]
                        }
                    ]
                }
            ]
        },
        "Planning Time": 187.271,
        "Triggers": [],
        "Execution Time": 690.986
    }
]