[
  {
    "Plan": {
      "Node Type": "Aggregate",
      "Strategy": "Plain",
      "Partial Mode": "Finalize",
      "Parallel Aware": false,
      "Startup Cost": 45270.61,
      "Total Cost": 45270.62,
      "Plan Rows": 1,
      "Plan Width": 8,
      "Actual Startup Time": 148.431,
      "Actual Total Time": 158.473,
      "Actual Rows": 1,
      "Actual Loops": 1,
      "Plans": [
        {
          "Node Type": "Gather",
          "Parent Relationship": "Outer",
          "Parallel Aware": false,
          "Startup Cost": 45270.3,
          "Total Cost": 45270.61,
          "Plan Rows": 3,
          "Plan Width": 8,
          "Actual Startup Time": 148.331,
          "Actual Total Time": 158.464,
          "Actual Rows": 4,
          "Actual Loops": 1,
          "Workers Planned": 3,
          "Workers Launched": 3,
          "Single Copy": false,
          "Plans": [
            {
              "Node Type": "Aggregate",
              "Strategy": "Plain",
              "Partial Mode": "Partial",
              "Parent Relationship": "Outer",
              "Parallel Aware": false,
              "Startup Cost": 44270.3,
              "Total Cost": 44270.31,
              "Plan Rows": 1,
              "Plan Width": 8,
              "Actual Startup Time": 140.709,
              "Actual Total Time": 140.71,
              "Actual Rows": 1,
              "Actual Loops": 4,
              "Plans": [
                {
                  "Node Type": "Seq Scan",
                  "Parent Relationship": "Outer",
                  "Parallel Aware": true,
                  "Relation Name": "movie_keyword",
                  "Alias": "mk",
                  "Startup Cost": 0.0,
                  "Total Cost": 42695.65,
                  "Plan Rows": 629857,
                  "Plan Width": 0,
                  "Actual Startup Time": 0.058,
                  "Actual Total Time": 115.886,
                  "Actual Rows": 489592,
                  "Actual Loops": 4,
                  "Filter": "(keyword_id < 3408)",
                  "Rows Removed by Filter": 641390
                }
              ]
            }
          ]
        }
      ]
    },
    "Planning Time": 0.188,
    "Triggers": [],
    "Execution Time": 158.538
  }
]