[
  {
    "Plan": {
      "Node Type": "Aggregate",
      "Strategy": "Plain",
      "Partial Mode": "Finalize",
      "Parallel Aware": false,
      "Startup Cost": 332292.52,
      "Total Cost": 332292.53,
      "Plan Rows": 1,
      "Plan Width": 8,
      "Actual Startup Time": 615.81,
      "Actual Total Time": 673.863,
      "Actual Rows": 1,
      "Actual Loops": 1,
      "Plans": [
        {
          "Node Type": "Gather",
          "Parent Relationship": "Outer",
          "Parallel Aware": false,
          "Startup Cost": 332291.89,
          "Total Cost": 332292.5,
          "Plan Rows": 6,
          "Plan Width": 8,
          "Actual Startup Time": 615.69,
          "Actual Total Time": 673.852,
          "Actual Rows": 7,
          "Actual Loops": 1,
          "Workers Planned": 6,
          "Workers Launched": 6,
          "Single Copy": false,
          "Plans": [
            {
              "Node Type": "Aggregate",
              "Strategy": "Plain",
              "Partial Mode": "Partial",
              "Parent Relationship": "Outer",
              "Parallel Aware": false,
              "Startup Cost": 331291.89,
              "Total Cost": 331291.9,
              "Plan Rows": 1,
              "Plan Width": 8,
              "Actual Startup Time": 606.931,
              "Actual Total Time": 606.932,
              "Actual Rows": 1,
              "Actual Loops": 7,
              "Plans": [
                {
                  "Node Type": "Seq Scan",
                  "Parent Relationship": "Outer",
                  "Parallel Aware": true,
                  "Relation Name": "cast_info",
                  "Alias": "ci",
                  "Startup Cost": 0.0,
                  "Total Cost": 328162.03,
                  "Plan Rows": 1251946,
                  "Plan Width": 0,
                  "Actual Startup Time": 334.58,
                  "Actual Total Time": 559.809,
                  "Actual Rows": 1060911,
                  "Actual Loops": 7,
                  "Filter": "(person_id > 2928412)",
                  "Rows Removed by Filter": 4116852
                }
              ]
            }
          ]
        }
      ]
    },
    "Planning Time": 0.198,
    "Triggers": [],
    "Execution Time": 673.93
  }
]