[
  {
    "Plan": {
      "Node Type": "Aggregate",
      "Strategy": "Plain",
      "Partial Mode": "Finalize",
      "Parallel Aware": false,
      "Startup Cost": 45324.66,
      "Total Cost": 45324.67,
      "Plan Rows": 1,
      "Plan Width": 8,
      "Actual Startup Time": 129.274,
      "Actual Total Time": 138.846,
      "Actual Rows": 1,
      "Actual Loops": 1,
      "Plans": [
        {
          "Node Type": "Gather",
          "Parent Relationship": "Outer",
          "Parallel Aware": false,
          "Startup Cost": 45324.35,
          "Total Cost": 45324.66,
          "Plan Rows": 3,
          "Plan Width": 8,
          "Actual Startup Time": 129.138,
          "Actual Total Time": 138.834,
          "Actual Rows": 4,
          "Actual Loops": 1,
          "Workers Planned": 3,
          "Workers Launched": 3,
          "Single Copy": false,
          "Plans": [
            {
              "Node Type": "Aggregate",
              "Strategy": "Plain",
              "Partial Mode": "Partial",
              "Parent Relationship": "Outer",
              "Parallel Aware": false,
              "Startup Cost": 44324.35,
              "Total Cost": 44324.36,
              "Plan Rows": 1,
              "Plan Width": 8,
              "Actual Startup Time": 124.62,
              "Actual Total Time": 124.621,
              "Actual Rows": 1,
              "Actual Loops": 4,
              "Plans": [
                {
                  "Node Type": "Seq Scan",
                  "Parent Relationship": "Outer",
                  "Parallel Aware": true,
                  "Relation Name": "movie_keyword",
                  "Alias": "mk",
                  "Startup Cost": 0.0,
                  "Total Cost": 42695.65,
                  "Plan Rows": 651477,
                  "Plan Width": 0,
                  "Actual Startup Time": 0.546,
                  "Actual Total Time": 103.288,
                  "Actual Rows": 502349,
                  "Actual Loops": 4,
                  "Filter": "(keyword_id > 6225)",
                  "Rows Removed by Filter": 628634
                }
              ]
            }
          ]
        }
      ]
    },
    "Planning Time": 0.127,
    "Triggers": [],
    "Execution Time": 138.886
  }
]