[
  {
    "Plan": {
      "Node Type": "Aggregate",
      "Strategy": "Plain",
      "Partial Mode": "Finalize",
      "Parallel Aware": false,
      "Startup Cost": 101446.67,
      "Total Cost": 101446.68,
      "Plan Rows": 1,
      "Plan Width": 8,
      "Actual Startup Time": 652.847,
      "Actual Total Time": 668.23,
      "Actual Rows": 1,
      "Actual Loops": 1,
      "Plans": [
        {
          "Node Type": "Gather",
          "Parent Relationship": "Outer",
          "Parallel Aware": false,
          "Startup Cost": 101446.46,
          "Total Cost": 101446.67,
          "Plan Rows": 2,
          "Plan Width": 8,
          "Actual Startup Time": 649.33,
          "Actual Total Time": 668.222,
          "Actual Rows": 3,
          "Actual Loops": 1,
          "Workers Planned": 2,
          "Workers Launched": 2,
          "Single Copy": false,
          "Plans": [
            {
              "Node Type": "Aggregate",
              "Strategy": "Plain",
              "Partial Mode": "Partial",
              "Parent Relationship": "Outer",
              "Parallel Aware": false,
              "Startup Cost": 100446.46,
              "Total Cost": 100446.47,
              "Plan Rows": 1,
              "Plan Width": 8,
              "Actual Startup Time": 640.83,
              "Actual Total Time": 640.835,
              "Actual Rows": 1,
              "Actual Loops": 3,
              "Plans": [
                {
                  "Node Type": "Hash Join",
                  "Parent Relationship": "Outer",
                  "Parallel Aware": true,
                  "Join Type": "Inner",
                  "Startup Cost": 83641.5,
                  "Total Cost": 99964.7,
                  "Plan Rows": 192701,
                  "Plan Width": 0,
                  "Actual Startup Time": 506.267,
                  "Actual Total Time": 625.479,
                  "Actual Rows": 388427,
                  "Actual Loops": 3,
                  "Inner Unique": false,
                  "Hash Cond": "(mi_idx.movie_id = t.id)",
                  "Plans": [
                    {
                      "Node Type": "Seq Scan",
                      "Parent Relationship": "Outer",
                      "Parallel Aware": true,
                      "Relation Name": "movie_info_idx",
                      "Alias": "mi_idx",
                      "Startup Cost": 0.0,
                      "Total Cost": 13685.15,
                      "Plan Rows": 575015,
                      "Plan Width": 4,
                      "Actual Startup Time": 0.024,
                      "Actual Total Time": 34.151,
                      "Actual Rows": 460012,
                      "Actual Loops": 3
                    },
                    {
                      "Node Type": "Hash",
                      "Parent Relationship": "Inner",
                      "Parallel Aware": true,
                      "Startup Cost": 80993.72,
                      "Total Cost": 80993.72,
                      "Plan Rows": 211823,
                      "Plan Width": 8,
                      "Actual Startup Time": 495.589,
                      "Actual Total Time": 495.593,
                      "Actual Rows": 215960,
                      "Actual Loops": 3,
                      "Hash Buckets": 1048576,
                      "Original Hash Buckets": 1048576,
                      "Hash Batches": 1,
                      "Original Hash Batches": 1,
                      "Peak Memory Usage": 33568,
                      "Plans": [
                        {
                          "Node Type": "Hash Join",
                          "Parent Relationship": "Outer",
                          "Parallel Aware": true,
                          "Join Type": "Inner",
                          "Startup Cost": 34831.32,
                          "Total Cost": 80993.72,
                          "Plan Rows": 211823,
                          "Plan Width": 8,
                          "Actual Startup Time": 151.594,
                          "Actual Total Time": 436.333,
                          "Actual Rows": 215960,
                          "Actual Loops": 3,
                          "Inner Unique": false,
                          "Hash Cond": "(t.id = mc.movie_id)",
                          "Plans": [
                            {
                              "Node Type": "Seq Scan",
                              "Parent Relationship": "Outer",
                              "Parallel Aware": true,
                              "Relation Name": "title",
                              "Alias": "t",
                              "Startup Cost": 0.0,
                              "Total Cost": 42318.73,
                              "Plan Rows": 632073,
                              "Plan Width": 4,
                              "Actual Startup Time": 0.01,
                              "Actual Total Time": 87.449,
                              "Actual Rows": 842771,
                              "Actual Loops": 3
                            },
                            {
                              "Node Type": "Hash",
                              "Parent Relationship": "Inner",
                              "Parallel Aware": true,
                              "Startup Cost": 31414.82,
                              "Total Cost": 31414.82,
                              "Plan Rows": 273320,
                              "Plan Width": 4,
                              "Actual Startup Time": 147.755,
                              "Actual Total Time": 147.756,
                              "Actual Rows": 215960,
                              "Actual Loops": 3,
                              "Hash Buckets": 1048576,
                              "Original Hash Buckets": 1048576,
                              "Hash Batches": 1,
                              "Original Hash Batches": 1,
                              "Peak Memory Usage": 33600,
                              "Plans": [
                                {
                                  "Node Type": "Seq Scan",
                                  "Parent Relationship": "Outer",
                                  "Parallel Aware": true,
                                  "Relation Name": "movie_companies",
                                  "Alias": "mc",
                                  "Startup Cost": 0.0,
                                  "Total Cost": 31414.82,
                                  "Plan Rows": 273320,
                                  "Plan Width": 4,
                                  "Actual Startup Time": 2.697,
                                  "Actual Total Time": 93.175,
                                  "Actual Rows": 215960,
                                  "Actual Loops": 3,
                                  "Filter": "((company_id > 2662) AND (company_type_id < 2))",
                                  "Rows Removed by Filter": 653750
                                }
                              ]
                            }
                          ]
                        }
                      ]
                    }
                  ]
                }
              ]
            }
          ]
        }
      ]
    },
    "Planning Time": 1.416,
    "Triggers": [],
    "Execution Time": 668.316
  }
]