[
    {
        "Bao": {
            "Bao prediction": "NaN",
            "Bao recommended hint": "(no hint)"
        }
    },
    {
        "Plan": {
            "Node Type": "Aggregate",
            "Strategy": "Plain",
            "Partial Mode": "Finalize",
            "Parallel Aware": false,
            "Startup Cost": 309807.88,
            "Total Cost": 309807.89,
            "Plan Rows": 1,
            "Plan Width": 8,
            "Actual Startup Time": 3717.443,
            "Actual Total Time": 3803.585,
            "Actual Rows": 1,
            "Actual Loops": 1,
            "Output": [
                "count(*)"
            ],
            "Plans": [
                {
                    "Node Type": "Gather",
                    "Parent Relationship": "Outer",
                    "Parallel Aware": false,
                    "Startup Cost": 309807.46,
                    "Total Cost": 309807.87,
                    "Plan Rows": 4,
                    "Plan Width": 8,
                    "Actual Startup Time": 3713.928,
                    "Actual Total Time": 3803.575,
                    "Actual Rows": 5,
                    "Actual Loops": 1,
                    "Output": [
                        "(PARTIAL count(*))"
                    ],
                    "Workers Planned": 4,
                    "Workers Launched": 4,
                    "Single Copy": false,
                    "Plans": [
                        {
                            "Node Type": "Aggregate",
                            "Strategy": "Plain",
                            "Partial Mode": "Partial",
                            "Parent Relationship": "Outer",
                            "Parallel Aware": false,
                            "Startup Cost": 308807.46,
                            "Total Cost": 308807.47,
                            "Plan Rows": 1,
                            "Plan Width": 8,
                            "Actual Startup Time": 3704.477,
                            "Actual Total Time": 3704.48,
                            "Actual Rows": 1,
                            "Actual Loops": 5,
                            "Output": [
                                "PARTIAL count(*)"
                            ],
                            "Workers": [
                                {
                                    "Worker Number": 0,
                                    "Actual Startup Time": 3701.977,
                                    "Actual Total Time": 3701.98,
                                    "Actual Rows": 1,
                                    "Actual Loops": 1
                                },
                                {
                                    "Worker Number": 1,
                                    "Actual Startup Time": 3701.97,
                                    "Actual Total Time": 3701.973,
                                    "Actual Rows": 1,
                                    "Actual Loops": 1
                                },
                                {
                                    "Worker Number": 2,
                                    "Actual Startup Time": 3702.125,
                                    "Actual Total Time": 3702.129,
                                    "Actual Rows": 1,
                                    "Actual Loops": 1
                                },
                                {
                                    "Worker Number": 3,
                                    "Actual Startup Time": 3703.079,
                                    "Actual Total Time": 3703.082,
                                    "Actual Rows": 1,
                                    "Actual Loops": 1
                                }
                            ],
                            "Plans": [
                                {
                                    "Node Type": "Nested Loop",
                                    "Parent Relationship": "Outer",
                                    "Parallel Aware": false,
                                    "Join Type": "Inner",
                                    "Startup Cost": 17512.67,
                                    "Total Cost": 307614.07,
                                    "Plan Rows": 477358,
                                    "Plan Width": 0,
                                    "Actual Startup Time": 81.54,
                                    "Actual Total Time": 3650.921,
                                    "Actual Rows": 959624,
                                    "Actual Loops": 5,
                                    "Inner Unique": false,
                                    "Workers": [
                                        {
                                            "Worker Number": 0,
                                            "Actual Startup Time": 79.057,
                                            "Actual Total Time": 3650.903,
                                            "Actual Rows": 1055778,
                                            "Actual Loops": 1
                                        },
                                        {
                                            "Worker Number": 1,
                                            "Actual Startup Time": 79.365,
                                            "Actual Total Time": 3647.459,
                                            "Actual Rows": 959414,
                                            "Actual Loops": 1
                                        },
                                        {
                                            "Worker Number": 2,
                                            "Actual Startup Time": 79.275,
                                            "Actual Total Time": 3650.973,
                                            "Actual Rows": 899442,
                                            "Actual Loops": 1
                                        },
                                        {
                                            "Worker Number": 3,
                                            "Actual Startup Time": 79.722,
                                            "Actual Total Time": 3643.673,
                                            "Actual Rows": 792790,
                                            "Actual Loops": 1
                                        }
                                    ],
                                    "Plans": [
                                        {
                                            "Node Type": "Hash Join",
                                            "Parent Relationship": "Outer",
                                            "Parallel Aware": true,
                                            "Join Type": "Inner",
                                            "Startup Cost": 17512.11,
                                            "Total Cost": 62679.09,
                                            "Plan Rows": 114692,
                                            "Plan Width": 8,
                                            "Actual Startup Time": 81.412,
                                            "Actual Total Time": 384.076,
                                            "Actual Rows": 91985,
                                            "Actual Loops": 5,
                                            "Output": [
                                                "t.id",
                                                "mi_idx.movie_id"
                                            ],
                                            "Inner Unique": false,
                                            "Hash Cond": "(t.id = mi_idx.movie_id)",
                                            "Workers": [
                                                {
                                                    "Worker Number": 0,
                                                    "Actual Startup Time": 78.968,
                                                    "Actual Total Time": 389.466,
                                                    "Actual Rows": 101055,
                                                    "Actual Loops": 1
                                                },
                                                {
                                                    "Worker Number": 1,
                                                    "Actual Startup Time": 79.032,
                                                    "Actual Total Time": 382.942,
                                                    "Actual Rows": 90456,
                                                    "Actual Loops": 1
                                                },
                                                {
                                                    "Worker Number": 2,
                                                    "Actual Startup Time": 79.177,
                                                    "Actual Total Time": 368.803,
                                                    "Actual Rows": 85816,
                                                    "Actual Loops": 1
                                                },
                                                {
                                                    "Worker Number": 3,
                                                    "Actual Startup Time": 79.628,
                                                    "Actual Total Time": 382.636,
                                                    "Actual Rows": 76534,
                                                    "Actual Loops": 1
                                                }
                                            ],
                                            "Plans": [
                                                {
                                                    "Node Type": "Seq Scan",
                                                    "Parent Relationship": "Outer",
                                                    "Parallel Aware": true,
                                                    "Relation Name": "title",
                                                    "Schema": "public",
                                                    "Alias": "t",
                                                    "Startup Cost": 0.0,
                                                    "Total Cost": 42318.81,
                                                    "Plan Rows": 632080,
                                                    "Plan Width": 4,
                                                    "Actual Startup Time": 0.014,
                                                    "Actual Total Time": 65.58,
                                                    "Actual Rows": 505662,
                                                    "Actual Loops": 5,
                                                    "Output": [
                                                        "t.id",
                                                        "t.title",
                                                        "t.imdb_index",
                                                        "t.kind_id",
                                                        "t.production_year",
                                                        "t.imdb_id",
                                                        "t.phonetic_code",
                                                        "t.episode_of_id",
                                                        "t.season_nr",
                                                        "t.episode_nr",
                                                        "t.series_years",
                                                        "t.md5sum"
                                                    ],
                                                    "Workers": [
                                                        {
                                                            "Worker Number": 0,
                                                            "Actual Startup Time": 0.013,
                                                            "Actual Total Time": 64.262,
                                                            "Actual Rows": 565984,
                                                            "Actual Loops": 1
                                                        },
                                                        {
                                                            "Worker Number": 1,
                                                            "Actual Startup Time": 0.02,
                                                            "Actual Total Time": 69.529,
                                                            "Actual Rows": 473424,
                                                            "Actual Loops": 1
                                                        },
                                                        {
                                                            "Worker Number": 2,
                                                            "Actual Startup Time": 0.012,
                                                            "Actual Total Time": 68.822,
                                                            "Actual Rows": 450251,
                                                            "Actual Loops": 1
                                                        },
                                                        {
                                                            "Worker Number": 3,
                                                            "Actual Startup Time": 0.019,
                                                            "Actual Total Time": 73.14,
                                                            "Actual Rows": 425787,
                                                            "Actual Loops": 1
                                                        }
                                                    ]
                                                },
                                                {
                                                    "Node Type": "Hash",
                                                    "Parent Relationship": "Inner",
                                                    "Parallel Aware": true,
                                                    "Startup Cost": 15122.68,
                                                    "Total Cost": 15122.68,
                                                    "Plan Rows": 191154,
                                                    "Plan Width": 4,
                                                    "Actual Startup Time": 78.618,
                                                    "Actual Total Time": 78.619,
                                                    "Actual Rows": 91985,
                                                    "Actual Loops": 5,
                                                    "Output": [
                                                        "mi_idx.movie_id"
                                                    ],
                                                    "Hash Buckets": 524288,
                                                    "Original Hash Buckets": 524288,
                                                    "Hash Batches": 1,
                                                    "Original Hash Batches": 1,
                                                    "Peak Memory Usage": 22176,
                                                    "Workers": [
                                                        {
                                                            "Worker Number": 0,
                                                            "Actual Startup Time": 78.48,
                                                            "Actual Total Time": 78.48,
                                                            "Actual Rows": 103436,
                                                            "Actual Loops": 1
                                                        },
                                                        {
                                                            "Worker Number": 1,
                                                            "Actual Startup Time": 78.448,
                                                            "Actual Total Time": 78.449,
                                                            "Actual Rows": 79032,
                                                            "Actual Loops": 1
                                                        },
                                                        {
                                                            "Worker Number": 2,
                                                            "Actual Startup Time": 78.694,
                                                            "Actual Total Time": 78.695,
                                                            "Actual Rows": 76640,
                                                            "Actual Loops": 1
                                                        },
                                                        {
                                                            "Worker Number": 3,
                                                            "Actual Startup Time": 79.174,
                                                            "Actual Total Time": 79.175,
                                                            "Actual Rows": 79596,
                                                            "Actual Loops": 1
                                                        }
                                                    ],
                                                    "Plans": [
                                                        {
                                                            "Node Type": "Seq Scan",
                                                            "Parent Relationship": "Outer",
                                                            "Parallel Aware": true,
                                                            "Relation Name": "movie_info_idx",
                                                            "Schema": "public",
                                                            "Alias": "mi_idx",
                                                            "Startup Cost": 0.0,
                                                            "Total Cost": 15122.68,
                                                            "Plan Rows": 191154,
                                                            "Plan Width": 4,
                                                            "Actual Startup Time": 0.061,
                                                            "Actual Total Time": 40.813,
                                                            "Actual Rows": 91985,
                                                            "Actual Loops": 5,
                                                            "Output": [
                                                                "mi_idx.movie_id"
                                                            ],
                                                            "Filter": "(mi_idx.info_type_id = 99)",
                                                            "Rows Removed by Filter": 184022,
                                                            "Workers": [
                                                                {
                                                                    "Worker Number": 0,
                                                                    "Actual Startup Time": 0.072,
                                                                    "Actual Total Time": 40.314,
                                                                    "Actual Rows": 103436,
                                                                    "Actual Loops": 1
                                                                },
                                                                {
                                                                    "Worker Number": 1,
                                                                    "Actual Startup Time": 0.068,
                                                                    "Actual Total Time": 42.274,
                                                                    "Actual Rows": 79032,
                                                                    "Actual Loops": 1
                                                                },
                                                                {
                                                                    "Worker Number": 2,
                                                                    "Actual Startup Time": 0.072,
                                                                    "Actual Total Time": 42.663,
                                                                    "Actual Rows": 76640,
                                                                    "Actual Loops": 1
                                                                },
                                                                {
                                                                    "Worker Number": 3,
                                                                    "Actual Startup Time": 0.068,
                                                                    "Actual Total Time": 42.039,
                                                                    "Actual Rows": 79596,
                                                                    "Actual Loops": 1
                                                                }
                                                            ]
                                                        }
                                                    ]
                                                }
                                            ]
                                        },
                                        {
                                            "Node Type": "Index Scan",
                                            "Parent Relationship": "Inner",
                                            "Parallel Aware": false,
                                            "Scan Direction": "Forward",
                                            "Index Name": "movie_id_cast_info",
                                            "Relation Name": "cast_info",
                                            "Schema": "public",
                                            "Alias": "ci",
                                            "Startup Cost": 0.56,
                                            "Total Cost": 2.03,
                                            "Plan Rows": 11,
                                            "Plan Width": 4,
                                            "Actual Startup Time": 0.008,
                                            "Actual Total Time": 0.034,
                                            "Actual Rows": 10,
                                            "Actual Loops": 459925,
                                            "Output": [
                                                "ci.id",
                                                "ci.person_id",
                                                "ci.movie_id",
                                                "ci.person_role_id",
                                                "ci.note",
                                                "ci.nr_order",
                                                "ci.role_id"
                                            ],
                                            "Index Cond": "(ci.movie_id = t.id)",
                                            "Rows Removed by Index Recheck": 0,
                                            "Filter": "((ci.person_id < 3020457) AND (ci.role_id = 1))",
                                            "Rows Removed by Filter": 19,
                                            "Workers": [
                                                {
                                                    "Worker Number": 0,
                                                    "Actual Startup Time": 0.007,
                                                    "Actual Total Time": 0.031,
                                                    "Actual Rows": 10,
                                                    "Actual Loops": 101055
                                                },
                                                {
                                                    "Worker Number": 1,
                                                    "Actual Startup Time": 0.008,
                                                    "Actual Total Time": 0.035,
                                                    "Actual Rows": 11,
                                                    "Actual Loops": 90456
                                                },
                                                {
                                                    "Worker Number": 2,
                                                    "Actual Startup Time": 0.009,
                                                    "Actual Total Time": 0.037,
                                                    "Actual Rows": 10,
                                                    "Actual Loops": 85816
                                                },
                                                {
                                                    "Worker Number": 3,
                                                    "Actual Startup Time": 0.01,
                                                    "Actual Total Time": 0.041,
                                                    "Actual Rows": 10,
                                                    "Actual Loops": 76534
                                                }
                                            ]
                                        }
                                    ]
                                }
                            ]
                        }
                    ]
                }
            ]
        },
        "Planning Time": 192.471,
        "Triggers": [],
        "Execution Time": 3803.712
    }
]