[
  {
    "Plan": {
      "Node Type": "Aggregate",
      "Strategy": "Plain",
      "Partial Mode": "Finalize",
      "Parallel Aware": false,
      "Startup Cost": 24048.44,
      "Total Cost": 24048.45,
      "Plan Rows": 1,
      "Plan Width": 8,
      "Actual Startup Time": 34.989,
      "Actual Total Time": 39.324,
      "Actual Rows": 1,
      "Actual Loops": 1,
      "Plans": [
        {
          "Node Type": "Gather",
          "Parent Relationship": "Outer",
          "Parallel Aware": false,
          "Startup Cost": 24048.23,
          "Total Cost": 24048.44,
          "Plan Rows": 2,
          "Plan Width": 8,
          "Actual Startup Time": 34.794,
          "Actual Total Time": 39.315,
          "Actual Rows": 3,
          "Actual Loops": 1,
          "Workers Planned": 2,
          "Workers Launched": 2,
          "Single Copy": false,
          "Plans": [
            {
              "Node Type": "Aggregate",
              "Strategy": "Plain",
              "Partial Mode": "Partial",
              "Parent Relationship": "Outer",
              "Parallel Aware": false,
              "Startup Cost": 23048.23,
              "Total Cost": 23048.24,
              "Plan Rows": 1,
              "Plan Width": 8,
              "Actual Startup Time": 26.472,
              "Actual Total Time": 26.474,
              "Actual Rows": 1,
              "Actual Loops": 3,
              "Plans": [
                {
                  "Node Type": "Nested Loop",
                  "Parent Relationship": "Outer",
                  "Parallel Aware": false,
                  "Join Type": "Inner",
                  "Startup Cost": 135.96,
                  "Total Cost": 23047.81,
                  "Plan Rows": 166,
                  "Plan Width": 0,
                  "Actual Startup Time": 2.53,
                  "Actual Total Time": 26.133,
                  "Actual Rows": 1185,
                  "Actual Loops": 3,
                  "Inner Unique": true,
                  "Plans": [
                    {
                      "Node Type": "Bitmap Heap Scan",
                      "Parent Relationship": "Outer",
                      "Parallel Aware": true,
                      "Relation Name": "movie_companies",
                      "Alias": "mc",
                      "Startup Cost": 135.53,
                      "Total Cost": 12936.11,
                      "Plan Rows": 1315,
                      "Plan Width": 4,
                      "Actual Startup Time": 2.003,
                      "Actual Total Time": 4.239,
                      "Actual Rows": 2094,
                      "Actual Loops": 3,
                      "Recheck Cond": "(company_id = 1284)",
                      "Rows Removed by Index Recheck": 0,
                      "Filter": "(company_type_id > 1)",
                      "Rows Removed by Filter": 24,
                      "Exact Heap Blocks": 568,
                      "Lossy Heap Blocks": 0,
                      "Plans": [
                        {
                          "Node Type": "Bitmap Index Scan",
                          "Parent Relationship": "Outer",
                          "Parallel Aware": false,
                          "Index Name": "company_id_movie_companies",
                          "Startup Cost": 0.0,
                          "Total Cost": 134.74,
                          "Plan Rows": 6175,
                          "Plan Width": 0,
                          "Actual Startup Time": 5.154,
                          "Actual Total Time": 5.155,
                          "Actual Rows": 6354,
                          "Actual Loops": 1,
                          "Index Cond": "(company_id = 1284)"
                        }
                      ]
                    },
                    {
                      "Node Type": "Index Scan",
                      "Parent Relationship": "Inner",
                      "Parallel Aware": false,
                      "Scan Direction": "Forward",
                      "Index Name": "title_pkey",
                      "Relation Name": "title",
                      "Alias": "t",
                      "Startup Cost": 0.43,
                      "Total Cost": 7.69,
                      "Plan Rows": 1,
                      "Plan Width": 4,
                      "Actual Startup Time": 0.01,
                      "Actual Total Time": 0.01,
                      "Actual Rows": 1,
                      "Actual Loops": 6282,
                      "Index Cond": "(id = mc.movie_id)",
                      "Rows Removed by Index Recheck": 0,
                      "Filter": "((production_year < 1982) AND (kind_id = 7))",
                      "Rows Removed by Filter": 0
                    }
                  ]
                }
              ]
            }
          ]
        }
      ]
    },
    "Planning Time": 0.708,
    "Triggers": [],
    "Execution Time": 39.418
  }
]