[
  {
    "Plan": {
      "Node Type": "Aggregate",
      "Strategy": "Plain",
      "Partial Mode": "Finalize",
      "Parallel Aware": false,
      "Startup Cost": 429382.3,
      "Total Cost": 429382.31,
      "Plan Rows": 1,
      "Plan Width": 8,
      "Actual Startup Time": 1410.046,
      "Actual Total Time": 1443.154,
      "Actual Rows": 1,
      "Actual Loops": 1,
      "Plans": [
        {
          "Node Type": "Gather",
          "Parent Relationship": "Outer",
          "Parallel Aware": false,
          "Startup Cost": 429381.68,
          "Total Cost": 429382.29,
          "Plan Rows": 6,
          "Plan Width": 8,
          "Actual Startup Time": 1401.664,
          "Actual Total Time": 1443.138,
          "Actual Rows": 7,
          "Actual Loops": 1,
          "Workers Planned": 6,
          "Workers Launched": 6,
          "Single Copy": false,
          "Plans": [
            {
              "Node Type": "Aggregate",
              "Strategy": "Plain",
              "Partial Mode": "Partial",
              "Parent Relationship": "Outer",
              "Parallel Aware": false,
              "Startup Cost": 428381.68,
              "Total Cost": 428381.69,
              "Plan Rows": 1,
              "Plan Width": 8,
              "Actual Startup Time": 1386.056,
              "Actual Total Time": 1386.408,
              "Actual Rows": 1,
              "Actual Loops": 7,
              "Plans": [
                {
                  "Node Type": "Hash Join",
                  "Parent Relationship": "Outer",
                  "Parallel Aware": true,
                  "Join Type": "Inner",
                  "Startup Cost": 85897.91,
                  "Total Cost": 427027.9,
                  "Plan Rows": 541511,
                  "Plan Width": 0,
                  "Actual Startup Time": 385.35,
                  "Actual Total Time": 1338.161,
                  "Actual Rows": 1074709,
                  "Actual Loops": 7,
                  "Inner Unique": false,
                  "Hash Cond": "(ci.movie_id = t.id)",
                  "Plans": [
                    {
                      "Node Type": "Index Scan",
                      "Parent Relationship": "Outer",
                      "Parallel Aware": true,
                      "Scan Direction": "Forward",
                      "Index Name": "role_id_cast_info",
                      "Relation Name": "cast_info",
                      "Alias": "ci",
                      "Startup Cost": 0.56,
                      "Total Cost": 335235.55,
                      "Plan Rows": 1210994,
                      "Plan Width": 4,
                      "Actual Startup Time": 0.333,
                      "Actual Total Time": 382.877,
                      "Actual Rows": 1810098,
                      "Actual Loops": 7,
                      "Index Cond": "(role_id = 1)",
                      "Rows Removed by Index Recheck": 0,
                      "Filter": "(person_id < 2137673)",
                      "Rows Removed by Filter": 0
                    },
                    {
                      "Node Type": "Hash",
                      "Parent Relationship": "Inner",
                      "Parallel Aware": true,
                      "Startup Cost": 82364.36,
                      "Total Cost": 82364.36,
                      "Plan Rows": 282639,
                      "Plan Width": 8,
                      "Actual Startup Time": 380.345,
                      "Actual Total Time": 380.695,
                      "Actual Rows": 135140,
                      "Actual Loops": 7,
                      "Hash Buckets": 2097152,
                      "Original Hash Buckets": 2097152,
                      "Hash Batches": 1,
                      "Original Hash Batches": 1,
                      "Peak Memory Usage": 53504,
                      "Plans": [
                        {
                          "Node Type": "Hash Join",
                          "Parent Relationship": "Outer",
                          "Parallel Aware": true,
                          "Join Type": "Inner",
                          "Startup Cost": 35973.52,
                          "Total Cost": 82364.36,
                          "Plan Rows": 282639,
                          "Plan Width": 8,
                          "Actual Startup Time": 136.645,
                          "Actual Total Time": 315.648,
                          "Actual Rows": 135140,
                          "Actual Loops": 7,
                          "Inner Unique": false,
                          "Hash Cond": "(t.id = mc.movie_id)",
                          "Plans": [
                            {
                              "Node Type": "Seq Scan",
                              "Parent Relationship": "Outer",
                              "Parallel Aware": true,
                              "Relation Name": "title",
                              "Alias": "t",
                              "Startup Cost": 0.0,
                              "Total Cost": 42318.73,
                              "Plan Rows": 632073,
                              "Plan Width": 4,
                              "Actual Startup Time": 0.011,
                              "Actual Total Time": 57.009,
                              "Actual Rows": 361187,
                              "Actual Loops": 7
                            },
                            {
                              "Node Type": "Hash",
                              "Parent Relationship": "Inner",
                              "Parallel Aware": true,
                              "Startup Cost": 31414.82,
                              "Total Cost": 31414.82,
                              "Plan Rows": 364696,
                              "Plan Width": 4,
                              "Actual Startup Time": 134.143,
                              "Actual Total Time": 134.144,
                              "Actual Rows": 135140,
                              "Actual Loops": 7,
                              "Hash Buckets": 2097152,
                              "Original Hash Buckets": 2097152,
                              "Hash Batches": 1,
                              "Original Hash Batches": 1,
                              "Peak Memory Usage": 53504,
                              "Plans": [
                                {
                                  "Node Type": "Seq Scan",
                                  "Parent Relationship": "Outer",
                                  "Parallel Aware": true,
                                  "Relation Name": "movie_companies",
                                  "Alias": "mc",
                                  "Startup Cost": 0.0,
                                  "Total Cost": 31414.82,
                                  "Plan Rows": 364696,
                                  "Plan Width": 4,
                                  "Actual Startup Time": 43.274,
                                  "Actual Total Time": 71.005,
                                  "Actual Rows": 135140,
                                  "Actual Loops": 7,
                                  "Filter": "((company_id < 83353) AND (company_type_id > 1))",
                                  "Rows Removed by Filter": 237592
                                }
                              ]
                            }
                          ]
                        }
                      ]
                    }
                  ]
                }
              ]
            }
          ]
        }
      ]
    },
    "Planning Time": 1.469,
    "Triggers": [],
    "Execution Time": 1443.259
  }
]