[
  {
    "Plan": {
      "Node Type": "Aggregate",
      "Strategy": "Plain",
      "Partial Mode": "Finalize",
      "Parallel Aware": false,
      "Startup Cost": 88214.26,
      "Total Cost": 88214.27,
      "Plan Rows": 1,
      "Plan Width": 8,
      "Actual Startup Time": 144.628,
      "Actual Total Time": 156.247,
      "Actual Rows": 1,
      "Actual Loops": 1,
      "Plans": [
        {
          "Node Type": "Gather",
          "Parent Relationship": "Outer",
          "Parallel Aware": false,
          "Startup Cost": 88213.94,
          "Total Cost": 88214.25,
          "Plan Rows": 3,
          "Plan Width": 8,
          "Actual Startup Time": 143.605,
          "Actual Total Time": 156.24,
          "Actual Rows": 4,
          "Actual Loops": 1,
          "Workers Planned": 3,
          "Workers Launched": 3,
          "Single Copy": false,
          "Plans": [
            {
              "Node Type": "Aggregate",
              "Strategy": "Plain",
              "Partial Mode": "Partial",
              "Parent Relationship": "Outer",
              "Parallel Aware": false,
              "Startup Cost": 87213.94,
              "Total Cost": 87213.95,
              "Plan Rows": 1,
              "Plan Width": 8,
              "Actual Startup Time": 134.066,
              "Actual Total Time": 134.07,
              "Actual Rows": 1,
              "Actual Loops": 4,
              "Plans": [
                {
                  "Node Type": "Nested Loop",
                  "Parent Relationship": "Outer",
                  "Parallel Aware": false,
                  "Join Type": "Inner",
                  "Startup Cost": 27079.01,
                  "Total Cost": 87205.7,
                  "Plan Rows": 3296,
                  "Plan Width": 0,
                  "Actual Startup Time": 78.686,
                  "Actual Total Time": 133.667,
                  "Actual Rows": 4814,
                  "Actual Loops": 4,
                  "Inner Unique": true,
                  "Plans": [
                    {
                      "Node Type": "Hash Join",
                      "Parent Relationship": "Outer",
                      "Parallel Aware": true,
                      "Join Type": "Inner",
                      "Startup Cost": 27078.58,
                      "Total Cost": 62574.24,
                      "Plan Rows": 16394,
                      "Plan Width": 8,
                      "Actual Startup Time": 78.608,
                      "Actual Total Time": 116.11,
                      "Actual Rows": 4814,
                      "Actual Loops": 4,
                      "Inner Unique": false,
                      "Hash Cond": "(mk.movie_id = mc.movie_id)",
                      "Plans": [
                        {
                          "Node Type": "Bitmap Heap Scan",
                          "Parent Relationship": "Outer",
                          "Parallel Aware": true,
                          "Relation Name": "movie_keyword",
                          "Alias": "mk",
                          "Startup Cost": 3213.8,
                          "Total Cost": 28278.29,
                          "Plan Rows": 48839,
                          "Plan Width": 4,
                          "Actual Startup Time": 15.089,
                          "Actual Total Time": 44.63,
                          "Actual Rows": 37849,
                          "Actual Loops": 4,
                          "Recheck Cond": "(keyword_id > 73731)",
                          "Rows Removed by Index Recheck": 0,
                          "Exact Heap Blocks": 6956,
                          "Lossy Heap Blocks": 0,
                          "Plans": [
                            {
                              "Node Type": "Bitmap Index Scan",
                              "Parent Relationship": "Outer",
                              "Parallel Aware": false,
                              "Index Name": "keyword_id_movie_keyword",
                              "Startup Cost": 0.0,
                              "Total Cost": 3175.95,
                              "Plan Rows": 151402,
                              "Plan Width": 0,
                              "Actual Startup Time": 12.195,
                              "Actual Total Time": 12.196,
                              "Actual Rows": 151397,
                              "Actual Loops": 1,
                              "Index Cond": "(keyword_id > 73731)"
                            }
                          ]
                        },
                        {
                          "Node Type": "Hash",
                          "Parent Relationship": "Inner",
                          "Parallel Aware": true,
                          "Startup Cost": 23176.78,
                          "Total Cost": 23176.78,
                          "Plan Rows": 55040,
                          "Plan Width": 4,
                          "Actual Startup Time": 61.458,
                          "Actual Total Time": 61.459,
                          "Actual Rows": 41927,
                          "Actual Loops": 4,
                          "Hash Buckets": 262144,
                          "Original Hash Buckets": 262144,
                          "Hash Batches": 1,
                          "Original Hash Batches": 1,
                          "Peak Memory Usage": 8704,
                          "Plans": [
                            {
                              "Node Type": "Bitmap Heap Scan",
                              "Parent Relationship": "Outer",
                              "Parallel Aware": true,
                              "Relation Name": "movie_companies",
                              "Alias": "mc",
                              "Startup Cost": 3698.77,
                              "Total Cost": 23176.78,
                              "Plan Rows": 55040,
                              "Plan Width": 4,
                              "Actual Startup Time": 11.71,
                              "Actual Total Time": 45.245,
                              "Actual Rows": 41927,
                              "Actual Loops": 4,
                              "Recheck Cond": "(company_id < 34)",
                              "Rows Removed by Index Recheck": 0,
                              "Exact Heap Blocks": 7996,
                              "Lossy Heap Blocks": 0,
                              "Plans": [
                                {
                                  "Node Type": "Bitmap Index Scan",
                                  "Parent Relationship": "Outer",
                                  "Parallel Aware": false,
                                  "Index Name": "company_id_movie_companies",
                                  "Startup Cost": 0.0,
                                  "Total Cost": 3656.12,
                                  "Plan Rows": 170625,
                                  "Plan Width": 0,
                                  "Actual Startup Time": 13.211,
                                  "Actual Total Time": 13.211,
                                  "Actual Rows": 167708,
                                  "Actual Loops": 1,
                                  "Index Cond": "(company_id < 34)"
                                }
                              ]
                            }
                          ]
                        }
                      ]
                    },
                    {
                      "Node Type": "Index Only Scan",
                      "Parent Relationship": "Inner",
                      "Parallel Aware": false,
                      "Scan Direction": "Forward",
                      "Index Name": "title_pkey",
                      "Relation Name": "title",
                      "Alias": "t",
                      "Startup Cost": 0.43,
                      "Total Cost": 1.5,
                      "Plan Rows": 1,
                      "Plan Width": 4,
                      "Actual Startup Time": 0.003,
                      "Actual Total Time": 0.003,
                      "Actual Rows": 1,
                      "Actual Loops": 19254,
                      "Index Cond": "(id = mc.movie_id)",
                      "Rows Removed by Index Recheck": 0,
                      "Heap Fetches": 19254
                    }
                  ]
                }
              ]
            }
          ]
        }
      ]
    },
    "Planning Time": 1.016,
    "Triggers": [],
    "Execution Time": 156.332
  }
]