[
  {
    "Plan": {
      "Node Type": "Aggregate",
      "Strategy": "Plain",
      "Partial Mode": "Finalize",
      "Parallel Aware": false,
      "Startup Cost": 46504.69,
      "Total Cost": 46504.7,
      "Plan Rows": 1,
      "Plan Width": 8,
      "Actual Startup Time": 97.675,
      "Actual Total Time": 110.563,
      "Actual Rows": 1,
      "Actual Loops": 1,
      "Plans": [
        {
          "Node Type": "Gather",
          "Parent Relationship": "Outer",
          "Parallel Aware": false,
          "Startup Cost": 46504.27,
          "Total Cost": 46504.68,
          "Plan Rows": 4,
          "Plan Width": 8,
          "Actual Startup Time": 97.547,
          "Actual Total Time": 110.554,
          "Actual Rows": 5,
          "Actual Loops": 1,
          "Workers Planned": 4,
          "Workers Launched": 4,
          "Single Copy": false,
          "Plans": [
            {
              "Node Type": "Aggregate",
              "Strategy": "Plain",
              "Partial Mode": "Partial",
              "Parent Relationship": "Outer",
              "Parallel Aware": false,
              "Startup Cost": 45504.27,
              "Total Cost": 45504.28,
              "Plan Rows": 1,
              "Plan Width": 8,
              "Actual Startup Time": 88.466,
              "Actual Total Time": 88.467,
              "Actual Rows": 1,
              "Actual Loops": 5,
              "Plans": [
                {
                  "Node Type": "Seq Scan",
                  "Parent Relationship": "Outer",
                  "Parallel Aware": true,
                  "Relation Name": "title",
                  "Alias": "t",
                  "Startup Cost": 0.0,
                  "Total Cost": 45479.1,
                  "Plan Rows": 10067,
                  "Plan Width": 0,
                  "Actual Startup Time": 58.457,
                  "Actual Total Time": 87.304,
                  "Actual Rows": 20795,
                  "Actual Loops": 5,
                  "Filter": "((kind_id < 7) AND (production_year < 1926))",
                  "Rows Removed by Filter": 484867
                }
              ]
            }
          ]
        }
      ]
    },
    "Planning Time": 0.185,
    "Triggers": [],
    "Execution Time": 110.62
  }
]