[
  {
    "Plan": {
      "Node Type": "Aggregate",
      "Strategy": "Plain",
      "Partial Mode": "Finalize",
      "Parallel Aware": false,
      "Startup Cost": 45313.84,
      "Total Cost": 45313.85,
      "Plan Rows": 1,
      "Plan Width": 8,
      "Actual Startup Time": 149.511,
      "Actual Total Time": 157.03,
      "Actual Rows": 1,
      "Actual Loops": 1,
      "Plans": [
        {
          "Node Type": "Gather",
          "Parent Relationship": "Outer",
          "Parallel Aware": false,
          "Startup Cost": 45313.52,
          "Total Cost": 45313.83,
          "Plan Rows": 3,
          "Plan Width": 8,
          "Actual Startup Time": 149.262,
          "Actual Total Time": 157.022,
          "Actual Rows": 4,
          "Actual Loops": 1,
          "Workers Planned": 3,
          "Workers Launched": 3,
          "Single Copy": false,
          "Plans": [
            {
              "Node Type": "Aggregate",
              "Strategy": "Plain",
              "Partial Mode": "Partial",
              "Parent Relationship": "Outer",
              "Parallel Aware": false,
              "Startup Cost": 44313.52,
              "Total Cost": 44313.53,
              "Plan Rows": 1,
              "Plan Width": 8,
              "Actual Startup Time": 141.287,
              "Actual Total Time": 141.289,
              "Actual Rows": 1,
              "Actual Loops": 4,
              "Plans": [
                {
                  "Node Type": "Seq Scan",
                  "Parent Relationship": "Outer",
                  "Parallel Aware": true,
                  "Relation Name": "movie_keyword",
                  "Alias": "mk",
                  "Startup Cost": 0.0,
                  "Total Cost": 42695.65,
                  "Plan Rows": 647147,
                  "Plan Width": 0,
                  "Actual Startup Time": 0.952,
                  "Actual Total Time": 116.924,
                  "Actual Rows": 501072,
                  "Actual Loops": 4,
                  "Filter": "(keyword_id > 6241)",
                  "Rows Removed by Filter": 629910
                }
              ]
            }
          ]
        }
      ]
    },
    "Planning Time": 0.179,
    "Triggers": [],
    "Execution Time": 157.087
  }
]