[
  {
    "Plan": {
      "Node Type": "Aggregate",
      "Strategy": "Plain",
      "Partial Mode": "Finalize",
      "Parallel Aware": false,
      "Startup Cost": 46824.87,
      "Total Cost": 46824.88,
      "Plan Rows": 1,
      "Plan Width": 8,
      "Actual Startup Time": 118.506,
      "Actual Total Time": 133.661,
      "Actual Rows": 1,
      "Actual Loops": 1,
      "Plans": [
        {
          "Node Type": "Gather",
          "Parent Relationship": "Outer",
          "Parallel Aware": false,
          "Startup Cost": 46824.45,
          "Total Cost": 46824.86,
          "Plan Rows": 4,
          "Plan Width": 8,
          "Actual Startup Time": 118.292,
          "Actual Total Time": 133.647,
          "Actual Rows": 5,
          "Actual Loops": 1,
          "Workers Planned": 4,
          "Workers Launched": 4,
          "Single Copy": false,
          "Plans": [
            {
              "Node Type": "Aggregate",
              "Strategy": "Plain",
              "Partial Mode": "Partial",
              "Parent Relationship": "Outer",
              "Parallel Aware": false,
              "Startup Cost": 45824.45,
              "Total Cost": 45824.46,
              "Plan Rows": 1,
              "Plan Width": 8,
              "Actual Startup Time": 108.584,
              "Actual Total Time": 108.585,
              "Actual Rows": 1,
              "Actual Loops": 5,
              "Plans": [
                {
                  "Node Type": "Seq Scan",
                  "Parent Relationship": "Outer",
                  "Parallel Aware": true,
                  "Relation Name": "title",
                  "Alias": "t",
                  "Startup Cost": 0.0,
                  "Total Cost": 45479.59,
                  "Plan Rows": 137947,
                  "Plan Width": 0,
                  "Actual Startup Time": 0.066,
                  "Actual Total Time": 102.347,
                  "Actual Rows": 85119,
                  "Actual Loops": 5,
                  "Filter": "((kind_id > 3) AND (production_year < 1996))",
                  "Rows Removed by Filter": 420544
                }
              ]
            }
          ]
        }
      ]
    },
    "Planning Time": 0.195,
    "Triggers": [],
    "Execution Time": 133.721
  }
]