[
  {
    "Plan": {
      "Node Type": "Aggregate",
      "Strategy": "Plain",
      "Partial Mode": "Finalize",
      "Parallel Aware": false,
      "Startup Cost": 33405.57,
      "Total Cost": 33405.58,
      "Plan Rows": 1,
      "Plan Width": 8,
      "Actual Startup Time": 90.615,
      "Actual Total Time": 98.868,
      "Actual Rows": 1,
      "Actual Loops": 1,
      "Plans": [
        {
          "Node Type": "Gather",
          "Parent Relationship": "Outer",
          "Parallel Aware": false,
          "Startup Cost": 33405.25,
          "Total Cost": 33405.56,
          "Plan Rows": 3,
          "Plan Width": 8,
          "Actual Startup Time": 90.442,
          "Actual Total Time": 98.858,
          "Actual Rows": 4,
          "Actual Loops": 1,
          "Workers Planned": 3,
          "Workers Launched": 3,
          "Single Copy": false,
          "Plans": [
            {
              "Node Type": "Aggregate",
              "Strategy": "Plain",
              "Partial Mode": "Partial",
              "Parent Relationship": "Outer",
              "Parallel Aware": false,
              "Startup Cost": 32405.25,
              "Total Cost": 32405.26,
              "Plan Rows": 1,
              "Plan Width": 8,
              "Actual Startup Time": 86.864,
              "Actual Total Time": 86.866,
              "Actual Rows": 1,
              "Actual Loops": 4,
              "Plans": [
                {
                  "Node Type": "Seq Scan",
                  "Parent Relationship": "Outer",
                  "Parallel Aware": true,
                  "Relation Name": "movie_companies",
                  "Alias": "mc",
                  "Startup Cost": 0.0,
                  "Total Cost": 31414.82,
                  "Plan Rows": 396173,
                  "Plan Width": 0,
                  "Actual Startup Time": 38.827,
                  "Actual Total Time": 75.188,
                  "Actual Rows": 283144,
                  "Actual Loops": 4,
                  "Filter": "((company_id < 112731) AND (company_type_id = 2))",
                  "Rows Removed by Filter": 369139
                }
              ]
            }
          ]
        }
      ]
    },
    "Planning Time": 0.211,
    "Triggers": [],
    "Execution Time": 98.919
  }
]