{
  "Plan": {
    "Node Type": "Aggregate",
    "Strategy": "Plain",
    "Partial Mode": "Finalize",
    "Parallel Aware": false,
    "Startup Cost": 82922.37,
    "Total Cost": 82922.38,
    "Plan Rows": 1,
    "Plan Width": 8,
    "Actual Startup Time": 183.506,
    "Actual Total Time": 197.37,
    "Actual Rows": 1,
    "Actual Loops": 1,
    "Plans": [
      {
        "Node Type": "Gather",
        "Parent Relationship": "Outer",
        "Parallel Aware": false,
        "Startup Cost": 82922.26,
        "Total Cost": 82922.37,
        "Plan Rows": 1,
        "Plan Width": 8,
        "Actual Startup Time": 183.108,
        "Actual Total Time": 197.362,
        "Actual Rows": 2,
        "Actual Loops": 1,
        "Workers Planned": 1,
        "Workers Launched": 1,
        "Single Copy": false,
        "Plans": [
          {
            "Node Type": "Aggregate",
            "Strategy": "Plain",
            "Partial Mode": "Partial",
            "Parent Relationship": "Outer",
            "Parallel Aware": false,
            "Startup Cost": 81922.26,
            "Total Cost": 81922.27,
            "Plan Rows": 1,
            "Plan Width": 8,
            "Actual Startup Time": 176.994,
            "Actual Total Time": 176.998,
            "Actual Rows": 1,
            "Actual Loops": 2,
            "Plans": [
              {
                "Node Type": "Nested Loop",
                "Parent Relationship": "Outer",
                "Parallel Aware": false,
                "Join Type": "Inner",
                "Startup Cost": 21204.52,
                "Total Cost": 81914.54,
                "Plan Rows": 3088,
                "Plan Width": 0,
                "Actual Startup Time": 45.73,
                "Actual Total Time": 176.797,
                "Actual Rows": 4258,
                "Actual Loops": 2,
                "Inner Unique": false,
                "Plans": [
                  {
                    "Node Type": "Hash Join",
                    "Parent Relationship": "Outer",
                    "Parallel Aware": true,
                    "Join Type": "Inner",
                    "Startup Cost": 21204.09,
                    "Total Cost": 76213.78,
                    "Plan Rows": 1726,
                    "Plan Width": 8,
                    "Actual Startup Time": 44.575,
                    "Actual Total Time": 171.96,
                    "Actual Rows": 794,
                    "Actual Loops": 2,
                    "Inner Unique": false,
                    "Hash Cond": "(t.id = mc.movie_id)",
                    "Plans": [
                      {
                        "Node Type": "Seq Scan",
                        "Parent Relationship": "Outer",
                        "Parallel Aware": true,
                        "Relation Name": "title",
                        "Alias": "t",
                        "Startup Cost": 0.0,
                        "Total Cost": 54588.39,
                        "Plan Rows": 65785,
                        "Plan Width": 4,
                        "Actual Startup Time": 0.014,
                        "Actual Total Time": 116.889,
                        "Actual Rows": 54214,
                        "Actual Loops": 2,
                        "Filter": "(production_year = 2006)",
                        "Rows Removed by Filter": 1209942
                      },
                      {
                        "Node Type": "Hash",
                        "Parent Relationship": "Inner",
                        "Parallel Aware": true,
                        "Startup Cost": 20716.31,
                        "Total Cost": 20716.31,
                        "Plan Rows": 39022,
                        "Plan Width": 4,
                        "Actual Startup Time": 41.91,
                        "Actual Total Time": 41.911,
                        "Actual Rows": 34964,
                        "Actual Loops": 2,
                        "Hash Buckets": 131072,
                        "Original Hash Buckets": 131072,
                        "Hash Batches": 1,
                        "Original Hash Batches": 1,
                        "Peak Memory Usage": 3776,
                        "Plans": [
                          {
                            "Node Type": "Bitmap Heap Scan",
                            "Parent Relationship": "Outer",
                            "Parallel Aware": true,
                            "Relation Name": "movie_companies",
                            "Alias": "mc",
                            "Startup Cost": 1438.54,
                            "Total Cost": 20716.31,
                            "Plan Rows": 39022,
                            "Plan Width": 4,
                            "Actual Startup Time": 8.335,
                            "Actual Total Time": 30.212,
                            "Actual Rows": 34964,
                            "Actual Loops": 2,
                            "Recheck Cond": "(company_id < 11)",
                            "Rows Removed by Index Recheck": 0,
                            "Exact Heap Blocks": 5705,
                            "Lossy Heap Blocks": 0,
                            "Plans": [
                              {
                                "Node Type": "Bitmap Index Scan",
                                "Parent Relationship": "Outer",
                                "Parallel Aware": false,
                                "Index Name": "company_id_movie_companies",
                                "Startup Cost": 0.0,
                                "Total Cost": 1421.96,
                                "Plan Rows": 66337,
                                "Plan Width": 0,
                                "Actual Startup Time": 9.336,
                                "Actual Total Time": 9.336,
                                "Actual Rows": 69928,
                                "Actual Loops": 1,
                                "Index Cond": "(company_id < 11)"
                              }
                            ]
                          }
                        ]
                      }
                    ]
                  },
                  {
                    "Node Type": "Index Only Scan",
                    "Parent Relationship": "Inner",
                    "Parallel Aware": false,
                    "Scan Direction": "Forward",
                    "Index Name": "movie_id_movie_keyword",
                    "Relation Name": "movie_keyword",
                    "Alias": "mk",
                    "Startup Cost": 0.43,
                    "Total Cost": 2.85,
                    "Plan Rows": 45,
                    "Plan Width": 4,
                    "Actual Startup Time": 0.005,
                    "Actual Total Time": 0.005,
                    "Actual Rows": 5,
                    "Actual Loops": 1587,
                    "Index Cond": "(movie_id = t.id)",
                    "Rows Removed by Index Recheck": 0,
                    "Heap Fetches": 8517
                  }
                ]
              }
            ]
          }
        ]
      }
    ]
  },
  "Planning Time": 1.007,
  "Triggers": [],
  "Execution Time": 197.473
}