[
  {
    "Plan": {
      "Node Type": "Aggregate",
      "Strategy": "Plain",
      "Partial Mode": "Finalize",
      "Parallel Aware": false,
      "Startup Cost": 23398.25,
      "Total Cost": 23398.26,
      "Plan Rows": 1,
      "Plan Width": 8,
      "Actual Startup Time": 41.83,
      "Actual Total Time": 47.84,
      "Actual Rows": 1,
      "Actual Loops": 1,
      "Plans": [
        {
          "Node Type": "Gather",
          "Parent Relationship": "Outer",
          "Parallel Aware": false,
          "Startup Cost": 23397.83,
          "Total Cost": 23398.24,
          "Plan Rows": 4,
          "Plan Width": 8,
          "Actual Startup Time": 41.687,
          "Actual Total Time": 47.832,
          "Actual Rows": 5,
          "Actual Loops": 1,
          "Workers Planned": 4,
          "Workers Launched": 4,
          "Single Copy": false,
          "Plans": [
            {
              "Node Type": "Aggregate",
              "Strategy": "Plain",
              "Partial Mode": "Partial",
              "Parent Relationship": "Outer",
              "Parallel Aware": false,
              "Startup Cost": 22397.83,
              "Total Cost": 22397.84,
              "Plan Rows": 1,
              "Plan Width": 8,
              "Actual Startup Time": 36.226,
              "Actual Total Time": 36.226,
              "Actual Rows": 1,
              "Actual Loops": 5,
              "Plans": [
                {
                  "Node Type": "Index Scan",
                  "Parent Relationship": "Outer",
                  "Parallel Aware": true,
                  "Scan Direction": "Forward",
                  "Index Name": "role_id_cast_info",
                  "Relation Name": "cast_info",
                  "Alias": "ci",
                  "Startup Cost": 0.56,
                  "Total Cost": 22393.76,
                  "Plan Rows": 1630,
                  "Plan Width": 0,
                  "Actual Startup Time": 27.952,
                  "Actual Total Time": 36.168,
                  "Actual Rows": 927,
                  "Actual Loops": 5,
                  "Index Cond": "(role_id = 6)",
                  "Rows Removed by Index Recheck": 0,
                  "Filter": "(person_id < 35967)",
                  "Rows Removed by Filter": 153807
                }
              ]
            }
          ]
        }
      ]
    },
    "Planning Time": 0.301,
    "Triggers": [],
    "Execution Time": 47.906
  }
]