[
  {
    "Plan": {
      "Node Type": "Aggregate",
      "Strategy": "Plain",
      "Partial Mode": "Finalize",
      "Parallel Aware": false,
      "Startup Cost": 33472.66,
      "Total Cost": 33472.67,
      "Plan Rows": 1,
      "Plan Width": 8,
      "Actual Startup Time": 105.129,
      "Actual Total Time": 113.273,
      "Actual Rows": 1,
      "Actual Loops": 1,
      "Plans": [
        {
          "Node Type": "Gather",
          "Parent Relationship": "Outer",
          "Parallel Aware": false,
          "Startup Cost": 33472.35,
          "Total Cost": 33472.66,
          "Plan Rows": 3,
          "Plan Width": 8,
          "Actual Startup Time": 104.988,
          "Actual Total Time": 113.263,
          "Actual Rows": 4,
          "Actual Loops": 1,
          "Workers Planned": 3,
          "Workers Launched": 3,
          "Single Copy": false,
          "Plans": [
            {
              "Node Type": "Aggregate",
              "Strategy": "Plain",
              "Partial Mode": "Partial",
              "Parent Relationship": "Outer",
              "Parallel Aware": false,
              "Startup Cost": 32472.35,
              "Total Cost": 32472.36,
              "Plan Rows": 1,
              "Plan Width": 8,
              "Actual Startup Time": 99.662,
              "Actual Total Time": 99.663,
              "Actual Rows": 1,
              "Actual Loops": 4,
              "Plans": [
                {
                  "Node Type": "Seq Scan",
                  "Parent Relationship": "Outer",
                  "Parallel Aware": true,
                  "Relation Name": "movie_companies",
                  "Alias": "mc",
                  "Startup Cost": 0.0,
                  "Total Cost": 31414.82,
                  "Plan Rows": 423011,
                  "Plan Width": 0,
                  "Actual Startup Time": 43.306,
                  "Actual Total Time": 84.832,
                  "Actual Rows": 322996,
                  "Actual Loops": 4,
                  "Filter": "((company_id < 197092) AND (company_type_id > 1))",
                  "Rows Removed by Filter": 329286
                }
              ]
            }
          ]
        }
      ]
    },
    "Planning Time": 0.117,
    "Triggers": [],
    "Execution Time": 113.309
  }
]