[
  {
    "Plan": {
      "Node Type": "Aggregate",
      "Strategy": "Plain",
      "Partial Mode": "Finalize",
      "Parallel Aware": false,
      "Startup Cost": 246013.5,
      "Total Cost": 246013.51,
      "Plan Rows": 1,
      "Plan Width": 8,
      "Actual Startup Time": 1501.131,
      "Actual Total Time": 1555.488,
      "Actual Rows": 1,
      "Actual Loops": 1,
      "Plans": [
        {
          "Node Type": "Gather",
          "Parent Relationship": "Outer",
          "Parallel Aware": false,
          "Startup Cost": 246013.08,
          "Total Cost": 246013.49,
          "Plan Rows": 4,
          "Plan Width": 8,
          "Actual Startup Time": 1498.776,
          "Actual Total Time": 1555.477,
          "Actual Rows": 5,
          "Actual Loops": 1,
          "Workers Planned": 4,
          "Workers Launched": 4,
          "Single Copy": false,
          "Plans": [
            {
              "Node Type": "Aggregate",
              "Strategy": "Plain",
              "Partial Mode": "Partial",
              "Parent Relationship": "Outer",
              "Parallel Aware": false,
              "Startup Cost": 245013.08,
              "Total Cost": 245013.09,
              "Plan Rows": 1,
              "Plan Width": 8,
              "Actual Startup Time": 1487.661,
              "Actual Total Time": 1487.667,
              "Actual Rows": 1,
              "Actual Loops": 5,
              "Plans": [
                {
                  "Node Type": "Nested Loop",
                  "Parent Relationship": "Outer",
                  "Parallel Aware": false,
                  "Join Type": "Inner",
                  "Startup Cost": 29181.45,
                  "Total Cost": 243735.94,
                  "Plan Rows": 510853,
                  "Plan Width": 0,
                  "Actual Startup Time": 124.529,
                  "Actual Total Time": 1418.237,
                  "Actual Rows": 1233666,
                  "Actual Loops": 5,
                  "Inner Unique": false,
                  "Plans": [
                    {
                      "Node Type": "Hash Join",
                      "Parent Relationship": "Outer",
                      "Parallel Aware": true,
                      "Join Type": "Inner",
                      "Startup Cost": 29181.02,
                      "Total Cost": 74941.94,
                      "Plan Rows": 87366,
                      "Plan Width": 8,
                      "Actual Startup Time": 122.998,
                      "Actual Total Time": 338.047,
                      "Actual Rows": 70418,
                      "Actual Loops": 5,
                      "Inner Unique": false,
                      "Hash Cond": "(t.id = mc.movie_id)",
                      "Plans": [
                        {
                          "Node Type": "Seq Scan",
                          "Parent Relationship": "Outer",
                          "Parallel Aware": true,
                          "Relation Name": "title",
                          "Alias": "t",
                          "Startup Cost": 0.0,
                          "Total Cost": 42318.73,
                          "Plan Rows": 632073,
                          "Plan Width": 4,
                          "Actual Startup Time": 0.013,
                          "Actual Total Time": 79.259,
                          "Actual Rows": 505662,
                          "Actual Loops": 5
                        },
                        {
                          "Node Type": "Hash",
                          "Parent Relationship": "Inner",
                          "Parallel Aware": true,
                          "Startup Cost": 27771.89,
                          "Total Cost": 27771.89,
                          "Plan Rows": 112730,
                          "Plan Width": 4,
                          "Actual Startup Time": 94.524,
                          "Actual Total Time": 94.528,
                          "Actual Rows": 70418,
                          "Actual Loops": 5,
                          "Hash Buckets": 524288,
                          "Original Hash Buckets": 524288,
                          "Hash Batches": 1,
                          "Original Hash Batches": 1,
                          "Peak Memory Usage": 17952,
                          "Plans": [
                            {
                              "Node Type": "Bitmap Heap Scan",
                              "Parent Relationship": "Outer",
                              "Parallel Aware": true,
                              "Relation Name": "movie_companies",
                              "Alias": "mc",
                              "Startup Cost": 7572.77,
                              "Total Cost": 27771.89,
                              "Plan Rows": 112730,
                              "Plan Width": 4,
                              "Actual Startup Time": 31.253,
                              "Actual Total Time": 63.087,
                              "Actual Rows": 70418,
                              "Actual Loops": 5,
                              "Recheck Cond": "(company_id > 88042)",
                              "Rows Removed by Index Recheck": 0,
                              "Exact Heap Blocks": 1711,
                              "Lossy Heap Blocks": 0,
                              "Plans": [
                                {
                                  "Node Type": "Bitmap Index Scan",
                                  "Parent Relationship": "Outer",
                                  "Parallel Aware": false,
                                  "Index Name": "company_id_movie_companies",
                                  "Startup Cost": 0.0,
                                  "Total Cost": 7485.4,
                                  "Plan Rows": 349463,
                                  "Plan Width": 0,
                                  "Actual Startup Time": 30.043,
                                  "Actual Total Time": 30.043,
                                  "Actual Rows": 352092,
                                  "Actual Loops": 1,
                                  "Index Cond": "(company_id > 88042)"
                                }
                              ]
                            }
                          ]
                        }
                      ]
                    },
                    {
                      "Node Type": "Index Only Scan",
                      "Parent Relationship": "Inner",
                      "Parallel Aware": false,
                      "Scan Direction": "Forward",
                      "Index Name": "movie_id_movie_info",
                      "Relation Name": "movie_info",
                      "Alias": "mi",
                      "Startup Cost": 0.43,
                      "Total Cost": 1.51,
                      "Plan Rows": 42,
                      "Plan Width": 4,
                      "Actual Startup Time": 0.005,
                      "Actual Total Time": 0.014,
                      "Actual Rows": 18,
                      "Actual Loops": 352092,
                      "Index Cond": "(movie_id = t.id)",
                      "Rows Removed by Index Recheck": 0,
                      "Heap Fetches": 6168329
                    }
                  ]
                }
              ]
            }
          ]
        }
      ]
    },
    "Planning Time": 1.495,
    "Triggers": [],
    "Execution Time": 1555.628
  }
]