{
    "Plan": {
        "Node Type": "Aggregate",
        "Strategy": "Plain",
        "Partial Mode": "Finalize",
        "Parallel Aware": false,
        "Startup Cost": 97641.35,
        "Total Cost": 97641.36,
        "Plan Rows": 1,
        "Plan Width": 8,
        "Actual Startup Time": 585.791,
        "Actual Total Time": 606.15,
        "Actual Rows": 1,
        "Actual Loops": 1,
        "Output": [
            "count(*)"
        ],
        "Plans": [
            {
                "Node Type": "Gather",
                "Parent Relationship": "Outer",
                "Parallel Aware": false,
                "Startup Cost": 97641.03,
                "Total Cost": 97641.34,
                "Plan Rows": 3,
                "Plan Width": 8,
                "Actual Startup Time": 578.606,
                "Actual Total Time": 606.134,
                "Actual Rows": 4,
                "Actual Loops": 1,
                "Output": [
                    "(PARTIAL count(*))"
                ],
                "Workers Planned": 3,
                "Workers Launched": 3,
                "Single Copy": false,
                "Plans": [
                    {
                        "Node Type": "Aggregate",
                        "Strategy": "Plain",
                        "Partial Mode": "Partial",
                        "Parent Relationship": "Outer",
                        "Parallel Aware": false,
                        "Startup Cost": 96641.03,
                        "Total Cost": 96641.04,
                        "Plan Rows": 1,
                        "Plan Width": 8,
                        "Actual Startup Time": 561.273,
                        "Actual Total Time": 561.276,
                        "Actual Rows": 1,
                        "Actual Loops": 4,
                        "Output": [
                            "PARTIAL count(*)"
                        ],
                        "Workers": [
                            {
                                "Worker Number": 0,
                                "Actual Startup Time": 556.654,
                                "Actual Total Time": 556.657,
                                "Actual Rows": 1,
                                "Actual Loops": 1
                            },
                            {
                                "Worker Number": 1,
                                "Actual Startup Time": 555.229,
                                "Actual Total Time": 555.231,
                                "Actual Rows": 1,
                                "Actual Loops": 1
                            },
                            {
                                "Worker Number": 2,
                                "Actual Startup Time": 555.243,
                                "Actual Total Time": 555.246,
                                "Actual Rows": 1,
                                "Actual Loops": 1
                            }
                        ],
                        "Plans": [
                            {
                                "Node Type": "Hash Join",
                                "Parent Relationship": "Outer",
                                "Parallel Aware": true,
                                "Join Type": "Inner",
                                "Startup Cost": 50219.81,
                                "Total Cost": 94823.68,
                                "Plan Rows": 726941,
                                "Plan Width": 0,
                                "Actual Startup Time": 322.539,
                                "Actual Total Time": 539.221,
                                "Actual Rows": 564946,
                                "Actual Loops": 4,
                                "Inner Unique": true,
                                "Hash Cond": "(mk.movie_id = t.id)",
                                "Workers": [
                                    {
                                        "Worker Number": 0,
                                        "Actual Startup Time": 316.838,
                                        "Actual Total Time": 535.639,
                                        "Actual Rows": 543714,
                                        "Actual Loops": 1
                                    },
                                    {
                                        "Worker Number": 1,
                                        "Actual Startup Time": 316.934,
                                        "Actual Total Time": 534.332,
                                        "Actual Rows": 540906,
                                        "Actual Loops": 1
                                    },
                                    {
                                        "Worker Number": 2,
                                        "Actual Startup Time": 316.836,
                                        "Actual Total Time": 534.178,
                                        "Actual Rows": 544874,
                                        "Actual Loops": 1
                                    }
                                ],
                                "Plans": [
                                    {
                                        "Node Type": "Seq Scan",
                                        "Parent Relationship": "Outer",
                                        "Parallel Aware": true,
                                        "Relation Name": "movie_keyword",
                                        "Schema": "public",
                                        "Alias": "mk",
                                        "Startup Cost": 0.0,
                                        "Total Cost": 42695.65,
                                        "Plan Rows": 726941,
                                        "Plan Width": 4,
                                        "Actual Startup Time": 0.015,
                                        "Actual Total Time": 111.819,
                                        "Actual Rows": 564946,
                                        "Actual Loops": 4,
                                        "Output": [
                                            "mk.id",
                                            "mk.movie_id",
                                            "mk.keyword_id"
                                        ],
                                        "Filter": "(mk.keyword_id < 4683)",
                                        "Rows Removed by Filter": 566037,
                                        "Workers": [
                                            {
                                                "Worker Number": 0,
                                                "Actual Startup Time": 0.017,
                                                "Actual Total Time": 115.869,
                                                "Actual Rows": 543714,
                                                "Actual Loops": 1
                                            },
                                            {
                                                "Worker Number": 1,
                                                "Actual Startup Time": 0.02,
                                                "Actual Total Time": 115.704,
                                                "Actual Rows": 540906,
                                                "Actual Loops": 1
                                            },
                                            {
                                                "Worker Number": 2,
                                                "Actual Startup Time": 0.015,
                                                "Actual Total Time": 116.044,
                                                "Actual Rows": 544874,
                                                "Actual Loops": 1
                                            }
                                        ]
                                    },
                                    {
                                        "Node Type": "Hash",
                                        "Parent Relationship": "Inner",
                                        "Parallel Aware": true,
                                        "Startup Cost": 42318.81,
                                        "Total Cost": 42318.81,
                                        "Plan Rows": 632080,
                                        "Plan Width": 4,
                                        "Actual Startup Time": 311.388,
                                        "Actual Total Time": 311.389,
                                        "Actual Rows": 632078,
                                        "Actual Loops": 4,
                                        "Output": [
                                            "t.id"
                                        ],
                                        "Hash Buckets": 4194304,
                                        "Original Hash Buckets": 4194304,
                                        "Hash Batches": 1,
                                        "Original Hash Batches": 1,
                                        "Peak Memory Usage": 131776,
                                        "Workers": [
                                            {
                                                "Worker Number": 0,
                                                "Actual Startup Time": 316.188,
                                                "Actual Total Time": 316.189,
                                                "Actual Rows": 597180,
                                                "Actual Loops": 1
                                            },
                                            {
                                                "Worker Number": 1,
                                                "Actual Startup Time": 316.079,
                                                "Actual Total Time": 316.08,
                                                "Actual Rows": 590278,
                                                "Actual Loops": 1
                                            },
                                            {
                                                "Worker Number": 2,
                                                "Actual Startup Time": 316.077,
                                                "Actual Total Time": 316.078,
                                                "Actual Rows": 600423,
                                                "Actual Loops": 1
                                            }
                                        ],
                                        "Plans": [
                                            {
                                                "Node Type": "Seq Scan",
                                                "Parent Relationship": "Outer",
                                                "Parallel Aware": true,
                                                "Relation Name": "title",
                                                "Schema": "public",
                                                "Alias": "t",
                                                "Startup Cost": 0.0,
                                                "Total Cost": 42318.81,
                                                "Plan Rows": 632080,
                                                "Plan Width": 4,
                                                "Actual Startup Time": 0.051,
                                                "Actual Total Time": 96.462,
                                                "Actual Rows": 632078,
                                                "Actual Loops": 4,
                                                "Output": [
                                                    "t.id"
                                                ],
                                                "Workers": [
                                                    {
                                                        "Worker Number": 0,
                                                        "Actual Startup Time": 0.064,
                                                        "Actual Total Time": 101.042,
                                                        "Actual Rows": 597180,
                                                        "Actual Loops": 1
                                                    },
                                                    {
                                                        "Worker Number": 1,
                                                        "Actual Startup Time": 0.058,
                                                        "Actual Total Time": 100.594,
                                                        "Actual Rows": 590278,
                                                        "Actual Loops": 1
                                                    },
                                                    {
                                                        "Worker Number": 2,
                                                        "Actual Startup Time": 0.07,
                                                        "Actual Total Time": 100.74,
                                                        "Actual Rows": 600423,
                                                        "Actual Loops": 1
                                                    }
                                                ]
                                            }
                                        ]
                                    }
                                ]
                            }
                        ]
                    }
                ]
            }
        ]
    },
    "Planning Time": 0.704,
    "Triggers": [],
    "Execution Time": 606.221
}