[
  {
    "Plan": {
      "Node Type": "Aggregate",
      "Strategy": "Plain",
      "Partial Mode": "Finalize",
      "Parallel Aware": false,
      "Startup Cost": 66820.14,
      "Total Cost": 66820.15,
      "Plan Rows": 1,
      "Plan Width": 8,
      "Actual Startup Time": 132.78,
      "Actual Total Time": 145.73,
      "Actual Rows": 1,
      "Actual Loops": 1,
      "Plans": [
        {
          "Node Type": "Gather",
          "Parent Relationship": "Outer",
          "Parallel Aware": false,
          "Startup Cost": 66819.72,
          "Total Cost": 66820.13,
          "Plan Rows": 4,
          "Plan Width": 8,
          "Actual Startup Time": 132.419,
          "Actual Total Time": 145.723,
          "Actual Rows": 5,
          "Actual Loops": 1,
          "Workers Planned": 4,
          "Workers Launched": 4,
          "Single Copy": false,
          "Plans": [
            {
              "Node Type": "Aggregate",
              "Strategy": "Plain",
              "Partial Mode": "Partial",
              "Parent Relationship": "Outer",
              "Parallel Aware": false,
              "Startup Cost": 65819.72,
              "Total Cost": 65819.73,
              "Plan Rows": 1,
              "Plan Width": 8,
              "Actual Startup Time": 124.838,
              "Actual Total Time": 124.842,
              "Actual Rows": 1,
              "Actual Loops": 5,
              "Plans": [
                {
                  "Node Type": "Hash Join",
                  "Parent Relationship": "Outer",
                  "Parallel Aware": true,
                  "Join Type": "Inner",
                  "Startup Cost": 21076.42,
                  "Total Cost": 65813.04,
                  "Plan Rows": 2675,
                  "Plan Width": 0,
                  "Actual Startup Time": 84.336,
                  "Actual Total Time": 124.829,
                  "Actual Rows": 10,
                  "Actual Loops": 5,
                  "Inner Unique": false,
                  "Hash Cond": "(t.id = mc.movie_id)",
                  "Plans": [
                    {
                      "Node Type": "Seq Scan",
                      "Parent Relationship": "Outer",
                      "Parallel Aware": true,
                      "Relation Name": "title",
                      "Alias": "t",
                      "Startup Cost": 0.0,
                      "Total Cost": 43898.92,
                      "Plan Rows": 165814,
                      "Plan Width": 4,
                      "Actual Startup Time": 34.263,
                      "Actual Total Time": 77.748,
                      "Actual Rows": 132565,
                      "Actual Loops": 5,
                      "Filter": "(kind_id = 1)",
                      "Rows Removed by Filter": 373097
                    },
                    {
                      "Node Type": "Hash",
                      "Parent Relationship": "Inner",
                      "Parallel Aware": true,
                      "Startup Cost": 20911.93,
                      "Total Cost": 20911.93,
                      "Plan Rows": 13159,
                      "Plan Width": 4,
                      "Actual Startup Time": 31.785,
                      "Actual Total Time": 31.787,
                      "Actual Rows": 3499,
                      "Actual Loops": 5,
                      "Hash Buckets": 65536,
                      "Original Hash Buckets": 65536,
                      "Hash Batches": 1,
                      "Original Hash Batches": 1,
                      "Peak Memory Usage": 1248,
                      "Plans": [
                        {
                          "Node Type": "Bitmap Heap Scan",
                          "Parent Relationship": "Outer",
                          "Parallel Aware": true,
                          "Relation Name": "movie_companies",
                          "Alias": "mc",
                          "Startup Cost": 1733.19,
                          "Total Cost": 20911.93,
                          "Plan Rows": 13159,
                          "Plan Width": 4,
                          "Actual Startup Time": 26.116,
                          "Actual Total Time": 30.291,
                          "Actual Rows": 3499,
                          "Actual Loops": 5,
                          "Recheck Cond": "(company_id < 18)",
                          "Rows Removed by Index Recheck": 0,
                          "Filter": "(company_type_id > 1)",
                          "Rows Removed by Filter": 13279,
                          "Exact Heap Blocks": 5529,
                          "Lossy Heap Blocks": 0,
                          "Plans": [
                            {
                              "Node Type": "Bitmap Index Scan",
                              "Parent Relationship": "Outer",
                              "Parallel Aware": false,
                              "Index Name": "company_id_movie_companies",
                              "Startup Cost": 0.0,
                              "Total Cost": 1722.99,
                              "Plan Rows": 80341,
                              "Plan Width": 0,
                              "Actual Startup Time": 11.566,
                              "Actual Total Time": 11.566,
                              "Actual Rows": 83891,
                              "Actual Loops": 1,
                              "Index Cond": "(company_id < 18)"
                            }
                          ]
                        }
                      ]
                    }
                  ]
                }
              ]
            }
          ]
        }
      ]
    },
    "Planning Time": 0.545,
    "Triggers": [],
    "Execution Time": 145.799
  }
]