[
    {
        "Bao": {
            "Bao prediction": "NaN",
            "Bao recommended hint": "(no hint)"
        }
    },
    {
        "Plan": {
            "Node Type": "Aggregate",
            "Strategy": "Plain",
            "Partial Mode": "Finalize",
            "Parallel Aware": false,
            "Startup Cost": 109182.44,
            "Total Cost": 109182.45,
            "Plan Rows": 1,
            "Plan Width": 8,
            "Actual Startup Time": 525.58,
            "Actual Total Time": 561.736,
            "Actual Rows": 1,
            "Actual Loops": 1,
            "Output": [
                "count(*)"
            ],
            "Plans": [
                {
                    "Node Type": "Gather",
                    "Parent Relationship": "Outer",
                    "Parallel Aware": false,
                    "Startup Cost": 109182.12,
                    "Total Cost": 109182.43,
                    "Plan Rows": 3,
                    "Plan Width": 8,
                    "Actual Startup Time": 525.133,
                    "Actual Total Time": 561.725,
                    "Actual Rows": 4,
                    "Actual Loops": 1,
                    "Output": [
                        "(PARTIAL count(*))"
                    ],
                    "Workers Planned": 3,
                    "Workers Launched": 3,
                    "Single Copy": false,
                    "Plans": [
                        {
                            "Node Type": "Aggregate",
                            "Strategy": "Plain",
                            "Partial Mode": "Partial",
                            "Parent Relationship": "Outer",
                            "Parallel Aware": false,
                            "Startup Cost": 108182.12,
                            "Total Cost": 108182.13,
                            "Plan Rows": 1,
                            "Plan Width": 8,
                            "Actual Startup Time": 516.395,
                            "Actual Total Time": 516.399,
                            "Actual Rows": 1,
                            "Actual Loops": 4,
                            "Output": [
                                "PARTIAL count(*)"
                            ],
                            "Workers": [
                                {
                                    "Worker Number": 0,
                                    "Actual Startup Time": 513.602,
                                    "Actual Total Time": 513.605,
                                    "Actual Rows": 1,
                                    "Actual Loops": 1
                                },
                                {
                                    "Worker Number": 1,
                                    "Actual Startup Time": 513.72,
                                    "Actual Total Time": 513.723,
                                    "Actual Rows": 1,
                                    "Actual Loops": 1
                                },
                                {
                                    "Worker Number": 2,
                                    "Actual Startup Time": 513.513,
                                    "Actual Total Time": 513.517,
                                    "Actual Rows": 1,
                                    "Actual Loops": 1
                                }
                            ],
                            "Plans": [
                                {
                                    "Node Type": "Nested Loop",
                                    "Parent Relationship": "Outer",
                                    "Parallel Aware": false,
                                    "Join Type": "Inner",
                                    "Startup Cost": 45672.49,
                                    "Total Cost": 108140.32,
                                    "Plan Rows": 16720,
                                    "Plan Width": 0,
                                    "Actual Startup Time": 123.453,
                                    "Actual Total Time": 513.672,
                                    "Actual Rows": 30368,
                                    "Actual Loops": 4,
                                    "Inner Unique": false,
                                    "Join Filter": "(t.id = mi.movie_id)",
                                    "Rows Removed by Join Filter": 0,
                                    "Workers": [
                                        {
                                            "Worker Number": 0,
                                            "Actual Startup Time": 120.6,
                                            "Actual Total Time": 511.032,
                                            "Actual Rows": 33864,
                                            "Actual Loops": 1
                                        },
                                        {
                                            "Worker Number": 1,
                                            "Actual Startup Time": 120.789,
                                            "Actual Total Time": 511.161,
                                            "Actual Rows": 33412,
                                            "Actual Loops": 1
                                        },
                                        {
                                            "Worker Number": 2,
                                            "Actual Startup Time": 120.667,
                                            "Actual Total Time": 510.791,
                                            "Actual Rows": 21712,
                                            "Actual Loops": 1
                                        }
                                    ],
                                    "Plans": [
                                        {
                                            "Node Type": "Hash Join",
                                            "Parent Relationship": "Outer",
                                            "Parallel Aware": true,
                                            "Join Type": "Inner",
                                            "Startup Cost": 45672.06,
                                            "Total Cost": 75087.95,
                                            "Plan Rows": 20543,
                                            "Plan Width": 8,
                                            "Actual Startup Time": 123.372,
                                            "Actual Total Time": 250.837,
                                            "Actual Rows": 19035,
                                            "Actual Loops": 4,
                                            "Output": [
                                                "t.id",
                                                "mc.movie_id"
                                            ],
                                            "Inner Unique": true,
                                            "Hash Cond": "(mc.movie_id = t.id)",
                                            "Workers": [
                                                {
                                                    "Worker Number": 0,
                                                    "Actual Startup Time": 120.502,
                                                    "Actual Total Time": 241.797,
                                                    "Actual Rows": 21050,
                                                    "Actual Loops": 1
                                                },
                                                {
                                                    "Worker Number": 1,
                                                    "Actual Startup Time": 120.714,
                                                    "Actual Total Time": 242.061,
                                                    "Actual Rows": 20878,
                                                    "Actual Loops": 1
                                                },
                                                {
                                                    "Worker Number": 2,
                                                    "Actual Startup Time": 120.553,
                                                    "Actual Total Time": 241.159,
                                                    "Actual Rows": 13784,
                                                    "Actual Loops": 1
                                                }
                                            ],
                                            "Plans": [
                                                {
                                                    "Node Type": "Seq Scan",
                                                    "Parent Relationship": "Outer",
                                                    "Parallel Aware": true,
                                                    "Relation Name": "movie_companies",
                                                    "Schema": "public",
                                                    "Alias": "mc",
                                                    "Startup Cost": 0.0,
                                                    "Total Cost": 27206.55,
                                                    "Plan Rows": 841655,
                                                    "Plan Width": 4,
                                                    "Actual Startup Time": 0.019,
                                                    "Actual Total Time": 61.323,
                                                    "Actual Rows": 652282,
                                                    "Actual Loops": 4,
                                                    "Output": [
                                                        "mc.id",
                                                        "mc.movie_id",
                                                        "mc.company_id",
                                                        "mc.company_type_id",
                                                        "mc.note"
                                                    ],
                                                    "Workers": [
                                                        {
                                                            "Worker Number": 0,
                                                            "Actual Startup Time": 0.021,
                                                            "Actual Total Time": 59.945,
                                                            "Actual Rows": 742075,
                                                            "Actual Loops": 1
                                                        },
                                                        {
                                                            "Worker Number": 1,
                                                            "Actual Startup Time": 0.02,
                                                            "Actual Total Time": 59.462,
                                                            "Actual Rows": 736185,
                                                            "Actual Loops": 1
                                                        },
                                                        {
                                                            "Worker Number": 2,
                                                            "Actual Startup Time": 0.028,
                                                            "Actual Total Time": 59.32,
                                                            "Actual Rows": 457800,
                                                            "Actual Loops": 1
                                                        }
                                                    ]
                                                },
                                                {
                                                    "Node Type": "Hash",
                                                    "Parent Relationship": "Inner",
                                                    "Parallel Aware": true,
                                                    "Startup Cost": 45479.21,
                                                    "Total Cost": 45479.21,
                                                    "Plan Rows": 15428,
                                                    "Plan Width": 4,
                                                    "Actual Startup Time": 97.825,
                                                    "Actual Total Time": 97.826,
                                                    "Actual Rows": 15395,
                                                    "Actual Loops": 4,
                                                    "Output": [
                                                        "t.id"
                                                    ],
                                                    "Hash Buckets": 65536,
                                                    "Original Hash Buckets": 65536,
                                                    "Hash Batches": 1,
                                                    "Original Hash Batches": 1,
                                                    "Peak Memory Usage": 3008,
                                                    "Workers": [
                                                        {
                                                            "Worker Number": 0,
                                                            "Actual Startup Time": 95.285,
                                                            "Actual Total Time": 95.285,
                                                            "Actual Rows": 17426,
                                                            "Actual Loops": 1
                                                        },
                                                        {
                                                            "Worker Number": 1,
                                                            "Actual Startup Time": 95.402,
                                                            "Actual Total Time": 95.403,
                                                            "Actual Rows": 17269,
                                                            "Actual Loops": 1
                                                        },
                                                        {
                                                            "Worker Number": 2,
                                                            "Actual Startup Time": 95.291,
                                                            "Actual Total Time": 95.293,
                                                            "Actual Rows": 10503,
                                                            "Actual Loops": 1
                                                        }
                                                    ],
                                                    "Plans": [
                                                        {
                                                            "Node Type": "Seq Scan",
                                                            "Parent Relationship": "Outer",
                                                            "Parallel Aware": true,
                                                            "Relation Name": "title",
                                                            "Schema": "public",
                                                            "Alias": "t",
                                                            "Startup Cost": 0.0,
                                                            "Total Cost": 45479.21,
                                                            "Plan Rows": 15428,
                                                            "Plan Width": 4,
                                                            "Actual Startup Time": 42.405,
                                                            "Actual Total Time": 92.528,
                                                            "Actual Rows": 15395,
                                                            "Actual Loops": 4,
                                                            "Output": [
                                                                "t.id"
                                                            ],
                                                            "Filter": "((t.production_year > 2011) AND (t.kind_id = 1))",
                                                            "Rows Removed by Filter": 616683,
                                                            "Workers": [
                                                                {
                                                                    "Worker Number": 0,
                                                                    "Actual Startup Time": 53.045,
                                                                    "Actual Total Time": 90.148,
                                                                    "Actual Rows": 17426,
                                                                    "Actual Loops": 1
                                                                },
                                                                {
                                                                    "Worker Number": 1,
                                                                    "Actual Startup Time": 53.309,
                                                                    "Actual Total Time": 90.524,
                                                                    "Actual Rows": 17269,
                                                                    "Actual Loops": 1
                                                                },
                                                                {
                                                                    "Worker Number": 2,
                                                                    "Actual Startup Time": 53.232,
                                                                    "Actual Total Time": 89.976,
                                                                    "Actual Rows": 10503,
                                                                    "Actual Loops": 1
                                                                }
                                                            ]
                                                        }
                                                    ]
                                                }
                                            ]
                                        },
                                        {
                                            "Node Type": "Index Scan",
                                            "Parent Relationship": "Inner",
                                            "Parallel Aware": false,
                                            "Scan Direction": "Forward",
                                            "Index Name": "movie_id_movie_info",
                                            "Relation Name": "movie_info",
                                            "Schema": "public",
                                            "Alias": "mi",
                                            "Startup Cost": 0.43,
                                            "Total Cost": 1.55,
                                            "Plan Rows": 5,
                                            "Plan Width": 4,
                                            "Actual Startup Time": 0.007,
                                            "Actual Total Time": 0.013,
                                            "Actual Rows": 2,
                                            "Actual Loops": 76139,
                                            "Output": [
                                                "mi.id",
                                                "mi.movie_id",
                                                "mi.info_type_id",
                                                "mi.info",
                                                "mi.note"
                                            ],
                                            "Index Cond": "(mi.movie_id = mc.movie_id)",
                                            "Rows Removed by Index Recheck": 0,
                                            "Filter": "(mi.info_type_id < 3)",
                                            "Rows Removed by Filter": 24,
                                            "Workers": [
                                                {
                                                    "Worker Number": 0,
                                                    "Actual Startup Time": 0.007,
                                                    "Actual Total Time": 0.012,
                                                    "Actual Rows": 2,
                                                    "Actual Loops": 21050
                                                },
                                                {
                                                    "Worker Number": 1,
                                                    "Actual Startup Time": 0.007,
                                                    "Actual Total Time": 0.012,
                                                    "Actual Rows": 2,
                                                    "Actual Loops": 20878
                                                },
                                                {
                                                    "Worker Number": 2,
                                                    "Actual Startup Time": 0.011,
                                                    "Actual Total Time": 0.019,
                                                    "Actual Rows": 2,
                                                    "Actual Loops": 13784
                                                }
                                            ]
                                        }
                                    ]
                                }
                            ]
                        }
                    ]
                }
            ]
        },
        "Planning Time": 308.388,
        "Triggers": [],
        "Execution Time": 561.823
    }
]