[
  {
    "Plan": {
      "Node Type": "Aggregate",
      "Strategy": "Plain",
      "Partial Mode": "Finalize",
      "Parallel Aware": false,
      "Startup Cost": 370066.79,
      "Total Cost": 370066.8,
      "Plan Rows": 1,
      "Plan Width": 8,
      "Actual Startup Time": 3219.334,
      "Actual Total Time": 3294.058,
      "Actual Rows": 1,
      "Actual Loops": 1,
      "Plans": [
        {
          "Node Type": "Gather",
          "Parent Relationship": "Outer",
          "Parallel Aware": false,
          "Startup Cost": 370066.47,
          "Total Cost": 370066.78,
          "Plan Rows": 3,
          "Plan Width": 8,
          "Actual Startup Time": 3218.644,
          "Actual Total Time": 3294.049,
          "Actual Rows": 4,
          "Actual Loops": 1,
          "Workers Planned": 3,
          "Workers Launched": 3,
          "Single Copy": false,
          "Plans": [
            {
              "Node Type": "Aggregate",
              "Strategy": "Plain",
              "Partial Mode": "Partial",
              "Parent Relationship": "Outer",
              "Parallel Aware": false,
              "Startup Cost": 369066.47,
              "Total Cost": 369066.48,
              "Plan Rows": 1,
              "Plan Width": 8,
              "Actual Startup Time": 3208.765,
              "Actual Total Time": 3208.768,
              "Actual Rows": 1,
              "Actual Loops": 4,
              "Plans": [
                {
                  "Node Type": "Nested Loop",
                  "Parent Relationship": "Outer",
                  "Parallel Aware": false,
                  "Join Type": "Inner",
                  "Startup Cost": 44719.23,
                  "Total Cost": 366717.19,
                  "Plan Rows": 939710,
                  "Plan Width": 0,
                  "Actual Startup Time": 121.688,
                  "Actual Total Time": 3131.837,
                  "Actual Rows": 1661510,
                  "Actual Loops": 4,
                  "Inner Unique": false,
                  "Join Filter": "(t.id = ci.movie_id)",
                  "Rows Removed by Join Filter": 0,
                  "Plans": [
                    {
                      "Node Type": "Hash Join",
                      "Parent Relationship": "Outer",
                      "Parallel Aware": true,
                      "Join Type": "Inner",
                      "Startup Cost": 44718.67,
                      "Total Cost": 87596.75,
                      "Plan Rows": 151412,
                      "Plan Width": 8,
                      "Actual Startup Time": 121.344,
                      "Actual Total Time": 332.109,
                      "Actual Rows": 195031,
                      "Actual Loops": 4,
                      "Inner Unique": true,
                      "Hash Cond": "(mk.movie_id = t.id)",
                      "Plans": [
                        {
                          "Node Type": "Seq Scan",
                          "Parent Relationship": "Outer",
                          "Parallel Aware": true,
                          "Relation Name": "movie_keyword",
                          "Alias": "mk",
                          "Startup Cost": 0.0,
                          "Total Cost": 39047.32,
                          "Plan Rows": 1459332,
                          "Plan Width": 4,
                          "Actual Startup Time": 0.022,
                          "Actual Total Time": 83.57,
                          "Actual Rows": 1130982,
                          "Actual Loops": 4
                        },
                        {
                          "Node Type": "Hash",
                          "Parent Relationship": "Inner",
                          "Parallel Aware": true,
                          "Startup Cost": 43898.92,
                          "Total Cost": 43898.92,
                          "Plan Rows": 65580,
                          "Plan Width": 4,
                          "Actual Startup Time": 117.848,
                          "Actual Total Time": 117.849,
                          "Actual Rows": 68476,
                          "Actual Loops": 4,
                          "Hash Buckets": 524288,
                          "Original Hash Buckets": 524288,
                          "Hash Batches": 1,
                          "Original Hash Batches": 1,
                          "Peak Memory Usage": 14880,
                          "Plans": [
                            {
                              "Node Type": "Seq Scan",
                              "Parent Relationship": "Outer",
                              "Parallel Aware": true,
                              "Relation Name": "title",
                              "Alias": "t",
                              "Startup Cost": 0.0,
                              "Total Cost": 43898.92,
                              "Plan Rows": 65580,
                              "Plan Width": 4,
                              "Actual Startup Time": 0.061,
                              "Actual Total Time": 92.858,
                              "Actual Rows": 68476,
                              "Actual Loops": 4,
                              "Filter": "(production_year < 1963)",
                              "Rows Removed by Filter": 563602
                            }
                          ]
                        }
                      ]
                    },
                    {
                      "Node Type": "Index Scan",
                      "Parent Relationship": "Inner",
                      "Parallel Aware": false,
                      "Scan Direction": "Forward",
                      "Index Name": "movie_id_cast_info",
                      "Relation Name": "cast_info",
                      "Alias": "ci",
                      "Startup Cost": 0.56,
                      "Total Cost": 1.64,
                      "Plan Rows": 16,
                      "Plan Width": 4,
                      "Actual Startup Time": 0.009,
                      "Actual Total Time": 0.013,
                      "Actual Rows": 9,
                      "Actual Loops": 780125,
                      "Index Cond": "(movie_id = mk.movie_id)",
                      "Rows Removed by Index Recheck": 0,
                      "Filter": "(person_id > 2069777)",
                      "Rows Removed by Filter": 24
                    }
                  ]
                }
              ]
            }
          ]
        }
      ]
    },
    "Planning Time": 1.276,
    "Triggers": [],
    "Execution Time": 3294.164
  }
]