[
  {
    "Plan": {
      "Node Type": "Aggregate",
      "Strategy": "Plain",
      "Partial Mode": "Finalize",
      "Parallel Aware": false,
      "Startup Cost": 319168.18,
      "Total Cost": 319168.19,
      "Plan Rows": 1,
      "Plan Width": 8,
      "Actual Startup Time": 4307.597,
      "Actual Total Time": 4394.009,
      "Actual Rows": 1,
      "Actual Loops": 1,
      "Plans": [
        {
          "Node Type": "Gather",
          "Parent Relationship": "Outer",
          "Parallel Aware": false,
          "Startup Cost": 319167.76,
          "Total Cost": 319168.17,
          "Plan Rows": 4,
          "Plan Width": 8,
          "Actual Startup Time": 4305.166,
          "Actual Total Time": 4393.998,
          "Actual Rows": 5,
          "Actual Loops": 1,
          "Workers Planned": 4,
          "Workers Launched": 4,
          "Single Copy": false,
          "Plans": [
            {
              "Node Type": "Aggregate",
              "Strategy": "Plain",
              "Partial Mode": "Partial",
              "Parent Relationship": "Outer",
              "Parallel Aware": false,
              "Startup Cost": 318167.76,
              "Total Cost": 318167.77,
              "Plan Rows": 1,
              "Plan Width": 8,
              "Actual Startup Time": 4295.074,
              "Actual Total Time": 4295.078,
              "Actual Rows": 1,
              "Actual Loops": 5,
              "Plans": [
                {
                  "Node Type": "Nested Loop",
                  "Parent Relationship": "Outer",
                  "Parallel Aware": false,
                  "Join Type": "Inner",
                  "Startup Cost": 17522.97,
                  "Total Cost": 315019.53,
                  "Plan Rows": 1259291,
                  "Plan Width": 0,
                  "Actual Startup Time": 80.544,
                  "Actual Total Time": 4195.43,
                  "Actual Rows": 1977979,
                  "Actual Loops": 5,
                  "Inner Unique": false,
                  "Plans": [
                    {
                      "Node Type": "Hash Join",
                      "Parent Relationship": "Outer",
                      "Parallel Aware": true,
                      "Join Type": "Inner",
                      "Startup Cost": 17522.41,
                      "Total Cost": 62691.35,
                      "Plan Rows": 115187,
                      "Plan Width": 8,
                      "Actual Startup Time": 80.45,
                      "Actual Total Time": 406.371,
                      "Actual Rows": 91985,
                      "Actual Loops": 5,
                      "Inner Unique": false,
                      "Hash Cond": "(t.id = mi_idx.movie_id)",
                      "Plans": [
                        {
                          "Node Type": "Seq Scan",
                          "Parent Relationship": "Outer",
                          "Parallel Aware": true,
                          "Relation Name": "title",
                          "Alias": "t",
                          "Startup Cost": 0.0,
                          "Total Cost": 42318.73,
                          "Plan Rows": 632073,
                          "Plan Width": 4,
                          "Actual Startup Time": 0.015,
                          "Actual Total Time": 71.837,
                          "Actual Rows": 505662,
                          "Actual Loops": 5
                        },
                        {
                          "Node Type": "Hash",
                          "Parent Relationship": "Inner",
                          "Parallel Aware": true,
                          "Startup Cost": 15122.68,
                          "Total Cost": 15122.68,
                          "Plan Rows": 191978,
                          "Plan Width": 4,
                          "Actual Startup Time": 77.52,
                          "Actual Total Time": 77.521,
                          "Actual Rows": 91985,
                          "Actual Loops": 5,
                          "Hash Buckets": 524288,
                          "Original Hash Buckets": 524288,
                          "Hash Batches": 1,
                          "Original Hash Batches": 1,
                          "Peak Memory Usage": 22176,
                          "Plans": [
                            {
                              "Node Type": "Seq Scan",
                              "Parent Relationship": "Outer",
                              "Parallel Aware": true,
                              "Relation Name": "movie_info_idx",
                              "Alias": "mi_idx",
                              "Startup Cost": 0.0,
                              "Total Cost": 15122.68,
                              "Plan Rows": 191978,
                              "Plan Width": 4,
                              "Actual Startup Time": 0.075,
                              "Actual Total Time": 41.063,
                              "Actual Rows": 91985,
                              "Actual Loops": 5,
                              "Filter": "(info_type_id = 101)",
                              "Rows Removed by Filter": 184022
                            }
                          ]
                        }
                      ]
                    },
                    {
                      "Node Type": "Index Scan",
                      "Parent Relationship": "Inner",
                      "Parallel Aware": false,
                      "Scan Direction": "Forward",
                      "Index Name": "movie_id_cast_info",
                      "Relation Name": "cast_info",
                      "Alias": "ci",
                      "Startup Cost": 0.56,
                      "Total Cost": 1.91,
                      "Plan Rows": 28,
                      "Plan Width": 4,
                      "Actual Startup Time": 0.006,
                      "Actual Total Time": 0.039,
                      "Actual Rows": 22,
                      "Actual Loops": 459925,
                      "Index Cond": "(movie_id = t.id)",
                      "Rows Removed by Index Recheck": 0,
                      "Filter": "(role_id < 6)",
                      "Rows Removed by Filter": 8
                    }
                  ]
                }
              ]
            }
          ]
        }
      ]
    },
    "Planning Time": 1.376,
    "Triggers": [],
    "Execution Time": 4394.148
  }
]