{
  "Plan": {
    "Node Type": "Aggregate",
    "Strategy": "Plain",
    "Partial Mode": "Finalize",
    "Parallel Aware": false,
    "Startup Cost": 332368.56,
    "Total Cost": 332368.57,
    "Plan Rows": 1,
    "Plan Width": 8,
    "Actual Startup Time": 1276.631,
    "Actual Total Time": 1325.664,
    "Actual Rows": 1,
    "Actual Loops": 1,
    "Plans": [
      {
        "Node Type": "Gather",
        "Parent Relationship": "Outer",
        "Parallel Aware": false,
        "Startup Cost": 332368.45,
        "Total Cost": 332368.56,
        "Plan Rows": 1,
        "Plan Width": 8,
        "Actual Startup Time": 1276.439,
        "Actual Total Time": 1325.653,
        "Actual Rows": 2,
        "Actual Loops": 1,
        "Workers Planned": 1,
        "Workers Launched": 1,
        "Single Copy": false,
        "Plans": [
          {
            "Node Type": "Aggregate",
            "Strategy": "Plain",
            "Partial Mode": "Partial",
            "Parent Relationship": "Outer",
            "Parallel Aware": false,
            "Startup Cost": 331368.45,
            "Total Cost": 331368.46,
            "Plan Rows": 1,
            "Plan Width": 8,
            "Actual Startup Time": 1270.862,
            "Actual Total Time": 1270.87,
            "Actual Rows": 1,
            "Actual Loops": 2,
            "Plans": [
              {
                "Node Type": "Hash Join",
                "Parent Relationship": "Outer",
                "Parallel Aware": true,
                "Join Type": "Inner",
                "Startup Cost": 58895.78,
                "Total Cost": 330679.27,
                "Plan Rows": 275672,
                "Plan Width": 0,
                "Actual Startup Time": 901.792,
                "Actual Total Time": 1270.861,
                "Actual Rows": 5,
                "Actual Loops": 2,
                "Inner Unique": true,
                "Hash Cond": "(mi.movie_id = t.id)",
                "Plans": [
                  {
                    "Node Type": "Seq Scan",
                    "Parent Relationship": "Outer",
                    "Parallel Aware": true,
                    "Relation Name": "movie_info",
                    "Alias": "mi",
                    "Startup Cost": 0.0,
                    "Total Cost": 248955.74,
                    "Plan Rows": 8696274,
                    "Plan Width": 4,
                    "Actual Startup Time": 0.009,
                    "Actual Total Time": 617.631,
                    "Actual Rows": 7417860,
                    "Actual Loops": 2
                  },
                  {
                    "Node Type": "Hash",
                    "Parent Relationship": "Inner",
                    "Parallel Aware": true,
                    "Startup Cost": 58306.47,
                    "Total Cost": 58306.47,
                    "Plan Rows": 47145,
                    "Plan Width": 4,
                    "Actual Startup Time": 132.453,
                    "Actual Total Time": 132.453,
                    "Actual Rows": 8,
                    "Actual Loops": 2,
                    "Hash Buckets": 131072,
                    "Original Hash Buckets": 131072,
                    "Hash Batches": 1,
                    "Original Hash Batches": 1,
                    "Peak Memory Usage": 1088,
                    "Plans": [
                      {
                        "Node Type": "Seq Scan",
                        "Parent Relationship": "Outer",
                        "Parallel Aware": true,
                        "Relation Name": "title",
                        "Alias": "t",
                        "Startup Cost": 0.0,
                        "Total Cost": 58306.47,
                        "Plan Rows": 47145,
                        "Plan Width": 4,
                        "Actual Startup Time": 56.924,
                        "Actual Total Time": 132.356,
                        "Actual Rows": 8,
                        "Actual Loops": 2,
                        "Filter": "((production_year < 1937) AND (kind_id = 7))",
                        "Rows Removed by Filter": 1264148
                      }
                    ]
                  }
                ]
              }
            ]
          }
        ]
      }
    ]
  },
  "Planning Time": 0.413,
  "Triggers": [],
  "Execution Time": 1325.747
}