[
  {
    "Plan": {
      "Node Type": "Aggregate",
      "Strategy": "Plain",
      "Partial Mode": "Finalize",
      "Parallel Aware": false,
      "Startup Cost": 345872.36,
      "Total Cost": 345872.37,
      "Plan Rows": 1,
      "Plan Width": 8,
      "Actual Startup Time": 623.889,
      "Actual Total Time": 682.168,
      "Actual Rows": 1,
      "Actual Loops": 1,
      "Plans": [
        {
          "Node Type": "Gather",
          "Parent Relationship": "Outer",
          "Parallel Aware": false,
          "Startup Cost": 345871.73,
          "Total Cost": 345872.34,
          "Plan Rows": 6,
          "Plan Width": 8,
          "Actual Startup Time": 623.767,
          "Actual Total Time": 682.158,
          "Actual Rows": 7,
          "Actual Loops": 1,
          "Workers Planned": 6,
          "Workers Launched": 6,
          "Single Copy": false,
          "Plans": [
            {
              "Node Type": "Aggregate",
              "Strategy": "Plain",
              "Partial Mode": "Partial",
              "Parent Relationship": "Outer",
              "Parallel Aware": false,
              "Startup Cost": 344871.73,
              "Total Cost": 344871.74,
              "Plan Rows": 1,
              "Plan Width": 8,
              "Actual Startup Time": 614.418,
              "Actual Total Time": 614.42,
              "Actual Rows": 1,
              "Actual Loops": 7,
              "Plans": [
                {
                  "Node Type": "Seq Scan",
                  "Parent Relationship": "Outer",
                  "Parallel Aware": true,
                  "Relation Name": "cast_info",
                  "Alias": "ci",
                  "Startup Cost": 0.0,
                  "Total Cost": 343257.03,
                  "Plan Rows": 645882,
                  "Plan Width": 0,
                  "Actual Startup Time": 457.764,
                  "Actual Total Time": 604.349,
                  "Actual Rows": 228371,
                  "Actual Loops": 7,
                  "Filter": "((person_id > 3280765) AND (role_id < 10))",
                  "Rows Removed by Filter": 4949392
                }
              ]
            }
          ]
        }
      ]
    },
    "Planning Time": 0.18,
    "Triggers": [],
    "Execution Time": 682.231
  }
]