[
  {
    "Plan": {
      "Node Type": "Aggregate",
      "Strategy": "Plain",
      "Partial Mode": "Finalize",
      "Parallel Aware": false,
      "Startup Cost": 31525.44,
      "Total Cost": 31525.45,
      "Plan Rows": 1,
      "Plan Width": 8,
      "Actual Startup Time": 103.956,
      "Actual Total Time": 109.279,
      "Actual Rows": 1,
      "Actual Loops": 1,
      "Plans": [
        {
          "Node Type": "Gather",
          "Parent Relationship": "Outer",
          "Parallel Aware": false,
          "Startup Cost": 31525.12,
          "Total Cost": 31525.43,
          "Plan Rows": 3,
          "Plan Width": 8,
          "Actual Startup Time": 103.658,
          "Actual Total Time": 109.271,
          "Actual Rows": 4,
          "Actual Loops": 1,
          "Workers Planned": 3,
          "Workers Launched": 3,
          "Single Copy": false,
          "Plans": [
            {
              "Node Type": "Aggregate",
              "Strategy": "Plain",
              "Partial Mode": "Partial",
              "Parent Relationship": "Outer",
              "Parallel Aware": false,
              "Startup Cost": 30525.12,
              "Total Cost": 30525.13,
              "Plan Rows": 1,
              "Plan Width": 8,
              "Actual Startup Time": 97.037,
              "Actual Total Time": 97.038,
              "Actual Rows": 1,
              "Actual Loops": 4,
              "Plans": [
                {
                  "Node Type": "Seq Scan",
                  "Parent Relationship": "Outer",
                  "Parallel Aware": true,
                  "Relation Name": "movie_companies",
                  "Alias": "mc",
                  "Startup Cost": 0.0,
                  "Total Cost": 29310.68,
                  "Plan Rows": 485775,
                  "Plan Width": 0,
                  "Actual Startup Time": 12.477,
                  "Actual Total Time": 80.881,
                  "Actual Rows": 377476,
                  "Actual Loops": 4,
                  "Filter": "(company_id > 7548)",
                  "Rows Removed by Filter": 274806
                }
              ]
            }
          ]
        }
      ]
    },
    "Planning Time": 0.187,
    "Triggers": [],
    "Execution Time": 109.335
  }
]