[
    {
        "Bao": {
            "Bao prediction": "NaN",
            "Bao recommended hint": "(no hint)"
        }
    },
    {
        "Plan": {
            "Node Type": "Aggregate",
            "Strategy": "Plain",
            "Partial Mode": "Finalize",
            "Parallel Aware": false,
            "Startup Cost": 274947.74,
            "Total Cost": 274947.75,
            "Plan Rows": 1,
            "Plan Width": 8,
            "Actual Startup Time": 39.624,
            "Actual Total Time": 42.591,
            "Actual Rows": 1,
            "Actual Loops": 1,
            "Output": [
                "count(*)"
            ],
            "Plans": [
                {
                    "Node Type": "Gather",
                    "Parent Relationship": "Outer",
                    "Parallel Aware": false,
                    "Startup Cost": 274947.22,
                    "Total Cost": 274947.73,
                    "Plan Rows": 5,
                    "Plan Width": 8,
                    "Actual Startup Time": 39.477,
                    "Actual Total Time": 42.584,
                    "Actual Rows": 6,
                    "Actual Loops": 1,
                    "Output": [
                        "(PARTIAL count(*))"
                    ],
                    "Workers Planned": 5,
                    "Workers Launched": 5,
                    "Single Copy": false,
                    "Plans": [
                        {
                            "Node Type": "Aggregate",
                            "Strategy": "Plain",
                            "Partial Mode": "Partial",
                            "Parent Relationship": "Outer",
                            "Parallel Aware": false,
                            "Startup Cost": 273947.22,
                            "Total Cost": 273947.23,
                            "Plan Rows": 1,
                            "Plan Width": 8,
                            "Actual Startup Time": 29.542,
                            "Actual Total Time": 29.543,
                            "Actual Rows": 1,
                            "Actual Loops": 6,
                            "Output": [
                                "PARTIAL count(*)"
                            ],
                            "Workers": [
                                {
                                    "Worker Number": 0,
                                    "Actual Startup Time": 27.303,
                                    "Actual Total Time": 27.304,
                                    "Actual Rows": 1,
                                    "Actual Loops": 1
                                },
                                {
                                    "Worker Number": 1,
                                    "Actual Startup Time": 27.518,
                                    "Actual Total Time": 27.519,
                                    "Actual Rows": 1,
                                    "Actual Loops": 1
                                },
                                {
                                    "Worker Number": 2,
                                    "Actual Startup Time": 27.479,
                                    "Actual Total Time": 27.481,
                                    "Actual Rows": 1,
                                    "Actual Loops": 1
                                },
                                {
                                    "Worker Number": 3,
                                    "Actual Startup Time": 27.514,
                                    "Actual Total Time": 27.514,
                                    "Actual Rows": 1,
                                    "Actual Loops": 1
                                },
                                {
                                    "Worker Number": 4,
                                    "Actual Startup Time": 28.255,
                                    "Actual Total Time": 28.256,
                                    "Actual Rows": 1,
                                    "Actual Loops": 1
                                }
                            ],
                            "Plans": [
                                {
                                    "Node Type": "Bitmap Heap Scan",
                                    "Parent Relationship": "Outer",
                                    "Parallel Aware": true,
                                    "Relation Name": "cast_info",
                                    "Schema": "public",
                                    "Alias": "ci",
                                    "Startup Cost": 6902.04,
                                    "Total Cost": 273891.79,
                                    "Plan Rows": 22173,
                                    "Plan Width": 0,
                                    "Actual Startup Time": 4.403,
                                    "Actual Total Time": 25.849,
                                    "Actual Rows": 39805,
                                    "Actual Loops": 6,
                                    "Recheck Cond": "(ci.person_id < 36912)",
                                    "Rows Removed by Index Recheck": 0,
                                    "Filter": "(ci.role_id < 2)",
                                    "Rows Removed by Filter": 13419,
                                    "Exact Heap Blocks": 1668,
                                    "Lossy Heap Blocks": 0,
                                    "Workers": [
                                        {
                                            "Worker Number": 0,
                                            "Actual Startup Time": 2.327,
                                            "Actual Total Time": 23.737,
                                            "Actual Rows": 25385,
                                            "Actual Loops": 1
                                        },
                                        {
                                            "Worker Number": 1,
                                            "Actual Startup Time": 2.433,
                                            "Actual Total Time": 23.903,
                                            "Actual Rows": 25413,
                                            "Actual Loops": 1
                                        },
                                        {
                                            "Worker Number": 2,
                                            "Actual Startup Time": 2.437,
                                            "Actual Total Time": 23.834,
                                            "Actual Rows": 25499,
                                            "Actual Loops": 1
                                        },
                                        {
                                            "Worker Number": 3,
                                            "Actual Startup Time": 2.309,
                                            "Actual Total Time": 23.909,
                                            "Actual Rows": 26105,
                                            "Actual Loops": 1
                                        },
                                        {
                                            "Worker Number": 4,
                                            "Actual Startup Time": 3.137,
                                            "Actual Total Time": 24.755,
                                            "Actual Rows": 27000,
                                            "Actual Loops": 1
                                        }
                                    ],
                                    "Plans": [
                                        {
                                            "Node Type": "Bitmap Index Scan",
                                            "Parent Relationship": "Outer",
                                            "Parallel Aware": false,
                                            "Index Name": "person_id_cast_info",
                                            "Startup Cost": 0.0,
                                            "Total Cost": 6874.32,
                                            "Plan Rows": 314901,
                                            "Plan Width": 0,
                                            "Actual Startup Time": 13.297,
                                            "Actual Total Time": 13.297,
                                            "Actual Rows": 319344,
                                            "Actual Loops": 1,
                                            "Index Cond": "(ci.person_id < 36912)"
                                        }
                                    ]
                                }
                            ]
                        }
                    ]
                }
            ]
        },
        "Planning Time": 199.695,
        "Triggers": [],
        "Execution Time": 42.64
    }
]