[
  {
    "Plan": {
      "Node Type": "Aggregate",
      "Strategy": "Plain",
      "Partial Mode": "Finalize",
      "Parallel Aware": false,
      "Startup Cost": 94560.13,
      "Total Cost": 94560.14,
      "Plan Rows": 1,
      "Plan Width": 8,
      "Actual Startup Time": 517.026,
      "Actual Total Time": 534.66,
      "Actual Rows": 1,
      "Actual Loops": 1,
      "Plans": [
        {
          "Node Type": "Gather",
          "Parent Relationship": "Outer",
          "Parallel Aware": false,
          "Startup Cost": 94559.81,
          "Total Cost": 94560.12,
          "Plan Rows": 3,
          "Plan Width": 8,
          "Actual Startup Time": 508.828,
          "Actual Total Time": 534.652,
          "Actual Rows": 4,
          "Actual Loops": 1,
          "Workers Planned": 3,
          "Workers Launched": 3,
          "Single Copy": false,
          "Plans": [
            {
              "Node Type": "Aggregate",
              "Strategy": "Plain",
              "Partial Mode": "Partial",
              "Parent Relationship": "Outer",
              "Parallel Aware": false,
              "Startup Cost": 93559.81,
              "Total Cost": 93559.82,
              "Plan Rows": 1,
              "Plan Width": 8,
              "Actual Startup Time": 491.58,
              "Actual Total Time": 491.583,
              "Actual Rows": 1,
              "Actual Loops": 4,
              "Plans": [
                {
                  "Node Type": "Hash Join",
                  "Parent Relationship": "Outer",
                  "Parallel Aware": true,
                  "Join Type": "Inner",
                  "Startup Cost": 65113.81,
                  "Total Cost": 92993.57,
                  "Plan Rows": 226496,
                  "Plan Width": 0,
                  "Actual Startup Time": 372.124,
                  "Actual Total Time": 482.376,
                  "Actual Rows": 172179,
                  "Actual Loops": 4,
                  "Inner Unique": true,
                  "Hash Cond": "(mk.movie_id = t.id)",
                  "Plans": [
                    {
                      "Node Type": "Bitmap Heap Scan",
                      "Parent Relationship": "Outer",
                      "Parallel Aware": true,
                      "Relation Name": "movie_keyword",
                      "Alias": "mk",
                      "Startup Cost": 14894.01,
                      "Total Cost": 42179.22,
                      "Plan Rows": 226496,
                      "Plan Width": 4,
                      "Actual Startup Time": 57.96,
                      "Actual Total Time": 115.623,
                      "Actual Rows": 172179,
                      "Actual Loops": 4,
                      "Recheck Cond": "(keyword_id > 27340)",
                      "Rows Removed by Index Recheck": 0,
                      "Exact Heap Blocks": 6179,
                      "Lossy Heap Blocks": 0,
                      "Plans": [
                        {
                          "Node Type": "Bitmap Index Scan",
                          "Parent Relationship": "Outer",
                          "Parallel Aware": false,
                          "Index Name": "keyword_id_movie_keyword",
                          "Startup Cost": 0.0,
                          "Total Cost": 14718.48,
                          "Plan Rows": 702139,
                          "Plan Width": 0,
                          "Actual Startup Time": 54.417,
                          "Actual Total Time": 54.418,
                          "Actual Rows": 688716,
                          "Actual Loops": 1,
                          "Index Cond": "(keyword_id > 27340)"
                        }
                      ]
                    },
                    {
                      "Node Type": "Hash",
                      "Parent Relationship": "Inner",
                      "Parallel Aware": true,
                      "Startup Cost": 42318.81,
                      "Total Cost": 42318.81,
                      "Plan Rows": 632080,
                      "Plan Width": 4,
                      "Actual Startup Time": 302.871,
                      "Actual Total Time": 302.871,
                      "Actual Rows": 632078,
                      "Actual Loops": 4,
                      "Hash Buckets": 4194304,
                      "Original Hash Buckets": 4194304,
                      "Hash Batches": 1,
                      "Original Hash Batches": 1,
                      "Peak Memory Usage": 131744,
                      "Plans": [
                        {
                          "Node Type": "Seq Scan",
                          "Parent Relationship": "Outer",
                          "Parallel Aware": true,
                          "Relation Name": "title",
                          "Alias": "t",
                          "Startup Cost": 0.0,
                          "Total Cost": 42318.81,
                          "Plan Rows": 632080,
                          "Plan Width": 4,
                          "Actual Startup Time": 0.03,
                          "Actual Total Time": 87.069,
                          "Actual Rows": 632078,
                          "Actual Loops": 4
                        }
                      ]
                    }
                  ]
                }
              ]
            }
          ]
        }
      ]
    },
    "Planning Time": 0.589,
    "Triggers": [],
    "Execution Time": 534.742
  }
]