[
  {
    "Plan": {
      "Node Type": "Aggregate",
      "Strategy": "Plain",
      "Partial Mode": "Finalize",
      "Parallel Aware": false,
      "Startup Cost": 46320.82,
      "Total Cost": 46320.83,
      "Plan Rows": 1,
      "Plan Width": 8,
      "Actual Startup Time": 161.471,
      "Actual Total Time": 171.106,
      "Actual Rows": 1,
      "Actual Loops": 1,
      "Plans": [
        {
          "Node Type": "Gather",
          "Parent Relationship": "Outer",
          "Parallel Aware": false,
          "Startup Cost": 46320.5,
          "Total Cost": 46320.81,
          "Plan Rows": 3,
          "Plan Width": 8,
          "Actual Startup Time": 161.338,
          "Actual Total Time": 171.097,
          "Actual Rows": 4,
          "Actual Loops": 1,
          "Workers Planned": 3,
          "Workers Launched": 3,
          "Single Copy": false,
          "Plans": [
            {
              "Node Type": "Aggregate",
              "Strategy": "Plain",
              "Partial Mode": "Partial",
              "Parent Relationship": "Outer",
              "Parallel Aware": false,
              "Startup Cost": 45320.5,
              "Total Cost": 45320.51,
              "Plan Rows": 1,
              "Plan Width": 8,
              "Actual Startup Time": 154.492,
              "Actual Total Time": 154.493,
              "Actual Rows": 1,
              "Actual Loops": 4,
              "Plans": [
                {
                  "Node Type": "Seq Scan",
                  "Parent Relationship": "Outer",
                  "Parallel Aware": true,
                  "Relation Name": "movie_keyword",
                  "Alias": "mk",
                  "Startup Cost": 0.0,
                  "Total Cost": 42695.65,
                  "Plan Rows": 1049940,
                  "Plan Width": 0,
                  "Actual Startup Time": 0.2,
                  "Actual Total Time": 118.436,
                  "Actual Rows": 811809,
                  "Actual Loops": 4,
                  "Filter": "(keyword_id > 1633)",
                  "Rows Removed by Filter": 319174
                }
              ]
            }
          ]
        }
      ]
    },
    "Planning Time": 0.154,
    "Triggers": [],
    "Execution Time": 171.152
  }
]