[
    {
        "Bao": {
            "Bao prediction": "NaN",
            "Bao recommended hint": "(no hint)"
        }
    },
    {
        "Plan": {
            "Node Type": "Aggregate",
            "Strategy": "Plain",
            "Partial Mode": "Finalize",
            "Parallel Aware": false,
            "Startup Cost": 400710.29,
            "Total Cost": 400710.3,
            "Plan Rows": 1,
            "Plan Width": 8,
            "Actual Startup Time": 937.686,
            "Actual Total Time": 964.353,
            "Actual Rows": 1,
            "Actual Loops": 1,
            "Output": [
                "count(*)"
            ],
            "Plans": [
                {
                    "Node Type": "Gather",
                    "Parent Relationship": "Outer",
                    "Parallel Aware": false,
                    "Startup Cost": 400709.66,
                    "Total Cost": 400710.27,
                    "Plan Rows": 6,
                    "Plan Width": 8,
                    "Actual Startup Time": 913.954,
                    "Actual Total Time": 964.337,
                    "Actual Rows": 7,
                    "Actual Loops": 1,
                    "Output": [
                        "(PARTIAL count(*))"
                    ],
                    "Workers Planned": 6,
                    "Workers Launched": 6,
                    "Single Copy": false,
                    "Plans": [
                        {
                            "Node Type": "Aggregate",
                            "Strategy": "Plain",
                            "Partial Mode": "Partial",
                            "Parent Relationship": "Outer",
                            "Parallel Aware": false,
                            "Startup Cost": 399709.66,
                            "Total Cost": 399709.67,
                            "Plan Rows": 1,
                            "Plan Width": 8,
                            "Actual Startup Time": 900.442,
                            "Actual Total Time": 900.446,
                            "Actual Rows": 1,
                            "Actual Loops": 7,
                            "Output": [
                                "PARTIAL count(*)"
                            ],
                            "Workers": [
                                {
                                    "Worker Number": 0,
                                    "Actual Startup Time": 897.625,
                                    "Actual Total Time": 897.629,
                                    "Actual Rows": 1,
                                    "Actual Loops": 1
                                },
                                {
                                    "Worker Number": 1,
                                    "Actual Startup Time": 897.732,
                                    "Actual Total Time": 897.736,
                                    "Actual Rows": 1,
                                    "Actual Loops": 1
                                },
                                {
                                    "Worker Number": 2,
                                    "Actual Startup Time": 899.989,
                                    "Actual Total Time": 899.992,
                                    "Actual Rows": 1,
                                    "Actual Loops": 1
                                },
                                {
                                    "Worker Number": 3,
                                    "Actual Startup Time": 898.109,
                                    "Actual Total Time": 898.112,
                                    "Actual Rows": 1,
                                    "Actual Loops": 1
                                },
                                {
                                    "Worker Number": 4,
                                    "Actual Startup Time": 898.121,
                                    "Actual Total Time": 898.124,
                                    "Actual Rows": 1,
                                    "Actual Loops": 1
                                },
                                {
                                    "Worker Number": 5,
                                    "Actual Startup Time": 898.183,
                                    "Actual Total Time": 898.187,
                                    "Actual Rows": 1,
                                    "Actual Loops": 1
                                }
                            ],
                            "Plans": [
                                {
                                    "Node Type": "Hash Join",
                                    "Parent Relationship": "Outer",
                                    "Parallel Aware": true,
                                    "Join Type": "Inner",
                                    "Startup Cost": 50220.37,
                                    "Total Cost": 396453.36,
                                    "Plan Rows": 1302521,
                                    "Plan Width": 0,
                                    "Actual Startup Time": 614.552,
                                    "Actual Total Time": 879.747,
                                    "Actual Rows": 361766,
                                    "Actual Loops": 7,
                                    "Inner Unique": true,
                                    "Hash Cond": "(ci.movie_id = t.id)",
                                    "Workers": [
                                        {
                                            "Worker Number": 0,
                                            "Actual Startup Time": 612.123,
                                            "Actual Total Time": 875.801,
                                            "Actual Rows": 301860,
                                            "Actual Loops": 1
                                        },
                                        {
                                            "Worker Number": 1,
                                            "Actual Startup Time": 612.09,
                                            "Actual Total Time": 875.934,
                                            "Actual Rows": 303419,
                                            "Actual Loops": 1
                                        },
                                        {
                                            "Worker Number": 2,
                                            "Actual Startup Time": 612.43,
                                            "Actual Total Time": 877.117,
                                            "Actual Rows": 317460,
                                            "Actual Loops": 1
                                        },
                                        {
                                            "Worker Number": 3,
                                            "Actual Startup Time": 612.447,
                                            "Actual Total Time": 879.689,
                                            "Actual Rows": 407914,
                                            "Actual Loops": 1
                                        },
                                        {
                                            "Worker Number": 4,
                                            "Actual Startup Time": 612.485,
                                            "Actual Total Time": 878.86,
                                            "Actual Rows": 430290,
                                            "Actual Loops": 1
                                        },
                                        {
                                            "Worker Number": 5,
                                            "Actual Startup Time": 612.579,
                                            "Actual Total Time": 875.591,
                                            "Actual Rows": 312780,
                                            "Actual Loops": 1
                                        }
                                    ],
                                    "Plans": [
                                        {
                                            "Node Type": "Index Scan",
                                            "Parent Relationship": "Outer",
                                            "Parallel Aware": true,
                                            "Scan Direction": "Forward",
                                            "Index Name": "role_id_cast_info",
                                            "Relation Name": "cast_info",
                                            "Schema": "public",
                                            "Alias": "ci",
                                            "Startup Cost": 0.56,
                                            "Total Cost": 342814.42,
                                            "Plan Rows": 1302521,
                                            "Plan Width": 4,
                                            "Actual Startup Time": 359.642,
                                            "Actual Total Time": 444.735,
                                            "Actual Rows": 361766,
                                            "Actual Loops": 7,
                                            "Output": [
                                                "ci.id",
                                                "ci.person_id",
                                                "ci.movie_id",
                                                "ci.person_role_id",
                                                "ci.note",
                                                "ci.nr_order",
                                                "ci.role_id"
                                            ],
                                            "Index Cond": "(ci.role_id < 2)",
                                            "Rows Removed by Index Recheck": 0,
                                            "Filter": "(ci.person_id > 1382039)",
                                            "Rows Removed by Filter": 1448332,
                                            "Workers": [
                                                {
                                                    "Worker Number": 0,
                                                    "Actual Startup Time": 359.649,
                                                    "Actual Total Time": 447.797,
                                                    "Actual Rows": 301860,
                                                    "Actual Loops": 1
                                                },
                                                {
                                                    "Worker Number": 1,
                                                    "Actual Startup Time": 359.591,
                                                    "Actual Total Time": 447.644,
                                                    "Actual Rows": 303419,
                                                    "Actual Loops": 1
                                                },
                                                {
                                                    "Worker Number": 2,
                                                    "Actual Startup Time": 359.63,
                                                    "Actual Total Time": 451.678,
                                                    "Actual Rows": 317460,
                                                    "Actual Loops": 1
                                                },
                                                {
                                                    "Worker Number": 3,
                                                    "Actual Startup Time": 359.703,
                                                    "Actual Total Time": 438.78,
                                                    "Actual Rows": 407914,
                                                    "Actual Loops": 1
                                                },
                                                {
                                                    "Worker Number": 4,
                                                    "Actual Startup Time": 359.708,
                                                    "Actual Total Time": 442.197,
                                                    "Actual Rows": 430290,
                                                    "Actual Loops": 1
                                                },
                                                {
                                                    "Worker Number": 5,
                                                    "Actual Startup Time": 359.624,
                                                    "Actual Total Time": 450.812,
                                                    "Actual Rows": 312780,
                                                    "Actual Loops": 1
                                                }
                                            ]
                                        },
                                        {
                                            "Node Type": "Hash",
                                            "Parent Relationship": "Inner",
                                            "Parallel Aware": true,
                                            "Startup Cost": 42318.81,
                                            "Total Cost": 42318.81,
                                            "Plan Rows": 632080,
                                            "Plan Width": 4,
                                            "Actual Startup Time": 250.399,
                                            "Actual Total Time": 250.4,
                                            "Actual Rows": 361187,
                                            "Actual Loops": 7,
                                            "Output": [
                                                "t.id"
                                            ],
                                            "Hash Buckets": 4194304,
                                            "Original Hash Buckets": 4194304,
                                            "Hash Batches": 1,
                                            "Original Hash Batches": 1,
                                            "Peak Memory Usage": 131776,
                                            "Workers": [
                                                {
                                                    "Worker Number": 0,
                                                    "Actual Startup Time": 251.771,
                                                    "Actual Total Time": 251.772,
                                                    "Actual Rows": 292630,
                                                    "Actual Loops": 1
                                                },
                                                {
                                                    "Worker Number": 1,
                                                    "Actual Startup Time": 251.795,
                                                    "Actual Total Time": 251.796,
                                                    "Actual Rows": 290222,
                                                    "Actual Loops": 1
                                                },
                                                {
                                                    "Worker Number": 2,
                                                    "Actual Startup Time": 252.145,
                                                    "Actual Total Time": 252.145,
                                                    "Actual Rows": 307822,
                                                    "Actual Loops": 1
                                                },
                                                {
                                                    "Worker Number": 3,
                                                    "Actual Startup Time": 252.259,
                                                    "Actual Total Time": 252.26,
                                                    "Actual Rows": 385249,
                                                    "Actual Loops": 1
                                                },
                                                {
                                                    "Worker Number": 4,
                                                    "Actual Startup Time": 252.356,
                                                    "Actual Total Time": 252.357,
                                                    "Actual Rows": 404245,
                                                    "Actual Loops": 1
                                                },
                                                {
                                                    "Worker Number": 5,
                                                    "Actual Startup Time": 252.299,
                                                    "Actual Total Time": 252.301,
                                                    "Actual Rows": 301566,
                                                    "Actual Loops": 1
                                                }
                                            ],
                                            "Plans": [
                                                {
                                                    "Node Type": "Seq Scan",
                                                    "Parent Relationship": "Outer",
                                                    "Parallel Aware": true,
                                                    "Relation Name": "title",
                                                    "Schema": "public",
                                                    "Alias": "t",
                                                    "Startup Cost": 0.0,
                                                    "Total Cost": 42318.81,
                                                    "Plan Rows": 632080,
                                                    "Plan Width": 4,
                                                    "Actual Startup Time": 0.045,
                                                    "Actual Total Time": 74.252,
                                                    "Actual Rows": 361187,
                                                    "Actual Loops": 7,
                                                    "Output": [
                                                        "t.id"
                                                    ],
                                                    "Workers": [
                                                        {
                                                            "Worker Number": 0,
                                                            "Actual Startup Time": 0.063,
                                                            "Actual Total Time": 77.616,
                                                            "Actual Rows": 292630,
                                                            "Actual Loops": 1
                                                        },
                                                        {
                                                            "Worker Number": 1,
                                                            "Actual Startup Time": 0.024,
                                                            "Actual Total Time": 79.567,
                                                            "Actual Rows": 290222,
                                                            "Actual Loops": 1
                                                        },
                                                        {
                                                            "Worker Number": 2,
                                                            "Actual Startup Time": 0.058,
                                                            "Actual Total Time": 79.425,
                                                            "Actual Rows": 307822,
                                                            "Actual Loops": 1
                                                        },
                                                        {
                                                            "Worker Number": 3,
                                                            "Actual Startup Time": 0.06,
                                                            "Actual Total Time": 72.034,
                                                            "Actual Rows": 385249,
                                                            "Actual Loops": 1
                                                        },
                                                        {
                                                            "Worker Number": 4,
                                                            "Actual Startup Time": 0.054,
                                                            "Actual Total Time": 73.463,
                                                            "Actual Rows": 404245,
                                                            "Actual Loops": 1
                                                        },
                                                        {
                                                            "Worker Number": 5,
                                                            "Actual Startup Time": 0.045,
                                                            "Actual Total Time": 78.727,
                                                            "Actual Rows": 301566,
                                                            "Actual Loops": 1
                                                        }
                                                    ]
                                                }
                                            ]
                                        }
                                    ]
                                }
                            ]
                        }
                    ]
                }
            ]
        },
        "Planning Time": 232.146,
        "Triggers": [],
        "Execution Time": 964.463
    }
]