{
    "Plan": {
        "Node Type": "Aggregate",
        "Strategy": "Plain",
        "Partial Mode": "Finalize",
        "Parallel Aware": false,
        "Startup Cost": 420252.61,
        "Total Cost": 420252.62,
        "Plan Rows": 1,
        "Plan Width": 8,
        "Actual Startup Time": 1602.267,
        "Actual Total Time": 1658.258,
        "Actual Rows": 1,
        "Actual Loops": 1,
        "Output": [
            "count(*)"
        ],
        "Plans": [
            {
                "Node Type": "Gather",
                "Parent Relationship": "Outer",
                "Parallel Aware": false,
                "Startup Cost": 420251.98,
                "Total Cost": 420252.59,
                "Plan Rows": 6,
                "Plan Width": 8,
                "Actual Startup Time": 1590.14,
                "Actual Total Time": 1658.248,
                "Actual Rows": 7,
                "Actual Loops": 1,
                "Output": [
                    "(PARTIAL count(*))"
                ],
                "Workers Planned": 6,
                "Workers Launched": 6,
                "Single Copy": false,
                "Plans": [
                    {
                        "Node Type": "Aggregate",
                        "Strategy": "Plain",
                        "Partial Mode": "Partial",
                        "Parent Relationship": "Outer",
                        "Parallel Aware": false,
                        "Startup Cost": 419251.98,
                        "Total Cost": 419251.99,
                        "Plan Rows": 1,
                        "Plan Width": 8,
                        "Actual Startup Time": 1577.834,
                        "Actual Total Time": 1577.841,
                        "Actual Rows": 1,
                        "Actual Loops": 7,
                        "Output": [
                            "PARTIAL count(*)"
                        ],
                        "Workers": [
                            {
                                "Worker Number": 0,
                                "Actual Startup Time": 1575.243,
                                "Actual Total Time": 1575.249,
                                "Actual Rows": 1,
                                "Actual Loops": 1
                            },
                            {
                                "Worker Number": 1,
                                "Actual Startup Time": 1575.712,
                                "Actual Total Time": 1575.72,
                                "Actual Rows": 1,
                                "Actual Loops": 1
                            },
                            {
                                "Worker Number": 2,
                                "Actual Startup Time": 1576.175,
                                "Actual Total Time": 1576.182,
                                "Actual Rows": 1,
                                "Actual Loops": 1
                            },
                            {
                                "Worker Number": 3,
                                "Actual Startup Time": 1576.176,
                                "Actual Total Time": 1576.182,
                                "Actual Rows": 1,
                                "Actual Loops": 1
                            },
                            {
                                "Worker Number": 4,
                                "Actual Startup Time": 1576.178,
                                "Actual Total Time": 1576.184,
                                "Actual Rows": 1,
                                "Actual Loops": 1
                            },
                            {
                                "Worker Number": 5,
                                "Actual Startup Time": 1576.226,
                                "Actual Total Time": 1576.231,
                                "Actual Rows": 1,
                                "Actual Loops": 1
                            }
                        ],
                        "Plans": [
                            {
                                "Node Type": "Hash Join",
                                "Parent Relationship": "Outer",
                                "Parallel Aware": true,
                                "Join Type": "Inner",
                                "Startup Cost": 80202.2,
                                "Total Cost": 417822.46,
                                "Plan Rows": 571808,
                                "Plan Width": 0,
                                "Actual Startup Time": 345.572,
                                "Actual Total Time": 1530.682,
                                "Actual Rows": 993870,
                                "Actual Loops": 7,
                                "Inner Unique": false,
                                "Hash Cond": "(ci.movie_id = t.id)",
                                "Workers": [
                                    {
                                        "Worker Number": 0,
                                        "Actual Startup Time": 343.113,
                                        "Actual Total Time": 1523.985,
                                        "Actual Rows": 810085,
                                        "Actual Loops": 1
                                    },
                                    {
                                        "Worker Number": 1,
                                        "Actual Startup Time": 343.633,
                                        "Actual Total Time": 1525.453,
                                        "Actual Rows": 798439,
                                        "Actual Loops": 1
                                    },
                                    {
                                        "Worker Number": 2,
                                        "Actual Startup Time": 344.041,
                                        "Actual Total Time": 1526.72,
                                        "Actual Rows": 784963,
                                        "Actual Loops": 1
                                    },
                                    {
                                        "Worker Number": 3,
                                        "Actual Startup Time": 343.983,
                                        "Actual Total Time": 1534.22,
                                        "Actual Rows": 1067296,
                                        "Actual Loops": 1
                                    },
                                    {
                                        "Worker Number": 4,
                                        "Actual Startup Time": 343.995,
                                        "Actual Total Time": 1534.046,
                                        "Actual Rows": 1070985,
                                        "Actual Loops": 1
                                    },
                                    {
                                        "Worker Number": 5,
                                        "Actual Startup Time": 344.106,
                                        "Actual Total Time": 1531.569,
                                        "Actual Rows": 1149164,
                                        "Actual Loops": 1
                                    }
                                ],
                                "Plans": [
                                    {
                                        "Node Type": "Seq Scan",
                                        "Parent Relationship": "Outer",
                                        "Parallel Aware": true,
                                        "Relation Name": "cast_info",
                                        "Schema": "public",
                                        "Alias": "ci",
                                        "Startup Cost": 0.0,
                                        "Total Cost": 328213.62,
                                        "Plan Rows": 2127232,
                                        "Plan Width": 4,
                                        "Actual Startup Time": 0.042,
                                        "Actual Total Time": 668.701,
                                        "Actual Rows": 1810098,
                                        "Actual Loops": 7,
                                        "Output": [
                                            "ci.id",
                                            "ci.person_id",
                                            "ci.movie_id",
                                            "ci.person_role_id",
                                            "ci.note",
                                            "ci.nr_order",
                                            "ci.role_id"
                                        ],
                                        "Filter": "(ci.role_id = 1)",
                                        "Rows Removed by Filter": 3367665,
                                        "Workers": [
                                            {
                                                "Worker Number": 0,
                                                "Actual Startup Time": 0.047,
                                                "Actual Total Time": 683.395,
                                                "Actual Rows": 1454517,
                                                "Actual Loops": 1
                                            },
                                            {
                                                "Worker Number": 1,
                                                "Actual Startup Time": 0.049,
                                                "Actual Total Time": 683.563,
                                                "Actual Rows": 1452294,
                                                "Actual Loops": 1
                                            },
                                            {
                                                "Worker Number": 2,
                                                "Actual Startup Time": 0.057,
                                                "Actual Total Time": 681.648,
                                                "Actual Rows": 1408156,
                                                "Actual Loops": 1
                                            },
                                            {
                                                "Worker Number": 3,
                                                "Actual Startup Time": 0.043,
                                                "Actual Total Time": 666.079,
                                                "Actual Rows": 1941808,
                                                "Actual Loops": 1
                                            },
                                            {
                                                "Worker Number": 4,
                                                "Actual Startup Time": 0.044,
                                                "Actual Total Time": 668.589,
                                                "Actual Rows": 1973692,
                                                "Actual Loops": 1
                                            },
                                            {
                                                "Worker Number": 5,
                                                "Actual Startup Time": 0.04,
                                                "Actual Total Time": 668.601,
                                                "Actual Rows": 2081804,
                                                "Actual Loops": 1
                                            }
                                        ]
                                    },
                                    {
                                        "Node Type": "Hash",
                                        "Parent Relationship": "Inner",
                                        "Parallel Aware": true,
                                        "Startup Cost": 78078.38,
                                        "Total Cost": 78078.38,
                                        "Plan Rows": 169906,
                                        "Plan Width": 8,
                                        "Actual Startup Time": 342.188,
                                        "Actual Total Time": 342.192,
                                        "Actual Rows": 97408,
                                        "Actual Loops": 7,
                                        "Output": [
                                            "t.id",
                                            "mc.movie_id"
                                        ],
                                        "Hash Buckets": 1048576,
                                        "Original Hash Buckets": 1048576,
                                        "Hash Batches": 1,
                                        "Original Hash Batches": 1,
                                        "Peak Memory Usage": 35008,
                                        "Workers": [
                                            {
                                                "Worker Number": 0,
                                                "Actual Startup Time": 342.357,
                                                "Actual Total Time": 342.361,
                                                "Actual Rows": 78541,
                                                "Actual Loops": 1
                                            },
                                            {
                                                "Worker Number": 1,
                                                "Actual Startup Time": 342.756,
                                                "Actual Total Time": 342.761,
                                                "Actual Rows": 81892,
                                                "Actual Loops": 1
                                            },
                                            {
                                                "Worker Number": 2,
                                                "Actual Startup Time": 343.288,
                                                "Actual Total Time": 343.292,
                                                "Actual Rows": 77886,
                                                "Actual Loops": 1
                                            },
                                            {
                                                "Worker Number": 3,
                                                "Actual Startup Time": 343.248,
                                                "Actual Total Time": 343.252,
                                                "Actual Rows": 101700,
                                                "Actual Loops": 1
                                            },
                                            {
                                                "Worker Number": 4,
                                                "Actual Startup Time": 343.299,
                                                "Actual Total Time": 343.303,
                                                "Actual Rows": 102788,
                                                "Actual Loops": 1
                                            },
                                            {
                                                "Worker Number": 5,
                                                "Actual Startup Time": 343.345,
                                                "Actual Total Time": 343.349,
                                                "Actual Rows": 111784,
                                                "Actual Loops": 1
                                            }
                                        ],
                                        "Plans": [
                                            {
                                                "Node Type": "Hash Join",
                                                "Parent Relationship": "Outer",
                                                "Parallel Aware": true,
                                                "Join Type": "Inner",
                                                "Startup Cost": 32051.09,
                                                "Total Cost": 78078.38,
                                                "Plan Rows": 169906,
                                                "Plan Width": 8,
                                                "Actual Startup Time": 118.565,
                                                "Actual Total Time": 299.774,
                                                "Actual Rows": 97408,
                                                "Actual Loops": 7,
                                                "Output": [
                                                    "t.id",
                                                    "mc.movie_id"
                                                ],
                                                "Inner Unique": false,
                                                "Hash Cond": "(t.id = mc.movie_id)",
                                                "Workers": [
                                                    {
                                                        "Worker Number": 0,
                                                        "Actual Startup Time": 118.591,
                                                        "Actual Total Time": 299.749,
                                                        "Actual Rows": 78541,
                                                        "Actual Loops": 1
                                                    },
                                                    {
                                                        "Worker Number": 1,
                                                        "Actual Startup Time": 118.574,
                                                        "Actual Total Time": 299.641,
                                                        "Actual Rows": 81892,
                                                        "Actual Loops": 1
                                                    },
                                                    {
                                                        "Worker Number": 2,
                                                        "Actual Startup Time": 118.539,
                                                        "Actual Total Time": 300.807,
                                                        "Actual Rows": 77886,
                                                        "Actual Loops": 1
                                                    },
                                                    {
                                                        "Worker Number": 3,
                                                        "Actual Startup Time": 118.518,
                                                        "Actual Total Time": 300.398,
                                                        "Actual Rows": 101700,
                                                        "Actual Loops": 1
                                                    },
                                                    {
                                                        "Worker Number": 4,
                                                        "Actual Startup Time": 118.556,
                                                        "Actual Total Time": 300.403,
                                                        "Actual Rows": 102788,
                                                        "Actual Loops": 1
                                                    },
                                                    {
                                                        "Worker Number": 5,
                                                        "Actual Startup Time": 118.562,
                                                        "Actual Total Time": 299.689,
                                                        "Actual Rows": 111784,
                                                        "Actual Loops": 1
                                                    }
                                                ],
                                                "Plans": [
                                                    {
                                                        "Node Type": "Seq Scan",
                                                        "Parent Relationship": "Outer",
                                                        "Parallel Aware": true,
                                                        "Relation Name": "title",
                                                        "Schema": "public",
                                                        "Alias": "t",
                                                        "Startup Cost": 0.0,
                                                        "Total Cost": 42318.81,
                                                        "Plan Rows": 632080,
                                                        "Plan Width": 4,
                                                        "Actual Startup Time": 0.035,
                                                        "Actual Total Time": 58.131,
                                                        "Actual Rows": 361187,
                                                        "Actual Loops": 7,
                                                        "Output": [
                                                            "t.id",
                                                            "t.title",
                                                            "t.imdb_index",
                                                            "t.kind_id",
                                                            "t.production_year",
                                                            "t.imdb_id",
                                                            "t.phonetic_code",
                                                            "t.episode_of_id",
                                                            "t.season_nr",
                                                            "t.episode_nr",
                                                            "t.series_years",
                                                            "t.md5sum"
                                                        ],
                                                        "Workers": [
                                                            {
                                                                "Worker Number": 0,
                                                                "Actual Startup Time": 0.059,
                                                                "Actual Total Time": 62.104,
                                                                "Actual Rows": 289798,
                                                                "Actual Loops": 1
                                                            },
                                                            {
                                                                "Worker Number": 1,
                                                                "Actual Startup Time": 0.042,
                                                                "Actual Total Time": 62.265,
                                                                "Actual Rows": 301528,
                                                                "Actual Loops": 1
                                                            },
                                                            {
                                                                "Worker Number": 2,
                                                                "Actual Startup Time": 0.045,
                                                                "Actual Total Time": 62.63,
                                                                "Actual Rows": 289695,
                                                                "Actual Loops": 1
                                                            },
                                                            {
                                                                "Worker Number": 3,
                                                                "Actual Startup Time": 0.037,
                                                                "Actual Total Time": 58.903,
                                                                "Actual Rows": 374971,
                                                                "Actual Loops": 1
                                                            },
                                                            {
                                                                "Worker Number": 4,
                                                                "Actual Startup Time": 0.028,
                                                                "Actual Total Time": 58.987,
                                                                "Actual Rows": 381361,
                                                                "Actual Loops": 1
                                                            },
                                                            {
                                                                "Worker Number": 5,
                                                                "Actual Startup Time": 0.028,
                                                                "Actual Total Time": 58.741,
                                                                "Actual Rows": 417218,
                                                                "Actual Loops": 1
                                                            }
                                                        ]
                                                    },
                                                    {
                                                        "Node Type": "Hash",
                                                        "Parent Relationship": "Inner",
                                                        "Parallel Aware": true,
                                                        "Startup Cost": 29310.68,
                                                        "Total Cost": 29310.68,
                                                        "Plan Rows": 219233,
                                                        "Plan Width": 4,
                                                        "Actual Startup Time": 116.958,
                                                        "Actual Total Time": 116.96,
                                                        "Actual Rows": 97408,
                                                        "Actual Loops": 7,
                                                        "Output": [
                                                            "mc.movie_id"
                                                        ],
                                                        "Hash Buckets": 1048576,
                                                        "Original Hash Buckets": 1048576,
                                                        "Hash Batches": 1,
                                                        "Original Hash Batches": 1,
                                                        "Peak Memory Usage": 35008,
                                                        "Workers": [
                                                            {
                                                                "Worker Number": 0,
                                                                "Actual Startup Time": 118.251,
                                                                "Actual Total Time": 118.253,
                                                                "Actual Rows": 73295,
                                                                "Actual Loops": 1
                                                            },
                                                            {
                                                                "Worker Number": 1,
                                                                "Actual Startup Time": 118.36,
                                                                "Actual Total Time": 118.362,
                                                                "Actual Rows": 71247,
                                                                "Actual Loops": 1
                                                            },
                                                            {
                                                                "Worker Number": 2,
                                                                "Actual Startup Time": 118.398,
                                                                "Actual Total Time": 118.4,
                                                                "Actual Rows": 73262,
                                                                "Actual Loops": 1
                                                            },
                                                            {
                                                                "Worker Number": 3,
                                                                "Actual Startup Time": 118.326,
                                                                "Actual Total Time": 118.327,
                                                                "Actual Rows": 91649,
                                                                "Actual Loops": 1
                                                            },
                                                            {
                                                                "Worker Number": 4,
                                                                "Actual Startup Time": 118.398,
                                                                "Actual Total Time": 118.4,
                                                                "Actual Rows": 92877,
                                                                "Actual Loops": 1
                                                            },
                                                            {
                                                                "Worker Number": 5,
                                                                "Actual Startup Time": 118.324,
                                                                "Actual Total Time": 118.325,
                                                                "Actual Rows": 96608,
                                                                "Actual Loops": 1
                                                            }
                                                        ],
                                                        "Plans": [
                                                            {
                                                                "Node Type": "Seq Scan",
                                                                "Parent Relationship": "Outer",
                                                                "Parallel Aware": true,
                                                                "Relation Name": "movie_companies",
                                                                "Schema": "public",
                                                                "Alias": "mc",
                                                                "Startup Cost": 0.0,
                                                                "Total Cost": 29310.68,
                                                                "Plan Rows": 219233,
                                                                "Plan Width": 4,
                                                                "Actual Startup Time": 0.055,
                                                                "Actual Total Time": 59.373,
                                                                "Actual Rows": 97408,
                                                                "Actual Loops": 7,
                                                                "Output": [
                                                                    "mc.movie_id"
                                                                ],
                                                                "Filter": "(mc.company_id < 1162)",
                                                                "Rows Removed by Filter": 275325,
                                                                "Workers": [
                                                                    {
                                                                        "Worker Number": 0,
                                                                        "Actual Startup Time": 0.064,
                                                                        "Actual Total Time": 59.186,
                                                                        "Actual Rows": 73295,
                                                                        "Actual Loops": 1
                                                                    },
                                                                    {
                                                                        "Worker Number": 1,
                                                                        "Actual Startup Time": 0.076,
                                                                        "Actual Total Time": 61.258,
                                                                        "Actual Rows": 71247,
                                                                        "Actual Loops": 1
                                                                    },
                                                                    {
                                                                        "Worker Number": 2,
                                                                        "Actual Startup Time": 0.061,
                                                                        "Actual Total Time": 61.252,
                                                                        "Actual Rows": 73262,
                                                                        "Actual Loops": 1
                                                                    },
                                                                    {
                                                                        "Worker Number": 3,
                                                                        "Actual Startup Time": 0.053,
                                                                        "Actual Total Time": 60.735,
                                                                        "Actual Rows": 91649,
                                                                        "Actual Loops": 1
                                                                    },
                                                                    {
                                                                        "Worker Number": 4,
                                                                        "Actual Startup Time": 0.055,
                                                                        "Actual Total Time": 60.232,
                                                                        "Actual Rows": 92877,
                                                                        "Actual Loops": 1
                                                                    },
                                                                    {
                                                                        "Worker Number": 5,
                                                                        "Actual Startup Time": 0.058,
                                                                        "Actual Total Time": 61.013,
                                                                        "Actual Rows": 96608,
                                                                        "Actual Loops": 1
                                                                    }
                                                                ]
                                                            }
                                                        ]
                                                    }
                                                ]
                                            }
                                        ]
                                    }
                                ]
                            }
                        ]
                    }
                ]
            }
        ]
    },
    "Planning Time": 1.555,
    "Triggers": [],
    "Execution Time": 1658.358
}