[
  {
    "Plan": {
      "Node Type": "Aggregate",
      "Strategy": "Plain",
      "Partial Mode": "Finalize",
      "Parallel Aware": false,
      "Startup Cost": 271344.49,
      "Total Cost": 271344.5,
      "Plan Rows": 1,
      "Plan Width": 8,
      "Actual Startup Time": 3320.964,
      "Actual Total Time": 3414.43,
      "Actual Rows": 1,
      "Actual Loops": 1,
      "Plans": [
        {
          "Node Type": "Gather",
          "Parent Relationship": "Outer",
          "Parallel Aware": false,
          "Startup Cost": 271344.18,
          "Total Cost": 271344.49,
          "Plan Rows": 3,
          "Plan Width": 8,
          "Actual Startup Time": 3320.588,
          "Actual Total Time": 3414.422,
          "Actual Rows": 4,
          "Actual Loops": 1,
          "Workers Planned": 3,
          "Workers Launched": 3,
          "Single Copy": false,
          "Plans": [
            {
              "Node Type": "Aggregate",
              "Strategy": "Plain",
              "Partial Mode": "Partial",
              "Parent Relationship": "Outer",
              "Parallel Aware": false,
              "Startup Cost": 270344.18,
              "Total Cost": 270344.19,
              "Plan Rows": 1,
              "Plan Width": 8,
              "Actual Startup Time": 3312.319,
              "Actual Total Time": 3312.322,
              "Actual Rows": 1,
              "Actual Loops": 4,
              "Plans": [
                {
                  "Node Type": "Nested Loop",
                  "Parent Relationship": "Outer",
                  "Parallel Aware": false,
                  "Join Type": "Inner",
                  "Startup Cost": 46433.08,
                  "Total Cost": 268074.49,
                  "Plan Rows": 907874,
                  "Plan Width": 0,
                  "Actual Startup Time": 124.693,
                  "Actual Total Time": 3176.755,
                  "Actual Rows": 2796723,
                  "Actual Loops": 4,
                  "Inner Unique": false,
                  "Join Filter": "(t.id = ci.movie_id)",
                  "Rows Removed by Join Filter": 0,
                  "Plans": [
                    {
                      "Node Type": "Hash Join",
                      "Parent Relationship": "Outer",
                      "Parallel Aware": true,
                      "Join Type": "Inner",
                      "Startup Cost": 46432.51,
                      "Total Cost": 77522.27,
                      "Plan Rows": 81738,
                      "Plan Width": 8,
                      "Actual Startup Time": 124.566,
                      "Actual Total Time": 339.23,
                      "Actual Rows": 95645,
                      "Actual Loops": 4,
                      "Inner Unique": true,
                      "Hash Cond": "(mc.movie_id = t.id)",
                      "Plans": [
                        {
                          "Node Type": "Seq Scan",
                          "Parent Relationship": "Outer",
                          "Parallel Aware": true,
                          "Relation Name": "movie_companies",
                          "Alias": "mc",
                          "Startup Cost": 0.0,
                          "Total Cost": 29310.68,
                          "Plan Rows": 677745,
                          "Plan Width": 4,
                          "Actual Startup Time": 0.087,
                          "Actual Total Time": 75.272,
                          "Actual Rows": 527103,
                          "Actual Loops": 4,
                          "Filter": "(company_id > 448)",
                          "Rows Removed by Filter": 125179
                        },
                        {
                          "Node Type": "Hash",
                          "Parent Relationship": "Inner",
                          "Parallel Aware": true,
                          "Startup Cost": 45479.59,
                          "Total Cost": 45479.59,
                          "Plan Rows": 76234,
                          "Plan Width": 4,
                          "Actual Startup Time": 122.361,
                          "Actual Total Time": 122.362,
                          "Actual Rows": 66650,
                          "Actual Loops": 4,
                          "Hash Buckets": 524288,
                          "Original Hash Buckets": 524288,
                          "Hash Batches": 1,
                          "Original Hash Batches": 1,
                          "Peak Memory Usage": 14592,
                          "Plans": [
                            {
                              "Node Type": "Seq Scan",
                              "Parent Relationship": "Outer",
                              "Parallel Aware": true,
                              "Relation Name": "title",
                              "Alias": "t",
                              "Startup Cost": 0.0,
                              "Total Cost": 45479.59,
                              "Plan Rows": 76234,
                              "Plan Width": 4,
                              "Actual Startup Time": 0.057,
                              "Actual Total Time": 97.839,
                              "Actual Rows": 66650,
                              "Actual Loops": 4,
                              "Filter": "((kind_id < 7) AND (production_year > 2007))",
                              "Rows Removed by Filter": 565428
                            }
                          ]
                        }
                      ]
                    },
                    {
                      "Node Type": "Index Scan",
                      "Parent Relationship": "Inner",
                      "Parallel Aware": false,
                      "Scan Direction": "Forward",
                      "Index Name": "movie_id_cast_info",
                      "Relation Name": "cast_info",
                      "Alias": "ci",
                      "Startup Cost": 0.56,
                      "Total Cost": 1.99,
                      "Plan Rows": 27,
                      "Plan Width": 4,
                      "Actual Startup Time": 0.007,
                      "Actual Total Time": 0.027,
                      "Actual Rows": 29,
                      "Actual Loops": 382579,
                      "Index Cond": "(movie_id = mc.movie_id)",
                      "Rows Removed by Index Recheck": 0,
                      "Filter": "(person_id > 810140)",
                      "Rows Removed by Filter": 8
                    }
                  ]
                }
              ]
            }
          ]
        }
      ]
    },
    "Planning Time": 0.472,
    "Triggers": [],
    "Execution Time": 3414.493
  }
]