[
  {
    "Plan": {
      "Node Type": "Aggregate",
      "Strategy": "Plain",
      "Partial Mode": "Finalize",
      "Parallel Aware": false,
      "Startup Cost": 666112.91,
      "Total Cost": 666112.92,
      "Plan Rows": 1,
      "Plan Width": 8,
      "Actual Startup Time": 7270.844,
      "Actual Total Time": 7354.817,
      "Actual Rows": 1,
      "Actual Loops": 1,
      "Plans": [
        {
          "Node Type": "Gather",
          "Parent Relationship": "Outer",
          "Parallel Aware": false,
          "Startup Cost": 666112.28,
          "Total Cost": 666112.89,
          "Plan Rows": 6,
          "Plan Width": 8,
          "Actual Startup Time": 7239.212,
          "Actual Total Time": 7354.802,
          "Actual Rows": 7,
          "Actual Loops": 1,
          "Workers Planned": 6,
          "Workers Launched": 6,
          "Single Copy": false,
          "Plans": [
            {
              "Node Type": "Aggregate",
              "Strategy": "Plain",
              "Partial Mode": "Partial",
              "Parent Relationship": "Outer",
              "Parallel Aware": false,
              "Startup Cost": 665112.28,
              "Total Cost": 665112.29,
              "Plan Rows": 1,
              "Plan Width": 8,
              "Actual Startup Time": 7207.338,
              "Actual Total Time": 7208.798,
              "Actual Rows": 1,
              "Actual Loops": 7,
              "Plans": [
                {
                  "Node Type": "Hash Join",
                  "Parent Relationship": "Outer",
                  "Parallel Aware": true,
                  "Join Type": "Inner",
                  "Startup Cost": 266794.7,
                  "Total Cost": 630330.03,
                  "Plan Rows": 13912901,
                  "Plan Width": 0,
                  "Actual Startup Time": 1368.398,
                  "Actual Total Time": 6497.253,
                  "Actual Rows": 18206259,
                  "Actual Loops": 7,
                  "Inner Unique": false,
                  "Hash Cond": "(ci.movie_id = t.id)",
                  "Plans": [
                    {
                      "Node Type": "Seq Scan",
                      "Parent Relationship": "Outer",
                      "Parallel Aware": true,
                      "Relation Name": "cast_info",
                      "Alias": "ci",
                      "Startup Cost": 0.0,
                      "Total Cost": 313067.02,
                      "Plan Rows": 6038002,
                      "Plan Width": 4,
                      "Actual Startup Time": 0.035,
                      "Actual Total Time": 516.201,
                      "Actual Rows": 5177763,
                      "Actual Loops": 7
                    },
                    {
                      "Node Type": "Hash",
                      "Parent Relationship": "Inner",
                      "Parallel Aware": true,
                      "Startup Cost": 252230.33,
                      "Total Cost": 252230.33,
                      "Plan Rows": 1165150,
                      "Plan Width": 8,
                      "Actual Startup Time": 1356.327,
                      "Actual Total Time": 1357.779,
                      "Actual Rows": 840709,
                      "Actual Loops": 7,
                      "Hash Buckets": 8388608,
                      "Original Hash Buckets": 8388608,
                      "Hash Batches": 1,
                      "Original Hash Batches": 1,
                      "Peak Memory Usage": 295872,
                      "Plans": [
                        {
                          "Node Type": "Hash Join",
                          "Parent Relationship": "Outer",
                          "Parallel Aware": true,
                          "Join Type": "Inner",
                          "Startup Cost": 50219.64,
                          "Total Cost": 252230.33,
                          "Plan Rows": 1165150,
                          "Plan Width": 8,
                          "Actual Startup Time": 259.472,
                          "Actual Total Time": 913.018,
                          "Actual Rows": 840709,
                          "Actual Loops": 7,
                          "Inner Unique": true,
                          "Hash Cond": "(mi.movie_id = t.id)",
                          "Plans": [
                            {
                              "Node Type": "Seq Scan",
                              "Parent Relationship": "Outer",
                              "Parallel Aware": true,
                              "Relation Name": "movie_info",
                              "Alias": "mi",
                              "Startup Cost": 0.0,
                              "Total Cost": 198952.16,
                              "Plan Rows": 1165150,
                              "Plan Width": 4,
                              "Actual Startup Time": 0.033,
                              "Actual Total Time": 307.864,
                              "Actual Rows": 840709,
                              "Actual Loops": 7,
                              "Filter": "(info_type_id < 7)",
                              "Rows Removed by Filter": 1278680
                            },
                            {
                              "Node Type": "Hash",
                              "Parent Relationship": "Inner",
                              "Parallel Aware": true,
                              "Startup Cost": 42318.73,
                              "Total Cost": 42318.73,
                              "Plan Rows": 632073,
                              "Plan Width": 4,
                              "Actual Startup Time": 254.53,
                              "Actual Total Time": 254.531,
                              "Actual Rows": 361187,
                              "Actual Loops": 7,
                              "Hash Buckets": 4194304,
                              "Original Hash Buckets": 4194304,
                              "Hash Batches": 1,
                              "Original Hash Batches": 1,
                              "Peak Memory Usage": 131744,
                              "Plans": [
                                {
                                  "Node Type": "Seq Scan",
                                  "Parent Relationship": "Outer",
                                  "Parallel Aware": true,
                                  "Relation Name": "title",
                                  "Alias": "t",
                                  "Startup Cost": 0.0,
                                  "Total Cost": 42318.73,
                                  "Plan Rows": 632073,
                                  "Plan Width": 4,
                                  "Actual Startup Time": 0.045,
                                  "Actual Total Time": 71.778,
                                  "Actual Rows": 361187,
                                  "Actual Loops": 7
                                }
                              ]
                            }
                          ]
                        }
                      ]
                    }
                  ]
                }
              ]
            }
          ]
        }
      ]
    },
    "Planning Time": 1.4,
    "Triggers": [],
    "Execution Time": 7354.946
  }
]