[
  {
    "Plan": {
      "Node Type": "Aggregate",
      "Strategy": "Plain",
      "Partial Mode": "Finalize",
      "Parallel Aware": false,
      "Startup Cost": 297077.85,
      "Total Cost": 297077.86,
      "Plan Rows": 1,
      "Plan Width": 8,
      "Actual Startup Time": 955.838,
      "Actual Total Time": 1002.802,
      "Actual Rows": 1,
      "Actual Loops": 1,
      "Plans": [
        {
          "Node Type": "Gather",
          "Parent Relationship": "Outer",
          "Parallel Aware": false,
          "Startup Cost": 297077.33,
          "Total Cost": 297077.84,
          "Plan Rows": 5,
          "Plan Width": 8,
          "Actual Startup Time": 943.69,
          "Actual Total Time": 1002.786,
          "Actual Rows": 6,
          "Actual Loops": 1,
          "Workers Planned": 5,
          "Workers Launched": 5,
          "Single Copy": false,
          "Plans": [
            {
              "Node Type": "Aggregate",
              "Strategy": "Plain",
              "Partial Mode": "Partial",
              "Parent Relationship": "Outer",
              "Parallel Aware": false,
              "Startup Cost": 296077.33,
              "Total Cost": 296077.34,
              "Plan Rows": 1,
              "Plan Width": 8,
              "Actual Startup Time": 932.701,
              "Actual Total Time": 932.798,
              "Actual Rows": 1,
              "Actual Loops": 6,
              "Plans": [
                {
                  "Node Type": "Hash Join",
                  "Parent Relationship": "Outer",
                  "Parallel Aware": true,
                  "Join Type": "Inner",
                  "Startup Cost": 94955.26,
                  "Total Cost": 295803.47,
                  "Plan Rows": 109545,
                  "Plan Width": 0,
                  "Actual Startup Time": 550.505,
                  "Actual Total Time": 922.988,
                  "Actual Rows": 214202,
                  "Actual Loops": 6,
                  "Inner Unique": false,
                  "Hash Cond": "(mi.movie_id = t.id)",
                  "Plans": [
                    {
                      "Node Type": "Seq Scan",
                      "Parent Relationship": "Outer",
                      "Parallel Aware": true,
                      "Relation Name": "movie_info",
                      "Alias": "mi",
                      "Startup Cost": 0.0,
                      "Total Cost": 198952.16,
                      "Plan Rows": 411380,
                      "Plan Width": 4,
                      "Actual Startup Time": 31.491,
                      "Actual Total Time": 314.472,
                      "Actual Rows": 348511,
                      "Actual Loops": 6,
                      "Filter": "(info_type_id < 3)",
                      "Rows Removed by Filter": 2124109
                    },
                    {
                      "Node Type": "Hash",
                      "Parent Relationship": "Inner",
                      "Parallel Aware": true,
                      "Startup Cost": 92240.55,
                      "Total Cost": 92240.55,
                      "Plan Rows": 217177,
                      "Plan Width": 8,
                      "Actual Startup Time": 515.457,
                      "Actual Total Time": 515.553,
                      "Actual Rows": 113290,
                      "Actual Loops": 6,
                      "Hash Buckets": 1048576,
                      "Original Hash Buckets": 1048576,
                      "Hash Batches": 1,
                      "Original Hash Batches": 1,
                      "Peak Memory Usage": 34880,
                      "Plans": [
                        {
                          "Node Type": "Hash Join",
                          "Parent Relationship": "Outer",
                          "Parallel Aware": true,
                          "Join Type": "Inner",
                          "Startup Cost": 64501.75,
                          "Total Cost": 92240.55,
                          "Plan Rows": 217177,
                          "Plan Width": 8,
                          "Actual Startup Time": 350.673,
                          "Actual Total Time": 460.294,
                          "Actual Rows": 113290,
                          "Actual Loops": 6,
                          "Inner Unique": true,
                          "Hash Cond": "(mk.movie_id = t.id)",
                          "Plans": [
                            {
                              "Node Type": "Bitmap Heap Scan",
                              "Parent Relationship": "Outer",
                              "Parallel Aware": true,
                              "Relation Name": "movie_keyword",
                              "Alias": "mk",
                              "Startup Cost": 14282.1,
                              "Total Cost": 41450.81,
                              "Plan Rows": 217177,
                              "Plan Width": 4,
                              "Actual Startup Time": 61.856,
                              "Actual Total Time": 116.527,
                              "Actual Rows": 113290,
                              "Actual Loops": 6,
                              "Recheck Cond": "(keyword_id < 557)",
                              "Rows Removed by Index Recheck": 0,
                              "Exact Heap Blocks": 4379,
                              "Lossy Heap Blocks": 0,
                              "Plans": [
                                {
                                  "Node Type": "Bitmap Index Scan",
                                  "Parent Relationship": "Outer",
                                  "Parallel Aware": false,
                                  "Index Name": "keyword_id_movie_keyword",
                                  "Startup Cost": 0.0,
                                  "Total Cost": 14113.79,
                                  "Plan Rows": 673248,
                                  "Plan Width": 0,
                                  "Actual Startup Time": 55.841,
                                  "Actual Total Time": 55.841,
                                  "Actual Rows": 679742,
                                  "Actual Loops": 1,
                                  "Index Cond": "(keyword_id < 557)"
                                }
                              ]
                            },
                            {
                              "Node Type": "Hash",
                              "Parent Relationship": "Inner",
                              "Parallel Aware": true,
                              "Startup Cost": 42318.73,
                              "Total Cost": 42318.73,
                              "Plan Rows": 632073,
                              "Plan Width": 4,
                              "Actual Startup Time": 282.743,
                              "Actual Total Time": 282.744,
                              "Actual Rows": 421385,
                              "Actual Loops": 6,
                              "Hash Buckets": 4194304,
                              "Original Hash Buckets": 4194304,
                              "Hash Batches": 1,
                              "Original Hash Batches": 1,
                              "Peak Memory Usage": 131776,
                              "Plans": [
                                {
                                  "Node Type": "Seq Scan",
                                  "Parent Relationship": "Outer",
                                  "Parallel Aware": true,
                                  "Relation Name": "title",
                                  "Alias": "t",
                                  "Startup Cost": 0.0,
                                  "Total Cost": 42318.73,
                                  "Plan Rows": 632073,
                                  "Plan Width": 4,
                                  "Actual Startup Time": 0.056,
                                  "Actual Total Time": 81.414,
                                  "Actual Rows": 421385,
                                  "Actual Loops": 6
                                }
                              ]
                            }
                          ]
                        }
                      ]
                    }
                  ]
                }
              ]
            }
          ]
        }
      ]
    },
    "Planning Time": 1.36,
    "Triggers": [],
    "Execution Time": 1002.926
  }
]