[
  {
    "Plan": {
      "Node Type": "Aggregate",
      "Strategy": "Plain",
      "Partial Mode": "Finalize",
      "Parallel Aware": false,
      "Startup Cost": 441904.82,
      "Total Cost": 441904.83,
      "Plan Rows": 1,
      "Plan Width": 8,
      "Actual Startup Time": 2018.549,
      "Actual Total Time": 2082.777,
      "Actual Rows": 1,
      "Actual Loops": 1,
      "Plans": [
        {
          "Node Type": "Gather",
          "Parent Relationship": "Outer",
          "Parallel Aware": false,
          "Startup Cost": 441904.19,
          "Total Cost": 441904.8,
          "Plan Rows": 6,
          "Plan Width": 8,
          "Actual Startup Time": 2010.919,
          "Actual Total Time": 2082.766,
          "Actual Rows": 7,
          "Actual Loops": 1,
          "Workers Planned": 6,
          "Workers Launched": 6,
          "Single Copy": false,
          "Plans": [
            {
              "Node Type": "Aggregate",
              "Strategy": "Plain",
              "Partial Mode": "Partial",
              "Parent Relationship": "Outer",
              "Parallel Aware": false,
              "Startup Cost": 440904.19,
              "Total Cost": 440904.2,
              "Plan Rows": 1,
              "Plan Width": 8,
              "Actual Startup Time": 1999.131,
              "Actual Total Time": 1999.137,
              "Actual Rows": 1,
              "Actual Loops": 7,
              "Plans": [
                {
                  "Node Type": "Hash Join",
                  "Parent Relationship": "Outer",
                  "Parallel Aware": true,
                  "Join Type": "Inner",
                  "Startup Cost": 83890.65,
                  "Total Cost": 436336.6,
                  "Plan Rows": 1827036,
                  "Plan Width": 0,
                  "Actual Startup Time": 293.653,
                  "Actual Total Time": 1933.807,
                  "Actual Rows": 1506964,
                  "Actual Loops": 7,
                  "Inner Unique": false,
                  "Hash Cond": "(ci.movie_id = t.id)",
                  "Plans": [
                    {
                      "Node Type": "Seq Scan",
                      "Parent Relationship": "Outer",
                      "Parallel Aware": true,
                      "Relation Name": "cast_info",
                      "Alias": "ci",
                      "Startup Cost": 0.0,
                      "Total Cost": 328162.03,
                      "Plan Rows": 5257691,
                      "Plan Width": 4,
                      "Actual Startup Time": 0.027,
                      "Actual Total Time": 712.835,
                      "Actual Rows": 4515030,
                      "Actual Loops": 7,
                      "Filter": "(role_id < 10)",
                      "Rows Removed by Filter": 662734
                    },
                    {
                      "Node Type": "Hash",
                      "Parent Relationship": "Inner",
                      "Parallel Aware": true,
                      "Startup Cost": 81145.1,
                      "Total Cost": 81145.1,
                      "Plan Rows": 219644,
                      "Plan Width": 8,
                      "Actual Startup Time": 290.342,
                      "Actual Total Time": 290.346,
                      "Actual Rows": 79844,
                      "Actual Loops": 7,
                      "Hash Buckets": 1048576,
                      "Original Hash Buckets": 1048576,
                      "Hash Batches": 1,
                      "Original Hash Batches": 1,
                      "Peak Memory Usage": 30176,
                      "Plans": [
                        {
                          "Node Type": "Hash Join",
                          "Parent Relationship": "Outer",
                          "Parallel Aware": true,
                          "Join Type": "Inner",
                          "Startup Cost": 34957.47,
                          "Total Cost": 81145.1,
                          "Plan Rows": 219644,
                          "Plan Width": 8,
                          "Actual Startup Time": 104.955,
                          "Actual Total Time": 253.364,
                          "Actual Rows": 79844,
                          "Actual Loops": 7,
                          "Inner Unique": false,
                          "Hash Cond": "(t.id = mc.movie_id)",
                          "Plans": [
                            {
                              "Node Type": "Seq Scan",
                              "Parent Relationship": "Outer",
                              "Parallel Aware": true,
                              "Relation Name": "title",
                              "Alias": "t",
                              "Startup Cost": 0.0,
                              "Total Cost": 42318.73,
                              "Plan Rows": 632073,
                              "Plan Width": 4,
                              "Actual Startup Time": 0.013,
                              "Actual Total Time": 53.171,
                              "Actual Rows": 361187,
                              "Actual Loops": 7
                            },
                            {
                              "Node Type": "Hash",
                              "Parent Relationship": "Inner",
                              "Parallel Aware": true,
                              "Startup Cost": 31414.82,
                              "Total Cost": 31414.82,
                              "Plan Rows": 283412,
                              "Plan Width": 4,
                              "Actual Startup Time": 103.27,
                              "Actual Total Time": 103.271,
                              "Actual Rows": 79844,
                              "Actual Loops": 7,
                              "Hash Buckets": 1048576,
                              "Original Hash Buckets": 1048576,
                              "Hash Batches": 1,
                              "Original Hash Batches": 1,
                              "Peak Memory Usage": 30176,
                              "Plans": [
                                {
                                  "Node Type": "Seq Scan",
                                  "Parent Relationship": "Outer",
                                  "Parallel Aware": true,
                                  "Relation Name": "movie_companies",
                                  "Alias": "mc",
                                  "Startup Cost": 0.0,
                                  "Total Cost": 31414.82,
                                  "Plan Rows": 283412,
                                  "Plan Width": 4,
                                  "Actual Startup Time": 41.076,
                                  "Actual Total Time": 64.293,
                                  "Actual Rows": 79844,
                                  "Actual Loops": 7,
                                  "Filter": "((company_id < 21923) AND (company_type_id > 1))",
                                  "Rows Removed by Filter": 292888
                                }
                              ]
                            }
                          ]
                        }
                      ]
                    }
                  ]
                }
              ]
            }
          ]
        }
      ]
    },
    "Planning Time": 1.284,
    "Triggers": [],
    "Execution Time": 2082.88
  }
]