[
  {
    "Plan": {
      "Node Type": "Aggregate",
      "Strategy": "Plain",
      "Partial Mode": "Finalize",
      "Parallel Aware": false,
      "Startup Cost": 85089.58,
      "Total Cost": 85089.59,
      "Plan Rows": 1,
      "Plan Width": 8,
      "Actual Startup Time": 424.706,
      "Actual Total Time": 440.044,
      "Actual Rows": 1,
      "Actual Loops": 1,
      "Plans": [
        {
          "Node Type": "Gather",
          "Parent Relationship": "Outer",
          "Parallel Aware": false,
          "Startup Cost": 85089.27,
          "Total Cost": 85089.58,
          "Plan Rows": 3,
          "Plan Width": 8,
          "Actual Startup Time": 411.037,
          "Actual Total Time": 440.036,
          "Actual Rows": 4,
          "Actual Loops": 1,
          "Workers Planned": 3,
          "Workers Launched": 3,
          "Single Copy": false,
          "Plans": [
            {
              "Node Type": "Aggregate",
              "Strategy": "Plain",
              "Partial Mode": "Partial",
              "Parent Relationship": "Outer",
              "Parallel Aware": false,
              "Startup Cost": 84089.27,
              "Total Cost": 84089.28,
              "Plan Rows": 1,
              "Plan Width": 8,
              "Actual Startup Time": 402.813,
              "Actual Total Time": 402.816,
              "Actual Rows": 1,
              "Actual Loops": 4,
              "Plans": [
                {
                  "Node Type": "Hash Join",
                  "Parent Relationship": "Outer",
                  "Parallel Aware": true,
                  "Join Type": "Inner",
                  "Startup Cost": 57801.78,
                  "Total Cost": 83856.84,
                  "Plan Rows": 92969,
                  "Plan Width": 0,
                  "Actual Startup Time": 319.427,
                  "Actual Total Time": 398.597,
                  "Actual Rows": 80240,
                  "Actual Loops": 4,
                  "Inner Unique": true,
                  "Hash Cond": "(mk.movie_id = t.id)",
                  "Plans": [
                    {
                      "Node Type": "Bitmap Heap Scan",
                      "Parent Relationship": "Outer",
                      "Parallel Aware": true,
                      "Relation Name": "movie_keyword",
                      "Alias": "mk",
                      "Startup Cost": 6963.6,
                      "Total Cost": 32740.79,
                      "Plan Rows": 105855,
                      "Plan Width": 4,
                      "Actual Startup Time": 28.261,
                      "Actual Total Time": 72.765,
                      "Actual Rows": 82980,
                      "Actual Loops": 4,
                      "Recheck Cond": "(keyword_id < 269)",
                      "Rows Removed by Index Recheck": 0,
                      "Exact Heap Blocks": 7515,
                      "Lossy Heap Blocks": 0,
                      "Plans": [
                        {
                          "Node Type": "Bitmap Index Scan",
                          "Parent Relationship": "Outer",
                          "Parallel Aware": false,
                          "Index Name": "keyword_id_movie_keyword",
                          "Startup Cost": 0.0,
                          "Total Cost": 6881.56,
                          "Plan Rows": 328151,
                          "Plan Width": 0,
                          "Actual Startup Time": 24.595,
                          "Actual Total Time": 24.596,
                          "Actual Rows": 331920,
                          "Actual Loops": 1,
                          "Index Cond": "(keyword_id < 269)"
                        }
                      ]
                    },
                    {
                      "Node Type": "Hash",
                      "Parent Relationship": "Inner",
                      "Parallel Aware": true,
                      "Startup Cost": 43899.01,
                      "Total Cost": 43899.01,
                      "Plan Rows": 555134,
                      "Plan Width": 4,
                      "Actual Startup Time": 284.905,
                      "Actual Total Time": 284.905,
                      "Actual Rows": 556142,
                      "Actual Loops": 4,
                      "Hash Buckets": 4194304,
                      "Original Hash Buckets": 4194304,
                      "Hash Batches": 1,
                      "Original Hash Batches": 1,
                      "Peak Memory Usage": 119872,
                      "Plans": [
                        {
                          "Node Type": "Seq Scan",
                          "Parent Relationship": "Outer",
                          "Parallel Aware": true,
                          "Relation Name": "title",
                          "Alias": "t",
                          "Startup Cost": 0.0,
                          "Total Cost": 43899.01,
                          "Plan Rows": 555134,
                          "Plan Width": 4,
                          "Actual Startup Time": 0.019,
                          "Actual Total Time": 99.333,
                          "Actual Rows": 556142,
                          "Actual Loops": 4,
                          "Filter": "(production_year < 2012)",
                          "Rows Removed by Filter": 75936
                        }
                      ]
                    }
                  ]
                }
              ]
            }
          ]
        }
      ]
    },
    "Planning Time": 0.185,
    "Triggers": [],
    "Execution Time": 440.08
  }
]