[
  {
    "Plan": {
      "Node Type": "Aggregate",
      "Strategy": "Plain",
      "Partial Mode": "Finalize",
      "Parallel Aware": false,
      "Startup Cost": 382542.84,
      "Total Cost": 382542.85,
      "Plan Rows": 1,
      "Plan Width": 8,
      "Actual Startup Time": 1172.644,
      "Actual Total Time": 1246.739,
      "Actual Rows": 1,
      "Actual Loops": 1,
      "Plans": [
        {
          "Node Type": "Gather",
          "Parent Relationship": "Outer",
          "Parallel Aware": false,
          "Startup Cost": 382542.21,
          "Total Cost": 382542.82,
          "Plan Rows": 6,
          "Plan Width": 8,
          "Actual Startup Time": 1168.861,
          "Actual Total Time": 1246.722,
          "Actual Rows": 7,
          "Actual Loops": 1,
          "Workers Planned": 6,
          "Workers Launched": 6,
          "Single Copy": false,
          "Plans": [
            {
              "Node Type": "Aggregate",
              "Strategy": "Plain",
              "Partial Mode": "Partial",
              "Parent Relationship": "Outer",
              "Parallel Aware": false,
              "Startup Cost": 381542.21,
              "Total Cost": 381542.22,
              "Plan Rows": 1,
              "Plan Width": 8,
              "Actual Startup Time": 1157.265,
              "Actual Total Time": 1157.268,
              "Actual Rows": 1,
              "Actual Loops": 7,
              "Plans": [
                {
                  "Node Type": "Hash Join",
                  "Parent Relationship": "Outer",
                  "Parallel Aware": true,
                  "Join Type": "Inner",
                  "Startup Cost": 46304.72,
                  "Total Cost": 380906.63,
                  "Plan Rows": 254233,
                  "Plan Width": 0,
                  "Actual Startup Time": 385.717,
                  "Actual Total Time": 1143.203,
                  "Actual Rows": 248018,
                  "Actual Loops": 7,
                  "Inner Unique": true,
                  "Hash Cond": "(ci.movie_id = t.id)",
                  "Plans": [
                    {
                      "Node Type": "Seq Scan",
                      "Parent Relationship": "Outer",
                      "Parallel Aware": true,
                      "Relation Name": "cast_info",
                      "Alias": "ci",
                      "Startup Cost": 0.0,
                      "Total Cost": 328211.39,
                      "Plan Rows": 2434477,
                      "Plan Width": 4,
                      "Actual Startup Time": 258.761,
                      "Actual Total Time": 656.94,
                      "Actual Rows": 2048489,
                      "Actual Loops": 7,
                      "Filter": "(person_id > 2228068)",
                      "Rows Removed by Filter": 3129275
                    },
                    {
                      "Node Type": "Hash",
                      "Parent Relationship": "Inner",
                      "Parallel Aware": true,
                      "Startup Cost": 45479.59,
                      "Total Cost": 45479.59,
                      "Plan Rows": 66011,
                      "Plan Width": 4,
                      "Actual Startup Time": 124.417,
                      "Actual Total Time": 124.418,
                      "Actual Rows": 53457,
                      "Actual Loops": 7,
                      "Hash Buckets": 524288,
                      "Original Hash Buckets": 524288,
                      "Hash Batches": 1,
                      "Original Hash Batches": 1,
                      "Peak Memory Usage": 18848,
                      "Plans": [
                        {
                          "Node Type": "Seq Scan",
                          "Parent Relationship": "Outer",
                          "Parallel Aware": true,
                          "Relation Name": "title",
                          "Alias": "t",
                          "Startup Cost": 0.0,
                          "Total Cost": 45479.59,
                          "Plan Rows": 66011,
                          "Plan Width": 4,
                          "Actual Startup Time": 50.98,
                          "Actual Total Time": 83.45,
                          "Actual Rows": 53457,
                          "Actual Loops": 7,
                          "Filter": "((production_year < 2000) AND (kind_id = 1))",
                          "Rows Removed by Filter": 307731
                        }
                      ]
                    }
                  ]
                }
              ]
            }
          ]
        }
      ]
    },
    "Planning Time": 0.668,
    "Triggers": [],
    "Execution Time": 1246.831
  }
]