[
  {
    "Plan": {
      "Node Type": "Sort",
      "Parallel Aware": false,
      "Startup Cost": 120852.33,
      "Total Cost": 120853.11,
      "Plan Rows": 312,
      "Plan Width": 23,
      "Actual Startup Time": 17623.253,
      "Actual Total Time": 17685.923,
      "Actual Rows": 65120,
      "Actual Loops": 1,
      "Sort Key": [
        "(count(*)) DESC"
      ],
      "Sort Method": "quicksort",
      "Sort Space Used": 6616,
      "Sort Space Type": "Memory",
      "Plans": [
        {
          "Node Type": "Aggregate",
          "Strategy": "Sorted",
          "Partial Mode": "Simple",
          "Parent Relationship": "Outer",
          "Parallel Aware": false,
          "Startup Cost": 120833.94,
          "Total Cost": 120839.4,
          "Plan Rows": 312,
          "Plan Width": 23,
          "Actual Startup Time": 17514.315,
          "Actual Total Time": 17656.434,
          "Actual Rows": 65120,
          "Actual Loops": 1,
          "Group Key": [
            "n.name"
          ],
          "Plans": [
            {
              "Node Type": "Sort",
              "Parent Relationship": "Outer",
              "Parallel Aware": false,
              "Startup Cost": 120833.94,
              "Total Cost": 120834.72,
              "Plan Rows": 312,
              "Plan Width": 15,
              "Actual Startup Time": 17514.268,
              "Actual Total Time": 17598.122,
              "Actual Rows": 450299,
              "Actual Loops": 1,
              "Sort Key": [
                "n.name COLLATE \"C\""
              ],
              "Sort Method": "quicksort",
              "Sort Space Used": 37016,
              "Sort Space Type": "Memory",
              "Plans": [
                {
                  "Node Type": "Nested Loop",
                  "Parent Relationship": "Outer",
                  "Parallel Aware": false,
                  "Join Type": "Inner",
                  "Startup Cost": 1004.3,
                  "Total Cost": 120821.02,
                  "Plan Rows": 312,
                  "Plan Width": 15,
                  "Actual Startup Time": 23.606,
                  "Actual Total Time": 17342.761,
                  "Actual Rows": 450299,
                  "Actual Loops": 1,
                  "Inner Unique": false,
                  "Plans": [
                    {
                      "Node Type": "Seq Scan",
                      "Parent Relationship": "Outer",
                      "Parallel Aware": false,
                      "Relation Name": "info_type",
                      "Alias": "it1",
                      "Startup Cost": 0.0,
                      "Total Cost": 2.41,
                      "Plan Rows": 1,
                      "Plan Width": 4,
                      "Actual Startup Time": 0.043,
                      "Actual Total Time": 0.052,
                      "Actual Rows": 1,
                      "Actual Loops": 1,
                      "Filter": "(id = 3)",
                      "Rows Removed by Filter": 112
                    },
                    {
                      "Node Type": "Gather",
                      "Parent Relationship": "Inner",
                      "Parallel Aware": false,
                      "Startup Cost": 1004.3,
                      "Total Cost": 120815.49,
                      "Plan Rows": 312,
                      "Plan Width": 19,
                      "Actual Startup Time": 23.554,
                      "Actual Total Time": 17299.111,
                      "Actual Rows": 450299,
                      "Actual Loops": 1,
                      "Workers Planned": 4,
                      "Workers Launched": 4,
                      "Single Copy": false,
                      "Plans": [
                        {
                          "Node Type": "Nested Loop",
                          "Parent Relationship": "Outer",
                          "Parallel Aware": false,
                          "Join Type": "Inner",
                          "Startup Cost": 4.3,
                          "Total Cost": 119784.29,
                          "Plan Rows": 78,
                          "Plan Width": 19,
                          "Actual Startup Time": 9.634,
                          "Actual Total Time": 17322.594,
                          "Actual Rows": 90060,
                          "Actual Loops": 5,
                          "Inner Unique": true,
                          "Plans": [
                            {
                              "Node Type": "Nested Loop",
                              "Parent Relationship": "Outer",
                              "Parallel Aware": false,
                              "Join Type": "Inner",
                              "Startup Cost": 3.87,
                              "Total Cost": 119699.67,
                              "Plan Rows": 187,
                              "Plan Width": 27,
                              "Actual Startup Time": 9.418,
                              "Actual Total Time": 16744.801,
                              "Actual Rows": 90060,
                              "Actual Loops": 5,
                              "Inner Unique": false,
                              "Plans": [
                                {
                                  "Node Type": "Nested Loop",
                                  "Parent Relationship": "Outer",
                                  "Parallel Aware": false,
                                  "Join Type": "Inner",
                                  "Startup Cost": 3.43,
                                  "Total Cost": 93747.57,
                                  "Plan Rows": 17974,
                                  "Plan Width": 19,
                                  "Actual Startup Time": 3.993,
                                  "Actual Total Time": 1841.077,
                                  "Actual Rows": 1246939,
                                  "Actual Loops": 5,
                                  "Inner Unique": false,
                                  "Plans": [
                                    {
                                      "Node Type": "Nested Loop",
                                      "Parent Relationship": "Outer",
                                      "Parallel Aware": false,
                                      "Join Type": "Inner",
                                      "Startup Cost": 2.87,
                                      "Total Cost": 62816.12,
                                      "Plan Rows": 2068,
                                      "Plan Width": 23,
                                      "Actual Startup Time": 3.791,
                                      "Actual Total Time": 894.325,
                                      "Actual Rows": 26681,
                                      "Actual Loops": 5,
                                      "Inner Unique": true,
                                      "Plans": [
                                        {
                                          "Node Type": "Hash Join",
                                          "Parent Relationship": "Outer",
                                          "Parallel Aware": false,
                                          "Join Type": "Inner",
                                          "Startup Cost": 2.44,
                                          "Total Cost": 60640.39,
                                          "Plan Rows": 2068,
                                          "Plan Width": 4,
                                          "Actual Startup Time": 3.609,
                                          "Actual Total Time": 581.195,
                                          "Actual Rows": 26681,
                                          "Actual Loops": 5,
                                          "Inner Unique": true,
                                          "Hash Cond": "(pi.info_type_id = it2.id)",
                                          "Plans": [
                                            {
                                              "Node Type": "Seq Scan",
                                              "Parent Relationship": "Outer",
                                              "Parallel Aware": true,
                                              "Relation Name": "person_info",
                                              "Alias": "pi",
                                              "Startup Cost": 0.0,
                                              "Total Cost": 60319.82,
                                              "Plan Rows": 116812,
                                              "Plan Width": 8,
                                              "Actual Startup Time": 2.549,
                                              "Actual Total Time": 562.681,
                                              "Actual Rows": 79091,
                                              "Actual Loops": 5,
                                              "Filter": "(info ~~* '%usa%'::text)",
                                              "Rows Removed by Filter": 513641
                                            },
                                            {
                                              "Node Type": "Hash",
                                              "Parent Relationship": "Inner",
                                              "Parallel Aware": false,
                                              "Startup Cost": 2.41,
                                              "Total Cost": 2.41,
                                              "Plan Rows": 2,
                                              "Plan Width": 4,
                                              "Actual Startup Time": 0.219,
                                              "Actual Total Time": 0.22,
                                              "Actual Rows": 3,
                                              "Actual Loops": 5,
                                              "Hash Buckets": 1024,
                                              "Original Hash Buckets": 1024,
                                              "Hash Batches": 1,
                                              "Original Hash Batches": 1,
                                              "Peak Memory Usage": 9,
                                              "Plans": [
                                                {
                                                  "Node Type": "Seq Scan",
                                                  "Parent Relationship": "Outer",
                                                  "Parallel Aware": false,
                                                  "Relation Name": "info_type",
                                                  "Alias": "it2",
                                                  "Startup Cost": 0.0,
                                                  "Total Cost": 2.41,
                                                  "Plan Rows": 2,
                                                  "Plan Width": 4,
                                                  "Actual Startup Time": 0.107,
                                                  "Actual Total Time": 0.192,
                                                  "Actual Rows": 3,
                                                  "Actual Loops": 5,
                                                  "Filter": "((info)::text ~~* '%birth%'::text)",
                                                  "Rows Removed by Filter": 110
                                                }
                                              ]
                                            }
                                          ]
                                        },
                                        {
                                          "Node Type": "Index Scan",
                                          "Parent Relationship": "Inner",
                                          "Parallel Aware": false,
                                          "Scan Direction": "Forward",
                                          "Index Name": "name_pkey",
                                          "Relation Name": "name",
                                          "Alias": "n",
                                          "Startup Cost": 0.43,
                                          "Total Cost": 1.05,
                                          "Plan Rows": 1,
                                          "Plan Width": 19,
                                          "Actual Startup Time": 0.011,
                                          "Actual Total Time": 0.011,
                                          "Actual Rows": 1,
                                          "Actual Loops": 133406,
                                          "Index Cond": "(id = pi.person_id)",
                                          "Rows Removed by Index Recheck": 0
                                        }
                                      ]
                                    },
                                    {
                                      "Node Type": "Index Scan",
                                      "Parent Relationship": "Inner",
                                      "Parallel Aware": false,
                                      "Scan Direction": "Forward",
                                      "Index Name": "person_id_cast_info",
                                      "Relation Name": "cast_info",
                                      "Alias": "ci",
                                      "Startup Cost": 0.56,
                                      "Total Cost": 9.86,
                                      "Plan Rows": 510,
                                      "Plan Width": 8,
                                      "Actual Startup Time": 0.017,
                                      "Actual Total Time": 0.03,
                                      "Actual Rows": 47,
                                      "Actual Loops": 133406,
                                      "Index Cond": "(person_id = n.id)",
                                      "Rows Removed by Index Recheck": 0
                                    }
                                  ]
                                },
                                {
                                  "Node Type": "Index Scan",
                                  "Parent Relationship": "Inner",
                                  "Parallel Aware": false,
                                  "Scan Direction": "Forward",
                                  "Index Name": "movie_id_movie_info",
                                  "Relation Name": "movie_info",
                                  "Alias": "mi",
                                  "Startup Cost": 0.43,
                                  "Total Cost": 1.43,
                                  "Plan Rows": 1,
                                  "Plan Width": 8,
                                  "Actual Startup Time": 0.012,
                                  "Actual Total Time": 0.012,
                                  "Actual Rows": 0,
                                  "Actual Loops": 6234693,
                                  "Index Cond": "(movie_id = ci.movie_id)",
                                  "Rows Removed by Index Recheck": 0,
                                  "Filter": "((info_type_id = 3) AND ((info ~~* '%romance%'::text) OR (info ~~* '%action%'::text)))",
                                  "Rows Removed by Filter": 16
                                }
                              ]
                            },
                            {
                              "Node Type": "Index Only Scan",
                              "Parent Relationship": "Inner",
                              "Parallel Aware": false,
                              "Scan Direction": "Forward",
                              "Index Name": "title_pkey",
                              "Relation Name": "title",
                              "Alias": "t",
                              "Startup Cost": 0.43,
                              "Total Cost": 0.45,
                              "Plan Rows": 1,
                              "Plan Width": 4,
                              "Actual Startup Time": 0.006,
                              "Actual Total Time": 0.006,
                              "Actual Rows": 1,
                              "Actual Loops": 450299,
                              "Index Cond": "(id = ci.movie_id)",
                              "Rows Removed by Index Recheck": 0,
                              "Heap Fetches": 450299
                            }
                          ]
                        }
                      ]
                    }
                  ]
                }
              ]
            }
          ]
        }
      ]
    },
    "Planning Time": 11.472,
    "Triggers": [],
    "Execution Time": 17709.133
  }
]