[
  {
    "Plan": {
      "Node Type": "Aggregate",
      "Strategy": "Plain",
      "Partial Mode": "Finalize",
      "Parallel Aware": false,
      "Startup Cost": 99412.07,
      "Total Cost": 99412.08,
      "Plan Rows": 1,
      "Plan Width": 8,
      "Actual Startup Time": 588.566,
      "Actual Total Time": 603.061,
      "Actual Rows": 1,
      "Actual Loops": 1,
      "Plans": [
        {
          "Node Type": "Gather",
          "Parent Relationship": "Outer",
          "Parallel Aware": false,
          "Startup Cost": 99411.75,
          "Total Cost": 99412.06,
          "Plan Rows": 3,
          "Plan Width": 8,
          "Actual Startup Time": 584.335,
          "Actual Total Time": 603.052,
          "Actual Rows": 4,
          "Actual Loops": 1,
          "Workers Planned": 3,
          "Workers Launched": 3,
          "Single Copy": false,
          "Plans": [
            {
              "Node Type": "Aggregate",
              "Strategy": "Plain",
              "Partial Mode": "Partial",
              "Parent Relationship": "Outer",
              "Parallel Aware": false,
              "Startup Cost": 98411.75,
              "Total Cost": 98411.76,
              "Plan Rows": 1,
              "Plan Width": 8,
              "Actual Startup Time": 575.648,
              "Actual Total Time": 575.652,
              "Actual Rows": 1,
              "Actual Loops": 4,
              "Plans": [
                {
                  "Node Type": "Hash Join",
                  "Parent Relationship": "Outer",
                  "Parallel Aware": true,
                  "Join Type": "Inner",
                  "Startup Cost": 49909.5,
                  "Total Cost": 95972.41,
                  "Plan Rows": 975738,
                  "Plan Width": 0,
                  "Actual Startup Time": 281.608,
                  "Actual Total Time": 539.748,
                  "Actual Rows": 887004,
                  "Actual Loops": 4,
                  "Inner Unique": true,
                  "Hash Cond": "(mk.movie_id = t.id)",
                  "Plans": [
                    {
                      "Node Type": "Seq Scan",
                      "Parent Relationship": "Outer",
                      "Parallel Aware": true,
                      "Relation Name": "movie_keyword",
                      "Alias": "mk",
                      "Startup Cost": 0.0,
                      "Total Cost": 42695.65,
                      "Plan Rows": 1282761,
                      "Plan Width": 4,
                      "Actual Startup Time": 0.028,
                      "Actual Total Time": 104.841,
                      "Actual Rows": 994114,
                      "Actual Loops": 4,
                      "Filter": "(keyword_id < 33628)",
                      "Rows Removed by Filter": 136868
                    },
                    {
                      "Node Type": "Hash",
                      "Parent Relationship": "Inner",
                      "Parallel Aware": true,
                      "Startup Cost": 43899.32,
                      "Total Cost": 43899.32,
                      "Plan Rows": 480814,
                      "Plan Width": 4,
                      "Actual Startup Time": 276.297,
                      "Actual Total Time": 276.299,
                      "Actual Rows": 480712,
                      "Actual Loops": 4,
                      "Hash Buckets": 2097152,
                      "Original Hash Buckets": 2097152,
                      "Hash Batches": 1,
                      "Original Hash Batches": 1,
                      "Peak Memory Usage": 91712,
                      "Plans": [
                        {
                          "Node Type": "Seq Scan",
                          "Parent Relationship": "Outer",
                          "Parallel Aware": true,
                          "Relation Name": "title",
                          "Alias": "t",
                          "Startup Cost": 0.0,
                          "Total Cost": 43899.32,
                          "Plan Rows": 480814,
                          "Plan Width": 4,
                          "Actual Startup Time": 0.03,
                          "Actual Total Time": 105.906,
                          "Actual Rows": 480712,
                          "Actual Loops": 4,
                          "Filter": "(production_year < 2010)",
                          "Rows Removed by Filter": 151366
                        }
                      ]
                    }
                  ]
                }
              ]
            }
          ]
        }
      ]
    },
    "Planning Time": 0.287,
    "Triggers": [],
    "Execution Time": 603.116
  }
]