[
  {
    "Plan": {
      "Node Type": "Aggregate",
      "Strategy": "Plain",
      "Partial Mode": "Finalize",
      "Parallel Aware": false,
      "Startup Cost": 82460.06,
      "Total Cost": 82460.07,
      "Plan Rows": 1,
      "Plan Width": 8,
      "Actual Startup Time": 398.823,
      "Actual Total Time": 414.786,
      "Actual Rows": 1,
      "Actual Loops": 1,
      "Plans": [
        {
          "Node Type": "Gather",
          "Parent Relationship": "Outer",
          "Parallel Aware": false,
          "Startup Cost": 82459.74,
          "Total Cost": 82460.05,
          "Plan Rows": 3,
          "Plan Width": 8,
          "Actual Startup Time": 392.55,
          "Actual Total Time": 414.775,
          "Actual Rows": 4,
          "Actual Loops": 1,
          "Workers Planned": 3,
          "Workers Launched": 3,
          "Single Copy": false,
          "Plans": [
            {
              "Node Type": "Aggregate",
              "Strategy": "Plain",
              "Partial Mode": "Partial",
              "Parent Relationship": "Outer",
              "Parallel Aware": false,
              "Startup Cost": 81459.74,
              "Total Cost": 81459.75,
              "Plan Rows": 1,
              "Plan Width": 8,
              "Actual Startup Time": 385.502,
              "Actual Total Time": 385.505,
              "Actual Rows": 1,
              "Actual Loops": 4,
              "Plans": [
                {
                  "Node Type": "Hash Join",
                  "Parent Relationship": "Outer",
                  "Parallel Aware": true,
                  "Join Type": "Inner",
                  "Startup Cost": 49538.07,
                  "Total Cost": 81254.65,
                  "Plan Rows": 82037,
                  "Plan Width": 0,
                  "Actual Startup Time": 290.14,
                  "Actual Total Time": 381.144,
                  "Actual Rows": 108472,
                  "Actual Loops": 4,
                  "Inner Unique": true,
                  "Hash Cond": "(mc.movie_id = t.id)",
                  "Plans": [
                    {
                      "Node Type": "Seq Scan",
                      "Parent Relationship": "Outer",
                      "Parallel Aware": true,
                      "Relation Name": "movie_companies",
                      "Alias": "mc",
                      "Startup Cost": 0.0,
                      "Total Cost": 31414.82,
                      "Plan Rows": 114955,
                      "Plan Width": 4,
                      "Actual Startup Time": 28.563,
                      "Actual Total Time": 61.247,
                      "Actual Rows": 164945,
                      "Actual Loops": 4,
                      "Filter": "((company_id > 46861) AND (company_type_id = 2))",
                      "Rows Removed by Filter": 487338
                    },
                    {
                      "Node Type": "Hash",
                      "Parent Relationship": "Inner",
                      "Parallel Aware": true,
                      "Startup Cost": 43899.32,
                      "Total Cost": 43899.32,
                      "Plan Rows": 451100,
                      "Plan Width": 4,
                      "Actual Startup Time": 256.285,
                      "Actual Total Time": 256.285,
                      "Actual Rows": 448346,
                      "Actual Loops": 4,
                      "Hash Buckets": 2097152,
                      "Original Hash Buckets": 2097152,
                      "Hash Batches": 1,
                      "Original Hash Batches": 1,
                      "Peak Memory Usage": 86592,
                      "Plans": [
                        {
                          "Node Type": "Seq Scan",
                          "Parent Relationship": "Outer",
                          "Parallel Aware": true,
                          "Relation Name": "title",
                          "Alias": "t",
                          "Startup Cost": 0.0,
                          "Total Cost": 43899.32,
                          "Plan Rows": 451100,
                          "Plan Width": 4,
                          "Actual Startup Time": 0.026,
                          "Actual Total Time": 105.87,
                          "Actual Rows": 448346,
                          "Actual Loops": 4,
                          "Filter": "(production_year > 1988)",
                          "Rows Removed by Filter": 183732
                        }
                      ]
                    }
                  ]
                }
              ]
            }
          ]
        }
      ]
    },
    "Planning Time": 0.294,
    "Triggers": [],
    "Execution Time": 414.821
  }
]