[
  {
    "Plan": {
      "Node Type": "Aggregate",
      "Strategy": "Plain",
      "Partial Mode": "Finalize",
      "Parallel Aware": false,
      "Startup Cost": 342530.05,
      "Total Cost": 342530.06,
      "Plan Rows": 1,
      "Plan Width": 8,
      "Actual Startup Time": 823.644,
      "Actual Total Time": 882.511,
      "Actual Rows": 1,
      "Actual Loops": 1,
      "Plans": [
        {
          "Node Type": "Gather",
          "Parent Relationship": "Outer",
          "Parallel Aware": false,
          "Startup Cost": 342529.42,
          "Total Cost": 342530.03,
          "Plan Rows": 6,
          "Plan Width": 8,
          "Actual Startup Time": 823.498,
          "Actual Total Time": 882.49,
          "Actual Rows": 7,
          "Actual Loops": 1,
          "Workers Planned": 6,
          "Workers Launched": 6,
          "Single Copy": false,
          "Plans": [
            {
              "Node Type": "Aggregate",
              "Strategy": "Plain",
              "Partial Mode": "Partial",
              "Parent Relationship": "Outer",
              "Parallel Aware": false,
              "Startup Cost": 341529.42,
              "Total Cost": 341529.43,
              "Plan Rows": 1,
              "Plan Width": 8,
              "Actual Startup Time": 814.686,
              "Actual Total Time": 814.687,
              "Actual Rows": 1,
              "Actual Loops": 7,
              "Plans": [
                {
                  "Node Type": "Seq Scan",
                  "Parent Relationship": "Outer",
                  "Parallel Aware": true,
                  "Relation Name": "cast_info",
                  "Alias": "ci",
                  "Startup Cost": 0.0,
                  "Total Cost": 328162.03,
                  "Plan Rows": 5346958,
                  "Plan Width": 0,
                  "Actual Startup Time": 58.31,
                  "Actual Total Time": 630.829,
                  "Actual Rows": 4569064,
                  "Actual Loops": 7,
                  "Filter": "(person_id > 410697)",
                  "Rows Removed by Filter": 608699
                }
              ]
            }
          ]
        }
      ]
    },
    "Planning Time": 0.197,
    "Triggers": [],
    "Execution Time": 882.582
  }
]