[
    {
        "Bao": {
            "Bao prediction": "NaN",
            "Bao recommended hint": "(no hint)"
        }
    },
    {
        "Plan": {
            "Node Type": "Aggregate",
            "Strategy": "Plain",
            "Partial Mode": "Finalize",
            "Parallel Aware": false,
            "Startup Cost": 26236.68,
            "Total Cost": 26236.69,
            "Plan Rows": 1,
            "Plan Width": 8,
            "Actual Startup Time": 64.245,
            "Actual Total Time": 68.597,
            "Actual Rows": 1,
            "Actual Loops": 1,
            "Output": [
                "count(*)"
            ],
            "Plans": [
                {
                    "Node Type": "Gather",
                    "Parent Relationship": "Outer",
                    "Parallel Aware": false,
                    "Startup Cost": 26236.36,
                    "Total Cost": 26236.67,
                    "Plan Rows": 3,
                    "Plan Width": 8,
                    "Actual Startup Time": 63.999,
                    "Actual Total Time": 68.587,
                    "Actual Rows": 4,
                    "Actual Loops": 1,
                    "Output": [
                        "(PARTIAL count(*))"
                    ],
                    "Workers Planned": 3,
                    "Workers Launched": 3,
                    "Single Copy": false,
                    "Plans": [
                        {
                            "Node Type": "Aggregate",
                            "Strategy": "Plain",
                            "Partial Mode": "Partial",
                            "Parent Relationship": "Outer",
                            "Parallel Aware": false,
                            "Startup Cost": 25236.36,
                            "Total Cost": 25236.37,
                            "Plan Rows": 1,
                            "Plan Width": 8,
                            "Actual Startup Time": 55.336,
                            "Actual Total Time": 55.338,
                            "Actual Rows": 1,
                            "Actual Loops": 4,
                            "Output": [
                                "PARTIAL count(*)"
                            ],
                            "Workers": [
                                {
                                    "Worker Number": 0,
                                    "Actual Startup Time": 51.997,
                                    "Actual Total Time": 51.998,
                                    "Actual Rows": 1,
                                    "Actual Loops": 1
                                },
                                {
                                    "Worker Number": 1,
                                    "Actual Startup Time": 52.678,
                                    "Actual Total Time": 52.679,
                                    "Actual Rows": 1,
                                    "Actual Loops": 1
                                },
                                {
                                    "Worker Number": 2,
                                    "Actual Startup Time": 53.022,
                                    "Actual Total Time": 53.023,
                                    "Actual Rows": 1,
                                    "Actual Loops": 1
                                }
                            ],
                            "Plans": [
                                {
                                    "Node Type": "Bitmap Heap Scan",
                                    "Parent Relationship": "Outer",
                                    "Parallel Aware": true,
                                    "Relation Name": "movie_companies",
                                    "Schema": "public",
                                    "Alias": "mc",
                                    "Startup Cost": 5186.79,
                                    "Total Cost": 25141.23,
                                    "Plan Rows": 38051,
                                    "Plan Width": 0,
                                    "Actual Startup Time": 7.669,
                                    "Actual Total Time": 51.832,
                                    "Actual Rows": 46060,
                                    "Actual Loops": 4,
                                    "Recheck Cond": "(mc.company_id < 95)",
                                    "Rows Removed by Index Recheck": 0,
                                    "Filter": "(mc.company_type_id = 1)",
                                    "Rows Removed by Filter": 13721,
                                    "Exact Heap Blocks": 8750,
                                    "Lossy Heap Blocks": 0,
                                    "Workers": [
                                        {
                                            "Worker Number": 0,
                                            "Actual Startup Time": 4.512,
                                            "Actual Total Time": 48.868,
                                            "Actual Rows": 20881,
                                            "Actual Loops": 1
                                        },
                                        {
                                            "Worker Number": 1,
                                            "Actual Startup Time": 4.977,
                                            "Actual Total Time": 49.614,
                                            "Actual Rows": 22912,
                                            "Actual Loops": 1
                                        },
                                        {
                                            "Worker Number": 2,
                                            "Actual Startup Time": 5.477,
                                            "Actual Total Time": 50.043,
                                            "Actual Rows": 21630,
                                            "Actual Loops": 1
                                        }
                                    ],
                                    "Plans": [
                                        {
                                            "Node Type": "Bitmap Index Scan",
                                            "Parent Relationship": "Outer",
                                            "Parallel Aware": false,
                                            "Index Name": "company_id_movie_companies",
                                            "Startup Cost": 0.0,
                                            "Total Cost": 5157.31,
                                            "Plan Rows": 240650,
                                            "Plan Width": 0,
                                            "Actual Startup Time": 12.774,
                                            "Actual Total Time": 12.775,
                                            "Actual Rows": 239124,
                                            "Actual Loops": 1,
                                            "Index Cond": "(mc.company_id < 95)"
                                        }
                                    ]
                                }
                            ]
                        }
                    ]
                }
            ]
        },
        "Planning Time": 187.421,
        "Triggers": [],
        "Execution Time": 68.717
    }
]