[
  {
    "Plan": {
      "Node Type": "Aggregate",
      "Strategy": "Plain",
      "Partial Mode": "Finalize",
      "Parallel Aware": false,
      "Startup Cost": 199834.92,
      "Total Cost": 199834.93,
      "Plan Rows": 1,
      "Plan Width": 8,
      "Actual Startup Time": 242.64,
      "Actual Total Time": 256.725,
      "Actual Rows": 1,
      "Actual Loops": 1,
      "Plans": [
        {
          "Node Type": "Gather",
          "Parent Relationship": "Outer",
          "Parallel Aware": false,
          "Startup Cost": 199834.29,
          "Total Cost": 199834.9,
          "Plan Rows": 6,
          "Plan Width": 8,
          "Actual Startup Time": 242.56,
          "Actual Total Time": 256.718,
          "Actual Rows": 7,
          "Actual Loops": 1,
          "Workers Planned": 6,
          "Workers Launched": 6,
          "Single Copy": false,
          "Plans": [
            {
              "Node Type": "Aggregate",
              "Strategy": "Plain",
              "Partial Mode": "Partial",
              "Parent Relationship": "Outer",
              "Parallel Aware": false,
              "Startup Cost": 198834.29,
              "Total Cost": 198834.3,
              "Plan Rows": 1,
              "Plan Width": 8,
              "Actual Startup Time": 233.56,
              "Actual Total Time": 233.562,
              "Actual Rows": 1,
              "Actual Loops": 7,
              "Plans": [
                {
                  "Node Type": "Index Scan",
                  "Parent Relationship": "Outer",
                  "Parallel Aware": true,
                  "Scan Direction": "Forward",
                  "Index Name": "role_id_cast_info",
                  "Relation Name": "cast_info",
                  "Alias": "ci",
                  "Startup Cost": 0.56,
                  "Total Cost": 197877.72,
                  "Plan Rows": 382628,
                  "Plan Width": 0,
                  "Actual Startup Time": 200.568,
                  "Actual Total Time": 227.796,
                  "Actual Rows": 133934,
                  "Actual Loops": 7,
                  "Index Cond": "(role_id = 2)",
                  "Rows Removed by Index Recheck": 0,
                  "Filter": "(person_id > 2580372)",
                  "Rows Removed by Filter": 930633
                }
              ]
            }
          ]
        }
      ]
    },
    "Planning Time": 0.207,
    "Triggers": [],
    "Execution Time": 256.785
  }
]