[
  {
    "Plan": {
      "Node Type": "Aggregate",
      "Strategy": "Plain",
      "Partial Mode": "Finalize",
      "Parallel Aware": false,
      "Startup Cost": 30325.11,
      "Total Cost": 30325.12,
      "Plan Rows": 1,
      "Plan Width": 8,
      "Actual Startup Time": 79.024,
      "Actual Total Time": 86.206,
      "Actual Rows": 1,
      "Actual Loops": 1,
      "Plans": [
        {
          "Node Type": "Gather",
          "Parent Relationship": "Outer",
          "Parallel Aware": false,
          "Startup Cost": 30324.79,
          "Total Cost": 30325.1,
          "Plan Rows": 3,
          "Plan Width": 8,
          "Actual Startup Time": 78.764,
          "Actual Total Time": 86.197,
          "Actual Rows": 4,
          "Actual Loops": 1,
          "Workers Planned": 3,
          "Workers Launched": 3,
          "Single Copy": false,
          "Plans": [
            {
              "Node Type": "Aggregate",
              "Strategy": "Plain",
              "Partial Mode": "Partial",
              "Parent Relationship": "Outer",
              "Parallel Aware": false,
              "Startup Cost": 29324.79,
              "Total Cost": 29324.8,
              "Plan Rows": 1,
              "Plan Width": 8,
              "Actual Startup Time": 71.393,
              "Actual Total Time": 71.395,
              "Actual Rows": 1,
              "Actual Loops": 4,
              "Plans": [
                {
                  "Node Type": "Bitmap Heap Scan",
                  "Parent Relationship": "Outer",
                  "Parallel Aware": true,
                  "Relation Name": "movie_companies",
                  "Alias": "mc",
                  "Startup Cost": 8612.04,
                  "Total Cost": 29004.33,
                  "Plan Rows": 128184,
                  "Plan Width": 0,
                  "Actual Startup Time": 12.581,
                  "Actual Total Time": 64.857,
                  "Actual Rows": 97750,
                  "Actual Loops": 4,
                  "Recheck Cond": "(company_id < 235)",
                  "Rows Removed by Index Recheck": 0,
                  "Exact Heap Blocks": 8695,
                  "Lossy Heap Blocks": 0,
                  "Plans": [
                    {
                      "Node Type": "Bitmap Index Scan",
                      "Parent Relationship": "Outer",
                      "Parallel Aware": false,
                      "Index Name": "company_id_movie_companies",
                      "Startup Cost": 0.0,
                      "Total Cost": 8512.7,
                      "Plan Rows": 397369,
                      "Plan Width": 0,
                      "Actual Startup Time": 16.875,
                      "Actual Total Time": 16.875,
                      "Actual Rows": 390999,
                      "Actual Loops": 1,
                      "Index Cond": "(company_id < 235)"
                    }
                  ]
                }
              ]
            }
          ]
        }
      ]
    },
    "Planning Time": 0.095,
    "Triggers": [],
    "Execution Time": 86.253
  }
]