{
  "Plan": {
    "Node Type": "Aggregate",
    "Strategy": "Plain",
    "Partial Mode": "Finalize",
    "Parallel Aware": false,
    "Startup Cost": 624119.6,
    "Total Cost": 624119.61,
    "Plan Rows": 1,
    "Plan Width": 8,
    "Actual Startup Time": 4764.017,
    "Actual Total Time": 4815.688,
    "Actual Rows": 1,
    "Actual Loops": 1,
    "Plans": [
      {
        "Node Type": "Gather",
        "Parent Relationship": "Outer",
        "Parallel Aware": false,
        "Startup Cost": 624119.49,
        "Total Cost": 624119.6,
        "Plan Rows": 1,
        "Plan Width": 8,
        "Actual Startup Time": 4758.946,
        "Actual Total Time": 4815.678,
        "Actual Rows": 2,
        "Actual Loops": 1,
        "Workers Planned": 1,
        "Workers Launched": 1,
        "Single Copy": false,
        "Plans": [
          {
            "Node Type": "Aggregate",
            "Strategy": "Plain",
            "Partial Mode": "Partial",
            "Parent Relationship": "Outer",
            "Parallel Aware": false,
            "Startup Cost": 623119.49,
            "Total Cost": 623119.5,
            "Plan Rows": 1,
            "Plan Width": 8,
            "Actual Startup Time": 4747.278,
            "Actual Total Time": 4747.281,
            "Actual Rows": 1,
            "Actual Loops": 2,
            "Plans": [
              {
                "Node Type": "Hash Join",
                "Parent Relationship": "Outer",
                "Parallel Aware": true,
                "Join Type": "Inner",
                "Startup Cost": 69460.7,
                "Total Cost": 606246.65,
                "Plan Rows": 6749135,
                "Plan Width": 0,
                "Actual Startup Time": 592.501,
                "Actual Total Time": 4471.639,
                "Actual Rows": 5736257,
                "Actual Loops": 2,
                "Inner Unique": true,
                "Hash Cond": "(ci.movie_id = t.id)",
                "Plans": [
                  {
                    "Node Type": "Seq Scan",
                    "Parent Relationship": "Outer",
                    "Parallel Aware": true,
                    "Relation Name": "cast_info",
                    "Alias": "ci",
                    "Startup Cost": 0.0,
                    "Total Cost": 519069.44,
                    "Plan Rows": 6749135,
                    "Plan Width": 4,
                    "Actual Startup Time": 0.015,
                    "Actual Total Time": 1352.553,
                    "Actual Rows": 5736257,
                    "Actual Loops": 2,
                    "Filter": "(person_id < 1127843)",
                    "Rows Removed by Filter": 12385915
                  },
                  {
                    "Node Type": "Hash",
                    "Parent Relationship": "Inner",
                    "Parallel Aware": true,
                    "Startup Cost": 50870.31,
                    "Total Cost": 50870.31,
                    "Plan Rows": 1487231,
                    "Plan Width": 4,
                    "Actual Startup Time": 569.784,
                    "Actual Total Time": 569.785,
                    "Actual Rows": 1264156,
                    "Actual Loops": 2,
                    "Hash Buckets": 4194304,
                    "Original Hash Buckets": 4194304,
                    "Hash Batches": 1,
                    "Original Hash Batches": 1,
                    "Peak Memory Usage": 131712,
                    "Plans": [
                      {
                        "Node Type": "Seq Scan",
                        "Parent Relationship": "Outer",
                        "Parallel Aware": true,
                        "Relation Name": "title",
                        "Alias": "t",
                        "Startup Cost": 0.0,
                        "Total Cost": 50870.31,
                        "Plan Rows": 1487231,
                        "Plan Width": 4,
                        "Actual Startup Time": 0.023,
                        "Actual Total Time": 171.93,
                        "Actual Rows": 1264156,
                        "Actual Loops": 2
                      }
                    ]
                  }
                ]
              }
            ]
          }
        ]
      }
    ]
  },
  "Planning Time": 0.715,
  "Triggers": [],
  "Execution Time": 4815.761
}