[
  {
    "Plan": {
      "Node Type": "Aggregate",
      "Strategy": "Plain",
      "Partial Mode": "Finalize",
      "Parallel Aware": false,
      "Startup Cost": 33329.11,
      "Total Cost": 33329.12,
      "Plan Rows": 1,
      "Plan Width": 8,
      "Actual Startup Time": 92.123,
      "Actual Total Time": 100.685,
      "Actual Rows": 1,
      "Actual Loops": 1,
      "Plans": [
        {
          "Node Type": "Gather",
          "Parent Relationship": "Outer",
          "Parallel Aware": false,
          "Startup Cost": 33328.8,
          "Total Cost": 33329.11,
          "Plan Rows": 3,
          "Plan Width": 8,
          "Actual Startup Time": 91.996,
          "Actual Total Time": 100.677,
          "Actual Rows": 4,
          "Actual Loops": 1,
          "Workers Planned": 3,
          "Workers Launched": 3,
          "Single Copy": false,
          "Plans": [
            {
              "Node Type": "Aggregate",
              "Strategy": "Plain",
              "Partial Mode": "Partial",
              "Parent Relationship": "Outer",
              "Parallel Aware": false,
              "Startup Cost": 32328.8,
              "Total Cost": 32328.81,
              "Plan Rows": 1,
              "Plan Width": 8,
              "Actual Startup Time": 88.093,
              "Actual Total Time": 88.094,
              "Actual Rows": 1,
              "Actual Loops": 4,
              "Plans": [
                {
                  "Node Type": "Seq Scan",
                  "Parent Relationship": "Outer",
                  "Parallel Aware": true,
                  "Relation Name": "movie_companies",
                  "Alias": "mc",
                  "Startup Cost": 0.0,
                  "Total Cost": 31414.82,
                  "Plan Rows": 365591,
                  "Plan Width": 0,
                  "Actual Startup Time": 39.165,
                  "Actual Total Time": 75.524,
                  "Actual Rows": 310794,
                  "Actual Loops": 4,
                  "Filter": "((company_id > 226) AND (company_type_id > 1))",
                  "Rows Removed by Filter": 341489
                }
              ]
            }
          ]
        }
      ]
    },
    "Planning Time": 0.217,
    "Triggers": [],
    "Execution Time": 100.74
  }
]