{
    "Plan": {
        "Node Type": "Aggregate",
        "Strategy": "Plain",
        "Partial Mode": "Finalize",
        "Parallel Aware": false,
        "Startup Cost": 245948.23,
        "Total Cost": 245948.24,
        "Plan Rows": 1,
        "Plan Width": 8,
        "Actual Startup Time": 668.687,
        "Actual Total Time": 717.864,
        "Actual Rows": 1,
        "Actual Loops": 1,
        "Output": [
            "count(*)"
        ],
        "Plans": [
            {
                "Node Type": "Gather",
                "Parent Relationship": "Outer",
                "Parallel Aware": false,
                "Startup Cost": 245947.71,
                "Total Cost": 245948.22,
                "Plan Rows": 5,
                "Plan Width": 8,
                "Actual Startup Time": 668.125,
                "Actual Total Time": 717.853,
                "Actual Rows": 6,
                "Actual Loops": 1,
                "Output": [
                    "(PARTIAL count(*))"
                ],
                "Workers Planned": 5,
                "Workers Launched": 5,
                "Single Copy": false,
                "Plans": [
                    {
                        "Node Type": "Aggregate",
                        "Strategy": "Plain",
                        "Partial Mode": "Partial",
                        "Parent Relationship": "Outer",
                        "Parallel Aware": false,
                        "Startup Cost": 244947.71,
                        "Total Cost": 244947.72,
                        "Plan Rows": 1,
                        "Plan Width": 8,
                        "Actual Startup Time": 659.095,
                        "Actual Total Time": 659.099,
                        "Actual Rows": 1,
                        "Actual Loops": 6,
                        "Output": [
                            "PARTIAL count(*)"
                        ],
                        "Workers": [
                            {
                                "Worker Number": 0,
                                "Actual Startup Time": 655.998,
                                "Actual Total Time": 656.0,
                                "Actual Rows": 1,
                                "Actual Loops": 1
                            },
                            {
                                "Worker Number": 1,
                                "Actual Startup Time": 655.994,
                                "Actual Total Time": 655.998,
                                "Actual Rows": 1,
                                "Actual Loops": 1
                            },
                            {
                                "Worker Number": 2,
                                "Actual Startup Time": 657.666,
                                "Actual Total Time": 657.67,
                                "Actual Rows": 1,
                                "Actual Loops": 1
                            },
                            {
                                "Worker Number": 3,
                                "Actual Startup Time": 657.014,
                                "Actual Total Time": 657.018,
                                "Actual Rows": 1,
                                "Actual Loops": 1
                            },
                            {
                                "Worker Number": 4,
                                "Actual Startup Time": 660.296,
                                "Actual Total Time": 660.298,
                                "Actual Rows": 1,
                                "Actual Loops": 1
                            }
                        ],
                        "Plans": [
                            {
                                "Node Type": "Hash Join",
                                "Parent Relationship": "Outer",
                                "Parallel Aware": true,
                                "Join Type": "Inner",
                                "Startup Cost": 45592.4,
                                "Total Cost": 244842.02,
                                "Plan Rows": 42274,
                                "Plan Width": 0,
                                "Actual Startup Time": 82.692,
                                "Actual Total Time": 657.367,
                                "Actual Rows": 24561,
                                "Actual Loops": 6,
                                "Inner Unique": true,
                                "Hash Cond": "(mi.movie_id = t.id)",
                                "Workers": [
                                    {
                                        "Worker Number": 0,
                                        "Actual Startup Time": 79.687,
                                        "Actual Total Time": 654.253,
                                        "Actual Rows": 25930,
                                        "Actual Loops": 1
                                    },
                                    {
                                        "Worker Number": 1,
                                        "Actual Startup Time": 79.42,
                                        "Actual Total Time": 654.154,
                                        "Actual Rows": 16623,
                                        "Actual Loops": 1
                                    },
                                    {
                                        "Worker Number": 2,
                                        "Actual Startup Time": 81.039,
                                        "Actual Total Time": 655.969,
                                        "Actual Rows": 23924,
                                        "Actual Loops": 1
                                    },
                                    {
                                        "Worker Number": 3,
                                        "Actual Startup Time": 80.823,
                                        "Actual Total Time": 655.249,
                                        "Actual Rows": 25377,
                                        "Actual Loops": 1
                                    },
                                    {
                                        "Worker Number": 4,
                                        "Actual Startup Time": 83.935,
                                        "Actual Total Time": 658.63,
                                        "Actual Rows": 23170,
                                        "Actual Loops": 1
                                    }
                                ],
                                "Plans": [
                                    {
                                        "Node Type": "Seq Scan",
                                        "Parent Relationship": "Outer",
                                        "Parallel Aware": true,
                                        "Relation Name": "movie_info",
                                        "Schema": "public",
                                        "Alias": "mi",
                                        "Startup Cost": 0.0,
                                        "Total Cost": 191503.19,
                                        "Plan Rows": 2951019,
                                        "Plan Width": 4,
                                        "Actual Startup Time": 0.038,
                                        "Actual Total Time": 311.165,
                                        "Actual Rows": 2472620,
                                        "Actual Loops": 6,
                                        "Output": [
                                            "mi.id",
                                            "mi.movie_id",
                                            "mi.info_type_id",
                                            "mi.info",
                                            "mi.note"
                                        ],
                                        "Workers": [
                                            {
                                                "Worker Number": 0,
                                                "Actual Startup Time": 0.041,
                                                "Actual Total Time": 312.739,
                                                "Actual Rows": 2653168,
                                                "Actual Loops": 1
                                            },
                                            {
                                                "Worker Number": 1,
                                                "Actual Startup Time": 0.043,
                                                "Actual Total Time": 311.674,
                                                "Actual Rows": 1647313,
                                                "Actual Loops": 1
                                            },
                                            {
                                                "Worker Number": 2,
                                                "Actual Startup Time": 0.059,
                                                "Actual Total Time": 317.546,
                                                "Actual Rows": 2444752,
                                                "Actual Loops": 1
                                            },
                                            {
                                                "Worker Number": 3,
                                                "Actual Startup Time": 0.036,
                                                "Actual Total Time": 318.182,
                                                "Actual Rows": 2420323,
                                                "Actual Loops": 1
                                            },
                                            {
                                                "Worker Number": 4,
                                                "Actual Startup Time": 0.04,
                                                "Actual Total Time": 317.321,
                                                "Actual Rows": 2438020,
                                                "Actual Loops": 1
                                            }
                                        ]
                                    },
                                    {
                                        "Node Type": "Hash",
                                        "Parent Relationship": "Inner",
                                        "Parallel Aware": true,
                                        "Startup Cost": 45479.21,
                                        "Total Cost": 45479.21,
                                        "Plan Rows": 9055,
                                        "Plan Width": 4,
                                        "Actual Startup Time": 81.034,
                                        "Actual Total Time": 81.035,
                                        "Actual Rows": 7096,
                                        "Actual Loops": 6,
                                        "Output": [
                                            "t.id"
                                        ],
                                        "Hash Buckets": 65536,
                                        "Original Hash Buckets": 65536,
                                        "Hash Batches": 1,
                                        "Original Hash Batches": 1,
                                        "Peak Memory Usage": 2240,
                                        "Workers": [
                                            {
                                                "Worker Number": 0,
                                                "Actual Startup Time": 78.285,
                                                "Actual Total Time": 78.286,
                                                "Actual Rows": 6187,
                                                "Actual Loops": 1
                                            },
                                            {
                                                "Worker Number": 1,
                                                "Actual Startup Time": 78.304,
                                                "Actual Total Time": 78.305,
                                                "Actual Rows": 4852,
                                                "Actual Loops": 1
                                            },
                                            {
                                                "Worker Number": 2,
                                                "Actual Startup Time": 79.989,
                                                "Actual Total Time": 79.99,
                                                "Actual Rows": 6269,
                                                "Actual Loops": 1
                                            },
                                            {
                                                "Worker Number": 3,
                                                "Actual Startup Time": 79.362,
                                                "Actual Total Time": 79.363,
                                                "Actual Rows": 6135,
                                                "Actual Loops": 1
                                            },
                                            {
                                                "Worker Number": 4,
                                                "Actual Startup Time": 82.687,
                                                "Actual Total Time": 82.687,
                                                "Actual Rows": 7194,
                                                "Actual Loops": 1
                                            }
                                        ],
                                        "Plans": [
                                            {
                                                "Node Type": "Seq Scan",
                                                "Parent Relationship": "Outer",
                                                "Parallel Aware": true,
                                                "Relation Name": "title",
                                                "Schema": "public",
                                                "Alias": "t",
                                                "Startup Cost": 0.0,
                                                "Total Cost": 45479.21,
                                                "Plan Rows": 9055,
                                                "Plan Width": 4,
                                                "Actual Startup Time": 0.074,
                                                "Actual Total Time": 76.95,
                                                "Actual Rows": 7096,
                                                "Actual Loops": 6,
                                                "Output": [
                                                    "t.id"
                                                ],
                                                "Filter": "((t.kind_id > 2) AND (t.production_year = 2000))",
                                                "Rows Removed by Filter": 414289,
                                                "Workers": [
                                                    {
                                                        "Worker Number": 0,
                                                        "Actual Startup Time": 0.133,
                                                        "Actual Total Time": 74.089,
                                                        "Actual Rows": 6187,
                                                        "Actual Loops": 1
                                                    },
                                                    {
                                                        "Worker Number": 1,
                                                        "Actual Startup Time": 0.056,
                                                        "Actual Total Time": 73.776,
                                                        "Actual Rows": 4852,
                                                        "Actual Loops": 1
                                                    },
                                                    {
                                                        "Worker Number": 2,
                                                        "Actual Startup Time": 0.088,
                                                        "Actual Total Time": 75.841,
                                                        "Actual Rows": 6269,
                                                        "Actual Loops": 1
                                                    },
                                                    {
                                                        "Worker Number": 3,
                                                        "Actual Startup Time": 0.082,
                                                        "Actual Total Time": 75.599,
                                                        "Actual Rows": 6135,
                                                        "Actual Loops": 1
                                                    },
                                                    {
                                                        "Worker Number": 4,
                                                        "Actual Startup Time": 0.05,
                                                        "Actual Total Time": 78.787,
                                                        "Actual Rows": 7194,
                                                        "Actual Loops": 1
                                                    }
                                                ]
                                            }
                                        ]
                                    }
                                ]
                            }
                        ]
                    }
                ]
            }
        ]
    },
    "Planning Time": 0.474,
    "Triggers": [],
    "Execution Time": 717.933
}