[
  {
    "Plan": {
      "Node Type": "Aggregate",
      "Strategy": "Plain",
      "Partial Mode": "Finalize",
      "Parallel Aware": false,
      "Startup Cost": 444982.35,
      "Total Cost": 444982.36,
      "Plan Rows": 1,
      "Plan Width": 8,
      "Actual Startup Time": 4068.724,
      "Actual Total Time": 4125.336,
      "Actual Rows": 1,
      "Actual Loops": 1,
      "Plans": [
        {
          "Node Type": "Gather",
          "Parent Relationship": "Outer",
          "Parallel Aware": false,
          "Startup Cost": 444981.73,
          "Total Cost": 444982.34,
          "Plan Rows": 6,
          "Plan Width": 8,
          "Actual Startup Time": 4050.426,
          "Actual Total Time": 4125.325,
          "Actual Rows": 7,
          "Actual Loops": 1,
          "Workers Planned": 6,
          "Workers Launched": 6,
          "Single Copy": false,
          "Plans": [
            {
              "Node Type": "Aggregate",
              "Strategy": "Plain",
              "Partial Mode": "Partial",
              "Parent Relationship": "Outer",
              "Parallel Aware": false,
              "Startup Cost": 443981.73,
              "Total Cost": 443981.74,
              "Plan Rows": 1,
              "Plan Width": 8,
              "Actual Startup Time": 4041.918,
              "Actual Total Time": 4042.389,
              "Actual Rows": 1,
              "Actual Loops": 7,
              "Plans": [
                {
                  "Node Type": "Hash Join",
                  "Parent Relationship": "Outer",
                  "Parallel Aware": true,
                  "Join Type": "Inner",
                  "Startup Cost": 95460.84,
                  "Total Cost": 438411.74,
                  "Plan Rows": 2227995,
                  "Plan Width": 0,
                  "Actual Startup Time": 417.904,
                  "Actual Total Time": 3409.583,
                  "Actual Rows": 14565409,
                  "Actual Loops": 7,
                  "Inner Unique": false,
                  "Hash Cond": "(ci.movie_id = t.id)",
                  "Plans": [
                    {
                      "Node Type": "Seq Scan",
                      "Parent Relationship": "Outer",
                      "Parallel Aware": true,
                      "Relation Name": "cast_info",
                      "Alias": "ci",
                      "Startup Cost": 0.0,
                      "Total Cost": 313106.51,
                      "Plan Rows": 6041951,
                      "Plan Width": 4,
                      "Actual Startup Time": 0.032,
                      "Actual Total Time": 538.209,
                      "Actual Rows": 5177763,
                      "Actual Loops": 7
                    },
                    {
                      "Node Type": "Hash",
                      "Parent Relationship": "Inner",
                      "Parallel Aware": true,
                      "Startup Cost": 91701.3,
                      "Total Cost": 91701.3,
                      "Plan Rows": 300763,
                      "Plan Width": 8,
                      "Actual Startup Time": 415.484,
                      "Actual Total Time": 415.953,
                      "Actual Rows": 297348,
                      "Actual Loops": 7,
                      "Hash Buckets": 2097152,
                      "Original Hash Buckets": 1048576,
                      "Hash Batches": 1,
                      "Original Hash Batches": 1,
                      "Peak Memory Usage": 106144,
                      "Plans": [
                        {
                          "Node Type": "Hash Join",
                          "Parent Relationship": "Outer",
                          "Parallel Aware": true,
                          "Join Type": "Inner",
                          "Startup Cost": 46982.15,
                          "Total Cost": 91701.3,
                          "Plan Rows": 300763,
                          "Plan Width": 8,
                          "Actual Startup Time": 139.488,
                          "Actual Total Time": 286.545,
                          "Actual Rows": 297348,
                          "Actual Loops": 7,
                          "Inner Unique": true,
                          "Hash Cond": "(mk.movie_id = t.id)",
                          "Plans": [
                            {
                              "Node Type": "Seq Scan",
                              "Parent Relationship": "Outer",
                              "Parallel Aware": true,
                              "Relation Name": "movie_keyword",
                              "Alias": "mk",
                              "Startup Cost": 0.0,
                              "Total Cost": 42695.65,
                              "Plan Rows": 770859,
                              "Plan Width": 4,
                              "Actual Startup Time": 0.031,
                              "Actual Total Time": 73.485,
                              "Actual Rows": 343458,
                              "Actual Loops": 7,
                              "Filter": "(keyword_id < 5603)",
                              "Rows Removed by Filter": 302818
                            },
                            {
                              "Node Type": "Hash",
                              "Parent Relationship": "Inner",
                              "Parallel Aware": true,
                              "Startup Cost": 43899.32,
                              "Total Cost": 43899.32,
                              "Plan Rows": 246626,
                              "Plan Width": 4,
                              "Actual Startup Time": 138.257,
                              "Actual Total Time": 138.259,
                              "Actual Rows": 140721,
                              "Actual Loops": 7,
                              "Hash Buckets": 1048576,
                              "Original Hash Buckets": 1048576,
                              "Hash Batches": 1,
                              "Original Hash Batches": 1,
                              "Peak Memory Usage": 46848,
                              "Plans": [
                                {
                                  "Node Type": "Seq Scan",
                                  "Parent Relationship": "Outer",
                                  "Parallel Aware": true,
                                  "Relation Name": "title",
                                  "Alias": "t",
                                  "Startup Cost": 0.0,
                                  "Total Cost": 43899.32,
                                  "Plan Rows": 246626,
                                  "Plan Width": 4,
                                  "Actual Startup Time": 0.062,
                                  "Actual Total Time": 75.814,
                                  "Actual Rows": 140721,
                                  "Actual Loops": 7,
                                  "Filter": "(kind_id < 7)",
                                  "Rows Removed by Filter": 220466
                                }
                              ]
                            }
                          ]
                        }
                      ]
                    }
                  ]
                }
              ]
            }
          ]
        }
      ]
    },
    "Planning Time": 0.964,
    "Triggers": [],
    "Execution Time": 4125.396
  }
]