{
  "Plan": {
    "Node Type": "Aggregate",
    "Strategy": "Plain",
    "Partial Mode": "Simple",
    "Parallel Aware": false,
    "Startup Cost": 509296.13,
    "Total Cost": 509296.14,
    "Plan Rows": 1,
    "Plan Width": 96,
    "Actual Startup Time": 5219.627,
    "Actual Total Time": 5253.047,
    "Actual Rows": 1,
    "Actual Loops": 1,
    "Plans": [
      {
        "Node Type": "Nested Loop",
        "Parent Relationship": "Outer",
        "Parallel Aware": false,
        "Join Type": "Inner",
        "Startup Cost": 306395.74,
        "Total Cost": 509296.12,
        "Plan Rows": 1,
        "Plan Width": 42,
        "Actual Startup Time": 4800.675,
        "Actual Total Time": 5252.952,
        "Actual Rows": 372,
        "Actual Loops": 1,
        "Inner Unique": false,
        "Join Filter": "(mc.company_type_id = ct.id)",
        "Rows Removed by Join Filter": 606,
        "Plans": [
          {
            "Node Type": "Seq Scan",
            "Parent Relationship": "Outer",
            "Parallel Aware": false,
            "Relation Name": "company_type",
            "Alias": "ct",
            "Startup Cost": 0.0,
            "Total Cost": 1.05,
            "Plan Rows": 1,
            "Plan Width": 4,
            "Actual Startup Time": 0.014,
            "Actual Total Time": 0.017,
            "Actual Rows": 1,
            "Actual Loops": 1,
            "Filter": "((kind)::text = 'production companies'::text)",
            "Rows Removed by Filter": 3
          },
          {
            "Node Type": "Nested Loop",
            "Parent Relationship": "Inner",
            "Parallel Aware": false,
            "Join Type": "Inner",
            "Startup Cost": 306395.74,
            "Total Cost": 509295.06,
            "Plan Rows": 1,
            "Plan Width": 46,
            "Actual Startup Time": 4800.658,
            "Actual Total Time": 5252.858,
            "Actual Rows": 978,
            "Actual Loops": 1,
            "Inner Unique": true,
            "Plans": [
              {
                "Node Type": "Nested Loop",
                "Parent Relationship": "Outer",
                "Parallel Aware": false,
                "Join Type": "Inner",
                "Startup Cost": 306395.61,
                "Total Cost": 509294.84,
                "Plan Rows": 1,
                "Plan Width": 50,
                "Actual Startup Time": 4762.033,
                "Actual Total Time": 5251.736,
                "Actual Rows": 1404,
                "Actual Loops": 1,
                "Inner Unique": false,
                "Join Filter": "(mi.info_type_id = it2.id)",
                "Rows Removed by Join Filter": 7295,
                "Plans": [
                  {
                    "Node Type": "Seq Scan",
                    "Parent Relationship": "Outer",
                    "Parallel Aware": false,
                    "Relation Name": "info_type",
                    "Alias": "it2",
                    "Startup Cost": 0.0,
                    "Total Cost": 2.41,
                    "Plan Rows": 1,
                    "Plan Width": 4,
                    "Actual Startup Time": 0.011,
                    "Actual Total Time": 0.025,
                    "Actual Rows": 1,
                    "Actual Loops": 1,
                    "Filter": "((info)::text = 'release dates'::text)",
                    "Rows Removed by Filter": 112
                  },
                  {
                    "Node Type": "Gather",
                    "Parent Relationship": "Inner",
                    "Parallel Aware": false,
                    "Startup Cost": 306395.61,
                    "Total Cost": 509290.71,
                    "Plan Rows": 137,
                    "Plan Width": 54,
                    "Actual Startup Time": 4592.021,
                    "Actual Total Time": 5251.014,
                    "Actual Rows": 8699,
                    "Actual Loops": 1,
                    "Workers Planned": 5,
                    "Workers Launched": 5,
                    "Single Copy": false,
                    "Plans": [
                      {
                        "Node Type": "Hash Join",
                        "Parent Relationship": "Outer",
                        "Parallel Aware": true,
                        "Join Type": "Inner",
                        "Startup Cost": 305395.61,
                        "Total Cost": 508277.01,
                        "Plan Rows": 27,
                        "Plan Width": 54,
                        "Actual Startup Time": 4573.147,
                        "Actual Total Time": 5186.71,
                        "Actual Rows": 1450,
                        "Actual Loops": 6,
                        "Inner Unique": false,
                        "Hash Cond": "(mi.movie_id = t.id)",
                        "Plans": [
                          {
                            "Node Type": "Seq Scan",
                            "Parent Relationship": "Outer",
                            "Parallel Aware": true,
                            "Relation Name": "movie_info",
                            "Alias": "mi",
                            "Startup Cost": 0.0,
                            "Total Cost": 191730.01,
                            "Plan Rows": 2973701,
                            "Plan Width": 8,
                            "Actual Startup Time": 0.069,
                            "Actual Total Time": 434.842,
                            "Actual Rows": 2472620,
                            "Actual Loops": 6
                          },
                          {
                            "Node Type": "Hash",
                            "Parent Relationship": "Inner",
                            "Parallel Aware": true,
                            "Startup Cost": 305395.6,
                            "Total Cost": 305395.6,
                            "Plan Rows": 1,
                            "Plan Width": 62,
                            "Actual Startup Time": 4567.936,
                            "Actual Total Time": 4567.946,
                            "Actual Rows": 82,
                            "Actual Loops": 6,
                            "Hash Buckets": 1024,
                            "Original Hash Buckets": 1024,
                            "Hash Batches": 1,
                            "Original Hash Batches": 1,
                            "Peak Memory Usage": 200,
                            "Plans": [
                              {
                                "Node Type": "Merge Join",
                                "Parent Relationship": "Outer",
                                "Parallel Aware": false,
                                "Join Type": "Inner",
                                "Startup Cost": 305283.31,
                                "Total Cost": 305395.6,
                                "Plan Rows": 1,
                                "Plan Width": 62,
                                "Actual Startup Time": 4286.276,
                                "Actual Total Time": 4336.321,
                                "Actual Rows": 82,
                                "Actual Loops": 6,
                                "Inner Unique": false,
                                "Merge Cond": "(t.id = mc.movie_id)",
                                "Plans": [
                                  {
                                    "Node Type": "Sort",
                                    "Parent Relationship": "Outer",
                                    "Parallel Aware": false,
                                    "Startup Cost": 47064.29,
                                    "Total Cost": 47064.58,
                                    "Plan Rows": 118,
                                    "Plan Width": 25,
                                    "Actual Startup Time": 252.299,
                                    "Actual Total Time": 252.34,
                                    "Actual Rows": 370,
                                    "Actual Loops": 6,
                                    "Sort Key": [
                                      "t.id"
                                    ],
                                    "Sort Method": "quicksort",
                                    "Sort Space Used": 71,
                                    "Sort Space Type": "Memory",
                                    "Workers": [
                                      {
                                        "Worker Number": 0,
                                        "Sort Method": "quicksort",
                                        "Sort Space Used": 54,
                                        "Sort Space Type": "Memory"
                                      },
                                      {
                                        "Worker Number": 1,
                                        "Sort Method": "quicksort",
                                        "Sort Space Used": 48,
                                        "Sort Space Type": "Memory"
                                      },
                                      {
                                        "Worker Number": 2,
                                        "Sort Method": "quicksort",
                                        "Sort Space Used": 66,
                                        "Sort Space Type": "Memory"
                                      },
                                      {
                                        "Worker Number": 3,
                                        "Sort Method": "quicksort",
                                        "Sort Space Used": 66,
                                        "Sort Space Type": "Memory"
                                      },
                                      {
                                        "Worker Number": 4,
                                        "Sort Method": "quicksort",
                                        "Sort Space Used": 65,
                                        "Sort Space Type": "Memory"
                                      }
                                    ],
                                    "Plans": [
                                      {
                                        "Node Type": "Seq Scan",
                                        "Parent Relationship": "Outer",
                                        "Parallel Aware": true,
                                        "Relation Name": "title",
                                        "Alias": "t",
                                        "Startup Cost": 0.0,
                                        "Total Cost": 47060.23,
                                        "Plan Rows": 118,
                                        "Plan Width": 25,
                                        "Actual Startup Time": 1.08,
                                        "Actual Total Time": 251.776,
                                        "Actual Rows": 370,
                                        "Actual Loops": 6,
                                        "Filter": "((title <> ''::text) AND ((title ~~ '%Champion%'::text) OR (title ~~ '%Loser%'::text)))",
                                        "Rows Removed by Filter": 421016
                                      }
                                    ]
                                  },
                                  {
                                    "Node Type": "Sort",
                                    "Parent Relationship": "Inner",
                                    "Parallel Aware": false,
                                    "Startup Cost": 258219.03,
                                    "Total Cost": 258274.87,
                                    "Plan Rows": 22337,
                                    "Plan Width": 37,
                                    "Actual Startup Time": 4033.128,
                                    "Actual Total Time": 4053.897,
                                    "Actual Rows": 577827,
                                    "Actual Loops": 6,
                                    "Sort Key": [
                                      "mc.movie_id"
                                    ],
                                    "Sort Method": "quicksort",
                                    "Sort Space Used": 76176,
                                    "Sort Space Type": "Memory",
                                    "Workers": [
                                      {
                                        "Worker Number": 0,
                                        "Sort Method": "quicksort",
                                        "Sort Space Used": 76176,
                                        "Sort Space Type": "Memory"
                                      },
                                      {
                                        "Worker Number": 1,
                                        "Sort Method": "quicksort",
                                        "Sort Space Used": 76176,
                                        "Sort Space Type": "Memory"
                                      },
                                      {
                                        "Worker Number": 2,
                                        "Sort Method": "quicksort",
                                        "Sort Space Used": 76176,
                                        "Sort Space Type": "Memory"
                                      },
                                      {
                                        "Worker Number": 3,
                                        "Sort Method": "quicksort",
                                        "Sort Space Used": 76176,
                                        "Sort Space Type": "Memory"
                                      },
                                      {
                                        "Worker Number": 4,
                                        "Sort Method": "quicksort",
                                        "Sort Space Used": 76176,
                                        "Sort Space Type": "Memory"
                                      }
                                    ],
                                    "Plans": [
                                      {
                                        "Node Type": "Nested Loop",
                                        "Parent Relationship": "Outer",
                                        "Parallel Aware": false,
                                        "Join Type": "Inner",
                                        "Startup Cost": 171176.1,
                                        "Total Cost": 256605.5,
                                        "Plan Rows": 22337,
                                        "Plan Width": 37,
                                        "Actual Startup Time": 3162.92,
                                        "Actual Total Time": 3826.533,
                                        "Actual Rows": 580109,
                                        "Actual Loops": 6,
                                        "Inner Unique": false,
                                        "Join Filter": "(miidx.info_type_id = it.id)",
                                        "Rows Removed by Join Filter": 1162589,
                                        "Plans": [
                                          {
                                            "Node Type": "Seq Scan",
                                            "Parent Relationship": "Outer",
                                            "Parallel Aware": false,
                                            "Relation Name": "info_type",
                                            "Alias": "it",
                                            "Startup Cost": 0.0,
                                            "Total Cost": 2.41,
                                            "Plan Rows": 1,
                                            "Plan Width": 4,
                                            "Actual Startup Time": 0.105,
                                            "Actual Total Time": 0.11,
                                            "Actual Rows": 1,
                                            "Actual Loops": 6,
                                            "Filter": "((info)::text = 'rating'::text)",
                                            "Rows Removed by Filter": 112
                                          },
                                          {
                                            "Node Type": "Hash Join",
                                            "Parent Relationship": "Inner",
                                            "Parallel Aware": false,
                                            "Join Type": "Inner",
                                            "Startup Cost": 171176.1,
                                            "Total Cost": 225052.27,
                                            "Plan Rows": 2524065,
                                            "Plan Width": 41,
                                            "Actual Startup Time": 3162.802,
                                            "Actual Total Time": 3726.969,
                                            "Actual Rows": 1742698,
                                            "Actual Loops": 6,
                                            "Inner Unique": false,
                                            "Hash Cond": "(miidx.movie_id = mc.movie_id)",
                                            "Plans": [
                                              {
                                                "Node Type": "Seq Scan",
                                                "Parent Relationship": "Outer",
                                                "Parallel Aware": false,
                                                "Relation Name": "movie_info_idx",
                                                "Alias": "miidx",
                                                "Startup Cost": 0.0,
                                                "Total Cost": 21735.35,
                                                "Plan Rows": 1380035,
                                                "Plan Width": 14,
                                                "Actual Startup Time": 0.053,
                                                "Actual Total Time": 131.511,
                                                "Actual Rows": 1380035,
                                                "Actual Loops": 6
                                              },
                                              {
                                                "Node Type": "Hash",
                                                "Parent Relationship": "Inner",
                                                "Parallel Aware": false,
                                                "Startup Cost": 159250.15,
                                                "Total Cost": 159250.15,
                                                "Plan Rows": 954076,
                                                "Plan Width": 27,
                                                "Actual Startup Time": 3151.811,
                                                "Actual Total Time": 3151.813,
                                                "Actual Rows": 1153798,
                                                "Actual Loops": 6,
                                                "Hash Buckets": 2097152,
                                                "Original Hash Buckets": 1048576,
                                                "Hash Batches": 1,
                                                "Original Hash Batches": 1,
                                                "Peak Memory Usage": 88960,
                                                "Plans": [
                                                  {
                                                    "Node Type": "Merge Join",
                                                    "Parent Relationship": "Outer",
                                                    "Parallel Aware": false,
                                                    "Join Type": "Inner",
                                                    "Startup Cost": 4190.88,
                                                    "Total Cost": 159250.15,
                                                    "Plan Rows": 954076,
                                                    "Plan Width": 27,
                                                    "Actual Startup Time": 0.175,
                                                    "Actual Total Time": 2558.227,
                                                    "Actual Rows": 1153798,
                                                    "Actual Loops": 6,
                                                    "Inner Unique": false,
                                                    "Merge Cond": "(cn.id = mc.company_id)",
                                                    "Plans": [
                                                      {
                                                        "Node Type": "Index Scan",
                                                        "Parent Relationship": "Outer",
                                                        "Parallel Aware": false,
                                                        "Scan Direction": "Forward",
                                                        "Index Name": "company_name_pkey",
                                                        "Relation Name": "company_name",
                                                        "Alias": "cn",
                                                        "Startup Cost": 0.42,
                                                        "Total Cost": 12469.43,
                                                        "Plan Rows": 85931,
                                                        "Plan Width": 23,
                                                        "Actual Startup Time": 0.101,
                                                        "Actual Total Time": 205.543,
                                                        "Actual Rows": 84843,
                                                        "Actual Loops": 6,
                                                        "Filter": "((country_code)::text = '[us]'::text)",
                                                        "Rows Removed by Filter": 150154
                                                      },
                                                      {
                                                        "Node Type": "Index Scan",
                                                        "Parent Relationship": "Inner",
                                                        "Parallel Aware": false,
                                                        "Scan Direction": "Forward",
                                                        "Index Name": "company_id_movie_companies",
                                                        "Relation Name": "movie_companies",
                                                        "Alias": "mc",
                                                        "Startup Cost": 0.43,
                                                        "Total Cost": 130510.28,
                                                        "Plan Rows": 2609129,
                                                        "Plan Width": 12,
                                                        "Actual Startup Time": 0.061,
                                                        "Actual Total Time": 2008.59,
                                                        "Actual Rows": 2609129,
                                                        "Actual Loops": 6
                                                      }
                                                    ]
                                                  }
                                                ]
                                              }
                                            ]
                                          }
                                        ]
                                      }
                                    ]
                                  }
                                ]
                              }
                            ]
                          }
                        ]
                      }
                    ]
                  }
                ]
              },
              {
                "Node Type": "Index Scan",
                "Parent Relationship": "Inner",
                "Parallel Aware": false,
                "Scan Direction": "Forward",
                "Index Name": "kind_type_pkey",
                "Relation Name": "kind_type",
                "Alias": "kt",
                "Startup Cost": 0.13,
                "Total Cost": 0.18,
                "Plan Rows": 1,
                "Plan Width": 4,
                "Actual Startup Time": 0.001,
                "Actual Total Time": 0.001,
                "Actual Rows": 1,
                "Actual Loops": 1404,
                "Index Cond": "(id = t.kind_id)",
                "Rows Removed by Index Recheck": 0,
                "Filter": "((kind)::text = 'movie'::text)",
                "Rows Removed by Filter": 0
              }
            ]
          }
        ]
      }
    ]
  },
  "Planning Time": 18.74,
  "Triggers": [],
  "Execution Time": 5268.187
}