[
  {
    "Plan": {
      "Node Type": "Aggregate",
      "Strategy": "Plain",
      "Partial Mode": "Finalize",
      "Parallel Aware": false,
      "Startup Cost": 268968.25,
      "Total Cost": 268968.26,
      "Plan Rows": 1,
      "Plan Width": 8,
      "Actual Startup Time": 828.488,
      "Actual Total Time": 853.058,
      "Actual Rows": 1,
      "Actual Loops": 1,
      "Plans": [
        {
          "Node Type": "Gather",
          "Parent Relationship": "Outer",
          "Parallel Aware": false,
          "Startup Cost": 268967.93,
          "Total Cost": 268968.24,
          "Plan Rows": 3,
          "Plan Width": 8,
          "Actual Startup Time": 811.73,
          "Actual Total Time": 853.048,
          "Actual Rows": 4,
          "Actual Loops": 1,
          "Workers Planned": 3,
          "Workers Launched": 3,
          "Single Copy": false,
          "Plans": [
            {
              "Node Type": "Aggregate",
              "Strategy": "Plain",
              "Partial Mode": "Partial",
              "Parent Relationship": "Outer",
              "Parallel Aware": false,
              "Startup Cost": 267967.93,
              "Total Cost": 267967.94,
              "Plan Rows": 1,
              "Plan Width": 8,
              "Actual Startup Time": 802.403,
              "Actual Total Time": 802.552,
              "Actual Rows": 1,
              "Actual Loops": 4,
              "Plans": [
                {
                  "Node Type": "Hash Join",
                  "Parent Relationship": "Outer",
                  "Parallel Aware": true,
                  "Join Type": "Inner",
                  "Startup Cost": 236280.38,
                  "Total Cost": 267537.73,
                  "Plan Rows": 172081,
                  "Plan Width": 0,
                  "Actual Startup Time": 641.746,
                  "Actual Total Time": 780.89,
                  "Actual Rows": 550388,
                  "Actual Loops": 4,
                  "Inner Unique": false,
                  "Hash Cond": "(mc.movie_id = t.id)",
                  "Plans": [
                    {
                      "Node Type": "Seq Scan",
                      "Parent Relationship": "Outer",
                      "Parallel Aware": true,
                      "Relation Name": "movie_companies",
                      "Alias": "mc",
                      "Startup Cost": 0.0,
                      "Total Cost": 29310.68,
                      "Plan Rows": 427336,
                      "Plan Width": 4,
                      "Actual Startup Time": 27.75,
                      "Actual Total Time": 62.85,
                      "Actual Rows": 333721,
                      "Actual Loops": 4,
                      "Filter": "(company_type_id = 2)",
                      "Rows Removed by Filter": 318562
                    },
                    {
                      "Node Type": "Hash",
                      "Parent Relationship": "Inner",
                      "Parallel Aware": true,
                      "Startup Cost": 233735.13,
                      "Total Cost": 233735.13,
                      "Plan Rows": 203620,
                      "Plan Width": 8,
                      "Actual Startup Time": 608.942,
                      "Actual Total Time": 609.09,
                      "Actual Rows": 242091,
                      "Actual Loops": 4,
                      "Hash Buckets": 1048576,
                      "Original Hash Buckets": 1048576,
                      "Hash Batches": 1,
                      "Original Hash Batches": 1,
                      "Peak Memory Usage": 46112,
                      "Plans": [
                        {
                          "Node Type": "Hash Join",
                          "Parent Relationship": "Outer",
                          "Parallel Aware": true,
                          "Join Type": "Inner",
                          "Startup Cost": 68662.37,
                          "Total Cost": 233735.13,
                          "Plan Rows": 203620,
                          "Plan Width": 8,
                          "Actual Startup Time": 371.388,
                          "Actual Total Time": 534.695,
                          "Actual Rows": 242091,
                          "Actual Loops": 4,
                          "Inner Unique": true,
                          "Hash Cond": "(mi.movie_id = t.id)",
                          "Plans": [
                            {
                              "Node Type": "Bitmap Heap Scan",
                              "Parent Relationship": "Outer",
                              "Parallel Aware": true,
                              "Relation Name": "movie_info",
                              "Alias": "mi",
                              "Startup Cost": 18442.73,
                              "Total Cost": 182980.98,
                              "Plan Rows": 203620,
                              "Plan Width": 4,
                              "Actual Startup Time": 41.259,
                              "Actual Total Time": 109.576,
                              "Actual Rows": 242091,
                              "Actual Loops": 4,
                              "Recheck Cond": "(info_type_id > 93)",
                              "Rows Removed by Index Recheck": 0,
                              "Exact Heap Blocks": 9934,
                              "Lossy Heap Blocks": 0,
                              "Plans": [
                                {
                                  "Node Type": "Bitmap Index Scan",
                                  "Parent Relationship": "Outer",
                                  "Parallel Aware": false,
                                  "Index Name": "info_type_id_movie_info",
                                  "Startup Cost": 0.0,
                                  "Total Cost": 18188.2,
                                  "Plan Rows": 1018102,
                                  "Plan Width": 0,
                                  "Actual Startup Time": 35.835,
                                  "Actual Total Time": 35.835,
                                  "Actual Rows": 968365,
                                  "Actual Loops": 1,
                                  "Index Cond": "(info_type_id > 93)"
                                }
                              ]
                            },
                            {
                              "Node Type": "Hash",
                              "Parent Relationship": "Inner",
                              "Parallel Aware": true,
                              "Startup Cost": 42318.73,
                              "Total Cost": 42318.73,
                              "Plan Rows": 632073,
                              "Plan Width": 4,
                              "Actual Startup Time": 322.834,
                              "Actual Total Time": 322.835,
                              "Actual Rows": 632078,
                              "Actual Loops": 4,
                              "Hash Buckets": 4194304,
                              "Original Hash Buckets": 4194304,
                              "Hash Batches": 1,
                              "Original Hash Batches": 1,
                              "Peak Memory Usage": 131776,
                              "Plans": [
                                {
                                  "Node Type": "Seq Scan",
                                  "Parent Relationship": "Outer",
                                  "Parallel Aware": true,
                                  "Relation Name": "title",
                                  "Alias": "t",
                                  "Startup Cost": 0.0,
                                  "Total Cost": 42318.73,
                                  "Plan Rows": 632073,
                                  "Plan Width": 4,
                                  "Actual Startup Time": 0.041,
                                  "Actual Total Time": 94.506,
                                  "Actual Rows": 632078,
                                  "Actual Loops": 4
                                }
                              ]
                            }
                          ]
                        }
                      ]
                    }
                  ]
                }
              ]
            }
          ]
        }
      ]
    },
    "Planning Time": 1.397,
    "Triggers": [],
    "Execution Time": 853.161
  }
]