{
  "Plan": {
    "Node Type": "Aggregate",
    "Strategy": "Plain",
    "Partial Mode": "Finalize",
    "Parallel Aware": false,
    "Startup Cost": 525165.12,
    "Total Cost": 525165.13,
    "Plan Rows": 1,
    "Plan Width": 8,
    "Actual Startup Time": 2547.789,
    "Actual Total Time": 2574.805,
    "Actual Rows": 1,
    "Actual Loops": 1,
    "Plans": [
      {
        "Node Type": "Gather",
        "Parent Relationship": "Outer",
        "Parallel Aware": false,
        "Startup Cost": 525165.01,
        "Total Cost": 525165.12,
        "Plan Rows": 1,
        "Plan Width": 8,
        "Actual Startup Time": 2541.271,
        "Actual Total Time": 2574.795,
        "Actual Rows": 2,
        "Actual Loops": 1,
        "Workers Planned": 1,
        "Workers Launched": 1,
        "Single Copy": false,
        "Plans": [
          {
            "Node Type": "Aggregate",
            "Strategy": "Plain",
            "Partial Mode": "Partial",
            "Parent Relationship": "Outer",
            "Parallel Aware": false,
            "Startup Cost": 524165.01,
            "Total Cost": 524165.02,
            "Plan Rows": 1,
            "Plan Width": 8,
            "Actual Startup Time": 2529.347,
            "Actual Total Time": 2529.351,
            "Actual Rows": 1,
            "Actual Loops": 2,
            "Plans": [
              {
                "Node Type": "Hash Join",
                "Parent Relationship": "Outer",
                "Parallel Aware": true,
                "Join Type": "Inner",
                "Startup Cost": 202445.25,
                "Total Cost": 516443.64,
                "Plan Rows": 3088548,
                "Plan Width": 0,
                "Actual Startup Time": 815.235,
                "Actual Total Time": 2405.599,
                "Actual Rows": 2976259,
                "Actual Loops": 2,
                "Inner Unique": true,
                "Hash Cond": "(ci.movie_id = t.id)",
                "Plans": [
                  {
                    "Node Type": "Bitmap Heap Scan",
                    "Parent Relationship": "Outer",
                    "Parallel Aware": true,
                    "Relation Name": "cast_info",
                    "Alias": "ci",
                    "Startup Cost": 132984.55,
                    "Total Cost": 438875.49,
                    "Plan Rows": 3088548,
                    "Plan Width": 4,
                    "Actual Startup Time": 300.176,
                    "Actual Total Time": 729.39,
                    "Actual Rows": 2976259,
                    "Actual Loops": 2,
                    "Recheck Cond": "(person_id < 598957)",
                    "Rows Removed by Index Recheck": 0,
                    "Filter": "(role_id < 10)",
                    "Rows Removed by Filter": 134230,
                    "Exact Heap Blocks": 34577,
                    "Lossy Heap Blocks": 0,
                    "Plans": [
                      {
                        "Node Type": "Bitmap Index Scan",
                        "Parent Relationship": "Outer",
                        "Parallel Aware": false,
                        "Index Name": "person_id_cast_info",
                        "Startup Cost": 0.0,
                        "Total Cost": 131671.92,
                        "Plan Rows": 6029780,
                        "Plan Width": 0,
                        "Actual Startup Time": 288.762,
                        "Actual Total Time": 288.763,
                        "Actual Rows": 6220977,
                        "Actual Loops": 1,
                        "Index Cond": "(person_id < 598957)"
                      }
                    ]
                  },
                  {
                    "Node Type": "Hash",
                    "Parent Relationship": "Inner",
                    "Parallel Aware": true,
                    "Startup Cost": 50870.31,
                    "Total Cost": 50870.31,
                    "Plan Rows": 1487231,
                    "Plan Width": 4,
                    "Actual Startup Time": 493.207,
                    "Actual Total Time": 493.208,
                    "Actual Rows": 1264156,
                    "Actual Loops": 2,
                    "Hash Buckets": 4194304,
                    "Original Hash Buckets": 4194304,
                    "Hash Batches": 1,
                    "Original Hash Batches": 1,
                    "Peak Memory Usage": 131712,
                    "Plans": [
                      {
                        "Node Type": "Seq Scan",
                        "Parent Relationship": "Outer",
                        "Parallel Aware": true,
                        "Relation Name": "title",
                        "Alias": "t",
                        "Startup Cost": 0.0,
                        "Total Cost": 50870.31,
                        "Plan Rows": 1487231,
                        "Plan Width": 4,
                        "Actual Startup Time": 0.026,
                        "Actual Total Time": 150.663,
                        "Actual Rows": 1264156,
                        "Actual Loops": 2
                      }
                    ]
                  }
                ]
              }
            ]
          }
        ]
      }
    ]
  },
  "Planning Time": 0.678,
  "Triggers": [],
  "Execution Time": 2574.982
}