[
  {
    "Plan": {
      "Node Type": "Aggregate",
      "Strategy": "Plain",
      "Partial Mode": "Finalize",
      "Parallel Aware": false,
      "Startup Cost": 91630.97,
      "Total Cost": 91630.98,
      "Plan Rows": 1,
      "Plan Width": 8,
      "Actual Startup Time": 287.666,
      "Actual Total Time": 305.139,
      "Actual Rows": 1,
      "Actual Loops": 1,
      "Plans": [
        {
          "Node Type": "Gather",
          "Parent Relationship": "Outer",
          "Parallel Aware": false,
          "Startup Cost": 91630.65,
          "Total Cost": 91630.96,
          "Plan Rows": 3,
          "Plan Width": 8,
          "Actual Startup Time": 287.167,
          "Actual Total Time": 305.128,
          "Actual Rows": 4,
          "Actual Loops": 1,
          "Workers Planned": 3,
          "Workers Launched": 3,
          "Single Copy": false,
          "Plans": [
            {
              "Node Type": "Aggregate",
              "Strategy": "Plain",
              "Partial Mode": "Partial",
              "Parent Relationship": "Outer",
              "Parallel Aware": false,
              "Startup Cost": 90630.65,
              "Total Cost": 90630.66,
              "Plan Rows": 1,
              "Plan Width": 8,
              "Actual Startup Time": 278.379,
              "Actual Total Time": 278.383,
              "Actual Rows": 1,
              "Actual Loops": 4,
              "Plans": [
                {
                  "Node Type": "Hash Join",
                  "Parent Relationship": "Outer",
                  "Parallel Aware": true,
                  "Join Type": "Inner",
                  "Startup Cost": 45775.75,
                  "Total Cost": 90556.11,
                  "Plan Rows": 29819,
                  "Plan Width": 0,
                  "Actual Startup Time": 116.342,
                  "Actual Total Time": 277.754,
                  "Actual Rows": 11885,
                  "Actual Loops": 4,
                  "Inner Unique": true,
                  "Hash Cond": "(mk.movie_id = t.id)",
                  "Plans": [
                    {
                      "Node Type": "Seq Scan",
                      "Parent Relationship": "Outer",
                      "Parallel Aware": true,
                      "Relation Name": "movie_keyword",
                      "Alias": "mk",
                      "Startup Cost": 0.0,
                      "Total Cost": 42695.65,
                      "Plan Rows": 794173,
                      "Plan Width": 4,
                      "Actual Startup Time": 0.266,
                      "Actual Total Time": 111.382,
                      "Actual Rows": 616299,
                      "Actual Loops": 4,
                      "Filter": "(keyword_id > 3660)",
                      "Rows Removed by Filter": 514683
                    },
                    {
                      "Node Type": "Hash",
                      "Parent Relationship": "Inner",
                      "Parallel Aware": true,
                      "Startup Cost": 45479.1,
                      "Total Cost": 45479.1,
                      "Plan Rows": 23732,
                      "Plan Width": 4,
                      "Actual Startup Time": 113.781,
                      "Actual Total Time": 113.782,
                      "Actual Rows": 25148,
                      "Actual Loops": 4,
                      "Hash Buckets": 131072,
                      "Original Hash Buckets": 131072,
                      "Hash Batches": 1,
                      "Original Hash Batches": 1,
                      "Peak Memory Usage": 5024,
                      "Plans": [
                        {
                          "Node Type": "Seq Scan",
                          "Parent Relationship": "Outer",
                          "Parallel Aware": true,
                          "Relation Name": "title",
                          "Alias": "t",
                          "Startup Cost": 0.0,
                          "Total Cost": 45479.1,
                          "Plan Rows": 23732,
                          "Plan Width": 4,
                          "Actual Startup Time": 0.046,
                          "Actual Total Time": 102.469,
                          "Actual Rows": 25148,
                          "Actual Loops": 4,
                          "Filter": "((kind_id > 1) AND (production_year = 2009))",
                          "Rows Removed by Filter": 606930
                        }
                      ]
                    }
                  ]
                }
              ]
            }
          ]
        }
      ]
    },
    "Planning Time": 0.574,
    "Triggers": [],
    "Execution Time": 305.205
  }
]