[
  {
    "Plan": {
      "Node Type": "Aggregate",
      "Strategy": "Plain",
      "Partial Mode": "Finalize",
      "Parallel Aware": false,
      "Startup Cost": 62696.4,
      "Total Cost": 62696.41,
      "Plan Rows": 1,
      "Plan Width": 8,
      "Actual Startup Time": 187.237,
      "Actual Total Time": 201.092,
      "Actual Rows": 1,
      "Actual Loops": 1,
      "Plans": [
        {
          "Node Type": "Gather",
          "Parent Relationship": "Outer",
          "Parallel Aware": false,
          "Startup Cost": 62696.19,
          "Total Cost": 62696.4,
          "Plan Rows": 2,
          "Plan Width": 8,
          "Actual Startup Time": 186.922,
          "Actual Total Time": 201.082,
          "Actual Rows": 3,
          "Actual Loops": 1,
          "Workers Planned": 2,
          "Workers Launched": 2,
          "Single Copy": false,
          "Plans": [
            {
              "Node Type": "Aggregate",
              "Strategy": "Plain",
              "Partial Mode": "Partial",
              "Parent Relationship": "Outer",
              "Parallel Aware": false,
              "Startup Cost": 61696.19,
              "Total Cost": 61696.2,
              "Plan Rows": 1,
              "Plan Width": 8,
              "Actual Startup Time": 179.371,
              "Actual Total Time": 179.374,
              "Actual Rows": 1,
              "Actual Loops": 3,
              "Plans": [
                {
                  "Node Type": "Hash Join",
                  "Parent Relationship": "Outer",
                  "Parallel Aware": true,
                  "Join Type": "Inner",
                  "Startup Cost": 45558.65,
                  "Total Cost": 61686.55,
                  "Plan Rows": 3856,
                  "Plan Width": 0,
                  "Actual Startup Time": 114.815,
                  "Actual Total Time": 179.065,
                  "Actual Rows": 5378,
                  "Actual Loops": 3,
                  "Inner Unique": true,
                  "Hash Cond": "(mi_idx.movie_id = t.id)",
                  "Plans": [
                    {
                      "Node Type": "Seq Scan",
                      "Parent Relationship": "Outer",
                      "Parallel Aware": true,
                      "Relation Name": "movie_info_idx",
                      "Alias": "mi_idx",
                      "Startup Cost": 0.0,
                      "Total Cost": 15122.68,
                      "Plan Rows": 382940,
                      "Plan Width": 4,
                      "Actual Startup Time": 0.027,
                      "Actual Total Time": 41.989,
                      "Actual Rows": 306617,
                      "Actual Loops": 3,
                      "Filter": "(info_type_id < 101)",
                      "Rows Removed by Filter": 153395
                    },
                    {
                      "Node Type": "Hash",
                      "Parent Relationship": "Inner",
                      "Parallel Aware": true,
                      "Startup Cost": 45479.1,
                      "Total Cost": 45479.1,
                      "Plan Rows": 6364,
                      "Plan Width": 4,
                      "Actual Startup Time": 113.551,
                      "Actual Total Time": 113.552,
                      "Actual Rows": 5440,
                      "Actual Loops": 3,
                      "Hash Buckets": 32768,
                      "Original Hash Buckets": 32768,
                      "Hash Batches": 1,
                      "Original Hash Batches": 1,
                      "Peak Memory Usage": 928,
                      "Plans": [
                        {
                          "Node Type": "Seq Scan",
                          "Parent Relationship": "Outer",
                          "Parallel Aware": true,
                          "Relation Name": "title",
                          "Alias": "t",
                          "Startup Cost": 0.0,
                          "Total Cost": 45479.1,
                          "Plan Rows": 6364,
                          "Plan Width": 4,
                          "Actual Startup Time": 0.254,
                          "Actual Total Time": 111.103,
                          "Actual Rows": 5440,
                          "Actual Loops": 3,
                          "Filter": "((kind_id < 3) AND (production_year = 2004))",
                          "Rows Removed by Filter": 837331
                        }
                      ]
                    }
                  ]
                }
              ]
            }
          ]
        }
      ]
    },
    "Planning Time": 0.594,
    "Triggers": [],
    "Execution Time": 201.161
  }
]