[
  {
    "Plan": {
      "Node Type": "Aggregate",
      "Strategy": "Plain",
      "Partial Mode": "Finalize",
      "Parallel Aware": false,
      "Startup Cost": 61533.16,
      "Total Cost": 61533.17,
      "Plan Rows": 1,
      "Plan Width": 8,
      "Actual Startup Time": 220.256,
      "Actual Total Time": 238.715,
      "Actual Rows": 1,
      "Actual Loops": 1,
      "Plans": [
        {
          "Node Type": "Gather",
          "Parent Relationship": "Outer",
          "Parallel Aware": false,
          "Startup Cost": 61532.95,
          "Total Cost": 61533.16,
          "Plan Rows": 2,
          "Plan Width": 8,
          "Actual Startup Time": 219.346,
          "Actual Total Time": 238.708,
          "Actual Rows": 3,
          "Actual Loops": 1,
          "Workers Planned": 2,
          "Workers Launched": 2,
          "Single Copy": false,
          "Plans": [
            {
              "Node Type": "Aggregate",
              "Strategy": "Plain",
              "Partial Mode": "Partial",
              "Parent Relationship": "Outer",
              "Parallel Aware": false,
              "Startup Cost": 60532.95,
              "Total Cost": 60532.96,
              "Plan Rows": 1,
              "Plan Width": 8,
              "Actual Startup Time": 215.777,
              "Actual Total Time": 215.78,
              "Actual Rows": 1,
              "Actual Loops": 3,
              "Plans": [
                {
                  "Node Type": "Hash Join",
                  "Parent Relationship": "Outer",
                  "Parallel Aware": true,
                  "Join Type": "Inner",
                  "Startup Cost": 44344.67,
                  "Total Cost": 60478.66,
                  "Plan Rows": 21715,
                  "Plan Width": 0,
                  "Actual Startup Time": 152.41,
                  "Actual Total Time": 214.96,
                  "Actual Rows": 15912,
                  "Actual Loops": 3,
                  "Inner Unique": true,
                  "Hash Cond": "(mi_idx.movie_id = t.id)",
                  "Plans": [
                    {
                      "Node Type": "Seq Scan",
                      "Parent Relationship": "Outer",
                      "Parallel Aware": true,
                      "Relation Name": "movie_info_idx",
                      "Alias": "mi_idx",
                      "Startup Cost": 0.0,
                      "Total Cost": 15122.68,
                      "Plan Rows": 385260,
                      "Plan Width": 4,
                      "Actual Startup Time": 0.034,
                      "Actual Total Time": 47.979,
                      "Actual Rows": 306703,
                      "Actual Loops": 3,
                      "Filter": "(info_type_id > 99)",
                      "Rows Removed by Filter": 153308
                    },
                    {
                      "Node Type": "Hash",
                      "Parent Relationship": "Inner",
                      "Parallel Aware": true,
                      "Startup Cost": 43899.32,
                      "Total Cost": 43899.32,
                      "Plan Rows": 35628,
                      "Plan Width": 4,
                      "Actual Startup Time": 129.318,
                      "Actual Total Time": 129.319,
                      "Actual Rows": 51080,
                      "Actual Loops": 3,
                      "Hash Buckets": 262144,
                      "Original Hash Buckets": 262144,
                      "Hash Batches": 1,
                      "Original Hash Batches": 1,
                      "Peak Memory Usage": 8096,
                      "Plans": [
                        {
                          "Node Type": "Seq Scan",
                          "Parent Relationship": "Outer",
                          "Parallel Aware": true,
                          "Relation Name": "title",
                          "Alias": "t",
                          "Startup Cost": 0.0,
                          "Total Cost": 43899.32,
                          "Plan Rows": 35628,
                          "Plan Width": 4,
                          "Actual Startup Time": 5.41,
                          "Actual Total Time": 112.286,
                          "Actual Rows": 51080,
                          "Actual Loops": 3,
                          "Filter": "(production_year < 1946)",
                          "Rows Removed by Filter": 791690
                        }
                      ]
                    }
                  ]
                }
              ]
            }
          ]
        }
      ]
    },
    "Planning Time": 0.26,
    "Triggers": [],
    "Execution Time": 238.756
  }
]