[
  {
    "Plan": {
      "Node Type": "Aggregate",
      "Strategy": "Plain",
      "Partial Mode": "Finalize",
      "Parallel Aware": false,
      "Startup Cost": 95736.62,
      "Total Cost": 95736.63,
      "Plan Rows": 1,
      "Plan Width": 8,
      "Actual Startup Time": 537.171,
      "Actual Total Time": 553.829,
      "Actual Rows": 1,
      "Actual Loops": 1,
      "Plans": [
        {
          "Node Type": "Gather",
          "Parent Relationship": "Outer",
          "Parallel Aware": false,
          "Startup Cost": 95736.3,
          "Total Cost": 95736.61,
          "Plan Rows": 3,
          "Plan Width": 8,
          "Actual Startup Time": 533.634,
          "Actual Total Time": 553.819,
          "Actual Rows": 4,
          "Actual Loops": 1,
          "Workers Planned": 3,
          "Workers Launched": 3,
          "Single Copy": false,
          "Plans": [
            {
              "Node Type": "Aggregate",
              "Strategy": "Plain",
              "Partial Mode": "Partial",
              "Parent Relationship": "Outer",
              "Parallel Aware": false,
              "Startup Cost": 94736.3,
              "Total Cost": 94736.31,
              "Plan Rows": 1,
              "Plan Width": 8,
              "Actual Startup Time": 523.707,
              "Actual Total Time": 523.712,
              "Actual Rows": 1,
              "Actual Loops": 4,
              "Plans": [
                {
                  "Node Type": "Hash Join",
                  "Parent Relationship": "Outer",
                  "Parallel Aware": true,
                  "Join Type": "Inner",
                  "Startup Cost": 64133.34,
                  "Total Cost": 94609.94,
                  "Plan Rows": 50544,
                  "Plan Width": 0,
                  "Actual Startup Time": 401.798,
                  "Actual Total Time": 519.106,
                  "Actual Rows": 101762,
                  "Actual Loops": 4,
                  "Inner Unique": false,
                  "Hash Cond": "(mc.movie_id = t.id)",
                  "Plans": [
                    {
                      "Node Type": "Seq Scan",
                      "Parent Relationship": "Outer",
                      "Parallel Aware": true,
                      "Relation Name": "movie_companies",
                      "Alias": "mc",
                      "Startup Cost": 0.0,
                      "Total Cost": 29310.68,
                      "Plan Rows": 277216,
                      "Plan Width": 4,
                      "Actual Startup Time": 11.567,
                      "Actual Total Time": 67.622,
                      "Actual Rows": 218421,
                      "Actual Loops": 4,
                      "Filter": "(company_id > 23380)",
                      "Rows Removed by Filter": 433862
                    },
                    {
                      "Node Type": "Hash",
                      "Parent Relationship": "Inner",
                      "Parallel Aware": true,
                      "Startup Cost": 62692.79,
                      "Total Cost": 62692.79,
                      "Plan Rows": 115244,
                      "Plan Width": 8,
                      "Actual Startup Time": 386.854,
                      "Actual Total Time": 386.858,
                      "Actual Rows": 115046,
                      "Actual Loops": 4,
                      "Hash Buckets": 524288,
                      "Original Hash Buckets": 524288,
                      "Hash Batches": 1,
                      "Original Hash Batches": 1,
                      "Peak Memory Usage": 22176,
                      "Plans": [
                        {
                          "Node Type": "Hash Join",
                          "Parent Relationship": "Outer",
                          "Parallel Aware": true,
                          "Join Type": "Inner",
                          "Startup Cost": 17523.61,
                          "Total Cost": 62692.79,
                          "Plan Rows": 115244,
                          "Plan Width": 8,
                          "Actual Startup Time": 97.085,
                          "Actual Total Time": 342.77,
                          "Actual Rows": 115046,
                          "Actual Loops": 4,
                          "Inner Unique": false,
                          "Hash Cond": "(t.id = mi_idx.movie_id)",
                          "Plans": [
                            {
                              "Node Type": "Seq Scan",
                              "Parent Relationship": "Outer",
                              "Parallel Aware": true,
                              "Relation Name": "title",
                              "Alias": "t",
                              "Startup Cost": 0.0,
                              "Total Cost": 42318.73,
                              "Plan Rows": 632073,
                              "Plan Width": 4,
                              "Actual Startup Time": 0.01,
                              "Actual Total Time": 80.523,
                              "Actual Rows": 632078,
                              "Actual Loops": 4
                            },
                            {
                              "Node Type": "Hash",
                              "Parent Relationship": "Inner",
                              "Parallel Aware": true,
                              "Startup Cost": 15122.68,
                              "Total Cost": 15122.68,
                              "Plan Rows": 192074,
                              "Plan Width": 4,
                              "Actual Startup Time": 95.315,
                              "Actual Total Time": 95.317,
                              "Actual Rows": 115046,
                              "Actual Loops": 4,
                              "Hash Buckets": 524288,
                              "Original Hash Buckets": 524288,
                              "Hash Batches": 1,
                              "Original Hash Batches": 1,
                              "Peak Memory Usage": 22144,
                              "Plans": [
                                {
                                  "Node Type": "Seq Scan",
                                  "Parent Relationship": "Outer",
                                  "Parallel Aware": true,
                                  "Relation Name": "movie_info_idx",
                                  "Alias": "mi_idx",
                                  "Startup Cost": 0.0,
                                  "Total Cost": 15122.68,
                                  "Plan Rows": 192074,
                                  "Plan Width": 4,
                                  "Actual Startup Time": 0.078,
                                  "Actual Total Time": 47.073,
                                  "Actual Rows": 115046,
                                  "Actual Loops": 4,
                                  "Filter": "(info_type_id > 100)",
                                  "Rows Removed by Filter": 229962
                                }
                              ]
                            }
                          ]
                        }
                      ]
                    }
                  ]
                }
              ]
            }
          ]
        }
      ]
    },
    "Planning Time": 1.408,
    "Triggers": [],
    "Execution Time": 553.912
  }
]