{
  "Plan": {
    "Node Type": "Aggregate",
    "Strategy": "Plain",
    "Partial Mode": "Finalize",
    "Parallel Aware": false,
    "Startup Cost": 136131.41,
    "Total Cost": 136131.42,
    "Plan Rows": 1,
    "Plan Width": 8,
    "Actual Startup Time": 822.197,
    "Actual Total Time": 836.284,
    "Actual Rows": 1,
    "Actual Loops": 1,
    "Plans": [
      {
        "Node Type": "Gather",
        "Parent Relationship": "Outer",
        "Parallel Aware": false,
        "Startup Cost": 136131.3,
        "Total Cost": 136131.41,
        "Plan Rows": 1,
        "Plan Width": 8,
        "Actual Startup Time": 819.863,
        "Actual Total Time": 836.276,
        "Actual Rows": 2,
        "Actual Loops": 1,
        "Workers Planned": 1,
        "Workers Launched": 1,
        "Single Copy": false,
        "Plans": [
          {
            "Node Type": "Aggregate",
            "Strategy": "Plain",
            "Partial Mode": "Partial",
            "Parent Relationship": "Outer",
            "Parallel Aware": false,
            "Startup Cost": 135131.3,
            "Total Cost": 135131.31,
            "Plan Rows": 1,
            "Plan Width": 8,
            "Actual Startup Time": 811.811,
            "Actual Total Time": 811.815,
            "Actual Rows": 1,
            "Actual Loops": 2,
            "Plans": [
              {
                "Node Type": "Hash Join",
                "Parent Relationship": "Outer",
                "Parallel Aware": true,
                "Join Type": "Inner",
                "Startup Cost": 68419.44,
                "Total Cost": 132061.99,
                "Plan Rows": 1227725,
                "Plan Width": 0,
                "Actual Startup Time": 412.238,
                "Actual Total Time": 801.204,
                "Actual Rows": 273290,
                "Actual Loops": 2,
                "Inner Unique": true,
                "Hash Cond": "(mk.movie_id = t.id)",
                "Plans": [
                  {
                    "Node Type": "Seq Scan",
                    "Parent Relationship": "Outer",
                    "Parallel Aware": true,
                    "Relation Name": "movie_keyword",
                    "Alias": "mk",
                    "Startup Cost": 0.0,
                    "Total Cost": 57718.19,
                    "Plan Rows": 2256892,
                    "Plan Width": 4,
                    "Actual Startup Time": 0.046,
                    "Actual Total Time": 200.513,
                    "Actual Rows": 1914814,
                    "Actual Loops": 2,
                    "Filter": "(keyword_id > 574)",
                    "Rows Removed by Filter": 347150
                  },
                  {
                    "Node Type": "Hash",
                    "Parent Relationship": "Inner",
                    "Parallel Aware": true,
                    "Startup Cost": 58306.47,
                    "Total Cost": 58306.47,
                    "Plan Rows": 809038,
                    "Plan Width": 4,
                    "Actual Startup Time": 397.661,
                    "Actual Total Time": 397.663,
                    "Actual Rows": 727916,
                    "Actual Loops": 2,
                    "Hash Buckets": 2097152,
                    "Original Hash Buckets": 2097152,
                    "Hash Batches": 1,
                    "Original Hash Batches": 1,
                    "Peak Memory Usage": 73376,
                    "Plans": [
                      {
                        "Node Type": "Seq Scan",
                        "Parent Relationship": "Outer",
                        "Parallel Aware": true,
                        "Relation Name": "title",
                        "Alias": "t",
                        "Startup Cost": 0.0,
                        "Total Cost": 58306.47,
                        "Plan Rows": 809038,
                        "Plan Width": 4,
                        "Actual Startup Time": 0.038,
                        "Actual Total Time": 176.143,
                        "Actual Rows": 727916,
                        "Actual Loops": 2,
                        "Filter": "((production_year > 1955) AND (kind_id = 7))",
                        "Rows Removed by Filter": 536240
                      }
                    ]
                  }
                ]
              }
            ]
          }
        ]
      }
    ]
  },
  "Planning Time": 0.721,
  "Triggers": [],
  "Execution Time": 836.354
}