[
    {
        "Bao": {
            "Bao prediction": "NaN",
            "Bao recommended hint": "(no hint)"
        }
    },
    {
        "Plan": {
            "Node Type": "Aggregate",
            "Strategy": "Plain",
            "Partial Mode": "Finalize",
            "Parallel Aware": false,
            "Startup Cost": 64767.01,
            "Total Cost": 64767.02,
            "Plan Rows": 1,
            "Plan Width": 8,
            "Actual Startup Time": 331.921,
            "Actual Total Time": 339.15,
            "Actual Rows": 1,
            "Actual Loops": 1,
            "Output": [
                "count(*)"
            ],
            "Plans": [
                {
                    "Node Type": "Gather",
                    "Parent Relationship": "Outer",
                    "Parallel Aware": false,
                    "Startup Cost": 64766.8,
                    "Total Cost": 64767.01,
                    "Plan Rows": 2,
                    "Plan Width": 8,
                    "Actual Startup Time": 328.652,
                    "Actual Total Time": 339.142,
                    "Actual Rows": 3,
                    "Actual Loops": 1,
                    "Output": [
                        "(PARTIAL count(*))"
                    ],
                    "Workers Planned": 2,
                    "Workers Launched": 2,
                    "Single Copy": false,
                    "Plans": [
                        {
                            "Node Type": "Aggregate",
                            "Strategy": "Plain",
                            "Partial Mode": "Partial",
                            "Parent Relationship": "Outer",
                            "Parallel Aware": false,
                            "Startup Cost": 63766.8,
                            "Total Cost": 63766.81,
                            "Plan Rows": 1,
                            "Plan Width": 8,
                            "Actual Startup Time": 321.515,
                            "Actual Total Time": 321.518,
                            "Actual Rows": 1,
                            "Actual Loops": 3,
                            "Output": [
                                "PARTIAL count(*)"
                            ],
                            "Workers": [
                                {
                                    "Worker Number": 0,
                                    "Actual Startup Time": 318.116,
                                    "Actual Total Time": 318.119,
                                    "Actual Rows": 1,
                                    "Actual Loops": 1
                                },
                                {
                                    "Worker Number": 1,
                                    "Actual Startup Time": 318.039,
                                    "Actual Total Time": 318.042,
                                    "Actual Rows": 1,
                                    "Actual Loops": 1
                                }
                            ],
                            "Plans": [
                                {
                                    "Node Type": "Hash Join",
                                    "Parent Relationship": "Outer",
                                    "Parallel Aware": true,
                                    "Join Type": "Inner",
                                    "Startup Cost": 48096.11,
                                    "Total Cost": 63290.67,
                                    "Plan Rows": 190452,
                                    "Plan Width": 0,
                                    "Actual Startup Time": 190.626,
                                    "Actual Total Time": 310.495,
                                    "Actual Rows": 266143,
                                    "Actual Loops": 3,
                                    "Inner Unique": true,
                                    "Hash Cond": "(mi_idx.movie_id = t.id)",
                                    "Workers": [
                                        {
                                            "Worker Number": 0,
                                            "Actual Startup Time": 187.078,
                                            "Actual Total Time": 307.017,
                                            "Actual Rows": 264257,
                                            "Actual Loops": 1
                                        },
                                        {
                                            "Worker Number": 1,
                                            "Actual Startup Time": 187.249,
                                            "Actual Total Time": 307.76,
                                            "Actual Rows": 244722,
                                            "Actual Loops": 1
                                        }
                                    ],
                                    "Plans": [
                                        {
                                            "Node Type": "Seq Scan",
                                            "Parent Relationship": "Outer",
                                            "Parallel Aware": true,
                                            "Relation Name": "movie_info_idx",
                                            "Schema": "public",
                                            "Alias": "mi_idx",
                                            "Startup Cost": 0.0,
                                            "Total Cost": 13685.15,
                                            "Plan Rows": 575015,
                                            "Plan Width": 4,
                                            "Actual Startup Time": 0.02,
                                            "Actual Total Time": 34.744,
                                            "Actual Rows": 460012,
                                            "Actual Loops": 3,
                                            "Output": [
                                                "mi_idx.id",
                                                "mi_idx.movie_id",
                                                "mi_idx.info_type_id",
                                                "mi_idx.info",
                                                "mi_idx.note"
                                            ],
                                            "Workers": [
                                                {
                                                    "Worker Number": 0,
                                                    "Actual Startup Time": 0.025,
                                                    "Actual Total Time": 36.234,
                                                    "Actual Rows": 457798,
                                                    "Actual Loops": 1
                                                },
                                                {
                                                    "Worker Number": 1,
                                                    "Actual Startup Time": 0.027,
                                                    "Actual Total Time": 35.775,
                                                    "Actual Rows": 421340,
                                                    "Actual Loops": 1
                                                }
                                            ]
                                        },
                                        {
                                            "Node Type": "Hash",
                                            "Parent Relationship": "Inner",
                                            "Parallel Aware": true,
                                            "Startup Cost": 45479.21,
                                            "Total Cost": 45479.21,
                                            "Plan Rows": 209352,
                                            "Plan Width": 4,
                                            "Actual Startup Time": 187.053,
                                            "Actual Total Time": 187.054,
                                            "Actual Rows": 249956,
                                            "Actual Loops": 3,
                                            "Output": [
                                                "t.id"
                                            ],
                                            "Hash Buckets": 1048576,
                                            "Original Hash Buckets": 1048576,
                                            "Hash Batches": 1,
                                            "Original Hash Batches": 1,
                                            "Peak Memory Usage": 37568,
                                            "Workers": [
                                                {
                                                    "Worker Number": 0,
                                                    "Actual Startup Time": 186.147,
                                                    "Actual Total Time": 186.148,
                                                    "Actual Rows": 241154,
                                                    "Actual Loops": 1
                                                },
                                                {
                                                    "Worker Number": 1,
                                                    "Actual Startup Time": 186.446,
                                                    "Actual Total Time": 186.447,
                                                    "Actual Rows": 221102,
                                                    "Actual Loops": 1
                                                }
                                            ],
                                            "Plans": [
                                                {
                                                    "Node Type": "Seq Scan",
                                                    "Parent Relationship": "Outer",
                                                    "Parallel Aware": true,
                                                    "Relation Name": "title",
                                                    "Schema": "public",
                                                    "Alias": "t",
                                                    "Startup Cost": 0.0,
                                                    "Total Cost": 45479.21,
                                                    "Plan Rows": 209352,
                                                    "Plan Width": 4,
                                                    "Actual Startup Time": 0.04,
                                                    "Actual Total Time": 111.004,
                                                    "Actual Rows": 249956,
                                                    "Actual Loops": 3,
                                                    "Output": [
                                                        "t.id"
                                                    ],
                                                    "Filter": "((t.kind_id < 7) AND (t.production_year > 1966))",
                                                    "Rows Removed by Filter": 592814,
                                                    "Workers": [
                                                        {
                                                            "Worker Number": 0,
                                                            "Actual Startup Time": 0.054,
                                                            "Actual Total Time": 112.737,
                                                            "Actual Rows": 241154,
                                                            "Actual Loops": 1
                                                        },
                                                        {
                                                            "Worker Number": 1,
                                                            "Actual Startup Time": 0.054,
                                                            "Actual Total Time": 109.191,
                                                            "Actual Rows": 221102,
                                                            "Actual Loops": 1
                                                        }
                                                    ]
                                                }
                                            ]
                                        }
                                    ]
                                }
                            ]
                        }
                    ]
                }
            ]
        },
        "Planning Time": 185.613,
        "Triggers": [],
        "Execution Time": 339.196
    }
]