[
  {
    "Plan": {
      "Node Type": "Aggregate",
      "Strategy": "Plain",
      "Partial Mode": "Finalize",
      "Parallel Aware": false,
      "Startup Cost": 90994.21,
      "Total Cost": 90994.22,
      "Plan Rows": 1,
      "Plan Width": 8,
      "Actual Startup Time": 326.072,
      "Actual Total Time": 341.528,
      "Actual Rows": 1,
      "Actual Loops": 1,
      "Plans": [
        {
          "Node Type": "Gather",
          "Parent Relationship": "Outer",
          "Parallel Aware": false,
          "Startup Cost": 90993.89,
          "Total Cost": 90994.2,
          "Plan Rows": 3,
          "Plan Width": 8,
          "Actual Startup Time": 323.178,
          "Actual Total Time": 341.517,
          "Actual Rows": 4,
          "Actual Loops": 1,
          "Workers Planned": 3,
          "Workers Launched": 3,
          "Single Copy": false,
          "Plans": [
            {
              "Node Type": "Aggregate",
              "Strategy": "Plain",
              "Partial Mode": "Partial",
              "Parent Relationship": "Outer",
              "Parallel Aware": false,
              "Startup Cost": 89993.89,
              "Total Cost": 89993.9,
              "Plan Rows": 1,
              "Plan Width": 8,
              "Actual Startup Time": 315.882,
              "Actual Total Time": 315.886,
              "Actual Rows": 1,
              "Actual Loops": 4,
              "Plans": [
                {
                  "Node Type": "Hash Join",
                  "Parent Relationship": "Outer",
                  "Parallel Aware": true,
                  "Join Type": "Inner",
                  "Startup Cost": 45557.71,
                  "Total Cost": 89703.93,
                  "Plan Rows": 115984,
                  "Plan Width": 0,
                  "Actual Startup Time": 157.424,
                  "Actual Total Time": 313.495,
                  "Actual Rows": 48992,
                  "Actual Loops": 4,
                  "Inner Unique": true,
                  "Hash Cond": "(mk.movie_id = t.id)",
                  "Plans": [
                    {
                      "Node Type": "Seq Scan",
                      "Parent Relationship": "Outer",
                      "Parallel Aware": true,
                      "Relation Name": "movie_keyword",
                      "Alias": "mk",
                      "Startup Cost": 0.0,
                      "Total Cost": 42695.65,
                      "Plan Rows": 552597,
                      "Plan Width": 4,
                      "Actual Startup Time": 0.551,
                      "Actual Total Time": 103.949,
                      "Actual Rows": 426363,
                      "Actual Loops": 4,
                      "Filter": "(keyword_id > 8438)",
                      "Rows Removed by Filter": 704620
                    },
                    {
                      "Node Type": "Hash",
                      "Parent Relationship": "Inner",
                      "Parallel Aware": true,
                      "Startup Cost": 43899.32,
                      "Total Cost": 43899.32,
                      "Plan Rows": 132671,
                      "Plan Width": 4,
                      "Actual Startup Time": 153.533,
                      "Actual Total Time": 153.535,
                      "Actual Rows": 133342,
                      "Actual Loops": 4,
                      "Hash Buckets": 1048576,
                      "Original Hash Buckets": 1048576,
                      "Hash Batches": 1,
                      "Original Hash Batches": 1,
                      "Peak Memory Usage": 29120,
                      "Plans": [
                        {
                          "Node Type": "Seq Scan",
                          "Parent Relationship": "Outer",
                          "Parallel Aware": true,
                          "Relation Name": "title",
                          "Alias": "t",
                          "Startup Cost": 0.0,
                          "Total Cost": 43899.32,
                          "Plan Rows": 132671,
                          "Plan Width": 4,
                          "Actual Startup Time": 0.032,
                          "Actual Total Time": 100.894,
                          "Actual Rows": 133342,
                          "Actual Loops": 4,
                          "Filter": "(production_year > 2009)",
                          "Rows Removed by Filter": 498736
                        }
                      ]
                    }
                  ]
                }
              ]
            }
          ]
        }
      ]
    },
    "Planning Time": 0.318,
    "Triggers": [],
    "Execution Time": 341.579
  }
]