{
  "Plan": {
    "Node Type": "Aggregate",
    "Strategy": "Plain",
    "Partial Mode": "Finalize",
    "Parallel Aware": false,
    "Startup Cost": 166589.23,
    "Total Cost": 166589.24,
    "Plan Rows": 1,
    "Plan Width": 8,
    "Actual Startup Time": 1177.681,
    "Actual Total Time": 1203.575,
    "Actual Rows": 1,
    "Actual Loops": 1,
    "Plans": [
      {
        "Node Type": "Gather",
        "Parent Relationship": "Outer",
        "Parallel Aware": false,
        "Startup Cost": 166589.12,
        "Total Cost": 166589.23,
        "Plan Rows": 1,
        "Plan Width": 8,
        "Actual Startup Time": 1172.623,
        "Actual Total Time": 1203.568,
        "Actual Rows": 2,
        "Actual Loops": 1,
        "Workers Planned": 1,
        "Workers Launched": 1,
        "Single Copy": false,
        "Plans": [
          {
            "Node Type": "Aggregate",
            "Strategy": "Plain",
            "Partial Mode": "Partial",
            "Parent Relationship": "Outer",
            "Parallel Aware": false,
            "Startup Cost": 165589.12,
            "Total Cost": 165589.13,
            "Plan Rows": 1,
            "Plan Width": 8,
            "Actual Startup Time": 1166.247,
            "Actual Total Time": 1166.254,
            "Actual Rows": 1,
            "Actual Loops": 2,
            "Plans": [
              {
                "Node Type": "Hash Join",
                "Parent Relationship": "Outer",
                "Parallel Aware": true,
                "Join Type": "Inner",
                "Startup Cost": 119127.69,
                "Total Cost": 165071.79,
                "Plan Rows": 206932,
                "Plan Width": 0,
                "Actual Startup Time": 944.659,
                "Actual Total Time": 1142.331,
                "Actual Rows": 621146,
                "Actual Loops": 2,
                "Inner Unique": false,
                "Hash Cond": "(mc.movie_id = t.id)",
                "Plans": [
                  {
                    "Node Type": "Seq Scan",
                    "Parent Relationship": "Outer",
                    "Parallel Aware": true,
                    "Relation Name": "movie_companies",
                    "Alias": "mc",
                    "Startup Cost": 0.0,
                    "Total Cost": 41811.73,
                    "Plan Rows": 777367,
                    "Plan Width": 4,
                    "Actual Startup Time": 52.092,
                    "Actual Total Time": 121.647,
                    "Actual Rows": 664651,
                    "Actual Loops": 2,
                    "Filter": "((company_id < 229605) AND (company_type_id > 1))",
                    "Rows Removed by Filter": 639914
                  },
                  {
                    "Node Type": "Hash",
                    "Parent Relationship": "Inner",
                    "Parallel Aware": true,
                    "Startup Cost": 114178.99,
                    "Total Cost": 114178.99,
                    "Plan Rows": 395896,
                    "Plan Width": 8,
                    "Actual Startup Time": 871.348,
                    "Actual Total Time": 871.353,
                    "Actual Rows": 331028,
                    "Actual Loops": 2,
                    "Hash Buckets": 1048576,
                    "Original Hash Buckets": 1048576,
                    "Hash Batches": 1,
                    "Original Hash Batches": 1,
                    "Peak Memory Usage": 34144,
                    "Plans": [
                      {
                        "Node Type": "Hash Join",
                        "Parent Relationship": "Outer",
                        "Parallel Aware": true,
                        "Join Type": "Inner",
                        "Startup Cost": 83737.06,
                        "Total Cost": 114178.99,
                        "Plan Rows": 395896,
                        "Plan Width": 8,
                        "Actual Startup Time": 614.118,
                        "Actual Total Time": 792.825,
                        "Actual Rows": 331028,
                        "Actual Loops": 2,
                        "Inner Unique": true,
                        "Hash Cond": "(mk.movie_id = t.id)",
                        "Plans": [
                          {
                            "Node Type": "Bitmap Heap Scan",
                            "Parent Relationship": "Outer",
                            "Parallel Aware": true,
                            "Relation Name": "movie_keyword",
                            "Alias": "mk",
                            "Startup Cost": 14276.36,
                            "Total Cost": 43679.06,
                            "Plan Rows": 395896,
                            "Plan Width": 4,
                            "Actual Startup Time": 38.522,
                            "Actual Total Time": 126.966,
                            "Actual Rows": 331028,
                            "Actual Loops": 2,
                            "Recheck Cond": "(keyword_id > 28393)",
                            "Rows Removed by Index Recheck": 0,
                            "Exact Heap Blocks": 13391,
                            "Lossy Heap Blocks": 0,
                            "Plans": [
                              {
                                "Node Type": "Bitmap Index Scan",
                                "Parent Relationship": "Outer",
                                "Parallel Aware": false,
                                "Index Name": "keyword_id_movie_keyword",
                                "Startup Cost": 0.0,
                                "Total Cost": 14108.11,
                                "Plan Rows": 673023,
                                "Plan Width": 0,
                                "Actual Startup Time": 34.991,
                                "Actual Total Time": 34.991,
                                "Actual Rows": 662055,
                                "Actual Loops": 1,
                                "Index Cond": "(keyword_id > 28393)"
                              }
                            ]
                          },
                          {
                            "Node Type": "Hash",
                            "Parent Relationship": "Inner",
                            "Parallel Aware": true,
                            "Startup Cost": 50870.31,
                            "Total Cost": 50870.31,
                            "Plan Rows": 1487231,
                            "Plan Width": 4,
                            "Actual Startup Time": 559.904,
                            "Actual Total Time": 559.904,
                            "Actual Rows": 1264156,
                            "Actual Loops": 2,
                            "Hash Buckets": 4194304,
                            "Original Hash Buckets": 4194304,
                            "Hash Batches": 1,
                            "Original Hash Batches": 1,
                            "Peak Memory Usage": 131712,
                            "Plans": [
                              {
                                "Node Type": "Seq Scan",
                                "Parent Relationship": "Outer",
                                "Parallel Aware": true,
                                "Relation Name": "title",
                                "Alias": "t",
                                "Startup Cost": 0.0,
                                "Total Cost": 50870.31,
                                "Plan Rows": 1487231,
                                "Plan Width": 4,
                                "Actual Startup Time": 0.048,
                                "Actual Total Time": 155.116,
                                "Actual Rows": 1264156,
                                "Actual Loops": 2
                              }
                            ]
                          }
                        ]
                      }
                    ]
                  }
                ]
              }
            ]
          }
        ]
      }
    ]
  },
  "Planning Time": 1.146,
  "Triggers": [],
  "Execution Time": 1203.68
}