{
    "Plan": {
        "Node Type": "Aggregate",
        "Strategy": "Plain",
        "Partial Mode": "Finalize",
        "Parallel Aware": false,
        "Startup Cost": 75049.37,
        "Total Cost": 75049.38,
        "Plan Rows": 1,
        "Plan Width": 8,
        "Actual Startup Time": 148.37,
        "Actual Total Time": 167.504,
        "Actual Rows": 1,
        "Actual Loops": 1,
        "Output": [
            "count(*)"
        ],
        "Plans": [
            {
                "Node Type": "Gather",
                "Parent Relationship": "Outer",
                "Parallel Aware": false,
                "Startup Cost": 75049.05,
                "Total Cost": 75049.36,
                "Plan Rows": 3,
                "Plan Width": 8,
                "Actual Startup Time": 148.245,
                "Actual Total Time": 167.495,
                "Actual Rows": 4,
                "Actual Loops": 1,
                "Output": [
                    "(PARTIAL count(*))"
                ],
                "Workers Planned": 3,
                "Workers Launched": 3,
                "Single Copy": false,
                "Plans": [
                    {
                        "Node Type": "Aggregate",
                        "Strategy": "Plain",
                        "Partial Mode": "Partial",
                        "Parent Relationship": "Outer",
                        "Parallel Aware": false,
                        "Startup Cost": 74049.05,
                        "Total Cost": 74049.06,
                        "Plan Rows": 1,
                        "Plan Width": 8,
                        "Actual Startup Time": 139.17,
                        "Actual Total Time": 139.172,
                        "Actual Rows": 1,
                        "Actual Loops": 4,
                        "Output": [
                            "PARTIAL count(*)"
                        ],
                        "Workers": [
                            {
                                "Worker Number": 0,
                                "Actual Startup Time": 136.083,
                                "Actual Total Time": 136.085,
                                "Actual Rows": 1,
                                "Actual Loops": 1
                            },
                            {
                                "Worker Number": 1,
                                "Actual Startup Time": 136.274,
                                "Actual Total Time": 136.276,
                                "Actual Rows": 1,
                                "Actual Loops": 1
                            },
                            {
                                "Worker Number": 2,
                                "Actual Startup Time": 136.744,
                                "Actual Total Time": 136.745,
                                "Actual Rows": 1,
                                "Actual Loops": 1
                            }
                        ],
                        "Plans": [
                            {
                                "Node Type": "Nested Loop",
                                "Parent Relationship": "Outer",
                                "Parallel Aware": false,
                                "Join Type": "Inner",
                                "Startup Cost": 0.43,
                                "Total Cost": 74043.69,
                                "Plan Rows": 2145,
                                "Plan Width": 0,
                                "Actual Startup Time": 0.562,
                                "Actual Total Time": 138.605,
                                "Actual Rows": 5046,
                                "Actual Loops": 4,
                                "Inner Unique": true,
                                "Workers": [
                                    {
                                        "Worker Number": 0,
                                        "Actual Startup Time": 1.092,
                                        "Actual Total Time": 135.53,
                                        "Actual Rows": 4219,
                                        "Actual Loops": 1
                                    },
                                    {
                                        "Worker Number": 1,
                                        "Actual Startup Time": 0.272,
                                        "Actual Total Time": 135.704,
                                        "Actual Rows": 4296,
                                        "Actual Loops": 1
                                    },
                                    {
                                        "Worker Number": 2,
                                        "Actual Startup Time": 0.731,
                                        "Actual Total Time": 136.176,
                                        "Actual Rows": 4113,
                                        "Actual Loops": 1
                                    }
                                ],
                                "Plans": [
                                    {
                                        "Node Type": "Seq Scan",
                                        "Parent Relationship": "Outer",
                                        "Parallel Aware": true,
                                        "Relation Name": "movie_keyword",
                                        "Schema": "public",
                                        "Alias": "mk",
                                        "Startup Cost": 0.0,
                                        "Total Cost": 42695.65,
                                        "Plan Rows": 5448,
                                        "Plan Width": 4,
                                        "Actual Startup Time": 0.296,
                                        "Actual Total Time": 103.873,
                                        "Actual Rows": 5130,
                                        "Actual Loops": 4,
                                        "Output": [
                                            "mk.id",
                                            "mk.movie_id",
                                            "mk.keyword_id"
                                        ],
                                        "Filter": "(mk.keyword_id = 382)",
                                        "Rows Removed by Filter": 1125852,
                                        "Workers": [
                                            {
                                                "Worker Number": 0,
                                                "Actual Startup Time": 0.907,
                                                "Actual Total Time": 97.595,
                                                "Actual Rows": 4269,
                                                "Actual Loops": 1
                                            },
                                            {
                                                "Worker Number": 1,
                                                "Actual Startup Time": 0.077,
                                                "Actual Total Time": 98.25,
                                                "Actual Rows": 4361,
                                                "Actual Loops": 1
                                            },
                                            {
                                                "Worker Number": 2,
                                                "Actual Startup Time": 0.075,
                                                "Actual Total Time": 98.396,
                                                "Actual Rows": 4164,
                                                "Actual Loops": 1
                                            }
                                        ]
                                    },
                                    {
                                        "Node Type": "Index Scan",
                                        "Parent Relationship": "Inner",
                                        "Parallel Aware": false,
                                        "Scan Direction": "Forward",
                                        "Index Name": "title_pkey",
                                        "Relation Name": "title",
                                        "Schema": "public",
                                        "Alias": "t",
                                        "Startup Cost": 0.43,
                                        "Total Cost": 5.75,
                                        "Plan Rows": 1,
                                        "Plan Width": 4,
                                        "Actual Startup Time": 0.006,
                                        "Actual Total Time": 0.006,
                                        "Actual Rows": 1,
                                        "Actual Loops": 20522,
                                        "Output": [
                                            "t.id",
                                            "t.title",
                                            "t.imdb_index",
                                            "t.kind_id",
                                            "t.production_year",
                                            "t.imdb_id",
                                            "t.phonetic_code",
                                            "t.episode_of_id",
                                            "t.season_nr",
                                            "t.episode_nr",
                                            "t.series_years",
                                            "t.md5sum"
                                        ],
                                        "Index Cond": "(t.id = mk.movie_id)",
                                        "Rows Removed by Index Recheck": 0,
                                        "Filter": "(t.kind_id < 7)",
                                        "Rows Removed by Filter": 0,
                                        "Workers": [
                                            {
                                                "Worker Number": 0,
                                                "Actual Startup Time": 0.008,
                                                "Actual Total Time": 0.008,
                                                "Actual Rows": 1,
                                                "Actual Loops": 4269
                                            },
                                            {
                                                "Worker Number": 1,
                                                "Actual Startup Time": 0.008,
                                                "Actual Total Time": 0.008,
                                                "Actual Rows": 1,
                                                "Actual Loops": 4361
                                            },
                                            {
                                                "Worker Number": 2,
                                                "Actual Startup Time": 0.008,
                                                "Actual Total Time": 0.008,
                                                "Actual Rows": 1,
                                                "Actual Loops": 4164
                                            }
                                        ]
                                    }
                                ]
                            }
                        ]
                    }
                ]
            }
        ]
    },
    "Planning Time": 0.698,
    "Triggers": [],
    "Execution Time": 167.578
}