{
  "Plan": {
    "Node Type": "Aggregate",
    "Strategy": "Plain",
    "Partial Mode": "Finalize",
    "Parallel Aware": false,
    "Startup Cost": 698378.52,
    "Total Cost": 698378.53,
    "Plan Rows": 1,
    "Plan Width": 8,
    "Actual Startup Time": 3916.914,
    "Actual Total Time": 3978.192,
    "Actual Rows": 1,
    "Actual Loops": 1,
    "Plans": [
      {
        "Node Type": "Gather",
        "Parent Relationship": "Outer",
        "Parallel Aware": false,
        "Startup Cost": 698378.41,
        "Total Cost": 698378.52,
        "Plan Rows": 1,
        "Plan Width": 8,
        "Actual Startup Time": 3913.838,
        "Actual Total Time": 3978.184,
        "Actual Rows": 2,
        "Actual Loops": 1,
        "Workers Planned": 1,
        "Workers Launched": 1,
        "Single Copy": false,
        "Plans": [
          {
            "Node Type": "Aggregate",
            "Strategy": "Plain",
            "Partial Mode": "Partial",
            "Parent Relationship": "Outer",
            "Parallel Aware": false,
            "Startup Cost": 697378.41,
            "Total Cost": 697378.42,
            "Plan Rows": 1,
            "Plan Width": 8,
            "Actual Startup Time": 3909.106,
            "Actual Total Time": 3909.112,
            "Actual Rows": 1,
            "Actual Loops": 2,
            "Plans": [
              {
                "Node Type": "Hash Join",
                "Parent Relationship": "Outer",
                "Parallel Aware": true,
                "Join Type": "Inner",
                "Startup Cost": 117696.0,
                "Total Cost": 687245.6,
                "Plan Rows": 4053121,
                "Plan Width": 0,
                "Actual Startup Time": 598.271,
                "Actual Total Time": 3830.101,
                "Actual Rows": 1924442,
                "Actual Loops": 2,
                "Inner Unique": false,
                "Hash Cond": "(ci.movie_id = t.id)",
                "Plans": [
                  {
                    "Node Type": "Seq Scan",
                    "Parent Relationship": "Outer",
                    "Parallel Aware": true,
                    "Relation Name": "cast_info",
                    "Alias": "ci",
                    "Startup Cost": 0.0,
                    "Total Cost": 465792.95,
                    "Plan Rows": 21310595,
                    "Plan Width": 4,
                    "Actual Startup Time": 0.015,
                    "Actual Total Time": 1317.739,
                    "Actual Rows": 18122172,
                    "Actual Loops": 2
                  },
                  {
                    "Node Type": "Hash",
                    "Parent Relationship": "Inner",
                    "Parallel Aware": true,
                    "Startup Cost": 114160.24,
                    "Total Cost": 114160.24,
                    "Plan Rows": 282861,
                    "Plan Width": 8,
                    "Actual Startup Time": 592.877,
                    "Actual Total Time": 592.882,
                    "Actual Rows": 63192,
                    "Actual Loops": 2,
                    "Hash Buckets": 524288,
                    "Original Hash Buckets": 524288,
                    "Hash Batches": 1,
                    "Original Hash Batches": 1,
                    "Peak Memory Usage": 9056,
                    "Plans": [
                      {
                        "Node Type": "Hash Join",
                        "Parent Relationship": "Outer",
                        "Parallel Aware": true,
                        "Join Type": "Inner",
                        "Startup Cost": 82668.07,
                        "Total Cost": 114160.24,
                        "Plan Rows": 282861,
                        "Plan Width": 8,
                        "Actual Startup Time": 428.361,
                        "Actual Total Time": 578.155,
                        "Actual Rows": 63192,
                        "Actual Loops": 2,
                        "Inner Unique": true,
                        "Hash Cond": "(mk.movie_id = t.id)",
                        "Plans": [
                          {
                            "Node Type": "Bitmap Heap Scan",
                            "Parent Relationship": "Outer",
                            "Parallel Aware": true,
                            "Relation Name": "movie_keyword",
                            "Alias": "mk",
                            "Startup Cost": 16779.2,
                            "Total Cost": 47049.87,
                            "Plan Rows": 465334,
                            "Plan Width": 4,
                            "Actual Startup Time": 50.756,
                            "Actual Total Time": 128.627,
                            "Actual Rows": 392196,
                            "Actual Loops": 2,
                            "Recheck Cond": "(keyword_id > 24029)",
                            "Rows Removed by Index Recheck": 0,
                            "Exact Heap Blocks": 12417,
                            "Lossy Heap Blocks": 0,
                            "Plans": [
                              {
                                "Node Type": "Bitmap Index Scan",
                                "Parent Relationship": "Outer",
                                "Parallel Aware": false,
                                "Index Name": "keyword_id_movie_keyword",
                                "Startup Cost": 0.0,
                                "Total Cost": 16581.43,
                                "Plan Rows": 791067,
                                "Plan Width": 0,
                                "Actual Startup Time": 47.164,
                                "Actual Total Time": 47.164,
                                "Actual Rows": 784391,
                                "Actual Loops": 1,
                                "Index Cond": "(keyword_id > 24029)"
                              }
                            ]
                          },
                          {
                            "Node Type": "Hash",
                            "Parent Relationship": "Inner",
                            "Parallel Aware": true,
                            "Startup Cost": 54588.39,
                            "Total Cost": 54588.39,
                            "Plan Rows": 904038,
                            "Plan Width": 4,
                            "Actual Startup Time": 365.847,
                            "Actual Total Time": 365.848,
                            "Actual Rows": 771632,
                            "Actual Loops": 2,
                            "Hash Buckets": 2097152,
                            "Original Hash Buckets": 2097152,
                            "Hash Batches": 1,
                            "Original Hash Batches": 1,
                            "Peak Memory Usage": 76800,
                            "Plans": [
                              {
                                "Node Type": "Seq Scan",
                                "Parent Relationship": "Outer",
                                "Parallel Aware": true,
                                "Relation Name": "title",
                                "Alias": "t",
                                "Startup Cost": 0.0,
                                "Total Cost": 54588.39,
                                "Plan Rows": 904038,
                                "Plan Width": 4,
                                "Actual Startup Time": 0.044,
                                "Actual Total Time": 154.289,
                                "Actual Rows": 771632,
                                "Actual Loops": 2,
                                "Filter": "(kind_id = 7)",
                                "Rows Removed by Filter": 492524
                              }
                            ]
                          }
                        ]
                      }
                    ]
                  }
                ]
              }
            ]
          }
        ]
      }
    ]
  },
  "Planning Time": 0.882,
  "Triggers": [],
  "Execution Time": 3978.295
}