{
    "Plan": {
        "Node Type": "Aggregate",
        "Strategy": "Plain",
        "Partial Mode": "Finalize",
        "Parallel Aware": false,
        "Startup Cost": 95323.75,
        "Total Cost": 95323.76,
        "Plan Rows": 1,
        "Plan Width": 8,
        "Actual Startup Time": 456.695,
        "Actual Total Time": 479.217,
        "Actual Rows": 1,
        "Actual Loops": 1,
        "Output": [
            "count(*)"
        ],
        "Plans": [
            {
                "Node Type": "Gather",
                "Parent Relationship": "Outer",
                "Parallel Aware": false,
                "Startup Cost": 95323.43,
                "Total Cost": 95323.74,
                "Plan Rows": 3,
                "Plan Width": 8,
                "Actual Startup Time": 453.437,
                "Actual Total Time": 479.209,
                "Actual Rows": 4,
                "Actual Loops": 1,
                "Output": [
                    "(PARTIAL count(*))"
                ],
                "Workers Planned": 3,
                "Workers Launched": 3,
                "Single Copy": false,
                "Plans": [
                    {
                        "Node Type": "Aggregate",
                        "Strategy": "Plain",
                        "Partial Mode": "Partial",
                        "Parent Relationship": "Outer",
                        "Parallel Aware": false,
                        "Startup Cost": 94323.43,
                        "Total Cost": 94323.44,
                        "Plan Rows": 1,
                        "Plan Width": 8,
                        "Actual Startup Time": 444.653,
                        "Actual Total Time": 444.656,
                        "Actual Rows": 1,
                        "Actual Loops": 4,
                        "Output": [
                            "PARTIAL count(*)"
                        ],
                        "Workers": [
                            {
                                "Worker Number": 0,
                                "Actual Startup Time": 441.273,
                                "Actual Total Time": 441.276,
                                "Actual Rows": 1,
                                "Actual Loops": 1
                            },
                            {
                                "Worker Number": 1,
                                "Actual Startup Time": 442.481,
                                "Actual Total Time": 442.484,
                                "Actual Rows": 1,
                                "Actual Loops": 1
                            },
                            {
                                "Worker Number": 2,
                                "Actual Startup Time": 442.091,
                                "Actual Total Time": 442.094,
                                "Actual Rows": 1,
                                "Actual Loops": 1
                            }
                        ],
                        "Plans": [
                            {
                                "Node Type": "Hash Join",
                                "Parent Relationship": "Outer",
                                "Parallel Aware": true,
                                "Join Type": "Inner",
                                "Startup Cost": 48211.38,
                                "Total Cost": 93477.04,
                                "Plan Rows": 338557,
                                "Plan Width": 0,
                                "Actual Startup Time": 187.013,
                                "Actual Total Time": 419.864,
                                "Actual Rows": 622864,
                                "Actual Loops": 4,
                                "Inner Unique": true,
                                "Hash Cond": "(mk.movie_id = t.id)",
                                "Workers": [
                                    {
                                        "Worker Number": 0,
                                        "Actual Startup Time": 183.806,
                                        "Actual Total Time": 418.261,
                                        "Actual Rows": 583618,
                                        "Actual Loops": 1
                                    },
                                    {
                                        "Worker Number": 1,
                                        "Actual Startup Time": 184.523,
                                        "Actual Total Time": 418.585,
                                        "Actual Rows": 605921,
                                        "Actual Loops": 1
                                    },
                                    {
                                        "Worker Number": 2,
                                        "Actual Startup Time": 184.515,
                                        "Actual Total Time": 418.269,
                                        "Actual Rows": 607093,
                                        "Actual Loops": 1
                                    }
                                ],
                                "Plans": [
                                    {
                                        "Node Type": "Seq Scan",
                                        "Parent Relationship": "Outer",
                                        "Parallel Aware": true,
                                        "Relation Name": "movie_keyword",
                                        "Schema": "public",
                                        "Alias": "mk",
                                        "Startup Cost": 0.0,
                                        "Total Cost": 42695.65,
                                        "Plan Rows": 979050,
                                        "Plan Width": 4,
                                        "Actual Startup Time": 0.097,
                                        "Actual Total Time": 118.058,
                                        "Actual Rows": 757929,
                                        "Actual Loops": 4,
                                        "Output": [
                                            "mk.id",
                                            "mk.movie_id",
                                            "mk.keyword_id"
                                        ],
                                        "Filter": "(mk.keyword_id > 2130)",
                                        "Rows Removed by Filter": 373053,
                                        "Workers": [
                                            {
                                                "Worker Number": 0,
                                                "Actual Startup Time": 0.091,
                                                "Actual Total Time": 122.259,
                                                "Actual Rows": 704235,
                                                "Actual Loops": 1
                                            },
                                            {
                                                "Worker Number": 1,
                                                "Actual Startup Time": 0.105,
                                                "Actual Total Time": 122.635,
                                                "Actual Rows": 736115,
                                                "Actual Loops": 1
                                            },
                                            {
                                                "Worker Number": 2,
                                                "Actual Startup Time": 0.102,
                                                "Actual Total Time": 122.533,
                                                "Actual Rows": 737982,
                                                "Actual Loops": 1
                                            }
                                        ]
                                    },
                                    {
                                        "Node Type": "Hash",
                                        "Parent Relationship": "Inner",
                                        "Parallel Aware": true,
                                        "Startup Cost": 45479.21,
                                        "Total Cost": 45479.21,
                                        "Plan Rows": 218574,
                                        "Plan Width": 4,
                                        "Actual Startup Time": 181.688,
                                        "Actual Total Time": 181.689,
                                        "Actual Rows": 224197,
                                        "Actual Loops": 4,
                                        "Output": [
                                            "t.id"
                                        ],
                                        "Hash Buckets": 1048576,
                                        "Original Hash Buckets": 1048576,
                                        "Hash Batches": 1,
                                        "Original Hash Batches": 1,
                                        "Peak Memory Usage": 43328,
                                        "Workers": [
                                            {
                                                "Worker Number": 0,
                                                "Actual Startup Time": 182.982,
                                                "Actual Total Time": 182.983,
                                                "Actual Rows": 187510,
                                                "Actual Loops": 1
                                            },
                                            {
                                                "Worker Number": 1,
                                                "Actual Startup Time": 183.686,
                                                "Actual Total Time": 183.687,
                                                "Actual Rows": 222081,
                                                "Actual Loops": 1
                                            },
                                            {
                                                "Worker Number": 2,
                                                "Actual Startup Time": 183.815,
                                                "Actual Total Time": 183.816,
                                                "Actual Rows": 224641,
                                                "Actual Loops": 1
                                            }
                                        ],
                                        "Plans": [
                                            {
                                                "Node Type": "Seq Scan",
                                                "Parent Relationship": "Outer",
                                                "Parallel Aware": true,
                                                "Relation Name": "title",
                                                "Schema": "public",
                                                "Alias": "t",
                                                "Startup Cost": 0.0,
                                                "Total Cost": 45479.21,
                                                "Plan Rows": 218574,
                                                "Plan Width": 4,
                                                "Actual Startup Time": 0.06,
                                                "Actual Total Time": 103.879,
                                                "Actual Rows": 224197,
                                                "Actual Loops": 4,
                                                "Output": [
                                                    "t.id"
                                                ],
                                                "Filter": "((t.kind_id < 7) AND (t.production_year < 2012))",
                                                "Rows Removed by Filter": 407881,
                                                "Workers": [
                                                    {
                                                        "Worker Number": 0,
                                                        "Actual Startup Time": 0.062,
                                                        "Actual Total Time": 102.596,
                                                        "Actual Rows": 187510,
                                                        "Actual Loops": 1
                                                    },
                                                    {
                                                        "Worker Number": 1,
                                                        "Actual Startup Time": 0.082,
                                                        "Actual Total Time": 105.79,
                                                        "Actual Rows": 222081,
                                                        "Actual Loops": 1
                                                    },
                                                    {
                                                        "Worker Number": 2,
                                                        "Actual Startup Time": 0.079,
                                                        "Actual Total Time": 105.617,
                                                        "Actual Rows": 224641,
                                                        "Actual Loops": 1
                                                    }
                                                ]
                                            }
                                        ]
                                    }
                                ]
                            }
                        ]
                    }
                ]
            }
        ]
    },
    "Planning Time": 0.695,
    "Triggers": [],
    "Execution Time": 479.291
}