[
  {
    "Plan": {
      "Node Type": "Aggregate",
      "Strategy": "Plain",
      "Partial Mode": "Finalize",
      "Parallel Aware": false,
      "Startup Cost": 13021.51,
      "Total Cost": 13021.52,
      "Plan Rows": 1,
      "Plan Width": 8,
      "Actual Startup Time": 27.498,
      "Actual Total Time": 31.909,
      "Actual Rows": 1,
      "Actual Loops": 1,
      "Plans": [
        {
          "Node Type": "Gather",
          "Parent Relationship": "Outer",
          "Parallel Aware": false,
          "Startup Cost": 13021.39,
          "Total Cost": 13021.5,
          "Plan Rows": 1,
          "Plan Width": 8,
          "Actual Startup Time": 27.262,
          "Actual Total Time": 31.902,
          "Actual Rows": 2,
          "Actual Loops": 1,
          "Workers Planned": 1,
          "Workers Launched": 1,
          "Single Copy": false,
          "Plans": [
            {
              "Node Type": "Aggregate",
              "Strategy": "Plain",
              "Partial Mode": "Partial",
              "Parent Relationship": "Outer",
              "Parallel Aware": false,
              "Startup Cost": 12021.39,
              "Total Cost": 12021.4,
              "Plan Rows": 1,
              "Plan Width": 8,
              "Actual Startup Time": 23.492,
              "Actual Total Time": 23.496,
              "Actual Rows": 1,
              "Actual Loops": 2,
              "Plans": [
                {
                  "Node Type": "Nested Loop",
                  "Parent Relationship": "Outer",
                  "Parallel Aware": false,
                  "Join Type": "Inner",
                  "Startup Cost": 50.53,
                  "Total Cost": 12021.3,
                  "Plan Rows": 39,
                  "Plan Width": 0,
                  "Actual Startup Time": 2.144,
                  "Actual Total Time": 23.287,
                  "Actual Rows": 3404,
                  "Actual Loops": 2,
                  "Inner Unique": false,
                  "Plans": [
                    {
                      "Node Type": "Nested Loop",
                      "Parent Relationship": "Outer",
                      "Parallel Aware": false,
                      "Join Type": "Inner",
                      "Startup Cost": 50.09,
                      "Total Cost": 11758.23,
                      "Plan Rows": 32,
                      "Plan Width": 8,
                      "Actual Startup Time": 1.887,
                      "Actual Total Time": 14.546,
                      "Actual Rows": 90,
                      "Actual Loops": 2,
                      "Inner Unique": true,
                      "Plans": [
                        {
                          "Node Type": "Bitmap Heap Scan",
                          "Parent Relationship": "Outer",
                          "Parallel Aware": true,
                          "Relation Name": "movie_companies",
                          "Alias": "mc",
                          "Startup Cost": 49.66,
                          "Total Cost": 6445.64,
                          "Plan Rows": 651,
                          "Plan Width": 4,
                          "Actual Startup Time": 0.913,
                          "Actual Total Time": 4.795,
                          "Actual Rows": 1800,
                          "Actual Loops": 2,
                          "Recheck Cond": "(company_id = 521)",
                          "Rows Removed by Index Recheck": 0,
                          "Filter": "(company_type_id < 2)",
                          "Rows Removed by Filter": 0,
                          "Exact Heap Blocks": 1562,
                          "Lossy Heap Blocks": 0,
                          "Plans": [
                            {
                              "Node Type": "Bitmap Index Scan",
                              "Parent Relationship": "Outer",
                              "Parallel Aware": false,
                              "Index Name": "company_id_movie_companies",
                              "Startup Cost": 0.0,
                              "Total Cost": 49.39,
                              "Plan Rows": 2261,
                              "Plan Width": 0,
                              "Actual Startup Time": 1.351,
                              "Actual Total Time": 1.352,
                              "Actual Rows": 3601,
                              "Actual Loops": 1,
                              "Index Cond": "(company_id = 521)"
                            }
                          ]
                        },
                        {
                          "Node Type": "Index Scan",
                          "Parent Relationship": "Inner",
                          "Parallel Aware": false,
                          "Scan Direction": "Forward",
                          "Index Name": "title_pkey",
                          "Relation Name": "title",
                          "Alias": "t",
                          "Startup Cost": 0.43,
                          "Total Cost": 8.16,
                          "Plan Rows": 1,
                          "Plan Width": 4,
                          "Actual Startup Time": 0.005,
                          "Actual Total Time": 0.005,
                          "Actual Rows": 0,
                          "Actual Loops": 3601,
                          "Index Cond": "(id = mc.movie_id)",
                          "Rows Removed by Index Recheck": 0,
                          "Filter": "(production_year = 2008)",
                          "Rows Removed by Filter": 1
                        }
                      ]
                    },
                    {
                      "Node Type": "Index Scan",
                      "Parent Relationship": "Inner",
                      "Parallel Aware": false,
                      "Scan Direction": "Forward",
                      "Index Name": "movie_id_movie_info",
                      "Relation Name": "movie_info",
                      "Alias": "mi",
                      "Startup Cost": 0.43,
                      "Total Cost": 8.14,
                      "Plan Rows": 8,
                      "Plan Width": 4,
                      "Actual Startup Time": 0.032,
                      "Actual Total Time": 0.093,
                      "Actual Rows": 38,
                      "Actual Loops": 180,
                      "Index Cond": "(movie_id = t.id)",
                      "Rows Removed by Index Recheck": 0,
                      "Filter": "(info_type_id = 16)",
                      "Rows Removed by Filter": 171
                    }
                  ]
                }
              ]
            }
          ]
        }
      ]
    },
    "Planning Time": 0.73,
    "Triggers": [],
    "Execution Time": 31.969
  }
]