[
  {
    "Plan": {
      "Node Type": "Aggregate",
      "Strategy": "Plain",
      "Partial Mode": "Finalize",
      "Parallel Aware": false,
      "Startup Cost": 83036.05,
      "Total Cost": 83036.06,
      "Plan Rows": 1,
      "Plan Width": 8,
      "Actual Startup Time": 604.767,
      "Actual Total Time": 620.108,
      "Actual Rows": 1,
      "Actual Loops": 1,
      "Plans": [
        {
          "Node Type": "Gather",
          "Parent Relationship": "Outer",
          "Parallel Aware": false,
          "Startup Cost": 83035.73,
          "Total Cost": 83036.04,
          "Plan Rows": 3,
          "Plan Width": 8,
          "Actual Startup Time": 597.548,
          "Actual Total Time": 620.095,
          "Actual Rows": 4,
          "Actual Loops": 1,
          "Workers Planned": 3,
          "Workers Launched": 3,
          "Single Copy": false,
          "Plans": [
            {
              "Node Type": "Aggregate",
              "Strategy": "Plain",
              "Partial Mode": "Partial",
              "Parent Relationship": "Outer",
              "Parallel Aware": false,
              "Startup Cost": 82035.73,
              "Total Cost": 82035.74,
              "Plan Rows": 1,
              "Plan Width": 8,
              "Actual Startup Time": 580.658,
              "Actual Total Time": 580.661,
              "Actual Rows": 1,
              "Actual Loops": 4,
              "Plans": [
                {
                  "Node Type": "Hash Join",
                  "Parent Relationship": "Outer",
                  "Parallel Aware": true,
                  "Join Type": "Inner",
                  "Startup Cost": 50785.77,
                  "Total Cost": 80201.66,
                  "Plan Rows": 733629,
                  "Plan Width": 0,
                  "Actual Startup Time": 313.553,
                  "Actual Total Time": 560.106,
                  "Actual Rows": 518190,
                  "Actual Loops": 4,
                  "Inner Unique": true,
                  "Hash Cond": "(mc.movie_id = t.id)",
                  "Plans": [
                    {
                      "Node Type": "Seq Scan",
                      "Parent Relationship": "Outer",
                      "Parallel Aware": true,
                      "Relation Name": "movie_companies",
                      "Alias": "mc",
                      "Startup Cost": 0.0,
                      "Total Cost": 27206.55,
                      "Plan Rows": 841655,
                      "Plan Width": 4,
                      "Actual Startup Time": 0.018,
                      "Actual Total Time": 57.504,
                      "Actual Rows": 652282,
                      "Actual Loops": 4
                    },
                    {
                      "Node Type": "Hash",
                      "Parent Relationship": "Inner",
                      "Parallel Aware": true,
                      "Startup Cost": 43898.92,
                      "Total Cost": 43898.92,
                      "Plan Rows": 550948,
                      "Plan Width": 4,
                      "Actual Startup Time": 302.496,
                      "Actual Total Time": 302.497,
                      "Actual Rows": 548156,
                      "Actual Loops": 4,
                      "Hash Buckets": 4194304,
                      "Original Hash Buckets": 4194304,
                      "Hash Batches": 1,
                      "Original Hash Batches": 1,
                      "Peak Memory Usage": 118624,
                      "Plans": [
                        {
                          "Node Type": "Seq Scan",
                          "Parent Relationship": "Outer",
                          "Parallel Aware": true,
                          "Relation Name": "title",
                          "Alias": "t",
                          "Startup Cost": 0.0,
                          "Total Cost": 43898.92,
                          "Plan Rows": 550948,
                          "Plan Width": 4,
                          "Actual Startup Time": 0.034,
                          "Actual Total Time": 109.599,
                          "Actual Rows": 548156,
                          "Actual Loops": 4,
                          "Filter": "(production_year > 1961)",
                          "Rows Removed by Filter": 83922
                        }
                      ]
                    }
                  ]
                }
              ]
            }
          ]
        }
      ]
    },
    "Planning Time": 0.634,
    "Triggers": [],
    "Execution Time": 620.176
  }
]