[
  {
    "Plan": {
      "Node Type": "Aggregate",
      "Strategy": "Plain",
      "Partial Mode": "Finalize",
      "Parallel Aware": false,
      "Startup Cost": 324259.68,
      "Total Cost": 324259.69,
      "Plan Rows": 1,
      "Plan Width": 8,
      "Actual Startup Time": 241.417,
      "Actual Total Time": 253.141,
      "Actual Rows": 1,
      "Actual Loops": 1,
      "Plans": [
        {
          "Node Type": "Gather",
          "Parent Relationship": "Outer",
          "Parallel Aware": false,
          "Startup Cost": 324259.06,
          "Total Cost": 324259.67,
          "Plan Rows": 6,
          "Plan Width": 8,
          "Actual Startup Time": 240.615,
          "Actual Total Time": 253.13,
          "Actual Rows": 7,
          "Actual Loops": 1,
          "Workers Planned": 6,
          "Workers Launched": 6,
          "Single Copy": false,
          "Plans": [
            {
              "Node Type": "Aggregate",
              "Strategy": "Plain",
              "Partial Mode": "Partial",
              "Parent Relationship": "Outer",
              "Parallel Aware": false,
              "Startup Cost": 323259.06,
              "Total Cost": 323259.07,
              "Plan Rows": 1,
              "Plan Width": 8,
              "Actual Startup Time": 233.005,
              "Actual Total Time": 233.009,
              "Actual Rows": 1,
              "Actual Loops": 7,
              "Plans": [
                {
                  "Node Type": "Bitmap Heap Scan",
                  "Parent Relationship": "Outer",
                  "Parallel Aware": true,
                  "Relation Name": "cast_info",
                  "Alias": "ci",
                  "Startup Cost": 63393.64,
                  "Total Cost": 322062.65,
                  "Plan Rows": 478561,
                  "Plan Width": 0,
                  "Actual Startup Time": 111.645,
                  "Actual Total Time": 210.72,
                  "Actual Rows": 423328,
                  "Actual Loops": 7,
                  "Recheck Cond": "(person_id < 288476)",
                  "Rows Removed by Index Recheck": 0,
                  "Exact Heap Blocks": 7618,
                  "Lossy Heap Blocks": 0,
                  "Plans": [
                    {
                      "Node Type": "Bitmap Index Scan",
                      "Parent Relationship": "Outer",
                      "Parallel Aware": false,
                      "Index Name": "person_id_cast_info",
                      "Startup Cost": 0.0,
                      "Total Cost": 62675.8,
                      "Plan Rows": 2871365,
                      "Plan Width": 0,
                      "Actual Startup Time": 113.588,
                      "Actual Total Time": 113.588,
                      "Actual Rows": 2963296,
                      "Actual Loops": 1,
                      "Index Cond": "(person_id < 288476)"
                    }
                  ]
                }
              ]
            }
          ]
        }
      ]
    },
    "Planning Time": 0.075,
    "Triggers": [],
    "Execution Time": 253.18
  }
]