[
  {
    "Plan": {
      "Node Type": "Aggregate",
      "Strategy": "Plain",
      "Partial Mode": "Finalize",
      "Parallel Aware": false,
      "Startup Cost": 286084.36,
      "Total Cost": 286084.37,
      "Plan Rows": 1,
      "Plan Width": 8,
      "Actual Startup Time": 841.343,
      "Actual Total Time": 887.954,
      "Actual Rows": 1,
      "Actual Loops": 1,
      "Plans": [
        {
          "Node Type": "Gather",
          "Parent Relationship": "Outer",
          "Parallel Aware": false,
          "Startup Cost": 286083.83,
          "Total Cost": 286084.34,
          "Plan Rows": 5,
          "Plan Width": 8,
          "Actual Startup Time": 835.673,
          "Actual Total Time": 887.942,
          "Actual Rows": 6,
          "Actual Loops": 1,
          "Workers Planned": 5,
          "Workers Launched": 5,
          "Single Copy": false,
          "Plans": [
            {
              "Node Type": "Aggregate",
              "Strategy": "Plain",
              "Partial Mode": "Partial",
              "Parent Relationship": "Outer",
              "Parallel Aware": false,
              "Startup Cost": 285083.83,
              "Total Cost": 285083.84,
              "Plan Rows": 1,
              "Plan Width": 8,
              "Actual Startup Time": 825.372,
              "Actual Total Time": 825.442,
              "Actual Rows": 1,
              "Actual Loops": 6,
              "Plans": [
                {
                  "Node Type": "Hash Join",
                  "Parent Relationship": "Outer",
                  "Parallel Aware": true,
                  "Join Type": "Inner",
                  "Startup Cost": 79562.35,
                  "Total Cost": 284488.32,
                  "Plan Rows": 238204,
                  "Plan Width": 0,
                  "Actual Startup Time": 285.136,
                  "Actual Total Time": 803.17,
                  "Actual Rows": 533123,
                  "Actual Loops": 6,
                  "Inner Unique": false,
                  "Hash Cond": "(mi.movie_id = t.id)",
                  "Plans": [
                    {
                      "Node Type": "Seq Scan",
                      "Parent Relationship": "Outer",
                      "Parallel Aware": true,
                      "Relation Name": "movie_info",
                      "Alias": "mi",
                      "Startup Cost": 0.0,
                      "Total Cost": 198952.16,
                      "Plan Rows": 1434213,
                      "Plan Width": 4,
                      "Actual Startup Time": 0.039,
                      "Actual Total Time": 297.547,
                      "Actual Rows": 1214478,
                      "Actual Loops": 6,
                      "Filter": "(info_type_id < 8)",
                      "Rows Removed by Filter": 1258142
                    },
                    {
                      "Node Type": "Hash",
                      "Parent Relationship": "Inner",
                      "Parallel Aware": true,
                      "Startup Cost": 78250.11,
                      "Total Cost": 78250.11,
                      "Plan Rows": 104979,
                      "Plan Width": 8,
                      "Actual Startup Time": 281.059,
                      "Actual Total Time": 281.128,
                      "Actual Rows": 74612,
                      "Actual Loops": 6,
                      "Hash Buckets": 524288,
                      "Original Hash Buckets": 524288,
                      "Hash Batches": 1,
                      "Original Hash Batches": 1,
                      "Peak Memory Usage": 21696,
                      "Plans": [
                        {
                          "Node Type": "Hash Join",
                          "Parent Relationship": "Outer",
                          "Parallel Aware": true,
                          "Join Type": "Inner",
                          "Startup Cost": 32080.84,
                          "Total Cost": 78250.11,
                          "Plan Rows": 104979,
                          "Plan Width": 8,
                          "Actual Startup Time": 113.867,
                          "Actual Total Time": 256.748,
                          "Actual Rows": 74612,
                          "Actual Loops": 6,
                          "Inner Unique": false,
                          "Hash Cond": "(t.id = mc.movie_id)",
                          "Plans": [
                            {
                              "Node Type": "Seq Scan",
                              "Parent Relationship": "Outer",
                              "Parallel Aware": true,
                              "Relation Name": "title",
                              "Alias": "t",
                              "Startup Cost": 0.0,
                              "Total Cost": 43898.92,
                              "Plan Rows": 386343,
                              "Plan Width": 4,
                              "Actual Startup Time": 0.012,
                              "Actual Total Time": 67.038,
                              "Actual Rows": 258621,
                              "Actual Loops": 6,
                              "Filter": "(production_year < 2007)",
                              "Rows Removed by Filter": 162764
                            },
                            {
                              "Node Type": "Hash",
                              "Parent Relationship": "Inner",
                              "Parallel Aware": true,
                              "Startup Cost": 29310.68,
                              "Total Cost": 29310.68,
                              "Plan Rows": 221613,
                              "Plan Width": 4,
                              "Actual Startup Time": 111.711,
                              "Actual Total Time": 111.712,
                              "Actual Rows": 117005,
                              "Actual Loops": 6,
                              "Hash Buckets": 1048576,
                              "Original Hash Buckets": 1048576,
                              "Hash Batches": 1,
                              "Original Hash Batches": 1,
                              "Peak Memory Usage": 35744,
                              "Plans": [
                                {
                                  "Node Type": "Seq Scan",
                                  "Parent Relationship": "Outer",
                                  "Parallel Aware": true,
                                  "Relation Name": "movie_companies",
                                  "Alias": "mc",
                                  "Startup Cost": 0.0,
                                  "Total Cost": 29310.68,
                                  "Plan Rows": 221613,
                                  "Plan Width": 4,
                                  "Actual Startup Time": 28.423,
                                  "Actual Total Time": 65.319,
                                  "Actual Rows": 117005,
                                  "Actual Loops": 6,
                                  "Filter": "(company_id > 45190)",
                                  "Rows Removed by Filter": 317850
                                }
                              ]
                            }
                          ]
                        }
                      ]
                    }
                  ]
                }
              ]
            }
          ]
        }
      ]
    },
    "Planning Time": 1.418,
    "Triggers": [],
    "Execution Time": 888.052
  }
]