[
  {
    "Plan": {
      "Node Type": "Aggregate",
      "Strategy": "Plain",
      "Partial Mode": "Finalize",
      "Parallel Aware": false,
      "Startup Cost": 83026.5,
      "Total Cost": 83026.51,
      "Plan Rows": 1,
      "Plan Width": 8,
      "Actual Startup Time": 404.252,
      "Actual Total Time": 420.29,
      "Actual Rows": 1,
      "Actual Loops": 1,
      "Plans": [
        {
          "Node Type": "Gather",
          "Parent Relationship": "Outer",
          "Parallel Aware": false,
          "Startup Cost": 83026.18,
          "Total Cost": 83026.49,
          "Plan Rows": 3,
          "Plan Width": 8,
          "Actual Startup Time": 396.014,
          "Actual Total Time": 420.282,
          "Actual Rows": 4,
          "Actual Loops": 1,
          "Workers Planned": 3,
          "Workers Launched": 3,
          "Single Copy": false,
          "Plans": [
            {
              "Node Type": "Aggregate",
              "Strategy": "Plain",
              "Partial Mode": "Partial",
              "Parent Relationship": "Outer",
              "Parallel Aware": false,
              "Startup Cost": 82026.18,
              "Total Cost": 82026.19,
              "Plan Rows": 1,
              "Plan Width": 8,
              "Actual Startup Time": 385.201,
              "Actual Total Time": 385.204,
              "Actual Rows": 1,
              "Actual Loops": 4,
              "Plans": [
                {
                  "Node Type": "Hash Join",
                  "Parent Relationship": "Outer",
                  "Parallel Aware": true,
                  "Join Type": "Inner",
                  "Startup Cost": 56018.33,
                  "Total Cost": 81805.78,
                  "Plan Rows": 88162,
                  "Plan Width": 0,
                  "Actual Startup Time": 320.436,
                  "Actual Total Time": 381.727,
                  "Actual Rows": 67988,
                  "Actual Loops": 4,
                  "Inner Unique": true,
                  "Hash Cond": "(mk.movie_id = t.id)",
                  "Plans": [
                    {
                      "Node Type": "Bitmap Heap Scan",
                      "Parent Relationship": "Outer",
                      "Parallel Aware": true,
                      "Relation Name": "movie_keyword",
                      "Alias": "mk",
                      "Startup Cost": 5798.52,
                      "Total Cost": 31354.55,
                      "Plan Rows": 88162,
                      "Plan Width": 4,
                      "Actual Startup Time": 17.886,
                      "Actual Total Time": 57.029,
                      "Actual Rows": 67988,
                      "Actual Loops": 4,
                      "Recheck Cond": "(keyword_id > 57979)",
                      "Rows Removed by Index Recheck": 0,
                      "Exact Heap Blocks": 6913,
                      "Lossy Heap Blocks": 0,
                      "Plans": [
                        {
                          "Node Type": "Bitmap Index Scan",
                          "Parent Relationship": "Outer",
                          "Parallel Aware": false,
                          "Index Name": "keyword_id_movie_keyword",
                          "Startup Cost": 0.0,
                          "Total Cost": 5730.2,
                          "Plan Rows": 273302,
                          "Plan Width": 0,
                          "Actual Startup Time": 14.795,
                          "Actual Total Time": 14.795,
                          "Actual Rows": 271951,
                          "Actual Loops": 1,
                          "Index Cond": "(keyword_id > 57979)"
                        }
                      ]
                    },
                    {
                      "Node Type": "Hash",
                      "Parent Relationship": "Inner",
                      "Parallel Aware": true,
                      "Startup Cost": 42318.81,
                      "Total Cost": 42318.81,
                      "Plan Rows": 632080,
                      "Plan Width": 4,
                      "Actual Startup Time": 294.206,
                      "Actual Total Time": 294.207,
                      "Actual Rows": 632078,
                      "Actual Loops": 4,
                      "Hash Buckets": 4194304,
                      "Original Hash Buckets": 4194304,
                      "Hash Batches": 1,
                      "Original Hash Batches": 1,
                      "Peak Memory Usage": 131712,
                      "Plans": [
                        {
                          "Node Type": "Seq Scan",
                          "Parent Relationship": "Outer",
                          "Parallel Aware": true,
                          "Relation Name": "title",
                          "Alias": "t",
                          "Startup Cost": 0.0,
                          "Total Cost": 42318.81,
                          "Plan Rows": 632080,
                          "Plan Width": 4,
                          "Actual Startup Time": 0.022,
                          "Actual Total Time": 85.631,
                          "Actual Rows": 632078,
                          "Actual Loops": 4
                        }
                      ]
                    }
                  ]
                }
              ]
            }
          ]
        }
      ]
    },
    "Planning Time": 0.297,
    "Triggers": [],
    "Execution Time": 420.335
  }
]