[
    {
        "Bao": {
            "Bao prediction": 611.403,
            "Bao recommended hint": "(no hint)"
        }
    },
    {
        "Plan": {
            "Node Type": "Aggregate",
            "Strategy": "Plain",
            "Partial Mode": "Simple",
            "Parallel Aware": false,
            "Startup Cost": 39327.67,
            "Total Cost": 39327.68,
            "Plan Rows": 1,
            "Plan Width": 8,
            "Actual Startup Time": 58.737,
            "Actual Total Time": 58.739,
            "Actual Rows": 1,
            "Actual Loops": 1,
            "Output": [
                "count(*)"
            ],
            "Plans": [
                {
                    "Node Type": "Bitmap Heap Scan",
                    "Parent Relationship": "Outer",
                    "Parallel Aware": false,
                    "Relation Name": "title",
                    "Schema": "public",
                    "Alias": "t",
                    "Startup Cost": 1801.98,
                    "Total Cost": 39311.92,
                    "Plan Rows": 6302,
                    "Plan Width": 0,
                    "Actual Startup Time": 20.342,
                    "Actual Total Time": 58.685,
                    "Actual Rows": 412,
                    "Actual Loops": 1,
                    "Recheck Cond": "(t.kind_id = 3)",
                    "Rows Removed by Index Recheck": 0,
                    "Filter": "(t.production_year < 1949)",
                    "Rows Removed by Filter": 100125,
                    "Exact Heap Blocks": 12707,
                    "Lossy Heap Blocks": 0,
                    "Plans": [
                        {
                            "Node Type": "Bitmap Index Scan",
                            "Parent Relationship": "Outer",
                            "Parallel Aware": false,
                            "Index Name": "kind_id_title",
                            "Startup Cost": 0.0,
                            "Total Cost": 1800.4,
                            "Plan Rows": 100796,
                            "Plan Width": 0,
                            "Actual Startup Time": 15.056,
                            "Actual Total Time": 15.057,
                            "Actual Rows": 100537,
                            "Actual Loops": 1,
                            "Index Cond": "(t.kind_id = 3)"
                        }
                    ]
                }
            ]
        },
        "Planning Time": 1119.129,
        "Triggers": [],
        "Execution Time": 58.899
    }
]