[
  {
    "Plan": {
      "Node Type": "Aggregate",
      "Strategy": "Plain",
      "Partial Mode": "Finalize",
      "Parallel Aware": false,
      "Startup Cost": 62475.77,
      "Total Cost": 62475.78,
      "Plan Rows": 1,
      "Plan Width": 8,
      "Actual Startup Time": 160.708,
      "Actual Total Time": 173.675,
      "Actual Rows": 1,
      "Actual Loops": 1,
      "Plans": [
        {
          "Node Type": "Gather",
          "Parent Relationship": "Outer",
          "Parallel Aware": false,
          "Startup Cost": 62475.56,
          "Total Cost": 62475.77,
          "Plan Rows": 2,
          "Plan Width": 8,
          "Actual Startup Time": 160.547,
          "Actual Total Time": 173.668,
          "Actual Rows": 3,
          "Actual Loops": 1,
          "Workers Planned": 2,
          "Workers Launched": 2,
          "Single Copy": false,
          "Plans": [
            {
              "Node Type": "Aggregate",
              "Strategy": "Plain",
              "Partial Mode": "Partial",
              "Parent Relationship": "Outer",
              "Parallel Aware": false,
              "Startup Cost": 61475.56,
              "Total Cost": 61475.57,
              "Plan Rows": 1,
              "Plan Width": 8,
              "Actual Startup Time": 152.989,
              "Actual Total Time": 152.992,
              "Actual Rows": 1,
              "Actual Loops": 3,
              "Plans": [
                {
                  "Node Type": "Hash Join",
                  "Parent Relationship": "Outer",
                  "Parallel Aware": true,
                  "Join Type": "Inner",
                  "Startup Cost": 45823.8,
                  "Total Cost": 61454.45,
                  "Plan Rows": 8442,
                  "Plan Width": 0,
                  "Actual Startup Time": 113.784,
                  "Actual Total Time": 152.981,
                  "Actual Rows": 11,
                  "Actual Loops": 3,
                  "Inner Unique": true,
                  "Hash Cond": "(mi_idx.movie_id = t.id)",
                  "Plans": [
                    {
                      "Node Type": "Seq Scan",
                      "Parent Relationship": "Outer",
                      "Parallel Aware": true,
                      "Relation Name": "movie_info_idx",
                      "Alias": "mi_idx",
                      "Startup Cost": 0.0,
                      "Total Cost": 15122.68,
                      "Plan Rows": 193512,
                      "Plan Width": 4,
                      "Actual Startup Time": 0.025,
                      "Actual Total Time": 34.576,
                      "Actual Rows": 153308,
                      "Actual Loops": 3,
                      "Filter": "(info_type_id = 100)",
                      "Rows Removed by Filter": 306703
                    },
                    {
                      "Node Type": "Hash",
                      "Parent Relationship": "Inner",
                      "Parallel Aware": true,
                      "Startup Cost": 45479.1,
                      "Total Cost": 45479.1,
                      "Plan Rows": 27576,
                      "Plan Width": 4,
                      "Actual Startup Time": 104.289,
                      "Actual Total Time": 104.29,
                      "Actual Rows": 125,
                      "Actual Loops": 3,
                      "Hash Buckets": 131072,
                      "Original Hash Buckets": 131072,
                      "Hash Batches": 1,
                      "Original Hash Batches": 1,
                      "Peak Memory Usage": 1120,
                      "Plans": [
                        {
                          "Node Type": "Seq Scan",
                          "Parent Relationship": "Outer",
                          "Parallel Aware": true,
                          "Relation Name": "title",
                          "Alias": "t",
                          "Startup Cost": 0.0,
                          "Total Cost": 45479.1,
                          "Plan Rows": 27576,
                          "Plan Width": 4,
                          "Actual Startup Time": 8.929,
                          "Actual Total Time": 104.018,
                          "Actual Rows": 125,
                          "Actual Loops": 3,
                          "Filter": "((kind_id > 1) AND (production_year < 1945))",
                          "Rows Removed by Filter": 842645
                        }
                      ]
                    }
                  ]
                }
              ]
            }
          ]
        }
      ]
    },
    "Planning Time": 0.652,
    "Triggers": [],
    "Execution Time": 173.746
  }
]