[
  {
    "Plan": {
      "Node Type": "Aggregate",
      "Strategy": "Plain",
      "Partial Mode": "Finalize",
      "Parallel Aware": false,
      "Startup Cost": 79933.8,
      "Total Cost": 79933.81,
      "Plan Rows": 1,
      "Plan Width": 8,
      "Actual Startup Time": 131.314,
      "Actual Total Time": 148.306,
      "Actual Rows": 1,
      "Actual Loops": 1,
      "Plans": [
        {
          "Node Type": "Gather",
          "Parent Relationship": "Outer",
          "Parallel Aware": false,
          "Startup Cost": 79933.38,
          "Total Cost": 79933.79,
          "Plan Rows": 4,
          "Plan Width": 8,
          "Actual Startup Time": 130.971,
          "Actual Total Time": 148.297,
          "Actual Rows": 5,
          "Actual Loops": 1,
          "Workers Planned": 4,
          "Workers Launched": 4,
          "Single Copy": false,
          "Plans": [
            {
              "Node Type": "Aggregate",
              "Strategy": "Plain",
              "Partial Mode": "Partial",
              "Parent Relationship": "Outer",
              "Parallel Aware": false,
              "Startup Cost": 78933.38,
              "Total Cost": 78933.39,
              "Plan Rows": 1,
              "Plan Width": 8,
              "Actual Startup Time": 121.247,
              "Actual Total Time": 121.249,
              "Actual Rows": 1,
              "Actual Loops": 5,
              "Plans": [
                {
                  "Node Type": "Nested Loop",
                  "Parent Relationship": "Outer",
                  "Parallel Aware": false,
                  "Join Type": "Inner",
                  "Startup Cost": 0.86,
                  "Total Cost": 78924.33,
                  "Plan Rows": 3619,
                  "Plan Width": 0,
                  "Actual Startup Time": 21.772,
                  "Actual Total Time": 119.977,
                  "Actual Rows": 30804,
                  "Actual Loops": 5,
                  "Inner Unique": false,
                  "Join Filter": "(t.id = mk.movie_id)",
                  "Rows Removed by Join Filter": 0,
                  "Plans": [
                    {
                      "Node Type": "Nested Loop",
                      "Parent Relationship": "Outer",
                      "Parallel Aware": false,
                      "Join Type": "Inner",
                      "Startup Cost": 0.43,
                      "Total Cost": 74871.31,
                      "Plan Rows": 2022,
                      "Plan Width": 8,
                      "Actual Startup Time": 20.271,
                      "Actual Total Time": 104.081,
                      "Actual Rows": 1071,
                      "Actual Loops": 5,
                      "Inner Unique": false,
                      "Plans": [
                        {
                          "Node Type": "Seq Scan",
                          "Parent Relationship": "Outer",
                          "Parallel Aware": true,
                          "Relation Name": "title",
                          "Alias": "t",
                          "Startup Cost": 0.0,
                          "Total Cost": 43898.92,
                          "Plan Rows": 6216,
                          "Plan Width": 4,
                          "Actual Startup Time": 0.144,
                          "Actual Total Time": 71.945,
                          "Actual Rows": 4760,
                          "Actual Loops": 5,
                          "Filter": "(production_year = 1991)",
                          "Rows Removed by Filter": 500903
                        },
                        {
                          "Node Type": "Index Scan",
                          "Parent Relationship": "Inner",
                          "Parallel Aware": false,
                          "Scan Direction": "Forward",
                          "Index Name": "movie_id_movie_companies",
                          "Relation Name": "movie_companies",
                          "Alias": "mc",
                          "Startup Cost": 0.43,
                          "Total Cost": 4.96,
                          "Plan Rows": 2,
                          "Plan Width": 4,
                          "Actual Startup Time": 0.006,
                          "Actual Total Time": 0.006,
                          "Actual Rows": 0,
                          "Actual Loops": 23799,
                          "Index Cond": "(movie_id = t.id)",
                          "Rows Removed by Index Recheck": 0,
                          "Filter": "((company_id > 3451) AND (company_type_id = 1))",
                          "Rows Removed by Filter": 1
                        }
                      ]
                    },
                    {
                      "Node Type": "Index Only Scan",
                      "Parent Relationship": "Inner",
                      "Parallel Aware": false,
                      "Scan Direction": "Forward",
                      "Index Name": "movie_id_movie_keyword",
                      "Relation Name": "movie_keyword",
                      "Alias": "mk",
                      "Startup Cost": 0.43,
                      "Total Cost": 1.44,
                      "Plan Rows": 45,
                      "Plan Width": 4,
                      "Actual Startup Time": 0.008,
                      "Actual Total Time": 0.012,
                      "Actual Rows": 29,
                      "Actual Loops": 5353,
                      "Index Cond": "(movie_id = mc.movie_id)",
                      "Rows Removed by Index Recheck": 0,
                      "Heap Fetches": 154021
                    }
                  ]
                }
              ]
            }
          ]
        }
      ]
    },
    "Planning Time": 0.998,
    "Triggers": [],
    "Execution Time": 148.375
  }
]