{
  "Plan": {
    "Node Type": "Aggregate",
    "Strategy": "Plain",
    "Partial Mode": "Finalize",
    "Parallel Aware": false,
    "Startup Cost": 920205.08,
    "Total Cost": 920205.09,
    "Plan Rows": 1,
    "Plan Width": 8,
    "Actual Startup Time": 3888.307,
    "Actual Total Time": 3994.129,
    "Actual Rows": 1,
    "Actual Loops": 1,
    "Plans": [
      {
        "Node Type": "Gather",
        "Parent Relationship": "Outer",
        "Parallel Aware": false,
        "Startup Cost": 920204.97,
        "Total Cost": 920205.08,
        "Plan Rows": 1,
        "Plan Width": 8,
        "Actual Startup Time": 3886.9,
        "Actual Total Time": 3994.118,
        "Actual Rows": 2,
        "Actual Loops": 1,
        "Workers Planned": 1,
        "Workers Launched": 1,
        "Single Copy": false,
        "Plans": [
          {
            "Node Type": "Aggregate",
            "Strategy": "Plain",
            "Partial Mode": "Partial",
            "Parent Relationship": "Outer",
            "Parallel Aware": false,
            "Startup Cost": 919204.97,
            "Total Cost": 919204.98,
            "Plan Rows": 1,
            "Plan Width": 8,
            "Actual Startup Time": 3881.125,
            "Actual Total Time": 3881.227,
            "Actual Rows": 1,
            "Actual Loops": 2,
            "Plans": [
              {
                "Node Type": "Hash Join",
                "Parent Relationship": "Outer",
                "Parallel Aware": true,
                "Join Type": "Inner",
                "Startup Cost": 609763.63,
                "Total Cost": 917666.05,
                "Plan Rows": 615569,
                "Plan Width": 0,
                "Actual Startup Time": 2682.182,
                "Actual Total Time": 3850.414,
                "Actual Rows": 759810,
                "Actual Loops": 2,
                "Inner Unique": false,
                "Hash Cond": "(mi.movie_id = t.id)",
                "Plans": [
                  {
                    "Node Type": "Seq Scan",
                    "Parent Relationship": "Outer",
                    "Parallel Aware": true,
                    "Relation Name": "movie_info",
                    "Alias": "mi",
                    "Startup Cost": 0.0,
                    "Total Cost": 270696.42,
                    "Plan Rows": 4478001,
                    "Plan Width": 4,
                    "Actual Startup Time": 33.48,
                    "Actual Total Time": 674.461,
                    "Actual Rows": 3774428,
                    "Actual Loops": 2,
                    "Filter": "(info_type_id > 7)",
                    "Rows Removed by Filter": 3643432
                  },
                  {
                    "Node Type": "Hash",
                    "Parent Relationship": "Inner",
                    "Parallel Aware": true,
                    "Startup Cost": 607208.11,
                    "Total Cost": 607208.11,
                    "Plan Rows": 204442,
                    "Plan Width": 8,
                    "Actual Startup Time": 2642.962,
                    "Actual Total Time": 2643.062,
                    "Actual Rows": 199106,
                    "Actual Loops": 2,
                    "Hash Buckets": 524288,
                    "Original Hash Buckets": 524288,
                    "Hash Batches": 1,
                    "Original Hash Batches": 1,
                    "Peak Memory Usage": 19712,
                    "Plans": [
                      {
                        "Node Type": "Hash Join",
                        "Parent Relationship": "Outer",
                        "Parallel Aware": true,
                        "Join Type": "Inner",
                        "Startup Cost": 58644.73,
                        "Total Cost": 607208.11,
                        "Plan Rows": 204442,
                        "Plan Width": 8,
                        "Actual Startup Time": 530.148,
                        "Actual Total Time": 2584.755,
                        "Actual Rows": 199106,
                        "Actual Loops": 2,
                        "Inner Unique": true,
                        "Hash Cond": "(ci.movie_id = t.id)",
                        "Plans": [
                          {
                            "Node Type": "Seq Scan",
                            "Parent Relationship": "Outer",
                            "Parallel Aware": true,
                            "Relation Name": "cast_info",
                            "Alias": "ci",
                            "Startup Cost": 0.0,
                            "Total Cost": 519069.44,
                            "Plan Rows": 11235768,
                            "Plan Width": 4,
                            "Actual Startup Time": 383.043,
                            "Actual Total Time": 1430.7,
                            "Actual Rows": 9521006,
                            "Actual Loops": 2,
                            "Filter": "(person_id > 1699042)",
                            "Rows Removed by Filter": 8601166
                          },
                          {
                            "Node Type": "Hash",
                            "Parent Relationship": "Inner",
                            "Parallel Aware": true,
                            "Startup Cost": 58306.47,
                            "Total Cost": 58306.47,
                            "Plan Rows": 27061,
                            "Plan Width": 4,
                            "Actual Startup Time": 146.573,
                            "Actual Total Time": 146.574,
                            "Actual Rows": 26432,
                            "Actual Loops": 2,
                            "Hash Buckets": 65536,
                            "Original Hash Buckets": 65536,
                            "Hash Batches": 1,
                            "Original Hash Batches": 1,
                            "Peak Memory Usage": 2592,
                            "Plans": [
                              {
                                "Node Type": "Seq Scan",
                                "Parent Relationship": "Outer",
                                "Parallel Aware": true,
                                "Relation Name": "title",
                                "Alias": "t",
                                "Startup Cost": 0.0,
                                "Total Cost": 58306.47,
                                "Plan Rows": 27061,
                                "Plan Width": 4,
                                "Actual Startup Time": 0.036,
                                "Actual Total Time": 138.519,
                                "Actual Rows": 26432,
                                "Actual Loops": 2,
                                "Filter": "((kind_id > 1) AND (production_year = 2002))",
                                "Rows Removed by Filter": 1237724
                              }
                            ]
                          }
                        ]
                      }
                    ]
                  }
                ]
              }
            ]
          }
        ]
      }
    ]
  },
  "Planning Time": 1.063,
  "Triggers": [],
  "Execution Time": 3994.229
}