{
    "Plan": {
        "Node Type": "Aggregate",
        "Strategy": "Plain",
        "Partial Mode": "Finalize",
        "Parallel Aware": false,
        "Startup Cost": 77735.11,
        "Total Cost": 77735.12,
        "Plan Rows": 1,
        "Plan Width": 8,
        "Actual Startup Time": 212.002,
        "Actual Total Time": 226.325,
        "Actual Rows": 1,
        "Actual Loops": 1,
        "Output": [
            "count(*)"
        ],
        "Plans": [
            {
                "Node Type": "Gather",
                "Parent Relationship": "Outer",
                "Parallel Aware": false,
                "Startup Cost": 77734.69,
                "Total Cost": 77735.1,
                "Plan Rows": 4,
                "Plan Width": 8,
                "Actual Startup Time": 210.775,
                "Actual Total Time": 226.315,
                "Actual Rows": 5,
                "Actual Loops": 1,
                "Output": [
                    "(PARTIAL count(*))"
                ],
                "Workers Planned": 4,
                "Workers Launched": 4,
                "Single Copy": false,
                "Plans": [
                    {
                        "Node Type": "Aggregate",
                        "Strategy": "Plain",
                        "Partial Mode": "Partial",
                        "Parent Relationship": "Outer",
                        "Parallel Aware": false,
                        "Startup Cost": 76734.69,
                        "Total Cost": 76734.7,
                        "Plan Rows": 1,
                        "Plan Width": 8,
                        "Actual Startup Time": 200.875,
                        "Actual Total Time": 200.879,
                        "Actual Rows": 1,
                        "Actual Loops": 5,
                        "Output": [
                            "PARTIAL count(*)"
                        ],
                        "Workers": [
                            {
                                "Worker Number": 0,
                                "Actual Startup Time": 198.38,
                                "Actual Total Time": 198.384,
                                "Actual Rows": 1,
                                "Actual Loops": 1
                            },
                            {
                                "Worker Number": 1,
                                "Actual Startup Time": 198.693,
                                "Actual Total Time": 198.697,
                                "Actual Rows": 1,
                                "Actual Loops": 1
                            },
                            {
                                "Worker Number": 2,
                                "Actual Startup Time": 198.674,
                                "Actual Total Time": 198.678,
                                "Actual Rows": 1,
                                "Actual Loops": 1
                            },
                            {
                                "Worker Number": 3,
                                "Actual Startup Time": 198.674,
                                "Actual Total Time": 198.676,
                                "Actual Rows": 1,
                                "Actual Loops": 1
                            }
                        ],
                        "Plans": [
                            {
                                "Node Type": "Hash Join",
                                "Parent Relationship": "Outer",
                                "Parallel Aware": true,
                                "Join Type": "Inner",
                                "Startup Cost": 29973.13,
                                "Total Cost": 76695.91,
                                "Plan Rows": 15511,
                                "Plan Width": 0,
                                "Actual Startup Time": 82.426,
                                "Actual Total Time": 200.242,
                                "Actual Rows": 7685,
                                "Actual Loops": 5,
                                "Inner Unique": false,
                                "Hash Cond": "(t.id = mc.movie_id)",
                                "Workers": [
                                    {
                                        "Worker Number": 0,
                                        "Actual Startup Time": 79.804,
                                        "Actual Total Time": 197.652,
                                        "Actual Rows": 5829,
                                        "Actual Loops": 1
                                    },
                                    {
                                        "Worker Number": 1,
                                        "Actual Startup Time": 80.445,
                                        "Actual Total Time": 198.087,
                                        "Actual Rows": 8070,
                                        "Actual Loops": 1
                                    },
                                    {
                                        "Worker Number": 2,
                                        "Actual Startup Time": 80.232,
                                        "Actual Total Time": 197.964,
                                        "Actual Rows": 5716,
                                        "Actual Loops": 1
                                    },
                                    {
                                        "Worker Number": 3,
                                        "Actual Startup Time": 80.148,
                                        "Actual Total Time": 198.071,
                                        "Actual Rows": 7920,
                                        "Actual Loops": 1
                                    }
                                ],
                                "Plans": [
                                    {
                                        "Node Type": "Seq Scan",
                                        "Parent Relationship": "Outer",
                                        "Parallel Aware": true,
                                        "Relation Name": "title",
                                        "Schema": "public",
                                        "Alias": "t",
                                        "Startup Cost": 0.0,
                                        "Total Cost": 45479.21,
                                        "Plan Rows": 238706,
                                        "Plan Width": 4,
                                        "Actual Startup Time": 0.033,
                                        "Actual Total Time": 79.827,
                                        "Actual Rows": 189735,
                                        "Actual Loops": 5,
                                        "Output": [
                                            "t.id",
                                            "t.title",
                                            "t.imdb_index",
                                            "t.kind_id",
                                            "t.production_year",
                                            "t.imdb_id",
                                            "t.phonetic_code",
                                            "t.episode_of_id",
                                            "t.season_nr",
                                            "t.episode_nr",
                                            "t.series_years",
                                            "t.md5sum"
                                        ],
                                        "Filter": "((t.kind_id < 7) AND (t.production_year > 1910))",
                                        "Rows Removed by Filter": 315928,
                                        "Workers": [
                                            {
                                                "Worker Number": 0,
                                                "Actual Startup Time": 0.04,
                                                "Actual Total Time": 81.493,
                                                "Actual Rows": 144231,
                                                "Actual Loops": 1
                                            },
                                            {
                                                "Worker Number": 1,
                                                "Actual Startup Time": 0.038,
                                                "Actual Total Time": 80.16,
                                                "Actual Rows": 201775,
                                                "Actual Loops": 1
                                            },
                                            {
                                                "Worker Number": 2,
                                                "Actual Startup Time": 0.038,
                                                "Actual Total Time": 81.569,
                                                "Actual Rows": 141803,
                                                "Actual Loops": 1
                                            },
                                            {
                                                "Worker Number": 3,
                                                "Actual Startup Time": 0.038,
                                                "Actual Total Time": 80.208,
                                                "Actual Rows": 201662,
                                                "Actual Loops": 1
                                            }
                                        ]
                                    },
                                    {
                                        "Node Type": "Hash",
                                        "Parent Relationship": "Inner",
                                        "Parallel Aware": true,
                                        "Startup Cost": 29310.68,
                                        "Total Cost": 29310.68,
                                        "Plan Rows": 52996,
                                        "Plan Width": 4,
                                        "Actual Startup Time": 79.961,
                                        "Actual Total Time": 79.962,
                                        "Actual Rows": 33542,
                                        "Actual Loops": 5,
                                        "Output": [
                                            "mc.movie_id"
                                        ],
                                        "Hash Buckets": 262144,
                                        "Original Hash Buckets": 262144,
                                        "Hash Batches": 1,
                                        "Original Hash Batches": 1,
                                        "Peak Memory Usage": 8704,
                                        "Workers": [
                                            {
                                                "Worker Number": 0,
                                                "Actual Startup Time": 78.9,
                                                "Actual Total Time": 78.901,
                                                "Actual Rows": 26818,
                                                "Actual Loops": 1
                                            },
                                            {
                                                "Worker Number": 1,
                                                "Actual Startup Time": 79.344,
                                                "Actual Total Time": 79.345,
                                                "Actual Rows": 32936,
                                                "Actual Loops": 1
                                            },
                                            {
                                                "Worker Number": 2,
                                                "Actual Startup Time": 79.287,
                                                "Actual Total Time": 79.288,
                                                "Actual Rows": 28195,
                                                "Actual Loops": 1
                                            },
                                            {
                                                "Worker Number": 3,
                                                "Actual Startup Time": 79.482,
                                                "Actual Total Time": 79.483,
                                                "Actual Rows": 32027,
                                                "Actual Loops": 1
                                            }
                                        ],
                                        "Plans": [
                                            {
                                                "Node Type": "Seq Scan",
                                                "Parent Relationship": "Outer",
                                                "Parallel Aware": true,
                                                "Relation Name": "movie_companies",
                                                "Schema": "public",
                                                "Alias": "mc",
                                                "Startup Cost": 0.0,
                                                "Total Cost": 29310.68,
                                                "Plan Rows": 52996,
                                                "Plan Width": 4,
                                                "Actual Startup Time": 0.047,
                                                "Actual Total Time": 62.975,
                                                "Actual Rows": 33542,
                                                "Actual Loops": 5,
                                                "Output": [
                                                    "mc.movie_id"
                                                ],
                                                "Filter": "(mc.company_id < 34)",
                                                "Rows Removed by Filter": 488284,
                                                "Workers": [
                                                    {
                                                        "Worker Number": 0,
                                                        "Actual Startup Time": 0.046,
                                                        "Actual Total Time": 62.865,
                                                        "Actual Rows": 26818,
                                                        "Actual Loops": 1
                                                    },
                                                    {
                                                        "Worker Number": 1,
                                                        "Actual Startup Time": 0.035,
                                                        "Actual Total Time": 62.619,
                                                        "Actual Rows": 32936,
                                                        "Actual Loops": 1
                                                    },
                                                    {
                                                        "Worker Number": 2,
                                                        "Actual Startup Time": 0.094,
                                                        "Actual Total Time": 63.692,
                                                        "Actual Rows": 28195,
                                                        "Actual Loops": 1
                                                    },
                                                    {
                                                        "Worker Number": 3,
                                                        "Actual Startup Time": 0.041,
                                                        "Actual Total Time": 62.695,
                                                        "Actual Rows": 32027,
                                                        "Actual Loops": 1
                                                    }
                                                ]
                                            }
                                        ]
                                    }
                                ]
                            }
                        ]
                    }
                ]
            }
        ]
    },
    "Planning Time": 0.747,
    "Triggers": [],
    "Execution Time": 226.392
}