[
  {
    "Plan": {
      "Node Type": "Aggregate",
      "Strategy": "Plain",
      "Partial Mode": "Finalize",
      "Parallel Aware": false,
      "Startup Cost": 122557.59,
      "Total Cost": 122557.6,
      "Plan Rows": 1,
      "Plan Width": 8,
      "Actual Startup Time": 853.267,
      "Actual Total Time": 874.264,
      "Actual Rows": 1,
      "Actual Loops": 1,
      "Plans": [
        {
          "Node Type": "Gather",
          "Parent Relationship": "Outer",
          "Parallel Aware": false,
          "Startup Cost": 122557.27,
          "Total Cost": 122557.58,
          "Plan Rows": 3,
          "Plan Width": 8,
          "Actual Startup Time": 848.216,
          "Actual Total Time": 874.255,
          "Actual Rows": 4,
          "Actual Loops": 1,
          "Workers Planned": 3,
          "Workers Launched": 3,
          "Single Copy": false,
          "Plans": [
            {
              "Node Type": "Aggregate",
              "Strategy": "Plain",
              "Partial Mode": "Partial",
              "Parent Relationship": "Outer",
              "Parallel Aware": false,
              "Startup Cost": 121557.27,
              "Total Cost": 121557.28,
              "Plan Rows": 1,
              "Plan Width": 8,
              "Actual Startup Time": 838.096,
              "Actual Total Time": 838.102,
              "Actual Rows": 1,
              "Actual Loops": 4,
              "Plans": [
                {
                  "Node Type": "Hash Join",
                  "Parent Relationship": "Outer",
                  "Parallel Aware": true,
                  "Join Type": "Inner",
                  "Startup Cost": 90490.77,
                  "Total Cost": 121250.0,
                  "Plan Rows": 122909,
                  "Plan Width": 0,
                  "Actual Startup Time": 443.673,
                  "Actual Total Time": 748.915,
                  "Actual Rows": 2243788,
                  "Actual Loops": 4,
                  "Inner Unique": false,
                  "Hash Cond": "(mc.movie_id = t.id)",
                  "Plans": [
                    {
                      "Node Type": "Seq Scan",
                      "Parent Relationship": "Outer",
                      "Parallel Aware": true,
                      "Relation Name": "movie_companies",
                      "Alias": "mc",
                      "Startup Cost": 0.0,
                      "Total Cost": 27206.55,
                      "Plan Rows": 841655,
                      "Plan Width": 4,
                      "Actual Startup Time": 0.018,
                      "Actual Total Time": 57.595,
                      "Actual Rows": 652282,
                      "Actual Loops": 4
                    },
                    {
                      "Node Type": "Hash",
                      "Parent Relationship": "Inner",
                      "Parallel Aware": true,
                      "Startup Cost": 89002.0,
                      "Total Cost": 89002.0,
                      "Plan Rows": 119101,
                      "Plan Width": 8,
                      "Actual Startup Time": 440.226,
                      "Actual Total Time": 440.23,
                      "Actual Rows": 307791,
                      "Actual Loops": 4,
                      "Hash Buckets": 2097152,
                      "Original Hash Buckets": 524288,
                      "Hash Batches": 1,
                      "Original Hash Batches": 1,
                      "Peak Memory Usage": 76896,
                      "Plans": [
                        {
                          "Node Type": "Hash Join",
                          "Parent Relationship": "Outer",
                          "Parallel Aware": true,
                          "Join Type": "Inner",
                          "Startup Cost": 46123.92,
                          "Total Cost": 89002.0,
                          "Plan Rows": 119101,
                          "Plan Width": 8,
                          "Actual Startup Time": 132.247,
                          "Actual Total Time": 345.584,
                          "Actual Rows": 307791,
                          "Actual Loops": 4,
                          "Inner Unique": true,
                          "Hash Cond": "(mk.movie_id = t.id)",
                          "Plans": [
                            {
                              "Node Type": "Seq Scan",
                              "Parent Relationship": "Outer",
                              "Parallel Aware": true,
                              "Relation Name": "movie_keyword",
                              "Alias": "mk",
                              "Startup Cost": 0.0,
                              "Total Cost": 39047.32,
                              "Plan Rows": 1459332,
                              "Plan Width": 4,
                              "Actual Startup Time": 0.022,
                              "Actual Total Time": 89.905,
                              "Actual Rows": 1130982,
                              "Actual Loops": 4
                            },
                            {
                              "Node Type": "Hash",
                              "Parent Relationship": "Inner",
                              "Parallel Aware": true,
                              "Startup Cost": 45479.1,
                              "Total Cost": 45479.1,
                              "Plan Rows": 51586,
                              "Plan Width": 4,
                              "Actual Startup Time": 131.285,
                              "Actual Total Time": 131.286,
                              "Actual Rows": 80145,
                              "Actual Loops": 4,
                              "Hash Buckets": 524288,
                              "Original Hash Buckets": 262144,
                              "Hash Batches": 1,
                              "Original Hash Batches": 1,
                              "Peak Memory Usage": 18752,
                              "Plans": [
                                {
                                  "Node Type": "Seq Scan",
                                  "Parent Relationship": "Outer",
                                  "Parallel Aware": true,
                                  "Relation Name": "title",
                                  "Alias": "t",
                                  "Startup Cost": 0.0,
                                  "Total Cost": 45479.1,
                                  "Plan Rows": 51586,
                                  "Plan Width": 4,
                                  "Actual Startup Time": 0.102,
                                  "Actual Total Time": 97.668,
                                  "Actual Rows": 80145,
                                  "Actual Loops": 4,
                                  "Filter": "((kind_id < 7) AND (production_year < 1982))",
                                  "Rows Removed by Filter": 551933
                                }
                              ]
                            }
                          ]
                        }
                      ]
                    }
                  ]
                }
              ]
            }
          ]
        }
      ]
    },
    "Planning Time": 1.477,
    "Triggers": [],
    "Execution Time": 874.346
  }
]