[
    {
        "Bao": {
            "Bao prediction": 452.335,
            "Bao recommended hint": "(no hint)"
        }
    },
    {
        "Plan": {
            "Node Type": "Aggregate",
            "Strategy": "Plain",
            "Partial Mode": "Finalize",
            "Parallel Aware": false,
            "Startup Cost": 200995.48,
            "Total Cost": 200995.49,
            "Plan Rows": 1,
            "Plan Width": 8,
            "Actual Startup Time": 454.068,
            "Actual Total Time": 486.001,
            "Actual Rows": 1,
            "Actual Loops": 1,
            "Output": [
                "count(*)"
            ],
            "Plans": [
                {
                    "Node Type": "Gather",
                    "Parent Relationship": "Outer",
                    "Parallel Aware": false,
                    "Startup Cost": 200994.95,
                    "Total Cost": 200995.46,
                    "Plan Rows": 5,
                    "Plan Width": 8,
                    "Actual Startup Time": 453.98,
                    "Actual Total Time": 485.992,
                    "Actual Rows": 6,
                    "Actual Loops": 1,
                    "Output": [
                        "(PARTIAL count(*))"
                    ],
                    "Workers Planned": 5,
                    "Workers Launched": 5,
                    "Single Copy": false,
                    "Plans": [
                        {
                            "Node Type": "Aggregate",
                            "Strategy": "Plain",
                            "Partial Mode": "Partial",
                            "Parent Relationship": "Outer",
                            "Parallel Aware": false,
                            "Startup Cost": 199994.95,
                            "Total Cost": 199994.96,
                            "Plan Rows": 1,
                            "Plan Width": 8,
                            "Actual Startup Time": 445.08,
                            "Actual Total Time": 445.081,
                            "Actual Rows": 1,
                            "Actual Loops": 6,
                            "Output": [
                                "PARTIAL count(*)"
                            ],
                            "Workers": [
                                {
                                    "Worker Number": 0,
                                    "Actual Startup Time": 442.859,
                                    "Actual Total Time": 442.86,
                                    "Actual Rows": 1,
                                    "Actual Loops": 1
                                },
                                {
                                    "Worker Number": 1,
                                    "Actual Startup Time": 443.167,
                                    "Actual Total Time": 443.168,
                                    "Actual Rows": 1,
                                    "Actual Loops": 1
                                },
                                {
                                    "Worker Number": 2,
                                    "Actual Startup Time": 443.238,
                                    "Actual Total Time": 443.239,
                                    "Actual Rows": 1,
                                    "Actual Loops": 1
                                },
                                {
                                    "Worker Number": 3,
                                    "Actual Startup Time": 443.866,
                                    "Actual Total Time": 443.868,
                                    "Actual Rows": 1,
                                    "Actual Loops": 1
                                },
                                {
                                    "Worker Number": 4,
                                    "Actual Startup Time": 444.109,
                                    "Actual Total Time": 444.11,
                                    "Actual Rows": 1,
                                    "Actual Loops": 1
                                }
                            ],
                            "Plans": [
                                {
                                    "Node Type": "Seq Scan",
                                    "Parent Relationship": "Outer",
                                    "Parallel Aware": true,
                                    "Relation Name": "movie_info",
                                    "Schema": "public",
                                    "Alias": "mi",
                                    "Startup Cost": 0.0,
                                    "Total Cost": 198880.74,
                                    "Plan Rows": 445687,
                                    "Plan Width": 0,
                                    "Actual Startup Time": 33.312,
                                    "Actual Total Time": 419.998,
                                    "Actual Rows": 372308,
                                    "Actual Loops": 6,
                                    "Output": [
                                        "id",
                                        "movie_id",
                                        "info_type_id",
                                        "info",
                                        "note"
                                    ],
                                    "Filter": "(mi.info_type_id > 16)",
                                    "Rows Removed by Filter": 2100312,
                                    "Workers": [
                                        {
                                            "Worker Number": 0,
                                            "Actual Startup Time": 31.101,
                                            "Actual Total Time": 420.142,
                                            "Actual Rows": 331510,
                                            "Actual Loops": 1
                                        },
                                        {
                                            "Worker Number": 1,
                                            "Actual Startup Time": 31.401,
                                            "Actual Total Time": 420.081,
                                            "Actual Rows": 338385,
                                            "Actual Loops": 1
                                        },
                                        {
                                            "Worker Number": 2,
                                            "Actual Startup Time": 31.467,
                                            "Actual Total Time": 420.382,
                                            "Actual Rows": 334894,
                                            "Actual Loops": 1
                                        },
                                        {
                                            "Worker Number": 3,
                                            "Actual Startup Time": 32.112,
                                            "Actual Total Time": 420.768,
                                            "Actual Rows": 338485,
                                            "Actual Loops": 1
                                        },
                                        {
                                            "Worker Number": 4,
                                            "Actual Startup Time": 32.341,
                                            "Actual Total Time": 421.04,
                                            "Actual Rows": 337945,
                                            "Actual Loops": 1
                                        }
                                    ]
                                }
                            ]
                        }
                    ]
                }
            ]
        },
        "Planning Time": 2698.521,
        "Triggers": [],
        "Execution Time": 486.101
    }
]