{
  "Plan": {
    "Node Type": "Aggregate",
    "Strategy": "Plain",
    "Partial Mode": "Finalize",
    "Parallel Aware": false,
    "Startup Cost": 507326.65,
    "Total Cost": 507326.66,
    "Plan Rows": 1,
    "Plan Width": 8,
    "Actual Startup Time": 1206.085,
    "Actual Total Time": 1233.079,
    "Actual Rows": 1,
    "Actual Loops": 1,
    "Plans": [
      {
        "Node Type": "Gather",
        "Parent Relationship": "Outer",
        "Parallel Aware": false,
        "Startup Cost": 507326.54,
        "Total Cost": 507326.65,
        "Plan Rows": 1,
        "Plan Width": 8,
        "Actual Startup Time": 1205.126,
        "Actual Total Time": 1233.07,
        "Actual Rows": 2,
        "Actual Loops": 1,
        "Workers Planned": 1,
        "Workers Launched": 1,
        "Single Copy": false,
        "Plans": [
          {
            "Node Type": "Aggregate",
            "Strategy": "Plain",
            "Partial Mode": "Partial",
            "Parent Relationship": "Outer",
            "Parallel Aware": false,
            "Startup Cost": 506326.54,
            "Total Cost": 506326.55,
            "Plan Rows": 1,
            "Plan Width": 8,
            "Actual Startup Time": 1199.388,
            "Actual Total Time": 1199.392,
            "Actual Rows": 1,
            "Actual Loops": 2,
            "Plans": [
              {
                "Node Type": "Hash Join",
                "Parent Relationship": "Outer",
                "Parallel Aware": true,
                "Join Type": "Inner",
                "Startup Cost": 197505.13,
                "Total Cost": 505997.21,
                "Plan Rows": 131730,
                "Plan Width": 0,
                "Actual Startup Time": 427.709,
                "Actual Total Time": 1193.362,
                "Actual Rows": 128370,
                "Actual Loops": 2,
                "Inner Unique": true,
                "Hash Cond": "(ci.movie_id = t.id)",
                "Plans": [
                  {
                    "Node Type": "Bitmap Heap Scan",
                    "Parent Relationship": "Outer",
                    "Parallel Aware": true,
                    "Relation Name": "cast_info",
                    "Alias": "ci",
                    "Startup Cost": 138534.93,
                    "Total Cost": 437341.82,
                    "Plan Rows": 3689591,
                    "Plan Width": 4,
                    "Actual Startup Time": 267.904,
                    "Actual Total Time": 624.565,
                    "Actual Rows": 3234850,
                    "Actual Loops": 2,
                    "Recheck Cond": "(person_id < 624668)",
                    "Rows Removed by Index Recheck": 0,
                    "Exact Heap Blocks": 37979,
                    "Lossy Heap Blocks": 0,
                    "Plans": [
                      {
                        "Node Type": "Bitmap Index Scan",
                        "Parent Relationship": "Outer",
                        "Parallel Aware": false,
                        "Index Name": "person_id_cast_info",
                        "Startup Cost": 0.0,
                        "Total Cost": 136966.85,
                        "Plan Rows": 6272305,
                        "Plan Width": 0,
                        "Actual Startup Time": 255.926,
                        "Actual Total Time": 255.926,
                        "Actual Rows": 6469700,
                        "Actual Loops": 1,
                        "Index Cond": "(person_id < 624668)"
                      }
                    ]
                  },
                  {
                    "Node Type": "Hash",
                    "Parent Relationship": "Inner",
                    "Parallel Aware": true,
                    "Startup Cost": 58306.47,
                    "Total Cost": 58306.47,
                    "Plan Rows": 53099,
                    "Plan Width": 4,
                    "Actual Startup Time": 157.424,
                    "Actual Total Time": 157.425,
                    "Actual Rows": 50377,
                    "Actual Loops": 2,
                    "Hash Buckets": 131072,
                    "Original Hash Buckets": 131072,
                    "Hash Batches": 1,
                    "Original Hash Batches": 1,
                    "Peak Memory Usage": 5024,
                    "Plans": [
                      {
                        "Node Type": "Seq Scan",
                        "Parent Relationship": "Outer",
                        "Parallel Aware": true,
                        "Relation Name": "title",
                        "Alias": "t",
                        "Startup Cost": 0.0,
                        "Total Cost": 58306.47,
                        "Plan Rows": 53099,
                        "Plan Width": 4,
                        "Actual Startup Time": 0.035,
                        "Actual Total Time": 140.887,
                        "Actual Rows": 50377,
                        "Actual Loops": 2,
                        "Filter": "((kind_id > 1) AND (production_year = 2008))",
                        "Rows Removed by Filter": 1213779
                      }
                    ]
                  }
                ]
              }
            ]
          }
        ]
      }
    ]
  },
  "Planning Time": 0.403,
  "Triggers": [],
  "Execution Time": 1233.182
}