[
  {
    "Plan": {
      "Node Type": "Aggregate",
      "Strategy": "Plain",
      "Partial Mode": "Finalize",
      "Parallel Aware": false,
      "Startup Cost": 33131.12,
      "Total Cost": 33131.13,
      "Plan Rows": 1,
      "Plan Width": 8,
      "Actual Startup Time": 97.468,
      "Actual Total Time": 104.458,
      "Actual Rows": 1,
      "Actual Loops": 1,
      "Plans": [
        {
          "Node Type": "Gather",
          "Parent Relationship": "Outer",
          "Parallel Aware": false,
          "Startup Cost": 33130.8,
          "Total Cost": 33131.11,
          "Plan Rows": 3,
          "Plan Width": 8,
          "Actual Startup Time": 97.187,
          "Actual Total Time": 104.451,
          "Actual Rows": 4,
          "Actual Loops": 1,
          "Workers Planned": 3,
          "Workers Launched": 3,
          "Single Copy": false,
          "Plans": [
            {
              "Node Type": "Aggregate",
              "Strategy": "Plain",
              "Partial Mode": "Partial",
              "Parent Relationship": "Outer",
              "Parallel Aware": false,
              "Startup Cost": 32130.8,
              "Total Cost": 32130.81,
              "Plan Rows": 1,
              "Plan Width": 8,
              "Actual Startup Time": 92.413,
              "Actual Total Time": 92.414,
              "Actual Rows": 1,
              "Actual Loops": 4,
              "Plans": [
                {
                  "Node Type": "Bitmap Heap Scan",
                  "Parent Relationship": "Outer",
                  "Parallel Aware": true,
                  "Relation Name": "movie_keyword",
                  "Alias": "mk",
                  "Startup Cost": 6251.42,
                  "Total Cost": 31893.24,
                  "Plan Rows": 95025,
                  "Plan Width": 0,
                  "Actual Startup Time": 28.14,
                  "Actual Total Time": 87.893,
                  "Actual Rows": 72925,
                  "Actual Loops": 4,
                  "Recheck Cond": "(keyword_id > 55237)",
                  "Rows Removed by Index Recheck": 0,
                  "Exact Heap Blocks": 11344,
                  "Lossy Heap Blocks": 0,
                  "Plans": [
                    {
                      "Node Type": "Bitmap Index Scan",
                      "Parent Relationship": "Outer",
                      "Parallel Aware": false,
                      "Index Name": "keyword_id_movie_keyword",
                      "Startup Cost": 0.0,
                      "Total Cost": 6177.77,
                      "Plan Rows": 294579,
                      "Plan Width": 0,
                      "Actual Startup Time": 28.77,
                      "Actual Total Time": 28.77,
                      "Actual Rows": 291701,
                      "Actual Loops": 1,
                      "Index Cond": "(keyword_id > 55237)"
                    }
                  ]
                }
              ]
            }
          ]
        }
      ]
    },
    "Planning Time": 0.115,
    "Triggers": [],
    "Execution Time": 104.507
  }
]