[
  {
    "Plan": {
      "Node Type": "Aggregate",
      "Strategy": "Plain",
      "Partial Mode": "Finalize",
      "Parallel Aware": false,
      "Startup Cost": 340990.71,
      "Total Cost": 340990.72,
      "Plan Rows": 1,
      "Plan Width": 8,
      "Actual Startup Time": 829.796,
      "Actual Total Time": 887.272,
      "Actual Rows": 1,
      "Actual Loops": 1,
      "Plans": [
        {
          "Node Type": "Gather",
          "Parent Relationship": "Outer",
          "Parallel Aware": false,
          "Startup Cost": 340990.09,
          "Total Cost": 340990.7,
          "Plan Rows": 6,
          "Plan Width": 8,
          "Actual Startup Time": 829.691,
          "Actual Total Time": 887.26,
          "Actual Rows": 7,
          "Actual Loops": 1,
          "Workers Planned": 6,
          "Workers Launched": 6,
          "Single Copy": false,
          "Plans": [
            {
              "Node Type": "Aggregate",
              "Strategy": "Plain",
              "Partial Mode": "Partial",
              "Parent Relationship": "Outer",
              "Parallel Aware": false,
              "Startup Cost": 339990.09,
              "Total Cost": 339990.1,
              "Plan Rows": 1,
              "Plan Width": 8,
              "Actual Startup Time": 820.566,
              "Actual Total Time": 820.567,
              "Actual Rows": 1,
              "Actual Loops": 7,
              "Plans": [
                {
                  "Node Type": "Seq Scan",
                  "Parent Relationship": "Outer",
                  "Parallel Aware": true,
                  "Relation Name": "cast_info",
                  "Alias": "ci",
                  "Startup Cost": 0.0,
                  "Total Cost": 328162.03,
                  "Plan Rows": 4731225,
                  "Plan Width": 0,
                  "Actual Startup Time": 98.598,
                  "Actual Total Time": 642.623,
                  "Actual Rows": 4034900,
                  "Actual Loops": 7,
                  "Filter": "(person_id > 782164)",
                  "Rows Removed by Filter": 1142863
                }
              ]
            }
          ]
        }
      ]
    },
    "Planning Time": 0.24,
    "Triggers": [],
    "Execution Time": 887.348
  }
]