[
  {
    "Plan": {
      "Node Type": "Aggregate",
      "Strategy": "Plain",
      "Partial Mode": "Finalize",
      "Parallel Aware": false,
      "Startup Cost": 33336.75,
      "Total Cost": 33336.76,
      "Plan Rows": 1,
      "Plan Width": 8,
      "Actual Startup Time": 102.547,
      "Actual Total Time": 110.663,
      "Actual Rows": 1,
      "Actual Loops": 1,
      "Plans": [
        {
          "Node Type": "Gather",
          "Parent Relationship": "Outer",
          "Parallel Aware": false,
          "Startup Cost": 33336.43,
          "Total Cost": 33336.74,
          "Plan Rows": 3,
          "Plan Width": 8,
          "Actual Startup Time": 102.453,
          "Actual Total Time": 110.656,
          "Actual Rows": 4,
          "Actual Loops": 1,
          "Workers Planned": 3,
          "Workers Launched": 3,
          "Single Copy": false,
          "Plans": [
            {
              "Node Type": "Aggregate",
              "Strategy": "Plain",
              "Partial Mode": "Partial",
              "Parent Relationship": "Outer",
              "Parallel Aware": false,
              "Startup Cost": 32336.43,
              "Total Cost": 32336.44,
              "Plan Rows": 1,
              "Plan Width": 8,
              "Actual Startup Time": 94.541,
              "Actual Total Time": 94.542,
              "Actual Rows": 1,
              "Actual Loops": 4,
              "Plans": [
                {
                  "Node Type": "Seq Scan",
                  "Parent Relationship": "Outer",
                  "Parallel Aware": true,
                  "Relation Name": "movie_companies",
                  "Alias": "mc",
                  "Startup Cost": 0.0,
                  "Total Cost": 31414.82,
                  "Plan Rows": 368644,
                  "Plan Width": 0,
                  "Actual Startup Time": 47.307,
                  "Actual Total Time": 82.716,
                  "Actual Rows": 314013,
                  "Actual Loops": 4,
                  "Filter": "((company_id > 171) AND (company_type_id > 1))",
                  "Rows Removed by Filter": 338269
                }
              ]
            }
          ]
        }
      ]
    },
    "Planning Time": 0.214,
    "Triggers": [],
    "Execution Time": 110.719
  }
]