[
    {
        "Bao": {
            "Bao prediction": 494.151,
            "Bao recommended hint": "(no hint)"
        }
    },
    {
        "Plan": {
            "Node Type": "Aggregate",
            "Strategy": "Plain",
            "Partial Mode": "Finalize",
            "Parallel Aware": false,
            "Startup Cost": 32201.08,
            "Total Cost": 32201.09,
            "Plan Rows": 1,
            "Plan Width": 8,
            "Actual Startup Time": 157.151,
            "Actual Total Time": 163.133,
            "Actual Rows": 1,
            "Actual Loops": 1,
            "Output": [
                "count(*)"
            ],
            "Plans": [
                {
                    "Node Type": "Gather",
                    "Parent Relationship": "Outer",
                    "Parallel Aware": false,
                    "Startup Cost": 32200.76,
                    "Total Cost": 32201.07,
                    "Plan Rows": 3,
                    "Plan Width": 8,
                    "Actual Startup Time": 157.053,
                    "Actual Total Time": 163.125,
                    "Actual Rows": 4,
                    "Actual Loops": 1,
                    "Output": [
                        "(PARTIAL count(*))"
                    ],
                    "Workers Planned": 3,
                    "Workers Launched": 3,
                    "Single Copy": false,
                    "Plans": [
                        {
                            "Node Type": "Aggregate",
                            "Strategy": "Plain",
                            "Partial Mode": "Partial",
                            "Parent Relationship": "Outer",
                            "Parallel Aware": false,
                            "Startup Cost": 31200.76,
                            "Total Cost": 31200.77,
                            "Plan Rows": 1,
                            "Plan Width": 8,
                            "Actual Startup Time": 149.26,
                            "Actual Total Time": 149.261,
                            "Actual Rows": 1,
                            "Actual Loops": 4,
                            "Output": [
                                "PARTIAL count(*)"
                            ],
                            "Workers": [
                                {
                                    "Worker Number": 0,
                                    "Actual Startup Time": 146.711,
                                    "Actual Total Time": 146.712,
                                    "Actual Rows": 1,
                                    "Actual Loops": 1
                                },
                                {
                                    "Worker Number": 1,
                                    "Actual Startup Time": 146.836,
                                    "Actual Total Time": 146.838,
                                    "Actual Rows": 1,
                                    "Actual Loops": 1
                                },
                                {
                                    "Worker Number": 2,
                                    "Actual Startup Time": 147.054,
                                    "Actual Total Time": 147.055,
                                    "Actual Rows": 1,
                                    "Actual Loops": 1
                                }
                            ],
                            "Plans": [
                                {
                                    "Node Type": "Seq Scan",
                                    "Parent Relationship": "Outer",
                                    "Parallel Aware": true,
                                    "Relation Name": "movie_companies",
                                    "Schema": "public",
                                    "Alias": "mc",
                                    "Startup Cost": 0.0,
                                    "Total Cost": 29310.68,
                                    "Plan Rows": 756033,
                                    "Plan Width": 0,
                                    "Actual Startup Time": 0.097,
                                    "Actual Total Time": 108.125,
                                    "Actual Rows": 586694,
                                    "Actual Loops": 4,
                                    "Output": [
                                        "id",
                                        "movie_id",
                                        "company_id",
                                        "company_type_id",
                                        "note"
                                    ],
                                    "Filter": "(mc.company_id > 133)",
                                    "Rows Removed by Filter": 65588,
                                    "Workers": [
                                        {
                                            "Worker Number": 0,
                                            "Actual Startup Time": 0.057,
                                            "Actual Total Time": 107.21,
                                            "Actual Rows": 556076,
                                            "Actual Loops": 1
                                        },
                                        {
                                            "Worker Number": 1,
                                            "Actual Startup Time": 0.059,
                                            "Actual Total Time": 107.231,
                                            "Actual Rows": 556339,
                                            "Actual Loops": 1
                                        },
                                        {
                                            "Worker Number": 2,
                                            "Actual Startup Time": 0.062,
                                            "Actual Total Time": 107.839,
                                            "Actual Rows": 553567,
                                            "Actual Loops": 1
                                        }
                                    ]
                                }
                            ]
                        }
                    ]
                }
            ]
        },
        "Planning Time": 710.019,
        "Triggers": [],
        "Execution Time": 163.218
    }
]