[
  {
    "Plan": {
      "Node Type": "Aggregate",
      "Strategy": "Plain",
      "Partial Mode": "Finalize",
      "Parallel Aware": false,
      "Startup Cost": 349393.12,
      "Total Cost": 349393.13,
      "Plan Rows": 1,
      "Plan Width": 8,
      "Actual Startup Time": 765.251,
      "Actual Total Time": 814.082,
      "Actual Rows": 1,
      "Actual Loops": 1,
      "Plans": [
        {
          "Node Type": "Gather",
          "Parent Relationship": "Outer",
          "Parallel Aware": false,
          "Startup Cost": 349392.49,
          "Total Cost": 349393.1,
          "Plan Rows": 6,
          "Plan Width": 8,
          "Actual Startup Time": 765.056,
          "Actual Total Time": 814.072,
          "Actual Rows": 7,
          "Actual Loops": 1,
          "Workers Planned": 6,
          "Workers Launched": 6,
          "Single Copy": false,
          "Plans": [
            {
              "Node Type": "Aggregate",
              "Strategy": "Plain",
              "Partial Mode": "Partial",
              "Parent Relationship": "Outer",
              "Parallel Aware": false,
              "Startup Cost": 348392.49,
              "Total Cost": 348392.5,
              "Plan Rows": 1,
              "Plan Width": 8,
              "Actual Startup Time": 756.397,
              "Actual Total Time": 756.398,
              "Actual Rows": 1,
              "Actual Loops": 7,
              "Plans": [
                {
                  "Node Type": "Seq Scan",
                  "Parent Relationship": "Outer",
                  "Parallel Aware": true,
                  "Relation Name": "cast_info",
                  "Alias": "ci",
                  "Startup Cost": 0.0,
                  "Total Cost": 343316.27,
                  "Plan Rows": 2030489,
                  "Plan Width": 0,
                  "Actual Startup Time": 255.059,
                  "Actual Total Time": 703.232,
                  "Actual Rows": 897423,
                  "Actual Loops": 7,
                  "Filter": "((person_id < 1890097) AND (role_id > 1))",
                  "Rows Removed by Filter": 4280340
                }
              ]
            }
          ]
        }
      ]
    },
    "Planning Time": 0.172,
    "Triggers": [],
    "Execution Time": 814.137
  }
]