[
    {
        "Bao": {
            "Bao prediction": "NaN",
            "Bao recommended hint": "(no hint)"
        }
    },
    {
        "Plan": {
            "Node Type": "Aggregate",
            "Strategy": "Plain",
            "Partial Mode": "Finalize",
            "Parallel Aware": false,
            "Startup Cost": 29807.46,
            "Total Cost": 29807.47,
            "Plan Rows": 1,
            "Plan Width": 8,
            "Actual Startup Time": 92.41,
            "Actual Total Time": 98.56,
            "Actual Rows": 1,
            "Actual Loops": 1,
            "Output": [
                "count(*)"
            ],
            "Plans": [
                {
                    "Node Type": "Gather",
                    "Parent Relationship": "Outer",
                    "Parallel Aware": false,
                    "Startup Cost": 29807.14,
                    "Total Cost": 29807.45,
                    "Plan Rows": 3,
                    "Plan Width": 8,
                    "Actual Startup Time": 92.067,
                    "Actual Total Time": 98.55,
                    "Actual Rows": 4,
                    "Actual Loops": 1,
                    "Output": [
                        "(PARTIAL count(*))"
                    ],
                    "Workers Planned": 3,
                    "Workers Launched": 3,
                    "Single Copy": false,
                    "Plans": [
                        {
                            "Node Type": "Aggregate",
                            "Strategy": "Plain",
                            "Partial Mode": "Partial",
                            "Parent Relationship": "Outer",
                            "Parallel Aware": false,
                            "Startup Cost": 28807.14,
                            "Total Cost": 28807.15,
                            "Plan Rows": 1,
                            "Plan Width": 8,
                            "Actual Startup Time": 83.327,
                            "Actual Total Time": 83.329,
                            "Actual Rows": 1,
                            "Actual Loops": 4,
                            "Output": [
                                "PARTIAL count(*)"
                            ],
                            "Workers": [
                                {
                                    "Worker Number": 0,
                                    "Actual Startup Time": 80.504,
                                    "Actual Total Time": 80.506,
                                    "Actual Rows": 1,
                                    "Actual Loops": 1
                                },
                                {
                                    "Worker Number": 1,
                                    "Actual Startup Time": 80.611,
                                    "Actual Total Time": 80.613,
                                    "Actual Rows": 1,
                                    "Actual Loops": 1
                                },
                                {
                                    "Worker Number": 2,
                                    "Actual Startup Time": 80.496,
                                    "Actual Total Time": 80.498,
                                    "Actual Rows": 1,
                                    "Actual Loops": 1
                                }
                            ],
                            "Plans": [
                                {
                                    "Node Type": "Bitmap Heap Scan",
                                    "Parent Relationship": "Outer",
                                    "Parallel Aware": true,
                                    "Relation Name": "movie_companies",
                                    "Schema": "public",
                                    "Alias": "mc",
                                    "Startup Cost": 8188.81,
                                    "Total Cost": 28502.42,
                                    "Plan Rows": 121889,
                                    "Plan Width": 0,
                                    "Actual Startup Time": 21.165,
                                    "Actual Total Time": 75.449,
                                    "Actual Rows": 93524,
                                    "Actual Loops": 4,
                                    "Recheck Cond": "(mc.company_id < 215)",
                                    "Rows Removed by Index Recheck": 0,
                                    "Exact Heap Blocks": 7052,
                                    "Lossy Heap Blocks": 0,
                                    "Workers": [
                                        {
                                            "Worker Number": 0,
                                            "Actual Startup Time": 18.472,
                                            "Actual Total Time": 73.567,
                                            "Actual Rows": 74065,
                                            "Actual Loops": 1
                                        },
                                        {
                                            "Worker Number": 1,
                                            "Actual Startup Time": 18.578,
                                            "Actual Total Time": 73.846,
                                            "Actual Rows": 72801,
                                            "Actual Loops": 1
                                        },
                                        {
                                            "Worker Number": 2,
                                            "Actual Startup Time": 18.327,
                                            "Actual Total Time": 73.582,
                                            "Actual Rows": 61878,
                                            "Actual Loops": 1
                                        }
                                    ],
                                    "Plans": [
                                        {
                                            "Node Type": "Bitmap Index Scan",
                                            "Parent Relationship": "Outer",
                                            "Parallel Aware": false,
                                            "Index Name": "company_id_movie_companies",
                                            "Startup Cost": 0.0,
                                            "Total Cost": 8094.34,
                                            "Plan Rows": 377855,
                                            "Plan Width": 0,
                                            "Actual Startup Time": 25.04,
                                            "Actual Total Time": 25.041,
                                            "Actual Rows": 374097,
                                            "Actual Loops": 1,
                                            "Index Cond": "(mc.company_id < 215)"
                                        }
                                    ]
                                }
                            ]
                        }
                    ]
                }
            ]
        },
        "Planning Time": 295.754,
        "Triggers": [],
        "Execution Time": 98.64
    }
]