[
  {
    "Plan": {
      "Node Type": "Aggregate",
      "Strategy": "Plain",
      "Partial Mode": "Finalize",
      "Parallel Aware": false,
      "Startup Cost": 43735.86,
      "Total Cost": 43735.87,
      "Plan Rows": 1,
      "Plan Width": 8,
      "Actual Startup Time": 179.178,
      "Actual Total Time": 191.702,
      "Actual Rows": 1,
      "Actual Loops": 1,
      "Plans": [
        {
          "Node Type": "Gather",
          "Parent Relationship": "Outer",
          "Parallel Aware": false,
          "Startup Cost": 43735.54,
          "Total Cost": 43735.85,
          "Plan Rows": 3,
          "Plan Width": 8,
          "Actual Startup Time": 178.708,
          "Actual Total Time": 191.679,
          "Actual Rows": 4,
          "Actual Loops": 1,
          "Workers Planned": 3,
          "Workers Launched": 3,
          "Single Copy": false,
          "Plans": [
            {
              "Node Type": "Aggregate",
              "Strategy": "Plain",
              "Partial Mode": "Partial",
              "Parent Relationship": "Outer",
              "Parallel Aware": false,
              "Startup Cost": 42735.54,
              "Total Cost": 42735.55,
              "Plan Rows": 1,
              "Plan Width": 8,
              "Actual Startup Time": 169.755,
              "Actual Total Time": 169.757,
              "Actual Rows": 1,
              "Actual Loops": 4,
              "Plans": [
                {
                  "Node Type": "Bitmap Heap Scan",
                  "Parent Relationship": "Outer",
                  "Parallel Aware": true,
                  "Relation Name": "movie_keyword",
                  "Alias": "mk",
                  "Startup Cost": 14886.37,
                  "Total Cost": 42169.68,
                  "Plan Rows": 226345,
                  "Plan Width": 0,
                  "Actual Startup Time": 50.772,
                  "Actual Total Time": 155.856,
                  "Actual Rows": 176297,
                  "Actual Loops": 4,
                  "Recheck Cond": "(keyword_id < 589)",
                  "Rows Removed by Index Recheck": 0,
                  "Exact Heap Blocks": 8203,
                  "Lossy Heap Blocks": 0,
                  "Plans": [
                    {
                      "Node Type": "Bitmap Index Scan",
                      "Parent Relationship": "Outer",
                      "Parallel Aware": false,
                      "Index Name": "keyword_id_movie_keyword",
                      "Startup Cost": 0.0,
                      "Total Cost": 14710.95,
                      "Plan Rows": 701669,
                      "Plan Width": 0,
                      "Actual Startup Time": 53.46,
                      "Actual Total Time": 53.461,
                      "Actual Rows": 705187,
                      "Actual Loops": 1,
                      "Index Cond": "(keyword_id < 589)"
                    }
                  ]
                }
              ]
            }
          ]
        }
      ]
    },
    "Planning Time": 0.105,
    "Triggers": [],
    "Execution Time": 191.756
  }
]