[
    {
        "Bao": {
            "Bao prediction": "NaN",
            "Bao recommended hint": "(no hint)"
        }
    },
    {
        "Plan": {
            "Node Type": "Aggregate",
            "Strategy": "Plain",
            "Partial Mode": "Finalize",
            "Parallel Aware": false,
            "Startup Cost": 43503.63,
            "Total Cost": 43503.64,
            "Plan Rows": 1,
            "Plan Width": 8,
            "Actual Startup Time": 168.129,
            "Actual Total Time": 174.708,
            "Actual Rows": 1,
            "Actual Loops": 1,
            "Output": [
                "count(*)"
            ],
            "Plans": [
                {
                    "Node Type": "Gather",
                    "Parent Relationship": "Outer",
                    "Parallel Aware": false,
                    "Startup Cost": 43503.31,
                    "Total Cost": 43503.62,
                    "Plan Rows": 3,
                    "Plan Width": 8,
                    "Actual Startup Time": 167.764,
                    "Actual Total Time": 174.698,
                    "Actual Rows": 4,
                    "Actual Loops": 1,
                    "Output": [
                        "(PARTIAL count(*))"
                    ],
                    "Workers Planned": 3,
                    "Workers Launched": 3,
                    "Single Copy": false,
                    "Plans": [
                        {
                            "Node Type": "Aggregate",
                            "Strategy": "Plain",
                            "Partial Mode": "Partial",
                            "Parent Relationship": "Outer",
                            "Parallel Aware": false,
                            "Startup Cost": 42503.31,
                            "Total Cost": 42503.32,
                            "Plan Rows": 1,
                            "Plan Width": 8,
                            "Actual Startup Time": 158.713,
                            "Actual Total Time": 158.715,
                            "Actual Rows": 1,
                            "Actual Loops": 4,
                            "Output": [
                                "PARTIAL count(*)"
                            ],
                            "Workers": [
                                {
                                    "Worker Number": 0,
                                    "Actual Startup Time": 155.478,
                                    "Actual Total Time": 155.479,
                                    "Actual Rows": 1,
                                    "Actual Loops": 1
                                },
                                {
                                    "Worker Number": 1,
                                    "Actual Startup Time": 156.012,
                                    "Actual Total Time": 156.013,
                                    "Actual Rows": 1,
                                    "Actual Loops": 1
                                },
                                {
                                    "Worker Number": 2,
                                    "Actual Startup Time": 156.242,
                                    "Actual Total Time": 156.244,
                                    "Actual Rows": 1,
                                    "Actual Loops": 1
                                }
                            ],
                            "Plans": [
                                {
                                    "Node Type": "Bitmap Heap Scan",
                                    "Parent Relationship": "Outer",
                                    "Parallel Aware": true,
                                    "Relation Name": "movie_keyword",
                                    "Schema": "public",
                                    "Alias": "mk",
                                    "Startup Cost": 14697.28,
                                    "Total Cost": 41944.64,
                                    "Plan Rows": 223469,
                                    "Plan Width": 0,
                                    "Actual Startup Time": 55.938,
                                    "Actual Total Time": 146.745,
                                    "Actual Rows": 169135,
                                    "Actual Loops": 4,
                                    "Recheck Cond": "(mk.keyword_id > 27692)",
                                    "Rows Removed by Index Recheck": 0,
                                    "Exact Heap Blocks": 8565,
                                    "Lossy Heap Blocks": 0,
                                    "Workers": [
                                        {
                                            "Worker Number": 0,
                                            "Actual Startup Time": 52.793,
                                            "Actual Total Time": 144.556,
                                            "Actual Rows": 127685,
                                            "Actual Loops": 1
                                        },
                                        {
                                            "Worker Number": 1,
                                            "Actual Startup Time": 53.321,
                                            "Actual Total Time": 145.225,
                                            "Actual Rows": 126702,
                                            "Actual Loops": 1
                                        },
                                        {
                                            "Worker Number": 2,
                                            "Actual Startup Time": 53.649,
                                            "Actual Total Time": 145.697,
                                            "Actual Rows": 174466,
                                            "Actual Loops": 1
                                        }
                                    ],
                                    "Plans": [
                                        {
                                            "Node Type": "Bitmap Index Scan",
                                            "Parent Relationship": "Outer",
                                            "Parallel Aware": false,
                                            "Index Name": "keyword_id_movie_keyword",
                                            "Startup Cost": 0.0,
                                            "Total Cost": 14524.09,
                                            "Plan Rows": 692754,
                                            "Plan Width": 0,
                                            "Actual Startup Time": 58.412,
                                            "Actual Total Time": 58.413,
                                            "Actual Rows": 676540,
                                            "Actual Loops": 1,
                                            "Index Cond": "(mk.keyword_id > 27692)"
                                        }
                                    ]
                                }
                            ]
                        }
                    ]
                }
            ]
        },
        "Planning Time": 323.585,
        "Triggers": [],
        "Execution Time": 174.811
    }
]