[
  {
    "Plan": {
      "Node Type": "Aggregate",
      "Strategy": "Plain",
      "Partial Mode": "Finalize",
      "Parallel Aware": false,
      "Startup Cost": 343334.17,
      "Total Cost": 343334.18,
      "Plan Rows": 1,
      "Plan Width": 8,
      "Actual Startup Time": 1019.351,
      "Actual Total Time": 1071.035,
      "Actual Rows": 1,
      "Actual Loops": 1,
      "Plans": [
        {
          "Node Type": "Gather",
          "Parent Relationship": "Outer",
          "Parallel Aware": false,
          "Startup Cost": 343333.55,
          "Total Cost": 343334.16,
          "Plan Rows": 6,
          "Plan Width": 8,
          "Actual Startup Time": 1019.173,
          "Actual Total Time": 1071.018,
          "Actual Rows": 7,
          "Actual Loops": 1,
          "Workers Planned": 6,
          "Workers Launched": 6,
          "Single Copy": false,
          "Plans": [
            {
              "Node Type": "Aggregate",
              "Strategy": "Plain",
              "Partial Mode": "Partial",
              "Parent Relationship": "Outer",
              "Parallel Aware": false,
              "Startup Cost": 342333.55,
              "Total Cost": 342333.56,
              "Plan Rows": 1,
              "Plan Width": 8,
              "Actual Startup Time": 1010.014,
              "Actual Total Time": 1010.016,
              "Actual Rows": 1,
              "Actual Loops": 7,
              "Plans": [
                {
                  "Node Type": "Seq Scan",
                  "Parent Relationship": "Outer",
                  "Parallel Aware": true,
                  "Relation Name": "cast_info",
                  "Alias": "ci",
                  "Startup Cost": 0.0,
                  "Total Cost": 328211.39,
                  "Plan Rows": 5648863,
                  "Plan Width": 0,
                  "Actual Startup Time": 45.666,
                  "Actual Total Time": 739.462,
                  "Actual Rows": 4830522,
                  "Actual Loops": 7,
                  "Filter": "(person_id > 236085)",
                  "Rows Removed by Filter": 347241
                }
              ]
            }
          ]
        }
      ]
    },
    "Planning Time": 0.147,
    "Triggers": [],
    "Execution Time": 1071.103
  }
]