[
  {
    "Plan": {
      "Node Type": "Aggregate",
      "Strategy": "Plain",
      "Partial Mode": "Finalize",
      "Parallel Aware": false,
      "Startup Cost": 108356.87,
      "Total Cost": 108356.88,
      "Plan Rows": 1,
      "Plan Width": 8,
      "Actual Startup Time": 176.086,
      "Actual Total Time": 193.632,
      "Actual Rows": 1,
      "Actual Loops": 1,
      "Plans": [
        {
          "Node Type": "Gather",
          "Parent Relationship": "Outer",
          "Parallel Aware": false,
          "Startup Cost": 108356.35,
          "Total Cost": 108356.85,
          "Plan Rows": 5,
          "Plan Width": 8,
          "Actual Startup Time": 175.943,
          "Actual Total Time": 193.621,
          "Actual Rows": 6,
          "Actual Loops": 1,
          "Workers Planned": 5,
          "Workers Launched": 5,
          "Single Copy": false,
          "Plans": [
            {
              "Node Type": "Aggregate",
              "Strategy": "Plain",
              "Partial Mode": "Partial",
              "Parent Relationship": "Outer",
              "Parallel Aware": false,
              "Startup Cost": 107356.35,
              "Total Cost": 107356.35,
              "Plan Rows": 1,
              "Plan Width": 8,
              "Actual Startup Time": 165.768,
              "Actual Total Time": 165.769,
              "Actual Rows": 1,
              "Actual Loops": 6,
              "Plans": [
                {
                  "Node Type": "Index Scan",
                  "Parent Relationship": "Outer",
                  "Parallel Aware": true,
                  "Scan Direction": "Forward",
                  "Index Name": "role_id_cast_info",
                  "Relation Name": "cast_info",
                  "Alias": "ci",
                  "Startup Cost": 0.56,
                  "Total Cost": 107159.34,
                  "Plan Rows": 78804,
                  "Plan Width": 0,
                  "Actual Startup Time": 0.266,
                  "Actual Total Time": 161.913,
                  "Actual Rows": 48235,
                  "Actual Loops": 6,
                  "Index Cond": "(role_id = 3)",
                  "Rows Removed by Index Recheck": 0,
                  "Filter": "(person_id < 360944)",
                  "Rows Removed by Filter": 619771
                }
              ]
            }
          ]
        }
      ]
    },
    "Planning Time": 0.314,
    "Triggers": [],
    "Execution Time": 193.703
  }
]