{
  "Plan": {
    "Node Type": "Aggregate",
    "Strategy": "Plain",
    "Partial Mode": "Finalize",
    "Parallel Aware": false,
    "Startup Cost": 77680.52,
    "Total Cost": 77680.53,
    "Plan Rows": 1,
    "Plan Width": 8,
    "Actual Startup Time": 248.272,
    "Actual Total Time": 261.45,
    "Actual Rows": 1,
    "Actual Loops": 1,
    "Plans": [
      {
        "Node Type": "Gather",
        "Parent Relationship": "Outer",
        "Parallel Aware": false,
        "Startup Cost": 77680.41,
        "Total Cost": 77680.52,
        "Plan Rows": 1,
        "Plan Width": 8,
        "Actual Startup Time": 248.075,
        "Actual Total Time": 261.442,
        "Actual Rows": 2,
        "Actual Loops": 1,
        "Workers Planned": 1,
        "Workers Launched": 1,
        "Single Copy": false,
        "Plans": [
          {
            "Node Type": "Aggregate",
            "Strategy": "Plain",
            "Partial Mode": "Partial",
            "Parent Relationship": "Outer",
            "Parallel Aware": false,
            "Startup Cost": 76680.41,
            "Total Cost": 76680.42,
            "Plan Rows": 1,
            "Plan Width": 8,
            "Actual Startup Time": 242.42,
            "Actual Total Time": 242.423,
            "Actual Rows": 1,
            "Actual Loops": 2,
            "Plans": [
              {
                "Node Type": "Hash Join",
                "Parent Relationship": "Outer",
                "Parallel Aware": true,
                "Join Type": "Inner",
                "Startup Cost": 58477.91,
                "Total Cost": 76661.69,
                "Plan Rows": 7486,
                "Plan Width": 0,
                "Actual Startup Time": 142.787,
                "Actual Total Time": 242.249,
                "Actual Rows": 3164,
                "Actual Loops": 2,
                "Inner Unique": true,
                "Hash Cond": "(mi_idx.movie_id = t.id)",
                "Plans": [
                  {
                    "Node Type": "Seq Scan",
                    "Parent Relationship": "Outer",
                    "Parallel Aware": true,
                    "Relation Name": "movie_info_idx",
                    "Alias": "mi_idx",
                    "Startup Cost": 0.0,
                    "Total Cost": 16052.85,
                    "Plan Rows": 811785,
                    "Plan Width": 4,
                    "Actual Startup Time": 0.018,
                    "Actual Total Time": 47.046,
                    "Actual Rows": 690018,
                    "Actual Loops": 2
                  },
                  {
                    "Node Type": "Hash",
                    "Parent Relationship": "Inner",
                    "Parallel Aware": true,
                    "Startup Cost": 58306.47,
                    "Total Cost": 58306.47,
                    "Plan Rows": 13715,
                    "Plan Width": 4,
                    "Actual Startup Time": 141.219,
                    "Actual Total Time": 141.22,
                    "Actual Rows": 12892,
                    "Actual Loops": 2,
                    "Hash Buckets": 32768,
                    "Original Hash Buckets": 32768,
                    "Hash Batches": 1,
                    "Original Hash Batches": 1,
                    "Peak Memory Usage": 1280,
                    "Plans": [
                      {
                        "Node Type": "Seq Scan",
                        "Parent Relationship": "Outer",
                        "Parallel Aware": true,
                        "Relation Name": "title",
                        "Alias": "t",
                        "Startup Cost": 0.0,
                        "Total Cost": 58306.47,
                        "Plan Rows": 13715,
                        "Plan Width": 4,
                        "Actual Startup Time": 0.331,
                        "Actual Total Time": 137.741,
                        "Actual Rows": 12892,
                        "Actual Loops": 2,
                        "Filter": "((kind_id < 4) AND (production_year > 2012))",
                        "Rows Removed by Filter": 1251264
                      }
                    ]
                  }
                ]
              }
            ]
          }
        ]
      }
    ]
  },
  "Planning Time": 0.468,
  "Triggers": [],
  "Execution Time": 261.521
}