{
  "Plan": {
    "Node Type": "Aggregate",
    "Strategy": "Plain",
    "Partial Mode": "Finalize",
    "Parallel Aware": false,
    "Startup Cost": 327641.69,
    "Total Cost": 327641.7,
    "Plan Rows": 1,
    "Plan Width": 8,
    "Actual Startup Time": 1395.101,
    "Actual Total Time": 1434.2,
    "Actual Rows": 1,
    "Actual Loops": 1,
    "Plans": [
      {
        "Node Type": "Gather",
        "Parent Relationship": "Outer",
        "Parallel Aware": false,
        "Startup Cost": 327641.57,
        "Total Cost": 327641.68,
        "Plan Rows": 1,
        "Plan Width": 8,
        "Actual Startup Time": 1394.957,
        "Actual Total Time": 1434.192,
        "Actual Rows": 2,
        "Actual Loops": 1,
        "Workers Planned": 1,
        "Workers Launched": 1,
        "Single Copy": false,
        "Plans": [
          {
            "Node Type": "Aggregate",
            "Strategy": "Plain",
            "Partial Mode": "Partial",
            "Parent Relationship": "Outer",
            "Parallel Aware": false,
            "Startup Cost": 326641.57,
            "Total Cost": 326641.58,
            "Plan Rows": 1,
            "Plan Width": 8,
            "Actual Startup Time": 1389.255,
            "Actual Total Time": 1389.259,
            "Actual Rows": 1,
            "Actual Loops": 2,
            "Plans": [
              {
                "Node Type": "Hash Join",
                "Parent Relationship": "Outer",
                "Parallel Aware": true,
                "Join Type": "Inner",
                "Startup Cost": 54712.7,
                "Total Cost": 326496.19,
                "Plan Rows": 58153,
                "Plan Width": 0,
                "Actual Startup Time": 164.756,
                "Actual Total Time": 1384.831,
                "Actual Rows": 101444,
                "Actual Loops": 2,
                "Inner Unique": true,
                "Hash Cond": "(mi.movie_id = t.id)",
                "Plans": [
                  {
                    "Node Type": "Seq Scan",
                    "Parent Relationship": "Outer",
                    "Parallel Aware": true,
                    "Relation Name": "movie_info",
                    "Alias": "mi",
                    "Startup Cost": 0.0,
                    "Total Cost": 248955.74,
                    "Plan Rows": 8696274,
                    "Plan Width": 4,
                    "Actual Startup Time": 0.009,
                    "Actual Total Time": 627.412,
                    "Actual Rows": 7417860,
                    "Actual Loops": 2
                  },
                  {
                    "Node Type": "Hash",
                    "Parent Relationship": "Inner",
                    "Parallel Aware": true,
                    "Startup Cost": 54588.39,
                    "Total Cost": 54588.39,
                    "Plan Rows": 9945,
                    "Plan Width": 4,
                    "Actual Startup Time": 145.404,
                    "Actual Total Time": 145.405,
                    "Actual Rows": 10546,
                    "Actual Loops": 2,
                    "Hash Buckets": 32768,
                    "Original Hash Buckets": 32768,
                    "Hash Batches": 1,
                    "Original Hash Batches": 1,
                    "Peak Memory Usage": 1120,
                    "Plans": [
                      {
                        "Node Type": "Seq Scan",
                        "Parent Relationship": "Outer",
                        "Parallel Aware": true,
                        "Relation Name": "title",
                        "Alias": "t",
                        "Startup Cost": 0.0,
                        "Total Cost": 54588.39,
                        "Plan Rows": 9945,
                        "Plan Width": 4,
                        "Actual Startup Time": 79.824,
                        "Actual Total Time": 142.032,
                        "Actual Rows": 10546,
                        "Actual Loops": 2,
                        "Filter": "(production_year < 1909)",
                        "Rows Removed by Filter": 1253610
                      }
                    ]
                  }
                ]
              }
            ]
          }
        ]
      }
    ]
  },
  "Planning Time": 0.405,
  "Triggers": [],
  "Execution Time": 1434.273
}