[
  {
    "Plan": {
      "Node Type": "Aggregate",
      "Strategy": "Plain",
      "Partial Mode": "Finalize",
      "Parallel Aware": false,
      "Startup Cost": 44970.49,
      "Total Cost": 44970.5,
      "Plan Rows": 1,
      "Plan Width": 8,
      "Actual Startup Time": 92.287,
      "Actual Total Time": 105.485,
      "Actual Rows": 1,
      "Actual Loops": 1,
      "Plans": [
        {
          "Node Type": "Gather",
          "Parent Relationship": "Outer",
          "Parallel Aware": false,
          "Startup Cost": 44970.07,
          "Total Cost": 44970.48,
          "Plan Rows": 4,
          "Plan Width": 8,
          "Actual Startup Time": 92.137,
          "Actual Total Time": 105.475,
          "Actual Rows": 5,
          "Actual Loops": 1,
          "Workers Planned": 4,
          "Workers Launched": 4,
          "Single Copy": false,
          "Plans": [
            {
              "Node Type": "Aggregate",
              "Strategy": "Plain",
              "Partial Mode": "Partial",
              "Parent Relationship": "Outer",
              "Parallel Aware": false,
              "Startup Cost": 43970.07,
              "Total Cost": 43970.08,
              "Plan Rows": 1,
              "Plan Width": 8,
              "Actual Startup Time": 87.895,
              "Actual Total Time": 87.896,
              "Actual Rows": 1,
              "Actual Loops": 5,
              "Plans": [
                {
                  "Node Type": "Seq Scan",
                  "Parent Relationship": "Outer",
                  "Parallel Aware": true,
                  "Relation Name": "title",
                  "Alias": "t",
                  "Startup Cost": 0.0,
                  "Total Cost": 43899.32,
                  "Plan Rows": 28299,
                  "Plan Width": 0,
                  "Actual Startup Time": 40.405,
                  "Actual Total Time": 86.456,
                  "Actual Rows": 25073,
                  "Actual Loops": 5,
                  "Filter": "(production_year < 1934)",
                  "Rows Removed by Filter": 480589
                }
              ]
            }
          ]
        }
      ]
    },
    "Planning Time": 0.158,
    "Triggers": [],
    "Execution Time": 105.547
  }
]