[
  {
    "Plan": {
      "Node Type": "Aggregate",
      "Strategy": "Plain",
      "Partial Mode": "Finalize",
      "Parallel Aware": false,
      "Startup Cost": 27179.23,
      "Total Cost": 27179.24,
      "Plan Rows": 1,
      "Plan Width": 8,
      "Actual Startup Time": 75.903,
      "Actual Total Time": 79.844,
      "Actual Rows": 1,
      "Actual Loops": 1,
      "Plans": [
        {
          "Node Type": "Gather",
          "Parent Relationship": "Outer",
          "Parallel Aware": false,
          "Startup Cost": 27178.92,
          "Total Cost": 27179.23,
          "Plan Rows": 3,
          "Plan Width": 8,
          "Actual Startup Time": 75.639,
          "Actual Total Time": 79.836,
          "Actual Rows": 4,
          "Actual Loops": 1,
          "Workers Planned": 3,
          "Workers Launched": 3,
          "Single Copy": false,
          "Plans": [
            {
              "Node Type": "Aggregate",
              "Strategy": "Plain",
              "Partial Mode": "Partial",
              "Parent Relationship": "Outer",
              "Parallel Aware": false,
              "Startup Cost": 26178.92,
              "Total Cost": 26178.93,
              "Plan Rows": 1,
              "Plan Width": 8,
              "Actual Startup Time": 69.707,
              "Actual Total Time": 69.71,
              "Actual Rows": 1,
              "Actual Loops": 4,
              "Plans": [
                {
                  "Node Type": "Bitmap Heap Scan",
                  "Parent Relationship": "Outer",
                  "Parallel Aware": true,
                  "Relation Name": "movie_companies",
                  "Alias": "mc",
                  "Startup Cost": 6040.36,
                  "Total Cost": 25954.16,
                  "Plan Rows": 89904,
                  "Plan Width": 0,
                  "Actual Startup Time": 34.157,
                  "Actual Total Time": 64.695,
                  "Actual Rows": 68669,
                  "Actual Loops": 4,
                  "Recheck Cond": "(company_id > 96660)",
                  "Rows Removed by Index Recheck": 0,
                  "Exact Heap Blocks": 2733,
                  "Lossy Heap Blocks": 0,
                  "Plans": [
                    {
                      "Node Type": "Bitmap Index Scan",
                      "Parent Relationship": "Outer",
                      "Parallel Aware": false,
                      "Index Name": "company_id_movie_companies",
                      "Startup Cost": 0.0,
                      "Total Cost": 5970.69,
                      "Plan Rows": 278701,
                      "Plan Width": 0,
                      "Actual Startup Time": 38.327,
                      "Actual Total Time": 38.327,
                      "Actual Rows": 274676,
                      "Actual Loops": 1,
                      "Index Cond": "(company_id > 96660)"
                    }
                  ]
                }
              ]
            }
          ]
        }
      ]
    },
    "Planning Time": 0.2,
    "Triggers": [],
    "Execution Time": 79.92
  }
]