[
  {
    "Plan": {
      "Node Type": "Aggregate",
      "Strategy": "Plain",
      "Partial Mode": "Finalize",
      "Parallel Aware": false,
      "Startup Cost": 253406.02,
      "Total Cost": 253406.03,
      "Plan Rows": 1,
      "Plan Width": 8,
      "Actual Startup Time": 715.161,
      "Actual Total Time": 754.523,
      "Actual Rows": 1,
      "Actual Loops": 1,
      "Plans": [
        {
          "Node Type": "Gather",
          "Parent Relationship": "Outer",
          "Parallel Aware": false,
          "Startup Cost": 253405.49,
          "Total Cost": 253406.0,
          "Plan Rows": 5,
          "Plan Width": 8,
          "Actual Startup Time": 713.193,
          "Actual Total Time": 754.489,
          "Actual Rows": 6,
          "Actual Loops": 1,
          "Workers Planned": 5,
          "Workers Launched": 5,
          "Single Copy": false,
          "Plans": [
            {
              "Node Type": "Aggregate",
              "Strategy": "Plain",
              "Partial Mode": "Partial",
              "Parent Relationship": "Outer",
              "Parallel Aware": false,
              "Startup Cost": 252405.49,
              "Total Cost": 252405.5,
              "Plan Rows": 1,
              "Plan Width": 8,
              "Actual Startup Time": 706.897,
              "Actual Total Time": 706.902,
              "Actual Rows": 1,
              "Actual Loops": 6,
              "Plans": [
                {
                  "Node Type": "Hash Join",
                  "Parent Relationship": "Outer",
                  "Parallel Aware": true,
                  "Join Type": "Inner",
                  "Startup Cost": 46117.29,
                  "Total Cost": 251893.0,
                  "Plan Rows": 204996,
                  "Plan Width": 0,
                  "Actual Startup Time": 98.465,
                  "Actual Total Time": 693.613,
                  "Actual Rows": 288488,
                  "Actual Loops": 6,
                  "Inner Unique": true,
                  "Hash Cond": "(mi.movie_id = t.id)",
                  "Plans": [
                    {
                      "Node Type": "Seq Scan",
                      "Parent Relationship": "Outer",
                      "Parallel Aware": true,
                      "Relation Name": "movie_info",
                      "Alias": "mi",
                      "Startup Cost": 0.0,
                      "Total Cost": 199108.24,
                      "Plan Rows": 2539986,
                      "Plan Width": 4,
                      "Actual Startup Time": 0.033,
                      "Actual Total Time": 348.842,
                      "Actual Rows": 2124109,
                      "Actual Loops": 6,
                      "Filter": "(info_type_id > 2)",
                      "Rows Removed by Filter": 348511
                    },
                    {
                      "Node Type": "Hash",
                      "Parent Relationship": "Inner",
                      "Parallel Aware": true,
                      "Startup Cost": 45479.59,
                      "Total Cost": 45479.59,
                      "Plan Rows": 51016,
                      "Plan Width": 4,
                      "Actual Startup Time": 85.737,
                      "Actual Total Time": 85.739,
                      "Actual Rows": 30399,
                      "Actual Loops": 6,
                      "Hash Buckets": 262144,
                      "Original Hash Buckets": 262144,
                      "Hash Batches": 1,
                      "Original Hash Batches": 1,
                      "Peak Memory Usage": 9280,
                      "Plans": [
                        {
                          "Node Type": "Seq Scan",
                          "Parent Relationship": "Outer",
                          "Parallel Aware": true,
                          "Relation Name": "title",
                          "Alias": "t",
                          "Startup Cost": 0.0,
                          "Total Cost": 45479.59,
                          "Plan Rows": 51016,
                          "Plan Width": 4,
                          "Actual Startup Time": 36.452,
                          "Actual Total Time": 74.219,
                          "Actual Rows": 30399,
                          "Actual Loops": 6,
                          "Filter": "((production_year > 2007) AND (kind_id = 1))",
                          "Rows Removed by Filter": 390986
                        }
                      ]
                    }
                  ]
                }
              ]
            }
          ]
        }
      ]
    },
    "Planning Time": 0.277,
    "Triggers": [],
    "Execution Time": 754.571
  }
]