[
    {
        "Bao": {
            "Bao prediction": "NaN",
            "Bao recommended hint": "(no hint)"
        }
    },
    {
        "Plan": {
            "Node Type": "Aggregate",
            "Strategy": "Plain",
            "Partial Mode": "Finalize",
            "Parallel Aware": false,
            "Startup Cost": 42870.81,
            "Total Cost": 42870.82,
            "Plan Rows": 1,
            "Plan Width": 8,
            "Actual Startup Time": 128.804,
            "Actual Total Time": 136.109,
            "Actual Rows": 1,
            "Actual Loops": 1,
            "Output": [
                "count(*)"
            ],
            "Plans": [
                {
                    "Node Type": "Gather",
                    "Parent Relationship": "Outer",
                    "Parallel Aware": false,
                    "Startup Cost": 42870.49,
                    "Total Cost": 42870.8,
                    "Plan Rows": 3,
                    "Plan Width": 8,
                    "Actual Startup Time": 128.51,
                    "Actual Total Time": 136.099,
                    "Actual Rows": 4,
                    "Actual Loops": 1,
                    "Output": [
                        "(PARTIAL count(*))"
                    ],
                    "Workers Planned": 3,
                    "Workers Launched": 3,
                    "Single Copy": false,
                    "Plans": [
                        {
                            "Node Type": "Aggregate",
                            "Strategy": "Plain",
                            "Partial Mode": "Partial",
                            "Parent Relationship": "Outer",
                            "Parallel Aware": false,
                            "Startup Cost": 41870.49,
                            "Total Cost": 41870.5,
                            "Plan Rows": 1,
                            "Plan Width": 8,
                            "Actual Startup Time": 119.531,
                            "Actual Total Time": 119.533,
                            "Actual Rows": 1,
                            "Actual Loops": 4,
                            "Output": [
                                "PARTIAL count(*)"
                            ],
                            "Workers": [
                                {
                                    "Worker Number": 0,
                                    "Actual Startup Time": 116.605,
                                    "Actual Total Time": 116.607,
                                    "Actual Rows": 1,
                                    "Actual Loops": 1
                                },
                                {
                                    "Worker Number": 1,
                                    "Actual Startup Time": 116.815,
                                    "Actual Total Time": 116.817,
                                    "Actual Rows": 1,
                                    "Actual Loops": 1
                                },
                                {
                                    "Worker Number": 2,
                                    "Actual Startup Time": 116.815,
                                    "Actual Total Time": 116.817,
                                    "Actual Rows": 1,
                                    "Actual Loops": 1
                                }
                            ],
                            "Plans": [
                                {
                                    "Node Type": "Bitmap Heap Scan",
                                    "Parent Relationship": "Outer",
                                    "Parallel Aware": true,
                                    "Relation Name": "movie_keyword",
                                    "Schema": "public",
                                    "Alias": "mk",
                                    "Startup Cost": 14181.62,
                                    "Total Cost": 41331.34,
                                    "Plan Rows": 215658,
                                    "Plan Width": 0,
                                    "Actual Startup Time": 36.354,
                                    "Actual Total Time": 110.728,
                                    "Actual Rows": 167790,
                                    "Actual Loops": 4,
                                    "Recheck Cond": "(mk.keyword_id < 536)",
                                    "Rows Removed by Index Recheck": 0,
                                    "Exact Heap Blocks": 10067,
                                    "Lossy Heap Blocks": 0,
                                    "Workers": [
                                        {
                                            "Worker Number": 0,
                                            "Actual Startup Time": 33.463,
                                            "Actual Total Time": 108.616,
                                            "Actual Rows": 126501,
                                            "Actual Loops": 1
                                        },
                                        {
                                            "Worker Number": 1,
                                            "Actual Startup Time": 33.685,
                                            "Actual Total Time": 108.592,
                                            "Actual Rows": 134543,
                                            "Actual Loops": 1
                                        },
                                        {
                                            "Worker Number": 2,
                                            "Actual Startup Time": 33.889,
                                            "Actual Total Time": 108.605,
                                            "Actual Rows": 134336,
                                            "Actual Loops": 1
                                        }
                                    ],
                                    "Plans": [
                                        {
                                            "Node Type": "Bitmap Index Scan",
                                            "Parent Relationship": "Outer",
                                            "Parallel Aware": false,
                                            "Index Name": "keyword_id_movie_keyword",
                                            "Startup Cost": 0.0,
                                            "Total Cost": 14014.48,
                                            "Plan Rows": 668540,
                                            "Plan Width": 0,
                                            "Actual Startup Time": 40.827,
                                            "Actual Total Time": 40.828,
                                            "Actual Rows": 671159,
                                            "Actual Loops": 1,
                                            "Index Cond": "(mk.keyword_id < 536)"
                                        }
                                    ]
                                }
                            ]
                        }
                    ]
                }
            ]
        },
        "Planning Time": 194.609,
        "Triggers": [],
        "Execution Time": 136.214
    }
]