[
  {
    "Plan": {
      "Node Type": "Aggregate",
      "Strategy": "Plain",
      "Partial Mode": "Finalize",
      "Parallel Aware": false,
      "Startup Cost": 91034.11,
      "Total Cost": 91034.12,
      "Plan Rows": 1,
      "Plan Width": 8,
      "Actual Startup Time": 480.119,
      "Actual Total Time": 498.802,
      "Actual Rows": 1,
      "Actual Loops": 1,
      "Plans": [
        {
          "Node Type": "Gather",
          "Parent Relationship": "Outer",
          "Parallel Aware": false,
          "Startup Cost": 91033.79,
          "Total Cost": 91034.1,
          "Plan Rows": 3,
          "Plan Width": 8,
          "Actual Startup Time": 475.409,
          "Actual Total Time": 498.791,
          "Actual Rows": 4,
          "Actual Loops": 1,
          "Workers Planned": 3,
          "Workers Launched": 3,
          "Single Copy": false,
          "Plans": [
            {
              "Node Type": "Aggregate",
              "Strategy": "Plain",
              "Partial Mode": "Partial",
              "Parent Relationship": "Outer",
              "Parallel Aware": false,
              "Startup Cost": 90033.79,
              "Total Cost": 90033.8,
              "Plan Rows": 1,
              "Plan Width": 8,
              "Actual Startup Time": 462.469,
              "Actual Total Time": 462.473,
              "Actual Rows": 1,
              "Actual Loops": 4,
              "Plans": [
                {
                  "Node Type": "Hash Join",
                  "Parent Relationship": "Outer",
                  "Parallel Aware": true,
                  "Join Type": "Inner",
                  "Startup Cost": 62101.05,
                  "Total Cost": 89744.51,
                  "Plan Rows": 115713,
                  "Plan Width": 0,
                  "Actual Startup Time": 328.566,
                  "Actual Total Time": 457.64,
                  "Actual Rows": 71420,
                  "Actual Loops": 4,
                  "Inner Unique": true,
                  "Hash Cond": "(mk.movie_id = t.id)",
                  "Plans": [
                    {
                      "Node Type": "Bitmap Heap Scan",
                      "Parent Relationship": "Outer",
                      "Parallel Aware": true,
                      "Relation Name": "movie_keyword",
                      "Alias": "mk",
                      "Startup Cost": 13866.67,
                      "Total Cost": 40956.59,
                      "Plan Rows": 210874,
                      "Plan Width": 4,
                      "Actual Startup Time": 59.821,
                      "Actual Total Time": 130.021,
                      "Actual Rows": 166065,
                      "Actual Loops": 4,
                      "Recheck Cond": "(keyword_id < 519)",
                      "Rows Removed by Index Recheck": 0,
                      "Exact Heap Blocks": 6080,
                      "Lossy Heap Blocks": 0,
                      "Plans": [
                        {
                          "Node Type": "Bitmap Index Scan",
                          "Parent Relationship": "Outer",
                          "Parallel Aware": false,
                          "Index Name": "keyword_id_movie_keyword",
                          "Startup Cost": 0.0,
                          "Total Cost": 13703.24,
                          "Plan Rows": 653708,
                          "Plan Width": 0,
                          "Actual Startup Time": 53.964,
                          "Actual Total Time": 53.964,
                          "Actual Rows": 664261,
                          "Actual Loops": 1,
                          "Index Cond": "(keyword_id < 519)"
                        }
                      ]
                    },
                    {
                      "Node Type": "Hash",
                      "Parent Relationship": "Inner",
                      "Parallel Aware": true,
                      "Startup Cost": 43898.92,
                      "Total Cost": 43898.92,
                      "Plan Rows": 346837,
                      "Plan Width": 4,
                      "Actual Startup Time": 261.084,
                      "Actual Total Time": 261.085,
                      "Actual Rows": 345363,
                      "Actual Loops": 4,
                      "Hash Buckets": 2097152,
                      "Original Hash Buckets": 2097152,
                      "Hash Batches": 1,
                      "Original Hash Batches": 1,
                      "Peak Memory Usage": 70496,
                      "Plans": [
                        {
                          "Node Type": "Seq Scan",
                          "Parent Relationship": "Outer",
                          "Parallel Aware": true,
                          "Relation Name": "title",
                          "Alias": "t",
                          "Startup Cost": 0.0,
                          "Total Cost": 43898.92,
                          "Plan Rows": 346837,
                          "Plan Width": 4,
                          "Actual Startup Time": 0.042,
                          "Actual Total Time": 121.309,
                          "Actual Rows": 345363,
                          "Actual Loops": 4,
                          "Filter": "(production_year > 2000)",
                          "Rows Removed by Filter": 286715
                        }
                      ]
                    }
                  ]
                }
              ]
            }
          ]
        }
      ]
    },
    "Planning Time": 0.542,
    "Triggers": [],
    "Execution Time": 498.89
  }
]