[
  {
    "Plan": {
      "Node Type": "Aggregate",
      "Strategy": "Plain",
      "Partial Mode": "Finalize",
      "Parallel Aware": false,
      "Startup Cost": 655118.55,
      "Total Cost": 655118.56,
      "Plan Rows": 1,
      "Plan Width": 8,
      "Actual Startup Time": 7993.537,
      "Actual Total Time": 8079.543,
      "Actual Rows": 1,
      "Actual Loops": 1,
      "Plans": [
        {
          "Node Type": "Gather",
          "Parent Relationship": "Outer",
          "Parallel Aware": false,
          "Startup Cost": 655117.92,
          "Total Cost": 655118.53,
          "Plan Rows": 6,
          "Plan Width": 8,
          "Actual Startup Time": 7960.87,
          "Actual Total Time": 8079.531,
          "Actual Rows": 7,
          "Actual Loops": 1,
          "Workers Planned": 6,
          "Workers Launched": 6,
          "Single Copy": false,
          "Plans": [
            {
              "Node Type": "Aggregate",
              "Strategy": "Plain",
              "Partial Mode": "Partial",
              "Parent Relationship": "Outer",
              "Parallel Aware": false,
              "Startup Cost": 654117.92,
              "Total Cost": 654117.93,
              "Plan Rows": 1,
              "Plan Width": 8,
              "Actual Startup Time": 7929.462,
              "Actual Total Time": 7930.39,
              "Actual Rows": 1,
              "Actual Loops": 7,
              "Plans": [
                {
                  "Node Type": "Hash Join",
                  "Parent Relationship": "Outer",
                  "Parallel Aware": true,
                  "Join Type": "Inner",
                  "Startup Cost": 264538.02,
                  "Total Cost": 624189.94,
                  "Plan Rows": 11971195,
                  "Plan Width": 0,
                  "Actual Startup Time": 1298.816,
                  "Actual Total Time": 7049.552,
                  "Actual Rows": 22695475,
                  "Actual Loops": 7,
                  "Inner Unique": false,
                  "Hash Cond": "(ci.movie_id = t.id)",
                  "Plans": [
                    {
                      "Node Type": "Seq Scan",
                      "Parent Relationship": "Outer",
                      "Parallel Aware": true,
                      "Relation Name": "cast_info",
                      "Alias": "ci",
                      "Startup Cost": 0.0,
                      "Total Cost": 313067.02,
                      "Plan Rows": 6038002,
                      "Plan Width": 4,
                      "Actual Startup Time": 0.02,
                      "Actual Total Time": 528.042,
                      "Actual Rows": 5177763,
                      "Actual Loops": 7
                    },
                    {
                      "Node Type": "Hash",
                      "Parent Relationship": "Inner",
                      "Parallel Aware": true,
                      "Startup Cost": 252006.27,
                      "Total Cost": 252006.27,
                      "Plan Rows": 1002540,
                      "Plan Width": 8,
                      "Actual Startup Time": 1288.742,
                      "Actual Total Time": 1289.668,
                      "Actual Rows": 902820,
                      "Actual Loops": 7,
                      "Hash Buckets": 8388608,
                      "Original Hash Buckets": 8388608,
                      "Hash Batches": 1,
                      "Original Hash Batches": 1,
                      "Peak Memory Usage": 312864,
                      "Plans": [
                        {
                          "Node Type": "Hash Join",
                          "Parent Relationship": "Outer",
                          "Parallel Aware": true,
                          "Join Type": "Inner",
                          "Startup Cost": 48074.37,
                          "Total Cost": 252006.27,
                          "Plan Rows": 1002540,
                          "Plan Width": 8,
                          "Actual Startup Time": 173.454,
                          "Actual Total Time": 917.421,
                          "Actual Rows": 902820,
                          "Actual Loops": 7,
                          "Inner Unique": true,
                          "Hash Cond": "(mi.movie_id = t.id)",
                          "Plans": [
                            {
                              "Node Type": "Seq Scan",
                              "Parent Relationship": "Outer",
                              "Parallel Aware": true,
                              "Relation Name": "movie_info",
                              "Alias": "mi",
                              "Startup Cost": 0.0,
                              "Total Cost": 198952.16,
                              "Plan Rows": 1897040,
                              "Plan Width": 4,
                              "Actual Startup Time": 0.025,
                              "Actual Total Time": 318.28,
                              "Actual Rows": 1366450,
                              "Actual Loops": 7,
                              "Filter": "(info_type_id < 16)",
                              "Rows Removed by Filter": 752938
                            },
                            {
                              "Node Type": "Hash",
                              "Parent Relationship": "Inner",
                              "Parallel Aware": true,
                              "Startup Cost": 43898.92,
                              "Total Cost": 43898.92,
                              "Plan Rows": 334036,
                              "Plan Width": 4,
                              "Actual Startup Time": 171.731,
                              "Actual Total Time": 171.732,
                              "Actual Rows": 192613,
                              "Actual Loops": 7,
                              "Hash Buckets": 2097152,
                              "Original Hash Buckets": 2097152,
                              "Hash Batches": 1,
                              "Original Hash Batches": 1,
                              "Peak Memory Usage": 69280,
                              "Plans": [
                                {
                                  "Node Type": "Seq Scan",
                                  "Parent Relationship": "Outer",
                                  "Parallel Aware": true,
                                  "Relation Name": "title",
                                  "Alias": "t",
                                  "Startup Cost": 0.0,
                                  "Total Cost": 43898.92,
                                  "Plan Rows": 334036,
                                  "Plan Width": 4,
                                  "Actual Startup Time": 0.042,
                                  "Actual Total Time": 79.576,
                                  "Actual Rows": 192613,
                                  "Actual Loops": 7,
                                  "Filter": "(production_year < 2005)",
                                  "Rows Removed by Filter": 168574
                                }
                              ]
                            }
                          ]
                        }
                      ]
                    }
                  ]
                }
              ]
            }
          ]
        }
      ]
    },
    "Planning Time": 1.34,
    "Triggers": [],
    "Execution Time": 8079.64
  }
]