[
  {
    "Plan": {
      "Node Type": "Aggregate",
      "Strategy": "Plain",
      "Partial Mode": "Finalize",
      "Parallel Aware": false,
      "Startup Cost": 334983.65,
      "Total Cost": 334983.66,
      "Plan Rows": 1,
      "Plan Width": 8,
      "Actual Startup Time": 617.252,
      "Actual Total Time": 679.585,
      "Actual Rows": 1,
      "Actual Loops": 1,
      "Plans": [
        {
          "Node Type": "Gather",
          "Parent Relationship": "Outer",
          "Parallel Aware": false,
          "Startup Cost": 334983.03,
          "Total Cost": 334983.64,
          "Plan Rows": 6,
          "Plan Width": 8,
          "Actual Startup Time": 617.154,
          "Actual Total Time": 679.575,
          "Actual Rows": 7,
          "Actual Loops": 1,
          "Workers Planned": 6,
          "Workers Launched": 6,
          "Single Copy": false,
          "Plans": [
            {
              "Node Type": "Aggregate",
              "Strategy": "Plain",
              "Partial Mode": "Partial",
              "Parent Relationship": "Outer",
              "Parallel Aware": false,
              "Startup Cost": 333983.03,
              "Total Cost": 333983.04,
              "Plan Rows": 1,
              "Plan Width": 8,
              "Actual Startup Time": 609.263,
              "Actual Total Time": 609.264,
              "Actual Rows": 1,
              "Actual Loops": 7,
              "Plans": [
                {
                  "Node Type": "Seq Scan",
                  "Parent Relationship": "Outer",
                  "Parallel Aware": true,
                  "Relation Name": "cast_info",
                  "Alias": "ci",
                  "Startup Cost": 0.0,
                  "Total Cost": 328162.03,
                  "Plan Rows": 2328400,
                  "Plan Width": 0,
                  "Actual Startup Time": 230.026,
                  "Actual Total Time": 532.976,
                  "Actual Rows": 1991406,
                  "Actual Loops": 7,
                  "Filter": "(person_id > 2272858)",
                  "Rows Removed by Filter": 3186357
                }
              ]
            }
          ]
        }
      ]
    },
    "Planning Time": 0.16,
    "Triggers": [],
    "Execution Time": 679.647
  }
]