[
  {
    "Plan": {
      "Node Type": "Aggregate",
      "Strategy": "Plain",
      "Partial Mode": "Finalize",
      "Parallel Aware": false,
      "Startup Cost": 337183.79,
      "Total Cost": 337183.8,
      "Plan Rows": 1,
      "Plan Width": 8,
      "Actual Startup Time": 935.449,
      "Actual Total Time": 1004.659,
      "Actual Rows": 1,
      "Actual Loops": 1,
      "Plans": [
        {
          "Node Type": "Gather",
          "Parent Relationship": "Outer",
          "Parallel Aware": false,
          "Startup Cost": 337183.16,
          "Total Cost": 337183.77,
          "Plan Rows": 6,
          "Plan Width": 8,
          "Actual Startup Time": 935.121,
          "Actual Total Time": 1004.645,
          "Actual Rows": 7,
          "Actual Loops": 1,
          "Workers Planned": 6,
          "Workers Launched": 6,
          "Single Copy": false,
          "Plans": [
            {
              "Node Type": "Aggregate",
              "Strategy": "Plain",
              "Partial Mode": "Partial",
              "Parent Relationship": "Outer",
              "Parallel Aware": false,
              "Startup Cost": 336183.16,
              "Total Cost": 336183.17,
              "Plan Rows": 1,
              "Plan Width": 8,
              "Actual Startup Time": 914.929,
              "Actual Total Time": 914.93,
              "Actual Rows": 1,
              "Actual Loops": 7,
              "Plans": [
                {
                  "Node Type": "Seq Scan",
                  "Parent Relationship": "Outer",
                  "Parallel Aware": true,
                  "Relation Name": "cast_info",
                  "Alias": "ci",
                  "Startup Cost": 0.0,
                  "Total Cost": 328211.39,
                  "Plan Rows": 3188708,
                  "Plan Width": 0,
                  "Actual Startup Time": 243.854,
                  "Actual Total Time": 763.909,
                  "Actual Rows": 2708411,
                  "Actual Loops": 7,
                  "Filter": "(person_id > 1706646)",
                  "Rows Removed by Filter": 2469352
                }
              ]
            }
          ]
        }
      ]
    },
    "Planning Time": 0.111,
    "Triggers": [],
    "Execution Time": 1004.701
  }
]