[
  {
    "Plan": {
      "Node Type": "Aggregate",
      "Strategy": "Plain",
      "Partial Mode": "Finalize",
      "Parallel Aware": false,
      "Startup Cost": 346523.83,
      "Total Cost": 346523.84,
      "Plan Rows": 1,
      "Plan Width": 8,
      "Actual Startup Time": 835.81,
      "Actual Total Time": 886.93,
      "Actual Rows": 1,
      "Actual Loops": 1,
      "Plans": [
        {
          "Node Type": "Gather",
          "Parent Relationship": "Outer",
          "Parallel Aware": false,
          "Startup Cost": 346523.21,
          "Total Cost": 346523.82,
          "Plan Rows": 6,
          "Plan Width": 8,
          "Actual Startup Time": 835.633,
          "Actual Total Time": 886.918,
          "Actual Rows": 7,
          "Actual Loops": 1,
          "Workers Planned": 6,
          "Workers Launched": 6,
          "Single Copy": false,
          "Plans": [
            {
              "Node Type": "Aggregate",
              "Strategy": "Plain",
              "Partial Mode": "Partial",
              "Parent Relationship": "Outer",
              "Parallel Aware": false,
              "Startup Cost": 345523.21,
              "Total Cost": 345523.22,
              "Plan Rows": 1,
              "Plan Width": 8,
              "Actual Startup Time": 827.133,
              "Actual Total Time": 827.135,
              "Actual Rows": 1,
              "Actual Loops": 7,
              "Plans": [
                {
                  "Node Type": "Seq Scan",
                  "Parent Relationship": "Outer",
                  "Parallel Aware": true,
                  "Relation Name": "cast_info",
                  "Alias": "ci",
                  "Startup Cost": 0.0,
                  "Total Cost": 343316.27,
                  "Plan Rows": 882774,
                  "Plan Width": 0,
                  "Actual Startup Time": 391.675,
                  "Actual Total Time": 741.781,
                  "Actual Rows": 1479457,
                  "Actual Loops": 7,
                  "Filter": "((person_id > 2506938) AND (role_id > 2))",
                  "Rows Removed by Filter": 3698306
                }
              ]
            }
          ]
        }
      ]
    },
    "Planning Time": 0.115,
    "Triggers": [],
    "Execution Time": 886.977
  }
]