{
  "Plan": {
    "Node Type": "Aggregate",
    "Strategy": "Plain",
    "Partial Mode": "Finalize",
    "Parallel Aware": false,
    "Startup Cost": 116261.15,
    "Total Cost": 116261.16,
    "Plan Rows": 1,
    "Plan Width": 8,
    "Actual Startup Time": 254.26,
    "Actual Total Time": 279.03,
    "Actual Rows": 1,
    "Actual Loops": 1,
    "Plans": [
      {
        "Node Type": "Gather",
        "Parent Relationship": "Outer",
        "Parallel Aware": false,
        "Startup Cost": 116261.03,
        "Total Cost": 116261.14,
        "Plan Rows": 1,
        "Plan Width": 8,
        "Actual Startup Time": 253.863,
        "Actual Total Time": 279.021,
        "Actual Rows": 2,
        "Actual Loops": 1,
        "Workers Planned": 1,
        "Workers Launched": 1,
        "Single Copy": false,
        "Plans": [
          {
            "Node Type": "Aggregate",
            "Strategy": "Plain",
            "Partial Mode": "Partial",
            "Parent Relationship": "Outer",
            "Parallel Aware": false,
            "Startup Cost": 115261.03,
            "Total Cost": 115261.04,
            "Plan Rows": 1,
            "Plan Width": 8,
            "Actual Startup Time": 247.598,
            "Actual Total Time": 247.6,
            "Actual Rows": 1,
            "Actual Loops": 2,
            "Plans": [
              {
                "Node Type": "Nested Loop",
                "Parent Relationship": "Outer",
                "Parallel Aware": false,
                "Join Type": "Inner",
                "Startup Cost": 0.86,
                "Total Cost": 115252.63,
                "Plan Rows": 3363,
                "Plan Width": 0,
                "Actual Startup Time": 3.744,
                "Actual Total Time": 242.893,
                "Actual Rows": 102927,
                "Actual Loops": 2,
                "Inner Unique": false,
                "Join Filter": "(t.id = mc.movie_id)",
                "Rows Removed by Join Filter": 0,
                "Plans": [
                  {
                    "Node Type": "Nested Loop",
                    "Parent Relationship": "Outer",
                    "Parallel Aware": false,
                    "Join Type": "Inner",
                    "Startup Cost": 0.43,
                    "Total Cost": 111199.75,
                    "Plan Rows": 6620,
                    "Plan Width": 8,
                    "Actual Startup Time": 3.642,
                    "Actual Total Time": 180.44,
                    "Actual Rows": 14462,
                    "Actual Loops": 2,
                    "Inner Unique": false,
                    "Plans": [
                      {
                        "Node Type": "Seq Scan",
                        "Parent Relationship": "Outer",
                        "Parallel Aware": true,
                        "Relation Name": "title",
                        "Alias": "t",
                        "Startup Cost": 0.0,
                        "Total Cost": 58306.47,
                        "Plan Rows": 6609,
                        "Plan Width": 4,
                        "Actual Startup Time": 0.262,
                        "Actual Total Time": 135.069,
                        "Actual Rows": 5570,
                        "Actual Loops": 2,
                        "Filter": "((kind_id < 7) AND (production_year = 1994))",
                        "Rows Removed by Filter": 1258586
                      },
                      {
                        "Node Type": "Index Scan",
                        "Parent Relationship": "Inner",
                        "Parallel Aware": false,
                        "Scan Direction": "Forward",
                        "Index Name": "movie_id_movie_keyword",
                        "Relation Name": "movie_keyword",
                        "Alias": "mk",
                        "Startup Cost": 0.43,
                        "Total Cost": 7.75,
                        "Plan Rows": 25,
                        "Plan Width": 4,
                        "Actual Startup Time": 0.007,
                        "Actual Total Time": 0.008,
                        "Actual Rows": 3,
                        "Actual Loops": 11141,
                        "Index Cond": "(movie_id = t.id)",
                        "Rows Removed by Index Recheck": 0,
                        "Filter": "(keyword_id > 3549)",
                        "Rows Removed by Filter": 2
                      }
                    ]
                  },
                  {
                    "Node Type": "Index Scan",
                    "Parent Relationship": "Inner",
                    "Parallel Aware": false,
                    "Scan Direction": "Forward",
                    "Index Name": "movie_id_movie_companies",
                    "Relation Name": "movie_companies",
                    "Alias": "mc",
                    "Startup Cost": 0.43,
                    "Total Cost": 0.57,
                    "Plan Rows": 3,
                    "Plan Width": 4,
                    "Actual Startup Time": 0.002,
                    "Actual Total Time": 0.004,
                    "Actual Rows": 7,
                    "Actual Loops": 28925,
                    "Index Cond": "(movie_id = mk.movie_id)",
                    "Rows Removed by Index Recheck": 0,
                    "Filter": "(company_type_id = 1)",
                    "Rows Removed by Filter": 2
                  }
                ]
              }
            ]
          }
        ]
      }
    ]
  },
  "Planning Time": 0.896,
  "Triggers": [],
  "Execution Time": 279.112
}