[
  {
    "Plan": {
      "Node Type": "Aggregate",
      "Strategy": "Plain",
      "Partial Mode": "Finalize",
      "Parallel Aware": false,
      "Startup Cost": 129151.84,
      "Total Cost": 129151.85,
      "Plan Rows": 1,
      "Plan Width": 8,
      "Actual Startup Time": 854.236,
      "Actual Total Time": 886.749,
      "Actual Rows": 1,
      "Actual Loops": 1,
      "Plans": [
        {
          "Node Type": "Gather",
          "Parent Relationship": "Outer",
          "Parallel Aware": false,
          "Startup Cost": 129151.52,
          "Total Cost": 129151.83,
          "Plan Rows": 3,
          "Plan Width": 8,
          "Actual Startup Time": 845.04,
          "Actual Total Time": 886.74,
          "Actual Rows": 4,
          "Actual Loops": 1,
          "Workers Planned": 3,
          "Workers Launched": 3,
          "Single Copy": false,
          "Plans": [
            {
              "Node Type": "Aggregate",
              "Strategy": "Plain",
              "Partial Mode": "Partial",
              "Parent Relationship": "Outer",
              "Parallel Aware": false,
              "Startup Cost": 128151.52,
              "Total Cost": 128151.53,
              "Plan Rows": 1,
              "Plan Width": 8,
              "Actual Startup Time": 836.524,
              "Actual Total Time": 836.529,
              "Actual Rows": 1,
              "Actual Loops": 4,
              "Plans": [
                {
                  "Node Type": "Hash Join",
                  "Parent Relationship": "Outer",
                  "Parallel Aware": true,
                  "Join Type": "Inner",
                  "Startup Cost": 94488.37,
                  "Total Cost": 127872.47,
                  "Plan Rows": 111619,
                  "Plan Width": 0,
                  "Actual Startup Time": 702.667,
                  "Actual Total Time": 821.493,
                  "Actual Rows": 310573,
                  "Actual Loops": 4,
                  "Inner Unique": false,
                  "Hash Cond": "(mc.movie_id = t.id)",
                  "Plans": [
                    {
                      "Node Type": "Seq Scan",
                      "Parent Relationship": "Outer",
                      "Parallel Aware": true,
                      "Relation Name": "movie_companies",
                      "Alias": "mc",
                      "Startup Cost": 0.0,
                      "Total Cost": 31414.82,
                      "Plan Rows": 429125,
                      "Plan Width": 4,
                      "Actual Startup Time": 34.947,
                      "Actual Total Time": 78.794,
                      "Actual Rows": 332326,
                      "Actual Loops": 4,
                      "Filter": "((company_id < 229605) AND (company_type_id > 1))",
                      "Rows Removed by Filter": 319957
                    },
                    {
                      "Node Type": "Hash",
                      "Parent Relationship": "Inner",
                      "Parallel Aware": true,
                      "Startup Cost": 91836.5,
                      "Total Cost": 91836.5,
                      "Plan Rows": 212150,
                      "Plan Width": 8,
                      "Actual Startup Time": 655.286,
                      "Actual Total Time": 655.29,
                      "Actual Rows": 165514,
                      "Actual Loops": 4,
                      "Hash Buckets": 1048576,
                      "Original Hash Buckets": 1048576,
                      "Hash Batches": 1,
                      "Original Hash Batches": 1,
                      "Peak Memory Usage": 34112,
                      "Plans": [
                        {
                          "Node Type": "Hash Join",
                          "Parent Relationship": "Outer",
                          "Parallel Aware": true,
                          "Join Type": "Inner",
                          "Startup Cost": 64173.73,
                          "Total Cost": 91836.5,
                          "Plan Rows": 212150,
                          "Plan Width": 8,
                          "Actual Startup Time": 463.945,
                          "Actual Total Time": 591.356,
                          "Actual Rows": 165514,
                          "Actual Loops": 4,
                          "Inner Unique": true,
                          "Hash Cond": "(mk.movie_id = t.id)",
                          "Plans": [
                            {
                              "Node Type": "Bitmap Heap Scan",
                              "Parent Relationship": "Outer",
                              "Parallel Aware": true,
                              "Relation Name": "movie_keyword",
                              "Alias": "mk",
                              "Startup Cost": 13953.34,
                              "Total Cost": 41059.22,
                              "Plan Rows": 212150,
                              "Plan Width": 4,
                              "Actual Startup Time": 66.093,
                              "Actual Total Time": 128.988,
                              "Actual Rows": 165514,
                              "Actual Loops": 4,
                              "Recheck Cond": "(keyword_id > 28393)",
                              "Rows Removed by Index Recheck": 0,
                              "Exact Heap Blocks": 4995,
                              "Lossy Heap Blocks": 0,
                              "Plans": [
                                {
                                  "Node Type": "Bitmap Index Scan",
                                  "Parent Relationship": "Outer",
                                  "Parallel Aware": false,
                                  "Index Name": "keyword_id_movie_keyword",
                                  "Startup Cost": 0.0,
                                  "Total Cost": 13788.93,
                                  "Plan Rows": 657666,
                                  "Plan Width": 0,
                                  "Actual Startup Time": 60.379,
                                  "Actual Total Time": 60.38,
                                  "Actual Rows": 662055,
                                  "Actual Loops": 1,
                                  "Index Cond": "(keyword_id > 28393)"
                                }
                              ]
                            },
                            {
                              "Node Type": "Hash",
                              "Parent Relationship": "Inner",
                              "Parallel Aware": true,
                              "Startup Cost": 42319.06,
                              "Total Cost": 42319.06,
                              "Plan Rows": 632106,
                              "Plan Width": 4,
                              "Actual Startup Time": 388.298,
                              "Actual Total Time": 388.299,
                              "Actual Rows": 632078,
                              "Actual Loops": 4,
                              "Hash Buckets": 4194304,
                              "Original Hash Buckets": 4194304,
                              "Hash Batches": 1,
                              "Original Hash Batches": 1,
                              "Peak Memory Usage": 131712,
                              "Plans": [
                                {
                                  "Node Type": "Seq Scan",
                                  "Parent Relationship": "Outer",
                                  "Parallel Aware": true,
                                  "Relation Name": "title",
                                  "Alias": "t",
                                  "Startup Cost": 0.0,
                                  "Total Cost": 42319.06,
                                  "Plan Rows": 632106,
                                  "Plan Width": 4,
                                  "Actual Startup Time": 0.077,
                                  "Actual Total Time": 108.551,
                                  "Actual Rows": 632078,
                                  "Actual Loops": 4
                                }
                              ]
                            }
                          ]
                        }
                      ]
                    }
                  ]
                }
              ]
            }
          ]
        }
      ]
    },
    "Planning Time": 1.156,
    "Triggers": [],
    "Execution Time": 886.838
  }
]