{
    "Plan": {
        "Node Type": "Aggregate",
        "Strategy": "Plain",
        "Partial Mode": "Finalize",
        "Parallel Aware": false,
        "Startup Cost": 261940.73,
        "Total Cost": 261940.74,
        "Plan Rows": 1,
        "Plan Width": 8,
        "Actual Startup Time": 479.57,
        "Actual Total Time": 500.501,
        "Actual Rows": 1,
        "Actual Loops": 1,
        "Output": [
            "count(*)"
        ],
        "Plans": [
            {
                "Node Type": "Gather",
                "Parent Relationship": "Outer",
                "Parallel Aware": false,
                "Startup Cost": 261940.41,
                "Total Cost": 261940.72,
                "Plan Rows": 3,
                "Plan Width": 8,
                "Actual Startup Time": 477.199,
                "Actual Total Time": 500.492,
                "Actual Rows": 4,
                "Actual Loops": 1,
                "Output": [
                    "(PARTIAL count(*))"
                ],
                "Workers Planned": 3,
                "Workers Launched": 3,
                "Single Copy": false,
                "Plans": [
                    {
                        "Node Type": "Aggregate",
                        "Strategy": "Plain",
                        "Partial Mode": "Partial",
                        "Parent Relationship": "Outer",
                        "Parallel Aware": false,
                        "Startup Cost": 260940.41,
                        "Total Cost": 260940.42,
                        "Plan Rows": 1,
                        "Plan Width": 8,
                        "Actual Startup Time": 468.155,
                        "Actual Total Time": 468.159,
                        "Actual Rows": 1,
                        "Actual Loops": 4,
                        "Output": [
                            "PARTIAL count(*)"
                        ],
                        "Workers": [
                            {
                                "Worker Number": 0,
                                "Actual Startup Time": 465.162,
                                "Actual Total Time": 465.166,
                                "Actual Rows": 1,
                                "Actual Loops": 1
                            },
                            {
                                "Worker Number": 1,
                                "Actual Startup Time": 465.599,
                                "Actual Total Time": 465.602,
                                "Actual Rows": 1,
                                "Actual Loops": 1
                            },
                            {
                                "Worker Number": 2,
                                "Actual Startup Time": 465.446,
                                "Actual Total Time": 465.45,
                                "Actual Rows": 1,
                                "Actual Loops": 1
                            }
                        ],
                        "Plans": [
                            {
                                "Node Type": "Nested Loop",
                                "Parent Relationship": "Outer",
                                "Parallel Aware": false,
                                "Join Type": "Inner",
                                "Startup Cost": 46968.58,
                                "Total Cost": 259760.62,
                                "Plan Rows": 471917,
                                "Plan Width": 0,
                                "Actual Startup Time": 183.398,
                                "Actual Total Time": 458.156,
                                "Actual Rows": 184466,
                                "Actual Loops": 4,
                                "Inner Unique": false,
                                "Join Filter": "(t.id = mi.movie_id)",
                                "Rows Removed by Join Filter": 0,
                                "Workers": [
                                    {
                                        "Worker Number": 0,
                                        "Actual Startup Time": 180.435,
                                        "Actual Total Time": 455.371,
                                        "Actual Rows": 139245,
                                        "Actual Loops": 1
                                    },
                                    {
                                        "Worker Number": 1,
                                        "Actual Startup Time": 180.599,
                                        "Actual Total Time": 456.212,
                                        "Actual Rows": 211523,
                                        "Actual Loops": 1
                                    },
                                    {
                                        "Worker Number": 2,
                                        "Actual Startup Time": 180.98,
                                        "Actual Total Time": 455.848,
                                        "Actual Rows": 134883,
                                        "Actual Loops": 1
                                    }
                                ],
                                "Plans": [
                                    {
                                        "Node Type": "Hash Join",
                                        "Parent Relationship": "Outer",
                                        "Parallel Aware": true,
                                        "Join Type": "Inner",
                                        "Startup Cost": 46968.15,
                                        "Total Cost": 77405.22,
                                        "Plan Rows": 80864,
                                        "Plan Width": 8,
                                        "Actual Startup Time": 183.305,
                                        "Actual Total Time": 300.899,
                                        "Actual Rows": 30109,
                                        "Actual Loops": 4,
                                        "Output": [
                                            "t.id",
                                            "mc.movie_id"
                                        ],
                                        "Inner Unique": true,
                                        "Hash Cond": "(mc.movie_id = t.id)",
                                        "Workers": [
                                            {
                                                "Worker Number": 0,
                                                "Actual Startup Time": 180.3,
                                                "Actual Total Time": 296.02,
                                                "Actual Rows": 23563,
                                                "Actual Loops": 1
                                            },
                                            {
                                                "Worker Number": 1,
                                                "Actual Startup Time": 180.504,
                                                "Actual Total Time": 298.957,
                                                "Actual Rows": 33618,
                                                "Actual Loops": 1
                                            },
                                            {
                                                "Worker Number": 2,
                                                "Actual Startup Time": 180.864,
                                                "Actual Total Time": 295.592,
                                                "Actual Rows": 24390,
                                                "Actual Loops": 1
                                            }
                                        ],
                                        "Plans": [
                                            {
                                                "Node Type": "Seq Scan",
                                                "Parent Relationship": "Outer",
                                                "Parallel Aware": true,
                                                "Relation Name": "movie_companies",
                                                "Schema": "public",
                                                "Alias": "mc",
                                                "Startup Cost": 0.0,
                                                "Total Cost": 29310.68,
                                                "Plan Rows": 429104,
                                                "Plan Width": 4,
                                                "Actual Startup Time": 29.746,
                                                "Actual Total Time": 71.058,
                                                "Actual Rows": 333721,
                                                "Actual Loops": 4,
                                                "Output": [
                                                    "mc.id",
                                                    "mc.movie_id",
                                                    "mc.company_id",
                                                    "mc.company_type_id",
                                                    "mc.note"
                                                ],
                                                "Filter": "(mc.company_type_id > 1)",
                                                "Rows Removed by Filter": 318562,
                                                "Workers": [
                                                    {
                                                        "Worker Number": 0,
                                                        "Actual Startup Time": 29.761,
                                                        "Actual Total Time": 72.868,
                                                        "Actual Rows": 267909,
                                                        "Actual Loops": 1
                                                    },
                                                    {
                                                        "Worker Number": 1,
                                                        "Actual Startup Time": 29.741,
                                                        "Actual Total Time": 69.632,
                                                        "Actual Rows": 383966,
                                                        "Actual Loops": 1
                                                    },
                                                    {
                                                        "Worker Number": 2,
                                                        "Actual Startup Time": 29.731,
                                                        "Actual Total Time": 72.462,
                                                        "Actual Rows": 263260,
                                                        "Actual Loops": 1
                                                    }
                                                ]
                                            },
                                            {
                                                "Node Type": "Hash",
                                                "Parent Relationship": "Inner",
                                                "Parallel Aware": true,
                                                "Startup Cost": 45479.21,
                                                "Total Cost": 45479.21,
                                                "Plan Rows": 119115,
                                                "Plan Width": 4,
                                                "Actual Startup Time": 150.498,
                                                "Actual Total Time": 150.499,
                                                "Actual Rows": 129582,
                                                "Actual Loops": 4,
                                                "Output": [
                                                    "t.id"
                                                ],
                                                "Hash Buckets": 524288,
                                                "Original Hash Buckets": 524288,
                                                "Hash Batches": 1,
                                                "Original Hash Batches": 1,
                                                "Peak Memory Usage": 24416,
                                                "Workers": [
                                                    {
                                                        "Worker Number": 0,
                                                        "Actual Startup Time": 150.121,
                                                        "Actual Total Time": 150.123,
                                                        "Actual Rows": 99194,
                                                        "Actual Loops": 1
                                                    },
                                                    {
                                                        "Worker Number": 1,
                                                        "Actual Startup Time": 150.358,
                                                        "Actual Total Time": 150.358,
                                                        "Actual Rows": 135740,
                                                        "Actual Loops": 1
                                                    },
                                                    {
                                                        "Worker Number": 2,
                                                        "Actual Startup Time": 150.405,
                                                        "Actual Total Time": 150.407,
                                                        "Actual Rows": 96292,
                                                        "Actual Loops": 1
                                                    }
                                                ],
                                                "Plans": [
                                                    {
                                                        "Node Type": "Seq Scan",
                                                        "Parent Relationship": "Outer",
                                                        "Parallel Aware": true,
                                                        "Relation Name": "title",
                                                        "Schema": "public",
                                                        "Alias": "t",
                                                        "Startup Cost": 0.0,
                                                        "Total Cost": 45479.21,
                                                        "Plan Rows": 119115,
                                                        "Plan Width": 4,
                                                        "Actual Startup Time": 0.056,
                                                        "Actual Total Time": 110.102,
                                                        "Actual Rows": 129582,
                                                        "Actual Loops": 4,
                                                        "Output": [
                                                            "t.id"
                                                        ],
                                                        "Filter": "((t.production_year > 2007) AND (t.kind_id = 7))",
                                                        "Rows Removed by Filter": 502496,
                                                        "Workers": [
                                                            {
                                                                "Worker Number": 0,
                                                                "Actual Startup Time": 0.068,
                                                                "Actual Total Time": 109.444,
                                                                "Actual Rows": 99194,
                                                                "Actual Loops": 1
                                                            },
                                                            {
                                                                "Worker Number": 1,
                                                                "Actual Startup Time": 0.064,
                                                                "Actual Total Time": 108.32,
                                                                "Actual Rows": 135740,
                                                                "Actual Loops": 1
                                                            },
                                                            {
                                                                "Worker Number": 2,
                                                                "Actual Startup Time": 0.072,
                                                                "Actual Total Time": 115.619,
                                                                "Actual Rows": 96292,
                                                                "Actual Loops": 1
                                                            }
                                                        ]
                                                    }
                                                ]
                                            }
                                        ]
                                    },
                                    {
                                        "Node Type": "Index Only Scan",
                                        "Parent Relationship": "Inner",
                                        "Parallel Aware": false,
                                        "Scan Direction": "Forward",
                                        "Index Name": "movie_id_movie_info",
                                        "Relation Name": "movie_info",
                                        "Schema": "public",
                                        "Alias": "mi",
                                        "Startup Cost": 0.43,
                                        "Total Cost": 1.77,
                                        "Plan Rows": 39,
                                        "Plan Width": 4,
                                        "Actual Startup Time": 0.002,
                                        "Actual Total Time": 0.004,
                                        "Actual Rows": 6,
                                        "Actual Loops": 120436,
                                        "Output": [
                                            "mi.movie_id"
                                        ],
                                        "Index Cond": "(mi.movie_id = mc.movie_id)",
                                        "Rows Removed by Index Recheck": 0,
                                        "Heap Fetches": 737865,
                                        "Workers": [
                                            {
                                                "Worker Number": 0,
                                                "Actual Startup Time": 0.003,
                                                "Actual Total Time": 0.006,
                                                "Actual Rows": 6,
                                                "Actual Loops": 23563
                                            },
                                            {
                                                "Worker Number": 1,
                                                "Actual Startup Time": 0.002,
                                                "Actual Total Time": 0.004,
                                                "Actual Rows": 6,
                                                "Actual Loops": 33618
                                            },
                                            {
                                                "Worker Number": 2,
                                                "Actual Startup Time": 0.003,
                                                "Actual Total Time": 0.006,
                                                "Actual Rows": 6,
                                                "Actual Loops": 24390
                                            }
                                        ]
                                    }
                                ]
                            }
                        ]
                    }
                ]
            }
        ]
    },
    "Planning Time": 1.564,
    "Triggers": [],
    "Execution Time": 500.593
}