{
  "Plan": {
    "Node Type": "Aggregate",
    "Strategy": "Plain",
    "Partial Mode": "Simple",
    "Parallel Aware": false,
    "Startup Cost": 2079891.07,
    "Total Cost": 2079891.08,
    "Plan Rows": 1,
    "Plan Width": 96,
    "Actual Startup Time": 7548.698,
    "Actual Total Time": 7548.968,
    "Actual Rows": 1,
    "Actual Loops": 1,
    "Plans": [
      {
        "Node Type": "Merge Join",
        "Parent Relationship": "Outer",
        "Parallel Aware": false,
        "Join Type": "Inner",
        "Startup Cost": 2079891.03,
        "Total Cost": 2079891.06,
        "Plan Rows": 1,
        "Plan Width": 48,
        "Actual Startup Time": 7548.683,
        "Actual Total Time": 7548.956,
        "Actual Rows": 15,
        "Actual Loops": 1,
        "Inner Unique": true,
        "Merge Cond": "(pi.info_type_id = it3.id)",
        "Plans": [
          {
            "Node Type": "Sort",
            "Parent Relationship": "Outer",
            "Parallel Aware": false,
            "Startup Cost": 2079888.61,
            "Total Cost": 2079888.62,
            "Plan Rows": 1,
            "Plan Width": 52,
            "Actual Startup Time": 7548.536,
            "Actual Total Time": 7548.856,
            "Actual Rows": 1171,
            "Actual Loops": 1,
            "Sort Key": [
              "pi.info_type_id"
            ],
            "Sort Method": "quicksort",
            "Sort Space Used": 288,
            "Sort Space Type": "Memory",
            "Plans": [
              {
                "Node Type": "Merge Join",
                "Parent Relationship": "Outer",
                "Parallel Aware": false,
                "Join Type": "Inner",
                "Startup Cost": 1717252.5,
                "Total Cost": 2079888.6,
                "Plan Rows": 1,
                "Plan Width": 52,
                "Actual Startup Time": 7547.456,
                "Actual Total Time": 7548.326,
                "Actual Rows": 2445,
                "Actual Loops": 1,
                "Inner Unique": false,
                "Merge Cond": "(n.id = pi.person_id)",
                "Plans": [
                  {
                    "Node Type": "Merge Join",
                    "Parent Relationship": "Outer",
                    "Parallel Aware": false,
                    "Join Type": "Inner",
                    "Startup Cost": 1717246.24,
                    "Total Cost": 1791527.12,
                    "Plan Rows": 1,
                    "Plan Width": 60,
                    "Actual Startup Time": 7156.286,
                    "Actual Total Time": 7156.568,
                    "Actual Rows": 15,
                    "Actual Loops": 1,
                    "Inner Unique": false,
                    "Merge Cond": "(an.person_id = n.id)",
                    "Plans": [
                      {
                        "Node Type": "Index Only Scan",
                        "Parent Relationship": "Outer",
                        "Parallel Aware": false,
                        "Scan Direction": "Forward",
                        "Index Name": "person_id_aka_name",
                        "Relation Name": "aka_name",
                        "Alias": "an",
                        "Startup Cost": 0.42,
                        "Total Cost": 72027.93,
                        "Plan Rows": 901343,
                        "Plan Width": 4,
                        "Actual Startup Time": 0.032,
                        "Actual Total Time": 101.949,
                        "Actual Rows": 390261,
                        "Actual Loops": 1,
                        "Heap Fetches": 390261
                      },
                      {
                        "Node Type": "Sort",
                        "Parent Relationship": "Inner",
                        "Parallel Aware": false,
                        "Startup Cost": 1717245.81,
                        "Total Cost": 1717245.82,
                        "Plan Rows": 1,
                        "Plan Width": 56,
                        "Actual Startup Time": 7036.726,
                        "Actual Total Time": 7036.996,
                        "Actual Rows": 13,
                        "Actual Loops": 1,
                        "Sort Key": [
                          "ci.person_id"
                        ],
                        "Sort Method": "quicksort",
                        "Sort Space Used": 25,
                        "Sort Space Type": "Memory",
                        "Plans": [
                          {
                            "Node Type": "Merge Join",
                            "Parent Relationship": "Outer",
                            "Parallel Aware": false,
                            "Join Type": "Inner",
                            "Startup Cost": 1704569.92,
                            "Total Cost": 1717245.8,
                            "Plan Rows": 1,
                            "Plan Width": 56,
                            "Actual Startup Time": 6996.708,
                            "Actual Total Time": 7036.984,
                            "Actual Rows": 5,
                            "Actual Loops": 1,
                            "Inner Unique": false,
                            "Merge Cond": "(cn.id = mc.company_id)",
                            "Plans": [
                              {
                                "Node Type": "Index Scan",
                                "Parent Relationship": "Outer",
                                "Parallel Aware": false,
                                "Scan Direction": "Forward",
                                "Index Name": "company_name_pkey",
                                "Relation Name": "company_name",
                                "Alias": "cn",
                                "Startup Cost": 0.42,
                                "Total Cost": 12469.43,
                                "Plan Rows": 85931,
                                "Plan Width": 4,
                                "Actual Startup Time": 0.018,
                                "Actual Total Time": 38.475,
                                "Actual Rows": 35458,
                                "Actual Loops": 1,
                                "Filter": "((country_code)::text = '[us]'::text)",
                                "Rows Removed by Filter": 59804
                              },
                              {
                                "Node Type": "Sort",
                                "Parent Relationship": "Inner",
                                "Parallel Aware": false,
                                "Startup Cost": 1704569.5,
                                "Total Cost": 1704569.51,
                                "Plan Rows": 1,
                                "Plan Width": 60,
                                "Actual Startup Time": 6996.498,
                                "Actual Total Time": 6996.768,
                                "Actual Rows": 22,
                                "Actual Loops": 1,
                                "Sort Key": [
                                  "mc.company_id"
                                ],
                                "Sort Method": "quicksort",
                                "Sort Space Used": 26,
                                "Sort Space Type": "Memory",
                                "Plans": [
                                  {
                                    "Node Type": "Merge Join",
                                    "Parent Relationship": "Outer",
                                    "Parallel Aware": false,
                                    "Join Type": "Inner",
                                    "Startup Cost": 1557642.32,
                                    "Total Cost": 1704569.49,
                                    "Plan Rows": 1,
                                    "Plan Width": 60,
                                    "Actual Startup Time": 6996.473,
                                    "Actual Total Time": 6996.749,
                                    "Actual Rows": 22,
                                    "Actual Loops": 1,
                                    "Inner Unique": false,
                                    "Merge Cond": "(mc.movie_id = t.id)",
                                    "Plans": [
                                      {
                                        "Node Type": "Index Scan",
                                        "Parent Relationship": "Outer",
                                        "Parallel Aware": false,
                                        "Scan Direction": "Forward",
                                        "Index Name": "movie_id_movie_companies",
                                        "Relation Name": "movie_companies",
                                        "Alias": "mc",
                                        "Startup Cost": 0.43,
                                        "Total Cost": 140404.76,
                                        "Plan Rows": 2609129,
                                        "Plan Width": 8,
                                        "Actual Startup Time": 0.014,
                                        "Actual Total Time": 409.757,
                                        "Actual Rows": 2122642,
                                        "Actual Loops": 1
                                      },
                                      {
                                        "Node Type": "Sort",
                                        "Parent Relationship": "Inner",
                                        "Parallel Aware": false,
                                        "Startup Cost": 1557641.89,
                                        "Total Cost": 1557641.89,
                                        "Plan Rows": 1,
                                        "Plan Width": 76,
                                        "Actual Startup Time": 6458.909,
                                        "Actual Total Time": 6459.177,
                                        "Actual Rows": 1,
                                        "Actual Loops": 1,
                                        "Sort Key": [
                                          "mk.movie_id"
                                        ],
                                        "Sort Method": "quicksort",
                                        "Sort Space Used": 25,
                                        "Sort Space Type": "Memory",
                                        "Plans": [
                                          {
                                            "Node Type": "Merge Join",
                                            "Parent Relationship": "Outer",
                                            "Parallel Aware": false,
                                            "Join Type": "Inner",
                                            "Startup Cost": 1557641.85,
                                            "Total Cost": 1557641.88,
                                            "Plan Rows": 1,
                                            "Plan Width": 76,
                                            "Actual Startup Time": 6458.905,
                                            "Actual Total Time": 6459.169,
                                            "Actual Rows": 1,
                                            "Actual Loops": 1,
                                            "Inner Unique": true,
                                            "Merge Cond": "(cc.subject_id = cct1.id)",
                                            "Plans": [
                                              {
                                                "Node Type": "Sort",
                                                "Parent Relationship": "Outer",
                                                "Parallel Aware": false,
                                                "Startup Cost": 1557640.79,
                                                "Total Cost": 1557640.8,
                                                "Plan Rows": 1,
                                                "Plan Width": 80,
                                                "Actual Startup Time": 6458.895,
                                                "Actual Total Time": 6459.158,
                                                "Actual Rows": 1,
                                                "Actual Loops": 1,
                                                "Sort Key": [
                                                  "cc.subject_id"
                                                ],
                                                "Sort Method": "quicksort",
                                                "Sort Space Used": 25,
                                                "Sort Space Type": "Memory",
                                                "Plans": [
                                                  {
                                                    "Node Type": "Merge Join",
                                                    "Parent Relationship": "Outer",
                                                    "Parallel Aware": false,
                                                    "Join Type": "Inner",
                                                    "Startup Cost": 1557640.76,
                                                    "Total Cost": 1557640.78,
                                                    "Plan Rows": 1,
                                                    "Plan Width": 80,
                                                    "Actual Startup Time": 6458.89,
                                                    "Actual Total Time": 6459.152,
                                                    "Actual Rows": 1,
                                                    "Actual Loops": 1,
                                                    "Inner Unique": true,
                                                    "Merge Cond": "(cc.status_id = cct2.id)",
                                                    "Plans": [
                                                      {
                                                        "Node Type": "Sort",
                                                        "Parent Relationship": "Outer",
                                                        "Parallel Aware": false,
                                                        "Startup Cost": 1557639.7,
                                                        "Total Cost": 1557639.7,
                                                        "Plan Rows": 1,
                                                        "Plan Width": 84,
                                                        "Actual Startup Time": 6458.871,
                                                        "Actual Total Time": 6459.132,
                                                        "Actual Rows": 1,
                                                        "Actual Loops": 1,
                                                        "Sort Key": [
                                                          "cc.status_id"
                                                        ],
                                                        "Sort Method": "quicksort",
                                                        "Sort Space Used": 25,
                                                        "Sort Space Type": "Memory",
                                                        "Plans": [
                                                          {
                                                            "Node Type": "Merge Join",
                                                            "Parent Relationship": "Outer",
                                                            "Parallel Aware": false,
                                                            "Join Type": "Inner",
                                                            "Startup Cost": 1550655.32,
                                                            "Total Cost": 1557639.69,
                                                            "Plan Rows": 1,
                                                            "Plan Width": 84,
                                                            "Actual Startup Time": 6458.865,
                                                            "Actual Total Time": 6459.126,
                                                            "Actual Rows": 1,
                                                            "Actual Loops": 1,
                                                            "Inner Unique": false,
                                                            "Merge Cond": "(cc.movie_id = t.id)",
                                                            "Plans": [
                                                              {
                                                                "Node Type": "Index Scan",
                                                                "Parent Relationship": "Outer",
                                                                "Parallel Aware": false,
                                                                "Scan Direction": "Forward",
                                                                "Index Name": "movie_id_complete_cast",
                                                                "Relation Name": "complete_cast",
                                                                "Alias": "cc",
                                                                "Startup Cost": 0.42,
                                                                "Total Cost": 6650.11,
                                                                "Plan Rows": 135086,
                                                                "Plan Width": 12,
                                                                "Actual Startup Time": 0.013,
                                                                "Actual Total Time": 25.184,
                                                                "Actual Rows": 110756,
                                                                "Actual Loops": 1
                                                              },
                                                              {
                                                                "Node Type": "Sort",
                                                                "Parent Relationship": "Inner",
                                                                "Parallel Aware": false,
                                                                "Startup Cost": 1550654.9,
                                                                "Total Cost": 1550654.9,
                                                                "Plan Rows": 1,
                                                                "Plan Width": 72,
                                                                "Actual Startup Time": 6426.998,
                                                                "Actual Total Time": 6427.256,
                                                                "Actual Rows": 1,
                                                                "Actual Loops": 1,
                                                                "Sort Key": [
                                                                  "mk.movie_id"
                                                                ],
                                                                "Sort Method": "quicksort",
                                                                "Sort Space Used": 25,
                                                                "Sort Space Type": "Memory",
                                                                "Plans": [
                                                                  {
                                                                    "Node Type": "Merge Join",
                                                                    "Parent Relationship": "Outer",
                                                                    "Parallel Aware": false,
                                                                    "Join Type": "Inner",
                                                                    "Startup Cost": 1550654.86,
                                                                    "Total Cost": 1550654.89,
                                                                    "Plan Rows": 1,
                                                                    "Plan Width": 72,
                                                                    "Actual Startup Time": 6426.993,
                                                                    "Actual Total Time": 6427.251,
                                                                    "Actual Rows": 1,
                                                                    "Actual Loops": 1,
                                                                    "Inner Unique": true,
                                                                    "Merge Cond": "(mi.info_type_id = it.id)",
                                                                    "Plans": [
                                                                      {
                                                                        "Node Type": "Sort",
                                                                        "Parent Relationship": "Outer",
                                                                        "Parallel Aware": false,
                                                                        "Startup Cost": 1550652.44,
                                                                        "Total Cost": 1550652.44,
                                                                        "Plan Rows": 1,
                                                                        "Plan Width": 76,
                                                                        "Actual Startup Time": 6426.95,
                                                                        "Actual Total Time": 6427.205,
                                                                        "Actual Rows": 1,
                                                                        "Actual Loops": 1,
                                                                        "Sort Key": [
                                                                          "mi.info_type_id"
                                                                        ],
                                                                        "Sort Method": "quicksort",
                                                                        "Sort Space Used": 25,
                                                                        "Sort Space Type": "Memory",
                                                                        "Plans": [
                                                                          {
                                                                            "Node Type": "Merge Join",
                                                                            "Parent Relationship": "Outer",
                                                                            "Parallel Aware": false,
                                                                            "Join Type": "Inner",
                                                                            "Startup Cost": 1548310.7,
                                                                            "Total Cost": 1550652.43,
                                                                            "Plan Rows": 1,
                                                                            "Plan Width": 76,
                                                                            "Actual Startup Time": 6426.94,
                                                                            "Actual Total Time": 6427.197,
                                                                            "Actual Rows": 1,
                                                                            "Actual Loops": 1,
                                                                            "Inner Unique": false,
                                                                            "Merge Cond": "(t.id = mi.movie_id)",
                                                                            "Plans": [
                                                                              {
                                                                                "Node Type": "Sort",
                                                                                "Parent Relationship": "Outer",
                                                                                "Parallel Aware": false,
                                                                                "Startup Cost": 1185044.78,
                                                                                "Total Cost": 1185044.78,
                                                                                "Plan Rows": 1,
                                                                                "Plan Width": 68,
                                                                                "Actual Startup Time": 5477.102,
                                                                                "Actual Total Time": 5477.322,
                                                                                "Actual Rows": 1,
                                                                                "Actual Loops": 1,
                                                                                "Sort Key": [
                                                                                  "mk.movie_id"
                                                                                ],
                                                                                "Sort Method": "quicksort",
                                                                                "Sort Space Used": 25,
                                                                                "Sort Space Type": "Memory",
                                                                                "Plans": [
                                                                                  {
                                                                                    "Node Type": "Merge Join",
                                                                                    "Parent Relationship": "Outer",
                                                                                    "Parallel Aware": false,
                                                                                    "Join Type": "Inner",
                                                                                    "Startup Cost": 1185044.74,
                                                                                    "Total Cost": 1185044.77,
                                                                                    "Plan Rows": 1,
                                                                                    "Plan Width": 68,
                                                                                    "Actual Startup Time": 5477.095,
                                                                                    "Actual Total Time": 5477.314,
                                                                                    "Actual Rows": 1,
                                                                                    "Actual Loops": 1,
                                                                                    "Inner Unique": true,
                                                                                    "Merge Cond": "(ci.person_role_id = chn.id)",
                                                                                    "Plans": [
                                                                                      {
                                                                                        "Node Type": "Sort",
                                                                                        "Parent Relationship": "Outer",
                                                                                        "Parallel Aware": false,
                                                                                        "Startup Cost": 1124506.55,
                                                                                        "Total Cost": 1124506.55,
                                                                                        "Plan Rows": 1,
                                                                                        "Plan Width": 56,
                                                                                        "Actual Startup Time": 5268.476,
                                                                                        "Actual Total Time": 5268.664,
                                                                                        "Actual Rows": 1,
                                                                                        "Actual Loops": 1,
                                                                                        "Sort Key": [
                                                                                          "ci.person_role_id"
                                                                                        ],
                                                                                        "Sort Method": "quicksort",
                                                                                        "Sort Space Used": 25,
                                                                                        "Sort Space Type": "Memory",
                                                                                        "Plans": [
                                                                                          {
                                                                                            "Node Type": "Merge Join",
                                                                                            "Parent Relationship": "Outer",
                                                                                            "Parallel Aware": false,
                                                                                            "Join Type": "Inner",
                                                                                            "Startup Cost": 1124506.51,
                                                                                            "Total Cost": 1124506.54,
                                                                                            "Plan Rows": 1,
                                                                                            "Plan Width": 56,
                                                                                            "Actual Startup Time": 5268.472,
                                                                                            "Actual Total Time": 5268.658,
                                                                                            "Actual Rows": 1,
                                                                                            "Actual Loops": 1,
                                                                                            "Inner Unique": true,
                                                                                            "Merge Cond": "(ci.role_id = rt.id)",
                                                                                            "Plans": [
                                                                                              {
                                                                                                "Node Type": "Sort",
                                                                                                "Parent Relationship": "Outer",
                                                                                                "Parallel Aware": false,
                                                                                                "Startup Cost": 1124505.35,
                                                                                                "Total Cost": 1124505.36,
                                                                                                "Plan Rows": 1,
                                                                                                "Plan Width": 60,
                                                                                                "Actual Startup Time": 5268.441,
                                                                                                "Actual Total Time": 5268.625,
                                                                                                "Actual Rows": 1,
                                                                                                "Actual Loops": 1,
                                                                                                "Sort Key": [
                                                                                                  "ci.role_id"
                                                                                                ],
                                                                                                "Sort Method": "quicksort",
                                                                                                "Sort Space Used": 25,
                                                                                                "Sort Space Type": "Memory",
                                                                                                "Plans": [
                                                                                                  {
                                                                                                    "Node Type": "Merge Join",
                                                                                                    "Parent Relationship": "Outer",
                                                                                                    "Parallel Aware": false,
                                                                                                    "Join Type": "Inner",
                                                                                                    "Startup Cost": 1124458.19,
                                                                                                    "Total Cost": 1124505.34,
                                                                                                    "Plan Rows": 1,
                                                                                                    "Plan Width": 60,
                                                                                                    "Actual Startup Time": 5263.774,
                                                                                                    "Actual Total Time": 5268.618,
                                                                                                    "Actual Rows": 1,
                                                                                                    "Actual Loops": 1,
                                                                                                    "Inner Unique": true,
                                                                                                    "Merge Cond": "(ci.person_id = n.id)",
                                                                                                    "Plans": [
                                                                                                      {
                                                                                                        "Node Type": "Sort",
                                                                                                        "Parent Relationship": "Outer",
                                                                                                        "Parallel Aware": false,
                                                                                                        "Startup Cost": 1029466.23,
                                                                                                        "Total Cost": 1029466.23,
                                                                                                        "Plan Rows": 1,
                                                                                                        "Plan Width": 41,
                                                                                                        "Actual Startup Time": 4932.856,
                                                                                                        "Actual Total Time": 4933.003,
                                                                                                        "Actual Rows": 38,
                                                                                                        "Actual Loops": 1,
                                                                                                        "Sort Key": [
                                                                                                          "ci.person_id"
                                                                                                        ],
                                                                                                        "Sort Method": "quicksort",
                                                                                                        "Sort Space Used": 27,
                                                                                                        "Sort Space Type": "Memory",
                                                                                                        "Plans": [
                                                                                                          {
                                                                                                            "Node Type": "Merge Join",
                                                                                                            "Parent Relationship": "Outer",
                                                                                                            "Parallel Aware": false,
                                                                                                            "Join Type": "Inner",
                                                                                                            "Startup Cost": 1025072.77,
                                                                                                            "Total Cost": 1029466.22,
                                                                                                            "Plan Rows": 1,
                                                                                                            "Plan Width": 41,
                                                                                                            "Actual Startup Time": 4932.826,
                                                                                                            "Actual Total Time": 4932.982,
                                                                                                            "Actual Rows": 38,
                                                                                                            "Actual Loops": 1,
                                                                                                            "Inner Unique": false,
                                                                                                            "Merge Cond": "(t.id = ci.movie_id)",
                                                                                                            "Plans": [
                                                                                                              {
                                                                                                                "Node Type": "Merge Join",
                                                                                                                "Parent Relationship": "Outer",
                                                                                                                "Parallel Aware": false,
                                                                                                                "Join Type": "Inner",
                                                                                                                "Startup Cost": 303514.96,
                                                                                                                "Total Cost": 303515.16,
                                                                                                                "Plan Rows": 1,
                                                                                                                "Plan Width": 25,
                                                                                                                "Actual Startup Time": 1790.971,
                                                                                                                "Actual Total Time": 1791.081,
                                                                                                                "Actual Rows": 1,
                                                                                                                "Actual Loops": 1,
                                                                                                                "Inner Unique": true,
                                                                                                                "Merge Cond": "(mk.movie_id = t.id)",
                                                                                                                "Plans": [
                                                                                                                  {
                                                                                                                    "Node Type": "Sort",
                                                                                                                    "Parent Relationship": "Outer",
                                                                                                                    "Parallel Aware": false,
                                                                                                                    "Startup Cost": 240487.87,
                                                                                                                    "Total Cost": 240487.95,
                                                                                                                    "Plan Rows": 34,
                                                                                                                    "Plan Width": 4,
                                                                                                                    "Actual Startup Time": 1652.797,
                                                                                                                    "Actual Total Time": 1652.814,
                                                                                                                    "Actual Rows": 308,
                                                                                                                    "Actual Loops": 1,
                                                                                                                    "Sort Key": [
                                                                                                                      "mk.movie_id"
                                                                                                                    ],
                                                                                                                    "Sort Method": "quicksort",
                                                                                                                    "Sort Space Used": 44,
                                                                                                                    "Sort Space Type": "Memory",
                                                                                                                    "Plans": [
                                                                                                                      {
                                                                                                                        "Node Type": "Merge Join",
                                                                                                                        "Parent Relationship": "Outer",
                                                                                                                        "Parallel Aware": false,
                                                                                                                        "Join Type": "Inner",
                                                                                                                        "Startup Cost": 3468.34,
                                                                                                                        "Total Cost": 240487.0,
                                                                                                                        "Plan Rows": 34,
                                                                                                                        "Plan Width": 4,
                                                                                                                        "Actual Startup Time": 1652.402,
                                                                                                                        "Actual Total Time": 1652.743,
                                                                                                                        "Actual Rows": 414,
                                                                                                                        "Actual Loops": 1,
                                                                                                                        "Inner Unique": true,
                                                                                                                        "Merge Cond": "(mk.keyword_id = k.id)",
                                                                                                                        "Plans": [
                                                                                                                          {
                                                                                                                            "Node Type": "Index Scan",
                                                                                                                            "Parent Relationship": "Outer",
                                                                                                                            "Parallel Aware": false,
                                                                                                                            "Scan Direction": "Forward",
                                                                                                                            "Index Name": "keyword_id_movie_keyword",
                                                                                                                            "Relation Name": "movie_keyword",
                                                                                                                            "Alias": "mk",
                                                                                                                            "Startup Cost": 0.43,
                                                                                                                            "Total Cost": 226550.7,
                                                                                                                            "Plan Rows": 4523930,
                                                                                                                            "Plan Width": 8,
                                                                                                                            "Actual Startup Time": 0.019,
                                                                                                                            "Actual Total Time": 1463.851,
                                                                                                                            "Actual Rows": 2617548,
                                                                                                                            "Actual Loops": 1
                                                                                                                          },
                                                                                                                          {
                                                                                                                            "Node Type": "Sort",
                                                                                                                            "Parent Relationship": "Inner",
                                                                                                                            "Parallel Aware": false,
                                                                                                                            "Startup Cost": 2626.14,
                                                                                                                            "Total Cost": 2626.14,
                                                                                                                            "Plan Rows": 1,
                                                                                                                            "Plan Width": 4,
                                                                                                                            "Actual Startup Time": 22.597,
                                                                                                                            "Actual Total Time": 22.599,
                                                                                                                            "Actual Rows": 1,
                                                                                                                            "Actual Loops": 1,
                                                                                                                            "Sort Key": [
                                                                                                                              "k.id"
                                                                                                                            ],
                                                                                                                            "Sort Method": "quicksort",
                                                                                                                            "Sort Space Used": 25,
                                                                                                                            "Sort Space Type": "Memory",
                                                                                                                            "Plans": [
                                                                                                                              {
                                                                                                                                "Node Type": "Seq Scan",
                                                                                                                                "Parent Relationship": "Outer",
                                                                                                                                "Parallel Aware": false,
                                                                                                                                "Relation Name": "keyword",
                                                                                                                                "Alias": "k",
                                                                                                                                "Startup Cost": 0.0,
                                                                                                                                "Total Cost": 2626.12,
                                                                                                                                "Plan Rows": 1,
                                                                                                                                "Plan Width": 4,
                                                                                                                                "Actual Startup Time": 0.109,
                                                                                                                                "Actual Total Time": 22.59,
                                                                                                                                "Actual Rows": 1,
                                                                                                                                "Actual Loops": 1,
                                                                                                                                "Filter": "(keyword = 'computer-animation'::text)",
                                                                                                                                "Rows Removed by Filter": 134169
                                                                                                                              }
                                                                                                                            ]
                                                                                                                          }
                                                                                                                        ]
                                                                                                                      }
                                                                                                                    ]
                                                                                                                  },
                                                                                                                  {
                                                                                                                    "Node Type": "Sort",
                                                                                                                    "Parent Relationship": "Inner",
                                                                                                                    "Parallel Aware": false,
                                                                                                                    "Startup Cost": 63027.09,
                                                                                                                    "Total Cost": 63027.1,
                                                                                                                    "Plan Rows": 3,
                                                                                                                    "Plan Width": 21,
                                                                                                                    "Actual Startup Time": 138.135,
                                                                                                                    "Actual Total Time": 138.237,
                                                                                                                    "Actual Rows": 2,
                                                                                                                    "Actual Loops": 1,
                                                                                                                    "Sort Key": [
                                                                                                                      "t.id"
                                                                                                                    ],
                                                                                                                    "Sort Method": "quicksort",
                                                                                                                    "Sort Space Used": 25,
                                                                                                                    "Sort Space Type": "Memory",
                                                                                                                    "Plans": [
                                                                                                                      {
                                                                                                                        "Node Type": "Gather",
                                                                                                                        "Parent Relationship": "Outer",
                                                                                                                        "Parallel Aware": false,
                                                                                                                        "Startup Cost": 1000.0,
                                                                                                                        "Total Cost": 63027.07,
                                                                                                                        "Plan Rows": 3,
                                                                                                                        "Plan Width": 21,
                                                                                                                        "Actual Startup Time": 122.463,
                                                                                                                        "Actual Total Time": 138.221,
                                                                                                                        "Actual Rows": 2,
                                                                                                                        "Actual Loops": 1,
                                                                                                                        "Workers Planned": 1,
                                                                                                                        "Workers Launched": 1,
                                                                                                                        "Single Copy": false,
                                                                                                                        "Plans": [
                                                                                                                          {
                                                                                                                            "Node Type": "Seq Scan",
                                                                                                                            "Parent Relationship": "Outer",
                                                                                                                            "Parallel Aware": true,
                                                                                                                            "Relation Name": "title",
                                                                                                                            "Alias": "t",
                                                                                                                            "Startup Cost": 0.0,
                                                                                                                            "Total Cost": 62026.77,
                                                                                                                            "Plan Rows": 2,
                                                                                                                            "Plan Width": 21,
                                                                                                                            "Actual Startup Time": 116.421,
                                                                                                                            "Actual Total Time": 132.106,
                                                                                                                            "Actual Rows": 1,
                                                                                                                            "Actual Loops": 2,
                                                                                                                            "Filter": "((production_year >= 2000) AND (production_year <= 2005) AND (title = 'Shrek 2'::text))",
                                                                                                                            "Rows Removed by Filter": 1264155
                                                                                                                          }
                                                                                                                        ]
                                                                                                                      }
                                                                                                                    ]
                                                                                                                  }
                                                                                                                ]
                                                                                                              },
                                                                                                              {
                                                                                                                "Node Type": "Sort",
                                                                                                                "Parent Relationship": "Inner",
                                                                                                                "Parallel Aware": false,
                                                                                                                "Startup Cost": 721557.81,
                                                                                                                "Total Cost": 723754.43,
                                                                                                                "Plan Rows": 878648,
                                                                                                                "Plan Width": 16,
                                                                                                                "Actual Startup Time": 3037.184,
                                                                                                                "Actual Total Time": 3093.497,
                                                                                                                "Actual Rows": 778388,
                                                                                                                "Actual Loops": 1,
                                                                                                                "Sort Key": [
                                                                                                                  "ci.movie_id"
                                                                                                                ],
                                                                                                                "Sort Method": "quicksort",
                                                                                                                "Sort Space Used": 63797,
                                                                                                                "Sort Space Type": "Memory",
                                                                                                                "Plans": [
                                                                                                                  {
                                                                                                                    "Node Type": "Gather",
                                                                                                                    "Parent Relationship": "Outer",
                                                                                                                    "Parallel Aware": false,
                                                                                                                    "Startup Cost": 1000.0,
                                                                                                                    "Total Cost": 634813.61,
                                                                                                                    "Plan Rows": 878648,
                                                                                                                    "Plan Width": 16,
                                                                                                                    "Actual Startup Time": 0.308,
                                                                                                                    "Actual Total Time": 2870.756,
                                                                                                                    "Actual Rows": 836701,
                                                                                                                    "Actual Loops": 1,
                                                                                                                    "Workers Planned": 1,
                                                                                                                    "Workers Launched": 0,
                                                                                                                    "Single Copy": false,
                                                                                                                    "Plans": [
                                                                                                                      {
                                                                                                                        "Node Type": "Seq Scan",
                                                                                                                        "Parent Relationship": "Outer",
                                                                                                                        "Parallel Aware": true,
                                                                                                                        "Relation Name": "cast_info",
                                                                                                                        "Alias": "ci",
                                                                                                                        "Startup Cost": 0.0,
                                                                                                                        "Total Cost": 545948.81,
                                                                                                                        "Plan Rows": 516852,
                                                                                                                        "Plan Width": 16,
                                                                                                                        "Actual Startup Time": 0.012,
                                                                                                                        "Actual Total Time": 2823.097,
                                                                                                                        "Actual Rows": 836701,
                                                                                                                        "Actual Loops": 1,
                                                                                                                        "Filter": "(note = ANY ('{(voice),\"(voice) (uncredited)\",\"(voice: English version)\"}'::text[]))",
                                                                                                                        "Rows Removed by Filter": 35407643
                                                                                                                      }
                                                                                                                    ]
                                                                                                                  }
                                                                                                                ]
                                                                                                              }
                                                                                                            ]
                                                                                                          }
                                                                                                        ]
                                                                                                      },
                                                                                                      {
                                                                                                        "Node Type": "Sort",
                                                                                                        "Parent Relationship": "Inner",
                                                                                                        "Parallel Aware": false,
                                                                                                        "Startup Cost": 94991.96,
                                                                                                        "Total Cost": 95016.15,
                                                                                                        "Plan Rows": 9675,
                                                                                                        "Plan Width": 19,
                                                                                                        "Actual Startup Time": 330.294,
                                                                                                        "Actual Total Time": 333.086,
                                                                                                        "Actual Rows": 45503,
                                                                                                        "Actual Loops": 1,
                                                                                                        "Sort Key": [
                                                                                                          "n.id"
                                                                                                        ],
                                                                                                        "Sort Method": "quicksort",
                                                                                                        "Sort Space Used": 5246,
                                                                                                        "Sort Space Type": "Memory",
                                                                                                        "Plans": [
                                                                                                          {
                                                                                                            "Node Type": "Gather",
                                                                                                            "Parent Relationship": "Outer",
                                                                                                            "Parallel Aware": false,
                                                                                                            "Startup Cost": 1000.0,
                                                                                                            "Total Cost": 94351.47,
                                                                                                            "Plan Rows": 9675,
                                                                                                            "Plan Width": 19,
                                                                                                            "Actual Startup Time": 139.447,
                                                                                                            "Actual Total Time": 320.584,
                                                                                                            "Actual Rows": 50011,
                                                                                                            "Actual Loops": 1,
                                                                                                            "Workers Planned": 1,
                                                                                                            "Workers Launched": 1,
                                                                                                            "Single Copy": false,
                                                                                                            "Plans": [
                                                                                                              {
                                                                                                                "Node Type": "Seq Scan",
                                                                                                                "Parent Relationship": "Outer",
                                                                                                                "Parallel Aware": true,
                                                                                                                "Relation Name": "name",
                                                                                                                "Alias": "n",
                                                                                                                "Startup Cost": 0.0,
                                                                                                                "Total Cost": 92383.97,
                                                                                                                "Plan Rows": 5691,
                                                                                                                "Plan Width": 19,
                                                                                                                "Actual Startup Time": 133.574,
                                                                                                                "Actual Total Time": 310.719,
                                                                                                                "Actual Rows": 25006,
                                                                                                                "Actual Loops": 2,
                                                                                                                "Filter": "((name ~~ '%An%'::text) AND ((gender)::text = 'f'::text))",
                                                                                                                "Rows Removed by Filter": 2058740
                                                                                                              }
                                                                                                            ]
                                                                                                          }
                                                                                                        ]
                                                                                                      }
                                                                                                    ]
                                                                                                  }
                                                                                                ]
                                                                                              },
                                                                                              {
                                                                                                "Node Type": "Sort",
                                                                                                "Parent Relationship": "Inner",
                                                                                                "Parallel Aware": false,
                                                                                                "Startup Cost": 1.16,
                                                                                                "Total Cost": 1.16,
                                                                                                "Plan Rows": 1,
                                                                                                "Plan Width": 4,
                                                                                                "Actual Startup Time": 0.028,
                                                                                                "Actual Total Time": 0.029,
                                                                                                "Actual Rows": 1,
                                                                                                "Actual Loops": 1,
                                                                                                "Sort Key": [
                                                                                                  "rt.id"
                                                                                                ],
                                                                                                "Sort Method": "quicksort",
                                                                                                "Sort Space Used": 25,
                                                                                                "Sort Space Type": "Memory",
                                                                                                "Plans": [
                                                                                                  {
                                                                                                    "Node Type": "Seq Scan",
                                                                                                    "Parent Relationship": "Outer",
                                                                                                    "Parallel Aware": false,
                                                                                                    "Relation Name": "role_type",
                                                                                                    "Alias": "rt",
                                                                                                    "Startup Cost": 0.0,
                                                                                                    "Total Cost": 1.15,
                                                                                                    "Plan Rows": 1,
                                                                                                    "Plan Width": 4,
                                                                                                    "Actual Startup Time": 0.016,
                                                                                                    "Actual Total Time": 0.017,
                                                                                                    "Actual Rows": 1,
                                                                                                    "Actual Loops": 1,
                                                                                                    "Filter": "((role)::text = 'actress'::text)",
                                                                                                    "Rows Removed by Filter": 11
                                                                                                  }
                                                                                                ]
                                                                                              }
                                                                                            ]
                                                                                          }
                                                                                        ]
                                                                                      },
                                                                                      {
                                                                                        "Node Type": "Sort",
                                                                                        "Parent Relationship": "Inner",
                                                                                        "Parallel Aware": false,
                                                                                        "Startup Cost": 60538.2,
                                                                                        "Total Cost": 60538.2,
                                                                                        "Plan Rows": 1,
                                                                                        "Plan Width": 20,
                                                                                        "Actual Startup Time": 208.611,
                                                                                        "Actual Total Time": 208.642,
                                                                                        "Actual Rows": 1,
                                                                                        "Actual Loops": 1,
                                                                                        "Sort Key": [
                                                                                          "chn.id"
                                                                                        ],
                                                                                        "Sort Method": "quicksort",
                                                                                        "Sort Space Used": 25,
                                                                                        "Sort Space Type": "Memory",
                                                                                        "Plans": [
                                                                                          {
                                                                                            "Node Type": "Gather",
                                                                                            "Parent Relationship": "Outer",
                                                                                            "Parallel Aware": false,
                                                                                            "Startup Cost": 1000.0,
                                                                                            "Total Cost": 60538.19,
                                                                                            "Plan Rows": 1,
                                                                                            "Plan Width": 20,
                                                                                            "Actual Startup Time": 11.899,
                                                                                            "Actual Total Time": 208.634,
                                                                                            "Actual Rows": 1,
                                                                                            "Actual Loops": 1,
                                                                                            "Workers Planned": 1,
                                                                                            "Workers Launched": 0,
                                                                                            "Single Copy": false,
                                                                                            "Plans": [
                                                                                              {
                                                                                                "Node Type": "Seq Scan",
                                                                                                "Parent Relationship": "Outer",
                                                                                                "Parallel Aware": true,
                                                                                                "Relation Name": "char_name",
                                                                                                "Alias": "chn",
                                                                                                "Startup Cost": 0.0,
                                                                                                "Total Cost": 59538.09,
                                                                                                "Plan Rows": 1,
                                                                                                "Plan Width": 20,
                                                                                                "Actual Startup Time": 11.609,
                                                                                                "Actual Total Time": 208.312,
                                                                                                "Actual Rows": 1,
                                                                                                "Actual Loops": 1,
                                                                                                "Filter": "(name = 'Queen'::text)",
                                                                                                "Rows Removed by Filter": 3140338
                                                                                              }
                                                                                            ]
                                                                                          }
                                                                                        ]
                                                                                      }
                                                                                    ]
                                                                                  }
                                                                                ]
                                                                              },
                                                                              {
                                                                                "Node Type": "Sort",
                                                                                "Parent Relationship": "Inner",
                                                                                "Parallel Aware": false,
                                                                                "Startup Cost": 363265.92,
                                                                                "Total Cost": 364436.78,
                                                                                "Plan Rows": 468343,
                                                                                "Plan Width": 8,
                                                                                "Actual Startup Time": 921.747,
                                                                                "Actual Total Time": 933.459,
                                                                                "Actual Rows": 338857,
                                                                                "Actual Loops": 1,
                                                                                "Sort Key": [
                                                                                  "mi.movie_id"
                                                                                ],
                                                                                "Sort Method": "quicksort",
                                                                                "Sort Space Used": 30461,
                                                                                "Sort Space Type": "Memory",
                                                                                "Plans": [
                                                                                  {
                                                                                    "Node Type": "Gather",
                                                                                    "Parent Relationship": "Outer",
                                                                                    "Parallel Aware": false,
                                                                                    "Startup Cost": 1000.0,
                                                                                    "Total Cost": 319154.55,
                                                                                    "Plan Rows": 468343,
                                                                                    "Plan Width": 8,
                                                                                    "Actual Startup Time": 91.995,
                                                                                    "Actual Total Time": 859.372,
                                                                                    "Actual Rows": 387683,
                                                                                    "Actual Loops": 1,
                                                                                    "Workers Planned": 1,
                                                                                    "Workers Launched": 1,
                                                                                    "Single Copy": false,
                                                                                    "Plans": [
                                                                                      {
                                                                                        "Node Type": "Seq Scan",
                                                                                        "Parent Relationship": "Outer",
                                                                                        "Parallel Aware": true,
                                                                                        "Relation Name": "movie_info",
                                                                                        "Alias": "mi",
                                                                                        "Startup Cost": 0.0,
                                                                                        "Total Cost": 271320.25,
                                                                                        "Plan Rows": 275496,
                                                                                        "Plan Width": 8,
                                                                                        "Actual Startup Time": 87.689,
                                                                                        "Actual Total Time": 825.529,
                                                                                        "Actual Rows": 193842,
                                                                                        "Actual Loops": 2,
                                                                                        "Filter": "(info ~~ 'USA:%200%'::text)",
                                                                                        "Rows Removed by Filter": 7224018
                                                                                      }
                                                                                    ]
                                                                                  }
                                                                                ]
                                                                              }
                                                                            ]
                                                                          }
                                                                        ]
                                                                      },
                                                                      {
                                                                        "Node Type": "Sort",
                                                                        "Parent Relationship": "Inner",
                                                                        "Parallel Aware": false,
                                                                        "Startup Cost": 2.42,
                                                                        "Total Cost": 2.43,
                                                                        "Plan Rows": 1,
                                                                        "Plan Width": 4,
                                                                        "Actual Startup Time": 0.04,
                                                                        "Actual Total Time": 0.041,
                                                                        "Actual Rows": 1,
                                                                        "Actual Loops": 1,
                                                                        "Sort Key": [
                                                                          "it.id"
                                                                        ],
                                                                        "Sort Method": "quicksort",
                                                                        "Sort Space Used": 25,
                                                                        "Sort Space Type": "Memory",
                                                                        "Plans": [
                                                                          {
                                                                            "Node Type": "Seq Scan",
                                                                            "Parent Relationship": "Outer",
                                                                            "Parallel Aware": false,
                                                                            "Relation Name": "info_type",
                                                                            "Alias": "it",
                                                                            "Startup Cost": 0.0,
                                                                            "Total Cost": 2.41,
                                                                            "Plan Rows": 1,
                                                                            "Plan Width": 4,
                                                                            "Actual Startup Time": 0.024,
                                                                            "Actual Total Time": 0.028,
                                                                            "Actual Rows": 1,
                                                                            "Actual Loops": 1,
                                                                            "Filter": "((info)::text = 'release dates'::text)",
                                                                            "Rows Removed by Filter": 112
                                                                          }
                                                                        ]
                                                                      }
                                                                    ]
                                                                  }
                                                                ]
                                                              }
                                                            ]
                                                          }
                                                        ]
                                                      },
                                                      {
                                                        "Node Type": "Sort",
                                                        "Parent Relationship": "Inner",
                                                        "Parallel Aware": false,
                                                        "Startup Cost": 1.06,
                                                        "Total Cost": 1.06,
                                                        "Plan Rows": 1,
                                                        "Plan Width": 4,
                                                        "Actual Startup Time": 0.016,
                                                        "Actual Total Time": 0.017,
                                                        "Actual Rows": 1,
                                                        "Actual Loops": 1,
                                                        "Sort Key": [
                                                          "cct2.id"
                                                        ],
                                                        "Sort Method": "quicksort",
                                                        "Sort Space Used": 25,
                                                        "Sort Space Type": "Memory",
                                                        "Plans": [
                                                          {
                                                            "Node Type": "Seq Scan",
                                                            "Parent Relationship": "Outer",
                                                            "Parallel Aware": false,
                                                            "Relation Name": "comp_cast_type",
                                                            "Alias": "cct2",
                                                            "Startup Cost": 0.0,
                                                            "Total Cost": 1.05,
                                                            "Plan Rows": 1,
                                                            "Plan Width": 4,
                                                            "Actual Startup Time": 0.01,
                                                            "Actual Total Time": 0.01,
                                                            "Actual Rows": 1,
                                                            "Actual Loops": 1,
                                                            "Filter": "((kind)::text = 'complete+verified'::text)",
                                                            "Rows Removed by Filter": 3
                                                          }
                                                        ]
                                                      }
                                                    ]
                                                  }
                                                ]
                                              },
                                              {
                                                "Node Type": "Sort",
                                                "Parent Relationship": "Inner",
                                                "Parallel Aware": false,
                                                "Startup Cost": 1.06,
                                                "Total Cost": 1.06,
                                                "Plan Rows": 1,
                                                "Plan Width": 4,
                                                "Actual Startup Time": 0.007,
                                                "Actual Total Time": 0.008,
                                                "Actual Rows": 1,
                                                "Actual Loops": 1,
                                                "Sort Key": [
                                                  "cct1.id"
                                                ],
                                                "Sort Method": "quicksort",
                                                "Sort Space Used": 25,
                                                "Sort Space Type": "Memory",
                                                "Plans": [
                                                  {
                                                    "Node Type": "Seq Scan",
                                                    "Parent Relationship": "Outer",
                                                    "Parallel Aware": false,
                                                    "Relation Name": "comp_cast_type",
                                                    "Alias": "cct1",
                                                    "Startup Cost": 0.0,
                                                    "Total Cost": 1.05,
                                                    "Plan Rows": 1,
                                                    "Plan Width": 4,
                                                    "Actual Startup Time": 0.003,
                                                    "Actual Total Time": 0.004,
                                                    "Actual Rows": 1,
                                                    "Actual Loops": 1,
                                                    "Filter": "((kind)::text = 'cast'::text)",
                                                    "Rows Removed by Filter": 3
                                                  }
                                                ]
                                              }
                                            ]
                                          }
                                        ]
                                      }
                                    ]
                                  }
                                ]
                              }
                            ]
                          }
                        ]
                      }
                    ]
                  },
                  {
                    "Node Type": "Index Scan",
                    "Parent Relationship": "Inner",
                    "Parallel Aware": false,
                    "Scan Direction": "Forward",
                    "Index Name": "person_id_person_info",
                    "Relation Name": "person_info",
                    "Alias": "pi",
                    "Startup Cost": 0.43,
                    "Total Cost": 280951.69,
                    "Plan Rows": 2965896,
                    "Plan Width": 8,
                    "Actual Startup Time": 0.022,
                    "Actual Total Time": 294.272,
                    "Actual Rows": 1642857,
                    "Actual Loops": 1
                  }
                ]
              }
            ]
          },
          {
            "Node Type": "Sort",
            "Parent Relationship": "Inner",
            "Parallel Aware": false,
            "Startup Cost": 2.42,
            "Total Cost": 2.43,
            "Plan Rows": 1,
            "Plan Width": 4,
            "Actual Startup Time": 0.03,
            "Actual Total Time": 0.03,
            "Actual Rows": 1,
            "Actual Loops": 1,
            "Sort Key": [
              "it3.id"
            ],
            "Sort Method": "quicksort",
            "Sort Space Used": 25,
            "Sort Space Type": "Memory",
            "Plans": [
              {
                "Node Type": "Seq Scan",
                "Parent Relationship": "Outer",
                "Parallel Aware": false,
                "Relation Name": "info_type",
                "Alias": "it3",
                "Startup Cost": 0.0,
                "Total Cost": 2.41,
                "Plan Rows": 1,
                "Plan Width": 4,
                "Actual Startup Time": 0.019,
                "Actual Total Time": 0.024,
                "Actual Rows": 1,
                "Actual Loops": 1,
                "Filter": "((info)::text = 'height'::text)",
                "Rows Removed by Filter": 112
              }
            ]
          }
        ]
      }
    ]
  },
  "Planning Time": 6.319,
  "Triggers": [],
  "Execution Time": 7549.318
}