[
  {
    "Plan": {
      "Node Type": "Aggregate",
      "Strategy": "Plain",
      "Partial Mode": "Finalize",
      "Parallel Aware": false,
      "Startup Cost": 22355.55,
      "Total Cost": 22355.56,
      "Plan Rows": 1,
      "Plan Width": 8,
      "Actual Startup Time": 29.626,
      "Actual Total Time": 33.931,
      "Actual Rows": 1,
      "Actual Loops": 1,
      "Plans": [
        {
          "Node Type": "Gather",
          "Parent Relationship": "Outer",
          "Parallel Aware": false,
          "Startup Cost": 22355.44,
          "Total Cost": 22355.55,
          "Plan Rows": 1,
          "Plan Width": 8,
          "Actual Startup Time": 29.32,
          "Actual Total Time": 33.921,
          "Actual Rows": 2,
          "Actual Loops": 1,
          "Workers Planned": 1,
          "Workers Launched": 1,
          "Single Copy": false,
          "Plans": [
            {
              "Node Type": "Aggregate",
              "Strategy": "Plain",
              "Partial Mode": "Partial",
              "Parent Relationship": "Outer",
              "Parallel Aware": false,
              "Startup Cost": 21355.44,
              "Total Cost": 21355.45,
              "Plan Rows": 1,
              "Plan Width": 8,
              "Actual Startup Time": 23.427,
              "Actual Total Time": 23.429,
              "Actual Rows": 1,
              "Actual Loops": 2,
              "Plans": [
                {
                  "Node Type": "Nested Loop",
                  "Parent Relationship": "Outer",
                  "Parallel Aware": false,
                  "Join Type": "Inner",
                  "Startup Cost": 67.78,
                  "Total Cost": 21351.09,
                  "Plan Rows": 1739,
                  "Plan Width": 0,
                  "Actual Startup Time": 1.704,
                  "Actual Total Time": 23.119,
                  "Actual Rows": 1892,
                  "Actual Loops": 2,
                  "Inner Unique": true,
                  "Plans": [
                    {
                      "Node Type": "Bitmap Heap Scan",
                      "Parent Relationship": "Outer",
                      "Parallel Aware": true,
                      "Relation Name": "movie_companies",
                      "Alias": "mc",
                      "Startup Cost": 67.35,
                      "Total Cost": 7914.71,
                      "Plan Rows": 1739,
                      "Plan Width": 4,
                      "Actual Startup Time": 1.54,
                      "Actual Total Time": 5.174,
                      "Actual Rows": 1892,
                      "Actual Loops": 2,
                      "Recheck Cond": "(company_id = 329)",
                      "Rows Removed by Index Recheck": 0,
                      "Exact Heap Blocks": 1282,
                      "Lossy Heap Blocks": 0,
                      "Plans": [
                        {
                          "Node Type": "Bitmap Index Scan",
                          "Parent Relationship": "Outer",
                          "Parallel Aware": false,
                          "Index Name": "company_id_movie_companies",
                          "Startup Cost": 0.0,
                          "Total Cost": 66.61,
                          "Plan Rows": 2957,
                          "Plan Width": 0,
                          "Actual Startup Time": 2.274,
                          "Actual Total Time": 2.275,
                          "Actual Rows": 3783,
                          "Actual Loops": 1,
                          "Index Cond": "(company_id = 329)"
                        }
                      ]
                    },
                    {
                      "Node Type": "Index Only Scan",
                      "Parent Relationship": "Inner",
                      "Parallel Aware": false,
                      "Scan Direction": "Forward",
                      "Index Name": "title_pkey",
                      "Relation Name": "title",
                      "Alias": "t",
                      "Startup Cost": 0.43,
                      "Total Cost": 7.73,
                      "Plan Rows": 1,
                      "Plan Width": 4,
                      "Actual Startup Time": 0.009,
                      "Actual Total Time": 0.009,
                      "Actual Rows": 1,
                      "Actual Loops": 3783,
                      "Index Cond": "(id = mc.movie_id)",
                      "Rows Removed by Index Recheck": 0,
                      "Heap Fetches": 3783
                    }
                  ]
                }
              ]
            }
          ]
        }
      ]
    },
    "Planning Time": 0.507,
    "Triggers": [],
    "Execution Time": 34.005
  }
]