[
  {
    "Plan": {
      "Node Type": "Aggregate",
      "Strategy": "Plain",
      "Partial Mode": "Finalize",
      "Parallel Aware": false,
      "Startup Cost": 92353.44,
      "Total Cost": 92353.45,
      "Plan Rows": 1,
      "Plan Width": 8,
      "Actual Startup Time": 605.836,
      "Actual Total Time": 623.969,
      "Actual Rows": 1,
      "Actual Loops": 1,
      "Plans": [
        {
          "Node Type": "Gather",
          "Parent Relationship": "Outer",
          "Parallel Aware": false,
          "Startup Cost": 92353.12,
          "Total Cost": 92353.43,
          "Plan Rows": 3,
          "Plan Width": 8,
          "Actual Startup Time": 595.041,
          "Actual Total Time": 623.956,
          "Actual Rows": 4,
          "Actual Loops": 1,
          "Workers Planned": 3,
          "Workers Launched": 3,
          "Single Copy": false,
          "Plans": [
            {
              "Node Type": "Aggregate",
              "Strategy": "Plain",
              "Partial Mode": "Partial",
              "Parent Relationship": "Outer",
              "Parallel Aware": false,
              "Startup Cost": 91353.12,
              "Total Cost": 91353.13,
              "Plan Rows": 1,
              "Plan Width": 8,
              "Actual Startup Time": 582.433,
              "Actual Total Time": 582.44,
              "Actual Rows": 1,
              "Actual Loops": 4,
              "Plans": [
                {
                  "Node Type": "Hash Join",
                  "Parent Relationship": "Outer",
                  "Parallel Aware": true,
                  "Join Type": "Inner",
                  "Startup Cost": 63373.99,
                  "Total Cost": 90853.1,
                  "Plan Rows": 200007,
                  "Plan Width": 0,
                  "Actual Startup Time": 442.487,
                  "Actual Total Time": 572.885,
                  "Actual Rows": 154471,
                  "Actual Loops": 4,
                  "Inner Unique": true,
                  "Hash Cond": "(mk.movie_id = t.id)",
                  "Plans": [
                    {
                      "Node Type": "Bitmap Heap Scan",
                      "Parent Relationship": "Outer",
                      "Parallel Aware": true,
                      "Relation Name": "movie_keyword",
                      "Alias": "mk",
                      "Startup Cost": 13153.61,
                      "Total Cost": 40107.7,
                      "Plan Rows": 200007,
                      "Plan Width": 4,
                      "Actual Startup Time": 60.45,
                      "Actual Total Time": 130.66,
                      "Actual Rows": 154471,
                      "Actual Loops": 4,
                      "Recheck Cond": "(keyword_id > 29517)",
                      "Rows Removed by Index Recheck": 0,
                      "Exact Heap Blocks": 7372,
                      "Lossy Heap Blocks": 0,
                      "Plans": [
                        {
                          "Node Type": "Bitmap Index Scan",
                          "Parent Relationship": "Outer",
                          "Parallel Aware": false,
                          "Index Name": "keyword_id_movie_keyword",
                          "Startup Cost": 0.0,
                          "Total Cost": 12998.61,
                          "Plan Rows": 620023,
                          "Plan Width": 0,
                          "Actual Startup Time": 54.798,
                          "Actual Total Time": 54.799,
                          "Actual Rows": 617884,
                          "Actual Loops": 1,
                          "Index Cond": "(keyword_id > 29517)"
                        }
                      ]
                    },
                    {
                      "Node Type": "Hash",
                      "Parent Relationship": "Inner",
                      "Parallel Aware": true,
                      "Startup Cost": 42319.06,
                      "Total Cost": 42319.06,
                      "Plan Rows": 632106,
                      "Plan Width": 4,
                      "Actual Startup Time": 373.287,
                      "Actual Total Time": 373.288,
                      "Actual Rows": 632078,
                      "Actual Loops": 4,
                      "Hash Buckets": 4194304,
                      "Original Hash Buckets": 4194304,
                      "Hash Batches": 1,
                      "Original Hash Batches": 1,
                      "Peak Memory Usage": 131744,
                      "Plans": [
                        {
                          "Node Type": "Seq Scan",
                          "Parent Relationship": "Outer",
                          "Parallel Aware": true,
                          "Relation Name": "title",
                          "Alias": "t",
                          "Startup Cost": 0.0,
                          "Total Cost": 42319.06,
                          "Plan Rows": 632106,
                          "Plan Width": 4,
                          "Actual Startup Time": 0.043,
                          "Actual Total Time": 112.56,
                          "Actual Rows": 632078,
                          "Actual Loops": 4
                        }
                      ]
                    }
                  ]
                }
              ]
            }
          ]
        }
      ]
    },
    "Planning Time": 0.287,
    "Triggers": [],
    "Execution Time": 624.018
  }
]