[
  {
    "Plan": {
      "Node Type": "Aggregate",
      "Strategy": "Plain",
      "Partial Mode": "Finalize",
      "Parallel Aware": false,
      "Startup Cost": 46922.57,
      "Total Cost": 46922.58,
      "Plan Rows": 1,
      "Plan Width": 8,
      "Actual Startup Time": 110.476,
      "Actual Total Time": 124.12,
      "Actual Rows": 1,
      "Actual Loops": 1,
      "Plans": [
        {
          "Node Type": "Gather",
          "Parent Relationship": "Outer",
          "Parallel Aware": false,
          "Startup Cost": 46922.15,
          "Total Cost": 46922.56,
          "Plan Rows": 4,
          "Plan Width": 8,
          "Actual Startup Time": 110.283,
          "Actual Total Time": 124.11,
          "Actual Rows": 5,
          "Actual Loops": 1,
          "Workers Planned": 4,
          "Workers Launched": 4,
          "Single Copy": false,
          "Plans": [
            {
              "Node Type": "Aggregate",
              "Strategy": "Plain",
              "Partial Mode": "Partial",
              "Parent Relationship": "Outer",
              "Parallel Aware": false,
              "Startup Cost": 45922.15,
              "Total Cost": 45922.16,
              "Plan Rows": 1,
              "Plan Width": 8,
              "Actual Startup Time": 100.59,
              "Actual Total Time": 100.591,
              "Actual Rows": 1,
              "Actual Loops": 5,
              "Plans": [
                {
                  "Node Type": "Seq Scan",
                  "Parent Relationship": "Outer",
                  "Parallel Aware": true,
                  "Relation Name": "title",
                  "Alias": "t",
                  "Startup Cost": 0.0,
                  "Total Cost": 45479.59,
                  "Plan Rows": 177027,
                  "Plan Width": 0,
                  "Actual Startup Time": 0.058,
                  "Actual Total Time": 93.407,
                  "Actual Rows": 120914,
                  "Actual Loops": 5,
                  "Filter": "((kind_id > 1) AND (production_year < 1999))",
                  "Rows Removed by Filter": 384748
                }
              ]
            }
          ]
        }
      ]
    },
    "Planning Time": 0.201,
    "Triggers": [],
    "Execution Time": 124.188
  }
]