{
  "Plan": {
    "Node Type": "Aggregate",
    "Strategy": "Plain",
    "Partial Mode": "Finalize",
    "Parallel Aware": false,
    "Startup Cost": 417866.62,
    "Total Cost": 417866.63,
    "Plan Rows": 1,
    "Plan Width": 8,
    "Actual Startup Time": 682.234,
    "Actual Total Time": 702.343,
    "Actual Rows": 1,
    "Actual Loops": 1,
    "Plans": [
      {
        "Node Type": "Gather",
        "Parent Relationship": "Outer",
        "Parallel Aware": false,
        "Startup Cost": 417866.51,
        "Total Cost": 417866.62,
        "Plan Rows": 1,
        "Plan Width": 8,
        "Actual Startup Time": 681.741,
        "Actual Total Time": 702.333,
        "Actual Rows": 2,
        "Actual Loops": 1,
        "Workers Planned": 1,
        "Workers Launched": 1,
        "Single Copy": false,
        "Plans": [
          {
            "Node Type": "Aggregate",
            "Strategy": "Plain",
            "Partial Mode": "Partial",
            "Parent Relationship": "Outer",
            "Parallel Aware": false,
            "Startup Cost": 416866.51,
            "Total Cost": 416866.52,
            "Plan Rows": 1,
            "Plan Width": 8,
            "Actual Startup Time": 675.691,
            "Actual Total Time": 675.694,
            "Actual Rows": 1,
            "Actual Loops": 2,
            "Plans": [
              {
                "Node Type": "Hash Join",
                "Parent Relationship": "Outer",
                "Parallel Aware": true,
                "Join Type": "Inner",
                "Startup Cost": 132622.15,
                "Total Cost": 416823.92,
                "Plan Rows": 17036,
                "Plan Width": 0,
                "Actual Startup Time": 321.624,
                "Actual Total Time": 674.396,
                "Actual Rows": 24222,
                "Actual Loops": 2,
                "Inner Unique": true,
                "Hash Cond": "(ci.movie_id = t.id)",
                "Plans": [
                  {
                    "Node Type": "Bitmap Heap Scan",
                    "Parent Relationship": "Outer",
                    "Parallel Aware": true,
                    "Relation Name": "cast_info",
                    "Alias": "ci",
                    "Startup Cost": 73851.56,
                    "Total Cost": 356262.06,
                    "Plan Rows": 682386,
                    "Plan Width": 4,
                    "Actual Startup Time": 176.712,
                    "Actual Total Time": 398.235,
                    "Actual Rows": 1249680,
                    "Actual Loops": 2,
                    "Recheck Cond": "(person_id < 333851)",
                    "Rows Removed by Index Recheck": 0,
                    "Filter": "(role_id = 1)",
                    "Rows Removed by Filter": 489422,
                    "Exact Heap Blocks": 20996,
                    "Lossy Heap Blocks": 0,
                    "Plans": [
                      {
                        "Node Type": "Bitmap Index Scan",
                        "Parent Relationship": "Outer",
                        "Parallel Aware": false,
                        "Index Name": "person_id_cast_info",
                        "Startup Cost": 0.0,
                        "Total Cost": 73561.54,
                        "Plan Rows": 3368664,
                        "Plan Width": 0,
                        "Actual Startup Time": 170.727,
                        "Actual Total Time": 170.728,
                        "Actual Rows": 3478204,
                        "Actual Loops": 1,
                        "Index Cond": "(person_id < 333851)"
                      }
                    ]
                  },
                  {
                    "Node Type": "Hash",
                    "Parent Relationship": "Inner",
                    "Parallel Aware": true,
                    "Startup Cost": 58306.47,
                    "Total Cost": 58306.47,
                    "Plan Rows": 37130,
                    "Plan Width": 4,
                    "Actual Startup Time": 143.432,
                    "Actual Total Time": 143.432,
                    "Actual Rows": 26952,
                    "Actual Loops": 2,
                    "Hash Buckets": 65536,
                    "Original Hash Buckets": 65536,
                    "Hash Batches": 1,
                    "Original Hash Batches": 1,
                    "Peak Memory Usage": 2656,
                    "Plans": [
                      {
                        "Node Type": "Seq Scan",
                        "Parent Relationship": "Outer",
                        "Parallel Aware": true,
                        "Relation Name": "title",
                        "Alias": "t",
                        "Startup Cost": 0.0,
                        "Total Cost": 58306.47,
                        "Plan Rows": 37130,
                        "Plan Width": 4,
                        "Actual Startup Time": 0.199,
                        "Actual Total Time": 136.717,
                        "Actual Rows": 26952,
                        "Actual Loops": 2,
                        "Filter": "((kind_id < 7) AND (production_year = 2012))",
                        "Rows Removed by Filter": 1237204
                      }
                    ]
                  }
                ]
              }
            ]
          }
        ]
      }
    ]
  },
  "Planning Time": 0.509,
  "Triggers": [],
  "Execution Time": 702.439
}