{
  "Plan": {
    "Node Type": "Aggregate",
    "Strategy": "Plain",
    "Partial Mode": "Finalize",
    "Parallel Aware": false,
    "Startup Cost": 362917.54,
    "Total Cost": 362917.55,
    "Plan Rows": 1,
    "Plan Width": 8,
    "Actual Startup Time": 2706.258,
    "Actual Total Time": 2784.725,
    "Actual Rows": 1,
    "Actual Loops": 1,
    "Plans": [
      {
        "Node Type": "Gather",
        "Parent Relationship": "Outer",
        "Parallel Aware": false,
        "Startup Cost": 362917.43,
        "Total Cost": 362917.54,
        "Plan Rows": 1,
        "Plan Width": 8,
        "Actual Startup Time": 2704.995,
        "Actual Total Time": 2784.718,
        "Actual Rows": 2,
        "Actual Loops": 1,
        "Workers Planned": 1,
        "Workers Launched": 1,
        "Single Copy": false,
        "Plans": [
          {
            "Node Type": "Aggregate",
            "Strategy": "Plain",
            "Partial Mode": "Partial",
            "Parent Relationship": "Outer",
            "Parallel Aware": false,
            "Startup Cost": 361917.43,
            "Total Cost": 361917.44,
            "Plan Rows": 1,
            "Plan Width": 8,
            "Actual Startup Time": 2698.845,
            "Actual Total Time": 2698.85,
            "Actual Rows": 1,
            "Actual Loops": 2,
            "Plans": [
              {
                "Node Type": "Nested Loop",
                "Parent Relationship": "Outer",
                "Parallel Aware": false,
                "Join Type": "Inner",
                "Startup Cost": 71523.24,
                "Total Cost": 360644.38,
                "Plan Rows": 509221,
                "Plan Width": 0,
                "Actual Startup Time": 211.159,
                "Actual Total Time": 2571.781,
                "Actual Rows": 2411377,
                "Actual Loops": 2,
                "Inner Unique": false,
                "Join Filter": "(t.id = ci.movie_id)",
                "Rows Removed by Join Filter": 0,
                "Plans": [
                  {
                    "Node Type": "Hash Join",
                    "Parent Relationship": "Outer",
                    "Parallel Aware": true,
                    "Join Type": "Inner",
                    "Startup Cost": 71522.68,
                    "Total Cost": 241657.46,
                    "Plan Rows": 35538,
                    "Plan Width": 8,
                    "Actual Startup Time": 211.058,
                    "Actual Total Time": 403.031,
                    "Actual Rows": 61006,
                    "Actual Loops": 2,
                    "Inner Unique": true,
                    "Hash Cond": "(mi.movie_id = t.id)",
                    "Plans": [
                      {
                        "Node Type": "Bitmap Heap Scan",
                        "Parent Relationship": "Outer",
                        "Parallel Aware": true,
                        "Relation Name": "movie_info",
                        "Alias": "mi",
                        "Startup Cost": 16580.53,
                        "Total Cost": 185302.27,
                        "Plan Rows": 538299,
                        "Plan Width": 4,
                        "Actual Startup Time": 57.811,
                        "Actual Total Time": 143.762,
                        "Actual Rows": 436112,
                        "Actual Loops": 2,
                        "Recheck Cond": "(info_type_id > 97)",
                        "Rows Removed by Index Recheck": 0,
                        "Exact Heap Blocks": 18599,
                        "Lossy Heap Blocks": 0,
                        "Plans": [
                          {
                            "Node Type": "Bitmap Index Scan",
                            "Parent Relationship": "Outer",
                            "Parallel Aware": false,
                            "Index Name": "info_type_id_movie_info",
                            "Startup Cost": 0.0,
                            "Total Cost": 16351.75,
                            "Plan Rows": 915109,
                            "Plan Width": 0,
                            "Actual Startup Time": 50.014,
                            "Actual Total Time": 50.014,
                            "Actual Rows": 872224,
                            "Actual Loops": 1,
                            "Index Cond": "(info_type_id > 97)"
                          }
                        ]
                      },
                      {
                        "Node Type": "Hash",
                        "Parent Relationship": "Inner",
                        "Parallel Aware": true,
                        "Startup Cost": 53714.84,
                        "Total Cost": 53714.84,
                        "Plan Rows": 98185,
                        "Plan Width": 4,
                        "Actual Startup Time": 150.041,
                        "Actual Total Time": 150.042,
                        "Actual Rows": 152883,
                        "Actual Loops": 2,
                        "Hash Buckets": 524288,
                        "Original Hash Buckets": 262144,
                        "Hash Batches": 1,
                        "Original Hash Batches": 1,
                        "Peak Memory Usage": 18144,
                        "Plans": [
                          {
                            "Node Type": "Bitmap Heap Scan",
                            "Parent Relationship": "Outer",
                            "Parallel Aware": true,
                            "Relation Name": "title",
                            "Alias": "t",
                            "Startup Cost": 11864.58,
                            "Total Cost": 53714.84,
                            "Plan Rows": 98185,
                            "Plan Width": 4,
                            "Actual Startup Time": 37.567,
                            "Actual Total Time": 109.105,
                            "Actual Rows": 152883,
                            "Actual Loops": 2,
                            "Recheck Cond": "(kind_id = 1)",
                            "Rows Removed by Index Recheck": 0,
                            "Filter": "(production_year < 1988)",
                            "Rows Removed by Filter": 178530,
                            "Exact Heap Blocks": 9222,
                            "Lossy Heap Blocks": 0,
                            "Plans": [
                              {
                                "Node Type": "Bitmap Index Scan",
                                "Parent Relationship": "Outer",
                                "Parallel Aware": false,
                                "Index Name": "kind_id_title",
                                "Startup Cost": 0.0,
                                "Total Cost": 11822.85,
                                "Plan Rows": 663256,
                                "Plan Width": 0,
                                "Actual Startup Time": 37.904,
                                "Actual Total Time": 37.904,
                                "Actual Rows": 662825,
                                "Actual Loops": 1,
                                "Index Cond": "(kind_id = 1)"
                              }
                            ]
                          }
                        ]
                      }
                    ]
                  },
                  {
                    "Node Type": "Index Only Scan",
                    "Parent Relationship": "Inner",
                    "Parallel Aware": false,
                    "Scan Direction": "Forward",
                    "Index Name": "movie_id_cast_info",
                    "Relation Name": "cast_info",
                    "Alias": "ci",
                    "Startup Cost": 0.56,
                    "Total Cost": 2.89,
                    "Plan Rows": 37,
                    "Plan Width": 4,
                    "Actual Startup Time": 0.005,
                    "Actual Total Time": 0.031,
                    "Actual Rows": 40,
                    "Actual Loops": 122011,
                    "Index Cond": "(movie_id = mi.movie_id)",
                    "Rows Removed by Index Recheck": 0,
                    "Heap Fetches": 4822754
                  }
                ]
              }
            ]
          }
        ]
      }
    ]
  },
  "Planning Time": 0.965,
  "Triggers": [],
  "Execution Time": 2784.863
}