{
  "Plan": {
    "Node Type": "Aggregate",
    "Strategy": "Plain",
    "Partial Mode": "Finalize",
    "Parallel Aware": false,
    "Startup Cost": 407941.81,
    "Total Cost": 407941.82,
    "Plan Rows": 1,
    "Plan Width": 8,
    "Actual Startup Time": 1303.833,
    "Actual Total Time": 1389.386,
    "Actual Rows": 1,
    "Actual Loops": 1,
    "Plans": [
      {
        "Node Type": "Gather",
        "Parent Relationship": "Outer",
        "Parallel Aware": false,
        "Startup Cost": 407941.7,
        "Total Cost": 407941.81,
        "Plan Rows": 1,
        "Plan Width": 8,
        "Actual Startup Time": 1303.188,
        "Actual Total Time": 1389.375,
        "Actual Rows": 2,
        "Actual Loops": 1,
        "Workers Planned": 1,
        "Workers Launched": 1,
        "Single Copy": false,
        "Plans": [
          {
            "Node Type": "Aggregate",
            "Strategy": "Plain",
            "Partial Mode": "Partial",
            "Parent Relationship": "Outer",
            "Parallel Aware": false,
            "Startup Cost": 406941.7,
            "Total Cost": 406941.71,
            "Plan Rows": 1,
            "Plan Width": 8,
            "Actual Startup Time": 1298.974,
            "Actual Total Time": 1298.979,
            "Actual Rows": 1,
            "Actual Loops": 2,
            "Plans": [
              {
                "Node Type": "Nested Loop",
                "Parent Relationship": "Outer",
                "Parallel Aware": false,
                "Join Type": "Inner",
                "Startup Cost": 92997.03,
                "Total Cost": 406165.49,
                "Plan Rows": 310484,
                "Plan Width": 0,
                "Actual Startup Time": 179.897,
                "Actual Total Time": 1289.701,
                "Actual Rows": 142404,
                "Actual Loops": 2,
                "Inner Unique": false,
                "Join Filter": "(t.id = ci.movie_id)",
                "Rows Removed by Join Filter": 0,
                "Plans": [
                  {
                    "Node Type": "Hash Join",
                    "Parent Relationship": "Outer",
                    "Parallel Aware": true,
                    "Join Type": "Inner",
                    "Startup Cost": 92996.46,
                    "Total Cost": 281523.69,
                    "Plan Rows": 62922,
                    "Plan Width": 8,
                    "Actual Startup Time": 179.63,
                    "Actual Total Time": 555.247,
                    "Actual Rows": 42763,
                    "Actual Loops": 2,
                    "Inner Unique": true,
                    "Hash Cond": "(mi.movie_id = t.id)",
                    "Plans": [
                      {
                        "Node Type": "Bitmap Heap Scan",
                        "Parent Relationship": "Outer",
                        "Parallel Aware": true,
                        "Relation Name": "movie_info",
                        "Alias": "mi",
                        "Startup Cost": 54025.71,
                        "Total Cost": 237947.81,
                        "Plan Rows": 1754328,
                        "Plan Width": 4,
                        "Actual Startup Time": 104.367,
                        "Actual Total Time": 262.267,
                        "Actual Rows": 1518360,
                        "Actual Loops": 2,
                        "Recheck Cond": "(info_type_id = 16)",
                        "Rows Removed by Index Recheck": 0,
                        "Exact Heap Blocks": 16688,
                        "Lossy Heap Blocks": 0,
                        "Plans": [
                          {
                            "Node Type": "Bitmap Index Scan",
                            "Parent Relationship": "Outer",
                            "Parallel Aware": false,
                            "Index Name": "info_type_id_movie_info",
                            "Startup Cost": 0.0,
                            "Total Cost": 53280.12,
                            "Plan Rows": 2982358,
                            "Plan Width": 0,
                            "Actual Startup Time": 100.23,
                            "Actual Total Time": 100.231,
                            "Actual Rows": 3036719,
                            "Actual Loops": 1,
                            "Index Cond": "(info_type_id = 16)"
                          }
                        ]
                      },
                      {
                        "Node Type": "Hash",
                        "Parent Relationship": "Inner",
                        "Parallel Aware": true,
                        "Startup Cost": 38303.98,
                        "Total Cost": 38303.98,
                        "Plan Rows": 53342,
                        "Plan Width": 4,
                        "Actual Startup Time": 73.362,
                        "Actual Total Time": 73.363,
                        "Actual Rows": 45426,
                        "Actual Loops": 2,
                        "Hash Buckets": 131072,
                        "Original Hash Buckets": 131072,
                        "Hash Batches": 1,
                        "Original Hash Batches": 1,
                        "Peak Memory Usage": 4608,
                        "Plans": [
                          {
                            "Node Type": "Bitmap Heap Scan",
                            "Parent Relationship": "Outer",
                            "Parallel Aware": true,
                            "Relation Name": "title",
                            "Alias": "t",
                            "Startup Cost": 1639.21,
                            "Total Cost": 38303.98,
                            "Plan Rows": 53342,
                            "Plan Width": 4,
                            "Actual Startup Time": 20.94,
                            "Actual Total Time": 63.816,
                            "Actual Rows": 45426,
                            "Actual Loops": 2,
                            "Recheck Cond": "(kind_id = 2)",
                            "Rows Removed by Index Recheck": 0,
                            "Exact Heap Blocks": 20504,
                            "Lossy Heap Blocks": 0,
                            "Plans": [
                              {
                                "Node Type": "Bitmap Index Scan",
                                "Parent Relationship": "Outer",
                                "Parallel Aware": false,
                                "Index Name": "kind_id_title",
                                "Startup Cost": 0.0,
                                "Total Cost": 1616.54,
                                "Plan Rows": 90681,
                                "Plan Width": 0,
                                "Actual Startup Time": 15.653,
                                "Actual Total Time": 15.653,
                                "Actual Rows": 90852,
                                "Actual Loops": 1,
                                "Index Cond": "(kind_id = 2)"
                              }
                            ]
                          }
                        ]
                      }
                    ]
                  },
                  {
                    "Node Type": "Index Scan",
                    "Parent Relationship": "Inner",
                    "Parallel Aware": false,
                    "Scan Direction": "Forward",
                    "Index Name": "movie_id_cast_info",
                    "Relation Name": "cast_info",
                    "Alias": "ci",
                    "Startup Cost": 0.56,
                    "Total Cost": 1.82,
                    "Plan Rows": 13,
                    "Plan Width": 4,
                    "Actual Startup Time": 0.006,
                    "Actual Total Time": 0.017,
                    "Actual Rows": 3,
                    "Actual Loops": 85526,
                    "Index Cond": "(movie_id = mi.movie_id)",
                    "Rows Removed by Index Recheck": 0,
                    "Filter": "(role_id < 2)",
                    "Rows Removed by Filter": 8
                  }
                ]
              }
            ]
          }
        ]
      }
    ]
  },
  "Planning Time": 0.867,
  "Triggers": [],
  "Execution Time": 1389.517
}