{
  "Plan": {
    "Node Type": "Aggregate",
    "Strategy": "Plain",
    "Partial Mode": "Finalize",
    "Parallel Aware": false,
    "Startup Cost": 118253.29,
    "Total Cost": 118253.3,
    "Plan Rows": 1,
    "Plan Width": 8,
    "Actual Startup Time": 408.411,
    "Actual Total Time": 421.223,
    "Actual Rows": 1,
    "Actual Loops": 1,
    "Plans": [
      {
        "Node Type": "Gather",
        "Parent Relationship": "Outer",
        "Parallel Aware": false,
        "Startup Cost": 118253.18,
        "Total Cost": 118253.29,
        "Plan Rows": 1,
        "Plan Width": 8,
        "Actual Startup Time": 408.046,
        "Actual Total Time": 421.216,
        "Actual Rows": 2,
        "Actual Loops": 1,
        "Workers Planned": 1,
        "Workers Launched": 1,
        "Single Copy": false,
        "Plans": [
          {
            "Node Type": "Aggregate",
            "Strategy": "Plain",
            "Partial Mode": "Partial",
            "Parent Relationship": "Outer",
            "Parallel Aware": false,
            "Startup Cost": 117253.18,
            "Total Cost": 117253.19,
            "Plan Rows": 1,
            "Plan Width": 8,
            "Actual Startup Time": 404.78,
            "Actual Total Time": 404.784,
            "Actual Rows": 1,
            "Actual Loops": 2,
            "Plans": [
              {
                "Node Type": "Hash Join",
                "Parent Relationship": "Outer",
                "Parallel Aware": true,
                "Join Type": "Inner",
                "Startup Cost": 55072.98,
                "Total Cost": 117145.09,
                "Plan Rows": 43235,
                "Plan Width": 0,
                "Actual Startup Time": 130.618,
                "Actual Total Time": 404.175,
                "Actual Rows": 11624,
                "Actual Loops": 2,
                "Inner Unique": true,
                "Hash Cond": "(mk.movie_id = t.id)",
                "Plans": [
                  {
                    "Node Type": "Seq Scan",
                    "Parent Relationship": "Outer",
                    "Parallel Aware": true,
                    "Relation Name": "movie_keyword",
                    "Alias": "mk",
                    "Startup Cost": 0.0,
                    "Total Cost": 57718.19,
                    "Plan Rows": 1658633,
                    "Plan Width": 4,
                    "Actual Startup Time": 0.012,
                    "Actual Total Time": 181.683,
                    "Actual Rows": 1406635,
                    "Actual Loops": 2,
                    "Filter": "(keyword_id < 8387)",
                    "Rows Removed by Filter": 855330
                  },
                  {
                    "Node Type": "Hash",
                    "Parent Relationship": "Inner",
                    "Parallel Aware": true,
                    "Startup Cost": 54588.39,
                    "Total Cost": 54588.39,
                    "Plan Rows": 38767,
                    "Plan Width": 4,
                    "Actual Startup Time": 129.223,
                    "Actual Total Time": 129.224,
                    "Actual Rows": 31914,
                    "Actual Loops": 2,
                    "Hash Buckets": 131072,
                    "Original Hash Buckets": 131072,
                    "Hash Batches": 1,
                    "Original Hash Batches": 1,
                    "Peak Memory Usage": 3552,
                    "Plans": [
                      {
                        "Node Type": "Seq Scan",
                        "Parent Relationship": "Outer",
                        "Parallel Aware": true,
                        "Relation Name": "title",
                        "Alias": "t",
                        "Startup Cost": 0.0,
                        "Total Cost": 54588.39,
                        "Plan Rows": 38767,
                        "Plan Width": 4,
                        "Actual Startup Time": 0.045,
                        "Actual Total Time": 119.904,
                        "Actual Rows": 31914,
                        "Actual Loops": 2,
                        "Filter": "(production_year = 2013)",
                        "Rows Removed by Filter": 1232242
                      }
                    ]
                  }
                ]
              }
            ]
          }
        ]
      }
    ]
  },
  "Planning Time": 0.2,
  "Triggers": [],
  "Execution Time": 421.259
}