[
  {
    "Plan": {
      "Node Type": "Aggregate",
      "Strategy": "Plain",
      "Partial Mode": "Finalize",
      "Parallel Aware": false,
      "Startup Cost": 77328.86,
      "Total Cost": 77328.87,
      "Plan Rows": 1,
      "Plan Width": 8,
      "Actual Startup Time": 297.911,
      "Actual Total Time": 304.923,
      "Actual Rows": 1,
      "Actual Loops": 1,
      "Plans": [
        {
          "Node Type": "Gather",
          "Parent Relationship": "Outer",
          "Parallel Aware": false,
          "Startup Cost": 77328.55,
          "Total Cost": 77328.86,
          "Plan Rows": 3,
          "Plan Width": 8,
          "Actual Startup Time": 295.733,
          "Actual Total Time": 304.916,
          "Actual Rows": 4,
          "Actual Loops": 1,
          "Workers Planned": 3,
          "Workers Launched": 3,
          "Single Copy": false,
          "Plans": [
            {
              "Node Type": "Aggregate",
              "Strategy": "Plain",
              "Partial Mode": "Partial",
              "Parent Relationship": "Outer",
              "Parallel Aware": false,
              "Startup Cost": 76328.55,
              "Total Cost": 76328.56,
              "Plan Rows": 1,
              "Plan Width": 8,
              "Actual Startup Time": 293.061,
              "Actual Total Time": 293.064,
              "Actual Rows": 1,
              "Actual Loops": 4,
              "Plans": [
                {
                  "Node Type": "Hash Join",
                  "Parent Relationship": "Outer",
                  "Parallel Aware": true,
                  "Join Type": "Inner",
                  "Startup Cost": 46611.2,
                  "Total Cost": 76027.08,
                  "Plan Rows": 120585,
                  "Plan Width": 0,
                  "Actual Startup Time": 115.282,
                  "Actual Total Time": 282.589,
                  "Actual Rows": 238166,
                  "Actual Loops": 4,
                  "Inner Unique": true,
                  "Hash Cond": "(mc.movie_id = t.id)",
                  "Plans": [
                    {
                      "Node Type": "Seq Scan",
                      "Parent Relationship": "Outer",
                      "Parallel Aware": true,
                      "Relation Name": "movie_companies",
                      "Alias": "mc",
                      "Startup Cost": 0.0,
                      "Total Cost": 27206.55,
                      "Plan Rows": 841655,
                      "Plan Width": 4,
                      "Actual Startup Time": 0.017,
                      "Actual Total Time": 53.84,
                      "Actual Rows": 652282,
                      "Actual Loops": 4
                    },
                    {
                      "Node Type": "Hash",
                      "Parent Relationship": "Inner",
                      "Parallel Aware": true,
                      "Startup Cost": 45479.21,
                      "Total Cost": 45479.21,
                      "Plan Rows": 90559,
                      "Plan Width": 4,
                      "Actual Startup Time": 113.767,
                      "Actual Total Time": 113.768,
                      "Actual Rows": 111881,
                      "Actual Loops": 4,
                      "Hash Buckets": 524288,
                      "Original Hash Buckets": 524288,
                      "Hash Batches": 1,
                      "Original Hash Batches": 1,
                      "Peak Memory Usage": 21632,
                      "Plans": [
                        {
                          "Node Type": "Seq Scan",
                          "Parent Relationship": "Outer",
                          "Parallel Aware": true,
                          "Relation Name": "title",
                          "Alias": "t",
                          "Startup Cost": 0.0,
                          "Total Cost": 45479.21,
                          "Plan Rows": 90559,
                          "Plan Width": 4,
                          "Actual Startup Time": 0.017,
                          "Actual Total Time": 79.923,
                          "Actual Rows": 111881,
                          "Actual Loops": 4,
                          "Filter": "((kind_id < 3) AND (production_year < 2003))",
                          "Rows Removed by Filter": 520197
                        }
                      ]
                    }
                  ]
                }
              ]
            }
          ]
        }
      ]
    },
    "Planning Time": 0.262,
    "Triggers": [],
    "Execution Time": 304.96
  }
]