{
  "Plan": {
    "Node Type": "Aggregate",
    "Strategy": "Plain",
    "Partial Mode": "Simple",
    "Parallel Aware": false,
    "Startup Cost": 2460399.64,
    "Total Cost": 2460399.65,
    "Plan Rows": 1,
    "Plan Width": 96,
    "Actual Startup Time": 11560.013,
    "Actual Total Time": 11560.398,
    "Actual Rows": 1,
    "Actual Loops": 1,
    "Plans": [
      {
        "Node Type": "Merge Join",
        "Parent Relationship": "Outer",
        "Parallel Aware": false,
        "Join Type": "Inner",
        "Startup Cost": 2330127.84,
        "Total Cost": 2460399.64,
        "Plan Rows": 1,
        "Plan Width": 48,
        "Actual Startup Time": 11247.16,
        "Actual Total Time": 11558.325,
        "Actual Rows": 16308,
        "Actual Loops": 1,
        "Inner Unique": false,
        "Merge Cond": "(t.id = mi.movie_id)",
        "Plans": [
          {
            "Node Type": "Index Scan",
            "Parent Relationship": "Outer",
            "Parallel Aware": false,
            "Scan Direction": "Forward",
            "Index Name": "title_pkey",
            "Relation Name": "title",
            "Alias": "t",
            "Startup Cost": 0.43,
            "Total Cost": 123001.61,
            "Plan Rows": 1051436,
            "Plan Width": 21,
            "Actual Startup Time": 0.037,
            "Actual Total Time": 1148.33,
            "Actual Rows": 1016154,
            "Actual Loops": 1,
            "Filter": "((production_year >= 2000) AND (production_year <= 2010))",
            "Rows Removed by Filter": 1429485
          },
          {
            "Node Type": "Materialize",
            "Parent Relationship": "Inner",
            "Parallel Aware": false,
            "Startup Cost": 2330124.07,
            "Total Cost": 2334894.29,
            "Plan Rows": 1,
            "Plan Width": 51,
            "Actual Startup Time": 10280.299,
            "Actual Total Time": 10358.911,
            "Actual Rows": 16368,
            "Actual Loops": 1,
            "Plans": [
              {
                "Node Type": "Merge Join",
                "Parent Relationship": "Outer",
                "Parallel Aware": false,
                "Join Type": "Inner",
                "Startup Cost": 2330124.07,
                "Total Cost": 2334894.28,
                "Plan Rows": 1,
                "Plan Width": 51,
                "Actual Startup Time": 10280.291,
                "Actual Total Time": 10353.638,
                "Actual Rows": 16368,
                "Actual Loops": 1,
                "Inner Unique": false,
                "Merge Cond": "(mi.movie_id = mc.movie_id)",
                "Plans": [
                  {
                    "Node Type": "Sort",
                    "Parent Relationship": "Outer",
                    "Parallel Aware": false,
                    "Startup Cost": 1834728.67,
                    "Total Cost": 1834728.67,
                    "Plan Rows": 1,
                    "Plan Width": 39,
                    "Actual Startup Time": 7586.716,
                    "Actual Total Time": 7589.426,
                    "Actual Rows": 32143,
                    "Actual Loops": 1,
                    "Sort Key": [
                      "ci.movie_id"
                    ],
                    "Sort Method": "quicksort",
                    "Sort Space Used": 3331,
                    "Sort Space Type": "Memory",
                    "Plans": [
                      {
                        "Node Type": "Merge Join",
                        "Parent Relationship": "Outer",
                        "Parallel Aware": false,
                        "Join Type": "Inner",
                        "Startup Cost": 1834723.86,
                        "Total Cost": 1834728.66,
                        "Plan Rows": 1,
                        "Plan Width": 39,
                        "Actual Startup Time": 7539.067,
                        "Actual Total Time": 7579.558,
                        "Actual Rows": 32202,
                        "Actual Loops": 1,
                        "Inner Unique": false,
                        "Merge Cond": "(n.id = ci.person_id)",
                        "Plans": [
                          {
                            "Node Type": "Sort",
                            "Parent Relationship": "Outer",
                            "Parallel Aware": false,
                            "Startup Cost": 255595.11,
                            "Total Cost": 255595.26,
                            "Plan Rows": 61,
                            "Plan Width": 23,
                            "Actual Startup Time": 1567.54,
                            "Actual Total Time": 1568.67,
                            "Actual Rows": 10064,
                            "Actual Loops": 1,
                            "Sort Key": [
                              "pi.person_id"
                            ],
                            "Sort Method": "quicksort",
                            "Sort Space Used": 1169,
                            "Sort Space Type": "Memory",
                            "Plans": [
                              {
                                "Node Type": "Merge Join",
                                "Parent Relationship": "Outer",
                                "Parallel Aware": false,
                                "Join Type": "Inner",
                                "Startup Cost": 255558.26,
                                "Total Cost": 255593.3,
                                "Plan Rows": 61,
                                "Plan Width": 23,
                                "Actual Startup Time": 1562.522,
                                "Actual Total Time": 1564.764,
                                "Actual Rows": 10064,
                                "Actual Loops": 1,
                                "Inner Unique": false,
                                "Merge Cond": "(it3.id = pi.info_type_id)",
                                "Plans": [
                                  {
                                    "Node Type": "Sort",
                                    "Parent Relationship": "Outer",
                                    "Parallel Aware": false,
                                    "Startup Cost": 2.42,
                                    "Total Cost": 2.43,
                                    "Plan Rows": 1,
                                    "Plan Width": 4,
                                    "Actual Startup Time": 0.028,
                                    "Actual Total Time": 0.03,
                                    "Actual Rows": 1,
                                    "Actual Loops": 1,
                                    "Sort Key": [
                                      "it3.id"
                                    ],
                                    "Sort Method": "quicksort",
                                    "Sort Space Used": 25,
                                    "Sort Space Type": "Memory",
                                    "Plans": [
                                      {
                                        "Node Type": "Seq Scan",
                                        "Parent Relationship": "Outer",
                                        "Parallel Aware": false,
                                        "Relation Name": "info_type",
                                        "Alias": "it3",
                                        "Startup Cost": 0.0,
                                        "Total Cost": 2.41,
                                        "Plan Rows": 1,
                                        "Plan Width": 4,
                                        "Actual Startup Time": 0.014,
                                        "Actual Total Time": 0.018,
                                        "Actual Rows": 1,
                                        "Actual Loops": 1,
                                        "Filter": "((info)::text = 'trivia'::text)",
                                        "Rows Removed by Filter": 112
                                      }
                                    ]
                                  },
                                  {
                                    "Node Type": "Sort",
                                    "Parent Relationship": "Inner",
                                    "Parallel Aware": false,
                                    "Startup Cost": 255555.83,
                                    "Total Cost": 255573.05,
                                    "Plan Rows": 6886,
                                    "Plan Width": 27,
                                    "Actual Startup Time": 1562.256,
                                    "Actual Total Time": 1563.465,
                                    "Actual Rows": 11065,
                                    "Actual Loops": 1,
                                    "Sort Key": [
                                      "pi.info_type_id"
                                    ],
                                    "Sort Method": "quicksort",
                                    "Sort Space Used": 5149,
                                    "Sort Space Type": "Memory",
                                    "Plans": [
                                      {
                                        "Node Type": "Gather Merge",
                                        "Parent Relationship": "Outer",
                                        "Parallel Aware": false,
                                        "Startup Cost": 250523.87,
                                        "Total Cost": 255116.87,
                                        "Plan Rows": 6886,
                                        "Plan Width": 27,
                                        "Actual Startup Time": 1488.6,
                                        "Actual Total Time": 1548.362,
                                        "Actual Rows": 46248,
                                        "Actual Loops": 1,
                                        "Workers Planned": 4,
                                        "Workers Launched": 4,
                                        "Plans": [
                                          {
                                            "Node Type": "Merge Join",
                                            "Parent Relationship": "Outer",
                                            "Parallel Aware": false,
                                            "Join Type": "Inner",
                                            "Startup Cost": 249523.81,
                                            "Total Cost": 253296.62,
                                            "Plan Rows": 1722,
                                            "Plan Width": 27,
                                            "Actual Startup Time": 1418.018,
                                            "Actual Total Time": 1460.446,
                                            "Actual Rows": 9250,
                                            "Actual Loops": 5,
                                            "Inner Unique": true,
                                            "Merge Cond": "(pi.person_id = n.id)",
                                            "Plans": [
                                              {
                                                "Node Type": "Sort",
                                                "Parent Relationship": "Outer",
                                                "Parallel Aware": false,
                                                "Startup Cost": 130759.59,
                                                "Total Cost": 132613.28,
                                                "Plan Rows": 741474,
                                                "Plan Width": 8,
                                                "Actual Startup Time": 521.413,
                                                "Actual Total Time": 554.509,
                                                "Actual Rows": 508244,
                                                "Actual Loops": 5,
                                                "Sort Key": [
                                                  "pi.person_id"
                                                ],
                                                "Sort Method": "quicksort",
                                                "Sort Space Used": 61466,
                                                "Sort Space Type": "Memory",
                                                "Workers": [
                                                  {
                                                    "Worker Number": 0,
                                                    "Sort Method": "quicksort",
                                                    "Sort Space Used": 50465,
                                                    "Sort Space Type": "Memory"
                                                  },
                                                  {
                                                    "Worker Number": 1,
                                                    "Sort Method": "quicksort",
                                                    "Sort Space Used": 50473,
                                                    "Sort Space Type": "Memory"
                                                  },
                                                  {
                                                    "Worker Number": 2,
                                                    "Sort Method": "quicksort",
                                                    "Sort Space Used": 49645,
                                                    "Sort Space Type": "Memory"
                                                  },
                                                  {
                                                    "Worker Number": 3,
                                                    "Sort Method": "quicksort",
                                                    "Sort Space Used": 49755,
                                                    "Sort Space Type": "Memory"
                                                  }
                                                ],
                                                "Plans": [
                                                  {
                                                    "Node Type": "Seq Scan",
                                                    "Parent Relationship": "Outer",
                                                    "Parallel Aware": true,
                                                    "Relation Name": "person_info",
                                                    "Alias": "pi",
                                                    "Startup Cost": 0.0,
                                                    "Total Cost": 58465.74,
                                                    "Plan Rows": 741474,
                                                    "Plan Width": 8,
                                                    "Actual Startup Time": 0.089,
                                                    "Actual Total Time": 328.031,
                                                    "Actual Rows": 592733,
                                                    "Actual Loops": 5
                                                  }
                                                ]
                                              },
                                              {
                                                "Node Type": "Sort",
                                                "Parent Relationship": "Inner",
                                                "Parallel Aware": false,
                                                "Startup Cost": 118764.14,
                                                "Total Cost": 118788.33,
                                                "Plan Rows": 9675,
                                                "Plan Width": 19,
                                                "Actual Startup Time": 856.186,
                                                "Actual Total Time": 860.945,
                                                "Actual Rows": 50011,
                                                "Actual Loops": 5,
                                                "Sort Key": [
                                                  "n.id"
                                                ],
                                                "Sort Method": "quicksort",
                                                "Sort Space Used": 5246,
                                                "Sort Space Type": "Memory",
                                                "Workers": [
                                                  {
                                                    "Worker Number": 0,
                                                    "Sort Method": "quicksort",
                                                    "Sort Space Used": 5246,
                                                    "Sort Space Type": "Memory"
                                                  },
                                                  {
                                                    "Worker Number": 1,
                                                    "Sort Method": "quicksort",
                                                    "Sort Space Used": 5246,
                                                    "Sort Space Type": "Memory"
                                                  },
                                                  {
                                                    "Worker Number": 2,
                                                    "Sort Method": "quicksort",
                                                    "Sort Space Used": 5246,
                                                    "Sort Space Type": "Memory"
                                                  },
                                                  {
                                                    "Worker Number": 3,
                                                    "Sort Method": "quicksort",
                                                    "Sort Space Used": 5246,
                                                    "Sort Space Type": "Memory"
                                                  }
                                                ],
                                                "Plans": [
                                                  {
                                                    "Node Type": "Seq Scan",
                                                    "Parent Relationship": "Outer",
                                                    "Parallel Aware": false,
                                                    "Relation Name": "name",
                                                    "Alias": "n",
                                                    "Startup Cost": 0.0,
                                                    "Total Cost": 118123.65,
                                                    "Plan Rows": 9675,
                                                    "Plan Width": 19,
                                                    "Actual Startup Time": 378.692,
                                                    "Actual Total Time": 833.292,
                                                    "Actual Rows": 50011,
                                                    "Actual Loops": 5,
                                                    "Filter": "((name ~~ '%An%'::text) AND ((gender)::text = 'f'::text))",
                                                    "Rows Removed by Filter": 4117480
                                                  }
                                                ]
                                              }
                                            ]
                                          }
                                        ]
                                      }
                                    ]
                                  }
                                ]
                              }
                            ]
                          },
                          {
                            "Node Type": "Sort",
                            "Parent Relationship": "Inner",
                            "Parallel Aware": false,
                            "Startup Cost": 1579128.75,
                            "Total Cost": 1579130.99,
                            "Plan Rows": 899,
                            "Plan Width": 32,
                            "Actual Startup Time": 5971.044,
                            "Actual Total Time": 5990.582,
                            "Actual Rows": 288291,
                            "Actual Loops": 1,
                            "Sort Key": [
                              "an.person_id"
                            ],
                            "Sort Method": "quicksort",
                            "Sort Space Used": 33104,
                            "Sort Space Type": "Memory",
                            "Plans": [
                              {
                                "Node Type": "Merge Join",
                                "Parent Relationship": "Outer",
                                "Parallel Aware": false,
                                "Join Type": "Inner",
                                "Startup Cost": 1578145.74,
                                "Total Cost": 1579084.64,
                                "Plan Rows": 899,
                                "Plan Width": 32,
                                "Actual Startup Time": 5768.123,
                                "Actual Total Time": 5907.609,
                                "Actual Rows": 265553,
                                "Actual Loops": 1,
                                "Inner Unique": false,
                                "Merge Cond": "(mi.movie_id = ci.movie_id)",
                                "Plans": [
                                  {
                                    "Node Type": "Sort",
                                    "Parent Relationship": "Outer",
                                    "Parallel Aware": false,
                                    "Startup Cost": 316876.13,
                                    "Total Cost": 316888.16,
                                    "Plan Rows": 4814,
                                    "Plan Width": 4,
                                    "Actual Startup Time": 1004.79,
                                    "Actual Total Time": 1024.325,
                                    "Actual Rows": 451026,
                                    "Actual Loops": 1,
                                    "Sort Key": [
                                      "mi.movie_id"
                                    ],
                                    "Sort Method": "quicksort",
                                    "Sort Space Used": 33431,
                                    "Sort Space Type": "Memory",
                                    "Plans": [
                                      {
                                        "Node Type": "Merge Join",
                                        "Parent Relationship": "Outer",
                                        "Parallel Aware": false,
                                        "Join Type": "Inner",
                                        "Startup Cost": 313813.83,
                                        "Total Cost": 316581.68,
                                        "Plan Rows": 4814,
                                        "Plan Width": 4,
                                        "Actual Startup Time": 858.812,
                                        "Actual Total Time": 914.506,
                                        "Actual Rows": 451039,
                                        "Actual Loops": 1,
                                        "Inner Unique": false,
                                        "Merge Cond": "(it.id = mi.info_type_id)",
                                        "Plans": [
                                          {
                                            "Node Type": "Sort",
                                            "Parent Relationship": "Outer",
                                            "Parallel Aware": false,
                                            "Startup Cost": 2.42,
                                            "Total Cost": 2.43,
                                            "Plan Rows": 1,
                                            "Plan Width": 4,
                                            "Actual Startup Time": 0.037,
                                            "Actual Total Time": 0.039,
                                            "Actual Rows": 1,
                                            "Actual Loops": 1,
                                            "Sort Key": [
                                              "it.id"
                                            ],
                                            "Sort Method": "quicksort",
                                            "Sort Space Used": 25,
                                            "Sort Space Type": "Memory",
                                            "Plans": [
                                              {
                                                "Node Type": "Seq Scan",
                                                "Parent Relationship": "Outer",
                                                "Parallel Aware": false,
                                                "Relation Name": "info_type",
                                                "Alias": "it",
                                                "Startup Cost": 0.0,
                                                "Total Cost": 2.41,
                                                "Plan Rows": 1,
                                                "Plan Width": 4,
                                                "Actual Startup Time": 0.03,
                                                "Actual Total Time": 0.035,
                                                "Actual Rows": 1,
                                                "Actual Loops": 1,
                                                "Filter": "((info)::text = 'release dates'::text)",
                                                "Rows Removed by Filter": 112
                                              }
                                            ]
                                          },
                                          {
                                            "Node Type": "Sort",
                                            "Parent Relationship": "Inner",
                                            "Parallel Aware": false,
                                            "Startup Cost": 313811.4,
                                            "Total Cost": 315171.26,
                                            "Plan Rows": 543941,
                                            "Plan Width": 8,
                                            "Actual Startup Time": 858.755,
                                            "Actual Total Time": 874.472,
                                            "Actual Rows": 451104,
                                            "Actual Loops": 1,
                                            "Sort Key": [
                                              "mi.info_type_id"
                                            ],
                                            "Sort Method": "quicksort",
                                            "Sort Space Used": 33434,
                                            "Sort Space Type": "Memory",
                                            "Plans": [
                                              {
                                                "Node Type": "Gather",
                                                "Parent Relationship": "Outer",
                                                "Parallel Aware": false,
                                                "Startup Cost": 1000.0,
                                                "Total Cost": 261992.62,
                                                "Plan Rows": 543941,
                                                "Plan Width": 8,
                                                "Actual Startup Time": 101.711,
                                                "Actual Total Time": 802.992,
                                                "Actual Rows": 451104,
                                                "Actual Loops": 1,
                                                "Workers Planned": 5,
                                                "Workers Launched": 3,
                                                "Single Copy": false,
                                                "Plans": [
                                                  {
                                                    "Node Type": "Seq Scan",
                                                    "Parent Relationship": "Outer",
                                                    "Parallel Aware": true,
                                                    "Relation Name": "movie_info",
                                                    "Alias": "mi",
                                                    "Startup Cost": 0.0,
                                                    "Total Cost": 206598.52,
                                                    "Plan Rows": 108788,
                                                    "Plan Width": 8,
                                                    "Actual Startup Time": 97.843,
                                                    "Actual Total Time": 783.032,
                                                    "Actual Rows": 112776,
                                                    "Actual Loops": 4,
                                                    "Filter": "((info IS NOT NULL) AND ((info ~~ 'Japan:%200%'::text) OR (info ~~ 'USA:%200%'::text)))",
                                                    "Rows Removed by Filter": 3596154
                                                  }
                                                ]
                                              }
                                            ]
                                          }
                                        ]
                                      }
                                    ]
                                  },
                                  {
                                    "Node Type": "Sort",
                                    "Parent Relationship": "Inner",
                                    "Parallel Aware": false,
                                    "Startup Cost": 1261269.58,
                                    "Total Cost": 1261722.52,
                                    "Plan Rows": 181176,
                                    "Plan Width": 28,
                                    "Actual Startup Time": 4763.303,
                                    "Actual Total Time": 4810.666,
                                    "Actual Rows": 517776,
                                    "Actual Loops": 1,
                                    "Sort Key": [
                                      "ci.movie_id"
                                    ],
                                    "Sort Method": "quicksort",
                                    "Sort Space Used": 49759,
                                    "Sort Space Type": "Memory",
                                    "Plans": [
                                      {
                                        "Node Type": "Merge Join",
                                        "Parent Relationship": "Outer",
                                        "Parallel Aware": false,
                                        "Join Type": "Inner",
                                        "Startup Cost": 1232764.25,
                                        "Total Cost": 1245446.55,
                                        "Plan Rows": 181176,
                                        "Plan Width": 28,
                                        "Actual Startup Time": 4566.012,
                                        "Actual Total Time": 4638.773,
                                        "Actual Rows": 483319,
                                        "Actual Loops": 1,
                                        "Inner Unique": false,
                                        "Merge Cond": "(rt.id = ci.role_id)",
                                        "Plans": [
                                          {
                                            "Node Type": "Sort",
                                            "Parent Relationship": "Outer",
                                            "Parallel Aware": false,
                                            "Startup Cost": 1.16,
                                            "Total Cost": 1.16,
                                            "Plan Rows": 1,
                                            "Plan Width": 4,
                                            "Actual Startup Time": 0.031,
                                            "Actual Total Time": 0.032,
                                            "Actual Rows": 1,
                                            "Actual Loops": 1,
                                            "Sort Key": [
                                              "rt.id"
                                            ],
                                            "Sort Method": "quicksort",
                                            "Sort Space Used": 25,
                                            "Sort Space Type": "Memory",
                                            "Plans": [
                                              {
                                                "Node Type": "Seq Scan",
                                                "Parent Relationship": "Outer",
                                                "Parallel Aware": false,
                                                "Relation Name": "role_type",
                                                "Alias": "rt",
                                                "Startup Cost": 0.0,
                                                "Total Cost": 1.15,
                                                "Plan Rows": 1,
                                                "Plan Width": 4,
                                                "Actual Startup Time": 0.026,
                                                "Actual Total Time": 0.027,
                                                "Actual Rows": 1,
                                                "Actual Loops": 1,
                                                "Filter": "((role)::text = 'actress'::text)",
                                                "Rows Removed by Filter": 11
                                              }
                                            ]
                                          },
                                          {
                                            "Node Type": "Sort",
                                            "Parent Relationship": "Inner",
                                            "Parallel Aware": false,
                                            "Startup Cost": 1232763.09,
                                            "Total Cost": 1238198.35,
                                            "Plan Rows": 2174107,
                                            "Plan Width": 32,
                                            "Actual Startup Time": 4460.387,
                                            "Actual Total Time": 4520.812,
                                            "Actual Rows": 1732265,
                                            "Actual Loops": 1,
                                            "Sort Key": [
                                              "ci.role_id"
                                            ],
                                            "Sort Method": "quicksort",
                                            "Sort Space Used": 184999,
                                            "Sort Space Type": "Memory",
                                            "Plans": [
                                              {
                                                "Node Type": "Merge Join",
                                                "Parent Relationship": "Outer",
                                                "Parallel Aware": false,
                                                "Join Type": "Inner",
                                                "Startup Cost": 851872.53,
                                                "Total Cost": 1003916.67,
                                                "Plan Rows": 2174107,
                                                "Plan Width": 32,
                                                "Actual Startup Time": 2146.671,
                                                "Actual Total Time": 4109.04,
                                                "Actual Rows": 1732265,
                                                "Actual Loops": 1,
                                                "Inner Unique": false,
                                                "Merge Cond": "(chn.id = ci.person_role_id)",
                                                "Plans": [
                                                  {
                                                    "Node Type": "Index Scan",
                                                    "Parent Relationship": "Outer",
                                                    "Parallel Aware": false,
                                                    "Scan Direction": "Forward",
                                                    "Index Name": "char_name_pkey",
                                                    "Relation Name": "char_name",
                                                    "Alias": "chn",
                                                    "Startup Cost": 0.43,
                                                    "Total Cost": 128715.58,
                                                    "Plan Rows": 3140252,
                                                    "Plan Width": 20,
                                                    "Actual Startup Time": 0.023,
                                                    "Actual Total Time": 1340.683,
                                                    "Actual Rows": 3140192,
                                                    "Actual Loops": 1
                                                  },
                                                  {
                                                    "Node Type": "Sort",
                                                    "Parent Relationship": "Inner",
                                                    "Parallel Aware": false,
                                                    "Startup Cost": 851446.88,
                                                    "Total Cost": 856882.14,
                                                    "Plan Rows": 2174107,
                                                    "Plan Width": 20,
                                                    "Actual Startup Time": 2146.639,
                                                    "Actual Total Time": 2349.284,
                                                    "Actual Rows": 1732266,
                                                    "Actual Loops": 1,
                                                    "Sort Key": [
                                                      "ci.person_role_id"
                                                    ],
                                                    "Sort Method": "quicksort",
                                                    "Sort Space Used": 187970,
                                                    "Sort Space Type": "Memory",
                                                    "Plans": [
                                                      {
                                                        "Node Type": "Merge Join",
                                                        "Parent Relationship": "Outer",
                                                        "Parallel Aware": false,
                                                        "Join Type": "Inner",
                                                        "Startup Cost": 526164.37,
                                                        "Total Cost": 622600.46,
                                                        "Plan Rows": 2174107,
                                                        "Plan Width": 20,
                                                        "Actual Startup Time": 1083.84,
                                                        "Actual Total Time": 1701.07,
                                                        "Actual Rows": 1806603,
                                                        "Actual Loops": 1,
                                                        "Inner Unique": false,
                                                        "Merge Cond": "(an.person_id = ci.person_id)",
                                                        "Plans": [
                                                          {
                                                            "Node Type": "Index Only Scan",
                                                            "Parent Relationship": "Outer",
                                                            "Parallel Aware": false,
                                                            "Scan Direction": "Forward",
                                                            "Index Name": "person_id_aka_name",
                                                            "Relation Name": "aka_name",
                                                            "Alias": "an",
                                                            "Startup Cost": 0.42,
                                                            "Total Cost": 72027.93,
                                                            "Plan Rows": 901343,
                                                            "Plan Width": 4,
                                                            "Actual Startup Time": 0.045,
                                                            "Actual Total Time": 269.09,
                                                            "Actual Rows": 766497,
                                                            "Actual Loops": 1,
                                                            "Heap Fetches": 766497
                                                          },
                                                          {
                                                            "Node Type": "Sort",
                                                            "Parent Relationship": "Inner",
                                                            "Parallel Aware": false,
                                                            "Startup Cost": 526163.46,
                                                            "Total Cost": 528447.7,
                                                            "Plan Rows": 913697,
                                                            "Plan Width": 16,
                                                            "Actual Startup Time": 1083.767,
                                                            "Actual Total Time": 1175.192,
                                                            "Actual Rows": 2133543,
                                                            "Actual Loops": 1,
                                                            "Sort Key": [
                                                              "ci.person_id"
                                                            ],
                                                            "Sort Method": "quicksort",
                                                            "Sort Space Used": 65239,
                                                            "Sort Space Type": "Memory",
                                                            "Plans": [
                                                              {
                                                                "Node Type": "Gather",
                                                                "Parent Relationship": "Outer",
                                                                "Parallel Aware": false,
                                                                "Startup Cost": 1000.0,
                                                                "Total Cost": 435701.26,
                                                                "Plan Rows": 913697,
                                                                "Plan Width": 16,
                                                                "Actual Startup Time": 0.519,
                                                                "Actual Total Time": 938.843,
                                                                "Actual Rows": 867477,
                                                                "Actual Loops": 1,
                                                                "Workers Planned": 6,
                                                                "Workers Launched": 6,
                                                                "Single Copy": false,
                                                                "Plans": [
                                                                  {
                                                                    "Node Type": "Seq Scan",
                                                                    "Parent Relationship": "Outer",
                                                                    "Parallel Aware": true,
                                                                    "Relation Name": "cast_info",
                                                                    "Alias": "ci",
                                                                    "Startup Cost": 0.0,
                                                                    "Total Cost": 343331.56,
                                                                    "Plan Rows": 152283,
                                                                    "Plan Width": 16,
                                                                    "Actual Startup Time": 0.163,
                                                                    "Actual Total Time": 944.808,
                                                                    "Actual Rows": 123925,
                                                                    "Actual Loops": 7,
                                                                    "Filter": "(note = ANY ('{(voice),\"(voice: Japanese version)\",\"(voice) (uncredited)\",\"(voice: English version)\"}'::text[]))",
                                                                    "Rows Removed by Filter": 5053838
                                                                  }
                                                                ]
                                                              }
                                                            ]
                                                          }
                                                        ]
                                                      }
                                                    ]
                                                  }
                                                ]
                                              }
                                            ]
                                          }
                                        ]
                                      }
                                    ]
                                  }
                                ]
                              }
                            ]
                          }
                        ]
                      }
                    ]
                  },
                  {
                    "Node Type": "Materialize",
                    "Parent Relationship": "Inner",
                    "Parallel Aware": false,
                    "Startup Cost": 495395.4,
                    "Total Cost": 500165.6,
                    "Plan Rows": 1,
                    "Plan Width": 12,
                    "Actual Startup Time": 2655.679,
                    "Actual Total Time": 2760.283,
                    "Actual Rows": 16465,
                    "Actual Loops": 1,
                    "Plans": [
                      {
                        "Node Type": "Merge Join",
                        "Parent Relationship": "Outer",
                        "Parallel Aware": false,
                        "Join Type": "Inner",
                        "Startup Cost": 495395.4,
                        "Total Cost": 500165.59,
                        "Plan Rows": 1,
                        "Plan Width": 12,
                        "Actual Startup Time": 2655.673,
                        "Actual Total Time": 2759.671,
                        "Actual Rows": 129,
                        "Actual Loops": 1,
                        "Inner Unique": false,
                        "Merge Cond": "(mc.movie_id = mk.movie_id)",
                        "Plans": [
                          {
                            "Node Type": "Sort",
                            "Parent Relationship": "Outer",
                            "Parallel Aware": false,
                            "Startup Cost": 254007.76,
                            "Total Cost": 256392.95,
                            "Plan Rows": 954076,
                            "Plan Width": 4,
                            "Actual Startup Time": 1800.77,
                            "Actual Total Time": 1884.829,
                            "Actual Rows": 1124861,
                            "Actual Loops": 1,
                            "Sort Key": [
                              "mc.movie_id"
                            ],
                            "Sort Method": "quicksort",
                            "Sort Space Used": 103237,
                            "Sort Space Type": "Memory",
                            "Plans": [
                              {
                                "Node Type": "Merge Join",
                                "Parent Relationship": "Outer",
                                "Parallel Aware": false,
                                "Join Type": "Inner",
                                "Startup Cost": 4190.88,
                                "Total Cost": 159250.15,
                                "Plan Rows": 954076,
                                "Plan Width": 4,
                                "Actual Startup Time": 0.05,
                                "Actual Total Time": 1524.105,
                                "Actual Rows": 1153798,
                                "Actual Loops": 1,
                                "Inner Unique": true,
                                "Merge Cond": "(mc.company_id = cn.id)",
                                "Plans": [
                                  {
                                    "Node Type": "Index Scan",
                                    "Parent Relationship": "Outer",
                                    "Parallel Aware": false,
                                    "Scan Direction": "Forward",
                                    "Index Name": "company_id_movie_companies",
                                    "Relation Name": "movie_companies",
                                    "Alias": "mc",
                                    "Startup Cost": 0.43,
                                    "Total Cost": 130510.28,
                                    "Plan Rows": 2609129,
                                    "Plan Width": 8,
                                    "Actual Startup Time": 0.03,
                                    "Actual Total Time": 1141.097,
                                    "Actual Rows": 2609129,
                                    "Actual Loops": 1
                                  },
                                  {
                                    "Node Type": "Index Scan",
                                    "Parent Relationship": "Inner",
                                    "Parallel Aware": false,
                                    "Scan Direction": "Forward",
                                    "Index Name": "company_name_pkey",
                                    "Relation Name": "company_name",
                                    "Alias": "cn",
                                    "Startup Cost": 0.42,
                                    "Total Cost": 12469.43,
                                    "Plan Rows": 85931,
                                    "Plan Width": 4,
                                    "Actual Startup Time": 0.018,
                                    "Actual Total Time": 144.578,
                                    "Actual Rows": 84843,
                                    "Actual Loops": 1,
                                    "Filter": "((country_code)::text = '[us]'::text)",
                                    "Rows Removed by Filter": 150154
                                  }
                                ]
                              }
                            ]
                          },
                          {
                            "Node Type": "Sort",
                            "Parent Relationship": "Inner",
                            "Parallel Aware": false,
                            "Startup Cost": 241387.38,
                            "Total Cost": 241387.39,
                            "Plan Rows": 3,
                            "Plan Width": 8,
                            "Actual Startup Time": 804.501,
                            "Actual Total Time": 804.581,
                            "Actual Rows": 122,
                            "Actual Loops": 1,
                            "Sort Key": [
                              "cc.movie_id"
                            ],
                            "Sort Method": "quicksort",
                            "Sort Space Used": 26,
                            "Sort Space Type": "Memory",
                            "Plans": [
                              {
                                "Node Type": "Merge Join",
                                "Parent Relationship": "Outer",
                                "Parallel Aware": false,
                                "Join Type": "Inner",
                                "Startup Cost": 239435.71,
                                "Total Cost": 241387.36,
                                "Plan Rows": 3,
                                "Plan Width": 8,
                                "Actual Startup Time": 804.473,
                                "Actual Total Time": 804.547,
                                "Actual Rows": 23,
                                "Actual Loops": 1,
                                "Inner Unique": false,
                                "Merge Cond": "(k.id = mk.keyword_id)",
                                "Plans": [
                                  {
                                    "Node Type": "Sort",
                                    "Parent Relationship": "Outer",
                                    "Parallel Aware": false,
                                    "Startup Cost": 2626.14,
                                    "Total Cost": 2626.14,
                                    "Plan Rows": 1,
                                    "Plan Width": 4,
                                    "Actual Startup Time": 9.328,
                                    "Actual Total Time": 9.329,
                                    "Actual Rows": 1,
                                    "Actual Loops": 1,
                                    "Sort Key": [
                                      "k.id"
                                    ],
                                    "Sort Method": "quicksort",
                                    "Sort Space Used": 25,
                                    "Sort Space Type": "Memory",
                                    "Plans": [
                                      {
                                        "Node Type": "Seq Scan",
                                        "Parent Relationship": "Outer",
                                        "Parallel Aware": false,
                                        "Relation Name": "keyword",
                                        "Alias": "k",
                                        "Startup Cost": 0.0,
                                        "Total Cost": 2626.12,
                                        "Plan Rows": 1,
                                        "Plan Width": 4,
                                        "Actual Startup Time": 0.062,
                                        "Actual Total Time": 9.323,
                                        "Actual Rows": 1,
                                        "Actual Loops": 1,
                                        "Filter": "(keyword = 'computer-animation'::text)",
                                        "Rows Removed by Filter": 134169
                                      }
                                    ]
                                  },
                                  {
                                    "Node Type": "Sort",
                                    "Parent Relationship": "Inner",
                                    "Parallel Aware": false,
                                    "Startup Cost": 236802.64,
                                    "Total Cost": 237781.91,
                                    "Plan Rows": 391709,
                                    "Plan Width": 12,
                                    "Actual Startup Time": 696.629,
                                    "Actual Total Time": 756.955,
                                    "Actual Rows": 423992,
                                    "Actual Loops": 1,
                                    "Sort Key": [
                                      "mk.keyword_id"
                                    ],
                                    "Sort Method": "quicksort",
                                    "Sort Space Used": 59370,
                                    "Sort Space Type": "Memory",
                                    "Plans": [
                                      {
                                        "Node Type": "Gather",
                                        "Parent Relationship": "Outer",
                                        "Parallel Aware": false,
                                        "Startup Cost": 9202.65,
                                        "Total Cost": 200414.01,
                                        "Plan Rows": 391709,
                                        "Plan Width": 12,
                                        "Actual Startup Time": 46.776,
                                        "Actual Total Time": 550.193,
                                        "Actual Rows": 742266,
                                        "Actual Loops": 1,
                                        "Workers Planned": 3,
                                        "Workers Launched": 3,
                                        "Single Copy": false,
                                        "Plans": [
                                          {
                                            "Node Type": "Merge Join",
                                            "Parent Relationship": "Outer",
                                            "Parallel Aware": false,
                                            "Join Type": "Inner",
                                            "Startup Cost": 8202.65,
                                            "Total Cost": 160243.11,
                                            "Plan Rows": 126358,
                                            "Plan Width": 12,
                                            "Actual Startup Time": 76.658,
                                            "Actual Total Time": 500.433,
                                            "Actual Rows": 185566,
                                            "Actual Loops": 4,
                                            "Inner Unique": false,
                                            "Merge Cond": "(mk.movie_id = cc.movie_id)",
                                            "Plans": [
                                              {
                                                "Node Type": "Index Scan",
                                                "Parent Relationship": "Outer",
                                                "Parallel Aware": true,
                                                "Scan Direction": "Forward",
                                                "Index Name": "movie_id_movie_keyword",
                                                "Relation Name": "movie_keyword",
                                                "Alias": "mk",
                                                "Startup Cost": 0.43,
                                                "Total Cost": 146502.5,
                                                "Plan Rows": 1459332,
                                                "Plan Width": 8,
                                                "Actual Startup Time": 0.108,
                                                "Actual Total Time": 276.762,
                                                "Actual Rows": 1130982,
                                                "Actual Loops": 4
                                              },
                                              {
                                                "Node Type": "Sort",
                                                "Parent Relationship": "Inner",
                                                "Parallel Aware": false,
                                                "Startup Cost": 8197.59,
                                                "Total Cost": 8218.7,
                                                "Plan Rows": 8443,
                                                "Plan Width": 4,
                                                "Actual Startup Time": 75.945,
                                                "Actual Total Time": 89.537,
                                                "Actual Rows": 199152,
                                                "Actual Loops": 4,
                                                "Sort Key": [
                                                  "cc.movie_id"
                                                ],
                                                "Sort Method": "quicksort",
                                                "Sort Space Used": 1607,
                                                "Sort Space Type": "Memory",
                                                "Workers": [
                                                  {
                                                    "Worker Number": 0,
                                                    "Sort Method": "quicksort",
                                                    "Sort Space Used": 1607,
                                                    "Sort Space Type": "Memory"
                                                  },
                                                  {
                                                    "Worker Number": 1,
                                                    "Sort Method": "quicksort",
                                                    "Sort Space Used": 1607,
                                                    "Sort Space Type": "Memory"
                                                  },
                                                  {
                                                    "Worker Number": 2,
                                                    "Sort Method": "quicksort",
                                                    "Sort Space Used": 1607,
                                                    "Sort Space Type": "Memory"
                                                  }
                                                ],
                                                "Plans": [
                                                  {
                                                    "Node Type": "Merge Join",
                                                    "Parent Relationship": "Outer",
                                                    "Parallel Aware": false,
                                                    "Join Type": "Inner",
                                                    "Startup Cost": 7393.66,
                                                    "Total Cost": 7646.96,
                                                    "Plan Rows": 8443,
                                                    "Plan Width": 4,
                                                    "Actual Startup Time": 66.848,
                                                    "Actual Total Time": 70.425,
                                                    "Actual Rows": 17879,
                                                    "Actual Loops": 4,
                                                    "Inner Unique": false,
                                                    "Merge Cond": "(cct2.id = cc.status_id)",
                                                    "Plans": [
                                                      {
                                                        "Node Type": "Sort",
                                                        "Parent Relationship": "Outer",
                                                        "Parallel Aware": false,
                                                        "Startup Cost": 1.06,
                                                        "Total Cost": 1.06,
                                                        "Plan Rows": 1,
                                                        "Plan Width": 4,
                                                        "Actual Startup Time": 0.081,
                                                        "Actual Total Time": 0.082,
                                                        "Actual Rows": 1,
                                                        "Actual Loops": 4,
                                                        "Sort Key": [
                                                          "cct2.id"
                                                        ],
                                                        "Sort Method": "quicksort",
                                                        "Sort Space Used": 25,
                                                        "Sort Space Type": "Memory",
                                                        "Workers": [
                                                          {
                                                            "Worker Number": 0,
                                                            "Sort Method": "quicksort",
                                                            "Sort Space Used": 25,
                                                            "Sort Space Type": "Memory"
                                                          },
                                                          {
                                                            "Worker Number": 1,
                                                            "Sort Method": "quicksort",
                                                            "Sort Space Used": 25,
                                                            "Sort Space Type": "Memory"
                                                          },
                                                          {
                                                            "Worker Number": 2,
                                                            "Sort Method": "quicksort",
                                                            "Sort Space Used": 25,
                                                            "Sort Space Type": "Memory"
                                                          }
                                                        ],
                                                        "Plans": [
                                                          {
                                                            "Node Type": "Seq Scan",
                                                            "Parent Relationship": "Outer",
                                                            "Parallel Aware": false,
                                                            "Relation Name": "comp_cast_type",
                                                            "Alias": "cct2",
                                                            "Startup Cost": 0.0,
                                                            "Total Cost": 1.05,
                                                            "Plan Rows": 1,
                                                            "Plan Width": 4,
                                                            "Actual Startup Time": 0.059,
                                                            "Actual Total Time": 0.06,
                                                            "Actual Rows": 1,
                                                            "Actual Loops": 4,
                                                            "Filter": "((kind)::text = 'complete+verified'::text)",
                                                            "Rows Removed by Filter": 3
                                                          }
                                                        ]
                                                      },
                                                      {
                                                        "Node Type": "Sort",
                                                        "Parent Relationship": "Inner",
                                                        "Parallel Aware": false,
                                                        "Startup Cost": 7392.6,
                                                        "Total Cost": 7477.03,
                                                        "Plan Rows": 33772,
                                                        "Plan Width": 8,
                                                        "Actual Startup Time": 58.65,
                                                        "Actual Total Time": 63.139,
                                                        "Actual Rows": 85941,
                                                        "Actual Loops": 4,
                                                        "Sort Key": [
                                                          "cc.status_id"
                                                        ],
                                                        "Sort Method": "quicksort",
                                                        "Sort Space Used": 7101,
                                                        "Sort Space Type": "Memory",
                                                        "Workers": [
                                                          {
                                                            "Worker Number": 0,
                                                            "Sort Method": "quicksort",
                                                            "Sort Space Used": 7101,
                                                            "Sort Space Type": "Memory"
                                                          },
                                                          {
                                                            "Worker Number": 1,
                                                            "Sort Method": "quicksort",
                                                            "Sort Space Used": 7101,
                                                            "Sort Space Type": "Memory"
                                                          },
                                                          {
                                                            "Worker Number": 2,
                                                            "Sort Method": "quicksort",
                                                            "Sort Space Used": 7101,
                                                            "Sort Space Type": "Memory"
                                                          }
                                                        ],
                                                        "Plans": [
                                                          {
                                                            "Node Type": "Merge Join",
                                                            "Parent Relationship": "Outer",
                                                            "Parallel Aware": false,
                                                            "Join Type": "Inner",
                                                            "Startup Cost": 0.55,
                                                            "Total Cost": 4852.35,
                                                            "Plan Rows": 33772,
                                                            "Plan Width": 8,
                                                            "Actual Startup Time": 0.238,
                                                            "Actual Total Time": 39.549,
                                                            "Actual Rows": 85941,
                                                            "Actual Loops": 4,
                                                            "Inner Unique": true,
                                                            "Merge Cond": "(cc.subject_id = cct1.id)",
                                                            "Plans": [
                                                              {
                                                                "Node Type": "Index Scan",
                                                                "Parent Relationship": "Outer",
                                                                "Parallel Aware": false,
                                                                "Scan Direction": "Forward",
                                                                "Index Name": "subject_id_complete_cast",
                                                                "Relation Name": "complete_cast",
                                                                "Alias": "cc",
                                                                "Startup Cost": 0.42,
                                                                "Total Cost": 4164.71,
                                                                "Plan Rows": 135086,
                                                                "Plan Width": 12,
                                                                "Actual Startup Time": 0.189,
                                                                "Actual Total Time": 21.952,
                                                                "Actual Rows": 85942,
                                                                "Actual Loops": 4
                                                              },
                                                              {
                                                                "Node Type": "Index Scan",
                                                                "Parent Relationship": "Inner",
                                                                "Parallel Aware": false,
                                                                "Scan Direction": "Forward",
                                                                "Index Name": "comp_cast_type_pkey",
                                                                "Relation Name": "comp_cast_type",
                                                                "Alias": "cct1",
                                                                "Startup Cost": 0.13,
                                                                "Total Cost": 12.2,
                                                                "Plan Rows": 1,
                                                                "Plan Width": 4,
                                                                "Actual Startup Time": 0.044,
                                                                "Actual Total Time": 0.047,
                                                                "Actual Rows": 1,
                                                                "Actual Loops": 4,
                                                                "Filter": "((kind)::text = 'cast'::text)",
                                                                "Rows Removed by Filter": 3
                                                              }
                                                            ]
                                                          }
                                                        ]
                                                      }
                                                    ]
                                                  }
                                                ]
                                              }
                                            ]
                                          }
                                        ]
                                      }
                                    ]
                                  }
                                ]
                              }
                            ]
                          }
                        ]
                      }
                    ]
                  }
                ]
              }
            ]
          }
        ]
      }
    ]
  },
  "Planning Time": 3190.055,
  "Triggers": [],
  "Execution Time": 11618.863
}