[
  {
    "Plan": {
      "Node Type": "Aggregate",
      "Strategy": "Plain",
      "Partial Mode": "Finalize",
      "Parallel Aware": false,
      "Startup Cost": 32782.93,
      "Total Cost": 32782.94,
      "Plan Rows": 1,
      "Plan Width": 8,
      "Actual Startup Time": 84.388,
      "Actual Total Time": 90.378,
      "Actual Rows": 1,
      "Actual Loops": 1,
      "Plans": [
        {
          "Node Type": "Gather",
          "Parent Relationship": "Outer",
          "Parallel Aware": false,
          "Startup Cost": 32782.61,
          "Total Cost": 32782.92,
          "Plan Rows": 3,
          "Plan Width": 8,
          "Actual Startup Time": 84.277,
          "Actual Total Time": 90.371,
          "Actual Rows": 4,
          "Actual Loops": 1,
          "Workers Planned": 3,
          "Workers Launched": 3,
          "Single Copy": false,
          "Plans": [
            {
              "Node Type": "Aggregate",
              "Strategy": "Plain",
              "Partial Mode": "Partial",
              "Parent Relationship": "Outer",
              "Parallel Aware": false,
              "Startup Cost": 31782.61,
              "Total Cost": 31782.62,
              "Plan Rows": 1,
              "Plan Width": 8,
              "Actual Startup Time": 77.305,
              "Actual Total Time": 77.306,
              "Actual Rows": 1,
              "Actual Loops": 4,
              "Plans": [
                {
                  "Node Type": "Seq Scan",
                  "Parent Relationship": "Outer",
                  "Parallel Aware": true,
                  "Relation Name": "movie_companies",
                  "Alias": "mc",
                  "Startup Cost": 0.0,
                  "Total Cost": 31414.82,
                  "Plan Rows": 147118,
                  "Plan Width": 0,
                  "Actual Startup Time": 20.025,
                  "Actual Total Time": 75.315,
                  "Actual Rows": 33531,
                  "Actual Loops": 4,
                  "Filter": "((company_id > 19907) AND (company_type_id < 2))",
                  "Rows Removed by Filter": 618751
                }
              ]
            }
          ]
        }
      ]
    },
    "Planning Time": 0.173,
    "Triggers": [],
    "Execution Time": 90.424
  }
]