[
  {
    "Plan": {
      "Node Type": "Aggregate",
      "Strategy": "Plain",
      "Partial Mode": "Finalize",
      "Parallel Aware": false,
      "Startup Cost": 46885.15,
      "Total Cost": 46885.16,
      "Plan Rows": 1,
      "Plan Width": 8,
      "Actual Startup Time": 107.494,
      "Actual Total Time": 118.994,
      "Actual Rows": 1,
      "Actual Loops": 1,
      "Plans": [
        {
          "Node Type": "Gather",
          "Parent Relationship": "Outer",
          "Parallel Aware": false,
          "Startup Cost": 46884.73,
          "Total Cost": 46885.14,
          "Plan Rows": 4,
          "Plan Width": 8,
          "Actual Startup Time": 107.355,
          "Actual Total Time": 118.986,
          "Actual Rows": 5,
          "Actual Loops": 1,
          "Workers Planned": 4,
          "Workers Launched": 4,
          "Single Copy": false,
          "Plans": [
            {
              "Node Type": "Aggregate",
              "Strategy": "Plain",
              "Partial Mode": "Partial",
              "Parent Relationship": "Outer",
              "Parallel Aware": false,
              "Startup Cost": 45884.73,
              "Total Cost": 45884.74,
              "Plan Rows": 1,
              "Plan Width": 8,
              "Actual Startup Time": 98.236,
              "Actual Total Time": 98.238,
              "Actual Rows": 1,
              "Actual Loops": 5,
              "Plans": [
                {
                  "Node Type": "Seq Scan",
                  "Parent Relationship": "Outer",
                  "Parallel Aware": true,
                  "Relation Name": "title",
                  "Alias": "t",
                  "Startup Cost": 0.0,
                  "Total Cost": 45479.1,
                  "Plan Rows": 162253,
                  "Plan Width": 0,
                  "Actual Startup Time": 0.04,
                  "Actual Total Time": 91.775,
                  "Actual Rows": 106515,
                  "Actual Loops": 5,
                  "Filter": "((kind_id > 1) AND (production_year < 1997))",
                  "Rows Removed by Filter": 399147
                }
              ]
            }
          ]
        }
      ]
    },
    "Planning Time": 0.209,
    "Triggers": [],
    "Execution Time": 119.054
  }
]