[
    {
        "Bao": {
            "Bao prediction": "NaN",
            "Bao recommended hint": "(no hint)"
        }
    },
    {
        "Plan": {
            "Node Type": "Aggregate",
            "Strategy": "Plain",
            "Partial Mode": "Finalize",
            "Parallel Aware": false,
            "Startup Cost": 43241.62,
            "Total Cost": 43241.63,
            "Plan Rows": 1,
            "Plan Width": 8,
            "Actual Startup Time": 142.813,
            "Actual Total Time": 148.814,
            "Actual Rows": 1,
            "Actual Loops": 1,
            "Output": [
                "count(*)"
            ],
            "Plans": [
                {
                    "Node Type": "Gather",
                    "Parent Relationship": "Outer",
                    "Parallel Aware": false,
                    "Startup Cost": 43241.3,
                    "Total Cost": 43241.61,
                    "Plan Rows": 3,
                    "Plan Width": 8,
                    "Actual Startup Time": 142.48,
                    "Actual Total Time": 148.806,
                    "Actual Rows": 4,
                    "Actual Loops": 1,
                    "Output": [
                        "(PARTIAL count(*))"
                    ],
                    "Workers Planned": 3,
                    "Workers Launched": 3,
                    "Single Copy": false,
                    "Plans": [
                        {
                            "Node Type": "Aggregate",
                            "Strategy": "Plain",
                            "Partial Mode": "Partial",
                            "Parent Relationship": "Outer",
                            "Parallel Aware": false,
                            "Startup Cost": 42241.3,
                            "Total Cost": 42241.31,
                            "Plan Rows": 1,
                            "Plan Width": 8,
                            "Actual Startup Time": 133.78,
                            "Actual Total Time": 133.781,
                            "Actual Rows": 1,
                            "Actual Loops": 4,
                            "Output": [
                                "PARTIAL count(*)"
                            ],
                            "Workers": [
                                {
                                    "Worker Number": 0,
                                    "Actual Startup Time": 130.51,
                                    "Actual Total Time": 130.512,
                                    "Actual Rows": 1,
                                    "Actual Loops": 1
                                },
                                {
                                    "Worker Number": 1,
                                    "Actual Startup Time": 131.233,
                                    "Actual Total Time": 131.235,
                                    "Actual Rows": 1,
                                    "Actual Loops": 1
                                },
                                {
                                    "Worker Number": 2,
                                    "Actual Startup Time": 131.196,
                                    "Actual Total Time": 131.197,
                                    "Actual Rows": 1,
                                    "Actual Loops": 1
                                }
                            ],
                            "Plans": [
                                {
                                    "Node Type": "Bitmap Heap Scan",
                                    "Parent Relationship": "Outer",
                                    "Parallel Aware": true,
                                    "Relation Name": "movie_keyword",
                                    "Schema": "public",
                                    "Alias": "mk",
                                    "Startup Cost": 14483.7,
                                    "Total Cost": 41690.7,
                                    "Plan Rows": 220240,
                                    "Plan Width": 0,
                                    "Actual Startup Time": 41.373,
                                    "Actual Total Time": 124.043,
                                    "Actual Rows": 172290,
                                    "Actual Loops": 4,
                                    "Recheck Cond": "(mk.keyword_id < 571)",
                                    "Rows Removed by Index Recheck": 0,
                                    "Exact Heap Blocks": 10271,
                                    "Lossy Heap Blocks": 0,
                                    "Workers": [
                                        {
                                            "Worker Number": 0,
                                            "Actual Startup Time": 38.2,
                                            "Actual Total Time": 121.835,
                                            "Actual Rows": 139356,
                                            "Actual Loops": 1
                                        },
                                        {
                                            "Worker Number": 1,
                                            "Actual Startup Time": 38.937,
                                            "Actual Total Time": 121.977,
                                            "Actual Rows": 154390,
                                            "Actual Loops": 1
                                        },
                                        {
                                            "Worker Number": 2,
                                            "Actual Startup Time": 38.918,
                                            "Actual Total Time": 122.002,
                                            "Actual Rows": 105219,
                                            "Actual Loops": 1
                                        }
                                    ],
                                    "Plans": [
                                        {
                                            "Node Type": "Bitmap Index Scan",
                                            "Parent Relationship": "Outer",
                                            "Parallel Aware": false,
                                            "Index Name": "keyword_id_movie_keyword",
                                            "Startup Cost": 0.0,
                                            "Total Cost": 14313.01,
                                            "Plan Rows": 682744,
                                            "Plan Width": 0,
                                            "Actual Startup Time": 45.938,
                                            "Actual Total Time": 45.939,
                                            "Actual Rows": 689160,
                                            "Actual Loops": 1,
                                            "Index Cond": "(mk.keyword_id < 571)"
                                        }
                                    ]
                                }
                            ]
                        }
                    ]
                }
            ]
        },
        "Planning Time": 209.95,
        "Triggers": [],
        "Execution Time": 148.874
    }
]