[
  {
    "Plan": {
      "Node Type": "Aggregate",
      "Strategy": "Plain",
      "Partial Mode": "Finalize",
      "Parallel Aware": false,
      "Startup Cost": 122611.93,
      "Total Cost": 122611.94,
      "Plan Rows": 1,
      "Plan Width": 8,
      "Actual Startup Time": 773.335,
      "Actual Total Time": 798.103,
      "Actual Rows": 1,
      "Actual Loops": 1,
      "Plans": [
        {
          "Node Type": "Gather",
          "Parent Relationship": "Outer",
          "Parallel Aware": false,
          "Startup Cost": 122611.61,
          "Total Cost": 122611.92,
          "Plan Rows": 3,
          "Plan Width": 8,
          "Actual Startup Time": 749.865,
          "Actual Total Time": 798.09,
          "Actual Rows": 4,
          "Actual Loops": 1,
          "Workers Planned": 3,
          "Workers Launched": 3,
          "Single Copy": false,
          "Plans": [
            {
              "Node Type": "Aggregate",
              "Strategy": "Plain",
              "Partial Mode": "Partial",
              "Parent Relationship": "Outer",
              "Parallel Aware": false,
              "Startup Cost": 121611.61,
              "Total Cost": 121611.62,
              "Plan Rows": 1,
              "Plan Width": 8,
              "Actual Startup Time": 734.97,
              "Actual Total Time": 734.978,
              "Actual Rows": 1,
              "Actual Loops": 4,
              "Plans": [
                {
                  "Node Type": "Hash Join",
                  "Parent Relationship": "Outer",
                  "Parallel Aware": true,
                  "Join Type": "Inner",
                  "Startup Cost": 76645.33,
                  "Total Cost": 121416.68,
                  "Plan Rows": 77973,
                  "Plan Width": 0,
                  "Actual Startup Time": 509.778,
                  "Actual Total Time": 732.285,
                  "Actual Rows": 47531,
                  "Actual Loops": 4,
                  "Inner Unique": false,
                  "Hash Cond": "(mk.movie_id = t.id)",
                  "Plans": [
                    {
                      "Node Type": "Seq Scan",
                      "Parent Relationship": "Outer",
                      "Parallel Aware": true,
                      "Relation Name": "movie_keyword",
                      "Alias": "mk",
                      "Startup Cost": 0.0,
                      "Total Cost": 39047.32,
                      "Plan Rows": 1459332,
                      "Plan Width": 4,
                      "Actual Startup Time": 0.023,
                      "Actual Total Time": 112.581,
                      "Actual Rows": 1130982,
                      "Actual Loops": 4
                    },
                    {
                      "Node Type": "Hash",
                      "Parent Relationship": "Inner",
                      "Parallel Aware": true,
                      "Startup Cost": 76100.6,
                      "Total Cost": 76100.6,
                      "Plan Rows": 43579,
                      "Plan Width": 8,
                      "Actual Startup Time": 508.319,
                      "Actual Total Time": 508.325,
                      "Actual Rows": 15075,
                      "Actual Loops": 4,
                      "Hash Buckets": 262144,
                      "Original Hash Buckets": 262144,
                      "Hash Batches": 1,
                      "Original Hash Batches": 1,
                      "Peak Memory Usage": 4480,
                      "Plans": [
                        {
                          "Node Type": "Hash Join",
                          "Parent Relationship": "Outer",
                          "Parallel Aware": true,
                          "Join Type": "Inner",
                          "Startup Cost": 55917.14,
                          "Total Cost": 76100.6,
                          "Plan Rows": 43579,
                          "Plan Width": 8,
                          "Actual Startup Time": 468.941,
                          "Actual Total Time": 500.888,
                          "Actual Rows": 15075,
                          "Actual Loops": 4,
                          "Inner Unique": true,
                          "Hash Cond": "(mc.movie_id = t.id)",
                          "Plans": [
                            {
                              "Node Type": "Bitmap Heap Scan",
                              "Parent Relationship": "Outer",
                              "Parallel Aware": true,
                              "Relation Name": "movie_companies",
                              "Alias": "mc",
                              "Startup Cost": 5696.75,
                              "Total Cost": 25765.82,
                              "Plan Rows": 43579,
                              "Plan Width": 4,
                              "Actual Startup Time": 47.169,
                              "Actual Total Time": 60.397,
                              "Actual Rows": 15075,
                              "Actual Loops": 4,
                              "Recheck Cond": "(company_id < 133)",
                              "Rows Removed by Index Recheck": 0,
                              "Filter": "(company_type_id = 2)",
                              "Rows Removed by Filter": 49776,
                              "Exact Heap Blocks": 7045,
                              "Lossy Heap Blocks": 0,
                              "Plans": [
                                {
                                  "Node Type": "Bitmap Index Scan",
                                  "Parent Relationship": "Outer",
                                  "Parallel Aware": false,
                                  "Index Name": "company_id_movie_companies",
                                  "Startup Cost": 0.0,
                                  "Total Cost": 5662.98,
                                  "Plan Rows": 264340,
                                  "Plan Width": 0,
                                  "Actual Startup Time": 17.496,
                                  "Actual Total Time": 17.496,
                                  "Actual Rows": 259406,
                                  "Actual Loops": 1,
                                  "Index Cond": "(company_id < 133)"
                                }
                              ]
                            },
                            {
                              "Node Type": "Hash",
                              "Parent Relationship": "Inner",
                              "Parallel Aware": true,
                              "Startup Cost": 42319.06,
                              "Total Cost": 42319.06,
                              "Plan Rows": 632106,
                              "Plan Width": 4,
                              "Actual Startup Time": 411.618,
                              "Actual Total Time": 411.619,
                              "Actual Rows": 632078,
                              "Actual Loops": 4,
                              "Hash Buckets": 4194304,
                              "Original Hash Buckets": 4194304,
                              "Hash Batches": 1,
                              "Original Hash Batches": 1,
                              "Peak Memory Usage": 131744,
                              "Plans": [
                                {
                                  "Node Type": "Seq Scan",
                                  "Parent Relationship": "Outer",
                                  "Parallel Aware": true,
                                  "Relation Name": "title",
                                  "Alias": "t",
                                  "Startup Cost": 0.0,
                                  "Total Cost": 42319.06,
                                  "Plan Rows": 632106,
                                  "Plan Width": 4,
                                  "Actual Startup Time": 0.058,
                                  "Actual Total Time": 122.333,
                                  "Actual Rows": 632078,
                                  "Actual Loops": 4
                                }
                              ]
                            }
                          ]
                        }
                      ]
                    }
                  ]
                }
              ]
            }
          ]
        }
      ]
    },
    "Planning Time": 0.617,
    "Triggers": [],
    "Execution Time": 798.168
  }
]