[
  {
    "Plan": {
      "Node Type": "Aggregate",
      "Strategy": "Plain",
      "Partial Mode": "Finalize",
      "Parallel Aware": false,
      "Startup Cost": 350364.45,
      "Total Cost": 350364.46,
      "Plan Rows": 1,
      "Plan Width": 8,
      "Actual Startup Time": 765.298,
      "Actual Total Time": 817.846,
      "Actual Rows": 1,
      "Actual Loops": 1,
      "Plans": [
        {
          "Node Type": "Gather",
          "Parent Relationship": "Outer",
          "Parallel Aware": false,
          "Startup Cost": 350363.82,
          "Total Cost": 350364.43,
          "Plan Rows": 6,
          "Plan Width": 8,
          "Actual Startup Time": 765.07,
          "Actual Total Time": 817.826,
          "Actual Rows": 7,
          "Actual Loops": 1,
          "Workers Planned": 6,
          "Workers Launched": 6,
          "Single Copy": false,
          "Plans": [
            {
              "Node Type": "Aggregate",
              "Strategy": "Plain",
              "Partial Mode": "Partial",
              "Parent Relationship": "Outer",
              "Parallel Aware": false,
              "Startup Cost": 349363.82,
              "Total Cost": 349363.83,
              "Plan Rows": 1,
              "Plan Width": 8,
              "Actual Startup Time": 756.532,
              "Actual Total Time": 756.534,
              "Actual Rows": 1,
              "Actual Loops": 7,
              "Plans": [
                {
                  "Node Type": "Seq Scan",
                  "Parent Relationship": "Outer",
                  "Parallel Aware": true,
                  "Relation Name": "cast_info",
                  "Alias": "ci",
                  "Startup Cost": 0.0,
                  "Total Cost": 343316.27,
                  "Plan Rows": 2419021,
                  "Plan Width": 0,
                  "Actual Startup Time": 233.529,
                  "Actual Total Time": 670.41,
                  "Actual Rows": 1781507,
                  "Actual Loops": 7,
                  "Filter": "((person_id > 1799981) AND (role_id < 8))",
                  "Rows Removed by Filter": 3396257
                }
              ]
            }
          ]
        }
      ]
    },
    "Planning Time": 0.117,
    "Triggers": [],
    "Execution Time": 817.921
  }
]