{
  "Plan": {
    "Node Type": "Aggregate",
    "Strategy": "Plain",
    "Partial Mode": "Finalize",
    "Parallel Aware": false,
    "Startup Cost": 628060.57,
    "Total Cost": 628060.58,
    "Plan Rows": 1,
    "Plan Width": 8,
    "Actual Startup Time": 4779.381,
    "Actual Total Time": 4849.651,
    "Actual Rows": 1,
    "Actual Loops": 1,
    "Plans": [
      {
        "Node Type": "Gather",
        "Parent Relationship": "Outer",
        "Parallel Aware": false,
        "Startup Cost": 628060.45,
        "Total Cost": 628060.56,
        "Plan Rows": 1,
        "Plan Width": 8,
        "Actual Startup Time": 4778.003,
        "Actual Total Time": 4849.641,
        "Actual Rows": 2,
        "Actual Loops": 1,
        "Workers Planned": 1,
        "Workers Launched": 1,
        "Single Copy": false,
        "Plans": [
          {
            "Node Type": "Aggregate",
            "Strategy": "Plain",
            "Partial Mode": "Partial",
            "Parent Relationship": "Outer",
            "Parallel Aware": false,
            "Startup Cost": 627060.45,
            "Total Cost": 627060.46,
            "Plan Rows": 1,
            "Plan Width": 8,
            "Actual Startup Time": 4771.786,
            "Actual Total Time": 4771.791,
            "Actual Rows": 1,
            "Actual Loops": 2,
            "Plans": [
              {
                "Node Type": "Hash Join",
                "Parent Relationship": "Outer",
                "Parallel Aware": true,
                "Join Type": "Inner",
                "Startup Cost": 85939.78,
                "Total Cost": 626635.13,
                "Plan Rows": 170128,
                "Plan Width": 0,
                "Actual Startup Time": 261.31,
                "Actual Total Time": 4764.458,
                "Actual Rows": 136662,
                "Actual Loops": 2,
                "Inner Unique": false,
                "Hash Cond": "(t.id = mc.movie_id)",
                "Plans": [
                  {
                    "Node Type": "Hash Join",
                    "Parent Relationship": "Outer",
                    "Parallel Aware": true,
                    "Join Type": "Inner",
                    "Startup Cost": 57095.36,
                    "Total Cost": 578828.72,
                    "Plan Rows": 2873799,
                    "Plan Width": 8,
                    "Actual Startup Time": 172.972,
                    "Actual Total Time": 4351.1,
                    "Actual Rows": 1902404,
                    "Actual Loops": 2,
                    "Inner Unique": true,
                    "Hash Cond": "(ci.movie_id = t.id)",
                    "Plans": [
                      {
                        "Node Type": "Seq Scan",
                        "Parent Relationship": "Outer",
                        "Parallel Aware": true,
                        "Relation Name": "cast_info",
                        "Alias": "ci",
                        "Startup Cost": 0.0,
                        "Total Cost": 465792.95,
                        "Plan Rows": 21310595,
                        "Plan Width": 4,
                        "Actual Startup Time": 0.012,
                        "Actual Total Time": 1338.235,
                        "Actual Rows": 18122172,
                        "Actual Loops": 2
                      },
                      {
                        "Node Type": "Hash",
                        "Parent Relationship": "Inner",
                        "Parallel Aware": true,
                        "Startup Cost": 54588.39,
                        "Total Cost": 54588.39,
                        "Plan Rows": 200558,
                        "Plan Width": 4,
                        "Actual Startup Time": 171.391,
                        "Actual Total Time": 171.392,
                        "Actual Rows": 176040,
                        "Actual Loops": 2,
                        "Hash Buckets": 524288,
                        "Original Hash Buckets": 524288,
                        "Hash Batches": 1,
                        "Original Hash Batches": 1,
                        "Peak Memory Usage": 17888,
                        "Plans": [
                          {
                            "Node Type": "Seq Scan",
                            "Parent Relationship": "Outer",
                            "Parallel Aware": true,
                            "Relation Name": "title",
                            "Alias": "t",
                            "Startup Cost": 0.0,
                            "Total Cost": 54588.39,
                            "Plan Rows": 200558,
                            "Plan Width": 4,
                            "Actual Startup Time": 0.013,
                            "Actual Total Time": 128.562,
                            "Actual Rows": 176040,
                            "Actual Loops": 2,
                            "Filter": "(production_year < 1969)",
                            "Rows Removed by Filter": 1088116
                          }
                        ]
                      }
                    ]
                  },
                  {
                    "Node Type": "Hash",
                    "Parent Relationship": "Inner",
                    "Parallel Aware": true,
                    "Startup Cost": 27743.86,
                    "Total Cost": 27743.86,
                    "Plan Rows": 88044,
                    "Plan Width": 4,
                    "Actual Startup Time": 84.573,
                    "Actual Total Time": 84.574,
                    "Actual Rows": 34246,
                    "Actual Loops": 2,
                    "Hash Buckets": 262144,
                    "Original Hash Buckets": 262144,
                    "Hash Batches": 1,
                    "Original Hash Batches": 1,
                    "Peak Memory Usage": 4768,
                    "Plans": [
                      {
                        "Node Type": "Bitmap Heap Scan",
                        "Parent Relationship": "Outer",
                        "Parallel Aware": true,
                        "Relation Name": "movie_companies",
                        "Alias": "mc",
                        "Startup Cost": 6352.77,
                        "Total Cost": 27743.86,
                        "Plan Rows": 88044,
                        "Plan Width": 4,
                        "Actual Startup Time": 61.942,
                        "Actual Total Time": 76.954,
                        "Actual Rows": 34246,
                        "Actual Loops": 2,
                        "Recheck Cond": "(company_id < 160)",
                        "Rows Removed by Index Recheck": 0,
                        "Filter": "(company_type_id = 2)",
                        "Rows Removed by Filter": 112192,
                        "Exact Heap Blocks": 14008,
                        "Lossy Heap Blocks": 0,
                        "Plans": [
                          {
                            "Node Type": "Bitmap Index Scan",
                            "Parent Relationship": "Outer",
                            "Parallel Aware": false,
                            "Index Name": "company_id_movie_companies",
                            "Startup Cost": 0.0,
                            "Total Cost": 6315.35,
                            "Plan Rows": 294790,
                            "Plan Width": 0,
                            "Actual Startup Time": 26.595,
                            "Actual Total Time": 26.595,
                            "Actual Rows": 292877,
                            "Actual Loops": 1,
                            "Index Cond": "(company_id < 160)"
                          }
                        ]
                      }
                    ]
                  }
                ]
              }
            ]
          }
        ]
      }
    ]
  },
  "Planning Time": 1.07,
  "Triggers": [],
  "Execution Time": 4849.774
}