[
  {
    "Plan": {
      "Node Type": "Aggregate",
      "Strategy": "Plain",
      "Partial Mode": "Finalize",
      "Parallel Aware": false,
      "Startup Cost": 335122.98,
      "Total Cost": 335122.99,
      "Plan Rows": 1,
      "Plan Width": 8,
      "Actual Startup Time": 757.901,
      "Actual Total Time": 818.993,
      "Actual Rows": 1,
      "Actual Loops": 1,
      "Plans": [
        {
          "Node Type": "Gather",
          "Parent Relationship": "Outer",
          "Parallel Aware": false,
          "Startup Cost": 335122.36,
          "Total Cost": 335122.97,
          "Plan Rows": 6,
          "Plan Width": 8,
          "Actual Startup Time": 757.686,
          "Actual Total Time": 818.973,
          "Actual Rows": 7,
          "Actual Loops": 1,
          "Workers Planned": 6,
          "Workers Launched": 6,
          "Single Copy": false,
          "Plans": [
            {
              "Node Type": "Aggregate",
              "Strategy": "Plain",
              "Partial Mode": "Partial",
              "Parent Relationship": "Outer",
              "Parallel Aware": false,
              "Startup Cost": 334122.36,
              "Total Cost": 334122.37,
              "Plan Rows": 1,
              "Plan Width": 8,
              "Actual Startup Time": 751.334,
              "Actual Total Time": 751.335,
              "Actual Rows": 1,
              "Actual Loops": 7,
              "Plans": [
                {
                  "Node Type": "Seq Scan",
                  "Parent Relationship": "Outer",
                  "Parallel Aware": true,
                  "Relation Name": "cast_info",
                  "Alias": "ci",
                  "Startup Cost": 0.0,
                  "Total Cost": 328211.39,
                  "Plan Rows": 2364386,
                  "Plan Width": 0,
                  "Actual Startup Time": 0.038,
                  "Actual Total Time": 636.553,
                  "Actual Rows": 2046030,
                  "Actual Loops": 7,
                  "Filter": "(person_id < 1410205)",
                  "Rows Removed by Filter": 3131734
                }
              ]
            }
          ]
        }
      ]
    },
    "Planning Time": 0.09,
    "Triggers": [],
    "Execution Time": 819.039
  }
]