{
  "Plan": {
    "Node Type": "Aggregate",
    "Strategy": "Plain",
    "Partial Mode": "Finalize",
    "Parallel Aware": false,
    "Startup Cost": 232292.56,
    "Total Cost": 232292.57,
    "Plan Rows": 1,
    "Plan Width": 8,
    "Actual Startup Time": 666.887,
    "Actual Total Time": 719.849,
    "Actual Rows": 1,
    "Actual Loops": 1,
    "Plans": [
      {
        "Node Type": "Gather",
        "Parent Relationship": "Outer",
        "Parallel Aware": false,
        "Startup Cost": 232292.44,
        "Total Cost": 232292.55,
        "Plan Rows": 1,
        "Plan Width": 8,
        "Actual Startup Time": 666.56,
        "Actual Total Time": 719.84,
        "Actual Rows": 2,
        "Actual Loops": 1,
        "Workers Planned": 1,
        "Workers Launched": 1,
        "Single Copy": false,
        "Plans": [
          {
            "Node Type": "Aggregate",
            "Strategy": "Plain",
            "Partial Mode": "Partial",
            "Parent Relationship": "Outer",
            "Parallel Aware": false,
            "Startup Cost": 231292.44,
            "Total Cost": 231292.45,
            "Plan Rows": 1,
            "Plan Width": 8,
            "Actual Startup Time": 660.355,
            "Actual Total Time": 660.359,
            "Actual Rows": 1,
            "Actual Loops": 2,
            "Plans": [
              {
                "Node Type": "Nested Loop",
                "Parent Relationship": "Outer",
                "Parallel Aware": false,
                "Join Type": "Inner",
                "Startup Cost": 27208.07,
                "Total Cost": 230214.95,
                "Plan Rows": 430997,
                "Plan Width": 0,
                "Actual Startup Time": 79.857,
                "Actual Total Time": 646.169,
                "Actual Rows": 303120,
                "Actual Loops": 2,
                "Inner Unique": false,
                "Plans": [
                  {
                    "Node Type": "Hash Join",
                    "Parent Relationship": "Outer",
                    "Parallel Aware": true,
                    "Join Type": "Inner",
                    "Startup Cost": 27207.64,
                    "Total Cost": 87806.72,
                    "Plan Rows": 73709,
                    "Plan Width": 8,
                    "Actual Startup Time": 79.789,
                    "Actual Total Time": 336.305,
                    "Actual Rows": 28378,
                    "Actual Loops": 2,
                    "Inner Unique": false,
                    "Hash Cond": "(t.id = mc.movie_id)",
                    "Plans": [
                      {
                        "Node Type": "Seq Scan",
                        "Parent Relationship": "Outer",
                        "Parallel Aware": true,
                        "Relation Name": "title",
                        "Alias": "t",
                        "Startup Cost": 0.0,
                        "Total Cost": 50870.31,
                        "Plan Rows": 1487231,
                        "Plan Width": 4,
                        "Actual Startup Time": 0.009,
                        "Actual Total Time": 113.519,
                        "Actual Rows": 1264156,
                        "Actual Loops": 2
                      },
                      {
                        "Node Type": "Hash",
                        "Parent Relationship": "Inner",
                        "Parallel Aware": true,
                        "Startup Cost": 26286.27,
                        "Total Cost": 26286.27,
                        "Plan Rows": 73709,
                        "Plan Width": 4,
                        "Actual Startup Time": 77.496,
                        "Actual Total Time": 77.497,
                        "Actual Rows": 28378,
                        "Actual Loops": 2,
                        "Hash Buckets": 131072,
                        "Original Hash Buckets": 131072,
                        "Hash Batches": 1,
                        "Original Hash Batches": 1,
                        "Peak Memory Usage": 3296,
                        "Plans": [
                          {
                            "Node Type": "Bitmap Heap Scan",
                            "Parent Relationship": "Outer",
                            "Parallel Aware": true,
                            "Relation Name": "movie_companies",
                            "Alias": "mc",
                            "Startup Cost": 5318.7,
                            "Total Cost": 26286.27,
                            "Plan Rows": 73709,
                            "Plan Width": 4,
                            "Actual Startup Time": 58.17,
                            "Actual Total Time": 71.698,
                            "Actual Rows": 28378,
                            "Actual Loops": 2,
                            "Recheck Cond": "(company_id < 114)",
                            "Rows Removed by Index Recheck": 0,
                            "Filter": "(company_type_id > 1)",
                            "Rows Removed by Filter": 93585,
                            "Exact Heap Blocks": 13849,
                            "Lossy Heap Blocks": 0,
                            "Plans": [
                              {
                                "Node Type": "Bitmap Index Scan",
                                "Parent Relationship": "Outer",
                                "Parallel Aware": false,
                                "Index Name": "company_id_movie_companies",
                                "Startup Cost": 0.0,
                                "Total Cost": 5287.37,
                                "Plan Rows": 246792,
                                "Plan Width": 0,
                                "Actual Startup Time": 25.577,
                                "Actual Total Time": 25.577,
                                "Actual Rows": 243927,
                                "Actual Loops": 1,
                                "Index Cond": "(company_id < 114)"
                              }
                            ]
                          }
                        ]
                      }
                    ]
                  },
                  {
                    "Node Type": "Index Only Scan",
                    "Parent Relationship": "Inner",
                    "Parallel Aware": false,
                    "Scan Direction": "Forward",
                    "Index Name": "movie_id_movie_info",
                    "Relation Name": "movie_info",
                    "Alias": "mi",
                    "Startup Cost": 0.43,
                    "Total Cost": 1.51,
                    "Plan Rows": 42,
                    "Plan Width": 4,
                    "Actual Startup Time": 0.004,
                    "Actual Total Time": 0.01,
                    "Actual Rows": 11,
                    "Actual Loops": 56757,
                    "Index Cond": "(movie_id = t.id)",
                    "Rows Removed by Index Recheck": 0,
                    "Heap Fetches": 606239
                  }
                ]
              }
            ]
          }
        ]
      }
    ]
  },
  "Planning Time": 0.925,
  "Triggers": [],
  "Execution Time": 719.974
}