[
  {
    "Plan": {
      "Node Type": "Aggregate",
      "Strategy": "Plain",
      "Partial Mode": "Finalize",
      "Parallel Aware": false,
      "Startup Cost": 68215.43,
      "Total Cost": 68215.44,
      "Plan Rows": 1,
      "Plan Width": 8,
      "Actual Startup Time": 177.205,
      "Actual Total Time": 189.871,
      "Actual Rows": 1,
      "Actual Loops": 1,
      "Plans": [
        {
          "Node Type": "Gather",
          "Parent Relationship": "Outer",
          "Parallel Aware": false,
          "Startup Cost": 68215.01,
          "Total Cost": 68215.42,
          "Plan Rows": 4,
          "Plan Width": 8,
          "Actual Startup Time": 176.594,
          "Actual Total Time": 189.862,
          "Actual Rows": 5,
          "Actual Loops": 1,
          "Workers Planned": 4,
          "Workers Launched": 4,
          "Single Copy": false,
          "Plans": [
            {
              "Node Type": "Aggregate",
              "Strategy": "Plain",
              "Partial Mode": "Partial",
              "Parent Relationship": "Outer",
              "Parallel Aware": false,
              "Startup Cost": 67215.01,
              "Total Cost": 67215.02,
              "Plan Rows": 1,
              "Plan Width": 8,
              "Actual Startup Time": 166.745,
              "Actual Total Time": 166.748,
              "Actual Rows": 1,
              "Actual Loops": 5,
              "Plans": [
                {
                  "Node Type": "Hash Join",
                  "Parent Relationship": "Outer",
                  "Parallel Aware": true,
                  "Join Type": "Inner",
                  "Startup Cost": 21600.66,
                  "Total Cost": 67155.96,
                  "Plan Rows": 23621,
                  "Plan Width": 0,
                  "Actual Startup Time": 124.877,
                  "Actual Total Time": 165.941,
                  "Actual Rows": 17933,
                  "Actual Loops": 5,
                  "Inner Unique": false,
                  "Hash Cond": "(t.id = mc.movie_id)",
                  "Plans": [
                    {
                      "Node Type": "Seq Scan",
                      "Parent Relationship": "Outer",
                      "Parallel Aware": true,
                      "Relation Name": "title",
                      "Alias": "t",
                      "Startup Cost": 0.0,
                      "Total Cost": 42318.73,
                      "Plan Rows": 632073,
                      "Plan Width": 4,
                      "Actual Startup Time": 0.017,
                      "Actual Total Time": 65.786,
                      "Actual Rows": 505662,
                      "Actual Loops": 5
                    },
                    {
                      "Node Type": "Hash",
                      "Parent Relationship": "Inner",
                      "Parallel Aware": true,
                      "Startup Cost": 21219.68,
                      "Total Cost": 21219.68,
                      "Plan Rows": 30479,
                      "Plan Width": 4,
                      "Actual Startup Time": 33.169,
                      "Actual Total Time": 33.17,
                      "Actual Rows": 17933,
                      "Actual Loops": 5,
                      "Hash Buckets": 131072,
                      "Original Hash Buckets": 131072,
                      "Hash Batches": 1,
                      "Original Hash Batches": 1,
                      "Peak Memory Usage": 4608,
                      "Plans": [
                        {
                          "Node Type": "Bitmap Heap Scan",
                          "Parent Relationship": "Outer",
                          "Parallel Aware": true,
                          "Relation Name": "movie_companies",
                          "Alias": "mc",
                          "Startup Cost": 2048.69,
                          "Total Cost": 21219.68,
                          "Plan Rows": 30479,
                          "Plan Width": 4,
                          "Actual Startup Time": 6.191,
                          "Actual Total Time": 23.337,
                          "Actual Rows": 17933,
                          "Actual Loops": 5,
                          "Recheck Cond": "(company_id > 163904)",
                          "Rows Removed by Index Recheck": 0,
                          "Exact Heap Blocks": 1228,
                          "Lossy Heap Blocks": 0,
                          "Plans": [
                            {
                              "Node Type": "Bitmap Index Scan",
                              "Parent Relationship": "Outer",
                              "Parallel Aware": false,
                              "Index Name": "company_id_movie_companies",
                              "Startup Cost": 0.0,
                              "Total Cost": 2025.07,
                              "Plan Rows": 94485,
                              "Plan Width": 0,
                              "Actual Startup Time": 9.833,
                              "Actual Total Time": 9.833,
                              "Actual Rows": 89664,
                              "Actual Loops": 1,
                              "Index Cond": "(company_id > 163904)"
                            }
                          ]
                        }
                      ]
                    }
                  ]
                }
              ]
            }
          ]
        }
      ]
    },
    "Planning Time": 0.552,
    "Triggers": [],
    "Execution Time": 189.971
  }
]