[
  {
    "Plan": {
      "Node Type": "Aggregate",
      "Strategy": "Plain",
      "Partial Mode": "Finalize",
      "Parallel Aware": false,
      "Startup Cost": 45341.78,
      "Total Cost": 45341.79,
      "Plan Rows": 1,
      "Plan Width": 8,
      "Actual Startup Time": 137.155,
      "Actual Total Time": 147.556,
      "Actual Rows": 1,
      "Actual Loops": 1,
      "Plans": [
        {
          "Node Type": "Gather",
          "Parent Relationship": "Outer",
          "Parallel Aware": false,
          "Startup Cost": 45341.47,
          "Total Cost": 45341.78,
          "Plan Rows": 3,
          "Plan Width": 8,
          "Actual Startup Time": 137.026,
          "Actual Total Time": 147.547,
          "Actual Rows": 4,
          "Actual Loops": 1,
          "Workers Planned": 3,
          "Workers Launched": 3,
          "Single Copy": false,
          "Plans": [
            {
              "Node Type": "Aggregate",
              "Strategy": "Plain",
              "Partial Mode": "Partial",
              "Parent Relationship": "Outer",
              "Parallel Aware": false,
              "Startup Cost": 44341.47,
              "Total Cost": 44341.48,
              "Plan Rows": 1,
              "Plan Width": 8,
              "Actual Startup Time": 130.324,
              "Actual Total Time": 130.325,
              "Actual Rows": 1,
              "Actual Loops": 4,
              "Plans": [
                {
                  "Node Type": "Seq Scan",
                  "Parent Relationship": "Outer",
                  "Parallel Aware": true,
                  "Relation Name": "movie_keyword",
                  "Alias": "mk",
                  "Startup Cost": 0.0,
                  "Total Cost": 42695.65,
                  "Plan Rows": 658325,
                  "Plan Width": 0,
                  "Actual Startup Time": 0.409,
                  "Actual Total Time": 107.475,
                  "Actual Rows": 506063,
                  "Actual Loops": 4,
                  "Filter": "(keyword_id > 6107)",
                  "Rows Removed by Filter": 624919
                }
              ]
            }
          ]
        }
      ]
    },
    "Planning Time": 0.1,
    "Triggers": [],
    "Execution Time": 147.587
  }
]