[
  {
    "Plan": {
      "Node Type": "Aggregate",
      "Strategy": "Plain",
      "Partial Mode": "Simple",
      "Parallel Aware": false,
      "Startup Cost": 7971.56,
      "Total Cost": 7971.57,
      "Plan Rows": 1,
      "Plan Width": 8,
      "Actual Startup Time": 5.043,
      "Actual Total Time": 5.045,
      "Actual Rows": 1,
      "Actual Loops": 1,
      "Plans": [
        {
          "Node Type": "Index Scan",
          "Parent Relationship": "Outer",
          "Parallel Aware": false,
          "Scan Direction": "Forward",
          "Index Name": "company_id_movie_companies",
          "Relation Name": "movie_companies",
          "Alias": "mc",
          "Startup Cost": 0.43,
          "Total Cost": 7967.49,
          "Plan Rows": 1627,
          "Plan Width": 0,
          "Actual Startup Time": 0.147,
          "Actual Total Time": 4.977,
          "Actual Rows": 340,
          "Actual Loops": 1,
          "Index Cond": "(company_id = 677)",
          "Rows Removed by Index Recheck": 0,
          "Filter": "(company_type_id < 2)",
          "Rows Removed by Filter": 2586
        }
      ]
    },
    "Planning Time": 0.2,
    "Triggers": [],
    "Execution Time": 5.097
  }
]