{
  "Plan": {
    "Node Type": "Aggregate",
    "Strategy": "Plain",
    "Partial Mode": "Finalize",
    "Parallel Aware": false,
    "Startup Cost": 168222.77,
    "Total Cost": 168222.78,
    "Plan Rows": 1,
    "Plan Width": 8,
    "Actual Startup Time": 714.576,
    "Actual Total Time": 739.341,
    "Actual Rows": 1,
    "Actual Loops": 1,
    "Plans": [
      {
        "Node Type": "Gather",
        "Parent Relationship": "Outer",
        "Parallel Aware": false,
        "Startup Cost": 168222.66,
        "Total Cost": 168222.77,
        "Plan Rows": 1,
        "Plan Width": 8,
        "Actual Startup Time": 713.397,
        "Actual Total Time": 739.333,
        "Actual Rows": 2,
        "Actual Loops": 1,
        "Workers Planned": 1,
        "Workers Launched": 1,
        "Single Copy": false,
        "Plans": [
          {
            "Node Type": "Aggregate",
            "Strategy": "Plain",
            "Partial Mode": "Partial",
            "Parent Relationship": "Outer",
            "Parallel Aware": false,
            "Startup Cost": 167222.66,
            "Total Cost": 167222.67,
            "Plan Rows": 1,
            "Plan Width": 8,
            "Actual Startup Time": 701.504,
            "Actual Total Time": 701.666,
            "Actual Rows": 1,
            "Actual Loops": 2,
            "Plans": [
              {
                "Node Type": "Hash Join",
                "Parent Relationship": "Outer",
                "Parallel Aware": true,
                "Join Type": "Inner",
                "Startup Cost": 123112.64,
                "Total Cost": 167102.17,
                "Plan Rows": 48195,
                "Plan Width": 0,
                "Actual Startup Time": 571.904,
                "Actual Total Time": 700.698,
                "Actual Rows": 18631,
                "Actual Loops": 2,
                "Inner Unique": false,
                "Hash Cond": "(mc.movie_id = t.id)",
                "Plans": [
                  {
                    "Node Type": "Seq Scan",
                    "Parent Relationship": "Outer",
                    "Parallel Aware": true,
                    "Relation Name": "movie_companies",
                    "Alias": "mc",
                    "Startup Cost": 0.0,
                    "Total Cost": 41811.73,
                    "Plan Rows": 505148,
                    "Plan Width": 4,
                    "Actual Startup Time": 56.652,
                    "Actual Total Time": 133.65,
                    "Actual Rows": 533513,
                    "Actual Loops": 2,
                    "Filter": "((company_id > 3121) AND (company_type_id > 1))",
                    "Rows Removed by Filter": 771052
                  },
                  {
                    "Node Type": "Hash",
                    "Parent Relationship": "Inner",
                    "Parallel Aware": true,
                    "Startup Cost": 121338.97,
                    "Total Cost": 121338.97,
                    "Plan Rows": 141893,
                    "Plan Width": 8,
                    "Actual Startup Time": 510.837,
                    "Actual Total Time": 510.997,
                    "Actual Rows": 26943,
                    "Actual Loops": 2,
                    "Hash Buckets": 262144,
                    "Original Hash Buckets": 262144,
                    "Hash Batches": 1,
                    "Original Hash Batches": 1,
                    "Peak Memory Usage": 4192,
                    "Plans": [
                      {
                        "Node Type": "Hash Join",
                        "Parent Relationship": "Outer",
                        "Parallel Aware": true,
                        "Join Type": "Inner",
                        "Startup Cost": 60594.62,
                        "Total Cost": 121338.97,
                        "Plan Rows": 141893,
                        "Plan Width": 8,
                        "Actual Startup Time": 191.066,
                        "Actual Total Time": 503.856,
                        "Actual Rows": 26943,
                        "Actual Loops": 2,
                        "Inner Unique": true,
                        "Hash Cond": "(mk.movie_id = t.id)",
                        "Plans": [
                          {
                            "Node Type": "Seq Scan",
                            "Parent Relationship": "Outer",
                            "Parallel Aware": true,
                            "Relation Name": "movie_keyword",
                            "Alias": "mk",
                            "Startup Cost": 0.0,
                            "Total Cost": 57718.19,
                            "Plan Rows": 1152825,
                            "Plan Width": 4,
                            "Actual Startup Time": 0.673,
                            "Actual Total Time": 211.447,
                            "Actual Rows": 977819,
                            "Actual Loops": 2,
                            "Filter": "(keyword_id > 6545)",
                            "Rows Removed by Filter": 1284146
                          },
                          {
                            "Node Type": "Hash",
                            "Parent Relationship": "Inner",
                            "Parallel Aware": true,
                            "Startup Cost": 58306.47,
                            "Total Cost": 58306.47,
                            "Plan Rows": 183052,
                            "Plan Width": 4,
                            "Actual Startup Time": 185.842,
                            "Actual Total Time": 185.843,
                            "Actual Rows": 104902,
                            "Actual Loops": 2,
                            "Hash Buckets": 524288,
                            "Original Hash Buckets": 524288,
                            "Hash Batches": 1,
                            "Original Hash Batches": 1,
                            "Peak Memory Usage": 12320,
                            "Plans": [
                              {
                                "Node Type": "Seq Scan",
                                "Parent Relationship": "Outer",
                                "Parallel Aware": true,
                                "Relation Name": "title",
                                "Alias": "t",
                                "Startup Cost": 0.0,
                                "Total Cost": 58306.47,
                                "Plan Rows": 183052,
                                "Plan Width": 4,
                                "Actual Startup Time": 0.028,
                                "Actual Total Time": 154.556,
                                "Actual Rows": 104902,
                                "Actual Loops": 2,
                                "Filter": "((production_year < 1981) AND (kind_id = 7))",
                                "Rows Removed by Filter": 1159254
                              }
                            ]
                          }
                        ]
                      }
                    ]
                  }
                ]
              }
            ]
          }
        ]
      }
    ]
  },
  "Planning Time": 1.051,
  "Triggers": [],
  "Execution Time": 739.426
}