[
  {
    "Plan": {
      "Node Type": "Aggregate",
      "Strategy": "Plain",
      "Partial Mode": "Finalize",
      "Parallel Aware": false,
      "Startup Cost": 85312.46,
      "Total Cost": 85312.47,
      "Plan Rows": 1,
      "Plan Width": 8,
      "Actual Startup Time": 221.353,
      "Actual Total Time": 237.634,
      "Actual Rows": 1,
      "Actual Loops": 1,
      "Plans": [
        {
          "Node Type": "Gather",
          "Parent Relationship": "Outer",
          "Parallel Aware": false,
          "Startup Cost": 85312.15,
          "Total Cost": 85312.46,
          "Plan Rows": 3,
          "Plan Width": 8,
          "Actual Startup Time": 219.068,
          "Actual Total Time": 237.625,
          "Actual Rows": 4,
          "Actual Loops": 1,
          "Workers Planned": 3,
          "Workers Launched": 3,
          "Single Copy": false,
          "Plans": [
            {
              "Node Type": "Aggregate",
              "Strategy": "Plain",
              "Partial Mode": "Partial",
              "Parent Relationship": "Outer",
              "Parallel Aware": false,
              "Startup Cost": 84312.15,
              "Total Cost": 84312.16,
              "Plan Rows": 1,
              "Plan Width": 8,
              "Actual Startup Time": 209.311,
              "Actual Total Time": 209.315,
              "Actual Rows": 1,
              "Actual Loops": 4,
              "Plans": [
                {
                  "Node Type": "Nested Loop",
                  "Parent Relationship": "Outer",
                  "Parallel Aware": false,
                  "Join Type": "Inner",
                  "Startup Cost": 48492.0,
                  "Total Cost": 84276.16,
                  "Plan Rows": 14393,
                  "Plan Width": 0,
                  "Actual Startup Time": 179.318,
                  "Actual Total Time": 209.011,
                  "Actual Rows": 5244,
                  "Actual Loops": 4,
                  "Inner Unique": false,
                  "Plans": [
                    {
                      "Node Type": "Hash Join",
                      "Parent Relationship": "Outer",
                      "Parallel Aware": true,
                      "Join Type": "Inner",
                      "Startup Cost": 48491.57,
                      "Total Cost": 73844.4,
                      "Plan Rows": 3671,
                      "Plan Width": 8,
                      "Actual Startup Time": 179.217,
                      "Actual Total Time": 195.711,
                      "Actual Rows": 416,
                      "Actual Loops": 4,
                      "Inner Unique": true,
                      "Hash Cond": "(mk.movie_id = t.id)",
                      "Plans": [
                        {
                          "Node Type": "Bitmap Heap Scan",
                          "Parent Relationship": "Outer",
                          "Parallel Aware": true,
                          "Relation Name": "movie_keyword",
                          "Alias": "mk",
                          "Startup Cost": 912.18,
                          "Total Cost": 26228.77,
                          "Plan Rows": 13808,
                          "Plan Width": 4,
                          "Actual Startup Time": 4.823,
                          "Actual Total Time": 16.999,
                          "Actual Rows": 10697,
                          "Actual Loops": 4,
                          "Recheck Cond": "(keyword_id > 103183)",
                          "Rows Removed by Index Recheck": 0,
                          "Exact Heap Blocks": 5060,
                          "Lossy Heap Blocks": 0,
                          "Plans": [
                            {
                              "Node Type": "Bitmap Index Scan",
                              "Parent Relationship": "Outer",
                              "Parallel Aware": false,
                              "Index Name": "keyword_id_movie_keyword",
                              "Startup Cost": 0.0,
                              "Total Cost": 901.48,
                              "Plan Rows": 42806,
                              "Plan Width": 0,
                              "Actual Startup Time": 3.228,
                              "Actual Total Time": 3.229,
                              "Actual Rows": 42787,
                              "Actual Loops": 1,
                              "Index Cond": "(keyword_id > 103183)"
                            }
                          ]
                        },
                        {
                          "Node Type": "Hash",
                          "Parent Relationship": "Inner",
                          "Parallel Aware": true,
                          "Startup Cost": 45479.1,
                          "Total Cost": 45479.1,
                          "Plan Rows": 168023,
                          "Plan Width": 4,
                          "Actual Startup Time": 169.263,
                          "Actual Total Time": 169.264,
                          "Actual Rows": 176082,
                          "Actual Loops": 4,
                          "Hash Buckets": 1048576,
                          "Original Hash Buckets": 1048576,
                          "Hash Batches": 1,
                          "Original Hash Batches": 1,
                          "Peak Memory Usage": 35808,
                          "Plans": [
                            {
                              "Node Type": "Seq Scan",
                              "Parent Relationship": "Outer",
                              "Parallel Aware": true,
                              "Relation Name": "title",
                              "Alias": "t",
                              "Startup Cost": 0.0,
                              "Total Cost": 45479.1,
                              "Plan Rows": 168023,
                              "Plan Width": 4,
                              "Actual Startup Time": 0.039,
                              "Actual Total Time": 102.224,
                              "Actual Rows": 176082,
                              "Actual Loops": 4,
                              "Filter": "((kind_id > 1) AND (production_year > 2006))",
                              "Rows Removed by Filter": 455996
                            }
                          ]
                        }
                      ]
                    },
                    {
                      "Node Type": "Index Scan",
                      "Parent Relationship": "Inner",
                      "Parallel Aware": false,
                      "Scan Direction": "Forward",
                      "Index Name": "movie_id_movie_info",
                      "Relation Name": "movie_info",
                      "Alias": "mi",
                      "Startup Cost": 0.43,
                      "Total Cost": 2.56,
                      "Plan Rows": 28,
                      "Plan Width": 4,
                      "Actual Startup Time": 0.013,
                      "Actual Total Time": 0.031,
                      "Actual Rows": 13,
                      "Actual Loops": 1663,
                      "Index Cond": "(movie_id = t.id)",
                      "Rows Removed by Index Recheck": 0,
                      "Filter": "(info_type_id > 4)",
                      "Rows Removed by Filter": 5
                    }
                  ]
                }
              ]
            }
          ]
        }
      ]
    },
    "Planning Time": 1.542,
    "Triggers": [],
    "Execution Time": 237.744
  }
]