[
    {
        "Bao": {
            "Bao prediction": "NaN",
            "Bao recommended hint": "(no hint)"
        }
    },
    {
        "Plan": {
            "Node Type": "Aggregate",
            "Strategy": "Plain",
            "Partial Mode": "Finalize",
            "Parallel Aware": false,
            "Startup Cost": 427133.3,
            "Total Cost": 427133.31,
            "Plan Rows": 1,
            "Plan Width": 8,
            "Actual Startup Time": 2578.033,
            "Actual Total Time": 2603.191,
            "Actual Rows": 1,
            "Actual Loops": 1,
            "Output": [
                "count(*)"
            ],
            "Plans": [
                {
                    "Node Type": "Gather",
                    "Parent Relationship": "Outer",
                    "Parallel Aware": false,
                    "Startup Cost": 427132.67,
                    "Total Cost": 427133.28,
                    "Plan Rows": 6,
                    "Plan Width": 8,
                    "Actual Startup Time": 2569.152,
                    "Actual Total Time": 2603.181,
                    "Actual Rows": 7,
                    "Actual Loops": 1,
                    "Output": [
                        "(PARTIAL count(*))"
                    ],
                    "Workers Planned": 6,
                    "Workers Launched": 6,
                    "Single Copy": false,
                    "Plans": [
                        {
                            "Node Type": "Aggregate",
                            "Strategy": "Plain",
                            "Partial Mode": "Partial",
                            "Parent Relationship": "Outer",
                            "Parallel Aware": false,
                            "Startup Cost": 426132.67,
                            "Total Cost": 426132.68,
                            "Plan Rows": 1,
                            "Plan Width": 8,
                            "Actual Startup Time": 2557.365,
                            "Actual Total Time": 2557.371,
                            "Actual Rows": 1,
                            "Actual Loops": 7,
                            "Output": [
                                "PARTIAL count(*)"
                            ],
                            "Workers": [
                                {
                                    "Worker Number": 0,
                                    "Actual Startup Time": 2553.402,
                                    "Actual Total Time": 2553.406,
                                    "Actual Rows": 1,
                                    "Actual Loops": 1
                                },
                                {
                                    "Worker Number": 1,
                                    "Actual Startup Time": 2553.444,
                                    "Actual Total Time": 2553.449,
                                    "Actual Rows": 1,
                                    "Actual Loops": 1
                                },
                                {
                                    "Worker Number": 2,
                                    "Actual Startup Time": 2556.179,
                                    "Actual Total Time": 2556.185,
                                    "Actual Rows": 1,
                                    "Actual Loops": 1
                                },
                                {
                                    "Worker Number": 3,
                                    "Actual Startup Time": 2555.971,
                                    "Actual Total Time": 2555.976,
                                    "Actual Rows": 1,
                                    "Actual Loops": 1
                                },
                                {
                                    "Worker Number": 4,
                                    "Actual Startup Time": 2556.89,
                                    "Actual Total Time": 2556.895,
                                    "Actual Rows": 1,
                                    "Actual Loops": 1
                                },
                                {
                                    "Worker Number": 5,
                                    "Actual Startup Time": 2557.027,
                                    "Actual Total Time": 2557.031,
                                    "Actual Rows": 1,
                                    "Actual Loops": 1
                                }
                            ],
                            "Plans": [
                                {
                                    "Node Type": "Hash Join",
                                    "Parent Relationship": "Outer",
                                    "Parallel Aware": true,
                                    "Join Type": "Inner",
                                    "Startup Cost": 82282.07,
                                    "Total Cost": 422090.51,
                                    "Plan Rows": 1616864,
                                    "Plan Width": 0,
                                    "Actual Startup Time": 308.651,
                                    "Actual Total Time": 2341.911,
                                    "Actual Rows": 5052843,
                                    "Actual Loops": 7,
                                    "Inner Unique": false,
                                    "Hash Cond": "(ci.movie_id = t.id)",
                                    "Workers": [
                                        {
                                            "Worker Number": 0,
                                            "Actual Startup Time": 304.872,
                                            "Actual Total Time": 2323.474,
                                            "Actual Rows": 4220096,
                                            "Actual Loops": 1
                                        },
                                        {
                                            "Worker Number": 1,
                                            "Actual Startup Time": 304.847,
                                            "Actual Total Time": 2336.82,
                                            "Actual Rows": 5243136,
                                            "Actual Loops": 1
                                        },
                                        {
                                            "Worker Number": 2,
                                            "Actual Startup Time": 307.693,
                                            "Actual Total Time": 2342.704,
                                            "Actual Rows": 5149964,
                                            "Actual Loops": 1
                                        },
                                        {
                                            "Worker Number": 3,
                                            "Actual Startup Time": 307.349,
                                            "Actual Total Time": 2365.445,
                                            "Actual Rows": 4717803,
                                            "Actual Loops": 1
                                        },
                                        {
                                            "Worker Number": 4,
                                            "Actual Startup Time": 308.325,
                                            "Actual Total Time": 2339.402,
                                            "Actual Rows": 5241375,
                                            "Actual Loops": 1
                                        },
                                        {
                                            "Worker Number": 5,
                                            "Actual Startup Time": 308.45,
                                            "Actual Total Time": 2336.718,
                                            "Actual Rows": 5213791,
                                            "Actual Loops": 1
                                        }
                                    ],
                                    "Plans": [
                                        {
                                            "Node Type": "Seq Scan",
                                            "Parent Relationship": "Outer",
                                            "Parallel Aware": true,
                                            "Relation Name": "cast_info",
                                            "Schema": "public",
                                            "Alias": "ci",
                                            "Startup Cost": 0.0,
                                            "Total Cost": 313108.29,
                                            "Plan Rows": 6042129,
                                            "Plan Width": 4,
                                            "Actual Startup Time": 0.053,
                                            "Actual Total Time": 466.25,
                                            "Actual Rows": 5177763,
                                            "Actual Loops": 7,
                                            "Output": [
                                                "ci.id",
                                                "ci.person_id",
                                                "ci.movie_id",
                                                "ci.person_role_id",
                                                "ci.note",
                                                "ci.nr_order",
                                                "ci.role_id"
                                            ],
                                            "Workers": [
                                                {
                                                    "Worker Number": 0,
                                                    "Actual Startup Time": 0.06,
                                                    "Actual Total Time": 502.137,
                                                    "Actual Rows": 4207023,
                                                    "Actual Loops": 1
                                                },
                                                {
                                                    "Worker Number": 1,
                                                    "Actual Startup Time": 0.06,
                                                    "Actual Total Time": 477.26,
                                                    "Actual Rows": 5419658,
                                                    "Actual Loops": 1
                                                },
                                                {
                                                    "Worker Number": 2,
                                                    "Actual Startup Time": 0.072,
                                                    "Actual Total Time": 472.482,
                                                    "Actual Rows": 5305911,
                                                    "Actual Loops": 1
                                                },
                                                {
                                                    "Worker Number": 3,
                                                    "Actual Startup Time": 0.029,
                                                    "Actual Total Time": 462.413,
                                                    "Actual Rows": 4756555,
                                                    "Actual Loops": 1
                                                },
                                                {
                                                    "Worker Number": 4,
                                                    "Actual Startup Time": 0.069,
                                                    "Actual Total Time": 479.356,
                                                    "Actual Rows": 5420996,
                                                    "Actual Loops": 1
                                                },
                                                {
                                                    "Worker Number": 5,
                                                    "Actual Startup Time": 0.061,
                                                    "Actual Total Time": 478.848,
                                                    "Actual Rows": 5364553,
                                                    "Actual Loops": 1
                                                }
                                            ]
                                        },
                                        {
                                            "Node Type": "Hash",
                                            "Parent Relationship": "Inner",
                                            "Parallel Aware": true,
                                            "Startup Cost": 80167.77,
                                            "Total Cost": 80167.77,
                                            "Plan Rows": 169144,
                                            "Plan Width": 8,
                                            "Actual Startup Time": 306.383,
                                            "Actual Total Time": 306.387,
                                            "Actual Rows": 132839,
                                            "Actual Loops": 7,
                                            "Output": [
                                                "t.id",
                                                "mc.movie_id"
                                            ],
                                            "Hash Buckets": 1048576,
                                            "Original Hash Buckets": 1048576,
                                            "Hash Batches": 1,
                                            "Original Hash Batches": 1,
                                            "Peak Memory Usage": 44640,
                                            "Workers": [
                                                {
                                                    "Worker Number": 0,
                                                    "Actual Startup Time": 303.935,
                                                    "Actual Total Time": 303.938,
                                                    "Actual Rows": 100089,
                                                    "Actual Loops": 1
                                                },
                                                {
                                                    "Worker Number": 1,
                                                    "Actual Startup Time": 303.958,
                                                    "Actual Total Time": 303.962,
                                                    "Actual Rows": 139052,
                                                    "Actual Loops": 1
                                                },
                                                {
                                                    "Worker Number": 2,
                                                    "Actual Startup Time": 306.7,
                                                    "Actual Total Time": 306.704,
                                                    "Actual Rows": 136992,
                                                    "Actual Loops": 1
                                                },
                                                {
                                                    "Worker Number": 3,
                                                    "Actual Startup Time": 306.23,
                                                    "Actual Total Time": 306.234,
                                                    "Actual Rows": 121695,
                                                    "Actual Loops": 1
                                                },
                                                {
                                                    "Worker Number": 4,
                                                    "Actual Startup Time": 307.394,
                                                    "Actual Total Time": 307.397,
                                                    "Actual Rows": 139032,
                                                    "Actual Loops": 1
                                                },
                                                {
                                                    "Worker Number": 5,
                                                    "Actual Startup Time": 307.538,
                                                    "Actual Total Time": 307.541,
                                                    "Actual Rows": 138969,
                                                    "Actual Loops": 1
                                                }
                                            ],
                                            "Plans": [
                                                {
                                                    "Node Type": "Hash Join",
                                                    "Parent Relationship": "Outer",
                                                    "Parallel Aware": true,
                                                    "Join Type": "Inner",
                                                    "Startup Cost": 34142.94,
                                                    "Total Cost": 80167.77,
                                                    "Plan Rows": 169144,
                                                    "Plan Width": 8,
                                                    "Actual Startup Time": 103.616,
                                                    "Actual Total Time": 263.168,
                                                    "Actual Rows": 132839,
                                                    "Actual Loops": 7,
                                                    "Output": [
                                                        "t.id",
                                                        "mc.movie_id"
                                                    ],
                                                    "Inner Unique": false,
                                                    "Hash Cond": "(t.id = mc.movie_id)",
                                                    "Workers": [
                                                        {
                                                            "Worker Number": 0,
                                                            "Actual Startup Time": 101.044,
                                                            "Actual Total Time": 261.22,
                                                            "Actual Rows": 100089,
                                                            "Actual Loops": 1
                                                        },
                                                        {
                                                            "Worker Number": 1,
                                                            "Actual Startup Time": 101.221,
                                                            "Actual Total Time": 260.523,
                                                            "Actual Rows": 139052,
                                                            "Actual Loops": 1
                                                        },
                                                        {
                                                            "Worker Number": 2,
                                                            "Actual Startup Time": 103.911,
                                                            "Actual Total Time": 263.827,
                                                            "Actual Rows": 136992,
                                                            "Actual Loops": 1
                                                        },
                                                        {
                                                            "Worker Number": 3,
                                                            "Actual Startup Time": 103.483,
                                                            "Actual Total Time": 264.713,
                                                            "Actual Rows": 121695,
                                                            "Actual Loops": 1
                                                        },
                                                        {
                                                            "Worker Number": 4,
                                                            "Actual Startup Time": 104.633,
                                                            "Actual Total Time": 264.209,
                                                            "Actual Rows": 139032,
                                                            "Actual Loops": 1
                                                        },
                                                        {
                                                            "Worker Number": 5,
                                                            "Actual Startup Time": 104.736,
                                                            "Actual Total Time": 264.044,
                                                            "Actual Rows": 138969,
                                                            "Actual Loops": 1
                                                        }
                                                    ],
                                                    "Plans": [
                                                        {
                                                            "Node Type": "Seq Scan",
                                                            "Parent Relationship": "Outer",
                                                            "Parallel Aware": true,
                                                            "Relation Name": "title",
                                                            "Schema": "public",
                                                            "Alias": "t",
                                                            "Startup Cost": 0.0,
                                                            "Total Cost": 42318.81,
                                                            "Plan Rows": 632080,
                                                            "Plan Width": 4,
                                                            "Actual Startup Time": 0.017,
                                                            "Actual Total Time": 47.826,
                                                            "Actual Rows": 361187,
                                                            "Actual Loops": 7,
                                                            "Output": [
                                                                "t.id",
                                                                "t.title",
                                                                "t.imdb_index",
                                                                "t.kind_id",
                                                                "t.production_year",
                                                                "t.imdb_id",
                                                                "t.phonetic_code",
                                                                "t.episode_of_id",
                                                                "t.season_nr",
                                                                "t.episode_nr",
                                                                "t.series_years",
                                                                "t.md5sum"
                                                            ],
                                                            "Workers": [
                                                                {
                                                                    "Worker Number": 0,
                                                                    "Actual Startup Time": 0.027,
                                                                    "Actual Total Time": 54.2,
                                                                    "Actual Rows": 272354,
                                                                    "Actual Loops": 1
                                                                },
                                                                {
                                                                    "Worker Number": 1,
                                                                    "Actual Startup Time": 0.014,
                                                                    "Actual Total Time": 49.207,
                                                                    "Actual Rows": 378762,
                                                                    "Actual Loops": 1
                                                                },
                                                                {
                                                                    "Worker Number": 2,
                                                                    "Actual Startup Time": 0.015,
                                                                    "Actual Total Time": 48.927,
                                                                    "Actual Rows": 373063,
                                                                    "Actual Loops": 1
                                                                },
                                                                {
                                                                    "Worker Number": 3,
                                                                    "Actual Startup Time": 0.013,
                                                                    "Actual Total Time": 46.865,
                                                                    "Actual Rows": 329392,
                                                                    "Actual Loops": 1
                                                                },
                                                                {
                                                                    "Worker Number": 4,
                                                                    "Actual Startup Time": 0.017,
                                                                    "Actual Total Time": 49.468,
                                                                    "Actual Rows": 379933,
                                                                    "Actual Loops": 1
                                                                },
                                                                {
                                                                    "Worker Number": 5,
                                                                    "Actual Startup Time": 0.021,
                                                                    "Actual Total Time": 49.452,
                                                                    "Actual Rows": 376001,
                                                                    "Actual Loops": 1
                                                                }
                                                            ]
                                                        },
                                                        {
                                                            "Node Type": "Hash",
                                                            "Parent Relationship": "Inner",
                                                            "Parallel Aware": true,
                                                            "Startup Cost": 31414.82,
                                                            "Total Cost": 31414.82,
                                                            "Plan Rows": 218250,
                                                            "Plan Width": 4,
                                                            "Actual Startup Time": 102.534,
                                                            "Actual Total Time": 102.535,
                                                            "Actual Rows": 132839,
                                                            "Actual Loops": 7,
                                                            "Output": [
                                                                "mc.movie_id"
                                                            ],
                                                            "Hash Buckets": 1048576,
                                                            "Original Hash Buckets": 1048576,
                                                            "Hash Batches": 1,
                                                            "Original Hash Batches": 1,
                                                            "Peak Memory Usage": 44640,
                                                            "Workers": [
                                                                {
                                                                    "Worker Number": 0,
                                                                    "Actual Startup Time": 100.877,
                                                                    "Actual Total Time": 100.878,
                                                                    "Actual Rows": 102093,
                                                                    "Actual Loops": 1
                                                                },
                                                                {
                                                                    "Worker Number": 1,
                                                                    "Actual Startup Time": 100.93,
                                                                    "Actual Total Time": 100.932,
                                                                    "Actual Rows": 126332,
                                                                    "Actual Loops": 1
                                                                },
                                                                {
                                                                    "Worker Number": 2,
                                                                    "Actual Startup Time": 103.663,
                                                                    "Actual Total Time": 103.665,
                                                                    "Actual Rows": 117146,
                                                                    "Actual Loops": 1
                                                                },
                                                                {
                                                                    "Worker Number": 3,
                                                                    "Actual Startup Time": 103.394,
                                                                    "Actual Total Time": 103.395,
                                                                    "Actual Rows": 119053,
                                                                    "Actual Loops": 1
                                                                },
                                                                {
                                                                    "Worker Number": 4,
                                                                    "Actual Startup Time": 104.393,
                                                                    "Actual Total Time": 104.394,
                                                                    "Actual Rows": 123490,
                                                                    "Actual Loops": 1
                                                                },
                                                                {
                                                                    "Worker Number": 5,
                                                                    "Actual Startup Time": 104.47,
                                                                    "Actual Total Time": 104.471,
                                                                    "Actual Rows": 116969,
                                                                    "Actual Loops": 1
                                                                }
                                                            ],
                                                            "Plans": [
                                                                {
                                                                    "Node Type": "Seq Scan",
                                                                    "Parent Relationship": "Outer",
                                                                    "Parallel Aware": true,
                                                                    "Relation Name": "movie_companies",
                                                                    "Schema": "public",
                                                                    "Alias": "mc",
                                                                    "Startup Cost": 0.0,
                                                                    "Total Cost": 31414.82,
                                                                    "Plan Rows": 218250,
                                                                    "Plan Width": 4,
                                                                    "Actual Startup Time": 0.064,
                                                                    "Actual Total Time": 52.652,
                                                                    "Actual Rows": 132839,
                                                                    "Actual Loops": 7,
                                                                    "Output": [
                                                                        "mc.movie_id"
                                                                    ],
                                                                    "Filter": "((mc.company_id < 11849) AND (mc.company_type_id = 1))",
                                                                    "Rows Removed by Filter": 239893,
                                                                    "Workers": [
                                                                        {
                                                                            "Worker Number": 0,
                                                                            "Actual Startup Time": 0.079,
                                                                            "Actual Total Time": 54.263,
                                                                            "Actual Rows": 102093,
                                                                            "Actual Loops": 1
                                                                        },
                                                                        {
                                                                            "Worker Number": 1,
                                                                            "Actual Startup Time": 0.077,
                                                                            "Actual Total Time": 53.605,
                                                                            "Actual Rows": 126332,
                                                                            "Actual Loops": 1
                                                                        },
                                                                        {
                                                                            "Worker Number": 2,
                                                                            "Actual Startup Time": 0.071,
                                                                            "Actual Total Time": 53.452,
                                                                            "Actual Rows": 117146,
                                                                            "Actual Loops": 1
                                                                        },
                                                                        {
                                                                            "Worker Number": 3,
                                                                            "Actual Startup Time": 0.058,
                                                                            "Actual Total Time": 51.669,
                                                                            "Actual Rows": 119053,
                                                                            "Actual Loops": 1
                                                                        },
                                                                        {
                                                                            "Worker Number": 4,
                                                                            "Actual Startup Time": 0.071,
                                                                            "Actual Total Time": 52.969,
                                                                            "Actual Rows": 123490,
                                                                            "Actual Loops": 1
                                                                        },
                                                                        {
                                                                            "Worker Number": 5,
                                                                            "Actual Startup Time": 0.081,
                                                                            "Actual Total Time": 53.484,
                                                                            "Actual Rows": 116969,
                                                                            "Actual Loops": 1
                                                                        }
                                                                    ]
                                                                }
                                                            ]
                                                        }
                                                    ]
                                                }
                                            ]
                                        }
                                    ]
                                }
                            ]
                        }
                    ]
                }
            ]
        },
        "Planning Time": 180.983,
        "Triggers": [],
        "Execution Time": 2603.316
    }
]