[
    {
        "Bao": {
            "Bao prediction": "NaN",
            "Bao recommended hint": "(no hint)"
        }
    },
    {
        "Plan": {
            "Node Type": "Aggregate",
            "Strategy": "Plain",
            "Partial Mode": "Finalize",
            "Parallel Aware": false,
            "Startup Cost": 335052.09,
            "Total Cost": 335052.1,
            "Plan Rows": 1,
            "Plan Width": 8,
            "Actual Startup Time": 614.925,
            "Actual Total Time": 640.265,
            "Actual Rows": 1,
            "Actual Loops": 1,
            "Output": [
                "count(*)"
            ],
            "Plans": [
                {
                    "Node Type": "Gather",
                    "Parent Relationship": "Outer",
                    "Parallel Aware": false,
                    "Startup Cost": 335051.47,
                    "Total Cost": 335052.08,
                    "Plan Rows": 6,
                    "Plan Width": 8,
                    "Actual Startup Time": 614.824,
                    "Actual Total Time": 640.257,
                    "Actual Rows": 7,
                    "Actual Loops": 1,
                    "Output": [
                        "(PARTIAL count(*))"
                    ],
                    "Workers Planned": 6,
                    "Workers Launched": 6,
                    "Single Copy": false,
                    "Plans": [
                        {
                            "Node Type": "Aggregate",
                            "Strategy": "Plain",
                            "Partial Mode": "Partial",
                            "Parent Relationship": "Outer",
                            "Parallel Aware": false,
                            "Startup Cost": 334051.47,
                            "Total Cost": 334051.48,
                            "Plan Rows": 1,
                            "Plan Width": 8,
                            "Actual Startup Time": 605.666,
                            "Actual Total Time": 605.667,
                            "Actual Rows": 1,
                            "Actual Loops": 7,
                            "Output": [
                                "PARTIAL count(*)"
                            ],
                            "Workers": [
                                {
                                    "Worker Number": 0,
                                    "Actual Startup Time": 602.809,
                                    "Actual Total Time": 602.811,
                                    "Actual Rows": 1,
                                    "Actual Loops": 1
                                },
                                {
                                    "Worker Number": 1,
                                    "Actual Startup Time": 603.075,
                                    "Actual Total Time": 603.076,
                                    "Actual Rows": 1,
                                    "Actual Loops": 1
                                },
                                {
                                    "Worker Number": 2,
                                    "Actual Startup Time": 603.401,
                                    "Actual Total Time": 603.402,
                                    "Actual Rows": 1,
                                    "Actual Loops": 1
                                },
                                {
                                    "Worker Number": 3,
                                    "Actual Startup Time": 603.585,
                                    "Actual Total Time": 603.586,
                                    "Actual Rows": 1,
                                    "Actual Loops": 1
                                },
                                {
                                    "Worker Number": 4,
                                    "Actual Startup Time": 607.714,
                                    "Actual Total Time": 607.716,
                                    "Actual Rows": 1,
                                    "Actual Loops": 1
                                },
                                {
                                    "Worker Number": 5,
                                    "Actual Startup Time": 604.638,
                                    "Actual Total Time": 604.639,
                                    "Actual Rows": 1,
                                    "Actual Loops": 1
                                }
                            ],
                            "Plans": [
                                {
                                    "Node Type": "Seq Scan",
                                    "Parent Relationship": "Outer",
                                    "Parallel Aware": true,
                                    "Relation Name": "cast_info",
                                    "Schema": "public",
                                    "Alias": "ci",
                                    "Startup Cost": 0.0,
                                    "Total Cost": 328213.62,
                                    "Plan Rows": 2335141,
                                    "Plan Width": 0,
                                    "Actual Startup Time": 220.025,
                                    "Actual Total Time": 517.19,
                                    "Actual Rows": 2012224,
                                    "Actual Loops": 7,
                                    "Output": [
                                        "id",
                                        "person_id",
                                        "movie_id",
                                        "person_role_id",
                                        "note",
                                        "nr_order",
                                        "role_id"
                                    ],
                                    "Filter": "(ci.person_id > 2257027)",
                                    "Rows Removed by Filter": 3165540,
                                    "Workers": [
                                        {
                                            "Worker Number": 0,
                                            "Actual Startup Time": 217.188,
                                            "Actual Total Time": 512.945,
                                            "Actual Rows": 1356638,
                                            "Actual Loops": 1
                                        },
                                        {
                                            "Worker Number": 1,
                                            "Actual Startup Time": 217.435,
                                            "Actual Total Time": 516.589,
                                            "Actual Rows": 2032261,
                                            "Actual Loops": 1
                                        },
                                        {
                                            "Worker Number": 2,
                                            "Actual Startup Time": 217.752,
                                            "Actual Total Time": 516.583,
                                            "Actual Rows": 2038235,
                                            "Actual Loops": 1
                                        },
                                        {
                                            "Worker Number": 3,
                                            "Actual Startup Time": 217.932,
                                            "Actual Total Time": 521.402,
                                            "Actual Rows": 2004594,
                                            "Actual Loops": 1
                                        },
                                        {
                                            "Worker Number": 4,
                                            "Actual Startup Time": 222.084,
                                            "Actual Total Time": 521.063,
                                            "Actual Rows": 2035520,
                                            "Actual Loops": 1
                                        },
                                        {
                                            "Worker Number": 5,
                                            "Actual Startup Time": 218.987,
                                            "Actual Total Time": 517.708,
                                            "Actual Rows": 2044239,
                                            "Actual Loops": 1
                                        }
                                    ]
                                }
                            ]
                        }
                    ]
                }
            ]
        },
        "Planning Time": 191.217,
        "Triggers": [],
        "Execution Time": 640.313
    }
]