[
    {
        "Bao": {
            "Bao prediction": "NaN",
            "Bao recommended hint": "(no hint)"
        }
    },
    {
        "Plan": {
            "Node Type": "Aggregate",
            "Strategy": "Plain",
            "Partial Mode": "Finalize",
            "Parallel Aware": false,
            "Startup Cost": 227294.16,
            "Total Cost": 227294.17,
            "Plan Rows": 1,
            "Plan Width": 8,
            "Actual Startup Time": 403.136,
            "Actual Total Time": 415.758,
            "Actual Rows": 1,
            "Actual Loops": 1,
            "Output": [
                "count(*)"
            ],
            "Plans": [
                {
                    "Node Type": "Gather",
                    "Parent Relationship": "Outer",
                    "Parallel Aware": false,
                    "Startup Cost": 227293.54,
                    "Total Cost": 227294.15,
                    "Plan Rows": 6,
                    "Plan Width": 8,
                    "Actual Startup Time": 403.031,
                    "Actual Total Time": 415.749,
                    "Actual Rows": 7,
                    "Actual Loops": 1,
                    "Output": [
                        "(PARTIAL count(*))"
                    ],
                    "Workers Planned": 6,
                    "Workers Launched": 6,
                    "Single Copy": false,
                    "Plans": [
                        {
                            "Node Type": "Aggregate",
                            "Strategy": "Plain",
                            "Partial Mode": "Partial",
                            "Parent Relationship": "Outer",
                            "Parallel Aware": false,
                            "Startup Cost": 226293.54,
                            "Total Cost": 226293.55,
                            "Plan Rows": 1,
                            "Plan Width": 8,
                            "Actual Startup Time": 392.929,
                            "Actual Total Time": 392.93,
                            "Actual Rows": 1,
                            "Actual Loops": 7,
                            "Output": [
                                "PARTIAL count(*)"
                            ],
                            "Workers": [
                                {
                                    "Worker Number": 0,
                                    "Actual Startup Time": 390.511,
                                    "Actual Total Time": 390.513,
                                    "Actual Rows": 1,
                                    "Actual Loops": 1
                                },
                                {
                                    "Worker Number": 1,
                                    "Actual Startup Time": 390.904,
                                    "Actual Total Time": 390.906,
                                    "Actual Rows": 1,
                                    "Actual Loops": 1
                                },
                                {
                                    "Worker Number": 2,
                                    "Actual Startup Time": 391.211,
                                    "Actual Total Time": 391.212,
                                    "Actual Rows": 1,
                                    "Actual Loops": 1
                                },
                                {
                                    "Worker Number": 3,
                                    "Actual Startup Time": 391.37,
                                    "Actual Total Time": 391.372,
                                    "Actual Rows": 1,
                                    "Actual Loops": 1
                                },
                                {
                                    "Worker Number": 4,
                                    "Actual Startup Time": 391.71,
                                    "Actual Total Time": 391.711,
                                    "Actual Rows": 1,
                                    "Actual Loops": 1
                                },
                                {
                                    "Worker Number": 5,
                                    "Actual Startup Time": 392.18,
                                    "Actual Total Time": 392.181,
                                    "Actual Rows": 1,
                                    "Actual Loops": 1
                                }
                            ],
                            "Plans": [
                                {
                                    "Node Type": "Index Only Scan",
                                    "Parent Relationship": "Outer",
                                    "Parallel Aware": true,
                                    "Scan Direction": "Forward",
                                    "Index Name": "role_id_cast_info",
                                    "Relation Name": "cast_info",
                                    "Schema": "public",
                                    "Alias": "ci",
                                    "Startup Cost": 0.56,
                                    "Total Cost": 222783.06,
                                    "Plan Rows": 1404191,
                                    "Plan Width": 0,
                                    "Actual Startup Time": 0.213,
                                    "Actual Total Time": 325.082,
                                    "Actual Rows": 1212331,
                                    "Actual Loops": 7,
                                    "Output": [
                                        "role_id"
                                    ],
                                    "Index Cond": "(ci.role_id > 5)",
                                    "Rows Removed by Index Recheck": 0,
                                    "Heap Fetches": 8486314,
                                    "Workers": [
                                        {
                                            "Worker Number": 0,
                                            "Actual Startup Time": 0.243,
                                            "Actual Total Time": 321.119,
                                            "Actual Rows": 953952,
                                            "Actual Loops": 1
                                        },
                                        {
                                            "Worker Number": 1,
                                            "Actual Startup Time": 0.251,
                                            "Actual Total Time": 321.276,
                                            "Actual Rows": 949945,
                                            "Actual Loops": 1
                                        },
                                        {
                                            "Worker Number": 2,
                                            "Actual Startup Time": 0.325,
                                            "Actual Total Time": 321.334,
                                            "Actual Rows": 958267,
                                            "Actual Loops": 1
                                        },
                                        {
                                            "Worker Number": 3,
                                            "Actual Startup Time": 0.191,
                                            "Actual Total Time": 327.21,
                                            "Actual Rows": 1394795,
                                            "Actual Loops": 1
                                        },
                                        {
                                            "Worker Number": 4,
                                            "Actual Startup Time": 0.217,
                                            "Actual Total Time": 324.464,
                                            "Actual Rows": 1379841,
                                            "Actual Loops": 1
                                        },
                                        {
                                            "Worker Number": 5,
                                            "Actual Startup Time": 0.217,
                                            "Actual Total Time": 324.943,
                                            "Actual Rows": 1377022,
                                            "Actual Loops": 1
                                        }
                                    ]
                                }
                            ]
                        }
                    ]
                }
            ]
        },
        "Planning Time": 268.681,
        "Triggers": [],
        "Execution Time": 415.808
    }
]