[
  {
    "Plan": {
      "Node Type": "Aggregate",
      "Strategy": "Plain",
      "Partial Mode": "Finalize",
      "Parallel Aware": false,
      "Startup Cost": 61856.6,
      "Total Cost": 61856.61,
      "Plan Rows": 1,
      "Plan Width": 8,
      "Actual Startup Time": 235.696,
      "Actual Total Time": 251.12,
      "Actual Rows": 1,
      "Actual Loops": 1,
      "Plans": [
        {
          "Node Type": "Gather",
          "Parent Relationship": "Outer",
          "Parallel Aware": false,
          "Startup Cost": 61856.39,
          "Total Cost": 61856.6,
          "Plan Rows": 2,
          "Plan Width": 8,
          "Actual Startup Time": 234.479,
          "Actual Total Time": 251.112,
          "Actual Rows": 3,
          "Actual Loops": 1,
          "Workers Planned": 2,
          "Workers Launched": 2,
          "Single Copy": false,
          "Plans": [
            {
              "Node Type": "Aggregate",
              "Strategy": "Plain",
              "Partial Mode": "Partial",
              "Parent Relationship": "Outer",
              "Parallel Aware": false,
              "Startup Cost": 60856.39,
              "Total Cost": 60856.4,
              "Plan Rows": 1,
              "Plan Width": 8,
              "Actual Startup Time": 229.618,
              "Actual Total Time": 229.622,
              "Actual Rows": 1,
              "Actual Loops": 3,
              "Plans": [
                {
                  "Node Type": "Hash Join",
                  "Parent Relationship": "Outer",
                  "Parallel Aware": true,
                  "Join Type": "Inner",
                  "Startup Cost": 45633.77,
                  "Total Cost": 60828.33,
                  "Plan Rows": 11221,
                  "Plan Width": 0,
                  "Actual Startup Time": 160.797,
                  "Actual Total Time": 228.77,
                  "Actual Rows": 16217,
                  "Actual Loops": 3,
                  "Inner Unique": true,
                  "Hash Cond": "(mi_idx.movie_id = t.id)",
                  "Plans": [
                    {
                      "Node Type": "Seq Scan",
                      "Parent Relationship": "Outer",
                      "Parallel Aware": true,
                      "Relation Name": "movie_info_idx",
                      "Alias": "mi_idx",
                      "Startup Cost": 0.0,
                      "Total Cost": 13685.15,
                      "Plan Rows": 575015,
                      "Plan Width": 4,
                      "Actual Startup Time": 0.01,
                      "Actual Total Time": 42.118,
                      "Actual Rows": 460012,
                      "Actual Loops": 3
                    },
                    {
                      "Node Type": "Hash",
                      "Parent Relationship": "Inner",
                      "Parallel Aware": true,
                      "Startup Cost": 45479.59,
                      "Total Cost": 45479.59,
                      "Plan Rows": 12335,
                      "Plan Width": 4,
                      "Actual Startup Time": 136.567,
                      "Actual Total Time": 136.568,
                      "Actual Rows": 45299,
                      "Actual Loops": 3,
                      "Hash Buckets": 262144,
                      "Original Hash Buckets": 65536,
                      "Hash Batches": 1,
                      "Original Hash Batches": 1,
                      "Peak Memory Usage": 8960,
                      "Plans": [
                        {
                          "Node Type": "Seq Scan",
                          "Parent Relationship": "Outer",
                          "Parallel Aware": true,
                          "Relation Name": "title",
                          "Alias": "t",
                          "Startup Cost": 0.0,
                          "Total Cost": 45479.59,
                          "Plan Rows": 12335,
                          "Plan Width": 4,
                          "Actual Startup Time": 17.104,
                          "Actual Total Time": 116.126,
                          "Actual Rows": 45299,
                          "Actual Loops": 3,
                          "Filter": "((kind_id < 7) AND (production_year < 1938))",
                          "Rows Removed by Filter": 797472
                        }
                      ]
                    }
                  ]
                }
              ]
            }
          ]
        }
      ]
    },
    "Planning Time": 0.314,
    "Triggers": [],
    "Execution Time": 251.161
  }
]