{
  "Plan": {
    "Node Type": "Aggregate",
    "Strategy": "Plain",
    "Partial Mode": "Finalize",
    "Parallel Aware": false,
    "Startup Cost": 268570.95,
    "Total Cost": 268570.96,
    "Plan Rows": 1,
    "Plan Width": 8,
    "Actual Startup Time": 801.981,
    "Actual Total Time": 824.199,
    "Actual Rows": 1,
    "Actual Loops": 1,
    "Plans": [
      {
        "Node Type": "Gather",
        "Parent Relationship": "Outer",
        "Parallel Aware": false,
        "Startup Cost": 268570.83,
        "Total Cost": 268570.94,
        "Plan Rows": 1,
        "Plan Width": 8,
        "Actual Startup Time": 797.544,
        "Actual Total Time": 824.191,
        "Actual Rows": 2,
        "Actual Loops": 1,
        "Workers Planned": 1,
        "Workers Launched": 1,
        "Single Copy": false,
        "Plans": [
          {
            "Node Type": "Aggregate",
            "Strategy": "Plain",
            "Partial Mode": "Partial",
            "Parent Relationship": "Outer",
            "Parallel Aware": false,
            "Startup Cost": 267570.83,
            "Total Cost": 267570.84,
            "Plan Rows": 1,
            "Plan Width": 8,
            "Actual Startup Time": 782.965,
            "Actual Total Time": 782.972,
            "Actual Rows": 1,
            "Actual Loops": 2,
            "Plans": [
              {
                "Node Type": "Hash Join",
                "Parent Relationship": "Outer",
                "Parallel Aware": true,
                "Join Type": "Inner",
                "Startup Cost": 247094.63,
                "Total Cost": 267461.51,
                "Plan Rows": 43729,
                "Plan Width": 0,
                "Actual Startup Time": 659.955,
                "Actual Total Time": 775.212,
                "Actual Rows": 195420,
                "Actual Loops": 2,
                "Inner Unique": false,
                "Hash Cond": "(mi_idx.movie_id = t.id)",
                "Plans": [
                  {
                    "Node Type": "Seq Scan",
                    "Parent Relationship": "Outer",
                    "Parallel Aware": true,
                    "Relation Name": "movie_info_idx",
                    "Alias": "mi_idx",
                    "Startup Cost": 0.0,
                    "Total Cost": 18082.32,
                    "Plan Rows": 540622,
                    "Plan Width": 4,
                    "Actual Startup Time": 0.024,
                    "Actual Total Time": 60.08,
                    "Actual Rows": 459925,
                    "Actual Loops": 2,
                    "Filter": "(info_type_id < 101)",
                    "Rows Removed by Filter": 230092
                  },
                  {
                    "Node Type": "Hash",
                    "Parent Relationship": "Inner",
                    "Parallel Aware": true,
                    "Startup Cost": 245590.91,
                    "Total Cost": 245590.91,
                    "Plan Rows": 120298,
                    "Plan Width": 8,
                    "Actual Startup Time": 655.178,
                    "Actual Total Time": 655.183,
                    "Actual Rows": 98877,
                    "Actual Loops": 2,
                    "Hash Buckets": 262144,
                    "Original Hash Buckets": 262144,
                    "Hash Batches": 1,
                    "Original Hash Batches": 1,
                    "Peak Memory Usage": 9792,
                    "Plans": [
                      {
                        "Node Type": "Hash Join",
                        "Parent Relationship": "Outer",
                        "Parallel Aware": true,
                        "Join Type": "Inner",
                        "Startup Cost": 73166.06,
                        "Total Cost": 245590.91,
                        "Plan Rows": 120298,
                        "Plan Width": 8,
                        "Actual Startup Time": 594.757,
                        "Actual Total Time": 634.342,
                        "Actual Rows": 98877,
                        "Actual Loops": 2,
                        "Inner Unique": true,
                        "Hash Cond": "(mi.movie_id = t.id)",
                        "Plans": [
                          {
                            "Node Type": "Bitmap Heap Scan",
                            "Parent Relationship": "Outer",
                            "Parallel Aware": true,
                            "Relation Name": "movie_info",
                            "Alias": "mi",
                            "Startup Cost": 3705.36,
                            "Total Cost": 175814.43,
                            "Plan Rows": 120298,
                            "Plan Width": 4,
                            "Actual Startup Time": 6.827,
                            "Actual Total Time": 24.322,
                            "Actual Rows": 98877,
                            "Actual Loops": 2,
                            "Recheck Cond": "(info_type_id > 106)",
                            "Rows Removed by Index Recheck": 0,
                            "Exact Heap Blocks": 2644,
                            "Lossy Heap Blocks": 0,
                            "Plans": [
                              {
                                "Node Type": "Bitmap Index Scan",
                                "Parent Relationship": "Outer",
                                "Parallel Aware": false,
                                "Index Name": "info_type_id_movie_info",
                                "Startup Cost": 0.0,
                                "Total Cost": 3654.24,
                                "Plan Rows": 204507,
                                "Plan Width": 0,
                                "Actual Startup Time": 6.099,
                                "Actual Total Time": 6.099,
                                "Actual Rows": 197754,
                                "Actual Loops": 1,
                                "Index Cond": "(info_type_id > 106)"
                              }
                            ]
                          },
                          {
                            "Node Type": "Hash",
                            "Parent Relationship": "Inner",
                            "Parallel Aware": true,
                            "Startup Cost": 50870.31,
                            "Total Cost": 50870.31,
                            "Plan Rows": 1487231,
                            "Plan Width": 4,
                            "Actual Startup Time": 567.803,
                            "Actual Total Time": 567.804,
                            "Actual Rows": 1264156,
                            "Actual Loops": 2,
                            "Hash Buckets": 4194304,
                            "Original Hash Buckets": 4194304,
                            "Hash Batches": 1,
                            "Original Hash Batches": 1,
                            "Peak Memory Usage": 131712,
                            "Plans": [
                              {
                                "Node Type": "Seq Scan",
                                "Parent Relationship": "Outer",
                                "Parallel Aware": true,
                                "Relation Name": "title",
                                "Alias": "t",
                                "Startup Cost": 0.0,
                                "Total Cost": 50870.31,
                                "Plan Rows": 1487231,
                                "Plan Width": 4,
                                "Actual Startup Time": 0.037,
                                "Actual Total Time": 162.374,
                                "Actual Rows": 1264156,
                                "Actual Loops": 2
                              }
                            ]
                          }
                        ]
                      }
                    ]
                  }
                ]
              }
            ]
          }
        ]
      }
    ]
  },
  "Planning Time": 0.895,
  "Triggers": [],
  "Execution Time": 824.301
}