[
  {
    "Plan": {
      "Node Type": "Aggregate",
      "Strategy": "Plain",
      "Partial Mode": "Finalize",
      "Parallel Aware": false,
      "Startup Cost": 312156.47,
      "Total Cost": 312156.48,
      "Plan Rows": 1,
      "Plan Width": 8,
      "Actual Startup Time": 226.166,
      "Actual Total Time": 239.975,
      "Actual Rows": 1,
      "Actual Loops": 1,
      "Plans": [
        {
          "Node Type": "Gather",
          "Parent Relationship": "Outer",
          "Parallel Aware": false,
          "Startup Cost": 312155.84,
          "Total Cost": 312156.45,
          "Plan Rows": 6,
          "Plan Width": 8,
          "Actual Startup Time": 224.881,
          "Actual Total Time": 239.962,
          "Actual Rows": 7,
          "Actual Loops": 1,
          "Workers Planned": 6,
          "Workers Launched": 6,
          "Single Copy": false,
          "Plans": [
            {
              "Node Type": "Aggregate",
              "Strategy": "Plain",
              "Partial Mode": "Partial",
              "Parent Relationship": "Outer",
              "Parallel Aware": false,
              "Startup Cost": 311155.84,
              "Total Cost": 311155.85,
              "Plan Rows": 1,
              "Plan Width": 8,
              "Actual Startup Time": 217.678,
              "Actual Total Time": 217.68,
              "Actual Rows": 1,
              "Actual Loops": 7,
              "Plans": [
                {
                  "Node Type": "Bitmap Heap Scan",
                  "Parent Relationship": "Outer",
                  "Parallel Aware": true,
                  "Relation Name": "cast_info",
                  "Alias": "ci",
                  "Startup Cost": 52521.46,
                  "Total Cost": 310164.61,
                  "Plan Rows": 396492,
                  "Plan Width": 0,
                  "Actual Startup Time": 91.254,
                  "Actual Total Time": 199.652,
                  "Actual Rows": 329965,
                  "Actual Loops": 7,
                  "Recheck Cond": "(person_id > 3611068)",
                  "Rows Removed by Index Recheck": 0,
                  "Exact Heap Blocks": 8145,
                  "Lossy Heap Blocks": 0,
                  "Plans": [
                    {
                      "Node Type": "Bitmap Index Scan",
                      "Parent Relationship": "Outer",
                      "Parallel Aware": false,
                      "Index Name": "person_id_cast_info",
                      "Startup Cost": 0.0,
                      "Total Cost": 51926.72,
                      "Plan Rows": 2378954,
                      "Plan Width": 0,
                      "Actual Startup Time": 91.912,
                      "Actual Total Time": 91.913,
                      "Actual Rows": 2309755,
                      "Actual Loops": 1,
                      "Index Cond": "(person_id > 3611068)"
                    }
                  ]
                }
              ]
            }
          ]
        }
      ]
    },
    "Planning Time": 0.193,
    "Triggers": [],
    "Execution Time": 240.05
  }
]