[
  {
    "Plan": {
      "Node Type": "Aggregate",
      "Strategy": "Plain",
      "Partial Mode": "Finalize",
      "Parallel Aware": false,
      "Startup Cost": 23739.18,
      "Total Cost": 23739.19,
      "Plan Rows": 1,
      "Plan Width": 8,
      "Actual Startup Time": 19.051,
      "Actual Total Time": 23.945,
      "Actual Rows": 1,
      "Actual Loops": 1,
      "Plans": [
        {
          "Node Type": "Gather",
          "Parent Relationship": "Outer",
          "Parallel Aware": false,
          "Startup Cost": 23738.96,
          "Total Cost": 23739.17,
          "Plan Rows": 2,
          "Plan Width": 8,
          "Actual Startup Time": 18.958,
          "Actual Total Time": 23.939,
          "Actual Rows": 3,
          "Actual Loops": 1,
          "Workers Planned": 2,
          "Workers Launched": 2,
          "Single Copy": false,
          "Plans": [
            {
              "Node Type": "Aggregate",
              "Strategy": "Plain",
              "Partial Mode": "Partial",
              "Parent Relationship": "Outer",
              "Parallel Aware": false,
              "Startup Cost": 22738.96,
              "Total Cost": 22738.97,
              "Plan Rows": 1,
              "Plan Width": 8,
              "Actual Startup Time": 15.981,
              "Actual Total Time": 15.983,
              "Actual Rows": 1,
              "Actual Loops": 3,
              "Plans": [
                {
                  "Node Type": "Nested Loop",
                  "Parent Relationship": "Outer",
                  "Parallel Aware": false,
                  "Join Type": "Inner",
                  "Startup Cost": 87.25,
                  "Total Cost": 22737.68,
                  "Plan Rows": 513,
                  "Plan Width": 0,
                  "Actual Startup Time": 2.067,
                  "Actual Total Time": 15.902,
                  "Actual Rows": 657,
                  "Actual Loops": 3,
                  "Inner Unique": true,
                  "Plans": [
                    {
                      "Node Type": "Bitmap Heap Scan",
                      "Parent Relationship": "Outer",
                      "Parallel Aware": true,
                      "Relation Name": "movie_keyword",
                      "Alias": "mk",
                      "Startup Cost": 86.82,
                      "Total Cost": 10431.52,
                      "Plan Rows": 1634,
                      "Plan Width": 4,
                      "Actual Startup Time": 0.672,
                      "Actual Total Time": 5.092,
                      "Actual Rows": 1353,
                      "Actual Loops": 3,
                      "Recheck Cond": "(keyword_id = 648)",
                      "Rows Removed by Index Recheck": 0,
                      "Exact Heap Blocks": 2022,
                      "Lossy Heap Blocks": 0,
                      "Plans": [
                        {
                          "Node Type": "Bitmap Index Scan",
                          "Parent Relationship": "Outer",
                          "Parallel Aware": false,
                          "Index Name": "keyword_id_movie_keyword",
                          "Startup Cost": 0.0,
                          "Total Cost": 85.84,
                          "Plan Rows": 3921,
                          "Plan Width": 0,
                          "Actual Startup Time": 1.45,
                          "Actual Total Time": 1.45,
                          "Actual Rows": 4059,
                          "Actual Loops": 1,
                          "Index Cond": "(keyword_id = 648)"
                        }
                      ]
                    },
                    {
                      "Node Type": "Index Scan",
                      "Parent Relationship": "Inner",
                      "Parallel Aware": false,
                      "Scan Direction": "Forward",
                      "Index Name": "title_pkey",
                      "Relation Name": "title",
                      "Alias": "t",
                      "Startup Cost": 0.43,
                      "Total Cost": 7.53,
                      "Plan Rows": 1,
                      "Plan Width": 4,
                      "Actual Startup Time": 0.008,
                      "Actual Total Time": 0.008,
                      "Actual Rows": 0,
                      "Actual Loops": 4059,
                      "Index Cond": "(id = mk.movie_id)",
                      "Rows Removed by Index Recheck": 0,
                      "Filter": "((kind_id < 7) AND (production_year > 1974))",
                      "Rows Removed by Filter": 1
                    }
                  ]
                }
              ]
            }
          ]
        }
      ]
    },
    "Planning Time": 0.458,
    "Triggers": [],
    "Execution Time": 24.02
  }
]