[
  {
    "Plan": {
      "Node Type": "Aggregate",
      "Strategy": "Plain",
      "Partial Mode": "Finalize",
      "Parallel Aware": false,
      "Startup Cost": 137899.15,
      "Total Cost": 137899.16,
      "Plan Rows": 1,
      "Plan Width": 8,
      "Actual Startup Time": 587.785,
      "Actual Total Time": 634.436,
      "Actual Rows": 1,
      "Actual Loops": 1,
      "Plans": [
        {
          "Node Type": "Gather",
          "Parent Relationship": "Outer",
          "Parallel Aware": false,
          "Startup Cost": 137898.73,
          "Total Cost": 137899.14,
          "Plan Rows": 4,
          "Plan Width": 8,
          "Actual Startup Time": 586.154,
          "Actual Total Time": 634.404,
          "Actual Rows": 5,
          "Actual Loops": 1,
          "Workers Planned": 4,
          "Workers Launched": 4,
          "Single Copy": false,
          "Plans": [
            {
              "Node Type": "Aggregate",
              "Strategy": "Plain",
              "Partial Mode": "Partial",
              "Parent Relationship": "Outer",
              "Parallel Aware": false,
              "Startup Cost": 136898.73,
              "Total Cost": 136898.74,
              "Plan Rows": 1,
              "Plan Width": 8,
              "Actual Startup Time": 575.51,
              "Actual Total Time": 575.514,
              "Actual Rows": 1,
              "Actual Loops": 5,
              "Plans": [
                {
                  "Node Type": "Nested Loop",
                  "Parent Relationship": "Outer",
                  "Parallel Aware": false,
                  "Join Type": "Inner",
                  "Startup Cost": 27138.7,
                  "Total Cost": 136542.52,
                  "Plan Rows": 142482,
                  "Plan Width": 0,
                  "Actual Startup Time": 103.933,
                  "Actual Total Time": 561.274,
                  "Actual Rows": 265046,
                  "Actual Loops": 5,
                  "Inner Unique": false,
                  "Plans": [
                    {
                      "Node Type": "Hash Join",
                      "Parent Relationship": "Outer",
                      "Parallel Aware": true,
                      "Join Type": "Inner",
                      "Startup Cost": 27138.27,
                      "Total Cost": 73793.18,
                      "Plan Rows": 24367,
                      "Plan Width": 8,
                      "Actual Startup Time": 103.857,
                      "Actual Total Time": 237.864,
                      "Actual Rows": 29941,
                      "Actual Loops": 5,
                      "Inner Unique": false,
                      "Hash Cond": "(t.id = mc.movie_id)",
                      "Plans": [
                        {
                          "Node Type": "Seq Scan",
                          "Parent Relationship": "Outer",
                          "Parallel Aware": true,
                          "Relation Name": "title",
                          "Alias": "t",
                          "Startup Cost": 0.0,
                          "Total Cost": 45479.1,
                          "Plan Rows": 219443,
                          "Plan Width": 4,
                          "Actual Startup Time": 0.014,
                          "Actual Total Time": 78.318,
                          "Actual Rows": 160467,
                          "Actual Loops": 5,
                          "Filter": "((kind_id > 2) AND (production_year < 2004))",
                          "Rows Removed by Filter": 345195
                        },
                        {
                          "Node Type": "Hash",
                          "Parent Relationship": "Inner",
                          "Parallel Aware": true,
                          "Startup Cost": 26006.23,
                          "Total Cost": 26006.23,
                          "Plan Rows": 90563,
                          "Plan Width": 4,
                          "Actual Startup Time": 101.06,
                          "Actual Total Time": 101.061,
                          "Actual Rows": 55776,
                          "Actual Loops": 5,
                          "Hash Buckets": 524288,
                          "Original Hash Buckets": 524288,
                          "Hash Batches": 1,
                          "Original Hash Batches": 1,
                          "Peak Memory Usage": 15104,
                          "Plans": [
                            {
                              "Node Type": "Bitmap Heap Scan",
                              "Parent Relationship": "Outer",
                              "Parallel Aware": true,
                              "Relation Name": "movie_companies",
                              "Alias": "mc",
                              "Startup Cost": 6084.2,
                              "Total Cost": 26006.23,
                              "Plan Rows": 90563,
                              "Plan Width": 4,
                              "Actual Startup Time": 29.164,
                              "Actual Total Time": 74.226,
                              "Actual Rows": 55776,
                              "Actual Loops": 5,
                              "Recheck Cond": "(company_id < 150)",
                              "Rows Removed by Index Recheck": 0,
                              "Exact Heap Blocks": 5467,
                              "Lossy Heap Blocks": 0,
                              "Plans": [
                                {
                                  "Node Type": "Bitmap Index Scan",
                                  "Parent Relationship": "Outer",
                                  "Parallel Aware": false,
                                  "Index Name": "company_id_movie_companies",
                                  "Startup Cost": 0.0,
                                  "Total Cost": 6014.01,
                                  "Plan Rows": 280744,
                                  "Plan Width": 0,
                                  "Actual Startup Time": 25.172,
                                  "Actual Total Time": 25.173,
                                  "Actual Rows": 278880,
                                  "Actual Loops": 1,
                                  "Index Cond": "(company_id < 150)"
                                }
                              ]
                            }
                          ]
                        }
                      ]
                    },
                    {
                      "Node Type": "Index Only Scan",
                      "Parent Relationship": "Inner",
                      "Parallel Aware": false,
                      "Scan Direction": "Forward",
                      "Index Name": "movie_id_movie_info",
                      "Relation Name": "movie_info",
                      "Alias": "mi",
                      "Startup Cost": 0.43,
                      "Total Cost": 2.16,
                      "Plan Rows": 42,
                      "Plan Width": 4,
                      "Actual Startup Time": 0.004,
                      "Actual Total Time": 0.01,
                      "Actual Rows": 9,
                      "Actual Loops": 149703,
                      "Index Cond": "(movie_id = t.id)",
                      "Rows Removed by Index Recheck": 0,
                      "Heap Fetches": 1325232
                    }
                  ]
                }
              ]
            }
          ]
        }
      ]
    },
    "Planning Time": 1.476,
    "Triggers": [],
    "Execution Time": 634.558
  }
]