[
  {
    "Plan": {
      "Node Type": "Aggregate",
      "Strategy": "Plain",
      "Partial Mode": "Finalize",
      "Parallel Aware": false,
      "Startup Cost": 249139.59,
      "Total Cost": 249139.6,
      "Plan Rows": 1,
      "Plan Width": 8,
      "Actual Startup Time": 603.743,
      "Actual Total Time": 633.186,
      "Actual Rows": 1,
      "Actual Loops": 1,
      "Plans": [
        {
          "Node Type": "Gather",
          "Parent Relationship": "Outer",
          "Parallel Aware": false,
          "Startup Cost": 249139.07,
          "Total Cost": 249139.58,
          "Plan Rows": 5,
          "Plan Width": 8,
          "Actual Startup Time": 601.753,
          "Actual Total Time": 633.168,
          "Actual Rows": 6,
          "Actual Loops": 1,
          "Workers Planned": 5,
          "Workers Launched": 5,
          "Single Copy": false,
          "Plans": [
            {
              "Node Type": "Aggregate",
              "Strategy": "Plain",
              "Partial Mode": "Partial",
              "Parent Relationship": "Outer",
              "Parallel Aware": false,
              "Startup Cost": 248139.07,
              "Total Cost": 248139.08,
              "Plan Rows": 1,
              "Plan Width": 8,
              "Actual Startup Time": 595.269,
              "Actual Total Time": 595.328,
              "Actual Rows": 1,
              "Actual Loops": 6,
              "Plans": [
                {
                  "Node Type": "Hash Join",
                  "Parent Relationship": "Outer",
                  "Parallel Aware": true,
                  "Join Type": "Inner",
                  "Startup Cost": 45975.22,
                  "Total Cost": 247966.81,
                  "Plan Rows": 68902,
                  "Plan Width": 0,
                  "Actual Startup Time": 113.869,
                  "Actual Total Time": 585.212,
                  "Actual Rows": 210265,
                  "Actual Loops": 6,
                  "Inner Unique": true,
                  "Hash Cond": "(mi.movie_id = t.id)",
                  "Plans": [
                    {
                      "Node Type": "Seq Scan",
                      "Parent Relationship": "Outer",
                      "Parallel Aware": true,
                      "Relation Name": "movie_info",
                      "Alias": "mi",
                      "Startup Cost": 0.0,
                      "Total Cost": 199108.24,
                      "Plan Rows": 1098417,
                      "Plan Width": 4,
                      "Actual Startup Time": 0.038,
                      "Actual Total Time": 337.374,
                      "Actual Rows": 901753,
                      "Actual Loops": 6,
                      "Filter": "(info_type_id < 6)",
                      "Rows Removed by Filter": 1570867
                    },
                    {
                      "Node Type": "Hash",
                      "Parent Relationship": "Inner",
                      "Parallel Aware": true,
                      "Startup Cost": 45479.59,
                      "Total Cost": 45479.59,
                      "Plan Rows": 39651,
                      "Plan Width": 4,
                      "Actual Startup Time": 100.13,
                      "Actual Total Time": 100.131,
                      "Actual Rows": 50181,
                      "Actual Loops": 6,
                      "Hash Buckets": 524288,
                      "Original Hash Buckets": 262144,
                      "Hash Batches": 1,
                      "Original Hash Batches": 1,
                      "Peak Memory Usage": 18048,
                      "Plans": [
                        {
                          "Node Type": "Seq Scan",
                          "Parent Relationship": "Outer",
                          "Parallel Aware": true,
                          "Relation Name": "title",
                          "Alias": "t",
                          "Startup Cost": 0.0,
                          "Total Cost": 45479.59,
                          "Plan Rows": 39651,
                          "Plan Width": 4,
                          "Actual Startup Time": 43.006,
                          "Actual Total Time": 74.593,
                          "Actual Rows": 50181,
                          "Actual Loops": 6,
                          "Filter": "((production_year < 1987) AND (kind_id = 1))",
                          "Rows Removed by Filter": 371205
                        }
                      ]
                    }
                  ]
                }
              ]
            }
          ]
        }
      ]
    },
    "Planning Time": 0.408,
    "Triggers": [],
    "Execution Time": 633.235
  }
]