[
    {
        "Bao": {
            "Bao prediction": "NaN",
            "Bao recommended hint": "(no hint)"
        }
    },
    {
        "Plan": {
            "Node Type": "Aggregate",
            "Strategy": "Plain",
            "Partial Mode": "Finalize",
            "Parallel Aware": false,
            "Startup Cost": 273041.71,
            "Total Cost": 273041.72,
            "Plan Rows": 1,
            "Plan Width": 8,
            "Actual Startup Time": 1352.433,
            "Actual Total Time": 1395.492,
            "Actual Rows": 1,
            "Actual Loops": 1,
            "Output": [
                "count(*)"
            ],
            "Plans": [
                {
                    "Node Type": "Gather",
                    "Parent Relationship": "Outer",
                    "Parallel Aware": false,
                    "Startup Cost": 273041.19,
                    "Total Cost": 273041.7,
                    "Plan Rows": 5,
                    "Plan Width": 8,
                    "Actual Startup Time": 1344.853,
                    "Actual Total Time": 1395.482,
                    "Actual Rows": 6,
                    "Actual Loops": 1,
                    "Output": [
                        "(PARTIAL count(*))"
                    ],
                    "Workers Planned": 5,
                    "Workers Launched": 5,
                    "Single Copy": false,
                    "Plans": [
                        {
                            "Node Type": "Aggregate",
                            "Strategy": "Plain",
                            "Partial Mode": "Partial",
                            "Parent Relationship": "Outer",
                            "Parallel Aware": false,
                            "Startup Cost": 272041.19,
                            "Total Cost": 272041.2,
                            "Plan Rows": 1,
                            "Plan Width": 8,
                            "Actual Startup Time": 1335.199,
                            "Actual Total Time": 1335.415,
                            "Actual Rows": 1,
                            "Actual Loops": 6,
                            "Output": [
                                "PARTIAL count(*)"
                            ],
                            "Workers": [
                                {
                                    "Worker Number": 0,
                                    "Actual Startup Time": 1332.74,
                                    "Actual Total Time": 1332.744,
                                    "Actual Rows": 1,
                                    "Actual Loops": 1
                                },
                                {
                                    "Worker Number": 1,
                                    "Actual Startup Time": 1333.19,
                                    "Actual Total Time": 1333.195,
                                    "Actual Rows": 1,
                                    "Actual Loops": 1
                                },
                                {
                                    "Worker Number": 2,
                                    "Actual Startup Time": 1333.161,
                                    "Actual Total Time": 1333.167,
                                    "Actual Rows": 1,
                                    "Actual Loops": 1
                                },
                                {
                                    "Worker Number": 3,
                                    "Actual Startup Time": 1333.154,
                                    "Actual Total Time": 1333.158,
                                    "Actual Rows": 1,
                                    "Actual Loops": 1
                                },
                                {
                                    "Worker Number": 4,
                                    "Actual Startup Time": 1334.493,
                                    "Actual Total Time": 1334.498,
                                    "Actual Rows": 1,
                                    "Actual Loops": 1
                                }
                            ],
                            "Plans": [
                                {
                                    "Node Type": "Hash Join",
                                    "Parent Relationship": "Outer",
                                    "Parallel Aware": true,
                                    "Join Type": "Inner",
                                    "Startup Cost": 65813.68,
                                    "Total Cost": 270669.44,
                                    "Plan Rows": 548698,
                                    "Plan Width": 0,
                                    "Actual Startup Time": 272.492,
                                    "Actual Total Time": 1215.444,
                                    "Actual Rows": 2441793,
                                    "Actual Loops": 6,
                                    "Inner Unique": false,
                                    "Hash Cond": "(mi.movie_id = t.id)",
                                    "Workers": [
                                        {
                                            "Worker Number": 0,
                                            "Actual Startup Time": 270.252,
                                            "Actual Total Time": 1220.239,
                                            "Actual Rows": 2816471,
                                            "Actual Loops": 1
                                        },
                                        {
                                            "Worker Number": 1,
                                            "Actual Startup Time": 270.742,
                                            "Actual Total Time": 1210.438,
                                            "Actual Rows": 1916280,
                                            "Actual Loops": 1
                                        },
                                        {
                                            "Worker Number": 2,
                                            "Actual Startup Time": 270.795,
                                            "Actual Total Time": 1212.89,
                                            "Actual Rows": 1850178,
                                            "Actual Loops": 1
                                        },
                                        {
                                            "Worker Number": 3,
                                            "Actual Startup Time": 270.602,
                                            "Actual Total Time": 1217.93,
                                            "Actual Rows": 2933683,
                                            "Actual Loops": 1
                                        },
                                        {
                                            "Worker Number": 4,
                                            "Actual Startup Time": 270.658,
                                            "Actual Total Time": 1212.26,
                                            "Actual Rows": 1901320,
                                            "Actual Loops": 1
                                        }
                                    ],
                                    "Plans": [
                                        {
                                            "Node Type": "Seq Scan",
                                            "Parent Relationship": "Outer",
                                            "Parallel Aware": true,
                                            "Relation Name": "movie_info",
                                            "Schema": "public",
                                            "Alias": "mi",
                                            "Startup Cost": 0.0,
                                            "Total Cost": 191503.19,
                                            "Plan Rows": 2951019,
                                            "Plan Width": 4,
                                            "Actual Startup Time": 0.027,
                                            "Actual Total Time": 308.579,
                                            "Actual Rows": 2472620,
                                            "Actual Loops": 6,
                                            "Output": [
                                                "mi.id",
                                                "mi.movie_id",
                                                "mi.info_type_id",
                                                "mi.info",
                                                "mi.note"
                                            ],
                                            "Workers": [
                                                {
                                                    "Worker Number": 0,
                                                    "Actual Startup Time": 0.025,
                                                    "Actual Total Time": 302.218,
                                                    "Actual Rows": 2798766,
                                                    "Actual Loops": 1
                                                },
                                                {
                                                    "Worker Number": 1,
                                                    "Actual Startup Time": 0.036,
                                                    "Actual Total Time": 328.755,
                                                    "Actual Rows": 1948076,
                                                    "Actual Loops": 1
                                                },
                                                {
                                                    "Worker Number": 2,
                                                    "Actual Startup Time": 0.029,
                                                    "Actual Total Time": 319.07,
                                                    "Actual Rows": 1870204,
                                                    "Actual Loops": 1
                                                },
                                                {
                                                    "Worker Number": 3,
                                                    "Actual Startup Time": 0.027,
                                                    "Actual Total Time": 315.2,
                                                    "Actual Rows": 2951321,
                                                    "Actual Loops": 1
                                                },
                                                {
                                                    "Worker Number": 4,
                                                    "Actual Startup Time": 0.036,
                                                    "Actual Total Time": 327.75,
                                                    "Actual Rows": 1940254,
                                                    "Actual Loops": 1
                                                }
                                            ]
                                        },
                                        {
                                            "Node Type": "Hash",
                                            "Parent Relationship": "Inner",
                                            "Parallel Aware": true,
                                            "Startup Cost": 63365.22,
                                            "Total Cost": 63365.22,
                                            "Plan Rows": 195877,
                                            "Plan Width": 8,
                                            "Actual Startup Time": 269.691,
                                            "Actual Total Time": 269.906,
                                            "Actual Rows": 137438,
                                            "Actual Loops": 6,
                                            "Output": [
                                                "t.id",
                                                "mi_idx.movie_id"
                                            ],
                                            "Hash Buckets": 1048576,
                                            "Original Hash Buckets": 524288,
                                            "Hash Batches": 1,
                                            "Original Hash Batches": 1,
                                            "Peak Memory Usage": 44640,
                                            "Workers": [
                                                {
                                                    "Worker Number": 0,
                                                    "Actual Startup Time": 268.468,
                                                    "Actual Total Time": 268.471,
                                                    "Actual Rows": 155122,
                                                    "Actual Loops": 1
                                                },
                                                {
                                                    "Worker Number": 1,
                                                    "Actual Startup Time": 268.798,
                                                    "Actual Total Time": 268.802,
                                                    "Actual Rows": 114571,
                                                    "Actual Loops": 1
                                                },
                                                {
                                                    "Worker Number": 2,
                                                    "Actual Startup Time": 268.687,
                                                    "Actual Total Time": 268.69,
                                                    "Actual Rows": 108332,
                                                    "Actual Loops": 1
                                                },
                                                {
                                                    "Worker Number": 3,
                                                    "Actual Startup Time": 268.805,
                                                    "Actual Total Time": 268.809,
                                                    "Actual Rows": 159221,
                                                    "Actual Loops": 1
                                                },
                                                {
                                                    "Worker Number": 4,
                                                    "Actual Startup Time": 268.913,
                                                    "Actual Total Time": 268.916,
                                                    "Actual Rows": 115974,
                                                    "Actual Loops": 1
                                                }
                                            ],
                                            "Plans": [
                                                {
                                                    "Node Type": "Hash Join",
                                                    "Parent Relationship": "Outer",
                                                    "Parallel Aware": true,
                                                    "Join Type": "Inner",
                                                    "Startup Cost": 48170.66,
                                                    "Total Cost": 63365.22,
                                                    "Plan Rows": 195877,
                                                    "Plan Width": 8,
                                                    "Actual Startup Time": 137.205,
                                                    "Actual Total Time": 217.866,
                                                    "Actual Rows": 137438,
                                                    "Actual Loops": 6,
                                                    "Output": [
                                                        "t.id",
                                                        "mi_idx.movie_id"
                                                    ],
                                                    "Inner Unique": true,
                                                    "Hash Cond": "(mi_idx.movie_id = t.id)",
                                                    "Workers": [
                                                        {
                                                            "Worker Number": 0,
                                                            "Actual Startup Time": 135.8,
                                                            "Actual Total Time": 216.97,
                                                            "Actual Rows": 155122,
                                                            "Actual Loops": 1
                                                        },
                                                        {
                                                            "Worker Number": 1,
                                                            "Actual Startup Time": 136.421,
                                                            "Actual Total Time": 216.87,
                                                            "Actual Rows": 114571,
                                                            "Actual Loops": 1
                                                        },
                                                        {
                                                            "Worker Number": 2,
                                                            "Actual Startup Time": 136.223,
                                                            "Actual Total Time": 217.112,
                                                            "Actual Rows": 108332,
                                                            "Actual Loops": 1
                                                        },
                                                        {
                                                            "Worker Number": 3,
                                                            "Actual Startup Time": 136.283,
                                                            "Actual Total Time": 216.77,
                                                            "Actual Rows": 159221,
                                                            "Actual Loops": 1
                                                        },
                                                        {
                                                            "Worker Number": 4,
                                                            "Actual Startup Time": 136.386,
                                                            "Actual Total Time": 216.92,
                                                            "Actual Rows": 115974,
                                                            "Actual Loops": 1
                                                        }
                                                    ],
                                                    "Plans": [
                                                        {
                                                            "Node Type": "Seq Scan",
                                                            "Parent Relationship": "Outer",
                                                            "Parallel Aware": true,
                                                            "Relation Name": "movie_info_idx",
                                                            "Schema": "public",
                                                            "Alias": "mi_idx",
                                                            "Startup Cost": 0.0,
                                                            "Total Cost": 13685.15,
                                                            "Plan Rows": 575015,
                                                            "Plan Width": 4,
                                                            "Actual Startup Time": 0.027,
                                                            "Actual Total Time": 24.44,
                                                            "Actual Rows": 230006,
                                                            "Actual Loops": 6,
                                                            "Output": [
                                                                "mi_idx.id",
                                                                "mi_idx.movie_id",
                                                                "mi_idx.info_type_id",
                                                                "mi_idx.info",
                                                                "mi_idx.note"
                                                            ],
                                                            "Workers": [
                                                                {
                                                                    "Worker Number": 0,
                                                                    "Actual Startup Time": 0.027,
                                                                    "Actual Total Time": 24.32,
                                                                    "Actual Rows": 261404,
                                                                    "Actual Loops": 1
                                                                },
                                                                {
                                                                    "Worker Number": 1,
                                                                    "Actual Startup Time": 0.031,
                                                                    "Actual Total Time": 26.108,
                                                                    "Actual Rows": 190640,
                                                                    "Actual Loops": 1
                                                                },
                                                                {
                                                                    "Worker Number": 2,
                                                                    "Actual Startup Time": 0.035,
                                                                    "Actual Total Time": 25.262,
                                                                    "Actual Rows": 176290,
                                                                    "Actual Loops": 1
                                                                },
                                                                {
                                                                    "Worker Number": 3,
                                                                    "Actual Startup Time": 0.025,
                                                                    "Actual Total Time": 24.544,
                                                                    "Actual Rows": 272362,
                                                                    "Actual Loops": 1
                                                                },
                                                                {
                                                                    "Worker Number": 4,
                                                                    "Actual Startup Time": 0.034,
                                                                    "Actual Total Time": 25.787,
                                                                    "Actual Rows": 189219,
                                                                    "Actual Loops": 1
                                                                }
                                                            ]
                                                        },
                                                        {
                                                            "Node Type": "Hash",
                                                            "Parent Relationship": "Inner",
                                                            "Parallel Aware": true,
                                                            "Startup Cost": 45479.21,
                                                            "Total Cost": 45479.21,
                                                            "Plan Rows": 215316,
                                                            "Plan Width": 4,
                                                            "Actual Startup Time": 135.839,
                                                            "Actual Total Time": 135.84,
                                                            "Actual Rows": 129057,
                                                            "Actual Loops": 6,
                                                            "Output": [
                                                                "t.id"
                                                            ],
                                                            "Hash Buckets": 1048576,
                                                            "Original Hash Buckets": 1048576,
                                                            "Hash Batches": 1,
                                                            "Original Hash Batches": 1,
                                                            "Peak Memory Usage": 38560,
                                                            "Workers": [
                                                                {
                                                                    "Worker Number": 0,
                                                                    "Actual Startup Time": 135.708,
                                                                    "Actual Total Time": 135.709,
                                                                    "Actual Rows": 137369,
                                                                    "Actual Loops": 1
                                                                },
                                                                {
                                                                    "Worker Number": 1,
                                                                    "Actual Startup Time": 135.995,
                                                                    "Actual Total Time": 135.996,
                                                                    "Actual Rows": 102267,
                                                                    "Actual Loops": 1
                                                                },
                                                                {
                                                                    "Worker Number": 2,
                                                                    "Actual Startup Time": 135.958,
                                                                    "Actual Total Time": 135.96,
                                                                    "Actual Rows": 95365,
                                                                    "Actual Loops": 1
                                                                },
                                                                {
                                                                    "Worker Number": 3,
                                                                    "Actual Startup Time": 136.021,
                                                                    "Actual Total Time": 136.023,
                                                                    "Actual Rows": 148851,
                                                                    "Actual Loops": 1
                                                                },
                                                                {
                                                                    "Worker Number": 4,
                                                                    "Actual Startup Time": 136.087,
                                                                    "Actual Total Time": 136.088,
                                                                    "Actual Rows": 102026,
                                                                    "Actual Loops": 1
                                                                }
                                                            ],
                                                            "Plans": [
                                                                {
                                                                    "Node Type": "Seq Scan",
                                                                    "Parent Relationship": "Outer",
                                                                    "Parallel Aware": true,
                                                                    "Relation Name": "title",
                                                                    "Schema": "public",
                                                                    "Alias": "t",
                                                                    "Startup Cost": 0.0,
                                                                    "Total Cost": 45479.21,
                                                                    "Plan Rows": 215316,
                                                                    "Plan Width": 4,
                                                                    "Actual Startup Time": 0.053,
                                                                    "Actual Total Time": 83.835,
                                                                    "Actual Rows": 129057,
                                                                    "Actual Loops": 6,
                                                                    "Output": [
                                                                        "t.id"
                                                                    ],
                                                                    "Filter": "((t.kind_id < 7) AND (t.production_year > 1961))",
                                                                    "Rows Removed by Filter": 292328,
                                                                    "Workers": [
                                                                        {
                                                                            "Worker Number": 0,
                                                                            "Actual Startup Time": 0.046,
                                                                            "Actual Total Time": 81.921,
                                                                            "Actual Rows": 137369,
                                                                            "Actual Loops": 1
                                                                        },
                                                                        {
                                                                            "Worker Number": 1,
                                                                            "Actual Startup Time": 0.062,
                                                                            "Actual Total Time": 86.647,
                                                                            "Actual Rows": 102267,
                                                                            "Actual Loops": 1
                                                                        },
                                                                        {
                                                                            "Worker Number": 2,
                                                                            "Actual Startup Time": 0.098,
                                                                            "Actual Total Time": 84.784,
                                                                            "Actual Rows": 95365,
                                                                            "Actual Loops": 1
                                                                        },
                                                                        {
                                                                            "Worker Number": 3,
                                                                            "Actual Startup Time": 0.049,
                                                                            "Actual Total Time": 83.535,
                                                                            "Actual Rows": 148851,
                                                                            "Actual Loops": 1
                                                                        },
                                                                        {
                                                                            "Worker Number": 4,
                                                                            "Actual Startup Time": 0.051,
                                                                            "Actual Total Time": 86.578,
                                                                            "Actual Rows": 102026,
                                                                            "Actual Loops": 1
                                                                        }
                                                                    ]
                                                                }
                                                            ]
                                                        }
                                                    ]
                                                }
                                            ]
                                        }
                                    ]
                                }
                            ]
                        }
                    ]
                }
            ]
        },
        "Planning Time": 228.811,
        "Triggers": [],
        "Execution Time": 1395.571
    }
]