{
    "Plan": {
        "Node Type": "Aggregate",
        "Strategy": "Plain",
        "Partial Mode": "Finalize",
        "Parallel Aware": false,
        "Startup Cost": 437631.33,
        "Total Cost": 437631.34,
        "Plan Rows": 1,
        "Plan Width": 8,
        "Actual Startup Time": 1651.251,
        "Actual Total Time": 1707.485,
        "Actual Rows": 1,
        "Actual Loops": 1,
        "Output": [
            "count(*)"
        ],
        "Plans": [
            {
                "Node Type": "Gather",
                "Parent Relationship": "Outer",
                "Parallel Aware": false,
                "Startup Cost": 437630.71,
                "Total Cost": 437631.32,
                "Plan Rows": 6,
                "Plan Width": 8,
                "Actual Startup Time": 1635.104,
                "Actual Total Time": 1707.474,
                "Actual Rows": 7,
                "Actual Loops": 1,
                "Output": [
                    "(PARTIAL count(*))"
                ],
                "Workers Planned": 6,
                "Workers Launched": 6,
                "Single Copy": false,
                "Plans": [
                    {
                        "Node Type": "Aggregate",
                        "Strategy": "Plain",
                        "Partial Mode": "Partial",
                        "Parent Relationship": "Outer",
                        "Parallel Aware": false,
                        "Startup Cost": 436630.71,
                        "Total Cost": 436630.72,
                        "Plan Rows": 1,
                        "Plan Width": 8,
                        "Actual Startup Time": 1623.605,
                        "Actual Total Time": 1623.611,
                        "Actual Rows": 1,
                        "Actual Loops": 7,
                        "Output": [
                            "PARTIAL count(*)"
                        ],
                        "Workers": [
                            {
                                "Worker Number": 0,
                                "Actual Startup Time": 1620.985,
                                "Actual Total Time": 1620.991,
                                "Actual Rows": 1,
                                "Actual Loops": 1
                            },
                            {
                                "Worker Number": 1,
                                "Actual Startup Time": 1621.398,
                                "Actual Total Time": 1621.404,
                                "Actual Rows": 1,
                                "Actual Loops": 1
                            },
                            {
                                "Worker Number": 2,
                                "Actual Startup Time": 1621.397,
                                "Actual Total Time": 1621.402,
                                "Actual Rows": 1,
                                "Actual Loops": 1
                            },
                            {
                                "Worker Number": 3,
                                "Actual Startup Time": 1622.285,
                                "Actual Total Time": 1622.291,
                                "Actual Rows": 1,
                                "Actual Loops": 1
                            },
                            {
                                "Worker Number": 4,
                                "Actual Startup Time": 1622.379,
                                "Actual Total Time": 1622.385,
                                "Actual Rows": 1,
                                "Actual Loops": 1
                            },
                            {
                                "Worker Number": 5,
                                "Actual Startup Time": 1622.722,
                                "Actual Total Time": 1622.727,
                                "Actual Rows": 1,
                                "Actual Loops": 1
                            }
                        ],
                        "Plans": [
                            {
                                "Node Type": "Hash Join",
                                "Parent Relationship": "Outer",
                                "Parallel Aware": true,
                                "Join Type": "Inner",
                                "Startup Cost": 94724.38,
                                "Total Cost": 433949.84,
                                "Plan Rows": 1072347,
                                "Plan Width": 0,
                                "Actual Startup Time": 312.273,
                                "Actual Total Time": 1584.528,
                                "Actual Rows": 804127,
                                "Actual Loops": 7,
                                "Inner Unique": false,
                                "Hash Cond": "(ci.movie_id = t.id)",
                                "Workers": [
                                    {
                                        "Worker Number": 0,
                                        "Actual Startup Time": 309.73,
                                        "Actual Total Time": 1580.306,
                                        "Actual Rows": 611061,
                                        "Actual Loops": 1
                                    },
                                    {
                                        "Worker Number": 1,
                                        "Actual Startup Time": 310.103,
                                        "Actual Total Time": 1580.528,
                                        "Actual Rows": 601700,
                                        "Actual Loops": 1
                                    },
                                    {
                                        "Worker Number": 2,
                                        "Actual Startup Time": 310.089,
                                        "Actual Total Time": 1584.361,
                                        "Actual Rows": 881155,
                                        "Actual Loops": 1
                                    },
                                    {
                                        "Worker Number": 3,
                                        "Actual Startup Time": 311.016,
                                        "Actual Total Time": 1584.66,
                                        "Actual Rows": 860357,
                                        "Actual Loops": 1
                                    },
                                    {
                                        "Worker Number": 4,
                                        "Actual Startup Time": 311.137,
                                        "Actual Total Time": 1585.286,
                                        "Actual Rows": 848496,
                                        "Actual Loops": 1
                                    },
                                    {
                                        "Worker Number": 5,
                                        "Actual Startup Time": 311.443,
                                        "Actual Total Time": 1584.063,
                                        "Actual Rows": 834343,
                                        "Actual Loops": 1
                                    }
                                ],
                                "Plans": [
                                    {
                                        "Node Type": "Seq Scan",
                                        "Parent Relationship": "Outer",
                                        "Parallel Aware": true,
                                        "Relation Name": "cast_info",
                                        "Schema": "public",
                                        "Alias": "ci",
                                        "Startup Cost": 0.0,
                                        "Total Cost": 313108.29,
                                        "Plan Rows": 6042129,
                                        "Plan Width": 4,
                                        "Actual Startup Time": 0.036,
                                        "Actual Total Time": 568.25,
                                        "Actual Rows": 5177763,
                                        "Actual Loops": 7,
                                        "Output": [
                                            "ci.id",
                                            "ci.person_id",
                                            "ci.movie_id",
                                            "ci.person_role_id",
                                            "ci.note",
                                            "ci.nr_order",
                                            "ci.role_id"
                                        ],
                                        "Workers": [
                                            {
                                                "Worker Number": 0,
                                                "Actual Startup Time": 0.047,
                                                "Actual Total Time": 579.574,
                                                "Actual Rows": 3856339,
                                                "Actual Loops": 1
                                            },
                                            {
                                                "Worker Number": 1,
                                                "Actual Startup Time": 0.048,
                                                "Actual Total Time": 553.714,
                                                "Actual Rows": 3826267,
                                                "Actual Loops": 1
                                            },
                                            {
                                                "Worker Number": 2,
                                                "Actual Startup Time": 0.035,
                                                "Actual Total Time": 565.339,
                                                "Actual Rows": 5671452,
                                                "Actual Loops": 1
                                            },
                                            {
                                                "Worker Number": 3,
                                                "Actual Startup Time": 0.044,
                                                "Actual Total Time": 590.999,
                                                "Actual Rows": 5494822,
                                                "Actual Loops": 1
                                            },
                                            {
                                                "Worker Number": 4,
                                                "Actual Startup Time": 0.027,
                                                "Actual Total Time": 587.401,
                                                "Actual Rows": 5437240,
                                                "Actual Loops": 1
                                            },
                                            {
                                                "Worker Number": 5,
                                                "Actual Startup Time": 0.022,
                                                "Actual Total Time": 566.28,
                                                "Actual Rows": 5479110,
                                                "Actual Loops": 1
                                            }
                                        ]
                                    },
                                    {
                                        "Node Type": "Hash",
                                        "Parent Relationship": "Inner",
                                        "Parallel Aware": true,
                                        "Startup Cost": 92915.02,
                                        "Total Cost": 92915.02,
                                        "Plan Rows": 144749,
                                        "Plan Width": 8,
                                        "Actual Startup Time": 309.754,
                                        "Actual Total Time": 309.758,
                                        "Actual Rows": 26972,
                                        "Actual Loops": 7,
                                        "Output": [
                                            "t.id",
                                            "mk.movie_id"
                                        ],
                                        "Hash Buckets": 524288,
                                        "Original Hash Buckets": 524288,
                                        "Hash Batches": 1,
                                        "Original Hash Batches": 1,
                                        "Peak Memory Usage": 11616,
                                        "Workers": [
                                            {
                                                "Worker Number": 0,
                                                "Actual Startup Time": 309.018,
                                                "Actual Total Time": 309.023,
                                                "Actual Rows": 19275,
                                                "Actual Loops": 1
                                            },
                                            {
                                                "Worker Number": 1,
                                                "Actual Startup Time": 309.359,
                                                "Actual Total Time": 309.363,
                                                "Actual Rows": 19666,
                                                "Actual Loops": 1
                                            },
                                            {
                                                "Worker Number": 2,
                                                "Actual Startup Time": 309.366,
                                                "Actual Total Time": 309.369,
                                                "Actual Rows": 28851,
                                                "Actual Loops": 1
                                            },
                                            {
                                                "Worker Number": 3,
                                                "Actual Startup Time": 310.306,
                                                "Actual Total Time": 310.31,
                                                "Actual Rows": 27668,
                                                "Actual Loops": 1
                                            },
                                            {
                                                "Worker Number": 4,
                                                "Actual Startup Time": 310.221,
                                                "Actual Total Time": 310.225,
                                                "Actual Rows": 26847,
                                                "Actual Loops": 1
                                            },
                                            {
                                                "Worker Number": 5,
                                                "Actual Startup Time": 310.656,
                                                "Actual Total Time": 310.659,
                                                "Actual Rows": 29528,
                                                "Actual Loops": 1
                                            }
                                        ],
                                        "Plans": [
                                            {
                                                "Node Type": "Hash Join",
                                                "Parent Relationship": "Outer",
                                                "Parallel Aware": true,
                                                "Join Type": "Inner",
                                                "Startup Cost": 49702.03,
                                                "Total Cost": 92915.02,
                                                "Plan Rows": 144749,
                                                "Plan Width": 8,
                                                "Actual Startup Time": 209.598,
                                                "Actual Total Time": 297.981,
                                                "Actual Rows": 26972,
                                                "Actual Loops": 7,
                                                "Output": [
                                                    "t.id",
                                                    "mk.movie_id"
                                                ],
                                                "Inner Unique": true,
                                                "Hash Cond": "(mk.movie_id = t.id)",
                                                "Workers": [
                                                    {
                                                        "Worker Number": 0,
                                                        "Actual Startup Time": 209.325,
                                                        "Actual Total Time": 297.992,
                                                        "Actual Rows": 19275,
                                                        "Actual Loops": 1
                                                    },
                                                    {
                                                        "Worker Number": 1,
                                                        "Actual Startup Time": 209.648,
                                                        "Actual Total Time": 298.317,
                                                        "Actual Rows": 19666,
                                                        "Actual Loops": 1
                                                    },
                                                    {
                                                        "Worker Number": 2,
                                                        "Actual Startup Time": 209.634,
                                                        "Actual Total Time": 297.424,
                                                        "Actual Rows": 28851,
                                                        "Actual Loops": 1
                                                    },
                                                    {
                                                        "Worker Number": 3,
                                                        "Actual Startup Time": 209.668,
                                                        "Actual Total Time": 298.44,
                                                        "Actual Rows": 27668,
                                                        "Actual Loops": 1
                                                    },
                                                    {
                                                        "Worker Number": 4,
                                                        "Actual Startup Time": 209.518,
                                                        "Actual Total Time": 298.383,
                                                        "Actual Rows": 26847,
                                                        "Actual Loops": 1
                                                    },
                                                    {
                                                        "Worker Number": 5,
                                                        "Actual Startup Time": 209.639,
                                                        "Actual Total Time": 298.264,
                                                        "Actual Rows": 29528,
                                                        "Actual Loops": 1
                                                    }
                                                ],
                                                "Plans": [
                                                    {
                                                        "Node Type": "Seq Scan",
                                                        "Parent Relationship": "Outer",
                                                        "Parallel Aware": true,
                                                        "Relation Name": "movie_keyword",
                                                        "Schema": "public",
                                                        "Alias": "mk",
                                                        "Startup Cost": 0.0,
                                                        "Total Cost": 42695.65,
                                                        "Plan Rows": 197081,
                                                        "Plan Width": 4,
                                                        "Actual Startup Time": 2.425,
                                                        "Actual Total Time": 68.008,
                                                        "Actual Rows": 86295,
                                                        "Actual Loops": 7,
                                                        "Output": [
                                                            "mk.id",
                                                            "mk.movie_id",
                                                            "mk.keyword_id"
                                                        ],
                                                        "Filter": "(mk.keyword_id > 30558)",
                                                        "Rows Removed by Filter": 559981,
                                                        "Workers": [
                                                            {
                                                                "Worker Number": 0,
                                                                "Actual Startup Time": 2.395,
                                                                "Actual Total Time": 69.239,
                                                                "Actual Rows": 61429,
                                                                "Actual Loops": 1
                                                            },
                                                            {
                                                                "Worker Number": 1,
                                                                "Actual Startup Time": 2.386,
                                                                "Actual Total Time": 69.042,
                                                                "Actual Rows": 63453,
                                                                "Actual Loops": 1
                                                            },
                                                            {
                                                                "Worker Number": 2,
                                                                "Actual Startup Time": 2.42,
                                                                "Actual Total Time": 68.149,
                                                                "Actual Rows": 92413,
                                                                "Actual Loops": 1
                                                            },
                                                            {
                                                                "Worker Number": 3,
                                                                "Actual Startup Time": 2.433,
                                                                "Actual Total Time": 69.315,
                                                                "Actual Rows": 88367,
                                                                "Actual Loops": 1
                                                            },
                                                            {
                                                                "Worker Number": 4,
                                                                "Actual Startup Time": 2.409,
                                                                "Actual Total Time": 68.448,
                                                                "Actual Rows": 87051,
                                                                "Actual Loops": 1
                                                            },
                                                            {
                                                                "Worker Number": 5,
                                                                "Actual Startup Time": 2.421,
                                                                "Actual Total Time": 68.7,
                                                                "Actual Rows": 93638,
                                                                "Actual Loops": 1
                                                            }
                                                        ]
                                                    },
                                                    {
                                                        "Node Type": "Hash",
                                                        "Parent Relationship": "Inner",
                                                        "Parallel Aware": true,
                                                        "Startup Cost": 43899.01,
                                                        "Total Cost": 43899.01,
                                                        "Plan Rows": 464242,
                                                        "Plan Width": 4,
                                                        "Actual Startup Time": 204.03,
                                                        "Actual Total Time": 204.031,
                                                        "Actual Rows": 266498,
                                                        "Actual Loops": 7,
                                                        "Output": [
                                                            "t.id"
                                                        ],
                                                        "Hash Buckets": 2097152,
                                                        "Original Hash Buckets": 2097152,
                                                        "Hash Batches": 1,
                                                        "Original Hash Batches": 1,
                                                        "Peak Memory Usage": 89504,
                                                        "Workers": [
                                                            {
                                                                "Worker Number": 0,
                                                                "Actual Startup Time": 206.584,
                                                                "Actual Total Time": 206.585,
                                                                "Actual Rows": 205832,
                                                                "Actual Loops": 1
                                                            },
                                                            {
                                                                "Worker Number": 1,
                                                                "Actual Startup Time": 206.938,
                                                                "Actual Total Time": 206.939,
                                                                "Actual Rows": 207909,
                                                                "Actual Loops": 1
                                                            },
                                                            {
                                                                "Worker Number": 2,
                                                                "Actual Startup Time": 206.911,
                                                                "Actual Total Time": 206.912,
                                                                "Actual Rows": 268498,
                                                                "Actual Loops": 1
                                                            },
                                                            {
                                                                "Worker Number": 3,
                                                                "Actual Startup Time": 206.922,
                                                                "Actual Total Time": 206.923,
                                                                "Actual Rows": 266932,
                                                                "Actual Loops": 1
                                                            },
                                                            {
                                                                "Worker Number": 4,
                                                                "Actual Startup Time": 206.796,
                                                                "Actual Total Time": 206.797,
                                                                "Actual Rows": 266954,
                                                                "Actual Loops": 1
                                                            },
                                                            {
                                                                "Worker Number": 5,
                                                                "Actual Startup Time": 206.916,
                                                                "Actual Total Time": 206.917,
                                                                "Actual Rows": 271619,
                                                                "Actual Loops": 1
                                                            }
                                                        ],
                                                        "Plans": [
                                                            {
                                                                "Node Type": "Seq Scan",
                                                                "Parent Relationship": "Outer",
                                                                "Parallel Aware": true,
                                                                "Relation Name": "title",
                                                                "Schema": "public",
                                                                "Alias": "t",
                                                                "Startup Cost": 0.0,
                                                                "Total Cost": 43899.01,
                                                                "Plan Rows": 464242,
                                                                "Plan Width": 4,
                                                                "Actual Startup Time": 0.08,
                                                                "Actual Total Time": 79.86,
                                                                "Actual Rows": 266498,
                                                                "Actual Loops": 7,
                                                                "Output": [
                                                                    "t.id"
                                                                ],
                                                                "Filter": "(t.kind_id > 1)",
                                                                "Rows Removed by Filter": 94689,
                                                                "Workers": [
                                                                    {
                                                                        "Worker Number": 0,
                                                                        "Actual Startup Time": 0.119,
                                                                        "Actual Total Time": 84.388,
                                                                        "Actual Rows": 205832,
                                                                        "Actual Loops": 1
                                                                    },
                                                                    {
                                                                        "Worker Number": 1,
                                                                        "Actual Startup Time": 0.091,
                                                                        "Actual Total Time": 82.788,
                                                                        "Actual Rows": 207909,
                                                                        "Actual Loops": 1
                                                                    },
                                                                    {
                                                                        "Worker Number": 2,
                                                                        "Actual Startup Time": 0.093,
                                                                        "Actual Total Time": 78.877,
                                                                        "Actual Rows": 268498,
                                                                        "Actual Loops": 1
                                                                    },
                                                                    {
                                                                        "Worker Number": 3,
                                                                        "Actual Startup Time": 0.075,
                                                                        "Actual Total Time": 82.635,
                                                                        "Actual Rows": 266932,
                                                                        "Actual Loops": 1
                                                                    },
                                                                    {
                                                                        "Worker Number": 4,
                                                                        "Actual Startup Time": 0.083,
                                                                        "Actual Total Time": 81.912,
                                                                        "Actual Rows": 266954,
                                                                        "Actual Loops": 1
                                                                    },
                                                                    {
                                                                        "Worker Number": 5,
                                                                        "Actual Startup Time": 0.076,
                                                                        "Actual Total Time": 78.968,
                                                                        "Actual Rows": 271619,
                                                                        "Actual Loops": 1
                                                                    }
                                                                ]
                                                            }
                                                        ]
                                                    }
                                                ]
                                            }
                                        ]
                                    }
                                ]
                            }
                        ]
                    }
                ]
            }
        ]
    },
    "Planning Time": 1.555,
    "Triggers": [],
    "Execution Time": 1707.599
}