{
    "Plan": {
        "Node Type": "Aggregate",
        "Strategy": "Plain",
        "Partial Mode": "Finalize",
        "Parallel Aware": false,
        "Startup Cost": 52756.22,
        "Total Cost": 52756.23,
        "Plan Rows": 1,
        "Plan Width": 8,
        "Actual Startup Time": 102.587,
        "Actual Total Time": 115.426,
        "Actual Rows": 1,
        "Actual Loops": 1,
        "Output": [
            "count(*)"
        ],
        "Plans": [
            {
                "Node Type": "Gather",
                "Parent Relationship": "Outer",
                "Parallel Aware": false,
                "Startup Cost": 52755.8,
                "Total Cost": 52756.21,
                "Plan Rows": 4,
                "Plan Width": 8,
                "Actual Startup Time": 102.471,
                "Actual Total Time": 115.418,
                "Actual Rows": 5,
                "Actual Loops": 1,
                "Output": [
                    "(PARTIAL count(*))"
                ],
                "Workers Planned": 4,
                "Workers Launched": 4,
                "Single Copy": false,
                "Plans": [
                    {
                        "Node Type": "Aggregate",
                        "Strategy": "Plain",
                        "Partial Mode": "Partial",
                        "Parent Relationship": "Outer",
                        "Parallel Aware": false,
                        "Startup Cost": 51755.8,
                        "Total Cost": 51755.81,
                        "Plan Rows": 1,
                        "Plan Width": 8,
                        "Actual Startup Time": 91.958,
                        "Actual Total Time": 91.96,
                        "Actual Rows": 1,
                        "Actual Loops": 5,
                        "Output": [
                            "PARTIAL count(*)"
                        ],
                        "Workers": [
                            {
                                "Worker Number": 0,
                                "Actual Startup Time": 89.026,
                                "Actual Total Time": 89.028,
                                "Actual Rows": 1,
                                "Actual Loops": 1
                            },
                            {
                                "Worker Number": 1,
                                "Actual Startup Time": 89.582,
                                "Actual Total Time": 89.583,
                                "Actual Rows": 1,
                                "Actual Loops": 1
                            },
                            {
                                "Worker Number": 2,
                                "Actual Startup Time": 89.406,
                                "Actual Total Time": 89.408,
                                "Actual Rows": 1,
                                "Actual Loops": 1
                            },
                            {
                                "Worker Number": 3,
                                "Actual Startup Time": 90.145,
                                "Actual Total Time": 90.147,
                                "Actual Rows": 1,
                                "Actual Loops": 1
                            }
                        ],
                        "Plans": [
                            {
                                "Node Type": "Nested Loop",
                                "Parent Relationship": "Outer",
                                "Parallel Aware": false,
                                "Join Type": "Inner",
                                "Startup Cost": 0.99,
                                "Total Cost": 51754.4,
                                "Plan Rows": 560,
                                "Plan Width": 0,
                                "Actual Startup Time": 61.421,
                                "Actual Total Time": 91.946,
                                "Actual Rows": 17,
                                "Actual Loops": 5,
                                "Inner Unique": false,
                                "Join Filter": "(t.id = ci.movie_id)",
                                "Rows Removed by Join Filter": 0,
                                "Workers": [
                                    {
                                        "Worker Number": 0,
                                        "Actual Startup Time": 57.231,
                                        "Actual Total Time": 89.014,
                                        "Actual Rows": 12,
                                        "Actual Loops": 1
                                    },
                                    {
                                        "Worker Number": 1,
                                        "Actual Startup Time": 64.269,
                                        "Actual Total Time": 89.571,
                                        "Actual Rows": 16,
                                        "Actual Loops": 1
                                    },
                                    {
                                        "Worker Number": 2,
                                        "Actual Startup Time": 56.773,
                                        "Actual Total Time": 89.392,
                                        "Actual Rows": 11,
                                        "Actual Loops": 1
                                    },
                                    {
                                        "Worker Number": 3,
                                        "Actual Startup Time": 58.889,
                                        "Actual Total Time": 90.135,
                                        "Actual Rows": 16,
                                        "Actual Loops": 1
                                    }
                                ],
                                "Plans": [
                                    {
                                        "Node Type": "Nested Loop",
                                        "Parent Relationship": "Outer",
                                        "Parallel Aware": false,
                                        "Join Type": "Inner",
                                        "Startup Cost": 0.43,
                                        "Total Cost": 50854.3,
                                        "Plan Rows": 189,
                                        "Plan Width": 8,
                                        "Actual Startup Time": 59.174,
                                        "Actual Total Time": 87.395,
                                        "Actual Rows": 198,
                                        "Actual Loops": 5,
                                        "Output": [
                                            "t.id",
                                            "mi_idx.movie_id"
                                        ],
                                        "Inner Unique": false,
                                        "Workers": [
                                            {
                                                "Worker Number": 0,
                                                "Actual Startup Time": 56.29,
                                                "Actual Total Time": 83.925,
                                                "Actual Rows": 119,
                                                "Actual Loops": 1
                                            },
                                            {
                                                "Worker Number": 1,
                                                "Actual Startup Time": 56.973,
                                                "Actual Total Time": 84.227,
                                                "Actual Rows": 188,
                                                "Actual Loops": 1
                                            },
                                            {
                                                "Worker Number": 2,
                                                "Actual Startup Time": 56.691,
                                                "Actual Total Time": 84.465,
                                                "Actual Rows": 153,
                                                "Actual Loops": 1
                                            },
                                            {
                                                "Worker Number": 3,
                                                "Actual Startup Time": 57.296,
                                                "Actual Total Time": 84.734,
                                                "Actual Rows": 204,
                                                "Actual Loops": 1
                                            }
                                        ],
                                        "Plans": [
                                            {
                                                "Node Type": "Seq Scan",
                                                "Parent Relationship": "Outer",
                                                "Parallel Aware": true,
                                                "Relation Name": "title",
                                                "Schema": "public",
                                                "Alias": "t",
                                                "Startup Cost": 0.0,
                                                "Total Cost": 43899.01,
                                                "Plan Rows": 1043,
                                                "Plan Width": 4,
                                                "Actual Startup Time": 58.908,
                                                "Actual Total Time": 81.53,
                                                "Actual Rows": 817,
                                                "Actual Loops": 5,
                                                "Output": [
                                                    "t.id",
                                                    "t.title",
                                                    "t.imdb_index",
                                                    "t.kind_id",
                                                    "t.production_year",
                                                    "t.imdb_id",
                                                    "t.phonetic_code",
                                                    "t.episode_of_id",
                                                    "t.season_nr",
                                                    "t.episode_nr",
                                                    "t.series_years",
                                                    "t.md5sum"
                                                ],
                                                "Filter": "(t.production_year < 1899)",
                                                "Rows Removed by Filter": 504845,
                                                "Workers": [
                                                    {
                                                        "Worker Number": 0,
                                                        "Actual Startup Time": 56.055,
                                                        "Actual Total Time": 77.293,
                                                        "Actual Rows": 475,
                                                        "Actual Loops": 1
                                                    },
                                                    {
                                                        "Worker Number": 1,
                                                        "Actual Startup Time": 56.522,
                                                        "Actual Total Time": 77.96,
                                                        "Actual Rows": 767,
                                                        "Actual Loops": 1
                                                    },
                                                    {
                                                        "Worker Number": 2,
                                                        "Actual Startup Time": 56.31,
                                                        "Actual Total Time": 78.331,
                                                        "Actual Rows": 648,
                                                        "Actual Loops": 1
                                                    },
                                                    {
                                                        "Worker Number": 3,
                                                        "Actual Startup Time": 57.096,
                                                        "Actual Total Time": 78.365,
                                                        "Actual Rows": 778,
                                                        "Actual Loops": 1
                                                    }
                                                ]
                                            },
                                            {
                                                "Node Type": "Index Scan",
                                                "Parent Relationship": "Inner",
                                                "Parallel Aware": false,
                                                "Scan Direction": "Forward",
                                                "Index Name": "movie_id_movie_info_idx",
                                                "Relation Name": "movie_info_idx",
                                                "Schema": "public",
                                                "Alias": "mi_idx",
                                                "Startup Cost": 0.43,
                                                "Total Cost": 6.66,
                                                "Plan Rows": 1,
                                                "Plan Width": 4,
                                                "Actual Startup Time": 0.007,
                                                "Actual Total Time": 0.007,
                                                "Actual Rows": 0,
                                                "Actual Loops": 4085,
                                                "Output": [
                                                    "mi_idx.id",
                                                    "mi_idx.movie_id",
                                                    "mi_idx.info_type_id",
                                                    "mi_idx.info",
                                                    "mi_idx.note"
                                                ],
                                                "Index Cond": "(mi_idx.movie_id = t.id)",
                                                "Rows Removed by Index Recheck": 0,
                                                "Filter": "(mi_idx.info_type_id = 99)",
                                                "Rows Removed by Filter": 0,
                                                "Workers": [
                                                    {
                                                        "Worker Number": 0,
                                                        "Actual Startup Time": 0.013,
                                                        "Actual Total Time": 0.013,
                                                        "Actual Rows": 0,
                                                        "Actual Loops": 475
                                                    },
                                                    {
                                                        "Worker Number": 1,
                                                        "Actual Startup Time": 0.007,
                                                        "Actual Total Time": 0.008,
                                                        "Actual Rows": 0,
                                                        "Actual Loops": 767
                                                    },
                                                    {
                                                        "Worker Number": 2,
                                                        "Actual Startup Time": 0.009,
                                                        "Actual Total Time": 0.009,
                                                        "Actual Rows": 0,
                                                        "Actual Loops": 648
                                                    },
                                                    {
                                                        "Worker Number": 3,
                                                        "Actual Startup Time": 0.007,
                                                        "Actual Total Time": 0.008,
                                                        "Actual Rows": 0,
                                                        "Actual Loops": 778
                                                    }
                                                ]
                                            }
                                        ]
                                    },
                                    {
                                        "Node Type": "Index Scan",
                                        "Parent Relationship": "Inner",
                                        "Parallel Aware": false,
                                        "Scan Direction": "Forward",
                                        "Index Name": "movie_id_cast_info",
                                        "Relation Name": "cast_info",
                                        "Schema": "public",
                                        "Alias": "ci",
                                        "Startup Cost": 0.56,
                                        "Total Cost": 4.66,
                                        "Plan Rows": 8,
                                        "Plan Width": 4,
                                        "Actual Startup Time": 0.022,
                                        "Actual Total Time": 0.023,
                                        "Actual Rows": 0,
                                        "Actual Loops": 988,
                                        "Output": [
                                            "ci.id",
                                            "ci.person_id",
                                            "ci.movie_id",
                                            "ci.person_role_id",
                                            "ci.note",
                                            "ci.nr_order",
                                            "ci.role_id"
                                        ],
                                        "Index Cond": "(ci.movie_id = mi_idx.movie_id)",
                                        "Rows Removed by Index Recheck": 0,
                                        "Filter": "(ci.role_id = 2)",
                                        "Rows Removed by Filter": 2,
                                        "Workers": [
                                            {
                                                "Worker Number": 0,
                                                "Actual Startup Time": 0.041,
                                                "Actual Total Time": 0.042,
                                                "Actual Rows": 0,
                                                "Actual Loops": 119
                                            },
                                            {
                                                "Worker Number": 1,
                                                "Actual Startup Time": 0.027,
                                                "Actual Total Time": 0.028,
                                                "Actual Rows": 0,
                                                "Actual Loops": 188
                                            },
                                            {
                                                "Worker Number": 2,
                                                "Actual Startup Time": 0.031,
                                                "Actual Total Time": 0.032,
                                                "Actual Rows": 0,
                                                "Actual Loops": 153
                                            },
                                            {
                                                "Worker Number": 3,
                                                "Actual Startup Time": 0.025,
                                                "Actual Total Time": 0.026,
                                                "Actual Rows": 0,
                                                "Actual Loops": 204
                                            }
                                        ]
                                    }
                                ]
                            }
                        ]
                    }
                ]
            }
        ]
    },
    "Planning Time": 1.551,
    "Triggers": [],
    "Execution Time": 115.512
}