[
  {
    "Plan": {
      "Node Type": "Aggregate",
      "Strategy": "Plain",
      "Partial Mode": "Finalize",
      "Parallel Aware": false,
      "Startup Cost": 443747.58,
      "Total Cost": 443747.59,
      "Plan Rows": 1,
      "Plan Width": 8,
      "Actual Startup Time": 2905.341,
      "Actual Total Time": 2977.397,
      "Actual Rows": 1,
      "Actual Loops": 1,
      "Plans": [
        {
          "Node Type": "Gather",
          "Parent Relationship": "Outer",
          "Parallel Aware": false,
          "Startup Cost": 443746.95,
          "Total Cost": 443747.56,
          "Plan Rows": 6,
          "Plan Width": 8,
          "Actual Startup Time": 2865.947,
          "Actual Total Time": 2977.378,
          "Actual Rows": 7,
          "Actual Loops": 1,
          "Workers Planned": 6,
          "Workers Launched": 6,
          "Single Copy": false,
          "Plans": [
            {
              "Node Type": "Aggregate",
              "Strategy": "Plain",
              "Partial Mode": "Partial",
              "Parent Relationship": "Outer",
              "Parallel Aware": false,
              "Startup Cost": 442746.95,
              "Total Cost": 442746.96,
              "Plan Rows": 1,
              "Plan Width": 8,
              "Actual Startup Time": 2853.375,
              "Actual Total Time": 2855.468,
              "Actual Rows": 1,
              "Actual Loops": 7,
              "Plans": [
                {
                  "Node Type": "Hash Join",
                  "Parent Relationship": "Outer",
                  "Parallel Aware": true,
                  "Join Type": "Inner",
                  "Startup Cost": 97865.27,
                  "Total Cost": 439108.49,
                  "Plan Rows": 1455385,
                  "Plan Width": 0,
                  "Actual Startup Time": 787.861,
                  "Actual Total Time": 2416.224,
                  "Actual Rows": 10019218,
                  "Actual Loops": 7,
                  "Inner Unique": false,
                  "Hash Cond": "(ci.movie_id = t.id)",
                  "Plans": [
                    {
                      "Node Type": "Seq Scan",
                      "Parent Relationship": "Outer",
                      "Parallel Aware": true,
                      "Relation Name": "cast_info",
                      "Alias": "ci",
                      "Startup Cost": 0.0,
                      "Total Cost": 328162.03,
                      "Plan Rows": 2236376,
                      "Plan Width": 4,
                      "Actual Startup Time": 244.484,
                      "Actual Total Time": 572.596,
                      "Actual Rows": 1912958,
                      "Actual Loops": 7,
                      "Filter": "(person_id > 2333764)",
                      "Rows Removed by Filter": 3264806
                    },
                    {
                      "Node Type": "Hash",
                      "Parent Relationship": "Inner",
                      "Parallel Aware": true,
                      "Startup Cost": 91230.75,
                      "Total Cost": 91230.75,
                      "Plan Rows": 530761,
                      "Plan Width": 8,
                      "Actual Startup Time": 538.641,
                      "Actual Total Time": 540.731,
                      "Actual Rows": 537491,
                      "Actual Loops": 7,
                      "Hash Buckets": 4194304,
                      "Original Hash Buckets": 2097152,
                      "Hash Batches": 1,
                      "Original Hash Batches": 1,
                      "Peak Memory Usage": 196448,
                      "Plans": [
                        {
                          "Node Type": "Hash Join",
                          "Parent Relationship": "Outer",
                          "Parallel Aware": true,
                          "Join Type": "Inner",
                          "Startup Cost": 48352.67,
                          "Total Cost": 91230.75,
                          "Plan Rows": 530761,
                          "Plan Width": 8,
                          "Actual Startup Time": 144.441,
                          "Actual Total Time": 333.399,
                          "Actual Rows": 537491,
                          "Actual Loops": 7,
                          "Inner Unique": true,
                          "Hash Cond": "(mk.movie_id = t.id)",
                          "Plans": [
                            {
                              "Node Type": "Seq Scan",
                              "Parent Relationship": "Outer",
                              "Parallel Aware": true,
                              "Relation Name": "movie_keyword",
                              "Alias": "mk",
                              "Startup Cost": 0.0,
                              "Total Cost": 39047.32,
                              "Plan Rows": 1459332,
                              "Plan Width": 4,
                              "Actual Startup Time": 0.026,
                              "Actual Total Time": 63.431,
                              "Actual Rows": 646276,
                              "Actual Loops": 7
                            },
                            {
                              "Node Type": "Hash",
                              "Parent Relationship": "Inner",
                              "Parallel Aware": true,
                              "Startup Cost": 45479.1,
                              "Total Cost": 45479.1,
                              "Plan Rows": 229886,
                              "Plan Width": 4,
                              "Actual Startup Time": 143.187,
                              "Actual Total Time": 143.188,
                              "Actual Rows": 123209,
                              "Actual Loops": 7,
                              "Hash Buckets": 1048576,
                              "Original Hash Buckets": 1048576,
                              "Hash Batches": 1,
                              "Original Hash Batches": 1,
                              "Peak Memory Usage": 42048,
                              "Plans": [
                                {
                                  "Node Type": "Seq Scan",
                                  "Parent Relationship": "Outer",
                                  "Parallel Aware": true,
                                  "Relation Name": "title",
                                  "Alias": "t",
                                  "Startup Cost": 0.0,
                                  "Total Cost": 45479.1,
                                  "Plan Rows": 229886,
                                  "Plan Width": 4,
                                  "Actual Startup Time": 0.047,
                                  "Actual Total Time": 84.034,
                                  "Actual Rows": 123209,
                                  "Actual Loops": 7,
                                  "Filter": "((kind_id < 7) AND (production_year > 1929))",
                                  "Rows Removed by Filter": 237978
                                }
                              ]
                            }
                          ]
                        }
                      ]
                    }
                  ]
                }
              ]
            }
          ]
        }
      ]
    },
    "Planning Time": 1.279,
    "Triggers": [],
    "Execution Time": 2977.492
  }
]