[
  {
    "Plan": {
      "Node Type": "Aggregate",
      "Strategy": "Plain",
      "Partial Mode": "Finalize",
      "Parallel Aware": false,
      "Startup Cost": 30704.81,
      "Total Cost": 30704.82,
      "Plan Rows": 1,
      "Plan Width": 8,
      "Actual Startup Time": 91.945,
      "Actual Total Time": 100.599,
      "Actual Rows": 1,
      "Actual Loops": 1,
      "Plans": [
        {
          "Node Type": "Gather",
          "Parent Relationship": "Outer",
          "Parallel Aware": false,
          "Startup Cost": 30704.49,
          "Total Cost": 30704.8,
          "Plan Rows": 3,
          "Plan Width": 8,
          "Actual Startup Time": 91.769,
          "Actual Total Time": 100.589,
          "Actual Rows": 4,
          "Actual Loops": 1,
          "Workers Planned": 3,
          "Workers Launched": 3,
          "Single Copy": false,
          "Plans": [
            {
              "Node Type": "Aggregate",
              "Strategy": "Plain",
              "Partial Mode": "Partial",
              "Parent Relationship": "Outer",
              "Parallel Aware": false,
              "Startup Cost": 29704.49,
              "Total Cost": 29704.5,
              "Plan Rows": 1,
              "Plan Width": 8,
              "Actual Startup Time": 87.585,
              "Actual Total Time": 87.586,
              "Actual Rows": 1,
              "Actual Loops": 4,
              "Plans": [
                {
                  "Node Type": "Seq Scan",
                  "Parent Relationship": "Outer",
                  "Parallel Aware": true,
                  "Relation Name": "movie_companies",
                  "Alias": "mc",
                  "Startup Cost": 0.0,
                  "Total Cost": 29310.68,
                  "Plan Rows": 157525,
                  "Plan Width": 0,
                  "Actual Startup Time": 42.777,
                  "Actual Total Time": 80.398,
                  "Actual Rows": 121551,
                  "Actual Loops": 4,
                  "Filter": "(company_id > 74905)",
                  "Rows Removed by Filter": 530732
                }
              ]
            }
          ]
        }
      ]
    },
    "Planning Time": 0.199,
    "Triggers": [],
    "Execution Time": 100.654
  }
]