[
  {
    "Plan": {
      "Node Type": "Aggregate",
      "Strategy": "Plain",
      "Partial Mode": "Finalize",
      "Parallel Aware": false,
      "Startup Cost": 96353.58,
      "Total Cost": 96353.59,
      "Plan Rows": 1,
      "Plan Width": 8,
      "Actual Startup Time": 473.992,
      "Actual Total Time": 492.142,
      "Actual Rows": 1,
      "Actual Loops": 1,
      "Plans": [
        {
          "Node Type": "Gather",
          "Parent Relationship": "Outer",
          "Parallel Aware": false,
          "Startup Cost": 96353.26,
          "Total Cost": 96353.57,
          "Plan Rows": 3,
          "Plan Width": 8,
          "Actual Startup Time": 463.347,
          "Actual Total Time": 492.119,
          "Actual Rows": 4,
          "Actual Loops": 1,
          "Workers Planned": 3,
          "Workers Launched": 3,
          "Single Copy": false,
          "Plans": [
            {
              "Node Type": "Aggregate",
              "Strategy": "Plain",
              "Partial Mode": "Partial",
              "Parent Relationship": "Outer",
              "Parallel Aware": false,
              "Startup Cost": 95353.26,
              "Total Cost": 95353.27,
              "Plan Rows": 1,
              "Plan Width": 8,
              "Actual Startup Time": 456.1,
              "Actual Total Time": 456.104,
              "Actual Rows": 1,
              "Actual Loops": 4,
              "Plans": [
                {
                  "Node Type": "Hash Join",
                  "Parent Relationship": "Outer",
                  "Parallel Aware": true,
                  "Join Type": "Inner",
                  "Startup Cost": 49247.75,
                  "Total Cost": 94288.25,
                  "Plan Rows": 426005,
                  "Plan Width": 0,
                  "Actual Startup Time": 242.853,
                  "Actual Total Time": 451.137,
                  "Actual Rows": 100472,
                  "Actual Loops": 4,
                  "Inner Unique": true,
                  "Hash Cond": "(mk.movie_id = t.id)",
                  "Plans": [
                    {
                      "Node Type": "Seq Scan",
                      "Parent Relationship": "Outer",
                      "Parallel Aware": true,
                      "Relation Name": "movie_keyword",
                      "Alias": "mk",
                      "Startup Cost": 0.0,
                      "Total Cost": 42695.65,
                      "Plan Rows": 893275,
                      "Plan Width": 4,
                      "Actual Startup Time": 0.219,
                      "Actual Total Time": 123.316,
                      "Actual Rows": 691565,
                      "Actual Loops": 4,
                      "Filter": "(keyword_id > 2860)",
                      "Rows Removed by Filter": 439418
                    },
                    {
                      "Node Type": "Hash",
                      "Parent Relationship": "Inner",
                      "Parallel Aware": true,
                      "Startup Cost": 45479.59,
                      "Total Cost": 45479.59,
                      "Plan Rows": 301453,
                      "Plan Width": 4,
                      "Actual Startup Time": 238.291,
                      "Actual Total Time": 238.292,
                      "Actual Rows": 322056,
                      "Actual Loops": 4,
                      "Hash Buckets": 2097152,
                      "Original Hash Buckets": 2097152,
                      "Hash Batches": 1,
                      "Original Hash Batches": 1,
                      "Peak Memory Usage": 66816,
                      "Plans": [
                        {
                          "Node Type": "Seq Scan",
                          "Parent Relationship": "Outer",
                          "Parallel Aware": true,
                          "Relation Name": "title",
                          "Alias": "t",
                          "Startup Cost": 0.0,
                          "Total Cost": 45479.59,
                          "Plan Rows": 301453,
                          "Plan Width": 4,
                          "Actual Startup Time": 0.045,
                          "Actual Total Time": 120.129,
                          "Actual Rows": 322056,
                          "Actual Loops": 4,
                          "Filter": "((kind_id > 4) AND (production_year > 1979))",
                          "Rows Removed by Filter": 310022
                        }
                      ]
                    }
                  ]
                }
              ]
            }
          ]
        }
      ]
    },
    "Planning Time": 0.212,
    "Triggers": [],
    "Execution Time": 492.176
  }
]