{
    "Plan": {
        "Node Type": "Aggregate",
        "Strategy": "Plain",
        "Partial Mode": "Finalize",
        "Parallel Aware": false,
        "Startup Cost": 496328.29,
        "Total Cost": 496328.3,
        "Plan Rows": 1,
        "Plan Width": 8,
        "Actual Startup Time": 3347.657,
        "Actual Total Time": 3416.473,
        "Actual Rows": 1,
        "Actual Loops": 1,
        "Output": [
            "count(*)"
        ],
        "Plans": [
            {
                "Node Type": "Gather",
                "Parent Relationship": "Outer",
                "Parallel Aware": false,
                "Startup Cost": 496327.66,
                "Total Cost": 496328.27,
                "Plan Rows": 6,
                "Plan Width": 8,
                "Actual Startup Time": 3285.919,
                "Actual Total Time": 3416.46,
                "Actual Rows": 7,
                "Actual Loops": 1,
                "Output": [
                    "(PARTIAL count(*))"
                ],
                "Workers Planned": 6,
                "Workers Launched": 6,
                "Single Copy": false,
                "Plans": [
                    {
                        "Node Type": "Aggregate",
                        "Strategy": "Plain",
                        "Partial Mode": "Partial",
                        "Parent Relationship": "Outer",
                        "Parallel Aware": false,
                        "Startup Cost": 495327.66,
                        "Total Cost": 495327.67,
                        "Plan Rows": 1,
                        "Plan Width": 8,
                        "Actual Startup Time": 3249.463,
                        "Actual Total Time": 3249.472,
                        "Actual Rows": 1,
                        "Actual Loops": 7,
                        "Output": [
                            "PARTIAL count(*)"
                        ],
                        "Workers": [
                            {
                                "Worker Number": 0,
                                "Actual Startup Time": 3243.517,
                                "Actual Total Time": 3243.522,
                                "Actual Rows": 1,
                                "Actual Loops": 1
                            },
                            {
                                "Worker Number": 1,
                                "Actual Startup Time": 3243.538,
                                "Actual Total Time": 3243.543,
                                "Actual Rows": 1,
                                "Actual Loops": 1
                            },
                            {
                                "Worker Number": 2,
                                "Actual Startup Time": 3243.56,
                                "Actual Total Time": 3243.564,
                                "Actual Rows": 1,
                                "Actual Loops": 1
                            },
                            {
                                "Worker Number": 3,
                                "Actual Startup Time": 3243.493,
                                "Actual Total Time": 3243.498,
                                "Actual Rows": 1,
                                "Actual Loops": 1
                            },
                            {
                                "Worker Number": 4,
                                "Actual Startup Time": 3243.676,
                                "Actual Total Time": 3243.681,
                                "Actual Rows": 1,
                                "Actual Loops": 1
                            },
                            {
                                "Worker Number": 5,
                                "Actual Startup Time": 3243.64,
                                "Actual Total Time": 3243.646,
                                "Actual Rows": 1,
                                "Actual Loops": 1
                            }
                        ],
                        "Plans": [
                            {
                                "Node Type": "Hash Join",
                                "Parent Relationship": "Outer",
                                "Parallel Aware": true,
                                "Join Type": "Inner",
                                "Startup Cost": 114098.17,
                                "Total Cost": 483345.25,
                                "Plan Rows": 4792967,
                                "Plan Width": 0,
                                "Actual Startup Time": 968.242,
                                "Actual Total Time": 2820.309,
                                "Actual Rows": 9987102,
                                "Actual Loops": 7,
                                "Inner Unique": false,
                                "Hash Cond": "(ci.movie_id = t.id)",
                                "Workers": [
                                    {
                                        "Worker Number": 0,
                                        "Actual Startup Time": 962.903,
                                        "Actual Total Time": 2789.267,
                                        "Actual Rows": 8507002,
                                        "Actual Loops": 1
                                    },
                                    {
                                        "Worker Number": 1,
                                        "Actual Startup Time": 962.915,
                                        "Actual Total Time": 2803.613,
                                        "Actual Rows": 9492023,
                                        "Actual Loops": 1
                                    },
                                    {
                                        "Worker Number": 2,
                                        "Actual Startup Time": 962.897,
                                        "Actual Total Time": 2825.798,
                                        "Actual Rows": 11013592,
                                        "Actual Loops": 1
                                    },
                                    {
                                        "Worker Number": 3,
                                        "Actual Startup Time": 962.903,
                                        "Actual Total Time": 2792.429,
                                        "Actual Rows": 8535734,
                                        "Actual Loops": 1
                                    },
                                    {
                                        "Worker Number": 4,
                                        "Actual Startup Time": 963.019,
                                        "Actual Total Time": 2844.516,
                                        "Actual Rows": 10564876,
                                        "Actual Loops": 1
                                    },
                                    {
                                        "Worker Number": 5,
                                        "Actual Startup Time": 963.018,
                                        "Actual Total Time": 2848.141,
                                        "Actual Rows": 10461231,
                                        "Actual Loops": 1
                                    }
                                ],
                                "Plans": [
                                    {
                                        "Node Type": "Seq Scan",
                                        "Parent Relationship": "Outer",
                                        "Parallel Aware": true,
                                        "Relation Name": "cast_info",
                                        "Schema": "public",
                                        "Alias": "ci",
                                        "Startup Cost": 0.0,
                                        "Total Cost": 343318.94,
                                        "Plan Rows": 2791189,
                                        "Plan Width": 4,
                                        "Actual Startup Time": 220.314,
                                        "Actual Total Time": 664.232,
                                        "Actual Rows": 1875652,
                                        "Actual Loops": 7,
                                        "Output": [
                                            "ci.id",
                                            "ci.person_id",
                                            "ci.movie_id",
                                            "ci.person_role_id",
                                            "ci.note",
                                            "ci.nr_order",
                                            "ci.role_id"
                                        ],
                                        "Filter": "((ci.person_id < 2665426) AND (ci.role_id > 1))",
                                        "Rows Removed by Filter": 3302111,
                                        "Workers": [
                                            {
                                                "Worker Number": 0,
                                                "Actual Startup Time": 220.328,
                                                "Actual Total Time": 679.932,
                                                "Actual Rows": 1532942,
                                                "Actual Loops": 1
                                            },
                                            {
                                                "Worker Number": 1,
                                                "Actual Startup Time": 220.297,
                                                "Actual Total Time": 680.136,
                                                "Actual Rows": 1769960,
                                                "Actual Loops": 1
                                            },
                                            {
                                                "Worker Number": 2,
                                                "Actual Startup Time": 220.275,
                                                "Actual Total Time": 671.941,
                                                "Actual Rows": 2140770,
                                                "Actual Loops": 1
                                            },
                                            {
                                                "Worker Number": 3,
                                                "Actual Startup Time": 220.336,
                                                "Actual Total Time": 677.956,
                                                "Actual Rows": 1539054,
                                                "Actual Loops": 1
                                            },
                                            {
                                                "Worker Number": 4,
                                                "Actual Startup Time": 220.326,
                                                "Actual Total Time": 668.845,
                                                "Actual Rows": 1985822,
                                                "Actual Loops": 1
                                            },
                                            {
                                                "Worker Number": 5,
                                                "Actual Startup Time": 220.322,
                                                "Actual Total Time": 669.751,
                                                "Actual Rows": 1987737,
                                                "Actual Loops": 1
                                            }
                                        ]
                                    },
                                    {
                                        "Node Type": "Hash",
                                        "Parent Relationship": "Inner",
                                        "Parallel Aware": true,
                                        "Startup Cost": 96591.81,
                                        "Total Cost": 96591.81,
                                        "Plan Rows": 1400509,
                                        "Plan Width": 8,
                                        "Actual Startup Time": 737.75,
                                        "Actual Total Time": 737.756,
                                        "Actual Rows": 620910,
                                        "Actual Loops": 7,
                                        "Output": [
                                            "t.id",
                                            "mk.movie_id"
                                        ],
                                        "Hash Buckets": 8388608,
                                        "Original Hash Buckets": 8388608,
                                        "Hash Batches": 1,
                                        "Original Hash Batches": 1,
                                        "Peak Memory Usage": 235712,
                                        "Workers": [
                                            {
                                                "Worker Number": 0,
                                                "Actual Startup Time": 741.946,
                                                "Actual Total Time": 741.95,
                                                "Actual Rows": 495934,
                                                "Actual Loops": 1
                                            },
                                            {
                                                "Worker Number": 1,
                                                "Actual Startup Time": 741.958,
                                                "Actual Total Time": 741.961,
                                                "Actual Rows": 502683,
                                                "Actual Loops": 1
                                            },
                                            {
                                                "Worker Number": 2,
                                                "Actual Startup Time": 741.84,
                                                "Actual Total Time": 741.844,
                                                "Actual Rows": 718564,
                                                "Actual Loops": 1
                                            },
                                            {
                                                "Worker Number": 3,
                                                "Actual Startup Time": 741.923,
                                                "Actual Total Time": 741.927,
                                                "Actual Rows": 492801,
                                                "Actual Loops": 1
                                            },
                                            {
                                                "Worker Number": 4,
                                                "Actual Startup Time": 741.886,
                                                "Actual Total Time": 741.889,
                                                "Actual Rows": 678320,
                                                "Actual Loops": 1
                                            },
                                            {
                                                "Worker Number": 5,
                                                "Actual Startup Time": 741.958,
                                                "Actual Total Time": 741.962,
                                                "Actual Rows": 684847,
                                                "Actual Loops": 1
                                            }
                                        ],
                                        "Plans": [
                                            {
                                                "Node Type": "Hash Join",
                                                "Parent Relationship": "Outer",
                                                "Parallel Aware": true,
                                                "Join Type": "Inner",
                                                "Startup Cost": 50219.81,
                                                "Total Cost": 96591.81,
                                                "Plan Rows": 1400509,
                                                "Plan Width": 8,
                                                "Actual Startup Time": 265.144,
                                                "Actual Total Time": 499.972,
                                                "Actual Rows": 620910,
                                                "Actual Loops": 7,
                                                "Output": [
                                                    "t.id",
                                                    "mk.movie_id"
                                                ],
                                                "Inner Unique": true,
                                                "Hash Cond": "(mk.movie_id = t.id)",
                                                "Workers": [
                                                    {
                                                        "Worker Number": 0,
                                                        "Actual Startup Time": 265.068,
                                                        "Actual Total Time": 500.13,
                                                        "Actual Rows": 495934,
                                                        "Actual Loops": 1
                                                    },
                                                    {
                                                        "Worker Number": 1,
                                                        "Actual Startup Time": 265.178,
                                                        "Actual Total Time": 500.173,
                                                        "Actual Rows": 502683,
                                                        "Actual Loops": 1
                                                    },
                                                    {
                                                        "Worker Number": 2,
                                                        "Actual Startup Time": 265.147,
                                                        "Actual Total Time": 502.506,
                                                        "Actual Rows": 718564,
                                                        "Actual Loops": 1
                                                    },
                                                    {
                                                        "Worker Number": 3,
                                                        "Actual Startup Time": 265.171,
                                                        "Actual Total Time": 499.964,
                                                        "Actual Rows": 492801,
                                                        "Actual Loops": 1
                                                    },
                                                    {
                                                        "Worker Number": 4,
                                                        "Actual Startup Time": 265.121,
                                                        "Actual Total Time": 500.206,
                                                        "Actual Rows": 678320,
                                                        "Actual Loops": 1
                                                    },
                                                    {
                                                        "Worker Number": 5,
                                                        "Actual Startup Time": 265.15,
                                                        "Actual Total Time": 500.998,
                                                        "Actual Rows": 684847,
                                                        "Actual Loops": 1
                                                    }
                                                ],
                                                "Plans": [
                                                    {
                                                        "Node Type": "Seq Scan",
                                                        "Parent Relationship": "Outer",
                                                        "Parallel Aware": true,
                                                        "Relation Name": "movie_keyword",
                                                        "Schema": "public",
                                                        "Alias": "mk",
                                                        "Startup Cost": 0.0,
                                                        "Total Cost": 42695.65,
                                                        "Plan Rows": 1400509,
                                                        "Plan Width": 4,
                                                        "Actual Startup Time": 0.025,
                                                        "Actual Total Time": 99.573,
                                                        "Actual Rows": 620910,
                                                        "Actual Loops": 7,
                                                        "Output": [
                                                            "mk.id",
                                                            "mk.movie_id",
                                                            "mk.keyword_id"
                                                        ],
                                                        "Filter": "(mk.keyword_id > 121)",
                                                        "Rows Removed by Filter": 25366,
                                                        "Workers": [
                                                            {
                                                                "Worker Number": 0,
                                                                "Actual Startup Time": 0.027,
                                                                "Actual Total Time": 101.619,
                                                                "Actual Rows": 495934,
                                                                "Actual Loops": 1
                                                            },
                                                            {
                                                                "Worker Number": 1,
                                                                "Actual Startup Time": 0.034,
                                                                "Actual Total Time": 102.111,
                                                                "Actual Rows": 502683,
                                                                "Actual Loops": 1
                                                            },
                                                            {
                                                                "Worker Number": 2,
                                                                "Actual Startup Time": 0.021,
                                                                "Actual Total Time": 102.235,
                                                                "Actual Rows": 718564,
                                                                "Actual Loops": 1
                                                            },
                                                            {
                                                                "Worker Number": 3,
                                                                "Actual Startup Time": 0.032,
                                                                "Actual Total Time": 101.256,
                                                                "Actual Rows": 492801,
                                                                "Actual Loops": 1
                                                            },
                                                            {
                                                                "Worker Number": 4,
                                                                "Actual Startup Time": 0.015,
                                                                "Actual Total Time": 101.57,
                                                                "Actual Rows": 678320,
                                                                "Actual Loops": 1
                                                            },
                                                            {
                                                                "Worker Number": 5,
                                                                "Actual Startup Time": 0.032,
                                                                "Actual Total Time": 101.776,
                                                                "Actual Rows": 684847,
                                                                "Actual Loops": 1
                                                            }
                                                        ]
                                                    },
                                                    {
                                                        "Node Type": "Hash",
                                                        "Parent Relationship": "Inner",
                                                        "Parallel Aware": true,
                                                        "Startup Cost": 42318.81,
                                                        "Total Cost": 42318.81,
                                                        "Plan Rows": 632080,
                                                        "Plan Width": 4,
                                                        "Actual Startup Time": 261.368,
                                                        "Actual Total Time": 261.369,
                                                        "Actual Rows": 361187,
                                                        "Actual Loops": 7,
                                                        "Output": [
                                                            "t.id"
                                                        ],
                                                        "Hash Buckets": 4194304,
                                                        "Original Hash Buckets": 4194304,
                                                        "Hash Batches": 1,
                                                        "Original Hash Batches": 1,
                                                        "Peak Memory Usage": 131776,
                                                        "Workers": [
                                                            {
                                                                "Worker Number": 0,
                                                                "Actual Startup Time": 264.845,
                                                                "Actual Total Time": 264.847,
                                                                "Actual Rows": 302937,
                                                                "Actual Loops": 1
                                                            },
                                                            {
                                                                "Worker Number": 1,
                                                                "Actual Startup Time": 264.87,
                                                                "Actual Total Time": 264.871,
                                                                "Actual Rows": 300091,
                                                                "Actual Loops": 1
                                                            },
                                                            {
                                                                "Worker Number": 2,
                                                                "Actual Startup Time": 264.857,
                                                                "Actual Total Time": 264.858,
                                                                "Actual Rows": 392704,
                                                                "Actual Loops": 1
                                                            },
                                                            {
                                                                "Worker Number": 3,
                                                                "Actual Startup Time": 264.867,
                                                                "Actual Total Time": 264.868,
                                                                "Actual Rows": 295847,
                                                                "Actual Loops": 1
                                                            },
                                                            {
                                                                "Worker Number": 4,
                                                                "Actual Startup Time": 264.81,
                                                                "Actual Total Time": 264.81,
                                                                "Actual Rows": 358250,
                                                                "Actual Loops": 1
                                                            },
                                                            {
                                                                "Worker Number": 5,
                                                                "Actual Startup Time": 264.85,
                                                                "Actual Total Time": 264.851,
                                                                "Actual Rows": 356539,
                                                                "Actual Loops": 1
                                                            }
                                                        ],
                                                        "Plans": [
                                                            {
                                                                "Node Type": "Seq Scan",
                                                                "Parent Relationship": "Outer",
                                                                "Parallel Aware": true,
                                                                "Relation Name": "title",
                                                                "Schema": "public",
                                                                "Alias": "t",
                                                                "Startup Cost": 0.0,
                                                                "Total Cost": 42318.81,
                                                                "Plan Rows": 632080,
                                                                "Plan Width": 4,
                                                                "Actual Startup Time": 0.065,
                                                                "Actual Total Time": 73.891,
                                                                "Actual Rows": 361187,
                                                                "Actual Loops": 7,
                                                                "Output": [
                                                                    "t.id"
                                                                ],
                                                                "Workers": [
                                                                    {
                                                                        "Worker Number": 0,
                                                                        "Actual Startup Time": 0.076,
                                                                        "Actual Total Time": 79.619,
                                                                        "Actual Rows": 302937,
                                                                        "Actual Loops": 1
                                                                    },
                                                                    {
                                                                        "Worker Number": 1,
                                                                        "Actual Startup Time": 0.074,
                                                                        "Actual Total Time": 78.799,
                                                                        "Actual Rows": 300091,
                                                                        "Actual Loops": 1
                                                                    },
                                                                    {
                                                                        "Worker Number": 2,
                                                                        "Actual Startup Time": 0.075,
                                                                        "Actual Total Time": 74.789,
                                                                        "Actual Rows": 392704,
                                                                        "Actual Loops": 1
                                                                    },
                                                                    {
                                                                        "Worker Number": 3,
                                                                        "Actual Startup Time": 0.065,
                                                                        "Actual Total Time": 78.678,
                                                                        "Actual Rows": 295847,
                                                                        "Actual Loops": 1
                                                                    },
                                                                    {
                                                                        "Worker Number": 4,
                                                                        "Actual Startup Time": 0.07,
                                                                        "Actual Total Time": 73.435,
                                                                        "Actual Rows": 358250,
                                                                        "Actual Loops": 1
                                                                    },
                                                                    {
                                                                        "Worker Number": 5,
                                                                        "Actual Startup Time": 0.081,
                                                                        "Actual Total Time": 73.431,
                                                                        "Actual Rows": 356539,
                                                                        "Actual Loops": 1
                                                                    }
                                                                ]
                                                            }
                                                        ]
                                                    }
                                                ]
                                            }
                                        ]
                                    }
                                ]
                            }
                        ]
                    }
                ]
            }
        ]
    },
    "Planning Time": 1.438,
    "Triggers": [],
    "Execution Time": 3416.562
}