[
  {
    "Plan": {
      "Node Type": "Aggregate",
      "Strategy": "Plain",
      "Partial Mode": "Finalize",
      "Parallel Aware": false,
      "Startup Cost": 46882.57,
      "Total Cost": 46882.58,
      "Plan Rows": 1,
      "Plan Width": 8,
      "Actual Startup Time": 104.231,
      "Actual Total Time": 116.176,
      "Actual Rows": 1,
      "Actual Loops": 1,
      "Plans": [
        {
          "Node Type": "Gather",
          "Parent Relationship": "Outer",
          "Parallel Aware": false,
          "Startup Cost": 46882.15,
          "Total Cost": 46882.56,
          "Plan Rows": 4,
          "Plan Width": 8,
          "Actual Startup Time": 103.905,
          "Actual Total Time": 116.167,
          "Actual Rows": 5,
          "Actual Loops": 1,
          "Workers Planned": 4,
          "Workers Launched": 4,
          "Single Copy": false,
          "Plans": [
            {
              "Node Type": "Aggregate",
              "Strategy": "Plain",
              "Partial Mode": "Partial",
              "Parent Relationship": "Outer",
              "Parallel Aware": false,
              "Startup Cost": 45882.15,
              "Total Cost": 45882.16,
              "Plan Rows": 1,
              "Plan Width": 8,
              "Actual Startup Time": 94.71,
              "Actual Total Time": 94.712,
              "Actual Rows": 1,
              "Actual Loops": 5,
              "Plans": [
                {
                  "Node Type": "Seq Scan",
                  "Parent Relationship": "Outer",
                  "Parallel Aware": true,
                  "Relation Name": "title",
                  "Alias": "t",
                  "Startup Cost": 0.0,
                  "Total Cost": 45479.1,
                  "Plan Rows": 161220,
                  "Plan Width": 0,
                  "Actual Startup Time": 45.867,
                  "Actual Total Time": 89.4,
                  "Actual Rows": 131262,
                  "Actual Loops": 5,
                  "Filter": "((production_year > 0) AND (kind_id = 1))",
                  "Rows Removed by Filter": 374400
                }
              ]
            }
          ]
        }
      ]
    },
    "Planning Time": 0.22,
    "Triggers": [],
    "Execution Time": 116.235
  }
]