[
    {
        "Bao": {
            "Bao prediction": "NaN",
            "Bao recommended hint": "(no hint)"
        }
    },
    {
        "Plan": {
            "Node Type": "Aggregate",
            "Strategy": "Plain",
            "Partial Mode": "Simple",
            "Parallel Aware": false,
            "Startup Cost": 22893.51,
            "Total Cost": 22893.52,
            "Plan Rows": 1,
            "Plan Width": 8,
            "Actual Startup Time": 50.431,
            "Actual Total Time": 50.433,
            "Actual Rows": 1,
            "Actual Loops": 1,
            "Output": [
                "count(*)"
            ],
            "Plans": [
                {
                    "Node Type": "Bitmap Heap Scan",
                    "Parent Relationship": "Outer",
                    "Parallel Aware": false,
                    "Relation Name": "movie_companies",
                    "Schema": "public",
                    "Alias": "mc",
                    "Startup Cost": 2339.28,
                    "Total Cost": 22755.34,
                    "Plan Rows": 55268,
                    "Plan Width": 0,
                    "Actual Startup Time": 10.768,
                    "Actual Total Time": 42.706,
                    "Actual Rows": 110734,
                    "Actual Loops": 1,
                    "Recheck Cond": "(mc.company_id > 151441)",
                    "Rows Removed by Index Recheck": 0,
                    "Filter": "(mc.company_type_id > 1)",
                    "Rows Removed by Filter": 0,
                    "Exact Heap Blocks": 3348,
                    "Lossy Heap Blocks": 0,
                    "Plans": [
                        {
                            "Node Type": "Bitmap Index Scan",
                            "Parent Relationship": "Outer",
                            "Parallel Aware": false,
                            "Index Name": "company_id_movie_companies",
                            "Startup Cost": 0.0,
                            "Total Cost": 2325.46,
                            "Plan Rows": 108404,
                            "Plan Width": 0,
                            "Actual Startup Time": 9.839,
                            "Actual Total Time": 9.839,
                            "Actual Rows": 110734,
                            "Actual Loops": 1,
                            "Index Cond": "(mc.company_id > 151441)"
                        }
                    ]
                }
            ]
        },
        "Planning Time": 283.056,
        "Triggers": [],
        "Execution Time": 50.495
    }
]