[
  {
    "Plan": {
      "Node Type": "Aggregate",
      "Strategy": "Plain",
      "Partial Mode": "Finalize",
      "Parallel Aware": false,
      "Startup Cost": 45844.53,
      "Total Cost": 45844.54,
      "Plan Rows": 1,
      "Plan Width": 8,
      "Actual Startup Time": 152.14,
      "Actual Total Time": 161.529,
      "Actual Rows": 1,
      "Actual Loops": 1,
      "Plans": [
        {
          "Node Type": "Gather",
          "Parent Relationship": "Outer",
          "Parallel Aware": false,
          "Startup Cost": 45844.22,
          "Total Cost": 45844.53,
          "Plan Rows": 3,
          "Plan Width": 8,
          "Actual Startup Time": 151.986,
          "Actual Total Time": 161.522,
          "Actual Rows": 4,
          "Actual Loops": 1,
          "Workers Planned": 3,
          "Workers Launched": 3,
          "Single Copy": false,
          "Plans": [
            {
              "Node Type": "Aggregate",
              "Strategy": "Plain",
              "Partial Mode": "Partial",
              "Parent Relationship": "Outer",
              "Parallel Aware": false,
              "Startup Cost": 44844.22,
              "Total Cost": 44844.23,
              "Plan Rows": 1,
              "Plan Width": 8,
              "Actual Startup Time": 146.984,
              "Actual Total Time": 146.985,
              "Actual Rows": 1,
              "Actual Loops": 4,
              "Plans": [
                {
                  "Node Type": "Seq Scan",
                  "Parent Relationship": "Outer",
                  "Parallel Aware": true,
                  "Relation Name": "movie_keyword",
                  "Alias": "mk",
                  "Startup Cost": 0.0,
                  "Total Cost": 42695.65,
                  "Plan Rows": 859425,
                  "Plan Width": 0,
                  "Actual Startup Time": 0.039,
                  "Actual Total Time": 115.407,
                  "Actual Rows": 669062,
                  "Actual Loops": 4,
                  "Filter": "(keyword_id < 7498)",
                  "Rows Removed by Filter": 461920
                }
              ]
            }
          ]
        }
      ]
    },
    "Planning Time": 0.121,
    "Triggers": [],
    "Execution Time": 161.568
  }
]