[
    {
        "Bao": {
            "Bao prediction": 906.31,
            "Bao recommended hint": "(no hint)"
        }
    },
    {
        "Plan": {
            "Node Type": "Aggregate",
            "Strategy": "Plain",
            "Partial Mode": "Finalize",
            "Parallel Aware": false,
            "Startup Cost": 77405.95,
            "Total Cost": 77405.96,
            "Plan Rows": 1,
            "Plan Width": 8,
            "Actual Startup Time": 275.099,
            "Actual Total Time": 285.631,
            "Actual Rows": 1,
            "Actual Loops": 1,
            "Output": [
                "count(*)"
            ],
            "Plans": [
                {
                    "Node Type": "Gather",
                    "Parent Relationship": "Outer",
                    "Parallel Aware": false,
                    "Startup Cost": 77405.53,
                    "Total Cost": 77405.94,
                    "Plan Rows": 4,
                    "Plan Width": 8,
                    "Actual Startup Time": 271.862,
                    "Actual Total Time": 285.622,
                    "Actual Rows": 5,
                    "Actual Loops": 1,
                    "Output": [
                        "(PARTIAL count(*))"
                    ],
                    "Workers Planned": 4,
                    "Workers Launched": 4,
                    "Single Copy": false,
                    "Plans": [
                        {
                            "Node Type": "Aggregate",
                            "Strategy": "Plain",
                            "Partial Mode": "Partial",
                            "Parent Relationship": "Outer",
                            "Parallel Aware": false,
                            "Startup Cost": 76405.53,
                            "Total Cost": 76405.54,
                            "Plan Rows": 1,
                            "Plan Width": 8,
                            "Actual Startup Time": 262.572,
                            "Actual Total Time": 262.575,
                            "Actual Rows": 1,
                            "Actual Loops": 5,
                            "Output": [
                                "PARTIAL count(*)"
                            ],
                            "Workers": [
                                {
                                    "Worker Number": 0,
                                    "Actual Startup Time": 259.942,
                                    "Actual Total Time": 259.946,
                                    "Actual Rows": 1,
                                    "Actual Loops": 1
                                },
                                {
                                    "Worker Number": 1,
                                    "Actual Startup Time": 260.46,
                                    "Actual Total Time": 260.462,
                                    "Actual Rows": 1,
                                    "Actual Loops": 1
                                },
                                {
                                    "Worker Number": 2,
                                    "Actual Startup Time": 260.631,
                                    "Actual Total Time": 260.634,
                                    "Actual Rows": 1,
                                    "Actual Loops": 1
                                },
                                {
                                    "Worker Number": 3,
                                    "Actual Startup Time": 260.726,
                                    "Actual Total Time": 260.728,
                                    "Actual Rows": 1,
                                    "Actual Loops": 1
                                }
                            ],
                            "Plans": [
                                {
                                    "Node Type": "Hash Join",
                                    "Parent Relationship": "Outer",
                                    "Parallel Aware": true,
                                    "Join Type": "Inner",
                                    "Startup Cost": 30368.89,
                                    "Total Cost": 76162.15,
                                    "Plan Rows": 97354,
                                    "Plan Width": 0,
                                    "Actual Startup Time": 110.592,
                                    "Actual Total Time": 258.92,
                                    "Actual Rows": 77525,
                                    "Actual Loops": 5,
                                    "Inner Unique": false,
                                    "Hash Cond": "(t.id = mc.movie_id)",
                                    "Workers": [
                                        {
                                            "Worker Number": 0,
                                            "Actual Startup Time": 108.003,
                                            "Actual Total Time": 256.363,
                                            "Actual Rows": 75864,
                                            "Actual Loops": 1
                                        },
                                        {
                                            "Worker Number": 1,
                                            "Actual Startup Time": 108.522,
                                            "Actual Total Time": 256.763,
                                            "Actual Rows": 74238,
                                            "Actual Loops": 1
                                        },
                                        {
                                            "Worker Number": 2,
                                            "Actual Startup Time": 108.732,
                                            "Actual Total Time": 256.954,
                                            "Actual Rows": 74615,
                                            "Actual Loops": 1
                                        },
                                        {
                                            "Worker Number": 3,
                                            "Actual Startup Time": 108.546,
                                            "Actual Total Time": 257.11,
                                            "Actual Rows": 72932,
                                            "Actual Loops": 1
                                        }
                                    ],
                                    "Plans": [
                                        {
                                            "Node Type": "Seq Scan",
                                            "Parent Relationship": "Outer",
                                            "Parallel Aware": true,
                                            "Relation Name": "title",
                                            "Schema": "public",
                                            "Alias": "t",
                                            "Startup Cost": 0.0,
                                            "Total Cost": 42318.81,
                                            "Plan Rows": 632080,
                                            "Plan Width": 4,
                                            "Actual Startup Time": 0.006,
                                            "Actual Total Time": 55.586,
                                            "Actual Rows": 505662,
                                            "Actual Loops": 5,
                                            "Output": [
                                                "t.id",
                                                "t.title",
                                                "t.imdb_index",
                                                "t.kind_id",
                                                "t.production_year",
                                                "t.imdb_id",
                                                "t.phonetic_code",
                                                "t.episode_of_id",
                                                "t.season_nr",
                                                "t.episode_nr",
                                                "t.series_years",
                                                "t.md5sum"
                                            ],
                                            "Workers": [
                                                {
                                                    "Worker Number": 0,
                                                    "Actual Startup Time": 0.006,
                                                    "Actual Total Time": 58.227,
                                                    "Actual Rows": 497847,
                                                    "Actual Loops": 1
                                                },
                                                {
                                                    "Worker Number": 1,
                                                    "Actual Startup Time": 0.007,
                                                    "Actual Total Time": 56.996,
                                                    "Actual Rows": 482866,
                                                    "Actual Loops": 1
                                                },
                                                {
                                                    "Worker Number": 2,
                                                    "Actual Startup Time": 0.008,
                                                    "Actual Total Time": 56.696,
                                                    "Actual Rows": 485082,
                                                    "Actual Loops": 1
                                                },
                                                {
                                                    "Worker Number": 3,
                                                    "Actual Startup Time": 0.006,
                                                    "Actual Total Time": 56.691,
                                                    "Actual Rows": 474809,
                                                    "Actual Loops": 1
                                                }
                                            ]
                                        },
                                        {
                                            "Node Type": "Hash",
                                            "Parent Relationship": "Inner",
                                            "Parallel Aware": true,
                                            "Startup Cost": 28798.65,
                                            "Total Cost": 28798.65,
                                            "Plan Rows": 125619,
                                            "Plan Width": 4,
                                            "Actual Startup Time": 107.812,
                                            "Actual Total Time": 107.814,
                                            "Actual Rows": 77525,
                                            "Actual Loops": 5,
                                            "Output": [
                                                "mc.movie_id"
                                            ],
                                            "Hash Buckets": 524288,
                                            "Original Hash Buckets": 524288,
                                            "Hash Batches": 1,
                                            "Original Hash Batches": 1,
                                            "Peak Memory Usage": 19360,
                                            "Workers": [
                                                {
                                                    "Worker Number": 0,
                                                    "Actual Startup Time": 107.627,
                                                    "Actual Total Time": 107.629,
                                                    "Actual Rows": 60377,
                                                    "Actual Loops": 1
                                                },
                                                {
                                                    "Worker Number": 1,
                                                    "Actual Startup Time": 108.14,
                                                    "Actual Total Time": 108.141,
                                                    "Actual Rows": 61540,
                                                    "Actual Loops": 1
                                                },
                                                {
                                                    "Worker Number": 2,
                                                    "Actual Startup Time": 108.275,
                                                    "Actual Total Time": 108.276,
                                                    "Actual Rows": 57310,
                                                    "Actual Loops": 1
                                                },
                                                {
                                                    "Worker Number": 3,
                                                    "Actual Startup Time": 108.16,
                                                    "Actual Total Time": 108.162,
                                                    "Actual Rows": 55902,
                                                    "Actual Loops": 1
                                                }
                                            ],
                                            "Plans": [
                                                {
                                                    "Node Type": "Bitmap Heap Scan",
                                                    "Parent Relationship": "Outer",
                                                    "Parallel Aware": true,
                                                    "Relation Name": "movie_companies",
                                                    "Schema": "public",
                                                    "Alias": "mc",
                                                    "Startup Cost": 8438.42,
                                                    "Total Cost": 28798.65,
                                                    "Plan Rows": 125619,
                                                    "Plan Width": 4,
                                                    "Actual Startup Time": 32.661,
                                                    "Actual Total Time": 77.027,
                                                    "Actual Rows": 77525,
                                                    "Actual Loops": 5,
                                                    "Output": [
                                                        "mc.movie_id"
                                                    ],
                                                    "Recheck Cond": "(mc.company_id < 228)",
                                                    "Rows Removed by Index Recheck": 0,
                                                    "Exact Heap Blocks": 6238,
                                                    "Lossy Heap Blocks": 0,
                                                    "Workers": [
                                                        {
                                                            "Worker Number": 0,
                                                            "Actual Startup Time": 32.632,
                                                            "Actual Total Time": 78.734,
                                                            "Actual Rows": 60377,
                                                            "Actual Loops": 1
                                                        },
                                                        {
                                                            "Worker Number": 1,
                                                            "Actual Startup Time": 32.729,
                                                            "Actual Total Time": 77.791,
                                                            "Actual Rows": 61540,
                                                            "Actual Loops": 1
                                                        },
                                                        {
                                                            "Worker Number": 2,
                                                            "Actual Startup Time": 32.71,
                                                            "Actual Total Time": 78.201,
                                                            "Actual Rows": 57310,
                                                            "Actual Loops": 1
                                                        },
                                                        {
                                                            "Worker Number": 3,
                                                            "Actual Startup Time": 32.651,
                                                            "Actual Total Time": 78.402,
                                                            "Actual Rows": 55902,
                                                            "Actual Loops": 1
                                                        }
                                                    ],
                                                    "Plans": [
                                                        {
                                                            "Node Type": "Bitmap Index Scan",
                                                            "Parent Relationship": "Outer",
                                                            "Parallel Aware": false,
                                                            "Index Name": "company_id_movie_companies",
                                                            "Startup Cost": 0.0,
                                                            "Total Cost": 8341.07,
                                                            "Plan Rows": 389418,
                                                            "Plan Width": 0,
                                                            "Actual Startup Time": 29.372,
                                                            "Actual Total Time": 29.372,
                                                            "Actual Rows": 387626,
                                                            "Actual Loops": 1,
                                                            "Index Cond": "(mc.company_id < 228)"
                                                        }
                                                    ]
                                                }
                                            ]
                                        }
                                    ]
                                }
                            ]
                        }
                    ]
                }
            ]
        },
        "Planning Time": 457.594,
        "Triggers": [],
        "Execution Time": 285.746
    }
]