[
  {
    "Plan": {
      "Node Type": "Aggregate",
      "Strategy": "Plain",
      "Partial Mode": "Finalize",
      "Parallel Aware": false,
      "Startup Cost": 76088.99,
      "Total Cost": 76089.0,
      "Plan Rows": 1,
      "Plan Width": 8,
      "Actual Startup Time": 223.298,
      "Actual Total Time": 241.558,
      "Actual Rows": 1,
      "Actual Loops": 1,
      "Plans": [
        {
          "Node Type": "Gather",
          "Parent Relationship": "Outer",
          "Parallel Aware": false,
          "Startup Cost": 76088.67,
          "Total Cost": 76088.98,
          "Plan Rows": 3,
          "Plan Width": 8,
          "Actual Startup Time": 222.935,
          "Actual Total Time": 241.548,
          "Actual Rows": 4,
          "Actual Loops": 1,
          "Workers Planned": 3,
          "Workers Launched": 3,
          "Single Copy": false,
          "Plans": [
            {
              "Node Type": "Aggregate",
              "Strategy": "Plain",
              "Partial Mode": "Partial",
              "Parent Relationship": "Outer",
              "Parallel Aware": false,
              "Startup Cost": 75088.67,
              "Total Cost": 75088.68,
              "Plan Rows": 1,
              "Plan Width": 8,
              "Actual Startup Time": 214.542,
              "Actual Total Time": 214.545,
              "Actual Rows": 1,
              "Actual Loops": 4,
              "Plans": [
                {
                  "Node Type": "Hash Join",
                  "Parent Relationship": "Outer",
                  "Parallel Aware": true,
                  "Join Type": "Inner",
                  "Startup Cost": 45632.05,
                  "Total Cost": 75047.94,
                  "Plan Rows": 16293,
                  "Plan Width": 0,
                  "Actual Startup Time": 98.058,
                  "Actual Total Time": 213.696,
                  "Actual Rows": 16365,
                  "Actual Loops": 4,
                  "Inner Unique": true,
                  "Hash Cond": "(mc.movie_id = t.id)",
                  "Plans": [
                    {
                      "Node Type": "Seq Scan",
                      "Parent Relationship": "Outer",
                      "Parallel Aware": true,
                      "Relation Name": "movie_companies",
                      "Alias": "mc",
                      "Startup Cost": 0.0,
                      "Total Cost": 27206.55,
                      "Plan Rows": 841655,
                      "Plan Width": 4,
                      "Actual Startup Time": 0.017,
                      "Actual Total Time": 55.435,
                      "Actual Rows": 652282,
                      "Actual Loops": 4
                    },
                    {
                      "Node Type": "Hash",
                      "Parent Relationship": "Inner",
                      "Parallel Aware": true,
                      "Startup Cost": 45479.1,
                      "Total Cost": 45479.1,
                      "Plan Rows": 12236,
                      "Plan Width": 4,
                      "Actual Startup Time": 96.555,
                      "Actual Total Time": 96.556,
                      "Actual Rows": 10225,
                      "Actual Loops": 4,
                      "Hash Buckets": 65536,
                      "Original Hash Buckets": 65536,
                      "Hash Batches": 1,
                      "Original Hash Batches": 1,
                      "Peak Memory Usage": 2176,
                      "Plans": [
                        {
                          "Node Type": "Seq Scan",
                          "Parent Relationship": "Outer",
                          "Parallel Aware": true,
                          "Relation Name": "title",
                          "Alias": "t",
                          "Startup Cost": 0.0,
                          "Total Cost": 45479.1,
                          "Plan Rows": 12236,
                          "Plan Width": 4,
                          "Actual Startup Time": 0.182,
                          "Actual Total Time": 92.841,
                          "Actual Rows": 10225,
                          "Actual Loops": 4,
                          "Filter": "((kind_id < 4) AND (production_year = 2010))",
                          "Rows Removed by Filter": 621853
                        }
                      ]
                    }
                  ]
                }
              ]
            }
          ]
        }
      ]
    },
    "Planning Time": 0.624,
    "Triggers": [],
    "Execution Time": 241.624
  }
]