[
    {
        "Bao": {
            "Bao prediction": "NaN",
            "Bao recommended hint": "(no hint)"
        }
    },
    {
        "Plan": {
            "Node Type": "Aggregate",
            "Strategy": "Plain",
            "Partial Mode": "Finalize",
            "Parallel Aware": false,
            "Startup Cost": 336269.76,
            "Total Cost": 336269.77,
            "Plan Rows": 1,
            "Plan Width": 8,
            "Actual Startup Time": 735.039,
            "Actual Total Time": 766.166,
            "Actual Rows": 1,
            "Actual Loops": 1,
            "Output": [
                "count(*)"
            ],
            "Plans": [
                {
                    "Node Type": "Gather",
                    "Parent Relationship": "Outer",
                    "Parallel Aware": false,
                    "Startup Cost": 336269.14,
                    "Total Cost": 336269.75,
                    "Plan Rows": 6,
                    "Plan Width": 8,
                    "Actual Startup Time": 734.956,
                    "Actual Total Time": 766.156,
                    "Actual Rows": 7,
                    "Actual Loops": 1,
                    "Output": [
                        "(PARTIAL count(*))"
                    ],
                    "Workers Planned": 6,
                    "Workers Launched": 6,
                    "Single Copy": false,
                    "Plans": [
                        {
                            "Node Type": "Aggregate",
                            "Strategy": "Plain",
                            "Partial Mode": "Partial",
                            "Parent Relationship": "Outer",
                            "Parallel Aware": false,
                            "Startup Cost": 335269.14,
                            "Total Cost": 335269.15,
                            "Plan Rows": 1,
                            "Plan Width": 8,
                            "Actual Startup Time": 725.053,
                            "Actual Total Time": 725.054,
                            "Actual Rows": 1,
                            "Actual Loops": 7,
                            "Output": [
                                "PARTIAL count(*)"
                            ],
                            "Workers": [
                                {
                                    "Worker Number": 0,
                                    "Actual Startup Time": 722.883,
                                    "Actual Total Time": 722.884,
                                    "Actual Rows": 1,
                                    "Actual Loops": 1
                                },
                                {
                                    "Worker Number": 1,
                                    "Actual Startup Time": 723.283,
                                    "Actual Total Time": 723.284,
                                    "Actual Rows": 1,
                                    "Actual Loops": 1
                                },
                                {
                                    "Worker Number": 2,
                                    "Actual Startup Time": 723.52,
                                    "Actual Total Time": 723.521,
                                    "Actual Rows": 1,
                                    "Actual Loops": 1
                                },
                                {
                                    "Worker Number": 3,
                                    "Actual Startup Time": 723.503,
                                    "Actual Total Time": 723.504,
                                    "Actual Rows": 1,
                                    "Actual Loops": 1
                                },
                                {
                                    "Worker Number": 4,
                                    "Actual Startup Time": 723.771,
                                    "Actual Total Time": 723.772,
                                    "Actual Rows": 1,
                                    "Actual Loops": 1
                                },
                                {
                                    "Worker Number": 5,
                                    "Actual Startup Time": 724.209,
                                    "Actual Total Time": 724.21,
                                    "Actual Rows": 1,
                                    "Actual Loops": 1
                                }
                            ],
                            "Plans": [
                                {
                                    "Node Type": "Seq Scan",
                                    "Parent Relationship": "Outer",
                                    "Parallel Aware": true,
                                    "Relation Name": "cast_info",
                                    "Schema": "public",
                                    "Alias": "ci",
                                    "Startup Cost": 0.0,
                                    "Total Cost": 328213.62,
                                    "Plan Rows": 2822208,
                                    "Plan Width": 0,
                                    "Actual Startup Time": 211.057,
                                    "Actual Total Time": 599.529,
                                    "Actual Rows": 2428169,
                                    "Actual Loops": 7,
                                    "Output": [
                                        "id",
                                        "person_id",
                                        "movie_id",
                                        "person_role_id",
                                        "note",
                                        "nr_order",
                                        "role_id"
                                    ],
                                    "Filter": "(ci.person_id > 1923454)",
                                    "Rows Removed by Filter": 2749594,
                                    "Workers": [
                                        {
                                            "Worker Number": 0,
                                            "Actual Startup Time": 208.888,
                                            "Actual Total Time": 599.655,
                                            "Actual Rows": 1857565,
                                            "Actual Loops": 1
                                        },
                                        {
                                            "Worker Number": 1,
                                            "Actual Startup Time": 209.303,
                                            "Actual Total Time": 599.712,
                                            "Actual Rows": 1866510,
                                            "Actual Loops": 1
                                        },
                                        {
                                            "Worker Number": 2,
                                            "Actual Startup Time": 209.517,
                                            "Actual Total Time": 600.181,
                                            "Actual Rows": 1862255,
                                            "Actual Loops": 1
                                        },
                                        {
                                            "Worker Number": 3,
                                            "Actual Startup Time": 209.518,
                                            "Actual Total Time": 600.375,
                                            "Actual Rows": 1859523,
                                            "Actual Loops": 1
                                        },
                                        {
                                            "Worker Number": 4,
                                            "Actual Startup Time": 209.778,
                                            "Actual Total Time": 603.759,
                                            "Actual Rows": 2893674,
                                            "Actual Loops": 1
                                        },
                                        {
                                            "Worker Number": 5,
                                            "Actual Startup Time": 210.216,
                                            "Actual Total Time": 601.615,
                                            "Actual Rows": 3008406,
                                            "Actual Loops": 1
                                        }
                                    ]
                                }
                            ]
                        }
                    ]
                }
            ]
        },
        "Planning Time": 218.772,
        "Triggers": [],
        "Execution Time": 766.266
    }
]