[
  {
    "Plan": {
      "Node Type": "Aggregate",
      "Strategy": "Plain",
      "Partial Mode": "Finalize",
      "Parallel Aware": false,
      "Startup Cost": 340744.15,
      "Total Cost": 340744.16,
      "Plan Rows": 1,
      "Plan Width": 8,
      "Actual Startup Time": 447.549,
      "Actual Total Time": 469.458,
      "Actual Rows": 1,
      "Actual Loops": 1,
      "Plans": [
        {
          "Node Type": "Gather",
          "Parent Relationship": "Outer",
          "Parallel Aware": false,
          "Startup Cost": 340743.52,
          "Total Cost": 340744.13,
          "Plan Rows": 6,
          "Plan Width": 8,
          "Actual Startup Time": 447.457,
          "Actual Total Time": 469.446,
          "Actual Rows": 7,
          "Actual Loops": 1,
          "Workers Planned": 6,
          "Workers Launched": 6,
          "Single Copy": false,
          "Plans": [
            {
              "Node Type": "Aggregate",
              "Strategy": "Plain",
              "Partial Mode": "Partial",
              "Parent Relationship": "Outer",
              "Parallel Aware": false,
              "Startup Cost": 339743.52,
              "Total Cost": 339743.53,
              "Plan Rows": 1,
              "Plan Width": 8,
              "Actual Startup Time": 437.662,
              "Actual Total Time": 437.663,
              "Actual Rows": 1,
              "Actual Loops": 7,
              "Plans": [
                {
                  "Node Type": "Index Scan",
                  "Parent Relationship": "Outer",
                  "Parallel Aware": true,
                  "Scan Direction": "Forward",
                  "Index Name": "role_id_cast_info",
                  "Relation Name": "cast_info",
                  "Alias": "ci",
                  "Startup Cost": 0.56,
                  "Total Cost": 335235.55,
                  "Plan Rows": 1803190,
                  "Plan Width": 0,
                  "Actual Startup Time": 119.184,
                  "Actual Total Time": 382.4,
                  "Actual Rows": 1296045,
                  "Actual Loops": 7,
                  "Index Cond": "(role_id = 1)",
                  "Rows Removed by Index Recheck": 0,
                  "Filter": "(person_id > 482125)",
                  "Rows Removed by Filter": 514053
                }
              ]
            }
          ]
        }
      ]
    },
    "Planning Time": 0.203,
    "Triggers": [],
    "Execution Time": 469.515
  }
]