[
  {
    "Plan": {
      "Node Type": "Aggregate",
      "Strategy": "Plain",
      "Partial Mode": "Finalize",
      "Parallel Aware": false,
      "Startup Cost": 46752.92,
      "Total Cost": 46752.93,
      "Plan Rows": 1,
      "Plan Width": 8,
      "Actual Startup Time": 94.888,
      "Actual Total Time": 106.441,
      "Actual Rows": 1,
      "Actual Loops": 1,
      "Plans": [
        {
          "Node Type": "Gather",
          "Parent Relationship": "Outer",
          "Parallel Aware": false,
          "Startup Cost": 46752.5,
          "Total Cost": 46752.91,
          "Plan Rows": 4,
          "Plan Width": 8,
          "Actual Startup Time": 94.723,
          "Actual Total Time": 106.431,
          "Actual Rows": 5,
          "Actual Loops": 1,
          "Workers Planned": 4,
          "Workers Launched": 4,
          "Single Copy": false,
          "Plans": [
            {
              "Node Type": "Aggregate",
              "Strategy": "Plain",
              "Partial Mode": "Partial",
              "Parent Relationship": "Outer",
              "Parallel Aware": false,
              "Startup Cost": 45752.5,
              "Total Cost": 45752.51,
              "Plan Rows": 1,
              "Plan Width": 8,
              "Actual Startup Time": 88.841,
              "Actual Total Time": 88.843,
              "Actual Rows": 1,
              "Actual Loops": 5,
              "Plans": [
                {
                  "Node Type": "Seq Scan",
                  "Parent Relationship": "Outer",
                  "Parallel Aware": true,
                  "Relation Name": "title",
                  "Alias": "t",
                  "Startup Cost": 0.0,
                  "Total Cost": 45479.59,
                  "Plan Rows": 109165,
                  "Plan Width": 0,
                  "Actual Startup Time": 49.166,
                  "Actual Total Time": 84.531,
                  "Actual Rows": 94784,
                  "Actual Loops": 5,
                  "Filter": "((kind_id < 2) AND (production_year < 2008))",
                  "Rows Removed by Filter": 410879
                }
              ]
            }
          ]
        }
      ]
    },
    "Planning Time": 0.198,
    "Triggers": [],
    "Execution Time": 106.509
  }
]