[
  {
    "Plan": {
      "Node Type": "Aggregate",
      "Strategy": "Plain",
      "Partial Mode": "Finalize",
      "Parallel Aware": false,
      "Startup Cost": 186132.31,
      "Total Cost": 186132.32,
      "Plan Rows": 1,
      "Plan Width": 8,
      "Actual Startup Time": 1405.297,
      "Actual Total Time": 1452.467,
      "Actual Rows": 1,
      "Actual Loops": 1,
      "Plans": [
        {
          "Node Type": "Gather",
          "Parent Relationship": "Outer",
          "Parallel Aware": false,
          "Startup Cost": 186131.99,
          "Total Cost": 186132.3,
          "Plan Rows": 3,
          "Plan Width": 8,
          "Actual Startup Time": 1402.594,
          "Actual Total Time": 1452.456,
          "Actual Rows": 4,
          "Actual Loops": 1,
          "Workers Planned": 3,
          "Workers Launched": 3,
          "Single Copy": false,
          "Plans": [
            {
              "Node Type": "Aggregate",
              "Strategy": "Plain",
              "Partial Mode": "Partial",
              "Parent Relationship": "Outer",
              "Parallel Aware": false,
              "Startup Cost": 185131.99,
              "Total Cost": 185132.0,
              "Plan Rows": 1,
              "Plan Width": 8,
              "Actual Startup Time": 1397.795,
              "Actual Total Time": 1397.799,
              "Actual Rows": 1,
              "Actual Loops": 4,
              "Plans": [
                {
                  "Node Type": "Nested Loop",
                  "Parent Relationship": "Outer",
                  "Parallel Aware": false,
                  "Join Type": "Inner",
                  "Startup Cost": 48276.61,
                  "Total Cost": 185032.0,
                  "Plan Rows": 39998,
                  "Plan Width": 0,
                  "Actual Startup Time": 172.703,
                  "Actual Total Time": 1333.749,
                  "Actual Rows": 1368546,
                  "Actual Loops": 4,
                  "Inner Unique": false,
                  "Plans": [
                    {
                      "Node Type": "Hash Join",
                      "Parent Relationship": "Outer",
                      "Parallel Aware": true,
                      "Join Type": "Inner",
                      "Startup Cost": 48276.17,
                      "Total Cost": 80032.35,
                      "Plan Rows": 46026,
                      "Plan Width": 8,
                      "Actual Startup Time": 172.593,
                      "Actual Total Time": 296.813,
                      "Actual Rows": 65142,
                      "Actual Loops": 4,
                      "Inner Unique": true,
                      "Hash Cond": "(mc.movie_id = t.id)",
                      "Plans": [
                        {
                          "Node Type": "Seq Scan",
                          "Parent Relationship": "Outer",
                          "Parallel Aware": true,
                          "Relation Name": "movie_companies",
                          "Alias": "mc",
                          "Startup Cost": 0.0,
                          "Total Cost": 31414.82,
                          "Plan Rows": 130041,
                          "Plan Width": 4,
                          "Actual Startup Time": 0.011,
                          "Actual Total Time": 67.299,
                          "Actual Rows": 146405,
                          "Actual Loops": 4,
                          "Filter": "((company_id < 2023) AND (company_type_id < 2))",
                          "Rows Removed by Filter": 505877
                        },
                        {
                          "Node Type": "Hash",
                          "Parent Relationship": "Inner",
                          "Parallel Aware": true,
                          "Startup Cost": 45479.59,
                          "Total Cost": 45479.59,
                          "Plan Rows": 223727,
                          "Plan Width": 4,
                          "Actual Startup Time": 170.093,
                          "Actual Total Time": 170.094,
                          "Actual Rows": 202524,
                          "Actual Loops": 4,
                          "Hash Buckets": 1048576,
                          "Original Hash Buckets": 1048576,
                          "Hash Batches": 1,
                          "Original Hash Batches": 1,
                          "Peak Memory Usage": 39936,
                          "Plans": [
                            {
                              "Node Type": "Seq Scan",
                              "Parent Relationship": "Outer",
                              "Parallel Aware": true,
                              "Relation Name": "title",
                              "Alias": "t",
                              "Startup Cost": 0.0,
                              "Total Cost": 45479.59,
                              "Plan Rows": 223727,
                              "Plan Width": 4,
                              "Actual Startup Time": 0.054,
                              "Actual Total Time": 99.25,
                              "Actual Rows": 202524,
                              "Actual Loops": 4,
                              "Filter": "((kind_id < 7) AND (production_year > 1951))",
                              "Rows Removed by Filter": 429554
                            }
                          ]
                        }
                      ]
                    },
                    {
                      "Node Type": "Index Scan",
                      "Parent Relationship": "Inner",
                      "Parallel Aware": false,
                      "Scan Direction": "Forward",
                      "Index Name": "movie_id_movie_info",
                      "Relation Name": "movie_info",
                      "Alias": "mi",
                      "Startup Cost": 0.43,
                      "Total Cost": 2.22,
                      "Plan Rows": 6,
                      "Plan Width": 4,
                      "Actual Startup Time": 0.005,
                      "Actual Total Time": 0.014,
                      "Actual Rows": 21,
                      "Actual Loops": 260569,
                      "Index Cond": "(movie_id = t.id)",
                      "Rows Removed by Index Recheck": 0,
                      "Filter": "(info_type_id > 16)",
                      "Rows Removed by Filter": 34
                    }
                  ]
                }
              ]
            }
          ]
        }
      ]
    },
    "Planning Time": 0.457,
    "Triggers": [],
    "Execution Time": 1452.515
  }
]