[
  {
    "Plan": {
      "Node Type": "Aggregate",
      "Strategy": "Plain",
      "Partial Mode": "Finalize",
      "Parallel Aware": false,
      "Startup Cost": 76820.97,
      "Total Cost": 76820.98,
      "Plan Rows": 1,
      "Plan Width": 8,
      "Actual Startup Time": 161.196,
      "Actual Total Time": 176.127,
      "Actual Rows": 1,
      "Actual Loops": 1,
      "Plans": [
        {
          "Node Type": "Gather",
          "Parent Relationship": "Outer",
          "Parallel Aware": false,
          "Startup Cost": 76820.65,
          "Total Cost": 76820.96,
          "Plan Rows": 3,
          "Plan Width": 8,
          "Actual Startup Time": 160.631,
          "Actual Total Time": 176.121,
          "Actual Rows": 4,
          "Actual Loops": 1,
          "Workers Planned": 3,
          "Workers Launched": 3,
          "Single Copy": false,
          "Plans": [
            {
              "Node Type": "Aggregate",
              "Strategy": "Plain",
              "Partial Mode": "Partial",
              "Parent Relationship": "Outer",
              "Parallel Aware": false,
              "Startup Cost": 75820.65,
              "Total Cost": 75820.66,
              "Plan Rows": 1,
              "Plan Width": 8,
              "Actual Startup Time": 155.121,
              "Actual Total Time": 155.124,
              "Actual Rows": 1,
              "Actual Loops": 4,
              "Plans": [
                {
                  "Node Type": "Hash Join",
                  "Parent Relationship": "Outer",
                  "Parallel Aware": true,
                  "Join Type": "Inner",
                  "Startup Cost": 54783.45,
                  "Total Cost": 75817.72,
                  "Plan Rows": 1173,
                  "Plan Width": 0,
                  "Actual Startup Time": 138.301,
                  "Actual Total Time": 155.101,
                  "Actual Rows": 265,
                  "Actual Loops": 4,
                  "Inner Unique": true,
                  "Hash Cond": "(mc.movie_id = t.id)",
                  "Plans": [
                    {
                      "Node Type": "Bitmap Heap Scan",
                      "Parent Relationship": "Outer",
                      "Parallel Aware": true,
                      "Relation Name": "movie_companies",
                      "Alias": "mc",
                      "Startup Cost": 9171.87,
                      "Total Cost": 30021.9,
                      "Plan Rows": 70187,
                      "Plan Width": 4,
                      "Actual Startup Time": 50.348,
                      "Actual Total Time": 63.139,
                      "Actual Rows": 24676,
                      "Actual Loops": 4,
                      "Recheck Cond": "(company_id < 293)",
                      "Rows Removed by Index Recheck": 0,
                      "Filter": "(company_type_id = 2)",
                      "Rows Removed by Filter": 80276,
                      "Exact Heap Blocks": 6708,
                      "Lossy Heap Blocks": 0,
                      "Plans": [
                        {
                          "Node Type": "Bitmap Index Scan",
                          "Parent Relationship": "Outer",
                          "Parallel Aware": false,
                          "Index Name": "company_id_movie_companies",
                          "Startup Cost": 0.0,
                          "Total Cost": 9117.47,
                          "Plan Rows": 425739,
                          "Plan Width": 0,
                          "Actual Startup Time": 19.375,
                          "Actual Total Time": 19.376,
                          "Actual Rows": 419809,
                          "Actual Loops": 1,
                          "Index Cond": "(company_id < 293)"
                        }
                      ]
                    },
                    {
                      "Node Type": "Hash",
                      "Parent Relationship": "Inner",
                      "Parallel Aware": true,
                      "Startup Cost": 45479.59,
                      "Total Cost": 45479.59,
                      "Plan Rows": 10560,
                      "Plan Width": 4,
                      "Actual Startup Time": 87.346,
                      "Actual Total Time": 87.347,
                      "Actual Rows": 10064,
                      "Actual Loops": 4,
                      "Hash Buckets": 65536,
                      "Original Hash Buckets": 65536,
                      "Hash Batches": 1,
                      "Original Hash Batches": 1,
                      "Peak Memory Usage": 2144,
                      "Plans": [
                        {
                          "Node Type": "Seq Scan",
                          "Parent Relationship": "Outer",
                          "Parallel Aware": true,
                          "Relation Name": "title",
                          "Alias": "t",
                          "Startup Cost": 0.0,
                          "Total Cost": 45479.59,
                          "Plan Rows": 10560,
                          "Plan Width": 4,
                          "Actual Startup Time": 0.038,
                          "Actual Total Time": 83.268,
                          "Actual Rows": 10064,
                          "Actual Loops": 4,
                          "Filter": "((production_year > 2012) AND (kind_id = 7))",
                          "Rows Removed by Filter": 622014
                        }
                      ]
                    }
                  ]
                }
              ]
            }
          ]
        }
      ]
    },
    "Planning Time": 0.343,
    "Triggers": [],
    "Execution Time": 176.194
  }
]