[
  {
    "Plan": {
      "Node Type": "Aggregate",
      "Strategy": "Plain",
      "Partial Mode": "Finalize",
      "Parallel Aware": false,
      "Startup Cost": 47187.02,
      "Total Cost": 47187.03,
      "Plan Rows": 1,
      "Plan Width": 8,
      "Actual Startup Time": 169.437,
      "Actual Total Time": 179.746,
      "Actual Rows": 1,
      "Actual Loops": 1,
      "Plans": [
        {
          "Node Type": "Gather",
          "Parent Relationship": "Outer",
          "Parallel Aware": false,
          "Startup Cost": 47186.71,
          "Total Cost": 47187.02,
          "Plan Rows": 3,
          "Plan Width": 8,
          "Actual Startup Time": 169.336,
          "Actual Total Time": 179.738,
          "Actual Rows": 4,
          "Actual Loops": 1,
          "Workers Planned": 3,
          "Workers Launched": 3,
          "Single Copy": false,
          "Plans": [
            {
              "Node Type": "Aggregate",
              "Strategy": "Plain",
              "Partial Mode": "Partial",
              "Parent Relationship": "Outer",
              "Parallel Aware": false,
              "Startup Cost": 46186.71,
              "Total Cost": 46186.72,
              "Plan Rows": 1,
              "Plan Width": 8,
              "Actual Startup Time": 165.502,
              "Actual Total Time": 165.503,
              "Actual Rows": 1,
              "Actual Loops": 4,
              "Plans": [
                {
                  "Node Type": "Seq Scan",
                  "Parent Relationship": "Outer",
                  "Parallel Aware": true,
                  "Relation Name": "movie_keyword",
                  "Alias": "mk",
                  "Startup Cost": 0.0,
                  "Total Cost": 42695.65,
                  "Plan Rows": 1396421,
                  "Plan Width": 0,
                  "Actual Startup Time": 0.03,
                  "Actual Total Time": 118.403,
                  "Actual Rows": 1081155,
                  "Actual Loops": 4,
                  "Filter": "(keyword_id < 68949)",
                  "Rows Removed by Filter": 49828
                }
              ]
            }
          ]
        }
      ]
    },
    "Planning Time": 0.191,
    "Triggers": [],
    "Execution Time": 179.8
  }
]