{
    "Plan": {
        "Node Type": "Aggregate",
        "Strategy": "Plain",
        "Partial Mode": "Finalize",
        "Parallel Aware": false,
        "Startup Cost": 123273.35,
        "Total Cost": 123273.36,
        "Plan Rows": 1,
        "Plan Width": 8,
        "Actual Startup Time": 454.371,
        "Actual Total Time": 481.063,
        "Actual Rows": 1,
        "Actual Loops": 1,
        "Output": [
            "count(*)"
        ],
        "Plans": [
            {
                "Node Type": "Gather",
                "Parent Relationship": "Outer",
                "Parallel Aware": false,
                "Startup Cost": 123273.03,
                "Total Cost": 123273.34,
                "Plan Rows": 3,
                "Plan Width": 8,
                "Actual Startup Time": 453.081,
                "Actual Total Time": 481.052,
                "Actual Rows": 4,
                "Actual Loops": 1,
                "Output": [
                    "(PARTIAL count(*))"
                ],
                "Workers Planned": 3,
                "Workers Launched": 3,
                "Single Copy": false,
                "Plans": [
                    {
                        "Node Type": "Aggregate",
                        "Strategy": "Plain",
                        "Partial Mode": "Partial",
                        "Parent Relationship": "Outer",
                        "Parallel Aware": false,
                        "Startup Cost": 122273.03,
                        "Total Cost": 122273.04,
                        "Plan Rows": 1,
                        "Plan Width": 8,
                        "Actual Startup Time": 443.719,
                        "Actual Total Time": 443.842,
                        "Actual Rows": 1,
                        "Actual Loops": 4,
                        "Output": [
                            "PARTIAL count(*)"
                        ],
                        "Workers": [
                            {
                                "Worker Number": 0,
                                "Actual Startup Time": 440.402,
                                "Actual Total Time": 440.409,
                                "Actual Rows": 1,
                                "Actual Loops": 1
                            },
                            {
                                "Worker Number": 1,
                                "Actual Startup Time": 440.847,
                                "Actual Total Time": 440.852,
                                "Actual Rows": 1,
                                "Actual Loops": 1
                            },
                            {
                                "Worker Number": 2,
                                "Actual Startup Time": 441.398,
                                "Actual Total Time": 441.404,
                                "Actual Rows": 1,
                                "Actual Loops": 1
                            }
                        ],
                        "Plans": [
                            {
                                "Node Type": "Hash Join",
                                "Parent Relationship": "Outer",
                                "Parallel Aware": true,
                                "Join Type": "Inner",
                                "Startup Cost": 91426.09,
                                "Total Cost": 122061.63,
                                "Plan Rows": 84562,
                                "Plan Width": 0,
                                "Actual Startup Time": 312.478,
                                "Actual Total Time": 437.091,
                                "Actual Rows": 170082,
                                "Actual Loops": 4,
                                "Inner Unique": false,
                                "Hash Cond": "(mc.movie_id = t.id)",
                                "Workers": [
                                    {
                                        "Worker Number": 0,
                                        "Actual Startup Time": 309.187,
                                        "Actual Total Time": 433.751,
                                        "Actual Rows": 164665,
                                        "Actual Loops": 1
                                    },
                                    {
                                        "Worker Number": 1,
                                        "Actual Startup Time": 309.656,
                                        "Actual Total Time": 434.684,
                                        "Actual Rows": 158741,
                                        "Actual Loops": 1
                                    },
                                    {
                                        "Worker Number": 2,
                                        "Actual Startup Time": 309.89,
                                        "Actual Total Time": 435.091,
                                        "Actual Rows": 157676,
                                        "Actual Loops": 1
                                    }
                                ],
                                "Plans": [
                                    {
                                        "Node Type": "Seq Scan",
                                        "Parent Relationship": "Outer",
                                        "Parallel Aware": true,
                                        "Relation Name": "movie_companies",
                                        "Schema": "public",
                                        "Alias": "mc",
                                        "Startup Cost": 0.0,
                                        "Total Cost": 27206.55,
                                        "Plan Rows": 841655,
                                        "Plan Width": 4,
                                        "Actual Startup Time": 0.016,
                                        "Actual Total Time": 54.245,
                                        "Actual Rows": 652282,
                                        "Actual Loops": 4,
                                        "Output": [
                                            "mc.id",
                                            "mc.movie_id",
                                            "mc.company_id",
                                            "mc.company_type_id",
                                            "mc.note"
                                        ],
                                        "Workers": [
                                            {
                                                "Worker Number": 0,
                                                "Actual Startup Time": 0.014,
                                                "Actual Total Time": 54.905,
                                                "Actual Rows": 596877,
                                                "Actual Loops": 1
                                            },
                                            {
                                                "Worker Number": 1,
                                                "Actual Startup Time": 0.021,
                                                "Actual Total Time": 55.745,
                                                "Actual Rows": 657772,
                                                "Actual Loops": 1
                                            },
                                            {
                                                "Worker Number": 2,
                                                "Actual Startup Time": 0.019,
                                                "Actual Total Time": 55.708,
                                                "Actual Rows": 610506,
                                                "Actual Loops": 1
                                            }
                                        ]
                                    },
                                    {
                                        "Node Type": "Hash",
                                        "Parent Relationship": "Inner",
                                        "Parallel Aware": true,
                                        "Startup Cost": 90401.81,
                                        "Total Cost": 90401.81,
                                        "Plan Rows": 81943,
                                        "Plan Width": 8,
                                        "Actual Startup Time": 309.679,
                                        "Actual Total Time": 309.8,
                                        "Actual Rows": 23738,
                                        "Actual Loops": 4,
                                        "Output": [
                                            "t.id",
                                            "mk.movie_id"
                                        ],
                                        "Hash Buckets": 262144,
                                        "Original Hash Buckets": 262144,
                                        "Hash Batches": 1,
                                        "Original Hash Batches": 1,
                                        "Peak Memory Usage": 5824,
                                        "Workers": [
                                            {
                                                "Worker Number": 0,
                                                "Actual Startup Time": 308.228,
                                                "Actual Total Time": 308.232,
                                                "Actual Rows": 21832,
                                                "Actual Loops": 1
                                            },
                                            {
                                                "Worker Number": 1,
                                                "Actual Startup Time": 308.714,
                                                "Actual Total Time": 308.718,
                                                "Actual Rows": 24246,
                                                "Actual Loops": 1
                                            },
                                            {
                                                "Worker Number": 2,
                                                "Actual Startup Time": 308.97,
                                                "Actual Total Time": 308.974,
                                                "Actual Rows": 21701,
                                                "Actual Loops": 1
                                            }
                                        ],
                                        "Plans": [
                                            {
                                                "Node Type": "Hash Join",
                                                "Parent Relationship": "Outer",
                                                "Parallel Aware": true,
                                                "Join Type": "Inner",
                                                "Startup Cost": 44415.47,
                                                "Total Cost": 90401.81,
                                                "Plan Rows": 81943,
                                                "Plan Width": 8,
                                                "Actual Startup Time": 109.404,
                                                "Actual Total Time": 304.377,
                                                "Actual Rows": 23738,
                                                "Actual Loops": 4,
                                                "Output": [
                                                    "t.id",
                                                    "mk.movie_id"
                                                ],
                                                "Inner Unique": true,
                                                "Hash Cond": "(mk.movie_id = t.id)",
                                                "Workers": [
                                                    {
                                                        "Worker Number": 0,
                                                        "Actual Startup Time": 108.055,
                                                        "Actual Total Time": 301.478,
                                                        "Actual Rows": 21832,
                                                        "Actual Loops": 1
                                                    },
                                                    {
                                                        "Worker Number": 1,
                                                        "Actual Startup Time": 108.401,
                                                        "Actual Total Time": 303.559,
                                                        "Actual Rows": 24246,
                                                        "Actual Loops": 1
                                                    },
                                                    {
                                                        "Worker Number": 2,
                                                        "Actual Startup Time": 108.633,
                                                        "Actual Total Time": 304.107,
                                                        "Actual Rows": 21701,
                                                        "Actual Loops": 1
                                                    }
                                                ],
                                                "Plans": [
                                                    {
                                                        "Node Type": "Seq Scan",
                                                        "Parent Relationship": "Outer",
                                                        "Parallel Aware": true,
                                                        "Relation Name": "movie_keyword",
                                                        "Schema": "public",
                                                        "Alias": "mk",
                                                        "Startup Cost": 0.0,
                                                        "Total Cost": 42695.65,
                                                        "Plan Rows": 1253594,
                                                        "Plan Width": 4,
                                                        "Actual Startup Time": 0.031,
                                                        "Actual Total Time": 122.673,
                                                        "Actual Rows": 971073,
                                                        "Actual Loops": 4,
                                                        "Output": [
                                                            "mk.id",
                                                            "mk.movie_id",
                                                            "mk.keyword_id"
                                                        ],
                                                        "Filter": "(mk.keyword_id > 495)",
                                                        "Rows Removed by Filter": 159910,
                                                        "Workers": [
                                                            {
                                                                "Worker Number": 0,
                                                                "Actual Startup Time": 0.025,
                                                                "Actual Total Time": 124.505,
                                                                "Actual Rows": 887028,
                                                                "Actual Loops": 1
                                                            },
                                                            {
                                                                "Worker Number": 1,
                                                                "Actual Startup Time": 0.018,
                                                                "Actual Total Time": 126.517,
                                                                "Actual Rows": 940620,
                                                                "Actual Loops": 1
                                                            },
                                                            {
                                                                "Worker Number": 2,
                                                                "Actual Startup Time": 0.026,
                                                                "Actual Total Time": 125.247,
                                                                "Actual Rows": 898728,
                                                                "Actual Loops": 1
                                                            }
                                                        ]
                                                    },
                                                    {
                                                        "Node Type": "Hash",
                                                        "Parent Relationship": "Inner",
                                                        "Parallel Aware": true,
                                                        "Startup Cost": 43899.01,
                                                        "Total Cost": 43899.01,
                                                        "Plan Rows": 41317,
                                                        "Plan Width": 4,
                                                        "Actual Startup Time": 108.337,
                                                        "Actual Total Time": 108.338,
                                                        "Actual Rows": 41077,
                                                        "Actual Loops": 4,
                                                        "Output": [
                                                            "t.id"
                                                        ],
                                                        "Hash Buckets": 262144,
                                                        "Original Hash Buckets": 262144,
                                                        "Hash Batches": 1,
                                                        "Original Hash Batches": 1,
                                                        "Peak Memory Usage": 8544,
                                                        "Workers": [
                                                            {
                                                                "Worker Number": 0,
                                                                "Actual Startup Time": 107.73,
                                                                "Actual Total Time": 107.732,
                                                                "Actual Rows": 34774,
                                                                "Actual Loops": 1
                                                            },
                                                            {
                                                                "Worker Number": 1,
                                                                "Actual Startup Time": 108.13,
                                                                "Actual Total Time": 108.131,
                                                                "Actual Rows": 37484,
                                                                "Actual Loops": 1
                                                            },
                                                            {
                                                                "Worker Number": 2,
                                                                "Actual Startup Time": 108.394,
                                                                "Actual Total Time": 108.396,
                                                                "Actual Rows": 34530,
                                                                "Actual Loops": 1
                                                            }
                                                        ],
                                                        "Plans": [
                                                            {
                                                                "Node Type": "Seq Scan",
                                                                "Parent Relationship": "Outer",
                                                                "Parallel Aware": true,
                                                                "Relation Name": "title",
                                                                "Schema": "public",
                                                                "Alias": "t",
                                                                "Startup Cost": 0.0,
                                                                "Total Cost": 43899.01,
                                                                "Plan Rows": 41317,
                                                                "Plan Width": 4,
                                                                "Actual Startup Time": 0.057,
                                                                "Actual Total Time": 92.737,
                                                                "Actual Rows": 41077,
                                                                "Actual Loops": 4,
                                                                "Output": [
                                                                    "t.id"
                                                                ],
                                                                "Filter": "(t.production_year = 2012)",
                                                                "Rows Removed by Filter": 591001,
                                                                "Workers": [
                                                                    {
                                                                        "Worker Number": 0,
                                                                        "Actual Startup Time": 0.061,
                                                                        "Actual Total Time": 92.89,
                                                                        "Actual Rows": 34774,
                                                                        "Actual Loops": 1
                                                                    },
                                                                    {
                                                                        "Worker Number": 1,
                                                                        "Actual Startup Time": 0.072,
                                                                        "Actual Total Time": 93.605,
                                                                        "Actual Rows": 37484,
                                                                        "Actual Loops": 1
                                                                    },
                                                                    {
                                                                        "Worker Number": 2,
                                                                        "Actual Startup Time": 0.074,
                                                                        "Actual Total Time": 92.97,
                                                                        "Actual Rows": 34530,
                                                                        "Actual Loops": 1
                                                                    }
                                                                ]
                                                            }
                                                        ]
                                                    }
                                                ]
                                            }
                                        ]
                                    }
                                ]
                            }
                        ]
                    }
                ]
            }
        ]
    },
    "Planning Time": 1.532,
    "Triggers": [],
    "Execution Time": 481.148
}