[
    {
        "Bao": {
            "Bao prediction": "NaN",
            "Bao recommended hint": "(no hint)"
        }
    },
    {
        "Plan": {
            "Node Type": "Aggregate",
            "Strategy": "Plain",
            "Partial Mode": "Finalize",
            "Parallel Aware": false,
            "Startup Cost": 40515.4,
            "Total Cost": 40515.41,
            "Plan Rows": 1,
            "Plan Width": 8,
            "Actual Startup Time": 149.193,
            "Actual Total Time": 154.835,
            "Actual Rows": 1,
            "Actual Loops": 1,
            "Output": [
                "count(*)"
            ],
            "Plans": [
                {
                    "Node Type": "Gather",
                    "Parent Relationship": "Outer",
                    "Parallel Aware": false,
                    "Startup Cost": 40515.08,
                    "Total Cost": 40515.39,
                    "Plan Rows": 3,
                    "Plan Width": 8,
                    "Actual Startup Time": 148.907,
                    "Actual Total Time": 154.826,
                    "Actual Rows": 4,
                    "Actual Loops": 1,
                    "Output": [
                        "(PARTIAL count(*))"
                    ],
                    "Workers Planned": 3,
                    "Workers Launched": 3,
                    "Single Copy": false,
                    "Plans": [
                        {
                            "Node Type": "Aggregate",
                            "Strategy": "Plain",
                            "Partial Mode": "Partial",
                            "Parent Relationship": "Outer",
                            "Parallel Aware": false,
                            "Startup Cost": 39515.08,
                            "Total Cost": 39515.09,
                            "Plan Rows": 1,
                            "Plan Width": 8,
                            "Actual Startup Time": 140.567,
                            "Actual Total Time": 140.569,
                            "Actual Rows": 1,
                            "Actual Loops": 4,
                            "Output": [
                                "PARTIAL count(*)"
                            ],
                            "Workers": [
                                {
                                    "Worker Number": 0,
                                    "Actual Startup Time": 137.776,
                                    "Actual Total Time": 137.777,
                                    "Actual Rows": 1,
                                    "Actual Loops": 1
                                },
                                {
                                    "Worker Number": 1,
                                    "Actual Startup Time": 137.76,
                                    "Actual Total Time": 137.762,
                                    "Actual Rows": 1,
                                    "Actual Loops": 1
                                },
                                {
                                    "Worker Number": 2,
                                    "Actual Startup Time": 138.107,
                                    "Actual Total Time": 138.109,
                                    "Actual Rows": 1,
                                    "Actual Loops": 1
                                }
                            ],
                            "Plans": [
                                {
                                    "Node Type": "Bitmap Heap Scan",
                                    "Parent Relationship": "Outer",
                                    "Parallel Aware": true,
                                    "Relation Name": "movie_keyword",
                                    "Schema": "public",
                                    "Alias": "mk",
                                    "Startup Cost": 12264.16,
                                    "Total Cost": 39048.93,
                                    "Plan Rows": 186461,
                                    "Plan Width": 0,
                                    "Actual Startup Time": 47.697,
                                    "Actual Total Time": 130.183,
                                    "Actual Rows": 143412,
                                    "Actual Loops": 4,
                                    "Recheck Cond": "(mk.keyword_id > 32026)",
                                    "Rows Removed by Index Recheck": 0,
                                    "Exact Heap Blocks": 8152,
                                    "Lossy Heap Blocks": 0,
                                    "Workers": [
                                        {
                                            "Worker Number": 0,
                                            "Actual Startup Time": 44.996,
                                            "Actual Total Time": 128.322,
                                            "Actual Rows": 153740,
                                            "Actual Loops": 1
                                        },
                                        {
                                            "Worker Number": 1,
                                            "Actual Startup Time": 44.998,
                                            "Actual Total Time": 128.197,
                                            "Actual Rows": 107824,
                                            "Actual Loops": 1
                                        },
                                        {
                                            "Worker Number": 2,
                                            "Actual Startup Time": 45.37,
                                            "Actual Total Time": 128.404,
                                            "Actual Rows": 111669,
                                            "Actual Loops": 1
                                        }
                                    ],
                                    "Plans": [
                                        {
                                            "Node Type": "Bitmap Index Scan",
                                            "Parent Relationship": "Outer",
                                            "Parallel Aware": false,
                                            "Index Name": "keyword_id_movie_keyword",
                                            "Startup Cost": 0.0,
                                            "Total Cost": 12119.66,
                                            "Plan Rows": 578030,
                                            "Plan Width": 0,
                                            "Actual Startup Time": 49.983,
                                            "Actual Total Time": 49.984,
                                            "Actual Rows": 573647,
                                            "Actual Loops": 1,
                                            "Index Cond": "(mk.keyword_id > 32026)"
                                        }
                                    ]
                                }
                            ]
                        }
                    ]
                }
            ]
        },
        "Planning Time": 316.559,
        "Triggers": [],
        "Execution Time": 154.898
    }
]