{
    "Plan": {
        "Node Type": "Aggregate",
        "Strategy": "Plain",
        "Partial Mode": "Finalize",
        "Parallel Aware": false,
        "Startup Cost": 374785.72,
        "Total Cost": 374785.73,
        "Plan Rows": 1,
        "Plan Width": 8,
        "Actual Startup Time": 1577.993,
        "Actual Total Time": 1632.7,
        "Actual Rows": 1,
        "Actual Loops": 1,
        "Output": [
            "count(*)"
        ],
        "Plans": [
            {
                "Node Type": "Gather",
                "Parent Relationship": "Outer",
                "Parallel Aware": false,
                "Startup Cost": 374785.1,
                "Total Cost": 374785.71,
                "Plan Rows": 6,
                "Plan Width": 8,
                "Actual Startup Time": 1576.868,
                "Actual Total Time": 1632.685,
                "Actual Rows": 7,
                "Actual Loops": 1,
                "Output": [
                    "(PARTIAL count(*))"
                ],
                "Workers Planned": 6,
                "Workers Launched": 6,
                "Single Copy": false,
                "Plans": [
                    {
                        "Node Type": "Aggregate",
                        "Strategy": "Plain",
                        "Partial Mode": "Partial",
                        "Parent Relationship": "Outer",
                        "Parallel Aware": false,
                        "Startup Cost": 373785.1,
                        "Total Cost": 373785.11,
                        "Plan Rows": 1,
                        "Plan Width": 8,
                        "Actual Startup Time": 1567.123,
                        "Actual Total Time": 1567.126,
                        "Actual Rows": 1,
                        "Actual Loops": 7,
                        "Output": [
                            "PARTIAL count(*)"
                        ],
                        "Workers": [
                            {
                                "Worker Number": 0,
                                "Actual Startup Time": 1570.17,
                                "Actual Total Time": 1570.173,
                                "Actual Rows": 1,
                                "Actual Loops": 1
                            },
                            {
                                "Worker Number": 1,
                                "Actual Startup Time": 1564.012,
                                "Actual Total Time": 1564.014,
                                "Actual Rows": 1,
                                "Actual Loops": 1
                            },
                            {
                                "Worker Number": 2,
                                "Actual Startup Time": 1563.898,
                                "Actual Total Time": 1563.902,
                                "Actual Rows": 1,
                                "Actual Loops": 1
                            },
                            {
                                "Worker Number": 3,
                                "Actual Startup Time": 1565.055,
                                "Actual Total Time": 1565.058,
                                "Actual Rows": 1,
                                "Actual Loops": 1
                            },
                            {
                                "Worker Number": 4,
                                "Actual Startup Time": 1565.271,
                                "Actual Total Time": 1565.274,
                                "Actual Rows": 1,
                                "Actual Loops": 1
                            },
                            {
                                "Worker Number": 5,
                                "Actual Startup Time": 1565.492,
                                "Actual Total Time": 1565.494,
                                "Actual Rows": 1,
                                "Actual Loops": 1
                            }
                        ],
                        "Plans": [
                            {
                                "Node Type": "Hash Join",
                                "Parent Relationship": "Outer",
                                "Parallel Aware": true,
                                "Join Type": "Inner",
                                "Startup Cost": 44213.99,
                                "Total Cost": 373182.9,
                                "Plan Rows": 240880,
                                "Plan Width": 0,
                                "Actual Startup Time": 74.617,
                                "Actual Total Time": 1548.84,
                                "Actual Rows": 278517,
                                "Actual Loops": 7,
                                "Inner Unique": true,
                                "Hash Cond": "(ci.movie_id = t.id)",
                                "Workers": [
                                    {
                                        "Worker Number": 0,
                                        "Actual Startup Time": 77.617,
                                        "Actual Total Time": 1551.796,
                                        "Actual Rows": 284469,
                                        "Actual Loops": 1
                                    },
                                    {
                                        "Worker Number": 1,
                                        "Actual Startup Time": 71.584,
                                        "Actual Total Time": 1545.383,
                                        "Actual Rows": 228987,
                                        "Actual Loops": 1
                                    },
                                    {
                                        "Worker Number": 2,
                                        "Actual Startup Time": 71.447,
                                        "Actual Total Time": 1545.43,
                                        "Actual Rows": 219713,
                                        "Actual Loops": 1
                                    },
                                    {
                                        "Worker Number": 3,
                                        "Actual Startup Time": 72.387,
                                        "Actual Total Time": 1546.173,
                                        "Actual Rows": 231517,
                                        "Actual Loops": 1
                                    },
                                    {
                                        "Worker Number": 4,
                                        "Actual Startup Time": 72.827,
                                        "Actual Total Time": 1547.876,
                                        "Actual Rows": 351438,
                                        "Actual Loops": 1
                                    },
                                    {
                                        "Worker Number": 5,
                                        "Actual Startup Time": 72.938,
                                        "Actual Total Time": 1548.517,
                                        "Actual Rows": 340786,
                                        "Actual Loops": 1
                                    }
                                ],
                                "Plans": [
                                    {
                                        "Node Type": "Seq Scan",
                                        "Parent Relationship": "Outer",
                                        "Parallel Aware": true,
                                        "Relation Name": "cast_info",
                                        "Schema": "public",
                                        "Alias": "ci",
                                        "Startup Cost": 0.0,
                                        "Total Cost": 313108.29,
                                        "Plan Rows": 6042129,
                                        "Plan Width": 4,
                                        "Actual Startup Time": 0.032,
                                        "Actual Total Time": 615.011,
                                        "Actual Rows": 5177763,
                                        "Actual Loops": 7,
                                        "Output": [
                                            "ci.id",
                                            "ci.person_id",
                                            "ci.movie_id",
                                            "ci.person_role_id",
                                            "ci.note",
                                            "ci.nr_order",
                                            "ci.role_id"
                                        ],
                                        "Workers": [
                                            {
                                                "Worker Number": 0,
                                                "Actual Startup Time": 0.032,
                                                "Actual Total Time": 614.424,
                                                "Actual Rows": 5148290,
                                                "Actual Loops": 1
                                            },
                                            {
                                                "Worker Number": 1,
                                                "Actual Startup Time": 0.038,
                                                "Actual Total Time": 613.566,
                                                "Actual Rows": 4316195,
                                                "Actual Loops": 1
                                            },
                                            {
                                                "Worker Number": 2,
                                                "Actual Startup Time": 0.036,
                                                "Actual Total Time": 625.841,
                                                "Actual Rows": 4108419,
                                                "Actual Loops": 1
                                            },
                                            {
                                                "Worker Number": 3,
                                                "Actual Startup Time": 0.034,
                                                "Actual Total Time": 612.418,
                                                "Actual Rows": 4308250,
                                                "Actual Loops": 1
                                            },
                                            {
                                                "Worker Number": 4,
                                                "Actual Startup Time": 0.034,
                                                "Actual Total Time": 622.905,
                                                "Actual Rows": 6521041,
                                                "Actual Loops": 1
                                            },
                                            {
                                                "Worker Number": 5,
                                                "Actual Startup Time": 0.032,
                                                "Actual Total Time": 619.88,
                                                "Actual Rows": 6422614,
                                                "Actual Loops": 1
                                            }
                                        ]
                                    },
                                    {
                                        "Node Type": "Hash",
                                        "Parent Relationship": "Inner",
                                        "Parallel Aware": true,
                                        "Startup Cost": 43899.01,
                                        "Total Cost": 43899.01,
                                        "Plan Rows": 25199,
                                        "Plan Width": 4,
                                        "Actual Startup Time": 73.059,
                                        "Actual Total Time": 73.06,
                                        "Actual Rows": 14362,
                                        "Actual Loops": 7,
                                        "Output": [
                                            "t.id"
                                        ],
                                        "Hash Buckets": 131072,
                                        "Original Hash Buckets": 131072,
                                        "Hash Batches": 1,
                                        "Original Hash Batches": 1,
                                        "Peak Memory Usage": 5120,
                                        "Workers": [
                                            {
                                                "Worker Number": 0,
                                                "Actual Startup Time": 77.348,
                                                "Actual Total Time": 77.349,
                                                "Actual Rows": 17197,
                                                "Actual Loops": 1
                                            },
                                            {
                                                "Worker Number": 1,
                                                "Actual Startup Time": 70.733,
                                                "Actual Total Time": 70.734,
                                                "Actual Rows": 11472,
                                                "Actual Loops": 1
                                            },
                                            {
                                                "Worker Number": 2,
                                                "Actual Startup Time": 70.543,
                                                "Actual Total Time": 70.544,
                                                "Actual Rows": 10683,
                                                "Actual Loops": 1
                                            },
                                            {
                                                "Worker Number": 3,
                                                "Actual Startup Time": 71.65,
                                                "Actual Total Time": 71.651,
                                                "Actual Rows": 12078,
                                                "Actual Loops": 1
                                            },
                                            {
                                                "Worker Number": 4,
                                                "Actual Startup Time": 72.075,
                                                "Actual Total Time": 72.076,
                                                "Actual Rows": 17186,
                                                "Actual Loops": 1
                                            },
                                            {
                                                "Worker Number": 5,
                                                "Actual Startup Time": 72.244,
                                                "Actual Total Time": 72.245,
                                                "Actual Rows": 16581,
                                                "Actual Loops": 1
                                            }
                                        ],
                                        "Plans": [
                                            {
                                                "Node Type": "Seq Scan",
                                                "Parent Relationship": "Outer",
                                                "Parallel Aware": true,
                                                "Relation Name": "title",
                                                "Schema": "public",
                                                "Alias": "t",
                                                "Startup Cost": 0.0,
                                                "Total Cost": 43899.01,
                                                "Plan Rows": 25199,
                                                "Plan Width": 4,
                                                "Actual Startup Time": 44.518,
                                                "Actual Total Time": 66.91,
                                                "Actual Rows": 14362,
                                                "Actual Loops": 7,
                                                "Output": [
                                                    "t.id"
                                                ],
                                                "Filter": "(t.kind_id = 3)",
                                                "Rows Removed by Filter": 346825,
                                                "Workers": [
                                                    {
                                                        "Worker Number": 0,
                                                        "Actual Startup Time": 45.926,
                                                        "Actual Total Time": 70.071,
                                                        "Actual Rows": 17197,
                                                        "Actual Loops": 1
                                                    },
                                                    {
                                                        "Worker Number": 1,
                                                        "Actual Startup Time": 43.941,
                                                        "Actual Total Time": 65.278,
                                                        "Actual Rows": 11472,
                                                        "Actual Loops": 1
                                                    },
                                                    {
                                                        "Worker Number": 2,
                                                        "Actual Startup Time": 43.761,
                                                        "Actual Total Time": 64.167,
                                                        "Actual Rows": 10683,
                                                        "Actual Loops": 1
                                                    },
                                                    {
                                                        "Worker Number": 3,
                                                        "Actual Startup Time": 44.905,
                                                        "Actual Total Time": 66.161,
                                                        "Actual Rows": 12078,
                                                        "Actual Loops": 1
                                                    },
                                                    {
                                                        "Worker Number": 4,
                                                        "Actual Startup Time": 41.487,
                                                        "Actual Total Time": 66.62,
                                                        "Actual Rows": 17186,
                                                        "Actual Loops": 1
                                                    },
                                                    {
                                                        "Worker Number": 5,
                                                        "Actual Startup Time": 41.454,
                                                        "Actual Total Time": 66.334,
                                                        "Actual Rows": 16581,
                                                        "Actual Loops": 1
                                                    }
                                                ]
                                            }
                                        ]
                                    }
                                ]
                            }
                        ]
                    }
                ]
            }
        ]
    },
    "Planning Time": 0.718,
    "Triggers": [],
    "Execution Time": 1632.791
}