{
  "Plan": {
    "Node Type": "Aggregate",
    "Strategy": "Plain",
    "Partial Mode": "Simple",
    "Parallel Aware": false,
    "Startup Cost": 1798578.73,
    "Total Cost": 1798578.74,
    "Plan Rows": 1,
    "Plan Width": 96,
    "Actual Startup Time": 10731.944,
    "Actual Total Time": 10732.073,
    "Actual Rows": 1,
    "Actual Loops": 1,
    "Plans": [
      {
        "Node Type": "Merge Join",
        "Parent Relationship": "Outer",
        "Parallel Aware": false,
        "Join Type": "Inner",
        "Startup Cost": 1798578.69,
        "Total Cost": 1798578.72,
        "Plan Rows": 1,
        "Plan Width": 42,
        "Actual Startup Time": 10731.845,
        "Actual Total Time": 10732.025,
        "Actual Rows": 372,
        "Actual Loops": 1,
        "Inner Unique": false,
        "Merge Cond": "(ct.id = mc.company_type_id)",
        "Plans": [
          {
            "Node Type": "Sort",
            "Parent Relationship": "Outer",
            "Parallel Aware": false,
            "Startup Cost": 1.06,
            "Total Cost": 1.06,
            "Plan Rows": 1,
            "Plan Width": 4,
            "Actual Startup Time": 0.034,
            "Actual Total Time": 0.036,
            "Actual Rows": 1,
            "Actual Loops": 1,
            "Sort Key": [
              "ct.id"
            ],
            "Sort Method": "quicksort",
            "Sort Space Used": 25,
            "Sort Space Type": "Memory",
            "Plans": [
              {
                "Node Type": "Seq Scan",
                "Parent Relationship": "Outer",
                "Parallel Aware": false,
                "Relation Name": "company_type",
                "Alias": "ct",
                "Startup Cost": 0.0,
                "Total Cost": 1.05,
                "Plan Rows": 1,
                "Plan Width": 4,
                "Actual Startup Time": 0.013,
                "Actual Total Time": 0.015,
                "Actual Rows": 1,
                "Actual Loops": 1,
                "Filter": "((kind)::text = 'production companies'::text)",
                "Rows Removed by Filter": 3
              }
            ]
          },
          {
            "Node Type": "Sort",
            "Parent Relationship": "Inner",
            "Parallel Aware": false,
            "Startup Cost": 1798577.63,
            "Total Cost": 1798577.64,
            "Plan Rows": 1,
            "Plan Width": 46,
            "Actual Startup Time": 10731.758,
            "Actual Total Time": 10731.916,
            "Actual Rows": 978,
            "Actual Loops": 1,
            "Sort Key": [
              "mc.company_type_id"
            ],
            "Sort Method": "quicksort",
            "Sort Space Used": 122,
            "Sort Space Type": "Memory",
            "Plans": [
              {
                "Node Type": "Merge Join",
                "Parent Relationship": "Outer",
                "Parallel Aware": false,
                "Join Type": "Inner",
                "Startup Cost": 1798577.6,
                "Total Cost": 1798577.62,
                "Plan Rows": 1,
                "Plan Width": 46,
                "Actual Startup Time": 10731.363,
                "Actual Total Time": 10731.661,
                "Actual Rows": 978,
                "Actual Loops": 1,
                "Inner Unique": true,
                "Merge Cond": "(t.kind_id = kt.id)",
                "Plans": [
                  {
                    "Node Type": "Sort",
                    "Parent Relationship": "Outer",
                    "Parallel Aware": false,
                    "Startup Cost": 1798576.5,
                    "Total Cost": 1798576.51,
                    "Plan Rows": 1,
                    "Plan Width": 50,
                    "Actual Startup Time": 10731.336,
                    "Actual Total Time": 10731.51,
                    "Actual Rows": 979,
                    "Actual Loops": 1,
                    "Sort Key": [
                      "t.kind_id"
                    ],
                    "Sort Method": "quicksort",
                    "Sort Space Used": 209,
                    "Sort Space Type": "Memory",
                    "Plans": [
                      {
                        "Node Type": "Merge Join",
                        "Parent Relationship": "Outer",
                        "Parallel Aware": false,
                        "Join Type": "Inner",
                        "Startup Cost": 1798575.79,
                        "Total Cost": 1798576.49,
                        "Plan Rows": 1,
                        "Plan Width": 50,
                        "Actual Startup Time": 10730.725,
                        "Actual Total Time": 10731.108,
                        "Actual Rows": 1404,
                        "Actual Loops": 1,
                        "Inner Unique": false,
                        "Merge Cond": "(it2.id = mi.info_type_id)",
                        "Plans": [
                          {
                            "Node Type": "Sort",
                            "Parent Relationship": "Outer",
                            "Parallel Aware": false,
                            "Startup Cost": 2.42,
                            "Total Cost": 2.43,
                            "Plan Rows": 1,
                            "Plan Width": 4,
                            "Actual Startup Time": 0.04,
                            "Actual Total Time": 0.041,
                            "Actual Rows": 1,
                            "Actual Loops": 1,
                            "Sort Key": [
                              "it2.id"
                            ],
                            "Sort Method": "quicksort",
                            "Sort Space Used": 25,
                            "Sort Space Type": "Memory",
                            "Plans": [
                              {
                                "Node Type": "Seq Scan",
                                "Parent Relationship": "Outer",
                                "Parallel Aware": false,
                                "Relation Name": "info_type",
                                "Alias": "it2",
                                "Startup Cost": 0.0,
                                "Total Cost": 2.41,
                                "Plan Rows": 1,
                                "Plan Width": 4,
                                "Actual Startup Time": 0.011,
                                "Actual Total Time": 0.02,
                                "Actual Rows": 1,
                                "Actual Loops": 1,
                                "Filter": "((info)::text = 'release dates'::text)",
                                "Rows Removed by Filter": 112
                              }
                            ]
                          },
                          {
                            "Node Type": "Sort",
                            "Parent Relationship": "Inner",
                            "Parallel Aware": false,
                            "Startup Cost": 1798573.37,
                            "Total Cost": 1798573.71,
                            "Plan Rows": 137,
                            "Plan Width": 54,
                            "Actual Startup Time": 10729.827,
                            "Actual Total Time": 10730.455,
                            "Actual Rows": 6702,
                            "Actual Loops": 1,
                            "Sort Key": [
                              "mi.info_type_id"
                            ],
                            "Sort Method": "quicksort",
                            "Sort Space Used": 1463,
                            "Sort Space Type": "Memory",
                            "Plans": [
                              {
                                "Node Type": "Merge Join",
                                "Parent Relationship": "Outer",
                                "Parallel Aware": false,
                                "Join Type": "Inner",
                                "Startup Cost": 679862.48,
                                "Total Cost": 1798568.5,
                                "Plan Rows": 137,
                                "Plan Width": 54,
                                "Actual Startup Time": 5181.895,
                                "Actual Total Time": 10726.663,
                                "Actual Rows": 8699,
                                "Actual Loops": 1,
                                "Inner Unique": false,
                                "Merge Cond": "(mi.movie_id = t.id)",
                                "Plans": [
                                  {
                                    "Node Type": "Index Scan",
                                    "Parent Relationship": "Outer",
                                    "Parallel Aware": false,
                                    "Scan Direction": "Forward",
                                    "Index Name": "movie_id_movie_info",
                                    "Relation Name": "movie_info",
                                    "Alias": "mi",
                                    "Startup Cost": 0.43,
                                    "Total Cost": 1081422.08,
                                    "Plan Rows": 14868506,
                                    "Plan Width": 8,
                                    "Actual Startup Time": 0.022,
                                    "Actual Total Time": 4536.176,
                                    "Actual Rows": 14657363,
                                    "Actual Loops": 1
                                  },
                                  {
                                    "Node Type": "Materialize",
                                    "Parent Relationship": "Inner",
                                    "Parallel Aware": false,
                                    "Startup Cost": 679862.04,
                                    "Total Cost": 679974.81,
                                    "Plan Rows": 4,
                                    "Plan Width": 62,
                                    "Actual Startup Time": 5176.953,
                                    "Actual Total Time": 5295.233,
                                    "Actual Rows": 8695,
                                    "Actual Loops": 1,
                                    "Plans": [
                                      {
                                        "Node Type": "Gather Merge",
                                        "Parent Relationship": "Outer",
                                        "Parallel Aware": false,
                                        "Startup Cost": 679862.04,
                                        "Total Cost": 679974.8,
                                        "Plan Rows": 4,
                                        "Plan Width": 62,
                                        "Actual Startup Time": 5176.938,
                                        "Actual Total Time": 5294.592,
                                        "Actual Rows": 490,
                                        "Actual Loops": 1,
                                        "Workers Planned": 4,
                                        "Workers Launched": 4,
                                        "Plans": [
                                          {
                                            "Node Type": "Merge Join",
                                            "Parent Relationship": "Outer",
                                            "Parallel Aware": false,
                                            "Join Type": "Inner",
                                            "Startup Cost": 678861.98,
                                            "Total Cost": 678974.27,
                                            "Plan Rows": 1,
                                            "Plan Width": 62,
                                            "Actual Startup Time": 4697.441,
                                            "Actual Total Time": 4814.627,
                                            "Actual Rows": 98,
                                            "Actual Loops": 5,
                                            "Inner Unique": false,
                                            "Merge Cond": "(t.id = mc.movie_id)",
                                            "Plans": [
                                              {
                                                "Node Type": "Sort",
                                                "Parent Relationship": "Outer",
                                                "Parallel Aware": false,
                                                "Startup Cost": 47064.29,
                                                "Total Cost": 47064.58,
                                                "Plan Rows": 118,
                                                "Plan Width": 25,
                                                "Actual Startup Time": 186.986,
                                                "Actual Total Time": 187.058,
                                                "Actual Rows": 443,
                                                "Actual Loops": 5,
                                                "Sort Key": [
                                                  "t.id"
                                                ],
                                                "Sort Method": "quicksort",
                                                "Sort Space Used": 69,
                                                "Sort Space Type": "Memory",
                                                "Workers": [
                                                  {
                                                    "Worker Number": 0,
                                                    "Sort Method": "quicksort",
                                                    "Sort Space Used": 63,
                                                    "Sort Space Type": "Memory"
                                                  },
                                                  {
                                                    "Worker Number": 1,
                                                    "Sort Method": "quicksort",
                                                    "Sort Space Used": 66,
                                                    "Sort Space Type": "Memory"
                                                  },
                                                  {
                                                    "Worker Number": 2,
                                                    "Sort Method": "quicksort",
                                                    "Sort Space Used": 65,
                                                    "Sort Space Type": "Memory"
                                                  },
                                                  {
                                                    "Worker Number": 3,
                                                    "Sort Method": "quicksort",
                                                    "Sort Space Used": 83,
                                                    "Sort Space Type": "Memory"
                                                  }
                                                ],
                                                "Plans": [
                                                  {
                                                    "Node Type": "Seq Scan",
                                                    "Parent Relationship": "Outer",
                                                    "Parallel Aware": true,
                                                    "Relation Name": "title",
                                                    "Alias": "t",
                                                    "Startup Cost": 0.0,
                                                    "Total Cost": 47060.23,
                                                    "Plan Rows": 118,
                                                    "Plan Width": 25,
                                                    "Actual Startup Time": 0.847,
                                                    "Actual Total Time": 186.474,
                                                    "Actual Rows": 444,
                                                    "Actual Loops": 5,
                                                    "Filter": "((title <> ''::text) AND ((title ~~ '%Champion%'::text) OR (title ~~ '%Loser%'::text)))",
                                                    "Rows Removed by Filter": 505219
                                                  }
                                                ]
                                              },
                                              {
                                                "Node Type": "Sort",
                                                "Parent Relationship": "Inner",
                                                "Parallel Aware": false,
                                                "Startup Cost": 631797.69,
                                                "Total Cost": 631853.54,
                                                "Plan Rows": 22337,
                                                "Plan Width": 37,
                                                "Actual Startup Time": 4509.839,
                                                "Actual Total Time": 4579.526,
                                                "Actual Rows": 578394,
                                                "Actual Loops": 5,
                                                "Sort Key": [
                                                  "mc.movie_id"
                                                ],
                                                "Sort Method": "quicksort",
                                                "Sort Space Used": 76176,
                                                "Sort Space Type": "Memory",
                                                "Workers": [
                                                  {
                                                    "Worker Number": 0,
                                                    "Sort Method": "quicksort",
                                                    "Sort Space Used": 76176,
                                                    "Sort Space Type": "Memory"
                                                  },
                                                  {
                                                    "Worker Number": 1,
                                                    "Sort Method": "quicksort",
                                                    "Sort Space Used": 76176,
                                                    "Sort Space Type": "Memory"
                                                  },
                                                  {
                                                    "Worker Number": 2,
                                                    "Sort Method": "quicksort",
                                                    "Sort Space Used": 76176,
                                                    "Sort Space Type": "Memory"
                                                  },
                                                  {
                                                    "Worker Number": 3,
                                                    "Sort Method": "quicksort",
                                                    "Sort Space Used": 76176,
                                                    "Sort Space Type": "Memory"
                                                  }
                                                ],
                                                "Plans": [
                                                  {
                                                    "Node Type": "Merge Join",
                                                    "Parent Relationship": "Outer",
                                                    "Parallel Aware": false,
                                                    "Join Type": "Inner",
                                                    "Startup Cost": 617340.47,
                                                    "Total Cost": 630184.17,
                                                    "Plan Rows": 22337,
                                                    "Plan Width": 37,
                                                    "Actual Startup Time": 4187.678,
                                                    "Actual Total Time": 4304.656,
                                                    "Actual Rows": 580109,
                                                    "Actual Loops": 5,
                                                    "Inner Unique": false,
                                                    "Merge Cond": "(it.id = miidx.info_type_id)",
                                                    "Plans": [
                                                      {
                                                        "Node Type": "Sort",
                                                        "Parent Relationship": "Outer",
                                                        "Parallel Aware": false,
                                                        "Startup Cost": 2.42,
                                                        "Total Cost": 2.43,
                                                        "Plan Rows": 1,
                                                        "Plan Width": 4,
                                                        "Actual Startup Time": 0.078,
                                                        "Actual Total Time": 0.08,
                                                        "Actual Rows": 1,
                                                        "Actual Loops": 5,
                                                        "Sort Key": [
                                                          "it.id"
                                                        ],
                                                        "Sort Method": "quicksort",
                                                        "Sort Space Used": 25,
                                                        "Sort Space Type": "Memory",
                                                        "Workers": [
                                                          {
                                                            "Worker Number": 0,
                                                            "Sort Method": "quicksort",
                                                            "Sort Space Used": 25,
                                                            "Sort Space Type": "Memory"
                                                          },
                                                          {
                                                            "Worker Number": 1,
                                                            "Sort Method": "quicksort",
                                                            "Sort Space Used": 25,
                                                            "Sort Space Type": "Memory"
                                                          },
                                                          {
                                                            "Worker Number": 2,
                                                            "Sort Method": "quicksort",
                                                            "Sort Space Used": 25,
                                                            "Sort Space Type": "Memory"
                                                          },
                                                          {
                                                            "Worker Number": 3,
                                                            "Sort Method": "quicksort",
                                                            "Sort Space Used": 25,
                                                            "Sort Space Type": "Memory"
                                                          }
                                                        ],
                                                        "Plans": [
                                                          {
                                                            "Node Type": "Seq Scan",
                                                            "Parent Relationship": "Outer",
                                                            "Parallel Aware": false,
                                                            "Relation Name": "info_type",
                                                            "Alias": "it",
                                                            "Startup Cost": 0.0,
                                                            "Total Cost": 2.41,
                                                            "Plan Rows": 1,
                                                            "Plan Width": 4,
                                                            "Actual Startup Time": 0.061,
                                                            "Actual Total Time": 0.062,
                                                            "Actual Rows": 1,
                                                            "Actual Loops": 5,
                                                            "Filter": "((info)::text = 'rating'::text)",
                                                            "Rows Removed by Filter": 112
                                                          }
                                                        ]
                                                      },
                                                      {
                                                        "Node Type": "Sort",
                                                        "Parent Relationship": "Inner",
                                                        "Parallel Aware": false,
                                                        "Startup Cost": 617338.04,
                                                        "Total Cost": 623648.2,
                                                        "Plan Rows": 2524065,
                                                        "Plan Width": 41,
                                                        "Actual Startup Time": 4006.801,
                                                        "Actual Total Time": 4140.662,
                                                        "Actual Rows": 1740328,
                                                        "Actual Loops": 5,
                                                        "Sort Key": [
                                                          "miidx.info_type_id"
                                                        ],
                                                        "Sort Method": "quicksort",
                                                        "Sort Space Used": 223770,
                                                        "Sort Space Type": "Memory",
                                                        "Workers": [
                                                          {
                                                            "Worker Number": 0,
                                                            "Sort Method": "quicksort",
                                                            "Sort Space Used": 223770,
                                                            "Sort Space Type": "Memory"
                                                          },
                                                          {
                                                            "Worker Number": 1,
                                                            "Sort Method": "quicksort",
                                                            "Sort Space Used": 223770,
                                                            "Sort Space Type": "Memory"
                                                          },
                                                          {
                                                            "Worker Number": 2,
                                                            "Sort Method": "quicksort",
                                                            "Sort Space Used": 223770,
                                                            "Sort Space Type": "Memory"
                                                          },
                                                          {
                                                            "Worker Number": 3,
                                                            "Sort Method": "quicksort",
                                                            "Sort Space Used": 223770,
                                                            "Sort Space Type": "Memory"
                                                          }
                                                        ],
                                                        "Plans": [
                                                          {
                                                            "Node Type": "Merge Join",
                                                            "Parent Relationship": "Outer",
                                                            "Parallel Aware": false,
                                                            "Join Type": "Inner",
                                                            "Startup Cost": 254008.37,
                                                            "Total Cost": 348937.58,
                                                            "Plan Rows": 2524065,
                                                            "Plan Width": 41,
                                                            "Actual Startup Time": 2660.876,
                                                            "Actual Total Time": 3477.087,
                                                            "Actual Rows": 1742698,
                                                            "Actual Loops": 5,
                                                            "Inner Unique": false,
                                                            "Merge Cond": "(miidx.movie_id = mc.movie_id)",
                                                            "Plans": [
                                                              {
                                                                "Node Type": "Index Scan",
                                                                "Parent Relationship": "Outer",
                                                                "Parallel Aware": false,
                                                                "Scan Direction": "Forward",
                                                                "Index Name": "movie_id_movie_info_idx",
                                                                "Relation Name": "movie_info_idx",
                                                                "Alias": "miidx",
                                                                "Startup Cost": 0.43,
                                                                "Total Cost": 53622.74,
                                                                "Plan Rows": 1380035,
                                                                "Plan Width": 14,
                                                                "Actual Startup Time": 0.063,
                                                                "Actual Total Time": 233.537,
                                                                "Actual Rows": 1380012,
                                                                "Actual Loops": 5
                                                              },
                                                              {
                                                                "Node Type": "Sort",
                                                                "Parent Relationship": "Inner",
                                                                "Parallel Aware": false,
                                                                "Startup Cost": 254007.76,
                                                                "Total Cost": 256392.95,
                                                                "Plan Rows": 954076,
                                                                "Plan Width": 27,
                                                                "Actual Startup Time": 2660.803,
                                                                "Actual Total Time": 2832.0,
                                                                "Actual Rows": 2316387,
                                                                "Actual Loops": 5,
                                                                "Sort Key": [
                                                                  "mc.movie_id"
                                                                ],
                                                                "Sort Method": "quicksort",
                                                                "Sort Space Used": 139176,
                                                                "Sort Space Type": "Memory",
                                                                "Workers": [
                                                                  {
                                                                    "Worker Number": 0,
                                                                    "Sort Method": "quicksort",
                                                                    "Sort Space Used": 139176,
                                                                    "Sort Space Type": "Memory"
                                                                  },
                                                                  {
                                                                    "Worker Number": 1,
                                                                    "Sort Method": "quicksort",
                                                                    "Sort Space Used": 139176,
                                                                    "Sort Space Type": "Memory"
                                                                  },
                                                                  {
                                                                    "Worker Number": 2,
                                                                    "Sort Method": "quicksort",
                                                                    "Sort Space Used": 139176,
                                                                    "Sort Space Type": "Memory"
                                                                  },
                                                                  {
                                                                    "Worker Number": 3,
                                                                    "Sort Method": "quicksort",
                                                                    "Sort Space Used": 139176,
                                                                    "Sort Space Type": "Memory"
                                                                  }
                                                                ],
                                                                "Plans": [
                                                                  {
                                                                    "Node Type": "Merge Join",
                                                                    "Parent Relationship": "Outer",
                                                                    "Parallel Aware": false,
                                                                    "Join Type": "Inner",
                                                                    "Startup Cost": 4190.88,
                                                                    "Total Cost": 159250.15,
                                                                    "Plan Rows": 954076,
                                                                    "Plan Width": 27,
                                                                    "Actual Startup Time": 0.06,
                                                                    "Actual Total Time": 2168.748,
                                                                    "Actual Rows": 1153798,
                                                                    "Actual Loops": 5,
                                                                    "Inner Unique": false,
                                                                    "Merge Cond": "(cn.id = mc.company_id)",
                                                                    "Plans": [
                                                                      {
                                                                        "Node Type": "Index Scan",
                                                                        "Parent Relationship": "Outer",
                                                                        "Parallel Aware": false,
                                                                        "Scan Direction": "Forward",
                                                                        "Index Name": "company_name_pkey",
                                                                        "Relation Name": "company_name",
                                                                        "Alias": "cn",
                                                                        "Startup Cost": 0.42,
                                                                        "Total Cost": 12469.43,
                                                                        "Plan Rows": 85931,
                                                                        "Plan Width": 23,
                                                                        "Actual Startup Time": 0.03,
                                                                        "Actual Total Time": 182.451,
                                                                        "Actual Rows": 84843,
                                                                        "Actual Loops": 5,
                                                                        "Filter": "((country_code)::text = '[us]'::text)",
                                                                        "Rows Removed by Filter": 150154
                                                                      },
                                                                      {
                                                                        "Node Type": "Index Scan",
                                                                        "Parent Relationship": "Inner",
                                                                        "Parallel Aware": false,
                                                                        "Scan Direction": "Forward",
                                                                        "Index Name": "company_id_movie_companies",
                                                                        "Relation Name": "movie_companies",
                                                                        "Alias": "mc",
                                                                        "Startup Cost": 0.43,
                                                                        "Total Cost": 130510.28,
                                                                        "Plan Rows": 2609129,
                                                                        "Plan Width": 12,
                                                                        "Actual Startup Time": 0.025,
                                                                        "Actual Total Time": 1642.685,
                                                                        "Actual Rows": 2609129,
                                                                        "Actual Loops": 5
                                                                      }
                                                                    ]
                                                                  }
                                                                ]
                                                              }
                                                            ]
                                                          }
                                                        ]
                                                      }
                                                    ]
                                                  }
                                                ]
                                              }
                                            ]
                                          }
                                        ]
                                      }
                                    ]
                                  }
                                ]
                              }
                            ]
                          }
                        ]
                      }
                    ]
                  },
                  {
                    "Node Type": "Sort",
                    "Parent Relationship": "Inner",
                    "Parallel Aware": false,
                    "Startup Cost": 1.1,
                    "Total Cost": 1.1,
                    "Plan Rows": 1,
                    "Plan Width": 4,
                    "Actual Startup Time": 0.025,
                    "Actual Total Time": 0.026,
                    "Actual Rows": 1,
                    "Actual Loops": 1,
                    "Sort Key": [
                      "kt.id"
                    ],
                    "Sort Method": "quicksort",
                    "Sort Space Used": 25,
                    "Sort Space Type": "Memory",
                    "Plans": [
                      {
                        "Node Type": "Seq Scan",
                        "Parent Relationship": "Outer",
                        "Parallel Aware": false,
                        "Relation Name": "kind_type",
                        "Alias": "kt",
                        "Startup Cost": 0.0,
                        "Total Cost": 1.09,
                        "Plan Rows": 1,
                        "Plan Width": 4,
                        "Actual Startup Time": 0.017,
                        "Actual Total Time": 0.018,
                        "Actual Rows": 1,
                        "Actual Loops": 1,
                        "Filter": "((kind)::text = 'movie'::text)",
                        "Rows Removed by Filter": 6
                      }
                    ]
                  }
                ]
              }
            ]
          }
        ]
      }
    ]
  },
  "Planning Time": 19.591,
  "Triggers": [],
  "Execution Time": 10763.044
}