[
  {
    "Plan": {
      "Node Type": "Aggregate",
      "Strategy": "Plain",
      "Partial Mode": "Finalize",
      "Parallel Aware": false,
      "Startup Cost": 314796.08,
      "Total Cost": 314796.09,
      "Plan Rows": 1,
      "Plan Width": 8,
      "Actual Startup Time": 311.721,
      "Actual Total Time": 324.222,
      "Actual Rows": 1,
      "Actual Loops": 1,
      "Plans": [
        {
          "Node Type": "Gather",
          "Parent Relationship": "Outer",
          "Parallel Aware": false,
          "Startup Cost": 314795.46,
          "Total Cost": 314796.07,
          "Plan Rows": 6,
          "Plan Width": 8,
          "Actual Startup Time": 311.063,
          "Actual Total Time": 324.21,
          "Actual Rows": 7,
          "Actual Loops": 1,
          "Workers Planned": 6,
          "Workers Launched": 6,
          "Single Copy": false,
          "Plans": [
            {
              "Node Type": "Aggregate",
              "Strategy": "Plain",
              "Partial Mode": "Partial",
              "Parent Relationship": "Outer",
              "Parallel Aware": false,
              "Startup Cost": 313795.46,
              "Total Cost": 313795.47,
              "Plan Rows": 1,
              "Plan Width": 8,
              "Actual Startup Time": 301.218,
              "Actual Total Time": 301.22,
              "Actual Rows": 1,
              "Actual Loops": 7,
              "Plans": [
                {
                  "Node Type": "Bitmap Heap Scan",
                  "Parent Relationship": "Outer",
                  "Parallel Aware": true,
                  "Relation Name": "cast_info",
                  "Alias": "ci",
                  "Startup Cost": 54264.94,
                  "Total Cost": 313117.89,
                  "Plan Rows": 271028,
                  "Plan Width": 0,
                  "Actual Startup Time": 153.961,
                  "Actual Total Time": 281.327,
                  "Actual Rows": 283682,
                  "Actual Loops": 7,
                  "Recheck Cond": "(person_id < 242232)",
                  "Rows Removed by Index Recheck": 0,
                  "Filter": "(role_id < 4)",
                  "Rows Removed by Filter": 73117,
                  "Exact Heap Blocks": 5271,
                  "Lossy Heap Blocks": 0,
                  "Plans": [
                    {
                      "Node Type": "Bitmap Index Scan",
                      "Parent Relationship": "Outer",
                      "Parallel Aware": false,
                      "Index Name": "person_id_cast_info",
                      "Startup Cost": 0.0,
                      "Total Cost": 53858.4,
                      "Plan Rows": 2466378,
                      "Plan Width": 0,
                      "Actual Startup Time": 156.4,
                      "Actual Total Time": 156.401,
                      "Actual Rows": 2497594,
                      "Actual Loops": 1,
                      "Index Cond": "(person_id < 242232)"
                    }
                  ]
                }
              ]
            }
          ]
        }
      ]
    },
    "Planning Time": 0.23,
    "Triggers": [],
    "Execution Time": 324.302
  }
]