[
  {
    "Plan": {
      "Node Type": "Aggregate",
      "Strategy": "Plain",
      "Partial Mode": "Finalize",
      "Parallel Aware": false,
      "Startup Cost": 109070.97,
      "Total Cost": 109070.98,
      "Plan Rows": 1,
      "Plan Width": 8,
      "Actual Startup Time": 871.128,
      "Actual Total Time": 899.337,
      "Actual Rows": 1,
      "Actual Loops": 1,
      "Plans": [
        {
          "Node Type": "Gather",
          "Parent Relationship": "Outer",
          "Parallel Aware": false,
          "Startup Cost": 109070.65,
          "Total Cost": 109070.96,
          "Plan Rows": 3,
          "Plan Width": 8,
          "Actual Startup Time": 859.866,
          "Actual Total Time": 899.305,
          "Actual Rows": 4,
          "Actual Loops": 1,
          "Workers Planned": 3,
          "Workers Launched": 3,
          "Single Copy": false,
          "Plans": [
            {
              "Node Type": "Aggregate",
              "Strategy": "Plain",
              "Partial Mode": "Partial",
              "Parent Relationship": "Outer",
              "Parallel Aware": false,
              "Startup Cost": 108070.65,
              "Total Cost": 108070.66,
              "Plan Rows": 1,
              "Plan Width": 8,
              "Actual Startup Time": 852.58,
              "Actual Total Time": 853.841,
              "Actual Rows": 1,
              "Actual Loops": 4,
              "Plans": [
                {
                  "Node Type": "Hash Join",
                  "Parent Relationship": "Outer",
                  "Parallel Aware": true,
                  "Join Type": "Inner",
                  "Startup Cost": 73025.48,
                  "Total Cost": 107054.48,
                  "Plan Rows": 406470,
                  "Plan Width": 0,
                  "Actual Startup Time": 568.05,
                  "Actual Total Time": 815.653,
                  "Actual Rows": 946451,
                  "Actual Loops": 4,
                  "Inner Unique": false,
                  "Hash Cond": "(mc.movie_id = t.id)",
                  "Plans": [
                    {
                      "Node Type": "Seq Scan",
                      "Parent Relationship": "Outer",
                      "Parallel Aware": true,
                      "Relation Name": "movie_companies",
                      "Alias": "mc",
                      "Startup Cost": 0.0,
                      "Total Cost": 29310.68,
                      "Plan Rows": 806582,
                      "Plan Width": 4,
                      "Actual Startup Time": 0.016,
                      "Actual Total Time": 70.064,
                      "Actual Rows": 625453,
                      "Actual Loops": 4,
                      "Filter": "(company_id < 153349)",
                      "Rows Removed by Filter": 26830
                    },
                    {
                      "Node Type": "Hash",
                      "Parent Relationship": "Inner",
                      "Parallel Aware": true,
                      "Startup Cost": 66389.13,
                      "Total Cost": 66389.13,
                      "Plan Rows": 530908,
                      "Plan Width": 8,
                      "Actual Startup Time": 563.484,
                      "Actual Total Time": 564.744,
                      "Actual Rows": 334404,
                      "Actual Loops": 4,
                      "Hash Buckets": 2097152,
                      "Original Hash Buckets": 2097152,
                      "Hash Batches": 1,
                      "Original Hash Batches": 1,
                      "Peak Memory Usage": 68768,
                      "Plans": [
                        {
                          "Node Type": "Hash Join",
                          "Parent Relationship": "Outer",
                          "Parallel Aware": true,
                          "Join Type": "Inner",
                          "Startup Cost": 51194.57,
                          "Total Cost": 66389.13,
                          "Plan Rows": 530908,
                          "Plan Width": 8,
                          "Actual Startup Time": 352.554,
                          "Actual Total Time": 478.462,
                          "Actual Rows": 334404,
                          "Actual Loops": 4,
                          "Inner Unique": true,
                          "Hash Cond": "(mi_idx.movie_id = t.id)",
                          "Plans": [
                            {
                              "Node Type": "Seq Scan",
                              "Parent Relationship": "Outer",
                              "Parallel Aware": true,
                              "Relation Name": "movie_info_idx",
                              "Alias": "mi_idx",
                              "Startup Cost": 0.0,
                              "Total Cost": 13685.15,
                              "Plan Rows": 575015,
                              "Plan Width": 4,
                              "Actual Startup Time": 0.01,
                              "Actual Total Time": 30.541,
                              "Actual Rows": 345009,
                              "Actual Loops": 4
                            },
                            {
                              "Node Type": "Hash",
                              "Parent Relationship": "Inner",
                              "Parallel Aware": true,
                              "Startup Cost": 43899.32,
                              "Total Cost": 43899.32,
                              "Plan Rows": 583620,
                              "Plan Width": 4,
                              "Actual Startup Time": 345.592,
                              "Actual Total Time": 345.594,
                              "Actual Rows": 581473,
                              "Actual Loops": 4,
                              "Hash Buckets": 4194304,
                              "Original Hash Buckets": 4194304,
                              "Hash Batches": 1,
                              "Original Hash Batches": 1,
                              "Peak Memory Usage": 123808,
                              "Plans": [
                                {
                                  "Node Type": "Seq Scan",
                                  "Parent Relationship": "Outer",
                                  "Parallel Aware": true,
                                  "Relation Name": "title",
                                  "Alias": "t",
                                  "Startup Cost": 0.0,
                                  "Total Cost": 43899.32,
                                  "Plan Rows": 583620,
                                  "Plan Width": 4,
                                  "Actual Startup Time": 0.058,
                                  "Actual Total Time": 110.476,
                                  "Actual Rows": 581473,
                                  "Actual Loops": 4,
                                  "Filter": "(production_year > 1935)",
                                  "Rows Removed by Filter": 50605
                                }
                              ]
                            }
                          ]
                        }
                      ]
                    }
                  ]
                }
              ]
            }
          ]
        }
      ]
    },
    "Planning Time": 0.456,
    "Triggers": [],
    "Execution Time": 899.382
  }
]