[
  {
    "Plan": {
      "Node Type": "Aggregate",
      "Strategy": "Plain",
      "Partial Mode": "Finalize",
      "Parallel Aware": false,
      "Startup Cost": 336270.21,
      "Total Cost": 336270.22,
      "Plan Rows": 1,
      "Plan Width": 8,
      "Actual Startup Time": 706.835,
      "Actual Total Time": 762.87,
      "Actual Rows": 1,
      "Actual Loops": 1,
      "Plans": [
        {
          "Node Type": "Gather",
          "Parent Relationship": "Outer",
          "Parallel Aware": false,
          "Startup Cost": 336269.58,
          "Total Cost": 336270.19,
          "Plan Rows": 6,
          "Plan Width": 8,
          "Actual Startup Time": 706.701,
          "Actual Total Time": 762.861,
          "Actual Rows": 7,
          "Actual Loops": 1,
          "Workers Planned": 6,
          "Workers Launched": 6,
          "Single Copy": false,
          "Plans": [
            {
              "Node Type": "Aggregate",
              "Strategy": "Plain",
              "Partial Mode": "Partial",
              "Parent Relationship": "Outer",
              "Parallel Aware": false,
              "Startup Cost": 335269.58,
              "Total Cost": 335269.59,
              "Plan Rows": 1,
              "Plan Width": 8,
              "Actual Startup Time": 696.35,
              "Actual Total Time": 696.352,
              "Actual Rows": 1,
              "Actual Loops": 7,
              "Plans": [
                {
                  "Node Type": "Seq Scan",
                  "Parent Relationship": "Outer",
                  "Parallel Aware": true,
                  "Relation Name": "cast_info",
                  "Alias": "ci",
                  "Startup Cost": 0.0,
                  "Total Cost": 328162.03,
                  "Plan Rows": 2843023,
                  "Plan Width": 0,
                  "Actual Startup Time": 0.059,
                  "Actual Total Time": 588.058,
                  "Actual Rows": 2446234,
                  "Actual Loops": 7,
                  "Filter": "(person_id < 1691921)",
                  "Rows Removed by Filter": 2731529
                }
              ]
            }
          ]
        }
      ]
    },
    "Planning Time": 0.183,
    "Triggers": [],
    "Execution Time": 762.942
  }
]