{
    "Plan": {
        "Node Type": "Aggregate",
        "Strategy": "Plain",
        "Partial Mode": "Finalize",
        "Parallel Aware": false,
        "Startup Cost": 452884.36,
        "Total Cost": 452884.37,
        "Plan Rows": 1,
        "Plan Width": 8,
        "Actual Startup Time": 1525.585,
        "Actual Total Time": 1568.767,
        "Actual Rows": 1,
        "Actual Loops": 1,
        "Output": [
            "count(*)"
        ],
        "Plans": [
            {
                "Node Type": "Gather",
                "Parent Relationship": "Outer",
                "Parallel Aware": false,
                "Startup Cost": 452883.83,
                "Total Cost": 452884.34,
                "Plan Rows": 5,
                "Plan Width": 8,
                "Actual Startup Time": 1513.675,
                "Actual Total Time": 1568.743,
                "Actual Rows": 6,
                "Actual Loops": 1,
                "Output": [
                    "(PARTIAL count(*))"
                ],
                "Workers Planned": 5,
                "Workers Launched": 5,
                "Single Copy": false,
                "Plans": [
                    {
                        "Node Type": "Aggregate",
                        "Strategy": "Plain",
                        "Partial Mode": "Partial",
                        "Parent Relationship": "Outer",
                        "Parallel Aware": false,
                        "Startup Cost": 451883.83,
                        "Total Cost": 451883.84,
                        "Plan Rows": 1,
                        "Plan Width": 8,
                        "Actual Startup Time": 1502.881,
                        "Actual Total Time": 1502.885,
                        "Actual Rows": 1,
                        "Actual Loops": 6,
                        "Output": [
                            "PARTIAL count(*)"
                        ],
                        "Workers": [
                            {
                                "Worker Number": 0,
                                "Actual Startup Time": 1499.957,
                                "Actual Total Time": 1499.961,
                                "Actual Rows": 1,
                                "Actual Loops": 1
                            },
                            {
                                "Worker Number": 1,
                                "Actual Startup Time": 1499.962,
                                "Actual Total Time": 1499.965,
                                "Actual Rows": 1,
                                "Actual Loops": 1
                            },
                            {
                                "Worker Number": 2,
                                "Actual Startup Time": 1499.649,
                                "Actual Total Time": 1499.654,
                                "Actual Rows": 1,
                                "Actual Loops": 1
                            },
                            {
                                "Worker Number": 3,
                                "Actual Startup Time": 1501.319,
                                "Actual Total Time": 1501.322,
                                "Actual Rows": 1,
                                "Actual Loops": 1
                            },
                            {
                                "Worker Number": 4,
                                "Actual Startup Time": 1504.076,
                                "Actual Total Time": 1504.079,
                                "Actual Rows": 1,
                                "Actual Loops": 1
                            }
                        ],
                        "Plans": [
                            {
                                "Node Type": "Hash Join",
                                "Parent Relationship": "Outer",
                                "Parallel Aware": true,
                                "Join Type": "Inner",
                                "Startup Cost": 254658.73,
                                "Total Cost": 450402.52,
                                "Plan Rows": 592526,
                                "Plan Width": 0,
                                "Actual Startup Time": 548.496,
                                "Actual Total Time": 1448.484,
                                "Actual Rows": 1020507,
                                "Actual Loops": 6,
                                "Inner Unique": true,
                                "Hash Cond": "(mi.movie_id = t.id)",
                                "Workers": [
                                    {
                                        "Worker Number": 0,
                                        "Actual Startup Time": 545.082,
                                        "Actual Total Time": 1447.863,
                                        "Actual Rows": 814206,
                                        "Actual Loops": 1
                                    },
                                    {
                                        "Worker Number": 1,
                                        "Actual Startup Time": 545.71,
                                        "Actual Total Time": 1441.68,
                                        "Actual Rows": 921567,
                                        "Actual Loops": 1
                                    },
                                    {
                                        "Worker Number": 2,
                                        "Actual Startup Time": 545.381,
                                        "Actual Total Time": 1448.069,
                                        "Actual Rows": 815346,
                                        "Actual Loops": 1
                                    },
                                    {
                                        "Worker Number": 3,
                                        "Actual Startup Time": 546.993,
                                        "Actual Total Time": 1443.541,
                                        "Actual Rows": 916277,
                                        "Actual Loops": 1
                                    },
                                    {
                                        "Worker Number": 4,
                                        "Actual Startup Time": 549.766,
                                        "Actual Total Time": 1452.168,
                                        "Actual Rows": 1326637,
                                        "Actual Loops": 1
                                    }
                                ],
                                "Plans": [
                                    {
                                        "Node Type": "Bitmap Heap Scan",
                                        "Parent Relationship": "Outer",
                                        "Parallel Aware": true,
                                        "Relation Name": "movie_info",
                                        "Schema": "public",
                                        "Alias": "mi",
                                        "Startup Cost": 202329.35,
                                        "Total Cost": 392215.55,
                                        "Plan Rows": 2231456,
                                        "Plan Width": 4,
                                        "Actual Startup Time": 377.178,
                                        "Actual Total Time": 807.414,
                                        "Actual Rows": 1868457,
                                        "Actual Loops": 6,
                                        "Output": [
                                            "mi.id",
                                            "mi.movie_id",
                                            "mi.info_type_id",
                                            "mi.info",
                                            "mi.note"
                                        ],
                                        "Recheck Cond": "(mi.info_type_id > 3)",
                                        "Rows Removed by Index Recheck": 0,
                                        "Exact Heap Blocks": 30292,
                                        "Lossy Heap Blocks": 0,
                                        "Workers": [
                                            {
                                                "Worker Number": 0,
                                                "Actual Startup Time": 377.176,
                                                "Actual Total Time": 802.237,
                                                "Actual Rows": 1475104,
                                                "Actual Loops": 1
                                            },
                                            {
                                                "Worker Number": 1,
                                                "Actual Startup Time": 377.102,
                                                "Actual Total Time": 809.682,
                                                "Actual Rows": 1691392,
                                                "Actual Loops": 1
                                            },
                                            {
                                                "Worker Number": 2,
                                                "Actual Startup Time": 377.435,
                                                "Actual Total Time": 804.937,
                                                "Actual Rows": 1478601,
                                                "Actual Loops": 1
                                            },
                                            {
                                                "Worker Number": 3,
                                                "Actual Startup Time": 377.244,
                                                "Actual Total Time": 809.681,
                                                "Actual Rows": 1689825,
                                                "Actual Loops": 1
                                            },
                                            {
                                                "Worker Number": 4,
                                                "Actual Startup Time": 377.352,
                                                "Actual Total Time": 810.986,
                                                "Actual Rows": 2410185,
                                                "Actual Loops": 1
                                            }
                                        ],
                                        "Plans": [
                                            {
                                                "Node Type": "Bitmap Index Scan",
                                                "Parent Relationship": "Outer",
                                                "Parallel Aware": false,
                                                "Index Name": "info_type_id_movie_info",
                                                "Startup Cost": 0.0,
                                                "Total Cost": 199540.03,
                                                "Plan Rows": 11157280,
                                                "Plan Width": 0,
                                                "Actual Startup Time": 351.163,
                                                "Actual Total Time": 351.164,
                                                "Actual Rows": 11210743,
                                                "Actual Loops": 1,
                                                "Index Cond": "(mi.info_type_id > 3)"
                                            }
                                        ]
                                    },
                                    {
                                        "Node Type": "Hash",
                                        "Parent Relationship": "Inner",
                                        "Parallel Aware": true,
                                        "Startup Cost": 50231.4,
                                        "Total Cost": 50231.4,
                                        "Plan Rows": 167838,
                                        "Plan Width": 4,
                                        "Actual Startup Time": 133.752,
                                        "Actual Total Time": 133.753,
                                        "Actual Rows": 110471,
                                        "Actual Loops": 6,
                                        "Output": [
                                            "t.id"
                                        ],
                                        "Hash Buckets": 1048576,
                                        "Original Hash Buckets": 1048576,
                                        "Hash Batches": 1,
                                        "Original Hash Batches": 1,
                                        "Peak Memory Usage": 34208,
                                        "Workers": [
                                            {
                                                "Worker Number": 0,
                                                "Actual Startup Time": 132.709,
                                                "Actual Total Time": 132.711,
                                                "Actual Rows": 87548,
                                                "Actual Loops": 1
                                            },
                                            {
                                                "Worker Number": 1,
                                                "Actual Startup Time": 133.386,
                                                "Actual Total Time": 133.387,
                                                "Actual Rows": 95660,
                                                "Actual Loops": 1
                                            },
                                            {
                                                "Worker Number": 2,
                                                "Actual Startup Time": 133.016,
                                                "Actual Total Time": 133.017,
                                                "Actual Rows": 84988,
                                                "Actual Loops": 1
                                            },
                                            {
                                                "Worker Number": 3,
                                                "Actual Startup Time": 134.705,
                                                "Actual Total Time": 134.706,
                                                "Actual Rows": 95399,
                                                "Actual Loops": 1
                                            },
                                            {
                                                "Worker Number": 4,
                                                "Actual Startup Time": 137.675,
                                                "Actual Total Time": 137.676,
                                                "Actual Rows": 123297,
                                                "Actual Loops": 1
                                            }
                                        ],
                                        "Plans": [
                                            {
                                                "Node Type": "Bitmap Heap Scan",
                                                "Parent Relationship": "Outer",
                                                "Parallel Aware": true,
                                                "Relation Name": "title",
                                                "Schema": "public",
                                                "Alias": "t",
                                                "Startup Cost": 12135.42,
                                                "Total Cost": 50231.4,
                                                "Plan Rows": 167838,
                                                "Plan Width": 4,
                                                "Actual Startup Time": 32.232,
                                                "Actual Total Time": 83.802,
                                                "Actual Rows": 110471,
                                                "Actual Loops": 6,
                                                "Output": [
                                                    "t.id"
                                                ],
                                                "Recheck Cond": "(t.kind_id = 1)",
                                                "Rows Removed by Index Recheck": 0,
                                                "Exact Heap Blocks": 3601,
                                                "Lossy Heap Blocks": 0,
                                                "Workers": [
                                                    {
                                                        "Worker Number": 0,
                                                        "Actual Startup Time": 32.108,
                                                        "Actual Total Time": 84.066,
                                                        "Actual Rows": 87548,
                                                        "Actual Loops": 1
                                                    },
                                                    {
                                                        "Worker Number": 1,
                                                        "Actual Startup Time": 32.162,
                                                        "Actual Total Time": 84.766,
                                                        "Actual Rows": 95660,
                                                        "Actual Loops": 1
                                                    },
                                                    {
                                                        "Worker Number": 2,
                                                        "Actual Startup Time": 32.475,
                                                        "Actual Total Time": 84.034,
                                                        "Actual Rows": 84988,
                                                        "Actual Loops": 1
                                                    },
                                                    {
                                                        "Worker Number": 3,
                                                        "Actual Startup Time": 32.179,
                                                        "Actual Total Time": 84.387,
                                                        "Actual Rows": 95399,
                                                        "Actual Loops": 1
                                                    },
                                                    {
                                                        "Worker Number": 4,
                                                        "Actual Startup Time": 32.385,
                                                        "Actual Total Time": 83.452,
                                                        "Actual Rows": 123297,
                                                        "Actual Loops": 1
                                                    }
                                                ],
                                                "Plans": [
                                                    {
                                                        "Node Type": "Bitmap Index Scan",
                                                        "Parent Relationship": "Outer",
                                                        "Parallel Aware": false,
                                                        "Index Name": "kind_id_title",
                                                        "Startup Cost": 0.0,
                                                        "Total Cost": 11967.58,
                                                        "Plan Rows": 671354,
                                                        "Plan Width": 0,
                                                        "Actual Startup Time": 30.312,
                                                        "Actual Total Time": 30.312,
                                                        "Actual Rows": 662825,
                                                        "Actual Loops": 1,
                                                        "Index Cond": "(t.kind_id = 1)"
                                                    }
                                                ]
                                            }
                                        ]
                                    }
                                ]
                            }
                        ]
                    }
                ]
            }
        ]
    },
    "Planning Time": 2.897,
    "Triggers": [],
    "Execution Time": 1569.298
}