{
  "Plan": {
    "Node Type": "Aggregate",
    "Strategy": "Plain",
    "Partial Mode": "Finalize",
    "Parallel Aware": false,
    "Startup Cost": 748190.47,
    "Total Cost": 748190.48,
    "Plan Rows": 1,
    "Plan Width": 8,
    "Actual Startup Time": 10884.075,
    "Actual Total Time": 10957.084,
    "Actual Rows": 1,
    "Actual Loops": 1,
    "Plans": [
      {
        "Node Type": "Gather",
        "Parent Relationship": "Outer",
        "Parallel Aware": false,
        "Startup Cost": 748190.36,
        "Total Cost": 748190.47,
        "Plan Rows": 1,
        "Plan Width": 8,
        "Actual Startup Time": 10868.335,
        "Actual Total Time": 10957.075,
        "Actual Rows": 2,
        "Actual Loops": 1,
        "Workers Planned": 1,
        "Workers Launched": 1,
        "Single Copy": false,
        "Plans": [
          {
            "Node Type": "Aggregate",
            "Strategy": "Plain",
            "Partial Mode": "Partial",
            "Parent Relationship": "Outer",
            "Parallel Aware": false,
            "Startup Cost": 747190.36,
            "Total Cost": 747190.37,
            "Plan Rows": 1,
            "Plan Width": 8,
            "Actual Startup Time": 10843.662,
            "Actual Total Time": 10844.841,
            "Actual Rows": 1,
            "Actual Loops": 2,
            "Plans": [
              {
                "Node Type": "Hash Join",
                "Parent Relationship": "Outer",
                "Parallel Aware": true,
                "Join Type": "Inner",
                "Startup Cost": 642456.86,
                "Total Cost": 737475.0,
                "Plan Rows": 3886142,
                "Plan Width": 0,
                "Actual Startup Time": 6790.926,
                "Actual Total Time": 9591.444,
                "Actual Rows": 32584137,
                "Actual Loops": 2,
                "Inner Unique": false,
                "Hash Cond": "(mk.movie_id = t.id)",
                "Plans": [
                  {
                    "Node Type": "Seq Scan",
                    "Parent Relationship": "Outer",
                    "Parallel Aware": true,
                    "Relation Name": "movie_keyword",
                    "Alias": "mk",
                    "Startup Cost": 0.0,
                    "Total Cost": 57718.19,
                    "Plan Rows": 1155223,
                    "Plan Width": 4,
                    "Actual Startup Time": 0.547,
                    "Actual Total Time": 184.162,
                    "Actual Rows": 980654,
                    "Actual Loops": 2,
                    "Filter": "(keyword_id > 6498)",
                    "Rows Removed by Filter": 1281311
                  },
                  {
                    "Node Type": "Hash",
                    "Parent Relationship": "Inner",
                    "Parallel Aware": true,
                    "Startup Cost": 579919.25,
                    "Total Cost": 579919.25,
                    "Plan Rows": 5003009,
                    "Plan Width": 8,
                    "Actual Startup Time": 6672.494,
                    "Actual Total Time": 6673.671,
                    "Actual Rows": 4299350,
                    "Actual Loops": 2,
                    "Hash Buckets": 16777216,
                    "Original Hash Buckets": 16777216,
                    "Hash Batches": 1,
                    "Original Hash Batches": 1,
                    "Peak Memory Usage": 467488,
                    "Plans": [
                      {
                        "Node Type": "Hash Join",
                        "Parent Relationship": "Outer",
                        "Parallel Aware": true,
                        "Join Type": "Inner",
                        "Startup Cost": 58185.9,
                        "Total Cost": 579919.25,
                        "Plan Rows": 5003009,
                        "Plan Width": 8,
                        "Actual Startup Time": 160.483,
                        "Actual Total Time": 5148.003,
                        "Actual Rows": 4299350,
                        "Actual Loops": 2,
                        "Inner Unique": true,
                        "Hash Cond": "(ci.movie_id = t.id)",
                        "Plans": [
                          {
                            "Node Type": "Seq Scan",
                            "Parent Relationship": "Outer",
                            "Parallel Aware": true,
                            "Relation Name": "cast_info",
                            "Alias": "ci",
                            "Startup Cost": 0.0,
                            "Total Cost": 465792.95,
                            "Plan Rows": 21310595,
                            "Plan Width": 4,
                            "Actual Startup Time": 0.015,
                            "Actual Total Time": 1437.247,
                            "Actual Rows": 18122172,
                            "Actual Loops": 2
                          },
                          {
                            "Node Type": "Hash",
                            "Parent Relationship": "Inner",
                            "Parallel Aware": true,
                            "Startup Cost": 53821.5,
                            "Total Cost": 53821.5,
                            "Plan Rows": 349152,
                            "Plan Width": 4,
                            "Actual Startup Time": 157.785,
                            "Actual Total Time": 157.787,
                            "Actual Rows": 239556,
                            "Actual Loops": 2,
                            "Hash Buckets": 1048576,
                            "Original Hash Buckets": 1048576,
                            "Hash Batches": 1,
                            "Original Hash Batches": 1,
                            "Peak Memory Usage": 26976,
                            "Plans": [
                              {
                                "Node Type": "Bitmap Heap Scan",
                                "Parent Relationship": "Outer",
                                "Parallel Aware": true,
                                "Relation Name": "title",
                                "Alias": "t",
                                "Startup Cost": 11971.24,
                                "Total Cost": 53821.5,
                                "Plan Rows": 349152,
                                "Plan Width": 4,
                                "Actual Startup Time": 21.04,
                                "Actual Total Time": 91.862,
                                "Actual Rows": 239556,
                                "Actual Loops": 2,
                                "Recheck Cond": "(kind_id = 1)",
                                "Rows Removed by Index Recheck": 0,
                                "Filter": "(production_year > 1955)",
                                "Rows Removed by Filter": 91856,
                                "Exact Heap Blocks": 8088,
                                "Lossy Heap Blocks": 0,
                                "Plans": [
                                  {
                                    "Node Type": "Bitmap Index Scan",
                                    "Parent Relationship": "Outer",
                                    "Parallel Aware": false,
                                    "Index Name": "kind_id_title",
                                    "Startup Cost": 0.0,
                                    "Total Cost": 11822.85,
                                    "Plan Rows": 663256,
                                    "Plan Width": 0,
                                    "Actual Startup Time": 19.24,
                                    "Actual Total Time": 19.24,
                                    "Actual Rows": 662825,
                                    "Actual Loops": 1,
                                    "Index Cond": "(kind_id = 1)"
                                  }
                                ]
                              }
                            ]
                          }
                        ]
                      }
                    ]
                  }
                ]
              }
            ]
          }
        ]
      }
    ]
  },
  "Planning Time": 1.062,
  "Triggers": [],
  "Execution Time": 10957.188
}