{
  "Plan": {
    "Node Type": "Aggregate",
    "Strategy": "Plain",
    "Partial Mode": "Finalize",
    "Parallel Aware": false,
    "Startup Cost": 97468.39,
    "Total Cost": 97468.4,
    "Plan Rows": 1,
    "Plan Width": 8,
    "Actual Startup Time": 312.815,
    "Actual Total Time": 329.086,
    "Actual Rows": 1,
    "Actual Loops": 1,
    "Plans": [
      {
        "Node Type": "Gather",
        "Parent Relationship": "Outer",
        "Parallel Aware": false,
        "Startup Cost": 97468.28,
        "Total Cost": 97468.39,
        "Plan Rows": 1,
        "Plan Width": 8,
        "Actual Startup Time": 311.925,
        "Actual Total Time": 329.076,
        "Actual Rows": 2,
        "Actual Loops": 1,
        "Workers Planned": 1,
        "Workers Launched": 1,
        "Single Copy": false,
        "Plans": [
          {
            "Node Type": "Aggregate",
            "Strategy": "Plain",
            "Partial Mode": "Partial",
            "Parent Relationship": "Outer",
            "Parallel Aware": false,
            "Startup Cost": 96468.28,
            "Total Cost": 96468.29,
            "Plan Rows": 1,
            "Plan Width": 8,
            "Actual Startup Time": 305.733,
            "Actual Total Time": 305.737,
            "Actual Rows": 1,
            "Actual Loops": 2,
            "Plans": [
              {
                "Node Type": "Hash Join",
                "Parent Relationship": "Outer",
                "Parallel Aware": true,
                "Join Type": "Inner",
                "Startup Cost": 72275.12,
                "Total Cost": 96426.55,
                "Plan Rows": 16692,
                "Plan Width": 0,
                "Actual Startup Time": 212.502,
                "Actual Total Time": 305.037,
                "Actual Rows": 12640,
                "Actual Loops": 2,
                "Inner Unique": true,
                "Hash Cond": "(mc.movie_id = t.id)",
                "Plans": [
                  {
                    "Node Type": "Bitmap Heap Scan",
                    "Parent Relationship": "Outer",
                    "Parallel Aware": true,
                    "Relation Name": "movie_companies",
                    "Alias": "mc",
                    "Startup Cost": 12053.04,
                    "Total Cost": 35779.23,
                    "Plan Rows": 161995,
                    "Plan Width": 4,
                    "Actual Startup Time": 32.403,
                    "Actual Total Time": 90.981,
                    "Actual Rows": 204234,
                    "Actual Loops": 2,
                    "Recheck Cond": "(company_id < 575)",
                    "Rows Removed by Index Recheck": 0,
                    "Filter": "(company_type_id = 1)",
                    "Rows Removed by Filter": 72196,
                    "Exact Heap Blocks": 10545,
                    "Lossy Heap Blocks": 0,
                    "Plans": [
                      {
                        "Node Type": "Bitmap Index Scan",
                        "Parent Relationship": "Outer",
                        "Parallel Aware": false,
                        "Index Name": "company_id_movie_companies",
                        "Startup Cost": 0.0,
                        "Total Cost": 11984.19,
                        "Plan Rows": 559435,
                        "Plan Width": 0,
                        "Actual Startup Time": 29.651,
                        "Actual Total Time": 29.652,
                        "Actual Rows": 552862,
                        "Actual Loops": 1,
                        "Index Cond": "(company_id < 575)"
                      }
                    ]
                  },
                  {
                    "Node Type": "Hash",
                    "Parent Relationship": "Inner",
                    "Parallel Aware": true,
                    "Startup Cost": 58306.47,
                    "Total Cost": 58306.47,
                    "Plan Rows": 153249,
                    "Plan Width": 4,
                    "Actual Startup Time": 176.474,
                    "Actual Total Time": 176.475,
                    "Actual Rows": 113924,
                    "Actual Loops": 2,
                    "Hash Buckets": 262144,
                    "Original Hash Buckets": 262144,
                    "Hash Batches": 1,
                    "Original Hash Batches": 1,
                    "Peak Memory Usage": 10976,
                    "Plans": [
                      {
                        "Node Type": "Seq Scan",
                        "Parent Relationship": "Outer",
                        "Parallel Aware": true,
                        "Relation Name": "title",
                        "Alias": "t",
                        "Startup Cost": 0.0,
                        "Total Cost": 58306.47,
                        "Plan Rows": 153249,
                        "Plan Width": 4,
                        "Actual Startup Time": 0.057,
                        "Actual Total Time": 150.228,
                        "Actual Rows": 113924,
                        "Actual Loops": 2,
                        "Filter": "((kind_id < 7) AND (production_year > 2008))",
                        "Rows Removed by Filter": 1150232
                      }
                    ]
                  }
                ]
              }
            ]
          }
        ]
      }
    ]
  },
  "Planning Time": 0.618,
  "Triggers": [],
  "Execution Time": 329.174
}