[
  {
    "Plan": {
      "Node Type": "Aggregate",
      "Strategy": "Plain",
      "Partial Mode": "Finalize",
      "Parallel Aware": false,
      "Startup Cost": 97895.11,
      "Total Cost": 97895.12,
      "Plan Rows": 1,
      "Plan Width": 8,
      "Actual Startup Time": 481.093,
      "Actual Total Time": 497.718,
      "Actual Rows": 1,
      "Actual Loops": 1,
      "Plans": [
        {
          "Node Type": "Gather",
          "Parent Relationship": "Outer",
          "Parallel Aware": false,
          "Startup Cost": 97894.79,
          "Total Cost": 97895.1,
          "Plan Rows": 3,
          "Plan Width": 8,
          "Actual Startup Time": 474.985,
          "Actual Total Time": 497.695,
          "Actual Rows": 4,
          "Actual Loops": 1,
          "Workers Planned": 3,
          "Workers Launched": 3,
          "Single Copy": false,
          "Plans": [
            {
              "Node Type": "Aggregate",
              "Strategy": "Plain",
              "Partial Mode": "Partial",
              "Parent Relationship": "Outer",
              "Parallel Aware": false,
              "Startup Cost": 96894.79,
              "Total Cost": 96894.8,
              "Plan Rows": 1,
              "Plan Width": 8,
              "Actual Startup Time": 462.451,
              "Actual Total Time": 462.454,
              "Actual Rows": 1,
              "Actual Loops": 4,
              "Plans": [
                {
                  "Node Type": "Hash Join",
                  "Parent Relationship": "Outer",
                  "Parallel Aware": true,
                  "Join Type": "Inner",
                  "Startup Cost": 49741.62,
                  "Total Cost": 95382.01,
                  "Plan Rows": 605111,
                  "Plan Width": 0,
                  "Actual Startup Time": 255.791,
                  "Actual Total Time": 457.488,
                  "Actual Rows": 121944,
                  "Actual Loops": 4,
                  "Inner Unique": true,
                  "Hash Cond": "(mk.movie_id = t.id)",
                  "Plans": [
                    {
                      "Node Type": "Seq Scan",
                      "Parent Relationship": "Outer",
                      "Parallel Aware": true,
                      "Relation Name": "movie_keyword",
                      "Alias": "mk",
                      "Startup Cost": 0.0,
                      "Total Cost": 42695.65,
                      "Plan Rows": 1121804,
                      "Plan Width": 4,
                      "Actual Startup Time": 0.072,
                      "Actual Total Time": 108.009,
                      "Actual Rows": 868924,
                      "Actual Loops": 4,
                      "Filter": "(keyword_id > 1044)",
                      "Rows Removed by Filter": 262059
                    },
                    {
                      "Node Type": "Hash",
                      "Parent Relationship": "Inner",
                      "Parallel Aware": true,
                      "Startup Cost": 45479.59,
                      "Total Cost": 45479.59,
                      "Plan Rows": 340963,
                      "Plan Width": 4,
                      "Actual Startup Time": 247.544,
                      "Actual Total Time": 247.545,
                      "Actual Rows": 359674,
                      "Actual Loops": 4,
                      "Hash Buckets": 2097152,
                      "Original Hash Buckets": 2097152,
                      "Hash Batches": 1,
                      "Original Hash Batches": 1,
                      "Peak Memory Usage": 72736,
                      "Plans": [
                        {
                          "Node Type": "Seq Scan",
                          "Parent Relationship": "Outer",
                          "Parallel Aware": true,
                          "Relation Name": "title",
                          "Alias": "t",
                          "Startup Cost": 0.0,
                          "Total Cost": 45479.59,
                          "Plan Rows": 340963,
                          "Plan Width": 4,
                          "Actual Startup Time": 0.043,
                          "Actual Total Time": 110.594,
                          "Actual Rows": 359674,
                          "Actual Loops": 4,
                          "Filter": "((production_year > 1958) AND (kind_id = 7))",
                          "Rows Removed by Filter": 272404
                        }
                      ]
                    }
                  ]
                }
              ]
            }
          ]
        }
      ]
    },
    "Planning Time": 0.654,
    "Triggers": [],
    "Execution Time": 497.792
  }
]