[
  {
    "Plan": {
      "Node Type": "Aggregate",
      "Strategy": "Plain",
      "Partial Mode": "Finalize",
      "Parallel Aware": false,
      "Startup Cost": 45317.49,
      "Total Cost": 45317.5,
      "Plan Rows": 1,
      "Plan Width": 8,
      "Actual Startup Time": 139.545,
      "Actual Total Time": 149.143,
      "Actual Rows": 1,
      "Actual Loops": 1,
      "Plans": [
        {
          "Node Type": "Gather",
          "Parent Relationship": "Outer",
          "Parallel Aware": false,
          "Startup Cost": 45317.17,
          "Total Cost": 45317.48,
          "Plan Rows": 3,
          "Plan Width": 8,
          "Actual Startup Time": 139.424,
          "Actual Total Time": 149.136,
          "Actual Rows": 4,
          "Actual Loops": 1,
          "Workers Planned": 3,
          "Workers Launched": 3,
          "Single Copy": false,
          "Plans": [
            {
              "Node Type": "Aggregate",
              "Strategy": "Plain",
              "Partial Mode": "Partial",
              "Parent Relationship": "Outer",
              "Parallel Aware": false,
              "Startup Cost": 44317.17,
              "Total Cost": 44317.18,
              "Plan Rows": 1,
              "Plan Width": 8,
              "Actual Startup Time": 134.532,
              "Actual Total Time": 134.533,
              "Actual Rows": 1,
              "Actual Loops": 4,
              "Plans": [
                {
                  "Node Type": "Seq Scan",
                  "Parent Relationship": "Outer",
                  "Parallel Aware": true,
                  "Relation Name": "movie_keyword",
                  "Alias": "mk",
                  "Startup Cost": 0.0,
                  "Total Cost": 42695.65,
                  "Plan Rows": 648606,
                  "Plan Width": 0,
                  "Actual Startup Time": 0.337,
                  "Actual Total Time": 110.912,
                  "Actual Rows": 498834,
                  "Actual Loops": 4,
                  "Filter": "(keyword_id > 6273)",
                  "Rows Removed by Filter": 632148
                }
              ]
            }
          ]
        }
      ]
    },
    "Planning Time": 0.082,
    "Triggers": [],
    "Execution Time": 149.172
  }
]