{
    "Plan": {
        "Node Type": "Aggregate",
        "Strategy": "Plain",
        "Partial Mode": "Finalize",
        "Parallel Aware": false,
        "Startup Cost": 315146.32,
        "Total Cost": 315146.33,
        "Plan Rows": 1,
        "Plan Width": 8,
        "Actual Startup Time": 1489.636,
        "Actual Total Time": 1530.901,
        "Actual Rows": 1,
        "Actual Loops": 1,
        "Output": [
            "count(*)"
        ],
        "Plans": [
            {
                "Node Type": "Gather",
                "Parent Relationship": "Outer",
                "Parallel Aware": false,
                "Startup Cost": 315145.7,
                "Total Cost": 315146.31,
                "Plan Rows": 6,
                "Plan Width": 8,
                "Actual Startup Time": 1447.655,
                "Actual Total Time": 1530.888,
                "Actual Rows": 7,
                "Actual Loops": 1,
                "Output": [
                    "(PARTIAL count(*))"
                ],
                "Workers Planned": 6,
                "Workers Launched": 6,
                "Single Copy": false,
                "Plans": [
                    {
                        "Node Type": "Aggregate",
                        "Strategy": "Plain",
                        "Partial Mode": "Partial",
                        "Parent Relationship": "Outer",
                        "Parallel Aware": false,
                        "Startup Cost": 314145.7,
                        "Total Cost": 314145.71,
                        "Plan Rows": 1,
                        "Plan Width": 8,
                        "Actual Startup Time": 1423.025,
                        "Actual Total Time": 1423.035,
                        "Actual Rows": 1,
                        "Actual Loops": 7,
                        "Output": [
                            "PARTIAL count(*)"
                        ],
                        "Workers": [
                            {
                                "Worker Number": 0,
                                "Actual Startup Time": 1419.112,
                                "Actual Total Time": 1419.117,
                                "Actual Rows": 1,
                                "Actual Loops": 1
                            },
                            {
                                "Worker Number": 1,
                                "Actual Startup Time": 1419.147,
                                "Actual Total Time": 1419.153,
                                "Actual Rows": 1,
                                "Actual Loops": 1
                            },
                            {
                                "Worker Number": 2,
                                "Actual Startup Time": 1419.162,
                                "Actual Total Time": 1419.166,
                                "Actual Rows": 1,
                                "Actual Loops": 1
                            },
                            {
                                "Worker Number": 3,
                                "Actual Startup Time": 1419.153,
                                "Actual Total Time": 1419.158,
                                "Actual Rows": 1,
                                "Actual Loops": 1
                            },
                            {
                                "Worker Number": 4,
                                "Actual Startup Time": 1419.01,
                                "Actual Total Time": 1419.016,
                                "Actual Rows": 1,
                                "Actual Loops": 1
                            },
                            {
                                "Worker Number": 5,
                                "Actual Startup Time": 1419.016,
                                "Actual Total Time": 1419.022,
                                "Actual Rows": 1,
                                "Actual Loops": 1
                            }
                        ],
                        "Plans": [
                            {
                                "Node Type": "Hash Join",
                                "Parent Relationship": "Outer",
                                "Parallel Aware": true,
                                "Join Type": "Inner",
                                "Startup Cost": 104863.64,
                                "Total Cost": 311128.5,
                                "Plan Rows": 1206881,
                                "Plan Width": 0,
                                "Actual Startup Time": 546.738,
                                "Actual Total Time": 1302.631,
                                "Actual Rows": 2814995,
                                "Actual Loops": 7,
                                "Inner Unique": false,
                                "Hash Cond": "(ci.movie_id = t.id)",
                                "Workers": [
                                    {
                                        "Worker Number": 0,
                                        "Actual Startup Time": 543.039,
                                        "Actual Total Time": 1304.918,
                                        "Actual Rows": 2854045,
                                        "Actual Loops": 1
                                    },
                                    {
                                        "Worker Number": 1,
                                        "Actual Startup Time": 543.082,
                                        "Actual Total Time": 1286.976,
                                        "Actual Rows": 2122138,
                                        "Actual Loops": 1
                                    },
                                    {
                                        "Worker Number": 2,
                                        "Actual Startup Time": 543.225,
                                        "Actual Total Time": 1301.733,
                                        "Actual Rows": 3016205,
                                        "Actual Loops": 1
                                    },
                                    {
                                        "Worker Number": 3,
                                        "Actual Startup Time": 543.308,
                                        "Actual Total Time": 1302.599,
                                        "Actual Rows": 2987371,
                                        "Actual Loops": 1
                                    },
                                    {
                                        "Worker Number": 4,
                                        "Actual Startup Time": 543.0,
                                        "Actual Total Time": 1305.132,
                                        "Actual Rows": 2843530,
                                        "Actual Loops": 1
                                    },
                                    {
                                        "Worker Number": 5,
                                        "Actual Startup Time": 543.209,
                                        "Actual Total Time": 1306.546,
                                        "Actual Rows": 2811157,
                                        "Actual Loops": 1
                                    }
                                ],
                                "Plans": [
                                    {
                                        "Node Type": "Index Scan",
                                        "Parent Relationship": "Outer",
                                        "Parallel Aware": true,
                                        "Scan Direction": "Forward",
                                        "Index Name": "role_id_cast_info",
                                        "Relation Name": "cast_info",
                                        "Schema": "public",
                                        "Alias": "ci",
                                        "Startup Cost": 0.56,
                                        "Total Cost": 197699.43,
                                        "Plan Rows": 1246088,
                                        "Plan Width": 4,
                                        "Actual Startup Time": 0.213,
                                        "Actual Total Time": 207.405,
                                        "Actual Rows": 1064568,
                                        "Actual Loops": 7,
                                        "Output": [
                                            "ci.id",
                                            "ci.person_id",
                                            "ci.movie_id",
                                            "ci.person_role_id",
                                            "ci.note",
                                            "ci.nr_order",
                                            "ci.role_id"
                                        ],
                                        "Index Cond": "(ci.role_id = 2)",
                                        "Rows Removed by Index Recheck": 0,
                                        "Workers": [
                                            {
                                                "Worker Number": 0,
                                                "Actual Startup Time": 0.113,
                                                "Actual Total Time": 212.084,
                                                "Actual Rows": 1085371,
                                                "Actual Loops": 1
                                            },
                                            {
                                                "Worker Number": 1,
                                                "Actual Startup Time": 0.1,
                                                "Actual Total Time": 219.243,
                                                "Actual Rows": 792090,
                                                "Actual Loops": 1
                                            },
                                            {
                                                "Worker Number": 2,
                                                "Actual Startup Time": 0.318,
                                                "Actual Total Time": 212.206,
                                                "Actual Rows": 1130851,
                                                "Actual Loops": 1
                                            },
                                            {
                                                "Worker Number": 3,
                                                "Actual Startup Time": 0.374,
                                                "Actual Total Time": 213.729,
                                                "Actual Rows": 1142700,
                                                "Actual Loops": 1
                                            },
                                            {
                                                "Worker Number": 4,
                                                "Actual Startup Time": 0.105,
                                                "Actual Total Time": 211.499,
                                                "Actual Rows": 1074840,
                                                "Actual Loops": 1
                                            },
                                            {
                                                "Worker Number": 5,
                                                "Actual Startup Time": 0.269,
                                                "Actual Total Time": 212.347,
                                                "Actual Rows": 1073281,
                                                "Actual Loops": 1
                                            }
                                        ]
                                    },
                                    {
                                        "Node Type": "Hash",
                                        "Parent Relationship": "Inner",
                                        "Parallel Aware": true,
                                        "Startup Cost": 94989.01,
                                        "Total Cost": 94989.01,
                                        "Plan Rows": 789925,
                                        "Plan Width": 8,
                                        "Actual Startup Time": 539.808,
                                        "Actual Total Time": 539.814,
                                        "Actual Rows": 351891,
                                        "Actual Loops": 7,
                                        "Output": [
                                            "t.id",
                                            "mk.movie_id"
                                        ],
                                        "Hash Buckets": 4194304,
                                        "Original Hash Buckets": 4194304,
                                        "Hash Batches": 1,
                                        "Original Hash Batches": 1,
                                        "Peak Memory Usage": 129280,
                                        "Workers": [
                                            {
                                                "Worker Number": 0,
                                                "Actual Startup Time": 542.483,
                                                "Actual Total Time": 542.487,
                                                "Actual Rows": 350961,
                                                "Actual Loops": 1
                                            },
                                            {
                                                "Worker Number": 1,
                                                "Actual Startup Time": 542.32,
                                                "Actual Total Time": 542.324,
                                                "Actual Rows": 263552,
                                                "Actual Loops": 1
                                            },
                                            {
                                                "Worker Number": 2,
                                                "Actual Startup Time": 542.457,
                                                "Actual Total Time": 542.46,
                                                "Actual Rows": 376206,
                                                "Actual Loops": 1
                                            },
                                            {
                                                "Worker Number": 3,
                                                "Actual Startup Time": 542.4,
                                                "Actual Total Time": 542.403,
                                                "Actual Rows": 377275,
                                                "Actual Loops": 1
                                            },
                                            {
                                                "Worker Number": 4,
                                                "Actual Startup Time": 542.485,
                                                "Actual Total Time": 542.489,
                                                "Actual Rows": 355978,
                                                "Actual Loops": 1
                                            },
                                            {
                                                "Worker Number": 5,
                                                "Actual Startup Time": 542.469,
                                                "Actual Total Time": 542.473,
                                                "Actual Rows": 345391,
                                                "Actual Loops": 1
                                            }
                                        ],
                                        "Plans": [
                                            {
                                                "Node Type": "Hash Join",
                                                "Parent Relationship": "Outer",
                                                "Parallel Aware": true,
                                                "Join Type": "Inner",
                                                "Startup Cost": 50219.81,
                                                "Total Cost": 94989.01,
                                                "Plan Rows": 789925,
                                                "Plan Width": 8,
                                                "Actual Startup Time": 245.381,
                                                "Actual Total Time": 413.253,
                                                "Actual Rows": 351891,
                                                "Actual Loops": 7,
                                                "Output": [
                                                    "t.id",
                                                    "mk.movie_id"
                                                ],
                                                "Inner Unique": true,
                                                "Hash Cond": "(mk.movie_id = t.id)",
                                                "Workers": [
                                                    {
                                                        "Worker Number": 0,
                                                        "Actual Startup Time": 245.383,
                                                        "Actual Total Time": 414.129,
                                                        "Actual Rows": 350961,
                                                        "Actual Loops": 1
                                                    },
                                                    {
                                                        "Worker Number": 1,
                                                        "Actual Startup Time": 245.44,
                                                        "Actual Total Time": 415.496,
                                                        "Actual Rows": 263552,
                                                        "Actual Loops": 1
                                                    },
                                                    {
                                                        "Worker Number": 2,
                                                        "Actual Startup Time": 245.35,
                                                        "Actual Total Time": 413.167,
                                                        "Actual Rows": 376206,
                                                        "Actual Loops": 1
                                                    },
                                                    {
                                                        "Worker Number": 3,
                                                        "Actual Startup Time": 245.335,
                                                        "Actual Total Time": 413.039,
                                                        "Actual Rows": 377275,
                                                        "Actual Loops": 1
                                                    },
                                                    {
                                                        "Worker Number": 4,
                                                        "Actual Startup Time": 245.35,
                                                        "Actual Total Time": 413.88,
                                                        "Actual Rows": 355978,
                                                        "Actual Loops": 1
                                                    },
                                                    {
                                                        "Worker Number": 5,
                                                        "Actual Startup Time": 245.347,
                                                        "Actual Total Time": 413.194,
                                                        "Actual Rows": 345391,
                                                        "Actual Loops": 1
                                                    }
                                                ],
                                                "Plans": [
                                                    {
                                                        "Node Type": "Seq Scan",
                                                        "Parent Relationship": "Outer",
                                                        "Parallel Aware": true,
                                                        "Relation Name": "movie_keyword",
                                                        "Schema": "public",
                                                        "Alias": "mk",
                                                        "Startup Cost": 0.0,
                                                        "Total Cost": 42695.65,
                                                        "Plan Rows": 789925,
                                                        "Plan Width": 4,
                                                        "Actual Startup Time": 0.024,
                                                        "Actual Total Time": 85.061,
                                                        "Actual Rows": 351891,
                                                        "Actual Loops": 7,
                                                        "Output": [
                                                            "mk.id",
                                                            "mk.movie_id",
                                                            "mk.keyword_id"
                                                        ],
                                                        "Filter": "(mk.keyword_id < 5911)",
                                                        "Rows Removed by Filter": 294385,
                                                        "Workers": [
                                                            {
                                                                "Worker Number": 0,
                                                                "Actual Startup Time": 0.031,
                                                                "Actual Total Time": 87.276,
                                                                "Actual Rows": 350961,
                                                                "Actual Loops": 1
                                                            },
                                                            {
                                                                "Worker Number": 1,
                                                                "Actual Startup Time": 0.027,
                                                                "Actual Total Time": 87.47,
                                                                "Actual Rows": 263552,
                                                                "Actual Loops": 1
                                                            },
                                                            {
                                                                "Worker Number": 2,
                                                                "Actual Startup Time": 0.023,
                                                                "Actual Total Time": 86.341,
                                                                "Actual Rows": 376206,
                                                                "Actual Loops": 1
                                                            },
                                                            {
                                                                "Worker Number": 3,
                                                                "Actual Startup Time": 0.014,
                                                                "Actual Total Time": 86.776,
                                                                "Actual Rows": 377275,
                                                                "Actual Loops": 1
                                                            },
                                                            {
                                                                "Worker Number": 4,
                                                                "Actual Startup Time": 0.028,
                                                                "Actual Total Time": 87.106,
                                                                "Actual Rows": 355978,
                                                                "Actual Loops": 1
                                                            },
                                                            {
                                                                "Worker Number": 5,
                                                                "Actual Startup Time": 0.028,
                                                                "Actual Total Time": 86.557,
                                                                "Actual Rows": 345391,
                                                                "Actual Loops": 1
                                                            }
                                                        ]
                                                    },
                                                    {
                                                        "Node Type": "Hash",
                                                        "Parent Relationship": "Inner",
                                                        "Parallel Aware": true,
                                                        "Startup Cost": 42318.81,
                                                        "Total Cost": 42318.81,
                                                        "Plan Rows": 632080,
                                                        "Plan Width": 4,
                                                        "Actual Startup Time": 241.923,
                                                        "Actual Total Time": 241.924,
                                                        "Actual Rows": 361187,
                                                        "Actual Loops": 7,
                                                        "Output": [
                                                            "t.id"
                                                        ],
                                                        "Hash Buckets": 4194304,
                                                        "Original Hash Buckets": 4194304,
                                                        "Hash Batches": 1,
                                                        "Original Hash Batches": 1,
                                                        "Peak Memory Usage": 131776,
                                                        "Workers": [
                                                            {
                                                                "Worker Number": 0,
                                                                "Actual Startup Time": 245.271,
                                                                "Actual Total Time": 245.272,
                                                                "Actual Rows": 355639,
                                                                "Actual Loops": 1
                                                            },
                                                            {
                                                                "Worker Number": 1,
                                                                "Actual Startup Time": 245.095,
                                                                "Actual Total Time": 245.096,
                                                                "Actual Rows": 281868,
                                                                "Actual Loops": 1
                                                            },
                                                            {
                                                                "Worker Number": 2,
                                                                "Actual Startup Time": 245.266,
                                                                "Actual Total Time": 245.267,
                                                                "Actual Rows": 360024,
                                                                "Actual Loops": 1
                                                            },
                                                            {
                                                                "Worker Number": 3,
                                                                "Actual Startup Time": 245.231,
                                                                "Actual Total Time": 245.232,
                                                                "Actual Rows": 357265,
                                                                "Actual Loops": 1
                                                            },
                                                            {
                                                                "Worker Number": 4,
                                                                "Actual Startup Time": 245.231,
                                                                "Actual Total Time": 245.232,
                                                                "Actual Rows": 347482,
                                                                "Actual Loops": 1
                                                            },
                                                            {
                                                                "Worker Number": 5,
                                                                "Actual Startup Time": 245.228,
                                                                "Actual Total Time": 245.229,
                                                                "Actual Rows": 346513,
                                                                "Actual Loops": 1
                                                            }
                                                        ],
                                                        "Plans": [
                                                            {
                                                                "Node Type": "Seq Scan",
                                                                "Parent Relationship": "Outer",
                                                                "Parallel Aware": true,
                                                                "Relation Name": "title",
                                                                "Schema": "public",
                                                                "Alias": "t",
                                                                "Startup Cost": 0.0,
                                                                "Total Cost": 42318.81,
                                                                "Plan Rows": 632080,
                                                                "Plan Width": 4,
                                                                "Actual Startup Time": 0.064,
                                                                "Actual Total Time": 70.934,
                                                                "Actual Rows": 361187,
                                                                "Actual Loops": 7,
                                                                "Output": [
                                                                    "t.id"
                                                                ],
                                                                "Workers": [
                                                                    {
                                                                        "Worker Number": 0,
                                                                        "Actual Startup Time": 0.076,
                                                                        "Actual Total Time": 72.986,
                                                                        "Actual Rows": 355639,
                                                                        "Actual Loops": 1
                                                                    },
                                                                    {
                                                                        "Worker Number": 1,
                                                                        "Actual Startup Time": 0.067,
                                                                        "Actual Total Time": 75.427,
                                                                        "Actual Rows": 281868,
                                                                        "Actual Loops": 1
                                                                    },
                                                                    {
                                                                        "Worker Number": 2,
                                                                        "Actual Startup Time": 0.071,
                                                                        "Actual Total Time": 70.988,
                                                                        "Actual Rows": 360024,
                                                                        "Actual Loops": 1
                                                                    },
                                                                    {
                                                                        "Worker Number": 3,
                                                                        "Actual Startup Time": 0.072,
                                                                        "Actual Total Time": 70.754,
                                                                        "Actual Rows": 357265,
                                                                        "Actual Loops": 1
                                                                    },
                                                                    {
                                                                        "Worker Number": 4,
                                                                        "Actual Startup Time": 0.068,
                                                                        "Actual Total Time": 72.919,
                                                                        "Actual Rows": 347482,
                                                                        "Actual Loops": 1
                                                                    },
                                                                    {
                                                                        "Worker Number": 5,
                                                                        "Actual Startup Time": 0.075,
                                                                        "Actual Total Time": 73.239,
                                                                        "Actual Rows": 346513,
                                                                        "Actual Loops": 1
                                                                    }
                                                                ]
                                                            }
                                                        ]
                                                    }
                                                ]
                                            }
                                        ]
                                    }
                                ]
                            }
                        ]
                    }
                ]
            }
        ]
    },
    "Planning Time": 1.467,
    "Triggers": [],
    "Execution Time": 1531.009
}