[
  {
    "Plan": {
      "Node Type": "Aggregate",
      "Strategy": "Plain",
      "Partial Mode": "Finalize",
      "Parallel Aware": false,
      "Startup Cost": 46494.84,
      "Total Cost": 46494.85,
      "Plan Rows": 1,
      "Plan Width": 8,
      "Actual Startup Time": 95.791,
      "Actual Total Time": 109.348,
      "Actual Rows": 1,
      "Actual Loops": 1,
      "Plans": [
        {
          "Node Type": "Gather",
          "Parent Relationship": "Outer",
          "Parallel Aware": false,
          "Startup Cost": 46494.42,
          "Total Cost": 46494.83,
          "Plan Rows": 4,
          "Plan Width": 8,
          "Actual Startup Time": 95.535,
          "Actual Total Time": 109.338,
          "Actual Rows": 5,
          "Actual Loops": 1,
          "Workers Planned": 4,
          "Workers Launched": 4,
          "Single Copy": false,
          "Plans": [
            {
              "Node Type": "Aggregate",
              "Strategy": "Plain",
              "Partial Mode": "Partial",
              "Parent Relationship": "Outer",
              "Parallel Aware": false,
              "Startup Cost": 45494.42,
              "Total Cost": 45494.43,
              "Plan Rows": 1,
              "Plan Width": 8,
              "Actual Startup Time": 87.401,
              "Actual Total Time": 87.403,
              "Actual Rows": 1,
              "Actual Loops": 5,
              "Plans": [
                {
                  "Node Type": "Seq Scan",
                  "Parent Relationship": "Outer",
                  "Parallel Aware": true,
                  "Relation Name": "title",
                  "Alias": "t",
                  "Startup Cost": 0.0,
                  "Total Cost": 45479.1,
                  "Plan Rows": 6128,
                  "Plan Width": 0,
                  "Actual Startup Time": 77.772,
                  "Actual Total Time": 87.396,
                  "Actual Rows": 0,
                  "Actual Loops": 5,
                  "Filter": "((production_year < 1913) AND (kind_id = 7))",
                  "Rows Removed by Filter": 505662
                }
              ]
            }
          ]
        }
      ]
    },
    "Planning Time": 0.193,
    "Triggers": [],
    "Execution Time": 109.416
  }
]