[
  {
    "Plan": {
      "Node Type": "Aggregate",
      "Strategy": "Plain",
      "Partial Mode": "Finalize",
      "Parallel Aware": false,
      "Startup Cost": 80613.44,
      "Total Cost": 80613.45,
      "Plan Rows": 1,
      "Plan Width": 8,
      "Actual Startup Time": 324.696,
      "Actual Total Time": 341.297,
      "Actual Rows": 1,
      "Actual Loops": 1,
      "Plans": [
        {
          "Node Type": "Gather",
          "Parent Relationship": "Outer",
          "Parallel Aware": false,
          "Startup Cost": 80613.12,
          "Total Cost": 80613.43,
          "Plan Rows": 3,
          "Plan Width": 8,
          "Actual Startup Time": 320.168,
          "Actual Total Time": 341.289,
          "Actual Rows": 4,
          "Actual Loops": 1,
          "Workers Planned": 3,
          "Workers Launched": 3,
          "Single Copy": false,
          "Plans": [
            {
              "Node Type": "Aggregate",
              "Strategy": "Plain",
              "Partial Mode": "Partial",
              "Parent Relationship": "Outer",
              "Parallel Aware": false,
              "Startup Cost": 79613.12,
              "Total Cost": 79613.13,
              "Plan Rows": 1,
              "Plan Width": 8,
              "Actual Startup Time": 311.78,
              "Actual Total Time": 311.784,
              "Actual Rows": 1,
              "Actual Loops": 4,
              "Plans": [
                {
                  "Node Type": "Nested Loop",
                  "Parent Relationship": "Outer",
                  "Parallel Aware": false,
                  "Join Type": "Inner",
                  "Startup Cost": 49147.34,
                  "Total Cost": 79590.45,
                  "Plan Rows": 9067,
                  "Plan Width": 0,
                  "Actual Startup Time": 240.086,
                  "Actual Total Time": 308.597,
                  "Actual Rows": 69610,
                  "Actual Loops": 4,
                  "Inner Unique": false,
                  "Plans": [
                    {
                      "Node Type": "Hash Join",
                      "Parent Relationship": "Outer",
                      "Parallel Aware": true,
                      "Join Type": "Inner",
                      "Startup Cost": 49146.91,
                      "Total Cost": 73854.25,
                      "Plan Rows": 8786,
                      "Plan Width": 8,
                      "Actual Startup Time": 240.005,
                      "Actual Total Time": 262.824,
                      "Actual Rows": 5819,
                      "Actual Loops": 4,
                      "Inner Unique": true,
                      "Hash Cond": "(mk.movie_id = t.id)",
                      "Plans": [
                        {
                          "Node Type": "Bitmap Heap Scan",
                          "Parent Relationship": "Outer",
                          "Parallel Aware": true,
                          "Relation Name": "movie_keyword",
                          "Alias": "mk",
                          "Startup Cost": 1102.86,
                          "Total Cost": 25766.24,
                          "Plan Rows": 16750,
                          "Plan Width": 4,
                          "Actual Startup Time": 5.691,
                          "Actual Total Time": 21.106,
                          "Actual Rows": 12995,
                          "Actual Loops": 4,
                          "Recheck Cond": "(keyword_id > 98652)",
                          "Rows Removed by Index Recheck": 0,
                          "Exact Heap Blocks": 4351,
                          "Lossy Heap Blocks": 0,
                          "Plans": [
                            {
                              "Node Type": "Bitmap Index Scan",
                              "Parent Relationship": "Outer",
                              "Parallel Aware": false,
                              "Index Name": "keyword_id_movie_keyword",
                              "Startup Cost": 0.0,
                              "Total Cost": 1089.88,
                              "Plan Rows": 51926,
                              "Plan Width": 0,
                              "Actual Startup Time": 3.979,
                              "Actual Total Time": 3.98,
                              "Actual Rows": 51980,
                              "Actual Loops": 1,
                              "Index Cond": "(keyword_id > 98652)"
                            }
                          ]
                        },
                        {
                          "Node Type": "Hash",
                          "Parent Relationship": "Inner",
                          "Parallel Aware": true,
                          "Startup Cost": 43899.32,
                          "Total Cost": 43899.32,
                          "Plan Rows": 331578,
                          "Plan Width": 4,
                          "Actual Startup Time": 229.445,
                          "Actual Total Time": 229.445,
                          "Actual Rows": 330716,
                          "Actual Loops": 4,
                          "Hash Buckets": 2097152,
                          "Original Hash Buckets": 2097152,
                          "Hash Batches": 1,
                          "Original Hash Batches": 1,
                          "Peak Memory Usage": 68192,
                          "Plans": [
                            {
                              "Node Type": "Seq Scan",
                              "Parent Relationship": "Outer",
                              "Parallel Aware": true,
                              "Relation Name": "title",
                              "Alias": "t",
                              "Startup Cost": 0.0,
                              "Total Cost": 43899.32,
                              "Plan Rows": 331578,
                              "Plan Width": 4,
                              "Actual Startup Time": 0.047,
                              "Actual Total Time": 104.592,
                              "Actual Rows": 330716,
                              "Actual Loops": 4,
                              "Filter": "(production_year > 2001)",
                              "Rows Removed by Filter": 301362
                            }
                          ]
                        }
                      ]
                    },
                    {
                      "Node Type": "Index Only Scan",
                      "Parent Relationship": "Inner",
                      "Parallel Aware": false,
                      "Scan Direction": "Forward",
                      "Index Name": "movie_id_movie_companies",
                      "Relation Name": "movie_companies",
                      "Alias": "mc",
                      "Startup Cost": 0.43,
                      "Total Cost": 0.6,
                      "Plan Rows": 5,
                      "Plan Width": 4,
                      "Actual Startup Time": 0.004,
                      "Actual Total Time": 0.007,
                      "Actual Rows": 12,
                      "Actual Loops": 23275,
                      "Index Cond": "(movie_id = t.id)",
                      "Rows Removed by Index Recheck": 0,
                      "Heap Fetches": 278438
                    }
                  ]
                }
              ]
            }
          ]
        }
      ]
    },
    "Planning Time": 0.951,
    "Triggers": [],
    "Execution Time": 341.346
  }
]