{
  "Plan": {
    "Node Type": "Aggregate",
    "Strategy": "Plain",
    "Partial Mode": "Finalize",
    "Parallel Aware": false,
    "Startup Cost": 583497.68,
    "Total Cost": 583497.69,
    "Plan Rows": 1,
    "Plan Width": 8,
    "Actual Startup Time": 3963.472,
    "Actual Total Time": 4031.786,
    "Actual Rows": 1,
    "Actual Loops": 1,
    "Plans": [
      {
        "Node Type": "Gather",
        "Parent Relationship": "Outer",
        "Parallel Aware": false,
        "Startup Cost": 583497.56,
        "Total Cost": 583497.67,
        "Plan Rows": 1,
        "Plan Width": 8,
        "Actual Startup Time": 3962.712,
        "Actual Total Time": 4031.776,
        "Actual Rows": 2,
        "Actual Loops": 1,
        "Workers Planned": 1,
        "Workers Launched": 1,
        "Single Copy": false,
        "Plans": [
          {
            "Node Type": "Aggregate",
            "Strategy": "Plain",
            "Partial Mode": "Partial",
            "Parent Relationship": "Outer",
            "Parallel Aware": false,
            "Startup Cost": 582497.56,
            "Total Cost": 582497.57,
            "Plan Rows": 1,
            "Plan Width": 8,
            "Actual Startup Time": 3959.088,
            "Actual Total Time": 3959.248,
            "Actual Rows": 1,
            "Actual Loops": 2,
            "Plans": [
              {
                "Node Type": "Hash Join",
                "Parent Relationship": "Outer",
                "Parallel Aware": true,
                "Join Type": "Inner",
                "Startup Cost": 58942.23,
                "Total Cost": 580675.58,
                "Plan Rows": 728792,
                "Plan Width": 0,
                "Actual Startup Time": 164.007,
                "Actual Total Time": 3918.707,
                "Actual Rows": 980127,
                "Actual Loops": 2,
                "Inner Unique": true,
                "Hash Cond": "(ci.movie_id = t.id)",
                "Plans": [
                  {
                    "Node Type": "Seq Scan",
                    "Parent Relationship": "Outer",
                    "Parallel Aware": true,
                    "Relation Name": "cast_info",
                    "Alias": "ci",
                    "Startup Cost": 0.0,
                    "Total Cost": 465792.95,
                    "Plan Rows": 21310595,
                    "Plan Width": 4,
                    "Actual Startup Time": 0.013,
                    "Actual Total Time": 1396.01,
                    "Actual Rows": 18122172,
                    "Actual Loops": 2
                  },
                  {
                    "Node Type": "Hash",
                    "Parent Relationship": "Inner",
                    "Parallel Aware": true,
                    "Startup Cost": 58306.47,
                    "Total Cost": 58306.47,
                    "Plan Rows": 50861,
                    "Plan Width": 4,
                    "Actual Startup Time": 161.899,
                    "Actual Total Time": 161.9,
                    "Actual Rows": 95569,
                    "Actual Loops": 2,
                    "Hash Buckets": 262144,
                    "Original Hash Buckets": 131072,
                    "Hash Batches": 1,
                    "Original Hash Batches": 1,
                    "Peak Memory Usage": 10560,
                    "Plans": [
                      {
                        "Node Type": "Seq Scan",
                        "Parent Relationship": "Outer",
                        "Parallel Aware": true,
                        "Relation Name": "title",
                        "Alias": "t",
                        "Startup Cost": 0.0,
                        "Total Cost": 58306.47,
                        "Plan Rows": 50861,
                        "Plan Width": 4,
                        "Actual Startup Time": 0.573,
                        "Actual Total Time": 139.465,
                        "Actual Rows": 95569,
                        "Actual Loops": 2,
                        "Filter": "((kind_id < 7) AND (production_year < 1959))",
                        "Rows Removed by Filter": 1168587
                      }
                    ]
                  }
                ]
              }
            ]
          }
        ]
      }
    ]
  },
  "Planning Time": 0.624,
  "Triggers": [],
  "Execution Time": 4031.868
}