{
  "Plan": {
    "Node Type": "Aggregate",
    "Strategy": "Plain",
    "Partial Mode": "Finalize",
    "Parallel Aware": false,
    "Startup Cost": 122370.33,
    "Total Cost": 122370.34,
    "Plan Rows": 1,
    "Plan Width": 8,
    "Actual Startup Time": 990.145,
    "Actual Total Time": 1019.223,
    "Actual Rows": 1,
    "Actual Loops": 1,
    "Plans": [
      {
        "Node Type": "Gather",
        "Parent Relationship": "Outer",
        "Parallel Aware": false,
        "Startup Cost": 122370.22,
        "Total Cost": 122370.33,
        "Plan Rows": 1,
        "Plan Width": 8,
        "Actual Startup Time": 984.451,
        "Actual Total Time": 1019.213,
        "Actual Rows": 2,
        "Actual Loops": 1,
        "Workers Planned": 1,
        "Workers Launched": 1,
        "Single Copy": false,
        "Plans": [
          {
            "Node Type": "Aggregate",
            "Strategy": "Plain",
            "Partial Mode": "Partial",
            "Parent Relationship": "Outer",
            "Parallel Aware": false,
            "Startup Cost": 121370.22,
            "Total Cost": 121370.23,
            "Plan Rows": 1,
            "Plan Width": 8,
            "Actual Startup Time": 972.953,
            "Actual Total Time": 972.958,
            "Actual Rows": 1,
            "Actual Loops": 2,
            "Plans": [
              {
                "Node Type": "Hash Join",
                "Parent Relationship": "Outer",
                "Parallel Aware": true,
                "Join Type": "Inner",
                "Startup Cost": 87902.81,
                "Total Cost": 120091.72,
                "Plan Rows": 511399,
                "Plan Width": 0,
                "Actual Startup Time": 714.52,
                "Actual Total Time": 948.778,
                "Actual Rows": 432994,
                "Actual Loops": 2,
                "Inner Unique": true,
                "Hash Cond": "(mk.movie_id = t.id)",
                "Plans": [
                  {
                    "Node Type": "Bitmap Heap Scan",
                    "Parent Relationship": "Outer",
                    "Parallel Aware": true,
                    "Relation Name": "movie_keyword",
                    "Alias": "mk",
                    "Startup Cost": 18442.11,
                    "Total Cost": 49288.6,
                    "Plan Rows": 511399,
                    "Plan Width": 4,
                    "Actual Startup Time": 87.229,
                    "Actual Total Time": 197.202,
                    "Actual Rows": 432994,
                    "Actual Loops": 2,
                    "Recheck Cond": "(keyword_id > 21292)",
                    "Rows Removed by Index Recheck": 0,
                    "Exact Heap Blocks": 10724,
                    "Lossy Heap Blocks": 0,
                    "Plans": [
                      {
                        "Node Type": "Bitmap Index Scan",
                        "Parent Relationship": "Outer",
                        "Parallel Aware": false,
                        "Index Name": "keyword_id_movie_keyword",
                        "Startup Cost": 0.0,
                        "Total Cost": 18224.77,
                        "Plan Rows": 869378,
                        "Plan Width": 0,
                        "Actual Startup Time": 81.51,
                        "Actual Total Time": 81.51,
                        "Actual Rows": 865989,
                        "Actual Loops": 1,
                        "Index Cond": "(keyword_id > 21292)"
                      }
                    ]
                  },
                  {
                    "Node Type": "Hash",
                    "Parent Relationship": "Inner",
                    "Parallel Aware": true,
                    "Startup Cost": 50870.31,
                    "Total Cost": 50870.31,
                    "Plan Rows": 1487231,
                    "Plan Width": 4,
                    "Actual Startup Time": 606.008,
                    "Actual Total Time": 606.009,
                    "Actual Rows": 1264156,
                    "Actual Loops": 2,
                    "Hash Buckets": 4194304,
                    "Original Hash Buckets": 4194304,
                    "Hash Batches": 1,
                    "Original Hash Batches": 1,
                    "Peak Memory Usage": 131712,
                    "Plans": [
                      {
                        "Node Type": "Seq Scan",
                        "Parent Relationship": "Outer",
                        "Parallel Aware": true,
                        "Relation Name": "title",
                        "Alias": "t",
                        "Startup Cost": 0.0,
                        "Total Cost": 50870.31,
                        "Plan Rows": 1487231,
                        "Plan Width": 4,
                        "Actual Startup Time": 0.029,
                        "Actual Total Time": 172.907,
                        "Actual Rows": 1264156,
                        "Actual Loops": 2
                      }
                    ]
                  }
                ]
              }
            ]
          }
        ]
      }
    ]
  },
  "Planning Time": 0.643,
  "Triggers": [],
  "Execution Time": 1019.311
}