[
  {
    "Plan": {
      "Node Type": "Aggregate",
      "Strategy": "Plain",
      "Partial Mode": "Finalize",
      "Parallel Aware": false,
      "Startup Cost": 104470.39,
      "Total Cost": 104470.4,
      "Plan Rows": 1,
      "Plan Width": 8,
      "Actual Startup Time": 567.101,
      "Actual Total Time": 621.358,
      "Actual Rows": 1,
      "Actual Loops": 1,
      "Plans": [
        {
          "Node Type": "Gather",
          "Parent Relationship": "Outer",
          "Parallel Aware": false,
          "Startup Cost": 104470.07,
          "Total Cost": 104470.38,
          "Plan Rows": 3,
          "Plan Width": 8,
          "Actual Startup Time": 566.596,
          "Actual Total Time": 621.35,
          "Actual Rows": 4,
          "Actual Loops": 1,
          "Workers Planned": 3,
          "Workers Launched": 3,
          "Single Copy": false,
          "Plans": [
            {
              "Node Type": "Aggregate",
              "Strategy": "Plain",
              "Partial Mode": "Partial",
              "Parent Relationship": "Outer",
              "Parallel Aware": false,
              "Startup Cost": 103470.07,
              "Total Cost": 103470.08,
              "Plan Rows": 1,
              "Plan Width": 8,
              "Actual Startup Time": 556.811,
              "Actual Total Time": 556.815,
              "Actual Rows": 1,
              "Actual Loops": 4,
              "Plans": [
                {
                  "Node Type": "Nested Loop",
                  "Parent Relationship": "Outer",
                  "Parallel Aware": false,
                  "Join Type": "Inner",
                  "Startup Cost": 38320.12,
                  "Total Cost": 103329.23,
                  "Plan Rows": 56336,
                  "Plan Width": 0,
                  "Actual Startup Time": 87.404,
                  "Actual Total Time": 549.337,
                  "Actual Rows": 119010,
                  "Actual Loops": 4,
                  "Inner Unique": false,
                  "Join Filter": "(t.id = ci.movie_id)",
                  "Rows Removed by Join Filter": 0,
                  "Plans": [
                    {
                      "Node Type": "Hash Join",
                      "Parent Relationship": "Outer",
                      "Parallel Aware": true,
                      "Join Type": "Inner",
                      "Startup Cost": 38319.56,
                      "Total Cost": 82808.13,
                      "Plan Rows": 9210,
                      "Plan Width": 8,
                      "Actual Startup Time": 86.904,
                      "Actual Total Time": 217.828,
                      "Actual Rows": 10527,
                      "Actual Loops": 4,
                      "Inner Unique": true,
                      "Hash Cond": "(mk.movie_id = t.id)",
                      "Plans": [
                        {
                          "Node Type": "Seq Scan",
                          "Parent Relationship": "Outer",
                          "Parallel Aware": true,
                          "Relation Name": "movie_keyword",
                          "Alias": "mk",
                          "Startup Cost": 0.0,
                          "Total Cost": 42695.65,
                          "Plan Rows": 683016,
                          "Plan Width": 4,
                          "Actual Startup Time": 0.42,
                          "Actual Total Time": 111.952,
                          "Actual Rows": 528256,
                          "Actual Loops": 4,
                          "Filter": "(keyword_id > 5651)",
                          "Rows Removed by Filter": 602726
                        },
                        {
                          "Node Type": "Hash",
                          "Parent Relationship": "Inner",
                          "Parallel Aware": true,
                          "Startup Cost": 38213.01,
                          "Total Cost": 38213.01,
                          "Plan Rows": 8524,
                          "Plan Width": 4,
                          "Actual Startup Time": 53.224,
                          "Actual Total Time": 53.225,
                          "Actual Rows": 11255,
                          "Actual Loops": 4,
                          "Hash Buckets": 65536,
                          "Original Hash Buckets": 65536,
                          "Hash Batches": 1,
                          "Original Hash Batches": 1,
                          "Peak Memory Usage": 2336,
                          "Plans": [
                            {
                              "Node Type": "Bitmap Heap Scan",
                              "Parent Relationship": "Outer",
                              "Parallel Aware": true,
                              "Relation Name": "title",
                              "Alias": "t",
                              "Startup Cost": 1831.66,
                              "Total Cost": 38213.01,
                              "Plan Rows": 8524,
                              "Plan Width": 4,
                              "Actual Startup Time": 13.715,
                              "Actual Total Time": 48.161,
                              "Actual Rows": 11255,
                              "Actual Loops": 4,
                              "Recheck Cond": "(kind_id = 3)",
                              "Rows Removed by Index Recheck": 0,
                              "Filter": "(production_year < 1996)",
                              "Rows Removed by Filter": 13879,
                              "Exact Heap Blocks": 8119,
                              "Lossy Heap Blocks": 0,
                              "Plans": [
                                {
                                  "Node Type": "Bitmap Index Scan",
                                  "Parent Relationship": "Outer",
                                  "Parallel Aware": false,
                                  "Index Name": "kind_id_title",
                                  "Startup Cost": 0.0,
                                  "Total Cost": 1823.13,
                                  "Plan Rows": 102227,
                                  "Plan Width": 0,
                                  "Actual Startup Time": 14.979,
                                  "Actual Total Time": 14.98,
                                  "Actual Rows": 100537,
                                  "Actual Loops": 1,
                                  "Index Cond": "(kind_id = 3)"
                                }
                              ]
                            }
                          ]
                        }
                      ]
                    },
                    {
                      "Node Type": "Index Scan",
                      "Parent Relationship": "Inner",
                      "Parallel Aware": false,
                      "Scan Direction": "Forward",
                      "Index Name": "movie_id_cast_info",
                      "Relation Name": "cast_info",
                      "Alias": "ci",
                      "Startup Cost": 0.56,
                      "Total Cost": 2.03,
                      "Plan Rows": 16,
                      "Plan Width": 4,
                      "Actual Startup Time": 0.017,
                      "Actual Total Time": 0.03,
                      "Actual Rows": 11,
                      "Actual Loops": 42109,
                      "Index Cond": "(movie_id = mk.movie_id)",
                      "Rows Removed by Index Recheck": 0,
                      "Filter": "(person_id > 2095902)",
                      "Rows Removed by Filter": 22
                    }
                  ]
                }
              ]
            }
          ]
        }
      ]
    },
    "Planning Time": 1.344,
    "Triggers": [],
    "Execution Time": 621.492
  }
]