[
    {
        "Bao": {
            "Bao prediction": 479.508,
            "Bao recommended hint": "(no hint)"
        }
    },
    {
        "Plan": {
            "Node Type": "Aggregate",
            "Strategy": "Plain",
            "Partial Mode": "Finalize",
            "Parallel Aware": false,
            "Startup Cost": 202894.47,
            "Total Cost": 202894.48,
            "Plan Rows": 1,
            "Plan Width": 8,
            "Actual Startup Time": 499.287,
            "Actual Total Time": 528.849,
            "Actual Rows": 1,
            "Actual Loops": 1,
            "Output": [
                "count(*)"
            ],
            "Plans": [
                {
                    "Node Type": "Gather",
                    "Parent Relationship": "Outer",
                    "Parallel Aware": false,
                    "Startup Cost": 202893.94,
                    "Total Cost": 202894.45,
                    "Plan Rows": 5,
                    "Plan Width": 8,
                    "Actual Startup Time": 499.168,
                    "Actual Total Time": 528.84,
                    "Actual Rows": 6,
                    "Actual Loops": 1,
                    "Output": [
                        "(PARTIAL count(*))"
                    ],
                    "Workers Planned": 5,
                    "Workers Launched": 5,
                    "Single Copy": false,
                    "Plans": [
                        {
                            "Node Type": "Aggregate",
                            "Strategy": "Plain",
                            "Partial Mode": "Partial",
                            "Parent Relationship": "Outer",
                            "Parallel Aware": false,
                            "Startup Cost": 201893.94,
                            "Total Cost": 201893.95,
                            "Plan Rows": 1,
                            "Plan Width": 8,
                            "Actual Startup Time": 490.136,
                            "Actual Total Time": 490.137,
                            "Actual Rows": 1,
                            "Actual Loops": 6,
                            "Output": [
                                "PARTIAL count(*)"
                            ],
                            "Workers": [
                                {
                                    "Worker Number": 0,
                                    "Actual Startup Time": 488.239,
                                    "Actual Total Time": 488.241,
                                    "Actual Rows": 1,
                                    "Actual Loops": 1
                                },
                                {
                                    "Worker Number": 1,
                                    "Actual Startup Time": 488.446,
                                    "Actual Total Time": 488.447,
                                    "Actual Rows": 1,
                                    "Actual Loops": 1
                                },
                                {
                                    "Worker Number": 2,
                                    "Actual Startup Time": 488.454,
                                    "Actual Total Time": 488.455,
                                    "Actual Rows": 1,
                                    "Actual Loops": 1
                                },
                                {
                                    "Worker Number": 3,
                                    "Actual Startup Time": 488.556,
                                    "Actual Total Time": 488.557,
                                    "Actual Rows": 1,
                                    "Actual Loops": 1
                                },
                                {
                                    "Worker Number": 4,
                                    "Actual Startup Time": 488.735,
                                    "Actual Total Time": 488.736,
                                    "Actual Rows": 1,
                                    "Actual Loops": 1
                                }
                            ],
                            "Plans": [
                                {
                                    "Node Type": "Seq Scan",
                                    "Parent Relationship": "Outer",
                                    "Parallel Aware": true,
                                    "Relation Name": "movie_info",
                                    "Schema": "public",
                                    "Alias": "mi",
                                    "Startup Cost": 0.0,
                                    "Total Cost": 198880.74,
                                    "Plan Rows": 1205283,
                                    "Plan Width": 0,
                                    "Actual Startup Time": 33.345,
                                    "Actual Total Time": 423.416,
                                    "Actual Rows": 1010871,
                                    "Actual Loops": 6,
                                    "Output": [
                                        "id",
                                        "movie_id",
                                        "info_type_id",
                                        "info",
                                        "note"
                                    ],
                                    "Filter": "(mi.info_type_id > 11)",
                                    "Rows Removed by Filter": 1461749,
                                    "Workers": [
                                        {
                                            "Worker Number": 0,
                                            "Actual Startup Time": 31.46,
                                            "Actual Total Time": 424.34,
                                            "Actual Rows": 946154,
                                            "Actual Loops": 1
                                        },
                                        {
                                            "Worker Number": 1,
                                            "Actual Startup Time": 31.656,
                                            "Actual Total Time": 424.494,
                                            "Actual Rows": 946475,
                                            "Actual Loops": 1
                                        },
                                        {
                                            "Worker Number": 2,
                                            "Actual Startup Time": 31.655,
                                            "Actual Total Time": 424.63,
                                            "Actual Rows": 948164,
                                            "Actual Loops": 1
                                        },
                                        {
                                            "Worker Number": 3,
                                            "Actual Startup Time": 31.766,
                                            "Actual Total Time": 424.794,
                                            "Actual Rows": 945881,
                                            "Actual Loops": 1
                                        },
                                        {
                                            "Worker Number": 4,
                                            "Actual Startup Time": 31.947,
                                            "Actual Total Time": 426.18,
                                            "Actual Rows": 918730,
                                            "Actual Loops": 1
                                        }
                                    ]
                                }
                            ]
                        }
                    ]
                }
            ]
        },
        "Planning Time": 2346.604,
        "Triggers": [],
        "Execution Time": 528.942
    }
]