[
  {
    "Plan": {
      "Node Type": "Aggregate",
      "Strategy": "Plain",
      "Partial Mode": "Finalize",
      "Parallel Aware": false,
      "Startup Cost": 336746.99,
      "Total Cost": 336747.01,
      "Plan Rows": 1,
      "Plan Width": 8,
      "Actual Startup Time": 754.079,
      "Actual Total Time": 812.314,
      "Actual Rows": 1,
      "Actual Loops": 1,
      "Plans": [
        {
          "Node Type": "Gather",
          "Parent Relationship": "Outer",
          "Parallel Aware": false,
          "Startup Cost": 336746.37,
          "Total Cost": 336746.98,
          "Plan Rows": 6,
          "Plan Width": 8,
          "Actual Startup Time": 754.068,
          "Actual Total Time": 812.306,
          "Actual Rows": 7,
          "Actual Loops": 1,
          "Workers Planned": 6,
          "Workers Launched": 6,
          "Single Copy": false,
          "Plans": [
            {
              "Node Type": "Aggregate",
              "Strategy": "Plain",
              "Partial Mode": "Partial",
              "Parent Relationship": "Outer",
              "Parallel Aware": false,
              "Startup Cost": 335746.37,
              "Total Cost": 335746.38,
              "Plan Rows": 1,
              "Plan Width": 8,
              "Actual Startup Time": 745.534,
              "Actual Total Time": 745.536,
              "Actual Rows": 1,
              "Actual Loops": 7,
              "Plans": [
                {
                  "Node Type": "Seq Scan",
                  "Parent Relationship": "Outer",
                  "Parallel Aware": true,
                  "Relation Name": "cast_info",
                  "Alias": "ci",
                  "Startup Cost": 0.0,
                  "Total Cost": 328162.03,
                  "Plan Rows": 3033738,
                  "Plan Width": 0,
                  "Actual Startup Time": 0.044,
                  "Actual Total Time": 621.856,
                  "Actual Rows": 2601514,
                  "Actual Loops": 7,
                  "Filter": "(person_id < 1808417)",
                  "Rows Removed by Filter": 2576249
                }
              ]
            }
          ]
        }
      ]
    },
    "Planning Time": 0.15,
    "Triggers": [],
    "Execution Time": 812.377
  }
]