[
    {
        "Bao": {
            "Bao prediction": "NaN",
            "Bao recommended hint": "(no hint)"
        }
    },
    {
        "Plan": {
            "Node Type": "Aggregate",
            "Strategy": "Plain",
            "Partial Mode": "Finalize",
            "Parallel Aware": false,
            "Startup Cost": 129042.27,
            "Total Cost": 129042.28,
            "Plan Rows": 1,
            "Plan Width": 8,
            "Actual Startup Time": 585.736,
            "Actual Total Time": 597.14,
            "Actual Rows": 1,
            "Actual Loops": 1,
            "Output": [
                "count(*)"
            ],
            "Plans": [
                {
                    "Node Type": "Gather",
                    "Parent Relationship": "Outer",
                    "Parallel Aware": false,
                    "Startup Cost": 129041.96,
                    "Total Cost": 129042.27,
                    "Plan Rows": 3,
                    "Plan Width": 8,
                    "Actual Startup Time": 580.457,
                    "Actual Total Time": 597.132,
                    "Actual Rows": 4,
                    "Actual Loops": 1,
                    "Output": [
                        "(PARTIAL count(*))"
                    ],
                    "Workers Planned": 3,
                    "Workers Launched": 3,
                    "Single Copy": false,
                    "Plans": [
                        {
                            "Node Type": "Aggregate",
                            "Strategy": "Plain",
                            "Partial Mode": "Partial",
                            "Parent Relationship": "Outer",
                            "Parallel Aware": false,
                            "Startup Cost": 128041.96,
                            "Total Cost": 128041.97,
                            "Plan Rows": 1,
                            "Plan Width": 8,
                            "Actual Startup Time": 572.017,
                            "Actual Total Time": 572.232,
                            "Actual Rows": 1,
                            "Actual Loops": 4,
                            "Output": [
                                "PARTIAL count(*)"
                            ],
                            "Workers": [
                                {
                                    "Worker Number": 0,
                                    "Actual Startup Time": 569.095,
                                    "Actual Total Time": 569.101,
                                    "Actual Rows": 1,
                                    "Actual Loops": 1
                                },
                                {
                                    "Worker Number": 1,
                                    "Actual Startup Time": 569.558,
                                    "Actual Total Time": 569.564,
                                    "Actual Rows": 1,
                                    "Actual Loops": 1
                                },
                                {
                                    "Worker Number": 2,
                                    "Actual Startup Time": 569.33,
                                    "Actual Total Time": 569.336,
                                    "Actual Rows": 1,
                                    "Actual Loops": 1
                                }
                            ],
                            "Plans": [
                                {
                                    "Node Type": "Hash Join",
                                    "Parent Relationship": "Outer",
                                    "Parallel Aware": true,
                                    "Join Type": "Inner",
                                    "Startup Cost": 81432.48,
                                    "Total Cost": 127129.57,
                                    "Plan Rows": 364954,
                                    "Plan Width": 0,
                                    "Actual Startup Time": 389.034,
                                    "Actual Total Time": 568.668,
                                    "Actual Rows": 90933,
                                    "Actual Loops": 4,
                                    "Inner Unique": false,
                                    "Hash Cond": "(mk.movie_id = t.id)",
                                    "Workers": [
                                        {
                                            "Worker Number": 0,
                                            "Actual Startup Time": 386.217,
                                            "Actual Total Time": 565.487,
                                            "Actual Rows": 91280,
                                            "Actual Loops": 1
                                        },
                                        {
                                            "Worker Number": 1,
                                            "Actual Startup Time": 386.256,
                                            "Actual Total Time": 566.066,
                                            "Actual Rows": 88941,
                                            "Actual Loops": 1
                                        },
                                        {
                                            "Worker Number": 2,
                                            "Actual Startup Time": 386.486,
                                            "Actual Total Time": 565.875,
                                            "Actual Rows": 87753,
                                            "Actual Loops": 1
                                        }
                                    ],
                                    "Plans": [
                                        {
                                            "Node Type": "Seq Scan",
                                            "Parent Relationship": "Outer",
                                            "Parallel Aware": true,
                                            "Relation Name": "movie_keyword",
                                            "Schema": "public",
                                            "Alias": "mk",
                                            "Startup Cost": 0.0,
                                            "Total Cost": 39047.32,
                                            "Plan Rows": 1459332,
                                            "Plan Width": 4,
                                            "Actual Startup Time": 0.017,
                                            "Actual Total Time": 84.571,
                                            "Actual Rows": 1130982,
                                            "Actual Loops": 4,
                                            "Output": [
                                                "mk.id",
                                                "mk.movie_id",
                                                "mk.keyword_id"
                                            ],
                                            "Workers": [
                                                {
                                                    "Worker Number": 0,
                                                    "Actual Startup Time": 0.019,
                                                    "Actual Total Time": 86.276,
                                                    "Actual Rows": 1091500,
                                                    "Actual Loops": 1
                                                },
                                                {
                                                    "Worker Number": 1,
                                                    "Actual Startup Time": 0.02,
                                                    "Actual Total Time": 86.275,
                                                    "Actual Rows": 1090020,
                                                    "Actual Loops": 1
                                                },
                                                {
                                                    "Worker Number": 2,
                                                    "Actual Startup Time": 0.017,
                                                    "Actual Total Time": 86.004,
                                                    "Actual Rows": 1097360,
                                                    "Actual Loops": 1
                                                }
                                            ]
                                        },
                                        {
                                            "Node Type": "Hash",
                                            "Parent Relationship": "Inner",
                                            "Parallel Aware": true,
                                            "Startup Cost": 78882.92,
                                            "Total Cost": 78882.92,
                                            "Plan Rows": 203965,
                                            "Plan Width": 8,
                                            "Actual Startup Time": 386.111,
                                            "Actual Total Time": 386.324,
                                            "Actual Rows": 49420,
                                            "Actual Loops": 4,
                                            "Output": [
                                                "t.id",
                                                "mc.movie_id"
                                            ],
                                            "Hash Buckets": 1048576,
                                            "Original Hash Buckets": 1048576,
                                            "Hash Batches": 1,
                                            "Original Hash Batches": 1,
                                            "Peak Memory Usage": 15968,
                                            "Workers": [
                                                {
                                                    "Worker Number": 0,
                                                    "Actual Startup Time": 385.431,
                                                    "Actual Total Time": 385.435,
                                                    "Actual Rows": 48240,
                                                    "Actual Loops": 1
                                                },
                                                {
                                                    "Worker Number": 1,
                                                    "Actual Startup Time": 385.491,
                                                    "Actual Total Time": 385.495,
                                                    "Actual Rows": 49302,
                                                    "Actual Loops": 1
                                                },
                                                {
                                                    "Worker Number": 2,
                                                    "Actual Startup Time": 385.514,
                                                    "Actual Total Time": 385.518,
                                                    "Actual Rows": 49613,
                                                    "Actual Loops": 1
                                                }
                                            ],
                                            "Plans": [
                                                {
                                                    "Node Type": "Hash Join",
                                                    "Parent Relationship": "Outer",
                                                    "Parallel Aware": true,
                                                    "Join Type": "Inner",
                                                    "Startup Cost": 48689.12,
                                                    "Total Cost": 78882.92,
                                                    "Plan Rows": 203965,
                                                    "Plan Width": 8,
                                                    "Actual Startup Time": 282.281,
                                                    "Actual Total Time": 372.731,
                                                    "Actual Rows": 49420,
                                                    "Actual Loops": 4,
                                                    "Output": [
                                                        "t.id",
                                                        "mc.movie_id"
                                                    ],
                                                    "Inner Unique": true,
                                                    "Hash Cond": "(mc.movie_id = t.id)",
                                                    "Workers": [
                                                        {
                                                            "Worker Number": 0,
                                                            "Actual Startup Time": 281.563,
                                                            "Actual Total Time": 371.707,
                                                            "Actual Rows": 48240,
                                                            "Actual Loops": 1
                                                        },
                                                        {
                                                            "Worker Number": 1,
                                                            "Actual Startup Time": 281.607,
                                                            "Actual Total Time": 371.658,
                                                            "Actual Rows": 49302,
                                                            "Actual Loops": 1
                                                        },
                                                        {
                                                            "Worker Number": 2,
                                                            "Actual Startup Time": 281.746,
                                                            "Actual Total Time": 372.546,
                                                            "Actual Rows": 49613,
                                                            "Actual Loops": 1
                                                        }
                                                    ],
                                                    "Plans": [
                                                        {
                                                            "Node Type": "Seq Scan",
                                                            "Parent Relationship": "Outer",
                                                            "Parallel Aware": true,
                                                            "Relation Name": "movie_companies",
                                                            "Schema": "public",
                                                            "Alias": "mc",
                                                            "Startup Cost": 0.0,
                                                            "Total Cost": 29310.68,
                                                            "Plan Rows": 336427,
                                                            "Plan Width": 4,
                                                            "Actual Startup Time": 8.037,
                                                            "Actual Total Time": 58.271,
                                                            "Actual Rows": 261514,
                                                            "Actual Loops": 4,
                                                            "Output": [
                                                                "mc.id",
                                                                "mc.movie_id",
                                                                "mc.company_id",
                                                                "mc.company_type_id",
                                                                "mc.note"
                                                            ],
                                                            "Filter": "(mc.company_id > 15070)",
                                                            "Rows Removed by Filter": 390769,
                                                            "Workers": [
                                                                {
                                                                    "Worker Number": 0,
                                                                    "Actual Startup Time": 8.025,
                                                                    "Actual Total Time": 59.534,
                                                                    "Actual Rows": 256194,
                                                                    "Actual Loops": 1
                                                                },
                                                                {
                                                                    "Worker Number": 1,
                                                                    "Actual Startup Time": 8.066,
                                                                    "Actual Total Time": 59.264,
                                                                    "Actual Rows": 255947,
                                                                    "Actual Loops": 1
                                                                },
                                                                {
                                                                    "Worker Number": 2,
                                                                    "Actual Startup Time": 8.043,
                                                                    "Actual Total Time": 59.79,
                                                                    "Actual Rows": 260375,
                                                                    "Actual Loops": 1
                                                                }
                                                            ]
                                                        },
                                                        {
                                                            "Node Type": "Hash",
                                                            "Parent Relationship": "Inner",
                                                            "Parallel Aware": true,
                                                            "Startup Cost": 43899.01,
                                                            "Total Cost": 43899.01,
                                                            "Plan Rows": 383209,
                                                            "Plan Width": 4,
                                                            "Actual Startup Time": 232.968,
                                                            "Actual Total Time": 232.97,
                                                            "Actual Rows": 385816,
                                                            "Actual Loops": 4,
                                                            "Output": [
                                                                "t.id"
                                                            ],
                                                            "Hash Buckets": 2097152,
                                                            "Original Hash Buckets": 2097152,
                                                            "Hash Batches": 1,
                                                            "Original Hash Batches": 1,
                                                            "Peak Memory Usage": 76832,
                                                            "Workers": [
                                                                {
                                                                    "Worker Number": 0,
                                                                    "Actual Startup Time": 235.537,
                                                                    "Actual Total Time": 235.539,
                                                                    "Actual Rows": 358899,
                                                                    "Actual Loops": 1
                                                                },
                                                                {
                                                                    "Worker Number": 1,
                                                                    "Actual Startup Time": 235.594,
                                                                    "Actual Total Time": 235.596,
                                                                    "Actual Rows": 361723,
                                                                    "Actual Loops": 1
                                                                },
                                                                {
                                                                    "Worker Number": 2,
                                                                    "Actual Startup Time": 235.731,
                                                                    "Actual Total Time": 235.733,
                                                                    "Actual Rows": 368464,
                                                                    "Actual Loops": 1
                                                                }
                                                            ],
                                                            "Plans": [
                                                                {
                                                                    "Node Type": "Seq Scan",
                                                                    "Parent Relationship": "Outer",
                                                                    "Parallel Aware": true,
                                                                    "Relation Name": "title",
                                                                    "Schema": "public",
                                                                    "Alias": "t",
                                                                    "Startup Cost": 0.0,
                                                                    "Total Cost": 43899.01,
                                                                    "Plan Rows": 383209,
                                                                    "Plan Width": 4,
                                                                    "Actual Startup Time": 0.055,
                                                                    "Actual Total Time": 92.605,
                                                                    "Actual Rows": 385816,
                                                                    "Actual Loops": 4,
                                                                    "Output": [
                                                                        "t.id"
                                                                    ],
                                                                    "Filter": "(t.kind_id = 7)",
                                                                    "Rows Removed by Filter": 246262,
                                                                    "Workers": [
                                                                        {
                                                                            "Worker Number": 0,
                                                                            "Actual Startup Time": 0.071,
                                                                            "Actual Total Time": 95.49,
                                                                            "Actual Rows": 358899,
                                                                            "Actual Loops": 1
                                                                        },
                                                                        {
                                                                            "Worker Number": 1,
                                                                            "Actual Startup Time": 0.072,
                                                                            "Actual Total Time": 95.552,
                                                                            "Actual Rows": 361723,
                                                                            "Actual Loops": 1
                                                                        },
                                                                        {
                                                                            "Worker Number": 2,
                                                                            "Actual Startup Time": 0.064,
                                                                            "Actual Total Time": 96.165,
                                                                            "Actual Rows": 368464,
                                                                            "Actual Loops": 1
                                                                        }
                                                                    ]
                                                                }
                                                            ]
                                                        }
                                                    ]
                                                }
                                            ]
                                        }
                                    ]
                                }
                            ]
                        }
                    ]
                }
            ]
        },
        "Planning Time": 183.487,
        "Triggers": [],
        "Execution Time": 597.224
    }
]