[
    {
        "Bao": {
            "Bao prediction": "NaN",
            "Bao recommended hint": "(no hint)"
        }
    },
    {
        "Plan": {
            "Node Type": "Aggregate",
            "Strategy": "Plain",
            "Partial Mode": "Finalize",
            "Parallel Aware": false,
            "Startup Cost": 187487.04,
            "Total Cost": 187487.05,
            "Plan Rows": 1,
            "Plan Width": 8,
            "Actual Startup Time": 734.076,
            "Actual Total Time": 770.651,
            "Actual Rows": 1,
            "Actual Loops": 1,
            "Output": [
                "count(*)"
            ],
            "Plans": [
                {
                    "Node Type": "Gather",
                    "Parent Relationship": "Outer",
                    "Parallel Aware": false,
                    "Startup Cost": 187486.72,
                    "Total Cost": 187487.03,
                    "Plan Rows": 3,
                    "Plan Width": 8,
                    "Actual Startup Time": 733.551,
                    "Actual Total Time": 770.636,
                    "Actual Rows": 4,
                    "Actual Loops": 1,
                    "Output": [
                        "(PARTIAL count(*))"
                    ],
                    "Workers Planned": 3,
                    "Workers Launched": 3,
                    "Single Copy": false,
                    "Plans": [
                        {
                            "Node Type": "Aggregate",
                            "Strategy": "Plain",
                            "Partial Mode": "Partial",
                            "Parent Relationship": "Outer",
                            "Parallel Aware": false,
                            "Startup Cost": 186486.72,
                            "Total Cost": 186486.73,
                            "Plan Rows": 1,
                            "Plan Width": 8,
                            "Actual Startup Time": 724.878,
                            "Actual Total Time": 724.882,
                            "Actual Rows": 1,
                            "Actual Loops": 4,
                            "Output": [
                                "PARTIAL count(*)"
                            ],
                            "Workers": [
                                {
                                    "Worker Number": 0,
                                    "Actual Startup Time": 721.744,
                                    "Actual Total Time": 721.748,
                                    "Actual Rows": 1,
                                    "Actual Loops": 1
                                },
                                {
                                    "Worker Number": 1,
                                    "Actual Startup Time": 722.093,
                                    "Actual Total Time": 722.096,
                                    "Actual Rows": 1,
                                    "Actual Loops": 1
                                },
                                {
                                    "Worker Number": 2,
                                    "Actual Startup Time": 722.429,
                                    "Actual Total Time": 722.432,
                                    "Actual Rows": 1,
                                    "Actual Loops": 1
                                }
                            ],
                            "Plans": [
                                {
                                    "Node Type": "Nested Loop",
                                    "Parent Relationship": "Outer",
                                    "Parallel Aware": false,
                                    "Join Type": "Inner",
                                    "Startup Cost": 45734.62,
                                    "Total Cost": 184799.37,
                                    "Plan Rows": 674940,
                                    "Plan Width": 0,
                                    "Actual Startup Time": 102.44,
                                    "Actual Total Time": 696.519,
                                    "Actual Rows": 568172,
                                    "Actual Loops": 4,
                                    "Inner Unique": false,
                                    "Join Filter": "(t.id = ci.movie_id)",
                                    "Rows Removed by Join Filter": 0,
                                    "Workers": [
                                        {
                                            "Worker Number": 0,
                                            "Actual Startup Time": 99.359,
                                            "Actual Total Time": 692.679,
                                            "Actual Rows": 393063,
                                            "Actual Loops": 1
                                        },
                                        {
                                            "Worker Number": 1,
                                            "Actual Startup Time": 99.596,
                                            "Actual Total Time": 696.308,
                                            "Actual Rows": 575642,
                                            "Actual Loops": 1
                                        },
                                        {
                                            "Worker Number": 2,
                                            "Actual Startup Time": 100.096,
                                            "Actual Total Time": 695.255,
                                            "Actual Rows": 603834,
                                            "Actual Loops": 1
                                        }
                                    ],
                                    "Plans": [
                                        {
                                            "Node Type": "Hash Join",
                                            "Parent Relationship": "Outer",
                                            "Parallel Aware": true,
                                            "Join Type": "Inner",
                                            "Startup Cost": 45734.06,
                                            "Total Cost": 88612.14,
                                            "Plan Rows": 47071,
                                            "Plan Width": 8,
                                            "Actual Startup Time": 102.348,
                                            "Actual Total Time": 292.655,
                                            "Actual Rows": 18662,
                                            "Actual Loops": 4,
                                            "Output": [
                                                "t.id",
                                                "mk.movie_id"
                                            ],
                                            "Inner Unique": true,
                                            "Hash Cond": "(mk.movie_id = t.id)",
                                            "Workers": [
                                                {
                                                    "Worker Number": 0,
                                                    "Actual Startup Time": 99.248,
                                                    "Actual Total Time": 280.081,
                                                    "Actual Rows": 13701,
                                                    "Actual Loops": 1
                                                },
                                                {
                                                    "Worker Number": 1,
                                                    "Actual Startup Time": 99.495,
                                                    "Actual Total Time": 278.29,
                                                    "Actual Rows": 18395,
                                                    "Actual Loops": 1
                                                },
                                                {
                                                    "Worker Number": 2,
                                                    "Actual Startup Time": 99.992,
                                                    "Actual Total Time": 286.485,
                                                    "Actual Rows": 20273,
                                                    "Actual Loops": 1
                                                }
                                            ],
                                            "Plans": [
                                                {
                                                    "Node Type": "Seq Scan",
                                                    "Parent Relationship": "Outer",
                                                    "Parallel Aware": true,
                                                    "Relation Name": "movie_keyword",
                                                    "Schema": "public",
                                                    "Alias": "mk",
                                                    "Startup Cost": 0.0,
                                                    "Total Cost": 39047.32,
                                                    "Plan Rows": 1459332,
                                                    "Plan Width": 4,
                                                    "Actual Startup Time": 0.014,
                                                    "Actual Total Time": 87.968,
                                                    "Actual Rows": 1130982,
                                                    "Actual Loops": 4,
                                                    "Output": [
                                                        "mk.id",
                                                        "mk.movie_id",
                                                        "mk.keyword_id"
                                                    ],
                                                    "Workers": [
                                                        {
                                                            "Worker Number": 0,
                                                            "Actual Startup Time": 0.017,
                                                            "Actual Total Time": 85.394,
                                                            "Actual Rows": 772375,
                                                            "Actual Loops": 1
                                                        },
                                                        {
                                                            "Worker Number": 1,
                                                            "Actual Startup Time": 0.013,
                                                            "Actual Total Time": 82.356,
                                                            "Actual Rows": 1163280,
                                                            "Actual Loops": 1
                                                        },
                                                        {
                                                            "Worker Number": 2,
                                                            "Actual Startup Time": 0.017,
                                                            "Actual Total Time": 87.649,
                                                            "Actual Rows": 1229635,
                                                            "Actual Loops": 1
                                                        }
                                                    ]
                                                },
                                                {
                                                    "Node Type": "Hash",
                                                    "Parent Relationship": "Inner",
                                                    "Parallel Aware": true,
                                                    "Startup Cost": 45479.21,
                                                    "Total Cost": 45479.21,
                                                    "Plan Rows": 20388,
                                                    "Plan Width": 4,
                                                    "Actual Startup Time": 101.56,
                                                    "Actual Total Time": 101.561,
                                                    "Actual Rows": 24434,
                                                    "Actual Loops": 4,
                                                    "Output": [
                                                        "t.id"
                                                    ],
                                                    "Hash Buckets": 131072,
                                                    "Original Hash Buckets": 131072,
                                                    "Hash Batches": 1,
                                                    "Original Hash Batches": 1,
                                                    "Peak Memory Usage": 4896,
                                                    "Workers": [
                                                        {
                                                            "Worker Number": 0,
                                                            "Actual Startup Time": 98.554,
                                                            "Actual Total Time": 98.555,
                                                            "Actual Rows": 15900,
                                                            "Actual Loops": 1
                                                        },
                                                        {
                                                            "Worker Number": 1,
                                                            "Actual Startup Time": 99.002,
                                                            "Actual Total Time": 99.003,
                                                            "Actual Rows": 20316,
                                                            "Actual Loops": 1
                                                        },
                                                        {
                                                            "Worker Number": 2,
                                                            "Actual Startup Time": 99.326,
                                                            "Actual Total Time": 99.327,
                                                            "Actual Rows": 21194,
                                                            "Actual Loops": 1
                                                        }
                                                    ],
                                                    "Plans": [
                                                        {
                                                            "Node Type": "Seq Scan",
                                                            "Parent Relationship": "Outer",
                                                            "Parallel Aware": true,
                                                            "Relation Name": "title",
                                                            "Schema": "public",
                                                            "Alias": "t",
                                                            "Startup Cost": 0.0,
                                                            "Total Cost": 45479.21,
                                                            "Plan Rows": 20388,
                                                            "Plan Width": 4,
                                                            "Actual Startup Time": 0.072,
                                                            "Actual Total Time": 92.414,
                                                            "Actual Rows": 24434,
                                                            "Actual Loops": 4,
                                                            "Output": [
                                                                "t.id"
                                                            ],
                                                            "Filter": "((t.kind_id > 2) AND (t.production_year = 2007))",
                                                            "Rows Removed by Filter": 607644,
                                                            "Workers": [
                                                                {
                                                                    "Worker Number": 0,
                                                                    "Actual Startup Time": 0.109,
                                                                    "Actual Total Time": 90.358,
                                                                    "Actual Rows": 15900,
                                                                    "Actual Loops": 1
                                                                },
                                                                {
                                                                    "Worker Number": 1,
                                                                    "Actual Startup Time": 0.059,
                                                                    "Actual Total Time": 89.626,
                                                                    "Actual Rows": 20316,
                                                                    "Actual Loops": 1
                                                                },
                                                                {
                                                                    "Worker Number": 2,
                                                                    "Actual Startup Time": 0.101,
                                                                    "Actual Total Time": 89.819,
                                                                    "Actual Rows": 21194,
                                                                    "Actual Loops": 1
                                                                }
                                                            ]
                                                        }
                                                    ]
                                                }
                                            ]
                                        },
                                        {
                                            "Node Type": "Index Only Scan",
                                            "Parent Relationship": "Inner",
                                            "Parallel Aware": false,
                                            "Scan Direction": "Forward",
                                            "Index Name": "movie_id_cast_info",
                                            "Relation Name": "cast_info",
                                            "Schema": "public",
                                            "Alias": "ci",
                                            "Startup Cost": 0.56,
                                            "Total Cost": 1.57,
                                            "Plan Rows": 38,
                                            "Plan Width": 4,
                                            "Actual Startup Time": 0.004,
                                            "Actual Total Time": 0.019,
                                            "Actual Rows": 30,
                                            "Actual Loops": 74649,
                                            "Output": [
                                                "ci.movie_id"
                                            ],
                                            "Index Cond": "(ci.movie_id = mk.movie_id)",
                                            "Rows Removed by Index Recheck": 0,
                                            "Heap Fetches": 2272688,
                                            "Workers": [
                                                {
                                                    "Worker Number": 0,
                                                    "Actual Startup Time": 0.006,
                                                    "Actual Total Time": 0.026,
                                                    "Actual Rows": 29,
                                                    "Actual Loops": 13701
                                                },
                                                {
                                                    "Worker Number": 1,
                                                    "Actual Startup Time": 0.004,
                                                    "Actual Total Time": 0.02,
                                                    "Actual Rows": 31,
                                                    "Actual Loops": 18395
                                                },
                                                {
                                                    "Worker Number": 2,
                                                    "Actual Startup Time": 0.004,
                                                    "Actual Total Time": 0.017,
                                                    "Actual Rows": 30,
                                                    "Actual Loops": 20273
                                                }
                                            ]
                                        }
                                    ]
                                }
                            ]
                        }
                    ]
                }
            ]
        },
        "Planning Time": 190.657,
        "Triggers": [],
        "Execution Time": 770.735
    }
]