{
  "Plan": {
    "Node Type": "Aggregate",
    "Strategy": "Plain",
    "Partial Mode": "Simple",
    "Parallel Aware": false,
    "Startup Cost": 2876.38,
    "Total Cost": 2876.39,
    "Plan Rows": 1,
    "Plan Width": 8,
    "Actual Startup Time": 22.832,
    "Actual Total Time": 22.834,
    "Actual Rows": 1,
    "Actual Loops": 1,
    "Plans": [
      {
        "Node Type": "Nested Loop",
        "Parent Relationship": "Outer",
        "Parallel Aware": false,
        "Join Type": "Inner",
        "Startup Cost": 7.21,
        "Total Cost": 2876.31,
        "Plan Rows": 29,
        "Plan Width": 0,
        "Actual Startup Time": 0.554,
        "Actual Total Time": 22.697,
        "Actual Rows": 698,
        "Actual Loops": 1,
        "Inner Unique": false,
        "Plans": [
          {
            "Node Type": "Nested Loop",
            "Parent Relationship": "Outer",
            "Parallel Aware": false,
            "Join Type": "Inner",
            "Startup Cost": 6.64,
            "Total Cost": 2737.98,
            "Plan Rows": 11,
            "Plan Width": 8,
            "Actual Startup Time": 0.225,
            "Actual Total Time": 3.256,
            "Actual Rows": 101,
            "Actual Loops": 1,
            "Inner Unique": true,
            "Plans": [
              {
                "Node Type": "Bitmap Heap Scan",
                "Parent Relationship": "Outer",
                "Parallel Aware": false,
                "Relation Name": "movie_info_idx",
                "Alias": "mi_idx",
                "Startup Cost": 6.21,
                "Total Cost": 801.9,
                "Plan Rows": 230,
                "Plan Width": 4,
                "Actual Startup Time": 0.164,
                "Actual Total Time": 0.223,
                "Actual Rows": 260,
                "Actual Loops": 1,
                "Recheck Cond": "(info_type_id > 101)",
                "Rows Removed by Index Recheck": 0,
                "Exact Heap Blocks": 2,
                "Lossy Heap Blocks": 0,
                "Plans": [
                  {
                    "Node Type": "Bitmap Index Scan",
                    "Parent Relationship": "Outer",
                    "Parallel Aware": false,
                    "Index Name": "info_type_id_movie_info_idx",
                    "Startup Cost": 0.0,
                    "Total Cost": 6.15,
                    "Plan Rows": 230,
                    "Plan Width": 0,
                    "Actual Startup Time": 0.142,
                    "Actual Total Time": 0.143,
                    "Actual Rows": 260,
                    "Actual Loops": 1,
                    "Index Cond": "(info_type_id > 101)"
                  }
                ]
              },
              {
                "Node Type": "Index Scan",
                "Parent Relationship": "Inner",
                "Parallel Aware": false,
                "Scan Direction": "Forward",
                "Index Name": "title_pkey",
                "Relation Name": "title",
                "Alias": "t",
                "Startup Cost": 0.43,
                "Total Cost": 8.42,
                "Plan Rows": 1,
                "Plan Width": 4,
                "Actual Startup Time": 0.011,
                "Actual Total Time": 0.011,
                "Actual Rows": 0,
                "Actual Loops": 260,
                "Index Cond": "(id = mi_idx.movie_id)",
                "Rows Removed by Index Recheck": 0,
                "Filter": "((production_year < 1977) AND (kind_id = 1))",
                "Rows Removed by Filter": 1
              }
            ]
          },
          {
            "Node Type": "Index Scan",
            "Parent Relationship": "Inner",
            "Parallel Aware": false,
            "Scan Direction": "Forward",
            "Index Name": "movie_id_cast_info",
            "Relation Name": "cast_info",
            "Alias": "ci",
            "Startup Cost": 0.56,
            "Total Cost": 12.51,
            "Plan Rows": 7,
            "Plan Width": 4,
            "Actual Startup Time": 0.159,
            "Actual Total Time": 0.19,
            "Actual Rows": 7,
            "Actual Loops": 101,
            "Index Cond": "(movie_id = t.id)",
            "Rows Removed by Index Recheck": 0,
            "Filter": "(person_id > 3004320)",
            "Rows Removed by Filter": 66
          }
        ]
      }
    ]
  },
  "Planning Time": 1.041,
  "Triggers": [],
  "Execution Time": 22.921
}