{
  "Plan": {
    "Node Type": "Aggregate",
    "Strategy": "Plain",
    "Partial Mode": "Finalize",
    "Parallel Aware": false,
    "Startup Cost": 401340.34,
    "Total Cost": 401340.35,
    "Plan Rows": 1,
    "Plan Width": 8,
    "Actual Startup Time": 1761.716,
    "Actual Total Time": 1816.425,
    "Actual Rows": 1,
    "Actual Loops": 1,
    "Plans": [
      {
        "Node Type": "Gather",
        "Parent Relationship": "Outer",
        "Parallel Aware": false,
        "Startup Cost": 401340.23,
        "Total Cost": 401340.34,
        "Plan Rows": 1,
        "Plan Width": 8,
        "Actual Startup Time": 1760.476,
        "Actual Total Time": 1816.417,
        "Actual Rows": 2,
        "Actual Loops": 1,
        "Workers Planned": 1,
        "Workers Launched": 1,
        "Single Copy": false,
        "Plans": [
          {
            "Node Type": "Aggregate",
            "Strategy": "Plain",
            "Partial Mode": "Partial",
            "Parent Relationship": "Outer",
            "Parallel Aware": false,
            "Startup Cost": 400340.23,
            "Total Cost": 400340.24,
            "Plan Rows": 1,
            "Plan Width": 8,
            "Actual Startup Time": 1754.141,
            "Actual Total Time": 1754.146,
            "Actual Rows": 1,
            "Actual Loops": 2,
            "Plans": [
              {
                "Node Type": "Hash Join",
                "Parent Relationship": "Outer",
                "Parallel Aware": true,
                "Join Type": "Inner",
                "Startup Cost": 103013.18,
                "Total Cost": 398638.02,
                "Plan Rows": 680882,
                "Plan Width": 0,
                "Actual Startup Time": 466.218,
                "Actual Total Time": 1729.831,
                "Actual Rows": 594499,
                "Actual Loops": 2,
                "Inner Unique": false,
                "Hash Cond": "(mi.movie_id = t.id)",
                "Plans": [
                  {
                    "Node Type": "Seq Scan",
                    "Parent Relationship": "Outer",
                    "Parallel Aware": true,
                    "Relation Name": "movie_info",
                    "Alias": "mi",
                    "Startup Cost": 0.0,
                    "Total Cost": 270696.42,
                    "Plan Rows": 5579529,
                    "Plan Width": 4,
                    "Actual Startup Time": 0.024,
                    "Actual Total Time": 738.99,
                    "Actual Rows": 4782576,
                    "Actual Loops": 2,
                    "Filter": "(info_type_id < 16)",
                    "Rows Removed by Filter": 2635284
                  },
                  {
                    "Node Type": "Hash",
                    "Parent Relationship": "Inner",
                    "Parallel Aware": true,
                    "Startup Cost": 100744.55,
                    "Total Cost": 100744.55,
                    "Plan Rows": 181490,
                    "Plan Width": 8,
                    "Actual Startup Time": 459.065,
                    "Actual Total Time": 459.069,
                    "Actual Rows": 84690,
                    "Actual Loops": 2,
                    "Hash Buckets": 524288,
                    "Original Hash Buckets": 524288,
                    "Hash Batches": 1,
                    "Original Hash Batches": 1,
                    "Peak Memory Usage": 10752,
                    "Plans": [
                      {
                        "Node Type": "Hash Join",
                        "Parent Relationship": "Outer",
                        "Parallel Aware": true,
                        "Join Type": "Inner",
                        "Startup Cost": 39511.46,
                        "Total Cost": 100744.55,
                        "Plan Rows": 181490,
                        "Plan Width": 8,
                        "Actual Startup Time": 135.844,
                        "Actual Total Time": 432.616,
                        "Actual Rows": 84690,
                        "Actual Loops": 2,
                        "Inner Unique": false,
                        "Hash Cond": "(t.id = mc.movie_id)",
                        "Plans": [
                          {
                            "Node Type": "Seq Scan",
                            "Parent Relationship": "Outer",
                            "Parallel Aware": true,
                            "Relation Name": "title",
                            "Alias": "t",
                            "Startup Cost": 0.0,
                            "Total Cost": 50870.31,
                            "Plan Rows": 1487231,
                            "Plan Width": 4,
                            "Actual Startup Time": 0.011,
                            "Actual Total Time": 119.95,
                            "Actual Rows": 1264156,
                            "Actual Loops": 2
                          },
                          {
                            "Node Type": "Hash",
                            "Parent Relationship": "Inner",
                            "Parallel Aware": true,
                            "Startup Cost": 37242.83,
                            "Total Cost": 37242.83,
                            "Plan Rows": 181490,
                            "Plan Width": 4,
                            "Actual Startup Time": 132.175,
                            "Actual Total Time": 132.177,
                            "Actual Rows": 84690,
                            "Actual Loops": 2,
                            "Hash Buckets": 524288,
                            "Original Hash Buckets": 524288,
                            "Hash Batches": 1,
                            "Original Hash Batches": 1,
                            "Peak Memory Usage": 10752,
                            "Plans": [
                              {
                                "Node Type": "Bitmap Heap Scan",
                                "Parent Relationship": "Outer",
                                "Parallel Aware": true,
                                "Relation Name": "movie_companies",
                                "Alias": "mc",
                                "Startup Cost": 13091.07,
                                "Total Cost": 37242.83,
                                "Plan Rows": 181490,
                                "Plan Width": 4,
                                "Actual Startup Time": 88.345,
                                "Actual Total Time": 111.177,
                                "Actual Rows": 84690,
                                "Actual Loops": 2,
                                "Recheck Cond": "(company_id < 689)",
                                "Rows Removed by Index Recheck": 0,
                                "Filter": "(company_type_id = 2)",
                                "Rows Removed by Filter": 215894,
                                "Exact Heap Blocks": 12985,
                                "Lossy Heap Blocks": 0,
                                "Plans": [
                                  {
                                    "Node Type": "Bitmap Index Scan",
                                    "Parent Relationship": "Outer",
                                    "Parallel Aware": false,
                                    "Index Name": "company_id_movie_companies",
                                    "Startup Cost": 0.0,
                                    "Total Cost": 13013.93,
                                    "Plan Rows": 607667,
                                    "Plan Width": 0,
                                    "Actual Startup Time": 39.935,
                                    "Actual Total Time": 39.935,
                                    "Actual Rows": 601170,
                                    "Actual Loops": 1,
                                    "Index Cond": "(company_id < 689)"
                                  }
                                ]
                              }
                            ]
                          }
                        ]
                      }
                    ]
                  }
                ]
              }
            ]
          }
        ]
      }
    ]
  },
  "Planning Time": 0.669,
  "Triggers": [],
  "Execution Time": 1816.546
}