[
  {
    "Plan": {
      "Node Type": "Aggregate",
      "Strategy": "Plain",
      "Partial Mode": "Finalize",
      "Parallel Aware": false,
      "Startup Cost": 45201.49,
      "Total Cost": 45201.5,
      "Plan Rows": 1,
      "Plan Width": 8,
      "Actual Startup Time": 116.726,
      "Actual Total Time": 123.733,
      "Actual Rows": 1,
      "Actual Loops": 1,
      "Plans": [
        {
          "Node Type": "Gather",
          "Parent Relationship": "Outer",
          "Parallel Aware": false,
          "Startup Cost": 45201.17,
          "Total Cost": 45201.48,
          "Plan Rows": 3,
          "Plan Width": 8,
          "Actual Startup Time": 116.617,
          "Actual Total Time": 123.723,
          "Actual Rows": 4,
          "Actual Loops": 1,
          "Workers Planned": 3,
          "Workers Launched": 3,
          "Single Copy": false,
          "Plans": [
            {
              "Node Type": "Aggregate",
              "Strategy": "Plain",
              "Partial Mode": "Partial",
              "Parent Relationship": "Outer",
              "Parallel Aware": false,
              "Startup Cost": 44201.17,
              "Total Cost": 44201.18,
              "Plan Rows": 1,
              "Plan Width": 8,
              "Actual Startup Time": 113.813,
              "Actual Total Time": 113.814,
              "Actual Rows": 1,
              "Actual Loops": 4,
              "Plans": [
                {
                  "Node Type": "Seq Scan",
                  "Parent Relationship": "Outer",
                  "Parallel Aware": true,
                  "Relation Name": "movie_keyword",
                  "Alias": "mk",
                  "Startup Cost": 0.0,
                  "Total Cost": 42695.65,
                  "Plan Rows": 602206,
                  "Plan Width": 0,
                  "Actual Startup Time": 0.355,
                  "Actual Total Time": 94.267,
                  "Actual Rows": 463827,
                  "Actual Loops": 4,
                  "Filter": "(keyword_id > 7455)",
                  "Rows Removed by Filter": 667155
                }
              ]
            }
          ]
        }
      ]
    },
    "Planning Time": 0.188,
    "Triggers": [],
    "Execution Time": 123.787
  }
]