[
  {
    "Plan": {
      "Node Type": "Aggregate",
      "Strategy": "Plain",
      "Partial Mode": "Finalize",
      "Parallel Aware": false,
      "Startup Cost": 282712.28,
      "Total Cost": 282712.29,
      "Plan Rows": 1,
      "Plan Width": 8,
      "Actual Startup Time": 1021.639,
      "Actual Total Time": 1068.016,
      "Actual Rows": 1,
      "Actual Loops": 1,
      "Plans": [
        {
          "Node Type": "Gather",
          "Parent Relationship": "Outer",
          "Parallel Aware": false,
          "Startup Cost": 282711.76,
          "Total Cost": 282712.27,
          "Plan Rows": 5,
          "Plan Width": 8,
          "Actual Startup Time": 1014.799,
          "Actual Total Time": 1068.004,
          "Actual Rows": 6,
          "Actual Loops": 1,
          "Workers Planned": 5,
          "Workers Launched": 5,
          "Single Copy": false,
          "Plans": [
            {
              "Node Type": "Aggregate",
              "Strategy": "Plain",
              "Partial Mode": "Partial",
              "Parent Relationship": "Outer",
              "Parallel Aware": false,
              "Startup Cost": 281711.76,
              "Total Cost": 281711.77,
              "Plan Rows": 1,
              "Plan Width": 8,
              "Actual Startup Time": 1004.482,
              "Actual Total Time": 1004.635,
              "Actual Rows": 1,
              "Actual Loops": 6,
              "Plans": [
                {
                  "Node Type": "Hash Join",
                  "Parent Relationship": "Outer",
                  "Parallel Aware": true,
                  "Join Type": "Inner",
                  "Startup Cost": 77165.33,
                  "Total Cost": 280882.9,
                  "Plan Rows": 331543,
                  "Plan Width": 0,
                  "Actual Startup Time": 257.87,
                  "Actual Total Time": 968.421,
                  "Actual Rows": 893845,
                  "Actual Loops": 6,
                  "Inner Unique": false,
                  "Hash Cond": "(mi.movie_id = t.id)",
                  "Plans": [
                    {
                      "Node Type": "Seq Scan",
                      "Parent Relationship": "Outer",
                      "Parallel Aware": true,
                      "Relation Name": "movie_info",
                      "Alias": "mi",
                      "Startup Cost": 0.0,
                      "Total Cost": 191560.33,
                      "Plan Rows": 2956733,
                      "Plan Width": 4,
                      "Actual Startup Time": 0.027,
                      "Actual Total Time": 288.276,
                      "Actual Rows": 2472620,
                      "Actual Loops": 6
                    },
                    {
                      "Node Type": "Hash",
                      "Parent Relationship": "Inner",
                      "Parallel Aware": true,
                      "Startup Cost": 76022.18,
                      "Total Cost": 76022.18,
                      "Plan Rows": 91452,
                      "Plan Width": 8,
                      "Actual Startup Time": 253.696,
                      "Actual Total Time": 253.848,
                      "Actual Rows": 71951,
                      "Actual Loops": 6,
                      "Hash Buckets": 524288,
                      "Original Hash Buckets": 524288,
                      "Hash Batches": 1,
                      "Original Hash Batches": 1,
                      "Peak Memory Usage": 21056,
                      "Plans": [
                        {
                          "Node Type": "Hash Join",
                          "Parent Relationship": "Outer",
                          "Parallel Aware": true,
                          "Join Type": "Inner",
                          "Startup Cost": 45589.74,
                          "Total Cost": 76022.18,
                          "Plan Rows": 91452,
                          "Plan Width": 8,
                          "Actual Startup Time": 155.414,
                          "Actual Total Time": 229.606,
                          "Actual Rows": 71951,
                          "Actual Loops": 6,
                          "Inner Unique": true,
                          "Hash Cond": "(mc.movie_id = t.id)",
                          "Plans": [
                            {
                              "Node Type": "Seq Scan",
                              "Parent Relationship": "Outer",
                              "Parallel Aware": true,
                              "Relation Name": "movie_companies",
                              "Alias": "mc",
                              "Startup Cost": 0.0,
                              "Total Cost": 29310.68,
                              "Plan Rows": 427336,
                              "Plan Width": 4,
                              "Actual Startup Time": 22.477,
                              "Actual Total Time": 48.766,
                              "Actual Rows": 222480,
                              "Actual Loops": 6,
                              "Filter": "(company_type_id > 1)",
                              "Rows Removed by Filter": 212374
                            },
                            {
                              "Node Type": "Hash",
                              "Parent Relationship": "Inner",
                              "Parallel Aware": true,
                              "Startup Cost": 43898.92,
                              "Total Cost": 43898.92,
                              "Plan Rows": 135266,
                              "Plan Width": 4,
                              "Actual Startup Time": 130.68,
                              "Actual Total Time": 130.681,
                              "Actual Rows": 92160,
                              "Actual Loops": 6,
                              "Hash Buckets": 1048576,
                              "Original Hash Buckets": 1048576,
                              "Hash Batches": 1,
                              "Original Hash Batches": 1,
                              "Peak Memory Usage": 29888,
                              "Plans": [
                                {
                                  "Node Type": "Seq Scan",
                                  "Parent Relationship": "Outer",
                                  "Parallel Aware": true,
                                  "Relation Name": "title",
                                  "Alias": "t",
                                  "Startup Cost": 0.0,
                                  "Total Cost": 43898.92,
                                  "Plan Rows": 135266,
                                  "Plan Width": 4,
                                  "Actual Startup Time": 0.054,
                                  "Actual Total Time": 81.592,
                                  "Actual Rows": 92160,
                                  "Actual Loops": 6,
                                  "Filter": "(production_year < 1983)",
                                  "Rows Removed by Filter": 329225
                                }
                              ]
                            }
                          ]
                        }
                      ]
                    }
                  ]
                }
              ]
            }
          ]
        }
      ]
    },
    "Planning Time": 1.403,
    "Triggers": [],
    "Execution Time": 1068.116
  }
]