[
  {
    "Plan": {
      "Node Type": "Aggregate",
      "Strategy": "Plain",
      "Partial Mode": "Finalize",
      "Parallel Aware": false,
      "Startup Cost": 46625.91,
      "Total Cost": 46625.92,
      "Plan Rows": 1,
      "Plan Width": 8,
      "Actual Startup Time": 88.871,
      "Actual Total Time": 97.778,
      "Actual Rows": 1,
      "Actual Loops": 1,
      "Plans": [
        {
          "Node Type": "Gather",
          "Parent Relationship": "Outer",
          "Parallel Aware": false,
          "Startup Cost": 46625.49,
          "Total Cost": 46625.9,
          "Plan Rows": 4,
          "Plan Width": 8,
          "Actual Startup Time": 88.693,
          "Actual Total Time": 97.766,
          "Actual Rows": 5,
          "Actual Loops": 1,
          "Workers Planned": 4,
          "Workers Launched": 4,
          "Single Copy": false,
          "Plans": [
            {
              "Node Type": "Aggregate",
              "Strategy": "Plain",
              "Partial Mode": "Partial",
              "Parent Relationship": "Outer",
              "Parallel Aware": false,
              "Startup Cost": 45625.49,
              "Total Cost": 45625.5,
              "Plan Rows": 1,
              "Plan Width": 8,
              "Actual Startup Time": 82.88,
              "Actual Total Time": 82.881,
              "Actual Rows": 1,
              "Actual Loops": 5,
              "Plans": [
                {
                  "Node Type": "Seq Scan",
                  "Parent Relationship": "Outer",
                  "Parallel Aware": true,
                  "Relation Name": "title",
                  "Alias": "t",
                  "Startup Cost": 0.0,
                  "Total Cost": 45479.59,
                  "Plan Rows": 58362,
                  "Plan Width": 0,
                  "Actual Startup Time": 0.047,
                  "Actual Total Time": 80.493,
                  "Actual Rows": 41632,
                  "Actual Loops": 5,
                  "Filter": "((kind_id < 3) AND (production_year > 2007))",
                  "Rows Removed by Filter": 464030
                }
              ]
            }
          ]
        }
      ]
    },
    "Planning Time": 0.192,
    "Triggers": [],
    "Execution Time": 97.837
  }
]