[
  {
    "Plan": {
      "Node Type": "Aggregate",
      "Strategy": "Plain",
      "Partial Mode": "Finalize",
      "Parallel Aware": false,
      "Startup Cost": 42077.3,
      "Total Cost": 42077.31,
      "Plan Rows": 1,
      "Plan Width": 8,
      "Actual Startup Time": 56.563,
      "Actual Total Time": 62.829,
      "Actual Rows": 1,
      "Actual Loops": 1,
      "Plans": [
        {
          "Node Type": "Gather",
          "Parent Relationship": "Outer",
          "Parallel Aware": false,
          "Startup Cost": 42077.09,
          "Total Cost": 42077.3,
          "Plan Rows": 2,
          "Plan Width": 8,
          "Actual Startup Time": 56.457,
          "Actual Total Time": 62.823,
          "Actual Rows": 3,
          "Actual Loops": 1,
          "Workers Planned": 2,
          "Workers Launched": 2,
          "Single Copy": false,
          "Plans": [
            {
              "Node Type": "Aggregate",
              "Strategy": "Plain",
              "Partial Mode": "Partial",
              "Parent Relationship": "Outer",
              "Parallel Aware": false,
              "Startup Cost": 41077.09,
              "Total Cost": 41077.1,
              "Plan Rows": 1,
              "Plan Width": 8,
              "Actual Startup Time": 48.449,
              "Actual Total Time": 48.451,
              "Actual Rows": 1,
              "Actual Loops": 3,
              "Plans": [
                {
                  "Node Type": "Nested Loop",
                  "Parent Relationship": "Outer",
                  "Parallel Aware": false,
                  "Join Type": "Inner",
                  "Startup Cost": 182.31,
                  "Total Cost": 41073.64,
                  "Plan Rows": 1380,
                  "Plan Width": 0,
                  "Actual Startup Time": 3.26,
                  "Actual Total Time": 47.953,
                  "Actual Rows": 2638,
                  "Actual Loops": 3,
                  "Inner Unique": true,
                  "Plans": [
                    {
                      "Node Type": "Bitmap Heap Scan",
                      "Parent Relationship": "Outer",
                      "Parallel Aware": true,
                      "Relation Name": "movie_keyword",
                      "Alias": "mk",
                      "Startup Cost": 181.88,
                      "Total Cost": 17308.51,
                      "Plan Rows": 3519,
                      "Plan Width": 4,
                      "Actual Startup Time": 3.11,
                      "Actual Total Time": 17.324,
                      "Actual Rows": 2779,
                      "Actual Loops": 3,
                      "Recheck Cond": "(keyword_id = 865)",
                      "Rows Removed by Index Recheck": 0,
                      "Exact Heap Blocks": 4293,
                      "Lossy Heap Blocks": 0,
                      "Plans": [
                        {
                          "Node Type": "Bitmap Index Scan",
                          "Parent Relationship": "Outer",
                          "Parallel Aware": false,
                          "Index Name": "keyword_id_movie_keyword",
                          "Startup Cost": 0.0,
                          "Total Cost": 179.77,
                          "Plan Rows": 8445,
                          "Plan Width": 0,
                          "Actual Startup Time": 5.282,
                          "Actual Total Time": 5.282,
                          "Actual Rows": 8337,
                          "Actual Loops": 1,
                          "Index Cond": "(keyword_id = 865)"
                        }
                      ]
                    },
                    {
                      "Node Type": "Index Scan",
                      "Parent Relationship": "Inner",
                      "Parallel Aware": false,
                      "Scan Direction": "Forward",
                      "Index Name": "title_pkey",
                      "Relation Name": "title",
                      "Alias": "t",
                      "Startup Cost": 0.43,
                      "Total Cost": 6.75,
                      "Plan Rows": 1,
                      "Plan Width": 4,
                      "Actual Startup Time": 0.01,
                      "Actual Total Time": 0.01,
                      "Actual Rows": 1,
                      "Actual Loops": 8337,
                      "Index Cond": "(id = mk.movie_id)",
                      "Rows Removed by Index Recheck": 0,
                      "Filter": "(kind_id < 7)",
                      "Rows Removed by Filter": 0
                    }
                  ]
                }
              ]
            }
          ]
        }
      ]
    },
    "Planning Time": 0.582,
    "Triggers": [],
    "Execution Time": 62.916
  }
]