[
  {
    "Plan": {
      "Node Type": "Aggregate",
      "Strategy": "Plain",
      "Partial Mode": "Finalize",
      "Parallel Aware": false,
      "Startup Cost": 91798.82,
      "Total Cost": 91798.83,
      "Plan Rows": 1,
      "Plan Width": 8,
      "Actual Startup Time": 261.965,
      "Actual Total Time": 277.873,
      "Actual Rows": 1,
      "Actual Loops": 1,
      "Plans": [
        {
          "Node Type": "Gather",
          "Parent Relationship": "Outer",
          "Parallel Aware": false,
          "Startup Cost": 91798.5,
          "Total Cost": 91798.81,
          "Plan Rows": 3,
          "Plan Width": 8,
          "Actual Startup Time": 261.036,
          "Actual Total Time": 277.862,
          "Actual Rows": 4,
          "Actual Loops": 1,
          "Workers Planned": 3,
          "Workers Launched": 3,
          "Single Copy": false,
          "Plans": [
            {
              "Node Type": "Aggregate",
              "Strategy": "Plain",
              "Partial Mode": "Partial",
              "Parent Relationship": "Outer",
              "Parallel Aware": false,
              "Startup Cost": 90798.5,
              "Total Cost": 90798.51,
              "Plan Rows": 1,
              "Plan Width": 8,
              "Actual Startup Time": 254.198,
              "Actual Total Time": 254.201,
              "Actual Rows": 1,
              "Actual Loops": 4,
              "Plans": [
                {
                  "Node Type": "Hash Join",
                  "Parent Relationship": "Outer",
                  "Parallel Aware": true,
                  "Join Type": "Inner",
                  "Startup Cost": 46279.99,
                  "Total Cost": 90638.11,
                  "Plan Rows": 64155,
                  "Plan Width": 0,
                  "Actual Startup Time": 110.078,
                  "Actual Total Time": 251.713,
                  "Actual Rows": 57640,
                  "Actual Loops": 4,
                  "Inner Unique": true,
                  "Hash Cond": "(mk.movie_id = t.id)",
                  "Plans": [
                    {
                      "Node Type": "Seq Scan",
                      "Parent Relationship": "Outer",
                      "Parallel Aware": true,
                      "Relation Name": "movie_keyword",
                      "Alias": "mk",
                      "Startup Cost": 0.0,
                      "Total Cost": 42695.65,
                      "Plan Rows": 633324,
                      "Plan Width": 4,
                      "Actual Startup Time": 0.383,
                      "Actual Total Time": 94.559,
                      "Actual Rows": 488214,
                      "Actual Loops": 4,
                      "Filter": "(keyword_id > 6595)",
                      "Rows Removed by Filter": 642769
                    },
                    {
                      "Node Type": "Hash",
                      "Parent Relationship": "Inner",
                      "Parallel Aware": true,
                      "Startup Cost": 45479.59,
                      "Total Cost": 45479.59,
                      "Plan Rows": 64032,
                      "Plan Width": 4,
                      "Actual Startup Time": 108.118,
                      "Actual Total Time": 108.119,
                      "Actual Rows": 56962,
                      "Actual Loops": 4,
                      "Hash Buckets": 262144,
                      "Original Hash Buckets": 262144,
                      "Hash Batches": 1,
                      "Original Hash Batches": 1,
                      "Peak Memory Usage": 11008,
                      "Plans": [
                        {
                          "Node Type": "Seq Scan",
                          "Parent Relationship": "Outer",
                          "Parallel Aware": true,
                          "Relation Name": "title",
                          "Alias": "t",
                          "Startup Cost": 0.0,
                          "Total Cost": 45479.59,
                          "Plan Rows": 64032,
                          "Plan Width": 4,
                          "Actual Startup Time": 0.052,
                          "Actual Total Time": 90.257,
                          "Actual Rows": 56962,
                          "Actual Loops": 4,
                          "Filter": "((kind_id < 7) AND (production_year > 2008))",
                          "Rows Removed by Filter": 575116
                        }
                      ]
                    }
                  ]
                }
              ]
            }
          ]
        }
      ]
    },
    "Planning Time": 0.404,
    "Triggers": [],
    "Execution Time": 277.923
  }
]