[
  {
    "Plan": {
      "Node Type": "Aggregate",
      "Strategy": "Plain",
      "Partial Mode": "Finalize",
      "Parallel Aware": false,
      "Startup Cost": 339736.55,
      "Total Cost": 339736.56,
      "Plan Rows": 1,
      "Plan Width": 8,
      "Actual Startup Time": 839.33,
      "Actual Total Time": 886.179,
      "Actual Rows": 1,
      "Actual Loops": 1,
      "Plans": [
        {
          "Node Type": "Gather",
          "Parent Relationship": "Outer",
          "Parallel Aware": false,
          "Startup Cost": 339735.92,
          "Total Cost": 339736.53,
          "Plan Rows": 6,
          "Plan Width": 8,
          "Actual Startup Time": 839.121,
          "Actual Total Time": 886.16,
          "Actual Rows": 7,
          "Actual Loops": 1,
          "Workers Planned": 6,
          "Workers Launched": 6,
          "Single Copy": false,
          "Plans": [
            {
              "Node Type": "Aggregate",
              "Strategy": "Plain",
              "Partial Mode": "Partial",
              "Parent Relationship": "Outer",
              "Parallel Aware": false,
              "Startup Cost": 338735.92,
              "Total Cost": 338735.93,
              "Plan Rows": 1,
              "Plan Width": 8,
              "Actual Startup Time": 831.314,
              "Actual Total Time": 831.315,
              "Actual Rows": 1,
              "Actual Loops": 7,
              "Plans": [
                {
                  "Node Type": "Seq Scan",
                  "Parent Relationship": "Outer",
                  "Parallel Aware": true,
                  "Relation Name": "cast_info",
                  "Alias": "ci",
                  "Startup Cost": 0.0,
                  "Total Cost": 328211.39,
                  "Plan Rows": 4209812,
                  "Plan Width": 0,
                  "Actual Startup Time": 0.049,
                  "Actual Total Time": 642.455,
                  "Actual Rows": 3623057,
                  "Actual Loops": 7,
                  "Filter": "(person_id < 2618204)",
                  "Rows Removed by Filter": 1554706
                }
              ]
            }
          ]
        }
      ]
    },
    "Planning Time": 0.156,
    "Triggers": [],
    "Execution Time": 886.238
  }
]