[
  {
    "Plan": {
      "Node Type": "Aggregate",
      "Strategy": "Plain",
      "Partial Mode": "Finalize",
      "Parallel Aware": false,
      "Startup Cost": 33243.39,
      "Total Cost": 33243.4,
      "Plan Rows": 1,
      "Plan Width": 8,
      "Actual Startup Time": 100.916,
      "Actual Total Time": 109.264,
      "Actual Rows": 1,
      "Actual Loops": 1,
      "Plans": [
        {
          "Node Type": "Gather",
          "Parent Relationship": "Outer",
          "Parallel Aware": false,
          "Startup Cost": 33243.07,
          "Total Cost": 33243.38,
          "Plan Rows": 3,
          "Plan Width": 8,
          "Actual Startup Time": 100.809,
          "Actual Total Time": 109.257,
          "Actual Rows": 4,
          "Actual Loops": 1,
          "Workers Planned": 3,
          "Workers Launched": 3,
          "Single Copy": false,
          "Plans": [
            {
              "Node Type": "Aggregate",
              "Strategy": "Plain",
              "Partial Mode": "Partial",
              "Parent Relationship": "Outer",
              "Parallel Aware": false,
              "Startup Cost": 32243.07,
              "Total Cost": 32243.08,
              "Plan Rows": 1,
              "Plan Width": 8,
              "Actual Startup Time": 92.327,
              "Actual Total Time": 92.328,
              "Actual Rows": 1,
              "Actual Loops": 4,
              "Plans": [
                {
                  "Node Type": "Seq Scan",
                  "Parent Relationship": "Outer",
                  "Parallel Aware": true,
                  "Relation Name": "movie_companies",
                  "Alias": "mc",
                  "Startup Cost": 0.0,
                  "Total Cost": 31414.82,
                  "Plan Rows": 331302,
                  "Plan Width": 0,
                  "Actual Startup Time": 0.317,
                  "Actual Total Time": 80.815,
                  "Actual Rows": 223193,
                  "Actual Loops": 4,
                  "Filter": "((company_id > 475) AND (company_type_id < 2))",
                  "Rows Removed by Filter": 429089
                }
              ]
            }
          ]
        }
      ]
    },
    "Planning Time": 0.191,
    "Triggers": [],
    "Execution Time": 109.316
  }
]