{
  "Plan": {
    "Node Type": "Aggregate",
    "Strategy": "Plain",
    "Partial Mode": "Finalize",
    "Parallel Aware": false,
    "Startup Cost": 89891.61,
    "Total Cost": 89891.62,
    "Plan Rows": 1,
    "Plan Width": 8,
    "Actual Startup Time": 285.02,
    "Actual Total Time": 298.657,
    "Actual Rows": 1,
    "Actual Loops": 1,
    "Plans": [
      {
        "Node Type": "Gather",
        "Parent Relationship": "Outer",
        "Parallel Aware": false,
        "Startup Cost": 89891.49,
        "Total Cost": 89891.6,
        "Plan Rows": 1,
        "Plan Width": 8,
        "Actual Startup Time": 284.63,
        "Actual Total Time": 298.65,
        "Actual Rows": 2,
        "Actual Loops": 1,
        "Workers Planned": 1,
        "Workers Launched": 1,
        "Single Copy": false,
        "Plans": [
          {
            "Node Type": "Aggregate",
            "Strategy": "Plain",
            "Partial Mode": "Partial",
            "Parent Relationship": "Outer",
            "Parallel Aware": false,
            "Startup Cost": 88891.49,
            "Total Cost": 88891.5,
            "Plan Rows": 1,
            "Plan Width": 8,
            "Actual Startup Time": 278.147,
            "Actual Total Time": 278.152,
            "Actual Rows": 1,
            "Actual Loops": 2,
            "Plans": [
              {
                "Node Type": "Hash Join",
                "Parent Relationship": "Outer",
                "Parallel Aware": true,
                "Join Type": "Inner",
                "Startup Cost": 79075.55,
                "Total Cost": 88889.61,
                "Plan Rows": 755,
                "Plan Width": 0,
                "Actual Startup Time": 235.564,
                "Actual Total Time": 278.051,
                "Actual Rows": 1330,
                "Actual Loops": 2,
                "Inner Unique": false,
                "Hash Cond": "(ci.movie_id = t.id)",
                "Plans": [
                  {
                    "Node Type": "Index Scan",
                    "Parent Relationship": "Outer",
                    "Parallel Aware": true,
                    "Scan Direction": "Forward",
                    "Index Name": "role_id_cast_info",
                    "Relation Name": "cast_info",
                    "Alias": "ci",
                    "Startup Cost": 0.56,
                    "Total Cost": 9152.21,
                    "Plan Rows": 175457,
                    "Plan Width": 4,
                    "Actual Startup Time": 0.048,
                    "Actual Total Time": 23.573,
                    "Actual Rows": 158059,
                    "Actual Loops": 2,
                    "Index Cond": "(role_id > 10)",
                    "Rows Removed by Index Recheck": 0
                  },
                  {
                    "Node Type": "Hash",
                    "Parent Relationship": "Inner",
                    "Parallel Aware": true,
                    "Startup Cost": 78995.0,
                    "Total Cost": 78995.0,
                    "Plan Rows": 6399,
                    "Plan Width": 8,
                    "Actual Startup Time": 234.496,
                    "Actual Total Time": 234.5,
                    "Actual Rows": 6676,
                    "Actual Loops": 2,
                    "Hash Buckets": 16384,
                    "Original Hash Buckets": 16384,
                    "Hash Batches": 1,
                    "Original Hash Batches": 1,
                    "Peak Memory Usage": 672,
                    "Plans": [
                      {
                        "Node Type": "Hash Join",
                        "Parent Relationship": "Outer",
                        "Parallel Aware": true,
                        "Join Type": "Inner",
                        "Startup Cost": 20724.01,
                        "Total Cost": 78995.0,
                        "Plan Rows": 6399,
                        "Plan Width": 8,
                        "Actual Startup Time": 30.506,
                        "Actual Total Time": 231.968,
                        "Actual Rows": 6676,
                        "Actual Loops": 2,
                        "Inner Unique": false,
                        "Hash Cond": "(t.id = mc.movie_id)",
                        "Plans": [
                          {
                            "Node Type": "Seq Scan",
                            "Parent Relationship": "Outer",
                            "Parallel Aware": true,
                            "Relation Name": "title",
                            "Alias": "t",
                            "Startup Cost": 0.0,
                            "Total Cost": 54588.39,
                            "Plan Rows": 583193,
                            "Plan Width": 4,
                            "Actual Startup Time": 0.013,
                            "Actual Total Time": 142.81,
                            "Actual Rows": 492524,
                            "Actual Loops": 2,
                            "Filter": "(kind_id < 7)",
                            "Rows Removed by Filter": 771632
                          },
                          {
                            "Node Type": "Hash",
                            "Parent Relationship": "Inner",
                            "Parallel Aware": true,
                            "Startup Cost": 20520.01,
                            "Total Cost": 20520.01,
                            "Plan Rows": 16320,
                            "Plan Width": 4,
                            "Actual Startup Time": 30.202,
                            "Actual Total Time": 30.204,
                            "Actual Rows": 13652,
                            "Actual Loops": 2,
                            "Hash Buckets": 32768,
                            "Original Hash Buckets": 32768,
                            "Hash Batches": 1,
                            "Original Hash Batches": 1,
                            "Peak Memory Usage": 1344,
                            "Plans": [
                              {
                                "Node Type": "Bitmap Heap Scan",
                                "Parent Relationship": "Outer",
                                "Parallel Aware": true,
                                "Relation Name": "movie_companies",
                                "Alias": "mc",
                                "Startup Cost": 603.45,
                                "Total Cost": 20520.01,
                                "Plan Rows": 16320,
                                "Plan Width": 4,
                                "Actual Startup Time": 6.328,
                                "Actual Total Time": 25.762,
                                "Actual Rows": 13652,
                                "Actual Loops": 2,
                                "Recheck Cond": "(company_id = 27)",
                                "Rows Removed by Index Recheck": 0,
                                "Exact Heap Blocks": 6291,
                                "Lossy Heap Blocks": 0,
                                "Plans": [
                                  {
                                    "Node Type": "Bitmap Index Scan",
                                    "Parent Relationship": "Outer",
                                    "Parallel Aware": false,
                                    "Index Name": "company_id_movie_companies",
                                    "Startup Cost": 0.0,
                                    "Total Cost": 596.51,
                                    "Plan Rows": 27744,
                                    "Plan Width": 0,
                                    "Actual Startup Time": 8.384,
                                    "Actual Total Time": 8.384,
                                    "Actual Rows": 27303,
                                    "Actual Loops": 1,
                                    "Index Cond": "(company_id = 27)"
                                  }
                                ]
                              }
                            ]
                          }
                        ]
                      }
                    ]
                  }
                ]
              }
            ]
          }
        ]
      }
    ]
  },
  "Planning Time": 0.984,
  "Triggers": [],
  "Execution Time": 298.762
}