[
  {
    "Plan": {
      "Node Type": "Aggregate",
      "Strategy": "Plain",
      "Partial Mode": "Finalize",
      "Parallel Aware": false,
      "Startup Cost": 360931.04,
      "Total Cost": 360931.05,
      "Plan Rows": 1,
      "Plan Width": 8,
      "Actual Startup Time": 461.155,
      "Actual Total Time": 527.501,
      "Actual Rows": 1,
      "Actual Loops": 1,
      "Plans": [
        {
          "Node Type": "Gather",
          "Parent Relationship": "Outer",
          "Parallel Aware": false,
          "Startup Cost": 360930.62,
          "Total Cost": 360931.03,
          "Plan Rows": 4,
          "Plan Width": 8,
          "Actual Startup Time": 460.808,
          "Actual Total Time": 527.492,
          "Actual Rows": 5,
          "Actual Loops": 1,
          "Workers Planned": 4,
          "Workers Launched": 4,
          "Single Copy": false,
          "Plans": [
            {
              "Node Type": "Aggregate",
              "Strategy": "Plain",
              "Partial Mode": "Partial",
              "Parent Relationship": "Outer",
              "Parallel Aware": false,
              "Startup Cost": 359930.62,
              "Total Cost": 359930.63,
              "Plan Rows": 1,
              "Plan Width": 8,
              "Actual Startup Time": 450.726,
              "Actual Total Time": 450.727,
              "Actual Rows": 1,
              "Actual Loops": 5,
              "Plans": [
                {
                  "Node Type": "Nested Loop",
                  "Parent Relationship": "Outer",
                  "Parallel Aware": false,
                  "Join Type": "Inner",
                  "Startup Cost": 0.56,
                  "Total Cost": 359790.17,
                  "Plan Rows": 56181,
                  "Plan Width": 0,
                  "Actual Startup Time": 1.59,
                  "Actual Total Time": 448.059,
                  "Actual Rows": 35367,
                  "Actual Loops": 5,
                  "Inner Unique": false,
                  "Plans": [
                    {
                      "Node Type": "Seq Scan",
                      "Parent Relationship": "Outer",
                      "Parallel Aware": true,
                      "Relation Name": "title",
                      "Alias": "t",
                      "Startup Cost": 0.0,
                      "Total Cost": 43898.92,
                      "Plan Rows": 13063,
                      "Plan Width": 4,
                      "Actual Startup Time": 0.037,
                      "Actual Total Time": 60.056,
                      "Actual Rows": 11718,
                      "Actual Loops": 5,
                      "Filter": "(production_year = 2001)",
                      "Rows Removed by Filter": 493944
                    },
                    {
                      "Node Type": "Index Scan",
                      "Parent Relationship": "Inner",
                      "Parallel Aware": false,
                      "Scan Direction": "Forward",
                      "Index Name": "movie_id_cast_info",
                      "Relation Name": "cast_info",
                      "Alias": "ci",
                      "Startup Cost": 0.56,
                      "Total Cost": 24.07,
                      "Plan Rows": 11,
                      "Plan Width": 4,
                      "Actual Startup Time": 0.025,
                      "Actual Total Time": 0.032,
                      "Actual Rows": 3,
                      "Actual Loops": 58590,
                      "Index Cond": "(movie_id = t.id)",
                      "Rows Removed by Index Recheck": 0,
                      "Filter": "((person_id < 3304257) AND (role_id > 3))",
                      "Rows Removed by Filter": 11
                    }
                  ]
                }
              ]
            }
          ]
        }
      ]
    },
    "Planning Time": 0.703,
    "Triggers": [],
    "Execution Time": 527.592
  }
]