{
  "Plan": {
    "Node Type": "Aggregate",
    "Strategy": "Plain",
    "Partial Mode": "Finalize",
    "Parallel Aware": false,
    "Startup Cost": 612626.12,
    "Total Cost": 612626.13,
    "Plan Rows": 1,
    "Plan Width": 8,
    "Actual Startup Time": 2559.682,
    "Actual Total Time": 2614.324,
    "Actual Rows": 1,
    "Actual Loops": 1,
    "Plans": [
      {
        "Node Type": "Gather",
        "Parent Relationship": "Outer",
        "Parallel Aware": false,
        "Startup Cost": 612626.01,
        "Total Cost": 612626.12,
        "Plan Rows": 1,
        "Plan Width": 8,
        "Actual Startup Time": 2559.446,
        "Actual Total Time": 2614.317,
        "Actual Rows": 2,
        "Actual Loops": 1,
        "Workers Planned": 1,
        "Workers Launched": 1,
        "Single Copy": false,
        "Plans": [
          {
            "Node Type": "Aggregate",
            "Strategy": "Plain",
            "Partial Mode": "Partial",
            "Parent Relationship": "Outer",
            "Parallel Aware": false,
            "Startup Cost": 611626.01,
            "Total Cost": 611626.02,
            "Plan Rows": 1,
            "Plan Width": 8,
            "Actual Startup Time": 2553.846,
            "Actual Total Time": 2553.849,
            "Actual Rows": 1,
            "Actual Loops": 2,
            "Plans": [
              {
                "Node Type": "Hash Join",
                "Parent Relationship": "Outer",
                "Parallel Aware": true,
                "Join Type": "Inner",
                "Startup Cost": 58468.07,
                "Total Cost": 611346.12,
                "Plan Rows": 111954,
                "Plan Width": 0,
                "Actual Startup Time": 138.448,
                "Actual Total Time": 2548.671,
                "Actual Rows": 100272,
                "Actual Loops": 2,
                "Inner Unique": true,
                "Hash Cond": "(ci.movie_id = t.id)",
                "Plans": [
                  {
                    "Node Type": "Seq Scan",
                    "Parent Relationship": "Outer",
                    "Parallel Aware": true,
                    "Relation Name": "cast_info",
                    "Alias": "ci",
                    "Startup Cost": 0.0,
                    "Total Cost": 519069.44,
                    "Plan Rows": 12879451,
                    "Plan Width": 4,
                    "Actual Startup Time": 0.015,
                    "Actual Total Time": 1433.129,
                    "Actual Rows": 10983406,
                    "Actual Loops": 2,
                    "Filter": "(person_id < 2234825)",
                    "Rows Removed by Filter": 7138766
                  },
                  {
                    "Node Type": "Hash",
                    "Parent Relationship": "Inner",
                    "Parallel Aware": true,
                    "Startup Cost": 58306.47,
                    "Total Cost": 58306.47,
                    "Plan Rows": 12928,
                    "Plan Width": 4,
                    "Actual Startup Time": 137.149,
                    "Actual Total Time": 137.15,
                    "Actual Rows": 12301,
                    "Actual Loops": 2,
                    "Hash Buckets": 32768,
                    "Original Hash Buckets": 32768,
                    "Hash Batches": 1,
                    "Original Hash Batches": 1,
                    "Peak Memory Usage": 1248,
                    "Plans": [
                      {
                        "Node Type": "Seq Scan",
                        "Parent Relationship": "Outer",
                        "Parallel Aware": true,
                        "Relation Name": "title",
                        "Alias": "t",
                        "Startup Cost": 0.0,
                        "Total Cost": 58306.47,
                        "Plan Rows": 12928,
                        "Plan Width": 4,
                        "Actual Startup Time": 0.039,
                        "Actual Total Time": 133.194,
                        "Actual Rows": 12301,
                        "Actual Loops": 2,
                        "Filter": "((kind_id = 7) AND (production_year = 1995))",
                        "Rows Removed by Filter": 1251855
                      }
                    ]
                  }
                ]
              }
            ]
          }
        ]
      }
    ]
  },
  "Planning Time": 0.482,
  "Triggers": [],
  "Execution Time": 2614.41
}