[
  {
    "Plan": {
      "Node Type": "Aggregate",
      "Strategy": "Plain",
      "Partial Mode": "Finalize",
      "Parallel Aware": false,
      "Startup Cost": 45488.38,
      "Total Cost": 45488.39,
      "Plan Rows": 1,
      "Plan Width": 8,
      "Actual Startup Time": 145.47,
      "Actual Total Time": 155.015,
      "Actual Rows": 1,
      "Actual Loops": 1,
      "Plans": [
        {
          "Node Type": "Gather",
          "Parent Relationship": "Outer",
          "Parallel Aware": false,
          "Startup Cost": 45488.07,
          "Total Cost": 45488.38,
          "Plan Rows": 3,
          "Plan Width": 8,
          "Actual Startup Time": 145.342,
          "Actual Total Time": 155.006,
          "Actual Rows": 4,
          "Actual Loops": 1,
          "Workers Planned": 3,
          "Workers Launched": 3,
          "Single Copy": false,
          "Plans": [
            {
              "Node Type": "Aggregate",
              "Strategy": "Plain",
              "Partial Mode": "Partial",
              "Parent Relationship": "Outer",
              "Parallel Aware": false,
              "Startup Cost": 44488.07,
              "Total Cost": 44488.08,
              "Plan Rows": 1,
              "Plan Width": 8,
              "Actual Startup Time": 138.644,
              "Actual Total Time": 138.645,
              "Actual Rows": 1,
              "Actual Loops": 4,
              "Plans": [
                {
                  "Node Type": "Seq Scan",
                  "Parent Relationship": "Outer",
                  "Parallel Aware": true,
                  "Relation Name": "movie_keyword",
                  "Alias": "mk",
                  "Startup Cost": 0.0,
                  "Total Cost": 42695.65,
                  "Plan Rows": 716965,
                  "Plan Width": 0,
                  "Actual Startup Time": 0.637,
                  "Actual Total Time": 113.691,
                  "Actual Rows": 554458,
                  "Actual Loops": 4,
                  "Filter": "(keyword_id > 4947)",
                  "Rows Removed by Filter": 576524
                }
              ]
            }
          ]
        }
      ]
    },
    "Planning Time": 0.157,
    "Triggers": [],
    "Execution Time": 155.064
  }
]