[
    {
        "Bao": {
            "Bao prediction": "NaN",
            "Bao recommended hint": "(no hint)"
        }
    },
    {
        "Plan": {
            "Node Type": "Aggregate",
            "Strategy": "Plain",
            "Partial Mode": "Finalize",
            "Parallel Aware": false,
            "Startup Cost": 457407.57,
            "Total Cost": 457407.58,
            "Plan Rows": 1,
            "Plan Width": 8,
            "Actual Startup Time": 2755.374,
            "Actual Total Time": 2796.038,
            "Actual Rows": 1,
            "Actual Loops": 1,
            "Output": [
                "count(*)"
            ],
            "Plans": [
                {
                    "Node Type": "Gather",
                    "Parent Relationship": "Outer",
                    "Parallel Aware": false,
                    "Startup Cost": 457406.95,
                    "Total Cost": 457407.56,
                    "Plan Rows": 6,
                    "Plan Width": 8,
                    "Actual Startup Time": 2727.402,
                    "Actual Total Time": 2796.026,
                    "Actual Rows": 7,
                    "Actual Loops": 1,
                    "Output": [
                        "(PARTIAL count(*))"
                    ],
                    "Workers Planned": 6,
                    "Workers Launched": 6,
                    "Single Copy": false,
                    "Plans": [
                        {
                            "Node Type": "Aggregate",
                            "Strategy": "Plain",
                            "Partial Mode": "Partial",
                            "Parent Relationship": "Outer",
                            "Parallel Aware": false,
                            "Startup Cost": 456406.95,
                            "Total Cost": 456406.96,
                            "Plan Rows": 1,
                            "Plan Width": 8,
                            "Actual Startup Time": 2714.825,
                            "Actual Total Time": 2715.474,
                            "Actual Rows": 1,
                            "Actual Loops": 7,
                            "Output": [
                                "PARTIAL count(*)"
                            ],
                            "Workers": [
                                {
                                    "Worker Number": 0,
                                    "Actual Startup Time": 2712.208,
                                    "Actual Total Time": 2712.221,
                                    "Actual Rows": 1,
                                    "Actual Loops": 1
                                },
                                {
                                    "Worker Number": 1,
                                    "Actual Startup Time": 2712.273,
                                    "Actual Total Time": 2712.279,
                                    "Actual Rows": 1,
                                    "Actual Loops": 1
                                },
                                {
                                    "Worker Number": 2,
                                    "Actual Startup Time": 2712.224,
                                    "Actual Total Time": 2712.229,
                                    "Actual Rows": 1,
                                    "Actual Loops": 1
                                },
                                {
                                    "Worker Number": 3,
                                    "Actual Startup Time": 2712.246,
                                    "Actual Total Time": 2712.251,
                                    "Actual Rows": 1,
                                    "Actual Loops": 1
                                },
                                {
                                    "Worker Number": 4,
                                    "Actual Startup Time": 2712.49,
                                    "Actual Total Time": 2712.495,
                                    "Actual Rows": 1,
                                    "Actual Loops": 1
                                },
                                {
                                    "Worker Number": 5,
                                    "Actual Startup Time": 2715.302,
                                    "Actual Total Time": 2715.307,
                                    "Actual Rows": 1,
                                    "Actual Loops": 1
                                }
                            ],
                            "Plans": [
                                {
                                    "Node Type": "Hash Join",
                                    "Parent Relationship": "Outer",
                                    "Parallel Aware": true,
                                    "Join Type": "Inner",
                                    "Startup Cost": 99165.72,
                                    "Total Cost": 449256.14,
                                    "Plan Rows": 2860322,
                                    "Plan Width": 0,
                                    "Actual Startup Time": 406.819,
                                    "Actual Total Time": 2331.933,
                                    "Actual Rows": 9772548,
                                    "Actual Loops": 7,
                                    "Inner Unique": false,
                                    "Hash Cond": "(ci.movie_id = t.id)",
                                    "Workers": [
                                        {
                                            "Worker Number": 0,
                                            "Actual Startup Time": 404.576,
                                            "Actual Total Time": 2332.079,
                                            "Actual Rows": 9825745,
                                            "Actual Loops": 1
                                        },
                                        {
                                            "Worker Number": 1,
                                            "Actual Startup Time": 404.684,
                                            "Actual Total Time": 2334.267,
                                            "Actual Rows": 9765339,
                                            "Actual Loops": 1
                                        },
                                        {
                                            "Worker Number": 2,
                                            "Actual Startup Time": 404.703,
                                            "Actual Total Time": 2328.162,
                                            "Actual Rows": 9646023,
                                            "Actual Loops": 1
                                        },
                                        {
                                            "Worker Number": 3,
                                            "Actual Startup Time": 404.662,
                                            "Actual Total Time": 2327.659,
                                            "Actual Rows": 9649200,
                                            "Actual Loops": 1
                                        },
                                        {
                                            "Worker Number": 4,
                                            "Actual Startup Time": 404.853,
                                            "Actual Total Time": 2334.677,
                                            "Actual Rows": 9762988,
                                            "Actual Loops": 1
                                        },
                                        {
                                            "Worker Number": 5,
                                            "Actual Startup Time": 404.835,
                                            "Actual Total Time": 2335.007,
                                            "Actual Rows": 9828574,
                                            "Actual Loops": 1
                                        }
                                    ],
                                    "Plans": [
                                        {
                                            "Node Type": "Seq Scan",
                                            "Parent Relationship": "Outer",
                                            "Parallel Aware": true,
                                            "Relation Name": "cast_info",
                                            "Schema": "public",
                                            "Alias": "ci",
                                            "Startup Cost": 0.0,
                                            "Total Cost": 328213.62,
                                            "Plan Rows": 3373321,
                                            "Plan Width": 4,
                                            "Actual Startup Time": 0.037,
                                            "Actual Total Time": 586.481,
                                            "Actual Rows": 2874666,
                                            "Actual Loops": 7,
                                            "Output": [
                                                "ci.id",
                                                "ci.person_id",
                                                "ci.movie_id",
                                                "ci.person_role_id",
                                                "ci.note",
                                                "ci.nr_order",
                                                "ci.role_id"
                                            ],
                                            "Filter": "(ci.role_id < 3)",
                                            "Rows Removed by Filter": 2303098,
                                            "Workers": [
                                                {
                                                    "Worker Number": 0,
                                                    "Actual Startup Time": 0.026,
                                                    "Actual Total Time": 592.044,
                                                    "Actual Rows": 2886813,
                                                    "Actual Loops": 1
                                                },
                                                {
                                                    "Worker Number": 1,
                                                    "Actual Startup Time": 0.028,
                                                    "Actual Total Time": 589.693,
                                                    "Actual Rows": 2856774,
                                                    "Actual Loops": 1
                                                },
                                                {
                                                    "Worker Number": 2,
                                                    "Actual Startup Time": 0.065,
                                                    "Actual Total Time": 596.01,
                                                    "Actual Rows": 2833216,
                                                    "Actual Loops": 1
                                                },
                                                {
                                                    "Worker Number": 3,
                                                    "Actual Startup Time": 0.069,
                                                    "Actual Total Time": 594.664,
                                                    "Actual Rows": 2820482,
                                                    "Actual Loops": 1
                                                },
                                                {
                                                    "Worker Number": 4,
                                                    "Actual Startup Time": 0.025,
                                                    "Actual Total Time": 592.094,
                                                    "Actual Rows": 2878480,
                                                    "Actual Loops": 1
                                                },
                                                {
                                                    "Worker Number": 5,
                                                    "Actual Startup Time": 0.031,
                                                    "Actual Total Time": 593.602,
                                                    "Actual Rows": 2893474,
                                                    "Actual Loops": 1
                                                }
                                            ]
                                        },
                                        {
                                            "Node Type": "Hash",
                                            "Parent Relationship": "Inner",
                                            "Parallel Aware": true,
                                            "Startup Cost": 90521.26,
                                            "Total Cost": 90521.26,
                                            "Plan Rows": 691557,
                                            "Plan Width": 8,
                                            "Actual Startup Time": 402.011,
                                            "Actual Total Time": 402.657,
                                            "Actual Rows": 396035,
                                            "Actual Loops": 7,
                                            "Output": [
                                                "t.id",
                                                "mk.movie_id"
                                            ],
                                            "Hash Buckets": 4194304,
                                            "Original Hash Buckets": 4194304,
                                            "Hash Batches": 1,
                                            "Original Hash Batches": 1,
                                            "Peak Memory Usage": 141312,
                                            "Workers": [
                                                {
                                                    "Worker Number": 0,
                                                    "Actual Startup Time": 403.689,
                                                    "Actual Total Time": 403.701,
                                                    "Actual Rows": 395882,
                                                    "Actual Loops": 1
                                                },
                                                {
                                                    "Worker Number": 1,
                                                    "Actual Startup Time": 403.752,
                                                    "Actual Total Time": 403.756,
                                                    "Actual Rows": 391524,
                                                    "Actual Loops": 1
                                                },
                                                {
                                                    "Worker Number": 2,
                                                    "Actual Startup Time": 403.707,
                                                    "Actual Total Time": 403.71,
                                                    "Actual Rows": 386488,
                                                    "Actual Loops": 1
                                                },
                                                {
                                                    "Worker Number": 3,
                                                    "Actual Startup Time": 403.742,
                                                    "Actual Total Time": 403.746,
                                                    "Actual Rows": 390886,
                                                    "Actual Loops": 1
                                                },
                                                {
                                                    "Worker Number": 4,
                                                    "Actual Startup Time": 403.794,
                                                    "Actual Total Time": 403.797,
                                                    "Actual Rows": 392845,
                                                    "Actual Loops": 1
                                                },
                                                {
                                                    "Worker Number": 5,
                                                    "Actual Startup Time": 403.781,
                                                    "Actual Total Time": 403.785,
                                                    "Actual Rows": 398235,
                                                    "Actual Loops": 1
                                                }
                                            ],
                                            "Plans": [
                                                {
                                                    "Node Type": "Hash Join",
                                                    "Parent Relationship": "Outer",
                                                    "Parallel Aware": true,
                                                    "Join Type": "Inner",
                                                    "Startup Cost": 47643.18,
                                                    "Total Cost": 90521.26,
                                                    "Plan Rows": 691557,
                                                    "Plan Width": 8,
                                                    "Actual Startup Time": 151.701,
                                                    "Actual Total Time": 300.729,
                                                    "Actual Rows": 396035,
                                                    "Actual Loops": 7,
                                                    "Output": [
                                                        "t.id",
                                                        "mk.movie_id"
                                                    ],
                                                    "Inner Unique": true,
                                                    "Hash Cond": "(mk.movie_id = t.id)",
                                                    "Workers": [
                                                        {
                                                            "Worker Number": 0,
                                                            "Actual Startup Time": 151.681,
                                                            "Actual Total Time": 300.275,
                                                            "Actual Rows": 395882,
                                                            "Actual Loops": 1
                                                        },
                                                        {
                                                            "Worker Number": 1,
                                                            "Actual Startup Time": 151.649,
                                                            "Actual Total Time": 300.105,
                                                            "Actual Rows": 391524,
                                                            "Actual Loops": 1
                                                        },
                                                        {
                                                            "Worker Number": 2,
                                                            "Actual Startup Time": 151.632,
                                                            "Actual Total Time": 300.05,
                                                            "Actual Rows": 386488,
                                                            "Actual Loops": 1
                                                        },
                                                        {
                                                            "Worker Number": 3,
                                                            "Actual Startup Time": 151.64,
                                                            "Actual Total Time": 299.378,
                                                            "Actual Rows": 390886,
                                                            "Actual Loops": 1
                                                        },
                                                        {
                                                            "Worker Number": 4,
                                                            "Actual Startup Time": 151.768,
                                                            "Actual Total Time": 299.992,
                                                            "Actual Rows": 392845,
                                                            "Actual Loops": 1
                                                        },
                                                        {
                                                            "Worker Number": 5,
                                                            "Actual Startup Time": 151.788,
                                                            "Actual Total Time": 299.687,
                                                            "Actual Rows": 398235,
                                                            "Actual Loops": 1
                                                        }
                                                    ],
                                                    "Plans": [
                                                        {
                                                            "Node Type": "Seq Scan",
                                                            "Parent Relationship": "Outer",
                                                            "Parallel Aware": true,
                                                            "Relation Name": "movie_keyword",
                                                            "Schema": "public",
                                                            "Alias": "mk",
                                                            "Startup Cost": 0.0,
                                                            "Total Cost": 39047.32,
                                                            "Plan Rows": 1459332,
                                                            "Plan Width": 4,
                                                            "Actual Startup Time": 0.017,
                                                            "Actual Total Time": 53.249,
                                                            "Actual Rows": 646276,
                                                            "Actual Loops": 7,
                                                            "Output": [
                                                                "mk.id",
                                                                "mk.movie_id",
                                                                "mk.keyword_id"
                                                            ],
                                                            "Workers": [
                                                                {
                                                                    "Worker Number": 0,
                                                                    "Actual Startup Time": 0.013,
                                                                    "Actual Total Time": 54.024,
                                                                    "Actual Rows": 647070,
                                                                    "Actual Loops": 1
                                                                },
                                                                {
                                                                    "Worker Number": 1,
                                                                    "Actual Startup Time": 0.013,
                                                                    "Actual Total Time": 53.923,
                                                                    "Actual Rows": 637880,
                                                                    "Actual Loops": 1
                                                                },
                                                                {
                                                                    "Worker Number": 2,
                                                                    "Actual Startup Time": 0.022,
                                                                    "Actual Total Time": 54.616,
                                                                    "Actual Rows": 633810,
                                                                    "Actual Loops": 1
                                                                },
                                                                {
                                                                    "Worker Number": 3,
                                                                    "Actual Startup Time": 0.021,
                                                                    "Actual Total Time": 54.135,
                                                                    "Actual Rows": 631775,
                                                                    "Actual Loops": 1
                                                                },
                                                                {
                                                                    "Worker Number": 4,
                                                                    "Actual Startup Time": 0.021,
                                                                    "Actual Total Time": 53.864,
                                                                    "Actual Rows": 642320,
                                                                    "Actual Loops": 1
                                                                },
                                                                {
                                                                    "Worker Number": 5,
                                                                    "Actual Startup Time": 0.019,
                                                                    "Actual Total Time": 53.754,
                                                                    "Actual Rows": 644910,
                                                                    "Actual Loops": 1
                                                                }
                                                            ]
                                                        },
                                                        {
                                                            "Node Type": "Hash",
                                                            "Parent Relationship": "Inner",
                                                            "Parallel Aware": true,
                                                            "Startup Cost": 43899.01,
                                                            "Total Cost": 43899.01,
                                                            "Plan Rows": 299534,
                                                            "Plan Width": 4,
                                                            "Actual Startup Time": 149.919,
                                                            "Actual Total Time": 149.922,
                                                            "Actual Rows": 170846,
                                                            "Actual Loops": 7,
                                                            "Output": [
                                                                "t.id"
                                                            ],
                                                            "Hash Buckets": 2097152,
                                                            "Original Hash Buckets": 2097152,
                                                            "Hash Batches": 1,
                                                            "Original Hash Batches": 1,
                                                            "Peak Memory Usage": 63264,
                                                            "Workers": [
                                                                {
                                                                    "Worker Number": 0,
                                                                    "Actual Startup Time": 151.552,
                                                                    "Actual Total Time": 151.562,
                                                                    "Actual Rows": 165062,
                                                                    "Actual Loops": 1
                                                                },
                                                                {
                                                                    "Worker Number": 1,
                                                                    "Actual Startup Time": 151.544,
                                                                    "Actual Total Time": 151.546,
                                                                    "Actual Rows": 163251,
                                                                    "Actual Loops": 1
                                                                },
                                                                {
                                                                    "Worker Number": 2,
                                                                    "Actual Startup Time": 151.347,
                                                                    "Actual Total Time": 151.348,
                                                                    "Actual Rows": 146572,
                                                                    "Actual Loops": 1
                                                                },
                                                                {
                                                                    "Worker Number": 3,
                                                                    "Actual Startup Time": 151.386,
                                                                    "Actual Total Time": 151.387,
                                                                    "Actual Rows": 143485,
                                                                    "Actual Loops": 1
                                                                },
                                                                {
                                                                    "Worker Number": 4,
                                                                    "Actual Startup Time": 151.493,
                                                                    "Actual Total Time": 151.494,
                                                                    "Actual Rows": 161063,
                                                                    "Actual Loops": 1
                                                                },
                                                                {
                                                                    "Worker Number": 5,
                                                                    "Actual Startup Time": 151.524,
                                                                    "Actual Total Time": 151.525,
                                                                    "Actual Rows": 161597,
                                                                    "Actual Loops": 1
                                                                }
                                                            ],
                                                            "Plans": [
                                                                {
                                                                    "Node Type": "Seq Scan",
                                                                    "Parent Relationship": "Outer",
                                                                    "Parallel Aware": true,
                                                                    "Relation Name": "title",
                                                                    "Schema": "public",
                                                                    "Alias": "t",
                                                                    "Startup Cost": 0.0,
                                                                    "Total Cost": 43899.01,
                                                                    "Plan Rows": 299534,
                                                                    "Plan Width": 4,
                                                                    "Actual Startup Time": 0.046,
                                                                    "Actual Total Time": 71.659,
                                                                    "Actual Rows": 170846,
                                                                    "Actual Loops": 7,
                                                                    "Output": [
                                                                        "t.id"
                                                                    ],
                                                                    "Filter": "(t.production_year < 2003)",
                                                                    "Rows Removed by Filter": 190341,
                                                                    "Workers": [
                                                                        {
                                                                            "Worker Number": 0,
                                                                            "Actual Startup Time": 0.052,
                                                                            "Actual Total Time": 74.217,
                                                                            "Actual Rows": 165062,
                                                                            "Actual Loops": 1
                                                                        },
                                                                        {
                                                                            "Worker Number": 1,
                                                                            "Actual Startup Time": 0.03,
                                                                            "Actual Total Time": 73.83,
                                                                            "Actual Rows": 163251,
                                                                            "Actual Loops": 1
                                                                        },
                                                                        {
                                                                            "Worker Number": 2,
                                                                            "Actual Startup Time": 0.058,
                                                                            "Actual Total Time": 72.407,
                                                                            "Actual Rows": 146572,
                                                                            "Actual Loops": 1
                                                                        },
                                                                        {
                                                                            "Worker Number": 3,
                                                                            "Actual Startup Time": 0.075,
                                                                            "Actual Total Time": 72.017,
                                                                            "Actual Rows": 143485,
                                                                            "Actual Loops": 1
                                                                        },
                                                                        {
                                                                            "Worker Number": 4,
                                                                            "Actual Startup Time": 0.049,
                                                                            "Actual Total Time": 73.318,
                                                                            "Actual Rows": 161063,
                                                                            "Actual Loops": 1
                                                                        },
                                                                        {
                                                                            "Worker Number": 5,
                                                                            "Actual Startup Time": 0.045,
                                                                            "Actual Total Time": 73.087,
                                                                            "Actual Rows": 161597,
                                                                            "Actual Loops": 1
                                                                        }
                                                                    ]
                                                                }
                                                            ]
                                                        }
                                                    ]
                                                }
                                            ]
                                        }
                                    ]
                                }
                            ]
                        }
                    ]
                }
            ]
        },
        "Planning Time": 180.12,
        "Triggers": [],
        "Execution Time": 2796.102
    }
]