[
    {
        "Bao": {
            "Bao prediction": 1216.49,
            "Bao recommended hint": "(no hint)"
        }
    },
    {
        "Plan": {
            "Node Type": "Aggregate",
            "Strategy": "Plain",
            "Partial Mode": "Finalize",
            "Parallel Aware": false,
            "Startup Cost": 95247.63,
            "Total Cost": 95247.64,
            "Plan Rows": 1,
            "Plan Width": 8,
            "Actual Startup Time": 415.368,
            "Actual Total Time": 427.677,
            "Actual Rows": 1,
            "Actual Loops": 1,
            "Output": [
                "count(*)"
            ],
            "Plans": [
                {
                    "Node Type": "Gather",
                    "Parent Relationship": "Outer",
                    "Parallel Aware": false,
                    "Startup Cost": 95247.42,
                    "Total Cost": 95247.63,
                    "Plan Rows": 2,
                    "Plan Width": 8,
                    "Actual Startup Time": 413.685,
                    "Actual Total Time": 427.668,
                    "Actual Rows": 3,
                    "Actual Loops": 1,
                    "Output": [
                        "(PARTIAL count(*))"
                    ],
                    "Workers Planned": 2,
                    "Workers Launched": 2,
                    "Single Copy": false,
                    "Plans": [
                        {
                            "Node Type": "Aggregate",
                            "Strategy": "Plain",
                            "Partial Mode": "Partial",
                            "Parent Relationship": "Outer",
                            "Parallel Aware": false,
                            "Startup Cost": 94247.42,
                            "Total Cost": 94247.43,
                            "Plan Rows": 1,
                            "Plan Width": 8,
                            "Actual Startup Time": 406.491,
                            "Actual Total Time": 406.665,
                            "Actual Rows": 1,
                            "Actual Loops": 3,
                            "Output": [
                                "PARTIAL count(*)"
                            ],
                            "Workers": [
                                {
                                    "Worker Number": 0,
                                    "Actual Startup Time": 402.912,
                                    "Actual Total Time": 402.917,
                                    "Actual Rows": 1,
                                    "Actual Loops": 1
                                },
                                {
                                    "Worker Number": 1,
                                    "Actual Startup Time": 403.564,
                                    "Actual Total Time": 403.57,
                                    "Actual Rows": 1,
                                    "Actual Loops": 1
                                }
                            ],
                            "Plans": [
                                {
                                    "Node Type": "Hash Join",
                                    "Parent Relationship": "Outer",
                                    "Parallel Aware": true,
                                    "Join Type": "Inner",
                                    "Startup Cost": 78268.72,
                                    "Total Cost": 94178.79,
                                    "Plan Rows": 27449,
                                    "Plan Width": 0,
                                    "Actual Startup Time": 306.085,
                                    "Actual Total Time": 404.244,
                                    "Actual Rows": 42264,
                                    "Actual Loops": 3,
                                    "Inner Unique": false,
                                    "Hash Cond": "(mi_idx.movie_id = t.id)",
                                    "Workers": [
                                        {
                                            "Worker Number": 0,
                                            "Actual Startup Time": 302.53,
                                            "Actual Total Time": 400.466,
                                            "Actual Rows": 33385,
                                            "Actual Loops": 1
                                        },
                                        {
                                            "Worker Number": 1,
                                            "Actual Startup Time": 303.027,
                                            "Actual Total Time": 401.056,
                                            "Actual Rows": 34394,
                                            "Actual Loops": 1
                                        }
                                    ],
                                    "Plans": [
                                        {
                                            "Node Type": "Seq Scan",
                                            "Parent Relationship": "Outer",
                                            "Parallel Aware": true,
                                            "Relation Name": "movie_info_idx",
                                            "Schema": "public",
                                            "Alias": "mi_idx",
                                            "Startup Cost": 0.0,
                                            "Total Cost": 13685.15,
                                            "Plan Rows": 575015,
                                            "Plan Width": 4,
                                            "Actual Startup Time": 0.026,
                                            "Actual Total Time": 43.064,
                                            "Actual Rows": 460012,
                                            "Actual Loops": 3,
                                            "Output": [
                                                "mi_idx.id",
                                                "mi_idx.movie_id",
                                                "mi_idx.info_type_id",
                                                "mi_idx.info",
                                                "mi_idx.note"
                                            ],
                                            "Workers": [
                                                {
                                                    "Worker Number": 0,
                                                    "Actual Startup Time": 0.033,
                                                    "Actual Total Time": 43.365,
                                                    "Actual Rows": 364574,
                                                    "Actual Loops": 1
                                                },
                                                {
                                                    "Worker Number": 1,
                                                    "Actual Startup Time": 0.035,
                                                    "Actual Total Time": 44.35,
                                                    "Actual Rows": 371008,
                                                    "Actual Loops": 1
                                                }
                                            ]
                                        },
                                        {
                                            "Node Type": "Hash",
                                            "Parent Relationship": "Inner",
                                            "Parallel Aware": true,
                                            "Startup Cost": 77891.55,
                                            "Total Cost": 77891.55,
                                            "Plan Rows": 30174,
                                            "Plan Width": 8,
                                            "Actual Startup Time": 304.086,
                                            "Actual Total Time": 304.258,
                                            "Actual Rows": 26770,
                                            "Actual Loops": 3,
                                            "Output": [
                                                "t.id",
                                                "mc.movie_id"
                                            ],
                                            "Hash Buckets": 131072,
                                            "Original Hash Buckets": 131072,
                                            "Hash Batches": 1,
                                            "Original Hash Batches": 1,
                                            "Peak Memory Usage": 4224,
                                            "Workers": [
                                                {
                                                    "Worker Number": 0,
                                                    "Actual Startup Time": 301.814,
                                                    "Actual Total Time": 301.817,
                                                    "Actual Rows": 21443,
                                                    "Actual Loops": 1
                                                },
                                                {
                                                    "Worker Number": 1,
                                                    "Actual Startup Time": 302.038,
                                                    "Actual Total Time": 302.042,
                                                    "Actual Rows": 21990,
                                                    "Actual Loops": 1
                                                }
                                            ],
                                            "Plans": [
                                                {
                                                    "Node Type": "Hash Join",
                                                    "Parent Relationship": "Outer",
                                                    "Parallel Aware": true,
                                                    "Join Type": "Inner",
                                                    "Startup Cost": 32650.86,
                                                    "Total Cost": 77891.55,
                                                    "Plan Rows": 30174,
                                                    "Plan Width": 8,
                                                    "Actual Startup Time": 121.681,
                                                    "Actual Total Time": 293.772,
                                                    "Actual Rows": 26770,
                                                    "Actual Loops": 3,
                                                    "Output": [
                                                        "t.id",
                                                        "mc.movie_id"
                                                    ],
                                                    "Inner Unique": false,
                                                    "Hash Cond": "(t.id = mc.movie_id)",
                                                    "Workers": [
                                                        {
                                                            "Worker Number": 0,
                                                            "Actual Startup Time": 119.365,
                                                            "Actual Total Time": 292.05,
                                                            "Actual Rows": 21443,
                                                            "Actual Loops": 1
                                                        },
                                                        {
                                                            "Worker Number": 1,
                                                            "Actual Startup Time": 119.692,
                                                            "Actual Total Time": 291.99,
                                                            "Actual Rows": 21990,
                                                            "Actual Loops": 1
                                                        }
                                                    ],
                                                    "Plans": [
                                                        {
                                                            "Node Type": "Seq Scan",
                                                            "Parent Relationship": "Outer",
                                                            "Parallel Aware": true,
                                                            "Relation Name": "title",
                                                            "Schema": "public",
                                                            "Alias": "t",
                                                            "Startup Cost": 0.0,
                                                            "Total Cost": 43899.01,
                                                            "Plan Rows": 248871,
                                                            "Plan Width": 4,
                                                            "Actual Startup Time": 0.015,
                                                            "Actual Total Time": 111.94,
                                                            "Actual Rows": 328349,
                                                            "Actual Loops": 3,
                                                            "Output": [
                                                                "t.id",
                                                                "t.title",
                                                                "t.imdb_index",
                                                                "t.kind_id",
                                                                "t.production_year",
                                                                "t.imdb_id",
                                                                "t.phonetic_code",
                                                                "t.episode_of_id",
                                                                "t.season_nr",
                                                                "t.episode_nr",
                                                                "t.series_years",
                                                                "t.md5sum"
                                                            ],
                                                            "Filter": "(t.kind_id < 7)",
                                                            "Rows Removed by Filter": 514421,
                                                            "Workers": [
                                                                {
                                                                    "Worker Number": 0,
                                                                    "Actual Startup Time": 0.017,
                                                                    "Actual Total Time": 112.847,
                                                                    "Actual Rows": 264293,
                                                                    "Actual Loops": 1
                                                                },
                                                                {
                                                                    "Worker Number": 1,
                                                                    "Actual Startup Time": 0.02,
                                                                    "Actual Total Time": 114.981,
                                                                    "Actual Rows": 273182,
                                                                    "Actual Loops": 1
                                                                }
                                                            ]
                                                        },
                                                        {
                                                            "Node Type": "Hash",
                                                            "Parent Relationship": "Inner",
                                                            "Parallel Aware": true,
                                                            "Startup Cost": 31414.82,
                                                            "Total Cost": 31414.82,
                                                            "Plan Rows": 98883,
                                                            "Plan Width": 4,
                                                            "Actual Startup Time": 118.778,
                                                            "Actual Total Time": 118.779,
                                                            "Actual Rows": 56460,
                                                            "Actual Loops": 3,
                                                            "Output": [
                                                                "mc.movie_id"
                                                            ],
                                                            "Hash Buckets": 524288,
                                                            "Original Hash Buckets": 524288,
                                                            "Hash Batches": 1,
                                                            "Original Hash Batches": 1,
                                                            "Peak Memory Usage": 10752,
                                                            "Workers": [
                                                                {
                                                                    "Worker Number": 0,
                                                                    "Actual Startup Time": 119.241,
                                                                    "Actual Total Time": 119.242,
                                                                    "Actual Rows": 45608,
                                                                    "Actual Loops": 1
                                                                },
                                                                {
                                                                    "Worker Number": 1,
                                                                    "Actual Startup Time": 119.547,
                                                                    "Actual Total Time": 119.548,
                                                                    "Actual Rows": 47093,
                                                                    "Actual Loops": 1
                                                                }
                                                            ],
                                                            "Plans": [
                                                                {
                                                                    "Node Type": "Seq Scan",
                                                                    "Parent Relationship": "Outer",
                                                                    "Parallel Aware": true,
                                                                    "Relation Name": "movie_companies",
                                                                    "Schema": "public",
                                                                    "Alias": "mc",
                                                                    "Startup Cost": 0.0,
                                                                    "Total Cost": 31414.82,
                                                                    "Plan Rows": 98883,
                                                                    "Plan Width": 4,
                                                                    "Actual Startup Time": 56.217,
                                                                    "Actual Total Time": 100.136,
                                                                    "Actual Rows": 56460,
                                                                    "Actual Loops": 3,
                                                                    "Output": [
                                                                        "mc.movie_id"
                                                                    ],
                                                                    "Filter": "((mc.company_id < 689) AND (mc.company_type_id > 1))",
                                                                    "Rows Removed by Filter": 813249,
                                                                    "Workers": [
                                                                        {
                                                                            "Worker Number": 0,
                                                                            "Actual Startup Time": 56.192,
                                                                            "Actual Total Time": 99.87,
                                                                            "Actual Rows": 45608,
                                                                            "Actual Loops": 1
                                                                        },
                                                                        {
                                                                            "Worker Number": 1,
                                                                            "Actual Startup Time": 56.189,
                                                                            "Actual Total Time": 101.062,
                                                                            "Actual Rows": 47093,
                                                                            "Actual Loops": 1
                                                                        }
                                                                    ]
                                                                }
                                                            ]
                                                        }
                                                    ]
                                                }
                                            ]
                                        }
                                    ]
                                }
                            ]
                        }
                    ]
                }
            ]
        },
        "Planning Time": 998.393,
        "Triggers": [],
        "Execution Time": 427.791
    }
]