{
  "Plan": {
    "Node Type": "Aggregate",
    "Strategy": "Plain",
    "Partial Mode": "Finalize",
    "Parallel Aware": false,
    "Startup Cost": 665586.52,
    "Total Cost": 665586.53,
    "Plan Rows": 1,
    "Plan Width": 8,
    "Actual Startup Time": 4506.582,
    "Actual Total Time": 4561.676,
    "Actual Rows": 1,
    "Actual Loops": 1,
    "Plans": [
      {
        "Node Type": "Gather",
        "Parent Relationship": "Outer",
        "Parallel Aware": false,
        "Startup Cost": 665586.41,
        "Total Cost": 665586.52,
        "Plan Rows": 1,
        "Plan Width": 8,
        "Actual Startup Time": 4504.84,
        "Actual Total Time": 4561.665,
        "Actual Rows": 2,
        "Actual Loops": 1,
        "Workers Planned": 1,
        "Workers Launched": 1,
        "Single Copy": false,
        "Plans": [
          {
            "Node Type": "Aggregate",
            "Strategy": "Plain",
            "Partial Mode": "Partial",
            "Parent Relationship": "Outer",
            "Parallel Aware": false,
            "Startup Cost": 664586.41,
            "Total Cost": 664586.42,
            "Plan Rows": 1,
            "Plan Width": 8,
            "Actual Startup Time": 4499.247,
            "Actual Total Time": 4499.251,
            "Actual Rows": 1,
            "Actual Loops": 2,
            "Plans": [
              {
                "Node Type": "Hash Join",
                "Parent Relationship": "Outer",
                "Parallel Aware": true,
                "Join Type": "Inner",
                "Startup Cost": 58834.3,
                "Total Cost": 658618.2,
                "Plan Rows": 2387285,
                "Plan Width": 0,
                "Actual Startup Time": 294.885,
                "Actual Total Time": 4390.849,
                "Actual Rows": 2401078,
                "Actual Loops": 2,
                "Inner Unique": true,
                "Hash Cond": "(ci.movie_id = t.id)",
                "Plans": [
                  {
                    "Node Type": "Seq Scan",
                    "Parent Relationship": "Outer",
                    "Parallel Aware": true,
                    "Relation Name": "cast_info",
                    "Alias": "ci",
                    "Startup Cost": 0.0,
                    "Total Cost": 572345.93,
                    "Plan Rows": 10452541,
                    "Plan Width": 4,
                    "Actual Startup Time": 0.022,
                    "Actual Total Time": 1979.219,
                    "Actual Rows": 10697482,
                    "Actual Loops": 2,
                    "Filter": "((person_id < 2475147) AND (role_id < 5))",
                    "Rows Removed by Filter": 7424690
                  },
                  {
                    "Node Type": "Hash",
                    "Parent Relationship": "Inner",
                    "Parallel Aware": true,
                    "Startup Cost": 54588.39,
                    "Total Cost": 54588.39,
                    "Plan Rows": 339673,
                    "Plan Width": 4,
                    "Actual Startup Time": 285.649,
                    "Actual Total Time": 285.651,
                    "Actual Rows": 292510,
                    "Actual Loops": 2,
                    "Hash Buckets": 1048576,
                    "Original Hash Buckets": 1048576,
                    "Hash Batches": 1,
                    "Original Hash Batches": 1,
                    "Peak Memory Usage": 31104,
                    "Plans": [
                      {
                        "Node Type": "Seq Scan",
                        "Parent Relationship": "Outer",
                        "Parallel Aware": true,
                        "Relation Name": "title",
                        "Alias": "t",
                        "Startup Cost": 0.0,
                        "Total Cost": 54588.39,
                        "Plan Rows": 339673,
                        "Plan Width": 4,
                        "Actual Startup Time": 0.048,
                        "Actual Total Time": 177.08,
                        "Actual Rows": 292510,
                        "Actual Loops": 2,
                        "Filter": "(production_year < 1985)",
                        "Rows Removed by Filter": 971646
                      }
                    ]
                  }
                ]
              }
            ]
          }
        ]
      }
    ]
  },
  "Planning Time": 0.546,
  "Triggers": [],
  "Execution Time": 4561.752
}