{
    "Plan": {
        "Node Type": "Aggregate",
        "Strategy": "Plain",
        "Partial Mode": "Finalize",
        "Parallel Aware": false,
        "Startup Cost": 82465.48,
        "Total Cost": 82465.49,
        "Plan Rows": 1,
        "Plan Width": 8,
        "Actual Startup Time": 409.792,
        "Actual Total Time": 426.067,
        "Actual Rows": 1,
        "Actual Loops": 1,
        "Output": [
            "count(*)"
        ],
        "Plans": [
            {
                "Node Type": "Gather",
                "Parent Relationship": "Outer",
                "Parallel Aware": false,
                "Startup Cost": 82465.06,
                "Total Cost": 82465.47,
                "Plan Rows": 4,
                "Plan Width": 8,
                "Actual Startup Time": 395.717,
                "Actual Total Time": 426.055,
                "Actual Rows": 5,
                "Actual Loops": 1,
                "Output": [
                    "(PARTIAL count(*))"
                ],
                "Workers Planned": 4,
                "Workers Launched": 4,
                "Single Copy": false,
                "Plans": [
                    {
                        "Node Type": "Aggregate",
                        "Strategy": "Plain",
                        "Partial Mode": "Partial",
                        "Parent Relationship": "Outer",
                        "Parallel Aware": false,
                        "Startup Cost": 81465.06,
                        "Total Cost": 81465.07,
                        "Plan Rows": 1,
                        "Plan Width": 8,
                        "Actual Startup Time": 382.665,
                        "Actual Total Time": 382.669,
                        "Actual Rows": 1,
                        "Actual Loops": 5,
                        "Output": [
                            "PARTIAL count(*)"
                        ],
                        "Workers": [
                            {
                                "Worker Number": 0,
                                "Actual Startup Time": 379.298,
                                "Actual Total Time": 379.301,
                                "Actual Rows": 1,
                                "Actual Loops": 1
                            },
                            {
                                "Worker Number": 1,
                                "Actual Startup Time": 379.232,
                                "Actual Total Time": 379.236,
                                "Actual Rows": 1,
                                "Actual Loops": 1
                            },
                            {
                                "Worker Number": 2,
                                "Actual Startup Time": 379.168,
                                "Actual Total Time": 379.17,
                                "Actual Rows": 1,
                                "Actual Loops": 1
                            },
                            {
                                "Worker Number": 3,
                                "Actual Startup Time": 380.709,
                                "Actual Total Time": 380.713,
                                "Actual Rows": 1,
                                "Actual Loops": 1
                            }
                        ],
                        "Plans": [
                            {
                                "Node Type": "Hash Join",
                                "Parent Relationship": "Outer",
                                "Parallel Aware": true,
                                "Join Type": "Inner",
                                "Startup Cost": 49702.6,
                                "Total Cost": 81327.58,
                                "Plan Rows": 54993,
                                "Plan Width": 0,
                                "Actual Startup Time": 249.526,
                                "Actual Total Time": 377.411,
                                "Actual Rows": 106723,
                                "Actual Loops": 5,
                                "Inner Unique": true,
                                "Hash Cond": "(ci.movie_id = t.id)",
                                "Workers": [
                                    {
                                        "Worker Number": 0,
                                        "Actual Startup Time": 246.222,
                                        "Actual Total Time": 373.373,
                                        "Actual Rows": 81985,
                                        "Actual Loops": 1
                                    },
                                    {
                                        "Worker Number": 1,
                                        "Actual Startup Time": 246.342,
                                        "Actual Total Time": 374.081,
                                        "Actual Rows": 116094,
                                        "Actual Loops": 1
                                    },
                                    {
                                        "Worker Number": 2,
                                        "Actual Startup Time": 246.254,
                                        "Actual Total Time": 374.079,
                                        "Actual Rows": 114631,
                                        "Actual Loops": 1
                                    },
                                    {
                                        "Worker Number": 3,
                                        "Actual Startup Time": 246.728,
                                        "Actual Total Time": 375.908,
                                        "Actual Rows": 104246,
                                        "Actual Loops": 1
                                    }
                                ],
                                "Plans": [
                                    {
                                        "Node Type": "Index Scan",
                                        "Parent Relationship": "Outer",
                                        "Parallel Aware": true,
                                        "Scan Direction": "Forward",
                                        "Index Name": "role_id_cast_info",
                                        "Relation Name": "cast_info",
                                        "Schema": "public",
                                        "Alias": "ci",
                                        "Startup Cost": 0.56,
                                        "Total Cost": 31429.0,
                                        "Plan Rows": 74874,
                                        "Plan Width": 4,
                                        "Actual Startup Time": 0.136,
                                        "Actual Total Time": 50.611,
                                        "Actual Rows": 161891,
                                        "Actual Loops": 5,
                                        "Output": [
                                            "ci.id",
                                            "ci.person_id",
                                            "ci.movie_id",
                                            "ci.person_role_id",
                                            "ci.note",
                                            "ci.nr_order",
                                            "ci.role_id"
                                        ],
                                        "Index Cond": "(ci.role_id = 9)",
                                        "Rows Removed by Index Recheck": 0,
                                        "Filter": "(ci.person_id > 2742008)",
                                        "Rows Removed by Filter": 56821,
                                        "Workers": [
                                            {
                                                "Worker Number": 0,
                                                "Actual Startup Time": 0.165,
                                                "Actual Total Time": 56.192,
                                                "Actual Rows": 124656,
                                                "Actual Loops": 1
                                            },
                                            {
                                                "Worker Number": 1,
                                                "Actual Startup Time": 0.191,
                                                "Actual Total Time": 52.405,
                                                "Actual Rows": 174942,
                                                "Actual Loops": 1
                                            },
                                            {
                                                "Worker Number": 2,
                                                "Actual Startup Time": 0.08,
                                                "Actual Total Time": 51.728,
                                                "Actual Rows": 173536,
                                                "Actual Loops": 1
                                            },
                                            {
                                                "Worker Number": 3,
                                                "Actual Startup Time": 0.103,
                                                "Actual Total Time": 50.755,
                                                "Actual Rows": 157369,
                                                "Actual Loops": 1
                                            }
                                        ]
                                    },
                                    {
                                        "Node Type": "Hash",
                                        "Parent Relationship": "Inner",
                                        "Parallel Aware": true,
                                        "Startup Cost": 43899.01,
                                        "Total Cost": 43899.01,
                                        "Plan Rows": 464242,
                                        "Plan Width": 4,
                                        "Actual Startup Time": 243.102,
                                        "Actual Total Time": 243.103,
                                        "Actual Rows": 373097,
                                        "Actual Loops": 5,
                                        "Output": [
                                            "t.id"
                                        ],
                                        "Hash Buckets": 2097152,
                                        "Original Hash Buckets": 2097152,
                                        "Hash Batches": 1,
                                        "Original Hash Batches": 1,
                                        "Peak Memory Usage": 89472,
                                        "Workers": [
                                            {
                                                "Worker Number": 0,
                                                "Actual Startup Time": 245.668,
                                                "Actual Total Time": 245.669,
                                                "Actual Rows": 286326,
                                                "Actual Loops": 1
                                            },
                                            {
                                                "Worker Number": 1,
                                                "Actual Startup Time": 245.594,
                                                "Actual Total Time": 245.595,
                                                "Actual Rows": 387898,
                                                "Actual Loops": 1
                                            },
                                            {
                                                "Worker Number": 2,
                                                "Actual Startup Time": 245.573,
                                                "Actual Total Time": 245.574,
                                                "Actual Rows": 382903,
                                                "Actual Loops": 1
                                            },
                                            {
                                                "Worker Number": 3,
                                                "Actual Startup Time": 246.047,
                                                "Actual Total Time": 246.048,
                                                "Actual Rows": 350056,
                                                "Actual Loops": 1
                                            }
                                        ],
                                        "Plans": [
                                            {
                                                "Node Type": "Seq Scan",
                                                "Parent Relationship": "Outer",
                                                "Parallel Aware": true,
                                                "Relation Name": "title",
                                                "Schema": "public",
                                                "Alias": "t",
                                                "Startup Cost": 0.0,
                                                "Total Cost": 43899.01,
                                                "Plan Rows": 464242,
                                                "Plan Width": 4,
                                                "Actual Startup Time": 0.061,
                                                "Actual Total Time": 98.709,
                                                "Actual Rows": 373097,
                                                "Actual Loops": 5,
                                                "Output": [
                                                    "t.id"
                                                ],
                                                "Filter": "(t.kind_id > 1)",
                                                "Rows Removed by Filter": 132565,
                                                "Workers": [
                                                    {
                                                        "Worker Number": 0,
                                                        "Actual Startup Time": 0.074,
                                                        "Actual Total Time": 105.638,
                                                        "Actual Rows": 286326,
                                                        "Actual Loops": 1
                                                    },
                                                    {
                                                        "Worker Number": 1,
                                                        "Actual Startup Time": 0.072,
                                                        "Actual Total Time": 101.562,
                                                        "Actual Rows": 387898,
                                                        "Actual Loops": 1
                                                    },
                                                    {
                                                        "Worker Number": 2,
                                                        "Actual Startup Time": 0.072,
                                                        "Actual Total Time": 100.77,
                                                        "Actual Rows": 382903,
                                                        "Actual Loops": 1
                                                    },
                                                    {
                                                        "Worker Number": 3,
                                                        "Actual Startup Time": 0.066,
                                                        "Actual Total Time": 100.605,
                                                        "Actual Rows": 350056,
                                                        "Actual Loops": 1
                                                    }
                                                ]
                                            }
                                        ]
                                    }
                                ]
                            }
                        ]
                    }
                ]
            }
        ]
    },
    "Planning Time": 0.833,
    "Triggers": [],
    "Execution Time": 426.16
}