[
  {
    "Plan": {
      "Node Type": "Aggregate",
      "Strategy": "Plain",
      "Partial Mode": "Finalize",
      "Parallel Aware": false,
      "Startup Cost": 32628.67,
      "Total Cost": 32628.68,
      "Plan Rows": 1,
      "Plan Width": 8,
      "Actual Startup Time": 75.943,
      "Actual Total Time": 84.746,
      "Actual Rows": 1,
      "Actual Loops": 1,
      "Plans": [
        {
          "Node Type": "Gather",
          "Parent Relationship": "Outer",
          "Parallel Aware": false,
          "Startup Cost": 32628.35,
          "Total Cost": 32628.66,
          "Plan Rows": 3,
          "Plan Width": 8,
          "Actual Startup Time": 75.807,
          "Actual Total Time": 84.739,
          "Actual Rows": 4,
          "Actual Loops": 1,
          "Workers Planned": 3,
          "Workers Launched": 3,
          "Single Copy": false,
          "Plans": [
            {
              "Node Type": "Aggregate",
              "Strategy": "Plain",
              "Partial Mode": "Partial",
              "Parent Relationship": "Outer",
              "Parallel Aware": false,
              "Startup Cost": 31628.35,
              "Total Cost": 31628.36,
              "Plan Rows": 1,
              "Plan Width": 8,
              "Actual Startup Time": 71.01,
              "Actual Total Time": 71.011,
              "Actual Rows": 1,
              "Actual Loops": 4,
              "Plans": [
                {
                  "Node Type": "Seq Scan",
                  "Parent Relationship": "Outer",
                  "Parallel Aware": true,
                  "Relation Name": "movie_companies",
                  "Alias": "mc",
                  "Startup Cost": 0.0,
                  "Total Cost": 31414.82,
                  "Plan Rows": 85413,
                  "Plan Width": 0,
                  "Actual Startup Time": 42.502,
                  "Actual Total Time": 69.495,
                  "Actual Rows": 34238,
                  "Actual Loops": 4,
                  "Filter": "((company_id < 474) AND (company_type_id = 2))",
                  "Rows Removed by Filter": 618044
                }
              ]
            }
          ]
        }
      ]
    },
    "Planning Time": 0.185,
    "Triggers": [],
    "Execution Time": 84.795
  }
]