{
  "Plan": {
    "Node Type": "Aggregate",
    "Strategy": "Plain",
    "Partial Mode": "Finalize",
    "Parallel Aware": false,
    "Startup Cost": 142731.9,
    "Total Cost": 142731.91,
    "Plan Rows": 1,
    "Plan Width": 8,
    "Actual Startup Time": 230.456,
    "Actual Total Time": 262.571,
    "Actual Rows": 1,
    "Actual Loops": 1,
    "Plans": [
      {
        "Node Type": "Gather",
        "Parent Relationship": "Outer",
        "Parallel Aware": false,
        "Startup Cost": 142731.79,
        "Total Cost": 142731.9,
        "Plan Rows": 1,
        "Plan Width": 8,
        "Actual Startup Time": 230.241,
        "Actual Total Time": 262.564,
        "Actual Rows": 2,
        "Actual Loops": 1,
        "Workers Planned": 1,
        "Workers Launched": 1,
        "Single Copy": false,
        "Plans": [
          {
            "Node Type": "Aggregate",
            "Strategy": "Plain",
            "Partial Mode": "Partial",
            "Parent Relationship": "Outer",
            "Parallel Aware": false,
            "Startup Cost": 141731.79,
            "Total Cost": 141731.8,
            "Plan Rows": 1,
            "Plan Width": 8,
            "Actual Startup Time": 224.426,
            "Actual Total Time": 224.428,
            "Actual Rows": 1,
            "Actual Loops": 2,
            "Plans": [
              {
                "Node Type": "Nested Loop",
                "Parent Relationship": "Outer",
                "Parallel Aware": false,
                "Join Type": "Inner",
                "Startup Cost": 0.56,
                "Total Cost": 141729.46,
                "Plan Rows": 931,
                "Plan Width": 0,
                "Actual Startup Time": 2.268,
                "Actual Total Time": 223.919,
                "Actual Rows": 5242,
                "Actual Loops": 2,
                "Inner Unique": false,
                "Plans": [
                  {
                    "Node Type": "Seq Scan",
                    "Parent Relationship": "Outer",
                    "Parallel Aware": true,
                    "Relation Name": "title",
                    "Alias": "t",
                    "Startup Cost": 0.0,
                    "Total Cost": 58306.47,
                    "Plan Rows": 582,
                    "Plan Width": 4,
                    "Actual Startup Time": 1.881,
                    "Actual Total Time": 152.511,
                    "Actual Rows": 1679,
                    "Actual Loops": 2,
                    "Filter": "((kind_id < 4) AND (production_year > 2013))",
                    "Rows Removed by Filter": 1262477
                  },
                  {
                    "Node Type": "Index Scan",
                    "Parent Relationship": "Inner",
                    "Parallel Aware": false,
                    "Scan Direction": "Forward",
                    "Index Name": "movie_id_cast_info",
                    "Relation Name": "cast_info",
                    "Alias": "ci",
                    "Startup Cost": 0.56,
                    "Total Cost": 143.3,
                    "Plan Rows": 4,
                    "Plan Width": 4,
                    "Actual Startup Time": 0.024,
                    "Actual Total Time": 0.042,
                    "Actual Rows": 3,
                    "Actual Loops": 3358,
                    "Index Cond": "(movie_id = t.id)",
                    "Rows Removed by Index Recheck": 0,
                    "Filter": "(role_id = 3)",
                    "Rows Removed by Filter": 9
                  }
                ]
              }
            ]
          }
        ]
      }
    ]
  },
  "Planning Time": 0.492,
  "Triggers": [],
  "Execution Time": 262.637
}