[
  {
    "Plan": {
      "Node Type": "Aggregate",
      "Strategy": "Plain",
      "Partial Mode": "Finalize",
      "Parallel Aware": false,
      "Startup Cost": 191173.94,
      "Total Cost": 191173.95,
      "Plan Rows": 1,
      "Plan Width": 8,
      "Actual Startup Time": 128.638,
      "Actual Total Time": 148.775,
      "Actual Rows": 1,
      "Actual Loops": 1,
      "Plans": [
        {
          "Node Type": "Gather",
          "Parent Relationship": "Outer",
          "Parallel Aware": false,
          "Startup Cost": 191173.52,
          "Total Cost": 191173.93,
          "Plan Rows": 4,
          "Plan Width": 8,
          "Actual Startup Time": 128.504,
          "Actual Total Time": 148.766,
          "Actual Rows": 5,
          "Actual Loops": 1,
          "Workers Planned": 4,
          "Workers Launched": 4,
          "Single Copy": false,
          "Plans": [
            {
              "Node Type": "Aggregate",
              "Strategy": "Plain",
              "Partial Mode": "Partial",
              "Parent Relationship": "Outer",
              "Parallel Aware": false,
              "Startup Cost": 190173.52,
              "Total Cost": 190173.53,
              "Plan Rows": 1,
              "Plan Width": 8,
              "Actual Startup Time": 118.627,
              "Actual Total Time": 118.628,
              "Actual Rows": 1,
              "Actual Loops": 5,
              "Plans": [
                {
                  "Node Type": "Nested Loop",
                  "Parent Relationship": "Outer",
                  "Parallel Aware": false,
                  "Join Type": "Inner",
                  "Startup Cost": 0.43,
                  "Total Cost": 190170.57,
                  "Plan Rows": 1183,
                  "Plan Width": 0,
                  "Actual Startup Time": 2.324,
                  "Actual Total Time": 118.395,
                  "Actual Rows": 1893,
                  "Actual Loops": 5,
                  "Inner Unique": false,
                  "Plans": [
                    {
                      "Node Type": "Seq Scan",
                      "Parent Relationship": "Outer",
                      "Parallel Aware": true,
                      "Relation Name": "title",
                      "Alias": "t",
                      "Startup Cost": 0.0,
                      "Total Cost": 45479.1,
                      "Plan Rows": 1454,
                      "Plan Width": 4,
                      "Actual Startup Time": 2.111,
                      "Actual Total Time": 76.963,
                      "Actual Rows": 1183,
                      "Actual Loops": 5,
                      "Filter": "((kind_id < 7) AND (production_year = 1974))",
                      "Rows Removed by Filter": 504480
                    },
                    {
                      "Node Type": "Index Scan",
                      "Parent Relationship": "Inner",
                      "Parallel Aware": false,
                      "Scan Direction": "Forward",
                      "Index Name": "movie_id_movie_info",
                      "Relation Name": "movie_info",
                      "Alias": "mi",
                      "Startup Cost": 0.43,
                      "Total Cost": 99.45,
                      "Plan Rows": 6,
                      "Plan Width": 4,
                      "Actual Startup Time": 0.018,
                      "Actual Total Time": 0.034,
                      "Actual Rows": 2,
                      "Actual Loops": 5914,
                      "Index Cond": "(movie_id = t.id)",
                      "Rows Removed by Index Recheck": 0,
                      "Filter": "(info_type_id < 3)",
                      "Rows Removed by Filter": 9
                    }
                  ]
                }
              ]
            }
          ]
        }
      ]
    },
    "Planning Time": 0.616,
    "Triggers": [],
    "Execution Time": 148.849
  }
]