[
  {
    "Plan": {
      "Node Type": "Aggregate",
      "Strategy": "Plain",
      "Partial Mode": "Finalize",
      "Parallel Aware": false,
      "Startup Cost": 33060.22,
      "Total Cost": 33060.23,
      "Plan Rows": 1,
      "Plan Width": 8,
      "Actual Startup Time": 97.401,
      "Actual Total Time": 105.148,
      "Actual Rows": 1,
      "Actual Loops": 1,
      "Plans": [
        {
          "Node Type": "Gather",
          "Parent Relationship": "Outer",
          "Parallel Aware": false,
          "Startup Cost": 33059.9,
          "Total Cost": 33060.21,
          "Plan Rows": 3,
          "Plan Width": 8,
          "Actual Startup Time": 97.274,
          "Actual Total Time": 105.14,
          "Actual Rows": 4,
          "Actual Loops": 1,
          "Workers Planned": 3,
          "Workers Launched": 3,
          "Single Copy": false,
          "Plans": [
            {
              "Node Type": "Aggregate",
              "Strategy": "Plain",
              "Partial Mode": "Partial",
              "Parent Relationship": "Outer",
              "Parallel Aware": false,
              "Startup Cost": 32059.9,
              "Total Cost": 32059.91,
              "Plan Rows": 1,
              "Plan Width": 8,
              "Actual Startup Time": 90.579,
              "Actual Total Time": 90.58,
              "Actual Rows": 1,
              "Actual Loops": 4,
              "Plans": [
                {
                  "Node Type": "Seq Scan",
                  "Parent Relationship": "Outer",
                  "Parallel Aware": true,
                  "Relation Name": "movie_companies",
                  "Alias": "mc",
                  "Startup Cost": 0.0,
                  "Total Cost": 31414.82,
                  "Plan Rows": 258033,
                  "Plan Width": 0,
                  "Actual Startup Time": 6.46,
                  "Actual Total Time": 82.877,
                  "Actual Rows": 146116,
                  "Actual Loops": 4,
                  "Filter": "((company_id > 4437) AND (company_type_id = 1))",
                  "Rows Removed by Filter": 506167
                }
              ]
            }
          ]
        }
      ]
    },
    "Planning Time": 0.215,
    "Triggers": [],
    "Execution Time": 105.202
  }
]