[
  {
    "Plan": {
      "Node Type": "Aggregate",
      "Strategy": "Plain",
      "Partial Mode": "Finalize",
      "Parallel Aware": false,
      "Startup Cost": 357157.1,
      "Total Cost": 357157.11,
      "Plan Rows": 1,
      "Plan Width": 8,
      "Actual Startup Time": 631.789,
      "Actual Total Time": 657.416,
      "Actual Rows": 1,
      "Actual Loops": 1,
      "Plans": [
        {
          "Node Type": "Gather",
          "Parent Relationship": "Outer",
          "Parallel Aware": false,
          "Startup Cost": 357156.47,
          "Total Cost": 357157.08,
          "Plan Rows": 6,
          "Plan Width": 8,
          "Actual Startup Time": 608.441,
          "Actual Total Time": 657.387,
          "Actual Rows": 7,
          "Actual Loops": 1,
          "Workers Planned": 6,
          "Workers Launched": 6,
          "Single Copy": false,
          "Plans": [
            {
              "Node Type": "Aggregate",
              "Strategy": "Plain",
              "Partial Mode": "Partial",
              "Parent Relationship": "Outer",
              "Parallel Aware": false,
              "Startup Cost": 356156.47,
              "Total Cost": 356156.48,
              "Plan Rows": 1,
              "Plan Width": 8,
              "Actual Startup Time": 586.028,
              "Actual Total Time": 586.032,
              "Actual Rows": 1,
              "Actual Loops": 7,
              "Plans": [
                {
                  "Node Type": "Hash Join",
                  "Parent Relationship": "Outer",
                  "Parallel Aware": true,
                  "Join Type": "Inner",
                  "Startup Cost": 97218.95,
                  "Total Cost": 355269.87,
                  "Plan Rows": 354640,
                  "Plan Width": 0,
                  "Actual Startup Time": 347.462,
                  "Actual Total Time": 570.257,
                  "Actual Rows": 303422,
                  "Actual Loops": 7,
                  "Inner Unique": true,
                  "Hash Cond": "(ci.movie_id = t.id)",
                  "Plans": [
                    {
                      "Node Type": "Bitmap Heap Scan",
                      "Parent Relationship": "Outer",
                      "Parallel Aware": true,
                      "Relation Name": "cast_info",
                      "Alias": "ci",
                      "Startup Cost": 46999.3,
                      "Total Cost": 304119.3,
                      "Plan Rows": 354640,
                      "Plan Width": 4,
                      "Actual Startup Time": 80.514,
                      "Actual Total Time": 136.355,
                      "Actual Rows": 303422,
                      "Actual Loops": 7,
                      "Recheck Cond": "(person_id < 208373)",
                      "Rows Removed by Index Recheck": 0,
                      "Exact Heap Blocks": 2929,
                      "Lossy Heap Blocks": 0,
                      "Plans": [
                        {
                          "Node Type": "Bitmap Index Scan",
                          "Parent Relationship": "Outer",
                          "Parallel Aware": false,
                          "Index Name": "person_id_cast_info",
                          "Startup Cost": 0.0,
                          "Total Cost": 46467.34,
                          "Plan Rows": 2127837,
                          "Plan Width": 0,
                          "Actual Startup Time": 76.957,
                          "Actual Total Time": 76.958,
                          "Actual Rows": 2123955,
                          "Actual Loops": 1,
                          "Index Cond": "(person_id < 208373)"
                        }
                      ]
                    },
                    {
                      "Node Type": "Hash",
                      "Parent Relationship": "Inner",
                      "Parallel Aware": true,
                      "Startup Cost": 42318.73,
                      "Total Cost": 42318.73,
                      "Plan Rows": 632073,
                      "Plan Width": 4,
                      "Actual Startup Time": 259.782,
                      "Actual Total Time": 259.783,
                      "Actual Rows": 361187,
                      "Actual Loops": 7,
                      "Hash Buckets": 4194304,
                      "Original Hash Buckets": 4194304,
                      "Hash Batches": 1,
                      "Original Hash Batches": 1,
                      "Peak Memory Usage": 131776,
                      "Plans": [
                        {
                          "Node Type": "Seq Scan",
                          "Parent Relationship": "Outer",
                          "Parallel Aware": true,
                          "Relation Name": "title",
                          "Alias": "t",
                          "Startup Cost": 0.0,
                          "Total Cost": 42318.73,
                          "Plan Rows": 632073,
                          "Plan Width": 4,
                          "Actual Startup Time": 0.045,
                          "Actual Total Time": 75.522,
                          "Actual Rows": 361187,
                          "Actual Loops": 7
                        }
                      ]
                    }
                  ]
                }
              ]
            }
          ]
        }
      ]
    },
    "Planning Time": 0.62,
    "Triggers": [],
    "Execution Time": 657.519
  }
]