[
  {
    "Plan": {
      "Node Type": "Aggregate",
      "Strategy": "Plain",
      "Partial Mode": "Finalize",
      "Parallel Aware": false,
      "Startup Cost": 346315.32,
      "Total Cost": 346315.33,
      "Plan Rows": 1,
      "Plan Width": 8,
      "Actual Startup Time": 727.993,
      "Actual Total Time": 784.616,
      "Actual Rows": 1,
      "Actual Loops": 1,
      "Plans": [
        {
          "Node Type": "Gather",
          "Parent Relationship": "Outer",
          "Parallel Aware": false,
          "Startup Cost": 346314.69,
          "Total Cost": 346315.3,
          "Plan Rows": 6,
          "Plan Width": 8,
          "Actual Startup Time": 727.836,
          "Actual Total Time": 784.599,
          "Actual Rows": 7,
          "Actual Loops": 1,
          "Workers Planned": 6,
          "Workers Launched": 6,
          "Single Copy": false,
          "Plans": [
            {
              "Node Type": "Aggregate",
              "Strategy": "Plain",
              "Partial Mode": "Partial",
              "Parent Relationship": "Outer",
              "Parallel Aware": false,
              "Startup Cost": 345314.69,
              "Total Cost": 345314.7,
              "Plan Rows": 1,
              "Plan Width": 8,
              "Actual Startup Time": 717.223,
              "Actual Total Time": 717.224,
              "Actual Rows": 1,
              "Actual Loops": 7,
              "Plans": [
                {
                  "Node Type": "Seq Scan",
                  "Parent Relationship": "Outer",
                  "Parallel Aware": true,
                  "Relation Name": "cast_info",
                  "Alias": "ci",
                  "Startup Cost": 0.0,
                  "Total Cost": 343316.27,
                  "Plan Rows": 799368,
                  "Plan Width": 0,
                  "Actual Startup Time": 394.911,
                  "Actual Total Time": 692.494,
                  "Actual Rows": 435929,
                  "Actual Loops": 7,
                  "Filter": "((person_id < 1071159) AND (role_id > 2))",
                  "Rows Removed by Filter": 4741834
                }
              ]
            }
          ]
        }
      ]
    },
    "Planning Time": 0.283,
    "Triggers": [],
    "Execution Time": 784.709
  }
]