[
    {
        "Bao": {
            "Bao prediction": "NaN",
            "Bao recommended hint": "(no hint)"
        }
    },
    {
        "Plan": {
            "Node Type": "Aggregate",
            "Strategy": "Plain",
            "Partial Mode": "Finalize",
            "Parallel Aware": false,
            "Startup Cost": 110790.1,
            "Total Cost": 110790.11,
            "Plan Rows": 1,
            "Plan Width": 8,
            "Actual Startup Time": 697.833,
            "Actual Total Time": 718.534,
            "Actual Rows": 1,
            "Actual Loops": 1,
            "Output": [
                "count(*)"
            ],
            "Plans": [
                {
                    "Node Type": "Gather",
                    "Parent Relationship": "Outer",
                    "Parallel Aware": false,
                    "Startup Cost": 110789.78,
                    "Total Cost": 110790.09,
                    "Plan Rows": 3,
                    "Plan Width": 8,
                    "Actual Startup Time": 690.719,
                    "Actual Total Time": 718.497,
                    "Actual Rows": 4,
                    "Actual Loops": 1,
                    "Output": [
                        "(PARTIAL count(*))"
                    ],
                    "Workers Planned": 3,
                    "Workers Launched": 3,
                    "Single Copy": false,
                    "Plans": [
                        {
                            "Node Type": "Aggregate",
                            "Strategy": "Plain",
                            "Partial Mode": "Partial",
                            "Parent Relationship": "Outer",
                            "Parallel Aware": false,
                            "Startup Cost": 109789.78,
                            "Total Cost": 109789.79,
                            "Plan Rows": 1,
                            "Plan Width": 8,
                            "Actual Startup Time": 681.361,
                            "Actual Total Time": 681.58,
                            "Actual Rows": 1,
                            "Actual Loops": 4,
                            "Output": [
                                "PARTIAL count(*)"
                            ],
                            "Workers": [
                                {
                                    "Worker Number": 0,
                                    "Actual Startup Time": 678.131,
                                    "Actual Total Time": 678.139,
                                    "Actual Rows": 1,
                                    "Actual Loops": 1
                                },
                                {
                                    "Worker Number": 1,
                                    "Actual Startup Time": 678.385,
                                    "Actual Total Time": 678.393,
                                    "Actual Rows": 1,
                                    "Actual Loops": 1
                                },
                                {
                                    "Worker Number": 2,
                                    "Actual Startup Time": 678.881,
                                    "Actual Total Time": 678.889,
                                    "Actual Rows": 1,
                                    "Actual Loops": 1
                                }
                            ],
                            "Plans": [
                                {
                                    "Node Type": "Hash Join",
                                    "Parent Relationship": "Outer",
                                    "Parallel Aware": true,
                                    "Join Type": "Inner",
                                    "Startup Cost": 64659.89,
                                    "Total Cost": 109561.0,
                                    "Plan Rows": 91511,
                                    "Plan Width": 0,
                                    "Actual Startup Time": 401.853,
                                    "Actual Total Time": 678.213,
                                    "Actual Rows": 51751,
                                    "Actual Loops": 4,
                                    "Inner Unique": false,
                                    "Hash Cond": "(mk.movie_id = t.id)",
                                    "Workers": [
                                        {
                                            "Worker Number": 0,
                                            "Actual Startup Time": 398.729,
                                            "Actual Total Time": 674.729,
                                            "Actual Rows": 51939,
                                            "Actual Loops": 1
                                        },
                                        {
                                            "Worker Number": 1,
                                            "Actual Startup Time": 399.027,
                                            "Actual Total Time": 675.066,
                                            "Actual Rows": 51690,
                                            "Actual Loops": 1
                                        },
                                        {
                                            "Worker Number": 2,
                                            "Actual Startup Time": 399.089,
                                            "Actual Total Time": 675.616,
                                            "Actual Rows": 50568,
                                            "Actual Loops": 1
                                        }
                                    ],
                                    "Plans": [
                                        {
                                            "Node Type": "Seq Scan",
                                            "Parent Relationship": "Outer",
                                            "Parallel Aware": true,
                                            "Relation Name": "movie_keyword",
                                            "Schema": "public",
                                            "Alias": "mk",
                                            "Startup Cost": 0.0,
                                            "Total Cost": 39047.32,
                                            "Plan Rows": 1459332,
                                            "Plan Width": 4,
                                            "Actual Startup Time": 0.024,
                                            "Actual Total Time": 138.687,
                                            "Actual Rows": 1130982,
                                            "Actual Loops": 4,
                                            "Output": [
                                                "mk.id",
                                                "mk.movie_id",
                                                "mk.keyword_id"
                                            ],
                                            "Workers": [
                                                {
                                                    "Worker Number": 0,
                                                    "Actual Startup Time": 0.021,
                                                    "Actual Total Time": 142.412,
                                                    "Actual Rows": 1096680,
                                                    "Actual Loops": 1
                                                },
                                                {
                                                    "Worker Number": 1,
                                                    "Actual Startup Time": 0.018,
                                                    "Actual Total Time": 142.291,
                                                    "Actual Rows": 1090760,
                                                    "Actual Loops": 1
                                                },
                                                {
                                                    "Worker Number": 2,
                                                    "Actual Startup Time": 0.031,
                                                    "Actual Total Time": 141.864,
                                                    "Actual Rows": 1099765,
                                                    "Actual Loops": 1
                                                }
                                            ]
                                        },
                                        {
                                            "Node Type": "Hash",
                                            "Parent Relationship": "Inner",
                                            "Parallel Aware": true,
                                            "Startup Cost": 63834.14,
                                            "Total Cost": 63834.14,
                                            "Plan Rows": 66060,
                                            "Plan Width": 8,
                                            "Actual Startup Time": 399.611,
                                            "Actual Total Time": 399.828,
                                            "Actual Rows": 22494,
                                            "Actual Loops": 4,
                                            "Output": [
                                                "t.id",
                                                "mi_idx.movie_id"
                                            ],
                                            "Hash Buckets": 262144,
                                            "Original Hash Buckets": 262144,
                                            "Hash Batches": 1,
                                            "Original Hash Batches": 1,
                                            "Peak Memory Usage": 5632,
                                            "Workers": [
                                                {
                                                    "Worker Number": 0,
                                                    "Actual Startup Time": 397.493,
                                                    "Actual Total Time": 397.5,
                                                    "Actual Rows": 21791,
                                                    "Actual Loops": 1
                                                },
                                                {
                                                    "Worker Number": 1,
                                                    "Actual Startup Time": 397.848,
                                                    "Actual Total Time": 397.854,
                                                    "Actual Rows": 22035,
                                                    "Actual Loops": 1
                                                },
                                                {
                                                    "Worker Number": 2,
                                                    "Actual Startup Time": 397.929,
                                                    "Actual Total Time": 397.935,
                                                    "Actual Rows": 22375,
                                                    "Actual Loops": 1
                                                }
                                            ],
                                            "Plans": [
                                                {
                                                    "Node Type": "Hash Join",
                                                    "Parent Relationship": "Outer",
                                                    "Parallel Aware": true,
                                                    "Join Type": "Inner",
                                                    "Startup Cost": 48209.68,
                                                    "Total Cost": 63834.14,
                                                    "Plan Rows": 66060,
                                                    "Plan Width": 8,
                                                    "Actual Startup Time": 268.996,
                                                    "Actual Total Time": 383.68,
                                                    "Actual Rows": 22494,
                                                    "Actual Loops": 4,
                                                    "Output": [
                                                        "t.id",
                                                        "mi_idx.movie_id"
                                                    ],
                                                    "Inner Unique": true,
                                                    "Hash Cond": "(mi_idx.movie_id = t.id)",
                                                    "Workers": [
                                                        {
                                                            "Worker Number": 0,
                                                            "Actual Startup Time": 266.92,
                                                            "Actual Total Time": 381.781,
                                                            "Actual Rows": 21791,
                                                            "Actual Loops": 1
                                                        },
                                                        {
                                                            "Worker Number": 1,
                                                            "Actual Startup Time": 267.429,
                                                            "Actual Total Time": 380.926,
                                                            "Actual Rows": 22035,
                                                            "Actual Loops": 1
                                                        },
                                                        {
                                                            "Worker Number": 2,
                                                            "Actual Startup Time": 267.106,
                                                            "Actual Total Time": 381.914,
                                                            "Actual Rows": 22375,
                                                            "Actual Loops": 1
                                                        }
                                                    ],
                                                    "Plans": [
                                                        {
                                                            "Node Type": "Seq Scan",
                                                            "Parent Relationship": "Outer",
                                                            "Parallel Aware": true,
                                                            "Relation Name": "movie_info_idx",
                                                            "Schema": "public",
                                                            "Alias": "mi_idx",
                                                            "Startup Cost": 0.0,
                                                            "Total Cost": 15122.68,
                                                            "Plan Rows": 191154,
                                                            "Plan Width": 4,
                                                            "Actual Startup Time": 0.037,
                                                            "Actual Total Time": 49.258,
                                                            "Actual Rows": 114981,
                                                            "Actual Loops": 4,
                                                            "Output": [
                                                                "mi_idx.id",
                                                                "mi_idx.movie_id",
                                                                "mi_idx.info_type_id",
                                                                "mi_idx.info",
                                                                "mi_idx.note"
                                                            ],
                                                            "Filter": "(mi_idx.info_type_id = 99)",
                                                            "Rows Removed by Filter": 230028,
                                                            "Workers": [
                                                                {
                                                                    "Worker Number": 0,
                                                                    "Actual Startup Time": 0.049,
                                                                    "Actual Total Time": 50.759,
                                                                    "Actual Rows": 112571,
                                                                    "Actual Loops": 1
                                                                },
                                                                {
                                                                    "Worker Number": 1,
                                                                    "Actual Startup Time": 0.043,
                                                                    "Actual Total Time": 49.939,
                                                                    "Actual Rows": 110222,
                                                                    "Actual Loops": 1
                                                                },
                                                                {
                                                                    "Worker Number": 2,
                                                                    "Actual Startup Time": 0.04,
                                                                    "Actual Total Time": 50.991,
                                                                    "Actual Rows": 111438,
                                                                    "Actual Loops": 1
                                                                }
                                                            ]
                                                        },
                                                        {
                                                            "Node Type": "Hash",
                                                            "Parent Relationship": "Inner",
                                                            "Parallel Aware": true,
                                                            "Startup Cost": 45479.21,
                                                            "Total Cost": 45479.21,
                                                            "Plan Rows": 218438,
                                                            "Plan Width": 4,
                                                            "Actual Startup Time": 266.161,
                                                            "Actual Total Time": 266.163,
                                                            "Actual Rows": 200378,
                                                            "Actual Loops": 4,
                                                            "Output": [
                                                                "t.id"
                                                            ],
                                                            "Hash Buckets": 1048576,
                                                            "Original Hash Buckets": 1048576,
                                                            "Hash Batches": 1,
                                                            "Original Hash Batches": 1,
                                                            "Peak Memory Usage": 39584,
                                                            "Workers": [
                                                                {
                                                                    "Worker Number": 0,
                                                                    "Actual Startup Time": 266.648,
                                                                    "Actual Total Time": 266.651,
                                                                    "Actual Rows": 189572,
                                                                    "Actual Loops": 1
                                                                },
                                                                {
                                                                    "Worker Number": 1,
                                                                    "Actual Startup Time": 266.918,
                                                                    "Actual Total Time": 266.92,
                                                                    "Actual Rows": 187949,
                                                                    "Actual Loops": 1
                                                                },
                                                                {
                                                                    "Worker Number": 2,
                                                                    "Actual Startup Time": 266.943,
                                                                    "Actual Total Time": 266.945,
                                                                    "Actual Rows": 187628,
                                                                    "Actual Loops": 1
                                                                }
                                                            ],
                                                            "Plans": [
                                                                {
                                                                    "Node Type": "Seq Scan",
                                                                    "Parent Relationship": "Outer",
                                                                    "Parallel Aware": true,
                                                                    "Relation Name": "title",
                                                                    "Schema": "public",
                                                                    "Alias": "t",
                                                                    "Startup Cost": 0.0,
                                                                    "Total Cost": 45479.21,
                                                                    "Plan Rows": 218438,
                                                                    "Plan Width": 4,
                                                                    "Actual Startup Time": 0.063,
                                                                    "Actual Total Time": 150.811,
                                                                    "Actual Rows": 200378,
                                                                    "Actual Loops": 4,
                                                                    "Output": [
                                                                        "t.id"
                                                                    ],
                                                                    "Filter": "((t.production_year < 2006) AND (t.kind_id = 7))",
                                                                    "Rows Removed by Filter": 431700,
                                                                    "Workers": [
                                                                        {
                                                                            "Worker Number": 0,
                                                                            "Actual Startup Time": 0.073,
                                                                            "Actual Total Time": 153.601,
                                                                            "Actual Rows": 189572,
                                                                            "Actual Loops": 1
                                                                        },
                                                                        {
                                                                            "Worker Number": 1,
                                                                            "Actual Startup Time": 0.08,
                                                                            "Actual Total Time": 152.833,
                                                                            "Actual Rows": 187949,
                                                                            "Actual Loops": 1
                                                                        },
                                                                        {
                                                                            "Worker Number": 2,
                                                                            "Actual Startup Time": 0.075,
                                                                            "Actual Total Time": 154.901,
                                                                            "Actual Rows": 187628,
                                                                            "Actual Loops": 1
                                                                        }
                                                                    ]
                                                                }
                                                            ]
                                                        }
                                                    ]
                                                }
                                            ]
                                        }
                                    ]
                                }
                            ]
                        }
                    ]
                }
            ]
        },
        "Planning Time": 326.641,
        "Triggers": [],
        "Execution Time": 718.682
    }
]