[
  {
    "Plan": {
      "Node Type": "Aggregate",
      "Strategy": "Plain",
      "Partial Mode": "Finalize",
      "Parallel Aware": false,
      "Startup Cost": 120469.47,
      "Total Cost": 120469.48,
      "Plan Rows": 1,
      "Plan Width": 8,
      "Actual Startup Time": 646.773,
      "Actual Total Time": 699.767,
      "Actual Rows": 1,
      "Actual Loops": 1,
      "Plans": [
        {
          "Node Type": "Gather",
          "Parent Relationship": "Outer",
          "Parallel Aware": false,
          "Startup Cost": 120469.15,
          "Total Cost": 120469.46,
          "Plan Rows": 3,
          "Plan Width": 8,
          "Actual Startup Time": 645.736,
          "Actual Total Time": 699.756,
          "Actual Rows": 4,
          "Actual Loops": 1,
          "Workers Planned": 3,
          "Workers Launched": 3,
          "Single Copy": false,
          "Plans": [
            {
              "Node Type": "Aggregate",
              "Strategy": "Plain",
              "Partial Mode": "Partial",
              "Parent Relationship": "Outer",
              "Parallel Aware": false,
              "Startup Cost": 119469.15,
              "Total Cost": 119469.16,
              "Plan Rows": 1,
              "Plan Width": 8,
              "Actual Startup Time": 641.418,
              "Actual Total Time": 641.422,
              "Actual Rows": 1,
              "Actual Loops": 4,
              "Plans": [
                {
                  "Node Type": "Nested Loop",
                  "Parent Relationship": "Outer",
                  "Parallel Aware": false,
                  "Join Type": "Inner",
                  "Startup Cost": 45564.6,
                  "Total Cost": 118910.08,
                  "Plan Rows": 223631,
                  "Plan Width": 0,
                  "Actual Startup Time": 100.265,
                  "Actual Total Time": 620.128,
                  "Actual Rows": 383750,
                  "Actual Loops": 4,
                  "Inner Unique": false,
                  "Join Filter": "(t.id = ci.movie_id)",
                  "Rows Removed by Join Filter": 0,
                  "Plans": [
                    {
                      "Node Type": "Hash Join",
                      "Parent Relationship": "Outer",
                      "Parallel Aware": true,
                      "Join Type": "Inner",
                      "Startup Cost": 45564.04,
                      "Total Cost": 88442.12,
                      "Plan Rows": 15597,
                      "Plan Width": 8,
                      "Actual Startup Time": 100.15,
                      "Actual Total Time": 288.466,
                      "Actual Rows": 8854,
                      "Actual Loops": 4,
                      "Inner Unique": true,
                      "Hash Cond": "(mk.movie_id = t.id)",
                      "Plans": [
                        {
                          "Node Type": "Seq Scan",
                          "Parent Relationship": "Outer",
                          "Parallel Aware": true,
                          "Relation Name": "movie_keyword",
                          "Alias": "mk",
                          "Startup Cost": 0.0,
                          "Total Cost": 39047.32,
                          "Plan Rows": 1459332,
                          "Plan Width": 4,
                          "Actual Startup Time": 0.031,
                          "Actual Total Time": 92.624,
                          "Actual Rows": 1130982,
                          "Actual Loops": 4
                        },
                        {
                          "Node Type": "Hash",
                          "Parent Relationship": "Inner",
                          "Parallel Aware": true,
                          "Startup Cost": 45479.59,
                          "Total Cost": 45479.59,
                          "Plan Rows": 6756,
                          "Plan Width": 4,
                          "Actual Startup Time": 99.502,
                          "Actual Total Time": 99.503,
                          "Actual Rows": 6771,
                          "Actual Loops": 4,
                          "Hash Buckets": 32768,
                          "Original Hash Buckets": 32768,
                          "Hash Batches": 1,
                          "Original Hash Batches": 1,
                          "Peak Memory Usage": 1376,
                          "Plans": [
                            {
                              "Node Type": "Seq Scan",
                              "Parent Relationship": "Outer",
                              "Parallel Aware": true,
                              "Relation Name": "title",
                              "Alias": "t",
                              "Startup Cost": 0.0,
                              "Total Cost": 45479.59,
                              "Plan Rows": 6756,
                              "Plan Width": 4,
                              "Actual Startup Time": 0.179,
                              "Actual Total Time": 96.459,
                              "Actual Rows": 6771,
                              "Actual Loops": 4,
                              "Filter": "((kind_id < 7) AND (production_year > 2012))",
                              "Rows Removed by Filter": 625307
                            }
                          ]
                        }
                      ]
                    },
                    {
                      "Node Type": "Index Only Scan",
                      "Parent Relationship": "Inner",
                      "Parallel Aware": false,
                      "Scan Direction": "Forward",
                      "Index Name": "movie_id_cast_info",
                      "Relation Name": "cast_info",
                      "Alias": "ci",
                      "Startup Cost": 0.56,
                      "Total Cost": 1.52,
                      "Plan Rows": 35,
                      "Plan Width": 4,
                      "Actual Startup Time": 0.005,
                      "Actual Total Time": 0.033,
                      "Actual Rows": 43,
                      "Actual Loops": 35418,
                      "Index Cond": "(movie_id = mk.movie_id)",
                      "Rows Removed by Index Recheck": 0,
                      "Heap Fetches": 1535001
                    }
                  ]
                }
              ]
            }
          ]
        }
      ]
    },
    "Planning Time": 0.623,
    "Triggers": [],
    "Execution Time": 699.837
  }
]