{
  "Plan": {
    "Node Type": "Aggregate",
    "Strategy": "Plain",
    "Partial Mode": "Finalize",
    "Parallel Aware": false,
    "Startup Cost": 104078.83,
    "Total Cost": 104078.84,
    "Plan Rows": 1,
    "Plan Width": 8,
    "Actual Startup Time": 733.331,
    "Actual Total Time": 753.098,
    "Actual Rows": 1,
    "Actual Loops": 1,
    "Plans": [
      {
        "Node Type": "Gather",
        "Parent Relationship": "Outer",
        "Parallel Aware": false,
        "Startup Cost": 104078.72,
        "Total Cost": 104078.83,
        "Plan Rows": 1,
        "Plan Width": 8,
        "Actual Startup Time": 726.625,
        "Actual Total Time": 753.09,
        "Actual Rows": 2,
        "Actual Loops": 1,
        "Workers Planned": 1,
        "Workers Launched": 1,
        "Single Copy": false,
        "Plans": [
          {
            "Node Type": "Aggregate",
            "Strategy": "Plain",
            "Partial Mode": "Partial",
            "Parent Relationship": "Outer",
            "Parallel Aware": false,
            "Startup Cost": 103078.72,
            "Total Cost": 103078.73,
            "Plan Rows": 1,
            "Plan Width": 8,
            "Actual Startup Time": 714.634,
            "Actual Total Time": 714.638,
            "Actual Rows": 1,
            "Actual Loops": 2,
            "Plans": [
              {
                "Node Type": "Hash Join",
                "Parent Relationship": "Outer",
                "Parallel Aware": true,
                "Join Type": "Inner",
                "Startup Cost": 75617.26,
                "Total Cost": 102652.13,
                "Plan Rows": 170636,
                "Plan Width": 0,
                "Actual Startup Time": 604.733,
                "Actual Total Time": 708.088,
                "Actual Rows": 143014,
                "Actual Loops": 2,
                "Inner Unique": true,
                "Hash Cond": "(mk.movie_id = t.id)",
                "Plans": [
                  {
                    "Node Type": "Bitmap Heap Scan",
                    "Parent Relationship": "Outer",
                    "Parallel Aware": true,
                    "Relation Name": "movie_keyword",
                    "Alias": "mk",
                    "Startup Cost": 6156.56,
                    "Total Cost": 32743.51,
                    "Plan Rows": 170636,
                    "Plan Width": 4,
                    "Actual Startup Time": 19.622,
                    "Actual Total Time": 80.087,
                    "Actual Rows": 143014,
                    "Actual Loops": 2,
                    "Recheck Cond": "(keyword_id > 55859)",
                    "Rows Removed by Index Recheck": 0,
                    "Exact Heap Blocks": 12970,
                    "Lossy Heap Blocks": 0,
                    "Plans": [
                      {
                        "Node Type": "Bitmap Index Scan",
                        "Parent Relationship": "Outer",
                        "Parallel Aware": false,
                        "Index Name": "keyword_id_movie_keyword",
                        "Startup Cost": 0.0,
                        "Total Cost": 6084.04,
                        "Plan Rows": 290081,
                        "Plan Width": 0,
                        "Actual Startup Time": 16.377,
                        "Actual Total Time": 16.377,
                        "Actual Rows": 286029,
                        "Actual Loops": 1,
                        "Index Cond": "(keyword_id > 55859)"
                      }
                    ]
                  },
                  {
                    "Node Type": "Hash",
                    "Parent Relationship": "Inner",
                    "Parallel Aware": true,
                    "Startup Cost": 50870.31,
                    "Total Cost": 50870.31,
                    "Plan Rows": 1487231,
                    "Plan Width": 4,
                    "Actual Startup Time": 563.324,
                    "Actual Total Time": 563.324,
                    "Actual Rows": 1264156,
                    "Actual Loops": 2,
                    "Hash Buckets": 4194304,
                    "Original Hash Buckets": 4194304,
                    "Hash Batches": 1,
                    "Original Hash Batches": 1,
                    "Peak Memory Usage": 131712,
                    "Plans": [
                      {
                        "Node Type": "Seq Scan",
                        "Parent Relationship": "Outer",
                        "Parallel Aware": true,
                        "Relation Name": "title",
                        "Alias": "t",
                        "Startup Cost": 0.0,
                        "Total Cost": 50870.31,
                        "Plan Rows": 1487231,
                        "Plan Width": 4,
                        "Actual Startup Time": 0.031,
                        "Actual Total Time": 161.396,
                        "Actual Rows": 1264156,
                        "Actual Loops": 2
                      }
                    ]
                  }
                ]
              }
            ]
          }
        ]
      }
    ]
  },
  "Planning Time": 0.639,
  "Triggers": [],
  "Execution Time": 753.185
}