[
  {
    "Plan": {
      "Node Type": "Aggregate",
      "Strategy": "Plain",
      "Partial Mode": "Finalize",
      "Parallel Aware": false,
      "Startup Cost": 33774.12,
      "Total Cost": 33774.13,
      "Plan Rows": 1,
      "Plan Width": 8,
      "Actual Startup Time": 85.9,
      "Actual Total Time": 93.294,
      "Actual Rows": 1,
      "Actual Loops": 1,
      "Plans": [
        {
          "Node Type": "Gather",
          "Parent Relationship": "Outer",
          "Parallel Aware": false,
          "Startup Cost": 33773.81,
          "Total Cost": 33774.12,
          "Plan Rows": 3,
          "Plan Width": 8,
          "Actual Startup Time": 85.411,
          "Actual Total Time": 93.282,
          "Actual Rows": 4,
          "Actual Loops": 1,
          "Workers Planned": 3,
          "Workers Launched": 3,
          "Single Copy": false,
          "Plans": [
            {
              "Node Type": "Aggregate",
              "Strategy": "Plain",
              "Partial Mode": "Partial",
              "Parent Relationship": "Outer",
              "Parallel Aware": false,
              "Startup Cost": 32773.81,
              "Total Cost": 32773.82,
              "Plan Rows": 1,
              "Plan Width": 8,
              "Actual Startup Time": 79.965,
              "Actual Total Time": 79.968,
              "Actual Rows": 1,
              "Actual Loops": 4,
              "Plans": [
                {
                  "Node Type": "Bitmap Heap Scan",
                  "Parent Relationship": "Outer",
                  "Parallel Aware": true,
                  "Relation Name": "movie_keyword",
                  "Alias": "mk",
                  "Startup Cost": 6774.88,
                  "Total Cost": 32516.32,
                  "Plan Rows": 102995,
                  "Plan Width": 0,
                  "Actual Startup Time": 17.704,
                  "Actual Total Time": 75.373,
                  "Actual Rows": 79776,
                  "Actual Loops": 4,
                  "Recheck Cond": "(keyword_id > 51147)",
                  "Rows Removed by Index Recheck": 0,
                  "Exact Heap Blocks": 8991,
                  "Lossy Heap Blocks": 0,
                  "Plans": [
                    {
                      "Node Type": "Bitmap Index Scan",
                      "Parent Relationship": "Outer",
                      "Parallel Aware": false,
                      "Index Name": "keyword_id_movie_keyword",
                      "Startup Cost": 0.0,
                      "Total Cost": 6695.06,
                      "Plan Rows": 319284,
                      "Plan Width": 0,
                      "Actual Startup Time": 19.569,
                      "Actual Total Time": 19.577,
                      "Actual Rows": 319103,
                      "Actual Loops": 1,
                      "Index Cond": "(keyword_id > 51147)"
                    }
                  ]
                }
              ]
            }
          ]
        }
      ]
    },
    "Planning Time": 0.1,
    "Triggers": [],
    "Execution Time": 93.333
  }
]