{
    "Plan": {
        "Node Type": "Aggregate",
        "Strategy": "Plain",
        "Partial Mode": "Finalize",
        "Parallel Aware": false,
        "Startup Cost": 90756.98,
        "Total Cost": 90756.99,
        "Plan Rows": 1,
        "Plan Width": 8,
        "Actual Startup Time": 272.228,
        "Actual Total Time": 293.033,
        "Actual Rows": 1,
        "Actual Loops": 1,
        "Output": [
            "count(*)"
        ],
        "Plans": [
            {
                "Node Type": "Gather",
                "Parent Relationship": "Outer",
                "Parallel Aware": false,
                "Startup Cost": 90756.66,
                "Total Cost": 90756.97,
                "Plan Rows": 3,
                "Plan Width": 8,
                "Actual Startup Time": 271.835,
                "Actual Total Time": 293.023,
                "Actual Rows": 4,
                "Actual Loops": 1,
                "Output": [
                    "(PARTIAL count(*))"
                ],
                "Workers Planned": 3,
                "Workers Launched": 3,
                "Single Copy": false,
                "Plans": [
                    {
                        "Node Type": "Aggregate",
                        "Strategy": "Plain",
                        "Partial Mode": "Partial",
                        "Parent Relationship": "Outer",
                        "Parallel Aware": false,
                        "Startup Cost": 89756.66,
                        "Total Cost": 89756.67,
                        "Plan Rows": 1,
                        "Plan Width": 8,
                        "Actual Startup Time": 263.13,
                        "Actual Total Time": 263.133,
                        "Actual Rows": 1,
                        "Actual Loops": 4,
                        "Output": [
                            "PARTIAL count(*)"
                        ],
                        "Workers": [
                            {
                                "Worker Number": 0,
                                "Actual Startup Time": 260.324,
                                "Actual Total Time": 260.327,
                                "Actual Rows": 1,
                                "Actual Loops": 1
                            },
                            {
                                "Worker Number": 1,
                                "Actual Startup Time": 260.513,
                                "Actual Total Time": 260.516,
                                "Actual Rows": 1,
                                "Actual Loops": 1
                            },
                            {
                                "Worker Number": 2,
                                "Actual Startup Time": 260.568,
                                "Actual Total Time": 260.57,
                                "Actual Rows": 1,
                                "Actual Loops": 1
                            }
                        ],
                        "Plans": [
                            {
                                "Node Type": "Hash Join",
                                "Parent Relationship": "Outer",
                                "Parallel Aware": true,
                                "Join Type": "Inner",
                                "Startup Cost": 45747.51,
                                "Total Cost": 89715.51,
                                "Plan Rows": 16459,
                                "Plan Width": 0,
                                "Actual Startup Time": 113.948,
                                "Actual Total Time": 262.719,
                                "Actual Rows": 6981,
                                "Actual Loops": 4,
                                "Inner Unique": true,
                                "Hash Cond": "(mk.movie_id = t.id)",
                                "Workers": [
                                    {
                                        "Worker Number": 0,
                                        "Actual Startup Time": 111.193,
                                        "Actual Total Time": 259.916,
                                        "Actual Rows": 4256,
                                        "Actual Loops": 1
                                    },
                                    {
                                        "Worker Number": 1,
                                        "Actual Startup Time": 111.326,
                                        "Actual Total Time": 260.072,
                                        "Actual Rows": 8157,
                                        "Actual Loops": 1
                                    },
                                    {
                                        "Worker Number": 2,
                                        "Actual Startup Time": 111.365,
                                        "Actual Total Time": 260.156,
                                        "Actual Rows": 7302,
                                        "Actual Loops": 1
                                    }
                                ],
                                "Plans": [
                                    {
                                        "Node Type": "Seq Scan",
                                        "Parent Relationship": "Outer",
                                        "Parallel Aware": true,
                                        "Relation Name": "movie_keyword",
                                        "Schema": "public",
                                        "Alias": "mk",
                                        "Startup Cost": 0.0,
                                        "Total Cost": 42695.65,
                                        "Plan Rows": 484705,
                                        "Plan Width": 4,
                                        "Actual Startup Time": 0.651,
                                        "Actual Total Time": 113.048,
                                        "Actual Rows": 369541,
                                        "Actual Loops": 4,
                                        "Output": [
                                            "mk.id",
                                            "mk.movie_id",
                                            "mk.keyword_id"
                                        ],
                                        "Filter": "(mk.keyword_id > 11108)",
                                        "Rows Removed by Filter": 761442,
                                        "Workers": [
                                            {
                                                "Worker Number": 0,
                                                "Actual Startup Time": 0.639,
                                                "Actual Total Time": 114.936,
                                                "Actual Rows": 255251,
                                                "Actual Loops": 1
                                            },
                                            {
                                                "Worker Number": 1,
                                                "Actual Startup Time": 0.637,
                                                "Actual Total Time": 115.145,
                                                "Actual Rows": 381874,
                                                "Actual Loops": 1
                                            },
                                            {
                                                "Worker Number": 2,
                                                "Actual Startup Time": 0.644,
                                                "Actual Total Time": 114.932,
                                                "Actual Rows": 381499,
                                                "Actual Loops": 1
                                            }
                                        ]
                                    },
                                    {
                                        "Node Type": "Hash",
                                        "Parent Relationship": "Inner",
                                        "Parallel Aware": true,
                                        "Startup Cost": 45479.21,
                                        "Total Cost": 45479.21,
                                        "Plan Rows": 21464,
                                        "Plan Width": 4,
                                        "Actual Startup Time": 111.336,
                                        "Actual Total Time": 111.337,
                                        "Actual Rows": 25448,
                                        "Actual Loops": 4,
                                        "Output": [
                                            "t.id"
                                        ],
                                        "Hash Buckets": 131072,
                                        "Original Hash Buckets": 131072,
                                        "Hash Batches": 1,
                                        "Original Hash Batches": 1,
                                        "Peak Memory Usage": 5056,
                                        "Workers": [
                                            {
                                                "Worker Number": 0,
                                                "Actual Startup Time": 109.766,
                                                "Actual Total Time": 109.766,
                                                "Actual Rows": 17949,
                                                "Actual Loops": 1
                                            },
                                            {
                                                "Worker Number": 1,
                                                "Actual Startup Time": 110.055,
                                                "Actual Total Time": 110.056,
                                                "Actual Rows": 24283,
                                                "Actual Loops": 1
                                            },
                                            {
                                                "Worker Number": 2,
                                                "Actual Startup Time": 110.131,
                                                "Actual Total Time": 110.132,
                                                "Actual Rows": 24854,
                                                "Actual Loops": 1
                                            }
                                        ],
                                        "Plans": [
                                            {
                                                "Node Type": "Seq Scan",
                                                "Parent Relationship": "Outer",
                                                "Parallel Aware": true,
                                                "Relation Name": "title",
                                                "Schema": "public",
                                                "Alias": "t",
                                                "Startup Cost": 0.0,
                                                "Total Cost": 45479.21,
                                                "Plan Rows": 21464,
                                                "Plan Width": 4,
                                                "Actual Startup Time": 0.062,
                                                "Actual Total Time": 100.37,
                                                "Actual Rows": 25448,
                                                "Actual Loops": 4,
                                                "Output": [
                                                    "t.id"
                                                ],
                                                "Filter": "((t.kind_id > 1) AND (t.production_year = 2007))",
                                                "Rows Removed by Filter": 606630,
                                                "Workers": [
                                                    {
                                                        "Worker Number": 0,
                                                        "Actual Startup Time": 0.071,
                                                        "Actual Total Time": 99.562,
                                                        "Actual Rows": 17949,
                                                        "Actual Loops": 1
                                                    },
                                                    {
                                                        "Worker Number": 1,
                                                        "Actual Startup Time": 0.068,
                                                        "Actual Total Time": 98.956,
                                                        "Actual Rows": 24283,
                                                        "Actual Loops": 1
                                                    },
                                                    {
                                                        "Worker Number": 2,
                                                        "Actual Startup Time": 0.06,
                                                        "Actual Total Time": 100.094,
                                                        "Actual Rows": 24854,
                                                        "Actual Loops": 1
                                                    }
                                                ]
                                            }
                                        ]
                                    }
                                ]
                            }
                        ]
                    }
                ]
            }
        ]
    },
    "Planning Time": 0.738,
    "Triggers": [],
    "Execution Time": 293.112
}