[
  {
    "Plan": {
      "Node Type": "Aggregate",
      "Strategy": "Plain",
      "Partial Mode": "Finalize",
      "Parallel Aware": false,
      "Startup Cost": 68159.12,
      "Total Cost": 68159.13,
      "Plan Rows": 1,
      "Plan Width": 8,
      "Actual Startup Time": 116.608,
      "Actual Total Time": 131.742,
      "Actual Rows": 1,
      "Actual Loops": 1,
      "Plans": [
        {
          "Node Type": "Gather",
          "Parent Relationship": "Outer",
          "Parallel Aware": false,
          "Startup Cost": 68158.7,
          "Total Cost": 68159.11,
          "Plan Rows": 4,
          "Plan Width": 8,
          "Actual Startup Time": 116.262,
          "Actual Total Time": 131.734,
          "Actual Rows": 5,
          "Actual Loops": 1,
          "Workers Planned": 4,
          "Workers Launched": 4,
          "Single Copy": false,
          "Plans": [
            {
              "Node Type": "Aggregate",
              "Strategy": "Plain",
              "Partial Mode": "Partial",
              "Parent Relationship": "Outer",
              "Parallel Aware": false,
              "Startup Cost": 67158.7,
              "Total Cost": 67158.71,
              "Plan Rows": 1,
              "Plan Width": 8,
              "Actual Startup Time": 105.966,
              "Actual Total Time": 105.973,
              "Actual Rows": 1,
              "Actual Loops": 5,
              "Plans": [
                {
                  "Node Type": "Nested Loop",
                  "Parent Relationship": "Outer",
                  "Parallel Aware": false,
                  "Join Type": "Inner",
                  "Startup Cost": 20651.02,
                  "Total Cost": 67158.46,
                  "Plan Rows": 95,
                  "Plan Width": 0,
                  "Actual Startup Time": 93.131,
                  "Actual Total Time": 105.957,
                  "Actual Rows": 111,
                  "Actual Loops": 5,
                  "Inner Unique": false,
                  "Plans": [
                    {
                      "Node Type": "Hash Join",
                      "Parent Relationship": "Outer",
                      "Parallel Aware": true,
                      "Join Type": "Inner",
                      "Startup Cost": 20650.59,
                      "Total Cost": 66220.2,
                      "Plan Rows": 236,
                      "Plan Width": 8,
                      "Actual Startup Time": 92.678,
                      "Actual Total Time": 104.157,
                      "Actual Rows": 113,
                      "Actual Loops": 5,
                      "Inner Unique": false,
                      "Hash Cond": "(t.id = mc.movie_id)",
                      "Plans": [
                        {
                          "Node Type": "Seq Scan",
                          "Parent Relationship": "Outer",
                          "Parallel Aware": true,
                          "Relation Name": "title",
                          "Alias": "t",
                          "Startup Cost": 0.0,
                          "Total Cost": 45479.1,
                          "Plan Rows": 17951,
                          "Plan Width": 4,
                          "Actual Startup Time": 0.02,
                          "Actual Total Time": 73.787,
                          "Actual Rows": 15910,
                          "Actual Loops": 5,
                          "Filter": "((kind_id > 1) AND (production_year = 2005))",
                          "Rows Removed by Filter": 489753
                        },
                        {
                          "Node Type": "Hash",
                          "Parent Relationship": "Inner",
                          "Parallel Aware": true,
                          "Startup Cost": 20516.84,
                          "Total Cost": 20516.84,
                          "Plan Rows": 10700,
                          "Plan Width": 4,
                          "Actual Startup Time": 23.557,
                          "Actual Total Time": 23.558,
                          "Actual Rows": 12509,
                          "Actual Loops": 5,
                          "Hash Buckets": 65536,
                          "Original Hash Buckets": 65536,
                          "Hash Batches": 1,
                          "Original Hash Batches": 1,
                          "Peak Memory Usage": 3072,
                          "Plans": [
                            {
                              "Node Type": "Bitmap Heap Scan",
                              "Parent Relationship": "Outer",
                              "Parallel Aware": true,
                              "Relation Name": "movie_companies",
                              "Alias": "mc",
                              "Startup Cost": 1410.71,
                              "Total Cost": 20516.84,
                              "Plan Rows": 10700,
                              "Plan Width": 4,
                              "Actual Startup Time": 1.996,
                              "Actual Total Time": 15.738,
                              "Actual Rows": 12509,
                              "Actual Loops": 5,
                              "Recheck Cond": "(company_id > 181957)",
                              "Rows Removed by Index Recheck": 0,
                              "Filter": "(company_type_id = 2)",
                              "Rows Removed by Filter": 0,
                              "Exact Heap Blocks": 800,
                              "Lossy Heap Blocks": 0,
                              "Plans": [
                                {
                                  "Node Type": "Bitmap Index Scan",
                                  "Parent Relationship": "Outer",
                                  "Parallel Aware": false,
                                  "Index Name": "company_id_movie_companies",
                                  "Startup Cost": 0.0,
                                  "Total Cost": 1402.42,
                                  "Plan Rows": 65332,
                                  "Plan Width": 0,
                                  "Actual Startup Time": 7.051,
                                  "Actual Total Time": 7.052,
                                  "Actual Rows": 62544,
                                  "Actual Loops": 1,
                                  "Index Cond": "(company_id > 181957)"
                                }
                              ]
                            }
                          ]
                        }
                      ]
                    },
                    {
                      "Node Type": "Index Scan",
                      "Parent Relationship": "Inner",
                      "Parallel Aware": false,
                      "Scan Direction": "Forward",
                      "Index Name": "movie_id_movie_keyword",
                      "Relation Name": "movie_keyword",
                      "Alias": "mk",
                      "Startup Cost": 0.43,
                      "Total Cost": 3.88,
                      "Plan Rows": 10,
                      "Plan Width": 4,
                      "Actual Startup Time": 0.015,
                      "Actual Total Time": 0.015,
                      "Actual Rows": 1,
                      "Actual Loops": 563,
                      "Index Cond": "(movie_id = t.id)",
                      "Rows Removed by Index Recheck": 0,
                      "Filter": "(keyword_id > 17839)",
                      "Rows Removed by Filter": 4
                    }
                  ]
                }
              ]
            }
          ]
        }
      ]
    },
    "Planning Time": 1.488,
    "Triggers": [],
    "Execution Time": 131.879
  }
]