[
    {
        "Bao": {
            "Bao prediction": 151.914,
            "Bao recommended hint": "(no hint)"
        }
    },
    {
        "Plan": {
            "Node Type": "Aggregate",
            "Strategy": "Plain",
            "Partial Mode": "Simple",
            "Parallel Aware": false,
            "Startup Cost": 37879.98,
            "Total Cost": 37879.99,
            "Plan Rows": 1,
            "Plan Width": 64,
            "Actual Startup Time": 203.78,
            "Actual Total Time": 218.602,
            "Actual Rows": 1,
            "Actual Loops": 1,
            "Output": [
                "min(an.name)",
                "min(t.title)"
            ],
            "Plans": [
                {
                    "Node Type": "Nested Loop",
                    "Parent Relationship": "Outer",
                    "Parallel Aware": false,
                    "Join Type": "Inner",
                    "Startup Cost": 1002.4,
                    "Total Cost": 37879.97,
                    "Plan Rows": 1,
                    "Plan Width": 33,
                    "Actual Startup Time": 82.293,
                    "Actual Total Time": 218.571,
                    "Actual Rows": 46,
                    "Actual Loops": 1,
                    "Output": [
                        "an.name",
                        "t.title"
                    ],
                    "Inner Unique": true,
                    "Plans": [
                        {
                            "Node Type": "Nested Loop",
                            "Parent Relationship": "Outer",
                            "Parallel Aware": false,
                            "Join Type": "Inner",
                            "Startup Cost": 1002.27,
                            "Total Cost": 37879.78,
                            "Plan Rows": 1,
                            "Plan Width": 37,
                            "Actual Startup Time": 82.275,
                            "Actual Total Time": 218.484,
                            "Actual Rows": 46,
                            "Actual Loops": 1,
                            "Output": [
                                "an.name",
                                "ci.role_id",
                                "t.title"
                            ],
                            "Inner Unique": false,
                            "Plans": [
                                {
                                    "Node Type": "Nested Loop",
                                    "Parent Relationship": "Outer",
                                    "Parallel Aware": false,
                                    "Join Type": "Inner",
                                    "Startup Cost": 1001.85,
                                    "Total Cost": 37877.89,
                                    "Plan Rows": 1,
                                    "Plan Width": 29,
                                    "Actual Startup Time": 82.228,
                                    "Actual Total Time": 218.304,
                                    "Actual Rows": 46,
                                    "Actual Loops": 1,
                                    "Output": [
                                        "ci.person_id",
                                        "ci.role_id",
                                        "n.id",
                                        "t.title"
                                    ],
                                    "Inner Unique": true,
                                    "Plans": [
                                        {
                                            "Node Type": "Nested Loop",
                                            "Parent Relationship": "Outer",
                                            "Parallel Aware": false,
                                            "Join Type": "Inner",
                                            "Startup Cost": 1001.42,
                                            "Total Cost": 37869.64,
                                            "Plan Rows": 1,
                                            "Plan Width": 25,
                                            "Actual Startup Time": 82.173,
                                            "Actual Total Time": 218.117,
                                            "Actual Rows": 46,
                                            "Actual Loops": 1,
                                            "Output": [
                                                "ci.person_id",
                                                "ci.role_id",
                                                "t.title"
                                            ],
                                            "Inner Unique": false,
                                            "Plans": [
                                                {
                                                    "Node Type": "Gather",
                                                    "Parent Relationship": "Outer",
                                                    "Parallel Aware": false,
                                                    "Startup Cost": 1000.85,
                                                    "Total Cost": 37857.99,
                                                    "Plan Rows": 1,
                                                    "Plan Width": 25,
                                                    "Actual Startup Time": 9.121,
                                                    "Actual Total Time": 79.441,
                                                    "Actual Rows": 635,
                                                    "Actual Loops": 1,
                                                    "Output": [
                                                        "mc.movie_id",
                                                        "t.title",
                                                        "t.id"
                                                    ],
                                                    "Workers Planned": 3,
                                                    "Workers Launched": 3,
                                                    "Single Copy": false,
                                                    "Plans": [
                                                        {
                                                            "Node Type": "Nested Loop",
                                                            "Parent Relationship": "Outer",
                                                            "Parallel Aware": false,
                                                            "Join Type": "Inner",
                                                            "Startup Cost": 0.85,
                                                            "Total Cost": 36857.89,
                                                            "Plan Rows": 1,
                                                            "Plan Width": 25,
                                                            "Actual Startup Time": 6.862,
                                                            "Actual Total Time": 158.194,
                                                            "Actual Rows": 159,
                                                            "Actual Loops": 4,
                                                            "Output": [
                                                                "mc.movie_id",
                                                                "t.title",
                                                                "t.id"
                                                            ],
                                                            "Inner Unique": true,
                                                            "Workers": [
                                                                {
                                                                    "Worker Number": 0,
                                                                    "Actual Startup Time": 6.788,
                                                                    "Actual Total Time": 189.9,
                                                                    "Actual Rows": 179,
                                                                    "Actual Loops": 1
                                                                },
                                                                {
                                                                    "Worker Number": 1,
                                                                    "Actual Startup Time": 6.752,
                                                                    "Actual Total Time": 189.888,
                                                                    "Actual Rows": 192,
                                                                    "Actual Loops": 1
                                                                },
                                                                {
                                                                    "Worker Number": 2,
                                                                    "Actual Startup Time": 6.233,
                                                                    "Actual Total Time": 190.404,
                                                                    "Actual Rows": 256,
                                                                    "Actual Loops": 1
                                                                }
                                                            ],
                                                            "Plans": [
                                                                {
                                                                    "Node Type": "Nested Loop",
                                                                    "Parent Relationship": "Outer",
                                                                    "Parallel Aware": false,
                                                                    "Join Type": "Inner",
                                                                    "Startup Cost": 0.42,
                                                                    "Total Cost": 36816.28,
                                                                    "Plan Rows": 5,
                                                                    "Plan Width": 4,
                                                                    "Actual Startup Time": 0.36,
                                                                    "Actual Total Time": 130.808,
                                                                    "Actual Rows": 2124,
                                                                    "Actual Loops": 4,
                                                                    "Output": [
                                                                        "mc.movie_id"
                                                                    ],
                                                                    "Inner Unique": true,
                                                                    "Workers": [
                                                                        {
                                                                            "Worker Number": 0,
                                                                            "Actual Startup Time": 0.367,
                                                                            "Actual Total Time": 158.952,
                                                                            "Actual Rows": 2426,
                                                                            "Actual Loops": 1
                                                                        },
                                                                        {
                                                                            "Worker Number": 1,
                                                                            "Actual Startup Time": 0.299,
                                                                            "Actual Total Time": 157.253,
                                                                            "Actual Rows": 2574,
                                                                            "Actual Loops": 1
                                                                        },
                                                                        {
                                                                            "Worker Number": 2,
                                                                            "Actual Startup Time": 0.355,
                                                                            "Actual Total Time": 157.093,
                                                                            "Actual Rows": 2716,
                                                                            "Actual Loops": 1
                                                                        }
                                                                    ],
                                                                    "Plans": [
                                                                        {
                                                                            "Node Type": "Seq Scan",
                                                                            "Parent Relationship": "Outer",
                                                                            "Parallel Aware": true,
                                                                            "Relation Name": "movie_companies",
                                                                            "Schema": "public",
                                                                            "Alias": "mc",
                                                                            "Startup Cost": 0.0,
                                                                            "Total Cost": 35623.09,
                                                                            "Plan Rows": 165,
                                                                            "Plan Width": 8,
                                                                            "Actual Startup Time": 0.134,
                                                                            "Actual Total Time": 117.707,
                                                                            "Actual Rows": 2142,
                                                                            "Actual Loops": 4,
                                                                            "Output": [
                                                                                "mc.id",
                                                                                "mc.movie_id",
                                                                                "mc.company_id",
                                                                                "mc.company_type_id",
                                                                                "mc.note"
                                                                            ],
                                                                            "Filter": "((mc.note ~~ '%(Japan)%'::text) AND (mc.note !~~ '%(USA)%'::text) AND ((mc.note ~~ '%(2006)%'::text) OR (mc.note ~~ '%(2007)%'::text)))",
                                                                            "Rows Removed by Filter": 650140,
                                                                            "Workers": [
                                                                                {
                                                                                    "Worker Number": 0,
                                                                                    "Actual Startup Time": 0.08,
                                                                                    "Actual Total Time": 144.259,
                                                                                    "Actual Rows": 2461,
                                                                                    "Actual Loops": 1
                                                                                },
                                                                                {
                                                                                    "Worker Number": 1,
                                                                                    "Actual Startup Time": 0.06,
                                                                                    "Actual Total Time": 142.079,
                                                                                    "Actual Rows": 2582,
                                                                                    "Actual Loops": 1
                                                                                },
                                                                                {
                                                                                    "Worker Number": 2,
                                                                                    "Actual Startup Time": 0.077,
                                                                                    "Actual Total Time": 141.306,
                                                                                    "Actual Rows": 2735,
                                                                                    "Actual Loops": 1
                                                                                }
                                                                            ]
                                                                        },
                                                                        {
                                                                            "Node Type": "Index Scan",
                                                                            "Parent Relationship": "Inner",
                                                                            "Parallel Aware": false,
                                                                            "Scan Direction": "Forward",
                                                                            "Index Name": "company_name_pkey",
                                                                            "Relation Name": "company_name",
                                                                            "Schema": "public",
                                                                            "Alias": "cn",
                                                                            "Startup Cost": 0.42,
                                                                            "Total Cost": 7.23,
                                                                            "Plan Rows": 1,
                                                                            "Plan Width": 4,
                                                                            "Actual Startup Time": 0.005,
                                                                            "Actual Total Time": 0.005,
                                                                            "Actual Rows": 1,
                                                                            "Actual Loops": 8569,
                                                                            "Output": [
                                                                                "cn.id",
                                                                                "cn.name",
                                                                                "cn.country_code",
                                                                                "cn.imdb_id",
                                                                                "cn.name_pcode_nf",
                                                                                "cn.name_pcode_sf",
                                                                                "cn.md5sum"
                                                                            ],
                                                                            "Index Cond": "(cn.id = mc.company_id)",
                                                                            "Rows Removed by Index Recheck": 0,
                                                                            "Filter": "((cn.country_code)::text = '[jp]'::text)",
                                                                            "Rows Removed by Filter": 0,
                                                                            "Workers": [
                                                                                {
                                                                                    "Worker Number": 0,
                                                                                    "Actual Startup Time": 0.005,
                                                                                    "Actual Total Time": 0.005,
                                                                                    "Actual Rows": 1,
                                                                                    "Actual Loops": 2461
                                                                                },
                                                                                {
                                                                                    "Worker Number": 1,
                                                                                    "Actual Startup Time": 0.005,
                                                                                    "Actual Total Time": 0.005,
                                                                                    "Actual Rows": 1,
                                                                                    "Actual Loops": 2582
                                                                                },
                                                                                {
                                                                                    "Worker Number": 2,
                                                                                    "Actual Startup Time": 0.005,
                                                                                    "Actual Total Time": 0.005,
                                                                                    "Actual Rows": 1,
                                                                                    "Actual Loops": 2735
                                                                                }
                                                                            ]
                                                                        }
                                                                    ]
                                                                },
                                                                {
                                                                    "Node Type": "Index Scan",
                                                                    "Parent Relationship": "Inner",
                                                                    "Parallel Aware": false,
                                                                    "Scan Direction": "Forward",
                                                                    "Index Name": "title_pkey",
                                                                    "Relation Name": "title",
                                                                    "Schema": "public",
                                                                    "Alias": "t",
                                                                    "Startup Cost": 0.43,
                                                                    "Total Cost": 8.32,
                                                                    "Plan Rows": 1,
                                                                    "Plan Width": 21,
                                                                    "Actual Startup Time": 0.012,
                                                                    "Actual Total Time": 0.012,
                                                                    "Actual Rows": 0,
                                                                    "Actual Loops": 8495,
                                                                    "Output": [
                                                                        "t.id",
                                                                        "t.title",
                                                                        "t.imdb_index",
                                                                        "t.kind_id",
                                                                        "t.production_year",
                                                                        "t.imdb_id",
                                                                        "t.phonetic_code",
                                                                        "t.episode_of_id",
                                                                        "t.season_nr",
                                                                        "t.episode_nr",
                                                                        "t.series_years",
                                                                        "t.md5sum"
                                                                    ],
                                                                    "Index Cond": "(t.id = mc.movie_id)",
                                                                    "Rows Removed by Index Recheck": 0,
                                                                    "Filter": "((t.title ~~ 'The%'::text) AND (t.production_year >= 1978) AND (t.production_year <= 2013))",
                                                                    "Rows Removed by Filter": 1,
                                                                    "Workers": [
                                                                        {
                                                                            "Worker Number": 0,
                                                                            "Actual Startup Time": 0.012,
                                                                            "Actual Total Time": 0.012,
                                                                            "Actual Rows": 0,
                                                                            "Actual Loops": 2426
                                                                        },
                                                                        {
                                                                            "Worker Number": 1,
                                                                            "Actual Startup Time": 0.012,
                                                                            "Actual Total Time": 0.012,
                                                                            "Actual Rows": 0,
                                                                            "Actual Loops": 2574
                                                                        },
                                                                        {
                                                                            "Worker Number": 2,
                                                                            "Actual Startup Time": 0.012,
                                                                            "Actual Total Time": 0.012,
                                                                            "Actual Rows": 0,
                                                                            "Actual Loops": 2716
                                                                        }
                                                                    ]
                                                                }
                                                            ]
                                                        }
                                                    ]
                                                },
                                                {
                                                    "Node Type": "Index Scan",
                                                    "Parent Relationship": "Inner",
                                                    "Parallel Aware": false,
                                                    "Scan Direction": "Forward",
                                                    "Index Name": "movie_id_cast_info",
                                                    "Relation Name": "cast_info",
                                                    "Schema": "public",
                                                    "Alias": "ci",
                                                    "Startup Cost": 0.56,
                                                    "Total Cost": 11.64,
                                                    "Plan Rows": 1,
                                                    "Plan Width": 12,
                                                    "Actual Startup Time": 0.218,
                                                    "Actual Total Time": 0.218,
                                                    "Actual Rows": 0,
                                                    "Actual Loops": 635,
                                                    "Output": [
                                                        "ci.id",
                                                        "ci.person_id",
                                                        "ci.movie_id",
                                                        "ci.person_role_id",
                                                        "ci.note",
                                                        "ci.nr_order",
                                                        "ci.role_id"
                                                    ],
                                                    "Index Cond": "(ci.movie_id = t.id)",
                                                    "Rows Removed by Index Recheck": 0,
                                                    "Filter": "(ci.note = '(based on the novel by)'::text)",
                                                    "Rows Removed by Filter": 56
                                                }
                                            ]
                                        },
                                        {
                                            "Node Type": "Index Scan",
                                            "Parent Relationship": "Inner",
                                            "Parallel Aware": false,
                                            "Scan Direction": "Forward",
                                            "Index Name": "name_pkey",
                                            "Relation Name": "name",
                                            "Schema": "public",
                                            "Alias": "n",
                                            "Startup Cost": 0.43,
                                            "Total Cost": 8.25,
                                            "Plan Rows": 1,
                                            "Plan Width": 4,
                                            "Actual Startup Time": 0.003,
                                            "Actual Total Time": 0.003,
                                            "Actual Rows": 1,
                                            "Actual Loops": 46,
                                            "Output": [
                                                "n.id",
                                                "n.name",
                                                "n.imdb_index",
                                                "n.imdb_id",
                                                "n.gender",
                                                "n.name_pcode_cf",
                                                "n.name_pcode_nf",
                                                "n.surname_pcode",
                                                "n.md5sum"
                                            ],
                                            "Index Cond": "(n.id = ci.person_id)",
                                            "Rows Removed by Index Recheck": 0,
                                            "Filter": "((n.name ~~ '%Yo%'::text) AND (n.name !~~ '%Yu%'::text))",
                                            "Rows Removed by Filter": 0
                                        }
                                    ]
                                },
                                {
                                    "Node Type": "Index Scan",
                                    "Parent Relationship": "Inner",
                                    "Parallel Aware": false,
                                    "Scan Direction": "Forward",
                                    "Index Name": "person_id_aka_name",
                                    "Relation Name": "aka_name",
                                    "Schema": "public",
                                    "Alias": "an",
                                    "Startup Cost": 0.42,
                                    "Total Cost": 1.86,
                                    "Plan Rows": 2,
                                    "Plan Width": 20,
                                    "Actual Startup Time": 0.003,
                                    "Actual Total Time": 0.003,
                                    "Actual Rows": 1,
                                    "Actual Loops": 46,
                                    "Output": [
                                        "an.id",
                                        "an.person_id",
                                        "an.name",
                                        "an.imdb_index",
                                        "an.name_pcode_cf",
                                        "an.name_pcode_nf",
                                        "an.surname_pcode",
                                        "an.md5sum"
                                    ],
                                    "Index Cond": "(an.person_id = n.id)",
                                    "Rows Removed by Index Recheck": 0
                                }
                            ]
                        },
                        {
                            "Node Type": "Index Scan",
                            "Parent Relationship": "Inner",
                            "Parallel Aware": false,
                            "Scan Direction": "Forward",
                            "Index Name": "role_type_pkey",
                            "Relation Name": "role_type",
                            "Schema": "public",
                            "Alias": "rt",
                            "Startup Cost": 0.14,
                            "Total Cost": 0.16,
                            "Plan Rows": 1,
                            "Plan Width": 4,
                            "Actual Startup Time": 0.001,
                            "Actual Total Time": 0.001,
                            "Actual Rows": 1,
                            "Actual Loops": 46,
                            "Output": [
                                "rt.id",
                                "rt.role"
                            ],
                            "Index Cond": "(rt.id = ci.role_id)",
                            "Rows Removed by Index Recheck": 0,
                            "Filter": "((rt.role)::text = 'writer'::text)",
                            "Rows Removed by Filter": 0
                        }
                    ]
                }
            ]
        },
        "Planning Time": 1769.37,
        "Triggers": [],
        "Execution Time": 219.422
    }
]