[
  {
    "Plan": {
      "Node Type": "Aggregate",
      "Strategy": "Plain",
      "Partial Mode": "Finalize",
      "Parallel Aware": false,
      "Startup Cost": 335580.47,
      "Total Cost": 335580.48,
      "Plan Rows": 1,
      "Plan Width": 8,
      "Actual Startup Time": 731.729,
      "Actual Total Time": 791.292,
      "Actual Rows": 1,
      "Actual Loops": 1,
      "Plans": [
        {
          "Node Type": "Gather",
          "Parent Relationship": "Outer",
          "Parallel Aware": false,
          "Startup Cost": 335579.85,
          "Total Cost": 335580.46,
          "Plan Rows": 6,
          "Plan Width": 8,
          "Actual Startup Time": 731.61,
          "Actual Total Time": 791.282,
          "Actual Rows": 7,
          "Actual Loops": 1,
          "Workers Planned": 6,
          "Workers Launched": 6,
          "Single Copy": false,
          "Plans": [
            {
              "Node Type": "Aggregate",
              "Strategy": "Plain",
              "Partial Mode": "Partial",
              "Parent Relationship": "Outer",
              "Parallel Aware": false,
              "Startup Cost": 334579.85,
              "Total Cost": 334579.86,
              "Plan Rows": 1,
              "Plan Width": 8,
              "Actual Startup Time": 722.754,
              "Actual Total Time": 722.755,
              "Actual Rows": 1,
              "Actual Loops": 7,
              "Plans": [
                {
                  "Node Type": "Seq Scan",
                  "Parent Relationship": "Outer",
                  "Parallel Aware": true,
                  "Relation Name": "cast_info",
                  "Alias": "ci",
                  "Startup Cost": 0.0,
                  "Total Cost": 328162.03,
                  "Plan Rows": 2567129,
                  "Plan Width": 0,
                  "Actual Startup Time": 0.051,
                  "Actual Total Time": 614.951,
                  "Actual Rows": 2194534,
                  "Actual Loops": 7,
                  "Filter": "(person_id < 1514049)",
                  "Rows Removed by Filter": 2983229
                }
              ]
            }
          ]
        }
      ]
    },
    "Planning Time": 0.171,
    "Triggers": [],
    "Execution Time": 791.359
  }
]