[
  {
    "Plan": {
      "Node Type": "Aggregate",
      "Strategy": "Plain",
      "Partial Mode": "Finalize",
      "Parallel Aware": false,
      "Startup Cost": 356502.29,
      "Total Cost": 356502.3,
      "Plan Rows": 1,
      "Plan Width": 8,
      "Actual Startup Time": 935.72,
      "Actual Total Time": 989.124,
      "Actual Rows": 1,
      "Actual Loops": 1,
      "Plans": [
        {
          "Node Type": "Gather",
          "Parent Relationship": "Outer",
          "Parallel Aware": false,
          "Startup Cost": 356501.67,
          "Total Cost": 356502.28,
          "Plan Rows": 6,
          "Plan Width": 8,
          "Actual Startup Time": 935.416,
          "Actual Total Time": 989.108,
          "Actual Rows": 7,
          "Actual Loops": 1,
          "Workers Planned": 6,
          "Workers Launched": 6,
          "Single Copy": false,
          "Plans": [
            {
              "Node Type": "Aggregate",
              "Strategy": "Plain",
              "Partial Mode": "Partial",
              "Parent Relationship": "Outer",
              "Parallel Aware": false,
              "Startup Cost": 355501.67,
              "Total Cost": 355501.68,
              "Plan Rows": 1,
              "Plan Width": 8,
              "Actual Startup Time": 927.389,
              "Actual Total Time": 927.39,
              "Actual Rows": 1,
              "Actual Loops": 7,
              "Plans": [
                {
                  "Node Type": "Seq Scan",
                  "Parent Relationship": "Outer",
                  "Parallel Aware": true,
                  "Relation Name": "cast_info",
                  "Alias": "ci",
                  "Startup Cost": 0.0,
                  "Total Cost": 343316.27,
                  "Plan Rows": 4874159,
                  "Plan Width": 0,
                  "Actual Startup Time": 0.05,
                  "Actual Total Time": 720.749,
                  "Actual Rows": 4508021,
                  "Actual Loops": 7,
                  "Filter": "((person_id < 3557144) AND (role_id < 10))",
                  "Rows Removed by Filter": 669742
                }
              ]
            }
          ]
        }
      ]
    },
    "Planning Time": 0.11,
    "Triggers": [],
    "Execution Time": 989.164
  }
]