{
  "Plan": {
    "Node Type": "Aggregate",
    "Strategy": "Plain",
    "Partial Mode": "Finalize",
    "Parallel Aware": false,
    "Startup Cost": 125122.06,
    "Total Cost": 125122.07,
    "Plan Rows": 1,
    "Plan Width": 8,
    "Actual Startup Time": 666.921,
    "Actual Total Time": 682.844,
    "Actual Rows": 1,
    "Actual Loops": 1,
    "Plans": [
      {
        "Node Type": "Gather",
        "Parent Relationship": "Outer",
        "Parallel Aware": false,
        "Startup Cost": 125121.95,
        "Total Cost": 125122.06,
        "Plan Rows": 1,
        "Plan Width": 8,
        "Actual Startup Time": 665.739,
        "Actual Total Time": 682.837,
        "Actual Rows": 2,
        "Actual Loops": 1,
        "Workers Planned": 1,
        "Workers Launched": 1,
        "Single Copy": false,
        "Plans": [
          {
            "Node Type": "Aggregate",
            "Strategy": "Plain",
            "Partial Mode": "Partial",
            "Parent Relationship": "Outer",
            "Parallel Aware": false,
            "Startup Cost": 124121.95,
            "Total Cost": 124121.96,
            "Plan Rows": 1,
            "Plan Width": 8,
            "Actual Startup Time": 659.66,
            "Actual Total Time": 659.664,
            "Actual Rows": 1,
            "Actual Loops": 2,
            "Plans": [
              {
                "Node Type": "Hash Join",
                "Parent Relationship": "Outer",
                "Parallel Aware": true,
                "Join Type": "Inner",
                "Startup Cost": 59118.64,
                "Total Cost": 123171.23,
                "Plan Rows": 380285,
                "Plan Width": 0,
                "Actual Startup Time": 201.062,
                "Actual Total Time": 619.36,
                "Actual Rows": 1013069,
                "Actual Loops": 2,
                "Inner Unique": true,
                "Hash Cond": "(mk.movie_id = t.id)",
                "Plans": [
                  {
                    "Node Type": "Seq Scan",
                    "Parent Relationship": "Outer",
                    "Parallel Aware": true,
                    "Relation Name": "movie_keyword",
                    "Alias": "mk",
                    "Startup Cost": 0.0,
                    "Total Cost": 57718.19,
                    "Plan Rows": 2413102,
                    "Plan Width": 4,
                    "Actual Startup Time": 0.03,
                    "Actual Total Time": 196.847,
                    "Actual Rows": 2043871,
                    "Actual Loops": 2,
                    "Filter": "(keyword_id > 335)",
                    "Rows Removed by Filter": 218094
                  },
                  {
                    "Node Type": "Hash",
                    "Parent Relationship": "Inner",
                    "Parallel Aware": true,
                    "Startup Cost": 56188.95,
                    "Total Cost": 56188.95,
                    "Plan Rows": 234375,
                    "Plan Width": 4,
                    "Actual Startup Time": 195.501,
                    "Actual Total Time": 195.503,
                    "Actual Rows": 238842,
                    "Actual Loops": 2,
                    "Hash Buckets": 524288,
                    "Original Hash Buckets": 524288,
                    "Hash Batches": 1,
                    "Original Hash Batches": 1,
                    "Peak Memory Usage": 22816,
                    "Plans": [
                      {
                        "Node Type": "Bitmap Heap Scan",
                        "Parent Relationship": "Outer",
                        "Parallel Aware": true,
                        "Relation Name": "title",
                        "Alias": "t",
                        "Startup Cost": 13538.57,
                        "Total Cost": 56188.95,
                        "Plan Rows": 234375,
                        "Plan Width": 4,
                        "Actual Startup Time": 46.664,
                        "Actual Total Time": 147.004,
                        "Actual Rows": 238842,
                        "Actual Loops": 2,
                        "Recheck Cond": "(kind_id < 3)",
                        "Rows Removed by Index Recheck": 0,
                        "Filter": "(production_year < 2005)",
                        "Rows Removed by Filter": 137997,
                        "Exact Heap Blocks": 26252,
                        "Lossy Heap Blocks": 0,
                        "Plans": [
                          {
                            "Node Type": "Bitmap Index Scan",
                            "Parent Relationship": "Outer",
                            "Parallel Aware": false,
                            "Index Name": "kind_id_title",
                            "Startup Cost": 0.0,
                            "Total Cost": 13438.96,
                            "Plan Rows": 753937,
                            "Plan Width": 0,
                            "Actual Startup Time": 41.248,
                            "Actual Total Time": 41.249,
                            "Actual Rows": 753677,
                            "Actual Loops": 1,
                            "Index Cond": "(kind_id < 3)"
                          }
                        ]
                      }
                    ]
                  }
                ]
              }
            ]
          }
        ]
      }
    ]
  },
  "Planning Time": 0.615,
  "Triggers": [],
  "Execution Time": 682.933
}