{
    "Plan": {
        "Node Type": "Aggregate",
        "Strategy": "Plain",
        "Partial Mode": "Finalize",
        "Parallel Aware": false,
        "Startup Cost": 94188.5,
        "Total Cost": 94188.51,
        "Plan Rows": 1,
        "Plan Width": 8,
        "Actual Startup Time": 295.683,
        "Actual Total Time": 327.572,
        "Actual Rows": 1,
        "Actual Loops": 1,
        "Output": [
            "count(*)"
        ],
        "Plans": [
            {
                "Node Type": "Gather",
                "Parent Relationship": "Outer",
                "Parallel Aware": false,
                "Startup Cost": 94188.18,
                "Total Cost": 94188.49,
                "Plan Rows": 3,
                "Plan Width": 8,
                "Actual Startup Time": 295.231,
                "Actual Total Time": 327.557,
                "Actual Rows": 4,
                "Actual Loops": 1,
                "Output": [
                    "(PARTIAL count(*))"
                ],
                "Workers Planned": 3,
                "Workers Launched": 3,
                "Single Copy": false,
                "Plans": [
                    {
                        "Node Type": "Aggregate",
                        "Strategy": "Plain",
                        "Partial Mode": "Partial",
                        "Parent Relationship": "Outer",
                        "Parallel Aware": false,
                        "Startup Cost": 93188.18,
                        "Total Cost": 93188.19,
                        "Plan Rows": 1,
                        "Plan Width": 8,
                        "Actual Startup Time": 285.603,
                        "Actual Total Time": 285.607,
                        "Actual Rows": 1,
                        "Actual Loops": 4,
                        "Output": [
                            "PARTIAL count(*)"
                        ],
                        "Workers": [
                            {
                                "Worker Number": 0,
                                "Actual Startup Time": 282.724,
                                "Actual Total Time": 282.727,
                                "Actual Rows": 1,
                                "Actual Loops": 1
                            },
                            {
                                "Worker Number": 1,
                                "Actual Startup Time": 282.531,
                                "Actual Total Time": 282.535,
                                "Actual Rows": 1,
                                "Actual Loops": 1
                            },
                            {
                                "Worker Number": 2,
                                "Actual Startup Time": 282.696,
                                "Actual Total Time": 282.7,
                                "Actual Rows": 1,
                                "Actual Loops": 1
                            }
                        ],
                        "Plans": [
                            {
                                "Node Type": "Nested Loop",
                                "Parent Relationship": "Outer",
                                "Parallel Aware": false,
                                "Join Type": "Inner",
                                "Startup Cost": 44010.71,
                                "Total Cost": 93174.36,
                                "Plan Rows": 5529,
                                "Plan Width": 0,
                                "Actual Startup Time": 108.64,
                                "Actual Total Time": 284.268,
                                "Actual Rows": 12831,
                                "Actual Loops": 4,
                                "Inner Unique": false,
                                "Join Filter": "(t.id = ci.movie_id)",
                                "Rows Removed by Join Filter": 0,
                                "Workers": [
                                    {
                                        "Worker Number": 0,
                                        "Actual Startup Time": 105.439,
                                        "Actual Total Time": 281.406,
                                        "Actual Rows": 10112,
                                        "Actual Loops": 1
                                    },
                                    {
                                        "Worker Number": 1,
                                        "Actual Startup Time": 105.772,
                                        "Actual Total Time": 281.091,
                                        "Actual Rows": 11745,
                                        "Actual Loops": 1
                                    },
                                    {
                                        "Worker Number": 2,
                                        "Actual Startup Time": 105.599,
                                        "Actual Total Time": 281.337,
                                        "Actual Rows": 11049,
                                        "Actual Loops": 1
                                    }
                                ],
                                "Plans": [
                                    {
                                        "Node Type": "Hash Join",
                                        "Parent Relationship": "Outer",
                                        "Parallel Aware": true,
                                        "Join Type": "Inner",
                                        "Startup Cost": 44010.14,
                                        "Total Cost": 86777.75,
                                        "Plan Rows": 385,
                                        "Plan Width": 8,
                                        "Actual Startup Time": 108.547,
                                        "Actual Total Time": 224.873,
                                        "Actual Rows": 351,
                                        "Actual Loops": 4,
                                        "Output": [
                                            "t.id",
                                            "mk.movie_id"
                                        ],
                                        "Inner Unique": true,
                                        "Hash Cond": "(mk.movie_id = t.id)",
                                        "Workers": [
                                            {
                                                "Worker Number": 0,
                                                "Actual Startup Time": 105.333,
                                                "Actual Total Time": 216.957,
                                                "Actual Rows": 284,
                                                "Actual Loops": 1
                                            },
                                            {
                                                "Worker Number": 1,
                                                "Actual Startup Time": 105.68,
                                                "Actual Total Time": 211.975,
                                                "Actual Rows": 309,
                                                "Actual Loops": 1
                                            },
                                            {
                                                "Worker Number": 2,
                                                "Actual Startup Time": 105.47,
                                                "Actual Total Time": 217.123,
                                                "Actual Rows": 330,
                                                "Actual Loops": 1
                                            }
                                        ],
                                        "Plans": [
                                            {
                                                "Node Type": "Seq Scan",
                                                "Parent Relationship": "Outer",
                                                "Parallel Aware": true,
                                                "Relation Name": "movie_keyword",
                                                "Schema": "public",
                                                "Alias": "mk",
                                                "Startup Cost": 0.0,
                                                "Total Cost": 42695.65,
                                                "Plan Rows": 27412,
                                                "Plan Width": 4,
                                                "Actual Startup Time": 0.022,
                                                "Actual Total Time": 109.475,
                                                "Actual Rows": 21240,
                                                "Actual Loops": 4,
                                                "Output": [
                                                    "mk.id",
                                                    "mk.movie_id",
                                                    "mk.keyword_id"
                                                ],
                                                "Filter": "(mk.keyword_id < 73)",
                                                "Rows Removed by Filter": 1109742,
                                                "Workers": [
                                                    {
                                                        "Worker Number": 0,
                                                        "Actual Startup Time": 0.027,
                                                        "Actual Total Time": 105.23,
                                                        "Actual Rows": 18253,
                                                        "Actual Loops": 1
                                                    },
                                                    {
                                                        "Worker Number": 1,
                                                        "Actual Startup Time": 0.026,
                                                        "Actual Total Time": 100.08,
                                                        "Actual Rows": 19262,
                                                        "Actual Loops": 1
                                                    },
                                                    {
                                                        "Worker Number": 2,
                                                        "Actual Startup Time": 0.025,
                                                        "Actual Total Time": 105.171,
                                                        "Actual Rows": 19268,
                                                        "Actual Loops": 1
                                                    }
                                                ]
                                            },
                                            {
                                                "Node Type": "Hash",
                                                "Parent Relationship": "Inner",
                                                "Parallel Aware": true,
                                                "Startup Cost": 43899.01,
                                                "Total Cost": 43899.01,
                                                "Plan Rows": 8891,
                                                "Plan Width": 4,
                                                "Actual Startup Time": 107.331,
                                                "Actual Total Time": 107.332,
                                                "Actual Rows": 9127,
                                                "Actual Loops": 4,
                                                "Output": [
                                                    "t.id"
                                                ],
                                                "Hash Buckets": 65536,
                                                "Original Hash Buckets": 65536,
                                                "Hash Batches": 1,
                                                "Original Hash Batches": 1,
                                                "Peak Memory Usage": 2016,
                                                "Workers": [
                                                    {
                                                        "Worker Number": 0,
                                                        "Actual Startup Time": 104.69,
                                                        "Actual Total Time": 104.691,
                                                        "Actual Rows": 8443,
                                                        "Actual Loops": 1
                                                    },
                                                    {
                                                        "Worker Number": 1,
                                                        "Actual Startup Time": 104.653,
                                                        "Actual Total Time": 104.654,
                                                        "Actual Rows": 8616,
                                                        "Actual Loops": 1
                                                    },
                                                    {
                                                        "Worker Number": 2,
                                                        "Actual Startup Time": 104.648,
                                                        "Actual Total Time": 104.649,
                                                        "Actual Rows": 8450,
                                                        "Actual Loops": 1
                                                    }
                                                ],
                                                "Plans": [
                                                    {
                                                        "Node Type": "Seq Scan",
                                                        "Parent Relationship": "Outer",
                                                        "Parallel Aware": true,
                                                        "Relation Name": "title",
                                                        "Schema": "public",
                                                        "Alias": "t",
                                                        "Startup Cost": 0.0,
                                                        "Total Cost": 43899.01,
                                                        "Plan Rows": 8891,
                                                        "Plan Width": 4,
                                                        "Actual Startup Time": 0.093,
                                                        "Actual Total Time": 102.163,
                                                        "Actual Rows": 9127,
                                                        "Actual Loops": 4,
                                                        "Output": [
                                                            "t.id"
                                                        ],
                                                        "Filter": "(t.production_year = 1996)",
                                                        "Rows Removed by Filter": 622951,
                                                        "Workers": [
                                                            {
                                                                "Worker Number": 0,
                                                                "Actual Startup Time": 0.077,
                                                                "Actual Total Time": 99.823,
                                                                "Actual Rows": 8443,
                                                                "Actual Loops": 1
                                                            },
                                                            {
                                                                "Worker Number": 1,
                                                                "Actual Startup Time": 0.085,
                                                                "Actual Total Time": 99.758,
                                                                "Actual Rows": 8616,
                                                                "Actual Loops": 1
                                                            },
                                                            {
                                                                "Worker Number": 2,
                                                                "Actual Startup Time": 0.158,
                                                                "Actual Total Time": 99.38,
                                                                "Actual Rows": 8450,
                                                                "Actual Loops": 1
                                                            }
                                                        ]
                                                    }
                                                ]
                                            }
                                        ]
                                    },
                                    {
                                        "Node Type": "Index Only Scan",
                                        "Parent Relationship": "Inner",
                                        "Parallel Aware": false,
                                        "Scan Direction": "Forward",
                                        "Index Name": "movie_id_cast_info",
                                        "Relation Name": "cast_info",
                                        "Schema": "public",
                                        "Alias": "ci",
                                        "Startup Cost": 0.56,
                                        "Total Cost": 16.14,
                                        "Plan Rows": 38,
                                        "Plan Width": 4,
                                        "Actual Startup Time": 0.016,
                                        "Actual Total Time": 0.162,
                                        "Actual Rows": 37,
                                        "Actual Loops": 1404,
                                        "Output": [
                                            "ci.movie_id"
                                        ],
                                        "Index Cond": "(ci.movie_id = mk.movie_id)",
                                        "Rows Removed by Index Recheck": 0,
                                        "Heap Fetches": 51325,
                                        "Workers": [
                                            {
                                                "Worker Number": 0,
                                                "Actual Startup Time": 0.02,
                                                "Actual Total Time": 0.218,
                                                "Actual Rows": 36,
                                                "Actual Loops": 284
                                            },
                                            {
                                                "Worker Number": 1,
                                                "Actual Startup Time": 0.019,
                                                "Actual Total Time": 0.215,
                                                "Actual Rows": 38,
                                                "Actual Loops": 309
                                            },
                                            {
                                                "Worker Number": 2,
                                                "Actual Startup Time": 0.019,
                                                "Actual Total Time": 0.187,
                                                "Actual Rows": 33,
                                                "Actual Loops": 330
                                            }
                                        ]
                                    }
                                ]
                            }
                        ]
                    }
                ]
            }
        ]
    },
    "Planning Time": 1.569,
    "Triggers": [],
    "Execution Time": 327.687
}