[
  {
    "Plan": {
      "Node Type": "Aggregate",
      "Strategy": "Plain",
      "Partial Mode": "Finalize",
      "Parallel Aware": false,
      "Startup Cost": 30746.47,
      "Total Cost": 30746.48,
      "Plan Rows": 1,
      "Plan Width": 8,
      "Actual Startup Time": 106.842,
      "Actual Total Time": 116.532,
      "Actual Rows": 1,
      "Actual Loops": 1,
      "Plans": [
        {
          "Node Type": "Gather",
          "Parent Relationship": "Outer",
          "Parallel Aware": false,
          "Startup Cost": 30746.15,
          "Total Cost": 30746.46,
          "Plan Rows": 3,
          "Plan Width": 8,
          "Actual Startup Time": 106.715,
          "Actual Total Time": 116.523,
          "Actual Rows": 4,
          "Actual Loops": 1,
          "Workers Planned": 3,
          "Workers Launched": 3,
          "Single Copy": false,
          "Plans": [
            {
              "Node Type": "Aggregate",
              "Strategy": "Plain",
              "Partial Mode": "Partial",
              "Parent Relationship": "Outer",
              "Parallel Aware": false,
              "Startup Cost": 29746.15,
              "Total Cost": 29746.16,
              "Plan Rows": 1,
              "Plan Width": 8,
              "Actual Startup Time": 99.556,
              "Actual Total Time": 99.557,
              "Actual Rows": 1,
              "Actual Loops": 4,
              "Plans": [
                {
                  "Node Type": "Seq Scan",
                  "Parent Relationship": "Outer",
                  "Parallel Aware": true,
                  "Relation Name": "movie_companies",
                  "Alias": "mc",
                  "Startup Cost": 0.0,
                  "Total Cost": 29310.68,
                  "Plan Rows": 174189,
                  "Plan Width": 0,
                  "Actual Startup Time": 50.839,
                  "Actual Total Time": 91.354,
                  "Actual Rows": 138218,
                  "Actual Loops": 4,
                  "Filter": "(company_id > 71815)",
                  "Rows Removed by Filter": 514064
                }
              ]
            }
          ]
        }
      ]
    },
    "Planning Time": 0.172,
    "Triggers": [],
    "Execution Time": 116.594
  }
]