[
  {
    "Plan": {
      "Node Type": "Aggregate",
      "Strategy": "Plain",
      "Partial Mode": "Finalize",
      "Parallel Aware": false,
      "Startup Cost": 307522.27,
      "Total Cost": 307522.28,
      "Plan Rows": 1,
      "Plan Width": 8,
      "Actual Startup Time": 184.961,
      "Actual Total Time": 193.267,
      "Actual Rows": 1,
      "Actual Loops": 1,
      "Plans": [
        {
          "Node Type": "Gather",
          "Parent Relationship": "Outer",
          "Parallel Aware": false,
          "Startup Cost": 307521.64,
          "Total Cost": 307522.25,
          "Plan Rows": 6,
          "Plan Width": 8,
          "Actual Startup Time": 184.43,
          "Actual Total Time": 193.26,
          "Actual Rows": 7,
          "Actual Loops": 1,
          "Workers Planned": 6,
          "Workers Launched": 6,
          "Single Copy": false,
          "Plans": [
            {
              "Node Type": "Aggregate",
              "Strategy": "Plain",
              "Partial Mode": "Partial",
              "Parent Relationship": "Outer",
              "Parallel Aware": false,
              "Startup Cost": 306521.64,
              "Total Cost": 306521.65,
              "Plan Rows": 1,
              "Plan Width": 8,
              "Actual Startup Time": 175.547,
              "Actual Total Time": 175.549,
              "Actual Rows": 1,
              "Actual Loops": 7,
              "Plans": [
                {
                  "Node Type": "Bitmap Heap Scan",
                  "Parent Relationship": "Outer",
                  "Parallel Aware": true,
                  "Relation Name": "cast_info",
                  "Alias": "ci",
                  "Startup Cost": 48360.97,
                  "Total Cost": 305609.36,
                  "Plan Rows": 364912,
                  "Plan Width": 0,
                  "Actual Startup Time": 80.992,
                  "Actual Total Time": 157.512,
                  "Actual Rows": 312220,
                  "Actual Loops": 7,
                  "Recheck Cond": "(person_id < 213692)",
                  "Rows Removed by Index Recheck": 0,
                  "Exact Heap Blocks": 5722,
                  "Lossy Heap Blocks": 0,
                  "Plans": [
                    {
                      "Node Type": "Bitmap Index Scan",
                      "Parent Relationship": "Outer",
                      "Parallel Aware": false,
                      "Index Name": "person_id_cast_info",
                      "Startup Cost": 0.0,
                      "Total Cost": 47813.6,
                      "Plan Rows": 2189471,
                      "Plan Width": 0,
                      "Actual Startup Time": 85.491,
                      "Actual Total Time": 85.492,
                      "Actual Rows": 2185542,
                      "Actual Loops": 1,
                      "Index Cond": "(person_id < 213692)"
                    }
                  ]
                }
              ]
            }
          ]
        }
      ]
    },
    "Planning Time": 0.19,
    "Triggers": [],
    "Execution Time": 193.343
  }
]