[
  {
    "Plan": {
      "Node Type": "Aggregate",
      "Strategy": "Plain",
      "Partial Mode": "Finalize",
      "Parallel Aware": false,
      "Startup Cost": 65013.81,
      "Total Cost": 65013.82,
      "Plan Rows": 1,
      "Plan Width": 8,
      "Actual Startup Time": 383.474,
      "Actual Total Time": 397.212,
      "Actual Rows": 1,
      "Actual Loops": 1,
      "Plans": [
        {
          "Node Type": "Gather",
          "Parent Relationship": "Outer",
          "Parallel Aware": false,
          "Startup Cost": 65013.6,
          "Total Cost": 65013.81,
          "Plan Rows": 2,
          "Plan Width": 8,
          "Actual Startup Time": 380.149,
          "Actual Total Time": 397.205,
          "Actual Rows": 3,
          "Actual Loops": 1,
          "Workers Planned": 2,
          "Workers Launched": 2,
          "Single Copy": false,
          "Plans": [
            {
              "Node Type": "Aggregate",
              "Strategy": "Plain",
              "Partial Mode": "Partial",
              "Parent Relationship": "Outer",
              "Parallel Aware": false,
              "Startup Cost": 64013.6,
              "Total Cost": 64013.61,
              "Plan Rows": 1,
              "Plan Width": 8,
              "Actual Startup Time": 372.257,
              "Actual Total Time": 372.261,
              "Actual Rows": 1,
              "Actual Loops": 3,
              "Plans": [
                {
                  "Node Type": "Hash Join",
                  "Parent Relationship": "Outer",
                  "Parallel Aware": true,
                  "Join Type": "Inner",
                  "Startup Cost": 48304.9,
                  "Total Cost": 63499.46,
                  "Plan Rows": 205656,
                  "Plan Width": 0,
                  "Actual Startup Time": 225.387,
                  "Actual Total Time": 358.437,
                  "Actual Rows": 293427,
                  "Actual Loops": 3,
                  "Inner Unique": true,
                  "Hash Cond": "(mi_idx.movie_id = t.id)",
                  "Plans": [
                    {
                      "Node Type": "Seq Scan",
                      "Parent Relationship": "Outer",
                      "Parallel Aware": true,
                      "Relation Name": "movie_info_idx",
                      "Alias": "mi_idx",
                      "Startup Cost": 0.0,
                      "Total Cost": 13685.15,
                      "Plan Rows": 575015,
                      "Plan Width": 4,
                      "Actual Startup Time": 0.03,
                      "Actual Total Time": 39.544,
                      "Actual Rows": 460012,
                      "Actual Loops": 3
                    },
                    {
                      "Node Type": "Hash",
                      "Parent Relationship": "Inner",
                      "Parallel Aware": true,
                      "Startup Cost": 45479.1,
                      "Total Cost": 45479.1,
                      "Plan Rows": 226064,
                      "Plan Width": 4,
                      "Actual Startup Time": 218.826,
                      "Actual Total Time": 218.827,
                      "Actual Rows": 274219,
                      "Actual Loops": 3,
                      "Hash Buckets": 1048576,
                      "Original Hash Buckets": 1048576,
                      "Hash Batches": 1,
                      "Original Hash Batches": 1,
                      "Peak Memory Usage": 40416,
                      "Plans": [
                        {
                          "Node Type": "Seq Scan",
                          "Parent Relationship": "Outer",
                          "Parallel Aware": true,
                          "Relation Name": "title",
                          "Alias": "t",
                          "Startup Cost": 0.0,
                          "Total Cost": 45479.1,
                          "Plan Rows": 226064,
                          "Plan Width": 4,
                          "Actual Startup Time": 0.038,
                          "Actual Total Time": 132.417,
                          "Actual Rows": 274219,
                          "Actual Loops": 3,
                          "Filter": "((kind_id < 7) AND (production_year > 1946))",
                          "Rows Removed by Filter": 568552
                        }
                      ]
                    }
                  ]
                }
              ]
            }
          ]
        }
      ]
    },
    "Planning Time": 0.591,
    "Triggers": [],
    "Execution Time": 397.292
  }
]