[
    {
        "Bao": {
            "Bao prediction": "NaN",
            "Bao recommended hint": "(no hint)"
        }
    },
    {
        "Plan": {
            "Node Type": "Aggregate",
            "Strategy": "Plain",
            "Partial Mode": "Finalize",
            "Parallel Aware": false,
            "Startup Cost": 26342.07,
            "Total Cost": 26342.08,
            "Plan Rows": 1,
            "Plan Width": 8,
            "Actual Startup Time": 56.976,
            "Actual Total Time": 60.38,
            "Actual Rows": 1,
            "Actual Loops": 1,
            "Output": [
                "count(*)"
            ],
            "Plans": [
                {
                    "Node Type": "Gather",
                    "Parent Relationship": "Outer",
                    "Parallel Aware": false,
                    "Startup Cost": 26341.75,
                    "Total Cost": 26342.06,
                    "Plan Rows": 3,
                    "Plan Width": 8,
                    "Actual Startup Time": 56.699,
                    "Actual Total Time": 60.371,
                    "Actual Rows": 4,
                    "Actual Loops": 1,
                    "Output": [
                        "(PARTIAL count(*))"
                    ],
                    "Workers Planned": 3,
                    "Workers Launched": 3,
                    "Single Copy": false,
                    "Plans": [
                        {
                            "Node Type": "Aggregate",
                            "Strategy": "Plain",
                            "Partial Mode": "Partial",
                            "Parent Relationship": "Outer",
                            "Parallel Aware": false,
                            "Startup Cost": 25341.75,
                            "Total Cost": 25341.76,
                            "Plan Rows": 1,
                            "Plan Width": 8,
                            "Actual Startup Time": 47.864,
                            "Actual Total Time": 47.867,
                            "Actual Rows": 1,
                            "Actual Loops": 4,
                            "Output": [
                                "PARTIAL count(*)"
                            ],
                            "Workers": [
                                {
                                    "Worker Number": 0,
                                    "Actual Startup Time": 44.845,
                                    "Actual Total Time": 44.856,
                                    "Actual Rows": 1,
                                    "Actual Loops": 1
                                },
                                {
                                    "Worker Number": 1,
                                    "Actual Startup Time": 45.055,
                                    "Actual Total Time": 45.057,
                                    "Actual Rows": 1,
                                    "Actual Loops": 1
                                },
                                {
                                    "Worker Number": 2,
                                    "Actual Startup Time": 45.468,
                                    "Actual Total Time": 45.469,
                                    "Actual Rows": 1,
                                    "Actual Loops": 1
                                }
                            ],
                            "Plans": [
                                {
                                    "Node Type": "Bitmap Heap Scan",
                                    "Parent Relationship": "Outer",
                                    "Parallel Aware": true,
                                    "Relation Name": "movie_companies",
                                    "Schema": "public",
                                    "Alias": "mc",
                                    "Startup Cost": 5268.64,
                                    "Total Cost": 25241.26,
                                    "Plan Rows": 40196,
                                    "Plan Width": 0,
                                    "Actual Startup Time": 11.67,
                                    "Actual Total Time": 43.286,
                                    "Actual Rows": 61789,
                                    "Actual Loops": 4,
                                    "Recheck Cond": "(mc.company_id > 101634)",
                                    "Rows Removed by Index Recheck": 0,
                                    "Filter": "(mc.company_type_id > 1)",
                                    "Rows Removed by Filter": 0,
                                    "Exact Heap Blocks": 2790,
                                    "Lossy Heap Blocks": 0,
                                    "Workers": [
                                        {
                                            "Worker Number": 0,
                                            "Actual Startup Time": 8.811,
                                            "Actual Total Time": 40.774,
                                            "Actual Rows": 31794,
                                            "Actual Loops": 1
                                        },
                                        {
                                            "Worker Number": 1,
                                            "Actual Startup Time": 8.879,
                                            "Actual Total Time": 40.983,
                                            "Actual Rows": 32033,
                                            "Actual Loops": 1
                                        },
                                        {
                                            "Worker Number": 2,
                                            "Actual Startup Time": 9.294,
                                            "Actual Total Time": 41.378,
                                            "Actual Rows": 33991,
                                            "Actual Loops": 1
                                        }
                                    ],
                                    "Plans": [
                                        {
                                            "Node Type": "Bitmap Index Scan",
                                            "Parent Relationship": "Outer",
                                            "Parallel Aware": false,
                                            "Index Name": "company_id_movie_companies",
                                            "Startup Cost": 0.0,
                                            "Total Cost": 5237.49,
                                            "Plan Rows": 244408,
                                            "Plan Width": 0,
                                            "Actual Startup Time": 18.928,
                                            "Actual Total Time": 18.929,
                                            "Actual Rows": 247157,
                                            "Actual Loops": 1,
                                            "Index Cond": "(mc.company_id > 101634)"
                                        }
                                    ]
                                }
                            ]
                        }
                    ]
                }
            ]
        },
        "Planning Time": 225.525,
        "Triggers": [],
        "Execution Time": 60.479
    }
]