{
  "Plan": {
    "Node Type": "Aggregate",
    "Strategy": "Plain",
    "Partial Mode": "Finalize",
    "Parallel Aware": false,
    "Startup Cost": 69766.29,
    "Total Cost": 69766.3,
    "Plan Rows": 1,
    "Plan Width": 8,
    "Actual Startup Time": 146.103,
    "Actual Total Time": 157.718,
    "Actual Rows": 1,
    "Actual Loops": 1,
    "Plans": [
      {
        "Node Type": "Gather",
        "Parent Relationship": "Outer",
        "Parallel Aware": false,
        "Startup Cost": 69766.17,
        "Total Cost": 69766.28,
        "Plan Rows": 1,
        "Plan Width": 8,
        "Actual Startup Time": 146.0,
        "Actual Total Time": 157.712,
        "Actual Rows": 2,
        "Actual Loops": 1,
        "Workers Planned": 1,
        "Workers Launched": 1,
        "Single Copy": false,
        "Plans": [
          {
            "Node Type": "Aggregate",
            "Strategy": "Plain",
            "Partial Mode": "Partial",
            "Parent Relationship": "Outer",
            "Parallel Aware": false,
            "Startup Cost": 68766.17,
            "Total Cost": 68766.18,
            "Plan Rows": 1,
            "Plan Width": 8,
            "Actual Startup Time": 142.328,
            "Actual Total Time": 142.329,
            "Actual Rows": 1,
            "Actual Loops": 2,
            "Plans": [
              {
                "Node Type": "Nested Loop",
                "Parent Relationship": "Outer",
                "Parallel Aware": false,
                "Join Type": "Inner",
                "Startup Cost": 0.86,
                "Total Cost": 68761.94,
                "Plan Rows": 1695,
                "Plan Width": 0,
                "Actual Startup Time": 29.803,
                "Actual Total Time": 141.193,
                "Actual Rows": 27097,
                "Actual Loops": 2,
                "Inner Unique": false,
                "Join Filter": "(t.id = mk.movie_id)",
                "Rows Removed by Join Filter": 0,
                "Plans": [
                  {
                    "Node Type": "Nested Loop",
                    "Parent Relationship": "Outer",
                    "Parallel Aware": false,
                    "Join Type": "Inner",
                    "Startup Cost": 0.43,
                    "Total Cost": 66948.6,
                    "Plan Rows": 947,
                    "Plan Width": 8,
                    "Actual Startup Time": 29.745,
                    "Actual Total Time": 128.416,
                    "Actual Rows": 1432,
                    "Actual Loops": 2,
                    "Inner Unique": false,
                    "Plans": [
                      {
                        "Node Type": "Seq Scan",
                        "Parent Relationship": "Outer",
                        "Parallel Aware": true,
                        "Relation Name": "title",
                        "Alias": "t",
                        "Startup Cost": 0.0,
                        "Total Cost": 54588.39,
                        "Plan Rows": 1735,
                        "Plan Width": 4,
                        "Actual Startup Time": 3.454,
                        "Actual Total Time": 120.958,
                        "Actual Rows": 1420,
                        "Actual Loops": 2,
                        "Filter": "(production_year = 1948)",
                        "Rows Removed by Filter": 1262736
                      },
                      {
                        "Node Type": "Index Only Scan",
                        "Parent Relationship": "Inner",
                        "Parallel Aware": false,
                        "Scan Direction": "Forward",
                        "Index Name": "movie_id_movie_info_idx",
                        "Relation Name": "movie_info_idx",
                        "Alias": "mi_idx",
                        "Startup Cost": 0.43,
                        "Total Cost": 7.09,
                        "Plan Rows": 3,
                        "Plan Width": 4,
                        "Actual Startup Time": 0.005,
                        "Actual Total Time": 0.005,
                        "Actual Rows": 1,
                        "Actual Loops": 2840,
                        "Index Cond": "(movie_id = t.id)",
                        "Rows Removed by Index Recheck": 0,
                        "Heap Fetches": 2865
                      }
                    ]
                  },
                  {
                    "Node Type": "Index Only Scan",
                    "Parent Relationship": "Inner",
                    "Parallel Aware": false,
                    "Scan Direction": "Forward",
                    "Index Name": "movie_id_movie_keyword",
                    "Relation Name": "movie_keyword",
                    "Alias": "mk",
                    "Startup Cost": 0.43,
                    "Total Cost": 1.35,
                    "Plan Rows": 45,
                    "Plan Width": 4,
                    "Actual Startup Time": 0.005,
                    "Actual Total Time": 0.007,
                    "Actual Rows": 19,
                    "Actual Loops": 2865,
                    "Index Cond": "(movie_id = mi_idx.movie_id)",
                    "Rows Removed by Index Recheck": 0,
                    "Heap Fetches": 54194
                  }
                ]
              }
            ]
          }
        ]
      }
    ]
  },
  "Planning Time": 0.565,
  "Triggers": [],
  "Execution Time": 157.776
}