[
  {
    "Plan": {
      "Node Type": "Aggregate",
      "Strategy": "Plain",
      "Partial Mode": "Finalize",
      "Parallel Aware": false,
      "Startup Cost": 386310.65,
      "Total Cost": 386310.66,
      "Plan Rows": 1,
      "Plan Width": 8,
      "Actual Startup Time": 1244.543,
      "Actual Total Time": 1268.274,
      "Actual Rows": 1,
      "Actual Loops": 1,
      "Plans": [
        {
          "Node Type": "Gather",
          "Parent Relationship": "Outer",
          "Parallel Aware": false,
          "Startup Cost": 386310.03,
          "Total Cost": 386310.64,
          "Plan Rows": 6,
          "Plan Width": 8,
          "Actual Startup Time": 1233.376,
          "Actual Total Time": 1268.264,
          "Actual Rows": 7,
          "Actual Loops": 1,
          "Workers Planned": 6,
          "Workers Launched": 6,
          "Single Copy": false,
          "Plans": [
            {
              "Node Type": "Aggregate",
              "Strategy": "Plain",
              "Partial Mode": "Partial",
              "Parent Relationship": "Outer",
              "Parallel Aware": false,
              "Startup Cost": 385310.03,
              "Total Cost": 385310.04,
              "Plan Rows": 1,
              "Plan Width": 8,
              "Actual Startup Time": 1219.493,
              "Actual Total Time": 1219.497,
              "Actual Rows": 1,
              "Actual Loops": 7,
              "Plans": [
                {
                  "Node Type": "Hash Join",
                  "Parent Relationship": "Outer",
                  "Parallel Aware": true,
                  "Join Type": "Inner",
                  "Startup Cost": 48402.76,
                  "Total Cost": 382251.07,
                  "Plan Rows": 1223582,
                  "Plan Width": 0,
                  "Actual Startup Time": 396.967,
                  "Actual Total Time": 1178.23,
                  "Actual Rows": 904174,
                  "Actual Loops": 7,
                  "Inner Unique": true,
                  "Hash Cond": "(ci.movie_id = t.id)",
                  "Plans": [
                    {
                      "Node Type": "Seq Scan",
                      "Parent Relationship": "Outer",
                      "Parallel Aware": true,
                      "Relation Name": "cast_info",
                      "Alias": "ci",
                      "Startup Cost": 0.0,
                      "Total Cost": 328213.62,
                      "Plan Rows": 2146548,
                      "Plan Width": 4,
                      "Actual Startup Time": 229.419,
                      "Actual Total Time": 502.423,
                      "Actual Rows": 1858870,
                      "Actual Loops": 7,
                      "Filter": "(person_id > 2375466)",
                      "Rows Removed by Filter": 3318893
                    },
                    {
                      "Node Type": "Hash",
                      "Parent Relationship": "Inner",
                      "Parallel Aware": true,
                      "Startup Cost": 43899.01,
                      "Total Cost": 43899.01,
                      "Plan Rows": 360300,
                      "Plan Width": 4,
                      "Actual Startup Time": 162.666,
                      "Actual Total Time": 162.667,
                      "Actual Rows": 206185,
                      "Actual Loops": 7,
                      "Hash Buckets": 2097152,
                      "Original Hash Buckets": 2097152,
                      "Hash Batches": 1,
                      "Original Hash Batches": 1,
                      "Peak Memory Usage": 72928,
                      "Plans": [
                        {
                          "Node Type": "Seq Scan",
                          "Parent Relationship": "Outer",
                          "Parallel Aware": true,
                          "Relation Name": "title",
                          "Alias": "t",
                          "Startup Cost": 0.0,
                          "Total Cost": 43899.01,
                          "Plan Rows": 360300,
                          "Plan Width": 4,
                          "Actual Startup Time": 0.036,
                          "Actual Total Time": 72.572,
                          "Actual Rows": 206185,
                          "Actual Loops": 7,
                          "Filter": "(production_year < 2006)",
                          "Rows Removed by Filter": 155002
                        }
                      ]
                    }
                  ]
                }
              ]
            }
          ]
        }
      ]
    },
    "Planning Time": 0.604,
    "Triggers": [],
    "Execution Time": 1268.35
  }
]