[
  {
    "Plan": {
      "Node Type": "Aggregate",
      "Strategy": "Plain",
      "Partial Mode": "Finalize",
      "Parallel Aware": false,
      "Startup Cost": 122707.96,
      "Total Cost": 122707.97,
      "Plan Rows": 1,
      "Plan Width": 8,
      "Actual Startup Time": 986.432,
      "Actual Total Time": 1074.908,
      "Actual Rows": 1,
      "Actual Loops": 1,
      "Plans": [
        {
          "Node Type": "Gather",
          "Parent Relationship": "Outer",
          "Parallel Aware": false,
          "Startup Cost": 122707.54,
          "Total Cost": 122707.95,
          "Plan Rows": 4,
          "Plan Width": 8,
          "Actual Startup Time": 985.536,
          "Actual Total Time": 1074.885,
          "Actual Rows": 5,
          "Actual Loops": 1,
          "Workers Planned": 4,
          "Workers Launched": 4,
          "Single Copy": false,
          "Plans": [
            {
              "Node Type": "Aggregate",
              "Strategy": "Plain",
              "Partial Mode": "Partial",
              "Parent Relationship": "Outer",
              "Parallel Aware": false,
              "Startup Cost": 121707.54,
              "Total Cost": 121707.55,
              "Plan Rows": 1,
              "Plan Width": 8,
              "Actual Startup Time": 974.921,
              "Actual Total Time": 974.924,
              "Actual Rows": 1,
              "Actual Loops": 5,
              "Plans": [
                {
                  "Node Type": "Nested Loop",
                  "Parent Relationship": "Outer",
                  "Parallel Aware": false,
                  "Join Type": "Inner",
                  "Startup Cost": 22046.12,
                  "Total Cost": 121540.26,
                  "Plan Rows": 66913,
                  "Plan Width": 0,
                  "Actual Startup Time": 133.465,
                  "Actual Total Time": 968.925,
                  "Actual Rows": 102554,
                  "Actual Loops": 5,
                  "Inner Unique": false,
                  "Plans": [
                    {
                      "Node Type": "Hash Join",
                      "Parent Relationship": "Outer",
                      "Parallel Aware": true,
                      "Join Type": "Inner",
                      "Startup Cost": 22045.55,
                      "Total Cost": 67612.93,
                      "Plan Rows": 27366,
                      "Plan Width": 8,
                      "Actual Startup Time": 133.13,
                      "Actual Total Time": 197.698,
                      "Actual Rows": 20812,
                      "Actual Loops": 5,
                      "Inner Unique": false,
                      "Hash Cond": "(t.id = mc.movie_id)",
                      "Plans": [
                        {
                          "Node Type": "Seq Scan",
                          "Parent Relationship": "Outer",
                          "Parallel Aware": true,
                          "Relation Name": "title",
                          "Alias": "t",
                          "Startup Cost": 0.0,
                          "Total Cost": 42318.73,
                          "Plan Rows": 632073,
                          "Plan Width": 4,
                          "Actual Startup Time": 0.015,
                          "Actual Total Time": 65.902,
                          "Actual Rows": 505662,
                          "Actual Loops": 5
                        },
                        {
                          "Node Type": "Hash",
                          "Parent Relationship": "Inner",
                          "Parallel Aware": true,
                          "Startup Cost": 21604.16,
                          "Total Cost": 21604.16,
                          "Plan Rows": 35311,
                          "Plan Width": 4,
                          "Actual Startup Time": 38.124,
                          "Actual Total Time": 38.125,
                          "Actual Rows": 20812,
                          "Actual Loops": 5,
                          "Hash Buckets": 131072,
                          "Original Hash Buckets": 131072,
                          "Hash Batches": 1,
                          "Original Hash Batches": 1,
                          "Peak Memory Usage": 5184,
                          "Plans": [
                            {
                              "Node Type": "Bitmap Heap Scan",
                              "Parent Relationship": "Outer",
                              "Parallel Aware": true,
                              "Relation Name": "movie_companies",
                              "Alias": "mc",
                              "Startup Cost": 2372.78,
                              "Total Cost": 21604.16,
                              "Plan Rows": 35311,
                              "Plan Width": 4,
                              "Actual Startup Time": 8.293,
                              "Actual Total Time": 27.047,
                              "Actual Rows": 20812,
                              "Actual Loops": 5,
                              "Recheck Cond": "(company_id > 155176)",
                              "Rows Removed by Index Recheck": 0,
                              "Exact Heap Blocks": 1404,
                              "Lossy Heap Blocks": 0,
                              "Plans": [
                                {
                                  "Node Type": "Bitmap Index Scan",
                                  "Parent Relationship": "Outer",
                                  "Parallel Aware": false,
                                  "Index Name": "company_id_movie_companies",
                                  "Startup Cost": 0.0,
                                  "Total Cost": 2345.41,
                                  "Plan Rows": 109464,
                                  "Plan Width": 0,
                                  "Actual Startup Time": 11.929,
                                  "Actual Total Time": 11.93,
                                  "Actual Rows": 104058,
                                  "Actual Loops": 1,
                                  "Index Cond": "(company_id > 155176)"
                                }
                              ]
                            }
                          ]
                        }
                      ]
                    },
                    {
                      "Node Type": "Index Scan",
                      "Parent Relationship": "Inner",
                      "Parallel Aware": false,
                      "Scan Direction": "Forward",
                      "Index Name": "movie_id_cast_info",
                      "Relation Name": "cast_info",
                      "Alias": "ci",
                      "Startup Cost": 0.56,
                      "Total Cost": 1.91,
                      "Plan Rows": 6,
                      "Plan Width": 4,
                      "Actual Startup Time": 0.028,
                      "Actual Total Time": 0.036,
                      "Actual Rows": 5,
                      "Actual Loops": 104058,
                      "Index Cond": "(movie_id = t.id)",
                      "Rows Removed by Index Recheck": 0,
                      "Filter": "(person_id > 3045536)",
                      "Rows Removed by Filter": 21
                    }
                  ]
                }
              ]
            }
          ]
        }
      ]
    },
    "Planning Time": 1.401,
    "Triggers": [],
    "Execution Time": 1075.034
  }
]