{
  "Plan": {
    "Node Type": "Aggregate",
    "Strategy": "Plain",
    "Partial Mode": "Finalize",
    "Parallel Aware": false,
    "Startup Cost": 371198.07,
    "Total Cost": 371198.08,
    "Plan Rows": 1,
    "Plan Width": 8,
    "Actual Startup Time": 781.927,
    "Actual Total Time": 797.232,
    "Actual Rows": 1,
    "Actual Loops": 1,
    "Plans": [
      {
        "Node Type": "Gather",
        "Parent Relationship": "Outer",
        "Parallel Aware": false,
        "Startup Cost": 371197.96,
        "Total Cost": 371198.07,
        "Plan Rows": 1,
        "Plan Width": 8,
        "Actual Startup Time": 780.291,
        "Actual Total Time": 797.224,
        "Actual Rows": 2,
        "Actual Loops": 1,
        "Workers Planned": 1,
        "Workers Launched": 1,
        "Single Copy": false,
        "Plans": [
          {
            "Node Type": "Aggregate",
            "Strategy": "Plain",
            "Partial Mode": "Partial",
            "Parent Relationship": "Outer",
            "Parallel Aware": false,
            "Startup Cost": 370197.96,
            "Total Cost": 370197.97,
            "Plan Rows": 1,
            "Plan Width": 8,
            "Actual Startup Time": 773.897,
            "Actual Total Time": 773.902,
            "Actual Rows": 1,
            "Actual Loops": 2,
            "Plans": [
              {
                "Node Type": "Hash Join",
                "Parent Relationship": "Outer",
                "Parallel Aware": true,
                "Join Type": "Inner",
                "Startup Cost": 100811.71,
                "Total Cost": 369181.47,
                "Plan Rows": 406594,
                "Plan Width": 0,
                "Actual Startup Time": 373.726,
                "Actual Total Time": 757.791,
                "Actual Rows": 378202,
                "Actual Loops": 2,
                "Inner Unique": true,
                "Hash Cond": "(ci.movie_id = t.id)",
                "Plans": [
                  {
                    "Node Type": "Bitmap Heap Scan",
                    "Parent Relationship": "Outer",
                    "Parallel Aware": true,
                    "Relation Name": "cast_info",
                    "Alias": "ci",
                    "Startup Cost": 38933.41,
                    "Total Cost": 304581.37,
                    "Plan Rows": 1036876,
                    "Plan Width": 4,
                    "Actual Startup Time": 63.512,
                    "Actual Total Time": 163.73,
                    "Actual Rows": 891050,
                    "Actual Loops": 2,
                    "Recheck Cond": "(person_id < 177058)",
                    "Rows Removed by Index Recheck": 0,
                    "Exact Heap Blocks": 10012,
                    "Lossy Heap Blocks": 0,
                    "Plans": [
                      {
                        "Node Type": "Bitmap Index Scan",
                        "Parent Relationship": "Outer",
                        "Parallel Aware": false,
                        "Index Name": "person_id_cast_info",
                        "Startup Cost": 0.0,
                        "Total Cost": 38492.74,
                        "Plan Rows": 1762690,
                        "Plan Width": 0,
                        "Actual Startup Time": 60.525,
                        "Actual Total Time": 60.526,
                        "Actual Rows": 1782099,
                        "Actual Loops": 1,
                        "Index Cond": "(person_id < 177058)"
                      }
                    ]
                  },
                  {
                    "Node Type": "Hash",
                    "Parent Relationship": "Inner",
                    "Parallel Aware": true,
                    "Startup Cost": 54588.39,
                    "Total Cost": 54588.39,
                    "Plan Rows": 583193,
                    "Plan Width": 4,
                    "Actual Startup Time": 300.834,
                    "Actual Total Time": 300.835,
                    "Actual Rows": 492524,
                    "Actual Loops": 2,
                    "Hash Buckets": 1048576,
                    "Original Hash Buckets": 1048576,
                    "Hash Batches": 1,
                    "Original Hash Batches": 1,
                    "Peak Memory Usage": 46752,
                    "Plans": [
                      {
                        "Node Type": "Seq Scan",
                        "Parent Relationship": "Outer",
                        "Parallel Aware": true,
                        "Relation Name": "title",
                        "Alias": "t",
                        "Startup Cost": 0.0,
                        "Total Cost": 54588.39,
                        "Plan Rows": 583193,
                        "Plan Width": 4,
                        "Actual Startup Time": 0.037,
                        "Actual Total Time": 156.263,
                        "Actual Rows": 492524,
                        "Actual Loops": 2,
                        "Filter": "(kind_id < 7)",
                        "Rows Removed by Filter": 771632
                      }
                    ]
                  }
                ]
              }
            ]
          }
        ]
      }
    ]
  },
  "Planning Time": 0.742,
  "Triggers": [],
  "Execution Time": 797.324
}