[
    {
        "Bao": {
            "Bao prediction": "NaN",
            "Bao recommended hint": "(no hint)"
        }
    },
    {
        "Plan": {
            "Node Type": "Aggregate",
            "Strategy": "Plain",
            "Partial Mode": "Finalize",
            "Parallel Aware": false,
            "Startup Cost": 214258.82,
            "Total Cost": 214258.83,
            "Plan Rows": 1,
            "Plan Width": 8,
            "Actual Startup Time": 129.079,
            "Actual Total Time": 143.926,
            "Actual Rows": 1,
            "Actual Loops": 1,
            "Output": [
                "count(*)"
            ],
            "Plans": [
                {
                    "Node Type": "Gather",
                    "Parent Relationship": "Outer",
                    "Parallel Aware": false,
                    "Startup Cost": 214258.4,
                    "Total Cost": 214258.81,
                    "Plan Rows": 4,
                    "Plan Width": 8,
                    "Actual Startup Time": 128.97,
                    "Actual Total Time": 143.919,
                    "Actual Rows": 5,
                    "Actual Loops": 1,
                    "Output": [
                        "(PARTIAL count(*))"
                    ],
                    "Workers Planned": 4,
                    "Workers Launched": 4,
                    "Single Copy": false,
                    "Plans": [
                        {
                            "Node Type": "Aggregate",
                            "Strategy": "Plain",
                            "Partial Mode": "Partial",
                            "Parent Relationship": "Outer",
                            "Parallel Aware": false,
                            "Startup Cost": 213258.4,
                            "Total Cost": 213258.41,
                            "Plan Rows": 1,
                            "Plan Width": 8,
                            "Actual Startup Time": 119.411,
                            "Actual Total Time": 119.412,
                            "Actual Rows": 1,
                            "Actual Loops": 5,
                            "Output": [
                                "PARTIAL count(*)"
                            ],
                            "Workers": [
                                {
                                    "Worker Number": 0,
                                    "Actual Startup Time": 116.432,
                                    "Actual Total Time": 116.434,
                                    "Actual Rows": 1,
                                    "Actual Loops": 1
                                },
                                {
                                    "Worker Number": 1,
                                    "Actual Startup Time": 117.133,
                                    "Actual Total Time": 117.134,
                                    "Actual Rows": 1,
                                    "Actual Loops": 1
                                },
                                {
                                    "Worker Number": 2,
                                    "Actual Startup Time": 117.154,
                                    "Actual Total Time": 117.155,
                                    "Actual Rows": 1,
                                    "Actual Loops": 1
                                },
                                {
                                    "Worker Number": 3,
                                    "Actual Startup Time": 117.656,
                                    "Actual Total Time": 117.657,
                                    "Actual Rows": 1,
                                    "Actual Loops": 1
                                }
                            ],
                            "Plans": [
                                {
                                    "Node Type": "Nested Loop",
                                    "Parent Relationship": "Outer",
                                    "Parallel Aware": false,
                                    "Join Type": "Inner",
                                    "Startup Cost": 0.43,
                                    "Total Cost": 213228.99,
                                    "Plan Rows": 11764,
                                    "Plan Width": 0,
                                    "Actual Startup Time": 1.26,
                                    "Actual Total Time": 117.997,
                                    "Actual Rows": 18455,
                                    "Actual Loops": 5,
                                    "Inner Unique": false,
                                    "Workers": [
                                        {
                                            "Worker Number": 0,
                                            "Actual Startup Time": 0.435,
                                            "Actual Total Time": 114.986,
                                            "Actual Rows": 9940,
                                            "Actual Loops": 1
                                        },
                                        {
                                            "Worker Number": 1,
                                            "Actual Startup Time": 0.272,
                                            "Actual Total Time": 115.799,
                                            "Actual Rows": 14877,
                                            "Actual Loops": 1
                                        },
                                        {
                                            "Worker Number": 2,
                                            "Actual Startup Time": 3.291,
                                            "Actual Total Time": 115.876,
                                            "Actual Rows": 14255,
                                            "Actual Loops": 1
                                        },
                                        {
                                            "Worker Number": 3,
                                            "Actual Startup Time": 2.266,
                                            "Actual Total Time": 116.298,
                                            "Actual Rows": 15356,
                                            "Actual Loops": 1
                                        }
                                    ],
                                    "Plans": [
                                        {
                                            "Node Type": "Seq Scan",
                                            "Parent Relationship": "Outer",
                                            "Parallel Aware": true,
                                            "Relation Name": "title",
                                            "Schema": "public",
                                            "Alias": "t",
                                            "Startup Cost": 0.0,
                                            "Total Cost": 45479.21,
                                            "Plan Rows": 2016,
                                            "Plan Width": 4,
                                            "Actual Startup Time": 1.077,
                                            "Actual Total Time": 69.222,
                                            "Actual Rows": 1625,
                                            "Actual Loops": 5,
                                            "Output": [
                                                "t.id",
                                                "t.title",
                                                "t.imdb_index",
                                                "t.kind_id",
                                                "t.production_year",
                                                "t.imdb_id",
                                                "t.phonetic_code",
                                                "t.episode_of_id",
                                                "t.season_nr",
                                                "t.episode_nr",
                                                "t.series_years",
                                                "t.md5sum"
                                            ],
                                            "Filter": "((t.kind_id < 7) AND (t.production_year = 1987))",
                                            "Rows Removed by Filter": 504037,
                                            "Workers": [
                                                {
                                                    "Worker Number": 0,
                                                    "Actual Startup Time": 0.182,
                                                    "Actual Total Time": 63.365,
                                                    "Actual Rows": 912,
                                                    "Actual Loops": 1
                                                },
                                                {
                                                    "Worker Number": 1,
                                                    "Actual Startup Time": 0.074,
                                                    "Actual Total Time": 64.431,
                                                    "Actual Rows": 1398,
                                                    "Actual Loops": 1
                                                },
                                                {
                                                    "Worker Number": 2,
                                                    "Actual Startup Time": 3.053,
                                                    "Actual Total Time": 63.705,
                                                    "Actual Rows": 1323,
                                                    "Actual Loops": 1
                                                },
                                                {
                                                    "Worker Number": 3,
                                                    "Actual Startup Time": 2.056,
                                                    "Actual Total Time": 65.255,
                                                    "Actual Rows": 1402,
                                                    "Actual Loops": 1
                                                }
                                            ]
                                        },
                                        {
                                            "Node Type": "Index Only Scan",
                                            "Parent Relationship": "Inner",
                                            "Parallel Aware": false,
                                            "Scan Direction": "Forward",
                                            "Index Name": "movie_id_movie_info",
                                            "Relation Name": "movie_info",
                                            "Schema": "public",
                                            "Alias": "mi",
                                            "Startup Cost": 0.43,
                                            "Total Cost": 82.82,
                                            "Plan Rows": 39,
                                            "Plan Width": 4,
                                            "Actual Startup Time": 0.012,
                                            "Actual Total Time": 0.029,
                                            "Actual Rows": 11,
                                            "Actual Loops": 8126,
                                            "Output": [
                                                "mi.movie_id"
                                            ],
                                            "Index Cond": "(mi.movie_id = t.id)",
                                            "Rows Removed by Index Recheck": 0,
                                            "Heap Fetches": 92273,
                                            "Workers": [
                                                {
                                                    "Worker Number": 0,
                                                    "Actual Startup Time": 0.022,
                                                    "Actual Total Time": 0.054,
                                                    "Actual Rows": 11,
                                                    "Actual Loops": 912
                                                },
                                                {
                                                    "Worker Number": 1,
                                                    "Actual Startup Time": 0.015,
                                                    "Actual Total Time": 0.035,
                                                    "Actual Rows": 11,
                                                    "Actual Loops": 1398
                                                },
                                                {
                                                    "Worker Number": 2,
                                                    "Actual Startup Time": 0.016,
                                                    "Actual Total Time": 0.038,
                                                    "Actual Rows": 11,
                                                    "Actual Loops": 1323
                                                },
                                                {
                                                    "Worker Number": 3,
                                                    "Actual Startup Time": 0.015,
                                                    "Actual Total Time": 0.035,
                                                    "Actual Rows": 11,
                                                    "Actual Loops": 1402
                                                }
                                            ]
                                        }
                                    ]
                                }
                            ]
                        }
                    ]
                }
            ]
        },
        "Planning Time": 220.583,
        "Triggers": [],
        "Execution Time": 143.989
    }
]