{
  "Plan": {
    "Node Type": "Aggregate",
    "Strategy": "Plain",
    "Partial Mode": "Finalize",
    "Parallel Aware": false,
    "Startup Cost": 104035.55,
    "Total Cost": 104035.56,
    "Plan Rows": 1,
    "Plan Width": 8,
    "Actual Startup Time": 497.984,
    "Actual Total Time": 511.829,
    "Actual Rows": 1,
    "Actual Loops": 1,
    "Plans": [
      {
        "Node Type": "Gather",
        "Parent Relationship": "Outer",
        "Parallel Aware": false,
        "Startup Cost": 104035.43,
        "Total Cost": 104035.54,
        "Plan Rows": 1,
        "Plan Width": 8,
        "Actual Startup Time": 497.264,
        "Actual Total Time": 511.82,
        "Actual Rows": 2,
        "Actual Loops": 1,
        "Workers Planned": 1,
        "Workers Launched": 1,
        "Single Copy": false,
        "Plans": [
          {
            "Node Type": "Aggregate",
            "Strategy": "Plain",
            "Partial Mode": "Partial",
            "Parent Relationship": "Outer",
            "Parallel Aware": false,
            "Startup Cost": 103035.43,
            "Total Cost": 103035.44,
            "Plan Rows": 1,
            "Plan Width": 8,
            "Actual Startup Time": 491.108,
            "Actual Total Time": 491.114,
            "Actual Rows": 1,
            "Actual Loops": 2,
            "Plans": [
              {
                "Node Type": "Hash Join",
                "Parent Relationship": "Outer",
                "Parallel Aware": true,
                "Join Type": "Inner",
                "Startup Cost": 82766.06,
                "Total Cost": 102991.97,
                "Plan Rows": 17384,
                "Plan Width": 0,
                "Actual Startup Time": 374.263,
                "Actual Total Time": 489.209,
                "Actual Rows": 36000,
                "Actual Loops": 2,
                "Inner Unique": false,
                "Hash Cond": "(mi_idx.movie_id = t.id)",
                "Plans": [
                  {
                    "Node Type": "Seq Scan",
                    "Parent Relationship": "Outer",
                    "Parallel Aware": true,
                    "Relation Name": "movie_info_idx",
                    "Alias": "mi_idx",
                    "Startup Cost": 0.0,
                    "Total Cost": 18082.32,
                    "Plan Rows": 544356,
                    "Plan Width": 4,
                    "Actual Startup Time": 0.022,
                    "Actual Total Time": 66.052,
                    "Actual Rows": 460055,
                    "Actual Loops": 2,
                    "Filter": "(info_type_id > 99)",
                    "Rows Removed by Filter": 229962
                  },
                  {
                    "Node Type": "Hash",
                    "Parent Relationship": "Inner",
                    "Parallel Aware": true,
                    "Startup Cost": 82172.39,
                    "Total Cost": 82172.39,
                    "Plan Rows": 47494,
                    "Plan Width": 8,
                    "Actual Startup Time": 371.846,
                    "Actual Total Time": 371.851,
                    "Actual Rows": 42036,
                    "Actual Loops": 2,
                    "Hash Buckets": 131072,
                    "Original Hash Buckets": 131072,
                    "Hash Batches": 1,
                    "Original Hash Batches": 1,
                    "Peak Memory Usage": 4352,
                    "Plans": [
                      {
                        "Node Type": "Hash Join",
                        "Parent Relationship": "Outer",
                        "Parallel Aware": true,
                        "Join Type": "Inner",
                        "Startup Cost": 21727.5,
                        "Total Cost": 82172.39,
                        "Plan Rows": 47494,
                        "Plan Width": 8,
                        "Actual Startup Time": 49.969,
                        "Actual Total Time": 358.982,
                        "Actual Rows": 42036,
                        "Actual Loops": 2,
                        "Inner Unique": false,
                        "Hash Cond": "(t.id = mc.movie_id)",
                        "Plans": [
                          {
                            "Node Type": "Seq Scan",
                            "Parent Relationship": "Outer",
                            "Parallel Aware": true,
                            "Relation Name": "title",
                            "Alias": "t",
                            "Startup Cost": 0.0,
                            "Total Cost": 50870.31,
                            "Plan Rows": 1487231,
                            "Plan Width": 4,
                            "Actual Startup Time": 0.01,
                            "Actual Total Time": 135.462,
                            "Actual Rows": 1264156,
                            "Actual Loops": 2
                          },
                          {
                            "Node Type": "Hash",
                            "Parent Relationship": "Inner",
                            "Parallel Aware": true,
                            "Startup Cost": 21133.83,
                            "Total Cost": 21133.83,
                            "Plan Rows": 47494,
                            "Plan Width": 4,
                            "Actual Startup Time": 48.903,
                            "Actual Total Time": 48.905,
                            "Actual Rows": 42036,
                            "Actual Loops": 2,
                            "Hash Buckets": 131072,
                            "Original Hash Buckets": 131072,
                            "Hash Batches": 1,
                            "Original Hash Batches": 1,
                            "Peak Memory Usage": 4352,
                            "Plans": [
                              {
                                "Node Type": "Bitmap Heap Scan",
                                "Parent Relationship": "Outer",
                                "Parallel Aware": true,
                                "Relation Name": "movie_companies",
                                "Alias": "mc",
                                "Startup Cost": 1750.16,
                                "Total Cost": 21133.83,
                                "Plan Rows": 47494,
                                "Plan Width": 4,
                                "Actual Startup Time": 11.561,
                                "Actual Total Time": 37.63,
                                "Actual Rows": 42036,
                                "Actual Loops": 2,
                                "Recheck Cond": "(company_id < 19)",
                                "Rows Removed by Index Recheck": 0,
                                "Exact Heap Blocks": 6950,
                                "Lossy Heap Blocks": 0,
                                "Plans": [
                                  {
                                    "Node Type": "Bitmap Index Scan",
                                    "Parent Relationship": "Outer",
                                    "Parallel Aware": false,
                                    "Index Name": "company_id_movie_companies",
                                    "Startup Cost": 0.0,
                                    "Total Cost": 1729.97,
                                    "Plan Rows": 80739,
                                    "Plan Width": 0,
                                    "Actual Startup Time": 11.577,
                                    "Actual Total Time": 11.577,
                                    "Actual Rows": 84071,
                                    "Actual Loops": 1,
                                    "Index Cond": "(company_id < 19)"
                                  }
                                ]
                              }
                            ]
                          }
                        ]
                      }
                    ]
                  }
                ]
              }
            ]
          }
        ]
      }
    ]
  },
  "Planning Time": 1.068,
  "Triggers": [],
  "Execution Time": 511.929
}