[
  {
    "Plan": {
      "Node Type": "Aggregate",
      "Strategy": "Plain",
      "Partial Mode": "Finalize",
      "Parallel Aware": false,
      "Startup Cost": 31862.16,
      "Total Cost": 31862.17,
      "Plan Rows": 1,
      "Plan Width": 8,
      "Actual Startup Time": 102.89,
      "Actual Total Time": 110.59,
      "Actual Rows": 1,
      "Actual Loops": 1,
      "Plans": [
        {
          "Node Type": "Gather",
          "Parent Relationship": "Outer",
          "Parallel Aware": false,
          "Startup Cost": 31861.85,
          "Total Cost": 31862.16,
          "Plan Rows": 3,
          "Plan Width": 8,
          "Actual Startup Time": 102.603,
          "Actual Total Time": 110.581,
          "Actual Rows": 4,
          "Actual Loops": 1,
          "Workers Planned": 3,
          "Workers Launched": 3,
          "Single Copy": false,
          "Plans": [
            {
              "Node Type": "Aggregate",
              "Strategy": "Plain",
              "Partial Mode": "Partial",
              "Parent Relationship": "Outer",
              "Parallel Aware": false,
              "Startup Cost": 30861.85,
              "Total Cost": 30861.86,
              "Plan Rows": 1,
              "Plan Width": 8,
              "Actual Startup Time": 96.332,
              "Actual Total Time": 96.336,
              "Actual Rows": 1,
              "Actual Loops": 4,
              "Plans": [
                {
                  "Node Type": "Bitmap Heap Scan",
                  "Parent Relationship": "Outer",
                  "Parallel Aware": true,
                  "Relation Name": "movie_keyword",
                  "Alias": "mk",
                  "Startup Cost": 5218.06,
                  "Total Cost": 30663.55,
                  "Plan Rows": 79319,
                  "Plan Width": 0,
                  "Actual Startup Time": 33.8,
                  "Actual Total Time": 92.24,
                  "Actual Rows": 58996,
                  "Actual Loops": 4,
                  "Recheck Cond": "(keyword_id > 62527)",
                  "Rows Removed by Index Recheck": 0,
                  "Exact Heap Blocks": 11633,
                  "Lossy Heap Blocks": 0,
                  "Plans": [
                    {
                      "Node Type": "Bitmap Index Scan",
                      "Parent Relationship": "Outer",
                      "Parallel Aware": false,
                      "Index Name": "keyword_id_movie_keyword",
                      "Startup Cost": 0.0,
                      "Total Cost": 5156.59,
                      "Plan Rows": 245888,
                      "Plan Width": 0,
                      "Actual Startup Time": 35.212,
                      "Actual Total Time": 35.212,
                      "Actual Rows": 235985,
                      "Actual Loops": 1,
                      "Index Cond": "(keyword_id > 62527)"
                    }
                  ]
                }
              ]
            }
          ]
        }
      ]
    },
    "Planning Time": 0.156,
    "Triggers": [],
    "Execution Time": 110.653
  }
]