{
    "Plan": {
        "Node Type": "Aggregate",
        "Strategy": "Plain",
        "Partial Mode": "Finalize",
        "Parallel Aware": false,
        "Startup Cost": 110982.87,
        "Total Cost": 110982.88,
        "Plan Rows": 1,
        "Plan Width": 8,
        "Actual Startup Time": 268.956,
        "Actual Total Time": 291.974,
        "Actual Rows": 1,
        "Actual Loops": 1,
        "Output": [
            "count(*)"
        ],
        "Plans": [
            {
                "Node Type": "Gather",
                "Parent Relationship": "Outer",
                "Parallel Aware": false,
                "Startup Cost": 110982.35,
                "Total Cost": 110982.86,
                "Plan Rows": 5,
                "Plan Width": 8,
                "Actual Startup Time": 268.858,
                "Actual Total Time": 291.963,
                "Actual Rows": 6,
                "Actual Loops": 1,
                "Output": [
                    "(PARTIAL count(*))"
                ],
                "Workers Planned": 5,
                "Workers Launched": 5,
                "Single Copy": false,
                "Plans": [
                    {
                        "Node Type": "Aggregate",
                        "Strategy": "Plain",
                        "Partial Mode": "Partial",
                        "Parent Relationship": "Outer",
                        "Parallel Aware": false,
                        "Startup Cost": 109982.35,
                        "Total Cost": 109982.36,
                        "Plan Rows": 1,
                        "Plan Width": 8,
                        "Actual Startup Time": 260.103,
                        "Actual Total Time": 260.104,
                        "Actual Rows": 1,
                        "Actual Loops": 6,
                        "Output": [
                            "PARTIAL count(*)"
                        ],
                        "Workers": [
                            {
                                "Worker Number": 0,
                                "Actual Startup Time": 255.442,
                                "Actual Total Time": 255.444,
                                "Actual Rows": 1,
                                "Actual Loops": 1
                            },
                            {
                                "Worker Number": 1,
                                "Actual Startup Time": 259.718,
                                "Actual Total Time": 259.72,
                                "Actual Rows": 1,
                                "Actual Loops": 1
                            },
                            {
                                "Worker Number": 2,
                                "Actual Startup Time": 256.473,
                                "Actual Total Time": 256.474,
                                "Actual Rows": 1,
                                "Actual Loops": 1
                            },
                            {
                                "Worker Number": 3,
                                "Actual Startup Time": 258.644,
                                "Actual Total Time": 258.646,
                                "Actual Rows": 1,
                                "Actual Loops": 1
                            },
                            {
                                "Worker Number": 4,
                                "Actual Startup Time": 262.725,
                                "Actual Total Time": 262.726,
                                "Actual Rows": 1,
                                "Actual Loops": 1
                            }
                        ],
                        "Plans": [
                            {
                                "Node Type": "Index Scan",
                                "Parent Relationship": "Outer",
                                "Parallel Aware": true,
                                "Scan Direction": "Forward",
                                "Index Name": "role_id_cast_info",
                                "Relation Name": "cast_info",
                                "Schema": "public",
                                "Alias": "ci",
                                "Startup Cost": 0.56,
                                "Total Cost": 109204.72,
                                "Plan Rows": 311054,
                                "Plan Width": 0,
                                "Actual Startup Time": 0.269,
                                "Actual Total Time": 237.134,
                                "Actual Rows": 412723,
                                "Actual Loops": 6,
                                "Output": [
                                    "id",
                                    "person_id",
                                    "movie_id",
                                    "person_role_id",
                                    "note",
                                    "nr_order",
                                    "role_id"
                                ],
                                "Index Cond": "(ci.role_id = 3)",
                                "Rows Removed by Index Recheck": 0,
                                "Filter": "(ci.person_id > 2248978)",
                                "Rows Removed by Filter": 255283,
                                "Workers": [
                                    {
                                        "Worker Number": 0,
                                        "Actual Startup Time": 0.214,
                                        "Actual Total Time": 231.572,
                                        "Actual Rows": 333865,
                                        "Actual Loops": 1
                                    },
                                    {
                                        "Worker Number": 1,
                                        "Actual Startup Time": 0.242,
                                        "Actual Total Time": 235.912,
                                        "Actual Rows": 351394,
                                        "Actual Loops": 1
                                    },
                                    {
                                        "Worker Number": 2,
                                        "Actual Startup Time": 0.454,
                                        "Actual Total Time": 234.77,
                                        "Actual Rows": 461850,
                                        "Actual Loops": 1
                                    },
                                    {
                                        "Worker Number": 3,
                                        "Actual Startup Time": 0.175,
                                        "Actual Total Time": 234.405,
                                        "Actual Rows": 338627,
                                        "Actual Loops": 1
                                    },
                                    {
                                        "Worker Number": 4,
                                        "Actual Startup Time": 0.094,
                                        "Actual Total Time": 240.837,
                                        "Actual Rows": 518580,
                                        "Actual Loops": 1
                                    }
                                ]
                            }
                        ]
                    }
                ]
            }
        ]
    },
    "Planning Time": 2.308,
    "Triggers": [],
    "Execution Time": 292.324
}