{
  "Plan": {
    "Node Type": "Aggregate",
    "Strategy": "Plain",
    "Partial Mode": "Finalize",
    "Parallel Aware": false,
    "Startup Cost": 75462.24,
    "Total Cost": 75462.25,
    "Plan Rows": 1,
    "Plan Width": 8,
    "Actual Startup Time": 275.417,
    "Actual Total Time": 288.392,
    "Actual Rows": 1,
    "Actual Loops": 1,
    "Plans": [
      {
        "Node Type": "Gather",
        "Parent Relationship": "Outer",
        "Parallel Aware": false,
        "Startup Cost": 75462.13,
        "Total Cost": 75462.24,
        "Plan Rows": 1,
        "Plan Width": 8,
        "Actual Startup Time": 274.79,
        "Actual Total Time": 288.382,
        "Actual Rows": 2,
        "Actual Loops": 1,
        "Workers Planned": 1,
        "Workers Launched": 1,
        "Single Copy": false,
        "Plans": [
          {
            "Node Type": "Aggregate",
            "Strategy": "Plain",
            "Partial Mode": "Partial",
            "Parent Relationship": "Outer",
            "Parallel Aware": false,
            "Startup Cost": 74462.13,
            "Total Cost": 74462.14,
            "Plan Rows": 1,
            "Plan Width": 8,
            "Actual Startup Time": 269.33,
            "Actual Total Time": 269.333,
            "Actual Rows": 1,
            "Actual Loops": 2,
            "Plans": [
              {
                "Node Type": "Hash Join",
                "Parent Relationship": "Outer",
                "Parallel Aware": true,
                "Join Type": "Inner",
                "Startup Cost": 55639.99,
                "Total Cost": 74424.31,
                "Plan Rows": 15128,
                "Plan Width": 0,
                "Actual Startup Time": 178.096,
                "Actual Total Time": 268.766,
                "Actual Rows": 10131,
                "Actual Loops": 2,
                "Inner Unique": true,
                "Hash Cond": "(mi_idx.movie_id = t.id)",
                "Plans": [
                  {
                    "Node Type": "Seq Scan",
                    "Parent Relationship": "Outer",
                    "Parallel Aware": true,
                    "Relation Name": "movie_info_idx",
                    "Alias": "mi_idx",
                    "Startup Cost": 0.0,
                    "Total Cost": 18082.32,
                    "Plan Rows": 267429,
                    "Plan Width": 4,
                    "Actual Startup Time": 0.021,
                    "Actual Total Time": 59.939,
                    "Actual Rows": 229962,
                    "Actual Loops": 2,
                    "Filter": "(info_type_id < 100)",
                    "Rows Removed by Filter": 460055
                  },
                  {
                    "Node Type": "Hash",
                    "Parent Relationship": "Inner",
                    "Parallel Aware": true,
                    "Startup Cost": 54588.39,
                    "Total Cost": 54588.39,
                    "Plan Rows": 84128,
                    "Plan Width": 4,
                    "Actual Startup Time": 170.927,
                    "Actual Total Time": 170.928,
                    "Actual Rows": 72770,
                    "Actual Loops": 2,
                    "Hash Buckets": 262144,
                    "Original Hash Buckets": 262144,
                    "Hash Batches": 1,
                    "Original Hash Batches": 1,
                    "Peak Memory Usage": 7776,
                    "Plans": [
                      {
                        "Node Type": "Seq Scan",
                        "Parent Relationship": "Outer",
                        "Parallel Aware": true,
                        "Relation Name": "title",
                        "Alias": "t",
                        "Startup Cost": 0.0,
                        "Total Cost": 54588.39,
                        "Plan Rows": 84128,
                        "Plan Width": 4,
                        "Actual Startup Time": 5.594,
                        "Actual Total Time": 151.952,
                        "Actual Rows": 72770,
                        "Actual Loops": 2,
                        "Filter": "(production_year < 1942)",
                        "Rows Removed by Filter": 1191386
                      }
                    ]
                  }
                ]
              }
            ]
          }
        ]
      }
    ]
  },
  "Planning Time": 0.43,
  "Triggers": [],
  "Execution Time": 288.461
}