{
  "Plan": {
    "Node Type": "Aggregate",
    "Strategy": "Plain",
    "Partial Mode": "Finalize",
    "Parallel Aware": false,
    "Startup Cost": 476020.36,
    "Total Cost": 476020.37,
    "Plan Rows": 1,
    "Plan Width": 8,
    "Actual Startup Time": 1801.065,
    "Actual Total Time": 1839.678,
    "Actual Rows": 1,
    "Actual Loops": 1,
    "Plans": [
      {
        "Node Type": "Gather",
        "Parent Relationship": "Outer",
        "Parallel Aware": false,
        "Startup Cost": 476020.25,
        "Total Cost": 476020.36,
        "Plan Rows": 1,
        "Plan Width": 8,
        "Actual Startup Time": 1800.577,
        "Actual Total Time": 1839.669,
        "Actual Rows": 2,
        "Actual Loops": 1,
        "Workers Planned": 1,
        "Workers Launched": 1,
        "Single Copy": false,
        "Plans": [
          {
            "Node Type": "Aggregate",
            "Strategy": "Plain",
            "Partial Mode": "Partial",
            "Parent Relationship": "Outer",
            "Parallel Aware": false,
            "Startup Cost": 475020.25,
            "Total Cost": 475020.26,
            "Plan Rows": 1,
            "Plan Width": 8,
            "Actual Startup Time": 1796.869,
            "Actual Total Time": 1796.873,
            "Actual Rows": 1,
            "Actual Loops": 2,
            "Plans": [
              {
                "Node Type": "Hash Join",
                "Parent Relationship": "Outer",
                "Parallel Aware": true,
                "Join Type": "Inner",
                "Startup Cost": 55317.23,
                "Total Cost": 474346.73,
                "Plan Rows": 269407,
                "Plan Width": 0,
                "Actual Startup Time": 245.056,
                "Actual Total Time": 1792.924,
                "Actual Rows": 80887,
                "Actual Loops": 2,
                "Inner Unique": true,
                "Hash Cond": "(ci.movie_id = t.id)",
                "Plans": [
                  {
                    "Node Type": "Index Scan",
                    "Parent Relationship": "Outer",
                    "Parallel Aware": true,
                    "Scan Direction": "Forward",
                    "Index Name": "role_id_cast_info",
                    "Relation Name": "cast_info",
                    "Alias": "ci",
                    "Startup Cost": 0.56,
                    "Total Cost": 400977.7,
                    "Plan Rows": 6877078,
                    "Plan Width": 4,
                    "Actual Startup Time": 98.998,
                    "Actual Total Time": 980.728,
                    "Actual Rows": 5517951,
                    "Actual Loops": 2,
                    "Index Cond": "(role_id = 1)",
                    "Rows Removed by Index Recheck": 0,
                    "Filter": "(person_id > 222649)",
                    "Rows Removed by Filter": 817393
                  },
                  {
                    "Node Type": "Hash",
                    "Parent Relationship": "Inner",
                    "Parallel Aware": true,
                    "Startup Cost": 54588.39,
                    "Total Cost": 54588.39,
                    "Plan Rows": 58262,
                    "Plan Width": 4,
                    "Actual Startup Time": 143.793,
                    "Actual Total Time": 143.794,
                    "Actual Rows": 50597,
                    "Actual Loops": 2,
                    "Hash Buckets": 131072,
                    "Original Hash Buckets": 131072,
                    "Hash Batches": 1,
                    "Original Hash Batches": 1,
                    "Peak Memory Usage": 5024,
                    "Plans": [
                      {
                        "Node Type": "Seq Scan",
                        "Parent Relationship": "Outer",
                        "Parallel Aware": true,
                        "Relation Name": "title",
                        "Alias": "t",
                        "Startup Cost": 0.0,
                        "Total Cost": 54588.39,
                        "Plan Rows": 58262,
                        "Plan Width": 4,
                        "Actual Startup Time": 66.175,
                        "Actual Total Time": 132.326,
                        "Actual Rows": 50597,
                        "Actual Loops": 2,
                        "Filter": "(production_year < 1925)",
                        "Rows Removed by Filter": 1213559
                      }
                    ]
                  }
                ]
              }
            ]
          }
        ]
      }
    ]
  },
  "Planning Time": 0.488,
  "Triggers": [],
  "Execution Time": 1839.754
}