[
  {
    "Plan": {
      "Node Type": "Aggregate",
      "Strategy": "Plain",
      "Partial Mode": "Finalize",
      "Parallel Aware": false,
      "Startup Cost": 9803.92,
      "Total Cost": 9803.93,
      "Plan Rows": 1,
      "Plan Width": 8,
      "Actual Startup Time": 38.985,
      "Actual Total Time": 41.498,
      "Actual Rows": 1,
      "Actual Loops": 1,
      "Plans": [
        {
          "Node Type": "Gather",
          "Parent Relationship": "Outer",
          "Parallel Aware": false,
          "Startup Cost": 9803.6,
          "Total Cost": 9803.91,
          "Plan Rows": 3,
          "Plan Width": 8,
          "Actual Startup Time": 38.849,
          "Actual Total Time": 41.487,
          "Actual Rows": 4,
          "Actual Loops": 1,
          "Workers Planned": 3,
          "Workers Launched": 3,
          "Single Copy": false,
          "Plans": [
            {
              "Node Type": "Aggregate",
              "Strategy": "Plain",
              "Partial Mode": "Partial",
              "Parent Relationship": "Outer",
              "Parallel Aware": false,
              "Startup Cost": 8803.6,
              "Total Cost": 8803.61,
              "Plan Rows": 1,
              "Plan Width": 8,
              "Actual Startup Time": 31.237,
              "Actual Total Time": 31.238,
              "Actual Rows": 1,
              "Actual Loops": 4,
              "Plans": [
                {
                  "Node Type": "Index Scan",
                  "Parent Relationship": "Outer",
                  "Parallel Aware": true,
                  "Scan Direction": "Forward",
                  "Index Name": "role_id_cast_info",
                  "Relation Name": "cast_info",
                  "Alias": "ci",
                  "Startup Cost": 0.56,
                  "Total Cost": 8600.37,
                  "Plan Rows": 81293,
                  "Plan Width": 0,
                  "Actual Startup Time": 0.134,
                  "Actual Total Time": 28.45,
                  "Actual Rows": 27708,
                  "Actual Loops": 4,
                  "Index Cond": "(role_id > 10)",
                  "Rows Removed by Index Recheck": 0,
                  "Filter": "(person_id < 3110834)",
                  "Rows Removed by Filter": 51321
                }
              ]
            }
          ]
        }
      ]
    },
    "Planning Time": 0.226,
    "Triggers": [],
    "Execution Time": 41.559
  }
]