{
  "Plan": {
    "Node Type": "Aggregate",
    "Strategy": "Plain",
    "Partial Mode": "Finalize",
    "Parallel Aware": false,
    "Startup Cost": 1498513.23,
    "Total Cost": 1498513.24,
    "Plan Rows": 1,
    "Plan Width": 8,
    "Actual Startup Time": 3696.533,
    "Actual Total Time": 3748.604,
    "Actual Rows": 1,
    "Actual Loops": 1,
    "Plans": [
      {
        "Node Type": "Gather",
        "Parent Relationship": "Outer",
        "Parallel Aware": false,
        "Startup Cost": 1498513.12,
        "Total Cost": 1498513.23,
        "Plan Rows": 1,
        "Plan Width": 8,
        "Actual Startup Time": 3696.25,
        "Actual Total Time": 3748.596,
        "Actual Rows": 2,
        "Actual Loops": 1,
        "Workers Planned": 1,
        "Workers Launched": 1,
        "Single Copy": false,
        "Plans": [
          {
            "Node Type": "Aggregate",
            "Strategy": "Plain",
            "Partial Mode": "Partial",
            "Parent Relationship": "Outer",
            "Parallel Aware": false,
            "Startup Cost": 1497513.12,
            "Total Cost": 1497513.13,
            "Plan Rows": 1,
            "Plan Width": 8,
            "Actual Startup Time": 3690.088,
            "Actual Total Time": 3690.09,
            "Actual Rows": 1,
            "Actual Loops": 2,
            "Plans": [
              {
                "Node Type": "Merge Join",
                "Parent Relationship": "Outer",
                "Parallel Aware": false,
                "Join Type": "Inner",
                "Startup Cost": 22.33,
                "Total Cost": 1481130.36,
                "Plan Rows": 6553101,
                "Plan Width": 0,
                "Actual Startup Time": 12.485,
                "Actual Total Time": 3583.541,
                "Actual Rows": 2629994,
                "Actual Loops": 2,
                "Inner Unique": false,
                "Merge Cond": "(mi.movie_id = t.id)",
                "Plans": [
                  {
                    "Node Type": "Index Only Scan",
                    "Parent Relationship": "Outer",
                    "Parallel Aware": true,
                    "Scan Direction": "Forward",
                    "Index Name": "movie_id_movie_info",
                    "Relation Name": "movie_info",
                    "Alias": "mi",
                    "Startup Cost": 0.43,
                    "Total Cost": 1018223.42,
                    "Plan Rows": 8696274,
                    "Plan Width": 4,
                    "Actual Startup Time": 0.099,
                    "Actual Total Time": 750.342,
                    "Actual Rows": 2365869,
                    "Actual Loops": 2,
                    "Heap Fetches": 4731738
                  },
                  {
                    "Node Type": "Materialize",
                    "Parent Relationship": "Inner",
                    "Parallel Aware": false,
                    "Startup Cost": 14.73,
                    "Total Cost": 347898.55,
                    "Plan Rows": 1905202,
                    "Plan Width": 8,
                    "Actual Startup Time": 8.905,
                    "Actual Total Time": 2459.542,
                    "Actual Rows": 2870958,
                    "Actual Loops": 2,
                    "Plans": [
                      {
                        "Node Type": "Merge Join",
                        "Parent Relationship": "Outer",
                        "Parallel Aware": false,
                        "Join Type": "Inner",
                        "Startup Cost": 14.73,
                        "Total Cost": 343135.55,
                        "Plan Rows": 1905202,
                        "Plan Width": 8,
                        "Actual Startup Time": 8.895,
                        "Actual Total Time": 2306.795,
                        "Actual Rows": 481939,
                        "Actual Loops": 2,
                        "Inner Unique": false,
                        "Merge Cond": "(t.id = mk.movie_id)",
                        "Plans": [
                          {
                            "Node Type": "Index Scan",
                            "Parent Relationship": "Outer",
                            "Parallel Aware": false,
                            "Scan Direction": "Forward",
                            "Index Name": "title_pkey",
                            "Relation Name": "title",
                            "Alias": "t",
                            "Startup Cost": 0.43,
                            "Total Cost": 122981.43,
                            "Plan Rows": 1255477,
                            "Plan Width": 4,
                            "Actual Startup Time": 0.161,
                            "Actual Total Time": 1256.466,
                            "Actual Rows": 1221533,
                            "Actual Loops": 2,
                            "Filter": "((production_year < 2011) AND (kind_id = 7))",
                            "Rows Removed by Filter": 1305051
                          },
                          {
                            "Node Type": "Index Scan",
                            "Parent Relationship": "Inner",
                            "Parallel Aware": false,
                            "Scan Direction": "Forward",
                            "Index Name": "movie_id_movie_keyword",
                            "Relation Name": "movie_keyword",
                            "Alias": "mk",
                            "Startup Cost": 0.43,
                            "Total Cost": 188497.89,
                            "Plan Rows": 3836716,
                            "Plan Width": 4,
                            "Actual Startup Time": 0.583,
                            "Actual Total Time": 792.452,
                            "Actual Rows": 3829629,
                            "Actual Loops": 2,
                            "Filter": "(keyword_id > 574)",
                            "Rows Removed by Filter": 694301
                          }
                        ]
                      }
                    ]
                  }
                ]
              }
            ]
          }
        ]
      }
    ]
  },
  "Planning Time": 1.108,
  "Triggers": [],
  "Execution Time": 3748.71
}