{
    "Plan": {
        "Node Type": "Aggregate",
        "Strategy": "Plain",
        "Partial Mode": "Finalize",
        "Parallel Aware": false,
        "Startup Cost": 431669.23,
        "Total Cost": 431669.24,
        "Plan Rows": 1,
        "Plan Width": 8,
        "Actual Startup Time": 2660.337,
        "Actual Total Time": 2717.583,
        "Actual Rows": 1,
        "Actual Loops": 1,
        "Output": [
            "count(*)"
        ],
        "Plans": [
            {
                "Node Type": "Gather",
                "Parent Relationship": "Outer",
                "Parallel Aware": false,
                "Startup Cost": 431668.61,
                "Total Cost": 431669.22,
                "Plan Rows": 6,
                "Plan Width": 8,
                "Actual Startup Time": 2628.421,
                "Actual Total Time": 2717.569,
                "Actual Rows": 7,
                "Actual Loops": 1,
                "Output": [
                    "(PARTIAL count(*))"
                ],
                "Workers Planned": 6,
                "Workers Launched": 6,
                "Single Copy": false,
                "Plans": [
                    {
                        "Node Type": "Aggregate",
                        "Strategy": "Plain",
                        "Partial Mode": "Partial",
                        "Parent Relationship": "Outer",
                        "Parallel Aware": false,
                        "Startup Cost": 430668.61,
                        "Total Cost": 430668.62,
                        "Plan Rows": 1,
                        "Plan Width": 8,
                        "Actual Startup Time": 2610.945,
                        "Actual Total Time": 2610.951,
                        "Actual Rows": 1,
                        "Actual Loops": 7,
                        "Output": [
                            "PARTIAL count(*)"
                        ],
                        "Workers": [
                            {
                                "Worker Number": 0,
                                "Actual Startup Time": 2608.069,
                                "Actual Total Time": 2608.074,
                                "Actual Rows": 1,
                                "Actual Loops": 1
                            },
                            {
                                "Worker Number": 1,
                                "Actual Startup Time": 2608.07,
                                "Actual Total Time": 2608.075,
                                "Actual Rows": 1,
                                "Actual Loops": 1
                            },
                            {
                                "Worker Number": 2,
                                "Actual Startup Time": 2608.203,
                                "Actual Total Time": 2608.209,
                                "Actual Rows": 1,
                                "Actual Loops": 1
                            },
                            {
                                "Worker Number": 3,
                                "Actual Startup Time": 2608.286,
                                "Actual Total Time": 2608.292,
                                "Actual Rows": 1,
                                "Actual Loops": 1
                            },
                            {
                                "Worker Number": 4,
                                "Actual Startup Time": 2608.284,
                                "Actual Total Time": 2608.29,
                                "Actual Rows": 1,
                                "Actual Loops": 1
                            },
                            {
                                "Worker Number": 5,
                                "Actual Startup Time": 2608.34,
                                "Actual Total Time": 2608.346,
                                "Actual Rows": 1,
                                "Actual Loops": 1
                            }
                        ],
                        "Plans": [
                            {
                                "Node Type": "Hash Join",
                                "Parent Relationship": "Outer",
                                "Parallel Aware": true,
                                "Join Type": "Inner",
                                "Startup Cost": 85770.32,
                                "Total Cost": 427494.04,
                                "Plan Rows": 1269827,
                                "Plan Width": 0,
                                "Actual Startup Time": 942.968,
                                "Actual Total Time": 2444.547,
                                "Actual Rows": 2867539,
                                "Actual Loops": 7,
                                "Inner Unique": false,
                                "Hash Cond": "(ci.movie_id = t.id)",
                                "Workers": [
                                    {
                                        "Worker Number": 0,
                                        "Actual Startup Time": 940.297,
                                        "Actual Total Time": 2438.315,
                                        "Actual Rows": 2757756,
                                        "Actual Loops": 1
                                    },
                                    {
                                        "Worker Number": 1,
                                        "Actual Startup Time": 940.287,
                                        "Actual Total Time": 2439.3,
                                        "Actual Rows": 2742533,
                                        "Actual Loops": 1
                                    },
                                    {
                                        "Worker Number": 2,
                                        "Actual Startup Time": 940.493,
                                        "Actual Total Time": 2443.694,
                                        "Actual Rows": 2674115,
                                        "Actual Loops": 1
                                    },
                                    {
                                        "Worker Number": 3,
                                        "Actual Startup Time": 940.555,
                                        "Actual Total Time": 2462.428,
                                        "Actual Rows": 3592743,
                                        "Actual Loops": 1
                                    },
                                    {
                                        "Worker Number": 4,
                                        "Actual Startup Time": 940.467,
                                        "Actual Total Time": 2442.775,
                                        "Actual Rows": 2694365,
                                        "Actual Loops": 1
                                    },
                                    {
                                        "Worker Number": 5,
                                        "Actual Startup Time": 940.624,
                                        "Actual Total Time": 2441.562,
                                        "Actual Rows": 2712035,
                                        "Actual Loops": 1
                                    }
                                ],
                                "Plans": [
                                    {
                                        "Node Type": "Seq Scan",
                                        "Parent Relationship": "Outer",
                                        "Parallel Aware": true,
                                        "Relation Name": "cast_info",
                                        "Schema": "public",
                                        "Alias": "ci",
                                        "Startup Cost": 0.0,
                                        "Total Cost": 328213.62,
                                        "Plan Rows": 2510369,
                                        "Plan Width": 4,
                                        "Actual Startup Time": 280.164,
                                        "Actual Total Time": 736.599,
                                        "Actual Rows": 2164146,
                                        "Actual Loops": 7,
                                        "Output": [
                                            "ci.id",
                                            "ci.person_id",
                                            "ci.movie_id",
                                            "ci.person_role_id",
                                            "ci.note",
                                            "ci.nr_order",
                                            "ci.role_id"
                                        ],
                                        "Filter": "(ci.person_id > 2129884)",
                                        "Rows Removed by Filter": 3013617,
                                        "Workers": [
                                            {
                                                "Worker Number": 0,
                                                "Actual Startup Time": 280.182,
                                                "Actual Total Time": 747.404,
                                                "Actual Rows": 2068638,
                                                "Actual Loops": 1
                                            },
                                            {
                                                "Worker Number": 1,
                                                "Actual Startup Time": 280.199,
                                                "Actual Total Time": 745.865,
                                                "Actual Rows": 2059220,
                                                "Actual Loops": 1
                                            },
                                            {
                                                "Worker Number": 2,
                                                "Actual Startup Time": 280.125,
                                                "Actual Total Time": 750.893,
                                                "Actual Rows": 2027969,
                                                "Actual Loops": 1
                                            },
                                            {
                                                "Worker Number": 3,
                                                "Actual Startup Time": 280.171,
                                                "Actual Total Time": 728.673,
                                                "Actual Rows": 2695919,
                                                "Actual Loops": 1
                                            },
                                            {
                                                "Worker Number": 4,
                                                "Actual Startup Time": 280.144,
                                                "Actual Total Time": 750.503,
                                                "Actual Rows": 2034204,
                                                "Actual Loops": 1
                                            },
                                            {
                                                "Worker Number": 5,
                                                "Actual Startup Time": 280.163,
                                                "Actual Total Time": 747.713,
                                                "Actual Rows": 2065514,
                                                "Actual Loops": 1
                                            }
                                        ]
                                    },
                                    {
                                        "Node Type": "Hash",
                                        "Parent Relationship": "Inner",
                                        "Parallel Aware": true,
                                        "Startup Cost": 80613.43,
                                        "Total Cost": 80613.43,
                                        "Plan Rows": 412551,
                                        "Plan Width": 8,
                                        "Actual Startup Time": 657.729,
                                        "Actual Total Time": 657.734,
                                        "Actual Rows": 182035,
                                        "Actual Loops": 7,
                                        "Output": [
                                            "t.id",
                                            "mc.movie_id"
                                        ],
                                        "Hash Buckets": 2097152,
                                        "Original Hash Buckets": 2097152,
                                        "Hash Batches": 1,
                                        "Original Hash Batches": 1,
                                        "Peak Memory Usage": 66336,
                                        "Workers": [
                                            {
                                                "Worker Number": 0,
                                                "Actual Startup Time": 659.361,
                                                "Actual Total Time": 659.365,
                                                "Actual Rows": 175512,
                                                "Actual Loops": 1
                                            },
                                            {
                                                "Worker Number": 1,
                                                "Actual Startup Time": 659.312,
                                                "Actual Total Time": 659.315,
                                                "Actual Rows": 174935,
                                                "Actual Loops": 1
                                            },
                                            {
                                                "Worker Number": 2,
                                                "Actual Startup Time": 659.501,
                                                "Actual Total Time": 659.505,
                                                "Actual Rows": 167970,
                                                "Actual Loops": 1
                                            },
                                            {
                                                "Worker Number": 3,
                                                "Actual Startup Time": 659.691,
                                                "Actual Total Time": 659.695,
                                                "Actual Rows": 214477,
                                                "Actual Loops": 1
                                            },
                                            {
                                                "Worker Number": 4,
                                                "Actual Startup Time": 659.621,
                                                "Actual Total Time": 659.624,
                                                "Actual Rows": 169077,
                                                "Actual Loops": 1
                                            },
                                            {
                                                "Worker Number": 5,
                                                "Actual Startup Time": 659.792,
                                                "Actual Total Time": 659.796,
                                                "Actual Rows": 174893,
                                                "Actual Loops": 1
                                            }
                                        ],
                                        "Plans": [
                                            {
                                                "Node Type": "Hash Join",
                                                "Parent Relationship": "Outer",
                                                "Parallel Aware": true,
                                                "Join Type": "Inner",
                                                "Startup Cost": 50219.81,
                                                "Total Cost": 80613.43,
                                                "Plan Rows": 412551,
                                                "Plan Width": 8,
                                                "Actual Startup Time": 343.688,
                                                "Actual Total Time": 497.054,
                                                "Actual Rows": 182035,
                                                "Actual Loops": 7,
                                                "Output": [
                                                    "t.id",
                                                    "mc.movie_id"
                                                ],
                                                "Inner Unique": true,
                                                "Hash Cond": "(mc.movie_id = t.id)",
                                                "Workers": [
                                                    {
                                                        "Worker Number": 0,
                                                        "Actual Startup Time": 343.665,
                                                        "Actual Total Time": 496.787,
                                                        "Actual Rows": 175512,
                                                        "Actual Loops": 1
                                                    },
                                                    {
                                                        "Worker Number": 1,
                                                        "Actual Startup Time": 343.727,
                                                        "Actual Total Time": 497.005,
                                                        "Actual Rows": 174935,
                                                        "Actual Loops": 1
                                                    },
                                                    {
                                                        "Worker Number": 2,
                                                        "Actual Startup Time": 343.735,
                                                        "Actual Total Time": 499.677,
                                                        "Actual Rows": 167970,
                                                        "Actual Loops": 1
                                                    },
                                                    {
                                                        "Worker Number": 3,
                                                        "Actual Startup Time": 343.65,
                                                        "Actual Total Time": 496.809,
                                                        "Actual Rows": 214477,
                                                        "Actual Loops": 1
                                                    },
                                                    {
                                                        "Worker Number": 4,
                                                        "Actual Startup Time": 343.615,
                                                        "Actual Total Time": 497.474,
                                                        "Actual Rows": 169077,
                                                        "Actual Loops": 1
                                                    },
                                                    {
                                                        "Worker Number": 5,
                                                        "Actual Startup Time": 343.617,
                                                        "Actual Total Time": 496.516,
                                                        "Actual Rows": 174893,
                                                        "Actual Loops": 1
                                                    }
                                                ],
                                                "Plans": [
                                                    {
                                                        "Node Type": "Seq Scan",
                                                        "Parent Relationship": "Outer",
                                                        "Parallel Aware": true,
                                                        "Relation Name": "movie_companies",
                                                        "Schema": "public",
                                                        "Alias": "mc",
                                                        "Startup Cost": 0.0,
                                                        "Total Cost": 29310.68,
                                                        "Plan Rows": 412551,
                                                        "Plan Width": 4,
                                                        "Actual Startup Time": 0.034,
                                                        "Actual Total Time": 63.821,
                                                        "Actual Rows": 182035,
                                                        "Actual Loops": 7,
                                                        "Output": [
                                                            "mc.id",
                                                            "mc.movie_id",
                                                            "mc.company_id",
                                                            "mc.company_type_id",
                                                            "mc.note"
                                                        ],
                                                        "Filter": "(mc.company_type_id = 1)",
                                                        "Rows Removed by Filter": 190698,
                                                        "Workers": [
                                                            {
                                                                "Worker Number": 0,
                                                                "Actual Startup Time": 0.034,
                                                                "Actual Total Time": 65.62,
                                                                "Actual Rows": 175512,
                                                                "Actual Loops": 1
                                                            },
                                                            {
                                                                "Worker Number": 1,
                                                                "Actual Startup Time": 0.035,
                                                                "Actual Total Time": 65.791,
                                                                "Actual Rows": 174935,
                                                                "Actual Loops": 1
                                                            },
                                                            {
                                                                "Worker Number": 2,
                                                                "Actual Startup Time": 0.038,
                                                                "Actual Total Time": 65.02,
                                                                "Actual Rows": 167970,
                                                                "Actual Loops": 1
                                                            },
                                                            {
                                                                "Worker Number": 3,
                                                                "Actual Startup Time": 0.038,
                                                                "Actual Total Time": 61.884,
                                                                "Actual Rows": 214477,
                                                                "Actual Loops": 1
                                                            },
                                                            {
                                                                "Worker Number": 4,
                                                                "Actual Startup Time": 0.039,
                                                                "Actual Total Time": 65.061,
                                                                "Actual Rows": 169077,
                                                                "Actual Loops": 1
                                                            },
                                                            {
                                                                "Worker Number": 5,
                                                                "Actual Startup Time": 0.038,
                                                                "Actual Total Time": 65.637,
                                                                "Actual Rows": 174893,
                                                                "Actual Loops": 1
                                                            }
                                                        ]
                                                    },
                                                    {
                                                        "Node Type": "Hash",
                                                        "Parent Relationship": "Inner",
                                                        "Parallel Aware": true,
                                                        "Startup Cost": 42318.81,
                                                        "Total Cost": 42318.81,
                                                        "Plan Rows": 632080,
                                                        "Plan Width": 4,
                                                        "Actual Startup Time": 338.354,
                                                        "Actual Total Time": 338.355,
                                                        "Actual Rows": 361187,
                                                        "Actual Loops": 7,
                                                        "Output": [
                                                            "t.id"
                                                        ],
                                                        "Hash Buckets": 4194304,
                                                        "Original Hash Buckets": 4194304,
                                                        "Hash Batches": 1,
                                                        "Original Hash Batches": 1,
                                                        "Peak Memory Usage": 131776,
                                                        "Workers": [
                                                            {
                                                                "Worker Number": 0,
                                                                "Actual Startup Time": 343.453,
                                                                "Actual Total Time": 343.454,
                                                                "Actual Rows": 347930,
                                                                "Actual Loops": 1
                                                            },
                                                            {
                                                                "Worker Number": 1,
                                                                "Actual Startup Time": 343.346,
                                                                "Actual Total Time": 343.347,
                                                                "Actual Rows": 344198,
                                                                "Actual Loops": 1
                                                            },
                                                            {
                                                                "Worker Number": 2,
                                                                "Actual Startup Time": 343.328,
                                                                "Actual Total Time": 343.33,
                                                                "Actual Rows": 328810,
                                                                "Actual Loops": 1
                                                            },
                                                            {
                                                                "Worker Number": 3,
                                                                "Actual Startup Time": 343.464,
                                                                "Actual Total Time": 343.466,
                                                                "Actual Rows": 400007,
                                                                "Actual Loops": 1
                                                            },
                                                            {
                                                                "Worker Number": 4,
                                                                "Actual Startup Time": 343.487,
                                                                "Actual Total Time": 343.488,
                                                                "Actual Rows": 332243,
                                                                "Actual Loops": 1
                                                            },
                                                            {
                                                                "Worker Number": 5,
                                                                "Actual Startup Time": 343.394,
                                                                "Actual Total Time": 343.395,
                                                                "Actual Rows": 343427,
                                                                "Actual Loops": 1
                                                            }
                                                        ],
                                                        "Plans": [
                                                            {
                                                                "Node Type": "Seq Scan",
                                                                "Parent Relationship": "Outer",
                                                                "Parallel Aware": true,
                                                                "Relation Name": "title",
                                                                "Schema": "public",
                                                                "Alias": "t",
                                                                "Startup Cost": 0.0,
                                                                "Total Cost": 42318.81,
                                                                "Plan Rows": 632080,
                                                                "Plan Width": 4,
                                                                "Actual Startup Time": 0.078,
                                                                "Actual Total Time": 87.722,
                                                                "Actual Rows": 361187,
                                                                "Actual Loops": 7,
                                                                "Output": [
                                                                    "t.id"
                                                                ],
                                                                "Workers": [
                                                                    {
                                                                        "Worker Number": 0,
                                                                        "Actual Startup Time": 0.083,
                                                                        "Actual Total Time": 91.058,
                                                                        "Actual Rows": 347930,
                                                                        "Actual Loops": 1
                                                                    },
                                                                    {
                                                                        "Worker Number": 1,
                                                                        "Actual Startup Time": 0.088,
                                                                        "Actual Total Time": 90.704,
                                                                        "Actual Rows": 344198,
                                                                        "Actual Loops": 1
                                                                    },
                                                                    {
                                                                        "Worker Number": 2,
                                                                        "Actual Startup Time": 0.093,
                                                                        "Actual Total Time": 90.159,
                                                                        "Actual Rows": 328810,
                                                                        "Actual Loops": 1
                                                                    },
                                                                    {
                                                                        "Worker Number": 3,
                                                                        "Actual Startup Time": 0.082,
                                                                        "Actual Total Time": 86.606,
                                                                        "Actual Rows": 400007,
                                                                        "Actual Loops": 1
                                                                    },
                                                                    {
                                                                        "Worker Number": 4,
                                                                        "Actual Startup Time": 0.085,
                                                                        "Actual Total Time": 91.405,
                                                                        "Actual Rows": 332243,
                                                                        "Actual Loops": 1
                                                                    },
                                                                    {
                                                                        "Worker Number": 5,
                                                                        "Actual Startup Time": 0.091,
                                                                        "Actual Total Time": 90.954,
                                                                        "Actual Rows": 343427,
                                                                        "Actual Loops": 1
                                                                    }
                                                                ]
                                                            }
                                                        ]
                                                    }
                                                ]
                                            }
                                        ]
                                    }
                                ]
                            }
                        ]
                    }
                ]
            }
        ]
    },
    "Planning Time": 1.559,
    "Triggers": [],
    "Execution Time": 2717.685
}