[
  {
    "Plan": {
      "Node Type": "Aggregate",
      "Strategy": "Plain",
      "Partial Mode": "Finalize",
      "Parallel Aware": false,
      "Startup Cost": 399245.78,
      "Total Cost": 399245.79,
      "Plan Rows": 1,
      "Plan Width": 8,
      "Actual Startup Time": 1222.687,
      "Actual Total Time": 1278.367,
      "Actual Rows": 1,
      "Actual Loops": 1,
      "Plans": [
        {
          "Node Type": "Gather",
          "Parent Relationship": "Outer",
          "Parallel Aware": false,
          "Startup Cost": 399245.15,
          "Total Cost": 399245.76,
          "Plan Rows": 6,
          "Plan Width": 8,
          "Actual Startup Time": 1221.866,
          "Actual Total Time": 1278.33,
          "Actual Rows": 7,
          "Actual Loops": 1,
          "Workers Planned": 6,
          "Workers Launched": 6,
          "Single Copy": false,
          "Plans": [
            {
              "Node Type": "Aggregate",
              "Strategy": "Plain",
              "Partial Mode": "Partial",
              "Parent Relationship": "Outer",
              "Parallel Aware": false,
              "Startup Cost": 398245.15,
              "Total Cost": 398245.16,
              "Plan Rows": 1,
              "Plan Width": 8,
              "Actual Startup Time": 1213.552,
              "Actual Total Time": 1213.556,
              "Actual Rows": 1,
              "Actual Loops": 7,
              "Plans": [
                {
                  "Node Type": "Hash Join",
                  "Parent Relationship": "Outer",
                  "Parallel Aware": true,
                  "Join Type": "Inner",
                  "Startup Cost": 45842.05,
                  "Total Cost": 397864.77,
                  "Plan Rows": 152152,
                  "Plan Width": 0,
                  "Actual Startup Time": 317.986,
                  "Actual Total Time": 1205.444,
                  "Actual Rows": 133921,
                  "Actual Loops": 7,
                  "Inner Unique": true,
                  "Hash Cond": "(ci.movie_id = t.id)",
                  "Plans": [
                    {
                      "Node Type": "Seq Scan",
                      "Parent Relationship": "Outer",
                      "Parallel Aware": true,
                      "Relation Name": "cast_info",
                      "Alias": "ci",
                      "Startup Cost": 0.0,
                      "Total Cost": 343316.27,
                      "Plan Rows": 3316740,
                      "Plan Width": 4,
                      "Actual Startup Time": 228.286,
                      "Actual Total Time": 737.078,
                      "Actual Rows": 2572711,
                      "Actual Loops": 7,
                      "Filter": "((person_id < 3096239) AND (role_id > 1))",
                      "Rows Removed by Filter": 2605053
                    },
                    {
                      "Node Type": "Hash",
                      "Parent Relationship": "Inner",
                      "Parallel Aware": true,
                      "Startup Cost": 45479.59,
                      "Total Cost": 45479.59,
                      "Plan Rows": 28997,
                      "Plan Width": 4,
                      "Actual Startup Time": 87.966,
                      "Actual Total Time": 87.967,
                      "Actual Rows": 16028,
                      "Actual Loops": 7,
                      "Hash Buckets": 131072,
                      "Original Hash Buckets": 131072,
                      "Hash Batches": 1,
                      "Original Hash Batches": 1,
                      "Peak Memory Usage": 5536,
                      "Plans": [
                        {
                          "Node Type": "Seq Scan",
                          "Parent Relationship": "Outer",
                          "Parallel Aware": true,
                          "Relation Name": "title",
                          "Alias": "t",
                          "Startup Cost": 0.0,
                          "Total Cost": 45479.59,
                          "Plan Rows": 28997,
                          "Plan Width": 4,
                          "Actual Startup Time": 0.081,
                          "Actual Total Time": 80.01,
                          "Actual Rows": 16028,
                          "Actual Loops": 7,
                          "Filter": "((kind_id < 3) AND (production_year > 2010))",
                          "Rows Removed by Filter": 345160
                        }
                      ]
                    }
                  ]
                }
              ]
            }
          ]
        }
      ]
    },
    "Planning Time": 0.709,
    "Triggers": [],
    "Execution Time": 1278.45
  }
]