[
  {
    "Plan": {
      "Node Type": "Aggregate",
      "Strategy": "Plain",
      "Partial Mode": "Finalize",
      "Parallel Aware": false,
      "Startup Cost": 105267.49,
      "Total Cost": 105267.5,
      "Plan Rows": 1,
      "Plan Width": 8,
      "Actual Startup Time": 744.362,
      "Actual Total Time": 763.307,
      "Actual Rows": 1,
      "Actual Loops": 1,
      "Plans": [
        {
          "Node Type": "Gather",
          "Parent Relationship": "Outer",
          "Parallel Aware": false,
          "Startup Cost": 105267.27,
          "Total Cost": 105267.48,
          "Plan Rows": 2,
          "Plan Width": 8,
          "Actual Startup Time": 735.302,
          "Actual Total Time": 763.298,
          "Actual Rows": 3,
          "Actual Loops": 1,
          "Workers Planned": 2,
          "Workers Launched": 2,
          "Single Copy": false,
          "Plans": [
            {
              "Node Type": "Aggregate",
              "Strategy": "Plain",
              "Partial Mode": "Partial",
              "Parent Relationship": "Outer",
              "Parallel Aware": false,
              "Startup Cost": 104267.27,
              "Total Cost": 104267.28,
              "Plan Rows": 1,
              "Plan Width": 8,
              "Actual Startup Time": 727.604,
              "Actual Total Time": 727.776,
              "Actual Rows": 1,
              "Actual Loops": 3,
              "Plans": [
                {
                  "Node Type": "Hash Join",
                  "Parent Relationship": "Outer",
                  "Parallel Aware": true,
                  "Join Type": "Inner",
                  "Startup Cost": 87856.05,
                  "Total Cost": 104018.5,
                  "Plan Rows": 99510,
                  "Plan Width": 0,
                  "Actual Startup Time": 618.241,
                  "Actual Total Time": 714.809,
                  "Actual Rows": 332526,
                  "Actual Loops": 3,
                  "Inner Unique": false,
                  "Hash Cond": "(mi_idx.movie_id = t.id)",
                  "Plans": [
                    {
                      "Node Type": "Seq Scan",
                      "Parent Relationship": "Outer",
                      "Parallel Aware": true,
                      "Relation Name": "movie_info_idx",
                      "Alias": "mi_idx",
                      "Startup Cost": 0.0,
                      "Total Cost": 13685.15,
                      "Plan Rows": 575015,
                      "Plan Width": 4,
                      "Actual Startup Time": 0.034,
                      "Actual Total Time": 34.207,
                      "Actual Rows": 460012,
                      "Actual Loops": 3
                    },
                    {
                      "Node Type": "Hash",
                      "Parent Relationship": "Inner",
                      "Parallel Aware": true,
                      "Startup Cost": 86091.77,
                      "Total Cost": 86091.77,
                      "Plan Rows": 141142,
                      "Plan Width": 8,
                      "Actual Startup Time": 601.081,
                      "Actual Total Time": 601.252,
                      "Actual Rows": 142423,
                      "Actual Loops": 3,
                      "Hash Buckets": 524288,
                      "Original Hash Buckets": 524288,
                      "Hash Batches": 1,
                      "Original Hash Batches": 1,
                      "Peak Memory Usage": 20864,
                      "Plans": [
                        {
                          "Node Type": "Hash Join",
                          "Parent Relationship": "Outer",
                          "Parallel Aware": true,
                          "Join Type": "Inner",
                          "Startup Cost": 59503.0,
                          "Total Cost": 86091.77,
                          "Plan Rows": 141142,
                          "Plan Width": 8,
                          "Actual Startup Time": 461.252,
                          "Actual Total Time": 564.284,
                          "Actual Rows": 142423,
                          "Actual Loops": 3,
                          "Inner Unique": true,
                          "Hash Cond": "(mk.movie_id = t.id)",
                          "Plans": [
                            {
                              "Node Type": "Bitmap Heap Scan",
                              "Parent Relationship": "Outer",
                              "Parallel Aware": true,
                              "Relation Name": "movie_keyword",
                              "Alias": "mk",
                              "Startup Cost": 9283.36,
                              "Total Cost": 35501.63,
                              "Plan Rows": 141142,
                              "Plan Width": 4,
                              "Actual Startup Time": 28.323,
                              "Actual Total Time": 84.421,
                              "Actual Rows": 142423,
                              "Actual Loops": 3,
                              "Recheck Cond": "(keyword_id > 40943)",
                              "Rows Removed by Index Recheck": 0,
                              "Exact Heap Blocks": 8293,
                              "Lossy Heap Blocks": 0,
                              "Plans": [
                                {
                                  "Node Type": "Bitmap Index Scan",
                                  "Parent Relationship": "Outer",
                                  "Parallel Aware": false,
                                  "Index Name": "keyword_id_movie_keyword",
                                  "Startup Cost": 0.0,
                                  "Total Cost": 9173.98,
                                  "Plan Rows": 437539,
                                  "Plan Width": 0,
                                  "Actual Startup Time": 24.927,
                                  "Actual Total Time": 24.927,
                                  "Actual Rows": 427270,
                                  "Actual Loops": 1,
                                  "Index Cond": "(keyword_id > 40943)"
                                }
                              ]
                            },
                            {
                              "Node Type": "Hash",
                              "Parent Relationship": "Inner",
                              "Parallel Aware": true,
                              "Startup Cost": 42318.73,
                              "Total Cost": 42318.73,
                              "Plan Rows": 632073,
                              "Plan Width": 4,
                              "Actual Startup Time": 421.477,
                              "Actual Total Time": 421.478,
                              "Actual Rows": 842771,
                              "Actual Loops": 3,
                              "Hash Buckets": 4194304,
                              "Original Hash Buckets": 4194304,
                              "Hash Batches": 1,
                              "Original Hash Batches": 1,
                              "Peak Memory Usage": 131712,
                              "Plans": [
                                {
                                  "Node Type": "Seq Scan",
                                  "Parent Relationship": "Outer",
                                  "Parallel Aware": true,
                                  "Relation Name": "title",
                                  "Alias": "t",
                                  "Startup Cost": 0.0,
                                  "Total Cost": 42318.73,
                                  "Plan Rows": 632073,
                                  "Plan Width": 4,
                                  "Actual Startup Time": 0.039,
                                  "Actual Total Time": 115.139,
                                  "Actual Rows": 842771,
                                  "Actual Loops": 3
                                }
                              ]
                            }
                          ]
                        }
                      ]
                    }
                  ]
                }
              ]
            }
          ]
        }
      ]
    },
    "Planning Time": 1.289,
    "Triggers": [],
    "Execution Time": 763.408
  }
]