[
  {
    "Plan": {
      "Node Type": "Aggregate",
      "Strategy": "Plain",
      "Partial Mode": "Finalize",
      "Parallel Aware": false,
      "Startup Cost": 291469.07,
      "Total Cost": 291469.08,
      "Plan Rows": 1,
      "Plan Width": 8,
      "Actual Startup Time": 1365.736,
      "Actual Total Time": 1388.428,
      "Actual Rows": 1,
      "Actual Loops": 1,
      "Plans": [
        {
          "Node Type": "Gather",
          "Parent Relationship": "Outer",
          "Parallel Aware": false,
          "Startup Cost": 291468.55,
          "Total Cost": 291469.06,
          "Plan Rows": 5,
          "Plan Width": 8,
          "Actual Startup Time": 1354.298,
          "Actual Total Time": 1388.42,
          "Actual Rows": 6,
          "Actual Loops": 1,
          "Workers Planned": 5,
          "Workers Launched": 5,
          "Single Copy": false,
          "Plans": [
            {
              "Node Type": "Aggregate",
              "Strategy": "Plain",
              "Partial Mode": "Partial",
              "Parent Relationship": "Outer",
              "Parallel Aware": false,
              "Startup Cost": 290468.55,
              "Total Cost": 290468.56,
              "Plan Rows": 1,
              "Plan Width": 8,
              "Actual Startup Time": 1348.635,
              "Actual Total Time": 1348.861,
              "Actual Rows": 1,
              "Actual Loops": 6,
              "Plans": [
                {
                  "Node Type": "Hash Join",
                  "Parent Relationship": "Outer",
                  "Parallel Aware": true,
                  "Join Type": "Inner",
                  "Startup Cost": 82061.88,
                  "Total Cost": 289254.17,
                  "Plan Rows": 485754,
                  "Plan Width": 0,
                  "Actual Startup Time": 334.678,
                  "Actual Total Time": 1169.828,
                  "Actual Rows": 4316944,
                  "Actual Loops": 6,
                  "Inner Unique": false,
                  "Hash Cond": "(mi.movie_id = t.id)",
                  "Plans": [
                    {
                      "Node Type": "Seq Scan",
                      "Parent Relationship": "Outer",
                      "Parallel Aware": true,
                      "Relation Name": "movie_info",
                      "Alias": "mi",
                      "Startup Cost": 0.0,
                      "Total Cost": 198880.74,
                      "Plan Rows": 1892579,
                      "Plan Width": 4,
                      "Actual Startup Time": 14.056,
                      "Actual Total Time": 291.038,
                      "Actual Rows": 1570867,
                      "Actual Loops": 6,
                      "Filter": "(info_type_id > 5)",
                      "Rows Removed by Filter": 901753
                    },
                    {
                      "Node Type": "Hash",
                      "Parent Relationship": "Inner",
                      "Parallel Aware": true,
                      "Startup Cost": 80033.99,
                      "Total Cost": 80033.99,
                      "Plan Rows": 162231,
                      "Plan Width": 8,
                      "Actual Startup Time": 318.712,
                      "Actual Total Time": 318.936,
                      "Actual Rows": 148014,
                      "Actual Loops": 6,
                      "Hash Buckets": 1048576,
                      "Original Hash Buckets": 1048576,
                      "Hash Batches": 1,
                      "Original Hash Batches": 1,
                      "Peak Memory Usage": 43008,
                      "Plans": [
                        {
                          "Node Type": "Hash Join",
                          "Parent Relationship": "Outer",
                          "Parallel Aware": true,
                          "Join Type": "Inner",
                          "Startup Cost": 34031.46,
                          "Total Cost": 80033.99,
                          "Plan Rows": 162231,
                          "Plan Width": 8,
                          "Actual Startup Time": 104.456,
                          "Actual Total Time": 273.337,
                          "Actual Rows": 148014,
                          "Actual Loops": 6,
                          "Inner Unique": false,
                          "Hash Cond": "(t.id = mc.movie_id)",
                          "Plans": [
                            {
                              "Node Type": "Seq Scan",
                              "Parent Relationship": "Outer",
                              "Parallel Aware": true,
                              "Relation Name": "title",
                              "Alias": "t",
                              "Startup Cost": 0.0,
                              "Total Cost": 42318.81,
                              "Plan Rows": 632080,
                              "Plan Width": 4,
                              "Actual Startup Time": 0.013,
                              "Actual Total Time": 50.852,
                              "Actual Rows": 421385,
                              "Actual Loops": 6
                            },
                            {
                              "Node Type": "Hash",
                              "Parent Relationship": "Inner",
                              "Parallel Aware": true,
                              "Startup Cost": 31414.82,
                              "Total Cost": 31414.82,
                              "Plan Rows": 209331,
                              "Plan Width": 4,
                              "Actual Startup Time": 103.237,
                              "Actual Total Time": 103.239,
                              "Actual Rows": 148014,
                              "Actual Loops": 6,
                              "Hash Buckets": 1048576,
                              "Original Hash Buckets": 1048576,
                              "Hash Batches": 1,
                              "Original Hash Batches": 1,
                              "Peak Memory Usage": 43008,
                              "Plans": [
                                {
                                  "Node Type": "Seq Scan",
                                  "Parent Relationship": "Outer",
                                  "Parallel Aware": true,
                                  "Relation Name": "movie_companies",
                                  "Alias": "mc",
                                  "Startup Cost": 0.0,
                                  "Total Cost": 31414.82,
                                  "Plan Rows": 209331,
                                  "Plan Width": 4,
                                  "Actual Startup Time": 0.035,
                                  "Actual Total Time": 53.331,
                                  "Actual Rows": 148014,
                                  "Actual Loops": 6,
                                  "Filter": "((company_id < 11373) AND (company_type_id < 2))",
                                  "Rows Removed by Filter": 286841
                                }
                              ]
                            }
                          ]
                        }
                      ]
                    }
                  ]
                }
              ]
            }
          ]
        }
      ]
    },
    "Planning Time": 0.499,
    "Triggers": [],
    "Execution Time": 1388.464
  }
]