[
  {
    "Plan": {
      "Node Type": "Aggregate",
      "Strategy": "Plain",
      "Partial Mode": "Finalize",
      "Parallel Aware": false,
      "Startup Cost": 46307.27,
      "Total Cost": 46307.28,
      "Plan Rows": 1,
      "Plan Width": 8,
      "Actual Startup Time": 166.278,
      "Actual Total Time": 173.874,
      "Actual Rows": 1,
      "Actual Loops": 1,
      "Plans": [
        {
          "Node Type": "Gather",
          "Parent Relationship": "Outer",
          "Parallel Aware": false,
          "Startup Cost": 46306.96,
          "Total Cost": 46307.27,
          "Plan Rows": 3,
          "Plan Width": 8,
          "Actual Startup Time": 166.164,
          "Actual Total Time": 173.867,
          "Actual Rows": 4,
          "Actual Loops": 1,
          "Workers Planned": 3,
          "Workers Launched": 3,
          "Single Copy": false,
          "Plans": [
            {
              "Node Type": "Aggregate",
              "Strategy": "Plain",
              "Partial Mode": "Partial",
              "Parent Relationship": "Outer",
              "Parallel Aware": false,
              "Startup Cost": 45306.96,
              "Total Cost": 45306.97,
              "Plan Rows": 1,
              "Plan Width": 8,
              "Actual Startup Time": 160.681,
              "Actual Total Time": 160.683,
              "Actual Rows": 1,
              "Actual Loops": 4,
              "Plans": [
                {
                  "Node Type": "Seq Scan",
                  "Parent Relationship": "Outer",
                  "Parallel Aware": true,
                  "Relation Name": "movie_keyword",
                  "Alias": "mk",
                  "Startup Cost": 0.0,
                  "Total Cost": 42695.65,
                  "Plan Rows": 1044521,
                  "Plan Width": 0,
                  "Actual Startup Time": 0.048,
                  "Actual Total Time": 122.427,
                  "Actual Rows": 807412,
                  "Actual Loops": 4,
                  "Filter": "(keyword_id < 13643)",
                  "Rows Removed by Filter": 323570
                }
              ]
            }
          ]
        }
      ]
    },
    "Planning Time": 0.099,
    "Triggers": [],
    "Execution Time": 173.908
  }
]