{
    "Plan": {
        "Node Type": "Aggregate",
        "Strategy": "Plain",
        "Partial Mode": "Finalize",
        "Parallel Aware": false,
        "Startup Cost": 73279.2,
        "Total Cost": 73279.21,
        "Plan Rows": 1,
        "Plan Width": 8,
        "Actual Startup Time": 316.931,
        "Actual Total Time": 354.092,
        "Actual Rows": 1,
        "Actual Loops": 1,
        "Output": [
            "count(*)"
        ],
        "Plans": [
            {
                "Node Type": "Gather",
                "Parent Relationship": "Outer",
                "Parallel Aware": false,
                "Startup Cost": 73278.99,
                "Total Cost": 73279.2,
                "Plan Rows": 2,
                "Plan Width": 8,
                "Actual Startup Time": 316.604,
                "Actual Total Time": 354.084,
                "Actual Rows": 3,
                "Actual Loops": 1,
                "Output": [
                    "(PARTIAL count(*))"
                ],
                "Workers Planned": 2,
                "Workers Launched": 2,
                "Single Copy": false,
                "Plans": [
                    {
                        "Node Type": "Aggregate",
                        "Strategy": "Plain",
                        "Partial Mode": "Partial",
                        "Parent Relationship": "Outer",
                        "Parallel Aware": false,
                        "Startup Cost": 72278.99,
                        "Total Cost": 72279.0,
                        "Plan Rows": 1,
                        "Plan Width": 8,
                        "Actual Startup Time": 308.169,
                        "Actual Total Time": 308.173,
                        "Actual Rows": 1,
                        "Actual Loops": 3,
                        "Output": [
                            "PARTIAL count(*)"
                        ],
                        "Workers": [
                            {
                                "Worker Number": 0,
                                "Actual Startup Time": 304.022,
                                "Actual Total Time": 304.026,
                                "Actual Rows": 1,
                                "Actual Loops": 1
                            },
                            {
                                "Worker Number": 1,
                                "Actual Startup Time": 304.618,
                                "Actual Total Time": 304.621,
                                "Actual Rows": 1,
                                "Actual Loops": 1
                            }
                        ],
                        "Plans": [
                            {
                                "Node Type": "Nested Loop",
                                "Parent Relationship": "Outer",
                                "Parallel Aware": false,
                                "Join Type": "Inner",
                                "Startup Cost": 45535.45,
                                "Total Cost": 72133.72,
                                "Plan Rows": 58105,
                                "Plan Width": 0,
                                "Actual Startup Time": 155.15,
                                "Actual Total Time": 304.51,
                                "Actual Rows": 56750,
                                "Actual Loops": 3,
                                "Inner Unique": false,
                                "Join Filter": "(t.id = ci.movie_id)",
                                "Rows Removed by Join Filter": 0,
                                "Workers": [
                                    {
                                        "Worker Number": 0,
                                        "Actual Startup Time": 151.149,
                                        "Actual Total Time": 300.984,
                                        "Actual Rows": 46369,
                                        "Actual Loops": 1
                                    },
                                    {
                                        "Worker Number": 1,
                                        "Actual Startup Time": 151.572,
                                        "Actual Total Time": 301.487,
                                        "Actual Rows": 49009,
                                        "Actual Loops": 1
                                    }
                                ],
                                "Plans": [
                                    {
                                        "Node Type": "Hash Join",
                                        "Parent Relationship": "Outer",
                                        "Parallel Aware": true,
                                        "Join Type": "Inner",
                                        "Startup Cost": 45534.88,
                                        "Total Cost": 60729.44,
                                        "Plan Rows": 4052,
                                        "Plan Width": 8,
                                        "Actual Startup Time": 155.064,
                                        "Actual Total Time": 205.178,
                                        "Actual Rows": 1488,
                                        "Actual Loops": 3,
                                        "Output": [
                                            "t.id",
                                            "mi_idx.movie_id"
                                        ],
                                        "Inner Unique": true,
                                        "Hash Cond": "(mi_idx.movie_id = t.id)",
                                        "Workers": [
                                            {
                                                "Worker Number": 0,
                                                "Actual Startup Time": 151.036,
                                                "Actual Total Time": 191.714,
                                                "Actual Rows": 1265,
                                                "Actual Loops": 1
                                            },
                                            {
                                                "Worker Number": 1,
                                                "Actual Startup Time": 151.452,
                                                "Actual Total Time": 188.445,
                                                "Actual Rows": 1296,
                                                "Actual Loops": 1
                                            }
                                        ],
                                        "Plans": [
                                            {
                                                "Node Type": "Seq Scan",
                                                "Parent Relationship": "Outer",
                                                "Parallel Aware": true,
                                                "Relation Name": "movie_info_idx",
                                                "Schema": "public",
                                                "Alias": "mi_idx",
                                                "Startup Cost": 0.0,
                                                "Total Cost": 13685.15,
                                                "Plan Rows": 575015,
                                                "Plan Width": 4,
                                                "Actual Startup Time": 0.008,
                                                "Actual Total Time": 38.306,
                                                "Actual Rows": 460012,
                                                "Actual Loops": 3,
                                                "Output": [
                                                    "mi_idx.id",
                                                    "mi_idx.movie_id",
                                                    "mi_idx.info_type_id",
                                                    "mi_idx.info",
                                                    "mi_idx.note"
                                                ],
                                                "Workers": [
                                                    {
                                                        "Worker Number": 0,
                                                        "Actual Startup Time": 0.009,
                                                        "Actual Total Time": 35.504,
                                                        "Actual Rows": 450671,
                                                        "Actual Loops": 1
                                                    },
                                                    {
                                                        "Worker Number": 1,
                                                        "Actual Startup Time": 0.008,
                                                        "Actual Total Time": 32.522,
                                                        "Actual Rows": 439795,
                                                        "Actual Loops": 1
                                                    }
                                                ]
                                            },
                                            {
                                                "Node Type": "Hash",
                                                "Parent Relationship": "Inner",
                                                "Parallel Aware": true,
                                                "Startup Cost": 45479.21,
                                                "Total Cost": 45479.21,
                                                "Plan Rows": 4454,
                                                "Plan Width": 4,
                                                "Actual Startup Time": 122.878,
                                                "Actual Total Time": 122.879,
                                                "Actual Rows": 7340,
                                                "Actual Loops": 3,
                                                "Output": [
                                                    "t.id"
                                                ],
                                                "Hash Buckets": 32768,
                                                "Original Hash Buckets": 32768,
                                                "Hash Batches": 1,
                                                "Original Hash Batches": 1,
                                                "Peak Memory Usage": 1152,
                                                "Workers": [
                                                    {
                                                        "Worker Number": 0,
                                                        "Actual Startup Time": 119.298,
                                                        "Actual Total Time": 119.299,
                                                        "Actual Rows": 7225,
                                                        "Actual Loops": 1
                                                    },
                                                    {
                                                        "Worker Number": 1,
                                                        "Actual Startup Time": 119.919,
                                                        "Actual Total Time": 119.92,
                                                        "Actual Rows": 7766,
                                                        "Actual Loops": 1
                                                    }
                                                ],
                                                "Plans": [
                                                    {
                                                        "Node Type": "Seq Scan",
                                                        "Parent Relationship": "Outer",
                                                        "Parallel Aware": true,
                                                        "Relation Name": "title",
                                                        "Schema": "public",
                                                        "Alias": "t",
                                                        "Startup Cost": 0.0,
                                                        "Total Cost": 45479.21,
                                                        "Plan Rows": 4454,
                                                        "Plan Width": 4,
                                                        "Actual Startup Time": 76.106,
                                                        "Actual Total Time": 120.124,
                                                        "Actual Rows": 7340,
                                                        "Actual Loops": 3,
                                                        "Output": [
                                                            "t.id"
                                                        ],
                                                        "Filter": "((t.kind_id < 2) AND (t.production_year > 2012))",
                                                        "Rows Removed by Filter": 835430,
                                                        "Workers": [
                                                            {
                                                                "Worker Number": 0,
                                                                "Actual Startup Time": 77.392,
                                                                "Actual Total Time": 116.57,
                                                                "Actual Rows": 7225,
                                                                "Actual Loops": 1
                                                            },
                                                            {
                                                                "Worker Number": 1,
                                                                "Actual Startup Time": 70.647,
                                                                "Actual Total Time": 116.922,
                                                                "Actual Rows": 7766,
                                                                "Actual Loops": 1
                                                            }
                                                        ]
                                                    }
                                                ]
                                            }
                                        ]
                                    },
                                    {
                                        "Node Type": "Index Only Scan",
                                        "Parent Relationship": "Inner",
                                        "Parallel Aware": false,
                                        "Scan Direction": "Forward",
                                        "Index Name": "movie_id_cast_info",
                                        "Relation Name": "cast_info",
                                        "Schema": "public",
                                        "Alias": "ci",
                                        "Startup Cost": 0.56,
                                        "Total Cost": 2.34,
                                        "Plan Rows": 38,
                                        "Plan Width": 4,
                                        "Actual Startup Time": 0.008,
                                        "Actual Total Time": 0.062,
                                        "Actual Rows": 38,
                                        "Actual Loops": 4464,
                                        "Output": [
                                            "ci.movie_id"
                                        ],
                                        "Index Cond": "(ci.movie_id = mi_idx.movie_id)",
                                        "Rows Removed by Index Recheck": 0,
                                        "Heap Fetches": 170250,
                                        "Workers": [
                                            {
                                                "Worker Number": 0,
                                                "Actual Startup Time": 0.009,
                                                "Actual Total Time": 0.082,
                                                "Actual Rows": 37,
                                                "Actual Loops": 1265
                                            },
                                            {
                                                "Worker Number": 1,
                                                "Actual Startup Time": 0.009,
                                                "Actual Total Time": 0.082,
                                                "Actual Rows": 38,
                                                "Actual Loops": 1296
                                            }
                                        ]
                                    }
                                ]
                            }
                        ]
                    }
                ]
            }
        ]
    },
    "Planning Time": 1.401,
    "Triggers": [],
    "Execution Time": 354.188
}