{
  "Plan": {
    "Node Type": "Aggregate",
    "Strategy": "Plain",
    "Partial Mode": "Finalize",
    "Parallel Aware": false,
    "Startup Cost": 301188.88,
    "Total Cost": 301188.89,
    "Plan Rows": 1,
    "Plan Width": 8,
    "Actual Startup Time": 903.33,
    "Actual Total Time": 931.005,
    "Actual Rows": 1,
    "Actual Loops": 1,
    "Plans": [
      {
        "Node Type": "Gather",
        "Parent Relationship": "Outer",
        "Parallel Aware": false,
        "Startup Cost": 301188.76,
        "Total Cost": 301188.87,
        "Plan Rows": 1,
        "Plan Width": 8,
        "Actual Startup Time": 903.24,
        "Actual Total Time": 930.998,
        "Actual Rows": 2,
        "Actual Loops": 1,
        "Workers Planned": 1,
        "Workers Launched": 1,
        "Single Copy": false,
        "Plans": [
          {
            "Node Type": "Aggregate",
            "Strategy": "Plain",
            "Partial Mode": "Partial",
            "Parent Relationship": "Outer",
            "Parallel Aware": false,
            "Startup Cost": 300188.76,
            "Total Cost": 300188.77,
            "Plan Rows": 1,
            "Plan Width": 8,
            "Actual Startup Time": 897.279,
            "Actual Total Time": 897.282,
            "Actual Rows": 1,
            "Actual Loops": 2,
            "Plans": [
              {
                "Node Type": "Hash Join",
                "Parent Relationship": "Outer",
                "Parallel Aware": true,
                "Join Type": "Inner",
                "Startup Cost": 58334.53,
                "Total Cost": 300181.49,
                "Plan Rows": 2911,
                "Plan Width": 0,
                "Actual Startup Time": 258.158,
                "Actual Total Time": 897.135,
                "Actual Rows": 1504,
                "Actual Loops": 2,
                "Inner Unique": true,
                "Hash Cond": "(ci.movie_id = t.id)",
                "Plans": [
                  {
                    "Node Type": "Index Scan",
                    "Parent Relationship": "Outer",
                    "Parallel Aware": true,
                    "Scan Direction": "Forward",
                    "Index Name": "role_id_cast_info",
                    "Relation Name": "cast_info",
                    "Alias": "ci",
                    "Startup Cost": 0.56,
                    "Total Cost": 236682.84,
                    "Plan Rows": 1967494,
                    "Plan Width": 4,
                    "Actual Startup Time": 116.009,
                    "Actual Total Time": 541.231,
                    "Actual Rows": 2739132,
                    "Actual Loops": 2,
                    "Index Cond": "(role_id = 2)",
                    "Rows Removed by Index Recheck": 0,
                    "Filter": "(person_id > 1989538)",
                    "Rows Removed by Filter": 986854
                  },
                  {
                    "Node Type": "Hash",
                    "Parent Relationship": "Inner",
                    "Parallel Aware": true,
                    "Startup Cost": 58306.47,
                    "Total Cost": 58306.47,
                    "Plan Rows": 2200,
                    "Plan Width": 4,
                    "Actual Startup Time": 138.883,
                    "Actual Total Time": 138.884,
                    "Actual Rows": 1652,
                    "Actual Loops": 2,
                    "Hash Buckets": 4096,
                    "Original Hash Buckets": 4096,
                    "Hash Batches": 1,
                    "Original Hash Batches": 1,
                    "Peak Memory Usage": 192,
                    "Plans": [
                      {
                        "Node Type": "Seq Scan",
                        "Parent Relationship": "Outer",
                        "Parallel Aware": true,
                        "Relation Name": "title",
                        "Alias": "t",
                        "Startup Cost": 0.0,
                        "Total Cost": 58306.47,
                        "Plan Rows": 2200,
                        "Plan Width": 4,
                        "Actual Startup Time": 0.252,
                        "Actual Total Time": 138.114,
                        "Actual Rows": 1652,
                        "Actual Loops": 2,
                        "Filter": "((kind_id = 7) AND (production_year = 1952))",
                        "Rows Removed by Filter": 1262504
                      }
                    ]
                  }
                ]
              }
            ]
          }
        ]
      }
    ]
  },
  "Planning Time": 0.564,
  "Triggers": [],
  "Execution Time": 931.091
}