[
  {
    "Plan": {
      "Node Type": "Aggregate",
      "Strategy": "Plain",
      "Partial Mode": "Finalize",
      "Parallel Aware": false,
      "Startup Cost": 303251.16,
      "Total Cost": 303251.17,
      "Plan Rows": 1,
      "Plan Width": 8,
      "Actual Startup Time": 1781.488,
      "Actual Total Time": 1838.974,
      "Actual Rows": 1,
      "Actual Loops": 1,
      "Plans": [
        {
          "Node Type": "Gather",
          "Parent Relationship": "Outer",
          "Parallel Aware": false,
          "Startup Cost": 303250.63,
          "Total Cost": 303251.14,
          "Plan Rows": 5,
          "Plan Width": 8,
          "Actual Startup Time": 1768.857,
          "Actual Total Time": 1838.958,
          "Actual Rows": 6,
          "Actual Loops": 1,
          "Workers Planned": 5,
          "Workers Launched": 5,
          "Single Copy": false,
          "Plans": [
            {
              "Node Type": "Aggregate",
              "Strategy": "Plain",
              "Partial Mode": "Partial",
              "Parent Relationship": "Outer",
              "Parallel Aware": false,
              "Startup Cost": 302250.63,
              "Total Cost": 302250.64,
              "Plan Rows": 1,
              "Plan Width": 8,
              "Actual Startup Time": 1760.991,
              "Actual Total Time": 1761.152,
              "Actual Rows": 1,
              "Actual Loops": 6,
              "Plans": [
                {
                  "Node Type": "Hash Join",
                  "Parent Relationship": "Outer",
                  "Parallel Aware": true,
                  "Join Type": "Inner",
                  "Startup Cost": 96292.52,
                  "Total Cost": 301277.26,
                  "Plan Rows": 389351,
                  "Plan Width": 0,
                  "Actual Startup Time": 472.088,
                  "Actual Total Time": 1490.059,
                  "Actual Rows": 4948975,
                  "Actual Loops": 6,
                  "Inner Unique": false,
                  "Hash Cond": "(mi.movie_id = t.id)",
                  "Plans": [
                    {
                      "Node Type": "Seq Scan",
                      "Parent Relationship": "Outer",
                      "Parallel Aware": true,
                      "Relation Name": "movie_info",
                      "Alias": "mi",
                      "Startup Cost": 0.0,
                      "Total Cost": 199108.24,
                      "Plan Rows": 1232139,
                      "Plan Width": 4,
                      "Actual Startup Time": 20.868,
                      "Actual Total Time": 402.037,
                      "Actual Rows": 1037249,
                      "Actual Loops": 6,
                      "Filter": "(info_type_id > 8)",
                      "Rows Removed by Filter": 1435371
                    },
                    {
                      "Node Type": "Hash",
                      "Parent Relationship": "Inner",
                      "Parallel Aware": true,
                      "Startup Cost": 93070.86,
                      "Total Cost": 93070.86,
                      "Plan Rows": 257733,
                      "Plan Width": 8,
                      "Actual Startup Time": 446.865,
                      "Actual Total Time": 447.023,
                      "Actual Rows": 116930,
                      "Actual Loops": 6,
                      "Hash Buckets": 1048576,
                      "Original Hash Buckets": 1048576,
                      "Hash Batches": 1,
                      "Original Hash Batches": 1,
                      "Peak Memory Usage": 35744,
                      "Plans": [
                        {
                          "Node Type": "Hash Join",
                          "Parent Relationship": "Outer",
                          "Parallel Aware": true,
                          "Join Type": "Inner",
                          "Startup Cost": 49404.12,
                          "Total Cost": 93070.86,
                          "Plan Rows": 257733,
                          "Plan Width": 8,
                          "Actual Startup Time": 255.905,
                          "Actual Total Time": 400.185,
                          "Actual Rows": 116930,
                          "Actual Loops": 6,
                          "Inner Unique": true,
                          "Hash Cond": "(mk.movie_id = t.id)",
                          "Plans": [
                            {
                              "Node Type": "Seq Scan",
                              "Parent Relationship": "Outer",
                              "Parallel Aware": true,
                              "Relation Name": "movie_keyword",
                              "Alias": "mk",
                              "Startup Cost": 0.0,
                              "Total Cost": 42695.65,
                              "Plan Rows": 369937,
                              "Plan Width": 4,
                              "Actual Startup Time": 1.075,
                              "Actual Total Time": 92.974,
                              "Actual Rows": 191438,
                              "Actual Loops": 6,
                              "Filter": "(keyword_id > 16211)",
                              "Rows Removed by Filter": 562550
                            },
                            {
                              "Node Type": "Hash",
                              "Parent Relationship": "Inner",
                              "Parallel Aware": true,
                              "Startup Cost": 43899.32,
                              "Total Cost": 43899.32,
                              "Plan Rows": 440384,
                              "Plan Width": 4,
                              "Actual Startup Time": 252.083,
                              "Actual Total Time": 252.086,
                              "Actual Rows": 291505,
                              "Actual Loops": 6,
                              "Hash Buckets": 2097152,
                              "Original Hash Buckets": 2097152,
                              "Hash Batches": 1,
                              "Original Hash Batches": 1,
                              "Peak Memory Usage": 84928,
                              "Plans": [
                                {
                                  "Node Type": "Seq Scan",
                                  "Parent Relationship": "Outer",
                                  "Parallel Aware": true,
                                  "Relation Name": "title",
                                  "Alias": "t",
                                  "Startup Cost": 0.0,
                                  "Total Cost": 43899.32,
                                  "Plan Rows": 440384,
                                  "Plan Width": 4,
                                  "Actual Startup Time": 0.043,
                                  "Actual Total Time": 106.076,
                                  "Actual Rows": 291505,
                                  "Actual Loops": 6,
                                  "Filter": "(production_year > 1990)",
                                  "Rows Removed by Filter": 129880
                                }
                              ]
                            }
                          ]
                        }
                      ]
                    }
                  ]
                }
              ]
            }
          ]
        }
      ]
    },
    "Planning Time": 0.835,
    "Triggers": [],
    "Execution Time": 1839.041
  }
]