{
  "Plan": {
    "Node Type": "Aggregate",
    "Strategy": "Plain",
    "Partial Mode": "Finalize",
    "Parallel Aware": false,
    "Startup Cost": 412001.32,
    "Total Cost": 412001.33,
    "Plan Rows": 1,
    "Plan Width": 8,
    "Actual Startup Time": 1458.584,
    "Actual Total Time": 1477.719,
    "Actual Rows": 1,
    "Actual Loops": 1,
    "Plans": [
      {
        "Node Type": "Gather",
        "Parent Relationship": "Outer",
        "Parallel Aware": false,
        "Startup Cost": 412001.21,
        "Total Cost": 412001.32,
        "Plan Rows": 1,
        "Plan Width": 8,
        "Actual Startup Time": 1453.871,
        "Actual Total Time": 1477.71,
        "Actual Rows": 2,
        "Actual Loops": 1,
        "Workers Planned": 1,
        "Workers Launched": 1,
        "Single Copy": false,
        "Plans": [
          {
            "Node Type": "Aggregate",
            "Strategy": "Plain",
            "Partial Mode": "Partial",
            "Parent Relationship": "Outer",
            "Parallel Aware": false,
            "Startup Cost": 411001.21,
            "Total Cost": 411001.22,
            "Plan Rows": 1,
            "Plan Width": 8,
            "Actual Startup Time": 1442.8,
            "Actual Total Time": 1442.805,
            "Actual Rows": 1,
            "Actual Loops": 2,
            "Plans": [
              {
                "Node Type": "Hash Join",
                "Parent Relationship": "Outer",
                "Parallel Aware": true,
                "Join Type": "Inner",
                "Startup Cost": 129930.55,
                "Total Cost": 406975.16,
                "Plan Rows": 1610420,
                "Plan Width": 0,
                "Actual Startup Time": 671.055,
                "Actual Total Time": 1389.876,
                "Actual Rows": 1306546,
                "Actual Loops": 2,
                "Inner Unique": true,
                "Hash Cond": "(ci.movie_id = t.id)",
                "Plans": [
                  {
                    "Node Type": "Bitmap Heap Scan",
                    "Parent Relationship": "Outer",
                    "Parallel Aware": true,
                    "Relation Name": "cast_info",
                    "Alias": "ci",
                    "Startup Cost": 60469.85,
                    "Total Cost": 333287.1,
                    "Plan Rows": 1610420,
                    "Plan Width": 4,
                    "Actual Startup Time": 95.877,
                    "Actual Total Time": 264.865,
                    "Actual Rows": 1306546,
                    "Actual Loops": 2,
                    "Recheck Cond": "(person_id > 3556199)",
                    "Rows Removed by Index Recheck": 0,
                    "Exact Heap Blocks": 19633,
                    "Lossy Heap Blocks": 0,
                    "Plans": [
                      {
                        "Node Type": "Bitmap Index Scan",
                        "Parent Relationship": "Outer",
                        "Parallel Aware": false,
                        "Index Name": "person_id_cast_info",
                        "Startup Cost": 0.0,
                        "Total Cost": 59785.42,
                        "Plan Rows": 2737714,
                        "Plan Width": 0,
                        "Actual Startup Time": 89.753,
                        "Actual Total Time": 89.754,
                        "Actual Rows": 2613093,
                        "Actual Loops": 1,
                        "Index Cond": "(person_id > 3556199)"
                      }
                    ]
                  },
                  {
                    "Node Type": "Hash",
                    "Parent Relationship": "Inner",
                    "Parallel Aware": true,
                    "Startup Cost": 50870.31,
                    "Total Cost": 50870.31,
                    "Plan Rows": 1487231,
                    "Plan Width": 4,
                    "Actual Startup Time": 554.168,
                    "Actual Total Time": 554.169,
                    "Actual Rows": 1264156,
                    "Actual Loops": 2,
                    "Hash Buckets": 4194304,
                    "Original Hash Buckets": 4194304,
                    "Hash Batches": 1,
                    "Original Hash Batches": 1,
                    "Peak Memory Usage": 131680,
                    "Plans": [
                      {
                        "Node Type": "Seq Scan",
                        "Parent Relationship": "Outer",
                        "Parallel Aware": true,
                        "Relation Name": "title",
                        "Alias": "t",
                        "Startup Cost": 0.0,
                        "Total Cost": 50870.31,
                        "Plan Rows": 1487231,
                        "Plan Width": 4,
                        "Actual Startup Time": 0.046,
                        "Actual Total Time": 159.3,
                        "Actual Rows": 1264156,
                        "Actual Loops": 2
                      }
                    ]
                  }
                ]
              }
            ]
          }
        ]
      }
    ]
  },
  "Planning Time": 0.684,
  "Triggers": [],
  "Execution Time": 1477.815
}