[
  {
    "Plan": {
      "Node Type": "Aggregate",
      "Strategy": "Plain",
      "Partial Mode": "Finalize",
      "Parallel Aware": false,
      "Startup Cost": 47078.39,
      "Total Cost": 47078.4,
      "Plan Rows": 1,
      "Plan Width": 8,
      "Actual Startup Time": 93.157,
      "Actual Total Time": 104.039,
      "Actual Rows": 1,
      "Actual Loops": 1,
      "Plans": [
        {
          "Node Type": "Gather",
          "Parent Relationship": "Outer",
          "Parallel Aware": false,
          "Startup Cost": 47077.97,
          "Total Cost": 47078.38,
          "Plan Rows": 4,
          "Plan Width": 8,
          "Actual Startup Time": 92.881,
          "Actual Total Time": 104.029,
          "Actual Rows": 5,
          "Actual Loops": 1,
          "Workers Planned": 4,
          "Workers Launched": 4,
          "Single Copy": false,
          "Plans": [
            {
              "Node Type": "Aggregate",
              "Strategy": "Plain",
              "Partial Mode": "Partial",
              "Parent Relationship": "Outer",
              "Parallel Aware": false,
              "Startup Cost": 46077.97,
              "Total Cost": 46077.98,
              "Plan Rows": 1,
              "Plan Width": 8,
              "Actual Startup Time": 87.95,
              "Actual Total Time": 87.951,
              "Actual Rows": 1,
              "Actual Loops": 5,
              "Plans": [
                {
                  "Node Type": "Seq Scan",
                  "Parent Relationship": "Outer",
                  "Parallel Aware": true,
                  "Relation Name": "title",
                  "Alias": "t",
                  "Startup Cost": 0.0,
                  "Total Cost": 45479.59,
                  "Plan Rows": 239355,
                  "Plan Width": 0,
                  "Actual Startup Time": 0.031,
                  "Actual Total Time": 79.81,
                  "Actual Rows": 195087,
                  "Actual Loops": 5,
                  "Filter": "((kind_id < 7) AND (production_year > 1897))",
                  "Rows Removed by Filter": 310576
                }
              ]
            }
          ]
        }
      ]
    },
    "Planning Time": 0.075,
    "Triggers": [],
    "Execution Time": 104.065
  }
]