{
    "Plan": {
        "Node Type": "Aggregate",
        "Strategy": "Plain",
        "Partial Mode": "Finalize",
        "Parallel Aware": false,
        "Startup Cost": 93524.62,
        "Total Cost": 93524.63,
        "Plan Rows": 1,
        "Plan Width": 8,
        "Actual Startup Time": 607.55,
        "Actual Total Time": 626.447,
        "Actual Rows": 1,
        "Actual Loops": 1,
        "Output": [
            "count(*)"
        ],
        "Plans": [
            {
                "Node Type": "Gather",
                "Parent Relationship": "Outer",
                "Parallel Aware": false,
                "Startup Cost": 93524.41,
                "Total Cost": 93524.62,
                "Plan Rows": 2,
                "Plan Width": 8,
                "Actual Startup Time": 603.943,
                "Actual Total Time": 626.437,
                "Actual Rows": 3,
                "Actual Loops": 1,
                "Output": [
                    "(PARTIAL count(*))"
                ],
                "Workers Planned": 2,
                "Workers Launched": 2,
                "Single Copy": false,
                "Plans": [
                    {
                        "Node Type": "Aggregate",
                        "Strategy": "Plain",
                        "Partial Mode": "Partial",
                        "Parent Relationship": "Outer",
                        "Parallel Aware": false,
                        "Startup Cost": 92524.41,
                        "Total Cost": 92524.42,
                        "Plan Rows": 1,
                        "Plan Width": 8,
                        "Actual Startup Time": 594.576,
                        "Actual Total Time": 594.762,
                        "Actual Rows": 1,
                        "Actual Loops": 3,
                        "Output": [
                            "PARTIAL count(*)"
                        ],
                        "Workers": [
                            {
                                "Worker Number": 0,
                                "Actual Startup Time": 590.061,
                                "Actual Total Time": 590.067,
                                "Actual Rows": 1,
                                "Actual Loops": 1
                            },
                            {
                                "Worker Number": 1,
                                "Actual Startup Time": 590.395,
                                "Actual Total Time": 590.401,
                                "Actual Rows": 1,
                                "Actual Loops": 1
                            }
                        ],
                        "Plans": [
                            {
                                "Node Type": "Hash Join",
                                "Parent Relationship": "Outer",
                                "Parallel Aware": true,
                                "Join Type": "Inner",
                                "Startup Cost": 76470.45,
                                "Total Cost": 92431.62,
                                "Plan Rows": 37114,
                                "Plan Width": 0,
                                "Actual Startup Time": 483.183,
                                "Actual Total Time": 591.225,
                                "Actual Rows": 65167,
                                "Actual Loops": 3,
                                "Inner Unique": false,
                                "Hash Cond": "(mi_idx.movie_id = t.id)",
                                "Workers": [
                                    {
                                        "Worker Number": 0,
                                        "Actual Startup Time": 478.801,
                                        "Actual Total Time": 586.939,
                                        "Actual Rows": 79593,
                                        "Actual Loops": 1
                                    },
                                    {
                                        "Worker Number": 1,
                                        "Actual Startup Time": 478.757,
                                        "Actual Total Time": 586.839,
                                        "Actual Rows": 54402,
                                        "Actual Loops": 1
                                    }
                                ],
                                "Plans": [
                                    {
                                        "Node Type": "Seq Scan",
                                        "Parent Relationship": "Outer",
                                        "Parallel Aware": true,
                                        "Relation Name": "movie_info_idx",
                                        "Schema": "public",
                                        "Alias": "mi_idx",
                                        "Startup Cost": 0.0,
                                        "Total Cost": 13685.15,
                                        "Plan Rows": 575015,
                                        "Plan Width": 4,
                                        "Actual Startup Time": 0.019,
                                        "Actual Total Time": 44.277,
                                        "Actual Rows": 460012,
                                        "Actual Loops": 3,
                                        "Output": [
                                            "mi_idx.id",
                                            "mi_idx.movie_id",
                                            "mi_idx.info_type_id",
                                            "mi_idx.info",
                                            "mi_idx.note"
                                        ],
                                        "Workers": [
                                            {
                                                "Worker Number": 0,
                                                "Actual Startup Time": 0.014,
                                                "Actual Total Time": 44.769,
                                                "Actual Rows": 562390,
                                                "Actual Loops": 1
                                            },
                                            {
                                                "Worker Number": 1,
                                                "Actual Startup Time": 0.028,
                                                "Actual Total Time": 45.425,
                                                "Actual Rows": 383884,
                                                "Actual Loops": 1
                                            }
                                        ]
                                    },
                                    {
                                        "Node Type": "Hash",
                                        "Parent Relationship": "Inner",
                                        "Parallel Aware": true,
                                        "Startup Cost": 75812.43,
                                        "Total Cost": 75812.43,
                                        "Plan Rows": 52642,
                                        "Plan Width": 8,
                                        "Actual Startup Time": 480.302,
                                        "Actual Total Time": 480.487,
                                        "Actual Rows": 53470,
                                        "Actual Loops": 3,
                                        "Output": [
                                            "t.id",
                                            "mc.movie_id"
                                        ],
                                        "Hash Buckets": 262144,
                                        "Original Hash Buckets": 262144,
                                        "Hash Batches": 1,
                                        "Original Hash Batches": 1,
                                        "Peak Memory Usage": 8352,
                                        "Workers": [
                                            {
                                                "Worker Number": 0,
                                                "Actual Startup Time": 477.926,
                                                "Actual Total Time": 477.93,
                                                "Actual Rows": 61698,
                                                "Actual Loops": 1
                                            },
                                            {
                                                "Worker Number": 1,
                                                "Actual Startup Time": 478.128,
                                                "Actual Total Time": 478.131,
                                                "Actual Rows": 47330,
                                                "Actual Loops": 1
                                            }
                                        ],
                                        "Plans": [
                                            {
                                                "Node Type": "Hash Join",
                                                "Parent Relationship": "Outer",
                                                "Parallel Aware": true,
                                                "Join Type": "Inner",
                                                "Startup Cost": 45976.11,
                                                "Total Cost": 75812.43,
                                                "Plan Rows": 52642,
                                                "Plan Width": 8,
                                                "Actual Startup Time": 340.516,
                                                "Actual Total Time": 464.125,
                                                "Actual Rows": 53470,
                                                "Actual Loops": 3,
                                                "Output": [
                                                    "t.id",
                                                    "mc.movie_id"
                                                ],
                                                "Inner Unique": true,
                                                "Hash Cond": "(mc.movie_id = t.id)",
                                                "Workers": [
                                                    {
                                                        "Worker Number": 0,
                                                        "Actual Startup Time": 338.084,
                                                        "Actual Total Time": 461.547,
                                                        "Actual Rows": 61698,
                                                        "Actual Loops": 1
                                                    },
                                                    {
                                                        "Worker Number": 1,
                                                        "Actual Startup Time": 338.27,
                                                        "Actual Total Time": 461.614,
                                                        "Actual Rows": 47330,
                                                        "Actual Loops": 1
                                                    }
                                                ],
                                                "Plans": [
                                                    {
                                                        "Node Type": "Seq Scan",
                                                        "Parent Relationship": "Outer",
                                                        "Parallel Aware": true,
                                                        "Relation Name": "movie_companies",
                                                        "Schema": "public",
                                                        "Alias": "mc",
                                                        "Startup Cost": 0.0,
                                                        "Total Cost": 29310.68,
                                                        "Plan Rows": 200243,
                                                        "Plan Width": 4,
                                                        "Actual Startup Time": 35.878,
                                                        "Actual Total Time": 96.399,
                                                        "Actual Rows": 206585,
                                                        "Actual Loops": 3,
                                                        "Output": [
                                                            "mc.id",
                                                            "mc.movie_id",
                                                            "mc.company_id",
                                                            "mc.company_type_id",
                                                            "mc.note"
                                                        ],
                                                        "Filter": "(mc.company_id > 62360)",
                                                        "Rows Removed by Filter": 663125,
                                                        "Workers": [
                                                            {
                                                                "Worker Number": 0,
                                                                "Actual Startup Time": 35.88,
                                                                "Actual Total Time": 92.583,
                                                                "Actual Rows": 239676,
                                                                "Actual Loops": 1
                                                            },
                                                            {
                                                                "Worker Number": 1,
                                                                "Actual Startup Time": 35.858,
                                                                "Actual Total Time": 99.819,
                                                                "Actual Rows": 180780,
                                                                "Actual Loops": 1
                                                            }
                                                        ]
                                                    },
                                                    {
                                                        "Node Type": "Hash",
                                                        "Parent Relationship": "Inner",
                                                        "Parallel Aware": true,
                                                        "Startup Cost": 43899.01,
                                                        "Total Cost": 43899.01,
                                                        "Plan Rows": 166168,
                                                        "Plan Width": 4,
                                                        "Actual Startup Time": 300.197,
                                                        "Actual Total Time": 300.198,
                                                        "Actual Rows": 220688,
                                                        "Actual Loops": 3,
                                                        "Output": [
                                                            "t.id"
                                                        ],
                                                        "Hash Buckets": 1048576,
                                                        "Original Hash Buckets": 1048576,
                                                        "Hash Batches": 1,
                                                        "Original Hash Batches": 1,
                                                        "Peak Memory Usage": 34176,
                                                        "Workers": [
                                                            {
                                                                "Worker Number": 0,
                                                                "Actual Startup Time": 302.05,
                                                                "Actual Total Time": 302.052,
                                                                "Actual Rows": 234802,
                                                                "Actual Loops": 1
                                                            },
                                                            {
                                                                "Worker Number": 1,
                                                                "Actual Startup Time": 302.295,
                                                                "Actual Total Time": 302.296,
                                                                "Actual Rows": 177611,
                                                                "Actual Loops": 1
                                                            }
                                                        ],
                                                        "Plans": [
                                                            {
                                                                "Node Type": "Seq Scan",
                                                                "Parent Relationship": "Outer",
                                                                "Parallel Aware": true,
                                                                "Relation Name": "title",
                                                                "Schema": "public",
                                                                "Alias": "t",
                                                                "Startup Cost": 0.0,
                                                                "Total Cost": 43899.01,
                                                                "Plan Rows": 166168,
                                                                "Plan Width": 4,
                                                                "Actual Startup Time": 0.079,
                                                                "Actual Total Time": 160.467,
                                                                "Actual Rows": 220688,
                                                                "Actual Loops": 3,
                                                                "Output": [
                                                                    "t.id"
                                                                ],
                                                                "Filter": "(t.production_year > 2008)",
                                                                "Rows Removed by Filter": 622082,
                                                                "Workers": [
                                                                    {
                                                                        "Worker Number": 0,
                                                                        "Actual Startup Time": 0.109,
                                                                        "Actual Total Time": 160.685,
                                                                        "Actual Rows": 234802,
                                                                        "Actual Loops": 1
                                                                    },
                                                                    {
                                                                        "Worker Number": 1,
                                                                        "Actual Startup Time": 0.111,
                                                                        "Actual Total Time": 167.45,
                                                                        "Actual Rows": 177611,
                                                                        "Actual Loops": 1
                                                                    }
                                                                ]
                                                            }
                                                        ]
                                                    }
                                                ]
                                            }
                                        ]
                                    }
                                ]
                            }
                        ]
                    }
                ]
            }
        ]
    },
    "Planning Time": 1.513,
    "Triggers": [],
    "Execution Time": 626.532
}