[
  {
    "Plan": {
      "Node Type": "Aggregate",
      "Strategy": "Plain",
      "Partial Mode": "Finalize",
      "Parallel Aware": false,
      "Startup Cost": 77678.96,
      "Total Cost": 77678.97,
      "Plan Rows": 1,
      "Plan Width": 8,
      "Actual Startup Time": 213.205,
      "Actual Total Time": 230.491,
      "Actual Rows": 1,
      "Actual Loops": 1,
      "Plans": [
        {
          "Node Type": "Gather",
          "Parent Relationship": "Outer",
          "Parallel Aware": false,
          "Startup Cost": 77678.64,
          "Total Cost": 77678.95,
          "Plan Rows": 3,
          "Plan Width": 8,
          "Actual Startup Time": 212.304,
          "Actual Total Time": 230.483,
          "Actual Rows": 4,
          "Actual Loops": 1,
          "Workers Planned": 3,
          "Workers Launched": 3,
          "Single Copy": false,
          "Plans": [
            {
              "Node Type": "Aggregate",
              "Strategy": "Plain",
              "Partial Mode": "Partial",
              "Parent Relationship": "Outer",
              "Parallel Aware": false,
              "Startup Cost": 76678.64,
              "Total Cost": 76678.65,
              "Plan Rows": 1,
              "Plan Width": 8,
              "Actual Startup Time": 208.479,
              "Actual Total Time": 208.481,
              "Actual Rows": 1,
              "Actual Loops": 4,
              "Plans": [
                {
                  "Node Type": "Hash Join",
                  "Parent Relationship": "Outer",
                  "Parallel Aware": true,
                  "Join Type": "Inner",
                  "Startup Cost": 44283.95,
                  "Total Cost": 76635.23,
                  "Plan Rows": 17366,
                  "Plan Width": 0,
                  "Actual Startup Time": 161.648,
                  "Actual Total Time": 207.174,
                  "Actual Rows": 31459,
                  "Actual Loops": 4,
                  "Inner Unique": true,
                  "Hash Cond": "(mc.movie_id = t.id)",
                  "Plans": [
                    {
                      "Node Type": "Seq Scan",
                      "Parent Relationship": "Outer",
                      "Parallel Aware": true,
                      "Relation Name": "movie_companies",
                      "Alias": "mc",
                      "Startup Cost": 0.0,
                      "Total Cost": 31414.82,
                      "Plan Rows": 356747,
                      "Plan Width": 4,
                      "Actual Startup Time": 31.052,
                      "Actual Total Time": 67.408,
                      "Actual Rows": 307447,
                      "Actual Loops": 4,
                      "Filter": "((company_id > 323) AND (company_type_id = 2))",
                      "Rows Removed by Filter": 344835
                    },
                    {
                      "Node Type": "Hash",
                      "Parent Relationship": "Inner",
                      "Parallel Aware": true,
                      "Startup Cost": 43899.32,
                      "Total Cost": 43899.32,
                      "Plan Rows": 30770,
                      "Plan Width": 4,
                      "Actual Startup Time": 102.233,
                      "Actual Total Time": 102.234,
                      "Actual Rows": 33281,
                      "Actual Loops": 4,
                      "Hash Buckets": 262144,
                      "Original Hash Buckets": 131072,
                      "Hash Batches": 1,
                      "Original Hash Batches": 1,
                      "Peak Memory Usage": 8352,
                      "Plans": [
                        {
                          "Node Type": "Seq Scan",
                          "Parent Relationship": "Outer",
                          "Parallel Aware": true,
                          "Relation Name": "title",
                          "Alias": "t",
                          "Startup Cost": 0.0,
                          "Total Cost": 43899.32,
                          "Plan Rows": 30770,
                          "Plan Width": 4,
                          "Actual Startup Time": 16.98,
                          "Actual Total Time": 87.251,
                          "Actual Rows": 33281,
                          "Actual Loops": 4,
                          "Filter": "(production_year < 1937)",
                          "Rows Removed by Filter": 598797
                        }
                      ]
                    }
                  ]
                }
              ]
            }
          ]
        }
      ]
    },
    "Planning Time": 0.451,
    "Triggers": [],
    "Execution Time": 230.541
  }
]