[
  {
    "Plan": {
      "Node Type": "Aggregate",
      "Strategy": "Plain",
      "Partial Mode": "Finalize",
      "Parallel Aware": false,
      "Startup Cost": 332547.46,
      "Total Cost": 332547.47,
      "Plan Rows": 1,
      "Plan Width": 8,
      "Actual Startup Time": 645.149,
      "Actual Total Time": 705.093,
      "Actual Rows": 1,
      "Actual Loops": 1,
      "Plans": [
        {
          "Node Type": "Gather",
          "Parent Relationship": "Outer",
          "Parallel Aware": false,
          "Startup Cost": 332546.83,
          "Total Cost": 332547.44,
          "Plan Rows": 6,
          "Plan Width": 8,
          "Actual Startup Time": 645.012,
          "Actual Total Time": 705.083,
          "Actual Rows": 7,
          "Actual Loops": 1,
          "Workers Planned": 6,
          "Workers Launched": 6,
          "Single Copy": false,
          "Plans": [
            {
              "Node Type": "Aggregate",
              "Strategy": "Plain",
              "Partial Mode": "Partial",
              "Parent Relationship": "Outer",
              "Parallel Aware": false,
              "Startup Cost": 331546.83,
              "Total Cost": 331546.84,
              "Plan Rows": 1,
              "Plan Width": 8,
              "Actual Startup Time": 634.406,
              "Actual Total Time": 634.408,
              "Actual Rows": 1,
              "Actual Loops": 7,
              "Plans": [
                {
                  "Node Type": "Seq Scan",
                  "Parent Relationship": "Outer",
                  "Parallel Aware": true,
                  "Relation Name": "cast_info",
                  "Alias": "ci",
                  "Startup Cost": 0.0,
                  "Total Cost": 328162.03,
                  "Plan Rows": 1353922,
                  "Plan Width": 0,
                  "Actual Startup Time": 337.79,
                  "Actual Total Time": 581.791,
                  "Actual Rows": 1148834,
                  "Actual Loops": 7,
                  "Filter": "(person_id > 2876166)",
                  "Rows Removed by Filter": 4028929
                }
              ]
            }
          ]
        }
      ]
    },
    "Planning Time": 0.199,
    "Triggers": [],
    "Execution Time": 705.167
  }
]