[
    {
        "Bao": {
            "Bao prediction": "NaN",
            "Bao recommended hint": "(no hint)"
        }
    },
    {
        "Plan": {
            "Node Type": "Aggregate",
            "Strategy": "Plain",
            "Partial Mode": "Finalize",
            "Parallel Aware": false,
            "Startup Cost": 30447.01,
            "Total Cost": 30447.02,
            "Plan Rows": 1,
            "Plan Width": 8,
            "Actual Startup Time": 72.885,
            "Actual Total Time": 78.025,
            "Actual Rows": 1,
            "Actual Loops": 1,
            "Output": [
                "count(*)"
            ],
            "Plans": [
                {
                    "Node Type": "Gather",
                    "Parent Relationship": "Outer",
                    "Parallel Aware": false,
                    "Startup Cost": 30446.69,
                    "Total Cost": 30447.0,
                    "Plan Rows": 3,
                    "Plan Width": 8,
                    "Actual Startup Time": 72.639,
                    "Actual Total Time": 78.018,
                    "Actual Rows": 4,
                    "Actual Loops": 1,
                    "Output": [
                        "(PARTIAL count(*))"
                    ],
                    "Workers Planned": 3,
                    "Workers Launched": 3,
                    "Single Copy": false,
                    "Plans": [
                        {
                            "Node Type": "Aggregate",
                            "Strategy": "Plain",
                            "Partial Mode": "Partial",
                            "Parent Relationship": "Outer",
                            "Parallel Aware": false,
                            "Startup Cost": 29446.69,
                            "Total Cost": 29446.7,
                            "Plan Rows": 1,
                            "Plan Width": 8,
                            "Actual Startup Time": 63.826,
                            "Actual Total Time": 63.827,
                            "Actual Rows": 1,
                            "Actual Loops": 4,
                            "Output": [
                                "PARTIAL count(*)"
                            ],
                            "Workers": [
                                {
                                    "Worker Number": 0,
                                    "Actual Startup Time": 60.894,
                                    "Actual Total Time": 60.895,
                                    "Actual Rows": 1,
                                    "Actual Loops": 1
                                },
                                {
                                    "Worker Number": 1,
                                    "Actual Startup Time": 60.989,
                                    "Actual Total Time": 60.99,
                                    "Actual Rows": 1,
                                    "Actual Loops": 1
                                },
                                {
                                    "Worker Number": 2,
                                    "Actual Startup Time": 61.396,
                                    "Actual Total Time": 61.397,
                                    "Actual Rows": 1,
                                    "Actual Loops": 1
                                }
                            ],
                            "Plans": [
                                {
                                    "Node Type": "Bitmap Heap Scan",
                                    "Parent Relationship": "Outer",
                                    "Parallel Aware": true,
                                    "Relation Name": "movie_keyword",
                                    "Schema": "public",
                                    "Alias": "mk",
                                    "Startup Cost": 4065.5,
                                    "Total Cost": 29292.16,
                                    "Plan Rows": 61813,
                                    "Plan Width": 0,
                                    "Actual Startup Time": 10.777,
                                    "Actual Total Time": 60.622,
                                    "Actual Rows": 48195,
                                    "Actual Loops": 4,
                                    "Recheck Cond": "(mk.keyword_id > 70124)",
                                    "Rows Removed by Index Recheck": 0,
                                    "Exact Heap Blocks": 11337,
                                    "Lossy Heap Blocks": 0,
                                    "Workers": [
                                        {
                                            "Worker Number": 0,
                                            "Actual Startup Time": 8.018,
                                            "Actual Total Time": 58.012,
                                            "Actual Rows": 26409,
                                            "Actual Loops": 1
                                        },
                                        {
                                            "Worker Number": 1,
                                            "Actual Startup Time": 8.032,
                                            "Actual Total Time": 58.451,
                                            "Actual Rows": 25725,
                                            "Actual Loops": 1
                                        },
                                        {
                                            "Worker Number": 2,
                                            "Actual Startup Time": 8.32,
                                            "Actual Total Time": 58.531,
                                            "Actual Rows": 32345,
                                            "Actual Loops": 1
                                        }
                                    ],
                                    "Plans": [
                                        {
                                            "Node Type": "Bitmap Index Scan",
                                            "Parent Relationship": "Outer",
                                            "Parallel Aware": false,
                                            "Index Name": "keyword_id_movie_keyword",
                                            "Startup Cost": 0.0,
                                            "Total Cost": 4017.59,
                                            "Plan Rows": 191621,
                                            "Plan Width": 0,
                                            "Actual Startup Time": 15.82,
                                            "Actual Total Time": 15.821,
                                            "Actual Rows": 192781,
                                            "Actual Loops": 1,
                                            "Index Cond": "(mk.keyword_id > 70124)"
                                        }
                                    ]
                                }
                            ]
                        }
                    ]
                }
            ]
        },
        "Planning Time": 181.525,
        "Triggers": [],
        "Execution Time": 78.166
    }
]