[
  {
    "Plan": {
      "Node Type": "Aggregate",
      "Strategy": "Plain",
      "Partial Mode": "Finalize",
      "Parallel Aware": false,
      "Startup Cost": 259168.13,
      "Total Cost": 259168.14,
      "Plan Rows": 1,
      "Plan Width": 8,
      "Actual Startup Time": 3272.334,
      "Actual Total Time": 3374.779,
      "Actual Rows": 1,
      "Actual Loops": 1,
      "Plans": [
        {
          "Node Type": "Gather",
          "Parent Relationship": "Outer",
          "Parallel Aware": false,
          "Startup Cost": 259167.71,
          "Total Cost": 259168.12,
          "Plan Rows": 4,
          "Plan Width": 8,
          "Actual Startup Time": 3270.076,
          "Actual Total Time": 3374.766,
          "Actual Rows": 5,
          "Actual Loops": 1,
          "Workers Planned": 4,
          "Workers Launched": 4,
          "Single Copy": false,
          "Plans": [
            {
              "Node Type": "Aggregate",
              "Strategy": "Plain",
              "Partial Mode": "Partial",
              "Parent Relationship": "Outer",
              "Parallel Aware": false,
              "Startup Cost": 258167.71,
              "Total Cost": 258167.72,
              "Plan Rows": 1,
              "Plan Width": 8,
              "Actual Startup Time": 3261.364,
              "Actual Total Time": 3261.368,
              "Actual Rows": 1,
              "Actual Loops": 5,
              "Plans": [
                {
                  "Node Type": "Nested Loop",
                  "Parent Relationship": "Outer",
                  "Parallel Aware": false,
                  "Join Type": "Inner",
                  "Startup Cost": 17540.71,
                  "Total Cost": 256613.49,
                  "Plan Rows": 621686,
                  "Plan Width": 0,
                  "Actual Startup Time": 85.212,
                  "Actual Total Time": 3211.378,
                  "Actual Rows": 875534,
                  "Actual Loops": 5,
                  "Inner Unique": false,
                  "Plans": [
                    {
                      "Node Type": "Hash Join",
                      "Parent Relationship": "Outer",
                      "Parallel Aware": true,
                      "Join Type": "Inner",
                      "Startup Cost": 17540.14,
                      "Total Cost": 63399.76,
                      "Plan Rows": 79705,
                      "Plan Width": 8,
                      "Actual Startup Time": 85.024,
                      "Actual Total Time": 370.155,
                      "Actual Rows": 59580,
                      "Actual Loops": 5,
                      "Inner Unique": false,
                      "Hash Cond": "(t.id = mi_idx.movie_id)",
                      "Plans": [
                        {
                          "Node Type": "Seq Scan",
                          "Parent Relationship": "Outer",
                          "Parallel Aware": true,
                          "Relation Name": "title",
                          "Alias": "t",
                          "Startup Cost": 0.0,
                          "Total Cost": 43899.32,
                          "Plan Rows": 434184,
                          "Plan Width": 4,
                          "Actual Startup Time": 0.019,
                          "Actual Total Time": 99.504,
                          "Actual Rows": 345047,
                          "Actual Loops": 5,
                          "Filter": "(production_year > 1991)",
                          "Rows Removed by Filter": 160616
                        },
                        {
                          "Node Type": "Hash",
                          "Parent Relationship": "Inner",
                          "Parallel Aware": true,
                          "Startup Cost": 15122.68,
                          "Total Cost": 15122.68,
                          "Plan Rows": 193397,
                          "Plan Width": 4,
                          "Actual Startup Time": 82.828,
                          "Actual Total Time": 82.829,
                          "Actual Rows": 92037,
                          "Actual Loops": 5,
                          "Hash Buckets": 524288,
                          "Original Hash Buckets": 524288,
                          "Hash Batches": 1,
                          "Original Hash Batches": 1,
                          "Peak Memory Usage": 22176,
                          "Plans": [
                            {
                              "Node Type": "Seq Scan",
                              "Parent Relationship": "Outer",
                              "Parallel Aware": true,
                              "Relation Name": "movie_info_idx",
                              "Alias": "mi_idx",
                              "Startup Cost": 0.0,
                              "Total Cost": 15122.68,
                              "Plan Rows": 193397,
                              "Plan Width": 4,
                              "Actual Startup Time": 0.049,
                              "Actual Total Time": 43.237,
                              "Actual Rows": 92037,
                              "Actual Loops": 5,
                              "Filter": "(info_type_id > 100)",
                              "Rows Removed by Filter": 183970
                            }
                          ]
                        }
                      ]
                    },
                    {
                      "Node Type": "Index Scan",
                      "Parent Relationship": "Inner",
                      "Parallel Aware": false,
                      "Scan Direction": "Forward",
                      "Index Name": "movie_id_cast_info",
                      "Relation Name": "cast_info",
                      "Alias": "ci",
                      "Startup Cost": 0.56,
                      "Total Cost": 2.23,
                      "Plan Rows": 19,
                      "Plan Width": 4,
                      "Actual Startup Time": 0.008,
                      "Actual Total Time": 0.046,
                      "Actual Rows": 15,
                      "Actual Loops": 297898,
                      "Index Cond": "(movie_id = t.id)",
                      "Rows Removed by Index Recheck": 0,
                      "Filter": "((person_id > 95397) AND (role_id < 3))",
                      "Rows Removed by Filter": 17
                    }
                  ]
                }
              ]
            }
          ]
        }
      ]
    },
    "Planning Time": 1.319,
    "Triggers": [],
    "Execution Time": 3374.894
  }
]