[
  {
    "Plan": {
      "Node Type": "Aggregate",
      "Strategy": "Plain",
      "Partial Mode": "Finalize",
      "Parallel Aware": false,
      "Startup Cost": 123253.46,
      "Total Cost": 123253.47,
      "Plan Rows": 1,
      "Plan Width": 8,
      "Actual Startup Time": 558.417,
      "Actual Total Time": 578.874,
      "Actual Rows": 1,
      "Actual Loops": 1,
      "Plans": [
        {
          "Node Type": "Gather",
          "Parent Relationship": "Outer",
          "Parallel Aware": false,
          "Startup Cost": 123253.14,
          "Total Cost": 123253.45,
          "Plan Rows": 3,
          "Plan Width": 8,
          "Actual Startup Time": 554.706,
          "Actual Total Time": 578.868,
          "Actual Rows": 4,
          "Actual Loops": 1,
          "Workers Planned": 3,
          "Workers Launched": 3,
          "Single Copy": false,
          "Plans": [
            {
              "Node Type": "Aggregate",
              "Strategy": "Plain",
              "Partial Mode": "Partial",
              "Parent Relationship": "Outer",
              "Parallel Aware": false,
              "Startup Cost": 122253.14,
              "Total Cost": 122253.15,
              "Plan Rows": 1,
              "Plan Width": 8,
              "Actual Startup Time": 548.244,
              "Actual Total Time": 548.25,
              "Actual Rows": 1,
              "Actual Loops": 4,
              "Plans": [
                {
                  "Node Type": "Hash Join",
                  "Parent Relationship": "Outer",
                  "Parallel Aware": true,
                  "Join Type": "Inner",
                  "Startup Cost": 91481.6,
                  "Total Cost": 122074.65,
                  "Plan Rows": 71395,
                  "Plan Width": 0,
                  "Actual Startup Time": 315.282,
                  "Actual Total Time": 498.801,
                  "Actual Rows": 1207512,
                  "Actual Loops": 4,
                  "Inner Unique": false,
                  "Hash Cond": "(mc.movie_id = t.id)",
                  "Plans": [
                    {
                      "Node Type": "Seq Scan",
                      "Parent Relationship": "Outer",
                      "Parallel Aware": true,
                      "Relation Name": "movie_companies",
                      "Alias": "mc",
                      "Startup Cost": 0.0,
                      "Total Cost": 27206.55,
                      "Plan Rows": 841655,
                      "Plan Width": 4,
                      "Actual Startup Time": 0.031,
                      "Actual Total Time": 54.162,
                      "Actual Rows": 652282,
                      "Actual Loops": 4
                    },
                    {
                      "Node Type": "Hash",
                      "Parent Relationship": "Inner",
                      "Parallel Aware": true,
                      "Startup Cost": 90616.78,
                      "Total Cost": 90616.78,
                      "Plan Rows": 69186,
                      "Plan Width": 8,
                      "Actual Startup Time": 290.109,
                      "Actual Total Time": 290.113,
                      "Actual Rows": 91782,
                      "Actual Loops": 4,
                      "Hash Buckets": 524288,
                      "Original Hash Buckets": 262144,
                      "Hash Batches": 1,
                      "Original Hash Batches": 1,
                      "Peak Memory Usage": 20544,
                      "Plans": [
                        {
                          "Node Type": "Hash Join",
                          "Parent Relationship": "Outer",
                          "Parallel Aware": true,
                          "Join Type": "Inner",
                          "Startup Cost": 46935.47,
                          "Total Cost": 90616.78,
                          "Plan Rows": 69186,
                          "Plan Width": 8,
                          "Actual Startup Time": 149.634,
                          "Actual Total Time": 262.261,
                          "Actual Rows": 91782,
                          "Actual Loops": 4,
                          "Inner Unique": true,
                          "Hash Cond": "(mk.movie_id = t.id)",
                          "Plans": [
                            {
                              "Node Type": "Seq Scan",
                              "Parent Relationship": "Outer",
                              "Parallel Aware": true,
                              "Relation Name": "movie_keyword",
                              "Alias": "mk",
                              "Startup Cost": 0.0,
                              "Total Cost": 42695.65,
                              "Plan Rows": 375485,
                              "Plan Width": 4,
                              "Actual Startup Time": 1.121,
                              "Actual Total Time": 94.208,
                              "Actual Rows": 292914,
                              "Actual Loops": 4,
                              "Filter": "(keyword_id > 15914)",
                              "Rows Removed by Filter": 838069
                            },
                            {
                              "Node Type": "Hash",
                              "Parent Relationship": "Inner",
                              "Parallel Aware": true,
                              "Startup Cost": 45479.59,
                              "Total Cost": 45479.59,
                              "Plan Rows": 116471,
                              "Plan Width": 4,
                              "Actual Startup Time": 124.828,
                              "Actual Total Time": 124.829,
                              "Actual Rows": 85186,
                              "Actual Loops": 4,
                              "Hash Buckets": 524288,
                              "Original Hash Buckets": 524288,
                              "Hash Batches": 1,
                              "Original Hash Batches": 1,
                              "Peak Memory Usage": 17472,
                              "Plans": [
                                {
                                  "Node Type": "Seq Scan",
                                  "Parent Relationship": "Outer",
                                  "Parallel Aware": true,
                                  "Relation Name": "title",
                                  "Alias": "t",
                                  "Startup Cost": 0.0,
                                  "Total Cost": 45479.59,
                                  "Plan Rows": 116471,
                                  "Plan Width": 4,
                                  "Actual Startup Time": 41.356,
                                  "Actual Total Time": 95.618,
                                  "Actual Rows": 85186,
                                  "Actual Loops": 4,
                                  "Filter": "((production_year > 1989) AND (kind_id = 1))",
                                  "Rows Removed by Filter": 546892
                                }
                              ]
                            }
                          ]
                        }
                      ]
                    }
                  ]
                }
              ]
            }
          ]
        }
      ]
    },
    "Planning Time": 0.475,
    "Triggers": [],
    "Execution Time": 578.915
  }
]