[
  {
    "Plan": {
      "Node Type": "Aggregate",
      "Strategy": "Plain",
      "Partial Mode": "Finalize",
      "Parallel Aware": false,
      "Startup Cost": 108936.0,
      "Total Cost": 108936.01,
      "Plan Rows": 1,
      "Plan Width": 8,
      "Actual Startup Time": 883.835,
      "Actual Total Time": 911.269,
      "Actual Rows": 1,
      "Actual Loops": 1,
      "Plans": [
        {
          "Node Type": "Gather",
          "Parent Relationship": "Outer",
          "Parallel Aware": false,
          "Startup Cost": 108935.79,
          "Total Cost": 108936.0,
          "Plan Rows": 2,
          "Plan Width": 8,
          "Actual Startup Time": 874.894,
          "Actual Total Time": 911.26,
          "Actual Rows": 3,
          "Actual Loops": 1,
          "Workers Planned": 2,
          "Workers Launched": 2,
          "Single Copy": false,
          "Plans": [
            {
              "Node Type": "Aggregate",
              "Strategy": "Plain",
              "Partial Mode": "Partial",
              "Parent Relationship": "Outer",
              "Parallel Aware": false,
              "Startup Cost": 107935.79,
              "Total Cost": 107935.8,
              "Plan Rows": 1,
              "Plan Width": 8,
              "Actual Startup Time": 866.216,
              "Actual Total Time": 866.223,
              "Actual Rows": 1,
              "Actual Loops": 3,
              "Plans": [
                {
                  "Node Type": "Hash Join",
                  "Parent Relationship": "Outer",
                  "Parallel Aware": true,
                  "Join Type": "Inner",
                  "Startup Cost": 91372.57,
                  "Total Cost": 107620.65,
                  "Plan Rows": 126054,
                  "Plan Width": 0,
                  "Actual Startup Time": 715.178,
                  "Actual Total Time": 847.882,
                  "Actual Rows": 385842,
                  "Actual Loops": 3,
                  "Inner Unique": false,
                  "Hash Cond": "(mi_idx.movie_id = t.id)",
                  "Plans": [
                    {
                      "Node Type": "Seq Scan",
                      "Parent Relationship": "Outer",
                      "Parallel Aware": true,
                      "Relation Name": "movie_info_idx",
                      "Alias": "mi_idx",
                      "Startup Cost": 0.0,
                      "Total Cost": 13685.15,
                      "Plan Rows": 575015,
                      "Plan Width": 4,
                      "Actual Startup Time": 0.064,
                      "Actual Total Time": 38.232,
                      "Actual Rows": 460012,
                      "Actual Loops": 3
                    },
                    {
                      "Node Type": "Hash",
                      "Parent Relationship": "Inner",
                      "Parallel Aware": true,
                      "Startup Cost": 89137.69,
                      "Total Cost": 89137.69,
                      "Plan Rows": 178790,
                      "Plan Width": 8,
                      "Actual Startup Time": 708.625,
                      "Actual Total Time": 708.63,
                      "Actual Rows": 189094,
                      "Actual Loops": 3,
                      "Hash Buckets": 1048576,
                      "Original Hash Buckets": 1048576,
                      "Hash Batches": 1,
                      "Original Hash Batches": 1,
                      "Peak Memory Usage": 30432,
                      "Plans": [
                        {
                          "Node Type": "Hash Join",
                          "Parent Relationship": "Outer",
                          "Parallel Aware": true,
                          "Join Type": "Inner",
                          "Startup Cost": 61979.5,
                          "Total Cost": 89137.69,
                          "Plan Rows": 178790,
                          "Plan Width": 8,
                          "Actual Startup Time": 502.899,
                          "Actual Total Time": 649.777,
                          "Actual Rows": 189094,
                          "Actual Loops": 3,
                          "Inner Unique": true,
                          "Hash Cond": "(mk.movie_id = t.id)",
                          "Plans": [
                            {
                              "Node Type": "Bitmap Heap Scan",
                              "Parent Relationship": "Outer",
                              "Parallel Aware": true,
                              "Relation Name": "movie_keyword",
                              "Alias": "mk",
                              "Startup Cost": 11759.85,
                              "Total Cost": 38448.73,
                              "Plan Rows": 178790,
                              "Plan Width": 4,
                              "Actual Startup Time": 44.221,
                              "Actual Total Time": 112.385,
                              "Actual Rows": 189094,
                              "Actual Loops": 3,
                              "Recheck Cond": "(keyword_id < 402)",
                              "Rows Removed by Index Recheck": 0,
                              "Exact Heap Blocks": 7313,
                              "Lossy Heap Blocks": 0,
                              "Plans": [
                                {
                                  "Node Type": "Bitmap Index Scan",
                                  "Parent Relationship": "Outer",
                                  "Parallel Aware": false,
                                  "Index Name": "keyword_id_movie_keyword",
                                  "Startup Cost": 0.0,
                                  "Total Cost": 11621.29,
                                  "Plan Rows": 554248,
                                  "Plan Width": 0,
                                  "Actual Startup Time": 38.345,
                                  "Actual Total Time": 38.345,
                                  "Actual Rows": 567281,
                                  "Actual Loops": 1,
                                  "Index Cond": "(keyword_id < 402)"
                                }
                              ]
                            },
                            {
                              "Node Type": "Hash",
                              "Parent Relationship": "Inner",
                              "Parallel Aware": true,
                              "Startup Cost": 42318.73,
                              "Total Cost": 42318.73,
                              "Plan Rows": 632073,
                              "Plan Width": 4,
                              "Actual Startup Time": 446.238,
                              "Actual Total Time": 446.239,
                              "Actual Rows": 842771,
                              "Actual Loops": 3,
                              "Hash Buckets": 4194304,
                              "Original Hash Buckets": 4194304,
                              "Hash Batches": 1,
                              "Original Hash Batches": 1,
                              "Peak Memory Usage": 131744,
                              "Plans": [
                                {
                                  "Node Type": "Seq Scan",
                                  "Parent Relationship": "Outer",
                                  "Parallel Aware": true,
                                  "Relation Name": "title",
                                  "Alias": "t",
                                  "Startup Cost": 0.0,
                                  "Total Cost": 42318.73,
                                  "Plan Rows": 632073,
                                  "Plan Width": 4,
                                  "Actual Startup Time": 0.043,
                                  "Actual Total Time": 124.967,
                                  "Actual Rows": 842771,
                                  "Actual Loops": 3
                                }
                              ]
                            }
                          ]
                        }
                      ]
                    }
                  ]
                }
              ]
            }
          ]
        }
      ]
    },
    "Planning Time": 1.248,
    "Triggers": [],
    "Execution Time": 911.37
  }
]