{
  "Plan": {
    "Node Type": "Aggregate",
    "Strategy": "Plain",
    "Partial Mode": "Finalize",
    "Parallel Aware": false,
    "Startup Cost": 1694249.6,
    "Total Cost": 1694249.61,
    "Plan Rows": 1,
    "Plan Width": 8,
    "Actual Startup Time": 17070.986,
    "Actual Total Time": 17156.368,
    "Actual Rows": 1,
    "Actual Loops": 1,
    "Plans": [
      {
        "Node Type": "Gather",
        "Parent Relationship": "Outer",
        "Parallel Aware": false,
        "Startup Cost": 1694249.49,
        "Total Cost": 1694249.6,
        "Plan Rows": 1,
        "Plan Width": 8,
        "Actual Startup Time": 17059.864,
        "Actual Total Time": 17156.357,
        "Actual Rows": 2,
        "Actual Loops": 1,
        "Workers Planned": 1,
        "Workers Launched": 1,
        "Single Copy": false,
        "Plans": [
          {
            "Node Type": "Aggregate",
            "Strategy": "Plain",
            "Partial Mode": "Partial",
            "Parent Relationship": "Outer",
            "Parallel Aware": false,
            "Startup Cost": 1693249.49,
            "Total Cost": 1693249.5,
            "Plan Rows": 1,
            "Plan Width": 8,
            "Actual Startup Time": 17031.93,
            "Actual Total Time": 17033.898,
            "Actual Rows": 1,
            "Actual Loops": 2,
            "Plans": [
              {
                "Node Type": "Hash Join",
                "Parent Relationship": "Outer",
                "Parallel Aware": true,
                "Join Type": "Inner",
                "Startup Cost": 403008.32,
                "Total Cost": 1517898.02,
                "Plan Rows": 70140586,
                "Plan Width": 0,
                "Actual Startup Time": 3835.768,
                "Actual Total Time": 15287.358,
                "Actual Rows": 44135472,
                "Actual Loops": 2,
                "Inner Unique": false,
                "Hash Cond": "(ci.movie_id = t.id)",
                "Plans": [
                  {
                    "Node Type": "Seq Scan",
                    "Parent Relationship": "Outer",
                    "Parallel Aware": true,
                    "Relation Name": "cast_info",
                    "Alias": "ci",
                    "Startup Cost": 0.0,
                    "Total Cost": 519069.44,
                    "Plan Rows": 20940405,
                    "Plan Width": 4,
                    "Actual Startup Time": 0.02,
                    "Actual Total Time": 1701.76,
                    "Actual Rows": 17825581,
                    "Actual Loops": 2,
                    "Filter": "(person_id < 3947127)",
                    "Rows Removed by Filter": 296591
                  },
                  {
                    "Node Type": "Hash",
                    "Parent Relationship": "Inner",
                    "Parallel Aware": true,
                    "Startup Cost": 340739.18,
                    "Total Cost": 340739.18,
                    "Plan Rows": 4981531,
                    "Plan Width": 8,
                    "Actual Startup Time": 3764.954,
                    "Actual Total Time": 3766.92,
                    "Actual Rows": 1968672,
                    "Actual Loops": 2,
                    "Hash Buckets": 16777216,
                    "Original Hash Buckets": 16777216,
                    "Hash Batches": 1,
                    "Original Hash Batches": 1,
                    "Peak Memory Usage": 285120,
                    "Plans": [
                      {
                        "Node Type": "Hash Join",
                        "Parent Relationship": "Outer",
                        "Parallel Aware": true,
                        "Join Type": "Inner",
                        "Startup Cost": 68955.69,
                        "Total Cost": 340739.18,
                        "Plan Rows": 4981531,
                        "Plan Width": 8,
                        "Actual Startup Time": 416.639,
                        "Actual Total Time": 3058.808,
                        "Actual Rows": 1968672,
                        "Actual Loops": 2,
                        "Inner Unique": true,
                        "Hash Cond": "(mi.movie_id = t.id)",
                        "Plans": [
                          {
                            "Node Type": "Seq Scan",
                            "Parent Relationship": "Outer",
                            "Parallel Aware": true,
                            "Relation Name": "movie_info",
                            "Alias": "mi",
                            "Startup Cost": 0.0,
                            "Total Cost": 248955.74,
                            "Plan Rows": 8696274,
                            "Plan Width": 4,
                            "Actual Startup Time": 0.018,
                            "Actual Total Time": 712.72,
                            "Actual Rows": 7417860,
                            "Actual Loops": 2
                          },
                          {
                            "Node Type": "Hash",
                            "Parent Relationship": "Inner",
                            "Parallel Aware": true,
                            "Startup Cost": 58306.47,
                            "Total Cost": 58306.47,
                            "Plan Rows": 851938,
                            "Plan Width": 4,
                            "Actual Startup Time": 408.474,
                            "Actual Total Time": 408.475,
                            "Actual Rows": 739219,
                            "Actual Loops": 2,
                            "Hash Buckets": 2097152,
                            "Original Hash Buckets": 2097152,
                            "Hash Batches": 1,
                            "Original Hash Batches": 1,
                            "Peak Memory Usage": 74272,
                            "Plans": [
                              {
                                "Node Type": "Seq Scan",
                                "Parent Relationship": "Outer",
                                "Parallel Aware": true,
                                "Relation Name": "title",
                                "Alias": "t",
                                "Startup Cost": 0.0,
                                "Total Cost": 58306.47,
                                "Plan Rows": 851938,
                                "Plan Width": 4,
                                "Actual Startup Time": 0.048,
                                "Actual Total Time": 193.25,
                                "Actual Rows": 739219,
                                "Actual Loops": 2,
                                "Filter": "((production_year > 1917) AND (kind_id = 7))",
                                "Rows Removed by Filter": 524937
                              }
                            ]
                          }
                        ]
                      }
                    ]
                  }
                ]
              }
            ]
          }
        ]
      }
    ]
  },
  "Planning Time": 1.043,
  "Triggers": [],
  "Execution Time": 17156.461
}