[
    {
        "Bao": {
            "Bao prediction": "NaN",
            "Bao recommended hint": "(no hint)"
        }
    },
    {
        "Plan": {
            "Node Type": "Aggregate",
            "Strategy": "Plain",
            "Partial Mode": "Finalize",
            "Parallel Aware": false,
            "Startup Cost": 287456.12,
            "Total Cost": 287456.13,
            "Plan Rows": 1,
            "Plan Width": 8,
            "Actual Startup Time": 1336.781,
            "Actual Total Time": 1369.085,
            "Actual Rows": 1,
            "Actual Loops": 1,
            "Output": [
                "count(*)"
            ],
            "Plans": [
                {
                    "Node Type": "Gather",
                    "Parent Relationship": "Outer",
                    "Parallel Aware": false,
                    "Startup Cost": 287455.6,
                    "Total Cost": 287456.11,
                    "Plan Rows": 5,
                    "Plan Width": 8,
                    "Actual Startup Time": 1310.901,
                    "Actual Total Time": 1369.074,
                    "Actual Rows": 6,
                    "Actual Loops": 1,
                    "Output": [
                        "(PARTIAL count(*))"
                    ],
                    "Workers Planned": 5,
                    "Workers Launched": 5,
                    "Single Copy": false,
                    "Plans": [
                        {
                            "Node Type": "Aggregate",
                            "Strategy": "Plain",
                            "Partial Mode": "Partial",
                            "Parent Relationship": "Outer",
                            "Parallel Aware": false,
                            "Startup Cost": 286455.6,
                            "Total Cost": 286455.61,
                            "Plan Rows": 1,
                            "Plan Width": 8,
                            "Actual Startup Time": 1301.08,
                            "Actual Total Time": 1302.037,
                            "Actual Rows": 1,
                            "Actual Loops": 6,
                            "Output": [
                                "PARTIAL count(*)"
                            ],
                            "Workers": [
                                {
                                    "Worker Number": 0,
                                    "Actual Startup Time": 1300.176,
                                    "Actual Total Time": 1300.182,
                                    "Actual Rows": 1,
                                    "Actual Loops": 1
                                },
                                {
                                    "Worker Number": 1,
                                    "Actual Startup Time": 1298.6,
                                    "Actual Total Time": 1298.605,
                                    "Actual Rows": 1,
                                    "Actual Loops": 1
                                },
                                {
                                    "Worker Number": 2,
                                    "Actual Startup Time": 1299.014,
                                    "Actual Total Time": 1299.017,
                                    "Actual Rows": 1,
                                    "Actual Loops": 1
                                },
                                {
                                    "Worker Number": 3,
                                    "Actual Startup Time": 1299.007,
                                    "Actual Total Time": 1299.012,
                                    "Actual Rows": 1,
                                    "Actual Loops": 1
                                },
                                {
                                    "Worker Number": 4,
                                    "Actual Startup Time": 1299.165,
                                    "Actual Total Time": 1299.168,
                                    "Actual Rows": 1,
                                    "Actual Loops": 1
                                }
                            ],
                            "Plans": [
                                {
                                    "Node Type": "Hash Join",
                                    "Parent Relationship": "Outer",
                                    "Parallel Aware": true,
                                    "Join Type": "Inner",
                                    "Startup Cost": 73719.57,
                                    "Total Cost": 283937.24,
                                    "Plan Rows": 1007345,
                                    "Plan Width": 0,
                                    "Actual Startup Time": 437.537,
                                    "Actual Total Time": 1213.59,
                                    "Actual Rows": 2106570,
                                    "Actual Loops": 6,
                                    "Inner Unique": false,
                                    "Hash Cond": "(mi.movie_id = t.id)",
                                    "Workers": [
                                        {
                                            "Worker Number": 0,
                                            "Actual Startup Time": 434.88,
                                            "Actual Total Time": 1205.087,
                                            "Actual Rows": 1498918,
                                            "Actual Loops": 1
                                        },
                                        {
                                            "Worker Number": 1,
                                            "Actual Startup Time": 435.25,
                                            "Actual Total Time": 1212.621,
                                            "Actual Rows": 2163335,
                                            "Actual Loops": 1
                                        },
                                        {
                                            "Worker Number": 2,
                                            "Actual Startup Time": 435.978,
                                            "Actual Total Time": 1212.941,
                                            "Actual Rows": 2209432,
                                            "Actual Loops": 1
                                        },
                                        {
                                            "Worker Number": 3,
                                            "Actual Startup Time": 435.67,
                                            "Actual Total Time": 1213.239,
                                            "Actual Rows": 2198984,
                                            "Actual Loops": 1
                                        },
                                        {
                                            "Worker Number": 4,
                                            "Actual Startup Time": 436.157,
                                            "Actual Total Time": 1212.814,
                                            "Actual Rows": 2212962,
                                            "Actual Loops": 1
                                        }
                                    ],
                                    "Plans": [
                                        {
                                            "Node Type": "Seq Scan",
                                            "Parent Relationship": "Outer",
                                            "Parallel Aware": true,
                                            "Relation Name": "movie_info",
                                            "Schema": "public",
                                            "Alias": "mi",
                                            "Startup Cost": 0.0,
                                            "Total Cost": 198880.74,
                                            "Plan Rows": 1903910,
                                            "Plan Width": 4,
                                            "Actual Startup Time": 0.032,
                                            "Actual Total Time": 319.517,
                                            "Actual Rows": 1594192,
                                            "Actual Loops": 6,
                                            "Output": [
                                                "mi.id",
                                                "mi.movie_id",
                                                "mi.info_type_id",
                                                "mi.info",
                                                "mi.note"
                                            ],
                                            "Filter": "(mi.info_type_id < 16)",
                                            "Rows Removed by Filter": 878428,
                                            "Workers": [
                                                {
                                                    "Worker Number": 0,
                                                    "Actual Startup Time": 0.055,
                                                    "Actual Total Time": 335.857,
                                                    "Actual Rows": 1141121,
                                                    "Actual Loops": 1
                                                },
                                                {
                                                    "Worker Number": 1,
                                                    "Actual Startup Time": 0.032,
                                                    "Actual Total Time": 320.197,
                                                    "Actual Rows": 1651201,
                                                    "Actual Loops": 1
                                                },
                                                {
                                                    "Worker Number": 2,
                                                    "Actual Startup Time": 0.036,
                                                    "Actual Total Time": 325.836,
                                                    "Actual Rows": 1674585,
                                                    "Actual Loops": 1
                                                },
                                                {
                                                    "Worker Number": 3,
                                                    "Actual Startup Time": 0.03,
                                                    "Actual Total Time": 326.036,
                                                    "Actual Rows": 1667976,
                                                    "Actual Loops": 1
                                                },
                                                {
                                                    "Worker Number": 4,
                                                    "Actual Startup Time": 0.028,
                                                    "Actual Total Time": 325.211,
                                                    "Actual Rows": 1669540,
                                                    "Actual Loops": 1
                                                }
                                            ]
                                        },
                                        {
                                            "Node Type": "Hash",
                                            "Parent Relationship": "Inner",
                                            "Parallel Aware": true,
                                            "Startup Cost": 66752.29,
                                            "Total Cost": 66752.29,
                                            "Plan Rows": 557382,
                                            "Plan Width": 8,
                                            "Actual Startup Time": 433.112,
                                            "Actual Total Time": 434.067,
                                            "Actual Rows": 229482,
                                            "Actual Loops": 6,
                                            "Output": [
                                                "t.id",
                                                "mi_idx.movie_id"
                                            ],
                                            "Hash Buckets": 2097152,
                                            "Original Hash Buckets": 2097152,
                                            "Hash Batches": 1,
                                            "Original Hash Batches": 1,
                                            "Peak Memory Usage": 70368,
                                            "Workers": [
                                                {
                                                    "Worker Number": 0,
                                                    "Actual Startup Time": 433.112,
                                                    "Actual Total Time": 433.116,
                                                    "Actual Rows": 165592,
                                                    "Actual Loops": 1
                                                },
                                                {
                                                    "Worker Number": 1,
                                                    "Actual Startup Time": 433.777,
                                                    "Actual Total Time": 433.78,
                                                    "Actual Rows": 235002,
                                                    "Actual Loops": 1
                                                },
                                                {
                                                    "Worker Number": 2,
                                                    "Actual Startup Time": 434.177,
                                                    "Actual Total Time": 434.18,
                                                    "Actual Rows": 240153,
                                                    "Actual Loops": 1
                                                },
                                                {
                                                    "Worker Number": 3,
                                                    "Actual Startup Time": 434.193,
                                                    "Actual Total Time": 434.197,
                                                    "Actual Rows": 243867,
                                                    "Actual Loops": 1
                                                },
                                                {
                                                    "Worker Number": 4,
                                                    "Actual Startup Time": 434.276,
                                                    "Actual Total Time": 434.279,
                                                    "Actual Rows": 241966,
                                                    "Actual Loops": 1
                                                }
                                            ],
                                            "Plans": [
                                                {
                                                    "Node Type": "Hash Join",
                                                    "Parent Relationship": "Outer",
                                                    "Parallel Aware": true,
                                                    "Join Type": "Inner",
                                                    "Startup Cost": 51557.73,
                                                    "Total Cost": 66752.29,
                                                    "Plan Rows": 557382,
                                                    "Plan Width": 8,
                                                    "Actual Startup Time": 275.759,
                                                    "Actual Total Time": 368.01,
                                                    "Actual Rows": 229482,
                                                    "Actual Loops": 6,
                                                    "Output": [
                                                        "t.id",
                                                        "mi_idx.movie_id"
                                                    ],
                                                    "Inner Unique": true,
                                                    "Hash Cond": "(mi_idx.movie_id = t.id)",
                                                    "Workers": [
                                                        {
                                                            "Worker Number": 0,
                                                            "Actual Startup Time": 275.64,
                                                            "Actual Total Time": 367.208,
                                                            "Actual Rows": 165592,
                                                            "Actual Loops": 1
                                                        },
                                                        {
                                                            "Worker Number": 1,
                                                            "Actual Startup Time": 275.67,
                                                            "Actual Total Time": 367.043,
                                                            "Actual Rows": 235002,
                                                            "Actual Loops": 1
                                                        },
                                                        {
                                                            "Worker Number": 2,
                                                            "Actual Startup Time": 275.834,
                                                            "Actual Total Time": 366.713,
                                                            "Actual Rows": 240153,
                                                            "Actual Loops": 1
                                                        },
                                                        {
                                                            "Worker Number": 3,
                                                            "Actual Startup Time": 275.818,
                                                            "Actual Total Time": 366.973,
                                                            "Actual Rows": 243867,
                                                            "Actual Loops": 1
                                                        },
                                                        {
                                                            "Worker Number": 4,
                                                            "Actual Startup Time": 275.812,
                                                            "Actual Total Time": 368.03,
                                                            "Actual Rows": 241966,
                                                            "Actual Loops": 1
                                                        }
                                                    ],
                                                    "Plans": [
                                                        {
                                                            "Node Type": "Seq Scan",
                                                            "Parent Relationship": "Outer",
                                                            "Parallel Aware": true,
                                                            "Relation Name": "movie_info_idx",
                                                            "Schema": "public",
                                                            "Alias": "mi_idx",
                                                            "Startup Cost": 0.0,
                                                            "Total Cost": 13685.15,
                                                            "Plan Rows": 575015,
                                                            "Plan Width": 4,
                                                            "Actual Startup Time": 0.023,
                                                            "Actual Total Time": 23.778,
                                                            "Actual Rows": 230006,
                                                            "Actual Loops": 6,
                                                            "Output": [
                                                                "mi_idx.id",
                                                                "mi_idx.movie_id",
                                                                "mi_idx.info_type_id",
                                                                "mi_idx.info",
                                                                "mi_idx.note"
                                                            ],
                                                            "Workers": [
                                                                {
                                                                    "Worker Number": 0,
                                                                    "Actual Startup Time": 0.028,
                                                                    "Actual Total Time": 25.989,
                                                                    "Actual Rows": 165937,
                                                                    "Actual Loops": 1
                                                                },
                                                                {
                                                                    "Worker Number": 1,
                                                                    "Actual Startup Time": 0.026,
                                                                    "Actual Total Time": 24.395,
                                                                    "Actual Rows": 235517,
                                                                    "Actual Loops": 1
                                                                },
                                                                {
                                                                    "Worker Number": 2,
                                                                    "Actual Startup Time": 0.028,
                                                                    "Actual Total Time": 24.029,
                                                                    "Actual Rows": 240736,
                                                                    "Actual Loops": 1
                                                                },
                                                                {
                                                                    "Worker Number": 3,
                                                                    "Actual Startup Time": 0.026,
                                                                    "Actual Total Time": 23.891,
                                                                    "Actual Rows": 244496,
                                                                    "Actual Loops": 1
                                                                },
                                                                {
                                                                    "Worker Number": 4,
                                                                    "Actual Startup Time": 0.025,
                                                                    "Actual Total Time": 24.006,
                                                                    "Actual Rows": 242459,
                                                                    "Actual Loops": 1
                                                                }
                                                            ]
                                                        },
                                                        {
                                                            "Node Type": "Hash",
                                                            "Parent Relationship": "Inner",
                                                            "Parallel Aware": true,
                                                            "Startup Cost": 43899.01,
                                                            "Total Cost": 43899.01,
                                                            "Plan Rows": 612698,
                                                            "Plan Width": 4,
                                                            "Actual Startup Time": 271.372,
                                                            "Actual Total Time": 271.373,
                                                            "Actual Rows": 408689,
                                                            "Actual Loops": 6,
                                                            "Output": [
                                                                "t.id"
                                                            ],
                                                            "Hash Buckets": 4194304,
                                                            "Original Hash Buckets": 4194304,
                                                            "Hash Batches": 1,
                                                            "Original Hash Batches": 1,
                                                            "Peak Memory Usage": 128768,
                                                            "Workers": [
                                                                {
                                                                    "Worker Number": 0,
                                                                    "Actual Startup Time": 275.466,
                                                                    "Actual Total Time": 275.468,
                                                                    "Actual Rows": 296810,
                                                                    "Actual Loops": 1
                                                                },
                                                                {
                                                                    "Worker Number": 1,
                                                                    "Actual Startup Time": 275.574,
                                                                    "Actual Total Time": 275.575,
                                                                    "Actual Rows": 398703,
                                                                    "Actual Loops": 1
                                                                },
                                                                {
                                                                    "Worker Number": 2,
                                                                    "Actual Startup Time": 275.544,
                                                                    "Actual Total Time": 275.545,
                                                                    "Actual Rows": 425614,
                                                                    "Actual Loops": 1
                                                                },
                                                                {
                                                                    "Worker Number": 3,
                                                                    "Actual Startup Time": 275.55,
                                                                    "Actual Total Time": 275.552,
                                                                    "Actual Rows": 410528,
                                                                    "Actual Loops": 1
                                                                },
                                                                {
                                                                    "Worker Number": 4,
                                                                    "Actual Startup Time": 275.542,
                                                                    "Actual Total Time": 275.544,
                                                                    "Actual Rows": 420893,
                                                                    "Actual Loops": 1
                                                                }
                                                            ],
                                                            "Plans": [
                                                                {
                                                                    "Node Type": "Seq Scan",
                                                                    "Parent Relationship": "Outer",
                                                                    "Parallel Aware": true,
                                                                    "Relation Name": "title",
                                                                    "Schema": "public",
                                                                    "Alias": "t",
                                                                    "Startup Cost": 0.0,
                                                                    "Total Cost": 43899.01,
                                                                    "Plan Rows": 612698,
                                                                    "Plan Width": 4,
                                                                    "Actual Startup Time": 0.055,
                                                                    "Actual Total Time": 85.095,
                                                                    "Actual Rows": 408689,
                                                                    "Actual Loops": 6,
                                                                    "Output": [
                                                                        "t.id"
                                                                    ],
                                                                    "Filter": "(t.production_year > 1898)",
                                                                    "Rows Removed by Filter": 12696,
                                                                    "Workers": [
                                                                        {
                                                                            "Worker Number": 0,
                                                                            "Actual Startup Time": 0.042,
                                                                            "Actual Total Time": 93.475,
                                                                            "Actual Rows": 296810,
                                                                            "Actual Loops": 1
                                                                        },
                                                                        {
                                                                            "Worker Number": 1,
                                                                            "Actual Startup Time": 0.077,
                                                                            "Actual Total Time": 85.513,
                                                                            "Actual Rows": 398703,
                                                                            "Actual Loops": 1
                                                                        },
                                                                        {
                                                                            "Worker Number": 2,
                                                                            "Actual Startup Time": 0.049,
                                                                            "Actual Total Time": 84.947,
                                                                            "Actual Rows": 425614,
                                                                            "Actual Loops": 1
                                                                        },
                                                                        {
                                                                            "Worker Number": 3,
                                                                            "Actual Startup Time": 0.076,
                                                                            "Actual Total Time": 85.167,
                                                                            "Actual Rows": 410528,
                                                                            "Actual Loops": 1
                                                                        },
                                                                        {
                                                                            "Worker Number": 4,
                                                                            "Actual Startup Time": 0.071,
                                                                            "Actual Total Time": 85.649,
                                                                            "Actual Rows": 420893,
                                                                            "Actual Loops": 1
                                                                        }
                                                                    ]
                                                                }
                                                            ]
                                                        }
                                                    ]
                                                }
                                            ]
                                        }
                                    ]
                                }
                            ]
                        }
                    ]
                }
            ]
        },
        "Planning Time": 190.747,
        "Triggers": [],
        "Execution Time": 1369.149
    }
]