{
    "Plan": {
        "Node Type": "Aggregate",
        "Strategy": "Plain",
        "Partial Mode": "Finalize",
        "Parallel Aware": false,
        "Startup Cost": 94237.79,
        "Total Cost": 94237.8,
        "Plan Rows": 1,
        "Plan Width": 8,
        "Actual Startup Time": 487.666,
        "Actual Total Time": 504.634,
        "Actual Rows": 1,
        "Actual Loops": 1,
        "Output": [
            "count(*)"
        ],
        "Plans": [
            {
                "Node Type": "Gather",
                "Parent Relationship": "Outer",
                "Parallel Aware": false,
                "Startup Cost": 94237.58,
                "Total Cost": 94237.79,
                "Plan Rows": 2,
                "Plan Width": 8,
                "Actual Startup Time": 483.003,
                "Actual Total Time": 504.624,
                "Actual Rows": 3,
                "Actual Loops": 1,
                "Output": [
                    "(PARTIAL count(*))"
                ],
                "Workers Planned": 2,
                "Workers Launched": 2,
                "Single Copy": false,
                "Plans": [
                    {
                        "Node Type": "Aggregate",
                        "Strategy": "Plain",
                        "Partial Mode": "Partial",
                        "Parent Relationship": "Outer",
                        "Parallel Aware": false,
                        "Startup Cost": 93237.58,
                        "Total Cost": 93237.59,
                        "Plan Rows": 1,
                        "Plan Width": 8,
                        "Actual Startup Time": 476.096,
                        "Actual Total Time": 476.1,
                        "Actual Rows": 1,
                        "Actual Loops": 3,
                        "Output": [
                            "PARTIAL count(*)"
                        ],
                        "Workers": [
                            {
                                "Worker Number": 0,
                                "Actual Startup Time": 471.98,
                                "Actual Total Time": 471.983,
                                "Actual Rows": 1,
                                "Actual Loops": 1
                            },
                            {
                                "Worker Number": 1,
                                "Actual Startup Time": 474.0,
                                "Actual Total Time": 474.003,
                                "Actual Rows": 1,
                                "Actual Loops": 1
                            }
                        ],
                        "Plans": [
                            {
                                "Node Type": "Nested Loop",
                                "Parent Relationship": "Outer",
                                "Parallel Aware": false,
                                "Join Type": "Inner",
                                "Startup Cost": 47073.21,
                                "Total Cost": 93138.11,
                                "Plan Rows": 39786,
                                "Plan Width": 0,
                                "Actual Startup Time": 208.011,
                                "Actual Total Time": 466.491,
                                "Actual Rows": 229829,
                                "Actual Loops": 3,
                                "Inner Unique": false,
                                "Workers": [
                                    {
                                        "Worker Number": 0,
                                        "Actual Startup Time": 204.16,
                                        "Actual Total Time": 462.327,
                                        "Actual Rows": 230562,
                                        "Actual Loops": 1
                                    },
                                    {
                                        "Worker Number": 1,
                                        "Actual Startup Time": 204.252,
                                        "Actual Total Time": 464.957,
                                        "Actual Rows": 215234,
                                        "Actual Loops": 1
                                    }
                                ],
                                "Plans": [
                                    {
                                        "Node Type": "Hash Join",
                                        "Parent Relationship": "Outer",
                                        "Parallel Aware": true,
                                        "Join Type": "Inner",
                                        "Startup Cost": 47072.78,
                                        "Total Cost": 62697.24,
                                        "Plan Rows": 38554,
                                        "Plan Width": 8,
                                        "Actual Startup Time": 207.903,
                                        "Actual Total Time": 274.368,
                                        "Actual Rows": 61251,
                                        "Actual Loops": 3,
                                        "Output": [
                                            "t.id",
                                            "mi_idx.movie_id"
                                        ],
                                        "Inner Unique": true,
                                        "Hash Cond": "(mi_idx.movie_id = t.id)",
                                        "Workers": [
                                            {
                                                "Worker Number": 0,
                                                "Actual Startup Time": 204.033,
                                                "Actual Total Time": 270.617,
                                                "Actual Rows": 61225,
                                                "Actual Loops": 1
                                            },
                                            {
                                                "Worker Number": 1,
                                                "Actual Startup Time": 204.086,
                                                "Actual Total Time": 270.862,
                                                "Actual Rows": 56618,
                                                "Actual Loops": 1
                                            }
                                        ],
                                        "Plans": [
                                            {
                                                "Node Type": "Seq Scan",
                                                "Parent Relationship": "Outer",
                                                "Parallel Aware": true,
                                                "Relation Name": "movie_info_idx",
                                                "Schema": "public",
                                                "Alias": "mi_idx",
                                                "Startup Cost": 0.0,
                                                "Total Cost": 15122.68,
                                                "Plan Rows": 191154,
                                                "Plan Width": 4,
                                                "Actual Startup Time": 0.01,
                                                "Actual Total Time": 39.793,
                                                "Actual Rows": 153395,
                                                "Actual Loops": 3,
                                                "Output": [
                                                    "mi_idx.id",
                                                    "mi_idx.movie_id",
                                                    "mi_idx.info_type_id",
                                                    "mi_idx.info",
                                                    "mi_idx.note"
                                                ],
                                                "Filter": "(mi_idx.info_type_id > 100)",
                                                "Rows Removed by Filter": 306617,
                                                "Workers": [
                                                    {
                                                        "Worker Number": 0,
                                                        "Actual Startup Time": 0.011,
                                                        "Actual Total Time": 40.882,
                                                        "Actual Rows": 153421,
                                                        "Actual Loops": 1
                                                    },
                                                    {
                                                        "Worker Number": 1,
                                                        "Actual Startup Time": 0.01,
                                                        "Actual Total Time": 39.942,
                                                        "Actual Rows": 139538,
                                                        "Actual Loops": 1
                                                    }
                                                ]
                                            },
                                            {
                                                "Node Type": "Hash",
                                                "Parent Relationship": "Inner",
                                                "Parallel Aware": true,
                                                "Startup Cost": 45479.21,
                                                "Total Cost": 45479.21,
                                                "Plan Rows": 127486,
                                                "Plan Width": 4,
                                                "Actual Startup Time": 172.148,
                                                "Actual Total Time": 172.148,
                                                "Actual Rows": 174710,
                                                "Actual Loops": 3,
                                                "Output": [
                                                    "t.id"
                                                ],
                                                "Hash Buckets": 524288,
                                                "Original Hash Buckets": 524288,
                                                "Hash Batches": 1,
                                                "Original Hash Batches": 1,
                                                "Peak Memory Usage": 24640,
                                                "Workers": [
                                                    {
                                                        "Worker Number": 0,
                                                        "Actual Startup Time": 171.814,
                                                        "Actual Total Time": 171.814,
                                                        "Actual Rows": 173311,
                                                        "Actual Loops": 1
                                                    },
                                                    {
                                                        "Worker Number": 1,
                                                        "Actual Startup Time": 171.853,
                                                        "Actual Total Time": 171.854,
                                                        "Actual Rows": 157679,
                                                        "Actual Loops": 1
                                                    }
                                                ],
                                                "Plans": [
                                                    {
                                                        "Node Type": "Seq Scan",
                                                        "Parent Relationship": "Outer",
                                                        "Parallel Aware": true,
                                                        "Relation Name": "title",
                                                        "Schema": "public",
                                                        "Alias": "t",
                                                        "Startup Cost": 0.0,
                                                        "Total Cost": 45479.21,
                                                        "Plan Rows": 127486,
                                                        "Plan Width": 4,
                                                        "Actual Startup Time": 71.923,
                                                        "Actual Total Time": 124.375,
                                                        "Actual Rows": 174710,
                                                        "Actual Loops": 3,
                                                        "Output": [
                                                            "t.id"
                                                        ],
                                                        "Filter": "((t.production_year < 2010) AND (t.kind_id = 1))",
                                                        "Rows Removed by Filter": 668061,
                                                        "Workers": [
                                                            {
                                                                "Worker Number": 0,
                                                                "Actual Startup Time": 71.538,
                                                                "Actual Total Time": 125.556,
                                                                "Actual Rows": 173311,
                                                                "Actual Loops": 1
                                                            },
                                                            {
                                                                "Worker Number": 1,
                                                                "Actual Startup Time": 71.687,
                                                                "Actual Total Time": 124.222,
                                                                "Actual Rows": 157679,
                                                                "Actual Loops": 1
                                                            }
                                                        ]
                                                    }
                                                ]
                                            }
                                        ]
                                    },
                                    {
                                        "Node Type": "Index Only Scan",
                                        "Parent Relationship": "Inner",
                                        "Parallel Aware": false,
                                        "Scan Direction": "Forward",
                                        "Index Name": "movie_id_movie_companies",
                                        "Relation Name": "movie_companies",
                                        "Schema": "public",
                                        "Alias": "mc",
                                        "Startup Cost": 0.43,
                                        "Total Cost": 0.74,
                                        "Plan Rows": 5,
                                        "Plan Width": 4,
                                        "Actual Startup Time": 0.002,
                                        "Actual Total Time": 0.003,
                                        "Actual Rows": 4,
                                        "Actual Loops": 183752,
                                        "Output": [
                                            "mc.movie_id"
                                        ],
                                        "Index Cond": "(mc.movie_id = t.id)",
                                        "Rows Removed by Index Recheck": 0,
                                        "Heap Fetches": 689488,
                                        "Workers": [
                                            {
                                                "Worker Number": 0,
                                                "Actual Startup Time": 0.002,
                                                "Actual Total Time": 0.003,
                                                "Actual Rows": 4,
                                                "Actual Loops": 61225
                                            },
                                            {
                                                "Worker Number": 1,
                                                "Actual Startup Time": 0.002,
                                                "Actual Total Time": 0.003,
                                                "Actual Rows": 4,
                                                "Actual Loops": 56618
                                            }
                                        ]
                                    }
                                ]
                            }
                        ]
                    }
                ]
            }
        ]
    },
    "Planning Time": 1.525,
    "Triggers": [],
    "Execution Time": 504.726
}