{
    "Plan": {
        "Node Type": "Aggregate",
        "Strategy": "Plain",
        "Partial Mode": "Finalize",
        "Parallel Aware": false,
        "Startup Cost": 186248.95,
        "Total Cost": 186248.96,
        "Plan Rows": 1,
        "Plan Width": 8,
        "Actual Startup Time": 1109.135,
        "Actual Total Time": 1156.236,
        "Actual Rows": 1,
        "Actual Loops": 1,
        "Output": [
            "count(*)"
        ],
        "Plans": [
            {
                "Node Type": "Gather",
                "Parent Relationship": "Outer",
                "Parallel Aware": false,
                "Startup Cost": 186248.73,
                "Total Cost": 186248.94,
                "Plan Rows": 2,
                "Plan Width": 8,
                "Actual Startup Time": 1106.725,
                "Actual Total Time": 1156.227,
                "Actual Rows": 3,
                "Actual Loops": 1,
                "Output": [
                    "(PARTIAL count(*))"
                ],
                "Workers Planned": 2,
                "Workers Launched": 2,
                "Single Copy": false,
                "Plans": [
                    {
                        "Node Type": "Aggregate",
                        "Strategy": "Plain",
                        "Partial Mode": "Partial",
                        "Parent Relationship": "Outer",
                        "Parallel Aware": false,
                        "Startup Cost": 185248.73,
                        "Total Cost": 185248.74,
                        "Plan Rows": 1,
                        "Plan Width": 8,
                        "Actual Startup Time": 1098.304,
                        "Actual Total Time": 1098.308,
                        "Actual Rows": 1,
                        "Actual Loops": 3,
                        "Output": [
                            "PARTIAL count(*)"
                        ],
                        "Workers": [
                            {
                                "Worker Number": 0,
                                "Actual Startup Time": 1093.855,
                                "Actual Total Time": 1093.859,
                                "Actual Rows": 1,
                                "Actual Loops": 1
                            },
                            {
                                "Worker Number": 1,
                                "Actual Startup Time": 1094.989,
                                "Actual Total Time": 1094.993,
                                "Actual Rows": 1,
                                "Actual Loops": 1
                            }
                        ],
                        "Plans": [
                            {
                                "Node Type": "Nested Loop",
                                "Parent Relationship": "Outer",
                                "Parallel Aware": false,
                                "Join Type": "Inner",
                                "Startup Cost": 47034.26,
                                "Total Cost": 184700.15,
                                "Plan Rows": 219433,
                                "Plan Width": 0,
                                "Actual Startup Time": 194.27,
                                "Actual Total Time": 1046.643,
                                "Actual Rows": 1243364,
                                "Actual Loops": 3,
                                "Inner Unique": false,
                                "Workers": [
                                    {
                                        "Worker Number": 0,
                                        "Actual Startup Time": 190.132,
                                        "Actual Total Time": 1047.058,
                                        "Actual Rows": 1078817,
                                        "Actual Loops": 1
                                    },
                                    {
                                        "Worker Number": 1,
                                        "Actual Startup Time": 190.669,
                                        "Actual Total Time": 1044.309,
                                        "Actual Rows": 1197410,
                                        "Actual Loops": 1
                                    }
                                ],
                                "Plans": [
                                    {
                                        "Node Type": "Hash Join",
                                        "Parent Relationship": "Outer",
                                        "Parallel Aware": true,
                                        "Join Type": "Inner",
                                        "Startup Cost": 47033.82,
                                        "Total Cost": 62658.13,
                                        "Plan Rows": 37600,
                                        "Plan Width": 8,
                                        "Actual Startup Time": 194.183,
                                        "Actual Total Time": 301.449,
                                        "Actual Rows": 67036,
                                        "Actual Loops": 3,
                                        "Output": [
                                            "t.id",
                                            "mi_idx.movie_id"
                                        ],
                                        "Inner Unique": true,
                                        "Hash Cond": "(mi_idx.movie_id = t.id)",
                                        "Workers": [
                                            {
                                                "Worker Number": 0,
                                                "Actual Startup Time": 190.002,
                                                "Actual Total Time": 290.963,
                                                "Actual Rows": 57088,
                                                "Actual Loops": 1
                                            },
                                            {
                                                "Worker Number": 1,
                                                "Actual Startup Time": 190.565,
                                                "Actual Total Time": 294.894,
                                                "Actual Rows": 65191,
                                                "Actual Loops": 1
                                            }
                                        ],
                                        "Plans": [
                                            {
                                                "Node Type": "Seq Scan",
                                                "Parent Relationship": "Outer",
                                                "Parallel Aware": true,
                                                "Relation Name": "movie_info_idx",
                                                "Schema": "public",
                                                "Alias": "mi_idx",
                                                "Startup Cost": 0.0,
                                                "Total Cost": 15122.68,
                                                "Plan Rows": 191097,
                                                "Plan Width": 4,
                                                "Actual Startup Time": 0.012,
                                                "Actual Total Time": 41.861,
                                                "Actual Rows": 153308,
                                                "Actual Loops": 3,
                                                "Output": [
                                                    "mi_idx.id",
                                                    "mi_idx.movie_id",
                                                    "mi_idx.info_type_id",
                                                    "mi_idx.info",
                                                    "mi_idx.note"
                                                ],
                                                "Filter": "(mi_idx.info_type_id = 101)",
                                                "Rows Removed by Filter": 306703,
                                                "Workers": [
                                                    {
                                                        "Worker Number": 0,
                                                        "Actual Startup Time": 0.013,
                                                        "Actual Total Time": 39.673,
                                                        "Actual Rows": 126506,
                                                        "Actual Loops": 1
                                                    },
                                                    {
                                                        "Worker Number": 1,
                                                        "Actual Startup Time": 0.015,
                                                        "Actual Total Time": 41.44,
                                                        "Actual Rows": 144059,
                                                        "Actual Loops": 1
                                                    }
                                                ]
                                            },
                                            {
                                                "Node Type": "Hash",
                                                "Parent Relationship": "Inner",
                                                "Parallel Aware": true,
                                                "Startup Cost": 45479.21,
                                                "Total Cost": 45479.21,
                                                "Plan Rows": 124369,
                                                "Plan Width": 4,
                                                "Actual Startup Time": 190.365,
                                                "Actual Total Time": 190.366,
                                                "Actual Rows": 193806,
                                                "Actual Loops": 3,
                                                "Output": [
                                                    "t.id"
                                                ],
                                                "Hash Buckets": 1048576,
                                                "Original Hash Buckets": 524288,
                                                "Hash Batches": 1,
                                                "Original Hash Batches": 1,
                                                "Peak Memory Usage": 35104,
                                                "Workers": [
                                                    {
                                                        "Worker Number": 0,
                                                        "Actual Startup Time": 189.524,
                                                        "Actual Total Time": 189.525,
                                                        "Actual Rows": 169744,
                                                        "Actual Loops": 1
                                                    },
                                                    {
                                                        "Worker Number": 1,
                                                        "Actual Startup Time": 190.174,
                                                        "Actual Total Time": 190.174,
                                                        "Actual Rows": 191515,
                                                        "Actual Loops": 1
                                                    }
                                                ],
                                                "Plans": [
                                                    {
                                                        "Node Type": "Seq Scan",
                                                        "Parent Relationship": "Outer",
                                                        "Parallel Aware": true,
                                                        "Relation Name": "title",
                                                        "Schema": "public",
                                                        "Alias": "t",
                                                        "Startup Cost": 0.0,
                                                        "Total Cost": 45479.21,
                                                        "Plan Rows": 124369,
                                                        "Plan Width": 4,
                                                        "Actual Startup Time": 0.063,
                                                        "Actual Total Time": 122.4,
                                                        "Actual Rows": 193806,
                                                        "Actual Loops": 3,
                                                        "Output": [
                                                            "t.id"
                                                        ],
                                                        "Filter": "((t.kind_id < 7) AND (t.production_year < 2004))",
                                                        "Rows Removed by Filter": 648964,
                                                        "Workers": [
                                                            {
                                                                "Worker Number": 0,
                                                                "Actual Startup Time": 0.081,
                                                                "Actual Total Time": 121.498,
                                                                "Actual Rows": 169744,
                                                                "Actual Loops": 1
                                                            },
                                                            {
                                                                "Worker Number": 1,
                                                                "Actual Startup Time": 0.073,
                                                                "Actual Total Time": 123.848,
                                                                "Actual Rows": 191515,
                                                                "Actual Loops": 1
                                                            }
                                                        ]
                                                    }
                                                ]
                                            }
                                        ]
                                    },
                                    {
                                        "Node Type": "Index Only Scan",
                                        "Parent Relationship": "Inner",
                                        "Parallel Aware": false,
                                        "Scan Direction": "Forward",
                                        "Index Name": "movie_id_movie_info",
                                        "Relation Name": "movie_info",
                                        "Schema": "public",
                                        "Alias": "mi",
                                        "Startup Cost": 0.43,
                                        "Total Cost": 2.86,
                                        "Plan Rows": 39,
                                        "Plan Width": 4,
                                        "Actual Startup Time": 0.003,
                                        "Actual Total Time": 0.01,
                                        "Actual Rows": 19,
                                        "Actual Loops": 201108,
                                        "Output": [
                                            "mi.movie_id"
                                        ],
                                        "Index Cond": "(mi.movie_id = t.id)",
                                        "Rows Removed by Index Recheck": 0,
                                        "Heap Fetches": 3730091,
                                        "Workers": [
                                            {
                                                "Worker Number": 0,
                                                "Actual Startup Time": 0.004,
                                                "Actual Total Time": 0.012,
                                                "Actual Rows": 19,
                                                "Actual Loops": 57088
                                            },
                                            {
                                                "Worker Number": 1,
                                                "Actual Startup Time": 0.003,
                                                "Actual Total Time": 0.01,
                                                "Actual Rows": 18,
                                                "Actual Loops": 65191
                                            }
                                        ]
                                    }
                                ]
                            }
                        ]
                    }
                ]
            }
        ]
    },
    "Planning Time": 1.503,
    "Triggers": [],
    "Execution Time": 1156.336
}