{
  "Plan": {
    "Node Type": "Aggregate",
    "Strategy": "Plain",
    "Partial Mode": "Finalize",
    "Parallel Aware": false,
    "Startup Cost": 227118.65,
    "Total Cost": 227118.66,
    "Plan Rows": 1,
    "Plan Width": 8,
    "Actual Startup Time": 1008.81,
    "Actual Total Time": 1023.986,
    "Actual Rows": 1,
    "Actual Loops": 1,
    "Plans": [
      {
        "Node Type": "Gather",
        "Parent Relationship": "Outer",
        "Parallel Aware": false,
        "Startup Cost": 227118.53,
        "Total Cost": 227118.64,
        "Plan Rows": 1,
        "Plan Width": 8,
        "Actual Startup Time": 1008.802,
        "Actual Total Time": 1023.98,
        "Actual Rows": 2,
        "Actual Loops": 1,
        "Workers Planned": 1,
        "Workers Launched": 1,
        "Single Copy": false,
        "Plans": [
          {
            "Node Type": "Aggregate",
            "Strategy": "Plain",
            "Partial Mode": "Partial",
            "Parent Relationship": "Outer",
            "Parallel Aware": false,
            "Startup Cost": 226118.53,
            "Total Cost": 226118.54,
            "Plan Rows": 1,
            "Plan Width": 8,
            "Actual Startup Time": 997.964,
            "Actual Total Time": 997.97,
            "Actual Rows": 1,
            "Actual Loops": 2,
            "Plans": [
              {
                "Node Type": "Merge Join",
                "Parent Relationship": "Outer",
                "Parallel Aware": false,
                "Join Type": "Inner",
                "Startup Cost": 222120.1,
                "Total Cost": 226009.3,
                "Plan Rows": 43695,
                "Plan Width": 0,
                "Actual Startup Time": 916.949,
                "Actual Total Time": 992.889,
                "Actual Rows": 121850,
                "Actual Loops": 2,
                "Inner Unique": false,
                "Merge Cond": "(t.id = mc.movie_id)",
                "Plans": [
                  {
                    "Node Type": "Sort",
                    "Parent Relationship": "Outer",
                    "Parallel Aware": false,
                    "Startup Cost": 132778.2,
                    "Total Cost": 133407.13,
                    "Plan Rows": 251570,
                    "Plan Width": 8,
                    "Actual Startup Time": 614.189,
                    "Actual Total Time": 618.829,
                    "Actual Rows": 126134,
                    "Actual Loops": 2,
                    "Sort Key": [
                      "mk.movie_id"
                    ],
                    "Sort Method": "quicksort",
                    "Sort Space Used": 12827,
                    "Sort Space Type": "Memory",
                    "Workers": [
                      {
                        "Worker Number": 0,
                        "Sort Method": "quicksort",
                        "Sort Space Used": 8215,
                        "Sort Space Type": "Memory"
                      }
                    ],
                    "Plans": [
                      {
                        "Node Type": "Hash Join",
                        "Parent Relationship": "Outer",
                        "Parallel Aware": true,
                        "Join Type": "Inner",
                        "Startup Cost": 80599.47,
                        "Total Cost": 110211.62,
                        "Plan Rows": 251570,
                        "Plan Width": 8,
                        "Actual Startup Time": 438.004,
                        "Actual Total Time": 590.122,
                        "Actual Rows": 126135,
                        "Actual Loops": 2,
                        "Inner Unique": true,
                        "Hash Cond": "(mk.movie_id = t.id)",
                        "Plans": [
                          {
                            "Node Type": "Bitmap Heap Scan",
                            "Parent Relationship": "Outer",
                            "Parallel Aware": true,
                            "Relation Name": "movie_keyword",
                            "Alias": "mk",
                            "Startup Cost": 12297.56,
                            "Total Cost": 41014.5,
                            "Plan Rows": 341035,
                            "Plan Width": 4,
                            "Actual Startup Time": 33.264,
                            "Actual Total Time": 100.856,
                            "Actual Rows": 293917,
                            "Actual Loops": 2,
                            "Recheck Cond": "(keyword_id < 429)",
                            "Rows Removed by Index Recheck": 0,
                            "Exact Heap Blocks": 13451,
                            "Lossy Heap Blocks": 0,
                            "Plans": [
                              {
                                "Node Type": "Bitmap Index Scan",
                                "Parent Relationship": "Outer",
                                "Parallel Aware": false,
                                "Index Name": "keyword_id_movie_keyword",
                                "Startup Cost": 0.0,
                                "Total Cost": 12152.63,
                                "Plan Rows": 579759,
                                "Plan Width": 0,
                                "Actual Startup Time": 29.642,
                                "Actual Total Time": 29.642,
                                "Actual Rows": 587834,
                                "Actual Loops": 1,
                                "Index Cond": "(keyword_id < 429)"
                              }
                            ]
                          },
                          {
                            "Node Type": "Hash",
                            "Parent Relationship": "Inner",
                            "Parallel Aware": true,
                            "Startup Cost": 54588.39,
                            "Total Cost": 54588.39,
                            "Plan Rows": 1097081,
                            "Plan Width": 4,
                            "Actual Startup Time": 390.589,
                            "Actual Total Time": 390.59,
                            "Actual Rows": 932744,
                            "Actual Loops": 2,
                            "Hash Buckets": 2097152,
                            "Original Hash Buckets": 2097152,
                            "Hash Batches": 1,
                            "Original Hash Batches": 1,
                            "Peak Memory Usage": 89376,
                            "Plans": [
                              {
                                "Node Type": "Seq Scan",
                                "Parent Relationship": "Outer",
                                "Parallel Aware": true,
                                "Relation Name": "title",
                                "Alias": "t",
                                "Startup Cost": 0.0,
                                "Total Cost": 54588.39,
                                "Plan Rows": 1097081,
                                "Plan Width": 4,
                                "Actual Startup Time": 0.029,
                                "Actual Total Time": 165.407,
                                "Actual Rows": 932744,
                                "Actual Loops": 2,
                                "Filter": "(kind_id > 1)",
                                "Rows Removed by Filter": 331412
                              }
                            ]
                          }
                        ]
                      }
                    ]
                  },
                  {
                    "Node Type": "Sort",
                    "Parent Relationship": "Inner",
                    "Parallel Aware": false,
                    "Startup Cost": 89341.87,
                    "Total Cost": 90439.72,
                    "Plan Rows": 439138,
                    "Plan Width": 4,
                    "Actual Startup Time": 302.744,
                    "Actual Total Time": 326.333,
                    "Actual Rows": 698530,
                    "Actual Loops": 2,
                    "Sort Key": [
                      "mc.movie_id"
                    ],
                    "Sort Method": "quicksort",
                    "Sort Space Used": 54109,
                    "Sort Space Type": "Memory",
                    "Workers": [
                      {
                        "Worker Number": 0,
                        "Sort Method": "quicksort",
                        "Sort Space Used": 54109,
                        "Sort Space Type": "Memory"
                      }
                    ],
                    "Plans": [
                      {
                        "Node Type": "Index Scan",
                        "Parent Relationship": "Outer",
                        "Parallel Aware": false,
                        "Scan Direction": "Forward",
                        "Index Name": "company_type_id_movie_companies",
                        "Relation Name": "movie_companies",
                        "Alias": "mc",
                        "Startup Cost": 0.43,
                        "Total Cost": 48185.17,
                        "Plan Rows": 439138,
                        "Plan Width": 4,
                        "Actual Startup Time": 0.044,
                        "Actual Total Time": 184.432,
                        "Actual Rows": 630034,
                        "Actual Loops": 2,
                        "Index Cond": "(company_type_id = 1)",
                        "Rows Removed by Index Recheck": 0,
                        "Filter": "(company_id < 2716)",
                        "Rows Removed by Filter": 644212
                      }
                    ]
                  }
                ]
              }
            ]
          }
        ]
      }
    ]
  },
  "Planning Time": 1.119,
  "Triggers": [],
  "Execution Time": 1024.129
}