[
  {
    "Plan": {
      "Node Type": "Aggregate",
      "Strategy": "Plain",
      "Partial Mode": "Finalize",
      "Parallel Aware": false,
      "Startup Cost": 32942.13,
      "Total Cost": 32942.14,
      "Plan Rows": 1,
      "Plan Width": 8,
      "Actual Startup Time": 95.759,
      "Actual Total Time": 103.504,
      "Actual Rows": 1,
      "Actual Loops": 1,
      "Plans": [
        {
          "Node Type": "Gather",
          "Parent Relationship": "Outer",
          "Parallel Aware": false,
          "Startup Cost": 32941.81,
          "Total Cost": 32942.12,
          "Plan Rows": 3,
          "Plan Width": 8,
          "Actual Startup Time": 95.653,
          "Actual Total Time": 103.495,
          "Actual Rows": 4,
          "Actual Loops": 1,
          "Workers Planned": 3,
          "Workers Launched": 3,
          "Single Copy": false,
          "Plans": [
            {
              "Node Type": "Aggregate",
              "Strategy": "Plain",
              "Partial Mode": "Partial",
              "Parent Relationship": "Outer",
              "Parallel Aware": false,
              "Startup Cost": 31941.81,
              "Total Cost": 31941.82,
              "Plan Rows": 1,
              "Plan Width": 8,
              "Actual Startup Time": 87.652,
              "Actual Total Time": 87.653,
              "Actual Rows": 1,
              "Actual Loops": 4,
              "Plans": [
                {
                  "Node Type": "Seq Scan",
                  "Parent Relationship": "Outer",
                  "Parallel Aware": true,
                  "Relation Name": "movie_companies",
                  "Alias": "mc",
                  "Startup Cost": 0.0,
                  "Total Cost": 31414.82,
                  "Plan Rows": 210797,
                  "Plan Width": 0,
                  "Actual Startup Time": 22.513,
                  "Actual Total Time": 82.187,
                  "Actual Rows": 103696,
                  "Actual Loops": 4,
                  "Filter": "((company_id > 11203) AND (company_type_id = 1))",
                  "Rows Removed by Filter": 548586
                }
              ]
            }
          ]
        }
      ]
    },
    "Planning Time": 0.225,
    "Triggers": [],
    "Execution Time": 103.569
  }
]