[
  {
    "Plan": {
      "Node Type": "Aggregate",
      "Strategy": "Plain",
      "Partial Mode": "Finalize",
      "Parallel Aware": false,
      "Startup Cost": 97185.43,
      "Total Cost": 97185.44,
      "Plan Rows": 1,
      "Plan Width": 8,
      "Actual Startup Time": 566.904,
      "Actual Total Time": 584.307,
      "Actual Rows": 1,
      "Actual Loops": 1,
      "Plans": [
        {
          "Node Type": "Gather",
          "Parent Relationship": "Outer",
          "Parallel Aware": false,
          "Startup Cost": 97185.11,
          "Total Cost": 97185.42,
          "Plan Rows": 3,
          "Plan Width": 8,
          "Actual Startup Time": 554.994,
          "Actual Total Time": 584.298,
          "Actual Rows": 4,
          "Actual Loops": 1,
          "Workers Planned": 3,
          "Workers Launched": 3,
          "Single Copy": false,
          "Plans": [
            {
              "Node Type": "Aggregate",
              "Strategy": "Plain",
              "Partial Mode": "Partial",
              "Parent Relationship": "Outer",
              "Parallel Aware": false,
              "Startup Cost": 96185.11,
              "Total Cost": 96185.12,
              "Plan Rows": 1,
              "Plan Width": 8,
              "Actual Startup Time": 537.387,
              "Actual Total Time": 537.39,
              "Actual Rows": 1,
              "Actual Loops": 4,
              "Plans": [
                {
                  "Node Type": "Hash Join",
                  "Parent Relationship": "Outer",
                  "Parallel Aware": true,
                  "Join Type": "Inner",
                  "Startup Cost": 50219.64,
                  "Total Cost": 94590.08,
                  "Plan Rows": 638013,
                  "Plan Width": 0,
                  "Actual Startup Time": 322.593,
                  "Actual Total Time": 518.245,
                  "Actual Rows": 497247,
                  "Actual Loops": 4,
                  "Inner Unique": true,
                  "Hash Cond": "(mk.movie_id = t.id)",
                  "Plans": [
                    {
                      "Node Type": "Seq Scan",
                      "Parent Relationship": "Outer",
                      "Parallel Aware": true,
                      "Relation Name": "movie_keyword",
                      "Alias": "mk",
                      "Startup Cost": 0.0,
                      "Total Cost": 42695.65,
                      "Plan Rows": 638013,
                      "Plan Width": 4,
                      "Actual Startup Time": 0.029,
                      "Actual Total Time": 98.98,
                      "Actual Rows": 497247,
                      "Actual Loops": 4,
                      "Filter": "(keyword_id < 3518)",
                      "Rows Removed by Filter": 633736
                    },
                    {
                      "Node Type": "Hash",
                      "Parent Relationship": "Inner",
                      "Parallel Aware": true,
                      "Startup Cost": 42318.73,
                      "Total Cost": 42318.73,
                      "Plan Rows": 632073,
                      "Plan Width": 4,
                      "Actual Startup Time": 311.162,
                      "Actual Total Time": 311.163,
                      "Actual Rows": 632078,
                      "Actual Loops": 4,
                      "Hash Buckets": 4194304,
                      "Original Hash Buckets": 4194304,
                      "Hash Batches": 1,
                      "Original Hash Batches": 1,
                      "Peak Memory Usage": 131712,
                      "Plans": [
                        {
                          "Node Type": "Seq Scan",
                          "Parent Relationship": "Outer",
                          "Parallel Aware": true,
                          "Relation Name": "title",
                          "Alias": "t",
                          "Startup Cost": 0.0,
                          "Total Cost": 42318.73,
                          "Plan Rows": 632073,
                          "Plan Width": 4,
                          "Actual Startup Time": 0.035,
                          "Actual Total Time": 94.247,
                          "Actual Rows": 632078,
                          "Actual Loops": 4
                        }
                      ]
                    }
                  ]
                }
              ]
            }
          ]
        }
      ]
    },
    "Planning Time": 0.537,
    "Triggers": [],
    "Execution Time": 584.37
  }
]