[
  {
    "Plan": {
      "Node Type": "Aggregate",
      "Strategy": "Plain",
      "Partial Mode": "Finalize",
      "Parallel Aware": false,
      "Startup Cost": 79959.68,
      "Total Cost": 79959.69,
      "Plan Rows": 1,
      "Plan Width": 8,
      "Actual Startup Time": 331.441,
      "Actual Total Time": 346.263,
      "Actual Rows": 1,
      "Actual Loops": 1,
      "Plans": [
        {
          "Node Type": "Gather",
          "Parent Relationship": "Outer",
          "Parallel Aware": false,
          "Startup Cost": 79959.26,
          "Total Cost": 79959.67,
          "Plan Rows": 4,
          "Plan Width": 8,
          "Actual Startup Time": 326.967,
          "Actual Total Time": 346.253,
          "Actual Rows": 5,
          "Actual Loops": 1,
          "Workers Planned": 4,
          "Workers Launched": 4,
          "Single Copy": false,
          "Plans": [
            {
              "Node Type": "Aggregate",
              "Strategy": "Plain",
              "Partial Mode": "Partial",
              "Parent Relationship": "Outer",
              "Parallel Aware": false,
              "Startup Cost": 78959.26,
              "Total Cost": 78959.27,
              "Plan Rows": 1,
              "Plan Width": 8,
              "Actual Startup Time": 317.982,
              "Actual Total Time": 317.986,
              "Actual Rows": 1,
              "Actual Loops": 5,
              "Plans": [
                {
                  "Node Type": "Hash Join",
                  "Parent Relationship": "Outer",
                  "Parallel Aware": true,
                  "Join Type": "Inner",
                  "Startup Cost": 31459.12,
                  "Total Cost": 78653.57,
                  "Plan Rows": 122275,
                  "Plan Width": 0,
                  "Actual Startup Time": 117.723,
                  "Actual Total Time": 313.242,
                  "Actual Rows": 97776,
                  "Actual Loops": 5,
                  "Inner Unique": false,
                  "Hash Cond": "(t.id = mc.movie_id)",
                  "Plans": [
                    {
                      "Node Type": "Seq Scan",
                      "Parent Relationship": "Outer",
                      "Parallel Aware": true,
                      "Relation Name": "title",
                      "Alias": "t",
                      "Startup Cost": 0.0,
                      "Total Cost": 43898.92,
                      "Plan Rows": 580219,
                      "Plan Width": 4,
                      "Actual Startup Time": 0.013,
                      "Actual Total Time": 84.921,
                      "Actual Rows": 463514,
                      "Actual Loops": 5,
                      "Filter": "(production_year > 1938)",
                      "Rows Removed by Filter": 42148
                    },
                    {
                      "Node Type": "Hash",
                      "Parent Relationship": "Inner",
                      "Parallel Aware": true,
                      "Startup Cost": 29310.68,
                      "Total Cost": 29310.68,
                      "Plan Rows": 171875,
                      "Plan Width": 4,
                      "Actual Startup Time": 113.302,
                      "Actual Total Time": 113.303,
                      "Actual Rows": 108281,
                      "Actual Loops": 5,
                      "Hash Buckets": 1048576,
                      "Original Hash Buckets": 1048576,
                      "Hash Batches": 1,
                      "Original Hash Batches": 1,
                      "Peak Memory Usage": 29440,
                      "Plans": [
                        {
                          "Node Type": "Seq Scan",
                          "Parent Relationship": "Outer",
                          "Parallel Aware": true,
                          "Relation Name": "movie_companies",
                          "Alias": "mc",
                          "Startup Cost": 0.0,
                          "Total Cost": 29310.68,
                          "Plan Rows": 171875,
                          "Plan Width": 4,
                          "Actual Startup Time": 42.974,
                          "Actual Total Time": 72.034,
                          "Actual Rows": 108281,
                          "Actual Loops": 5,
                          "Filter": "(company_id > 72135)",
                          "Rows Removed by Filter": 413545
                        }
                      ]
                    }
                  ]
                }
              ]
            }
          ]
        }
      ]
    },
    "Planning Time": 0.657,
    "Triggers": [],
    "Execution Time": 346.334
  }
]