{
  "Plan": {
    "Node Type": "Aggregate",
    "Strategy": "Plain",
    "Partial Mode": "Finalize",
    "Parallel Aware": false,
    "Startup Cost": 858805.91,
    "Total Cost": 858805.92,
    "Plan Rows": 1,
    "Plan Width": 64,
    "Actual Startup Time": 3376.467,
    "Actual Total Time": 3459.496,
    "Actual Rows": 1,
    "Actual Loops": 1,
    "Plans": [
      {
        "Node Type": "Gather",
        "Parent Relationship": "Outer",
        "Parallel Aware": false,
        "Startup Cost": 858805.79,
        "Total Cost": 858805.9,
        "Plan Rows": 1,
        "Plan Width": 64,
        "Actual Startup Time": 3370.731,
        "Actual Total Time": 3459.486,
        "Actual Rows": 2,
        "Actual Loops": 1,
        "Workers Planned": 1,
        "Workers Launched": 1,
        "Single Copy": false,
        "Plans": [
          {
            "Node Type": "Aggregate",
            "Strategy": "Plain",
            "Partial Mode": "Partial",
            "Parent Relationship": "Outer",
            "Parallel Aware": false,
            "Startup Cost": 857805.79,
            "Total Cost": 857805.8,
            "Plan Rows": 1,
            "Plan Width": 64,
            "Actual Startup Time": 3361.272,
            "Actual Total Time": 3361.289,
            "Actual Rows": 1,
            "Actual Loops": 2,
            "Plans": [
              {
                "Node Type": "Hash Join",
                "Parent Relationship": "Outer",
                "Parallel Aware": false,
                "Join Type": "Inner",
                "Startup Cost": 805648.84,
                "Total Cost": 857805.7,
                "Plan Rows": 19,
                "Plan Width": 32,
                "Actual Startup Time": 3001.801,
                "Actual Total Time": 3356.109,
                "Actual Rows": 54208,
                "Actual Loops": 2,
                "Inner Unique": true,
                "Hash Cond": "(mi.info_type_id = it.id)",
                "Plans": [
                  {
                    "Node Type": "Nested Loop",
                    "Parent Relationship": "Outer",
                    "Parallel Aware": false,
                    "Join Type": "Inner",
                    "Startup Cost": 805646.42,
                    "Total Cost": 857797.5,
                    "Plan Rows": 2118,
                    "Plan Width": 36,
                    "Actual Startup Time": 3001.415,
                    "Actual Total Time": 3322.294,
                    "Actual Rows": 536495,
                    "Actual Loops": 2,
                    "Inner Unique": false,
                    "Plans": [
                      {
                        "Node Type": "Hash Join",
                        "Parent Relationship": "Outer",
                        "Parallel Aware": false,
                        "Join Type": "Inner",
                        "Startup Cost": 805645.98,
                        "Total Cost": 857105.78,
                        "Plan Rows": 360,
                        "Plan Width": 44,
                        "Actual Startup Time": 3001.34,
                        "Actual Total Time": 3150.759,
                        "Actual Rows": 11282,
                        "Actual Loops": 2,
                        "Inner Unique": true,
                        "Hash Cond": "(ci.role_id = rt.id)",
                        "Plans": [
                          {
                            "Node Type": "Nested Loop",
                            "Parent Relationship": "Outer",
                            "Parallel Aware": false,
                            "Join Type": "Inner",
                            "Startup Cost": 805644.82,
                            "Total Cost": 857089.28,
                            "Plan Rows": 4317,
                            "Plan Width": 48,
                            "Actual Startup Time": 3001.257,
                            "Actual Total Time": 3148.739,
                            "Actual Rows": 11282,
                            "Actual Loops": 2,
                            "Inner Unique": false,
                            "Plans": [
                              {
                                "Node Type": "Hash Join",
                                "Parent Relationship": "Outer",
                                "Parallel Aware": true,
                                "Join Type": "Inner",
                                "Startup Cost": 805644.4,
                                "Total Cost": 846294.37,
                                "Plan Rows": 19961,
                                "Plan Width": 56,
                                "Actual Startup Time": 3001.038,
                                "Actual Total Time": 3129.534,
                                "Actual Rows": 6994,
                                "Actual Loops": 2,
                                "Inner Unique": false,
                                "Hash Cond": "(t.id = mc.movie_id)",
                                "Plans": [
                                  {
                                    "Node Type": "Bitmap Heap Scan",
                                    "Parent Relationship": "Outer",
                                    "Parallel Aware": true,
                                    "Relation Name": "title",
                                    "Alias": "t",
                                    "Startup Cost": 8892.91,
                                    "Total Cost": 48379.04,
                                    "Plan Rows": 279050,
                                    "Plan Width": 21,
                                    "Actual Startup Time": 35.421,
                                    "Actual Total Time": 113.094,
                                    "Actual Rows": 239800,
                                    "Actual Loops": 2,
                                    "Recheck Cond": "(production_year < 1978)",
                                    "Rows Removed by Index Recheck": 0,
                                    "Exact Heap Blocks": 20532,
                                    "Lossy Heap Blocks": 0,
                                    "Plans": [
                                      {
                                        "Node Type": "Bitmap Index Scan",
                                        "Parent Relationship": "Outer",
                                        "Parallel Aware": false,
                                        "Index Name": "idx_title_production_year",
                                        "Startup Cost": 0.0,
                                        "Total Cost": 8774.32,
                                        "Plan Rows": 474385,
                                        "Plan Width": 0,
                                        "Actual Startup Time": 29.921,
                                        "Actual Total Time": 29.922,
                                        "Actual Rows": 479601,
                                        "Actual Loops": 1,
                                        "Index Cond": "(production_year < 1978)"
                                      }
                                    ]
                                  },
                                  {
                                    "Node Type": "Hash",
                                    "Parent Relationship": "Inner",
                                    "Parallel Aware": true,
                                    "Startup Cost": 795421.71,
                                    "Total Cost": 795421.71,
                                    "Plan Rows": 106382,
                                    "Plan Width": 35,
                                    "Actual Startup Time": 2961.228,
                                    "Actual Total Time": 2961.239,
                                    "Actual Rows": 86784,
                                    "Actual Loops": 2,
                                    "Hash Buckets": 262144,
                                    "Original Hash Buckets": 262144,
                                    "Hash Batches": 1,
                                    "Original Hash Batches": 1,
                                    "Peak Memory Usage": 14208,
                                    "Plans": [
                                      {
                                        "Node Type": "Nested Loop",
                                        "Parent Relationship": "Outer",
                                        "Parallel Aware": false,
                                        "Join Type": "Inner",
                                        "Startup Cost": 674385.86,
                                        "Total Cost": 795421.71,
                                        "Plan Rows": 106382,
                                        "Plan Width": 35,
                                        "Actual Startup Time": 2268.893,
                                        "Actual Total Time": 2920.287,
                                        "Actual Rows": 86784,
                                        "Actual Loops": 2,
                                        "Inner Unique": true,
                                        "Plans": [
                                          {
                                            "Node Type": "Hash Join",
                                            "Parent Relationship": "Outer",
                                            "Parallel Aware": true,
                                            "Join Type": "Inner",
                                            "Startup Cost": 674385.43,
                                            "Total Cost": 724453.14,
                                            "Plan Rows": 106382,
                                            "Plan Width": 39,
                                            "Actual Startup Time": 2268.84,
                                            "Actual Total Time": 2674.327,
                                            "Actual Rows": 94914,
                                            "Actual Loops": 2,
                                            "Inner Unique": true,
                                            "Hash Cond": "(mc.company_id = cn.id)",
                                            "Plans": [
                                              {
                                                "Node Type": "Hash Join",
                                                "Parent Relationship": "Outer",
                                                "Parallel Aware": true,
                                                "Join Type": "Inner",
                                                "Startup Cost": 669037.12,
                                                "Total Cost": 718333.27,
                                                "Plan Rows": 293926,
                                                "Plan Width": 43,
                                                "Actual Startup Time": 2225.773,
                                                "Actual Total Time": 2598.364,
                                                "Actual Rows": 237402,
                                                "Actual Loops": 2,
                                                "Inner Unique": false,
                                                "Hash Cond": "(mc.movie_id = ci.movie_id)",
                                                "Plans": [
                                                  {
                                                    "Node Type": "Seq Scan",
                                                    "Parent Relationship": "Outer",
                                                    "Parallel Aware": true,
                                                    "Relation Name": "movie_companies",
                                                    "Alias": "mc",
                                                    "Startup Cost": 0.0,
                                                    "Total Cost": 34137.82,
                                                    "Plan Rows": 1534782,
                                                    "Plan Width": 8,
                                                    "Actual Startup Time": 0.029,
                                                    "Actual Total Time": 99.527,
                                                    "Actual Rows": 1304564,
                                                    "Actual Loops": 2
                                                  },
                                                  {
                                                    "Node Type": "Hash",
                                                    "Parent Relationship": "Inner",
                                                    "Parallel Aware": true,
                                                    "Startup Cost": 667561.7,
                                                    "Total Cost": 667561.7,
                                                    "Plan Rows": 118034,
                                                    "Plan Width": 35,
                                                    "Actual Startup Time": 2224.641,
                                                    "Actual Total Time": 2224.647,
                                                    "Actual Rows": 138045,
                                                    "Actual Loops": 2,
                                                    "Hash Buckets": 524288,
                                                    "Original Hash Buckets": 262144,
                                                    "Hash Batches": 1,
                                                    "Original Hash Batches": 1,
                                                    "Peak Memory Usage": 25344,
                                                    "Plans": [
                                                      {
                                                        "Node Type": "Hash Join",
                                                        "Parent Relationship": "Outer",
                                                        "Parallel Aware": true,
                                                        "Join Type": "Inner",
                                                        "Startup Cost": 93335.69,
                                                        "Total Cost": 667561.7,
                                                        "Plan Rows": 118034,
                                                        "Plan Width": 35,
                                                        "Actual Startup Time": 1000.642,
                                                        "Actual Total Time": 2159.044,
                                                        "Actual Rows": 138045,
                                                        "Actual Loops": 2,
                                                        "Inner Unique": true,
                                                        "Hash Cond": "(ci.person_id = n.id)",
                                                        "Plans": [
                                                          {
                                                            "Node Type": "Seq Scan",
                                                            "Parent Relationship": "Outer",
                                                            "Parallel Aware": true,
                                                            "Relation Name": "cast_info",
                                                            "Alias": "ci",
                                                            "Startup Cost": 0.0,
                                                            "Total Cost": 572884.91,
                                                            "Plan Rows": 510894,
                                                            "Plan Width": 16,
                                                            "Actual Startup Time": 0.025,
                                                            "Actual Total Time": 1634.652,
                                                            "Actual Rows": 433738,
                                                            "Actual Loops": 2,
                                                            "Filter": "(note = ANY ('{(voice),\"(voice: Japanese version)\",\"(voice) (uncredited)\",\"(voice: English version)\"}'::text[]))",
                                                            "Rows Removed by Filter": 17688434
                                                          },
                                                          {
                                                            "Node Type": "Hash",
                                                            "Parent Relationship": "Inner",
                                                            "Parallel Aware": true,
                                                            "Startup Cost": 86256.12,
                                                            "Total Cost": 86256.12,
                                                            "Plan Rows": 566366,
                                                            "Plan Width": 19,
                                                            "Actual Startup Time": 447.653,
                                                            "Actual Total Time": 447.654,
                                                            "Actual Rows": 480778,
                                                            "Actual Loops": 2,
                                                            "Hash Buckets": 1048576,
                                                            "Original Hash Buckets": 1048576,
                                                            "Hash Batches": 1,
                                                            "Original Hash Batches": 1,
                                                            "Peak Memory Usage": 60544,
                                                            "Plans": [
                                                              {
                                                                "Node Type": "Seq Scan",
                                                                "Parent Relationship": "Outer",
                                                                "Parallel Aware": true,
                                                                "Relation Name": "name",
                                                                "Alias": "n",
                                                                "Startup Cost": 0.0,
                                                                "Total Cost": 86256.12,
                                                                "Plan Rows": 566366,
                                                                "Plan Width": 19,
                                                                "Actual Startup Time": 105.301,
                                                                "Actual Total Time": 256.863,
                                                                "Actual Rows": 480778,
                                                                "Actual Loops": 2,
                                                                "Filter": "((gender)::text = 'f'::text)",
                                                                "Rows Removed by Filter": 1602968
                                                              }
                                                            ]
                                                          }
                                                        ]
                                                      }
                                                    ]
                                                  }
                                                ]
                                              },
                                              {
                                                "Node Type": "Hash",
                                                "Parent Relationship": "Inner",
                                                "Parallel Aware": true,
                                                "Startup Cost": 4722.92,
                                                "Total Cost": 4722.92,
                                                "Plan Rows": 50031,
                                                "Plan Width": 4,
                                                "Actual Startup Time": 41.938,
                                                "Actual Total Time": 41.939,
                                                "Actual Rows": 42422,
                                                "Actual Loops": 2,
                                                "Hash Buckets": 131072,
                                                "Original Hash Buckets": 131072,
                                                "Hash Batches": 1,
                                                "Original Hash Batches": 1,
                                                "Peak Memory Usage": 4384,
                                                "Plans": [
                                                  {
                                                    "Node Type": "Seq Scan",
                                                    "Parent Relationship": "Outer",
                                                    "Parallel Aware": true,
                                                    "Relation Name": "company_name",
                                                    "Alias": "cn",
                                                    "Startup Cost": 0.0,
                                                    "Total Cost": 4722.92,
                                                    "Plan Rows": 50031,
                                                    "Plan Width": 4,
                                                    "Actual Startup Time": 0.037,
                                                    "Actual Total Time": 26.265,
                                                    "Actual Rows": 42422,
                                                    "Actual Loops": 2,
                                                    "Filter": "((country_code)::text = '[us]'::text)",
                                                    "Rows Removed by Filter": 75077
                                                  }
                                                ]
                                              }
                                            ]
                                          },
                                          {
                                            "Node Type": "Index Only Scan",
                                            "Parent Relationship": "Inner",
                                            "Parallel Aware": false,
                                            "Scan Direction": "Forward",
                                            "Index Name": "char_name_pkey",
                                            "Relation Name": "char_name",
                                            "Alias": "chn",
                                            "Startup Cost": 0.43,
                                            "Total Cost": 0.67,
                                            "Plan Rows": 1,
                                            "Plan Width": 4,
                                            "Actual Startup Time": 0.002,
                                            "Actual Total Time": 0.002,
                                            "Actual Rows": 1,
                                            "Actual Loops": 189829,
                                            "Index Cond": "(id = ci.person_role_id)",
                                            "Rows Removed by Index Recheck": 0,
                                            "Heap Fetches": 173567
                                          }
                                        ]
                                      }
                                    ]
                                  }
                                ]
                              },
                              {
                                "Node Type": "Index Only Scan",
                                "Parent Relationship": "Inner",
                                "Parallel Aware": false,
                                "Scan Direction": "Forward",
                                "Index Name": "person_id_aka_name",
                                "Relation Name": "aka_name",
                                "Alias": "an",
                                "Startup Cost": 0.42,
                                "Total Cost": 0.52,
                                "Plan Rows": 2,
                                "Plan Width": 4,
                                "Actual Startup Time": 0.002,
                                "Actual Total Time": 0.002,
                                "Actual Rows": 2,
                                "Actual Loops": 13987,
                                "Index Cond": "(person_id = n.id)",
                                "Rows Removed by Index Recheck": 0,
                                "Heap Fetches": 22565
                              }
                            ]
                          },
                          {
                            "Node Type": "Hash",
                            "Parent Relationship": "Inner",
                            "Parallel Aware": false,
                            "Startup Cost": 1.15,
                            "Total Cost": 1.15,
                            "Plan Rows": 1,
                            "Plan Width": 4,
                            "Actual Startup Time": 0.047,
                            "Actual Total Time": 0.048,
                            "Actual Rows": 1,
                            "Actual Loops": 2,
                            "Hash Buckets": 1024,
                            "Original Hash Buckets": 1024,
                            "Hash Batches": 1,
                            "Original Hash Batches": 1,
                            "Peak Memory Usage": 9,
                            "Plans": [
                              {
                                "Node Type": "Seq Scan",
                                "Parent Relationship": "Outer",
                                "Parallel Aware": false,
                                "Relation Name": "role_type",
                                "Alias": "rt",
                                "Startup Cost": 0.0,
                                "Total Cost": 1.15,
                                "Plan Rows": 1,
                                "Plan Width": 4,
                                "Actual Startup Time": 0.036,
                                "Actual Total Time": 0.04,
                                "Actual Rows": 1,
                                "Actual Loops": 2,
                                "Filter": "((role)::text = 'actress'::text)",
                                "Rows Removed by Filter": 11
                              }
                            ]
                          }
                        ]
                      },
                      {
                        "Node Type": "Index Scan",
                        "Parent Relationship": "Inner",
                        "Parallel Aware": false,
                        "Scan Direction": "Forward",
                        "Index Name": "movie_id_movie_info",
                        "Relation Name": "movie_info",
                        "Alias": "mi",
                        "Startup Cost": 0.43,
                        "Total Cost": 1.5,
                        "Plan Rows": 42,
                        "Plan Width": 8,
                        "Actual Startup Time": 0.003,
                        "Actual Total Time": 0.011,
                        "Actual Rows": 48,
                        "Actual Loops": 22565,
                        "Index Cond": "(movie_id = mc.movie_id)",
                        "Rows Removed by Index Recheck": 0
                      }
                    ]
                  },
                  {
                    "Node Type": "Hash",
                    "Parent Relationship": "Inner",
                    "Parallel Aware": false,
                    "Startup Cost": 2.41,
                    "Total Cost": 2.41,
                    "Plan Rows": 1,
                    "Plan Width": 4,
                    "Actual Startup Time": 0.097,
                    "Actual Total Time": 0.097,
                    "Actual Rows": 1,
                    "Actual Loops": 2,
                    "Hash Buckets": 1024,
                    "Original Hash Buckets": 1024,
                    "Hash Batches": 1,
                    "Original Hash Batches": 1,
                    "Peak Memory Usage": 9,
                    "Plans": [
                      {
                        "Node Type": "Seq Scan",
                        "Parent Relationship": "Outer",
                        "Parallel Aware": false,
                        "Relation Name": "info_type",
                        "Alias": "it",
                        "Startup Cost": 0.0,
                        "Total Cost": 2.41,
                        "Plan Rows": 1,
                        "Plan Width": 4,
                        "Actual Startup Time": 0.054,
                        "Actual Total Time": 0.074,
                        "Actual Rows": 1,
                        "Actual Loops": 2,
                        "Filter": "((info)::text = 'release dates'::text)",
                        "Rows Removed by Filter": 112
                      }
                    ]
                  }
                ]
              }
            ]
          }
        ]
      }
    ]
  },
  "Planning Time": 3.365,
  "Triggers": [],
  "Execution Time": 3459.748
}