{
    "Plan": {
        "Node Type": "Aggregate",
        "Strategy": "Plain",
        "Partial Mode": "Finalize",
        "Parallel Aware": false,
        "Startup Cost": 393111.7,
        "Total Cost": 393111.71,
        "Plan Rows": 1,
        "Plan Width": 8,
        "Actual Startup Time": 2106.041,
        "Actual Total Time": 2155.665,
        "Actual Rows": 1,
        "Actual Loops": 1,
        "Output": [
            "count(*)"
        ],
        "Plans": [
            {
                "Node Type": "Gather",
                "Parent Relationship": "Outer",
                "Parallel Aware": false,
                "Startup Cost": 393111.07,
                "Total Cost": 393111.68,
                "Plan Rows": 6,
                "Plan Width": 8,
                "Actual Startup Time": 2095.178,
                "Actual Total Time": 2155.654,
                "Actual Rows": 7,
                "Actual Loops": 1,
                "Output": [
                    "(PARTIAL count(*))"
                ],
                "Workers Planned": 6,
                "Workers Launched": 6,
                "Single Copy": false,
                "Plans": [
                    {
                        "Node Type": "Aggregate",
                        "Strategy": "Plain",
                        "Partial Mode": "Partial",
                        "Parent Relationship": "Outer",
                        "Parallel Aware": false,
                        "Startup Cost": 392111.07,
                        "Total Cost": 392111.08,
                        "Plan Rows": 1,
                        "Plan Width": 8,
                        "Actual Startup Time": 2080.869,
                        "Actual Total Time": 2080.872,
                        "Actual Rows": 1,
                        "Actual Loops": 7,
                        "Output": [
                            "PARTIAL count(*)"
                        ],
                        "Workers": [
                            {
                                "Worker Number": 0,
                                "Actual Startup Time": 2078.253,
                                "Actual Total Time": 2078.256,
                                "Actual Rows": 1,
                                "Actual Loops": 1
                            },
                            {
                                "Worker Number": 1,
                                "Actual Startup Time": 2078.192,
                                "Actual Total Time": 2078.196,
                                "Actual Rows": 1,
                                "Actual Loops": 1
                            },
                            {
                                "Worker Number": 2,
                                "Actual Startup Time": 2078.325,
                                "Actual Total Time": 2078.328,
                                "Actual Rows": 1,
                                "Actual Loops": 1
                            },
                            {
                                "Worker Number": 3,
                                "Actual Startup Time": 2078.331,
                                "Actual Total Time": 2078.333,
                                "Actual Rows": 1,
                                "Actual Loops": 1
                            },
                            {
                                "Worker Number": 4,
                                "Actual Startup Time": 2078.363,
                                "Actual Total Time": 2078.367,
                                "Actual Rows": 1,
                                "Actual Loops": 1
                            },
                            {
                                "Worker Number": 5,
                                "Actual Startup Time": 2079.869,
                                "Actual Total Time": 2079.872,
                                "Actual Rows": 1,
                                "Actual Loops": 1
                            }
                        ],
                        "Plans": [
                            {
                                "Node Type": "Hash Join",
                                "Parent Relationship": "Outer",
                                "Parallel Aware": true,
                                "Join Type": "Inner",
                                "Startup Cost": 50219.81,
                                "Total Cost": 385439.05,
                                "Plan Rows": 2668808,
                                "Plan Width": 0,
                                "Actual Startup Time": 683.075,
                                "Actual Total Time": 1978.43,
                                "Actual Rows": 2303098,
                                "Actual Loops": 7,
                                "Inner Unique": true,
                                "Hash Cond": "(ci.movie_id = t.id)",
                                "Workers": [
                                    {
                                        "Worker Number": 0,
                                        "Actual Startup Time": 680.652,
                                        "Actual Total Time": 1977.014,
                                        "Actual Rows": 2361415,
                                        "Actual Loops": 1
                                    },
                                    {
                                        "Worker Number": 1,
                                        "Actual Startup Time": 680.631,
                                        "Actual Total Time": 1962.549,
                                        "Actual Rows": 1758534,
                                        "Actual Loops": 1
                                    },
                                    {
                                        "Worker Number": 2,
                                        "Actual Startup Time": 680.707,
                                        "Actual Total Time": 1977.727,
                                        "Actual Rows": 2338041,
                                        "Actual Loops": 1
                                    },
                                    {
                                        "Worker Number": 3,
                                        "Actual Startup Time": 680.717,
                                        "Actual Total Time": 1979.537,
                                        "Actual Rows": 2420553,
                                        "Actual Loops": 1
                                    },
                                    {
                                        "Worker Number": 4,
                                        "Actual Startup Time": 680.807,
                                        "Actual Total Time": 1978.443,
                                        "Actual Rows": 2326148,
                                        "Actual Loops": 1
                                    },
                                    {
                                        "Worker Number": 5,
                                        "Actual Startup Time": 680.803,
                                        "Actual Total Time": 1978.54,
                                        "Actual Rows": 2356210,
                                        "Actual Loops": 1
                                    }
                                ],
                                "Plans": [
                                    {
                                        "Node Type": "Seq Scan",
                                        "Parent Relationship": "Outer",
                                        "Parallel Aware": true,
                                        "Relation Name": "cast_info",
                                        "Schema": "public",
                                        "Alias": "ci",
                                        "Startup Cost": 0.0,
                                        "Total Cost": 328213.62,
                                        "Plan Rows": 2668808,
                                        "Plan Width": 4,
                                        "Actual Startup Time": 315.311,
                                        "Actual Total Time": 646.175,
                                        "Actual Rows": 2303098,
                                        "Actual Loops": 7,
                                        "Output": [
                                            "ci.id",
                                            "ci.person_id",
                                            "ci.movie_id",
                                            "ci.person_role_id",
                                            "ci.note",
                                            "ci.nr_order",
                                            "ci.role_id"
                                        ],
                                        "Filter": "(ci.role_id > 2)",
                                        "Rows Removed by Filter": 2874666,
                                        "Workers": [
                                            {
                                                "Worker Number": 0,
                                                "Actual Startup Time": 315.31,
                                                "Actual Total Time": 652.073,
                                                "Actual Rows": 2361415,
                                                "Actual Loops": 1
                                            },
                                            {
                                                "Worker Number": 1,
                                                "Actual Startup Time": 315.286,
                                                "Actual Total Time": 678.822,
                                                "Actual Rows": 1758534,
                                                "Actual Loops": 1
                                            },
                                            {
                                                "Worker Number": 2,
                                                "Actual Startup Time": 315.271,
                                                "Actual Total Time": 652.297,
                                                "Actual Rows": 2338041,
                                                "Actual Loops": 1
                                            },
                                            {
                                                "Worker Number": 3,
                                                "Actual Startup Time": 315.395,
                                                "Actual Total Time": 639.359,
                                                "Actual Rows": 2420553,
                                                "Actual Loops": 1
                                            },
                                            {
                                                "Worker Number": 4,
                                                "Actual Startup Time": 315.27,
                                                "Actual Total Time": 650.312,
                                                "Actual Rows": 2326148,
                                                "Actual Loops": 1
                                            },
                                            {
                                                "Worker Number": 5,
                                                "Actual Startup Time": 315.272,
                                                "Actual Total Time": 653.011,
                                                "Actual Rows": 2356210,
                                                "Actual Loops": 1
                                            }
                                        ]
                                    },
                                    {
                                        "Node Type": "Hash",
                                        "Parent Relationship": "Inner",
                                        "Parallel Aware": true,
                                        "Startup Cost": 42318.81,
                                        "Total Cost": 42318.81,
                                        "Plan Rows": 632080,
                                        "Plan Width": 4,
                                        "Actual Startup Time": 362.74,
                                        "Actual Total Time": 362.741,
                                        "Actual Rows": 361187,
                                        "Actual Loops": 7,
                                        "Output": [
                                            "t.id"
                                        ],
                                        "Hash Buckets": 4194304,
                                        "Original Hash Buckets": 4194304,
                                        "Hash Batches": 1,
                                        "Original Hash Batches": 1,
                                        "Peak Memory Usage": 131776,
                                        "Workers": [
                                            {
                                                "Worker Number": 0,
                                                "Actual Startup Time": 364.536,
                                                "Actual Total Time": 364.537,
                                                "Actual Rows": 413047,
                                                "Actual Loops": 1
                                            },
                                            {
                                                "Worker Number": 1,
                                                "Actual Startup Time": 364.527,
                                                "Actual Total Time": 364.528,
                                                "Actual Rows": 276771,
                                                "Actual Loops": 1
                                            },
                                            {
                                                "Worker Number": 2,
                                                "Actual Startup Time": 364.585,
                                                "Actual Total Time": 364.586,
                                                "Actual Rows": 331628,
                                                "Actual Loops": 1
                                            },
                                            {
                                                "Worker Number": 3,
                                                "Actual Startup Time": 364.688,
                                                "Actual Total Time": 364.688,
                                                "Actual Rows": 346172,
                                                "Actual Loops": 1
                                            },
                                            {
                                                "Worker Number": 4,
                                                "Actual Startup Time": 364.622,
                                                "Actual Total Time": 364.623,
                                                "Actual Rows": 265787,
                                                "Actual Loops": 1
                                            },
                                            {
                                                "Worker Number": 5,
                                                "Actual Startup Time": 364.604,
                                                "Actual Total Time": 364.606,
                                                "Actual Rows": 347424,
                                                "Actual Loops": 1
                                            }
                                        ],
                                        "Plans": [
                                            {
                                                "Node Type": "Seq Scan",
                                                "Parent Relationship": "Outer",
                                                "Parallel Aware": true,
                                                "Relation Name": "title",
                                                "Schema": "public",
                                                "Alias": "t",
                                                "Startup Cost": 0.0,
                                                "Total Cost": 42318.81,
                                                "Plan Rows": 632080,
                                                "Plan Width": 4,
                                                "Actual Startup Time": 0.058,
                                                "Actual Total Time": 88.928,
                                                "Actual Rows": 361187,
                                                "Actual Loops": 7,
                                                "Output": [
                                                    "t.id"
                                                ],
                                                "Workers": [
                                                    {
                                                        "Worker Number": 0,
                                                        "Actual Startup Time": 0.06,
                                                        "Actual Total Time": 87.712,
                                                        "Actual Rows": 413047,
                                                        "Actual Loops": 1
                                                    },
                                                    {
                                                        "Worker Number": 1,
                                                        "Actual Startup Time": 0.069,
                                                        "Actual Total Time": 93.532,
                                                        "Actual Rows": 276771,
                                                        "Actual Loops": 1
                                                    },
                                                    {
                                                        "Worker Number": 2,
                                                        "Actual Startup Time": 0.061,
                                                        "Actual Total Time": 91.195,
                                                        "Actual Rows": 331628,
                                                        "Actual Loops": 1
                                                    },
                                                    {
                                                        "Worker Number": 3,
                                                        "Actual Startup Time": 0.07,
                                                        "Actual Total Time": 91.089,
                                                        "Actual Rows": 346172,
                                                        "Actual Loops": 1
                                                    },
                                                    {
                                                        "Worker Number": 4,
                                                        "Actual Startup Time": 0.064,
                                                        "Actual Total Time": 97.664,
                                                        "Actual Rows": 265787,
                                                        "Actual Loops": 1
                                                    },
                                                    {
                                                        "Worker Number": 5,
                                                        "Actual Startup Time": 0.068,
                                                        "Actual Total Time": 91.725,
                                                        "Actual Rows": 347424,
                                                        "Actual Loops": 1
                                                    }
                                                ]
                                            }
                                        ]
                                    }
                                ]
                            }
                        ]
                    }
                ]
            }
        ]
    },
    "Planning Time": 0.325,
    "Triggers": [],
    "Execution Time": 2155.717
}