[
  {
    "Plan": {
      "Node Type": "Aggregate",
      "Strategy": "Plain",
      "Partial Mode": "Finalize",
      "Parallel Aware": false,
      "Startup Cost": 45777.72,
      "Total Cost": 45777.73,
      "Plan Rows": 1,
      "Plan Width": 8,
      "Actual Startup Time": 149.697,
      "Actual Total Time": 157.127,
      "Actual Rows": 1,
      "Actual Loops": 1,
      "Plans": [
        {
          "Node Type": "Gather",
          "Parent Relationship": "Outer",
          "Parallel Aware": false,
          "Startup Cost": 45777.4,
          "Total Cost": 45777.71,
          "Plan Rows": 3,
          "Plan Width": 8,
          "Actual Startup Time": 149.546,
          "Actual Total Time": 157.117,
          "Actual Rows": 4,
          "Actual Loops": 1,
          "Workers Planned": 3,
          "Workers Launched": 3,
          "Single Copy": false,
          "Plans": [
            {
              "Node Type": "Aggregate",
              "Strategy": "Plain",
              "Partial Mode": "Partial",
              "Parent Relationship": "Outer",
              "Parallel Aware": false,
              "Startup Cost": 44777.4,
              "Total Cost": 44777.41,
              "Plan Rows": 1,
              "Plan Width": 8,
              "Actual Startup Time": 144.126,
              "Actual Total Time": 144.127,
              "Actual Rows": 1,
              "Actual Loops": 4,
              "Plans": [
                {
                  "Node Type": "Seq Scan",
                  "Parent Relationship": "Outer",
                  "Parallel Aware": true,
                  "Relation Name": "movie_keyword",
                  "Alias": "mk",
                  "Startup Cost": 0.0,
                  "Total Cost": 42695.65,
                  "Plan Rows": 832700,
                  "Plan Width": 0,
                  "Actual Startup Time": 0.421,
                  "Actual Total Time": 114.551,
                  "Actual Rows": 643682,
                  "Actual Loops": 4,
                  "Filter": "(keyword_id > 3375)",
                  "Rows Removed by Filter": 487301
                }
              ]
            }
          ]
        }
      ]
    },
    "Planning Time": 0.161,
    "Triggers": [],
    "Execution Time": 157.178
  }
]