[
  {
    "Plan": {
      "Node Type": "Aggregate",
      "Strategy": "Plain",
      "Partial Mode": "Finalize",
      "Parallel Aware": false,
      "Startup Cost": 340360.78,
      "Total Cost": 340360.79,
      "Plan Rows": 1,
      "Plan Width": 8,
      "Actual Startup Time": 898.048,
      "Actual Total Time": 952.521,
      "Actual Rows": 1,
      "Actual Loops": 1,
      "Plans": [
        {
          "Node Type": "Gather",
          "Parent Relationship": "Outer",
          "Parallel Aware": false,
          "Startup Cost": 340360.15,
          "Total Cost": 340360.76,
          "Plan Rows": 6,
          "Plan Width": 8,
          "Actual Startup Time": 897.827,
          "Actual Total Time": 952.502,
          "Actual Rows": 7,
          "Actual Loops": 1,
          "Workers Planned": 6,
          "Workers Launched": 6,
          "Single Copy": false,
          "Plans": [
            {
              "Node Type": "Aggregate",
              "Strategy": "Plain",
              "Partial Mode": "Partial",
              "Parent Relationship": "Outer",
              "Parallel Aware": false,
              "Startup Cost": 339360.15,
              "Total Cost": 339360.16,
              "Plan Rows": 1,
              "Plan Width": 8,
              "Actual Startup Time": 889.837,
              "Actual Total Time": 889.838,
              "Actual Rows": 1,
              "Actual Loops": 7,
              "Plans": [
                {
                  "Node Type": "Seq Scan",
                  "Parent Relationship": "Outer",
                  "Parallel Aware": true,
                  "Relation Name": "cast_info",
                  "Alias": "ci",
                  "Startup Cost": 0.0,
                  "Total Cost": 328211.39,
                  "Plan Rows": 4459505,
                  "Plan Width": 0,
                  "Actual Startup Time": 110.138,
                  "Actual Total Time": 688.134,
                  "Actual Rows": 3810278,
                  "Actual Loops": 7,
                  "Filter": "(person_id > 941225)",
                  "Rows Removed by Filter": 1367486
                }
              ]
            }
          ]
        }
      ]
    },
    "Planning Time": 0.102,
    "Triggers": [],
    "Execution Time": 952.566
  }
]