[
  {
    "Plan": {
      "Node Type": "Aggregate",
      "Strategy": "Plain",
      "Partial Mode": "Finalize",
      "Parallel Aware": false,
      "Startup Cost": 39725.87,
      "Total Cost": 39725.88,
      "Plan Rows": 1,
      "Plan Width": 8,
      "Actual Startup Time": 63.973,
      "Actual Total Time": 69.326,
      "Actual Rows": 1,
      "Actual Loops": 1,
      "Plans": [
        {
          "Node Type": "Gather",
          "Parent Relationship": "Outer",
          "Parallel Aware": false,
          "Startup Cost": 39725.45,
          "Total Cost": 39725.86,
          "Plan Rows": 4,
          "Plan Width": 8,
          "Actual Startup Time": 63.72,
          "Actual Total Time": 69.319,
          "Actual Rows": 5,
          "Actual Loops": 1,
          "Workers Planned": 4,
          "Workers Launched": 4,
          "Single Copy": false,
          "Plans": [
            {
              "Node Type": "Aggregate",
              "Strategy": "Plain",
              "Partial Mode": "Partial",
              "Parent Relationship": "Outer",
              "Parallel Aware": false,
              "Startup Cost": 38725.45,
              "Total Cost": 38725.46,
              "Plan Rows": 1,
              "Plan Width": 8,
              "Actual Startup Time": 54.273,
              "Actual Total Time": 54.274,
              "Actual Rows": 1,
              "Actual Loops": 5,
              "Plans": [
                {
                  "Node Type": "Bitmap Heap Scan",
                  "Parent Relationship": "Outer",
                  "Parallel Aware": true,
                  "Relation Name": "title",
                  "Alias": "t",
                  "Startup Cost": 2206.16,
                  "Total Cost": 38662.41,
                  "Plan Rows": 25218,
                  "Plan Width": 0,
                  "Actual Startup Time": 15.734,
                  "Actual Total Time": 52.123,
                  "Actual Rows": 23582,
                  "Actual Loops": 5,
                  "Recheck Cond": "(kind_id = 4)",
                  "Rows Removed by Index Recheck": 0,
                  "Filter": "(production_year > 1970)",
                  "Rows Removed by Filter": 65,
                  "Exact Heap Blocks": 7295,
                  "Lossy Heap Blocks": 0,
                  "Plans": [
                    {
                      "Node Type": "Bitmap Index Scan",
                      "Parent Relationship": "Outer",
                      "Parallel Aware": false,
                      "Index Name": "kind_id_title",
                      "Startup Cost": 0.0,
                      "Total Cost": 2180.94,
                      "Plan Rows": 122201,
                      "Plan Width": 0,
                      "Actual Startup Time": 19.615,
                      "Actual Total Time": 19.616,
                      "Actual Rows": 118234,
                      "Actual Loops": 1,
                      "Index Cond": "(kind_id = 4)"
                    }
                  ]
                }
              ]
            }
          ]
        }
      ]
    },
    "Planning Time": 0.165,
    "Triggers": [],
    "Execution Time": 69.395
  }
]