[
  {
    "Plan": {
      "Node Type": "Aggregate",
      "Strategy": "Plain",
      "Partial Mode": "Finalize",
      "Parallel Aware": false,
      "Startup Cost": 46243.92,
      "Total Cost": 46243.93,
      "Plan Rows": 1,
      "Plan Width": 8,
      "Actual Startup Time": 175.188,
      "Actual Total Time": 184.909,
      "Actual Rows": 1,
      "Actual Loops": 1,
      "Plans": [
        {
          "Node Type": "Gather",
          "Parent Relationship": "Outer",
          "Parallel Aware": false,
          "Startup Cost": 46243.6,
          "Total Cost": 46243.91,
          "Plan Rows": 3,
          "Plan Width": 8,
          "Actual Startup Time": 175.103,
          "Actual Total Time": 184.9,
          "Actual Rows": 4,
          "Actual Loops": 1,
          "Workers Planned": 3,
          "Workers Launched": 3,
          "Single Copy": false,
          "Plans": [
            {
              "Node Type": "Aggregate",
              "Strategy": "Plain",
              "Partial Mode": "Partial",
              "Parent Relationship": "Outer",
              "Parallel Aware": false,
              "Startup Cost": 45243.6,
              "Total Cost": 45243.61,
              "Plan Rows": 1,
              "Plan Width": 8,
              "Actual Startup Time": 168.619,
              "Actual Total Time": 168.62,
              "Actual Rows": 1,
              "Actual Loops": 4,
              "Plans": [
                {
                  "Node Type": "Seq Scan",
                  "Parent Relationship": "Outer",
                  "Parallel Aware": true,
                  "Relation Name": "movie_keyword",
                  "Alias": "mk",
                  "Startup Cost": 0.0,
                  "Total Cost": 42695.65,
                  "Plan Rows": 1019178,
                  "Plan Width": 0,
                  "Actual Startup Time": 0.06,
                  "Actual Total Time": 129.739,
                  "Actual Rows": 788594,
                  "Actual Loops": 4,
                  "Filter": "(keyword_id < 12190)",
                  "Rows Removed by Filter": 342388
                }
              ]
            }
          ]
        }
      ]
    },
    "Planning Time": 0.18,
    "Triggers": [],
    "Execution Time": 184.965
  }
]