[
  {
    "Plan": {
      "Node Type": "Aggregate",
      "Strategy": "Plain",
      "Partial Mode": "Finalize",
      "Parallel Aware": false,
      "Startup Cost": 136196.6,
      "Total Cost": 136196.61,
      "Plan Rows": 1,
      "Plan Width": 8,
      "Actual Startup Time": 904.004,
      "Actual Total Time": 926.634,
      "Actual Rows": 1,
      "Actual Loops": 1,
      "Plans": [
        {
          "Node Type": "Gather",
          "Parent Relationship": "Outer",
          "Parallel Aware": false,
          "Startup Cost": 136196.29,
          "Total Cost": 136196.6,
          "Plan Rows": 3,
          "Plan Width": 8,
          "Actual Startup Time": 893.047,
          "Actual Total Time": 926.624,
          "Actual Rows": 4,
          "Actual Loops": 1,
          "Workers Planned": 3,
          "Workers Launched": 3,
          "Single Copy": false,
          "Plans": [
            {
              "Node Type": "Aggregate",
              "Strategy": "Plain",
              "Partial Mode": "Partial",
              "Parent Relationship": "Outer",
              "Parallel Aware": false,
              "Startup Cost": 135196.29,
              "Total Cost": 135196.3,
              "Plan Rows": 1,
              "Plan Width": 8,
              "Actual Startup Time": 880.392,
              "Actual Total Time": 880.522,
              "Actual Rows": 1,
              "Actual Loops": 4,
              "Plans": [
                {
                  "Node Type": "Hash Join",
                  "Parent Relationship": "Outer",
                  "Parallel Aware": true,
                  "Join Type": "Inner",
                  "Startup Cost": 85495.05,
                  "Total Cost": 133925.17,
                  "Plan Rows": 508445,
                  "Plan Width": 0,
                  "Actual Startup Time": 553.034,
                  "Actual Total Time": 838.276,
                  "Actual Rows": 998100,
                  "Actual Loops": 4,
                  "Inner Unique": false,
                  "Hash Cond": "(mk.movie_id = t.id)",
                  "Plans": [
                    {
                      "Node Type": "Seq Scan",
                      "Parent Relationship": "Outer",
                      "Parallel Aware": true,
                      "Relation Name": "movie_keyword",
                      "Alias": "mk",
                      "Startup Cost": 0.0,
                      "Total Cost": 42695.65,
                      "Plan Rows": 1190229,
                      "Plan Width": 4,
                      "Actual Startup Time": 0.035,
                      "Actual Total Time": 118.647,
                      "Actual Rows": 926000,
                      "Actual Loops": 4,
                      "Filter": "(keyword_id < 22373)",
                      "Rows Removed by Filter": 204983
                    },
                    {
                      "Node Type": "Hash",
                      "Parent Relationship": "Inner",
                      "Parallel Aware": true,
                      "Startup Cost": 82119.93,
                      "Total Cost": 82119.93,
                      "Plan Rows": 270010,
                      "Plan Width": 8,
                      "Actual Startup Time": 545.186,
                      "Actual Total Time": 545.315,
                      "Actual Rows": 211197,
                      "Actual Loops": 4,
                      "Hash Buckets": 2097152,
                      "Original Hash Buckets": 2097152,
                      "Hash Batches": 1,
                      "Original Hash Batches": 1,
                      "Peak Memory Usage": 49472,
                      "Plans": [
                        {
                          "Node Type": "Hash Join",
                          "Parent Relationship": "Outer",
                          "Parallel Aware": true,
                          "Join Type": "Inner",
                          "Startup Cost": 35769.83,
                          "Total Cost": 82119.93,
                          "Plan Rows": 270010,
                          "Plan Width": 8,
                          "Actual Startup Time": 172.421,
                          "Actual Total Time": 461.926,
                          "Actual Rows": 211197,
                          "Actual Loops": 4,
                          "Inner Unique": false,
                          "Hash Cond": "(t.id = mc.movie_id)",
                          "Plans": [
                            {
                              "Node Type": "Seq Scan",
                              "Parent Relationship": "Outer",
                              "Parallel Aware": true,
                              "Relation Name": "title",
                              "Alias": "t",
                              "Startup Cost": 0.0,
                              "Total Cost": 42318.73,
                              "Plan Rows": 632073,
                              "Plan Width": 4,
                              "Actual Startup Time": 0.013,
                              "Actual Total Time": 82.515,
                              "Actual Rows": 632078,
                              "Actual Loops": 4
                            },
                            {
                              "Node Type": "Hash",
                              "Parent Relationship": "Inner",
                              "Parallel Aware": true,
                              "Startup Cost": 31414.82,
                              "Total Cost": 31414.82,
                              "Plan Rows": 348401,
                              "Plan Width": 4,
                              "Actual Startup Time": 168.574,
                              "Actual Total Time": 168.575,
                              "Actual Rows": 211197,
                              "Actual Loops": 4,
                              "Hash Buckets": 2097152,
                              "Original Hash Buckets": 2097152,
                              "Hash Batches": 1,
                              "Original Hash Batches": 1,
                              "Peak Memory Usage": 49472,
                              "Plans": [
                                {
                                  "Node Type": "Seq Scan",
                                  "Parent Relationship": "Outer",
                                  "Parallel Aware": true,
                                  "Relation Name": "movie_companies",
                                  "Alias": "mc",
                                  "Startup Cost": 0.0,
                                  "Total Cost": 31414.82,
                                  "Plan Rows": 348401,
                                  "Plan Width": 4,
                                  "Actual Startup Time": 48.713,
                                  "Actual Total Time": 91.778,
                                  "Actual Rows": 211197,
                                  "Actual Loops": 4,
                                  "Filter": "((company_id < 74748) AND (company_type_id > 1))",
                                  "Rows Removed by Filter": 441085
                                }
                              ]
                            }
                          ]
                        }
                      ]
                    }
                  ]
                }
              ]
            }
          ]
        }
      ]
    },
    "Planning Time": 1.493,
    "Triggers": [],
    "Execution Time": 926.721
  }
]