{
    "Plan": {
        "Node Type": "Aggregate",
        "Strategy": "Plain",
        "Partial Mode": "Finalize",
        "Parallel Aware": false,
        "Startup Cost": 270537.44,
        "Total Cost": 270537.45,
        "Plan Rows": 1,
        "Plan Width": 8,
        "Actual Startup Time": 989.862,
        "Actual Total Time": 1035.024,
        "Actual Rows": 1,
        "Actual Loops": 1,
        "Output": [
            "count(*)"
        ],
        "Plans": [
            {
                "Node Type": "Gather",
                "Parent Relationship": "Outer",
                "Parallel Aware": false,
                "Startup Cost": 270536.92,
                "Total Cost": 270537.43,
                "Plan Rows": 5,
                "Plan Width": 8,
                "Actual Startup Time": 985.569,
                "Actual Total Time": 1035.015,
                "Actual Rows": 6,
                "Actual Loops": 1,
                "Output": [
                    "(PARTIAL count(*))"
                ],
                "Workers Planned": 5,
                "Workers Launched": 5,
                "Single Copy": false,
                "Plans": [
                    {
                        "Node Type": "Aggregate",
                        "Strategy": "Plain",
                        "Partial Mode": "Partial",
                        "Parent Relationship": "Outer",
                        "Parallel Aware": false,
                        "Startup Cost": 269536.92,
                        "Total Cost": 269536.93,
                        "Plan Rows": 1,
                        "Plan Width": 8,
                        "Actual Startup Time": 975.265,
                        "Actual Total Time": 975.328,
                        "Actual Rows": 1,
                        "Actual Loops": 6,
                        "Output": [
                            "PARTIAL count(*)"
                        ],
                        "Workers": [
                            {
                                "Worker Number": 0,
                                "Actual Startup Time": 972.725,
                                "Actual Total Time": 972.73,
                                "Actual Rows": 1,
                                "Actual Loops": 1
                            },
                            {
                                "Worker Number": 1,
                                "Actual Startup Time": 973.193,
                                "Actual Total Time": 973.198,
                                "Actual Rows": 1,
                                "Actual Loops": 1
                            },
                            {
                                "Worker Number": 2,
                                "Actual Startup Time": 973.685,
                                "Actual Total Time": 973.689,
                                "Actual Rows": 1,
                                "Actual Loops": 1
                            },
                            {
                                "Worker Number": 3,
                                "Actual Startup Time": 973.668,
                                "Actual Total Time": 973.673,
                                "Actual Rows": 1,
                                "Actual Loops": 1
                            },
                            {
                                "Worker Number": 4,
                                "Actual Startup Time": 973.661,
                                "Actual Total Time": 973.666,
                                "Actual Rows": 1,
                                "Actual Loops": 1
                            }
                        ],
                        "Plans": [
                            {
                                "Node Type": "Hash Join",
                                "Parent Relationship": "Outer",
                                "Parallel Aware": true,
                                "Join Type": "Inner",
                                "Startup Cost": 64350.64,
                                "Total Cost": 268555.63,
                                "Plan Rows": 392514,
                                "Plan Width": 0,
                                "Actual Startup Time": 198.739,
                                "Actual Total Time": 912.825,
                                "Actual Rows": 1522155,
                                "Actual Loops": 6,
                                "Inner Unique": false,
                                "Hash Cond": "(mi.movie_id = t.id)",
                                "Workers": [
                                    {
                                        "Worker Number": 0,
                                        "Actual Startup Time": 195.812,
                                        "Actual Total Time": 918.602,
                                        "Actual Rows": 1340099,
                                        "Actual Loops": 1
                                    },
                                    {
                                        "Worker Number": 1,
                                        "Actual Startup Time": 196.736,
                                        "Actual Total Time": 912.131,
                                        "Actual Rows": 1517128,
                                        "Actual Loops": 1
                                    },
                                    {
                                        "Worker Number": 2,
                                        "Actual Startup Time": 197.217,
                                        "Actual Total Time": 912.598,
                                        "Actual Rows": 1519966,
                                        "Actual Loops": 1
                                    },
                                    {
                                        "Worker Number": 3,
                                        "Actual Startup Time": 197.247,
                                        "Actual Total Time": 912.207,
                                        "Actual Rows": 1500511,
                                        "Actual Loops": 1
                                    },
                                    {
                                        "Worker Number": 4,
                                        "Actual Startup Time": 197.255,
                                        "Actual Total Time": 912.492,
                                        "Actual Rows": 1518316,
                                        "Actual Loops": 1
                                    }
                                ],
                                "Plans": [
                                    {
                                        "Node Type": "Seq Scan",
                                        "Parent Relationship": "Outer",
                                        "Parallel Aware": true,
                                        "Relation Name": "movie_info",
                                        "Schema": "public",
                                        "Alias": "mi",
                                        "Startup Cost": 0.0,
                                        "Total Cost": 191503.19,
                                        "Plan Rows": 2951019,
                                        "Plan Width": 4,
                                        "Actual Startup Time": 0.031,
                                        "Actual Total Time": 272.029,
                                        "Actual Rows": 2472620,
                                        "Actual Loops": 6,
                                        "Output": [
                                            "mi.id",
                                            "mi.movie_id",
                                            "mi.info_type_id",
                                            "mi.info",
                                            "mi.note"
                                        ],
                                        "Workers": [
                                            {
                                                "Worker Number": 0,
                                                "Actual Startup Time": 0.04,
                                                "Actual Total Time": 282.986,
                                                "Actual Rows": 2097925,
                                                "Actual Loops": 1
                                            },
                                            {
                                                "Worker Number": 1,
                                                "Actual Startup Time": 0.031,
                                                "Actual Total Time": 281.263,
                                                "Actual Rows": 2441569,
                                                "Actual Loops": 1
                                            },
                                            {
                                                "Worker Number": 2,
                                                "Actual Startup Time": 0.033,
                                                "Actual Total Time": 282.401,
                                                "Actual Rows": 2483238,
                                                "Actual Loops": 1
                                            },
                                            {
                                                "Worker Number": 3,
                                                "Actual Startup Time": 0.031,
                                                "Actual Total Time": 282.269,
                                                "Actual Rows": 2470325,
                                                "Actual Loops": 1
                                            },
                                            {
                                                "Worker Number": 4,
                                                "Actual Startup Time": 0.039,
                                                "Actual Total Time": 281.837,
                                                "Actual Rows": 2453688,
                                                "Actual Loops": 1
                                            }
                                        ]
                                    },
                                    {
                                        "Node Type": "Hash",
                                        "Parent Relationship": "Inner",
                                        "Parallel Aware": true,
                                        "Startup Cost": 62599.12,
                                        "Total Cost": 62599.12,
                                        "Plan Rows": 140122,
                                        "Plan Width": 8,
                                        "Actual Startup Time": 195.489,
                                        "Actual Total Time": 195.55,
                                        "Actual Rows": 86344,
                                        "Actual Loops": 6,
                                        "Output": [
                                            "t.id",
                                            "mi_idx.movie_id"
                                        ],
                                        "Hash Buckets": 524288,
                                        "Original Hash Buckets": 524288,
                                        "Hash Batches": 1,
                                        "Original Hash Batches": 1,
                                        "Peak Memory Usage": 24480,
                                        "Workers": [
                                            {
                                                "Worker Number": 0,
                                                "Actual Startup Time": 194.38,
                                                "Actual Total Time": 194.383,
                                                "Actual Rows": 76175,
                                                "Actual Loops": 1
                                            },
                                            {
                                                "Worker Number": 1,
                                                "Actual Startup Time": 195.264,
                                                "Actual Total Time": 195.268,
                                                "Actual Rows": 86618,
                                                "Actual Loops": 1
                                            },
                                            {
                                                "Worker Number": 2,
                                                "Actual Startup Time": 195.795,
                                                "Actual Total Time": 195.798,
                                                "Actual Rows": 87534,
                                                "Actual Loops": 1
                                            },
                                            {
                                                "Worker Number": 3,
                                                "Actual Startup Time": 195.802,
                                                "Actual Total Time": 195.805,
                                                "Actual Rows": 86633,
                                                "Actual Loops": 1
                                            },
                                            {
                                                "Worker Number": 4,
                                                "Actual Startup Time": 195.788,
                                                "Actual Total Time": 195.791,
                                                "Actual Rows": 88397,
                                                "Actual Loops": 1
                                            }
                                        ],
                                        "Plans": [
                                            {
                                                "Node Type": "Hash Join",
                                                "Parent Relationship": "Outer",
                                                "Parallel Aware": true,
                                                "Join Type": "Inner",
                                                "Startup Cost": 47404.56,
                                                "Total Cost": 62599.12,
                                                "Plan Rows": 140122,
                                                "Plan Width": 8,
                                                "Actual Startup Time": 118.883,
                                                "Actual Total Time": 176.017,
                                                "Actual Rows": 86344,
                                                "Actual Loops": 6,
                                                "Output": [
                                                    "t.id",
                                                    "mi_idx.movie_id"
                                                ],
                                                "Inner Unique": true,
                                                "Hash Cond": "(mi_idx.movie_id = t.id)",
                                                "Workers": [
                                                    {
                                                        "Worker Number": 0,
                                                        "Actual Startup Time": 117.7,
                                                        "Actual Total Time": 174.887,
                                                        "Actual Rows": 76175,
                                                        "Actual Loops": 1
                                                    },
                                                    {
                                                        "Worker Number": 1,
                                                        "Actual Startup Time": 118.677,
                                                        "Actual Total Time": 176.202,
                                                        "Actual Rows": 86618,
                                                        "Actual Loops": 1
                                                    },
                                                    {
                                                        "Worker Number": 2,
                                                        "Actual Startup Time": 119.264,
                                                        "Actual Total Time": 175.888,
                                                        "Actual Rows": 87534,
                                                        "Actual Loops": 1
                                                    },
                                                    {
                                                        "Worker Number": 3,
                                                        "Actual Startup Time": 119.107,
                                                        "Actual Total Time": 176.421,
                                                        "Actual Rows": 86633,
                                                        "Actual Loops": 1
                                                    },
                                                    {
                                                        "Worker Number": 4,
                                                        "Actual Startup Time": 119.175,
                                                        "Actual Total Time": 176.553,
                                                        "Actual Rows": 88397,
                                                        "Actual Loops": 1
                                                    }
                                                ],
                                                "Plans": [
                                                    {
                                                        "Node Type": "Seq Scan",
                                                        "Parent Relationship": "Outer",
                                                        "Parallel Aware": true,
                                                        "Relation Name": "movie_info_idx",
                                                        "Schema": "public",
                                                        "Alias": "mi_idx",
                                                        "Startup Cost": 0.0,
                                                        "Total Cost": 13685.15,
                                                        "Plan Rows": 575015,
                                                        "Plan Width": 4,
                                                        "Actual Startup Time": 0.011,
                                                        "Actual Total Time": 19.562,
                                                        "Actual Rows": 230006,
                                                        "Actual Loops": 6,
                                                        "Output": [
                                                            "mi_idx.id",
                                                            "mi_idx.movie_id",
                                                            "mi_idx.info_type_id",
                                                            "mi_idx.info",
                                                            "mi_idx.note"
                                                        ],
                                                        "Workers": [
                                                            {
                                                                "Worker Number": 0,
                                                                "Actual Startup Time": 0.009,
                                                                "Actual Total Time": 20.408,
                                                                "Actual Rows": 204029,
                                                                "Actual Loops": 1
                                                            },
                                                            {
                                                                "Worker Number": 1,
                                                                "Actual Startup Time": 0.007,
                                                                "Actual Total Time": 19.938,
                                                                "Actual Rows": 229765,
                                                                "Actual Loops": 1
                                                            },
                                                            {
                                                                "Worker Number": 2,
                                                                "Actual Startup Time": 0.017,
                                                                "Actual Total Time": 19.797,
                                                                "Actual Rows": 229753,
                                                                "Actual Loops": 1
                                                            },
                                                            {
                                                                "Worker Number": 3,
                                                                "Actual Startup Time": 0.017,
                                                                "Actual Total Time": 20.092,
                                                                "Actual Rows": 232703,
                                                                "Actual Loops": 1
                                                            },
                                                            {
                                                                "Worker Number": 4,
                                                                "Actual Startup Time": 0.007,
                                                                "Actual Total Time": 20.02,
                                                                "Actual Rows": 230959,
                                                                "Actual Loops": 1
                                                            }
                                                        ]
                                                    },
                                                    {
                                                        "Node Type": "Hash",
                                                        "Parent Relationship": "Inner",
                                                        "Parallel Aware": true,
                                                        "Startup Cost": 45479.21,
                                                        "Total Cost": 45479.21,
                                                        "Plan Rows": 154028,
                                                        "Plan Width": 4,
                                                        "Actual Startup Time": 116.809,
                                                        "Actual Total Time": 116.81,
                                                        "Actual Rows": 86729,
                                                        "Actual Loops": 6,
                                                        "Output": [
                                                            "t.id"
                                                        ],
                                                        "Hash Buckets": 1048576,
                                                        "Original Hash Buckets": 1048576,
                                                        "Hash Batches": 1,
                                                        "Original Hash Batches": 1,
                                                        "Peak Memory Usage": 28608,
                                                        "Workers": [
                                                            {
                                                                "Worker Number": 0,
                                                                "Actual Startup Time": 117.569,
                                                                "Actual Total Time": 117.57,
                                                                "Actual Rows": 72366,
                                                                "Actual Loops": 1
                                                            },
                                                            {
                                                                "Worker Number": 1,
                                                                "Actual Startup Time": 118.566,
                                                                "Actual Total Time": 118.567,
                                                                "Actual Rows": 84177,
                                                                "Actual Loops": 1
                                                            },
                                                            {
                                                                "Worker Number": 2,
                                                                "Actual Startup Time": 119.026,
                                                                "Actual Total Time": 119.026,
                                                                "Actual Rows": 84963,
                                                                "Actual Loops": 1
                                                            },
                                                            {
                                                                "Worker Number": 3,
                                                                "Actual Startup Time": 119.033,
                                                                "Actual Total Time": 119.034,
                                                                "Actual Rows": 83840,
                                                                "Actual Loops": 1
                                                            },
                                                            {
                                                                "Worker Number": 4,
                                                                "Actual Startup Time": 119.021,
                                                                "Actual Total Time": 119.022,
                                                                "Actual Rows": 84931,
                                                                "Actual Loops": 1
                                                            }
                                                        ],
                                                        "Plans": [
                                                            {
                                                                "Node Type": "Seq Scan",
                                                                "Parent Relationship": "Outer",
                                                                "Parallel Aware": true,
                                                                "Relation Name": "title",
                                                                "Schema": "public",
                                                                "Alias": "t",
                                                                "Startup Cost": 0.0,
                                                                "Total Cost": 45479.21,
                                                                "Plan Rows": 154028,
                                                                "Plan Width": 4,
                                                                "Actual Startup Time": 0.077,
                                                                "Actual Total Time": 77.988,
                                                                "Actual Rows": 86729,
                                                                "Actual Loops": 6,
                                                                "Output": [
                                                                    "t.id"
                                                                ],
                                                                "Filter": "((t.kind_id < 7) AND (t.production_year > 1996))",
                                                                "Rows Removed by Filter": 334656,
                                                                "Workers": [
                                                                    {
                                                                        "Worker Number": 0,
                                                                        "Actual Startup Time": 0.094,
                                                                        "Actual Total Time": 77.958,
                                                                        "Actual Rows": 72366,
                                                                        "Actual Loops": 1
                                                                    },
                                                                    {
                                                                        "Worker Number": 1,
                                                                        "Actual Startup Time": 0.08,
                                                                        "Actual Total Time": 78.416,
                                                                        "Actual Rows": 84177,
                                                                        "Actual Loops": 1
                                                                    },
                                                                    {
                                                                        "Worker Number": 2,
                                                                        "Actual Startup Time": 0.094,
                                                                        "Actual Total Time": 77.909,
                                                                        "Actual Rows": 84963,
                                                                        "Actual Loops": 1
                                                                    },
                                                                    {
                                                                        "Worker Number": 3,
                                                                        "Actual Startup Time": 0.09,
                                                                        "Actual Total Time": 78.007,
                                                                        "Actual Rows": 83840,
                                                                        "Actual Loops": 1
                                                                    },
                                                                    {
                                                                        "Worker Number": 4,
                                                                        "Actual Startup Time": 0.085,
                                                                        "Actual Total Time": 78.639,
                                                                        "Actual Rows": 84931,
                                                                        "Actual Loops": 1
                                                                    }
                                                                ]
                                                            }
                                                        ]
                                                    }
                                                ]
                                            }
                                        ]
                                    }
                                ]
                            }
                        ]
                    }
                ]
            }
        ]
    },
    "Planning Time": 1.47,
    "Triggers": [],
    "Execution Time": 1035.122
}