[
  {
    "Plan": {
      "Node Type": "Aggregate",
      "Strategy": "Plain",
      "Partial Mode": "Finalize",
      "Parallel Aware": false,
      "Startup Cost": 47055.47,
      "Total Cost": 47055.48,
      "Plan Rows": 1,
      "Plan Width": 8,
      "Actual Startup Time": 108.386,
      "Actual Total Time": 120.685,
      "Actual Rows": 1,
      "Actual Loops": 1,
      "Plans": [
        {
          "Node Type": "Gather",
          "Parent Relationship": "Outer",
          "Parallel Aware": false,
          "Startup Cost": 47055.05,
          "Total Cost": 47055.46,
          "Plan Rows": 4,
          "Plan Width": 8,
          "Actual Startup Time": 108.103,
          "Actual Total Time": 120.674,
          "Actual Rows": 5,
          "Actual Loops": 1,
          "Workers Planned": 4,
          "Workers Launched": 4,
          "Single Copy": false,
          "Plans": [
            {
              "Node Type": "Aggregate",
              "Strategy": "Plain",
              "Partial Mode": "Partial",
              "Parent Relationship": "Outer",
              "Parallel Aware": false,
              "Startup Cost": 46055.05,
              "Total Cost": 46055.06,
              "Plan Rows": 1,
              "Plan Width": 8,
              "Actual Startup Time": 100.876,
              "Actual Total Time": 100.877,
              "Actual Rows": 1,
              "Actual Loops": 5,
              "Plans": [
                {
                  "Node Type": "Seq Scan",
                  "Parent Relationship": "Outer",
                  "Parallel Aware": true,
                  "Relation Name": "title",
                  "Alias": "t",
                  "Startup Cost": 0.0,
                  "Total Cost": 45479.1,
                  "Plan Rows": 230382,
                  "Plan Width": 0,
                  "Actual Startup Time": 0.037,
                  "Actual Total Time": 92.501,
                  "Actual Rows": 173608,
                  "Actual Loops": 5,
                  "Filter": "((kind_id < 7) AND (production_year > 1927))",
                  "Rows Removed by Filter": 332055
                }
              ]
            }
          ]
        }
      ]
    },
    "Planning Time": 0.214,
    "Triggers": [],
    "Execution Time": 120.749
  }
]