[
  {
    "Plan": {
      "Node Type": "Aggregate",
      "Strategy": "Plain",
      "Partial Mode": "Finalize",
      "Parallel Aware": false,
      "Startup Cost": 35091.07,
      "Total Cost": 35091.08,
      "Plan Rows": 1,
      "Plan Width": 8,
      "Actual Startup Time": 113.357,
      "Actual Total Time": 121.093,
      "Actual Rows": 1,
      "Actual Loops": 1,
      "Plans": [
        {
          "Node Type": "Gather",
          "Parent Relationship": "Outer",
          "Parallel Aware": false,
          "Startup Cost": 35090.76,
          "Total Cost": 35091.07,
          "Plan Rows": 3,
          "Plan Width": 8,
          "Actual Startup Time": 113.092,
          "Actual Total Time": 121.085,
          "Actual Rows": 4,
          "Actual Loops": 1,
          "Workers Planned": 3,
          "Workers Launched": 3,
          "Single Copy": false,
          "Plans": [
            {
              "Node Type": "Aggregate",
              "Strategy": "Plain",
              "Partial Mode": "Partial",
              "Parent Relationship": "Outer",
              "Parallel Aware": false,
              "Startup Cost": 34090.76,
              "Total Cost": 34090.77,
              "Plan Rows": 1,
              "Plan Width": 8,
              "Actual Startup Time": 105.329,
              "Actual Total Time": 105.331,
              "Actual Rows": 1,
              "Actual Loops": 4,
              "Plans": [
                {
                  "Node Type": "Bitmap Heap Scan",
                  "Parent Relationship": "Outer",
                  "Parallel Aware": true,
                  "Relation Name": "movie_keyword",
                  "Alias": "mk",
                  "Startup Cost": 7847.01,
                  "Total Cost": 33792.47,
                  "Plan Rows": 119316,
                  "Plan Width": 0,
                  "Actual Startup Time": 39.12,
                  "Actual Total Time": 100.11,
                  "Actual Rows": 89284,
                  "Actual Loops": 4,
                  "Recheck Cond": "(keyword_id > 46793)",
                  "Rows Removed by Index Recheck": 0,
                  "Exact Heap Blocks": 10938,
                  "Lossy Heap Blocks": 0,
                  "Plans": [
                    {
                      "Node Type": "Bitmap Index Scan",
                      "Parent Relationship": "Outer",
                      "Parallel Aware": false,
                      "Index Name": "keyword_id_movie_keyword",
                      "Startup Cost": 0.0,
                      "Total Cost": 7754.54,
                      "Plan Rows": 369881,
                      "Plan Width": 0,
                      "Actual Startup Time": 42.251,
                      "Actual Total Time": 42.252,
                      "Actual Rows": 357137,
                      "Actual Loops": 1,
                      "Index Cond": "(keyword_id > 46793)"
                    }
                  ]
                }
              ]
            }
          ]
        }
      ]
    },
    "Planning Time": 0.177,
    "Triggers": [],
    "Execution Time": 121.167
  }
]