[
  {
    "Plan": {
      "Node Type": "Aggregate",
      "Strategy": "Plain",
      "Partial Mode": "Finalize",
      "Parallel Aware": false,
      "Startup Cost": 296127.01,
      "Total Cost": 296127.02,
      "Plan Rows": 1,
      "Plan Width": 8,
      "Actual Startup Time": 1606.453,
      "Actual Total Time": 1652.965,
      "Actual Rows": 1,
      "Actual Loops": 1,
      "Plans": [
        {
          "Node Type": "Gather",
          "Parent Relationship": "Outer",
          "Parallel Aware": false,
          "Startup Cost": 296126.7,
          "Total Cost": 296127.01,
          "Plan Rows": 3,
          "Plan Width": 8,
          "Actual Startup Time": 1600.651,
          "Actual Total Time": 1652.956,
          "Actual Rows": 4,
          "Actual Loops": 1,
          "Workers Planned": 3,
          "Workers Launched": 3,
          "Single Copy": false,
          "Plans": [
            {
              "Node Type": "Aggregate",
              "Strategy": "Plain",
              "Partial Mode": "Partial",
              "Parent Relationship": "Outer",
              "Parallel Aware": false,
              "Startup Cost": 295126.7,
              "Total Cost": 295126.71,
              "Plan Rows": 1,
              "Plan Width": 8,
              "Actual Startup Time": 1592.129,
              "Actual Total Time": 1592.475,
              "Actual Rows": 1,
              "Actual Loops": 4,
              "Plans": [
                {
                  "Node Type": "Hash Join",
                  "Parent Relationship": "Outer",
                  "Parallel Aware": true,
                  "Join Type": "Inner",
                  "Startup Cost": 249637.3,
                  "Total Cost": 294750.1,
                  "Plan Rows": 150637,
                  "Plan Width": 0,
                  "Actual Startup Time": 786.564,
                  "Actual Total Time": 1345.645,
                  "Actual Rows": 6425394,
                  "Actual Loops": 4,
                  "Inner Unique": false,
                  "Hash Cond": "(mk.movie_id = t.id)",
                  "Plans": [
                    {
                      "Node Type": "Seq Scan",
                      "Parent Relationship": "Outer",
                      "Parallel Aware": true,
                      "Relation Name": "movie_keyword",
                      "Alias": "mk",
                      "Startup Cost": 0.0,
                      "Total Cost": 42695.65,
                      "Plan Rows": 564234,
                      "Plan Width": 4,
                      "Actual Startup Time": 0.4,
                      "Actual Total Time": 92.315,
                      "Actual Rows": 438361,
                      "Actual Loops": 4,
                      "Filter": "(keyword_id > 7930)",
                      "Rows Removed by Filter": 692622
                    },
                    {
                      "Node Type": "Hash",
                      "Parent Relationship": "Inner",
                      "Parallel Aware": true,
                      "Startup Cost": 247949.82,
                      "Total Cost": 247949.82,
                      "Plan Rows": 134999,
                      "Plan Width": 8,
                      "Actual Startup Time": 780.843,
                      "Actual Total Time": 781.187,
                      "Actual Rows": 338598,
                      "Actual Loops": 4,
                      "Hash Buckets": 2097152,
                      "Original Hash Buckets": 1048576,
                      "Hash Batches": 1,
                      "Original Hash Batches": 1,
                      "Peak Memory Usage": 77600,
                      "Plans": [
                        {
                          "Node Type": "Hash Join",
                          "Parent Relationship": "Outer",
                          "Parallel Aware": true,
                          "Join Type": "Inner",
                          "Startup Cost": 47781.7,
                          "Total Cost": 247949.82,
                          "Plan Rows": 134999,
                          "Plan Width": 8,
                          "Actual Startup Time": 182.799,
                          "Actual Total Time": 663.66,
                          "Actual Rows": 338598,
                          "Actual Loops": 4,
                          "Inner Unique": true,
                          "Hash Cond": "(mi.movie_id = t.id)",
                          "Plans": [
                            {
                              "Node Type": "Seq Scan",
                              "Parent Relationship": "Outer",
                              "Parallel Aware": true,
                              "Relation Name": "movie_info",
                              "Alias": "mi",
                              "Startup Cost": 0.0,
                              "Total Cost": 198952.16,
                              "Plan Rows": 463221,
                              "Plan Width": 4,
                              "Actual Startup Time": 21.176,
                              "Actual Total Time": 371.305,
                              "Actual Rows": 558462,
                              "Actual Loops": 4,
                              "Filter": "(info_type_id > 16)",
                              "Rows Removed by Filter": 3150468
                            },
                            {
                              "Node Type": "Hash",
                              "Parent Relationship": "Inner",
                              "Parallel Aware": true,
                              "Startup Cost": 45479.1,
                              "Total Cost": 45479.1,
                              "Plan Rows": 184208,
                              "Plan Width": 4,
                              "Actual Startup Time": 158.9,
                              "Actual Total Time": 158.901,
                              "Actual Rows": 158978,
                              "Actual Loops": 4,
                              "Hash Buckets": 1048576,
                              "Original Hash Buckets": 1048576,
                              "Hash Batches": 1,
                              "Original Hash Batches": 1,
                              "Peak Memory Usage": 33120,
                              "Plans": [
                                {
                                  "Node Type": "Seq Scan",
                                  "Parent Relationship": "Outer",
                                  "Parallel Aware": true,
                                  "Relation Name": "title",
                                  "Alias": "t",
                                  "Startup Cost": 0.0,
                                  "Total Cost": 45479.1,
                                  "Plan Rows": 184208,
                                  "Plan Width": 4,
                                  "Actual Startup Time": 0.045,
                                  "Actual Total Time": 100.535,
                                  "Actual Rows": 158978,
                                  "Actual Loops": 4,
                                  "Filter": "((kind_id < 7) AND (production_year > 1984))",
                                  "Rows Removed by Filter": 473100
                                }
                              ]
                            }
                          ]
                        }
                      ]
                    }
                  ]
                }
              ]
            }
          ]
        }
      ]
    },
    "Planning Time": 1.367,
    "Triggers": [],
    "Execution Time": 1653.054
  }
]