{
  "Plan": {
    "Node Type": "Aggregate",
    "Strategy": "Plain",
    "Partial Mode": "Finalize",
    "Parallel Aware": false,
    "Startup Cost": 192612.51,
    "Total Cost": 192612.52,
    "Plan Rows": 1,
    "Plan Width": 8,
    "Actual Startup Time": 457.985,
    "Actual Total Time": 479.21,
    "Actual Rows": 1,
    "Actual Loops": 1,
    "Plans": [
      {
        "Node Type": "Gather",
        "Parent Relationship": "Outer",
        "Parallel Aware": false,
        "Startup Cost": 192612.39,
        "Total Cost": 192612.5,
        "Plan Rows": 1,
        "Plan Width": 8,
        "Actual Startup Time": 456.818,
        "Actual Total Time": 479.198,
        "Actual Rows": 2,
        "Actual Loops": 1,
        "Workers Planned": 1,
        "Workers Launched": 1,
        "Single Copy": false,
        "Plans": [
          {
            "Node Type": "Aggregate",
            "Strategy": "Plain",
            "Partial Mode": "Partial",
            "Parent Relationship": "Outer",
            "Parallel Aware": false,
            "Startup Cost": 191612.39,
            "Total Cost": 191612.4,
            "Plan Rows": 1,
            "Plan Width": 8,
            "Actual Startup Time": 450.478,
            "Actual Total Time": 450.728,
            "Actual Rows": 1,
            "Actual Loops": 2,
            "Plans": [
              {
                "Node Type": "Nested Loop",
                "Parent Relationship": "Outer",
                "Parallel Aware": false,
                "Join Type": "Inner",
                "Startup Cost": 30168.91,
                "Total Cost": 191402.06,
                "Plan Rows": 84134,
                "Plan Width": 0,
                "Actual Startup Time": 196.861,
                "Actual Total Time": 450.469,
                "Actual Rows": 2617,
                "Actual Loops": 2,
                "Inner Unique": false,
                "Plans": [
                  {
                    "Node Type": "Hash Join",
                    "Parent Relationship": "Outer",
                    "Parallel Aware": true,
                    "Join Type": "Inner",
                    "Startup Cost": 30168.35,
                    "Total Cost": 91339.32,
                    "Plan Rows": 28886,
                    "Plan Width": 8,
                    "Actual Startup Time": 196.529,
                    "Actual Total Time": 408.062,
                    "Actual Rows": 766,
                    "Actual Loops": 2,
                    "Inner Unique": false,
                    "Hash Cond": "(t.id = mc.movie_id)",
                    "Plans": [
                      {
                        "Node Type": "Seq Scan",
                        "Parent Relationship": "Outer",
                        "Parallel Aware": true,
                        "Relation Name": "title",
                        "Alias": "t",
                        "Startup Cost": 0.0,
                        "Total Cost": 58306.47,
                        "Plan Rows": 431133,
                        "Plan Width": 4,
                        "Actual Startup Time": 0.017,
                        "Actual Total Time": 175.395,
                        "Actual Rows": 398080,
                        "Actual Loops": 2,
                        "Filter": "((production_year > 2003) AND (kind_id = 7))",
                        "Rows Removed by Filter": 866076
                      },
                      {
                        "Node Type": "Hash",
                        "Parent Relationship": "Inner",
                        "Parallel Aware": true,
                        "Startup Cost": 28922.8,
                        "Total Cost": 28922.8,
                        "Plan Rows": 99644,
                        "Plan Width": 4,
                        "Actual Startup Time": 137.765,
                        "Actual Total Time": 137.768,
                        "Actual Rows": 167367,
                        "Actual Loops": 2,
                        "Hash Buckets": 524288,
                        "Original Hash Buckets": 262144,
                        "Hash Batches": 1,
                        "Original Hash Batches": 1,
                        "Peak Memory Usage": 19296,
                        "Plans": [
                          {
                            "Node Type": "Bitmap Heap Scan",
                            "Parent Relationship": "Outer",
                            "Parallel Aware": true,
                            "Relation Name": "movie_companies",
                            "Alias": "mc",
                            "Startup Cost": 7189.0,
                            "Total Cost": 28922.8,
                            "Plan Rows": 99644,
                            "Plan Width": 4,
                            "Actual Startup Time": 29.429,
                            "Actual Total Time": 78.904,
                            "Actual Rows": 167367,
                            "Actual Loops": 2,
                            "Recheck Cond": "(company_id > 89930)",
                            "Rows Removed by Index Recheck": 0,
                            "Filter": "(company_type_id > 1)",
                            "Rows Removed by Filter": 0,
                            "Exact Heap Blocks": 2621,
                            "Lossy Heap Blocks": 0,
                            "Plans": [
                              {
                                "Node Type": "Bitmap Index Scan",
                                "Parent Relationship": "Outer",
                                "Parallel Aware": false,
                                "Index Name": "company_id_movie_companies",
                                "Startup Cost": 0.0,
                                "Total Cost": 7146.66,
                                "Plan Rows": 333630,
                                "Plan Width": 0,
                                "Actual Startup Time": 30.782,
                                "Actual Total Time": 30.782,
                                "Actual Rows": 334734,
                                "Actual Loops": 1,
                                "Index Cond": "(company_id > 89930)"
                              }
                            ]
                          }
                        ]
                      }
                    ]
                  },
                  {
                    "Node Type": "Index Scan",
                    "Parent Relationship": "Inner",
                    "Parallel Aware": false,
                    "Scan Direction": "Forward",
                    "Index Name": "movie_id_cast_info",
                    "Relation Name": "cast_info",
                    "Alias": "ci",
                    "Startup Cost": 0.56,
                    "Total Cost": 3.39,
                    "Plan Rows": 7,
                    "Plan Width": 4,
                    "Actual Startup Time": 0.025,
                    "Actual Total Time": 0.055,
                    "Actual Rows": 3,
                    "Actual Loops": 1532,
                    "Index Cond": "(movie_id = t.id)",
                    "Rows Removed by Index Recheck": 0,
                    "Filter": "(role_id = 2)",
                    "Rows Removed by Filter": 24
                  }
                ]
              }
            ]
          }
        ]
      }
    ]
  },
  "Planning Time": 3.181,
  "Triggers": [],
  "Execution Time": 479.382
}