[
  {
    "Plan": {
      "Node Type": "Aggregate",
      "Strategy": "Plain",
      "Partial Mode": "Finalize",
      "Parallel Aware": false,
      "Startup Cost": 345764.39,
      "Total Cost": 345764.4,
      "Plan Rows": 1,
      "Plan Width": 8,
      "Actual Startup Time": 680.312,
      "Actual Total Time": 729.711,
      "Actual Rows": 1,
      "Actual Loops": 1,
      "Plans": [
        {
          "Node Type": "Gather",
          "Parent Relationship": "Outer",
          "Parallel Aware": false,
          "Startup Cost": 345763.77,
          "Total Cost": 345764.38,
          "Plan Rows": 6,
          "Plan Width": 8,
          "Actual Startup Time": 679.987,
          "Actual Total Time": 729.685,
          "Actual Rows": 7,
          "Actual Loops": 1,
          "Workers Planned": 6,
          "Workers Launched": 6,
          "Single Copy": false,
          "Plans": [
            {
              "Node Type": "Aggregate",
              "Strategy": "Plain",
              "Partial Mode": "Partial",
              "Parent Relationship": "Outer",
              "Parallel Aware": false,
              "Startup Cost": 344763.77,
              "Total Cost": 344763.78,
              "Plan Rows": 1,
              "Plan Width": 8,
              "Actual Startup Time": 674.241,
              "Actual Total Time": 674.243,
              "Actual Rows": 1,
              "Actual Loops": 7,
              "Plans": [
                {
                  "Node Type": "Seq Scan",
                  "Parent Relationship": "Outer",
                  "Parallel Aware": true,
                  "Relation Name": "cast_info",
                  "Alias": "ci",
                  "Startup Cost": 0.0,
                  "Total Cost": 343316.27,
                  "Plan Rows": 578998,
                  "Plan Width": 0,
                  "Actual Startup Time": 0.034,
                  "Actual Total Time": 639.348,
                  "Actual Rows": 657453,
                  "Actual Loops": 7,
                  "Filter": "((person_id < 616156) AND (role_id < 3))",
                  "Rows Removed by Filter": 4520310
                }
              ]
            }
          ]
        }
      ]
    },
    "Planning Time": 0.193,
    "Triggers": [],
    "Execution Time": 729.774
  }
]