[
    {
        "Bao": {
            "Bao prediction": 607.168,
            "Bao recommended hint": "(no hint)"
        }
    },
    {
        "Plan": {
            "Node Type": "Aggregate",
            "Strategy": "Plain",
            "Partial Mode": "Simple",
            "Parallel Aware": false,
            "Startup Cost": 21664.57,
            "Total Cost": 21664.58,
            "Plan Rows": 1,
            "Plan Width": 8,
            "Actual Startup Time": 47.956,
            "Actual Total Time": 47.958,
            "Actual Rows": 1,
            "Actual Loops": 1,
            "Output": [
                "count(*)"
            ],
            "Plans": [
                {
                    "Node Type": "Bitmap Heap Scan",
                    "Parent Relationship": "Outer",
                    "Parallel Aware": false,
                    "Relation Name": "movie_companies",
                    "Schema": "public",
                    "Alias": "mc",
                    "Startup Cost": 1640.28,
                    "Total Cost": 21571.35,
                    "Plan Rows": 37287,
                    "Plan Width": 0,
                    "Actual Startup Time": 14.488,
                    "Actual Total Time": 41.989,
                    "Actual Rows": 64049,
                    "Actual Loops": 1,
                    "Recheck Cond": "(mc.company_id < 12)",
                    "Rows Removed by Index Recheck": 0,
                    "Filter": "(mc.company_type_id < 2)",
                    "Rows Removed by Filter": 16546,
                    "Exact Heap Blocks": 7265,
                    "Lossy Heap Blocks": 0,
                    "Plans": [
                        {
                            "Node Type": "Bitmap Index Scan",
                            "Parent Relationship": "Outer",
                            "Parallel Aware": false,
                            "Index Name": "company_id_movie_companies",
                            "Startup Cost": 0.0,
                            "Total Cost": 1630.96,
                            "Plan Rows": 76071,
                            "Plan Width": 0,
                            "Actual Startup Time": 10.985,
                            "Actual Total Time": 10.986,
                            "Actual Rows": 80595,
                            "Actual Loops": 1,
                            "Index Cond": "(mc.company_id < 12)"
                        }
                    ]
                }
            ]
        },
        "Planning Time": 2708.734,
        "Triggers": [],
        "Execution Time": 48.053
    }
]