[
  {
    "Plan": {
      "Node Type": "Aggregate",
      "Strategy": "Plain",
      "Partial Mode": "Finalize",
      "Parallel Aware": false,
      "Startup Cost": 46737.24,
      "Total Cost": 46737.25,
      "Plan Rows": 1,
      "Plan Width": 8,
      "Actual Startup Time": 170.283,
      "Actual Total Time": 179.369,
      "Actual Rows": 1,
      "Actual Loops": 1,
      "Plans": [
        {
          "Node Type": "Gather",
          "Parent Relationship": "Outer",
          "Parallel Aware": false,
          "Startup Cost": 46736.92,
          "Total Cost": 46737.23,
          "Plan Rows": 3,
          "Plan Width": 8,
          "Actual Startup Time": 170.148,
          "Actual Total Time": 179.358,
          "Actual Rows": 4,
          "Actual Loops": 1,
          "Workers Planned": 3,
          "Workers Launched": 3,
          "Single Copy": false,
          "Plans": [
            {
              "Node Type": "Aggregate",
              "Strategy": "Plain",
              "Partial Mode": "Partial",
              "Parent Relationship": "Outer",
              "Parallel Aware": false,
              "Startup Cost": 45736.92,
              "Total Cost": 45736.93,
              "Plan Rows": 1,
              "Plan Width": 8,
              "Actual Startup Time": 164.983,
              "Actual Total Time": 164.984,
              "Actual Rows": 1,
              "Actual Loops": 4,
              "Plans": [
                {
                  "Node Type": "Seq Scan",
                  "Parent Relationship": "Outer",
                  "Parallel Aware": true,
                  "Relation Name": "movie_keyword",
                  "Alias": "mk",
                  "Startup Cost": 0.0,
                  "Total Cost": 42695.65,
                  "Plan Rows": 1216507,
                  "Plan Width": 0,
                  "Actual Startup Time": 0.037,
                  "Actual Total Time": 122.271,
                  "Actual Rows": 944321,
                  "Actual Loops": 4,
                  "Filter": "(keyword_id < 25057)",
                  "Rows Removed by Filter": 186662
                }
              ]
            }
          ]
        }
      ]
    },
    "Planning Time": 0.184,
    "Triggers": [],
    "Execution Time": 179.423
  }
]