{
  "Plan": {
    "Node Type": "Aggregate",
    "Strategy": "Plain",
    "Partial Mode": "Finalize",
    "Parallel Aware": false,
    "Startup Cost": 115123.03,
    "Total Cost": 115123.04,
    "Plan Rows": 1,
    "Plan Width": 8,
    "Actual Startup Time": 491.747,
    "Actual Total Time": 508.766,
    "Actual Rows": 1,
    "Actual Loops": 1,
    "Plans": [
      {
        "Node Type": "Gather",
        "Parent Relationship": "Outer",
        "Parallel Aware": false,
        "Startup Cost": 115122.92,
        "Total Cost": 115123.03,
        "Plan Rows": 1,
        "Plan Width": 8,
        "Actual Startup Time": 491.235,
        "Actual Total Time": 508.759,
        "Actual Rows": 2,
        "Actual Loops": 1,
        "Workers Planned": 1,
        "Workers Launched": 1,
        "Single Copy": false,
        "Plans": [
          {
            "Node Type": "Aggregate",
            "Strategy": "Plain",
            "Partial Mode": "Partial",
            "Parent Relationship": "Outer",
            "Parallel Aware": false,
            "Startup Cost": 114122.92,
            "Total Cost": 114122.93,
            "Plan Rows": 1,
            "Plan Width": 8,
            "Actual Startup Time": 485.778,
            "Actual Total Time": 485.782,
            "Actual Rows": 1,
            "Actual Loops": 2,
            "Plans": [
              {
                "Node Type": "Hash Join",
                "Parent Relationship": "Outer",
                "Parallel Aware": true,
                "Join Type": "Inner",
                "Startup Cost": 55681.05,
                "Total Cost": 113731.9,
                "Plan Rows": 156410,
                "Plan Width": 0,
                "Actual Startup Time": 159.493,
                "Actual Total Time": 477.721,
                "Actual Rows": 201653,
                "Actual Loops": 2,
                "Inner Unique": true,
                "Hash Cond": "(mk.movie_id = t.id)",
                "Plans": [
                  {
                    "Node Type": "Seq Scan",
                    "Parent Relationship": "Outer",
                    "Parallel Aware": true,
                    "Relation Name": "movie_keyword",
                    "Alias": "mk",
                    "Startup Cost": 0.0,
                    "Total Cost": 51065.35,
                    "Plan Rows": 2661135,
                    "Plan Width": 4,
                    "Actual Startup Time": 0.013,
                    "Actual Total Time": 148.601,
                    "Actual Rows": 2261965,
                    "Actual Loops": 2
                  },
                  {
                    "Node Type": "Hash",
                    "Parent Relationship": "Inner",
                    "Parallel Aware": true,
                    "Startup Cost": 54588.39,
                    "Total Cost": 54588.39,
                    "Plan Rows": 87413,
                    "Plan Width": 4,
                    "Actual Startup Time": 150.305,
                    "Actual Total Time": 150.306,
                    "Actual Rows": 74840,
                    "Actual Loops": 2,
                    "Hash Buckets": 262144,
                    "Original Hash Buckets": 262144,
                    "Hash Batches": 1,
                    "Original Hash Batches": 1,
                    "Peak Memory Usage": 7936,
                    "Plans": [
                      {
                        "Node Type": "Seq Scan",
                        "Parent Relationship": "Outer",
                        "Parallel Aware": true,
                        "Relation Name": "title",
                        "Alias": "t",
                        "Startup Cost": 0.0,
                        "Total Cost": 54588.39,
                        "Plan Rows": 87413,
                        "Plan Width": 4,
                        "Actual Startup Time": 5.505,
                        "Actual Total Time": 134.135,
                        "Actual Rows": 74840,
                        "Actual Loops": 2,
                        "Filter": "(production_year < 1944)",
                        "Rows Removed by Filter": 1189316
                      }
                    ]
                  }
                ]
              }
            ]
          }
        ]
      }
    ]
  },
  "Planning Time": 0.408,
  "Triggers": [],
  "Execution Time": 508.833
}