{
  "Plan": {
    "Node Type": "Aggregate",
    "Strategy": "Plain",
    "Partial Mode": "Simple",
    "Parallel Aware": false,
    "Startup Cost": 7688.75,
    "Total Cost": 7688.76,
    "Plan Rows": 1,
    "Plan Width": 64,
    "Actual Startup Time": 493.764,
    "Actual Total Time": 493.772,
    "Actual Rows": 1,
    "Actual Loops": 1,
    "Plans": [
      {
        "Node Type": "Nested Loop",
        "Parent Relationship": "Outer",
        "Parallel Aware": false,
        "Join Type": "Inner",
        "Startup Cost": 12.11,
        "Total Cost": 7688.74,
        "Plan Rows": 1,
        "Plan Width": 23,
        "Actual Startup Time": 1.683,
        "Actual Total Time": 493.719,
        "Actual Rows": 48,
        "Actual Loops": 1,
        "Inner Unique": true,
        "Join Filter": "(t.kind_id = kt.id)",
        "Rows Removed by Join Filter": 1865,
        "Plans": [
          {
            "Node Type": "Nested Loop",
            "Parent Relationship": "Outer",
            "Parallel Aware": false,
            "Join Type": "Inner",
            "Startup Cost": 12.11,
            "Total Cost": 7687.64,
            "Plan Rows": 1,
            "Plan Width": 27,
            "Actual Startup Time": 1.67,
            "Actual Total Time": 485.073,
            "Actual Rows": 1913,
            "Actual Loops": 1,
            "Inner Unique": true,
            "Join Filter": "(mi.info_type_id = it1.id)",
            "Rows Removed by Join Filter": 2264,
            "Plans": [
              {
                "Node Type": "Nested Loop",
                "Parent Relationship": "Outer",
                "Parallel Aware": false,
                "Join Type": "Inner",
                "Startup Cost": 12.11,
                "Total Cost": 7685.22,
                "Plan Rows": 1,
                "Plan Width": 31,
                "Actual Startup Time": 1.648,
                "Actual Total Time": 440.926,
                "Actual Rows": 4177,
                "Actual Loops": 1,
                "Inner Unique": false,
                "Plans": [
                  {
                    "Node Type": "Nested Loop",
                    "Parent Relationship": "Outer",
                    "Parallel Aware": false,
                    "Join Type": "Inner",
                    "Startup Cost": 11.68,
                    "Total Cost": 7683.37,
                    "Plan Rows": 1,
                    "Plan Width": 39,
                    "Actual Startup Time": 1.597,
                    "Actual Total Time": 307.088,
                    "Actual Rows": 2841,
                    "Actual Loops": 1,
                    "Inner Unique": false,
                    "Join Filter": "(mi_idx.info_type_id = it2.id)",
                    "Rows Removed by Join Filter": 7728,
                    "Plans": [
                      {
                        "Node Type": "Seq Scan",
                        "Parent Relationship": "Outer",
                        "Parallel Aware": false,
                        "Relation Name": "info_type",
                        "Alias": "it2",
                        "Startup Cost": 0.0,
                        "Total Cost": 2.41,
                        "Plan Rows": 1,
                        "Plan Width": 4,
                        "Actual Startup Time": 0.041,
                        "Actual Total Time": 0.045,
                        "Actual Rows": 1,
                        "Actual Loops": 1,
                        "Filter": "((info)::text = 'rating'::text)",
                        "Rows Removed by Filter": 112
                      },
                      {
                        "Node Type": "Nested Loop",
                        "Parent Relationship": "Inner",
                        "Parallel Aware": false,
                        "Join Type": "Inner",
                        "Startup Cost": 11.68,
                        "Total Cost": 7679.16,
                        "Plan Rows": 144,
                        "Plan Width": 43,
                        "Actual Startup Time": 1.537,
                        "Actual Total Time": 305.511,
                        "Actual Rows": 10569,
                        "Actual Loops": 1,
                        "Inner Unique": true,
                        "Plans": [
                          {
                            "Node Type": "Nested Loop",
                            "Parent Relationship": "Outer",
                            "Parallel Aware": false,
                            "Join Type": "Inner",
                            "Startup Cost": 11.25,
                            "Total Cost": 7518.02,
                            "Plan Rows": 329,
                            "Plan Width": 18,
                            "Actual Startup Time": 1.412,
                            "Actual Total Time": 168.951,
                            "Actual Rows": 48175,
                            "Actual Loops": 1,
                            "Inner Unique": false,
                            "Plans": [
                              {
                                "Node Type": "Nested Loop",
                                "Parent Relationship": "Outer",
                                "Parallel Aware": false,
                                "Join Type": "Inner",
                                "Startup Cost": 10.82,
                                "Total Cost": 7447.81,
                                "Plan Rows": 135,
                                "Plan Width": 4,
                                "Actual Startup Time": 1.381,
                                "Actual Total Time": 65.82,
                                "Actual Rows": 23204,
                                "Actual Loops": 1,
                                "Inner Unique": false,
                                "Plans": [
                                  {
                                    "Node Type": "Seq Scan",
                                    "Parent Relationship": "Outer",
                                    "Parallel Aware": false,
                                    "Relation Name": "keyword",
                                    "Alias": "k",
                                    "Startup Cost": 0.0,
                                    "Total Cost": 2961.55,
                                    "Plan Rows": 4,
                                    "Plan Width": 4,
                                    "Actual Startup Time": 0.199,
                                    "Actual Total Time": 21.964,
                                    "Actual Rows": 3,
                                    "Actual Loops": 1,
                                    "Filter": "(keyword = ANY ('{murder,based-on-comic,murder-in-title,telephone}'::text[]))",
                                    "Rows Removed by Filter": 134167
                                  },
                                  {
                                    "Node Type": "Bitmap Heap Scan",
                                    "Parent Relationship": "Inner",
                                    "Parallel Aware": false,
                                    "Relation Name": "movie_keyword",
                                    "Alias": "mk",
                                    "Startup Cost": 10.82,
                                    "Total Cost": 1118.49,
                                    "Plan Rows": 308,
                                    "Plan Width": 8,
                                    "Actual Startup Time": 1.997,
                                    "Actual Total Time": 13.494,
                                    "Actual Rows": 7735,
                                    "Actual Loops": 3,
                                    "Recheck Cond": "(keyword_id = k.id)",
                                    "Rows Removed by Index Recheck": 0,
                                    "Exact Heap Blocks": 15394,
                                    "Lossy Heap Blocks": 0,
                                    "Plans": [
                                      {
                                        "Node Type": "Bitmap Index Scan",
                                        "Parent Relationship": "Outer",
                                        "Parallel Aware": false,
                                        "Index Name": "keyword_id_movie_keyword",
                                        "Startup Cost": 0.0,
                                        "Total Cost": 10.74,
                                        "Plan Rows": 308,
                                        "Plan Width": 0,
                                        "Actual Startup Time": 1.01,
                                        "Actual Total Time": 1.011,
                                        "Actual Rows": 7735,
                                        "Actual Loops": 3,
                                        "Index Cond": "(keyword_id = k.id)"
                                      }
                                    ]
                                  }
                                ]
                              },
                              {
                                "Node Type": "Index Scan",
                                "Parent Relationship": "Inner",
                                "Parallel Aware": false,
                                "Scan Direction": "Forward",
                                "Index Name": "movie_id_movie_info_idx",
                                "Relation Name": "movie_info_idx",
                                "Alias": "mi_idx",
                                "Startup Cost": 0.43,
                                "Total Cost": 0.5,
                                "Plan Rows": 2,
                                "Plan Width": 14,
                                "Actual Startup Time": 0.003,
                                "Actual Total Time": 0.004,
                                "Actual Rows": 2,
                                "Actual Loops": 23204,
                                "Index Cond": "(movie_id = mk.movie_id)",
                                "Rows Removed by Index Recheck": 0,
                                "Filter": "(info < '6.8'::text)",
                                "Rows Removed by Filter": 0
                              }
                            ]
                          },
                          {
                            "Node Type": "Index Scan",
                            "Parent Relationship": "Inner",
                            "Parallel Aware": false,
                            "Scan Direction": "Forward",
                            "Index Name": "title_pkey",
                            "Relation Name": "title",
                            "Alias": "t",
                            "Startup Cost": 0.43,
                            "Total Cost": 0.49,
                            "Plan Rows": 1,
                            "Plan Width": 25,
                            "Actual Startup Time": 0.003,
                            "Actual Total Time": 0.003,
                            "Actual Rows": 0,
                            "Actual Loops": 48175,
                            "Index Cond": "(id = mk.movie_id)",
                            "Rows Removed by Index Recheck": 0,
                            "Filter": "(production_year > 2004)",
                            "Rows Removed by Filter": 1
                          }
                        ]
                      }
                    ]
                  },
                  {
                    "Node Type": "Index Scan",
                    "Parent Relationship": "Inner",
                    "Parallel Aware": false,
                    "Scan Direction": "Forward",
                    "Index Name": "movie_id_movie_info",
                    "Relation Name": "movie_info",
                    "Alias": "mi",
                    "Startup Cost": 0.43,
                    "Total Cost": 1.8,
                    "Plan Rows": 5,
                    "Plan Width": 8,
                    "Actual Startup Time": 0.014,
                    "Actual Total Time": 0.046,
                    "Actual Rows": 1,
                    "Actual Loops": 2841,
                    "Index Cond": "(movie_id = mk.movie_id)",
                    "Rows Removed by Index Recheck": 0,
                    "Filter": "(info = ANY ('{Denmark,Norway,Sweden,Germany,Bulgaria,America,USA,Swedish,English,USA}'::text[]))",
                    "Rows Removed by Filter": 48
                  }
                ]
              },
              {
                "Node Type": "Seq Scan",
                "Parent Relationship": "Inner",
                "Parallel Aware": false,
                "Relation Name": "info_type",
                "Alias": "it1",
                "Startup Cost": 0.0,
                "Total Cost": 2.41,
                "Plan Rows": 1,
                "Plan Width": 4,
                "Actual Startup Time": 0.004,
                "Actual Total Time": 0.008,
                "Actual Rows": 1,
                "Actual Loops": 4177,
                "Filter": "((info)::text = 'countries'::text)",
                "Rows Removed by Filter": 64
              }
            ]
          },
          {
            "Node Type": "Seq Scan",
            "Parent Relationship": "Inner",
            "Parallel Aware": false,
            "Relation Name": "kind_type",
            "Alias": "kt",
            "Startup Cost": 0.0,
            "Total Cost": 1.09,
            "Plan Rows": 1,
            "Plan Width": 4,
            "Actual Startup Time": 0.002,
            "Actual Total Time": 0.002,
            "Actual Rows": 1,
            "Actual Loops": 1913,
            "Filter": "((kind)::text = 'tv series'::text)",
            "Rows Removed by Filter": 6
          }
        ]
      }
    ]
  },
  "Planning Time": 2.147,
  "Triggers": [],
  "Execution Time": 493.936
}