[
  {
    "Plan": {
      "Node Type": "Aggregate",
      "Strategy": "Plain",
      "Partial Mode": "Finalize",
      "Parallel Aware": false,
      "Startup Cost": 47227.76,
      "Total Cost": 47227.77,
      "Plan Rows": 1,
      "Plan Width": 8,
      "Actual Startup Time": 198.813,
      "Actual Total Time": 209.98,
      "Actual Rows": 1,
      "Actual Loops": 1,
      "Plans": [
        {
          "Node Type": "Gather",
          "Parent Relationship": "Outer",
          "Parallel Aware": false,
          "Startup Cost": 47227.45,
          "Total Cost": 47227.76,
          "Plan Rows": 3,
          "Plan Width": 8,
          "Actual Startup Time": 198.695,
          "Actual Total Time": 209.97,
          "Actual Rows": 4,
          "Actual Loops": 1,
          "Workers Planned": 3,
          "Workers Launched": 3,
          "Single Copy": false,
          "Plans": [
            {
              "Node Type": "Aggregate",
              "Strategy": "Plain",
              "Partial Mode": "Partial",
              "Parent Relationship": "Outer",
              "Parallel Aware": false,
              "Startup Cost": 46227.45,
              "Total Cost": 46227.46,
              "Plan Rows": 1,
              "Plan Width": 8,
              "Actual Startup Time": 192.95,
              "Actual Total Time": 192.952,
              "Actual Rows": 1,
              "Actual Loops": 4,
              "Plans": [
                {
                  "Node Type": "Seq Scan",
                  "Parent Relationship": "Outer",
                  "Parallel Aware": true,
                  "Relation Name": "movie_keyword",
                  "Alias": "mk",
                  "Startup Cost": 0.0,
                  "Total Cost": 42695.65,
                  "Plan Rows": 1412717,
                  "Plan Width": 0,
                  "Actual Startup Time": 0.044,
                  "Actual Total Time": 137.954,
                  "Actual Rows": 1095006,
                  "Actual Loops": 4,
                  "Filter": "(keyword_id < 74499)",
                  "Rows Removed by Filter": 35976
                }
              ]
            }
          ]
        }
      ]
    },
    "Planning Time": 0.188,
    "Triggers": [],
    "Execution Time": 210.038
  }
]