[
  {
    "Plan": {
      "Node Type": "Aggregate",
      "Strategy": "Plain",
      "Partial Mode": "Finalize",
      "Parallel Aware": false,
      "Startup Cost": 33259.38,
      "Total Cost": 33259.39,
      "Plan Rows": 1,
      "Plan Width": 8,
      "Actual Startup Time": 111.307,
      "Actual Total Time": 118.868,
      "Actual Rows": 1,
      "Actual Loops": 1,
      "Plans": [
        {
          "Node Type": "Gather",
          "Parent Relationship": "Outer",
          "Parallel Aware": false,
          "Startup Cost": 33259.06,
          "Total Cost": 33259.37,
          "Plan Rows": 3,
          "Plan Width": 8,
          "Actual Startup Time": 111.212,
          "Actual Total Time": 118.861,
          "Actual Rows": 4,
          "Actual Loops": 1,
          "Workers Planned": 3,
          "Workers Launched": 3,
          "Single Copy": false,
          "Plans": [
            {
              "Node Type": "Aggregate",
              "Strategy": "Plain",
              "Partial Mode": "Partial",
              "Parent Relationship": "Outer",
              "Parallel Aware": false,
              "Startup Cost": 32259.06,
              "Total Cost": 32259.07,
              "Plan Rows": 1,
              "Plan Width": 8,
              "Actual Startup Time": 102.732,
              "Actual Total Time": 102.733,
              "Actual Rows": 1,
              "Actual Loops": 4,
              "Plans": [
                {
                  "Node Type": "Seq Scan",
                  "Parent Relationship": "Outer",
                  "Parallel Aware": true,
                  "Relation Name": "movie_companies",
                  "Alias": "mc",
                  "Startup Cost": 0.0,
                  "Total Cost": 31414.82,
                  "Plan Rows": 337696,
                  "Plan Width": 0,
                  "Actual Startup Time": 50.087,
                  "Actual Total Time": 89.551,
                  "Actual Rows": 298444,
                  "Actual Loops": 4,
                  "Filter": "((company_id > 531) AND (company_type_id > 1))",
                  "Rows Removed by Filter": 353839
                }
              ]
            }
          ]
        }
      ]
    },
    "Planning Time": 0.211,
    "Triggers": [],
    "Execution Time": 118.925
  }
]