[
    {
        "Bao": {
            "Bao prediction": "NaN",
            "Bao recommended hint": "(no hint)"
        }
    },
    {
        "Plan": {
            "Node Type": "Aggregate",
            "Strategy": "Plain",
            "Partial Mode": "Finalize",
            "Parallel Aware": false,
            "Startup Cost": 97593.86,
            "Total Cost": 97593.87,
            "Plan Rows": 1,
            "Plan Width": 8,
            "Actual Startup Time": 546.002,
            "Actual Total Time": 557.057,
            "Actual Rows": 1,
            "Actual Loops": 1,
            "Output": [
                "count(*)"
            ],
            "Plans": [
                {
                    "Node Type": "Gather",
                    "Parent Relationship": "Outer",
                    "Parallel Aware": false,
                    "Startup Cost": 97593.55,
                    "Total Cost": 97593.86,
                    "Plan Rows": 3,
                    "Plan Width": 8,
                    "Actual Startup Time": 540.08,
                    "Actual Total Time": 557.048,
                    "Actual Rows": 4,
                    "Actual Loops": 1,
                    "Output": [
                        "(PARTIAL count(*))"
                    ],
                    "Workers Planned": 3,
                    "Workers Launched": 3,
                    "Single Copy": false,
                    "Plans": [
                        {
                            "Node Type": "Aggregate",
                            "Strategy": "Plain",
                            "Partial Mode": "Partial",
                            "Parent Relationship": "Outer",
                            "Parallel Aware": false,
                            "Startup Cost": 96593.55,
                            "Total Cost": 96593.56,
                            "Plan Rows": 1,
                            "Plan Width": 8,
                            "Actual Startup Time": 527.205,
                            "Actual Total Time": 527.208,
                            "Actual Rows": 1,
                            "Actual Loops": 4,
                            "Output": [
                                "PARTIAL count(*)"
                            ],
                            "Workers": [
                                {
                                    "Worker Number": 0,
                                    "Actual Startup Time": 522.828,
                                    "Actual Total Time": 522.83,
                                    "Actual Rows": 1,
                                    "Actual Loops": 1
                                },
                                {
                                    "Worker Number": 1,
                                    "Actual Startup Time": 523.694,
                                    "Actual Total Time": 523.696,
                                    "Actual Rows": 1,
                                    "Actual Loops": 1
                                },
                                {
                                    "Worker Number": 2,
                                    "Actual Startup Time": 522.911,
                                    "Actual Total Time": 522.914,
                                    "Actual Rows": 1,
                                    "Actual Loops": 1
                                }
                            ],
                            "Plans": [
                                {
                                    "Node Type": "Hash Join",
                                    "Parent Relationship": "Outer",
                                    "Parallel Aware": true,
                                    "Join Type": "Inner",
                                    "Startup Cost": 51113.71,
                                    "Total Cost": 93991.79,
                                    "Plan Rows": 1040703,
                                    "Plan Width": 0,
                                    "Actual Startup Time": 287.829,
                                    "Actual Total Time": 511.081,
                                    "Actual Rows": 405424,
                                    "Actual Loops": 4,
                                    "Inner Unique": true,
                                    "Hash Cond": "(mk.movie_id = t.id)",
                                    "Workers": [
                                        {
                                            "Worker Number": 0,
                                            "Actual Startup Time": 283.665,
                                            "Actual Total Time": 507.166,
                                            "Actual Rows": 399704,
                                            "Actual Loops": 1
                                        },
                                        {
                                            "Worker Number": 1,
                                            "Actual Startup Time": 283.649,
                                            "Actual Total Time": 508.245,
                                            "Actual Rows": 397229,
                                            "Actual Loops": 1
                                        },
                                        {
                                            "Worker Number": 2,
                                            "Actual Startup Time": 283.759,
                                            "Actual Total Time": 507.35,
                                            "Actual Rows": 400454,
                                            "Actual Loops": 1
                                        }
                                    ],
                                    "Plans": [
                                        {
                                            "Node Type": "Seq Scan",
                                            "Parent Relationship": "Outer",
                                            "Parallel Aware": true,
                                            "Relation Name": "movie_keyword",
                                            "Schema": "public",
                                            "Alias": "mk",
                                            "Startup Cost": 0.0,
                                            "Total Cost": 39047.32,
                                            "Plan Rows": 1459332,
                                            "Plan Width": 4,
                                            "Actual Startup Time": 0.01,
                                            "Actual Total Time": 82.458,
                                            "Actual Rows": 1130982,
                                            "Actual Loops": 4,
                                            "Output": [
                                                "mk.id",
                                                "mk.movie_id",
                                                "mk.keyword_id"
                                            ],
                                            "Workers": [
                                                {
                                                    "Worker Number": 0,
                                                    "Actual Startup Time": 0.012,
                                                    "Actual Total Time": 84.785,
                                                    "Actual Rows": 1105560,
                                                    "Actual Loops": 1
                                                },
                                                {
                                                    "Worker Number": 1,
                                                    "Actual Startup Time": 0.011,
                                                    "Actual Total Time": 84.589,
                                                    "Actual Rows": 1107410,
                                                    "Actual Loops": 1
                                                },
                                                {
                                                    "Worker Number": 2,
                                                    "Actual Startup Time": 0.011,
                                                    "Actual Total Time": 84.644,
                                                    "Actual Rows": 1114750,
                                                    "Actual Loops": 1
                                                }
                                            ]
                                        },
                                        {
                                            "Node Type": "Hash",
                                            "Parent Relationship": "Inner",
                                            "Parallel Aware": true,
                                            "Startup Cost": 45479.21,
                                            "Total Cost": 45479.21,
                                            "Plan Rows": 450760,
                                            "Plan Width": 4,
                                            "Actual Startup Time": 279.438,
                                            "Actual Total Time": 279.439,
                                            "Actual Rows": 449977,
                                            "Actual Loops": 4,
                                            "Output": [
                                                "t.id"
                                            ],
                                            "Hash Buckets": 2097152,
                                            "Original Hash Buckets": 2097152,
                                            "Hash Batches": 1,
                                            "Original Hash Batches": 1,
                                            "Peak Memory Usage": 86880,
                                            "Workers": [
                                                {
                                                    "Worker Number": 0,
                                                    "Actual Startup Time": 282.907,
                                                    "Actual Total Time": 282.908,
                                                    "Actual Rows": 460556,
                                                    "Actual Loops": 1
                                                },
                                                {
                                                    "Worker Number": 1,
                                                    "Actual Startup Time": 282.866,
                                                    "Actual Total Time": 282.867,
                                                    "Actual Rows": 316476,
                                                    "Actual Loops": 1
                                                },
                                                {
                                                    "Worker Number": 2,
                                                    "Actual Startup Time": 282.984,
                                                    "Actual Total Time": 282.985,
                                                    "Actual Rows": 462436,
                                                    "Actual Loops": 1
                                                }
                                            ],
                                            "Plans": [
                                                {
                                                    "Node Type": "Seq Scan",
                                                    "Parent Relationship": "Outer",
                                                    "Parallel Aware": true,
                                                    "Relation Name": "title",
                                                    "Schema": "public",
                                                    "Alias": "t",
                                                    "Startup Cost": 0.0,
                                                    "Total Cost": 45479.21,
                                                    "Plan Rows": 450760,
                                                    "Plan Width": 4,
                                                    "Actual Startup Time": 0.044,
                                                    "Actual Total Time": 109.95,
                                                    "Actual Rows": 449977,
                                                    "Actual Loops": 4,
                                                    "Output": [
                                                        "t.id"
                                                    ],
                                                    "Filter": "((t.kind_id > 1) AND (t.production_year > 0))",
                                                    "Rows Removed by Filter": 182101,
                                                    "Workers": [
                                                        {
                                                            "Worker Number": 0,
                                                            "Actual Startup Time": 0.047,
                                                            "Actual Total Time": 111.047,
                                                            "Actual Rows": 460556,
                                                            "Actual Loops": 1
                                                        },
                                                        {
                                                            "Worker Number": 1,
                                                            "Actual Startup Time": 0.054,
                                                            "Actual Total Time": 118.908,
                                                            "Actual Rows": 316476,
                                                            "Actual Loops": 1
                                                        },
                                                        {
                                                            "Worker Number": 2,
                                                            "Actual Startup Time": 0.059,
                                                            "Actual Total Time": 111.763,
                                                            "Actual Rows": 462436,
                                                            "Actual Loops": 1
                                                        }
                                                    ]
                                                }
                                            ]
                                        }
                                    ]
                                }
                            ]
                        }
                    ]
                }
            ]
        },
        "Planning Time": 180.041,
        "Triggers": [],
        "Execution Time": 557.15
    }
]