{
  "Plan": {
    "Node Type": "Aggregate",
    "Strategy": "Plain",
    "Partial Mode": "Simple",
    "Parallel Aware": false,
    "Startup Cost": 1827597.8,
    "Total Cost": 1827597.81,
    "Plan Rows": 1,
    "Plan Width": 96,
    "Actual Startup Time": 47866.978,
    "Actual Total Time": 47867.171,
    "Actual Rows": 1,
    "Actual Loops": 1,
    "Plans": [
      {
        "Node Type": "Nested Loop",
        "Parent Relationship": "Outer",
        "Parallel Aware": false,
        "Join Type": "Inner",
        "Startup Cost": 758605.97,
        "Total Cost": 1827597.8,
        "Plan Rows": 1,
        "Plan Width": 42,
        "Actual Startup Time": 7978.425,
        "Actual Total Time": 47845.237,
        "Actual Rows": 134496,
        "Actual Loops": 1,
        "Inner Unique": true,
        "Plans": [
          {
            "Node Type": "Nested Loop",
            "Parent Relationship": "Outer",
            "Parallel Aware": false,
            "Join Type": "Inner",
            "Startup Cost": 758605.84,
            "Total Cost": 1827597.63,
            "Plan Rows": 1,
            "Plan Width": 46,
            "Actual Startup Time": 7942.264,
            "Actual Total Time": 47731.356,
            "Actual Rows": 144144,
            "Actual Loops": 1,
            "Inner Unique": true,
            "Plans": [
              {
                "Node Type": "Nested Loop",
                "Parent Relationship": "Outer",
                "Parallel Aware": false,
                "Join Type": "Inner",
                "Startup Cost": 758605.42,
                "Total Cost": 1825244.23,
                "Plan Rows": 5303,
                "Plan Width": 50,
                "Actual Startup Time": 7941.521,
                "Actual Total Time": 27256.215,
                "Actual Rows": 15233471,
                "Actual Loops": 1,
                "Inner Unique": false,
                "Join Filter": "(mi_idx.info_type_id = it2.id)",
                "Rows Removed by Join Filter": 30727737,
                "Plans": [
                  {
                    "Node Type": "Seq Scan",
                    "Parent Relationship": "Outer",
                    "Parallel Aware": false,
                    "Relation Name": "info_type",
                    "Alias": "it2",
                    "Startup Cost": 0.0,
                    "Total Cost": 2.41,
                    "Plan Rows": 1,
                    "Plan Width": 4,
                    "Actual Startup Time": 0.029,
                    "Actual Total Time": 0.031,
                    "Actual Rows": 1,
                    "Actual Loops": 1,
                    "Filter": "((info)::text = 'rating'::text)",
                    "Rows Removed by Filter": 112
                  },
                  {
                    "Node Type": "Nested Loop",
                    "Parent Relationship": "Inner",
                    "Parallel Aware": false,
                    "Join Type": "Inner",
                    "Startup Cost": 758605.42,
                    "Total Cost": 1817759.18,
                    "Plan Rows": 598611,
                    "Plan Width": 54,
                    "Actual Startup Time": 7941.484,
                    "Actual Total Time": 24613.542,
                    "Actual Rows": 45961208,
                    "Actual Loops": 1,
                    "Inner Unique": false,
                    "Join Filter": "(mi.info_type_id = it1.id)",
                    "Rows Removed by Join Filter": 46502577,
                    "Plans": [
                      {
                        "Node Type": "Seq Scan",
                        "Parent Relationship": "Outer",
                        "Parallel Aware": false,
                        "Relation Name": "info_type",
                        "Alias": "it1",
                        "Startup Cost": 0.0,
                        "Total Cost": 2.41,
                        "Plan Rows": 1,
                        "Plan Width": 4,
                        "Actual Startup Time": 0.006,
                        "Actual Total Time": 0.015,
                        "Actual Rows": 1,
                        "Actual Loops": 1,
                        "Filter": "((info)::text = 'countries'::text)",
                        "Rows Removed by Filter": 112
                      },
                      {
                        "Node Type": "Hash Join",
                        "Parent Relationship": "Inner",
                        "Parallel Aware": false,
                        "Join Type": "Inner",
                        "Startup Cost": 758605.42,
                        "Total Cost": 972208.66,
                        "Plan Rows": 67643849,
                        "Plan Width": 58,
                        "Actual Startup Time": 7941.474,
                        "Actual Total Time": 18662.038,
                        "Actual Rows": 92463785,
                        "Actual Loops": 1,
                        "Inner Unique": false,
                        "Hash Cond": "(mk.movie_id = t.id)",
                        "Plans": [
                          {
                            "Node Type": "Seq Scan",
                            "Parent Relationship": "Outer",
                            "Parallel Aware": false,
                            "Relation Name": "movie_keyword",
                            "Alias": "mk",
                            "Startup Cost": 0.0,
                            "Total Cost": 69693.3,
                            "Plan Rows": 4523930,
                            "Plan Width": 8,
                            "Actual Startup Time": 0.01,
                            "Actual Total Time": 336.464,
                            "Actual Rows": 4523930,
                            "Actual Loops": 1
                          },
                          {
                            "Node Type": "Hash",
                            "Parent Relationship": "Inner",
                            "Parallel Aware": false,
                            "Startup Cost": 689674.71,
                            "Total Cost": 689674.71,
                            "Plan Rows": 5514457,
                            "Plan Width": 70,
                            "Actual Startup Time": 7897.961,
                            "Actual Total Time": 7898.142,
                            "Actual Rows": 1517682,
                            "Actual Loops": 1,
                            "Hash Buckets": 8388608,
                            "Original Hash Buckets": 8388608,
                            "Hash Batches": 1,
                            "Original Hash Batches": 1,
                            "Peak Memory Usage": 225674,
                            "Plans": [
                              {
                                "Node Type": "Hash Join",
                                "Parent Relationship": "Outer",
                                "Parallel Aware": false,
                                "Join Type": "Inner",
                                "Startup Cost": 373339.41,
                                "Total Cost": 689674.71,
                                "Plan Rows": 5514457,
                                "Plan Width": 70,
                                "Actual Startup Time": 6173.036,
                                "Actual Total Time": 7395.389,
                                "Actual Rows": 1517682,
                                "Actual Loops": 1,
                                "Inner Unique": false,
                                "Hash Cond": "(mi.movie_id = t.id)",
                                "Plans": [
                                  {
                                    "Node Type": "Gather",
                                    "Parent Relationship": "Outer",
                                    "Parallel Aware": false,
                                    "Startup Cost": 1000.0,
                                    "Total Cost": 301602.67,
                                    "Plan Rows": 718253,
                                    "Plan Width": 8,
                                    "Actual Startup Time": 2.074,
                                    "Actual Total Time": 751.878,
                                    "Actual Rows": 716210,
                                    "Actual Loops": 1,
                                    "Workers Planned": 5,
                                    "Workers Launched": 5,
                                    "Single Copy": false,
                                    "Plans": [
                                      {
                                        "Node Type": "Seq Scan",
                                        "Parent Relationship": "Outer",
                                        "Parallel Aware": true,
                                        "Relation Name": "movie_info",
                                        "Alias": "mi",
                                        "Startup Cost": 0.0,
                                        "Total Cost": 228777.37,
                                        "Plan Rows": 143651,
                                        "Plan Width": 8,
                                        "Actual Startup Time": 0.464,
                                        "Actual Total Time": 1059.859,
                                        "Actual Rows": 119368,
                                        "Actual Loops": 6,
                                        "Filter": "(info = ANY ('{Sweden,Norway,Germany,Denmark,Swedish,Danish,Norwegian,German,USA,American}'::text[]))",
                                        "Rows Removed by Filter": 2353252
                                      }
                                    ]
                                  },
                                  {
                                    "Node Type": "Hash",
                                    "Parent Relationship": "Inner",
                                    "Parallel Aware": false,
                                    "Startup Cost": 326817.11,
                                    "Total Cost": 326817.11,
                                    "Plan Rows": 3641784,
                                    "Plan Width": 62,
                                    "Actual Startup Time": 6145.111,
                                    "Actual Total Time": 6145.141,
                                    "Actual Rows": 2054900,
                                    "Actual Loops": 1,
                                    "Hash Buckets": 4194304,
                                    "Original Hash Buckets": 4194304,
                                    "Hash Batches": 1,
                                    "Original Hash Batches": 1,
                                    "Peak Memory Usage": 233175,
                                    "Plans": [
                                      {
                                        "Node Type": "Hash Join",
                                        "Parent Relationship": "Outer",
                                        "Parallel Aware": false,
                                        "Join Type": "Inner",
                                        "Startup Cost": 289597.94,
                                        "Total Cost": 326817.11,
                                        "Plan Rows": 3641784,
                                        "Plan Width": 62,
                                        "Actual Startup Time": 4692.226,
                                        "Actual Total Time": 5449.885,
                                        "Actual Rows": 2054900,
                                        "Actual Loops": 1,
                                        "Inner Unique": false,
                                        "Hash Cond": "(mi_idx.movie_id = t.id)",
                                        "Plans": [
                                          {
                                            "Node Type": "Seq Scan",
                                            "Parent Relationship": "Outer",
                                            "Parallel Aware": false,
                                            "Relation Name": "movie_info_idx",
                                            "Alias": "mi_idx",
                                            "Startup Cost": 0.0,
                                            "Total Cost": 25185.44,
                                            "Plan Rows": 1339825,
                                            "Plan Width": 14,
                                            "Actual Startup Time": 0.027,
                                            "Actual Total Time": 196.418,
                                            "Actual Rows": 1337634,
                                            "Actual Loops": 1,
                                            "Filter": "(info < '8.5'::text)",
                                            "Rows Removed by Filter": 42401
                                          },
                                          {
                                            "Node Type": "Hash",
                                            "Parent Relationship": "Inner",
                                            "Parallel Aware": false,
                                            "Startup Cost": 273064.16,
                                            "Total Cost": 273064.16,
                                            "Plan Rows": 1322703,
                                            "Plan Width": 48,
                                            "Actual Startup Time": 4679.263,
                                            "Actual Total Time": 4679.29,
                                            "Actual Rows": 1307703,
                                            "Actual Loops": 1,
                                            "Hash Buckets": 2097152,
                                            "Original Hash Buckets": 2097152,
                                            "Hash Batches": 1,
                                            "Original Hash Batches": 1,
                                            "Peak Memory Usage": 126395,
                                            "Plans": [
                                              {
                                                "Node Type": "Hash Join",
                                                "Parent Relationship": "Outer",
                                                "Parallel Aware": false,
                                                "Join Type": "Inner",
                                                "Startup Cost": 97482.63,
                                                "Total Cost": 273064.16,
                                                "Plan Rows": 1322703,
                                                "Plan Width": 48,
                                                "Actual Startup Time": 1258.162,
                                                "Actual Total Time": 4114.435,
                                                "Actual Rows": 1307703,
                                                "Actual Loops": 1,
                                                "Inner Unique": true,
                                                "Hash Cond": "(mc.movie_id = t.id)",
                                                "Plans": [
                                                  {
                                                    "Node Type": "Hash Join",
                                                    "Parent Relationship": "Outer",
                                                    "Parallel Aware": false,
                                                    "Join Type": "Inner",
                                                    "Startup Cost": 50.82,
                                                    "Total Cost": 171953.75,
                                                    "Plan Rows": 1401364,
                                                    "Plan Width": 23,
                                                    "Actual Startup Time": 3.359,
                                                    "Actual Total Time": 2041.009,
                                                    "Actual Rows": 1343936,
                                                    "Actual Loops": 1,
                                                    "Inner Unique": true,
                                                    "Hash Cond": "(mc.company_type_id = ct.id)",
                                                    "Plans": [
                                                      {
                                                        "Node Type": "Merge Join",
                                                        "Parent Relationship": "Outer",
                                                        "Parallel Aware": false,
                                                        "Join Type": "Inner",
                                                        "Startup Cost": 49.73,
                                                        "Total Cost": 164376.54,
                                                        "Plan Rows": 1401364,
                                                        "Plan Width": 27,
                                                        "Actual Startup Time": 3.312,
                                                        "Actual Total Time": 1866.62,
                                                        "Actual Rows": 1343936,
                                                        "Actual Loops": 1,
                                                        "Inner Unique": false,
                                                        "Merge Cond": "(cn.id = mc.company_id)",
                                                        "Plans": [
                                                          {
                                                            "Node Type": "Index Scan",
                                                            "Parent Relationship": "Outer",
                                                            "Parallel Aware": false,
                                                            "Scan Direction": "Forward",
                                                            "Index Name": "company_name_pkey",
                                                            "Relation Name": "company_name",
                                                            "Alias": "cn",
                                                            "Startup Cost": 0.42,
                                                            "Total Cost": 12474.79,
                                                            "Plan Rows": 126217,
                                                            "Plan Width": 23,
                                                            "Actual Startup Time": 0.047,
                                                            "Actual Total Time": 173.425,
                                                            "Actual Rows": 126230,
                                                            "Actual Loops": 1,
                                                            "Filter": "((country_code)::text <> '[us]'::text)",
                                                            "Rows Removed by Filter": 108767
                                                          },
                                                          {
                                                            "Node Type": "Index Scan",
                                                            "Parent Relationship": "Inner",
                                                            "Parallel Aware": false,
                                                            "Scan Direction": "Forward",
                                                            "Index Name": "company_id_movie_companies",
                                                            "Relation Name": "movie_companies",
                                                            "Alias": "mc",
                                                            "Startup Cost": 0.43,
                                                            "Total Cost": 131053.9,
                                                            "Plan Rows": 2609129,
                                                            "Plan Width": 12,
                                                            "Actual Startup Time": 0.024,
                                                            "Actual Total Time": 1426.431,
                                                            "Actual Rows": 2609128,
                                                            "Actual Loops": 1
                                                          }
                                                        ]
                                                      },
                                                      {
                                                        "Node Type": "Hash",
                                                        "Parent Relationship": "Inner",
                                                        "Parallel Aware": false,
                                                        "Startup Cost": 1.04,
                                                        "Total Cost": 1.04,
                                                        "Plan Rows": 4,
                                                        "Plan Width": 4,
                                                        "Actual Startup Time": 0.026,
                                                        "Actual Total Time": 0.036,
                                                        "Actual Rows": 4,
                                                        "Actual Loops": 1,
                                                        "Hash Buckets": 1024,
                                                        "Original Hash Buckets": 1024,
                                                        "Hash Batches": 1,
                                                        "Original Hash Batches": 1,
                                                        "Peak Memory Usage": 9,
                                                        "Plans": [
                                                          {
                                                            "Node Type": "Seq Scan",
                                                            "Parent Relationship": "Outer",
                                                            "Parallel Aware": false,
                                                            "Relation Name": "company_type",
                                                            "Alias": "ct",
                                                            "Startup Cost": 0.0,
                                                            "Total Cost": 1.04,
                                                            "Plan Rows": 4,
                                                            "Plan Width": 4,
                                                            "Actual Startup Time": 0.014,
                                                            "Actual Total Time": 0.024,
                                                            "Actual Rows": 4,
                                                            "Actual Loops": 1
                                                          }
                                                        ]
                                                      }
                                                    ]
                                                  },
                                                  {
                                                    "Node Type": "Hash",
                                                    "Parent Relationship": "Inner",
                                                    "Parallel Aware": false,
                                                    "Startup Cost": 67601.9,
                                                    "Total Cost": 67601.9,
                                                    "Plan Rows": 2386393,
                                                    "Plan Width": 25,
                                                    "Actual Startup Time": 1234.407,
                                                    "Actual Total Time": 1234.408,
                                                    "Actual Rows": 2388876,
                                                    "Actual Loops": 1,
                                                    "Hash Buckets": 4194304,
                                                    "Original Hash Buckets": 4194304,
                                                    "Hash Batches": 1,
                                                    "Original Hash Batches": 1,
                                                    "Peak Memory Usage": 170691,
                                                    "Plans": [
                                                      {
                                                        "Node Type": "Seq Scan",
                                                        "Parent Relationship": "Outer",
                                                        "Parallel Aware": false,
                                                        "Relation Name": "title",
                                                        "Alias": "t",
                                                        "Startup Cost": 0.0,
                                                        "Total Cost": 67601.9,
                                                        "Plan Rows": 2386393,
                                                        "Plan Width": 25,
                                                        "Actual Startup Time": 0.033,
                                                        "Actual Total Time": 409.19,
                                                        "Actual Rows": 2388876,
                                                        "Actual Loops": 1,
                                                        "Filter": "(production_year < 2013)",
                                                        "Rows Removed by Filter": 139436
                                                      }
                                                    ]
                                                  }
                                                ]
                                              }
                                            ]
                                          }
                                        ]
                                      }
                                    ]
                                  }
                                ]
                              }
                            ]
                          }
                        ]
                      }
                    ]
                  }
                ]
              },
              {
                "Node Type": "Index Scan",
                "Parent Relationship": "Inner",
                "Parallel Aware": false,
                "Scan Direction": "Forward",
                "Index Name": "keyword_pkey",
                "Relation Name": "keyword",
                "Alias": "k",
                "Startup Cost": 0.42,
                "Total Cost": 0.44,
                "Plan Rows": 1,
                "Plan Width": 4,
                "Actual Startup Time": 0.001,
                "Actual Total Time": 0.001,
                "Actual Rows": 0,
                "Actual Loops": 15233471,
                "Index Cond": "(id = mk.keyword_id)",
                "Rows Removed by Index Recheck": 0,
                "Filter": "(keyword = ANY ('{murder,murder-in-title,blood,violence}'::text[]))",
                "Rows Removed by Filter": 1
              }
            ]
          },
          {
            "Node Type": "Index Scan",
            "Parent Relationship": "Inner",
            "Parallel Aware": false,
            "Scan Direction": "Forward",
            "Index Name": "kind_type_pkey",
            "Relation Name": "kind_type",
            "Alias": "kt",
            "Startup Cost": 0.13,
            "Total Cost": 0.15,
            "Plan Rows": 1,
            "Plan Width": 4,
            "Actual Startup Time": 0.001,
            "Actual Total Time": 0.001,
            "Actual Rows": 1,
            "Actual Loops": 144144,
            "Index Cond": "(id = t.kind_id)",
            "Rows Removed by Index Recheck": 0,
            "Filter": "((kind)::text = ANY ('{movie,episode}'::text[]))",
            "Rows Removed by Filter": 0
          }
        ]
      }
    ]
  },
  "Planning Time": 15.082,
  "Triggers": [],
  "Execution Time": 47887.501
}