[
  {
    "Plan": {
      "Node Type": "Aggregate",
      "Strategy": "Plain",
      "Partial Mode": "Finalize",
      "Parallel Aware": false,
      "Startup Cost": 33056.35,
      "Total Cost": 33056.36,
      "Plan Rows": 1,
      "Plan Width": 8,
      "Actual Startup Time": 92.41,
      "Actual Total Time": 99.921,
      "Actual Rows": 1,
      "Actual Loops": 1,
      "Plans": [
        {
          "Node Type": "Gather",
          "Parent Relationship": "Outer",
          "Parallel Aware": false,
          "Startup Cost": 33056.03,
          "Total Cost": 33056.34,
          "Plan Rows": 3,
          "Plan Width": 8,
          "Actual Startup Time": 92.304,
          "Actual Total Time": 99.914,
          "Actual Rows": 4,
          "Actual Loops": 1,
          "Workers Planned": 3,
          "Workers Launched": 3,
          "Single Copy": false,
          "Plans": [
            {
              "Node Type": "Aggregate",
              "Strategy": "Plain",
              "Partial Mode": "Partial",
              "Parent Relationship": "Outer",
              "Parallel Aware": false,
              "Startup Cost": 32056.03,
              "Total Cost": 32056.04,
              "Plan Rows": 1,
              "Plan Width": 8,
              "Actual Startup Time": 87.018,
              "Actual Total Time": 87.019,
              "Actual Rows": 1,
              "Actual Loops": 4,
              "Plans": [
                {
                  "Node Type": "Seq Scan",
                  "Parent Relationship": "Outer",
                  "Parallel Aware": true,
                  "Relation Name": "movie_companies",
                  "Alias": "mc",
                  "Startup Cost": 0.0,
                  "Total Cost": 31414.82,
                  "Plan Rows": 256486,
                  "Plan Width": 0,
                  "Actual Startup Time": 37.59,
                  "Actual Total Time": 75.499,
                  "Actual Rows": 251262,
                  "Actual Loops": 4,
                  "Filter": "((company_id > 6348) AND (company_type_id > 1))",
                  "Rows Removed by Filter": 401020
                }
              ]
            }
          ]
        }
      ]
    },
    "Planning Time": 0.082,
    "Triggers": [],
    "Execution Time": 99.946
  }
]