[
  {
    "Plan": {
      "Node Type": "Aggregate",
      "Strategy": "Plain",
      "Partial Mode": "Finalize",
      "Parallel Aware": false,
      "Startup Cost": 33129.35,
      "Total Cost": 33129.36,
      "Plan Rows": 1,
      "Plan Width": 8,
      "Actual Startup Time": 81.128,
      "Actual Total Time": 88.654,
      "Actual Rows": 1,
      "Actual Loops": 1,
      "Plans": [
        {
          "Node Type": "Gather",
          "Parent Relationship": "Outer",
          "Parallel Aware": false,
          "Startup Cost": 33129.03,
          "Total Cost": 33129.34,
          "Plan Rows": 3,
          "Plan Width": 8,
          "Actual Startup Time": 81.023,
          "Actual Total Time": 88.646,
          "Actual Rows": 4,
          "Actual Loops": 1,
          "Workers Planned": 3,
          "Workers Launched": 3,
          "Single Copy": false,
          "Plans": [
            {
              "Node Type": "Aggregate",
              "Strategy": "Plain",
              "Partial Mode": "Partial",
              "Parent Relationship": "Outer",
              "Parallel Aware": false,
              "Startup Cost": 32129.03,
              "Total Cost": 32129.04,
              "Plan Rows": 1,
              "Plan Width": 8,
              "Actual Startup Time": 76.555,
              "Actual Total Time": 76.556,
              "Actual Rows": 1,
              "Actual Loops": 4,
              "Plans": [
                {
                  "Node Type": "Seq Scan",
                  "Parent Relationship": "Outer",
                  "Parallel Aware": true,
                  "Relation Name": "movie_companies",
                  "Alias": "mc",
                  "Startup Cost": 0.0,
                  "Total Cost": 31414.82,
                  "Plan Rows": 285685,
                  "Plan Width": 0,
                  "Actual Startup Time": 40.319,
                  "Actual Total Time": 70.931,
                  "Actual Rows": 141147,
                  "Actual Loops": 4,
                  "Filter": "((company_id < 22982) AND (company_type_id = 2))",
                  "Rows Removed by Filter": 511135
                }
              ]
            }
          ]
        }
      ]
    },
    "Planning Time": 0.115,
    "Triggers": [],
    "Execution Time": 88.688
  }
]