[
  {
    "Plan": {
      "Node Type": "Aggregate",
      "Strategy": "Plain",
      "Partial Mode": "Finalize",
      "Parallel Aware": false,
      "Startup Cost": 186364.1,
      "Total Cost": 186364.11,
      "Plan Rows": 1,
      "Plan Width": 8,
      "Actual Startup Time": 156.867,
      "Actual Total Time": 167.011,
      "Actual Rows": 1,
      "Actual Loops": 1,
      "Plans": [
        {
          "Node Type": "Gather",
          "Parent Relationship": "Outer",
          "Parallel Aware": false,
          "Startup Cost": 186363.58,
          "Total Cost": 186364.09,
          "Plan Rows": 5,
          "Plan Width": 8,
          "Actual Startup Time": 156.045,
          "Actual Total Time": 167.003,
          "Actual Rows": 6,
          "Actual Loops": 1,
          "Workers Planned": 5,
          "Workers Launched": 5,
          "Single Copy": false,
          "Plans": [
            {
              "Node Type": "Aggregate",
              "Strategy": "Plain",
              "Partial Mode": "Partial",
              "Parent Relationship": "Outer",
              "Parallel Aware": false,
              "Startup Cost": 185363.58,
              "Total Cost": 185363.59,
              "Plan Rows": 1,
              "Plan Width": 8,
              "Actual Startup Time": 145.344,
              "Actual Total Time": 145.345,
              "Actual Rows": 1,
              "Actual Loops": 6,
              "Plans": [
                {
                  "Node Type": "Bitmap Heap Scan",
                  "Parent Relationship": "Outer",
                  "Parallel Aware": true,
                  "Relation Name": "movie_info",
                  "Alias": "mi",
                  "Startup Cost": 20050.17,
                  "Total Cost": 184810.18,
                  "Plan Rows": 221361,
                  "Plan Width": 0,
                  "Actual Startup Time": 56.721,
                  "Actual Total Time": 134.982,
                  "Actual Rows": 175481,
                  "Actual Loops": 6,
                  "Recheck Cond": "(info_type_id > 77)",
                  "Rows Removed by Index Recheck": 0,
                  "Exact Heap Blocks": 10171,
                  "Lossy Heap Blocks": 0,
                  "Plans": [
                    {
                      "Node Type": "Bitmap Index Scan",
                      "Parent Relationship": "Outer",
                      "Parallel Aware": false,
                      "Index Name": "info_type_id_movie_info",
                      "Startup Cost": 0.0,
                      "Total Cost": 19773.47,
                      "Plan Rows": 1106804,
                      "Plan Width": 0,
                      "Actual Startup Time": 60.708,
                      "Actual Total Time": 60.708,
                      "Actual Rows": 1052885,
                      "Actual Loops": 1,
                      "Index Cond": "(info_type_id > 77)"
                    }
                  ]
                }
              ]
            }
          ]
        }
      ]
    },
    "Planning Time": 0.187,
    "Triggers": [],
    "Execution Time": 167.095
  }
]