[
    {
        "Bao": {
            "Bao prediction": "NaN",
            "Bao recommended hint": "(no hint)"
        }
    },
    {
        "Plan": {
            "Node Type": "Aggregate",
            "Strategy": "Plain",
            "Partial Mode": "Simple",
            "Parallel Aware": false,
            "Startup Cost": 22718.7,
            "Total Cost": 22718.71,
            "Plan Rows": 1,
            "Plan Width": 8,
            "Actual Startup Time": 48.919,
            "Actual Total Time": 48.921,
            "Actual Rows": 1,
            "Actual Loops": 1,
            "Output": [
                "count(*)"
            ],
            "Plans": [
                {
                    "Node Type": "Bitmap Heap Scan",
                    "Parent Relationship": "Outer",
                    "Parallel Aware": false,
                    "Relation Name": "movie_companies",
                    "Schema": "public",
                    "Alias": "mc",
                    "Startup Cost": 2322.37,
                    "Total Cost": 22450.98,
                    "Plan Rows": 107089,
                    "Plan Width": 0,
                    "Actual Startup Time": 16.411,
                    "Actual Total Time": 41.16,
                    "Actual Rows": 109410,
                    "Actual Loops": 1,
                    "Recheck Cond": "(mc.company_id > 152191)",
                    "Rows Removed by Index Recheck": 0,
                    "Exact Heap Blocks": 3324,
                    "Lossy Heap Blocks": 0,
                    "Plans": [
                        {
                            "Node Type": "Bitmap Index Scan",
                            "Parent Relationship": "Outer",
                            "Parallel Aware": false,
                            "Index Name": "company_id_movie_companies",
                            "Startup Cost": 0.0,
                            "Total Cost": 2295.6,
                            "Plan Rows": 107089,
                            "Plan Width": 0,
                            "Actual Startup Time": 15.437,
                            "Actual Total Time": 15.438,
                            "Actual Rows": 109410,
                            "Actual Loops": 1,
                            "Index Cond": "(mc.company_id > 152191)"
                        }
                    ]
                }
            ]
        },
        "Planning Time": 205.887,
        "Triggers": [],
        "Execution Time": 48.996
    }
]