[
  {
    "Plan": {
      "Node Type": "Aggregate",
      "Strategy": "Plain",
      "Partial Mode": "Finalize",
      "Parallel Aware": false,
      "Startup Cost": 400298.75,
      "Total Cost": 400298.76,
      "Plan Rows": 1,
      "Plan Width": 8,
      "Actual Startup Time": 1745.242,
      "Actual Total Time": 1809.25,
      "Actual Rows": 1,
      "Actual Loops": 1,
      "Plans": [
        {
          "Node Type": "Gather",
          "Parent Relationship": "Outer",
          "Parallel Aware": false,
          "Startup Cost": 400298.12,
          "Total Cost": 400298.73,
          "Plan Rows": 6,
          "Plan Width": 8,
          "Actual Startup Time": 1731.078,
          "Actual Total Time": 1809.226,
          "Actual Rows": 7,
          "Actual Loops": 1,
          "Workers Planned": 6,
          "Workers Launched": 6,
          "Single Copy": false,
          "Plans": [
            {
              "Node Type": "Aggregate",
              "Strategy": "Plain",
              "Partial Mode": "Partial",
              "Parent Relationship": "Outer",
              "Parallel Aware": false,
              "Startup Cost": 399298.12,
              "Total Cost": 399298.13,
              "Plan Rows": 1,
              "Plan Width": 8,
              "Actual Startup Time": 1717.27,
              "Actual Total Time": 1717.277,
              "Actual Rows": 1,
              "Actual Loops": 7,
              "Plans": [
                {
                  "Node Type": "Hash Join",
                  "Parent Relationship": "Outer",
                  "Parallel Aware": true,
                  "Join Type": "Inner",
                  "Startup Cost": 50502.44,
                  "Total Cost": 397231.77,
                  "Plan Rows": 826541,
                  "Plan Width": 0,
                  "Actual Startup Time": 662.703,
                  "Actual Total Time": 1662.393,
                  "Actual Rows": 1081540,
                  "Actual Loops": 7,
                  "Inner Unique": true,
                  "Hash Cond": "(ci.movie_id = t.id)",
                  "Plans": [
                    {
                      "Node Type": "Seq Scan",
                      "Parent Relationship": "Outer",
                      "Parallel Aware": true,
                      "Relation Name": "cast_info",
                      "Alias": "ci",
                      "Startup Cost": 0.0,
                      "Total Cost": 343316.27,
                      "Plan Rows": 1300210,
                      "Plan Width": 4,
                      "Actual Startup Time": 416.324,
                      "Actual Total Time": 796.965,
                      "Actual Rows": 1580380,
                      "Actual Loops": 7,
                      "Filter": "((person_id > 1874941) AND (role_id > 2))",
                      "Rows Removed by Filter": 3597384
                    },
                    {
                      "Node Type": "Hash",
                      "Parent Relationship": "Inner",
                      "Parallel Aware": true,
                      "Startup Cost": 45479.59,
                      "Total Cost": 45479.59,
                      "Plan Rows": 401828,
                      "Plan Width": 4,
                      "Actual Startup Time": 241.924,
                      "Actual Total Time": 241.925,
                      "Actual Rows": 244205,
                      "Actual Loops": 7,
                      "Hash Buckets": 2097152,
                      "Original Hash Buckets": 2097152,
                      "Hash Batches": 1,
                      "Original Hash Batches": 1,
                      "Peak Memory Usage": 83392,
                      "Plans": [
                        {
                          "Node Type": "Seq Scan",
                          "Parent Relationship": "Outer",
                          "Parallel Aware": true,
                          "Relation Name": "title",
                          "Alias": "t",
                          "Startup Cost": 0.0,
                          "Total Cost": 45479.59,
                          "Plan Rows": 401828,
                          "Plan Width": 4,
                          "Actual Startup Time": 0.059,
                          "Actual Total Time": 107.689,
                          "Actual Rows": 244205,
                          "Actual Loops": 7,
                          "Filter": "((kind_id > 1) AND (production_year > 1964))",
                          "Rows Removed by Filter": 116982
                        }
                      ]
                    }
                  ]
                }
              ]
            }
          ]
        }
      ]
    },
    "Planning Time": 0.371,
    "Triggers": [],
    "Execution Time": 1809.326
  }
]