[
  {
    "Plan": {
      "Node Type": "Aggregate",
      "Strategy": "Plain",
      "Partial Mode": "Finalize",
      "Parallel Aware": false,
      "Startup Cost": 95882.52,
      "Total Cost": 95882.53,
      "Plan Rows": 1,
      "Plan Width": 8,
      "Actual Startup Time": 548.234,
      "Actual Total Time": 566.402,
      "Actual Rows": 1,
      "Actual Loops": 1,
      "Plans": [
        {
          "Node Type": "Gather",
          "Parent Relationship": "Outer",
          "Parallel Aware": false,
          "Startup Cost": 95882.21,
          "Total Cost": 95882.52,
          "Plan Rows": 3,
          "Plan Width": 8,
          "Actual Startup Time": 538.968,
          "Actual Total Time": 566.387,
          "Actual Rows": 4,
          "Actual Loops": 1,
          "Workers Planned": 3,
          "Workers Launched": 3,
          "Single Copy": false,
          "Plans": [
            {
              "Node Type": "Aggregate",
              "Strategy": "Plain",
              "Partial Mode": "Partial",
              "Parent Relationship": "Outer",
              "Parallel Aware": false,
              "Startup Cost": 94882.21,
              "Total Cost": 94882.22,
              "Plan Rows": 1,
              "Plan Width": 8,
              "Actual Startup Time": 526.081,
              "Actual Total Time": 526.085,
              "Actual Rows": 1,
              "Actual Loops": 4,
              "Plans": [
                {
                  "Node Type": "Hash Join",
                  "Parent Relationship": "Outer",
                  "Parallel Aware": true,
                  "Join Type": "Inner",
                  "Startup Cost": 50220.38,
                  "Total Cost": 93923.1,
                  "Plan Rows": 383643,
                  "Plan Width": 0,
                  "Actual Startup Time": 347.081,
                  "Actual Total Time": 513.165,
                  "Actual Rows": 298320,
                  "Actual Loops": 4,
                  "Inner Unique": true,
                  "Hash Cond": "(mk.movie_id = t.id)",
                  "Plans": [
                    {
                      "Node Type": "Seq Scan",
                      "Parent Relationship": "Outer",
                      "Parallel Aware": true,
                      "Relation Name": "movie_keyword",
                      "Alias": "mk",
                      "Startup Cost": 0.0,
                      "Total Cost": 42695.65,
                      "Plan Rows": 383643,
                      "Plan Width": 4,
                      "Actual Startup Time": 0.035,
                      "Actual Total Time": 90.069,
                      "Actual Rows": 298320,
                      "Actual Loops": 4,
                      "Filter": "(keyword_id < 1444)",
                      "Rows Removed by Filter": 832663
                    },
                    {
                      "Node Type": "Hash",
                      "Parent Relationship": "Inner",
                      "Parallel Aware": true,
                      "Startup Cost": 42319.06,
                      "Total Cost": 42319.06,
                      "Plan Rows": 632106,
                      "Plan Width": 4,
                      "Actual Startup Time": 338.229,
                      "Actual Total Time": 338.23,
                      "Actual Rows": 632078,
                      "Actual Loops": 4,
                      "Hash Buckets": 4194304,
                      "Original Hash Buckets": 4194304,
                      "Hash Batches": 1,
                      "Original Hash Batches": 1,
                      "Peak Memory Usage": 131776,
                      "Plans": [
                        {
                          "Node Type": "Seq Scan",
                          "Parent Relationship": "Outer",
                          "Parallel Aware": true,
                          "Relation Name": "title",
                          "Alias": "t",
                          "Startup Cost": 0.0,
                          "Total Cost": 42319.06,
                          "Plan Rows": 632106,
                          "Plan Width": 4,
                          "Actual Startup Time": 0.05,
                          "Actual Total Time": 97.621,
                          "Actual Rows": 632078,
                          "Actual Loops": 4
                        }
                      ]
                    }
                  ]
                }
              ]
            }
          ]
        }
      ]
    },
    "Planning Time": 0.215,
    "Triggers": [],
    "Execution Time": 566.434
  }
]