[
  {
    "Plan": {
      "Node Type": "Aggregate",
      "Strategy": "Plain",
      "Partial Mode": "Finalize",
      "Parallel Aware": false,
      "Startup Cost": 41903.49,
      "Total Cost": 41903.5,
      "Plan Rows": 1,
      "Plan Width": 8,
      "Actual Startup Time": 120.555,
      "Actual Total Time": 128.853,
      "Actual Rows": 1,
      "Actual Loops": 1,
      "Plans": [
        {
          "Node Type": "Gather",
          "Parent Relationship": "Outer",
          "Parallel Aware": false,
          "Startup Cost": 41903.17,
          "Total Cost": 41903.48,
          "Plan Rows": 3,
          "Plan Width": 8,
          "Actual Startup Time": 120.294,
          "Actual Total Time": 128.842,
          "Actual Rows": 4,
          "Actual Loops": 1,
          "Workers Planned": 3,
          "Workers Launched": 3,
          "Single Copy": false,
          "Plans": [
            {
              "Node Type": "Aggregate",
              "Strategy": "Plain",
              "Partial Mode": "Partial",
              "Parent Relationship": "Outer",
              "Parallel Aware": false,
              "Startup Cost": 40903.17,
              "Total Cost": 40903.18,
              "Plan Rows": 1,
              "Plan Width": 8,
              "Actual Startup Time": 112.715,
              "Actual Total Time": 112.718,
              "Actual Rows": 1,
              "Actual Loops": 4,
              "Plans": [
                {
                  "Node Type": "Bitmap Heap Scan",
                  "Parent Relationship": "Outer",
                  "Parallel Aware": true,
                  "Relation Name": "movie_keyword",
                  "Alias": "mk",
                  "Startup Cost": 13393.92,
                  "Total Cost": 40393.96,
                  "Plan Rows": 203683,
                  "Plan Width": 0,
                  "Actual Startup Time": 31.943,
                  "Actual Total Time": 104.486,
                  "Actual Rows": 157890,
                  "Actual Loops": 4,
                  "Recheck Cond": "(keyword_id > 29033)",
                  "Rows Removed by Index Recheck": 0,
                  "Exact Heap Blocks": 10337,
                  "Lossy Heap Blocks": 0,
                  "Plans": [
                    {
                      "Node Type": "Bitmap Index Scan",
                      "Parent Relationship": "Outer",
                      "Parallel Aware": false,
                      "Index Name": "keyword_id_movie_keyword",
                      "Startup Cost": 0.0,
                      "Total Cost": 13236.07,
                      "Plan Rows": 631418,
                      "Plan Width": 0,
                      "Actual Startup Time": 35.656,
                      "Actual Total Time": 35.657,
                      "Actual Rows": 631561,
                      "Actual Loops": 1,
                      "Index Cond": "(keyword_id > 29033)"
                    }
                  ]
                }
              ]
            }
          ]
        }
      ]
    },
    "Planning Time": 0.079,
    "Triggers": [],
    "Execution Time": 128.888
  }
]