[
  {
    "Plan": {
      "Node Type": "Aggregate",
      "Strategy": "Plain",
      "Partial Mode": "Finalize",
      "Parallel Aware": false,
      "Startup Cost": 97318.48,
      "Total Cost": 97318.49,
      "Plan Rows": 1,
      "Plan Width": 8,
      "Actual Startup Time": 976.209,
      "Actual Total Time": 997.587,
      "Actual Rows": 1,
      "Actual Loops": 1,
      "Plans": [
        {
          "Node Type": "Gather",
          "Parent Relationship": "Outer",
          "Parallel Aware": false,
          "Startup Cost": 97318.27,
          "Total Cost": 97318.48,
          "Plan Rows": 2,
          "Plan Width": 8,
          "Actual Startup Time": 969.917,
          "Actual Total Time": 997.578,
          "Actual Rows": 3,
          "Actual Loops": 1,
          "Workers Planned": 2,
          "Workers Launched": 2,
          "Single Copy": false,
          "Plans": [
            {
              "Node Type": "Aggregate",
              "Strategy": "Plain",
              "Partial Mode": "Partial",
              "Parent Relationship": "Outer",
              "Parallel Aware": false,
              "Startup Cost": 96318.27,
              "Total Cost": 96318.28,
              "Plan Rows": 1,
              "Plan Width": 8,
              "Actual Startup Time": 961.414,
              "Actual Total Time": 961.42,
              "Actual Rows": 1,
              "Actual Loops": 3,
              "Plans": [
                {
                  "Node Type": "Hash Join",
                  "Parent Relationship": "Outer",
                  "Parallel Aware": true,
                  "Join Type": "Inner",
                  "Startup Cost": 80029.13,
                  "Total Cost": 96094.42,
                  "Plan Rows": 89538,
                  "Plan Width": 0,
                  "Actual Startup Time": 757.156,
                  "Actual Total Time": 939.365,
                  "Actual Rows": 333260,
                  "Actual Loops": 3,
                  "Inner Unique": false,
                  "Hash Cond": "(mi_idx.movie_id = t.id)",
                  "Plans": [
                    {
                      "Node Type": "Seq Scan",
                      "Parent Relationship": "Outer",
                      "Parallel Aware": true,
                      "Relation Name": "movie_info_idx",
                      "Alias": "mi_idx",
                      "Startup Cost": 0.0,
                      "Total Cost": 13685.15,
                      "Plan Rows": 575015,
                      "Plan Width": 4,
                      "Actual Startup Time": 0.03,
                      "Actual Total Time": 51.341,
                      "Actual Rows": 460012,
                      "Actual Loops": 3
                    },
                    {
                      "Node Type": "Hash",
                      "Parent Relationship": "Inner",
                      "Parallel Aware": true,
                      "Startup Cost": 78798.86,
                      "Total Cost": 78798.86,
                      "Plan Rows": 98422,
                      "Plan Width": 8,
                      "Actual Startup Time": 752.303,
                      "Actual Total Time": 752.308,
                      "Actual Rows": 241055,
                      "Actual Loops": 3,
                      "Hash Buckets": 1048576,
                      "Original Hash Buckets": 524288,
                      "Hash Batches": 1,
                      "Original Hash Batches": 1,
                      "Peak Memory Usage": 40640,
                      "Plans": [
                        {
                          "Node Type": "Hash Join",
                          "Parent Relationship": "Outer",
                          "Parallel Aware": true,
                          "Join Type": "Inner",
                          "Startup Cost": 33002.27,
                          "Total Cost": 78798.86,
                          "Plan Rows": 98422,
                          "Plan Width": 8,
                          "Actual Startup Time": 220.669,
                          "Actual Total Time": 652.196,
                          "Actual Rows": 241055,
                          "Actual Loops": 3,
                          "Inner Unique": false,
                          "Hash Cond": "(t.id = mc.movie_id)",
                          "Plans": [
                            {
                              "Node Type": "Seq Scan",
                              "Parent Relationship": "Outer",
                              "Parallel Aware": true,
                              "Relation Name": "title",
                              "Alias": "t",
                              "Startup Cost": 0.0,
                              "Total Cost": 42318.73,
                              "Plan Rows": 632073,
                              "Plan Width": 4,
                              "Actual Startup Time": 0.011,
                              "Actual Total Time": 121.972,
                              "Actual Rows": 842771,
                              "Actual Loops": 3
                            },
                            {
                              "Node Type": "Hash",
                              "Parent Relationship": "Inner",
                              "Parallel Aware": true,
                              "Startup Cost": 31414.82,
                              "Total Cost": 31414.82,
                              "Plan Rows": 126996,
                              "Plan Width": 4,
                              "Actual Startup Time": 218.21,
                              "Actual Total Time": 218.211,
                              "Actual Rows": 241055,
                              "Actual Loops": 3,
                              "Hash Buckets": 1048576,
                              "Original Hash Buckets": 524288,
                              "Hash Batches": 1,
                              "Original Hash Batches": 1,
                              "Peak Memory Usage": 40640,
                              "Plans": [
                                {
                                  "Node Type": "Seq Scan",
                                  "Parent Relationship": "Outer",
                                  "Parallel Aware": true,
                                  "Relation Name": "movie_companies",
                                  "Alias": "mc",
                                  "Startup Cost": 0.0,
                                  "Total Cost": 31414.82,
                                  "Plan Rows": 126996,
                                  "Plan Width": 4,
                                  "Actual Startup Time": 60.977,
                                  "Actual Total Time": 130.196,
                                  "Actual Rows": 241055,
                                  "Actual Loops": 3,
                                  "Filter": "((company_id > 31609) AND (company_type_id = 2))",
                                  "Rows Removed by Filter": 628655
                                }
                              ]
                            }
                          ]
                        }
                      ]
                    }
                  ]
                }
              ]
            }
          ]
        }
      ]
    },
    "Planning Time": 1.38,
    "Triggers": [],
    "Execution Time": 997.673
  }
]