{
  "Plan": {
    "Node Type": "Aggregate",
    "Strategy": "Plain",
    "Partial Mode": "Finalize",
    "Parallel Aware": false,
    "Startup Cost": 119627.26,
    "Total Cost": 119627.27,
    "Plan Rows": 1,
    "Plan Width": 8,
    "Actual Startup Time": 509.941,
    "Actual Total Time": 524.479,
    "Actual Rows": 1,
    "Actual Loops": 1,
    "Plans": [
      {
        "Node Type": "Gather",
        "Parent Relationship": "Outer",
        "Parallel Aware": false,
        "Startup Cost": 119627.15,
        "Total Cost": 119627.26,
        "Plan Rows": 1,
        "Plan Width": 8,
        "Actual Startup Time": 508.068,
        "Actual Total Time": 524.468,
        "Actual Rows": 2,
        "Actual Loops": 1,
        "Workers Planned": 1,
        "Workers Launched": 1,
        "Single Copy": false,
        "Plans": [
          {
            "Node Type": "Aggregate",
            "Strategy": "Plain",
            "Partial Mode": "Partial",
            "Parent Relationship": "Outer",
            "Parallel Aware": false,
            "Startup Cost": 118627.15,
            "Total Cost": 118627.16,
            "Plan Rows": 1,
            "Plan Width": 8,
            "Actual Startup Time": 502.201,
            "Actual Total Time": 502.205,
            "Actual Rows": 1,
            "Actual Loops": 2,
            "Plans": [
              {
                "Node Type": "Hash Join",
                "Parent Relationship": "Outer",
                "Parallel Aware": true,
                "Join Type": "Inner",
                "Startup Cost": 57740.43,
                "Total Cost": 117993.77,
                "Plan Rows": 253354,
                "Plan Width": 0,
                "Actual Startup Time": 229.252,
                "Actual Total Time": 481.935,
                "Actual Rows": 513856,
                "Actual Loops": 2,
                "Inner Unique": true,
                "Hash Cond": "(mk.movie_id = t.id)",
                "Plans": [
                  {
                    "Node Type": "Seq Scan",
                    "Parent Relationship": "Outer",
                    "Parallel Aware": true,
                    "Relation Name": "movie_keyword",
                    "Alias": "mk",
                    "Startup Cost": 0.0,
                    "Total Cost": 57718.19,
                    "Plan Rows": 965768,
                    "Plan Width": 4,
                    "Actual Startup Time": 0.966,
                    "Actual Total Time": 180.815,
                    "Actual Rows": 822441,
                    "Actual Loops": 2,
                    "Filter": "(keyword_id > 8949)",
                    "Rows Removed by Filter": 1439524
                  },
                  {
                    "Node Type": "Hash",
                    "Parent Relationship": "Inner",
                    "Parallel Aware": true,
                    "Startup Cost": 52863.55,
                    "Total Cost": 52863.55,
                    "Plan Rows": 390151,
                    "Plan Width": 4,
                    "Actual Startup Time": 170.082,
                    "Actual Total Time": 170.083,
                    "Actual Rows": 331412,
                    "Actual Loops": 2,
                    "Hash Buckets": 1048576,
                    "Original Hash Buckets": 1048576,
                    "Hash Batches": 1,
                    "Original Hash Batches": 1,
                    "Peak Memory Usage": 34144,
                    "Plans": [
                      {
                        "Node Type": "Bitmap Heap Scan",
                        "Parent Relationship": "Outer",
                        "Parallel Aware": true,
                        "Relation Name": "title",
                        "Alias": "t",
                        "Startup Cost": 11988.66,
                        "Total Cost": 52863.55,
                        "Plan Rows": 390151,
                        "Plan Width": 4,
                        "Actual Startup Time": 32.425,
                        "Actual Total Time": 93.25,
                        "Actual Rows": 331412,
                        "Actual Loops": 2,
                        "Recheck Cond": "(kind_id < 2)",
                        "Rows Removed by Index Recheck": 0,
                        "Exact Heap Blocks": 7775,
                        "Lossy Heap Blocks": 0,
                        "Plans": [
                          {
                            "Node Type": "Bitmap Index Scan",
                            "Parent Relationship": "Outer",
                            "Parallel Aware": false,
                            "Index Name": "kind_id_title",
                            "Startup Cost": 0.0,
                            "Total Cost": 11822.85,
                            "Plan Rows": 663256,
                            "Plan Width": 0,
                            "Actual Startup Time": 30.547,
                            "Actual Total Time": 30.547,
                            "Actual Rows": 662825,
                            "Actual Loops": 1,
                            "Index Cond": "(kind_id < 2)"
                          }
                        ]
                      }
                    ]
                  }
                ]
              }
            ]
          }
        ]
      }
    ]
  },
  "Planning Time": 0.473,
  "Triggers": [],
  "Execution Time": 524.571
}