[
  {
    "Plan": {
      "Node Type": "Aggregate",
      "Strategy": "Plain",
      "Partial Mode": "Finalize",
      "Parallel Aware": false,
      "Startup Cost": 392251.5,
      "Total Cost": 392251.51,
      "Plan Rows": 1,
      "Plan Width": 8,
      "Actual Startup Time": 871.26,
      "Actual Total Time": 900.615,
      "Actual Rows": 1,
      "Actual Loops": 1,
      "Plans": [
        {
          "Node Type": "Gather",
          "Parent Relationship": "Outer",
          "Parallel Aware": false,
          "Startup Cost": 392250.88,
          "Total Cost": 392251.49,
          "Plan Rows": 6,
          "Plan Width": 8,
          "Actual Startup Time": 864.916,
          "Actual Total Time": 900.606,
          "Actual Rows": 7,
          "Actual Loops": 1,
          "Workers Planned": 6,
          "Workers Launched": 6,
          "Single Copy": false,
          "Plans": [
            {
              "Node Type": "Aggregate",
              "Strategy": "Plain",
              "Partial Mode": "Partial",
              "Parent Relationship": "Outer",
              "Parallel Aware": false,
              "Startup Cost": 391250.88,
              "Total Cost": 391250.89,
              "Plan Rows": 1,
              "Plan Width": 8,
              "Actual Startup Time": 856.862,
              "Actual Total Time": 856.865,
              "Actual Rows": 1,
              "Actual Loops": 7,
              "Plans": [
                {
                  "Node Type": "Hash Join",
                  "Parent Relationship": "Outer",
                  "Parallel Aware": true,
                  "Join Type": "Inner",
                  "Startup Cost": 45911.39,
                  "Total Cost": 390856.43,
                  "Plan Rows": 157778,
                  "Plan Width": 0,
                  "Actual Startup Time": 482.131,
                  "Actual Total Time": 848.688,
                  "Actual Rows": 151220,
                  "Actual Loops": 7,
                  "Inner Unique": true,
                  "Hash Cond": "(ci.movie_id = t.id)",
                  "Plans": [
                    {
                      "Node Type": "Seq Scan",
                      "Parent Relationship": "Outer",
                      "Parallel Aware": true,
                      "Relation Name": "cast_info",
                      "Alias": "ci",
                      "Startup Cost": 0.0,
                      "Total Cost": 343318.94,
                      "Plan Rows": 619466,
                      "Plan Width": 4,
                      "Actual Startup Time": 369.161,
                      "Actual Total Time": 573.26,
                      "Actual Rows": 814730,
                      "Actual Loops": 7,
                      "Filter": "((person_id > 3078001) AND (role_id > 1))",
                      "Rows Removed by Filter": 4363033
                    },
                    {
                      "Node Type": "Hash",
                      "Parent Relationship": "Inner",
                      "Parallel Aware": true,
                      "Startup Cost": 43899.01,
                      "Total Cost": 43899.01,
                      "Plan Rows": 160991,
                      "Plan Width": 4,
                      "Actual Startup Time": 110.264,
                      "Actual Total Time": 110.265,
                      "Actual Rows": 91853,
                      "Actual Loops": 7,
                      "Hash Buckets": 1048576,
                      "Original Hash Buckets": 1048576,
                      "Hash Batches": 1,
                      "Original Hash Batches": 1,
                      "Peak Memory Usage": 33472,
                      "Plans": [
                        {
                          "Node Type": "Seq Scan",
                          "Parent Relationship": "Outer",
                          "Parallel Aware": true,
                          "Relation Name": "title",
                          "Alias": "t",
                          "Startup Cost": 0.0,
                          "Total Cost": 43899.01,
                          "Plan Rows": 160991,
                          "Plan Width": 4,
                          "Actual Startup Time": 0.03,
                          "Actual Total Time": 68.727,
                          "Actual Rows": 91853,
                          "Actual Loops": 7,
                          "Filter": "(production_year < 1988)",
                          "Rows Removed by Filter": 269334
                        }
                      ]
                    }
                  ]
                }
              ]
            }
          ]
        }
      ]
    },
    "Planning Time": 0.401,
    "Triggers": [],
    "Execution Time": 900.673
  }
]