{
  "Plan": {
    "Node Type": "Aggregate",
    "Strategy": "Plain",
    "Partial Mode": "Finalize",
    "Parallel Aware": false,
    "Startup Cost": 64797.47,
    "Total Cost": 64797.48,
    "Plan Rows": 1,
    "Plan Width": 8,
    "Actual Startup Time": 148.61,
    "Actual Total Time": 160.675,
    "Actual Rows": 1,
    "Actual Loops": 1,
    "Plans": [
      {
        "Node Type": "Gather",
        "Parent Relationship": "Outer",
        "Parallel Aware": false,
        "Startup Cost": 64797.36,
        "Total Cost": 64797.47,
        "Plan Rows": 1,
        "Plan Width": 8,
        "Actual Startup Time": 148.502,
        "Actual Total Time": 160.669,
        "Actual Rows": 2,
        "Actual Loops": 1,
        "Workers Planned": 1,
        "Workers Launched": 1,
        "Single Copy": false,
        "Plans": [
          {
            "Node Type": "Aggregate",
            "Strategy": "Plain",
            "Partial Mode": "Partial",
            "Parent Relationship": "Outer",
            "Parallel Aware": false,
            "Startup Cost": 63797.36,
            "Total Cost": 63797.37,
            "Plan Rows": 1,
            "Plan Width": 8,
            "Actual Startup Time": 142.644,
            "Actual Total Time": 142.646,
            "Actual Rows": 1,
            "Actual Loops": 2,
            "Plans": [
              {
                "Node Type": "Nested Loop",
                "Parent Relationship": "Outer",
                "Parallel Aware": false,
                "Join Type": "Inner",
                "Startup Cost": 0.86,
                "Total Cost": 63794.76,
                "Plan Rows": 1040,
                "Plan Width": 0,
                "Actual Startup Time": 79.617,
                "Actual Total Time": 141.589,
                "Actual Rows": 25112,
                "Actual Loops": 2,
                "Inner Unique": false,
                "Join Filter": "(t.id = mk.movie_id)",
                "Rows Removed by Join Filter": 0,
                "Plans": [
                  {
                    "Node Type": "Nested Loop",
                    "Parent Relationship": "Outer",
                    "Parallel Aware": false,
                    "Join Type": "Inner",
                    "Startup Cost": 0.43,
                    "Total Cost": 62682.24,
                    "Plan Rows": 581,
                    "Plan Width": 8,
                    "Actual Startup Time": 79.558,
                    "Actual Total Time": 129.162,
                    "Actual Rows": 1432,
                    "Actual Loops": 2,
                    "Inner Unique": false,
                    "Plans": [
                      {
                        "Node Type": "Seq Scan",
                        "Parent Relationship": "Outer",
                        "Parallel Aware": true,
                        "Relation Name": "title",
                        "Alias": "t",
                        "Startup Cost": 0.0,
                        "Total Cost": 54588.39,
                        "Plan Rows": 1065,
                        "Plan Width": 4,
                        "Actual Startup Time": 79.39,
                        "Actual Total Time": 122.544,
                        "Actual Rows": 980,
                        "Actual Loops": 2,
                        "Filter": "(production_year = 1943)",
                        "Rows Removed by Filter": 1263176
                      },
                      {
                        "Node Type": "Index Only Scan",
                        "Parent Relationship": "Inner",
                        "Parallel Aware": false,
                        "Scan Direction": "Forward",
                        "Index Name": "movie_id_movie_info_idx",
                        "Relation Name": "movie_info_idx",
                        "Alias": "mi_idx",
                        "Startup Cost": 0.43,
                        "Total Cost": 7.57,
                        "Plan Rows": 3,
                        "Plan Width": 4,
                        "Actual Startup Time": 0.006,
                        "Actual Total Time": 0.006,
                        "Actual Rows": 1,
                        "Actual Loops": 1960,
                        "Index Cond": "(movie_id = t.id)",
                        "Rows Removed by Index Recheck": 0,
                        "Heap Fetches": 2865
                      }
                    ]
                  },
                  {
                    "Node Type": "Index Only Scan",
                    "Parent Relationship": "Inner",
                    "Parallel Aware": false,
                    "Scan Direction": "Forward",
                    "Index Name": "movie_id_movie_keyword",
                    "Relation Name": "movie_keyword",
                    "Alias": "mk",
                    "Startup Cost": 0.43,
                    "Total Cost": 1.35,
                    "Plan Rows": 45,
                    "Plan Width": 4,
                    "Actual Startup Time": 0.005,
                    "Actual Total Time": 0.007,
                    "Actual Rows": 18,
                    "Actual Loops": 2865,
                    "Index Cond": "(movie_id = mi_idx.movie_id)",
                    "Rows Removed by Index Recheck": 0,
                    "Heap Fetches": 50223
                  }
                ]
              }
            ]
          }
        ]
      }
    ]
  },
  "Planning Time": 0.516,
  "Triggers": [],
  "Execution Time": 160.728
}