{
  "Plan": {
    "Node Type": "Aggregate",
    "Strategy": "Plain",
    "Partial Mode": "Finalize",
    "Parallel Aware": false,
    "Startup Cost": 465767.29,
    "Total Cost": 465767.3,
    "Plan Rows": 1,
    "Plan Width": 8,
    "Actual Startup Time": 1118.274,
    "Actual Total Time": 1148.001,
    "Actual Rows": 1,
    "Actual Loops": 1,
    "Plans": [
      {
        "Node Type": "Gather",
        "Parent Relationship": "Outer",
        "Parallel Aware": false,
        "Startup Cost": 465767.17,
        "Total Cost": 465767.28,
        "Plan Rows": 1,
        "Plan Width": 8,
        "Actual Startup Time": 1118.134,
        "Actual Total Time": 1147.992,
        "Actual Rows": 2,
        "Actual Loops": 1,
        "Workers Planned": 1,
        "Workers Launched": 1,
        "Single Copy": false,
        "Plans": [
          {
            "Node Type": "Aggregate",
            "Strategy": "Plain",
            "Partial Mode": "Partial",
            "Parent Relationship": "Outer",
            "Parallel Aware": false,
            "Startup Cost": 464767.17,
            "Total Cost": 464767.18,
            "Plan Rows": 1,
            "Plan Width": 8,
            "Actual Startup Time": 1112.26,
            "Actual Total Time": 1112.264,
            "Actual Rows": 1,
            "Actual Loops": 2,
            "Plans": [
              {
                "Node Type": "Hash Join",
                "Parent Relationship": "Outer",
                "Parallel Aware": true,
                "Join Type": "Inner",
                "Startup Cost": 58487.28,
                "Total Cost": 464679.23,
                "Plan Rows": 35178,
                "Plan Width": 0,
                "Actual Startup Time": 736.279,
                "Actual Total Time": 1112.257,
                "Actual Rows": 0,
                "Actual Loops": 2,
                "Inner Unique": true,
                "Hash Cond": "(ci.movie_id = t.id)",
                "Plans": [
                  {
                    "Node Type": "Index Scan",
                    "Parent Relationship": "Outer",
                    "Parallel Aware": true,
                    "Scan Direction": "Forward",
                    "Index Name": "role_id_cast_info",
                    "Relation Name": "cast_info",
                    "Alias": "ci",
                    "Startup Cost": 0.56,
                    "Total Cost": 396668.75,
                    "Plan Rows": 3628094,
                    "Plan Width": 4,
                    "Actual Startup Time": 0.119,
                    "Actual Total Time": 841.788,
                    "Actual Rows": 1796680,
                    "Actual Loops": 2,
                    "Index Cond": "(role_id > 3)",
                    "Rows Removed by Index Recheck": 0,
                    "Filter": "(person_id < 1797851)",
                    "Rows Removed by Filter": 4260144
                  },
                  {
                    "Node Type": "Hash",
                    "Parent Relationship": "Inner",
                    "Parallel Aware": true,
                    "Startup Cost": 58306.47,
                    "Total Cost": 58306.47,
                    "Plan Rows": 14420,
                    "Plan Width": 4,
                    "Actual Startup Time": 134.331,
                    "Actual Total Time": 134.332,
                    "Actual Rows": 0,
                    "Actual Loops": 2,
                    "Hash Buckets": 32768,
                    "Original Hash Buckets": 32768,
                    "Hash Batches": 1,
                    "Original Hash Batches": 1,
                    "Peak Memory Usage": 288,
                    "Plans": [
                      {
                        "Node Type": "Seq Scan",
                        "Parent Relationship": "Outer",
                        "Parallel Aware": true,
                        "Relation Name": "title",
                        "Alias": "t",
                        "Startup Cost": 0.0,
                        "Total Cost": 58306.47,
                        "Plan Rows": 14420,
                        "Plan Width": 4,
                        "Actual Startup Time": 94.569,
                        "Actual Total Time": 134.274,
                        "Actual Rows": 0,
                        "Actual Loops": 2,
                        "Filter": "((production_year < 1913) AND (kind_id = 7))",
                        "Rows Removed by Filter": 1264156
                      }
                    ]
                  }
                ]
              }
            ]
          }
        ]
      }
    ]
  },
  "Planning Time": 0.531,
  "Triggers": [],
  "Execution Time": 1148.08
}