[
  {
    "Plan": {
      "Node Type": "Aggregate",
      "Strategy": "Plain",
      "Partial Mode": "Finalize",
      "Parallel Aware": false,
      "Startup Cost": 46473.95,
      "Total Cost": 46473.96,
      "Plan Rows": 1,
      "Plan Width": 8,
      "Actual Startup Time": 147.717,
      "Actual Total Time": 157.617,
      "Actual Rows": 1,
      "Actual Loops": 1,
      "Plans": [
        {
          "Node Type": "Gather",
          "Parent Relationship": "Outer",
          "Parallel Aware": false,
          "Startup Cost": 46473.63,
          "Total Cost": 46473.94,
          "Plan Rows": 3,
          "Plan Width": 8,
          "Actual Startup Time": 147.576,
          "Actual Total Time": 157.607,
          "Actual Rows": 4,
          "Actual Loops": 1,
          "Workers Planned": 3,
          "Workers Launched": 3,
          "Single Copy": false,
          "Plans": [
            {
              "Node Type": "Aggregate",
              "Strategy": "Plain",
              "Partial Mode": "Partial",
              "Parent Relationship": "Outer",
              "Parallel Aware": false,
              "Startup Cost": 45473.63,
              "Total Cost": 45473.64,
              "Plan Rows": 1,
              "Plan Width": 8,
              "Actual Startup Time": 144.278,
              "Actual Total Time": 144.279,
              "Actual Rows": 1,
              "Actual Loops": 4,
              "Plans": [
                {
                  "Node Type": "Seq Scan",
                  "Parent Relationship": "Outer",
                  "Parallel Aware": true,
                  "Relation Name": "movie_keyword",
                  "Alias": "mk",
                  "Startup Cost": 0.0,
                  "Total Cost": 42695.65,
                  "Plan Rows": 1111191,
                  "Plan Width": 0,
                  "Actual Startup Time": 0.067,
                  "Actual Total Time": 108.971,
                  "Actual Rows": 859308,
                  "Actual Loops": 4,
                  "Filter": "(keyword_id > 1105)",
                  "Rows Removed by Filter": 271674
                }
              ]
            }
          ]
        }
      ]
    },
    "Planning Time": 0.183,
    "Triggers": [],
    "Execution Time": 157.676
  }
]