[
  {
    "Plan": {
      "Node Type": "Aggregate",
      "Strategy": "Plain",
      "Partial Mode": "Finalize",
      "Parallel Aware": false,
      "Startup Cost": 46032.48,
      "Total Cost": 46032.49,
      "Plan Rows": 1,
      "Plan Width": 8,
      "Actual Startup Time": 182.569,
      "Actual Total Time": 193.392,
      "Actual Rows": 1,
      "Actual Loops": 1,
      "Plans": [
        {
          "Node Type": "Gather",
          "Parent Relationship": "Outer",
          "Parallel Aware": false,
          "Startup Cost": 46032.16,
          "Total Cost": 46032.47,
          "Plan Rows": 3,
          "Plan Width": 8,
          "Actual Startup Time": 182.444,
          "Actual Total Time": 193.383,
          "Actual Rows": 4,
          "Actual Loops": 1,
          "Workers Planned": 3,
          "Workers Launched": 3,
          "Single Copy": false,
          "Plans": [
            {
              "Node Type": "Aggregate",
              "Strategy": "Plain",
              "Partial Mode": "Partial",
              "Parent Relationship": "Outer",
              "Parallel Aware": false,
              "Startup Cost": 45032.16,
              "Total Cost": 45032.17,
              "Plan Rows": 1,
              "Plan Width": 8,
              "Actual Startup Time": 173.872,
              "Actual Total Time": 173.873,
              "Actual Rows": 1,
              "Actual Loops": 4,
              "Plans": [
                {
                  "Node Type": "Seq Scan",
                  "Parent Relationship": "Outer",
                  "Parallel Aware": true,
                  "Relation Name": "movie_keyword",
                  "Alias": "mk",
                  "Startup Cost": 0.0,
                  "Total Cost": 42695.65,
                  "Plan Rows": 934604,
                  "Plan Width": 0,
                  "Actual Startup Time": 0.382,
                  "Actual Total Time": 136.399,
                  "Actual Rows": 720758,
                  "Actual Loops": 4,
                  "Filter": "(keyword_id > 2488)",
                  "Rows Removed by Filter": 410225
                }
              ]
            }
          ]
        }
      ]
    },
    "Planning Time": 0.147,
    "Triggers": [],
    "Execution Time": 193.44
  }
]