[
  {
    "Plan": {
      "Node Type": "Aggregate",
      "Strategy": "Plain",
      "Partial Mode": "Finalize",
      "Parallel Aware": false,
      "Startup Cost": 89295.78,
      "Total Cost": 89295.79,
      "Plan Rows": 1,
      "Plan Width": 8,
      "Actual Startup Time": 250.979,
      "Actual Total Time": 268.887,
      "Actual Rows": 1,
      "Actual Loops": 1,
      "Plans": [
        {
          "Node Type": "Gather",
          "Parent Relationship": "Outer",
          "Parallel Aware": false,
          "Startup Cost": 89295.46,
          "Total Cost": 89295.77,
          "Plan Rows": 3,
          "Plan Width": 8,
          "Actual Startup Time": 250.344,
          "Actual Total Time": 268.877,
          "Actual Rows": 4,
          "Actual Loops": 1,
          "Workers Planned": 3,
          "Workers Launched": 3,
          "Single Copy": false,
          "Plans": [
            {
              "Node Type": "Aggregate",
              "Strategy": "Plain",
              "Partial Mode": "Partial",
              "Parent Relationship": "Outer",
              "Parallel Aware": false,
              "Startup Cost": 88295.46,
              "Total Cost": 88295.47,
              "Plan Rows": 1,
              "Plan Width": 8,
              "Actual Startup Time": 241.278,
              "Actual Total Time": 241.282,
              "Actual Rows": 1,
              "Actual Loops": 4,
              "Plans": [
                {
                  "Node Type": "Hash Join",
                  "Parent Relationship": "Outer",
                  "Parallel Aware": true,
                  "Join Type": "Inner",
                  "Startup Cost": 60427.45,
                  "Total Cost": 88284.79,
                  "Plan Rows": 4271,
                  "Plan Width": 0,
                  "Actual Startup Time": 144.527,
                  "Actual Total Time": 240.785,
                  "Actual Rows": 6168,
                  "Actual Loops": 4,
                  "Inner Unique": true,
                  "Hash Cond": "(mk.movie_id = t.id)",
                  "Plans": [
                    {
                      "Node Type": "Bitmap Heap Scan",
                      "Parent Relationship": "Outer",
                      "Parallel Aware": true,
                      "Relation Name": "movie_keyword",
                      "Alias": "mk",
                      "Startup Cost": 14798.4,
                      "Total Cost": 42065.08,
                      "Plan Rows": 225014,
                      "Plan Width": 4,
                      "Actual Startup Time": 45.228,
                      "Actual Total Time": 117.415,
                      "Actual Rows": 176980,
                      "Actual Loops": 4,
                      "Recheck Cond": "(keyword_id < 597)",
                      "Rows Removed by Index Recheck": 0,
                      "Exact Heap Blocks": 7059,
                      "Lossy Heap Blocks": 0,
                      "Plans": [
                        {
                          "Node Type": "Bitmap Index Scan",
                          "Parent Relationship": "Outer",
                          "Parallel Aware": false,
                          "Index Name": "keyword_id_movie_keyword",
                          "Startup Cost": 0.0,
                          "Total Cost": 14624.01,
                          "Plan Rows": 697544,
                          "Plan Width": 0,
                          "Actual Startup Time": 41.496,
                          "Actual Total Time": 41.497,
                          "Actual Rows": 707918,
                          "Actual Loops": 1,
                          "Index Cond": "(keyword_id < 597)"
                        }
                      ]
                    },
                    {
                      "Node Type": "Hash",
                      "Parent Relationship": "Inner",
                      "Parallel Aware": true,
                      "Startup Cost": 45479.1,
                      "Total Cost": 45479.1,
                      "Plan Rows": 11996,
                      "Plan Width": 4,
                      "Actual Startup Time": 97.764,
                      "Actual Total Time": 97.765,
                      "Actual Rows": 9688,
                      "Actual Loops": 4,
                      "Hash Buckets": 65536,
                      "Original Hash Buckets": 65536,
                      "Hash Batches": 1,
                      "Original Hash Batches": 1,
                      "Peak Memory Usage": 2112,
                      "Plans": [
                        {
                          "Node Type": "Seq Scan",
                          "Parent Relationship": "Outer",
                          "Parallel Aware": true,
                          "Relation Name": "title",
                          "Alias": "t",
                          "Startup Cost": 0.0,
                          "Total Cost": 45479.1,
                          "Plan Rows": 11996,
                          "Plan Width": 4,
                          "Actual Startup Time": 0.271,
                          "Actual Total Time": 93.865,
                          "Actual Rows": 9688,
                          "Actual Loops": 4,
                          "Filter": "((kind_id < 7) AND (production_year = 2008))",
                          "Rows Removed by Filter": 622390
                        }
                      ]
                    }
                  ]
                }
              ]
            }
          ]
        }
      ]
    },
    "Planning Time": 0.619,
    "Triggers": [],
    "Execution Time": 268.977
  }
]