[
  {
    "Plan": {
      "Node Type": "Aggregate",
      "Strategy": "Plain",
      "Partial Mode": "Finalize",
      "Parallel Aware": false,
      "Startup Cost": 426145.83,
      "Total Cost": 426145.84,
      "Plan Rows": 1,
      "Plan Width": 8,
      "Actual Startup Time": 1818.362,
      "Actual Total Time": 1873.814,
      "Actual Rows": 1,
      "Actual Loops": 1,
      "Plans": [
        {
          "Node Type": "Gather",
          "Parent Relationship": "Outer",
          "Parallel Aware": false,
          "Startup Cost": 426145.2,
          "Total Cost": 426145.81,
          "Plan Rows": 6,
          "Plan Width": 8,
          "Actual Startup Time": 1809.944,
          "Actual Total Time": 1873.803,
          "Actual Rows": 7,
          "Actual Loops": 1,
          "Workers Planned": 6,
          "Workers Launched": 6,
          "Single Copy": false,
          "Plans": [
            {
              "Node Type": "Aggregate",
              "Strategy": "Plain",
              "Partial Mode": "Partial",
              "Parent Relationship": "Outer",
              "Parallel Aware": false,
              "Startup Cost": 425145.2,
              "Total Cost": 425145.21,
              "Plan Rows": 1,
              "Plan Width": 8,
              "Actual Startup Time": 1798.192,
              "Actual Total Time": 1798.277,
              "Actual Rows": 1,
              "Actual Loops": 7,
              "Plans": [
                {
                  "Node Type": "Hash Join",
                  "Parent Relationship": "Outer",
                  "Parallel Aware": true,
                  "Join Type": "Inner",
                  "Startup Cost": 79826.24,
                  "Total Cost": 420973.25,
                  "Plan Rows": 1668781,
                  "Plan Width": 0,
                  "Actual Startup Time": 278.953,
                  "Actual Total Time": 1718.211,
                  "Actual Rows": 1656943,
                  "Actual Loops": 7,
                  "Inner Unique": false,
                  "Hash Cond": "(ci.movie_id = t.id)",
                  "Plans": [
                    {
                      "Node Type": "Seq Scan",
                      "Parent Relationship": "Outer",
                      "Parallel Aware": true,
                      "Relation Name": "cast_info",
                      "Alias": "ci",
                      "Startup Cost": 0.0,
                      "Total Cost": 313106.51,
                      "Plan Rows": 6041951,
                      "Plan Width": 4,
                      "Actual Startup Time": 0.104,
                      "Actual Total Time": 558.979,
                      "Actual Rows": 5177763,
                      "Actual Loops": 7
                    },
                    {
                      "Node Type": "Hash",
                      "Parent Relationship": "Inner",
                      "Parallel Aware": true,
                      "Startup Cost": 77010.31,
                      "Total Cost": 77010.31,
                      "Plan Rows": 225274,
                      "Plan Width": 8,
                      "Actual Startup Time": 275.268,
                      "Actual Total Time": 275.351,
                      "Actual Rows": 41079,
                      "Actual Loops": 7,
                      "Hash Buckets": 1048576,
                      "Original Hash Buckets": 1048576,
                      "Hash Batches": 1,
                      "Original Hash Batches": 1,
                      "Peak Memory Usage": 19552,
                      "Plans": [
                        {
                          "Node Type": "Hash Join",
                          "Parent Relationship": "Outer",
                          "Parallel Aware": true,
                          "Join Type": "Inner",
                          "Startup Cost": 47594.42,
                          "Total Cost": 77010.31,
                          "Plan Rows": 225274,
                          "Plan Width": 8,
                          "Actual Startup Time": 137.755,
                          "Actual Total Time": 255.132,
                          "Actual Rows": 41079,
                          "Actual Loops": 7,
                          "Inner Unique": true,
                          "Hash Cond": "(mc.movie_id = t.id)",
                          "Plans": [
                            {
                              "Node Type": "Seq Scan",
                              "Parent Relationship": "Outer",
                              "Parallel Aware": true,
                              "Relation Name": "movie_companies",
                              "Alias": "mc",
                              "Startup Cost": 0.0,
                              "Total Cost": 27206.55,
                              "Plan Rows": 841655,
                              "Plan Width": 4,
                              "Actual Startup Time": 0.013,
                              "Actual Total Time": 40.028,
                              "Actual Rows": 372733,
                              "Actual Loops": 7
                            },
                            {
                              "Node Type": "Hash",
                              "Parent Relationship": "Inner",
                              "Parallel Aware": true,
                              "Startup Cost": 45479.59,
                              "Total Cost": 45479.59,
                              "Plan Rows": 169187,
                              "Plan Width": 4,
                              "Actual Startup Time": 136.007,
                              "Actual Total Time": 136.009,
                              "Actual Rows": 105668,
                              "Actual Loops": 7,
                              "Hash Buckets": 1048576,
                              "Original Hash Buckets": 1048576,
                              "Hash Batches": 1,
                              "Original Hash Batches": 1,
                              "Peak Memory Usage": 37216,
                              "Plans": [
                                {
                                  "Node Type": "Seq Scan",
                                  "Parent Relationship": "Outer",
                                  "Parallel Aware": true,
                                  "Relation Name": "title",
                                  "Alias": "t",
                                  "Startup Cost": 0.0,
                                  "Total Cost": 45479.59,
                                  "Plan Rows": 169187,
                                  "Plan Width": 4,
                                  "Actual Startup Time": 0.058,
                                  "Actual Total Time": 79.7,
                                  "Actual Rows": 105668,
                                  "Actual Loops": 7,
                                  "Filter": "((production_year > 2004) AND (kind_id = 7))",
                                  "Rows Removed by Filter": 255519
                                }
                              ]
                            }
                          ]
                        }
                      ]
                    }
                  ]
                }
              ]
            }
          ]
        }
      ]
    },
    "Planning Time": 1.397,
    "Triggers": [],
    "Execution Time": 1873.913
  }
]