[
  {
    "Plan": {
      "Node Type": "Aggregate",
      "Strategy": "Plain",
      "Partial Mode": "Finalize",
      "Parallel Aware": false,
      "Startup Cost": 46179.96,
      "Total Cost": 46179.97,
      "Plan Rows": 1,
      "Plan Width": 8,
      "Actual Startup Time": 187.828,
      "Actual Total Time": 195.532,
      "Actual Rows": 1,
      "Actual Loops": 1,
      "Plans": [
        {
          "Node Type": "Gather",
          "Parent Relationship": "Outer",
          "Parallel Aware": false,
          "Startup Cost": 46179.64,
          "Total Cost": 46179.95,
          "Plan Rows": 3,
          "Plan Width": 8,
          "Actual Startup Time": 187.715,
          "Actual Total Time": 195.521,
          "Actual Rows": 4,
          "Actual Loops": 1,
          "Workers Planned": 3,
          "Workers Launched": 3,
          "Single Copy": false,
          "Plans": [
            {
              "Node Type": "Aggregate",
              "Strategy": "Plain",
              "Partial Mode": "Partial",
              "Parent Relationship": "Outer",
              "Parallel Aware": false,
              "Startup Cost": 45179.64,
              "Total Cost": 45179.65,
              "Plan Rows": 1,
              "Plan Width": 8,
              "Actual Startup Time": 184.028,
              "Actual Total Time": 184.029,
              "Actual Rows": 1,
              "Actual Loops": 4,
              "Plans": [
                {
                  "Node Type": "Seq Scan",
                  "Parent Relationship": "Outer",
                  "Parallel Aware": true,
                  "Relation Name": "movie_keyword",
                  "Alias": "mk",
                  "Startup Cost": 0.0,
                  "Total Cost": 42695.65,
                  "Plan Rows": 993594,
                  "Plan Width": 0,
                  "Actual Startup Time": 0.125,
                  "Actual Total Time": 140.171,
                  "Actual Rows": 770519,
                  "Actual Loops": 4,
                  "Filter": "(keyword_id > 2016)",
                  "Rows Removed by Filter": 360464
                }
              ]
            }
          ]
        }
      ]
    },
    "Planning Time": 0.095,
    "Triggers": [],
    "Execution Time": 195.562
  }
]