{
    "Plan": {
        "Node Type": "Aggregate",
        "Strategy": "Plain",
        "Partial Mode": "Finalize",
        "Parallel Aware": false,
        "Startup Cost": 403789.14,
        "Total Cost": 403789.15,
        "Plan Rows": 1,
        "Plan Width": 8,
        "Actual Startup Time": 1987.823,
        "Actual Total Time": 2028.605,
        "Actual Rows": 1,
        "Actual Loops": 1,
        "Output": [
            "count(*)"
        ],
        "Plans": [
            {
                "Node Type": "Gather",
                "Parent Relationship": "Outer",
                "Parallel Aware": false,
                "Startup Cost": 403788.51,
                "Total Cost": 403789.12,
                "Plan Rows": 6,
                "Plan Width": 8,
                "Actual Startup Time": 1965.696,
                "Actual Total Time": 2028.592,
                "Actual Rows": 7,
                "Actual Loops": 1,
                "Output": [
                    "(PARTIAL count(*))"
                ],
                "Workers Planned": 6,
                "Workers Launched": 6,
                "Single Copy": false,
                "Plans": [
                    {
                        "Node Type": "Aggregate",
                        "Strategy": "Plain",
                        "Partial Mode": "Partial",
                        "Parent Relationship": "Outer",
                        "Parallel Aware": false,
                        "Startup Cost": 402788.51,
                        "Total Cost": 402788.52,
                        "Plan Rows": 1,
                        "Plan Width": 8,
                        "Actual Startup Time": 1945.425,
                        "Actual Total Time": 1945.428,
                        "Actual Rows": 1,
                        "Actual Loops": 7,
                        "Output": [
                            "PARTIAL count(*)"
                        ],
                        "Workers": [
                            {
                                "Worker Number": 0,
                                "Actual Startup Time": 1943.86,
                                "Actual Total Time": 1943.863,
                                "Actual Rows": 1,
                                "Actual Loops": 1
                            },
                            {
                                "Worker Number": 1,
                                "Actual Startup Time": 1941.845,
                                "Actual Total Time": 1941.847,
                                "Actual Rows": 1,
                                "Actual Loops": 1
                            },
                            {
                                "Worker Number": 2,
                                "Actual Startup Time": 1941.728,
                                "Actual Total Time": 1941.731,
                                "Actual Rows": 1,
                                "Actual Loops": 1
                            },
                            {
                                "Worker Number": 3,
                                "Actual Startup Time": 1941.84,
                                "Actual Total Time": 1941.843,
                                "Actual Rows": 1,
                                "Actual Loops": 1
                            },
                            {
                                "Worker Number": 4,
                                "Actual Startup Time": 1941.845,
                                "Actual Total Time": 1941.849,
                                "Actual Rows": 1,
                                "Actual Loops": 1
                            },
                            {
                                "Worker Number": 5,
                                "Actual Startup Time": 1942.039,
                                "Actual Total Time": 1942.041,
                                "Actual Rows": 1,
                                "Actual Loops": 1
                            }
                        ],
                        "Plans": [
                            {
                                "Node Type": "Hash Join",
                                "Parent Relationship": "Outer",
                                "Parallel Aware": true,
                                "Join Type": "Inner",
                                "Startup Cost": 50220.37,
                                "Total Cost": 398030.33,
                                "Plan Rows": 1903273,
                                "Plan Width": 0,
                                "Actual Startup Time": 342.798,
                                "Actual Total Time": 1841.869,
                                "Actual Rows": 1810098,
                                "Actual Loops": 7,
                                "Inner Unique": true,
                                "Hash Cond": "(ci.movie_id = t.id)",
                                "Workers": [
                                    {
                                        "Worker Number": 0,
                                        "Actual Startup Time": 339.415,
                                        "Actual Total Time": 1841.0,
                                        "Actual Rows": 1586911,
                                        "Actual Loops": 1
                                    },
                                    {
                                        "Worker Number": 1,
                                        "Actual Startup Time": 339.64,
                                        "Actual Total Time": 1833.993,
                                        "Actual Rows": 1668420,
                                        "Actual Loops": 1
                                    },
                                    {
                                        "Worker Number": 2,
                                        "Actual Startup Time": 339.563,
                                        "Actual Total Time": 1834.372,
                                        "Actual Rows": 1636440,
                                        "Actual Loops": 1
                                    },
                                    {
                                        "Worker Number": 3,
                                        "Actual Startup Time": 339.468,
                                        "Actual Total Time": 1856.908,
                                        "Actual Rows": 2112213,
                                        "Actual Loops": 1
                                    },
                                    {
                                        "Worker Number": 4,
                                        "Actual Startup Time": 339.297,
                                        "Actual Total Time": 1838.673,
                                        "Actual Rows": 1602901,
                                        "Actual Loops": 1
                                    },
                                    {
                                        "Worker Number": 5,
                                        "Actual Startup Time": 339.638,
                                        "Actual Total Time": 1850.237,
                                        "Actual Rows": 2223391,
                                        "Actual Loops": 1
                                    }
                                ],
                                "Plans": [
                                    {
                                        "Node Type": "Index Scan",
                                        "Parent Relationship": "Outer",
                                        "Parallel Aware": true,
                                        "Scan Direction": "Forward",
                                        "Index Name": "role_id_cast_info",
                                        "Relation Name": "cast_info",
                                        "Schema": "public",
                                        "Alias": "ci",
                                        "Startup Cost": 0.56,
                                        "Total Cost": 342814.42,
                                        "Plan Rows": 1903273,
                                        "Plan Width": 4,
                                        "Actual Startup Time": 0.305,
                                        "Actual Total Time": 519.007,
                                        "Actual Rows": 1810098,
                                        "Actual Loops": 7,
                                        "Output": [
                                            "ci.id",
                                            "ci.person_id",
                                            "ci.movie_id",
                                            "ci.person_role_id",
                                            "ci.note",
                                            "ci.nr_order",
                                            "ci.role_id"
                                        ],
                                        "Index Cond": "(ci.role_id = 1)",
                                        "Rows Removed by Index Recheck": 0,
                                        "Filter": "(ci.person_id < 3360837)",
                                        "Rows Removed by Filter": 0,
                                        "Workers": [
                                            {
                                                "Worker Number": 0,
                                                "Actual Startup Time": 0.257,
                                                "Actual Total Time": 535.407,
                                                "Actual Rows": 1586911,
                                                "Actual Loops": 1
                                            },
                                            {
                                                "Worker Number": 1,
                                                "Actual Startup Time": 0.44,
                                                "Actual Total Time": 549.298,
                                                "Actual Rows": 1668420,
                                                "Actual Loops": 1
                                            },
                                            {
                                                "Worker Number": 2,
                                                "Actual Startup Time": 0.393,
                                                "Actual Total Time": 549.915,
                                                "Actual Rows": 1636440,
                                                "Actual Loops": 1
                                            },
                                            {
                                                "Worker Number": 3,
                                                "Actual Startup Time": 0.294,
                                                "Actual Total Time": 482.525,
                                                "Actual Rows": 2112213,
                                                "Actual Loops": 1
                                            },
                                            {
                                                "Worker Number": 4,
                                                "Actual Startup Time": 0.195,
                                                "Actual Total Time": 538.393,
                                                "Actual Rows": 1602901,
                                                "Actual Loops": 1
                                            },
                                            {
                                                "Worker Number": 5,
                                                "Actual Startup Time": 0.232,
                                                "Actual Total Time": 501.19,
                                                "Actual Rows": 2223391,
                                                "Actual Loops": 1
                                            }
                                        ]
                                    },
                                    {
                                        "Node Type": "Hash",
                                        "Parent Relationship": "Inner",
                                        "Parallel Aware": true,
                                        "Startup Cost": 42318.81,
                                        "Total Cost": 42318.81,
                                        "Plan Rows": 632080,
                                        "Plan Width": 4,
                                        "Actual Startup Time": 335.765,
                                        "Actual Total Time": 335.766,
                                        "Actual Rows": 361187,
                                        "Actual Loops": 7,
                                        "Output": [
                                            "t.id"
                                        ],
                                        "Hash Buckets": 4194304,
                                        "Original Hash Buckets": 4194304,
                                        "Hash Batches": 1,
                                        "Original Hash Batches": 1,
                                        "Peak Memory Usage": 131808,
                                        "Workers": [
                                            {
                                                "Worker Number": 0,
                                                "Actual Startup Time": 338.44,
                                                "Actual Total Time": 338.441,
                                                "Actual Rows": 315191,
                                                "Actual Loops": 1
                                            },
                                            {
                                                "Worker Number": 1,
                                                "Actual Startup Time": 338.578,
                                                "Actual Total Time": 338.579,
                                                "Actual Rows": 337682,
                                                "Actual Loops": 1
                                            },
                                            {
                                                "Worker Number": 2,
                                                "Actual Startup Time": 338.521,
                                                "Actual Total Time": 338.522,
                                                "Actual Rows": 332415,
                                                "Actual Loops": 1
                                            },
                                            {
                                                "Worker Number": 3,
                                                "Actual Startup Time": 338.509,
                                                "Actual Total Time": 338.51,
                                                "Actual Rows": 376957,
                                                "Actual Loops": 1
                                            },
                                            {
                                                "Worker Number": 4,
                                                "Actual Startup Time": 338.601,
                                                "Actual Total Time": 338.602,
                                                "Actual Rows": 318416,
                                                "Actual Loops": 1
                                            },
                                            {
                                                "Worker Number": 5,
                                                "Actual Startup Time": 338.941,
                                                "Actual Total Time": 338.942,
                                                "Actual Rows": 403433,
                                                "Actual Loops": 1
                                            }
                                        ],
                                        "Plans": [
                                            {
                                                "Node Type": "Seq Scan",
                                                "Parent Relationship": "Outer",
                                                "Parallel Aware": true,
                                                "Relation Name": "title",
                                                "Schema": "public",
                                                "Alias": "t",
                                                "Startup Cost": 0.0,
                                                "Total Cost": 42318.81,
                                                "Plan Rows": 632080,
                                                "Plan Width": 4,
                                                "Actual Startup Time": 0.058,
                                                "Actual Total Time": 84.306,
                                                "Actual Rows": 361187,
                                                "Actual Loops": 7,
                                                "Output": [
                                                    "t.id"
                                                ],
                                                "Workers": [
                                                    {
                                                        "Worker Number": 0,
                                                        "Actual Startup Time": 0.072,
                                                        "Actual Total Time": 87.431,
                                                        "Actual Rows": 315191,
                                                        "Actual Loops": 1
                                                    },
                                                    {
                                                        "Worker Number": 1,
                                                        "Actual Startup Time": 0.062,
                                                        "Actual Total Time": 88.431,
                                                        "Actual Rows": 337682,
                                                        "Actual Loops": 1
                                                    },
                                                    {
                                                        "Worker Number": 2,
                                                        "Actual Startup Time": 0.064,
                                                        "Actual Total Time": 87.808,
                                                        "Actual Rows": 332415,
                                                        "Actual Loops": 1
                                                    },
                                                    {
                                                        "Worker Number": 3,
                                                        "Actual Startup Time": 0.059,
                                                        "Actual Total Time": 82.899,
                                                        "Actual Rows": 376957,
                                                        "Actual Loops": 1
                                                    },
                                                    {
                                                        "Worker Number": 4,
                                                        "Actual Startup Time": 0.068,
                                                        "Actual Total Time": 87.385,
                                                        "Actual Rows": 318416,
                                                        "Actual Loops": 1
                                                    },
                                                    {
                                                        "Worker Number": 5,
                                                        "Actual Startup Time": 0.067,
                                                        "Actual Total Time": 85.058,
                                                        "Actual Rows": 403433,
                                                        "Actual Loops": 1
                                                    }
                                                ]
                                            }
                                        ]
                                    }
                                ]
                            }
                        ]
                    }
                ]
            }
        ]
    },
    "Planning Time": 0.717,
    "Triggers": [],
    "Execution Time": 2028.691
}