{
  "Plan": {
    "Node Type": "Aggregate",
    "Strategy": "Plain",
    "Partial Mode": "Finalize",
    "Parallel Aware": false,
    "Startup Cost": 356469.54,
    "Total Cost": 356469.55,
    "Plan Rows": 1,
    "Plan Width": 8,
    "Actual Startup Time": 536.592,
    "Actual Total Time": 552.661,
    "Actual Rows": 1,
    "Actual Loops": 1,
    "Plans": [
      {
        "Node Type": "Gather",
        "Parent Relationship": "Outer",
        "Parallel Aware": false,
        "Startup Cost": 356469.43,
        "Total Cost": 356469.54,
        "Plan Rows": 1,
        "Plan Width": 8,
        "Actual Startup Time": 532.931,
        "Actual Total Time": 552.653,
        "Actual Rows": 2,
        "Actual Loops": 1,
        "Workers Planned": 1,
        "Workers Launched": 1,
        "Single Copy": false,
        "Plans": [
          {
            "Node Type": "Aggregate",
            "Strategy": "Plain",
            "Partial Mode": "Partial",
            "Parent Relationship": "Outer",
            "Parallel Aware": false,
            "Startup Cost": 355469.43,
            "Total Cost": 355469.44,
            "Plan Rows": 1,
            "Plan Width": 8,
            "Actual Startup Time": 524.793,
            "Actual Total Time": 524.797,
            "Actual Rows": 1,
            "Actual Loops": 2,
            "Plans": [
              {
                "Node Type": "Hash Join",
                "Parent Relationship": "Outer",
                "Parallel Aware": true,
                "Join Type": "Inner",
                "Startup Cost": 91503.35,
                "Total Cost": 355113.64,
                "Plan Rows": 142315,
                "Plan Width": 0,
                "Actual Startup Time": 458.793,
                "Actual Total Time": 522.019,
                "Actual Rows": 66444,
                "Actual Loops": 2,
                "Inner Unique": true,
                "Hash Cond": "(ci.movie_id = t.id)",
                "Plans": [
                  {
                    "Node Type": "Bitmap Heap Scan",
                    "Parent Relationship": "Outer",
                    "Parallel Aware": true,
                    "Relation Name": "cast_info",
                    "Alias": "ci",
                    "Startup Cost": 25614.48,
                    "Total Cost": 288610.21,
                    "Plan Rows": 234122,
                    "Plan Width": 4,
                    "Actual Startup Time": 98.377,
                    "Actual Total Time": 117.832,
                    "Actual Rows": 118100,
                    "Actual Loops": 2,
                    "Recheck Cond": "(person_id < 119929)",
                    "Rows Removed by Index Recheck": 0,
                    "Filter": "(role_id > 3)",
                    "Rows Removed by Filter": 475176,
                    "Exact Heap Blocks": 5776,
                    "Lossy Heap Blocks": 0,
                    "Plans": [
                      {
                        "Node Type": "Bitmap Index Scan",
                        "Parent Relationship": "Outer",
                        "Parallel Aware": false,
                        "Index Name": "person_id_cast_info",
                        "Startup Cost": 0.0,
                        "Total Cost": 25514.98,
                        "Plan Rows": 1168322,
                        "Plan Width": 0,
                        "Actual Startup Time": 43.895,
                        "Actual Total Time": 43.896,
                        "Actual Rows": 1186550,
                        "Actual Loops": 1,
                        "Index Cond": "(person_id < 119929)"
                      }
                    ]
                  },
                  {
                    "Node Type": "Hash",
                    "Parent Relationship": "Inner",
                    "Parallel Aware": true,
                    "Startup Cost": 54588.39,
                    "Total Cost": 54588.39,
                    "Plan Rows": 904038,
                    "Plan Width": 4,
                    "Actual Startup Time": 345.607,
                    "Actual Total Time": 345.607,
                    "Actual Rows": 771632,
                    "Actual Loops": 2,
                    "Hash Buckets": 2097152,
                    "Original Hash Buckets": 2097152,
                    "Hash Batches": 1,
                    "Original Hash Batches": 1,
                    "Peak Memory Usage": 76800,
                    "Plans": [
                      {
                        "Node Type": "Seq Scan",
                        "Parent Relationship": "Outer",
                        "Parallel Aware": true,
                        "Relation Name": "title",
                        "Alias": "t",
                        "Startup Cost": 0.0,
                        "Total Cost": 54588.39,
                        "Plan Rows": 904038,
                        "Plan Width": 4,
                        "Actual Startup Time": 0.027,
                        "Actual Total Time": 155.11,
                        "Actual Rows": 771632,
                        "Actual Loops": 2,
                        "Filter": "(kind_id = 7)",
                        "Rows Removed by Filter": 492524
                      }
                    ]
                  }
                ]
              }
            ]
          }
        ]
      }
    ]
  },
  "Planning Time": 0.735,
  "Triggers": [],
  "Execution Time": 552.751
}