[
  {
    "Plan": {
      "Node Type": "Aggregate",
      "Strategy": "Plain",
      "Partial Mode": "Finalize",
      "Parallel Aware": false,
      "Startup Cost": 82801.56,
      "Total Cost": 82801.57,
      "Plan Rows": 1,
      "Plan Width": 8,
      "Actual Startup Time": 629.433,
      "Actual Total Time": 652.52,
      "Actual Rows": 1,
      "Actual Loops": 1,
      "Plans": [
        {
          "Node Type": "Gather",
          "Parent Relationship": "Outer",
          "Parallel Aware": false,
          "Startup Cost": 82801.24,
          "Total Cost": 82801.55,
          "Plan Rows": 3,
          "Plan Width": 8,
          "Actual Startup Time": 619.52,
          "Actual Total Time": 652.507,
          "Actual Rows": 4,
          "Actual Loops": 1,
          "Workers Planned": 3,
          "Workers Launched": 3,
          "Single Copy": false,
          "Plans": [
            {
              "Node Type": "Aggregate",
              "Strategy": "Plain",
              "Partial Mode": "Partial",
              "Parent Relationship": "Outer",
              "Parallel Aware": false,
              "Startup Cost": 81801.24,
              "Total Cost": 81801.25,
              "Plan Rows": 1,
              "Plan Width": 8,
              "Actual Startup Time": 605.146,
              "Actual Total Time": 605.15,
              "Actual Rows": 1,
              "Actual Loops": 4,
              "Plans": [
                {
                  "Node Type": "Hash Join",
                  "Parent Relationship": "Outer",
                  "Parallel Aware": true,
                  "Join Type": "Inner",
                  "Startup Cost": 50220.38,
                  "Total Cost": 80693.84,
                  "Plan Rows": 442962,
                  "Plan Width": 0,
                  "Actual Startup Time": 383.256,
                  "Actual Total Time": 589.543,
                  "Actual Rows": 345624,
                  "Actual Loops": 4,
                  "Inner Unique": true,
                  "Hash Cond": "(mc.movie_id = t.id)",
                  "Plans": [
                    {
                      "Node Type": "Seq Scan",
                      "Parent Relationship": "Outer",
                      "Parallel Aware": true,
                      "Relation Name": "movie_companies",
                      "Alias": "mc",
                      "Startup Cost": 0.0,
                      "Total Cost": 29310.68,
                      "Plan Rows": 442962,
                      "Plan Width": 4,
                      "Actual Startup Time": 0.013,
                      "Actual Total Time": 70.719,
                      "Actual Rows": 345624,
                      "Actual Loops": 4,
                      "Filter": "(company_id < 11954)",
                      "Rows Removed by Filter": 306658
                    },
                    {
                      "Node Type": "Hash",
                      "Parent Relationship": "Inner",
                      "Parallel Aware": true,
                      "Startup Cost": 42319.06,
                      "Total Cost": 42319.06,
                      "Plan Rows": 632106,
                      "Plan Width": 4,
                      "Actual Startup Time": 372.503,
                      "Actual Total Time": 372.504,
                      "Actual Rows": 632078,
                      "Actual Loops": 4,
                      "Hash Buckets": 4194304,
                      "Original Hash Buckets": 4194304,
                      "Hash Batches": 1,
                      "Original Hash Batches": 1,
                      "Peak Memory Usage": 131712,
                      "Plans": [
                        {
                          "Node Type": "Seq Scan",
                          "Parent Relationship": "Outer",
                          "Parallel Aware": true,
                          "Relation Name": "title",
                          "Alias": "t",
                          "Startup Cost": 0.0,
                          "Total Cost": 42319.06,
                          "Plan Rows": 632106,
                          "Plan Width": 4,
                          "Actual Startup Time": 0.053,
                          "Actual Total Time": 105.902,
                          "Actual Rows": 632078,
                          "Actual Loops": 4
                        }
                      ]
                    }
                  ]
                }
              ]
            }
          ]
        }
      ]
    },
    "Planning Time": 0.395,
    "Triggers": [],
    "Execution Time": 652.576
  }
]