[
  {
    "Plan": {
      "Node Type": "Aggregate",
      "Strategy": "Plain",
      "Partial Mode": "Finalize",
      "Parallel Aware": false,
      "Startup Cost": 46576.84,
      "Total Cost": 46576.85,
      "Plan Rows": 1,
      "Plan Width": 8,
      "Actual Startup Time": 92.009,
      "Actual Total Time": 103.949,
      "Actual Rows": 1,
      "Actual Loops": 1,
      "Plans": [
        {
          "Node Type": "Gather",
          "Parent Relationship": "Outer",
          "Parallel Aware": false,
          "Startup Cost": 46576.42,
          "Total Cost": 46576.83,
          "Plan Rows": 4,
          "Plan Width": 8,
          "Actual Startup Time": 91.866,
          "Actual Total Time": 103.941,
          "Actual Rows": 5,
          "Actual Loops": 1,
          "Workers Planned": 4,
          "Workers Launched": 4,
          "Single Copy": false,
          "Plans": [
            {
              "Node Type": "Aggregate",
              "Strategy": "Plain",
              "Partial Mode": "Partial",
              "Parent Relationship": "Outer",
              "Parallel Aware": false,
              "Startup Cost": 45576.42,
              "Total Cost": 45576.43,
              "Plan Rows": 1,
              "Plan Width": 8,
              "Actual Startup Time": 84.618,
              "Actual Total Time": 84.62,
              "Actual Rows": 1,
              "Actual Loops": 5,
              "Plans": [
                {
                  "Node Type": "Seq Scan",
                  "Parent Relationship": "Outer",
                  "Parallel Aware": true,
                  "Relation Name": "title",
                  "Alias": "t",
                  "Startup Cost": 0.0,
                  "Total Cost": 45479.1,
                  "Plan Rows": 38929,
                  "Plan Width": 0,
                  "Actual Startup Time": 0.09,
                  "Actual Total Time": 82.104,
                  "Actual Rows": 52807,
                  "Actual Loops": 5,
                  "Filter": "((kind_id < 7) AND (production_year < 1973))",
                  "Rows Removed by Filter": 452855
                }
              ]
            }
          ]
        }
      ]
    },
    "Planning Time": 0.188,
    "Triggers": [],
    "Execution Time": 104.011
  }
]