{
  "Plan": {
    "Node Type": "Aggregate",
    "Strategy": "Plain",
    "Partial Mode": "Finalize",
    "Parallel Aware": false,
    "Startup Cost": 126680.71,
    "Total Cost": 126680.72,
    "Plan Rows": 1,
    "Plan Width": 8,
    "Actual Startup Time": 830.957,
    "Actual Total Time": 852.915,
    "Actual Rows": 1,
    "Actual Loops": 1,
    "Plans": [
      {
        "Node Type": "Gather",
        "Parent Relationship": "Outer",
        "Parallel Aware": false,
        "Startup Cost": 126680.6,
        "Total Cost": 126680.71,
        "Plan Rows": 1,
        "Plan Width": 8,
        "Actual Startup Time": 825.329,
        "Actual Total Time": 852.908,
        "Actual Rows": 2,
        "Actual Loops": 1,
        "Workers Planned": 1,
        "Workers Launched": 1,
        "Single Copy": false,
        "Plans": [
          {
            "Node Type": "Aggregate",
            "Strategy": "Plain",
            "Partial Mode": "Partial",
            "Parent Relationship": "Outer",
            "Parallel Aware": false,
            "Startup Cost": 125680.6,
            "Total Cost": 125680.61,
            "Plan Rows": 1,
            "Plan Width": 8,
            "Actual Startup Time": 819.021,
            "Actual Total Time": 819.028,
            "Actual Rows": 1,
            "Actual Loops": 2,
            "Plans": [
              {
                "Node Type": "Hash Join",
                "Parent Relationship": "Outer",
                "Parallel Aware": true,
                "Join Type": "Inner",
                "Startup Cost": 105734.48,
                "Total Cost": 125427.37,
                "Plan Rows": 101292,
                "Plan Width": 0,
                "Actual Startup Time": 694.206,
                "Actual Total Time": 804.787,
                "Actual Rows": 360040,
                "Actual Loops": 2,
                "Inner Unique": false,
                "Hash Cond": "(mi_idx.movie_id = t.id)",
                "Plans": [
                  {
                    "Node Type": "Seq Scan",
                    "Parent Relationship": "Outer",
                    "Parallel Aware": true,
                    "Relation Name": "movie_info_idx",
                    "Alias": "mi_idx",
                    "Startup Cost": 0.0,
                    "Total Cost": 16052.85,
                    "Plan Rows": 811785,
                    "Plan Width": 4,
                    "Actual Startup Time": 0.023,
                    "Actual Total Time": 46.486,
                    "Actual Rows": 690018,
                    "Actual Loops": 2
                  },
                  {
                    "Node Type": "Hash",
                    "Parent Relationship": "Inner",
                    "Parallel Aware": true,
                    "Startup Cost": 103414.83,
                    "Total Cost": 103414.83,
                    "Plan Rows": 185572,
                    "Plan Width": 8,
                    "Actual Startup Time": 664.916,
                    "Actual Total Time": 664.921,
                    "Actual Rows": 155228,
                    "Actual Loops": 2,
                    "Hash Buckets": 524288,
                    "Original Hash Buckets": 524288,
                    "Hash Batches": 1,
                    "Original Hash Batches": 1,
                    "Peak Memory Usage": 16256,
                    "Plans": [
                      {
                        "Node Type": "Hash Join",
                        "Parent Relationship": "Outer",
                        "Parallel Aware": true,
                        "Join Type": "Inner",
                        "Startup Cost": 76154.05,
                        "Total Cost": 103414.83,
                        "Plan Rows": 185572,
                        "Plan Width": 8,
                        "Actual Startup Time": 537.073,
                        "Actual Total Time": 632.662,
                        "Actual Rows": 155228,
                        "Actual Loops": 2,
                        "Inner Unique": true,
                        "Hash Cond": "(mk.movie_id = t.id)",
                        "Plans": [
                          {
                            "Node Type": "Bitmap Heap Scan",
                            "Parent Relationship": "Outer",
                            "Parallel Aware": true,
                            "Relation Name": "movie_keyword",
                            "Alias": "mk",
                            "Startup Cost": 6693.35,
                            "Total Cost": 33467.0,
                            "Plan Rows": 185572,
                            "Plan Width": 4,
                            "Actual Startup Time": 22.081,
                            "Actual Total Time": 72.938,
                            "Actual Rows": 155228,
                            "Actual Loops": 2,
                            "Recheck Cond": "(keyword_id > 52594)",
                            "Rows Removed by Index Recheck": 0,
                            "Exact Heap Blocks": 11418,
                            "Lossy Heap Blocks": 0,
                            "Plans": [
                              {
                                "Node Type": "Bitmap Index Scan",
                                "Parent Relationship": "Outer",
                                "Parallel Aware": false,
                                "Index Name": "keyword_id_movie_keyword",
                                "Startup Cost": 0.0,
                                "Total Cost": 6614.48,
                                "Plan Rows": 315473,
                                "Plan Width": 0,
                                "Actual Startup Time": 18.916,
                                "Actual Total Time": 18.916,
                                "Actual Rows": 310455,
                                "Actual Loops": 1,
                                "Index Cond": "(keyword_id > 52594)"
                              }
                            ]
                          },
                          {
                            "Node Type": "Hash",
                            "Parent Relationship": "Inner",
                            "Parallel Aware": true,
                            "Startup Cost": 50870.31,
                            "Total Cost": 50870.31,
                            "Plan Rows": 1487231,
                            "Plan Width": 4,
                            "Actual Startup Time": 497.813,
                            "Actual Total Time": 497.814,
                            "Actual Rows": 1264156,
                            "Actual Loops": 2,
                            "Hash Buckets": 4194304,
                            "Original Hash Buckets": 4194304,
                            "Hash Batches": 1,
                            "Original Hash Batches": 1,
                            "Peak Memory Usage": 131712,
                            "Plans": [
                              {
                                "Node Type": "Seq Scan",
                                "Parent Relationship": "Outer",
                                "Parallel Aware": true,
                                "Relation Name": "title",
                                "Alias": "t",
                                "Startup Cost": 0.0,
                                "Total Cost": 50870.31,
                                "Plan Rows": 1487231,
                                "Plan Width": 4,
                                "Actual Startup Time": 0.046,
                                "Actual Total Time": 151.124,
                                "Actual Rows": 1264156,
                                "Actual Loops": 2
                              }
                            ]
                          }
                        ]
                      }
                    ]
                  }
                ]
              }
            ]
          }
        ]
      }
    ]
  },
  "Planning Time": 1.052,
  "Triggers": [],
  "Execution Time": 853.015
}