[
  {
    "Plan": {
      "Node Type": "Aggregate",
      "Strategy": "Plain",
      "Partial Mode": "Finalize",
      "Parallel Aware": false,
      "Startup Cost": 31548.09,
      "Total Cost": 31548.1,
      "Plan Rows": 1,
      "Plan Width": 8,
      "Actual Startup Time": 112.517,
      "Actual Total Time": 120.45,
      "Actual Rows": 1,
      "Actual Loops": 1,
      "Plans": [
        {
          "Node Type": "Gather",
          "Parent Relationship": "Outer",
          "Parallel Aware": false,
          "Startup Cost": 31547.78,
          "Total Cost": 31548.09,
          "Plan Rows": 3,
          "Plan Width": 8,
          "Actual Startup Time": 112.424,
          "Actual Total Time": 120.441,
          "Actual Rows": 4,
          "Actual Loops": 1,
          "Workers Planned": 3,
          "Workers Launched": 3,
          "Single Copy": false,
          "Plans": [
            {
              "Node Type": "Aggregate",
              "Strategy": "Plain",
              "Partial Mode": "Partial",
              "Parent Relationship": "Outer",
              "Parallel Aware": false,
              "Startup Cost": 30547.78,
              "Total Cost": 30547.79,
              "Plan Rows": 1,
              "Plan Width": 8,
              "Actual Startup Time": 103.853,
              "Actual Total Time": 103.854,
              "Actual Rows": 1,
              "Actual Loops": 4,
              "Plans": [
                {
                  "Node Type": "Seq Scan",
                  "Parent Relationship": "Outer",
                  "Parallel Aware": true,
                  "Relation Name": "movie_companies",
                  "Alias": "mc",
                  "Startup Cost": 0.0,
                  "Total Cost": 29310.68,
                  "Plan Rows": 494838,
                  "Plan Width": 0,
                  "Actual Startup Time": 10.555,
                  "Actual Total Time": 86.383,
                  "Actual Rows": 383934,
                  "Actual Loops": 4,
                  "Filter": "(company_id > 6721)",
                  "Rows Removed by Filter": 268348
                }
              ]
            }
          ]
        }
      ]
    },
    "Planning Time": 0.167,
    "Triggers": [],
    "Execution Time": 120.512
  }
]