[
  {
    "Plan": {
      "Node Type": "Aggregate",
      "Strategy": "Plain",
      "Partial Mode": "Simple",
      "Parallel Aware": false,
      "Startup Cost": 28603.06,
      "Total Cost": 28603.07,
      "Plan Rows": 1,
      "Plan Width": 8,
      "Actual Startup Time": 72.652,
      "Actual Total Time": 72.653,
      "Actual Rows": 1,
      "Actual Loops": 1,
      "Plans": [
        {
          "Node Type": "Bitmap Heap Scan",
          "Parent Relationship": "Outer",
          "Parallel Aware": false,
          "Relation Name": "movie_keyword",
          "Alias": "mk",
          "Startup Cost": 2431.72,
          "Total Cost": 28316.83,
          "Plan Rows": 114489,
          "Plan Width": 0,
          "Actual Startup Time": 24.071,
          "Actual Total Time": 66.663,
          "Actual Rows": 113771,
          "Actual Loops": 1,
          "Recheck Cond": "(keyword_id > 79383)",
          "Rows Removed by Index Recheck": 0,
          "Exact Heap Blocks": 17993,
          "Lossy Heap Blocks": 0,
          "Plans": [
            {
              "Node Type": "Bitmap Index Scan",
              "Parent Relationship": "Outer",
              "Parallel Aware": false,
              "Index Name": "keyword_id_movie_keyword",
              "Startup Cost": 0.0,
              "Total Cost": 2403.1,
              "Plan Rows": 114489,
              "Plan Width": 0,
              "Actual Startup Time": 19.97,
              "Actual Total Time": 19.971,
              "Actual Rows": 113771,
              "Actual Loops": 1,
              "Index Cond": "(keyword_id > 79383)"
            }
          ]
        }
      ]
    },
    "Planning Time": 0.161,
    "Triggers": [],
    "Execution Time": 72.713
  }
]