[
  {
    "Plan": {
      "Node Type": "Aggregate",
      "Strategy": "Plain",
      "Partial Mode": "Finalize",
      "Parallel Aware": false,
      "Startup Cost": 110546.53,
      "Total Cost": 110546.54,
      "Plan Rows": 1,
      "Plan Width": 8,
      "Actual Startup Time": 414.62,
      "Actual Total Time": 435.85,
      "Actual Rows": 1,
      "Actual Loops": 1,
      "Plans": [
        {
          "Node Type": "Gather",
          "Parent Relationship": "Outer",
          "Parallel Aware": false,
          "Startup Cost": 110546.11,
          "Total Cost": 110546.52,
          "Plan Rows": 4,
          "Plan Width": 8,
          "Actual Startup Time": 414.018,
          "Actual Total Time": 435.843,
          "Actual Rows": 5,
          "Actual Loops": 1,
          "Workers Planned": 4,
          "Workers Launched": 4,
          "Single Copy": false,
          "Plans": [
            {
              "Node Type": "Aggregate",
              "Strategy": "Plain",
              "Partial Mode": "Partial",
              "Parent Relationship": "Outer",
              "Parallel Aware": false,
              "Startup Cost": 109546.11,
              "Total Cost": 109546.12,
              "Plan Rows": 1,
              "Plan Width": 8,
              "Actual Startup Time": 403.276,
              "Actual Total Time": 403.28,
              "Actual Rows": 1,
              "Actual Loops": 5,
              "Plans": [
                {
                  "Node Type": "Nested Loop",
                  "Parent Relationship": "Outer",
                  "Parallel Aware": false,
                  "Join Type": "Inner",
                  "Startup Cost": 23929.38,
                  "Total Cost": 109443.5,
                  "Plan Rows": 41042,
                  "Plan Width": 0,
                  "Actual Startup Time": 160.763,
                  "Actual Total Time": 391.62,
                  "Actual Rows": 290221,
                  "Actual Loops": 5,
                  "Inner Unique": false,
                  "Plans": [
                    {
                      "Node Type": "Hash Join",
                      "Parent Relationship": "Outer",
                      "Parallel Aware": true,
                      "Join Type": "Inner",
                      "Startup Cost": 23928.95,
                      "Total Cost": 69482.03,
                      "Plan Rows": 22937,
                      "Plan Width": 8,
                      "Actual Startup Time": 159.931,
                      "Actual Total Time": 218.436,
                      "Actual Rows": 35311,
                      "Actual Loops": 5,
                      "Inner Unique": false,
                      "Hash Cond": "(t.id = mc.movie_id)",
                      "Plans": [
                        {
                          "Node Type": "Seq Scan",
                          "Parent Relationship": "Outer",
                          "Parallel Aware": true,
                          "Relation Name": "title",
                          "Alias": "t",
                          "Startup Cost": 0.0,
                          "Total Cost": 42318.73,
                          "Plan Rows": 632073,
                          "Plan Width": 4,
                          "Actual Startup Time": 0.015,
                          "Actual Total Time": 66.281,
                          "Actual Rows": 505662,
                          "Actual Loops": 5
                        },
                        {
                          "Node Type": "Hash",
                          "Parent Relationship": "Inner",
                          "Parallel Aware": true,
                          "Startup Cost": 23559.0,
                          "Total Cost": 23559.0,
                          "Plan Rows": 29596,
                          "Plan Width": 4,
                          "Actual Startup Time": 64.621,
                          "Actual Total Time": 64.622,
                          "Actual Rows": 35311,
                          "Actual Loops": 5,
                          "Hash Buckets": 262144,
                          "Original Hash Buckets": 131072,
                          "Hash Batches": 1,
                          "Original Hash Batches": 1,
                          "Peak Memory Usage": 10048,
                          "Plans": [
                            {
                              "Node Type": "Bitmap Heap Scan",
                              "Parent Relationship": "Outer",
                              "Parallel Aware": true,
                              "Relation Name": "movie_companies",
                              "Alias": "mc",
                              "Startup Cost": 3894.63,
                              "Total Cost": 23559.0,
                              "Plan Rows": 29596,
                              "Plan Width": 4,
                              "Actual Startup Time": 19.323,
                              "Actual Total Time": 44.441,
                              "Actual Rows": 35311,
                              "Actual Loops": 5,
                              "Recheck Cond": "(company_id > 121526)",
                              "Rows Removed by Index Recheck": 0,
                              "Filter": "(company_type_id > 1)",
                              "Rows Removed by Filter": 0,
                              "Exact Heap Blocks": 1729,
                              "Lossy Heap Blocks": 0,
                              "Plans": [
                                {
                                  "Node Type": "Bitmap Index Scan",
                                  "Parent Relationship": "Outer",
                                  "Parallel Aware": false,
                                  "Index Name": "company_id_movie_companies",
                                  "Startup Cost": 0.0,
                                  "Total Cost": 3871.69,
                                  "Plan Rows": 180702,
                                  "Plan Width": 0,
                                  "Actual Startup Time": 23.259,
                                  "Actual Total Time": 23.259,
                                  "Actual Rows": 176556,
                                  "Actual Loops": 1,
                                  "Index Cond": "(company_id > 121526)"
                                }
                              ]
                            }
                          ]
                        }
                      ]
                    },
                    {
                      "Node Type": "Index Only Scan",
                      "Parent Relationship": "Inner",
                      "Parallel Aware": false,
                      "Scan Direction": "Forward",
                      "Index Name": "movie_id_movie_keyword",
                      "Relation Name": "movie_keyword",
                      "Alias": "mk",
                      "Startup Cost": 0.43,
                      "Total Cost": 1.29,
                      "Plan Rows": 45,
                      "Plan Width": 4,
                      "Actual Startup Time": 0.003,
                      "Actual Total Time": 0.004,
                      "Actual Rows": 8,
                      "Actual Loops": 176556,
                      "Index Cond": "(movie_id = t.id)",
                      "Rows Removed by Index Recheck": 0,
                      "Heap Fetches": 1451105
                    }
                  ]
                }
              ]
            }
          ]
        }
      ]
    },
    "Planning Time": 1.406,
    "Triggers": [],
    "Execution Time": 435.956
  }
]