[
  {
    "Plan": {
      "Node Type": "Aggregate",
      "Strategy": "Plain",
      "Partial Mode": "Finalize",
      "Parallel Aware": false,
      "Startup Cost": 44332.34,
      "Total Cost": 44332.35,
      "Plan Rows": 1,
      "Plan Width": 8,
      "Actual Startup Time": 124.982,
      "Actual Total Time": 137.902,
      "Actual Rows": 1,
      "Actual Loops": 1,
      "Plans": [
        {
          "Node Type": "Gather",
          "Parent Relationship": "Outer",
          "Parallel Aware": false,
          "Startup Cost": 44332.02,
          "Total Cost": 44332.33,
          "Plan Rows": 3,
          "Plan Width": 8,
          "Actual Startup Time": 124.702,
          "Actual Total Time": 137.892,
          "Actual Rows": 4,
          "Actual Loops": 1,
          "Workers Planned": 3,
          "Workers Launched": 3,
          "Single Copy": false,
          "Plans": [
            {
              "Node Type": "Aggregate",
              "Strategy": "Plain",
              "Partial Mode": "Partial",
              "Parent Relationship": "Outer",
              "Parallel Aware": false,
              "Startup Cost": 43332.02,
              "Total Cost": 43332.03,
              "Plan Rows": 1,
              "Plan Width": 8,
              "Actual Startup Time": 120.831,
              "Actual Total Time": 120.832,
              "Actual Rows": 1,
              "Actual Loops": 4,
              "Plans": [
                {
                  "Node Type": "Seq Scan",
                  "Parent Relationship": "Outer",
                  "Parallel Aware": true,
                  "Relation Name": "movie_keyword",
                  "Alias": "mk",
                  "Startup Cost": 0.0,
                  "Total Cost": 42695.65,
                  "Plan Rows": 254546,
                  "Plan Width": 0,
                  "Actual Startup Time": 2.546,
                  "Actual Total Time": 109.875,
                  "Actual Rows": 196762,
                  "Actual Loops": 4,
                  "Filter": "(keyword_id > 23927)",
                  "Rows Removed by Filter": 934221
                }
              ]
            }
          ]
        }
      ]
    },
    "Planning Time": 0.11,
    "Triggers": [],
    "Execution Time": 137.943
  }
]