[
  {
    "Plan": {
      "Node Type": "Aggregate",
      "Strategy": "Plain",
      "Partial Mode": "Finalize",
      "Parallel Aware": false,
      "Startup Cost": 345956.58,
      "Total Cost": 345956.59,
      "Plan Rows": 1,
      "Plan Width": 8,
      "Actual Startup Time": 607.48,
      "Actual Total Time": 634.751,
      "Actual Rows": 1,
      "Actual Loops": 1,
      "Plans": [
        {
          "Node Type": "Gather",
          "Parent Relationship": "Outer",
          "Parallel Aware": false,
          "Startup Cost": 345955.95,
          "Total Cost": 345956.56,
          "Plan Rows": 6,
          "Plan Width": 8,
          "Actual Startup Time": 607.388,
          "Actual Total Time": 634.744,
          "Actual Rows": 7,
          "Actual Loops": 1,
          "Workers Planned": 6,
          "Workers Launched": 6,
          "Single Copy": false,
          "Plans": [
            {
              "Node Type": "Aggregate",
              "Strategy": "Plain",
              "Partial Mode": "Partial",
              "Parent Relationship": "Outer",
              "Parallel Aware": false,
              "Startup Cost": 344955.95,
              "Total Cost": 344955.96,
              "Plan Rows": 1,
              "Plan Width": 8,
              "Actual Startup Time": 601.516,
              "Actual Total Time": 601.517,
              "Actual Rows": 1,
              "Actual Loops": 7,
              "Plans": [
                {
                  "Node Type": "Seq Scan",
                  "Parent Relationship": "Outer",
                  "Parallel Aware": true,
                  "Relation Name": "cast_info",
                  "Alias": "ci",
                  "Startup Cost": 0.0,
                  "Total Cost": 343318.94,
                  "Plan Rows": 654805,
                  "Plan Width": 0,
                  "Actual Startup Time": 0.041,
                  "Actual Total Time": 568.653,
                  "Actual Rows": 694742,
                  "Actual Loops": 7,
                  "Filter": "((person_id < 587912) AND (role_id < 4))",
                  "Rows Removed by Filter": 4483021
                }
              ]
            }
          ]
        }
      ]
    },
    "Planning Time": 0.086,
    "Triggers": [],
    "Execution Time": 634.779
  }
]