{
  "Plan": {
    "Node Type": "Aggregate",
    "Strategy": "Plain",
    "Partial Mode": "Finalize",
    "Parallel Aware": false,
    "Startup Cost": 113387.72,
    "Total Cost": 113387.73,
    "Plan Rows": 1,
    "Plan Width": 8,
    "Actual Startup Time": 449.025,
    "Actual Total Time": 463.619,
    "Actual Rows": 1,
    "Actual Loops": 1,
    "Plans": [
      {
        "Node Type": "Gather",
        "Parent Relationship": "Outer",
        "Parallel Aware": false,
        "Startup Cost": 113387.61,
        "Total Cost": 113387.72,
        "Plan Rows": 1,
        "Plan Width": 8,
        "Actual Startup Time": 447.81,
        "Actual Total Time": 463.612,
        "Actual Rows": 2,
        "Actual Loops": 1,
        "Workers Planned": 1,
        "Workers Launched": 1,
        "Single Copy": false,
        "Plans": [
          {
            "Node Type": "Aggregate",
            "Strategy": "Plain",
            "Partial Mode": "Partial",
            "Parent Relationship": "Outer",
            "Parallel Aware": false,
            "Startup Cost": 112387.61,
            "Total Cost": 112387.62,
            "Plan Rows": 1,
            "Plan Width": 8,
            "Actual Startup Time": 442.76,
            "Actual Total Time": 442.764,
            "Actual Rows": 1,
            "Actual Loops": 2,
            "Plans": [
              {
                "Node Type": "Hash Join",
                "Parent Relationship": "Outer",
                "Parallel Aware": true,
                "Join Type": "Inner",
                "Startup Cost": 46492.42,
                "Total Cost": 111794.88,
                "Plan Rows": 237092,
                "Plan Width": 0,
                "Actual Startup Time": 344.576,
                "Actual Total Time": 441.099,
                "Actual Rows": 39242,
                "Actual Loops": 2,
                "Inner Unique": false,
                "Hash Cond": "(t.id = mc.movie_id)",
                "Plans": [
                  {
                    "Node Type": "Seq Scan",
                    "Parent Relationship": "Outer",
                    "Parallel Aware": true,
                    "Relation Name": "title",
                    "Alias": "t",
                    "Startup Cost": 0.0,
                    "Total Cost": 58306.47,
                    "Plan Rows": 896214,
                    "Plan Width": 4,
                    "Actual Startup Time": 0.015,
                    "Actual Total Time": 144.931,
                    "Actual Rows": 753616,
                    "Actual Loops": 2,
                    "Filter": "((kind_id > 1) AND (production_year < 2011))",
                    "Rows Removed by Filter": 510540
                  },
                  {
                    "Node Type": "Hash",
                    "Parent Relationship": "Inner",
                    "Parallel Aware": true,
                    "Startup Cost": 41574.35,
                    "Total Cost": 41574.35,
                    "Plan Rows": 393445,
                    "Plan Width": 4,
                    "Actual Startup Time": 167.137,
                    "Actual Total Time": 167.137,
                    "Actual Rows": 219000,
                    "Actual Loops": 2,
                    "Hash Buckets": 1048576,
                    "Original Hash Buckets": 1048576,
                    "Hash Batches": 1,
                    "Original Hash Batches": 1,
                    "Peak Memory Usage": 25376,
                    "Plans": [
                      {
                        "Node Type": "Index Scan",
                        "Parent Relationship": "Outer",
                        "Parallel Aware": true,
                        "Scan Direction": "Forward",
                        "Index Name": "company_type_id_movie_companies",
                        "Relation Name": "movie_companies",
                        "Alias": "mc",
                        "Startup Cost": 0.43,
                        "Total Cost": 41574.35,
                        "Plan Rows": 393445,
                        "Plan Width": 4,
                        "Actual Startup Time": 44.965,
                        "Actual Total Time": 118.123,
                        "Actual Rows": 219000,
                        "Actual Loops": 2,
                        "Index Cond": "(company_type_id < 2)",
                        "Rows Removed by Index Recheck": 0,
                        "Filter": "(company_id > 11146)",
                        "Rows Removed by Filter": 418124
                      }
                    ]
                  }
                ]
              }
            ]
          }
        ]
      }
    ]
  },
  "Planning Time": 0.832,
  "Triggers": [],
  "Execution Time": 463.697
}