[
  {
    "Plan": {
      "Node Type": "Aggregate",
      "Strategy": "Plain",
      "Partial Mode": "Finalize",
      "Parallel Aware": false,
      "Startup Cost": 33447.28,
      "Total Cost": 33447.29,
      "Plan Rows": 1,
      "Plan Width": 8,
      "Actual Startup Time": 104.856,
      "Actual Total Time": 112.471,
      "Actual Rows": 1,
      "Actual Loops": 1,
      "Plans": [
        {
          "Node Type": "Gather",
          "Parent Relationship": "Outer",
          "Parallel Aware": false,
          "Startup Cost": 33446.96,
          "Total Cost": 33447.27,
          "Plan Rows": 3,
          "Plan Width": 8,
          "Actual Startup Time": 104.726,
          "Actual Total Time": 112.463,
          "Actual Rows": 4,
          "Actual Loops": 1,
          "Workers Planned": 3,
          "Workers Launched": 3,
          "Single Copy": false,
          "Plans": [
            {
              "Node Type": "Aggregate",
              "Strategy": "Plain",
              "Partial Mode": "Partial",
              "Parent Relationship": "Outer",
              "Parallel Aware": false,
              "Startup Cost": 32446.96,
              "Total Cost": 32446.97,
              "Plan Rows": 1,
              "Plan Width": 8,
              "Actual Startup Time": 96.37,
              "Actual Total Time": 96.371,
              "Actual Rows": 1,
              "Actual Loops": 4,
              "Plans": [
                {
                  "Node Type": "Seq Scan",
                  "Parent Relationship": "Outer",
                  "Parallel Aware": true,
                  "Relation Name": "movie_companies",
                  "Alias": "mc",
                  "Startup Cost": 0.0,
                  "Total Cost": 31414.82,
                  "Plan Rows": 412858,
                  "Plan Width": 0,
                  "Actual Startup Time": 48.807,
                  "Actual Total Time": 84.632,
                  "Actual Rows": 312678,
                  "Actual Loops": 4,
                  "Filter": "((company_id < 167354) AND (company_type_id > 1))",
                  "Rows Removed by Filter": 339604
                }
              ]
            }
          ]
        }
      ]
    },
    "Planning Time": 0.219,
    "Triggers": [],
    "Execution Time": 112.529
  }
]