[
  {
    "Plan": {
      "Node Type": "Aggregate",
      "Strategy": "Plain",
      "Partial Mode": "Finalize",
      "Parallel Aware": false,
      "Startup Cost": 287738.72,
      "Total Cost": 287738.73,
      "Plan Rows": 1,
      "Plan Width": 8,
      "Actual Startup Time": 146.561,
      "Actual Total Time": 153.34,
      "Actual Rows": 1,
      "Actual Loops": 1,
      "Plans": [
        {
          "Node Type": "Gather",
          "Parent Relationship": "Outer",
          "Parallel Aware": false,
          "Startup Cost": 287738.1,
          "Total Cost": 287738.71,
          "Plan Rows": 6,
          "Plan Width": 8,
          "Actual Startup Time": 146.024,
          "Actual Total Time": 153.333,
          "Actual Rows": 7,
          "Actual Loops": 1,
          "Workers Planned": 6,
          "Workers Launched": 6,
          "Single Copy": false,
          "Plans": [
            {
              "Node Type": "Aggregate",
              "Strategy": "Plain",
              "Partial Mode": "Partial",
              "Parent Relationship": "Outer",
              "Parallel Aware": false,
              "Startup Cost": 286738.1,
              "Total Cost": 286738.11,
              "Plan Rows": 1,
              "Plan Width": 8,
              "Actual Startup Time": 135.508,
              "Actual Total Time": 135.51,
              "Actual Rows": 1,
              "Actual Loops": 7,
              "Plans": [
                {
                  "Node Type": "Bitmap Heap Scan",
                  "Parent Relationship": "Outer",
                  "Parallel Aware": true,
                  "Relation Name": "cast_info",
                  "Alias": "ci",
                  "Startup Cost": 30387.14,
                  "Total Cost": 286539.22,
                  "Plan Rows": 79551,
                  "Plan Width": 0,
                  "Actual Startup Time": 55.462,
                  "Actual Total Time": 125.47,
                  "Actual Rows": 146341,
                  "Actual Loops": 7,
                  "Recheck Cond": "(person_id < 143124)",
                  "Rows Removed by Index Recheck": 0,
                  "Filter": "(role_id < 2)",
                  "Rows Removed by Filter": 57255,
                  "Exact Heap Blocks": 4374,
                  "Lossy Heap Blocks": 0,
                  "Plans": [
                    {
                      "Node Type": "Bitmap Index Scan",
                      "Parent Relationship": "Outer",
                      "Parallel Aware": false,
                      "Index Name": "person_id_cast_info",
                      "Startup Cost": 0.0,
                      "Total Cost": 30267.81,
                      "Plan Rows": 1386033,
                      "Plan Width": 0,
                      "Actual Startup Time": 62.641,
                      "Actual Total Time": 62.641,
                      "Actual Rows": 1425172,
                      "Actual Loops": 1,
                      "Index Cond": "(person_id < 143124)"
                    }
                  ]
                }
              ]
            }
          ]
        }
      ]
    },
    "Planning Time": 0.147,
    "Triggers": [],
    "Execution Time": 153.393
  }
]