{
  "Plan": {
    "Node Type": "Aggregate",
    "Strategy": "Plain",
    "Partial Mode": "Finalize",
    "Parallel Aware": false,
    "Startup Cost": 307981.6,
    "Total Cost": 307981.61,
    "Plan Rows": 1,
    "Plan Width": 8,
    "Actual Startup Time": 1614.668,
    "Actual Total Time": 1684.658,
    "Actual Rows": 1,
    "Actual Loops": 1,
    "Plans": [
      {
        "Node Type": "Gather",
        "Parent Relationship": "Outer",
        "Parallel Aware": false,
        "Startup Cost": 307981.49,
        "Total Cost": 307981.6,
        "Plan Rows": 1,
        "Plan Width": 8,
        "Actual Startup Time": 1613.944,
        "Actual Total Time": 1684.65,
        "Actual Rows": 2,
        "Actual Loops": 1,
        "Workers Planned": 1,
        "Workers Launched": 1,
        "Single Copy": false,
        "Plans": [
          {
            "Node Type": "Aggregate",
            "Strategy": "Plain",
            "Partial Mode": "Partial",
            "Parent Relationship": "Outer",
            "Parallel Aware": false,
            "Startup Cost": 306981.49,
            "Total Cost": 306981.5,
            "Plan Rows": 1,
            "Plan Width": 8,
            "Actual Startup Time": 1607.519,
            "Actual Total Time": 1607.524,
            "Actual Rows": 1,
            "Actual Loops": 2,
            "Plans": [
              {
                "Node Type": "Nested Loop",
                "Parent Relationship": "Outer",
                "Parallel Aware": false,
                "Join Type": "Inner",
                "Startup Cost": 69452.73,
                "Total Cost": 306360.47,
                "Plan Rows": 248406,
                "Plan Width": 0,
                "Actual Startup Time": 251.055,
                "Actual Total Time": 1590.965,
                "Actual Rows": 353176,
                "Actual Loops": 2,
                "Inner Unique": false,
                "Join Filter": "(t.id = ci.movie_id)",
                "Rows Removed by Join Filter": 0,
                "Plans": [
                  {
                    "Node Type": "Hash Join",
                    "Parent Relationship": "Outer",
                    "Parallel Aware": true,
                    "Join Type": "Inner",
                    "Startup Cost": 69452.16,
                    "Total Cost": 93164.41,
                    "Plan Rows": 50341,
                    "Plan Width": 8,
                    "Actual Startup Time": 250.973,
                    "Actual Total Time": 389.664,
                    "Actual Rows": 44061,
                    "Actual Loops": 2,
                    "Inner Unique": true,
                    "Hash Cond": "(mc.movie_id = t.id)",
                    "Plans": [
                      {
                        "Node Type": "Bitmap Heap Scan",
                        "Parent Relationship": "Outer",
                        "Parallel Aware": true,
                        "Relation Name": "movie_companies",
                        "Alias": "mc",
                        "Startup Cost": 11988.07,
                        "Total Cost": 34846.04,
                        "Plan Rows": 325438,
                        "Plan Width": 4,
                        "Actual Startup Time": 31.585,
                        "Actual Total Time": 70.966,
                        "Actual Rows": 283710,
                        "Actual Loops": 2,
                        "Recheck Cond": "(company_id > 71443)",
                        "Rows Removed by Index Recheck": 0,
                        "Exact Heap Blocks": 4122,
                        "Lossy Heap Blocks": 0,
                        "Plans": [
                          {
                            "Node Type": "Bitmap Index Scan",
                            "Parent Relationship": "Outer",
                            "Parallel Aware": false,
                            "Index Name": "company_id_movie_companies",
                            "Startup Cost": 0.0,
                            "Total Cost": 11849.76,
                            "Plan Rows": 553244,
                            "Plan Width": 0,
                            "Actual Startup Time": 30.386,
                            "Actual Total Time": 30.386,
                            "Actual Rows": 567419,
                            "Actual Loops": 1,
                            "Index Cond": "(company_id > 71443)"
                          }
                        ]
                      },
                      {
                        "Node Type": "Hash",
                        "Parent Relationship": "Inner",
                        "Parallel Aware": true,
                        "Startup Cost": 54588.39,
                        "Total Cost": 54588.39,
                        "Plan Rows": 230056,
                        "Plan Width": 4,
                        "Actual Startup Time": 213.441,
                        "Actual Total Time": 213.442,
                        "Actual Rows": 195833,
                        "Actual Loops": 2,
                        "Hash Buckets": 524288,
                        "Original Hash Buckets": 524288,
                        "Hash Batches": 1,
                        "Original Hash Batches": 1,
                        "Peak Memory Usage": 19456,
                        "Plans": [
                          {
                            "Node Type": "Seq Scan",
                            "Parent Relationship": "Outer",
                            "Parallel Aware": true,
                            "Relation Name": "title",
                            "Alias": "t",
                            "Startup Cost": 0.0,
                            "Total Cost": 54588.39,
                            "Plan Rows": 230056,
                            "Plan Width": 4,
                            "Actual Startup Time": 0.041,
                            "Actual Total Time": 152.639,
                            "Actual Rows": 195833,
                            "Actual Loops": 2,
                            "Filter": "(production_year > 2010)",
                            "Rows Removed by Filter": 1068323
                          }
                        ]
                      }
                    ]
                  },
                  {
                    "Node Type": "Index Scan",
                    "Parent Relationship": "Inner",
                    "Parallel Aware": false,
                    "Scan Direction": "Forward",
                    "Index Name": "movie_id_cast_info",
                    "Relation Name": "cast_info",
                    "Alias": "ci",
                    "Startup Cost": 0.56,
                    "Total Cost": 4.07,
                    "Plan Rows": 13,
                    "Plan Width": 4,
                    "Actual Startup Time": 0.005,
                    "Actual Total Time": 0.026,
                    "Actual Rows": 8,
                    "Actual Loops": 88122,
                    "Index Cond": "(movie_id = mc.movie_id)",
                    "Rows Removed by Index Recheck": 0,
                    "Filter": "(role_id = 1)",
                    "Rows Removed by Filter": 21
                  }
                ]
              }
            ]
          }
        ]
      }
    ]
  },
  "Planning Time": 0.912,
  "Triggers": [],
  "Execution Time": 1684.809
}