[
  {
    "Plan": {
      "Node Type": "Aggregate",
      "Strategy": "Plain",
      "Partial Mode": "Finalize",
      "Parallel Aware": false,
      "Startup Cost": 275183.74,
      "Total Cost": 275183.75,
      "Plan Rows": 1,
      "Plan Width": 8,
      "Actual Startup Time": 113.092,
      "Actual Total Time": 119.611,
      "Actual Rows": 1,
      "Actual Loops": 1,
      "Plans": [
        {
          "Node Type": "Gather",
          "Parent Relationship": "Outer",
          "Parallel Aware": false,
          "Startup Cost": 275183.12,
          "Total Cost": 275183.73,
          "Plan Rows": 6,
          "Plan Width": 8,
          "Actual Startup Time": 112.504,
          "Actual Total Time": 119.6,
          "Actual Rows": 7,
          "Actual Loops": 1,
          "Workers Planned": 6,
          "Workers Launched": 6,
          "Single Copy": false,
          "Plans": [
            {
              "Node Type": "Aggregate",
              "Strategy": "Plain",
              "Partial Mode": "Partial",
              "Parent Relationship": "Outer",
              "Parallel Aware": false,
              "Startup Cost": 274183.12,
              "Total Cost": 274183.13,
              "Plan Rows": 1,
              "Plan Width": 8,
              "Actual Startup Time": 103.615,
              "Actual Total Time": 103.617,
              "Actual Rows": 1,
              "Actual Loops": 7,
              "Plans": [
                {
                  "Node Type": "Bitmap Heap Scan",
                  "Parent Relationship": "Outer",
                  "Parallel Aware": true,
                  "Relation Name": "cast_info",
                  "Alias": "ci",
                  "Startup Cost": 19309.89,
                  "Total Cost": 273818.75,
                  "Plan Rows": 145749,
                  "Plan Width": 0,
                  "Actual Startup Time": 43.0,
                  "Actual Total Time": 94.187,
                  "Actual Rows": 118202,
                  "Actual Loops": 7,
                  "Recheck Cond": "(person_id > 3903036)",
                  "Rows Removed by Index Recheck": 0,
                  "Exact Heap Blocks": 2923,
                  "Lossy Heap Blocks": 0,
                  "Plans": [
                    {
                      "Node Type": "Bitmap Index Scan",
                      "Parent Relationship": "Outer",
                      "Parallel Aware": false,
                      "Index Name": "person_id_cast_info",
                      "Startup Cost": 0.0,
                      "Total Cost": 19091.26,
                      "Plan Rows": 874493,
                      "Plan Width": 0,
                      "Actual Startup Time": 48.21,
                      "Actual Total Time": 48.211,
                      "Actual Rows": 827415,
                      "Actual Loops": 1,
                      "Index Cond": "(person_id > 3903036)"
                    }
                  ]
                }
              ]
            }
          ]
        }
      ]
    },
    "Planning Time": 0.14,
    "Triggers": [],
    "Execution Time": 119.665
  }
]