[
  {
    "Plan": {
      "Node Type": "Aggregate",
      "Strategy": "Plain",
      "Partial Mode": "Finalize",
      "Parallel Aware": false,
      "Startup Cost": 307226.46,
      "Total Cost": 307226.47,
      "Plan Rows": 1,
      "Plan Width": 32,
      "Actual Startup Time": 937.311,
      "Actual Total Time": 995.859,
      "Actual Rows": 1,
      "Actual Loops": 1,
      "Plans": [
        {
          "Node Type": "Gather",
          "Parent Relationship": "Outer",
          "Parallel Aware": false,
          "Startup Cost": 307225.93,
          "Total Cost": 307226.44,
          "Plan Rows": 5,
          "Plan Width": 32,
          "Actual Startup Time": 936.925,
          "Actual Total Time": 995.833,
          "Actual Rows": 6,
          "Actual Loops": 1,
          "Workers Planned": 5,
          "Workers Launched": 5,
          "Single Copy": false,
          "Plans": [
            {
              "Node Type": "Aggregate",
              "Strategy": "Plain",
              "Partial Mode": "Partial",
              "Parent Relationship": "Outer",
              "Parallel Aware": false,
              "Startup Cost": 306225.93,
              "Total Cost": 306225.94,
              "Plan Rows": 1,
              "Plan Width": 32,
              "Actual Startup Time": 926.256,
              "Actual Total Time": 926.269,
              "Actual Rows": 1,
              "Actual Loops": 6,
              "Plans": [
                {
                  "Node Type": "Hash Join",
                  "Parent Relationship": "Outer",
                  "Parallel Aware": false,
                  "Join Type": "Inner",
                  "Startup Cost": 77331.81,
                  "Total Cost": 306221.7,
                  "Plan Rows": 1693,
                  "Plan Width": 17,
                  "Actual Startup Time": 585.815,
                  "Actual Total Time": 926.259,
                  "Actual Rows": 1,
                  "Actual Loops": 6,
                  "Inner Unique": true,
                  "Hash Cond": "(mi.info_type_id = it.id)",
                  "Plans": [
                    {
                      "Node Type": "Hash Join",
                      "Parent Relationship": "Outer",
                      "Parallel Aware": true,
                      "Join Type": "Inner",
                      "Startup Cost": 77328.27,
                      "Total Cost": 306213.55,
                      "Plan Rows": 1693,
                      "Plan Width": 21,
                      "Actual Startup Time": 584.996,
                      "Actual Total Time": 925.438,
                      "Actual Rows": 1,
                      "Actual Loops": 6,
                      "Inner Unique": false,
                      "Hash Cond": "(mi.movie_id = t.id)",
                      "Plans": [
                        {
                          "Node Type": "Seq Scan",
                          "Parent Relationship": "Outer",
                          "Parallel Aware": true,
                          "Relation Name": "movie_info",
                          "Alias": "mi",
                          "Startup Cost": 0.0,
                          "Total Cost": 228768.14,
                          "Plan Rows": 31023,
                          "Plan Width": 8,
                          "Actual Startup Time": 0.366,
                          "Actual Total Time": 707.949,
                          "Actual Rows": 27093,
                          "Actual Loops": 6,
                          "Filter": "(info = ANY ('{Germany,America,Danish,Denish,Bulgaria,Norway,Sweden,German,Denmark,Swedish}'::text[]))",
                          "Rows Removed by Filter": 2445527
                        },
                        {
                          "Node Type": "Hash",
                          "Parent Relationship": "Inner",
                          "Parallel Aware": true,
                          "Startup Cost": 77246.74,
                          "Total Cost": 77246.74,
                          "Plan Rows": 6522,
                          "Plan Width": 25,
                          "Actual Startup Time": 213.107,
                          "Actual Total Time": 213.117,
                          "Actual Rows": 126,
                          "Actual Loops": 6,
                          "Hash Buckets": 32768,
                          "Original Hash Buckets": 32768,
                          "Hash Batches": 1,
                          "Original Hash Batches": 1,
                          "Peak Memory Usage": 448,
                          "Plans": [
                            {
                              "Node Type": "Hash Join",
                              "Parent Relationship": "Outer",
                              "Parallel Aware": true,
                              "Join Type": "Inner",
                              "Startup Cost": 31889.23,
                              "Total Cost": 77246.74,
                              "Plan Rows": 6522,
                              "Plan Width": 25,
                              "Actual Startup Time": 112.873,
                              "Actual Total Time": 212.749,
                              "Actual Rows": 126,
                              "Actual Loops": 6,
                              "Inner Unique": false,
                              "Hash Cond": "(t.id = mc.movie_id)",
                              "Plans": [
                                {
                                  "Node Type": "Seq Scan",
                                  "Parent Relationship": "Outer",
                                  "Parallel Aware": true,
                                  "Relation Name": "title",
                                  "Alias": "t",
                                  "Startup Cost": 0.0,
                                  "Total Cost": 43898.62,
                                  "Plan Rows": 383429,
                                  "Plan Width": 21,
                                  "Actual Startup Time": 0.022,
                                  "Actual Total Time": 84.47,
                                  "Actual Rows": 255269,
                                  "Actual Loops": 6,
                                  "Filter": "(production_year > 1997)",
                                  "Rows Removed by Filter": 166116
                                },
                                {
                                  "Node Type": "Hash",
                                  "Parent Relationship": "Inner",
                                  "Parallel Aware": true,
                                  "Startup Cost": 31715.84,
                                  "Total Cost": 31715.84,
                                  "Plan Rows": 13871,
                                  "Plan Width": 4,
                                  "Actual Startup Time": 104.352,
                                  "Actual Total Time": 104.358,
                                  "Actual Rows": 133,
                                  "Actual Loops": 6,
                                  "Hash Buckets": 65536,
                                  "Original Hash Buckets": 65536,
                                  "Hash Batches": 1,
                                  "Original Hash Batches": 1,
                                  "Peak Memory Usage": 704,
                                  "Plans": [
                                    {
                                      "Node Type": "Hash Join",
                                      "Parent Relationship": "Outer",
                                      "Parallel Aware": false,
                                      "Join Type": "Inner",
                                      "Startup Cost": 1.06,
                                      "Total Cost": 31715.84,
                                      "Plan Rows": 13871,
                                      "Plan Width": 4,
                                      "Actual Startup Time": 77.507,
                                      "Actual Total Time": 104.077,
                                      "Actual Rows": 133,
                                      "Actual Loops": 6,
                                      "Inner Unique": true,
                                      "Hash Cond": "(mc.company_type_id = ct.id)",
                                      "Plans": [
                                        {
                                          "Node Type": "Seq Scan",
                                          "Parent Relationship": "Outer",
                                          "Parallel Aware": true,
                                          "Relation Name": "movie_companies",
                                          "Alias": "mc",
                                          "Startup Cost": 0.0,
                                          "Total Cost": 31414.82,
                                          "Plan Rows": 55484,
                                          "Plan Width": 8,
                                          "Actual Startup Time": 0.088,
                                          "Actual Total Time": 100.008,
                                          "Actual Rows": 49271,
                                          "Actual Loops": 6,
                                          "Filter": "((note !~~ '%(TV)%'::text) AND (note ~~ '%(USA)%'::text))",
                                          "Rows Removed by Filter": 385584
                                        },
                                        {
                                          "Node Type": "Hash",
                                          "Parent Relationship": "Inner",
                                          "Parallel Aware": false,
                                          "Startup Cost": 1.05,
                                          "Total Cost": 1.05,
                                          "Plan Rows": 1,
                                          "Plan Width": 4,
                                          "Actual Startup Time": 0.084,
                                          "Actual Total Time": 0.086,
                                          "Actual Rows": 1,
                                          "Actual Loops": 6,
                                          "Hash Buckets": 1024,
                                          "Original Hash Buckets": 1024,
                                          "Hash Batches": 1,
                                          "Original Hash Batches": 1,
                                          "Peak Memory Usage": 9,
                                          "Plans": [
                                            {
                                              "Node Type": "Seq Scan",
                                              "Parent Relationship": "Outer",
                                              "Parallel Aware": false,
                                              "Relation Name": "company_type",
                                              "Alias": "ct",
                                              "Startup Cost": 0.0,
                                              "Total Cost": 1.05,
                                              "Plan Rows": 1,
                                              "Plan Width": 4,
                                              "Actual Startup Time": 0.065,
                                              "Actual Total Time": 0.069,
                                              "Actual Rows": 1,
                                              "Actual Loops": 6,
                                              "Filter": "((kind)::text = 'production companies'::text)",
                                              "Rows Removed by Filter": 3
                                            }
                                          ]
                                        }
                                      ]
                                    }
                                  ]
                                }
                              ]
                            }
                          ]
                        }
                      ]
                    },
                    {
                      "Node Type": "Hash",
                      "Parent Relationship": "Inner",
                      "Parallel Aware": false,
                      "Startup Cost": 2.13,
                      "Total Cost": 2.13,
                      "Plan Rows": 113,
                      "Plan Width": 4,
                      "Actual Startup Time": 0.179,
                      "Actual Total Time": 0.18,
                      "Actual Rows": 113,
                      "Actual Loops": 6,
                      "Hash Buckets": 1024,
                      "Original Hash Buckets": 1024,
                      "Hash Batches": 1,
                      "Original Hash Batches": 1,
                      "Peak Memory Usage": 12,
                      "Plans": [
                        {
                          "Node Type": "Seq Scan",
                          "Parent Relationship": "Outer",
                          "Parallel Aware": false,
                          "Relation Name": "info_type",
                          "Alias": "it",
                          "Startup Cost": 0.0,
                          "Total Cost": 2.13,
                          "Plan Rows": 113,
                          "Plan Width": 4,
                          "Actual Startup Time": 0.09,
                          "Actual Total Time": 0.117,
                          "Actual Rows": 113,
                          "Actual Loops": 6
                        }
                      ]
                    }
                  ]
                }
              ]
            }
          ]
        }
      ]
    },
    "Planning Time": 6.0,
    "Triggers": [],
    "Execution Time": 996.27
  }
]