[
  {
    "Plan": {
      "Node Type": "Aggregate",
      "Strategy": "Plain",
      "Partial Mode": "Simple",
      "Parallel Aware": false,
      "Startup Cost": 24580.0,
      "Total Cost": 24580.01,
      "Plan Rows": 1,
      "Plan Width": 8,
      "Actual Startup Time": 20.839,
      "Actual Total Time": 20.841,
      "Actual Rows": 1,
      "Actual Loops": 1,
      "Plans": [
        {
          "Node Type": "Bitmap Heap Scan",
          "Parent Relationship": "Outer",
          "Parallel Aware": false,
          "Relation Name": "movie_keyword",
          "Alias": "mk",
          "Startup Cost": 396.83,
          "Total Cost": 24533.42,
          "Plan Rows": 18632,
          "Plan Width": 0,
          "Actual Startup Time": 3.652,
          "Actual Total Time": 18.843,
          "Actual Rows": 17289,
          "Actual Loops": 1,
          "Recheck Cond": "(keyword_id > 119346)",
          "Rows Removed by Index Recheck": 0,
          "Exact Heap Blocks": 5298,
          "Lossy Heap Blocks": 0,
          "Plans": [
            {
              "Node Type": "Bitmap Index Scan",
              "Parent Relationship": "Outer",
              "Parallel Aware": false,
              "Index Name": "keyword_id_movie_keyword",
              "Startup Cost": 0.0,
              "Total Cost": 392.17,
              "Plan Rows": 18632,
              "Plan Width": 0,
              "Actual Startup Time": 2.335,
              "Actual Total Time": 2.335,
              "Actual Rows": 17289,
              "Actual Loops": 1,
              "Index Cond": "(keyword_id > 119346)"
            }
          ]
        }
      ]
    },
    "Planning Time": 0.306,
    "Triggers": [],
    "Execution Time": 20.898
  }
]