[
  {
    "Plan": {
      "Node Type": "Aggregate",
      "Strategy": "Plain",
      "Partial Mode": "Simple",
      "Parallel Aware": false,
      "Startup Cost": 24775.46,
      "Total Cost": 24775.47,
      "Plan Rows": 1,
      "Plan Width": 8,
      "Actual Startup Time": 22.874,
      "Actual Total Time": 22.875,
      "Actual Rows": 1,
      "Actual Loops": 1,
      "Plans": [
        {
          "Node Type": "Bitmap Heap Scan",
          "Parent Relationship": "Outer",
          "Parallel Aware": false,
          "Relation Name": "movie_keyword",
          "Alias": "mk",
          "Startup Cost": 408.91,
          "Total Cost": 24727.57,
          "Plan Rows": 19159,
          "Plan Width": 0,
          "Actual Startup Time": 4.758,
          "Actual Total Time": 20.833,
          "Actual Rows": 17289,
          "Actual Loops": 1,
          "Recheck Cond": "(keyword_id > 119346)",
          "Rows Removed by Index Recheck": 0,
          "Exact Heap Blocks": 5298,
          "Lossy Heap Blocks": 0,
          "Plans": [
            {
              "Node Type": "Bitmap Index Scan",
              "Parent Relationship": "Outer",
              "Parallel Aware": false,
              "Index Name": "keyword_id_movie_keyword",
              "Startup Cost": 0.0,
              "Total Cost": 404.12,
              "Plan Rows": 19159,
              "Plan Width": 0,
              "Actual Startup Time": 2.904,
              "Actual Total Time": 2.904,
              "Actual Rows": 17289,
              "Actual Loops": 1,
              "Index Cond": "(keyword_id > 119346)"
            }
          ]
        }
      ]
    },
    "Planning Time": 0.231,
    "Triggers": [],
    "Execution Time": 22.924
  }
]