[
  {
    "Plan": {
      "Node Type": "Aggregate",
      "Strategy": "Plain",
      "Partial Mode": "Finalize",
      "Parallel Aware": false,
      "Startup Cost": 127041.1,
      "Total Cost": 127041.11,
      "Plan Rows": 1,
      "Plan Width": 8,
      "Actual Startup Time": 529.808,
      "Actual Total Time": 571.86,
      "Actual Rows": 1,
      "Actual Loops": 1,
      "Plans": [
        {
          "Node Type": "Gather",
          "Parent Relationship": "Outer",
          "Parallel Aware": false,
          "Startup Cost": 127040.78,
          "Total Cost": 127041.09,
          "Plan Rows": 3,
          "Plan Width": 8,
          "Actual Startup Time": 529.25,
          "Actual Total Time": 571.851,
          "Actual Rows": 4,
          "Actual Loops": 1,
          "Workers Planned": 3,
          "Workers Launched": 3,
          "Single Copy": false,
          "Plans": [
            {
              "Node Type": "Aggregate",
              "Strategy": "Plain",
              "Partial Mode": "Partial",
              "Parent Relationship": "Outer",
              "Parallel Aware": false,
              "Startup Cost": 126040.78,
              "Total Cost": 126040.79,
              "Plan Rows": 1,
              "Plan Width": 8,
              "Actual Startup Time": 520.067,
              "Actual Total Time": 520.071,
              "Actual Rows": 1,
              "Actual Loops": 4,
              "Plans": [
                {
                  "Node Type": "Nested Loop",
                  "Parent Relationship": "Outer",
                  "Parallel Aware": false,
                  "Join Type": "Inner",
                  "Startup Cost": 45800.15,
                  "Total Cost": 125820.5,
                  "Plan Rows": 88112,
                  "Plan Width": 0,
                  "Actual Startup Time": 130.072,
                  "Actual Total Time": 505.27,
                  "Actual Rows": 300919,
                  "Actual Loops": 4,
                  "Inner Unique": false,
                  "Join Filter": "(t.id = mi.movie_id)",
                  "Rows Removed by Join Filter": 0,
                  "Plans": [
                    {
                      "Node Type": "Hash Join",
                      "Parent Relationship": "Outer",
                      "Parallel Aware": true,
                      "Join Type": "Inner",
                      "Startup Cost": 45799.71,
                      "Total Cost": 76629.68,
                      "Plan Rows": 23486,
                      "Plan Width": 8,
                      "Actual Startup Time": 129.997,
                      "Actual Total Time": 229.463,
                      "Actual Rows": 14058,
                      "Actual Loops": 4,
                      "Inner Unique": true,
                      "Hash Cond": "(mc.movie_id = t.id)",
                      "Plans": [
                        {
                          "Node Type": "Seq Scan",
                          "Parent Relationship": "Outer",
                          "Parallel Aware": true,
                          "Relation Name": "movie_companies",
                          "Alias": "mc",
                          "Startup Cost": 0.0,
                          "Total Cost": 29310.68,
                          "Plan Rows": 578775,
                          "Plan Width": 4,
                          "Actual Startup Time": 0.019,
                          "Actual Total Time": 69.218,
                          "Actual Rows": 445012,
                          "Actual Loops": 4,
                          "Filter": "(company_id < 27460)",
                          "Rows Removed by Filter": 207270
                        },
                        {
                          "Node Type": "Hash",
                          "Parent Relationship": "Inner",
                          "Parallel Aware": true,
                          "Startup Cost": 45479.1,
                          "Total Cost": 45479.1,
                          "Plan Rows": 25649,
                          "Plan Width": 4,
                          "Actual Startup Time": 102.772,
                          "Actual Total Time": 102.773,
                          "Actual Rows": 24748,
                          "Actual Loops": 4,
                          "Hash Buckets": 131072,
                          "Original Hash Buckets": 131072,
                          "Hash Batches": 1,
                          "Original Hash Batches": 1,
                          "Peak Memory Usage": 4960,
                          "Plans": [
                            {
                              "Node Type": "Seq Scan",
                              "Parent Relationship": "Outer",
                              "Parallel Aware": true,
                              "Relation Name": "title",
                              "Alias": "t",
                              "Startup Cost": 0.0,
                              "Total Cost": 45479.1,
                              "Plan Rows": 25649,
                              "Plan Width": 4,
                              "Actual Startup Time": 47.325,
                              "Actual Total Time": 95.564,
                              "Actual Rows": 24748,
                              "Actual Loops": 4,
                              "Filter": "((production_year > 2010) AND (kind_id = 1))",
                              "Rows Removed by Filter": 607330
                            }
                          ]
                        }
                      ]
                    },
                    {
                      "Node Type": "Index Scan",
                      "Parent Relationship": "Inner",
                      "Parallel Aware": false,
                      "Scan Direction": "Forward",
                      "Index Name": "movie_id_movie_info",
                      "Relation Name": "movie_info",
                      "Alias": "mi",
                      "Startup Cost": 0.43,
                      "Total Cost": 1.76,
                      "Plan Rows": 27,
                      "Plan Width": 4,
                      "Actual Startup Time": 0.005,
                      "Actual Total Time": 0.018,
                      "Actual Rows": 21,
                      "Actual Loops": 56232,
                      "Index Cond": "(movie_id = mc.movie_id)",
                      "Rows Removed by Index Recheck": 0,
                      "Filter": "(info_type_id < 16)",
                      "Rows Removed by Filter": 29
                    }
                  ]
                }
              ]
            }
          ]
        }
      ]
    },
    "Planning Time": 1.46,
    "Triggers": [],
    "Execution Time": 571.958
  }
]