[
  {
    "Plan": {
      "Node Type": "Aggregate",
      "Strategy": "Plain",
      "Partial Mode": "Finalize",
      "Parallel Aware": false,
      "Startup Cost": 46482.34,
      "Total Cost": 46482.35,
      "Plan Rows": 1,
      "Plan Width": 8,
      "Actual Startup Time": 96.429,
      "Actual Total Time": 109.359,
      "Actual Rows": 1,
      "Actual Loops": 1,
      "Plans": [
        {
          "Node Type": "Gather",
          "Parent Relationship": "Outer",
          "Parallel Aware": false,
          "Startup Cost": 46481.92,
          "Total Cost": 46482.33,
          "Plan Rows": 4,
          "Plan Width": 8,
          "Actual Startup Time": 96.254,
          "Actual Total Time": 109.349,
          "Actual Rows": 5,
          "Actual Loops": 1,
          "Workers Planned": 4,
          "Workers Launched": 4,
          "Single Copy": false,
          "Plans": [
            {
              "Node Type": "Aggregate",
              "Strategy": "Plain",
              "Partial Mode": "Partial",
              "Parent Relationship": "Outer",
              "Parallel Aware": false,
              "Startup Cost": 45481.92,
              "Total Cost": 45481.93,
              "Plan Rows": 1,
              "Plan Width": 8,
              "Actual Startup Time": 87.366,
              "Actual Total Time": 87.367,
              "Actual Rows": 1,
              "Actual Loops": 5,
              "Plans": [
                {
                  "Node Type": "Seq Scan",
                  "Parent Relationship": "Outer",
                  "Parallel Aware": true,
                  "Relation Name": "title",
                  "Alias": "t",
                  "Startup Cost": 0.0,
                  "Total Cost": 45479.59,
                  "Plan Rows": 935,
                  "Plan Width": 0,
                  "Actual Startup Time": 60.208,
                  "Actual Total Time": 87.271,
                  "Actual Rows": 751,
                  "Actual Loops": 5,
                  "Filter": "((kind_id < 2) AND (production_year = 1965))",
                  "Rows Removed by Filter": 504912
                }
              ]
            }
          ]
        }
      ]
    },
    "Planning Time": 0.102,
    "Triggers": [],
    "Execution Time": 109.397
  }
]