{
    "Plan": {
        "Node Type": "Aggregate",
        "Strategy": "Plain",
        "Partial Mode": "Finalize",
        "Parallel Aware": false,
        "Startup Cost": 84885.74,
        "Total Cost": 84885.75,
        "Plan Rows": 1,
        "Plan Width": 8,
        "Actual Startup Time": 205.38,
        "Actual Total Time": 223.08,
        "Actual Rows": 1,
        "Actual Loops": 1,
        "Output": [
            "count(*)"
        ],
        "Plans": [
            {
                "Node Type": "Gather",
                "Parent Relationship": "Outer",
                "Parallel Aware": false,
                "Startup Cost": 84885.42,
                "Total Cost": 84885.73,
                "Plan Rows": 3,
                "Plan Width": 8,
                "Actual Startup Time": 204.991,
                "Actual Total Time": 223.07,
                "Actual Rows": 4,
                "Actual Loops": 1,
                "Output": [
                    "(PARTIAL count(*))"
                ],
                "Workers Planned": 3,
                "Workers Launched": 3,
                "Single Copy": false,
                "Plans": [
                    {
                        "Node Type": "Aggregate",
                        "Strategy": "Plain",
                        "Partial Mode": "Partial",
                        "Parent Relationship": "Outer",
                        "Parallel Aware": false,
                        "Startup Cost": 83885.42,
                        "Total Cost": 83885.43,
                        "Plan Rows": 1,
                        "Plan Width": 8,
                        "Actual Startup Time": 195.522,
                        "Actual Total Time": 195.528,
                        "Actual Rows": 1,
                        "Actual Loops": 4,
                        "Output": [
                            "PARTIAL count(*)"
                        ],
                        "Workers": [
                            {
                                "Worker Number": 0,
                                "Actual Startup Time": 192.534,
                                "Actual Total Time": 192.538,
                                "Actual Rows": 1,
                                "Actual Loops": 1
                            },
                            {
                                "Worker Number": 1,
                                "Actual Startup Time": 192.596,
                                "Actual Total Time": 192.599,
                                "Actual Rows": 1,
                                "Actual Loops": 1
                            },
                            {
                                "Worker Number": 2,
                                "Actual Startup Time": 192.742,
                                "Actual Total Time": 192.747,
                                "Actual Rows": 1,
                                "Actual Loops": 1
                            }
                        ],
                        "Plans": [
                            {
                                "Node Type": "Nested Loop",
                                "Parent Relationship": "Outer",
                                "Parallel Aware": false,
                                "Join Type": "Inner",
                                "Startup Cost": 45685.94,
                                "Total Cost": 83882.81,
                                "Plan Rows": 1046,
                                "Plan Width": 0,
                                "Actual Startup Time": 113.382,
                                "Actual Total Time": 195.413,
                                "Actual Rows": 2070,
                                "Actual Loops": 4,
                                "Inner Unique": false,
                                "Join Filter": "(t.id = mk.movie_id)",
                                "Rows Removed by Join Filter": 0,
                                "Workers": [
                                    {
                                        "Worker Number": 0,
                                        "Actual Startup Time": 110.144,
                                        "Actual Total Time": 192.421,
                                        "Actual Rows": 2236,
                                        "Actual Loops": 1
                                    },
                                    {
                                        "Worker Number": 1,
                                        "Actual Startup Time": 110.145,
                                        "Actual Total Time": 192.509,
                                        "Actual Rows": 1598,
                                        "Actual Loops": 1
                                    },
                                    {
                                        "Worker Number": 2,
                                        "Actual Startup Time": 111.417,
                                        "Actual Total Time": 192.626,
                                        "Actual Rows": 2238,
                                        "Actual Loops": 1
                                    }
                                ],
                                "Plans": [
                                    {
                                        "Node Type": "Hash Join",
                                        "Parent Relationship": "Outer",
                                        "Parallel Aware": true,
                                        "Join Type": "Inner",
                                        "Startup Cost": 45685.51,
                                        "Total Cost": 77439.89,
                                        "Plan Rows": 3377,
                                        "Plan Width": 8,
                                        "Actual Startup Time": 107.809,
                                        "Actual Total Time": 184.873,
                                        "Actual Rows": 3221,
                                        "Actual Loops": 4,
                                        "Output": [
                                            "t.id",
                                            "mc.movie_id"
                                        ],
                                        "Inner Unique": true,
                                        "Hash Cond": "(mc.movie_id = t.id)",
                                        "Workers": [
                                            {
                                                "Worker Number": 0,
                                                "Actual Startup Time": 104.88,
                                                "Actual Total Time": 180.98,
                                                "Actual Rows": 3124,
                                                "Actual Loops": 1
                                            },
                                            {
                                                "Worker Number": 1,
                                                "Actual Startup Time": 104.951,
                                                "Actual Total Time": 182.025,
                                                "Actual Rows": 3077,
                                                "Actual Loops": 1
                                            },
                                            {
                                                "Worker Number": 2,
                                                "Actual Startup Time": 104.94,
                                                "Actual Total Time": 180.847,
                                                "Actual Rows": 3152,
                                                "Actual Loops": 1
                                            }
                                        ],
                                        "Plans": [
                                            {
                                                "Node Type": "Seq Scan",
                                                "Parent Relationship": "Outer",
                                                "Parallel Aware": true,
                                                "Relation Name": "movie_companies",
                                                "Schema": "public",
                                                "Alias": "mc",
                                                "Startup Cost": 0.0,
                                                "Total Cost": 31414.82,
                                                "Plan Rows": 129358,
                                                "Plan Width": 4,
                                                "Actual Startup Time": 0.027,
                                                "Actual Total Time": 59.894,
                                                "Actual Rows": 144590,
                                                "Actual Loops": 4,
                                                "Output": [
                                                    "mc.id",
                                                    "mc.movie_id",
                                                    "mc.company_id",
                                                    "mc.company_type_id",
                                                    "mc.note"
                                                ],
                                                "Filter": "((mc.company_id < 1891) AND (mc.company_type_id < 2))",
                                                "Rows Removed by Filter": 507692,
                                                "Workers": [
                                                    {
                                                        "Worker Number": 0,
                                                        "Actual Startup Time": 0.035,
                                                        "Actual Total Time": 59.755,
                                                        "Actual Rows": 138915,
                                                        "Actual Loops": 1
                                                    },
                                                    {
                                                        "Worker Number": 1,
                                                        "Actual Startup Time": 0.04,
                                                        "Actual Total Time": 60.388,
                                                        "Actual Rows": 142553,
                                                        "Actual Loops": 1
                                                    },
                                                    {
                                                        "Worker Number": 2,
                                                        "Actual Startup Time": 0.024,
                                                        "Actual Total Time": 59.492,
                                                        "Actual Rows": 128643,
                                                        "Actual Loops": 1
                                                    }
                                                ]
                                            },
                                            {
                                                "Node Type": "Hash",
                                                "Parent Relationship": "Inner",
                                                "Parallel Aware": true,
                                                "Startup Cost": 45479.21,
                                                "Total Cost": 45479.21,
                                                "Plan Rows": 16504,
                                                "Plan Width": 4,
                                                "Actual Startup Time": 105.923,
                                                "Actual Total Time": 105.924,
                                                "Actual Rows": 18631,
                                                "Actual Loops": 4,
                                                "Output": [
                                                    "t.id"
                                                ],
                                                "Hash Buckets": 131072,
                                                "Original Hash Buckets": 131072,
                                                "Hash Batches": 1,
                                                "Original Hash Batches": 1,
                                                "Peak Memory Usage": 4032,
                                                "Workers": [
                                                    {
                                                        "Worker Number": 0,
                                                        "Actual Startup Time": 104.205,
                                                        "Actual Total Time": 104.206,
                                                        "Actual Rows": 16584,
                                                        "Actual Loops": 1
                                                    },
                                                    {
                                                        "Worker Number": 1,
                                                        "Actual Startup Time": 104.202,
                                                        "Actual Total Time": 104.204,
                                                        "Actual Rows": 17205,
                                                        "Actual Loops": 1
                                                    },
                                                    {
                                                        "Worker Number": 2,
                                                        "Actual Startup Time": 104.476,
                                                        "Actual Total Time": 104.477,
                                                        "Actual Rows": 14433,
                                                        "Actual Loops": 1
                                                    }
                                                ],
                                                "Plans": [
                                                    {
                                                        "Node Type": "Seq Scan",
                                                        "Parent Relationship": "Outer",
                                                        "Parallel Aware": true,
                                                        "Relation Name": "title",
                                                        "Schema": "public",
                                                        "Alias": "t",
                                                        "Startup Cost": 0.0,
                                                        "Total Cost": 45479.21,
                                                        "Plan Rows": 16504,
                                                        "Plan Width": 4,
                                                        "Actual Startup Time": 0.061,
                                                        "Actual Total Time": 97.875,
                                                        "Actual Rows": 18631,
                                                        "Actual Loops": 4,
                                                        "Output": [
                                                            "t.id"
                                                        ],
                                                        "Filter": "((t.kind_id = 7) AND (t.production_year = 2006))",
                                                        "Rows Removed by Filter": 613447,
                                                        "Workers": [
                                                            {
                                                                "Worker Number": 0,
                                                                "Actual Startup Time": 0.08,
                                                                "Actual Total Time": 96.264,
                                                                "Actual Rows": 16584,
                                                                "Actual Loops": 1
                                                            },
                                                            {
                                                                "Worker Number": 1,
                                                                "Actual Startup Time": 0.072,
                                                                "Actual Total Time": 96.261,
                                                                "Actual Rows": 17205,
                                                                "Actual Loops": 1
                                                            },
                                                            {
                                                                "Worker Number": 2,
                                                                "Actual Startup Time": 0.064,
                                                                "Actual Total Time": 96.944,
                                                                "Actual Rows": 14433,
                                                                "Actual Loops": 1
                                                            }
                                                        ]
                                                    }
                                                ]
                                            }
                                        ]
                                    },
                                    {
                                        "Node Type": "Index Scan",
                                        "Parent Relationship": "Inner",
                                        "Parallel Aware": false,
                                        "Scan Direction": "Forward",
                                        "Index Name": "movie_id_movie_keyword",
                                        "Relation Name": "movie_keyword",
                                        "Schema": "public",
                                        "Alias": "mk",
                                        "Startup Cost": 0.43,
                                        "Total Cost": 1.81,
                                        "Plan Rows": 8,
                                        "Plan Width": 4,
                                        "Actual Startup Time": 0.003,
                                        "Actual Total Time": 0.003,
                                        "Actual Rows": 1,
                                        "Actual Loops": 12883,
                                        "Output": [
                                            "mk.id",
                                            "mk.movie_id",
                                            "mk.keyword_id"
                                        ],
                                        "Index Cond": "(mk.movie_id = mc.movie_id)",
                                        "Rows Removed by Index Recheck": 0,
                                        "Filter": "(mk.keyword_id > 24382)",
                                        "Rows Removed by Filter": 3,
                                        "Workers": [
                                            {
                                                "Worker Number": 0,
                                                "Actual Startup Time": 0.003,
                                                "Actual Total Time": 0.003,
                                                "Actual Rows": 1,
                                                "Actual Loops": 3124
                                            },
                                            {
                                                "Worker Number": 1,
                                                "Actual Startup Time": 0.003,
                                                "Actual Total Time": 0.003,
                                                "Actual Rows": 1,
                                                "Actual Loops": 3077
                                            },
                                            {
                                                "Worker Number": 2,
                                                "Actual Startup Time": 0.003,
                                                "Actual Total Time": 0.003,
                                                "Actual Rows": 1,
                                                "Actual Loops": 3152
                                            }
                                        ]
                                    }
                                ]
                            }
                        ]
                    }
                ]
            }
        ]
    },
    "Planning Time": 1.668,
    "Triggers": [],
    "Execution Time": 223.182
}