[
  {
    "Plan": {
      "Node Type": "Aggregate",
      "Strategy": "Plain",
      "Partial Mode": "Finalize",
      "Parallel Aware": false,
      "Startup Cost": 436489.53,
      "Total Cost": 436489.54,
      "Plan Rows": 1,
      "Plan Width": 8,
      "Actual Startup Time": 1618.718,
      "Actual Total Time": 1687.62,
      "Actual Rows": 1,
      "Actual Loops": 1,
      "Plans": [
        {
          "Node Type": "Gather",
          "Parent Relationship": "Outer",
          "Parallel Aware": false,
          "Startup Cost": 436488.9,
          "Total Cost": 436489.51,
          "Plan Rows": 6,
          "Plan Width": 8,
          "Actual Startup Time": 1600.544,
          "Actual Total Time": 1687.609,
          "Actual Rows": 7,
          "Actual Loops": 1,
          "Workers Planned": 6,
          "Workers Launched": 6,
          "Single Copy": false,
          "Plans": [
            {
              "Node Type": "Aggregate",
              "Strategy": "Plain",
              "Partial Mode": "Partial",
              "Parent Relationship": "Outer",
              "Parallel Aware": false,
              "Startup Cost": 435488.9,
              "Total Cost": 435488.91,
              "Plan Rows": 1,
              "Plan Width": 8,
              "Actual Startup Time": 1588.086,
              "Actual Total Time": 1588.094,
              "Actual Rows": 1,
              "Actual Loops": 7,
              "Plans": [
                {
                  "Node Type": "Hash Join",
                  "Parent Relationship": "Outer",
                  "Parallel Aware": true,
                  "Join Type": "Inner",
                  "Startup Cost": 96053.4,
                  "Total Cost": 433971.15,
                  "Plan Rows": 607103,
                  "Plan Width": 0,
                  "Actual Startup Time": 362.778,
                  "Actual Total Time": 1491.445,
                  "Actual Rows": 2171400,
                  "Actual Loops": 7,
                  "Inner Unique": false,
                  "Hash Cond": "(ci.movie_id = t.id)",
                  "Plans": [
                    {
                      "Node Type": "Seq Scan",
                      "Parent Relationship": "Outer",
                      "Parallel Aware": true,
                      "Relation Name": "cast_info",
                      "Alias": "ci",
                      "Startup Cost": 0.0,
                      "Total Cost": 328162.03,
                      "Plan Rows": 2079287,
                      "Plan Width": 4,
                      "Actual Startup Time": 0.022,
                      "Actual Total Time": 640.976,
                      "Actual Rows": 1810098,
                      "Actual Loops": 7,
                      "Filter": "(role_id = 1)",
                      "Rows Removed by Filter": 3367665
                    },
                    {
                      "Node Type": "Hash",
                      "Parent Relationship": "Inner",
                      "Parallel Aware": true,
                      "Startup Cost": 93076.77,
                      "Total Cost": 93076.77,
                      "Plan Rows": 238130,
                      "Plan Width": 8,
                      "Actual Startup Time": 359.332,
                      "Actual Total Time": 359.338,
                      "Actual Rows": 123303,
                      "Actual Loops": 7,
                      "Hash Buckets": 1048576,
                      "Original Hash Buckets": 1048576,
                      "Hash Batches": 1,
                      "Original Hash Batches": 1,
                      "Peak Memory Usage": 42048,
                      "Plans": [
                        {
                          "Node Type": "Hash Join",
                          "Parent Relationship": "Outer",
                          "Parallel Aware": true,
                          "Join Type": "Inner",
                          "Startup Cost": 49499.24,
                          "Total Cost": 93076.77,
                          "Plan Rows": 238130,
                          "Plan Width": 8,
                          "Actual Startup Time": 215.538,
                          "Actual Total Time": 317.533,
                          "Actual Rows": 123303,
                          "Actual Loops": 7,
                          "Inner Unique": true,
                          "Hash Cond": "(mk.movie_id = t.id)",
                          "Plans": [
                            {
                              "Node Type": "Seq Scan",
                              "Parent Relationship": "Outer",
                              "Parallel Aware": true,
                              "Relation Name": "movie_keyword",
                              "Alias": "mk",
                              "Startup Cost": 0.0,
                              "Total Cost": 42695.65,
                              "Plan Rows": 335953,
                              "Plan Width": 4,
                              "Actual Startup Time": 0.901,
                              "Actual Total Time": 64.632,
                              "Actual Rows": 148801,
                              "Actual Loops": 7,
                              "Filter": "(keyword_id > 17013)",
                              "Rows Removed by Filter": 497475
                            },
                            {
                              "Node Type": "Hash",
                              "Parent Relationship": "Inner",
                              "Parallel Aware": true,
                              "Startup Cost": 43898.92,
                              "Total Cost": 43898.92,
                              "Plan Rows": 448026,
                              "Plan Width": 4,
                              "Actual Startup Time": 211.661,
                              "Actual Total Time": 211.663,
                              "Actual Rows": 256308,
                              "Actual Loops": 7,
                              "Hash Buckets": 2097152,
                              "Original Hash Buckets": 2097152,
                              "Hash Batches": 1,
                              "Original Hash Batches": 1,
                              "Peak Memory Usage": 86688,
                              "Plans": [
                                {
                                  "Node Type": "Seq Scan",
                                  "Parent Relationship": "Outer",
                                  "Parallel Aware": true,
                                  "Relation Name": "title",
                                  "Alias": "t",
                                  "Startup Cost": 0.0,
                                  "Total Cost": 43898.92,
                                  "Plan Rows": 448026,
                                  "Plan Width": 4,
                                  "Actual Startup Time": 0.051,
                                  "Actual Total Time": 83.477,
                                  "Actual Rows": 256308,
                                  "Actual Loops": 7,
                                  "Filter": "(production_year < 2009)",
                                  "Rows Removed by Filter": 104880
                                }
                              ]
                            }
                          ]
                        }
                      ]
                    }
                  ]
                }
              ]
            }
          ]
        }
      ]
    },
    "Planning Time": 1.291,
    "Triggers": [],
    "Execution Time": 1687.723
  }
]