[
  {
    "Plan": {
      "Node Type": "Aggregate",
      "Strategy": "Plain",
      "Partial Mode": "Finalize",
      "Parallel Aware": false,
      "Startup Cost": 46361.52,
      "Total Cost": 46361.53,
      "Plan Rows": 1,
      "Plan Width": 8,
      "Actual Startup Time": 114.094,
      "Actual Total Time": 125.237,
      "Actual Rows": 1,
      "Actual Loops": 1,
      "Plans": [
        {
          "Node Type": "Gather",
          "Parent Relationship": "Outer",
          "Parallel Aware": false,
          "Startup Cost": 46361.1,
          "Total Cost": 46361.51,
          "Plan Rows": 4,
          "Plan Width": 8,
          "Actual Startup Time": 113.79,
          "Actual Total Time": 125.229,
          "Actual Rows": 5,
          "Actual Loops": 1,
          "Workers Planned": 4,
          "Workers Launched": 4,
          "Single Copy": false,
          "Plans": [
            {
              "Node Type": "Aggregate",
              "Strategy": "Plain",
              "Partial Mode": "Partial",
              "Parent Relationship": "Outer",
              "Parallel Aware": false,
              "Startup Cost": 45361.1,
              "Total Cost": 45361.11,
              "Plan Rows": 1,
              "Plan Width": 8,
              "Actual Startup Time": 108.014,
              "Actual Total Time": 108.015,
              "Actual Rows": 1,
              "Actual Loops": 5,
              "Plans": [
                {
                  "Node Type": "Seq Scan",
                  "Parent Relationship": "Outer",
                  "Parallel Aware": true,
                  "Relation Name": "title",
                  "Alias": "t",
                  "Startup Cost": 0.0,
                  "Total Cost": 43898.92,
                  "Plan Rows": 584872,
                  "Plan Width": 0,
                  "Actual Startup Time": 0.032,
                  "Actual Total Time": 87.499,
                  "Actual Rows": 467171,
                  "Actual Loops": 5,
                  "Filter": "(production_year > 1931)",
                  "Rows Removed by Filter": 38492
                }
              ]
            }
          ]
        }
      ]
    },
    "Planning Time": 0.073,
    "Triggers": [],
    "Execution Time": 125.27
  }
]