[
  {
    "Plan": {
      "Node Type": "Aggregate",
      "Strategy": "Plain",
      "Partial Mode": "Finalize",
      "Parallel Aware": false,
      "Startup Cost": 90795.17,
      "Total Cost": 90795.18,
      "Plan Rows": 1,
      "Plan Width": 8,
      "Actual Startup Time": 283.729,
      "Actual Total Time": 303.249,
      "Actual Rows": 1,
      "Actual Loops": 1,
      "Plans": [
        {
          "Node Type": "Gather",
          "Parent Relationship": "Outer",
          "Parallel Aware": false,
          "Startup Cost": 90794.96,
          "Total Cost": 90795.17,
          "Plan Rows": 2,
          "Plan Width": 8,
          "Actual Startup Time": 283.059,
          "Actual Total Time": 303.238,
          "Actual Rows": 3,
          "Actual Loops": 1,
          "Workers Planned": 2,
          "Workers Launched": 2,
          "Single Copy": false,
          "Plans": [
            {
              "Node Type": "Aggregate",
              "Strategy": "Plain",
              "Partial Mode": "Partial",
              "Parent Relationship": "Outer",
              "Parallel Aware": false,
              "Startup Cost": 89794.96,
              "Total Cost": 89794.97,
              "Plan Rows": 1,
              "Plan Width": 8,
              "Actual Startup Time": 275.251,
              "Actual Total Time": 275.254,
              "Actual Rows": 1,
              "Actual Loops": 3,
              "Plans": [
                {
                  "Node Type": "Nested Loop",
                  "Parent Relationship": "Outer",
                  "Parallel Aware": false,
                  "Join Type": "Inner",
                  "Startup Cost": 44203.54,
                  "Total Cost": 89728.55,
                  "Plan Rows": 26562,
                  "Plan Width": 0,
                  "Actual Startup Time": 125.615,
                  "Actual Total Time": 271.081,
                  "Actual Rows": 86007,
                  "Actual Loops": 3,
                  "Inner Unique": false,
                  "Join Filter": "(t.id = mk.movie_id)",
                  "Rows Removed by Join Filter": 0,
                  "Plans": [
                    {
                      "Node Type": "Hash Join",
                      "Parent Relationship": "Outer",
                      "Parallel Aware": true,
                      "Join Type": "Inner",
                      "Startup Cost": 44203.1,
                      "Total Cost": 60337.95,
                      "Plan Rows": 14845,
                      "Plan Width": 8,
                      "Actual Startup Time": 125.522,
                      "Actual Total Time": 204.06,
                      "Actual Rows": 12860,
                      "Actual Loops": 3,
                      "Inner Unique": true,
                      "Hash Cond": "(mi_idx.movie_id = t.id)",
                      "Plans": [
                        {
                          "Node Type": "Seq Scan",
                          "Parent Relationship": "Outer",
                          "Parallel Aware": true,
                          "Relation Name": "movie_info_idx",
                          "Alias": "mi_idx",
                          "Startup Cost": 0.0,
                          "Total Cost": 15122.68,
                          "Plan Rows": 385585,
                          "Plan Width": 4,
                          "Actual Startup Time": 0.028,
                          "Actual Total Time": 44.881,
                          "Actual Rows": 306703,
                          "Actual Loops": 3,
                          "Filter": "(info_type_id > 99)",
                          "Rows Removed by Filter": 153308
                        },
                        {
                          "Node Type": "Hash",
                          "Parent Relationship": "Inner",
                          "Parallel Aware": true,
                          "Startup Cost": 43898.92,
                          "Total Cost": 43898.92,
                          "Plan Rows": 24335,
                          "Plan Width": 4,
                          "Actual Startup Time": 123.557,
                          "Actual Total Time": 123.558,
                          "Actual Rows": 31668,
                          "Actual Loops": 3,
                          "Hash Buckets": 131072,
                          "Original Hash Buckets": 131072,
                          "Hash Batches": 1,
                          "Original Hash Batches": 1,
                          "Peak Memory Usage": 4768,
                          "Plans": [
                            {
                              "Node Type": "Seq Scan",
                              "Parent Relationship": "Outer",
                              "Parallel Aware": true,
                              "Relation Name": "title",
                              "Alias": "t",
                              "Startup Cost": 0.0,
                              "Total Cost": 43898.92,
                              "Plan Rows": 24335,
                              "Plan Width": 4,
                              "Actual Startup Time": 0.044,
                              "Actual Total Time": 112.898,
                              "Actual Rows": 31668,
                              "Actual Loops": 3,
                              "Filter": "(production_year = 2005)",
                              "Rows Removed by Filter": 811102
                            }
                          ]
                        }
                      ]
                    },
                    {
                      "Node Type": "Index Only Scan",
                      "Parent Relationship": "Inner",
                      "Parallel Aware": false,
                      "Scan Direction": "Forward",
                      "Index Name": "movie_id_movie_keyword",
                      "Relation Name": "movie_keyword",
                      "Alias": "mk",
                      "Startup Cost": 0.43,
                      "Total Cost": 1.42,
                      "Plan Rows": 45,
                      "Plan Width": 4,
                      "Actual Startup Time": 0.003,
                      "Actual Total Time": 0.004,
                      "Actual Rows": 7,
                      "Actual Loops": 38581,
                      "Index Cond": "(movie_id = mi_idx.movie_id)",
                      "Rows Removed by Index Recheck": 0,
                      "Heap Fetches": 258021
                    }
                  ]
                }
              ]
            }
          ]
        }
      ]
    },
    "Planning Time": 1.327,
    "Triggers": [],
    "Execution Time": 303.341
  }
]