[
    {
        "Bao": {
            "Bao prediction": 458.043,
            "Bao recommended hint": "SET enable_mergejoin TO off; SET enable_indexscan TO off; "
        }
    },
    {
        "Plan": {
            "Node Type": "Aggregate",
            "Strategy": "Plain",
            "Partial Mode": "Finalize",
            "Parallel Aware": false,
            "Startup Cost": 346273.58,
            "Total Cost": 346273.59,
            "Plan Rows": 1,
            "Plan Width": 8,
            "Actual Startup Time": 824.132,
            "Actual Total Time": 854.675,
            "Actual Rows": 1,
            "Actual Loops": 1,
            "Output": [
                "count(*)"
            ],
            "Plans": [
                {
                    "Node Type": "Gather",
                    "Parent Relationship": "Outer",
                    "Parallel Aware": false,
                    "Startup Cost": 346272.95,
                    "Total Cost": 346273.56,
                    "Plan Rows": 6,
                    "Plan Width": 8,
                    "Actual Startup Time": 824.012,
                    "Actual Total Time": 854.666,
                    "Actual Rows": 7,
                    "Actual Loops": 1,
                    "Output": [
                        "(PARTIAL count(*))"
                    ],
                    "Workers Planned": 6,
                    "Workers Launched": 6,
                    "Single Copy": false,
                    "Plans": [
                        {
                            "Node Type": "Aggregate",
                            "Strategy": "Plain",
                            "Partial Mode": "Partial",
                            "Parent Relationship": "Outer",
                            "Parallel Aware": false,
                            "Startup Cost": 345272.95,
                            "Total Cost": 345272.96,
                            "Plan Rows": 1,
                            "Plan Width": 8,
                            "Actual Startup Time": 814.677,
                            "Actual Total Time": 814.678,
                            "Actual Rows": 1,
                            "Actual Loops": 7,
                            "Output": [
                                "PARTIAL count(*)"
                            ],
                            "Workers": [
                                {
                                    "Worker Number": 0,
                                    "Actual Startup Time": 812.817,
                                    "Actual Total Time": 812.819,
                                    "Actual Rows": 1,
                                    "Actual Loops": 1
                                },
                                {
                                    "Worker Number": 1,
                                    "Actual Startup Time": 813.028,
                                    "Actual Total Time": 813.029,
                                    "Actual Rows": 1,
                                    "Actual Loops": 1
                                },
                                {
                                    "Worker Number": 2,
                                    "Actual Startup Time": 813.29,
                                    "Actual Total Time": 813.291,
                                    "Actual Rows": 1,
                                    "Actual Loops": 1
                                },
                                {
                                    "Worker Number": 3,
                                    "Actual Startup Time": 813.362,
                                    "Actual Total Time": 813.363,
                                    "Actual Rows": 1,
                                    "Actual Loops": 1
                                },
                                {
                                    "Worker Number": 4,
                                    "Actual Startup Time": 813.358,
                                    "Actual Total Time": 813.36,
                                    "Actual Rows": 1,
                                    "Actual Loops": 1
                                },
                                {
                                    "Worker Number": 5,
                                    "Actual Startup Time": 813.722,
                                    "Actual Total Time": 813.723,
                                    "Actual Rows": 1,
                                    "Actual Loops": 1
                                }
                            ],
                            "Plans": [
                                {
                                    "Node Type": "Seq Scan",
                                    "Parent Relationship": "Outer",
                                    "Parallel Aware": true,
                                    "Relation Name": "cast_info",
                                    "Schema": "public",
                                    "Alias": "ci",
                                    "Startup Cost": 0.0,
                                    "Total Cost": 343318.94,
                                    "Plan Rows": 781605,
                                    "Plan Width": 0,
                                    "Actual Startup Time": 251.456,
                                    "Actual Total Time": 751.667,
                                    "Actual Rows": 1064247,
                                    "Actual Loops": 7,
                                    "Output": [
                                        "id",
                                        "person_id",
                                        "movie_id",
                                        "person_role_id",
                                        "note",
                                        "nr_order",
                                        "role_id"
                                    ],
                                    "Filter": "((ci.person_id > 1330461) AND (ci.role_id = 2))",
                                    "Rows Removed by Filter": 4113516,
                                    "Workers": [
                                        {
                                            "Worker Number": 0,
                                            "Actual Startup Time": 249.592,
                                            "Actual Total Time": 750.176,
                                            "Actual Rows": 949939,
                                            "Actual Loops": 1
                                        },
                                        {
                                            "Worker Number": 1,
                                            "Actual Startup Time": 249.816,
                                            "Actual Total Time": 750.65,
                                            "Actual Rows": 952089,
                                            "Actual Loops": 1
                                        },
                                        {
                                            "Worker Number": 2,
                                            "Actual Startup Time": 250.055,
                                            "Actual Total Time": 750.655,
                                            "Actual Rows": 949265,
                                            "Actual Loops": 1
                                        },
                                        {
                                            "Worker Number": 3,
                                            "Actual Startup Time": 250.148,
                                            "Actual Total Time": 750.653,
                                            "Actual Rows": 951509,
                                            "Actual Loops": 1
                                        },
                                        {
                                            "Worker Number": 4,
                                            "Actual Startup Time": 250.139,
                                            "Actual Total Time": 750.746,
                                            "Actual Rows": 950609,
                                            "Actual Loops": 1
                                        },
                                        {
                                            "Worker Number": 5,
                                            "Actual Startup Time": 250.506,
                                            "Actual Total Time": 751.519,
                                            "Actual Rows": 942762,
                                            "Actual Loops": 1
                                        }
                                    ]
                                }
                            ]
                        }
                    ]
                }
            ]
        },
        "Planning Time": 1032.765,
        "Triggers": [],
        "Execution Time": 854.778
    }
]