{
  "Plan": {
    "Node Type": "Aggregate",
    "Strategy": "Plain",
    "Partial Mode": "Finalize",
    "Parallel Aware": false,
    "Startup Cost": 116362.03,
    "Total Cost": 116362.04,
    "Plan Rows": 1,
    "Plan Width": 8,
    "Actual Startup Time": 805.834,
    "Actual Total Time": 826.999,
    "Actual Rows": 1,
    "Actual Loops": 1,
    "Plans": [
      {
        "Node Type": "Gather",
        "Parent Relationship": "Outer",
        "Parallel Aware": false,
        "Startup Cost": 116361.91,
        "Total Cost": 116362.02,
        "Plan Rows": 1,
        "Plan Width": 8,
        "Actual Startup Time": 799.773,
        "Actual Total Time": 826.989,
        "Actual Rows": 2,
        "Actual Loops": 1,
        "Workers Planned": 1,
        "Workers Launched": 1,
        "Single Copy": false,
        "Plans": [
          {
            "Node Type": "Aggregate",
            "Strategy": "Plain",
            "Partial Mode": "Partial",
            "Parent Relationship": "Outer",
            "Parallel Aware": false,
            "Startup Cost": 115361.91,
            "Total Cost": 115361.92,
            "Plan Rows": 1,
            "Plan Width": 8,
            "Actual Startup Time": 787.465,
            "Actual Total Time": 787.471,
            "Actual Rows": 1,
            "Actual Loops": 2,
            "Plans": [
              {
                "Node Type": "Hash Join",
                "Parent Relationship": "Outer",
                "Parallel Aware": true,
                "Join Type": "Inner",
                "Startup Cost": 96107.39,
                "Total Cost": 115314.95,
                "Plan Rows": 18786,
                "Plan Width": 0,
                "Actual Startup Time": 656.087,
                "Actual Total Time": 784.853,
                "Actual Rows": 50770,
                "Actual Loops": 2,
                "Inner Unique": false,
                "Hash Cond": "(mi_idx.movie_id = t.id)",
                "Plans": [
                  {
                    "Node Type": "Seq Scan",
                    "Parent Relationship": "Outer",
                    "Parallel Aware": true,
                    "Relation Name": "movie_info_idx",
                    "Alias": "mi_idx",
                    "Startup Cost": 0.0,
                    "Total Cost": 16052.85,
                    "Plan Rows": 811785,
                    "Plan Width": 4,
                    "Actual Startup Time": 0.03,
                    "Actual Total Time": 55.881,
                    "Actual Rows": 690018,
                    "Actual Loops": 2
                  },
                  {
                    "Node Type": "Hash",
                    "Parent Relationship": "Inner",
                    "Parallel Aware": true,
                    "Startup Cost": 95677.17,
                    "Total Cost": 95677.17,
                    "Plan Rows": 34418,
                    "Plan Width": 8,
                    "Actual Startup Time": 654.642,
                    "Actual Total Time": 654.647,
                    "Actual Rows": 28802,
                    "Actual Loops": 2,
                    "Hash Buckets": 65536,
                    "Original Hash Buckets": 65536,
                    "Hash Batches": 1,
                    "Original Hash Batches": 1,
                    "Peak Memory Usage": 2784,
                    "Plans": [
                      {
                        "Node Type": "Hash Join",
                        "Parent Relationship": "Outer",
                        "Parallel Aware": true,
                        "Join Type": "Inner",
                        "Startup Cost": 70702.59,
                        "Total Cost": 95677.17,
                        "Plan Rows": 34418,
                        "Plan Width": 8,
                        "Actual Startup Time": 596.184,
                        "Actual Total Time": 646.946,
                        "Actual Rows": 28802,
                        "Actual Loops": 2,
                        "Inner Unique": true,
                        "Hash Cond": "(mk.movie_id = t.id)",
                        "Plans": [
                          {
                            "Node Type": "Bitmap Heap Scan",
                            "Parent Relationship": "Outer",
                            "Parallel Aware": true,
                            "Relation Name": "movie_keyword",
                            "Alias": "mk",
                            "Startup Cost": 1241.89,
                            "Total Cost": 26126.12,
                            "Plan Rows": 34418,
                            "Plan Width": 4,
                            "Actual Startup Time": 10.778,
                            "Actual Total Time": 40.335,
                            "Actual Rows": 28802,
                            "Actual Loops": 2,
                            "Recheck Cond": "(keyword_id < 56)",
                            "Rows Removed by Index Recheck": 0,
                            "Exact Heap Blocks": 12826,
                            "Lossy Heap Blocks": 0,
                            "Plans": [
                              {
                                "Node Type": "Bitmap Index Scan",
                                "Parent Relationship": "Outer",
                                "Parallel Aware": false,
                                "Index Name": "keyword_id_movie_keyword",
                                "Startup Cost": 0.0,
                                "Total Cost": 1227.26,
                                "Plan Rows": 58511,
                                "Plan Width": 0,
                                "Actual Startup Time": 6.748,
                                "Actual Total Time": 6.748,
                                "Actual Rows": 57603,
                                "Actual Loops": 1,
                                "Index Cond": "(keyword_id < 56)"
                              }
                            ]
                          },
                          {
                            "Node Type": "Hash",
                            "Parent Relationship": "Inner",
                            "Parallel Aware": true,
                            "Startup Cost": 50870.31,
                            "Total Cost": 50870.31,
                            "Plan Rows": 1487231,
                            "Plan Width": 4,
                            "Actual Startup Time": 564.989,
                            "Actual Total Time": 564.99,
                            "Actual Rows": 1264156,
                            "Actual Loops": 2,
                            "Hash Buckets": 4194304,
                            "Original Hash Buckets": 4194304,
                            "Hash Batches": 1,
                            "Original Hash Batches": 1,
                            "Peak Memory Usage": 131680,
                            "Plans": [
                              {
                                "Node Type": "Seq Scan",
                                "Parent Relationship": "Outer",
                                "Parallel Aware": true,
                                "Relation Name": "title",
                                "Alias": "t",
                                "Startup Cost": 0.0,
                                "Total Cost": 50870.31,
                                "Plan Rows": 1487231,
                                "Plan Width": 4,
                                "Actual Startup Time": 0.026,
                                "Actual Total Time": 177.811,
                                "Actual Rows": 1264156,
                                "Actual Loops": 2
                              }
                            ]
                          }
                        ]
                      }
                    ]
                  }
                ]
              }
            ]
          }
        ]
      }
    ]
  },
  "Planning Time": 1.082,
  "Triggers": [],
  "Execution Time": 827.1
}