[
  {
    "Plan": {
      "Node Type": "Aggregate",
      "Strategy": "Plain",
      "Partial Mode": "Finalize",
      "Parallel Aware": false,
      "Startup Cost": 18500.93,
      "Total Cost": 18500.94,
      "Plan Rows": 1,
      "Plan Width": 8,
      "Actual Startup Time": 13.901,
      "Actual Total Time": 16.069,
      "Actual Rows": 1,
      "Actual Loops": 1,
      "Plans": [
        {
          "Node Type": "Gather",
          "Parent Relationship": "Outer",
          "Parallel Aware": false,
          "Startup Cost": 18500.82,
          "Total Cost": 18500.93,
          "Plan Rows": 1,
          "Plan Width": 8,
          "Actual Startup Time": 13.527,
          "Actual Total Time": 16.063,
          "Actual Rows": 2,
          "Actual Loops": 1,
          "Workers Planned": 1,
          "Workers Launched": 1,
          "Single Copy": false,
          "Plans": [
            {
              "Node Type": "Aggregate",
              "Strategy": "Plain",
              "Partial Mode": "Partial",
              "Parent Relationship": "Outer",
              "Parallel Aware": false,
              "Startup Cost": 17500.82,
              "Total Cost": 17500.83,
              "Plan Rows": 1,
              "Plan Width": 8,
              "Actual Startup Time": 7.69,
              "Actual Total Time": 7.692,
              "Actual Rows": 1,
              "Actual Loops": 2,
              "Plans": [
                {
                  "Node Type": "Nested Loop",
                  "Parent Relationship": "Outer",
                  "Parallel Aware": false,
                  "Join Type": "Inner",
                  "Startup Cost": 55.06,
                  "Total Cost": 17498.26,
                  "Plan Rows": 1021,
                  "Plan Width": 0,
                  "Actual Startup Time": 0.661,
                  "Actual Total Time": 7.566,
                  "Actual Rows": 1024,
                  "Actual Loops": 2,
                  "Inner Unique": true,
                  "Plans": [
                    {
                      "Node Type": "Bitmap Heap Scan",
                      "Parent Relationship": "Outer",
                      "Parallel Aware": true,
                      "Relation Name": "movie_companies",
                      "Alias": "mc",
                      "Startup Cost": 54.63,
                      "Total Cost": 6638.12,
                      "Plan Rows": 1381,
                      "Plan Width": 4,
                      "Actual Startup Time": 0.531,
                      "Actual Total Time": 1.794,
                      "Actual Rows": 1082,
                      "Actual Loops": 2,
                      "Recheck Cond": "(company_id = 439)",
                      "Rows Removed by Index Recheck": 0,
                      "Exact Heap Blocks": 917,
                      "Lossy Heap Blocks": 0,
                      "Plans": [
                        {
                          "Node Type": "Bitmap Index Scan",
                          "Parent Relationship": "Outer",
                          "Parallel Aware": false,
                          "Index Name": "company_id_movie_companies",
                          "Startup Cost": 0.0,
                          "Total Cost": 54.04,
                          "Plan Rows": 2348,
                          "Plan Width": 0,
                          "Actual Startup Time": 0.792,
                          "Actual Total Time": 0.793,
                          "Actual Rows": 2164,
                          "Actual Loops": 1,
                          "Index Cond": "(company_id = 439)"
                        }
                      ]
                    },
                    {
                      "Node Type": "Index Scan",
                      "Parent Relationship": "Inner",
                      "Parallel Aware": false,
                      "Scan Direction": "Forward",
                      "Index Name": "title_pkey",
                      "Relation Name": "title",
                      "Alias": "t",
                      "Startup Cost": 0.43,
                      "Total Cost": 7.86,
                      "Plan Rows": 1,
                      "Plan Width": 4,
                      "Actual Startup Time": 0.005,
                      "Actual Total Time": 0.005,
                      "Actual Rows": 1,
                      "Actual Loops": 2164,
                      "Index Cond": "(id = mc.movie_id)",
                      "Rows Removed by Index Recheck": 0,
                      "Filter": "(kind_id > 1)",
                      "Rows Removed by Filter": 0
                    }
                  ]
                }
              ]
            }
          ]
        }
      ]
    },
    "Planning Time": 0.29,
    "Triggers": [],
    "Execution Time": 16.122
  }
]