[
  {
    "Plan": {
      "Node Type": "Aggregate",
      "Strategy": "Plain",
      "Partial Mode": "Finalize",
      "Parallel Aware": false,
      "Startup Cost": 345997.6,
      "Total Cost": 345997.61,
      "Plan Rows": 1,
      "Plan Width": 8,
      "Actual Startup Time": 603.215,
      "Actual Total Time": 648.531,
      "Actual Rows": 1,
      "Actual Loops": 1,
      "Plans": [
        {
          "Node Type": "Gather",
          "Parent Relationship": "Outer",
          "Parallel Aware": false,
          "Startup Cost": 345996.97,
          "Total Cost": 345997.58,
          "Plan Rows": 6,
          "Plan Width": 8,
          "Actual Startup Time": 603.06,
          "Actual Total Time": 648.522,
          "Actual Rows": 7,
          "Actual Loops": 1,
          "Workers Planned": 6,
          "Workers Launched": 6,
          "Single Copy": false,
          "Plans": [
            {
              "Node Type": "Aggregate",
              "Strategy": "Plain",
              "Partial Mode": "Partial",
              "Parent Relationship": "Outer",
              "Parallel Aware": false,
              "Startup Cost": 344996.97,
              "Total Cost": 344996.98,
              "Plan Rows": 1,
              "Plan Width": 8,
              "Actual Startup Time": 598.367,
              "Actual Total Time": 598.368,
              "Actual Rows": 1,
              "Actual Loops": 7,
              "Plans": [
                {
                  "Node Type": "Seq Scan",
                  "Parent Relationship": "Outer",
                  "Parallel Aware": true,
                  "Relation Name": "cast_info",
                  "Alias": "ci",
                  "Startup Cost": 0.0,
                  "Total Cost": 343316.27,
                  "Plan Rows": 672280,
                  "Plan Width": 0,
                  "Actual Startup Time": 358.271,
                  "Actual Total Time": 561.023,
                  "Actual Rows": 879451,
                  "Actual Loops": 7,
                  "Filter": "((person_id > 3034952) AND (role_id > 1))",
                  "Rows Removed by Filter": 4298312
                }
              ]
            }
          ]
        }
      ]
    },
    "Planning Time": 0.063,
    "Triggers": [],
    "Execution Time": 648.564
  }
]