[
    {
        "Bao": {
            "Bao prediction": "NaN",
            "Bao recommended hint": "(no hint)"
        }
    },
    {
        "Plan": {
            "Node Type": "Aggregate",
            "Strategy": "Plain",
            "Partial Mode": "Finalize",
            "Parallel Aware": false,
            "Startup Cost": 69761.62,
            "Total Cost": 69761.63,
            "Plan Rows": 1,
            "Plan Width": 8,
            "Actual Startup Time": 185.99,
            "Actual Total Time": 194.389,
            "Actual Rows": 1,
            "Actual Loops": 1,
            "Output": [
                "count(*)"
            ],
            "Plans": [
                {
                    "Node Type": "Gather",
                    "Parent Relationship": "Outer",
                    "Parallel Aware": false,
                    "Startup Cost": 69761.3,
                    "Total Cost": 69761.61,
                    "Plan Rows": 3,
                    "Plan Width": 8,
                    "Actual Startup Time": 183.856,
                    "Actual Total Time": 194.379,
                    "Actual Rows": 4,
                    "Actual Loops": 1,
                    "Output": [
                        "(PARTIAL count(*))"
                    ],
                    "Workers Planned": 3,
                    "Workers Launched": 3,
                    "Single Copy": false,
                    "Plans": [
                        {
                            "Node Type": "Aggregate",
                            "Strategy": "Plain",
                            "Partial Mode": "Partial",
                            "Parent Relationship": "Outer",
                            "Parallel Aware": false,
                            "Startup Cost": 68761.3,
                            "Total Cost": 68761.31,
                            "Plan Rows": 1,
                            "Plan Width": 8,
                            "Actual Startup Time": 174.779,
                            "Actual Total Time": 174.783,
                            "Actual Rows": 1,
                            "Actual Loops": 4,
                            "Output": [
                                "PARTIAL count(*)"
                            ],
                            "Workers": [
                                {
                                    "Worker Number": 0,
                                    "Actual Startup Time": 171.257,
                                    "Actual Total Time": 171.26,
                                    "Actual Rows": 1,
                                    "Actual Loops": 1
                                },
                                {
                                    "Worker Number": 1,
                                    "Actual Startup Time": 172.053,
                                    "Actual Total Time": 172.056,
                                    "Actual Rows": 1,
                                    "Actual Loops": 1
                                },
                                {
                                    "Worker Number": 2,
                                    "Actual Startup Time": 172.421,
                                    "Actual Total Time": 172.424,
                                    "Actual Rows": 1,
                                    "Actual Loops": 1
                                }
                            ],
                            "Plans": [
                                {
                                    "Node Type": "Hash Join",
                                    "Parent Relationship": "Outer",
                                    "Parallel Aware": true,
                                    "Join Type": "Inner",
                                    "Startup Cost": 49250.9,
                                    "Total Cost": 68752.24,
                                    "Plan Rows": 3627,
                                    "Plan Width": 0,
                                    "Actual Startup Time": 149.224,
                                    "Actual Total Time": 174.131,
                                    "Actual Rows": 9921,
                                    "Actual Loops": 4,
                                    "Inner Unique": true,
                                    "Hash Cond": "(mc.movie_id = t.id)",
                                    "Workers": [
                                        {
                                            "Worker Number": 0,
                                            "Actual Startup Time": 145.736,
                                            "Actual Total Time": 170.645,
                                            "Actual Rows": 10239,
                                            "Actual Loops": 1
                                        },
                                        {
                                            "Worker Number": 1,
                                            "Actual Startup Time": 146.484,
                                            "Actual Total Time": 171.484,
                                            "Actual Rows": 11406,
                                            "Actual Loops": 1
                                        },
                                        {
                                            "Worker Number": 2,
                                            "Actual Startup Time": 146.737,
                                            "Actual Total Time": 171.751,
                                            "Actual Rows": 8004,
                                            "Actual Loops": 1
                                        }
                                    ],
                                    "Plans": [
                                        {
                                            "Node Type": "Bitmap Heap Scan",
                                            "Parent Relationship": "Outer",
                                            "Parallel Aware": true,
                                            "Relation Name": "movie_companies",
                                            "Schema": "public",
                                            "Alias": "mc",
                                            "Startup Cost": 3162.33,
                                            "Total Cost": 22540.21,
                                            "Plan Rows": 47030,
                                            "Plan Width": 4,
                                            "Actual Startup Time": 9.599,
                                            "Actual Total Time": 22.105,
                                            "Actual Rows": 37149,
                                            "Actual Loops": 4,
                                            "Output": [
                                                "mc.id",
                                                "mc.movie_id",
                                                "mc.company_id",
                                                "mc.company_type_id",
                                                "mc.note"
                                            ],
                                            "Recheck Cond": "(mc.company_id > 132724)",
                                            "Rows Removed by Index Recheck": 0,
                                            "Exact Heap Blocks": 976,
                                            "Lossy Heap Blocks": 0,
                                            "Workers": [
                                                {
                                                    "Worker Number": 0,
                                                    "Actual Startup Time": 9.582,
                                                    "Actual Total Time": 22.599,
                                                    "Actual Rows": 38583,
                                                    "Actual Loops": 1
                                                },
                                                {
                                                    "Worker Number": 1,
                                                    "Actual Startup Time": 9.533,
                                                    "Actual Total Time": 22.23,
                                                    "Actual Rows": 42450,
                                                    "Actual Loops": 1
                                                },
                                                {
                                                    "Worker Number": 2,
                                                    "Actual Startup Time": 9.651,
                                                    "Actual Total Time": 22.809,
                                                    "Actual Rows": 30094,
                                                    "Actual Loops": 1
                                                }
                                            ],
                                            "Plans": [
                                                {
                                                    "Node Type": "Bitmap Index Scan",
                                                    "Parent Relationship": "Outer",
                                                    "Parallel Aware": false,
                                                    "Index Name": "company_id_movie_companies",
                                                    "Startup Cost": 0.0,
                                                    "Total Cost": 3125.88,
                                                    "Plan Rows": 145794,
                                                    "Plan Width": 0,
                                                    "Actual Startup Time": 8.984,
                                                    "Actual Total Time": 8.984,
                                                    "Actual Rows": 148597,
                                                    "Actual Loops": 1,
                                                    "Index Cond": "(mc.company_id > 132724)",
                                                    "Workers": [
                                                        {
                                                            "Worker Number": 1,
                                                            "Actual Startup Time": 8.984,
                                                            "Actual Total Time": 8.984,
                                                            "Actual Rows": 148597,
                                                            "Actual Loops": 1
                                                        }
                                                    ]
                                                }
                                            ]
                                        },
                                        {
                                            "Node Type": "Hash",
                                            "Parent Relationship": "Inner",
                                            "Parallel Aware": true,
                                            "Startup Cost": 45479.21,
                                            "Total Cost": 45479.21,
                                            "Plan Rows": 48749,
                                            "Plan Width": 4,
                                            "Actual Startup Time": 137.736,
                                            "Actual Total Time": 137.737,
                                            "Actual Rows": 81508,
                                            "Actual Loops": 4,
                                            "Output": [
                                                "t.id"
                                            ],
                                            "Hash Buckets": 524288,
                                            "Original Hash Buckets": 262144,
                                            "Hash Batches": 1,
                                            "Original Hash Batches": 1,
                                            "Peak Memory Usage": 18976,
                                            "Workers": [
                                                {
                                                    "Worker Number": 0,
                                                    "Actual Startup Time": 135.758,
                                                    "Actual Total Time": 135.758,
                                                    "Actual Rows": 89201,
                                                    "Actual Loops": 1
                                                },
                                                {
                                                    "Worker Number": 1,
                                                    "Actual Startup Time": 136.569,
                                                    "Actual Total Time": 136.57,
                                                    "Actual Rows": 93681,
                                                    "Actual Loops": 1
                                                },
                                                {
                                                    "Worker Number": 2,
                                                    "Actual Startup Time": 136.673,
                                                    "Actual Total Time": 136.674,
                                                    "Actual Rows": 65001,
                                                    "Actual Loops": 1
                                                }
                                            ],
                                            "Plans": [
                                                {
                                                    "Node Type": "Seq Scan",
                                                    "Parent Relationship": "Outer",
                                                    "Parallel Aware": true,
                                                    "Relation Name": "title",
                                                    "Schema": "public",
                                                    "Alias": "t",
                                                    "Startup Cost": 0.0,
                                                    "Total Cost": 45479.21,
                                                    "Plan Rows": 48749,
                                                    "Plan Width": 4,
                                                    "Actual Startup Time": 58.852,
                                                    "Actual Total Time": 102.45,
                                                    "Actual Rows": 81508,
                                                    "Actual Loops": 4,
                                                    "Output": [
                                                        "t.id"
                                                    ],
                                                    "Filter": "((t.production_year < 1992) AND (t.kind_id = 1))",
                                                    "Rows Removed by Filter": 550570,
                                                    "Workers": [
                                                        {
                                                            "Worker Number": 0,
                                                            "Actual Startup Time": 56.839,
                                                            "Actual Total Time": 100.558,
                                                            "Actual Rows": 89201,
                                                            "Actual Loops": 1
                                                        },
                                                        {
                                                            "Worker Number": 1,
                                                            "Actual Startup Time": 57.658,
                                                            "Actual Total Time": 100.619,
                                                            "Actual Rows": 93681,
                                                            "Actual Loops": 1
                                                        },
                                                        {
                                                            "Worker Number": 2,
                                                            "Actual Startup Time": 57.732,
                                                            "Actual Total Time": 103.293,
                                                            "Actual Rows": 65001,
                                                            "Actual Loops": 1
                                                        }
                                                    ]
                                                }
                                            ]
                                        }
                                    ]
                                }
                            ]
                        }
                    ]
                }
            ]
        },
        "Planning Time": 268.237,
        "Triggers": [],
        "Execution Time": 194.481
    }
]