[
  {
    "Plan": {
      "Node Type": "Aggregate",
      "Strategy": "Plain",
      "Partial Mode": "Simple",
      "Parallel Aware": false,
      "Startup Cost": 1135.29,
      "Total Cost": 1135.3,
      "Plan Rows": 1,
      "Plan Width": 8,
      "Actual Startup Time": 0.984,
      "Actual Total Time": 0.986,
      "Actual Rows": 1,
      "Actual Loops": 1,
      "Plans": [
        {
          "Node Type": "Nested Loop",
          "Parent Relationship": "Outer",
          "Parallel Aware": false,
          "Join Type": "Inner",
          "Startup Cost": 0.86,
          "Total Cost": 1135.05,
          "Plan Rows": 96,
          "Plan Width": 0,
          "Actual Startup Time": 0.163,
          "Actual Total Time": 0.96,
          "Actual Rows": 82,
          "Actual Loops": 1,
          "Inner Unique": true,
          "Plans": [
            {
              "Node Type": "Index Scan",
              "Parent Relationship": "Outer",
              "Parallel Aware": false,
              "Scan Direction": "Forward",
              "Index Name": "company_id_movie_companies",
              "Relation Name": "movie_companies",
              "Alias": "mc",
              "Startup Cost": 0.43,
              "Total Cost": 273.15,
              "Plan Rows": 102,
              "Plan Width": 4,
              "Actual Startup Time": 0.138,
              "Actual Total Time": 0.231,
              "Actual Rows": 83,
              "Actual Loops": 1,
              "Index Cond": "(company_id = 73536)",
              "Rows Removed by Index Recheck": 0
            },
            {
              "Node Type": "Index Scan",
              "Parent Relationship": "Inner",
              "Parallel Aware": false,
              "Scan Direction": "Forward",
              "Index Name": "title_pkey",
              "Relation Name": "title",
              "Alias": "t",
              "Startup Cost": 0.43,
              "Total Cost": 8.45,
              "Plan Rows": 1,
              "Plan Width": 4,
              "Actual Startup Time": 0.008,
              "Actual Total Time": 0.008,
              "Actual Rows": 1,
              "Actual Loops": 83,
              "Index Cond": "(id = mc.movie_id)",
              "Rows Removed by Index Recheck": 0,
              "Filter": "(production_year < 2013)",
              "Rows Removed by Filter": 0
            }
          ]
        }
      ]
    },
    "Planning Time": 0.491,
    "Triggers": [],
    "Execution Time": 1.032
  }
]