[
  {
    "Plan": {
      "Node Type": "Aggregate",
      "Strategy": "Plain",
      "Partial Mode": "Finalize",
      "Parallel Aware": false,
      "Startup Cost": 133078.85,
      "Total Cost": 133078.86,
      "Plan Rows": 1,
      "Plan Width": 8,
      "Actual Startup Time": 767.804,
      "Actual Total Time": 810.105,
      "Actual Rows": 1,
      "Actual Loops": 1,
      "Plans": [
        {
          "Node Type": "Gather",
          "Parent Relationship": "Outer",
          "Parallel Aware": false,
          "Startup Cost": 133078.54,
          "Total Cost": 133078.85,
          "Plan Rows": 3,
          "Plan Width": 8,
          "Actual Startup Time": 760.48,
          "Actual Total Time": 810.093,
          "Actual Rows": 4,
          "Actual Loops": 1,
          "Workers Planned": 3,
          "Workers Launched": 3,
          "Single Copy": false,
          "Plans": [
            {
              "Node Type": "Aggregate",
              "Strategy": "Plain",
              "Partial Mode": "Partial",
              "Parent Relationship": "Outer",
              "Parallel Aware": false,
              "Startup Cost": 132078.54,
              "Total Cost": 132078.55,
              "Plan Rows": 1,
              "Plan Width": 8,
              "Actual Startup Time": 747.898,
              "Actual Total Time": 747.905,
              "Actual Rows": 1,
              "Actual Loops": 4,
              "Plans": [
                {
                  "Node Type": "Nested Loop",
                  "Parent Relationship": "Outer",
                  "Parallel Aware": false,
                  "Join Type": "Inner",
                  "Startup Cost": 51762.72,
                  "Total Cost": 131843.12,
                  "Plan Rows": 94167,
                  "Plan Width": 0,
                  "Actual Startup Time": 275.569,
                  "Actual Total Time": 727.869,
                  "Actual Rows": 437005,
                  "Actual Loops": 4,
                  "Inner Unique": false,
                  "Plans": [
                    {
                      "Node Type": "Hash Join",
                      "Parent Relationship": "Outer",
                      "Parallel Aware": true,
                      "Join Type": "Inner",
                      "Startup Cost": 51762.29,
                      "Total Cost": 76838.56,
                      "Plan Rows": 26841,
                      "Plan Width": 8,
                      "Actual Startup Time": 275.487,
                      "Actual Total Time": 316.925,
                      "Actual Rows": 17110,
                      "Actual Loops": 4,
                      "Inner Unique": true,
                      "Hash Cond": "(mk.movie_id = t.id)",
                      "Plans": [
                        {
                          "Node Type": "Bitmap Heap Scan",
                          "Parent Relationship": "Outer",
                          "Parallel Aware": true,
                          "Relation Name": "movie_keyword",
                          "Alias": "mk",
                          "Startup Cost": 2708.86,
                          "Total Cost": 27677.13,
                          "Plan Rows": 41142,
                          "Plan Width": 4,
                          "Actual Startup Time": 10.898,
                          "Actual Total Time": 35.999,
                          "Actual Rows": 31022,
                          "Actual Loops": 4,
                          "Recheck Cond": "(keyword_id > 77338)",
                          "Rows Removed by Index Recheck": 0,
                          "Exact Heap Blocks": 6119,
                          "Lossy Heap Blocks": 0,
                          "Plans": [
                            {
                              "Node Type": "Bitmap Index Scan",
                              "Parent Relationship": "Outer",
                              "Parallel Aware": false,
                              "Index Name": "keyword_id_movie_keyword",
                              "Startup Cost": 0.0,
                              "Total Cost": 2676.97,
                              "Plan Rows": 127539,
                              "Plan Width": 0,
                              "Actual Startup Time": 8.108,
                              "Actual Total Time": 8.109,
                              "Actual Rows": 124088,
                              "Actual Loops": 1,
                              "Index Cond": "(keyword_id > 77338)"
                            }
                          ]
                        },
                        {
                          "Node Type": "Hash",
                          "Parent Relationship": "Inner",
                          "Parallel Aware": true,
                          "Startup Cost": 43898.92,
                          "Total Cost": 43898.92,
                          "Plan Rows": 412361,
                          "Plan Width": 4,
                          "Actual Startup Time": 257.073,
                          "Actual Total Time": 257.074,
                          "Actual Rows": 410878,
                          "Actual Loops": 4,
                          "Hash Buckets": 2097152,
                          "Original Hash Buckets": 2097152,
                          "Hash Batches": 1,
                          "Original Hash Batches": 1,
                          "Peak Memory Usage": 80704,
                          "Plans": [
                            {
                              "Node Type": "Seq Scan",
                              "Parent Relationship": "Outer",
                              "Parallel Aware": true,
                              "Relation Name": "title",
                              "Alias": "t",
                              "Startup Cost": 0.0,
                              "Total Cost": 43898.92,
                              "Plan Rows": 412361,
                              "Plan Width": 4,
                              "Actual Startup Time": 0.034,
                              "Actual Total Time": 107.233,
                              "Actual Rows": 410878,
                              "Actual Loops": 4,
                              "Filter": "(production_year > 1994)",
                              "Rows Removed by Filter": 221200
                            }
                          ]
                        }
                      ]
                    },
                    {
                      "Node Type": "Index Scan",
                      "Parent Relationship": "Inner",
                      "Parallel Aware": false,
                      "Scan Direction": "Forward",
                      "Index Name": "movie_id_movie_info",
                      "Relation Name": "movie_info",
                      "Alias": "mi",
                      "Startup Cost": 0.43,
                      "Total Cost": 1.8,
                      "Plan Rows": 25,
                      "Plan Width": 4,
                      "Actual Startup Time": 0.004,
                      "Actual Total Time": 0.022,
                      "Actual Rows": 26,
                      "Actual Loops": 68439,
                      "Index Cond": "(movie_id = t.id)",
                      "Rows Removed by Index Recheck": 0,
                      "Filter": "(info_type_id < 15)",
                      "Rows Removed by Filter": 56
                    }
                  ]
                }
              ]
            }
          ]
        }
      ]
    },
    "Planning Time": 1.393,
    "Triggers": [],
    "Execution Time": 810.227
  }
]