[
    {
        "Bao": {
            "Bao prediction": "NaN",
            "Bao recommended hint": "(no hint)"
        }
    },
    {
        "Plan": {
            "Node Type": "Aggregate",
            "Strategy": "Plain",
            "Partial Mode": "Finalize",
            "Parallel Aware": false,
            "Startup Cost": 273416.52,
            "Total Cost": 273416.53,
            "Plan Rows": 1,
            "Plan Width": 8,
            "Actual Startup Time": 973.528,
            "Actual Total Time": 1002.565,
            "Actual Rows": 1,
            "Actual Loops": 1,
            "Output": [
                "count(*)"
            ],
            "Plans": [
                {
                    "Node Type": "Gather",
                    "Parent Relationship": "Outer",
                    "Parallel Aware": false,
                    "Startup Cost": 273416.0,
                    "Total Cost": 273416.51,
                    "Plan Rows": 5,
                    "Plan Width": 8,
                    "Actual Startup Time": 963.871,
                    "Actual Total Time": 1002.554,
                    "Actual Rows": 6,
                    "Actual Loops": 1,
                    "Output": [
                        "(PARTIAL count(*))"
                    ],
                    "Workers Planned": 5,
                    "Workers Launched": 5,
                    "Single Copy": false,
                    "Plans": [
                        {
                            "Node Type": "Aggregate",
                            "Strategy": "Plain",
                            "Partial Mode": "Partial",
                            "Parent Relationship": "Outer",
                            "Parallel Aware": false,
                            "Startup Cost": 272416.0,
                            "Total Cost": 272416.01,
                            "Plan Rows": 1,
                            "Plan Width": 8,
                            "Actual Startup Time": 952.899,
                            "Actual Total Time": 953.174,
                            "Actual Rows": 1,
                            "Actual Loops": 6,
                            "Output": [
                                "PARTIAL count(*)"
                            ],
                            "Workers": [
                                {
                                    "Worker Number": 0,
                                    "Actual Startup Time": 950.643,
                                    "Actual Total Time": 950.648,
                                    "Actual Rows": 1,
                                    "Actual Loops": 1
                                },
                                {
                                    "Worker Number": 1,
                                    "Actual Startup Time": 950.61,
                                    "Actual Total Time": 950.615,
                                    "Actual Rows": 1,
                                    "Actual Loops": 1
                                },
                                {
                                    "Worker Number": 2,
                                    "Actual Startup Time": 951.228,
                                    "Actual Total Time": 951.234,
                                    "Actual Rows": 1,
                                    "Actual Loops": 1
                                },
                                {
                                    "Worker Number": 3,
                                    "Actual Startup Time": 950.858,
                                    "Actual Total Time": 950.863,
                                    "Actual Rows": 1,
                                    "Actual Loops": 1
                                },
                                {
                                    "Worker Number": 4,
                                    "Actual Startup Time": 950.858,
                                    "Actual Total Time": 950.862,
                                    "Actual Rows": 1,
                                    "Actual Loops": 1
                                }
                            ],
                            "Plans": [
                                {
                                    "Node Type": "Hash Join",
                                    "Parent Relationship": "Outer",
                                    "Parallel Aware": true,
                                    "Join Type": "Inner",
                                    "Startup Cost": 66032.66,
                                    "Total Cost": 270985.82,
                                    "Plan Rows": 572074,
                                    "Plan Width": 0,
                                    "Actual Startup Time": 258.509,
                                    "Actual Total Time": 935.48,
                                    "Actual Rows": 320901,
                                    "Actual Loops": 6,
                                    "Inner Unique": false,
                                    "Hash Cond": "(mi.movie_id = t.id)",
                                    "Workers": [
                                        {
                                            "Worker Number": 0,
                                            "Actual Startup Time": 256.235,
                                            "Actual Total Time": 932.833,
                                            "Actual Rows": 273177,
                                            "Actual Loops": 1
                                        },
                                        {
                                            "Worker Number": 1,
                                            "Actual Startup Time": 256.423,
                                            "Actual Total Time": 933.343,
                                            "Actual Rows": 260691,
                                            "Actual Loops": 1
                                        },
                                        {
                                            "Worker Number": 2,
                                            "Actual Startup Time": 256.239,
                                            "Actual Total Time": 933.242,
                                            "Actual Rows": 251544,
                                            "Actual Loops": 1
                                        },
                                        {
                                            "Worker Number": 3,
                                            "Actual Startup Time": 256.827,
                                            "Actual Total Time": 933.092,
                                            "Actual Rows": 260718,
                                            "Actual Loops": 1
                                        },
                                        {
                                            "Worker Number": 4,
                                            "Actual Startup Time": 256.4,
                                            "Actual Total Time": 934.67,
                                            "Actual Rows": 405414,
                                            "Actual Loops": 1
                                        }
                                    ],
                                    "Plans": [
                                        {
                                            "Node Type": "Seq Scan",
                                            "Parent Relationship": "Outer",
                                            "Parallel Aware": true,
                                            "Relation Name": "movie_info",
                                            "Schema": "public",
                                            "Alias": "mi",
                                            "Startup Cost": 0.0,
                                            "Total Cost": 191503.19,
                                            "Plan Rows": 2951019,
                                            "Plan Width": 4,
                                            "Actual Startup Time": 0.031,
                                            "Actual Total Time": 329.922,
                                            "Actual Rows": 2472620,
                                            "Actual Loops": 6,
                                            "Output": [
                                                "mi.id",
                                                "mi.movie_id",
                                                "mi.info_type_id",
                                                "mi.info",
                                                "mi.note"
                                            ],
                                            "Workers": [
                                                {
                                                    "Worker Number": 0,
                                                    "Actual Startup Time": 0.04,
                                                    "Actual Total Time": 339.334,
                                                    "Actual Rows": 1989034,
                                                    "Actual Loops": 1
                                                },
                                                {
                                                    "Worker Number": 1,
                                                    "Actual Startup Time": 0.035,
                                                    "Actual Total Time": 338.936,
                                                    "Actual Rows": 1949936,
                                                    "Actual Loops": 1
                                                },
                                                {
                                                    "Worker Number": 2,
                                                    "Actual Startup Time": 0.033,
                                                    "Actual Total Time": 340.43,
                                                    "Actual Rows": 1960874,
                                                    "Actual Loops": 1
                                                },
                                                {
                                                    "Worker Number": 3,
                                                    "Actual Startup Time": 0.035,
                                                    "Actual Total Time": 339.546,
                                                    "Actual Rows": 1984612,
                                                    "Actual Loops": 1
                                                },
                                                {
                                                    "Worker Number": 4,
                                                    "Actual Startup Time": 0.031,
                                                    "Actual Total Time": 329.905,
                                                    "Actual Rows": 3089131,
                                                    "Actual Loops": 1
                                                }
                                            ]
                                        },
                                        {
                                            "Node Type": "Hash",
                                            "Parent Relationship": "Inner",
                                            "Parallel Aware": true,
                                            "Startup Cost": 63479.88,
                                            "Total Cost": 63479.88,
                                            "Plan Rows": 204222,
                                            "Plan Width": 8,
                                            "Actual Startup Time": 255.853,
                                            "Actual Total Time": 256.127,
                                            "Actual Rows": 41390,
                                            "Actual Loops": 6,
                                            "Output": [
                                                "t.id",
                                                "mi_idx.movie_id"
                                            ],
                                            "Hash Buckets": 524288,
                                            "Original Hash Buckets": 524288,
                                            "Hash Batches": 1,
                                            "Original Hash Batches": 1,
                                            "Peak Memory Usage": 13888,
                                            "Workers": [
                                                {
                                                    "Worker Number": 0,
                                                    "Actual Startup Time": 254.935,
                                                    "Actual Total Time": 254.938,
                                                    "Actual Rows": 36717,
                                                    "Actual Loops": 1
                                                },
                                                {
                                                    "Worker Number": 1,
                                                    "Actual Startup Time": 254.895,
                                                    "Actual Total Time": 254.899,
                                                    "Actual Rows": 33785,
                                                    "Actual Loops": 1
                                                },
                                                {
                                                    "Worker Number": 2,
                                                    "Actual Startup Time": 254.665,
                                                    "Actual Total Time": 254.669,
                                                    "Actual Rows": 34674,
                                                    "Actual Loops": 1
                                                },
                                                {
                                                    "Worker Number": 3,
                                                    "Actual Startup Time": 255.039,
                                                    "Actual Total Time": 255.043,
                                                    "Actual Rows": 35121,
                                                    "Actual Loops": 1
                                                },
                                                {
                                                    "Worker Number": 4,
                                                    "Actual Startup Time": 255.008,
                                                    "Actual Total Time": 255.012,
                                                    "Actual Rows": 53038,
                                                    "Actual Loops": 1
                                                }
                                            ],
                                            "Plans": [
                                                {
                                                    "Node Type": "Hash Join",
                                                    "Parent Relationship": "Outer",
                                                    "Parallel Aware": true,
                                                    "Join Type": "Inner",
                                                    "Startup Cost": 48285.32,
                                                    "Total Cost": 63479.88,
                                                    "Plan Rows": 204222,
                                                    "Plan Width": 8,
                                                    "Actual Startup Time": 167.943,
                                                    "Actual Total Time": 242.536,
                                                    "Actual Rows": 41390,
                                                    "Actual Loops": 6,
                                                    "Output": [
                                                        "t.id",
                                                        "mi_idx.movie_id"
                                                    ],
                                                    "Inner Unique": true,
                                                    "Hash Cond": "(mi_idx.movie_id = t.id)",
                                                    "Workers": [
                                                        {
                                                            "Worker Number": 0,
                                                            "Actual Startup Time": 166.888,
                                                            "Actual Total Time": 241.265,
                                                            "Actual Rows": 36717,
                                                            "Actual Loops": 1
                                                        },
                                                        {
                                                            "Worker Number": 1,
                                                            "Actual Startup Time": 166.948,
                                                            "Actual Total Time": 241.782,
                                                            "Actual Rows": 33785,
                                                            "Actual Loops": 1
                                                        },
                                                        {
                                                            "Worker Number": 2,
                                                            "Actual Startup Time": 167.066,
                                                            "Actual Total Time": 241.673,
                                                            "Actual Rows": 34674,
                                                            "Actual Loops": 1
                                                        },
                                                        {
                                                            "Worker Number": 3,
                                                            "Actual Startup Time": 167.115,
                                                            "Actual Total Time": 241.426,
                                                            "Actual Rows": 35121,
                                                            "Actual Loops": 1
                                                        },
                                                        {
                                                            "Worker Number": 4,
                                                            "Actual Startup Time": 166.998,
                                                            "Actual Total Time": 241.012,
                                                            "Actual Rows": 53038,
                                                            "Actual Loops": 1
                                                        }
                                                    ],
                                                    "Plans": [
                                                        {
                                                            "Node Type": "Seq Scan",
                                                            "Parent Relationship": "Outer",
                                                            "Parallel Aware": true,
                                                            "Relation Name": "movie_info_idx",
                                                            "Schema": "public",
                                                            "Alias": "mi_idx",
                                                            "Startup Cost": 0.0,
                                                            "Total Cost": 13685.15,
                                                            "Plan Rows": 575015,
                                                            "Plan Width": 4,
                                                            "Actual Startup Time": 0.031,
                                                            "Actual Total Time": 25.285,
                                                            "Actual Rows": 230006,
                                                            "Actual Loops": 6,
                                                            "Output": [
                                                                "mi_idx.id",
                                                                "mi_idx.movie_id",
                                                                "mi_idx.info_type_id",
                                                                "mi_idx.info",
                                                                "mi_idx.note"
                                                            ],
                                                            "Workers": [
                                                                {
                                                                    "Worker Number": 0,
                                                                    "Actual Startup Time": 0.043,
                                                                    "Actual Total Time": 26.444,
                                                                    "Actual Rows": 198454,
                                                                    "Actual Loops": 1
                                                                },
                                                                {
                                                                    "Worker Number": 1,
                                                                    "Actual Startup Time": 0.034,
                                                                    "Actual Total Time": 26.469,
                                                                    "Actual Rows": 197061,
                                                                    "Actual Loops": 1
                                                                },
                                                                {
                                                                    "Worker Number": 2,
                                                                    "Actual Startup Time": 0.039,
                                                                    "Actual Total Time": 26.933,
                                                                    "Actual Rows": 194216,
                                                                    "Actual Loops": 1
                                                                },
                                                                {
                                                                    "Worker Number": 3,
                                                                    "Actual Startup Time": 0.031,
                                                                    "Actual Total Time": 26.501,
                                                                    "Actual Rows": 198611,
                                                                    "Actual Loops": 1
                                                                },
                                                                {
                                                                    "Worker Number": 4,
                                                                    "Actual Startup Time": 0.028,
                                                                    "Actual Total Time": 24.373,
                                                                    "Actual Rows": 284008,
                                                                    "Actual Loops": 1
                                                                }
                                                            ]
                                                        },
                                                        {
                                                            "Node Type": "Hash",
                                                            "Parent Relationship": "Inner",
                                                            "Parallel Aware": true,
                                                            "Startup Cost": 45479.21,
                                                            "Total Cost": 45479.21,
                                                            "Plan Rows": 224489,
                                                            "Plan Width": 4,
                                                            "Actual Startup Time": 166.377,
                                                            "Actual Total Time": 166.379,
                                                            "Actual Rows": 165345,
                                                            "Actual Loops": 6,
                                                            "Output": [
                                                                "t.id"
                                                            ],
                                                            "Hash Buckets": 1048576,
                                                            "Original Hash Buckets": 1048576,
                                                            "Hash Batches": 1,
                                                            "Original Hash Batches": 1,
                                                            "Peak Memory Usage": 47136,
                                                            "Workers": [
                                                                {
                                                                    "Worker Number": 0,
                                                                    "Actual Startup Time": 166.782,
                                                                    "Actual Total Time": 166.783,
                                                                    "Actual Rows": 149302,
                                                                    "Actual Loops": 1
                                                                },
                                                                {
                                                                    "Worker Number": 1,
                                                                    "Actual Startup Time": 166.576,
                                                                    "Actual Total Time": 166.577,
                                                                    "Actual Rows": 144248,
                                                                    "Actual Loops": 1
                                                                },
                                                                {
                                                                    "Worker Number": 2,
                                                                    "Actual Startup Time": 166.613,
                                                                    "Actual Total Time": 166.614,
                                                                    "Actual Rows": 139982,
                                                                    "Actual Loops": 1
                                                                },
                                                                {
                                                                    "Worker Number": 3,
                                                                    "Actual Startup Time": 166.747,
                                                                    "Actual Total Time": 166.748,
                                                                    "Actual Rows": 147260,
                                                                    "Actual Loops": 1
                                                                },
                                                                {
                                                                    "Worker Number": 4,
                                                                    "Actual Startup Time": 166.869,
                                                                    "Actual Total Time": 166.87,
                                                                    "Actual Rows": 200053,
                                                                    "Actual Loops": 1
                                                                }
                                                            ],
                                                            "Plans": [
                                                                {
                                                                    "Node Type": "Seq Scan",
                                                                    "Parent Relationship": "Outer",
                                                                    "Parallel Aware": true,
                                                                    "Relation Name": "title",
                                                                    "Schema": "public",
                                                                    "Alias": "t",
                                                                    "Startup Cost": 0.0,
                                                                    "Total Cost": 45479.21,
                                                                    "Plan Rows": 224489,
                                                                    "Plan Width": 4,
                                                                    "Actual Startup Time": 0.046,
                                                                    "Actual Total Time": 92.052,
                                                                    "Actual Rows": 165345,
                                                                    "Actual Loops": 6,
                                                                    "Output": [
                                                                        "t.id"
                                                                    ],
                                                                    "Filter": "((t.production_year > 1998) AND (t.kind_id = 7))",
                                                                    "Rows Removed by Filter": 256040,
                                                                    "Workers": [
                                                                        {
                                                                            "Worker Number": 0,
                                                                            "Actual Startup Time": 0.062,
                                                                            "Actual Total Time": 94.293,
                                                                            "Actual Rows": 149302,
                                                                            "Actual Loops": 1
                                                                        },
                                                                        {
                                                                            "Worker Number": 1,
                                                                            "Actual Startup Time": 0.03,
                                                                            "Actual Total Time": 94.362,
                                                                            "Actual Rows": 144248,
                                                                            "Actual Loops": 1
                                                                        },
                                                                        {
                                                                            "Worker Number": 2,
                                                                            "Actual Startup Time": 0.073,
                                                                            "Actual Total Time": 94.591,
                                                                            "Actual Rows": 139982,
                                                                            "Actual Loops": 1
                                                                        },
                                                                        {
                                                                            "Worker Number": 3,
                                                                            "Actual Startup Time": 0.049,
                                                                            "Actual Total Time": 95.215,
                                                                            "Actual Rows": 147260,
                                                                            "Actual Loops": 1
                                                                        },
                                                                        {
                                                                            "Worker Number": 4,
                                                                            "Actual Startup Time": 0.05,
                                                                            "Actual Total Time": 91.37,
                                                                            "Actual Rows": 200053,
                                                                            "Actual Loops": 1
                                                                        }
                                                                    ]
                                                                }
                                                            ]
                                                        }
                                                    ]
                                                }
                                            ]
                                        }
                                    ]
                                }
                            ]
                        }
                    ]
                }
            ]
        },
        "Planning Time": 267.19,
        "Triggers": [],
        "Execution Time": 1002.68
    }
]