[
  {
    "Plan": {
      "Node Type": "Aggregate",
      "Strategy": "Plain",
      "Partial Mode": "Simple",
      "Parallel Aware": false,
      "Startup Cost": 3557.5,
      "Total Cost": 3557.51,
      "Plan Rows": 1,
      "Plan Width": 8,
      "Actual Startup Time": 73.166,
      "Actual Total Time": 73.169,
      "Actual Rows": 1,
      "Actual Loops": 1,
      "Plans": [
        {
          "Node Type": "Nested Loop",
          "Parent Relationship": "Outer",
          "Parallel Aware": false,
          "Join Type": "Inner",
          "Startup Cost": 7.35,
          "Total Cost": 3548.61,
          "Plan Rows": 3554,
          "Plan Width": 0,
          "Actual Startup Time": 0.846,
          "Actual Total Time": 70.967,
          "Actual Rows": 32895,
          "Actual Loops": 1,
          "Inner Unique": false,
          "Plans": [
            {
              "Node Type": "Nested Loop",
              "Parent Relationship": "Outer",
              "Parallel Aware": false,
              "Join Type": "Inner",
              "Startup Cost": 6.78,
              "Total Cost": 3005.96,
              "Plan Rows": 248,
              "Plan Width": 8,
              "Actual Startup Time": 0.814,
              "Actual Total Time": 6.501,
              "Actual Rows": 586,
              "Actual Loops": 1,
              "Inner Unique": true,
              "Plans": [
                {
                  "Node Type": "Bitmap Heap Scan",
                  "Parent Relationship": "Outer",
                  "Parallel Aware": false,
                  "Relation Name": "movie_keyword",
                  "Alias": "mk",
                  "Startup Cost": 6.35,
                  "Total Cost": 922.98,
                  "Plan Rows": 248,
                  "Plan Width": 4,
                  "Actual Startup Time": 0.782,
                  "Actual Total Time": 2.056,
                  "Actual Rows": 586,
                  "Actual Loops": 1,
                  "Recheck Cond": "(keyword_id = 4678)",
                  "Rows Removed by Index Recheck": 0,
                  "Exact Heap Blocks": 551,
                  "Lossy Heap Blocks": 0,
                  "Plans": [
                    {
                      "Node Type": "Bitmap Index Scan",
                      "Parent Relationship": "Outer",
                      "Parallel Aware": false,
                      "Index Name": "keyword_id_movie_keyword",
                      "Startup Cost": 0.0,
                      "Total Cost": 6.29,
                      "Plan Rows": 248,
                      "Plan Width": 0,
                      "Actual Startup Time": 0.53,
                      "Actual Total Time": 0.531,
                      "Actual Rows": 586,
                      "Actual Loops": 1,
                      "Index Cond": "(keyword_id = 4678)"
                    }
                  ]
                },
                {
                  "Node Type": "Index Only Scan",
                  "Parent Relationship": "Inner",
                  "Parallel Aware": false,
                  "Scan Direction": "Forward",
                  "Index Name": "title_pkey",
                  "Relation Name": "title",
                  "Alias": "t",
                  "Startup Cost": 0.43,
                  "Total Cost": 8.4,
                  "Plan Rows": 1,
                  "Plan Width": 4,
                  "Actual Startup Time": 0.007,
                  "Actual Total Time": 0.007,
                  "Actual Rows": 1,
                  "Actual Loops": 586,
                  "Index Cond": "(id = mk.movie_id)",
                  "Rows Removed by Index Recheck": 0,
                  "Heap Fetches": 586
                }
              ]
            },
            {
              "Node Type": "Index Only Scan",
              "Parent Relationship": "Inner",
              "Parallel Aware": false,
              "Scan Direction": "Forward",
              "Index Name": "movie_id_cast_info",
              "Relation Name": "cast_info",
              "Alias": "ci",
              "Startup Cost": 0.56,
              "Total Cost": 1.82,
              "Plan Rows": 37,
              "Plan Width": 4,
              "Actual Startup Time": 0.011,
              "Actual Total Time": 0.104,
              "Actual Rows": 56,
              "Actual Loops": 586,
              "Index Cond": "(movie_id = t.id)",
              "Rows Removed by Index Recheck": 0,
              "Heap Fetches": 32895
            }
          ]
        }
      ]
    },
    "Planning Time": 1.346,
    "Triggers": [],
    "Execution Time": 73.257
  }
]