[
  {
    "Plan": {
      "Node Type": "Aggregate",
      "Strategy": "Plain",
      "Partial Mode": "Finalize",
      "Parallel Aware": false,
      "Startup Cost": 32857.16,
      "Total Cost": 32857.17,
      "Plan Rows": 1,
      "Plan Width": 8,
      "Actual Startup Time": 90.994,
      "Actual Total Time": 98.062,
      "Actual Rows": 1,
      "Actual Loops": 1,
      "Plans": [
        {
          "Node Type": "Gather",
          "Parent Relationship": "Outer",
          "Parallel Aware": false,
          "Startup Cost": 32856.85,
          "Total Cost": 32857.16,
          "Plan Rows": 3,
          "Plan Width": 8,
          "Actual Startup Time": 90.861,
          "Actual Total Time": 98.052,
          "Actual Rows": 4,
          "Actual Loops": 1,
          "Workers Planned": 3,
          "Workers Launched": 3,
          "Single Copy": false,
          "Plans": [
            {
              "Node Type": "Aggregate",
              "Strategy": "Plain",
              "Partial Mode": "Partial",
              "Parent Relationship": "Outer",
              "Parallel Aware": false,
              "Startup Cost": 31856.85,
              "Total Cost": 31856.86,
              "Plan Rows": 1,
              "Plan Width": 8,
              "Actual Startup Time": 82.268,
              "Actual Total Time": 82.269,
              "Actual Rows": 1,
              "Actual Loops": 4,
              "Plans": [
                {
                  "Node Type": "Seq Scan",
                  "Parent Relationship": "Outer",
                  "Parallel Aware": true,
                  "Relation Name": "movie_companies",
                  "Alias": "mc",
                  "Startup Cost": 0.0,
                  "Total Cost": 31414.82,
                  "Plan Rows": 176811,
                  "Plan Width": 0,
                  "Actual Startup Time": 49.306,
                  "Actual Total Time": 78.844,
                  "Actual Rows": 84102,
                  "Actual Loops": 4,
                  "Filter": "((company_id < 6873) AND (company_type_id = 2))",
                  "Rows Removed by Filter": 568181
                }
              ]
            }
          ]
        }
      ]
    },
    "Planning Time": 0.262,
    "Triggers": [],
    "Execution Time": 98.12
  }
]