[
  {
    "Plan": {
      "Node Type": "Aggregate",
      "Strategy": "Plain",
      "Partial Mode": "Finalize",
      "Parallel Aware": false,
      "Startup Cost": 245041.23,
      "Total Cost": 245041.24,
      "Plan Rows": 1,
      "Plan Width": 8,
      "Actual Startup Time": 844.654,
      "Actual Total Time": 891.293,
      "Actual Rows": 1,
      "Actual Loops": 1,
      "Plans": [
        {
          "Node Type": "Gather",
          "Parent Relationship": "Outer",
          "Parallel Aware": false,
          "Startup Cost": 245040.71,
          "Total Cost": 245041.22,
          "Plan Rows": 5,
          "Plan Width": 8,
          "Actual Startup Time": 843.431,
          "Actual Total Time": 891.269,
          "Actual Rows": 6,
          "Actual Loops": 1,
          "Workers Planned": 5,
          "Workers Launched": 5,
          "Single Copy": false,
          "Plans": [
            {
              "Node Type": "Aggregate",
              "Strategy": "Plain",
              "Partial Mode": "Partial",
              "Parent Relationship": "Outer",
              "Parallel Aware": false,
              "Startup Cost": 244040.71,
              "Total Cost": 244040.72,
              "Plan Rows": 1,
              "Plan Width": 8,
              "Actual Startup Time": 833.491,
              "Actual Total Time": 833.494,
              "Actual Rows": 1,
              "Actual Loops": 6,
              "Plans": [
                {
                  "Node Type": "Hash Join",
                  "Parent Relationship": "Outer",
                  "Parallel Aware": true,
                  "Join Type": "Inner",
                  "Startup Cost": 44322.58,
                  "Total Cost": 243644.34,
                  "Plan Rows": 158547,
                  "Plan Width": 0,
                  "Actual Startup Time": 103.641,
                  "Actual Total Time": 818.382,
                  "Actual Rows": 253144,
                  "Actual Loops": 6,
                  "Inner Unique": true,
                  "Hash Cond": "(mi.movie_id = t.id)",
                  "Plans": [
                    {
                      "Node Type": "Seq Scan",
                      "Parent Relationship": "Outer",
                      "Parallel Aware": true,
                      "Relation Name": "movie_info",
                      "Alias": "mi",
                      "Startup Cost": 0.0,
                      "Total Cost": 191560.33,
                      "Plan Rows": 2956733,
                      "Plan Width": 4,
                      "Actual Startup Time": 0.028,
                      "Actual Total Time": 350.211,
                      "Actual Rows": 2472620,
                      "Actual Loops": 6
                    },
                    {
                      "Node Type": "Hash",
                      "Parent Relationship": "Inner",
                      "Parallel Aware": true,
                      "Startup Cost": 43898.92,
                      "Total Cost": 43898.92,
                      "Plan Rows": 33893,
                      "Plan Width": 4,
                      "Actual Startup Time": 94.287,
                      "Actual Total Time": 94.288,
                      "Actual Rows": 22653,
                      "Actual Loops": 6,
                      "Hash Buckets": 262144,
                      "Original Hash Buckets": 262144,
                      "Hash Batches": 1,
                      "Original Hash Batches": 1,
                      "Peak Memory Usage": 7456,
                      "Plans": [
                        {
                          "Node Type": "Seq Scan",
                          "Parent Relationship": "Outer",
                          "Parallel Aware": true,
                          "Relation Name": "title",
                          "Alias": "t",
                          "Startup Cost": 0.0,
                          "Total Cost": 43898.92,
                          "Plan Rows": 33893,
                          "Plan Width": 4,
                          "Actual Startup Time": 29.918,
                          "Actual Total Time": 85.092,
                          "Actual Rows": 22653,
                          "Actual Loops": 6,
                          "Filter": "(production_year < 1938)",
                          "Rows Removed by Filter": 398732
                        }
                      ]
                    }
                  ]
                }
              ]
            }
          ]
        }
      ]
    },
    "Planning Time": 0.496,
    "Triggers": [],
    "Execution Time": 891.369
  }
]