{
  "Plan": {
    "Node Type": "Aggregate",
    "Strategy": "Plain",
    "Partial Mode": "Finalize",
    "Parallel Aware": false,
    "Startup Cost": 74023.63,
    "Total Cost": 74023.64,
    "Plan Rows": 1,
    "Plan Width": 8,
    "Actual Startup Time": 55.712,
    "Actual Total Time": 63.577,
    "Actual Rows": 1,
    "Actual Loops": 1,
    "Plans": [
      {
        "Node Type": "Gather",
        "Parent Relationship": "Outer",
        "Parallel Aware": false,
        "Startup Cost": 74023.52,
        "Total Cost": 74023.63,
        "Plan Rows": 1,
        "Plan Width": 8,
        "Actual Startup Time": 55.602,
        "Actual Total Time": 63.571,
        "Actual Rows": 2,
        "Actual Loops": 1,
        "Workers Planned": 1,
        "Workers Launched": 1,
        "Single Copy": false,
        "Plans": [
          {
            "Node Type": "Aggregate",
            "Strategy": "Plain",
            "Partial Mode": "Partial",
            "Parent Relationship": "Outer",
            "Parallel Aware": false,
            "Startup Cost": 73023.52,
            "Total Cost": 73023.53,
            "Plan Rows": 1,
            "Plan Width": 8,
            "Actual Startup Time": 49.5,
            "Actual Total Time": 49.501,
            "Actual Rows": 1,
            "Actual Loops": 2,
            "Plans": [
              {
                "Node Type": "Nested Loop",
                "Parent Relationship": "Outer",
                "Parallel Aware": false,
                "Join Type": "Inner",
                "Startup Cost": 257.62,
                "Total Cost": 73008.39,
                "Plan Rows": 6052,
                "Plan Width": 0,
                "Actual Startup Time": 4.944,
                "Actual Total Time": 49.453,
                "Actual Rows": 194,
                "Actual Loops": 2,
                "Inner Unique": false,
                "Plans": [
                  {
                    "Node Type": "Nested Loop",
                    "Parent Relationship": "Outer",
                    "Parallel Aware": false,
                    "Join Type": "Inner",
                    "Startup Cost": 257.19,
                    "Total Cost": 64753.88,
                    "Plan Rows": 4260,
                    "Plan Width": 8,
                    "Actual Startup Time": 4.769,
                    "Actual Total Time": 46.925,
                    "Actual Rows": 65,
                    "Actual Loops": 2,
                    "Inner Unique": true,
                    "Plans": [
                      {
                        "Node Type": "Bitmap Heap Scan",
                        "Parent Relationship": "Outer",
                        "Parallel Aware": true,
                        "Relation Name": "movie_keyword",
                        "Alias": "mk",
                        "Startup Cost": 256.76,
                        "Total Cost": 20675.87,
                        "Plan Rows": 7008,
                        "Plan Width": 4,
                        "Actual Startup Time": 3.995,
                        "Actual Total Time": 15.311,
                        "Actual Rows": 5272,
                        "Actual Loops": 2,
                        "Recheck Cond": "(keyword_id = 398)",
                        "Rows Removed by Index Recheck": 0,
                        "Exact Heap Blocks": 4530,
                        "Lossy Heap Blocks": 0,
                        "Plans": [
                          {
                            "Node Type": "Bitmap Index Scan",
                            "Parent Relationship": "Outer",
                            "Parallel Aware": false,
                            "Index Name": "keyword_id_movie_keyword",
                            "Startup Cost": 0.0,
                            "Total Cost": 253.78,
                            "Plan Rows": 11913,
                            "Plan Width": 0,
                            "Actual Startup Time": 5.052,
                            "Actual Total Time": 5.052,
                            "Actual Rows": 10544,
                            "Actual Loops": 1,
                            "Index Cond": "(keyword_id = 398)"
                          }
                        ]
                      },
                      {
                        "Node Type": "Index Scan",
                        "Parent Relationship": "Inner",
                        "Parallel Aware": false,
                        "Scan Direction": "Forward",
                        "Index Name": "title_pkey",
                        "Relation Name": "title",
                        "Alias": "t",
                        "Startup Cost": 0.43,
                        "Total Cost": 6.29,
                        "Plan Rows": 1,
                        "Plan Width": 4,
                        "Actual Startup Time": 0.006,
                        "Actual Total Time": 0.006,
                        "Actual Rows": 0,
                        "Actual Loops": 10544,
                        "Index Cond": "(id = mk.movie_id)",
                        "Rows Removed by Index Recheck": 0,
                        "Filter": "(kind_id = 7)",
                        "Rows Removed by Filter": 1
                      }
                    ]
                  },
                  {
                    "Node Type": "Index Scan",
                    "Parent Relationship": "Inner",
                    "Parallel Aware": false,
                    "Scan Direction": "Forward",
                    "Index Name": "movie_id_movie_info",
                    "Relation Name": "movie_info",
                    "Alias": "mi",
                    "Startup Cost": 0.43,
                    "Total Cost": 1.84,
                    "Plan Rows": 10,
                    "Plan Width": 4,
                    "Actual Startup Time": 0.023,
                    "Actual Total Time": 0.037,
                    "Actual Rows": 3,
                    "Actual Loops": 130,
                    "Index Cond": "(movie_id = t.id)",
                    "Rows Removed by Index Recheck": 0,
                    "Filter": "(info_type_id < 4)",
                    "Rows Removed by Filter": 12
                  }
                ]
              }
            ]
          }
        ]
      }
    ]
  },
  "Planning Time": 0.956,
  "Triggers": [],
  "Execution Time": 63.701
}