{
  "Plan": {
    "Node Type": "Aggregate",
    "Strategy": "Plain",
    "Partial Mode": "Finalize",
    "Parallel Aware": false,
    "Startup Cost": 121084.05,
    "Total Cost": 121084.06,
    "Plan Rows": 1,
    "Plan Width": 8,
    "Actual Startup Time": 468.114,
    "Actual Total Time": 483.378,
    "Actual Rows": 1,
    "Actual Loops": 1,
    "Plans": [
      {
        "Node Type": "Gather",
        "Parent Relationship": "Outer",
        "Parallel Aware": false,
        "Startup Cost": 121083.94,
        "Total Cost": 121084.05,
        "Plan Rows": 1,
        "Plan Width": 8,
        "Actual Startup Time": 466.846,
        "Actual Total Time": 483.369,
        "Actual Rows": 2,
        "Actual Loops": 1,
        "Workers Planned": 1,
        "Workers Launched": 1,
        "Single Copy": false,
        "Plans": [
          {
            "Node Type": "Aggregate",
            "Strategy": "Plain",
            "Partial Mode": "Partial",
            "Parent Relationship": "Outer",
            "Parallel Aware": false,
            "Startup Cost": 120083.94,
            "Total Cost": 120083.95,
            "Plan Rows": 1,
            "Plan Width": 8,
            "Actual Startup Time": 462.756,
            "Actual Total Time": 462.926,
            "Actual Rows": 1,
            "Actual Loops": 2,
            "Plans": [
              {
                "Node Type": "Hash Join",
                "Parent Relationship": "Outer",
                "Parallel Aware": true,
                "Join Type": "Inner",
                "Startup Cost": 100749.9,
                "Total Cost": 120013.25,
                "Plan Rows": 28273,
                "Plan Width": 0,
                "Actual Startup Time": 354.126,
                "Actual Total Time": 455.77,
                "Actual Rows": 177770,
                "Actual Loops": 2,
                "Inner Unique": false,
                "Hash Cond": "(mi_idx.movie_id = t.id)",
                "Plans": [
                  {
                    "Node Type": "Seq Scan",
                    "Parent Relationship": "Outer",
                    "Parallel Aware": true,
                    "Relation Name": "movie_info_idx",
                    "Alias": "mi_idx",
                    "Startup Cost": 0.0,
                    "Total Cost": 16052.85,
                    "Plan Rows": 811785,
                    "Plan Width": 4,
                    "Actual Startup Time": 0.021,
                    "Actual Total Time": 45.939,
                    "Actual Rows": 690018,
                    "Actual Loops": 2
                  },
                  {
                    "Node Type": "Hash",
                    "Parent Relationship": "Inner",
                    "Parallel Aware": true,
                    "Startup Cost": 100102.42,
                    "Total Cost": 100102.42,
                    "Plan Rows": 51798,
                    "Plan Width": 8,
                    "Actual Startup Time": 339.648,
                    "Actual Total Time": 339.817,
                    "Actual Rows": 71888,
                    "Actual Loops": 2,
                    "Hash Buckets": 262144,
                    "Original Hash Buckets": 131072,
                    "Hash Batches": 1,
                    "Original Hash Batches": 1,
                    "Peak Memory Usage": 8736,
                    "Plans": [
                      {
                        "Node Type": "Hash Join",
                        "Parent Relationship": "Outer",
                        "Parallel Aware": true,
                        "Join Type": "Inner",
                        "Startup Cost": 71582.73,
                        "Total Cost": 100102.42,
                        "Plan Rows": 51798,
                        "Plan Width": 8,
                        "Actual Startup Time": 220.898,
                        "Actual Total Time": 323.33,
                        "Actual Rows": 71888,
                        "Actual Loops": 2,
                        "Inner Unique": true,
                        "Hash Cond": "(mk.movie_id = t.id)",
                        "Plans": [
                          {
                            "Node Type": "Bitmap Heap Scan",
                            "Parent Relationship": "Outer",
                            "Parallel Aware": true,
                            "Relation Name": "movie_keyword",
                            "Alias": "mk",
                            "Startup Cost": 9693.96,
                            "Total Cost": 37508.04,
                            "Plan Rows": 268806,
                            "Plan Width": 4,
                            "Actual Startup Time": 27.212,
                            "Actual Total Time": 87.915,
                            "Actual Rows": 224296,
                            "Actual Loops": 2,
                            "Recheck Cond": "(keyword_id > 39584)",
                            "Rows Removed by Index Recheck": 0,
                            "Exact Heap Blocks": 13262,
                            "Lossy Heap Blocks": 0,
                            "Plans": [
                              {
                                "Node Type": "Bitmap Index Scan",
                                "Parent Relationship": "Outer",
                                "Parallel Aware": false,
                                "Index Name": "keyword_id_movie_keyword",
                                "Startup Cost": 0.0,
                                "Total Cost": 9579.72,
                                "Plan Rows": 456971,
                                "Plan Width": 0,
                                "Actual Startup Time": 23.857,
                                "Actual Total Time": 23.857,
                                "Actual Rows": 448592,
                                "Actual Loops": 1,
                                "Index Cond": "(keyword_id > 39584)"
                              }
                            ]
                          },
                          {
                            "Node Type": "Hash",
                            "Parent Relationship": "Inner",
                            "Parallel Aware": true,
                            "Startup Cost": 58306.47,
                            "Total Cost": 58306.47,
                            "Plan Rows": 286584,
                            "Plan Width": 4,
                            "Actual Startup Time": 189.193,
                            "Actual Total Time": 189.194,
                            "Actual Rows": 190102,
                            "Actual Loops": 2,
                            "Hash Buckets": 524288,
                            "Original Hash Buckets": 524288,
                            "Hash Batches": 1,
                            "Original Hash Batches": 1,
                            "Peak Memory Usage": 19008,
                            "Plans": [
                              {
                                "Node Type": "Seq Scan",
                                "Parent Relationship": "Outer",
                                "Parallel Aware": true,
                                "Relation Name": "title",
                                "Alias": "t",
                                "Startup Cost": 0.0,
                                "Total Cost": 58306.47,
                                "Plan Rows": 286584,
                                "Plan Width": 4,
                                "Actual Startup Time": 0.028,
                                "Actual Total Time": 143.037,
                                "Actual Rows": 190102,
                                "Actual Loops": 2,
                                "Filter": "((kind_id < 4) AND (production_year > 1999))",
                                "Rows Removed by Filter": 1074054
                              }
                            ]
                          }
                        ]
                      }
                    ]
                  }
                ]
              }
            ]
          }
        ]
      }
    ]
  },
  "Planning Time": 0.839,
  "Triggers": [],
  "Execution Time": 483.463
}