{
  "Plan": {
    "Node Type": "Aggregate",
    "Strategy": "Plain",
    "Partial Mode": "Finalize",
    "Parallel Aware": false,
    "Startup Cost": 414582.09,
    "Total Cost": 414582.1,
    "Plan Rows": 1,
    "Plan Width": 8,
    "Actual Startup Time": 2051.19,
    "Actual Total Time": 2091.728,
    "Actual Rows": 1,
    "Actual Loops": 1,
    "Plans": [
      {
        "Node Type": "Gather",
        "Parent Relationship": "Outer",
        "Parallel Aware": false,
        "Startup Cost": 414581.98,
        "Total Cost": 414582.09,
        "Plan Rows": 1,
        "Plan Width": 8,
        "Actual Startup Time": 2050.11,
        "Actual Total Time": 2091.719,
        "Actual Rows": 2,
        "Actual Loops": 1,
        "Workers Planned": 1,
        "Workers Launched": 1,
        "Single Copy": false,
        "Plans": [
          {
            "Node Type": "Aggregate",
            "Strategy": "Plain",
            "Partial Mode": "Partial",
            "Parent Relationship": "Outer",
            "Parallel Aware": false,
            "Startup Cost": 413581.98,
            "Total Cost": 413581.99,
            "Plan Rows": 1,
            "Plan Width": 8,
            "Actual Startup Time": 2044.281,
            "Actual Total Time": 2044.445,
            "Actual Rows": 1,
            "Actual Loops": 2,
            "Plans": [
              {
                "Node Type": "Hash Join",
                "Parent Relationship": "Outer",
                "Parallel Aware": true,
                "Join Type": "Inner",
                "Startup Cost": 123871.98,
                "Total Cost": 411153.3,
                "Plan Rows": 971472,
                "Plan Width": 0,
                "Actual Startup Time": 523.523,
                "Actual Total Time": 2007.109,
                "Actual Rows": 757442,
                "Actual Loops": 2,
                "Inner Unique": false,
                "Hash Cond": "(mi.movie_id = t.id)",
                "Plans": [
                  {
                    "Node Type": "Seq Scan",
                    "Parent Relationship": "Outer",
                    "Parallel Aware": true,
                    "Relation Name": "movie_info",
                    "Alias": "mi",
                    "Startup Cost": 0.0,
                    "Total Cost": 248955.74,
                    "Plan Rows": 8696274,
                    "Plan Width": 4,
                    "Actual Startup Time": 0.018,
                    "Actual Total Time": 692.768,
                    "Actual Rows": 7417860,
                    "Actual Loops": 2
                  },
                  {
                    "Node Type": "Hash",
                    "Parent Relationship": "Inner",
                    "Parallel Aware": true,
                    "Startup Cost": 121795.22,
                    "Total Cost": 121795.22,
                    "Plan Rows": 166141,
                    "Plan Width": 8,
                    "Actual Startup Time": 516.935,
                    "Actual Total Time": 517.097,
                    "Actual Rows": 50347,
                    "Actual Loops": 2,
                    "Hash Buckets": 524288,
                    "Original Hash Buckets": 524288,
                    "Hash Batches": 1,
                    "Original Hash Batches": 1,
                    "Peak Memory Usage": 8064,
                    "Plans": [
                      {
                        "Node Type": "Hash Join",
                        "Parent Relationship": "Outer",
                        "Parallel Aware": true,
                        "Join Type": "Inner",
                        "Startup Cost": 61657.79,
                        "Total Cost": 121795.22,
                        "Plan Rows": 166141,
                        "Plan Width": 8,
                        "Actual Startup Time": 209.271,
                        "Actual Total Time": 503.988,
                        "Actual Rows": 50347,
                        "Actual Loops": 2,
                        "Inner Unique": true,
                        "Hash Cond": "(mk.movie_id = t.id)",
                        "Plans": [
                          {
                            "Node Type": "Seq Scan",
                            "Parent Relationship": "Outer",
                            "Parallel Aware": true,
                            "Relation Name": "movie_keyword",
                            "Alias": "mk",
                            "Startup Cost": 0.0,
                            "Total Cost": 57718.19,
                            "Plan Rows": 921612,
                            "Plan Width": 4,
                            "Actual Startup Time": 0.018,
                            "Actual Total Time": 200.342,
                            "Actual Rows": 791708,
                            "Actual Loops": 2,
                            "Filter": "(keyword_id < 2408)",
                            "Rows Removed by Filter": 1470256
                          },
                          {
                            "Node Type": "Hash",
                            "Parent Relationship": "Inner",
                            "Parallel Aware": true,
                            "Startup Cost": 58306.47,
                            "Total Cost": 58306.47,
                            "Plan Rows": 268106,
                            "Plan Width": 4,
                            "Actual Startup Time": 205.452,
                            "Actual Total Time": 205.453,
                            "Actual Rows": 160884,
                            "Actual Loops": 2,
                            "Hash Buckets": 524288,
                            "Original Hash Buckets": 524288,
                            "Hash Batches": 1,
                            "Original Hash Batches": 1,
                            "Peak Memory Usage": 16704,
                            "Plans": [
                              {
                                "Node Type": "Seq Scan",
                                "Parent Relationship": "Outer",
                                "Parallel Aware": true,
                                "Relation Name": "title",
                                "Alias": "t",
                                "Startup Cost": 0.0,
                                "Total Cost": 58306.47,
                                "Plan Rows": 268106,
                                "Plan Width": 4,
                                "Actual Startup Time": 0.04,
                                "Actual Total Time": 158.898,
                                "Actual Rows": 160884,
                                "Actual Loops": 2,
                                "Filter": "((kind_id > 1) AND (production_year < 1987))",
                                "Rows Removed by Filter": 1103272
                              }
                            ]
                          }
                        ]
                      }
                    ]
                  }
                ]
              }
            ]
          }
        ]
      }
    ]
  },
  "Planning Time": 0.939,
  "Triggers": [],
  "Execution Time": 2091.814
}