[
    {
        "Bao": {
            "Bao prediction": "NaN",
            "Bao recommended hint": "(no hint)"
        }
    },
    {
        "Plan": {
            "Node Type": "Aggregate",
            "Strategy": "Plain",
            "Partial Mode": "Finalize",
            "Parallel Aware": false,
            "Startup Cost": 36406.39,
            "Total Cost": 36406.4,
            "Plan Rows": 1,
            "Plan Width": 8,
            "Actual Startup Time": 101.715,
            "Actual Total Time": 107.738,
            "Actual Rows": 1,
            "Actual Loops": 1,
            "Output": [
                "count(*)"
            ],
            "Plans": [
                {
                    "Node Type": "Gather",
                    "Parent Relationship": "Outer",
                    "Parallel Aware": false,
                    "Startup Cost": 36406.07,
                    "Total Cost": 36406.38,
                    "Plan Rows": 3,
                    "Plan Width": 8,
                    "Actual Startup Time": 101.414,
                    "Actual Total Time": 107.73,
                    "Actual Rows": 4,
                    "Actual Loops": 1,
                    "Output": [
                        "(PARTIAL count(*))"
                    ],
                    "Workers Planned": 3,
                    "Workers Launched": 3,
                    "Single Copy": false,
                    "Plans": [
                        {
                            "Node Type": "Aggregate",
                            "Strategy": "Plain",
                            "Partial Mode": "Partial",
                            "Parent Relationship": "Outer",
                            "Parallel Aware": false,
                            "Startup Cost": 35406.07,
                            "Total Cost": 35406.08,
                            "Plan Rows": 1,
                            "Plan Width": 8,
                            "Actual Startup Time": 92.993,
                            "Actual Total Time": 92.995,
                            "Actual Rows": 1,
                            "Actual Loops": 4,
                            "Output": [
                                "PARTIAL count(*)"
                            ],
                            "Workers": [
                                {
                                    "Worker Number": 0,
                                    "Actual Startup Time": 90.558,
                                    "Actual Total Time": 90.559,
                                    "Actual Rows": 1,
                                    "Actual Loops": 1
                                },
                                {
                                    "Worker Number": 1,
                                    "Actual Startup Time": 90.702,
                                    "Actual Total Time": 90.704,
                                    "Actual Rows": 1,
                                    "Actual Loops": 1
                                },
                                {
                                    "Worker Number": 2,
                                    "Actual Startup Time": 90.363,
                                    "Actual Total Time": 90.366,
                                    "Actual Rows": 1,
                                    "Actual Loops": 1
                                }
                            ],
                            "Plans": [
                                {
                                    "Node Type": "Bitmap Heap Scan",
                                    "Parent Relationship": "Outer",
                                    "Parallel Aware": true,
                                    "Relation Name": "movie_keyword",
                                    "Schema": "public",
                                    "Alias": "mk",
                                    "Startup Cost": 8918.13,
                                    "Total Cost": 35067.08,
                                    "Plan Rows": 135596,
                                    "Plan Width": 0,
                                    "Actual Startup Time": 22.997,
                                    "Actual Total Time": 87.049,
                                    "Actual Rows": 102518,
                                    "Actual Loops": 4,
                                    "Recheck Cond": "(mk.keyword_id > 42241)",
                                    "Rows Removed by Index Recheck": 0,
                                    "Exact Heap Blocks": 10683,
                                    "Lossy Heap Blocks": 0,
                                    "Workers": [
                                        {
                                            "Worker Number": 0,
                                            "Actual Startup Time": 20.61,
                                            "Actual Total Time": 85.501,
                                            "Actual Rows": 68645,
                                            "Actual Loops": 1
                                        },
                                        {
                                            "Worker Number": 1,
                                            "Actual Startup Time": 20.645,
                                            "Actual Total Time": 85.259,
                                            "Actual Rows": 75223,
                                            "Actual Loops": 1
                                        },
                                        {
                                            "Worker Number": 2,
                                            "Actual Startup Time": 20.727,
                                            "Actual Total Time": 84.986,
                                            "Actual Rows": 73117,
                                            "Actual Loops": 1
                                        }
                                    ],
                                    "Plans": [
                                        {
                                            "Node Type": "Bitmap Index Scan",
                                            "Parent Relationship": "Outer",
                                            "Parallel Aware": false,
                                            "Index Name": "keyword_id_movie_keyword",
                                            "Startup Cost": 0.0,
                                            "Total Cost": 8813.04,
                                            "Plan Rows": 420348,
                                            "Plan Width": 0,
                                            "Actual Startup Time": 26.744,
                                            "Actual Total Time": 26.745,
                                            "Actual Rows": 410073,
                                            "Actual Loops": 1,
                                            "Index Cond": "(mk.keyword_id > 42241)"
                                        }
                                    ]
                                }
                            ]
                        }
                    ]
                }
            ]
        },
        "Planning Time": 200.086,
        "Triggers": [],
        "Execution Time": 107.853
    }
]