[
  {
    "Plan": {
      "Node Type": "Aggregate",
      "Strategy": "Plain",
      "Partial Mode": "Simple",
      "Parallel Aware": false,
      "Startup Cost": 5333.57,
      "Total Cost": 5333.58,
      "Plan Rows": 1,
      "Plan Width": 8,
      "Actual Startup Time": 1.012,
      "Actual Total Time": 1.015,
      "Actual Rows": 1,
      "Actual Loops": 1,
      "Plans": [
        {
          "Node Type": "Nested Loop",
          "Parent Relationship": "Outer",
          "Parallel Aware": false,
          "Join Type": "Inner",
          "Startup Cost": 1.43,
          "Total Cost": 5333.3,
          "Plan Rows": 109,
          "Plan Width": 0,
          "Actual Startup Time": 1.001,
          "Actual Total Time": 1.006,
          "Actual Rows": 1,
          "Actual Loops": 1,
          "Inner Unique": false,
          "Plans": [
            {
              "Node Type": "Nested Loop",
              "Parent Relationship": "Outer",
              "Parallel Aware": false,
              "Join Type": "Inner",
              "Startup Cost": 0.99,
              "Total Cost": 5195.32,
              "Plan Rows": 61,
              "Plan Width": 8,
              "Actual Startup Time": 0.958,
              "Actual Total Time": 0.961,
              "Actual Rows": 1,
              "Actual Loops": 1,
              "Inner Unique": true,
              "Plans": [
                {
                  "Node Type": "Index Scan",
                  "Parent Relationship": "Outer",
                  "Parallel Aware": false,
                  "Scan Direction": "Forward",
                  "Index Name": "person_id_cast_info",
                  "Relation Name": "cast_info",
                  "Alias": "ci",
                  "Startup Cost": 0.56,
                  "Total Cost": 1058.43,
                  "Plan Rows": 497,
                  "Plan Width": 4,
                  "Actual Startup Time": 0.887,
                  "Actual Total Time": 0.89,
                  "Actual Rows": 2,
                  "Actual Loops": 1,
                  "Index Cond": "(person_id = 3301518)",
                  "Rows Removed by Index Recheck": 0
                },
                {
                  "Node Type": "Index Scan",
                  "Parent Relationship": "Inner",
                  "Parallel Aware": false,
                  "Scan Direction": "Forward",
                  "Index Name": "title_pkey",
                  "Relation Name": "title",
                  "Alias": "t",
                  "Startup Cost": 0.43,
                  "Total Cost": 8.32,
                  "Plan Rows": 1,
                  "Plan Width": 4,
                  "Actual Startup Time": 0.029,
                  "Actual Total Time": 0.029,
                  "Actual Rows": 0,
                  "Actual Loops": 2,
                  "Index Cond": "(id = ci.movie_id)",
                  "Rows Removed by Index Recheck": 0,
                  "Filter": "((kind_id < 7) AND (production_year > 2007))",
                  "Rows Removed by Filter": 0
                }
              ]
            },
            {
              "Node Type": "Index Only Scan",
              "Parent Relationship": "Inner",
              "Parallel Aware": false,
              "Scan Direction": "Forward",
              "Index Name": "movie_id_movie_keyword",
              "Relation Name": "movie_keyword",
              "Alias": "mk",
              "Startup Cost": 0.43,
              "Total Cost": 1.81,
              "Plan Rows": 45,
              "Plan Width": 4,
              "Actual Startup Time": 0.039,
              "Actual Total Time": 0.041,
              "Actual Rows": 1,
              "Actual Loops": 1,
              "Index Cond": "(movie_id = t.id)",
              "Rows Removed by Index Recheck": 0,
              "Heap Fetches": 1
            }
          ]
        }
      ]
    },
    "Planning Time": 1.326,
    "Triggers": [],
    "Execution Time": 1.086
  }
]