[
  {
    "Plan": {
      "Node Type": "Aggregate",
      "Strategy": "Plain",
      "Partial Mode": "Finalize",
      "Parallel Aware": false,
      "Startup Cost": 331242.48,
      "Total Cost": 331242.49,
      "Plan Rows": 1,
      "Plan Width": 8,
      "Actual Startup Time": 564.991,
      "Actual Total Time": 610.059,
      "Actual Rows": 1,
      "Actual Loops": 1,
      "Plans": [
        {
          "Node Type": "Gather",
          "Parent Relationship": "Outer",
          "Parallel Aware": false,
          "Startup Cost": 331241.86,
          "Total Cost": 331242.47,
          "Plan Rows": 6,
          "Plan Width": 8,
          "Actual Startup Time": 564.787,
          "Actual Total Time": 610.037,
          "Actual Rows": 7,
          "Actual Loops": 1,
          "Workers Planned": 6,
          "Workers Launched": 6,
          "Single Copy": false,
          "Plans": [
            {
              "Node Type": "Aggregate",
              "Strategy": "Plain",
              "Partial Mode": "Partial",
              "Parent Relationship": "Outer",
              "Parallel Aware": false,
              "Startup Cost": 330241.86,
              "Total Cost": 330241.87,
              "Plan Rows": 1,
              "Plan Width": 8,
              "Actual Startup Time": 557.665,
              "Actual Total Time": 557.667,
              "Actual Rows": 1,
              "Actual Loops": 7,
              "Plans": [
                {
                  "Node Type": "Seq Scan",
                  "Parent Relationship": "Outer",
                  "Parallel Aware": true,
                  "Relation Name": "cast_info",
                  "Alias": "ci",
                  "Startup Cost": 0.0,
                  "Total Cost": 328211.39,
                  "Plan Rows": 812186,
                  "Plan Width": 0,
                  "Actual Startup Time": 379.131,
                  "Actual Total Time": 528.115,
                  "Actual Rows": 691540,
                  "Actual Loops": 7,
                  "Filter": "(person_id > 3191236)",
                  "Rows Removed by Filter": 4486223
                }
              ]
            }
          ]
        }
      ]
    },
    "Planning Time": 0.091,
    "Triggers": [],
    "Execution Time": 610.101
  }
]