[
  {
    "Plan": {
      "Node Type": "Aggregate",
      "Strategy": "Plain",
      "Partial Mode": "Finalize",
      "Parallel Aware": false,
      "Startup Cost": 73414.97,
      "Total Cost": 73414.98,
      "Plan Rows": 1,
      "Plan Width": 8,
      "Actual Startup Time": 169.864,
      "Actual Total Time": 180.287,
      "Actual Rows": 1,
      "Actual Loops": 1,
      "Plans": [
        {
          "Node Type": "Gather",
          "Parent Relationship": "Outer",
          "Parallel Aware": false,
          "Startup Cost": 73414.65,
          "Total Cost": 73414.96,
          "Plan Rows": 3,
          "Plan Width": 8,
          "Actual Startup Time": 169.169,
          "Actual Total Time": 180.278,
          "Actual Rows": 4,
          "Actual Loops": 1,
          "Workers Planned": 3,
          "Workers Launched": 3,
          "Single Copy": false,
          "Plans": [
            {
              "Node Type": "Aggregate",
              "Strategy": "Plain",
              "Partial Mode": "Partial",
              "Parent Relationship": "Outer",
              "Parallel Aware": false,
              "Startup Cost": 72414.65,
              "Total Cost": 72414.66,
              "Plan Rows": 1,
              "Plan Width": 8,
              "Actual Startup Time": 159.974,
              "Actual Total Time": 159.979,
              "Actual Rows": 1,
              "Actual Loops": 4,
              "Plans": [
                {
                  "Node Type": "Hash Join",
                  "Parent Relationship": "Outer",
                  "Parallel Aware": true,
                  "Join Type": "Inner",
                  "Startup Cost": 46127.33,
                  "Total Cost": 72403.84,
                  "Plan Rows": 4322,
                  "Plan Width": 0,
                  "Actual Startup Time": 99.944,
                  "Actual Total Time": 159.853,
                  "Actual Rows": 1393,
                  "Actual Loops": 4,
                  "Inner Unique": true,
                  "Hash Cond": "(mk.movie_id = t.id)",
                  "Plans": [
                    {
                      "Node Type": "Bitmap Heap Scan",
                      "Parent Relationship": "Outer",
                      "Parallel Aware": true,
                      "Relation Name": "movie_keyword",
                      "Alias": "mk",
                      "Startup Cost": 7923.37,
                      "Total Cost": 33883.58,
                      "Plan Rows": 120497,
                      "Plan Width": 4,
                      "Actual Startup Time": 25.788,
                      "Actual Total Time": 71.927,
                      "Actual Rows": 89796,
                      "Actual Loops": 4,
                      "Recheck Cond": "(keyword_id > 46482)",
                      "Rows Removed by Index Recheck": 0,
                      "Exact Heap Blocks": 6012,
                      "Lossy Heap Blocks": 0,
                      "Plans": [
                        {
                          "Node Type": "Bitmap Index Scan",
                          "Parent Relationship": "Outer",
                          "Parallel Aware": false,
                          "Index Name": "keyword_id_movie_keyword",
                          "Startup Cost": 0.0,
                          "Total Cost": 7829.98,
                          "Plan Rows": 373540,
                          "Plan Width": 0,
                          "Actual Startup Time": 22.391,
                          "Actual Total Time": 22.391,
                          "Actual Rows": 359185,
                          "Actual Loops": 1,
                          "Index Cond": "(keyword_id > 46482)"
                        }
                      ]
                    },
                    {
                      "Node Type": "Hash",
                      "Parent Relationship": "Inner",
                      "Parallel Aware": true,
                      "Startup Cost": 37920.59,
                      "Total Cost": 37920.59,
                      "Plan Rows": 22670,
                      "Plan Width": 4,
                      "Actual Startup Time": 72.308,
                      "Actual Total Time": 72.309,
                      "Actual Rows": 22713,
                      "Actual Loops": 4,
                      "Hash Buckets": 131072,
                      "Original Hash Buckets": 131072,
                      "Hash Batches": 1,
                      "Original Hash Batches": 1,
                      "Peak Memory Usage": 4608,
                      "Plans": [
                        {
                          "Node Type": "Bitmap Heap Scan",
                          "Parent Relationship": "Outer",
                          "Parallel Aware": true,
                          "Relation Name": "title",
                          "Alias": "t",
                          "Startup Cost": 1639.21,
                          "Total Cost": 37920.59,
                          "Plan Rows": 22670,
                          "Plan Width": 4,
                          "Actual Startup Time": 20.494,
                          "Actual Total Time": 63.776,
                          "Actual Rows": 22713,
                          "Actual Loops": 4,
                          "Recheck Cond": "(kind_id = 2)",
                          "Rows Removed by Index Recheck": 0,
                          "Exact Heap Blocks": 12230,
                          "Lossy Heap Blocks": 0,
                          "Plans": [
                            {
                              "Node Type": "Bitmap Index Scan",
                              "Parent Relationship": "Outer",
                              "Parallel Aware": false,
                              "Index Name": "kind_id_title",
                              "Startup Cost": 0.0,
                              "Total Cost": 1616.54,
                              "Plan Rows": 90681,
                              "Plan Width": 0,
                              "Actual Startup Time": 17.774,
                              "Actual Total Time": 17.774,
                              "Actual Rows": 90852,
                              "Actual Loops": 1,
                              "Index Cond": "(kind_id = 2)"
                            }
                          ]
                        }
                      ]
                    }
                  ]
                }
              ]
            }
          ]
        }
      ]
    },
    "Planning Time": 0.603,
    "Triggers": [],
    "Execution Time": 180.389
  }
]