{
    "Plan": {
        "Node Type": "Aggregate",
        "Strategy": "Plain",
        "Partial Mode": "Finalize",
        "Parallel Aware": false,
        "Startup Cost": 300859.25,
        "Total Cost": 300859.26,
        "Plan Rows": 1,
        "Plan Width": 8,
        "Actual Startup Time": 4407.152,
        "Actual Total Time": 4508.706,
        "Actual Rows": 1,
        "Actual Loops": 1,
        "Output": [
            "count(*)"
        ],
        "Plans": [
            {
                "Node Type": "Gather",
                "Parent Relationship": "Outer",
                "Parallel Aware": false,
                "Startup Cost": 300858.83,
                "Total Cost": 300859.24,
                "Plan Rows": 4,
                "Plan Width": 8,
                "Actual Startup Time": 4403.26,
                "Actual Total Time": 4508.695,
                "Actual Rows": 5,
                "Actual Loops": 1,
                "Output": [
                    "(PARTIAL count(*))"
                ],
                "Workers Planned": 4,
                "Workers Launched": 4,
                "Single Copy": false,
                "Plans": [
                    {
                        "Node Type": "Aggregate",
                        "Strategy": "Plain",
                        "Partial Mode": "Partial",
                        "Parent Relationship": "Outer",
                        "Parallel Aware": false,
                        "Startup Cost": 299858.83,
                        "Total Cost": 299858.84,
                        "Plan Rows": 1,
                        "Plan Width": 8,
                        "Actual Startup Time": 4392.879,
                        "Actual Total Time": 4392.883,
                        "Actual Rows": 1,
                        "Actual Loops": 5,
                        "Output": [
                            "PARTIAL count(*)"
                        ],
                        "Workers": [
                            {
                                "Worker Number": 0,
                                "Actual Startup Time": 4390.091,
                                "Actual Total Time": 4390.094,
                                "Actual Rows": 1,
                                "Actual Loops": 1
                            },
                            {
                                "Worker Number": 1,
                                "Actual Startup Time": 4390.628,
                                "Actual Total Time": 4390.631,
                                "Actual Rows": 1,
                                "Actual Loops": 1
                            },
                            {
                                "Worker Number": 2,
                                "Actual Startup Time": 4390.534,
                                "Actual Total Time": 4390.538,
                                "Actual Rows": 1,
                                "Actual Loops": 1
                            },
                            {
                                "Worker Number": 3,
                                "Actual Startup Time": 4390.754,
                                "Actual Total Time": 4390.758,
                                "Actual Rows": 1,
                                "Actual Loops": 1
                            }
                        ],
                        "Plans": [
                            {
                                "Node Type": "Nested Loop",
                                "Parent Relationship": "Outer",
                                "Parallel Aware": false,
                                "Join Type": "Inner",
                                "Startup Cost": 17532.08,
                                "Total Cost": 298643.46,
                                "Plan Rows": 486147,
                                "Plan Width": 0,
                                "Actual Startup Time": 84.172,
                                "Actual Total Time": 4343.394,
                                "Actual Rows": 839727,
                                "Actual Loops": 5,
                                "Inner Unique": false,
                                "Workers": [
                                    {
                                        "Worker Number": 0,
                                        "Actual Startup Time": 81.536,
                                        "Actual Total Time": 4340.074,
                                        "Actual Rows": 844342,
                                        "Actual Loops": 1
                                    },
                                    {
                                        "Worker Number": 1,
                                        "Actual Startup Time": 81.831,
                                        "Actual Total Time": 4342.451,
                                        "Actual Rows": 872586,
                                        "Actual Loops": 1
                                    },
                                    {
                                        "Worker Number": 2,
                                        "Actual Startup Time": 81.864,
                                        "Actual Total Time": 4335.853,
                                        "Actual Rows": 807996,
                                        "Actual Loops": 1
                                    },
                                    {
                                        "Worker Number": 3,
                                        "Actual Startup Time": 82.032,
                                        "Actual Total Time": 4351.722,
                                        "Actual Rows": 757876,
                                        "Actual Loops": 1
                                    }
                                ],
                                "Plans": [
                                    {
                                        "Node Type": "Hash Join",
                                        "Parent Relationship": "Outer",
                                        "Parallel Aware": true,
                                        "Join Type": "Inner",
                                        "Startup Cost": 17531.52,
                                        "Total Cost": 62702.39,
                                        "Plan Rows": 115624,
                                        "Plan Width": 8,
                                        "Actual Startup Time": 84.04,
                                        "Actual Total Time": 435.145,
                                        "Actual Rows": 91985,
                                        "Actual Loops": 5,
                                        "Output": [
                                            "t.id",
                                            "mi_idx.movie_id"
                                        ],
                                        "Inner Unique": false,
                                        "Hash Cond": "(t.id = mi_idx.movie_id)",
                                        "Workers": [
                                            {
                                                "Worker Number": 0,
                                                "Actual Startup Time": 81.399,
                                                "Actual Total Time": 430.722,
                                                "Actual Rows": 92133,
                                                "Actual Loops": 1
                                            },
                                            {
                                                "Worker Number": 1,
                                                "Actual Startup Time": 81.556,
                                                "Actual Total Time": 425.185,
                                                "Actual Rows": 95446,
                                                "Actual Loops": 1
                                            },
                                            {
                                                "Worker Number": 2,
                                                "Actual Startup Time": 81.77,
                                                "Actual Total Time": 441.312,
                                                "Actual Rows": 88642,
                                                "Actual Loops": 1
                                            },
                                            {
                                                "Worker Number": 3,
                                                "Actual Startup Time": 81.912,
                                                "Actual Total Time": 417.598,
                                                "Actual Rows": 83093,
                                                "Actual Loops": 1
                                            }
                                        ],
                                        "Plans": [
                                            {
                                                "Node Type": "Seq Scan",
                                                "Parent Relationship": "Outer",
                                                "Parallel Aware": true,
                                                "Relation Name": "title",
                                                "Schema": "public",
                                                "Alias": "t",
                                                "Startup Cost": 0.0,
                                                "Total Cost": 42318.81,
                                                "Plan Rows": 632080,
                                                "Plan Width": 4,
                                                "Actual Startup Time": 0.03,
                                                "Actual Total Time": 76.32,
                                                "Actual Rows": 505662,
                                                "Actual Loops": 5,
                                                "Output": [
                                                    "t.id",
                                                    "t.title",
                                                    "t.imdb_index",
                                                    "t.kind_id",
                                                    "t.production_year",
                                                    "t.imdb_id",
                                                    "t.phonetic_code",
                                                    "t.episode_of_id",
                                                    "t.season_nr",
                                                    "t.episode_nr",
                                                    "t.series_years",
                                                    "t.md5sum"
                                                ],
                                                "Workers": [
                                                    {
                                                        "Worker Number": 0,
                                                        "Actual Startup Time": 0.035,
                                                        "Actual Total Time": 81.885,
                                                        "Actual Rows": 484188,
                                                        "Actual Loops": 1
                                                    },
                                                    {
                                                        "Worker Number": 1,
                                                        "Actual Startup Time": 0.045,
                                                        "Actual Total Time": 79.119,
                                                        "Actual Rows": 499618,
                                                        "Actual Loops": 1
                                                    },
                                                    {
                                                        "Worker Number": 2,
                                                        "Actual Startup Time": 0.036,
                                                        "Actual Total Time": 83.085,
                                                        "Actual Rows": 514575,
                                                        "Actual Loops": 1
                                                    },
                                                    {
                                                        "Worker Number": 3,
                                                        "Actual Startup Time": 0.025,
                                                        "Actual Total Time": 71.678,
                                                        "Actual Rows": 472208,
                                                        "Actual Loops": 1
                                                    }
                                                ]
                                            },
                                            {
                                                "Node Type": "Hash",
                                                "Parent Relationship": "Inner",
                                                "Parallel Aware": true,
                                                "Startup Cost": 15122.68,
                                                "Total Cost": 15122.68,
                                                "Plan Rows": 192707,
                                                "Plan Width": 4,
                                                "Actual Startup Time": 80.856,
                                                "Actual Total Time": 80.857,
                                                "Actual Rows": 91985,
                                                "Actual Loops": 5,
                                                "Output": [
                                                    "mi_idx.movie_id"
                                                ],
                                                "Hash Buckets": 524288,
                                                "Original Hash Buckets": 524288,
                                                "Hash Batches": 1,
                                                "Original Hash Batches": 1,
                                                "Peak Memory Usage": 22144,
                                                "Workers": [
                                                    {
                                                        "Worker Number": 0,
                                                        "Actual Startup Time": 80.758,
                                                        "Actual Total Time": 80.759,
                                                        "Actual Rows": 83966,
                                                        "Actual Loops": 1
                                                    },
                                                    {
                                                        "Worker Number": 1,
                                                        "Actual Startup Time": 80.829,
                                                        "Actual Total Time": 80.83,
                                                        "Actual Rows": 75934,
                                                        "Actual Loops": 1
                                                    },
                                                    {
                                                        "Worker Number": 2,
                                                        "Actual Startup Time": 81.12,
                                                        "Actual Total Time": 81.121,
                                                        "Actual Rows": 105980,
                                                        "Actual Loops": 1
                                                    },
                                                    {
                                                        "Worker Number": 3,
                                                        "Actual Startup Time": 81.34,
                                                        "Actual Total Time": 81.341,
                                                        "Actual Rows": 91135,
                                                        "Actual Loops": 1
                                                    }
                                                ],
                                                "Plans": [
                                                    {
                                                        "Node Type": "Seq Scan",
                                                        "Parent Relationship": "Outer",
                                                        "Parallel Aware": true,
                                                        "Relation Name": "movie_info_idx",
                                                        "Schema": "public",
                                                        "Alias": "mi_idx",
                                                        "Startup Cost": 0.0,
                                                        "Total Cost": 15122.68,
                                                        "Plan Rows": 192707,
                                                        "Plan Width": 4,
                                                        "Actual Startup Time": 0.042,
                                                        "Actual Total Time": 41.748,
                                                        "Actual Rows": 91985,
                                                        "Actual Loops": 5,
                                                        "Output": [
                                                            "mi_idx.movie_id"
                                                        ],
                                                        "Filter": "(mi_idx.info_type_id = 100)",
                                                        "Rows Removed by Filter": 184022,
                                                        "Workers": [
                                                            {
                                                                "Worker Number": 0,
                                                                "Actual Startup Time": 0.034,
                                                                "Actual Total Time": 43.627,
                                                                "Actual Rows": 83966,
                                                                "Actual Loops": 1
                                                            },
                                                            {
                                                                "Worker Number": 1,
                                                                "Actual Startup Time": 0.058,
                                                                "Actual Total Time": 42.207,
                                                                "Actual Rows": 75934,
                                                                "Actual Loops": 1
                                                            },
                                                            {
                                                                "Worker Number": 2,
                                                                "Actual Startup Time": 0.042,
                                                                "Actual Total Time": 42.155,
                                                                "Actual Rows": 105980,
                                                                "Actual Loops": 1
                                                            },
                                                            {
                                                                "Worker Number": 3,
                                                                "Actual Startup Time": 0.058,
                                                                "Actual Total Time": 41.446,
                                                                "Actual Rows": 91135,
                                                                "Actual Loops": 1
                                                            }
                                                        ]
                                                    }
                                                ]
                                            }
                                        ]
                                    },
                                    {
                                        "Node Type": "Index Scan",
                                        "Parent Relationship": "Inner",
                                        "Parallel Aware": false,
                                        "Scan Direction": "Forward",
                                        "Index Name": "movie_id_cast_info",
                                        "Relation Name": "cast_info",
                                        "Schema": "public",
                                        "Alias": "ci",
                                        "Startup Cost": 0.56,
                                        "Total Cost": 1.93,
                                        "Plan Rows": 11,
                                        "Plan Width": 4,
                                        "Actual Startup Time": 0.007,
                                        "Actual Total Time": 0.041,
                                        "Actual Rows": 9,
                                        "Actual Loops": 459925,
                                        "Output": [
                                            "ci.id",
                                            "ci.person_id",
                                            "ci.movie_id",
                                            "ci.person_role_id",
                                            "ci.note",
                                            "ci.nr_order",
                                            "ci.role_id"
                                        ],
                                        "Index Cond": "(ci.movie_id = t.id)",
                                        "Rows Removed by Index Recheck": 0,
                                        "Filter": "(ci.person_id < 1044490)",
                                        "Rows Removed by Filter": 20,
                                        "Workers": [
                                            {
                                                "Worker Number": 0,
                                                "Actual Startup Time": 0.007,
                                                "Actual Total Time": 0.041,
                                                "Actual Rows": 9,
                                                "Actual Loops": 92133
                                            },
                                            {
                                                "Worker Number": 1,
                                                "Actual Startup Time": 0.007,
                                                "Actual Total Time": 0.04,
                                                "Actual Rows": 9,
                                                "Actual Loops": 95446
                                            },
                                            {
                                                "Worker Number": 2,
                                                "Actual Startup Time": 0.007,
                                                "Actual Total Time": 0.043,
                                                "Actual Rows": 9,
                                                "Actual Loops": 88642
                                            },
                                            {
                                                "Worker Number": 3,
                                                "Actual Startup Time": 0.008,
                                                "Actual Total Time": 0.046,
                                                "Actual Rows": 9,
                                                "Actual Loops": 83093
                                            }
                                        ]
                                    }
                                ]
                            }
                        ]
                    }
                ]
            }
        ]
    },
    "Planning Time": 1.497,
    "Triggers": [],
    "Execution Time": 4508.816
}