{
  "Plan": {
    "Node Type": "Aggregate",
    "Strategy": "Plain",
    "Partial Mode": "Finalize",
    "Parallel Aware": false,
    "Startup Cost": 155549.27,
    "Total Cost": 155549.28,
    "Plan Rows": 1,
    "Plan Width": 8,
    "Actual Startup Time": 919.036,
    "Actual Total Time": 933.842,
    "Actual Rows": 1,
    "Actual Loops": 1,
    "Plans": [
      {
        "Node Type": "Gather",
        "Parent Relationship": "Outer",
        "Parallel Aware": false,
        "Startup Cost": 155549.16,
        "Total Cost": 155549.27,
        "Plan Rows": 1,
        "Plan Width": 8,
        "Actual Startup Time": 917.89,
        "Actual Total Time": 933.833,
        "Actual Rows": 2,
        "Actual Loops": 1,
        "Workers Planned": 1,
        "Workers Launched": 1,
        "Single Copy": false,
        "Plans": [
          {
            "Node Type": "Aggregate",
            "Strategy": "Plain",
            "Partial Mode": "Partial",
            "Parent Relationship": "Outer",
            "Parallel Aware": false,
            "Startup Cost": 154549.16,
            "Total Cost": 154549.17,
            "Plan Rows": 1,
            "Plan Width": 8,
            "Actual Startup Time": 911.765,
            "Actual Total Time": 911.924,
            "Actual Rows": 1,
            "Actual Loops": 2,
            "Plans": [
              {
                "Node Type": "Hash Join",
                "Parent Relationship": "Outer",
                "Parallel Aware": true,
                "Join Type": "Inner",
                "Startup Cost": 91212.98,
                "Total Cost": 153865.71,
                "Plan Rows": 273379,
                "Plan Width": 0,
                "Actual Startup Time": 519.56,
                "Actual Total Time": 864.918,
                "Actual Rows": 1097033,
                "Actual Loops": 2,
                "Inner Unique": false,
                "Hash Cond": "(mk.movie_id = t.id)",
                "Plans": [
                  {
                    "Node Type": "Seq Scan",
                    "Parent Relationship": "Outer",
                    "Parallel Aware": true,
                    "Relation Name": "movie_keyword",
                    "Alias": "mk",
                    "Startup Cost": 0.0,
                    "Total Cost": 51065.35,
                    "Plan Rows": 2661135,
                    "Plan Width": 4,
                    "Actual Startup Time": 0.016,
                    "Actual Total Time": 153.581,
                    "Actual Rows": 2261965,
                    "Actual Loops": 2
                  },
                  {
                    "Node Type": "Hash",
                    "Parent Relationship": "Inner",
                    "Parallel Aware": true,
                    "Startup Cost": 89303.18,
                    "Total Cost": 89303.18,
                    "Plan Rows": 152784,
                    "Plan Width": 8,
                    "Actual Startup Time": 443.137,
                    "Actual Total Time": 443.294,
                    "Actual Rows": 128918,
                    "Actual Loops": 2,
                    "Hash Buckets": 262144,
                    "Original Hash Buckets": 262144,
                    "Hash Batches": 1,
                    "Original Hash Batches": 1,
                    "Peak Memory Usage": 12160,
                    "Plans": [
                      {
                        "Node Type": "Hash Join",
                        "Parent Relationship": "Outer",
                        "Parallel Aware": true,
                        "Join Type": "Inner",
                        "Startup Cost": 28238.95,
                        "Total Cost": 89303.18,
                        "Plan Rows": 152784,
                        "Plan Width": 8,
                        "Actual Startup Time": 257.657,
                        "Actual Total Time": 415.967,
                        "Actual Rows": 128918,
                        "Actual Loops": 2,
                        "Inner Unique": false,
                        "Hash Cond": "(t.id = mc.movie_id)",
                        "Plans": [
                          {
                            "Node Type": "Seq Scan",
                            "Parent Relationship": "Outer",
                            "Parallel Aware": true,
                            "Relation Name": "title",
                            "Alias": "t",
                            "Startup Cost": 0.0,
                            "Total Cost": 50870.31,
                            "Plan Rows": 1487231,
                            "Plan Width": 4,
                            "Actual Startup Time": 0.009,
                            "Actual Total Time": 120.005,
                            "Actual Rows": 1264156,
                            "Actual Loops": 2
                          },
                          {
                            "Node Type": "Hash",
                            "Parent Relationship": "Inner",
                            "Parallel Aware": true,
                            "Startup Cost": 26329.15,
                            "Total Cost": 26329.15,
                            "Plan Rows": 152784,
                            "Plan Width": 4,
                            "Actual Startup Time": 81.295,
                            "Actual Total Time": 81.296,
                            "Actual Rows": 128918,
                            "Actual Loops": 2,
                            "Hash Buckets": 262144,
                            "Original Hash Buckets": 262144,
                            "Hash Batches": 1,
                            "Original Hash Batches": 1,
                            "Peak Memory Usage": 12160,
                            "Plans": [
                              {
                                "Node Type": "Bitmap Heap Scan",
                                "Parent Relationship": "Outer",
                                "Parallel Aware": true,
                                "Relation Name": "movie_companies",
                                "Alias": "mc",
                                "Startup Cost": 5629.35,
                                "Total Cost": 26329.15,
                                "Plan Rows": 152784,
                                "Plan Width": 4,
                                "Actual Startup Time": 22.89,
                                "Actual Total Time": 54.397,
                                "Actual Rows": 128918,
                                "Actual Loops": 2,
                                "Recheck Cond": "(company_id > 99789)",
                                "Rows Removed by Index Recheck": 0,
                                "Exact Heap Blocks": 3205,
                                "Lossy Heap Blocks": 0,
                                "Plans": [
                                  {
                                    "Node Type": "Bitmap Index Scan",
                                    "Parent Relationship": "Outer",
                                    "Parallel Aware": false,
                                    "Index Name": "company_id_movie_companies",
                                    "Startup Cost": 0.0,
                                    "Total Cost": 5564.42,
                                    "Plan Rows": 259732,
                                    "Plan Width": 0,
                                    "Actual Startup Time": 22.004,
                                    "Actual Total Time": 22.005,
                                    "Actual Rows": 257835,
                                    "Actual Loops": 1,
                                    "Index Cond": "(company_id > 99789)"
                                  }
                                ]
                              }
                            ]
                          }
                        ]
                      }
                    ]
                  }
                ]
              }
            ]
          }
        ]
      }
    ]
  },
  "Planning Time": 1.017,
  "Triggers": [],
  "Execution Time": 933.942
}