[
  {
    "Plan": {
      "Node Type": "Aggregate",
      "Strategy": "Plain",
      "Partial Mode": "Finalize",
      "Parallel Aware": false,
      "Startup Cost": 45478.94,
      "Total Cost": 45478.95,
      "Plan Rows": 1,
      "Plan Width": 8,
      "Actual Startup Time": 136.946,
      "Actual Total Time": 143.741,
      "Actual Rows": 1,
      "Actual Loops": 1,
      "Plans": [
        {
          "Node Type": "Gather",
          "Parent Relationship": "Outer",
          "Parallel Aware": false,
          "Startup Cost": 45478.63,
          "Total Cost": 45478.94,
          "Plan Rows": 3,
          "Plan Width": 8,
          "Actual Startup Time": 136.811,
          "Actual Total Time": 143.732,
          "Actual Rows": 4,
          "Actual Loops": 1,
          "Workers Planned": 3,
          "Workers Launched": 3,
          "Single Copy": false,
          "Plans": [
            {
              "Node Type": "Aggregate",
              "Strategy": "Plain",
              "Partial Mode": "Partial",
              "Parent Relationship": "Outer",
              "Parallel Aware": false,
              "Startup Cost": 44478.63,
              "Total Cost": 44478.64,
              "Plan Rows": 1,
              "Plan Width": 8,
              "Actual Startup Time": 131.42,
              "Actual Total Time": 131.421,
              "Actual Rows": 1,
              "Actual Loops": 4,
              "Plans": [
                {
                  "Node Type": "Seq Scan",
                  "Parent Relationship": "Outer",
                  "Parallel Aware": true,
                  "Relation Name": "movie_keyword",
                  "Alias": "mk",
                  "Startup Cost": 0.0,
                  "Total Cost": 42695.65,
                  "Plan Rows": 713189,
                  "Plan Width": 0,
                  "Actual Startup Time": 0.364,
                  "Actual Total Time": 106.407,
                  "Actual Rows": 549536,
                  "Actual Loops": 4,
                  "Filter": "(keyword_id > 5085)",
                  "Rows Removed by Filter": 581447
                }
              ]
            }
          ]
        }
      ]
    },
    "Planning Time": 0.193,
    "Triggers": [],
    "Execution Time": 143.797
  }
]