[
  {
    "Plan": {
      "Node Type": "Aggregate",
      "Strategy": "Plain",
      "Partial Mode": "Finalize",
      "Parallel Aware": false,
      "Startup Cost": 245075.01,
      "Total Cost": 245075.02,
      "Plan Rows": 1,
      "Plan Width": 8,
      "Actual Startup Time": 685.34,
      "Actual Total Time": 735.682,
      "Actual Rows": 1,
      "Actual Loops": 1,
      "Plans": [
        {
          "Node Type": "Gather",
          "Parent Relationship": "Outer",
          "Parallel Aware": false,
          "Startup Cost": 245074.49,
          "Total Cost": 245075.0,
          "Plan Rows": 5,
          "Plan Width": 8,
          "Actual Startup Time": 683.867,
          "Actual Total Time": 735.673,
          "Actual Rows": 6,
          "Actual Loops": 1,
          "Workers Planned": 5,
          "Workers Launched": 5,
          "Single Copy": false,
          "Plans": [
            {
              "Node Type": "Aggregate",
              "Strategy": "Plain",
              "Partial Mode": "Partial",
              "Parent Relationship": "Outer",
              "Parallel Aware": false,
              "Startup Cost": 244074.49,
              "Total Cost": 244074.5,
              "Plan Rows": 1,
              "Plan Width": 8,
              "Actual Startup Time": 674.006,
              "Actual Total Time": 674.009,
              "Actual Rows": 1,
              "Actual Loops": 6,
              "Plans": [
                {
                  "Node Type": "Hash Join",
                  "Parent Relationship": "Outer",
                  "Parallel Aware": true,
                  "Join Type": "Inner",
                  "Startup Cost": 44340.03,
                  "Total Cost": 243661.79,
                  "Plan Rows": 165077,
                  "Plan Width": 0,
                  "Actual Startup Time": 91.928,
                  "Actual Total Time": 662.042,
                  "Actual Rows": 271636,
                  "Actual Loops": 6,
                  "Inner Unique": true,
                  "Hash Cond": "(mi.movie_id = t.id)",
                  "Plans": [
                    {
                      "Node Type": "Seq Scan",
                      "Parent Relationship": "Outer",
                      "Parallel Aware": true,
                      "Relation Name": "movie_info",
                      "Alias": "mi",
                      "Startup Cost": 0.0,
                      "Total Cost": 191560.33,
                      "Plan Rows": 2956733,
                      "Plan Width": 4,
                      "Actual Startup Time": 0.024,
                      "Actual Total Time": 286.28,
                      "Actual Rows": 2472620,
                      "Actual Loops": 6
                    },
                    {
                      "Node Type": "Hash",
                      "Parent Relationship": "Inner",
                      "Parallel Aware": true,
                      "Startup Cost": 43898.92,
                      "Total Cost": 43898.92,
                      "Plan Rows": 35289,
                      "Plan Width": 4,
                      "Actual Startup Time": 84.417,
                      "Actual Total Time": 84.417,
                      "Actual Rows": 23889,
                      "Actual Loops": 6,
                      "Hash Buckets": 262144,
                      "Original Hash Buckets": 262144,
                      "Hash Batches": 1,
                      "Original Hash Batches": 1,
                      "Peak Memory Usage": 7744,
                      "Plans": [
                        {
                          "Node Type": "Seq Scan",
                          "Parent Relationship": "Outer",
                          "Parallel Aware": true,
                          "Relation Name": "title",
                          "Alias": "t",
                          "Startup Cost": 0.0,
                          "Total Cost": 43898.92,
                          "Plan Rows": 35289,
                          "Plan Width": 4,
                          "Actual Startup Time": 10.328,
                          "Actual Total Time": 76.071,
                          "Actual Rows": 23889,
                          "Actual Loops": 6,
                          "Filter": "(production_year < 1941)",
                          "Rows Removed by Filter": 397496
                        }
                      ]
                    }
                  ]
                }
              ]
            }
          ]
        }
      ]
    },
    "Planning Time": 0.53,
    "Triggers": [],
    "Execution Time": 735.759
  }
]