[
  {
    "Plan": {
      "Node Type": "Aggregate",
      "Strategy": "Plain",
      "Partial Mode": "Finalize",
      "Parallel Aware": false,
      "Startup Cost": 83472.2,
      "Total Cost": 83472.21,
      "Plan Rows": 1,
      "Plan Width": 8,
      "Actual Startup Time": 279.403,
      "Actual Total Time": 298.551,
      "Actual Rows": 1,
      "Actual Loops": 1,
      "Plans": [
        {
          "Node Type": "Gather",
          "Parent Relationship": "Outer",
          "Parallel Aware": false,
          "Startup Cost": 83471.88,
          "Total Cost": 83472.19,
          "Plan Rows": 3,
          "Plan Width": 8,
          "Actual Startup Time": 278.559,
          "Actual Total Time": 298.539,
          "Actual Rows": 4,
          "Actual Loops": 1,
          "Workers Planned": 3,
          "Workers Launched": 3,
          "Single Copy": false,
          "Plans": [
            {
              "Node Type": "Aggregate",
              "Strategy": "Plain",
              "Partial Mode": "Partial",
              "Parent Relationship": "Outer",
              "Parallel Aware": false,
              "Startup Cost": 82471.88,
              "Total Cost": 82471.89,
              "Plan Rows": 1,
              "Plan Width": 8,
              "Actual Startup Time": 271.773,
              "Actual Total Time": 271.777,
              "Actual Rows": 1,
              "Actual Loops": 4,
              "Plans": [
                {
                  "Node Type": "Hash Join",
                  "Parent Relationship": "Outer",
                  "Parallel Aware": true,
                  "Join Type": "Inner",
                  "Startup Cost": 55450.31,
                  "Total Cost": 82445.14,
                  "Plan Rows": 10695,
                  "Plan Width": 0,
                  "Actual Startup Time": 177.471,
                  "Actual Total Time": 271.316,
                  "Actual Rows": 3800,
                  "Actual Loops": 4,
                  "Inner Unique": true,
                  "Hash Cond": "(mk.movie_id = t.id)",
                  "Plans": [
                    {
                      "Node Type": "Bitmap Heap Scan",
                      "Parent Relationship": "Outer",
                      "Parallel Aware": true,
                      "Relation Name": "movie_keyword",
                      "Alias": "mk",
                      "Startup Cost": 11048.37,
                      "Total Cost": 37602.23,
                      "Plan Rows": 167989,
                      "Plan Width": 4,
                      "Actual Startup Time": 55.951,
                      "Actual Total Time": 125.98,
                      "Actual Rows": 127089,
                      "Actual Loops": 4,
                      "Recheck Cond": "(keyword_id > 35712)",
                      "Rows Removed by Index Recheck": 0,
                      "Exact Heap Blocks": 6073,
                      "Lossy Heap Blocks": 0,
                      "Plans": [
                        {
                          "Node Type": "Bitmap Index Scan",
                          "Parent Relationship": "Outer",
                          "Parallel Aware": false,
                          "Index Name": "keyword_id_movie_keyword",
                          "Startup Cost": 0.0,
                          "Total Cost": 10918.18,
                          "Plan Rows": 520766,
                          "Plan Width": 0,
                          "Actual Startup Time": 50.307,
                          "Actual Total Time": 50.308,
                          "Actual Rows": 508357,
                          "Actual Loops": 1,
                          "Index Cond": "(keyword_id > 35712)"
                        }
                      ]
                    },
                    {
                      "Node Type": "Hash",
                      "Parent Relationship": "Inner",
                      "Parallel Aware": true,
                      "Startup Cost": 43898.92,
                      "Total Cost": 43898.92,
                      "Plan Rows": 40242,
                      "Plan Width": 4,
                      "Actual Startup Time": 119.464,
                      "Actual Total Time": 119.465,
                      "Actual Rows": 41077,
                      "Actual Loops": 4,
                      "Hash Buckets": 262144,
                      "Original Hash Buckets": 262144,
                      "Hash Batches": 1,
                      "Original Hash Batches": 1,
                      "Peak Memory Usage": 8544,
                      "Plans": [
                        {
                          "Node Type": "Seq Scan",
                          "Parent Relationship": "Outer",
                          "Parallel Aware": true,
                          "Relation Name": "title",
                          "Alias": "t",
                          "Startup Cost": 0.0,
                          "Total Cost": 43898.92,
                          "Plan Rows": 40242,
                          "Plan Width": 4,
                          "Actual Startup Time": 0.03,
                          "Actual Total Time": 103.376,
                          "Actual Rows": 41077,
                          "Actual Loops": 4,
                          "Filter": "(production_year = 2012)",
                          "Rows Removed by Filter": 591001
                        }
                      ]
                    }
                  ]
                }
              ]
            }
          ]
        }
      ]
    },
    "Planning Time": 0.473,
    "Triggers": [],
    "Execution Time": 298.627
  }
]