{
    "Plan": {
        "Node Type": "Aggregate",
        "Strategy": "Plain",
        "Partial Mode": "Simple",
        "Parallel Aware": false,
        "Startup Cost": 70000709958.97,
        "Total Cost": 70000709958.98,
        "Plan Rows": 1,
        "Plan Width": 96,
        "Actual Startup Time": 26771.676,
        "Actual Total Time": 26771.699,
        "Actual Rows": 1,
        "Actual Loops": 1,
        "Output": [
            "min(cn.name)",
            "min(mi_idx.info)",
            "min(t.title)"
        ],
        "Plans": [
            {
                "Node Type": "Nested Loop",
                "Parent Relationship": "Outer",
                "Parallel Aware": false,
                "Join Type": "Inner",
                "Startup Cost": 70000709663.81,
                "Total Cost": 70000709958.97,
                "Plan Rows": 1,
                "Plan Width": 41,
                "Actual Startup Time": 10899.732,
                "Actual Total Time": 26763.932,
                "Actual Rows": 23142,
                "Actual Loops": 1,
                "Output": [
                    "cn.name",
                    "mi_idx.info",
                    "t.title"
                ],
                "Inner Unique": true,
                "Plans": [
                    {
                        "Node Type": "Nested Loop",
                        "Parent Relationship": "Outer",
                        "Parallel Aware": false,
                        "Join Type": "Inner",
                        "Startup Cost": 60000709663.36,
                        "Total Cost": 60000709954.5,
                        "Plan Rows": 1,
                        "Plan Width": 26,
                        "Actual Startup Time": 10899.714,
                        "Actual Total Time": 26608.266,
                        "Actual Rows": 24950,
                        "Actual Loops": 1,
                        "Output": [
                            "mc.company_id",
                            "mi_idx.info",
                            "t.title"
                        ],
                        "Inner Unique": true,
                        "Plans": [
                            {
                                "Node Type": "Merge Join",
                                "Parent Relationship": "Outer",
                                "Parallel Aware": false,
                                "Join Type": "Inner",
                                "Startup Cost": 50000709662.93,
                                "Total Cost": 50000709663.92,
                                "Plan Rows": 65,
                                "Plan Width": 30,
                                "Actual Startup Time": 10891.76,
                                "Actual Total Time": 12161.758,
                                "Actual Rows": 2812061,
                                "Actual Loops": 1,
                                "Output": [
                                    "mc.company_id",
                                    "mi_idx.info",
                                    "mk.keyword_id",
                                    "t.title"
                                ],
                                "Inner Unique": false,
                                "Merge Cond": "(ct.id = mc.company_type_id)",
                                "Plans": [
                                    {
                                        "Node Type": "Sort",
                                        "Parent Relationship": "Outer",
                                        "Parallel Aware": false,
                                        "Startup Cost": 1.08,
                                        "Total Cost": 1.09,
                                        "Plan Rows": 4,
                                        "Plan Width": 4,
                                        "Actual Startup Time": 0.022,
                                        "Actual Total Time": 0.024,
                                        "Actual Rows": 3,
                                        "Actual Loops": 1,
                                        "Output": [
                                            "ct.id"
                                        ],
                                        "Sort Key": [
                                            "ct.id"
                                        ],
                                        "Sort Method": "quicksort",
                                        "Sort Space Used": 25,
                                        "Sort Space Type": "Memory",
                                        "Plans": [
                                            {
                                                "Node Type": "Seq Scan",
                                                "Parent Relationship": "Outer",
                                                "Parallel Aware": false,
                                                "Relation Name": "company_type",
                                                "Schema": "public",
                                                "Alias": "ct",
                                                "Startup Cost": 0.0,
                                                "Total Cost": 1.04,
                                                "Plan Rows": 4,
                                                "Plan Width": 4,
                                                "Actual Startup Time": 0.013,
                                                "Actual Total Time": 0.015,
                                                "Actual Rows": 4,
                                                "Actual Loops": 1,
                                                "Output": [
                                                    "ct.id"
                                                ]
                                            }
                                        ]
                                    },
                                    {
                                        "Node Type": "Sort",
                                        "Parent Relationship": "Inner",
                                        "Parallel Aware": false,
                                        "Startup Cost": 50000709661.85,
                                        "Total Cost": 50000709662.01,
                                        "Plan Rows": 65,
                                        "Plan Width": 34,
                                        "Actual Startup Time": 10891.73,
                                        "Actual Total Time": 11496.44,
                                        "Actual Rows": 2812061,
                                        "Actual Loops": 1,
                                        "Output": [
                                            "mc.company_type_id",
                                            "mc.company_id",
                                            "mi_idx.info",
                                            "mk.keyword_id",
                                            "t.title"
                                        ],
                                        "Sort Key": [
                                            "mc.company_type_id"
                                        ],
                                        "Sort Method": "quicksort",
                                        "Sort Space Used": 328891,
                                        "Sort Space Type": "Memory",
                                        "Plans": [
                                            {
                                                "Node Type": "Nested Loop",
                                                "Parent Relationship": "Outer",
                                                "Parallel Aware": false,
                                                "Join Type": "Inner",
                                                "Startup Cost": 50000708255.33,
                                                "Total Cost": 50000709659.89,
                                                "Plan Rows": 65,
                                                "Plan Width": 34,
                                                "Actual Startup Time": 5980.617,
                                                "Actual Total Time": 10395.388,
                                                "Actual Rows": 2812061,
                                                "Actual Loops": 1,
                                                "Output": [
                                                    "mc.company_type_id",
                                                    "mc.company_id",
                                                    "mi_idx.info",
                                                    "mk.keyword_id",
                                                    "t.title"
                                                ],
                                                "Inner Unique": false,
                                                "Join Filter": "(t.id = mc.movie_id)",
                                                "Rows Removed by Join Filter": 0,
                                                "Plans": [
                                                    {
                                                        "Node Type": "Hash Join",
                                                        "Parent Relationship": "Outer",
                                                        "Parallel Aware": false,
                                                        "Join Type": "Inner",
                                                        "Startup Cost": 40000708254.85,
                                                        "Total Cost": 40000708689.74,
                                                        "Plan Rows": 212,
                                                        "Plan Width": 42,
                                                        "Actual Startup Time": 5980.553,
                                                        "Actual Total Time": 6316.895,
                                                        "Actual Rows": 401444,
                                                        "Actual Loops": 1,
                                                        "Output": [
                                                            "mi.movie_id",
                                                            "mi_idx.info",
                                                            "mi_idx.movie_id",
                                                            "mk.movie_id",
                                                            "mk.keyword_id",
                                                            "t.title",
                                                            "t.id"
                                                        ],
                                                        "Inner Unique": false,
                                                        "Hash Cond": "(t.kind_id = kt.id)",
                                                        "Plans": [
                                                            {
                                                                "Node Type": "Merge Join",
                                                                "Parent Relationship": "Outer",
                                                                "Parallel Aware": false,
                                                                "Join Type": "Inner",
                                                                "Startup Cost": 30000708253.74,
                                                                "Total Cost": 30000708683.73,
                                                                "Plan Rows": 741,
                                                                "Plan Width": 46,
                                                                "Actual Startup Time": 5980.515,
                                                                "Actual Total Time": 6186.713,
                                                                "Actual Rows": 518516,
                                                                "Actual Loops": 1,
                                                                "Output": [
                                                                    "mi.movie_id",
                                                                    "mi_idx.info",
                                                                    "mi_idx.movie_id",
                                                                    "mk.movie_id",
                                                                    "mk.keyword_id",
                                                                    "t.title",
                                                                    "t.kind_id",
                                                                    "t.id"
                                                                ],
                                                                "Inner Unique": false,
                                                                "Merge Cond": "(mi.info_type_id = it1.id)",
                                                                "Plans": [
                                                                    {
                                                                        "Node Type": "Sort",
                                                                        "Parent Relationship": "Outer",
                                                                        "Parallel Aware": false,
                                                                        "Startup Cost": 20000708251.32,
                                                                        "Total Cost": 20000708460.75,
                                                                        "Plan Rows": 83774,
                                                                        "Plan Width": 50,
                                                                        "Actual Startup Time": 5976.946,
                                                                        "Actual Total Time": 6033.294,
                                                                        "Actual Rows": 558294,
                                                                        "Actual Loops": 1,
                                                                        "Output": [
                                                                            "mi_idx.info",
                                                                            "mi_idx.movie_id",
                                                                            "mi.movie_id",
                                                                            "mi.info_type_id",
                                                                            "mk.movie_id",
                                                                            "mk.keyword_id",
                                                                            "t.title",
                                                                            "t.kind_id",
                                                                            "t.id"
                                                                        ],
                                                                        "Sort Key": [
                                                                            "mi.info_type_id"
                                                                        ],
                                                                        "Sort Method": "quicksort",
                                                                        "Sort Space Used": 85479,
                                                                        "Sort Space Type": "Memory",
                                                                        "Plans": [
                                                                            {
                                                                                "Node Type": "Hash Join",
                                                                                "Parent Relationship": "Outer",
                                                                                "Parallel Aware": false,
                                                                                "Join Type": "Inner",
                                                                                "Startup Cost": 20000315488.02,
                                                                                "Total Cost": 20000701401.03,
                                                                                "Plan Rows": 83774,
                                                                                "Plan Width": 50,
                                                                                "Actual Startup Time": 3666.543,
                                                                                "Actual Total Time": 5862.331,
                                                                                "Actual Rows": 575612,
                                                                                "Actual Loops": 1,
                                                                                "Output": [
                                                                                    "mi_idx.info",
                                                                                    "mi_idx.movie_id",
                                                                                    "mi.movie_id",
                                                                                    "mi.info_type_id",
                                                                                    "mk.movie_id",
                                                                                    "mk.keyword_id",
                                                                                    "t.title",
                                                                                    "t.kind_id",
                                                                                    "t.id"
                                                                                ],
                                                                                "Inner Unique": false,
                                                                                "Hash Cond": "(mi.movie_id = t.id)",
                                                                                "Plans": [
                                                                                    {
                                                                                        "Node Type": "Seq Scan",
                                                                                        "Parent Relationship": "Outer",
                                                                                        "Parallel Aware": false,
                                                                                        "Relation Name": "movie_info",
                                                                                        "Schema": "public",
                                                                                        "Alias": "mi",
                                                                                        "Startup Cost": 0.0,
                                                                                        "Total Cost": 383319.42,
                                                                                        "Plan Rows": 658455,
                                                                                        "Plan Width": 8,
                                                                                        "Actual Startup Time": 1.444,
                                                                                        "Actual Total Time": 1995.605,
                                                                                        "Actual Rows": 669336,
                                                                                        "Actual Loops": 1,
                                                                                        "Output": [
                                                                                            "mi.id",
                                                                                            "mi.movie_id",
                                                                                            "mi.info_type_id",
                                                                                            "mi.info",
                                                                                            "mi.note"
                                                                                        ],
                                                                                        "Filter": "(mi.info = ANY ('{Germany,German,USA,American}'::text[]))",
                                                                                        "Rows Removed by Filter": 14166384
                                                                                    },
                                                                                    {
                                                                                        "Node Type": "Hash",
                                                                                        "Parent Relationship": "Inner",
                                                                                        "Parallel Aware": false,
                                                                                        "Startup Cost": 20000314891.03,
                                                                                        "Total Cost": 20000314891.03,
                                                                                        "Plan Rows": 47759,
                                                                                        "Plan Width": 42,
                                                                                        "Actual Startup Time": 3664.991,
                                                                                        "Actual Total Time": 3665.004,
                                                                                        "Actual Rows": 773780,
                                                                                        "Actual Loops": 1,
                                                                                        "Output": [
                                                                                            "mi_idx.info",
                                                                                            "mi_idx.movie_id",
                                                                                            "mk.movie_id",
                                                                                            "mk.keyword_id",
                                                                                            "t.title",
                                                                                            "t.kind_id",
                                                                                            "t.id"
                                                                                        ],
                                                                                        "Hash Buckets": 1048576,
                                                                                        "Original Hash Buckets": 65536,
                                                                                        "Hash Batches": 1,
                                                                                        "Original Hash Batches": 1,
                                                                                        "Peak Memory Usage": 64975,
                                                                                        "Plans": [
                                                                                            {
                                                                                                "Node Type": "Hash Join",
                                                                                                "Parent Relationship": "Outer",
                                                                                                "Parallel Aware": false,
                                                                                                "Join Type": "Inner",
                                                                                                "Startup Cost": 20000124594.96,
                                                                                                "Total Cost": 20000314891.03,
                                                                                                "Plan Rows": 47759,
                                                                                                "Plan Width": 42,
                                                                                                "Actual Startup Time": 1551.704,
                                                                                                "Actual Total Time": 3443.517,
                                                                                                "Actual Rows": 773780,
                                                                                                "Actual Loops": 1,
                                                                                                "Output": [
                                                                                                    "mi_idx.info",
                                                                                                    "mi_idx.movie_id",
                                                                                                    "mk.movie_id",
                                                                                                    "mk.keyword_id",
                                                                                                    "t.title",
                                                                                                    "t.kind_id",
                                                                                                    "t.id"
                                                                                                ],
                                                                                                "Inner Unique": false,
                                                                                                "Hash Cond": "(mk.movie_id = t.id)",
                                                                                                "Plans": [
                                                                                                    {
                                                                                                        "Node Type": "Merge Join",
                                                                                                        "Parent Relationship": "Outer",
                                                                                                        "Parallel Aware": false,
                                                                                                        "Join Type": "Inner",
                                                                                                        "Startup Cost": 10000041307.95,
                                                                                                        "Total Cost": 10000230765.57,
                                                                                                        "Plan Rows": 96230,
                                                                                                        "Plan Width": 17,
                                                                                                        "Actual Startup Time": 648.078,
                                                                                                        "Actual Total Time": 2144.067,
                                                                                                        "Actual Rows": 2376417,
                                                                                                        "Actual Loops": 1,
                                                                                                        "Output": [
                                                                                                            "mi_idx.info",
                                                                                                            "mi_idx.movie_id",
                                                                                                            "mk.movie_id",
                                                                                                            "mk.keyword_id"
                                                                                                        ],
                                                                                                        "Inner Unique": false,
                                                                                                        "Merge Cond": "(mi_idx.movie_id = mk.movie_id)",
                                                                                                        "Plans": [
                                                                                                            {
                                                                                                                "Node Type": "Sort",
                                                                                                                "Parent Relationship": "Outer",
                                                                                                                "Parallel Aware": false,
                                                                                                                "Startup Cost": 41307.51,
                                                                                                                "Total Cost": 41333.45,
                                                                                                                "Plan Rows": 10377,
                                                                                                                "Plan Width": 9,
                                                                                                                "Actual Startup Time": 648.039,
                                                                                                                "Actual Total Time": 679.573,
                                                                                                                "Actual Rows": 324117,
                                                                                                                "Actual Loops": 1,
                                                                                                                "Output": [
                                                                                                                    "mi_idx.info",
                                                                                                                    "mi_idx.movie_id"
                                                                                                                ],
                                                                                                                "Sort Key": [
                                                                                                                    "mi_idx.movie_id"
                                                                                                                ],
                                                                                                                "Sort Method": "quicksort",
                                                                                                                "Sort Space Used": 27481,
                                                                                                                "Sort Space Type": "Memory",
                                                                                                                "Plans": [
                                                                                                                    {
                                                                                                                        "Node Type": "Hash Join",
                                                                                                                        "Parent Relationship": "Outer",
                                                                                                                        "Parallel Aware": false,
                                                                                                                        "Join Type": "Inner",
                                                                                                                        "Startup Cost": 39842.62,
                                                                                                                        "Total Cost": 40615.31,
                                                                                                                        "Plan Rows": 10377,
                                                                                                                        "Plan Width": 9,
                                                                                                                        "Actual Startup Time": 517.793,
                                                                                                                        "Actual Total Time": 563.106,
                                                                                                                        "Actual Rows": 324117,
                                                                                                                        "Actual Loops": 1,
                                                                                                                        "Output": [
                                                                                                                            "mi_idx.info",
                                                                                                                            "mi_idx.movie_id"
                                                                                                                        ],
                                                                                                                        "Inner Unique": false,
                                                                                                                        "Hash Cond": "(it2.id = mi_idx.info_type_id)",
                                                                                                                        "Plans": [
                                                                                                                            {
                                                                                                                                "Node Type": "Index Scan",
                                                                                                                                "Parent Relationship": "Outer",
                                                                                                                                "Parallel Aware": false,
                                                                                                                                "Scan Direction": "Forward",
                                                                                                                                "Index Name": "info_type_pkey",
                                                                                                                                "Relation Name": "info_type",
                                                                                                                                "Schema": "public",
                                                                                                                                "Alias": "it2",
                                                                                                                                "Startup Cost": 0.14,
                                                                                                                                "Total Cost": 14.12,
                                                                                                                                "Plan Rows": 1,
                                                                                                                                "Plan Width": 4,
                                                                                                                                "Actual Startup Time": 0.034,
                                                                                                                                "Actual Total Time": 0.049,
                                                                                                                                "Actual Rows": 1,
                                                                                                                                "Actual Loops": 1,
                                                                                                                                "Output": [
                                                                                                                                    "it2.id",
                                                                                                                                    "it2.info"
                                                                                                                                ],
                                                                                                                                "Filter": "((it2.info)::text = 'rating'::text)",
                                                                                                                                "Rows Removed by Filter": 112
                                                                                                                            },
                                                                                                                            {
                                                                                                                                "Node Type": "Hash",
                                                                                                                                "Parent Relationship": "Inner",
                                                                                                                                "Parallel Aware": false,
                                                                                                                                "Startup Cost": 25185.44,
                                                                                                                                "Total Cost": 25185.44,
                                                                                                                                "Plan Rows": 1172563,
                                                                                                                                "Plan Width": 13,
                                                                                                                                "Actual Startup Time": 514.397,
                                                                                                                                "Actual Total Time": 514.398,
                                                                                                                                "Actual Rows": 1172960,
                                                                                                                                "Actual Loops": 1,
                                                                                                                                "Output": [
                                                                                                                                    "mi_idx.info",
                                                                                                                                    "mi_idx.movie_id",
                                                                                                                                    "mi_idx.info_type_id"
                                                                                                                                ],
                                                                                                                                "Hash Buckets": 2097152,
                                                                                                                                "Original Hash Buckets": 2097152,
                                                                                                                                "Hash Batches": 1,
                                                                                                                                "Original Hash Batches": 1,
                                                                                                                                "Peak Memory Usage": 70439,
                                                                                                                                "Plans": [
                                                                                                                                    {
                                                                                                                                        "Node Type": "Seq Scan",
                                                                                                                                        "Parent Relationship": "Outer",
                                                                                                                                        "Parallel Aware": false,
                                                                                                                                        "Relation Name": "movie_info_idx",
                                                                                                                                        "Schema": "public",
                                                                                                                                        "Alias": "mi_idx",
                                                                                                                                        "Startup Cost": 0.0,
                                                                                                                                        "Total Cost": 25185.44,
                                                                                                                                        "Plan Rows": 1172563,
                                                                                                                                        "Plan Width": 13,
                                                                                                                                        "Actual Startup Time": 0.02,
                                                                                                                                        "Actual Total Time": 293.224,
                                                                                                                                        "Actual Rows": 1172960,
                                                                                                                                        "Actual Loops": 1,
                                                                                                                                        "Output": [
                                                                                                                                            "mi_idx.info",
                                                                                                                                            "mi_idx.movie_id",
                                                                                                                                            "mi_idx.info_type_id"
                                                                                                                                        ],
                                                                                                                                        "Filter": "(mi_idx.info < '7.0'::text)",
                                                                                                                                        "Rows Removed by Filter": 207075
                                                                                                                                    }
                                                                                                                                ]
                                                                                                                            }
                                                                                                                        ]
                                                                                                                    }
                                                                                                                ]
                                                                                                            },
                                                                                                            {
                                                                                                                "Node Type": "Index Scan",
                                                                                                                "Parent Relationship": "Inner",
                                                                                                                "Parallel Aware": false,
                                                                                                                "Scan Direction": "Forward",
                                                                                                                "Index Name": "movie_id_movie_keyword",
                                                                                                                "Relation Name": "movie_keyword",
                                                                                                                "Schema": "public",
                                                                                                                "Alias": "mk",
                                                                                                                "Startup Cost": 10000000000.43,
                                                                                                                "Total Cost": 10000177177.46,
                                                                                                                "Plan Rows": 4523930,
                                                                                                                "Plan Width": 8,
                                                                                                                "Actual Startup Time": 0.031,
                                                                                                                "Actual Total Time": 789.759,
                                                                                                                "Actual Rows": 4523925,
                                                                                                                "Actual Loops": 1,
                                                                                                                "Output": [
                                                                                                                    "mk.id",
                                                                                                                    "mk.movie_id",
                                                                                                                    "mk.keyword_id"
                                                                                                                ]
                                                                                                            }
                                                                                                        ]
                                                                                                    },
                                                                                                    {
                                                                                                        "Node Type": "Hash",
                                                                                                        "Parent Relationship": "Inner",
                                                                                                        "Parallel Aware": false,
                                                                                                        "Startup Cost": 10000067602.02,
                                                                                                        "Total Cost": 10000067602.02,
                                                                                                        "Plan Rows": 1254799,
                                                                                                        "Plan Width": 25,
                                                                                                        "Actual Startup Time": 900.643,
                                                                                                        "Actual Total Time": 900.644,
                                                                                                        "Actual Rows": 1260295,
                                                                                                        "Actual Loops": 1,
                                                                                                        "Output": [
                                                                                                            "t.title",
                                                                                                            "t.kind_id",
                                                                                                            "t.id"
                                                                                                        ],
                                                                                                        "Hash Buckets": 2097152,
                                                                                                        "Original Hash Buckets": 2097152,
                                                                                                        "Hash Batches": 1,
                                                                                                        "Original Hash Batches": 1,
                                                                                                        "Peak Memory Usage": 88850,
                                                                                                        "Plans": [
                                                                                                            {
                                                                                                                "Node Type": "Seq Scan",
                                                                                                                "Parent Relationship": "Outer",
                                                                                                                "Parallel Aware": false,
                                                                                                                "Relation Name": "title",
                                                                                                                "Schema": "public",
                                                                                                                "Alias": "t",
                                                                                                                "Startup Cost": 10000000000.0,
                                                                                                                "Total Cost": 10000067602.02,
                                                                                                                "Plan Rows": 1254799,
                                                                                                                "Plan Width": 25,
                                                                                                                "Actual Startup Time": 0.02,
                                                                                                                "Actual Total Time": 445.894,
                                                                                                                "Actual Rows": 1260295,
                                                                                                                "Actual Loops": 1,
                                                                                                                "Output": [
                                                                                                                    "t.title",
                                                                                                                    "t.kind_id",
                                                                                                                    "t.id"
                                                                                                                ],
                                                                                                                "Filter": "(t.production_year > 2002)",
                                                                                                                "Rows Removed by Filter": 1268017
                                                                                                            }
                                                                                                        ]
                                                                                                    }
                                                                                                ]
                                                                                            }
                                                                                        ]
                                                                                    }
                                                                                ]
                                                                            }
                                                                        ]
                                                                    },
                                                                    {
                                                                        "Node Type": "Materialize",
                                                                        "Parent Relationship": "Inner",
                                                                        "Parallel Aware": false,
                                                                        "Startup Cost": 10000000002.42,
                                                                        "Total Cost": 10000000002.43,
                                                                        "Plan Rows": 1,
                                                                        "Plan Width": 4,
                                                                        "Actual Startup Time": 0.048,
                                                                        "Actual Total Time": 20.141,
                                                                        "Actual Rows": 1,
                                                                        "Actual Loops": 1,
                                                                        "Output": [
                                                                            "it1.id"
                                                                        ],
                                                                        "Plans": [
                                                                            {
                                                                                "Node Type": "Sort",
                                                                                "Parent Relationship": "Outer",
                                                                                "Parallel Aware": false,
                                                                                "Startup Cost": 10000000002.42,
                                                                                "Total Cost": 10000000002.43,
                                                                                "Plan Rows": 1,
                                                                                "Plan Width": 4,
                                                                                "Actual Startup Time": 0.04,
                                                                                "Actual Total Time": 0.041,
                                                                                "Actual Rows": 1,
                                                                                "Actual Loops": 1,
                                                                                "Output": [
                                                                                    "it1.id"
                                                                                ],
                                                                                "Sort Key": [
                                                                                    "it1.id"
                                                                                ],
                                                                                "Sort Method": "quicksort",
                                                                                "Sort Space Used": 25,
                                                                                "Sort Space Type": "Memory",
                                                                                "Plans": [
                                                                                    {
                                                                                        "Node Type": "Seq Scan",
                                                                                        "Parent Relationship": "Outer",
                                                                                        "Parallel Aware": false,
                                                                                        "Relation Name": "info_type",
                                                                                        "Schema": "public",
                                                                                        "Alias": "it1",
                                                                                        "Startup Cost": 10000000000.0,
                                                                                        "Total Cost": 10000000002.41,
                                                                                        "Plan Rows": 1,
                                                                                        "Plan Width": 4,
                                                                                        "Actual Startup Time": 0.016,
                                                                                        "Actual Total Time": 0.021,
                                                                                        "Actual Rows": 1,
                                                                                        "Actual Loops": 1,
                                                                                        "Output": [
                                                                                            "it1.id"
                                                                                        ],
                                                                                        "Filter": "((it1.info)::text = 'countries'::text)",
                                                                                        "Rows Removed by Filter": 112
                                                                                    }
                                                                                ]
                                                                            }
                                                                        ]
                                                                    }
                                                                ]
                                                            },
                                                            {
                                                                "Node Type": "Hash",
                                                                "Parent Relationship": "Inner",
                                                                "Parallel Aware": false,
                                                                "Startup Cost": 10000000001.09,
                                                                "Total Cost": 10000000001.09,
                                                                "Plan Rows": 2,
                                                                "Plan Width": 4,
                                                                "Actual Startup Time": 0.018,
                                                                "Actual Total Time": 0.018,
                                                                "Actual Rows": 2,
                                                                "Actual Loops": 1,
                                                                "Output": [
                                                                    "kt.id"
                                                                ],
                                                                "Hash Buckets": 1024,
                                                                "Original Hash Buckets": 1024,
                                                                "Hash Batches": 1,
                                                                "Original Hash Batches": 1,
                                                                "Peak Memory Usage": 9,
                                                                "Plans": [
                                                                    {
                                                                        "Node Type": "Seq Scan",
                                                                        "Parent Relationship": "Outer",
                                                                        "Parallel Aware": false,
                                                                        "Relation Name": "kind_type",
                                                                        "Schema": "public",
                                                                        "Alias": "kt",
                                                                        "Startup Cost": 10000000000.0,
                                                                        "Total Cost": 10000000001.09,
                                                                        "Plan Rows": 2,
                                                                        "Plan Width": 4,
                                                                        "Actual Startup Time": 0.012,
                                                                        "Actual Total Time": 0.015,
                                                                        "Actual Rows": 2,
                                                                        "Actual Loops": 1,
                                                                        "Output": [
                                                                            "kt.id"
                                                                        ],
                                                                        "Filter": "((kt.kind)::text = ANY ('{movie,episode}'::text[]))",
                                                                        "Rows Removed by Filter": 5
                                                                    }
                                                                ]
                                                            }
                                                        ]
                                                    },
                                                    {
                                                        "Node Type": "Bitmap Heap Scan",
                                                        "Parent Relationship": "Inner",
                                                        "Parallel Aware": false,
                                                        "Relation Name": "movie_companies",
                                                        "Schema": "public",
                                                        "Alias": "mc",
                                                        "Startup Cost": 0.48,
                                                        "Total Cost": 4.56,
                                                        "Plan Rows": 1,
                                                        "Plan Width": 12,
                                                        "Actual Startup Time": 0.005,
                                                        "Actual Total Time": 0.008,
                                                        "Actual Rows": 7,
                                                        "Actual Loops": 401444,
                                                        "Output": [
                                                            "mc.id",
                                                            "mc.movie_id",
                                                            "mc.company_id",
                                                            "mc.company_type_id",
                                                            "mc.note"
                                                        ],
                                                        "Recheck Cond": "(mc.movie_id = mk.movie_id)",
                                                        "Rows Removed by Index Recheck": 0,
                                                        "Filter": "((mc.note !~~ '%(USA)%'::text) AND (mc.note ~~ '%(200%)%'::text))",
                                                        "Rows Removed by Filter": 9,
                                                        "Exact Heap Blocks": 794352,
                                                        "Lossy Heap Blocks": 0,
                                                        "Plans": [
                                                            {
                                                                "Node Type": "Bitmap Index Scan",
                                                                "Parent Relationship": "Outer",
                                                                "Parallel Aware": false,
                                                                "Index Name": "movie_id_movie_companies",
                                                                "Startup Cost": 0.0,
                                                                "Total Cost": 0.48,
                                                                "Plan Rows": 5,
                                                                "Plan Width": 0,
                                                                "Actual Startup Time": 0.003,
                                                                "Actual Total Time": 0.003,
                                                                "Actual Rows": 16,
                                                                "Actual Loops": 401444,
                                                                "Index Cond": "(mc.movie_id = mk.movie_id)"
                                                            }
                                                        ]
                                                    }
                                                ]
                                            }
                                        ]
                                    }
                                ]
                            },
                            {
                                "Node Type": "Bitmap Heap Scan",
                                "Parent Relationship": "Inner",
                                "Parallel Aware": false,
                                "Relation Name": "keyword",
                                "Schema": "public",
                                "Alias": "k",
                                "Startup Cost": 0.43,
                                "Total Cost": 4.45,
                                "Plan Rows": 1,
                                "Plan Width": 4,
                                "Actual Startup Time": 0.003,
                                "Actual Total Time": 0.003,
                                "Actual Rows": 0,
                                "Actual Loops": 2812061,
                                "Output": [
                                    "k.id",
                                    "k.keyword",
                                    "k.phonetic_code"
                                ],
                                "Recheck Cond": "(k.id = mk.keyword_id)",
                                "Rows Removed by Index Recheck": 0,
                                "Filter": "(k.keyword = ANY ('{murder,murder-in-title,blood,violence}'::text[]))",
                                "Rows Removed by Filter": 1,
                                "Exact Heap Blocks": 2812061,
                                "Lossy Heap Blocks": 0,
                                "Plans": [
                                    {
                                        "Node Type": "Bitmap Index Scan",
                                        "Parent Relationship": "Outer",
                                        "Parallel Aware": false,
                                        "Index Name": "keyword_pkey",
                                        "Startup Cost": 0.0,
                                        "Total Cost": 0.43,
                                        "Plan Rows": 1,
                                        "Plan Width": 0,
                                        "Actual Startup Time": 0.002,
                                        "Actual Total Time": 0.002,
                                        "Actual Rows": 1,
                                        "Actual Loops": 2812061,
                                        "Index Cond": "(k.id = mk.keyword_id)"
                                    }
                                ]
                            }
                        ]
                    },
                    {
                        "Node Type": "Bitmap Heap Scan",
                        "Parent Relationship": "Inner",
                        "Parallel Aware": false,
                        "Relation Name": "company_name",
                        "Schema": "public",
                        "Alias": "cn",
                        "Startup Cost": 0.45,
                        "Total Cost": 4.47,
                        "Plan Rows": 1,
                        "Plan Width": 23,
                        "Actual Startup Time": 0.004,
                        "Actual Total Time": 0.004,
                        "Actual Rows": 1,
                        "Actual Loops": 24950,
                        "Output": [
                            "cn.id",
                            "cn.name",
                            "cn.country_code",
                            "cn.imdb_id",
                            "cn.name_pcode_nf",
                            "cn.name_pcode_sf",
                            "cn.md5sum"
                        ],
                        "Recheck Cond": "(cn.id = mc.company_id)",
                        "Rows Removed by Index Recheck": 0,
                        "Filter": "((cn.country_code)::text <> '[us]'::text)",
                        "Rows Removed by Filter": 0,
                        "Exact Heap Blocks": 24950,
                        "Lossy Heap Blocks": 0,
                        "Plans": [
                            {
                                "Node Type": "Bitmap Index Scan",
                                "Parent Relationship": "Outer",
                                "Parallel Aware": false,
                                "Index Name": "company_name_pkey",
                                "Startup Cost": 0.0,
                                "Total Cost": 0.45,
                                "Plan Rows": 1,
                                "Plan Width": 0,
                                "Actual Startup Time": 0.002,
                                "Actual Total Time": 0.002,
                                "Actual Rows": 1,
                                "Actual Loops": 24950,
                                "Index Cond": "(cn.id = mc.company_id)"
                            }
                        ]
                    }
                ]
            }
        ]
    },
    "Planning Time": 26.475,
    "Triggers": [],
    "Execution Time": 26774.319
}