[
  {
    "Plan": {
      "Node Type": "Aggregate",
      "Strategy": "Plain",
      "Partial Mode": "Finalize",
      "Parallel Aware": false,
      "Startup Cost": 49243.53,
      "Total Cost": 49243.54,
      "Plan Rows": 1,
      "Plan Width": 8,
      "Actual Startup Time": 101.598,
      "Actual Total Time": 115.673,
      "Actual Rows": 1,
      "Actual Loops": 1,
      "Plans": [
        {
          "Node Type": "Gather",
          "Parent Relationship": "Outer",
          "Parallel Aware": false,
          "Startup Cost": 49243.11,
          "Total Cost": 49243.52,
          "Plan Rows": 4,
          "Plan Width": 8,
          "Actual Startup Time": 101.483,
          "Actual Total Time": 115.667,
          "Actual Rows": 5,
          "Actual Loops": 1,
          "Workers Planned": 4,
          "Workers Launched": 4,
          "Single Copy": false,
          "Plans": [
            {
              "Node Type": "Aggregate",
              "Strategy": "Plain",
              "Partial Mode": "Partial",
              "Parent Relationship": "Outer",
              "Parallel Aware": false,
              "Startup Cost": 48243.11,
              "Total Cost": 48243.12,
              "Plan Rows": 1,
              "Plan Width": 8,
              "Actual Startup Time": 93.526,
              "Actual Total Time": 93.528,
              "Actual Rows": 1,
              "Actual Loops": 5,
              "Plans": [
                {
                  "Node Type": "Nested Loop",
                  "Parent Relationship": "Outer",
                  "Parallel Aware": false,
                  "Join Type": "Inner",
                  "Startup Cost": 0.43,
                  "Total Cost": 48241.82,
                  "Plan Rows": 518,
                  "Plan Width": 0,
                  "Actual Startup Time": 59.45,
                  "Actual Total Time": 93.453,
                  "Actual Rows": 843,
                  "Actual Loops": 5,
                  "Inner Unique": false,
                  "Plans": [
                    {
                      "Node Type": "Seq Scan",
                      "Parent Relationship": "Outer",
                      "Parallel Aware": true,
                      "Relation Name": "title",
                      "Alias": "t",
                      "Startup Cost": 0.0,
                      "Total Cost": 45479.1,
                      "Plan Rows": 289,
                      "Plan Width": 4,
                      "Actual Startup Time": 58.414,
                      "Actual Total Time": 85.473,
                      "Actual Rows": 613,
                      "Actual Loops": 5,
                      "Filter": "((kind_id < 7) AND (production_year = 1922))",
                      "Rows Removed by Filter": 505049
                    },
                    {
                      "Node Type": "Index Only Scan",
                      "Parent Relationship": "Inner",
                      "Parallel Aware": false,
                      "Scan Direction": "Forward",
                      "Index Name": "movie_id_movie_keyword",
                      "Relation Name": "movie_keyword",
                      "Alias": "mk",
                      "Startup Cost": 0.43,
                      "Total Cost": 9.11,
                      "Plan Rows": 45,
                      "Plan Width": 4,
                      "Actual Startup Time": 0.012,
                      "Actual Total Time": 0.012,
                      "Actual Rows": 1,
                      "Actual Loops": 3065,
                      "Index Cond": "(movie_id = t.id)",
                      "Rows Removed by Index Recheck": 0,
                      "Heap Fetches": 4217
                    }
                  ]
                }
              ]
            }
          ]
        }
      ]
    },
    "Planning Time": 0.645,
    "Triggers": [],
    "Execution Time": 115.745
  }
]