[
  {
    "Plan": {
      "Node Type": "Aggregate",
      "Strategy": "Plain",
      "Partial Mode": "Finalize",
      "Parallel Aware": false,
      "Startup Cost": 44818.86,
      "Total Cost": 44818.87,
      "Plan Rows": 1,
      "Plan Width": 8,
      "Actual Startup Time": 128.867,
      "Actual Total Time": 138.765,
      "Actual Rows": 1,
      "Actual Loops": 1,
      "Plans": [
        {
          "Node Type": "Gather",
          "Parent Relationship": "Outer",
          "Parallel Aware": false,
          "Startup Cost": 44818.55,
          "Total Cost": 44818.86,
          "Plan Rows": 3,
          "Plan Width": 8,
          "Actual Startup Time": 128.734,
          "Actual Total Time": 138.756,
          "Actual Rows": 4,
          "Actual Loops": 1,
          "Workers Planned": 3,
          "Workers Launched": 3,
          "Single Copy": false,
          "Plans": [
            {
              "Node Type": "Aggregate",
              "Strategy": "Plain",
              "Partial Mode": "Partial",
              "Parent Relationship": "Outer",
              "Parallel Aware": false,
              "Startup Cost": 43818.55,
              "Total Cost": 43818.56,
              "Plan Rows": 1,
              "Plan Width": 8,
              "Actual Startup Time": 122.845,
              "Actual Total Time": 122.846,
              "Actual Rows": 1,
              "Actual Loops": 4,
              "Plans": [
                {
                  "Node Type": "Seq Scan",
                  "Parent Relationship": "Outer",
                  "Parallel Aware": true,
                  "Relation Name": "movie_keyword",
                  "Alias": "mk",
                  "Startup Cost": 0.0,
                  "Total Cost": 42695.65,
                  "Plan Rows": 449157,
                  "Plan Width": 0,
                  "Actual Startup Time": 0.05,
                  "Actual Total Time": 106.055,
                  "Actual Rows": 350564,
                  "Actual Loops": 4,
                  "Filter": "(keyword_id < 1906)",
                  "Rows Removed by Filter": 780418
                }
              ]
            }
          ]
        }
      ]
    },
    "Planning Time": 0.182,
    "Triggers": [],
    "Execution Time": 138.822
  }
]