[
  {
    "Plan": {
      "Node Type": "Aggregate",
      "Strategy": "Plain",
      "Partial Mode": "Finalize",
      "Parallel Aware": false,
      "Startup Cost": 47215.56,
      "Total Cost": 47215.57,
      "Plan Rows": 1,
      "Plan Width": 8,
      "Actual Startup Time": 187.24,
      "Actual Total Time": 197.411,
      "Actual Rows": 1,
      "Actual Loops": 1,
      "Plans": [
        {
          "Node Type": "Gather",
          "Parent Relationship": "Outer",
          "Parallel Aware": false,
          "Startup Cost": 47215.24,
          "Total Cost": 47215.55,
          "Plan Rows": 3,
          "Plan Width": 8,
          "Actual Startup Time": 186.86,
          "Actual Total Time": 197.4,
          "Actual Rows": 4,
          "Actual Loops": 1,
          "Workers Planned": 3,
          "Workers Launched": 3,
          "Single Copy": false,
          "Plans": [
            {
              "Node Type": "Aggregate",
              "Strategy": "Plain",
              "Partial Mode": "Partial",
              "Parent Relationship": "Outer",
              "Parallel Aware": false,
              "Startup Cost": 46215.24,
              "Total Cost": 46215.25,
              "Plan Rows": 1,
              "Plan Width": 8,
              "Actual Startup Time": 181.644,
              "Actual Total Time": 181.646,
              "Actual Rows": 1,
              "Actual Loops": 4,
              "Plans": [
                {
                  "Node Type": "Seq Scan",
                  "Parent Relationship": "Outer",
                  "Parallel Aware": true,
                  "Relation Name": "movie_keyword",
                  "Alias": "mk",
                  "Startup Cost": 0.0,
                  "Total Cost": 42695.65,
                  "Plan Rows": 1407836,
                  "Plan Width": 0,
                  "Actual Startup Time": 0.044,
                  "Actual Total Time": 131.459,
                  "Actual Rows": 1091676,
                  "Actual Loops": 4,
                  "Filter": "(keyword_id < 73103)",
                  "Rows Removed by Filter": 39306
                }
              ]
            }
          ]
        }
      ]
    },
    "Planning Time": 0.177,
    "Triggers": [],
    "Execution Time": 197.459
  }
]