[
  {
    "Plan": {
      "Node Type": "Aggregate",
      "Strategy": "Plain",
      "Partial Mode": "Finalize",
      "Parallel Aware": false,
      "Startup Cost": 44515.24,
      "Total Cost": 44515.25,
      "Plan Rows": 1,
      "Plan Width": 8,
      "Actual Startup Time": 126.55,
      "Actual Total Time": 136.157,
      "Actual Rows": 1,
      "Actual Loops": 1,
      "Plans": [
        {
          "Node Type": "Gather",
          "Parent Relationship": "Outer",
          "Parallel Aware": false,
          "Startup Cost": 44514.93,
          "Total Cost": 44515.24,
          "Plan Rows": 3,
          "Plan Width": 8,
          "Actual Startup Time": 126.419,
          "Actual Total Time": 136.148,
          "Actual Rows": 4,
          "Actual Loops": 1,
          "Workers Planned": 3,
          "Workers Launched": 3,
          "Single Copy": false,
          "Plans": [
            {
              "Node Type": "Aggregate",
              "Strategy": "Plain",
              "Partial Mode": "Partial",
              "Parent Relationship": "Outer",
              "Parallel Aware": false,
              "Startup Cost": 43514.93,
              "Total Cost": 43514.94,
              "Plan Rows": 1,
              "Plan Width": 8,
              "Actual Startup Time": 119.175,
              "Actual Total Time": 119.176,
              "Actual Rows": 1,
              "Actual Loops": 4,
              "Plans": [
                {
                  "Node Type": "Seq Scan",
                  "Parent Relationship": "Outer",
                  "Parallel Aware": true,
                  "Relation Name": "movie_keyword",
                  "Alias": "mk",
                  "Startup Cost": 0.0,
                  "Total Cost": 42695.65,
                  "Plan Rows": 327709,
                  "Plan Width": 0,
                  "Actual Startup Time": 0.078,
                  "Actual Total Time": 106.106,
                  "Actual Rows": 255395,
                  "Actual Loops": 4,
                  "Filter": "(keyword_id < 995)",
                  "Rows Removed by Filter": 875588
                }
              ]
            }
          ]
        }
      ]
    },
    "Planning Time": 0.182,
    "Triggers": [],
    "Execution Time": 136.222
  }
]