[
    {
        "Bao": {
            "Bao prediction": 657.629,
            "Bao recommended hint": "(no hint)"
        }
    },
    {
        "Plan": {
            "Node Type": "Aggregate",
            "Strategy": "Plain",
            "Partial Mode": "Finalize",
            "Parallel Aware": false,
            "Startup Cost": 343643.74,
            "Total Cost": 343643.75,
            "Plan Rows": 1,
            "Plan Width": 8,
            "Actual Startup Time": 539.694,
            "Actual Total Time": 554.533,
            "Actual Rows": 1,
            "Actual Loops": 1,
            "Output": [
                "count(*)"
            ],
            "Plans": [
                {
                    "Node Type": "Gather",
                    "Parent Relationship": "Outer",
                    "Parallel Aware": false,
                    "Startup Cost": 343643.11,
                    "Total Cost": 343643.72,
                    "Plan Rows": 6,
                    "Plan Width": 8,
                    "Actual Startup Time": 529.861,
                    "Actual Total Time": 554.525,
                    "Actual Rows": 7,
                    "Actual Loops": 1,
                    "Output": [
                        "(PARTIAL count(*))"
                    ],
                    "Workers Planned": 6,
                    "Workers Launched": 6,
                    "Single Copy": false,
                    "Plans": [
                        {
                            "Node Type": "Aggregate",
                            "Strategy": "Plain",
                            "Partial Mode": "Partial",
                            "Parent Relationship": "Outer",
                            "Parallel Aware": false,
                            "Startup Cost": 342643.11,
                            "Total Cost": 342643.12,
                            "Plan Rows": 1,
                            "Plan Width": 8,
                            "Actual Startup Time": 513.648,
                            "Actual Total Time": 513.651,
                            "Actual Rows": 1,
                            "Actual Loops": 7,
                            "Output": [
                                "PARTIAL count(*)"
                            ],
                            "Workers": [
                                {
                                    "Worker Number": 0,
                                    "Actual Startup Time": 510.776,
                                    "Actual Total Time": 510.779,
                                    "Actual Rows": 1,
                                    "Actual Loops": 1
                                },
                                {
                                    "Worker Number": 1,
                                    "Actual Startup Time": 510.722,
                                    "Actual Total Time": 510.725,
                                    "Actual Rows": 1,
                                    "Actual Loops": 1
                                },
                                {
                                    "Worker Number": 2,
                                    "Actual Startup Time": 510.902,
                                    "Actual Total Time": 510.905,
                                    "Actual Rows": 1,
                                    "Actual Loops": 1
                                },
                                {
                                    "Worker Number": 3,
                                    "Actual Startup Time": 511.079,
                                    "Actual Total Time": 511.081,
                                    "Actual Rows": 1,
                                    "Actual Loops": 1
                                },
                                {
                                    "Worker Number": 4,
                                    "Actual Startup Time": 512.345,
                                    "Actual Total Time": 512.349,
                                    "Actual Rows": 1,
                                    "Actual Loops": 1
                                },
                                {
                                    "Worker Number": 5,
                                    "Actual Startup Time": 510.819,
                                    "Actual Total Time": 510.822,
                                    "Actual Rows": 1,
                                    "Actual Loops": 1
                                }
                            ],
                            "Plans": [
                                {
                                    "Node Type": "Hash Join",
                                    "Parent Relationship": "Outer",
                                    "Parallel Aware": true,
                                    "Join Type": "Inner",
                                    "Startup Cost": 85376.26,
                                    "Total Cost": 342169.58,
                                    "Plan Rows": 189411,
                                    "Plan Width": 0,
                                    "Actual Startup Time": 321.096,
                                    "Actual Total Time": 500.395,
                                    "Actual Rows": 180779,
                                    "Actual Loops": 7,
                                    "Inner Unique": true,
                                    "Hash Cond": "(ci.movie_id = t.id)",
                                    "Workers": [
                                        {
                                            "Worker Number": 0,
                                            "Actual Startup Time": 318.388,
                                            "Actual Total Time": 498.331,
                                            "Actual Rows": 219792,
                                            "Actual Loops": 1
                                        },
                                        {
                                            "Worker Number": 1,
                                            "Actual Startup Time": 318.151,
                                            "Actual Total Time": 496.787,
                                            "Actual Rows": 185450,
                                            "Actual Loops": 1
                                        },
                                        {
                                            "Worker Number": 2,
                                            "Actual Startup Time": 318.708,
                                            "Actual Total Time": 497.076,
                                            "Actual Rows": 174274,
                                            "Actual Loops": 1
                                        },
                                        {
                                            "Worker Number": 3,
                                            "Actual Startup Time": 318.727,
                                            "Actual Total Time": 497.346,
                                            "Actual Rows": 173179,
                                            "Actual Loops": 1
                                        },
                                        {
                                            "Worker Number": 4,
                                            "Actual Startup Time": 320.144,
                                            "Actual Total Time": 498.466,
                                            "Actual Rows": 175437,
                                            "Actual Loops": 1
                                        },
                                        {
                                            "Worker Number": 5,
                                            "Actual Startup Time": 318.374,
                                            "Actual Total Time": 498.137,
                                            "Actual Rows": 157991,
                                            "Actual Loops": 1
                                        }
                                    ],
                                    "Plans": [
                                        {
                                            "Node Type": "Bitmap Heap Scan",
                                            "Parent Relationship": "Outer",
                                            "Parallel Aware": true,
                                            "Relation Name": "cast_info",
                                            "Schema": "public",
                                            "Alias": "ci",
                                            "Startup Cost": 35964.97,
                                            "Total Cost": 292045.63,
                                            "Plan Rows": 271493,
                                            "Plan Width": 4,
                                            "Actual Startup Time": 103.566,
                                            "Actual Total Time": 166.917,
                                            "Actual Rows": 244309,
                                            "Actual Loops": 7,
                                            "Output": [
                                                "ci.id",
                                                "ci.person_id",
                                                "ci.movie_id",
                                                "ci.person_role_id",
                                                "ci.note",
                                                "ci.nr_order",
                                                "ci.role_id"
                                            ],
                                            "Recheck Cond": "(ci.person_id > 3722777)",
                                            "Rows Removed by Index Recheck": 0,
                                            "Exact Heap Blocks": 3460,
                                            "Lossy Heap Blocks": 0,
                                            "Workers": [
                                                {
                                                    "Worker Number": 0,
                                                    "Actual Startup Time": 103.566,
                                                    "Actual Total Time": 165.635,
                                                    "Actual Rows": 297219,
                                                    "Actual Loops": 1
                                                },
                                                {
                                                    "Worker Number": 1,
                                                    "Actual Startup Time": 103.453,
                                                    "Actual Total Time": 168.007,
                                                    "Actual Rows": 251016,
                                                    "Actual Loops": 1
                                                },
                                                {
                                                    "Worker Number": 2,
                                                    "Actual Startup Time": 103.668,
                                                    "Actual Total Time": 167.657,
                                                    "Actual Rows": 234411,
                                                    "Actual Loops": 1
                                                },
                                                {
                                                    "Worker Number": 3,
                                                    "Actual Startup Time": 103.596,
                                                    "Actual Total Time": 168.044,
                                                    "Actual Rows": 234211,
                                                    "Actual Loops": 1
                                                },
                                                {
                                                    "Worker Number": 4,
                                                    "Actual Startup Time": 103.722,
                                                    "Actual Total Time": 167.922,
                                                    "Actual Rows": 236400,
                                                    "Actual Loops": 1
                                                },
                                                {
                                                    "Worker Number": 5,
                                                    "Actual Startup Time": 103.548,
                                                    "Actual Total Time": 170.756,
                                                    "Actual Rows": 214224,
                                                    "Actual Loops": 1
                                                }
                                            ],
                                            "Plans": [
                                                {
                                                    "Node Type": "Bitmap Index Scan",
                                                    "Parent Relationship": "Outer",
                                                    "Parallel Aware": false,
                                                    "Index Name": "person_id_cast_info",
                                                    "Startup Cost": 0.0,
                                                    "Total Cost": 35557.74,
                                                    "Plan Rows": 1628956,
                                                    "Plan Width": 0,
                                                    "Actual Startup Time": 97.688,
                                                    "Actual Total Time": 97.689,
                                                    "Actual Rows": 1710160,
                                                    "Actual Loops": 1,
                                                    "Index Cond": "(ci.person_id > 3722777)",
                                                    "Workers": [
                                                        {
                                                            "Worker Number": 1,
                                                            "Actual Startup Time": 97.688,
                                                            "Actual Total Time": 97.689,
                                                            "Actual Rows": 1710160,
                                                            "Actual Loops": 1
                                                        }
                                                    ]
                                                }
                                            ]
                                        },
                                        {
                                            "Node Type": "Hash",
                                            "Parent Relationship": "Inner",
                                            "Parallel Aware": true,
                                            "Startup Cost": 43899.01,
                                            "Total Cost": 43899.01,
                                            "Plan Rows": 440982,
                                            "Plan Width": 4,
                                            "Actual Startup Time": 212.706,
                                            "Actual Total Time": 212.707,
                                            "Actual Rows": 253519,
                                            "Actual Loops": 7,
                                            "Output": [
                                                "t.id"
                                            ],
                                            "Hash Buckets": 2097152,
                                            "Original Hash Buckets": 2097152,
                                            "Hash Batches": 1,
                                            "Original Hash Batches": 1,
                                            "Peak Memory Usage": 85920,
                                            "Workers": [
                                                {
                                                    "Worker Number": 0,
                                                    "Actual Startup Time": 214.199,
                                                    "Actual Total Time": 214.2,
                                                    "Actual Rows": 317043,
                                                    "Actual Loops": 1
                                                },
                                                {
                                                    "Worker Number": 1,
                                                    "Actual Startup Time": 214.28,
                                                    "Actual Total Time": 214.281,
                                                    "Actual Rows": 237679,
                                                    "Actual Loops": 1
                                                },
                                                {
                                                    "Worker Number": 2,
                                                    "Actual Startup Time": 214.346,
                                                    "Actual Total Time": 214.347,
                                                    "Actual Rows": 239748,
                                                    "Actual Loops": 1
                                                },
                                                {
                                                    "Worker Number": 3,
                                                    "Actual Startup Time": 214.483,
                                                    "Actual Total Time": 214.484,
                                                    "Actual Rows": 239388,
                                                    "Actual Loops": 1
                                                },
                                                {
                                                    "Worker Number": 4,
                                                    "Actual Startup Time": 215.951,
                                                    "Actual Total Time": 215.952,
                                                    "Actual Rows": 205897,
                                                    "Actual Loops": 1
                                                },
                                                {
                                                    "Worker Number": 5,
                                                    "Actual Startup Time": 214.19,
                                                    "Actual Total Time": 214.191,
                                                    "Actual Rows": 225659,
                                                    "Actual Loops": 1
                                                }
                                            ],
                                            "Plans": [
                                                {
                                                    "Node Type": "Seq Scan",
                                                    "Parent Relationship": "Outer",
                                                    "Parallel Aware": true,
                                                    "Relation Name": "title",
                                                    "Schema": "public",
                                                    "Alias": "t",
                                                    "Startup Cost": 0.0,
                                                    "Total Cost": 43899.01,
                                                    "Plan Rows": 440982,
                                                    "Plan Width": 4,
                                                    "Actual Startup Time": 0.032,
                                                    "Actual Total Time": 87.495,
                                                    "Actual Rows": 253519,
                                                    "Actual Loops": 7,
                                                    "Output": [
                                                        "t.id"
                                                    ],
                                                    "Filter": "(t.kind_id > 2)",
                                                    "Rows Removed by Filter": 107668,
                                                    "Workers": [
                                                        {
                                                            "Worker Number": 0,
                                                            "Actual Startup Time": 0.051,
                                                            "Actual Total Time": 83.817,
                                                            "Actual Rows": 317043,
                                                            "Actual Loops": 1
                                                        },
                                                        {
                                                            "Worker Number": 1,
                                                            "Actual Startup Time": 0.038,
                                                            "Actual Total Time": 90.088,
                                                            "Actual Rows": 237679,
                                                            "Actual Loops": 1
                                                        },
                                                        {
                                                            "Worker Number": 2,
                                                            "Actual Startup Time": 0.036,
                                                            "Actual Total Time": 90.028,
                                                            "Actual Rows": 239748,
                                                            "Actual Loops": 1
                                                        },
                                                        {
                                                            "Worker Number": 3,
                                                            "Actual Startup Time": 0.027,
                                                            "Actual Total Time": 89.947,
                                                            "Actual Rows": 239388,
                                                            "Actual Loops": 1
                                                        },
                                                        {
                                                            "Worker Number": 4,
                                                            "Actual Startup Time": 0.016,
                                                            "Actual Total Time": 93.439,
                                                            "Actual Rows": 205897,
                                                            "Actual Loops": 1
                                                        },
                                                        {
                                                            "Worker Number": 5,
                                                            "Actual Startup Time": 0.042,
                                                            "Actual Total Time": 89.88,
                                                            "Actual Rows": 225659,
                                                            "Actual Loops": 1
                                                        }
                                                    ]
                                                }
                                            ]
                                        }
                                    ]
                                }
                            ]
                        }
                    ]
                }
            ]
        },
        "Planning Time": 2185.622,
        "Triggers": [],
        "Execution Time": 554.672
    }
]