[
  {
    "Plan": {
      "Node Type": "Aggregate",
      "Strategy": "Plain",
      "Partial Mode": "Finalize",
      "Parallel Aware": false,
      "Startup Cost": 459335.96,
      "Total Cost": 459335.97,
      "Plan Rows": 1,
      "Plan Width": 8,
      "Actual Startup Time": 2523.267,
      "Actual Total Time": 2590.163,
      "Actual Rows": 1,
      "Actual Loops": 1,
      "Plans": [
        {
          "Node Type": "Gather",
          "Parent Relationship": "Outer",
          "Parallel Aware": false,
          "Startup Cost": 459335.33,
          "Total Cost": 459335.94,
          "Plan Rows": 6,
          "Plan Width": 8,
          "Actual Startup Time": 2491.758,
          "Actual Total Time": 2590.148,
          "Actual Rows": 7,
          "Actual Loops": 1,
          "Workers Planned": 6,
          "Workers Launched": 6,
          "Single Copy": false,
          "Plans": [
            {
              "Node Type": "Aggregate",
              "Strategy": "Plain",
              "Partial Mode": "Partial",
              "Parent Relationship": "Outer",
              "Parallel Aware": false,
              "Startup Cost": 458335.33,
              "Total Cost": 458335.34,
              "Plan Rows": 1,
              "Plan Width": 8,
              "Actual Startup Time": 2470.022,
              "Actual Total Time": 2470.395,
              "Actual Rows": 1,
              "Actual Loops": 7,
              "Plans": [
                {
                  "Node Type": "Hash Join",
                  "Parent Relationship": "Outer",
                  "Parallel Aware": true,
                  "Join Type": "Inner",
                  "Startup Cost": 106392.11,
                  "Total Cost": 451356.46,
                  "Plan Rows": 2791549,
                  "Plan Width": 0,
                  "Actual Startup Time": 512.656,
                  "Actual Total Time": 2156.023,
                  "Actual Rows": 7712232,
                  "Actual Loops": 7,
                  "Inner Unique": false,
                  "Hash Cond": "(ci.movie_id = t.id)",
                  "Plans": [
                    {
                      "Node Type": "Seq Scan",
                      "Parent Relationship": "Outer",
                      "Parallel Aware": true,
                      "Relation Name": "cast_info",
                      "Alias": "ci",
                      "Startup Cost": 0.0,
                      "Total Cost": 328162.03,
                      "Plan Rows": 2079287,
                      "Plan Width": 4,
                      "Actual Startup Time": 0.033,
                      "Actual Total Time": 605.597,
                      "Actual Rows": 1810098,
                      "Actual Loops": 7,
                      "Filter": "(role_id < 2)",
                      "Rows Removed by Filter": 3367665
                    },
                    {
                      "Node Type": "Hash",
                      "Parent Relationship": "Inner",
                      "Parallel Aware": true,
                      "Startup Cost": 92705.16,
                      "Total Cost": 92705.16,
                      "Plan Rows": 1094956,
                      "Plan Width": 8,
                      "Actual Startup Time": 505.729,
                      "Actual Total Time": 506.1,
                      "Actual Rows": 440023,
                      "Actual Loops": 7,
                      "Hash Buckets": 4194304,
                      "Original Hash Buckets": 4194304,
                      "Hash Batches": 1,
                      "Original Hash Batches": 1,
                      "Peak Memory Usage": 153408,
                      "Plans": [
                        {
                          "Node Type": "Hash Join",
                          "Parent Relationship": "Outer",
                          "Parallel Aware": true,
                          "Join Type": "Inner",
                          "Startup Cost": 49827.08,
                          "Total Cost": 92705.16,
                          "Plan Rows": 1094956,
                          "Plan Width": 8,
                          "Actual Startup Time": 196.006,
                          "Actual Total Time": 369.78,
                          "Actual Rows": 440023,
                          "Actual Loops": 7,
                          "Inner Unique": true,
                          "Hash Cond": "(mk.movie_id = t.id)",
                          "Plans": [
                            {
                              "Node Type": "Seq Scan",
                              "Parent Relationship": "Outer",
                              "Parallel Aware": true,
                              "Relation Name": "movie_keyword",
                              "Alias": "mk",
                              "Startup Cost": 0.0,
                              "Total Cost": 39047.32,
                              "Plan Rows": 1459332,
                              "Plan Width": 4,
                              "Actual Startup Time": 0.032,
                              "Actual Total Time": 60.855,
                              "Actual Rows": 646276,
                              "Actual Loops": 7
                            },
                            {
                              "Node Type": "Hash",
                              "Parent Relationship": "Inner",
                              "Parallel Aware": true,
                              "Startup Cost": 43898.92,
                              "Total Cost": 43898.92,
                              "Plan Rows": 474253,
                              "Plan Width": 4,
                              "Actual Startup Time": 194.053,
                              "Actual Total Time": 194.054,
                              "Actual Rows": 269681,
                              "Actual Loops": 7,
                              "Hash Buckets": 2097152,
                              "Original Hash Buckets": 2097152,
                              "Hash Batches": 1,
                              "Original Hash Batches": 1,
                              "Peak Memory Usage": 90368,
                              "Plans": [
                                {
                                  "Node Type": "Seq Scan",
                                  "Parent Relationship": "Outer",
                                  "Parallel Aware": true,
                                  "Relation Name": "title",
                                  "Alias": "t",
                                  "Startup Cost": 0.0,
                                  "Total Cost": 43898.92,
                                  "Plan Rows": 474253,
                                  "Plan Width": 4,
                                  "Actual Startup Time": 0.051,
                                  "Actual Total Time": 79.503,
                                  "Actual Rows": 269681,
                                  "Actual Loops": 7,
                                  "Filter": "(production_year > 1983)",
                                  "Rows Removed by Filter": 91506
                                }
                              ]
                            }
                          ]
                        }
                      ]
                    }
                  ]
                }
              ]
            }
          ]
        }
      ]
    },
    "Planning Time": 1.259,
    "Triggers": [],
    "Execution Time": 2590.254
  }
]