[
  {
    "Plan": {
      "Node Type": "Aggregate",
      "Strategy": "Plain",
      "Partial Mode": "Finalize",
      "Parallel Aware": false,
      "Startup Cost": 46522.96,
      "Total Cost": 46522.97,
      "Plan Rows": 1,
      "Plan Width": 8,
      "Actual Startup Time": 88.073,
      "Actual Total Time": 99.679,
      "Actual Rows": 1,
      "Actual Loops": 1,
      "Plans": [
        {
          "Node Type": "Gather",
          "Parent Relationship": "Outer",
          "Parallel Aware": false,
          "Startup Cost": 46522.54,
          "Total Cost": 46522.95,
          "Plan Rows": 4,
          "Plan Width": 8,
          "Actual Startup Time": 87.845,
          "Actual Total Time": 99.671,
          "Actual Rows": 5,
          "Actual Loops": 1,
          "Workers Planned": 4,
          "Workers Launched": 4,
          "Single Copy": false,
          "Plans": [
            {
              "Node Type": "Aggregate",
              "Strategy": "Plain",
              "Partial Mode": "Partial",
              "Parent Relationship": "Outer",
              "Parallel Aware": false,
              "Startup Cost": 45522.54,
              "Total Cost": 45522.55,
              "Plan Rows": 1,
              "Plan Width": 8,
              "Actual Startup Time": 81.554,
              "Actual Total Time": 81.555,
              "Actual Rows": 1,
              "Actual Loops": 5,
              "Plans": [
                {
                  "Node Type": "Seq Scan",
                  "Parent Relationship": "Outer",
                  "Parallel Aware": true,
                  "Relation Name": "title",
                  "Alias": "t",
                  "Startup Cost": 0.0,
                  "Total Cost": 45479.1,
                  "Plan Rows": 17378,
                  "Plan Width": 0,
                  "Actual Startup Time": 63.236,
                  "Actual Total Time": 81.547,
                  "Actual Rows": 1,
                  "Actual Loops": 5,
                  "Filter": "((kind_id > 2) AND (production_year < 1925))",
                  "Rows Removed by Filter": 505662
                }
              ]
            }
          ]
        }
      ]
    },
    "Planning Time": 0.158,
    "Triggers": [],
    "Execution Time": 99.735
  }
]