[
  {
    "Plan": {
      "Node Type": "Aggregate",
      "Strategy": "Plain",
      "Partial Mode": "Finalize",
      "Parallel Aware": false,
      "Startup Cost": 752145.27,
      "Total Cost": 752145.28,
      "Plan Rows": 1,
      "Plan Width": 64,
      "Actual Startup Time": 1922.546,
      "Actual Total Time": 1991.14,
      "Actual Rows": 1,
      "Actual Loops": 1,
      "Plans": [
        {
          "Node Type": "Gather",
          "Parent Relationship": "Outer",
          "Parallel Aware": false,
          "Startup Cost": 752144.94,
          "Total Cost": 752145.25,
          "Plan Rows": 3,
          "Plan Width": 64,
          "Actual Startup Time": 1910.216,
          "Actual Total Time": 1991.129,
          "Actual Rows": 4,
          "Actual Loops": 1,
          "Workers Planned": 3,
          "Workers Launched": 3,
          "Single Copy": false,
          "Plans": [
            {
              "Node Type": "Aggregate",
              "Strategy": "Plain",
              "Partial Mode": "Partial",
              "Parent Relationship": "Outer",
              "Parallel Aware": false,
              "Startup Cost": 751144.94,
              "Total Cost": 751144.95,
              "Plan Rows": 1,
              "Plan Width": 64,
              "Actual Startup Time": 1896.078,
              "Actual Total Time": 1896.101,
              "Actual Rows": 1,
              "Actual Loops": 4,
              "Plans": [
                {
                  "Node Type": "Hash Join",
                  "Parent Relationship": "Outer",
                  "Parallel Aware": true,
                  "Join Type": "Inner",
                  "Startup Cost": 735750.9,
                  "Total Cost": 751144.81,
                  "Plan Rows": 27,
                  "Plan Width": 32,
                  "Actual Startup Time": 1896.072,
                  "Actual Total Time": 1896.094,
                  "Actual Rows": 0,
                  "Actual Loops": 4,
                  "Inner Unique": false,
                  "Hash Cond": "(an.person_id = n.id)",
                  "Plans": [
                    {
                      "Node Type": "Seq Scan",
                      "Parent Relationship": "Outer",
                      "Parallel Aware": true,
                      "Relation Name": "aka_name",
                      "Alias": "an",
                      "Startup Cost": 0.0,
                      "Total Cost": 14303.56,
                      "Plan Rows": 290756,
                      "Plan Width": 4,
                      "Actual Startup Time": 0.0,
                      "Actual Total Time": 0.0,
                      "Actual Rows": 0,
                      "Actual Loops": 0
                    },
                    {
                      "Node Type": "Hash",
                      "Parent Relationship": "Inner",
                      "Parallel Aware": true,
                      "Startup Cost": 735750.64,
                      "Total Cost": 735750.64,
                      "Plan Rows": 21,
                      "Plan Width": 40,
                      "Actual Startup Time": 1895.663,
                      "Actual Total Time": 1895.684,
                      "Actual Rows": 0,
                      "Actual Loops": 4,
                      "Hash Buckets": 1024,
                      "Original Hash Buckets": 1024,
                      "Hash Batches": 1,
                      "Original Hash Batches": 1,
                      "Peak Memory Usage": 0,
                      "Plans": [
                        {
                          "Node Type": "Hash Join",
                          "Parent Relationship": "Outer",
                          "Parallel Aware": true,
                          "Join Type": "Inner",
                          "Startup Cost": 730840.0,
                          "Total Cost": 735750.64,
                          "Plan Rows": 21,
                          "Plan Width": 40,
                          "Actual Startup Time": 1888.917,
                          "Actual Total Time": 1888.938,
                          "Actual Rows": 0,
                          "Actual Loops": 4,
                          "Inner Unique": true,
                          "Hash Cond": "(ci.person_role_id = chn.id)",
                          "Plans": [
                            {
                              "Node Type": "Hash Join",
                              "Parent Relationship": "Outer",
                              "Parallel Aware": true,
                              "Join Type": "Inner",
                              "Startup Cost": 676726.8,
                              "Total Cost": 681637.39,
                              "Plan Rows": 21,
                              "Plan Width": 44,
                              "Actual Startup Time": 1423.681,
                              "Actual Total Time": 1423.698,
                              "Actual Rows": 0,
                              "Actual Loops": 4,
                              "Inner Unique": false,
                              "Hash Cond": "(cn.id = mc.company_id)",
                              "Plans": [
                                {
                                  "Node Type": "Seq Scan",
                                  "Parent Relationship": "Outer",
                                  "Parallel Aware": true,
                                  "Relation Name": "company_name",
                                  "Alias": "cn",
                                  "Startup Cost": 0.0,
                                  "Total Cost": 4722.92,
                                  "Plan Rows": 50031,
                                  "Plan Width": 4,
                                  "Actual Startup Time": 0.0,
                                  "Actual Total Time": 0.0,
                                  "Actual Rows": 0,
                                  "Actual Loops": 0,
                                  "Filter": "((country_code)::text = '[us]'::text)",
                                  "Rows Removed by Filter": 0
                                },
                                {
                                  "Node Type": "Hash",
                                  "Parent Relationship": "Inner",
                                  "Parallel Aware": true,
                                  "Startup Cost": 676726.5,
                                  "Total Cost": 676726.5,
                                  "Plan Rows": 24,
                                  "Plan Width": 48,
                                  "Actual Startup Time": 1423.648,
                                  "Actual Total Time": 1423.662,
                                  "Actual Rows": 0,
                                  "Actual Loops": 4,
                                  "Hash Buckets": 1024,
                                  "Original Hash Buckets": 1024,
                                  "Hash Batches": 1,
                                  "Original Hash Batches": 1,
                                  "Peak Memory Usage": 0,
                                  "Plans": [
                                    {
                                      "Node Type": "Hash Join",
                                      "Parent Relationship": "Outer",
                                      "Parallel Aware": true,
                                      "Join Type": "Inner",
                                      "Startup Cost": 607187.48,
                                      "Total Cost": 676726.5,
                                      "Plan Rows": 24,
                                      "Plan Width": 48,
                                      "Actual Startup Time": 1423.564,
                                      "Actual Total Time": 1423.577,
                                      "Actual Rows": 0,
                                      "Actual Loops": 4,
                                      "Inner Unique": false,
                                      "Hash Cond": "(n.id = ci.person_id)",
                                      "Plans": [
                                        {
                                          "Node Type": "Seq Scan",
                                          "Parent Relationship": "Outer",
                                          "Parallel Aware": true,
                                          "Relation Name": "name",
                                          "Alias": "n",
                                          "Startup Cost": 0.0,
                                          "Total Cost": 68636.32,
                                          "Plan Rows": 240706,
                                          "Plan Width": 19,
                                          "Actual Startup Time": 0.0,
                                          "Actual Total Time": 0.0,
                                          "Actual Rows": 0,
                                          "Actual Loops": 0,
                                          "Filter": "((gender)::text = 'f'::text)",
                                          "Rows Removed by Filter": 0
                                        },
                                        {
                                          "Node Type": "Hash",
                                          "Parent Relationship": "Inner",
                                          "Parallel Aware": true,
                                          "Startup Cost": 607186.42,
                                          "Total Cost": 607186.42,
                                          "Plan Rows": 85,
                                          "Plan Width": 29,
                                          "Actual Startup Time": 1423.546,
                                          "Actual Total Time": 1423.558,
                                          "Actual Rows": 0,
                                          "Actual Loops": 4,
                                          "Hash Buckets": 1024,
                                          "Original Hash Buckets": 1024,
                                          "Hash Batches": 1,
                                          "Original Hash Batches": 1,
                                          "Peak Memory Usage": 0,
                                          "Plans": [
                                            {
                                              "Node Type": "Hash Join",
                                              "Parent Relationship": "Outer",
                                              "Parallel Aware": true,
                                              "Join Type": "Inner",
                                              "Startup Cost": 407240.26,
                                              "Total Cost": 607186.42,
                                              "Plan Rows": 85,
                                              "Plan Width": 29,
                                              "Actual Startup Time": 1423.424,
                                              "Actual Total Time": 1423.435,
                                              "Actual Rows": 0,
                                              "Actual Loops": 4,
                                              "Inner Unique": false,
                                              "Hash Cond": "(mi.movie_id = t.id)",
                                              "Plans": [
                                                {
                                                  "Node Type": "Hash Join",
                                                  "Parent Relationship": "Outer",
                                                  "Parallel Aware": false,
                                                  "Join Type": "Inner",
                                                  "Startup Cost": 2.43,
                                                  "Total Cost": 199849.81,
                                                  "Plan Rows": 26329,
                                                  "Plan Width": 4,
                                                  "Actual Startup Time": 0.0,
                                                  "Actual Total Time": 0.0,
                                                  "Actual Rows": 0,
                                                  "Actual Loops": 0,
                                                  "Inner Unique": true,
                                                  "Hash Cond": "(mi.info_type_id = it.id)",
                                                  "Plans": [
                                                    {
                                                      "Node Type": "Seq Scan",
                                                      "Parent Relationship": "Outer",
                                                      "Parallel Aware": true,
                                                      "Relation Name": "movie_info",
                                                      "Alias": "mi",
                                                      "Startup Cost": 0.0,
                                                      "Total Cost": 191744.67,
                                                      "Plan Rows": 2975167,
                                                      "Plan Width": 8,
                                                      "Actual Startup Time": 0.0,
                                                      "Actual Total Time": 0.0,
                                                      "Actual Rows": 0,
                                                      "Actual Loops": 0
                                                    },
                                                    {
                                                      "Node Type": "Hash",
                                                      "Parent Relationship": "Inner",
                                                      "Parallel Aware": false,
                                                      "Startup Cost": 2.41,
                                                      "Total Cost": 2.41,
                                                      "Plan Rows": 1,
                                                      "Plan Width": 4,
                                                      "Actual Startup Time": 0.0,
                                                      "Actual Total Time": 0.0,
                                                      "Actual Rows": 0,
                                                      "Actual Loops": 0,
                                                      "Plans": [
                                                        {
                                                          "Node Type": "Seq Scan",
                                                          "Parent Relationship": "Outer",
                                                          "Parallel Aware": false,
                                                          "Relation Name": "info_type",
                                                          "Alias": "it",
                                                          "Startup Cost": 0.0,
                                                          "Total Cost": 2.41,
                                                          "Plan Rows": 1,
                                                          "Plan Width": 4,
                                                          "Actual Startup Time": 0.0,
                                                          "Actual Total Time": 0.0,
                                                          "Actual Rows": 0,
                                                          "Actual Loops": 0,
                                                          "Filter": "((info)::text = 'release dates'::text)",
                                                          "Rows Removed by Filter": 0
                                                        }
                                                      ]
                                                    }
                                                  ]
                                                },
                                                {
                                                  "Node Type": "Hash",
                                                  "Parent Relationship": "Inner",
                                                  "Parallel Aware": true,
                                                  "Startup Cost": 407234.48,
                                                  "Total Cost": 407234.48,
                                                  "Plan Rows": 269,
                                                  "Plan Width": 41,
                                                  "Actual Startup Time": 1423.408,
                                                  "Actual Total Time": 1423.417,
                                                  "Actual Rows": 0,
                                                  "Actual Loops": 4,
                                                  "Hash Buckets": 2048,
                                                  "Original Hash Buckets": 2048,
                                                  "Hash Batches": 1,
                                                  "Original Hash Batches": 1,
                                                  "Peak Memory Usage": 0,
                                                  "Plans": [
                                                    {
                                                      "Node Type": "Hash Join",
                                                      "Parent Relationship": "Outer",
                                                      "Parallel Aware": false,
                                                      "Join Type": "Inner",
                                                      "Startup Cost": 63266.14,
                                                      "Total Cost": 407234.48,
                                                      "Plan Rows": 269,
                                                      "Plan Width": 41,
                                                      "Actual Startup Time": 1423.219,
                                                      "Actual Total Time": 1423.228,
                                                      "Actual Rows": 0,
                                                      "Actual Loops": 4,
                                                      "Inner Unique": true,
                                                      "Hash Cond": "(ci.role_id = rt.id)",
                                                      "Plans": [
                                                        {
                                                          "Node Type": "Hash Join",
                                                          "Parent Relationship": "Outer",
                                                          "Parallel Aware": true,
                                                          "Join Type": "Inner",
                                                          "Startup Cost": 63264.98,
                                                          "Total Cost": 407221.86,
                                                          "Plan Rows": 3225,
                                                          "Plan Width": 45,
                                                          "Actual Startup Time": 1423.147,
                                                          "Actual Total Time": 1423.154,
                                                          "Actual Rows": 0,
                                                          "Actual Loops": 4,
                                                          "Inner Unique": false,
                                                          "Hash Cond": "(ci.movie_id = t.id)",
                                                          "Plans": [
                                                            {
                                                              "Node Type": "Seq Scan",
                                                              "Parent Relationship": "Outer",
                                                              "Parallel Aware": true,
                                                              "Relation Name": "cast_info",
                                                              "Alias": "ci",
                                                              "Startup Cost": 0.0,
                                                              "Total Cost": 343409.74,
                                                              "Plan Rows": 144753,
                                                              "Plan Width": 16,
                                                              "Actual Startup Time": 0.039,
                                                              "Actual Total Time": 1151.088,
                                                              "Actual Rows": 216869,
                                                              "Actual Loops": 4,
                                                              "Filter": "(note = ANY ('{(voice),\"(voice: Japanese version)\",\"(voice) (uncredited)\",\"(voice: English version)\"}'::text[]))",
                                                              "Rows Removed by Filter": 8844217
                                                            },
                                                            {
                                                              "Node Type": "Hash",
                                                              "Parent Relationship": "Inner",
                                                              "Parallel Aware": true,
                                                              "Startup Cost": 63170.84,
                                                              "Total Cost": 63170.84,
                                                              "Plan Rows": 7531,
                                                              "Plan Width": 29,
                                                              "Actual Startup Time": 230.67,
                                                              "Actual Total Time": 230.675,
                                                              "Actual Rows": 11853,
                                                              "Actual Loops": 4,
                                                              "Hash Buckets": 65536,
                                                              "Original Hash Buckets": 32768,
                                                              "Hash Batches": 1,
                                                              "Original Hash Batches": 1,
                                                              "Peak Memory Usage": 4288,
                                                              "Plans": [
                                                                {
                                                                  "Node Type": "Hash Join",
                                                                  "Parent Relationship": "Outer",
                                                                  "Parallel Aware": true,
                                                                  "Join Type": "Inner",
                                                                  "Startup Cost": 33754.95,
                                                                  "Total Cost": 63170.84,
                                                                  "Plan Rows": 7531,
                                                                  "Plan Width": 29,
                                                                  "Actual Startup Time": 76.888,
                                                                  "Actual Total Time": 223.736,
                                                                  "Actual Rows": 11853,
                                                                  "Actual Loops": 4,
                                                                  "Inner Unique": true,
                                                                  "Hash Cond": "(mc.movie_id = t.id)",
                                                                  "Plans": [
                                                                    {
                                                                      "Node Type": "Seq Scan",
                                                                      "Parent Relationship": "Outer",
                                                                      "Parallel Aware": true,
                                                                      "Relation Name": "movie_companies",
                                                                      "Alias": "mc",
                                                                      "Startup Cost": 0.0,
                                                                      "Total Cost": 27206.55,
                                                                      "Plan Rows": 841655,
                                                                      "Plan Width": 8,
                                                                      "Actual Startup Time": 0.013,
                                                                      "Actual Total Time": 96.453,
                                                                      "Actual Rows": 652282,
                                                                      "Actual Loops": 4
                                                                    },
                                                                    {
                                                                      "Node Type": "Hash",
                                                                      "Parent Relationship": "Inner",
                                                                      "Parallel Aware": true,
                                                                      "Startup Cost": 33663.74,
                                                                      "Total Cost": 33663.74,
                                                                      "Plan Rows": 7297,
                                                                      "Plan Width": 21,
                                                                      "Actual Startup Time": 45.732,
                                                                      "Actual Total Time": 45.735,
                                                                      "Actual Rows": 6127,
                                                                      "Actual Loops": 4,
                                                                      "Hash Buckets": 32768,
                                                                      "Original Hash Buckets": 32768,
                                                                      "Hash Batches": 1,
                                                                      "Original Hash Batches": 1,
                                                                      "Peak Memory Usage": 1952,
                                                                      "Plans": [
                                                                        {
                                                                          "Node Type": "Bitmap Heap Scan",
                                                                          "Parent Relationship": "Outer",
                                                                          "Parallel Aware": true,
                                                                          "Relation Name": "title",
                                                                          "Alias": "t",
                                                                          "Startup Cost": 427.75,
                                                                          "Total Cost": 33663.74,
                                                                          "Plan Rows": 7297,
                                                                          "Plan Width": 21,
                                                                          "Actual Startup Time": 17.442,
                                                                          "Actual Total Time": 42.077,
                                                                          "Actual Rows": 6127,
                                                                          "Actual Loops": 4,
                                                                          "Recheck Cond": "(production_year < 1910)",
                                                                          "Rows Removed by Index Recheck": 0,
                                                                          "Exact Heap Blocks": 2629,
                                                                          "Lossy Heap Blocks": 0,
                                                                          "Plans": [
                                                                            {
                                                                              "Node Type": "Bitmap Index Scan",
                                                                              "Parent Relationship": "Outer",
                                                                              "Parallel Aware": false,
                                                                              "Index Name": "idx_title_production_year",
                                                                              "Startup Cost": 0.0,
                                                                              "Total Cost": 422.09,
                                                                              "Plan Rows": 22622,
                                                                              "Plan Width": 0,
                                                                              "Actual Startup Time": 15.452,
                                                                              "Actual Total Time": 15.452,
                                                                              "Actual Rows": 24508,
                                                                              "Actual Loops": 1,
                                                                              "Index Cond": "(production_year < 1910)"
                                                                            }
                                                                          ]
                                                                        }
                                                                      ]
                                                                    }
                                                                  ]
                                                                }
                                                              ]
                                                            }
                                                          ]
                                                        },
                                                        {
                                                          "Node Type": "Hash",
                                                          "Parent Relationship": "Inner",
                                                          "Parallel Aware": false,
                                                          "Startup Cost": 1.15,
                                                          "Total Cost": 1.15,
                                                          "Plan Rows": 1,
                                                          "Plan Width": 4,
                                                          "Actual Startup Time": 0.044,
                                                          "Actual Total Time": 0.045,
                                                          "Actual Rows": 1,
                                                          "Actual Loops": 4,
                                                          "Hash Buckets": 1024,
                                                          "Original Hash Buckets": 1024,
                                                          "Hash Batches": 1,
                                                          "Original Hash Batches": 1,
                                                          "Peak Memory Usage": 9,
                                                          "Plans": [
                                                            {
                                                              "Node Type": "Seq Scan",
                                                              "Parent Relationship": "Outer",
                                                              "Parallel Aware": false,
                                                              "Relation Name": "role_type",
                                                              "Alias": "rt",
                                                              "Startup Cost": 0.0,
                                                              "Total Cost": 1.15,
                                                              "Plan Rows": 1,
                                                              "Plan Width": 4,
                                                              "Actual Startup Time": 0.034,
                                                              "Actual Total Time": 0.036,
                                                              "Actual Rows": 1,
                                                              "Actual Loops": 4,
                                                              "Filter": "((role)::text = 'actress'::text)",
                                                              "Rows Removed by Filter": 11
                                                            }
                                                          ]
                                                        }
                                                      ]
                                                    }
                                                  ]
                                                }
                                              ]
                                            }
                                          ]
                                        }
                                      ]
                                    }
                                  ]
                                }
                              ]
                            },
                            {
                              "Node Type": "Hash",
                              "Parent Relationship": "Inner",
                              "Parallel Aware": true,
                              "Startup Cost": 44299.2,
                              "Total Cost": 44299.2,
                              "Plan Rows": 785120,
                              "Plan Width": 4,
                              "Actual Startup Time": 455.668,
                              "Actual Total Time": 455.669,
                              "Actual Rows": 785085,
                              "Actual Loops": 4,
                              "Hash Buckets": 4194304,
                              "Original Hash Buckets": 4194304,
                              "Hash Batches": 1,
                              "Original Hash Batches": 1,
                              "Peak Memory Usage": 155680,
                              "Plans": [
                                {
                                  "Node Type": "Seq Scan",
                                  "Parent Relationship": "Outer",
                                  "Parallel Aware": true,
                                  "Relation Name": "char_name",
                                  "Alias": "chn",
                                  "Startup Cost": 0.0,
                                  "Total Cost": 44299.2,
                                  "Plan Rows": 785120,
                                  "Plan Width": 4,
                                  "Actual Startup Time": 0.07,
                                  "Actual Total Time": 142.394,
                                  "Actual Rows": 785085,
                                  "Actual Loops": 4
                                }
                              ]
                            }
                          ]
                        }
                      ]
                    }
                  ]
                }
              ]
            }
          ]
        }
      ]
    },
    "Planning Time": 38.725,
    "Triggers": [],
    "Execution Time": 1991.519
  }
]