[
  {
    "Plan": {
      "Node Type": "Aggregate",
      "Strategy": "Plain",
      "Partial Mode": "Finalize",
      "Parallel Aware": false,
      "Startup Cost": 46913.0,
      "Total Cost": 46913.01,
      "Plan Rows": 1,
      "Plan Width": 8,
      "Actual Startup Time": 184.31,
      "Actual Total Time": 194.863,
      "Actual Rows": 1,
      "Actual Loops": 1,
      "Plans": [
        {
          "Node Type": "Gather",
          "Parent Relationship": "Outer",
          "Parallel Aware": false,
          "Startup Cost": 46912.68,
          "Total Cost": 46912.99,
          "Plan Rows": 3,
          "Plan Width": 8,
          "Actual Startup Time": 184.193,
          "Actual Total Time": 194.855,
          "Actual Rows": 4,
          "Actual Loops": 1,
          "Workers Planned": 3,
          "Workers Launched": 3,
          "Single Copy": false,
          "Plans": [
            {
              "Node Type": "Aggregate",
              "Strategy": "Plain",
              "Partial Mode": "Partial",
              "Parent Relationship": "Outer",
              "Parallel Aware": false,
              "Startup Cost": 45912.68,
              "Total Cost": 45912.69,
              "Plan Rows": 1,
              "Plan Width": 8,
              "Actual Startup Time": 176.506,
              "Actual Total Time": 176.507,
              "Actual Rows": 1,
              "Actual Loops": 4,
              "Plans": [
                {
                  "Node Type": "Seq Scan",
                  "Parent Relationship": "Outer",
                  "Parallel Aware": true,
                  "Relation Name": "movie_keyword",
                  "Alias": "mk",
                  "Startup Cost": 0.0,
                  "Total Cost": 42695.65,
                  "Plan Rows": 1286811,
                  "Plan Width": 0,
                  "Actual Startup Time": 0.058,
                  "Actual Total Time": 127.253,
                  "Actual Rows": 1001594,
                  "Actual Loops": 4,
                  "Filter": "(keyword_id < 34990)",
                  "Rows Removed by Filter": 129388
                }
              ]
            }
          ]
        }
      ]
    },
    "Planning Time": 0.105,
    "Triggers": [],
    "Execution Time": 194.895
  }
]