[
  {
    "Plan": {
      "Node Type": "Aggregate",
      "Strategy": "Plain",
      "Partial Mode": "Finalize",
      "Parallel Aware": false,
      "Startup Cost": 125764.01,
      "Total Cost": 125764.02,
      "Plan Rows": 1,
      "Plan Width": 8,
      "Actual Startup Time": 419.143,
      "Actual Total Time": 432.907,
      "Actual Rows": 1,
      "Actual Loops": 1,
      "Plans": [
        {
          "Node Type": "Gather",
          "Parent Relationship": "Outer",
          "Parallel Aware": false,
          "Startup Cost": 125763.69,
          "Total Cost": 125764.0,
          "Plan Rows": 3,
          "Plan Width": 8,
          "Actual Startup Time": 417.924,
          "Actual Total Time": 432.9,
          "Actual Rows": 4,
          "Actual Loops": 1,
          "Workers Planned": 3,
          "Workers Launched": 3,
          "Single Copy": false,
          "Plans": [
            {
              "Node Type": "Aggregate",
              "Strategy": "Plain",
              "Partial Mode": "Partial",
              "Parent Relationship": "Outer",
              "Parallel Aware": false,
              "Startup Cost": 124763.69,
              "Total Cost": 124763.7,
              "Plan Rows": 1,
              "Plan Width": 8,
              "Actual Startup Time": 414.968,
              "Actual Total Time": 415.062,
              "Actual Rows": 1,
              "Actual Loops": 4,
              "Plans": [
                {
                  "Node Type": "Hash Join",
                  "Parent Relationship": "Outer",
                  "Parallel Aware": true,
                  "Join Type": "Inner",
                  "Startup Cost": 79352.83,
                  "Total Cost": 124318.16,
                  "Plan Rows": 178210,
                  "Plan Width": 0,
                  "Actual Startup Time": 233.095,
                  "Actual Total Time": 407.767,
                  "Actual Rows": 177361,
                  "Actual Loops": 4,
                  "Inner Unique": false,
                  "Hash Cond": "(mk.movie_id = t.id)",
                  "Plans": [
                    {
                      "Node Type": "Seq Scan",
                      "Parent Relationship": "Outer",
                      "Parallel Aware": true,
                      "Relation Name": "movie_keyword",
                      "Alias": "mk",
                      "Startup Cost": 0.0,
                      "Total Cost": 39047.32,
                      "Plan Rows": 1459332,
                      "Plan Width": 4,
                      "Actual Startup Time": 0.014,
                      "Actual Total Time": 79.467,
                      "Actual Rows": 1130982,
                      "Actual Loops": 4
                    },
                    {
                      "Node Type": "Hash",
                      "Parent Relationship": "Inner",
                      "Parallel Aware": true,
                      "Startup Cost": 78387.98,
                      "Total Cost": 78387.98,
                      "Plan Rows": 77188,
                      "Plan Width": 8,
                      "Actual Startup Time": 231.634,
                      "Actual Total Time": 231.727,
                      "Actual Rows": 42397,
                      "Actual Loops": 4,
                      "Hash Buckets": 524288,
                      "Original Hash Buckets": 524288,
                      "Hash Batches": 1,
                      "Original Hash Batches": 1,
                      "Peak Memory Usage": 10784,
                      "Plans": [
                        {
                          "Node Type": "Hash Join",
                          "Parent Relationship": "Outer",
                          "Parallel Aware": true,
                          "Join Type": "Inner",
                          "Startup Cost": 32659.78,
                          "Total Cost": 78387.98,
                          "Plan Rows": 77188,
                          "Plan Width": 8,
                          "Actual Startup Time": 74.279,
                          "Actual Total Time": 217.818,
                          "Actual Rows": 42397,
                          "Actual Loops": 4,
                          "Inner Unique": false,
                          "Hash Cond": "(t.id = mc.movie_id)",
                          "Plans": [
                            {
                              "Node Type": "Seq Scan",
                              "Parent Relationship": "Outer",
                              "Parallel Aware": true,
                              "Relation Name": "title",
                              "Alias": "t",
                              "Startup Cost": 0.0,
                              "Total Cost": 42318.81,
                              "Plan Rows": 632080,
                              "Plan Width": 4,
                              "Actual Startup Time": 0.01,
                              "Actual Total Time": 62.306,
                              "Actual Rows": 632078,
                              "Actual Loops": 4
                            },
                            {
                              "Node Type": "Hash",
                              "Parent Relationship": "Inner",
                              "Parallel Aware": true,
                              "Startup Cost": 31414.82,
                              "Total Cost": 31414.82,
                              "Plan Rows": 99597,
                              "Plan Width": 4,
                              "Actual Startup Time": 73.311,
                              "Actual Total Time": 73.313,
                              "Actual Rows": 42397,
                              "Actual Loops": 4,
                              "Hash Buckets": 524288,
                              "Original Hash Buckets": 524288,
                              "Hash Batches": 1,
                              "Original Hash Batches": 1,
                              "Peak Memory Usage": 10816,
                              "Plans": [
                                {
                                  "Node Type": "Seq Scan",
                                  "Parent Relationship": "Outer",
                                  "Parallel Aware": true,
                                  "Relation Name": "movie_companies",
                                  "Alias": "mc",
                                  "Startup Cost": 0.0,
                                  "Total Cost": 31414.82,
                                  "Plan Rows": 99597,
                                  "Plan Width": 4,
                                  "Actual Startup Time": 31.82,
                                  "Actual Total Time": 60.118,
                                  "Actual Rows": 42397,
                                  "Actual Loops": 4,
                                  "Filter": "((company_id < 707) AND (company_type_id = 2))",
                                  "Rows Removed by Filter": 609885
                                }
                              ]
                            }
                          ]
                        }
                      ]
                    }
                  ]
                }
              ]
            }
          ]
        }
      ]
    },
    "Planning Time": 0.489,
    "Triggers": [],
    "Execution Time": 432.947
  }
]