[
  {
    "Plan": {
      "Node Type": "Aggregate",
      "Strategy": "Plain",
      "Partial Mode": "Finalize",
      "Parallel Aware": false,
      "Startup Cost": 75977.21,
      "Total Cost": 75977.22,
      "Plan Rows": 1,
      "Plan Width": 8,
      "Actual Startup Time": 254.504,
      "Actual Total Time": 269.604,
      "Actual Rows": 1,
      "Actual Loops": 1,
      "Plans": [
        {
          "Node Type": "Gather",
          "Parent Relationship": "Outer",
          "Parallel Aware": false,
          "Startup Cost": 75976.89,
          "Total Cost": 75977.2,
          "Plan Rows": 3,
          "Plan Width": 8,
          "Actual Startup Time": 253.949,
          "Actual Total Time": 269.596,
          "Actual Rows": 4,
          "Actual Loops": 1,
          "Workers Planned": 3,
          "Workers Launched": 3,
          "Single Copy": false,
          "Plans": [
            {
              "Node Type": "Aggregate",
              "Strategy": "Plain",
              "Partial Mode": "Partial",
              "Parent Relationship": "Outer",
              "Parallel Aware": false,
              "Startup Cost": 74976.89,
              "Total Cost": 74976.9,
              "Plan Rows": 1,
              "Plan Width": 8,
              "Actual Startup Time": 246.456,
              "Actual Total Time": 246.459,
              "Actual Rows": 1,
              "Actual Loops": 4,
              "Plans": [
                {
                  "Node Type": "Hash Join",
                  "Parent Relationship": "Outer",
                  "Parallel Aware": true,
                  "Join Type": "Inner",
                  "Startup Cost": 44194.65,
                  "Total Cost": 74926.31,
                  "Plan Rows": 20233,
                  "Plan Width": 0,
                  "Actual Startup Time": 122.696,
                  "Actual Total Time": 244.084,
                  "Actual Rows": 45077,
                  "Actual Loops": 4,
                  "Inner Unique": true,
                  "Hash Cond": "(mc.movie_id = t.id)",
                  "Plans": [
                    {
                      "Node Type": "Seq Scan",
                      "Parent Relationship": "Outer",
                      "Parallel Aware": true,
                      "Relation Name": "movie_companies",
                      "Alias": "mc",
                      "Startup Cost": 0.0,
                      "Total Cost": 29310.68,
                      "Plan Rows": 541327,
                      "Plan Width": 4,
                      "Actual Startup Time": 1.359,
                      "Actual Total Time": 78.997,
                      "Actual Rows": 419478,
                      "Actual Loops": 4,
                      "Filter": "(company_id > 3334)",
                      "Rows Removed by Filter": 232805
                    },
                    {
                      "Node Type": "Hash",
                      "Parent Relationship": "Inner",
                      "Parallel Aware": true,
                      "Startup Cost": 43899.32,
                      "Total Cost": 43899.32,
                      "Plan Rows": 23626,
                      "Plan Width": 4,
                      "Actual Startup Time": 108.139,
                      "Actual Total Time": 108.14,
                      "Actual Rows": 24645,
                      "Actual Loops": 4,
                      "Hash Buckets": 131072,
                      "Original Hash Buckets": 131072,
                      "Hash Batches": 1,
                      "Original Hash Batches": 1,
                      "Peak Memory Usage": 4896,
                      "Plans": [
                        {
                          "Node Type": "Seq Scan",
                          "Parent Relationship": "Outer",
                          "Parallel Aware": true,
                          "Relation Name": "title",
                          "Alias": "t",
                          "Startup Cost": 0.0,
                          "Total Cost": 43899.32,
                          "Plan Rows": 23626,
                          "Plan Width": 4,
                          "Actual Startup Time": 46.421,
                          "Actual Total Time": 101.118,
                          "Actual Rows": 24645,
                          "Actual Loops": 4,
                          "Filter": "(production_year < 1924)",
                          "Rows Removed by Filter": 607433
                        }
                      ]
                    }
                  ]
                }
              ]
            }
          ]
        }
      ]
    },
    "Planning Time": 0.643,
    "Triggers": [],
    "Execution Time": 269.671
  }
]