{
  "Plan": {
    "Node Type": "Aggregate",
    "Strategy": "Plain",
    "Partial Mode": "Finalize",
    "Parallel Aware": false,
    "Startup Cost": 684745.99,
    "Total Cost": 684746.0,
    "Plan Rows": 1,
    "Plan Width": 8,
    "Actual Startup Time": 8955.056,
    "Actual Total Time": 9022.976,
    "Actual Rows": 1,
    "Actual Loops": 1,
    "Plans": [
      {
        "Node Type": "Gather",
        "Parent Relationship": "Outer",
        "Parallel Aware": false,
        "Startup Cost": 684745.88,
        "Total Cost": 684745.99,
        "Plan Rows": 1,
        "Plan Width": 8,
        "Actual Startup Time": 8948.757,
        "Actual Total Time": 9022.965,
        "Actual Rows": 2,
        "Actual Loops": 1,
        "Workers Planned": 1,
        "Workers Launched": 1,
        "Single Copy": false,
        "Plans": [
          {
            "Node Type": "Aggregate",
            "Strategy": "Plain",
            "Partial Mode": "Partial",
            "Parent Relationship": "Outer",
            "Parallel Aware": false,
            "Startup Cost": 683745.88,
            "Total Cost": 683745.89,
            "Plan Rows": 1,
            "Plan Width": 8,
            "Actual Startup Time": 8936.838,
            "Actual Total Time": 8936.842,
            "Actual Rows": 1,
            "Actual Loops": 2,
            "Plans": [
              {
                "Node Type": "Hash Join",
                "Parent Relationship": "Outer",
                "Parallel Aware": true,
                "Join Type": "Inner",
                "Startup Cost": 69460.7,
                "Total Cost": 637299.22,
                "Plan Rows": 18578666,
                "Plan Width": 0,
                "Actual Startup Time": 623.478,
                "Actual Total Time": 8296.798,
                "Actual Rows": 15738478,
                "Actual Loops": 2,
                "Inner Unique": true,
                "Hash Cond": "(ci.movie_id = t.id)",
                "Plans": [
                  {
                    "Node Type": "Seq Scan",
                    "Parent Relationship": "Outer",
                    "Parallel Aware": true,
                    "Relation Name": "cast_info",
                    "Alias": "ci",
                    "Startup Cost": 0.0,
                    "Total Cost": 519069.44,
                    "Plan Rows": 18578666,
                    "Plan Width": 4,
                    "Actual Startup Time": 106.09,
                    "Actual Total Time": 1631.3,
                    "Actual Rows": 15738478,
                    "Actual Loops": 2,
                    "Filter": "(person_id > 462553)",
                    "Rows Removed by Filter": 2383694
                  },
                  {
                    "Node Type": "Hash",
                    "Parent Relationship": "Inner",
                    "Parallel Aware": true,
                    "Startup Cost": 50870.31,
                    "Total Cost": 50870.31,
                    "Plan Rows": 1487231,
                    "Plan Width": 4,
                    "Actual Startup Time": 494.974,
                    "Actual Total Time": 494.975,
                    "Actual Rows": 1264156,
                    "Actual Loops": 2,
                    "Hash Buckets": 4194304,
                    "Original Hash Buckets": 4194304,
                    "Hash Batches": 1,
                    "Original Hash Batches": 1,
                    "Peak Memory Usage": 131712,
                    "Plans": [
                      {
                        "Node Type": "Seq Scan",
                        "Parent Relationship": "Outer",
                        "Parallel Aware": true,
                        "Relation Name": "title",
                        "Alias": "t",
                        "Startup Cost": 0.0,
                        "Total Cost": 50870.31,
                        "Plan Rows": 1487231,
                        "Plan Width": 4,
                        "Actual Startup Time": 0.025,
                        "Actual Total Time": 151.543,
                        "Actual Rows": 1264156,
                        "Actual Loops": 2
                      }
                    ]
                  }
                ]
              }
            ]
          }
        ]
      }
    ]
  },
  "Planning Time": 0.628,
  "Triggers": [],
  "Execution Time": 9023.057
}