[
  {
    "Plan": {
      "Node Type": "Aggregate",
      "Strategy": "Plain",
      "Partial Mode": "Finalize",
      "Parallel Aware": false,
      "Startup Cost": 44805.56,
      "Total Cost": 44805.57,
      "Plan Rows": 1,
      "Plan Width": 8,
      "Actual Startup Time": 164.769,
      "Actual Total Time": 176.455,
      "Actual Rows": 1,
      "Actual Loops": 1,
      "Plans": [
        {
          "Node Type": "Gather",
          "Parent Relationship": "Outer",
          "Parallel Aware": false,
          "Startup Cost": 44805.24,
          "Total Cost": 44805.55,
          "Plan Rows": 3,
          "Plan Width": 8,
          "Actual Startup Time": 164.577,
          "Actual Total Time": 176.443,
          "Actual Rows": 4,
          "Actual Loops": 1,
          "Workers Planned": 3,
          "Workers Launched": 3,
          "Single Copy": false,
          "Plans": [
            {
              "Node Type": "Aggregate",
              "Strategy": "Plain",
              "Partial Mode": "Partial",
              "Parent Relationship": "Outer",
              "Parallel Aware": false,
              "Startup Cost": 43805.24,
              "Total Cost": 43805.25,
              "Plan Rows": 1,
              "Plan Width": 8,
              "Actual Startup Time": 156.027,
              "Actual Total Time": 156.028,
              "Actual Rows": 1,
              "Actual Loops": 4,
              "Plans": [
                {
                  "Node Type": "Seq Scan",
                  "Parent Relationship": "Outer",
                  "Parallel Aware": true,
                  "Relation Name": "movie_keyword",
                  "Alias": "mk",
                  "Startup Cost": 0.0,
                  "Total Cost": 42695.65,
                  "Plan Rows": 443835,
                  "Plan Width": 0,
                  "Actual Startup Time": 1.496,
                  "Actual Total Time": 134.165,
                  "Actual Rows": 343772,
                  "Actual Loops": 4,
                  "Filter": "(keyword_id > 12140)",
                  "Rows Removed by Filter": 787210
                }
              ]
            }
          ]
        }
      ]
    },
    "Planning Time": 0.119,
    "Triggers": [],
    "Execution Time": 176.498
  }
]