[
  {
    "Plan": {
      "Node Type": "Aggregate",
      "Strategy": "Plain",
      "Partial Mode": "Finalize",
      "Parallel Aware": false,
      "Startup Cost": 348705.52,
      "Total Cost": 348705.53,
      "Plan Rows": 1,
      "Plan Width": 8,
      "Actual Startup Time": 685.377,
      "Actual Total Time": 740.91,
      "Actual Rows": 1,
      "Actual Loops": 1,
      "Plans": [
        {
          "Node Type": "Gather",
          "Parent Relationship": "Outer",
          "Parallel Aware": false,
          "Startup Cost": 348704.9,
          "Total Cost": 348705.51,
          "Plan Rows": 6,
          "Plan Width": 8,
          "Actual Startup Time": 685.261,
          "Actual Total Time": 740.899,
          "Actual Rows": 7,
          "Actual Loops": 1,
          "Workers Planned": 6,
          "Workers Launched": 6,
          "Single Copy": false,
          "Plans": [
            {
              "Node Type": "Aggregate",
              "Strategy": "Plain",
              "Partial Mode": "Partial",
              "Parent Relationship": "Outer",
              "Parallel Aware": false,
              "Startup Cost": 347704.9,
              "Total Cost": 347704.91,
              "Plan Rows": 1,
              "Plan Width": 8,
              "Actual Startup Time": 675.433,
              "Actual Total Time": 675.434,
              "Actual Rows": 1,
              "Actual Loops": 7,
              "Plans": [
                {
                  "Node Type": "Seq Scan",
                  "Parent Relationship": "Outer",
                  "Parallel Aware": true,
                  "Relation Name": "cast_info",
                  "Alias": "ci",
                  "Startup Cost": 0.0,
                  "Total Cost": 343257.03,
                  "Plan Rows": 1779147,
                  "Plan Width": 0,
                  "Actual Startup Time": 244.596,
                  "Actual Total Time": 645.23,
                  "Actual Rows": 648972,
                  "Actual Loops": 7,
                  "Filter": "((person_id < 1612337) AND (role_id > 1))",
                  "Rows Removed by Filter": 4528791
                }
              ]
            }
          ]
        }
      ]
    },
    "Planning Time": 0.175,
    "Triggers": [],
    "Execution Time": 740.971
  }
]