[
    {
        "Bao": {
            "Bao prediction": "NaN",
            "Bao recommended hint": "(no hint)"
        }
    },
    {
        "Plan": {
            "Node Type": "Aggregate",
            "Strategy": "Plain",
            "Partial Mode": "Finalize",
            "Parallel Aware": false,
            "Startup Cost": 86548.9,
            "Total Cost": 86548.91,
            "Plan Rows": 1,
            "Plan Width": 8,
            "Actual Startup Time": 340.481,
            "Actual Total Time": 350.967,
            "Actual Rows": 1,
            "Actual Loops": 1,
            "Output": [
                "count(*)"
            ],
            "Plans": [
                {
                    "Node Type": "Gather",
                    "Parent Relationship": "Outer",
                    "Parallel Aware": false,
                    "Startup Cost": 86548.58,
                    "Total Cost": 86548.89,
                    "Plan Rows": 3,
                    "Plan Width": 8,
                    "Actual Startup Time": 336.19,
                    "Actual Total Time": 350.959,
                    "Actual Rows": 4,
                    "Actual Loops": 1,
                    "Output": [
                        "(PARTIAL count(*))"
                    ],
                    "Workers Planned": 3,
                    "Workers Launched": 3,
                    "Single Copy": false,
                    "Plans": [
                        {
                            "Node Type": "Aggregate",
                            "Strategy": "Plain",
                            "Partial Mode": "Partial",
                            "Parent Relationship": "Outer",
                            "Parallel Aware": false,
                            "Startup Cost": 85548.58,
                            "Total Cost": 85548.59,
                            "Plan Rows": 1,
                            "Plan Width": 8,
                            "Actual Startup Time": 327.656,
                            "Actual Total Time": 327.66,
                            "Actual Rows": 1,
                            "Actual Loops": 4,
                            "Output": [
                                "PARTIAL count(*)"
                            ],
                            "Workers": [
                                {
                                    "Worker Number": 0,
                                    "Actual Startup Time": 324.526,
                                    "Actual Total Time": 324.529,
                                    "Actual Rows": 1,
                                    "Actual Loops": 1
                                },
                                {
                                    "Worker Number": 1,
                                    "Actual Startup Time": 324.671,
                                    "Actual Total Time": 324.675,
                                    "Actual Rows": 1,
                                    "Actual Loops": 1
                                },
                                {
                                    "Worker Number": 2,
                                    "Actual Startup Time": 325.538,
                                    "Actual Total Time": 325.54,
                                    "Actual Rows": 1,
                                    "Actual Loops": 1
                                }
                            ],
                            "Plans": [
                                {
                                    "Node Type": "Hash Join",
                                    "Parent Relationship": "Outer",
                                    "Parallel Aware": true,
                                    "Join Type": "Inner",
                                    "Startup Cost": 58596.09,
                                    "Total Cost": 85319.38,
                                    "Plan Rows": 91682,
                                    "Plan Width": 0,
                                    "Actual Startup Time": 252.221,
                                    "Actual Total Time": 326.286,
                                    "Actual Rows": 16651,
                                    "Actual Loops": 4,
                                    "Inner Unique": true,
                                    "Hash Cond": "(mk.movie_id = t.id)",
                                    "Workers": [
                                        {
                                            "Worker Number": 0,
                                            "Actual Startup Time": 249.414,
                                            "Actual Total Time": 323.181,
                                            "Actual Rows": 11517,
                                            "Actual Loops": 1
                                        },
                                        {
                                            "Worker Number": 1,
                                            "Actual Startup Time": 249.475,
                                            "Actual Total Time": 323.343,
                                            "Actual Rows": 11523,
                                            "Actual Loops": 1
                                        },
                                        {
                                            "Worker Number": 2,
                                            "Actual Startup Time": 249.575,
                                            "Actual Total Time": 324.147,
                                            "Actual Rows": 11891,
                                            "Actual Loops": 1
                                        }
                                    ],
                                    "Plans": [
                                        {
                                            "Node Type": "Bitmap Heap Scan",
                                            "Parent Relationship": "Outer",
                                            "Parallel Aware": true,
                                            "Relation Name": "movie_keyword",
                                            "Schema": "public",
                                            "Alias": "mk",
                                            "Startup Cost": 9869.04,
                                            "Total Cost": 36198.49,
                                            "Plan Rows": 150036,
                                            "Plan Width": 4,
                                            "Actual Startup Time": 39.49,
                                            "Actual Total Time": 84.05,
                                            "Actual Rows": 114151,
                                            "Actual Loops": 4,
                                            "Output": [
                                                "mk.id",
                                                "mk.movie_id",
                                                "mk.keyword_id"
                                            ],
                                            "Recheck Cond": "(mk.keyword_id > 38838)",
                                            "Rows Removed by Index Recheck": 0,
                                            "Exact Heap Blocks": 7944,
                                            "Lossy Heap Blocks": 0,
                                            "Workers": [
                                                {
                                                    "Worker Number": 0,
                                                    "Actual Startup Time": 39.637,
                                                    "Actual Total Time": 85.329,
                                                    "Actual Rows": 99275,
                                                    "Actual Loops": 1
                                                },
                                                {
                                                    "Worker Number": 1,
                                                    "Actual Startup Time": 39.581,
                                                    "Actual Total Time": 85.244,
                                                    "Actual Rows": 98894,
                                                    "Actual Loops": 1
                                                },
                                                {
                                                    "Worker Number": 2,
                                                    "Actual Startup Time": 39.426,
                                                    "Actual Total Time": 85.037,
                                                    "Actual Rows": 100217,
                                                    "Actual Loops": 1
                                                }
                                            ],
                                            "Plans": [
                                                {
                                                    "Node Type": "Bitmap Index Scan",
                                                    "Parent Relationship": "Outer",
                                                    "Parallel Aware": false,
                                                    "Index Name": "keyword_id_movie_keyword",
                                                    "Startup Cost": 0.0,
                                                    "Total Cost": 9752.77,
                                                    "Plan Rows": 465111,
                                                    "Plan Width": 0,
                                                    "Actual Startup Time": 35.995,
                                                    "Actual Total Time": 35.996,
                                                    "Actual Rows": 456605,
                                                    "Actual Loops": 1,
                                                    "Index Cond": "(mk.keyword_id > 38838)"
                                                }
                                            ]
                                        },
                                        {
                                            "Node Type": "Hash",
                                            "Parent Relationship": "Inner",
                                            "Parallel Aware": true,
                                            "Startup Cost": 43899.01,
                                            "Total Cost": 43899.01,
                                            "Plan Rows": 386243,
                                            "Plan Width": 4,
                                            "Actual Startup Time": 208.053,
                                            "Actual Total Time": 208.054,
                                            "Actual Rows": 388966,
                                            "Actual Loops": 4,
                                            "Output": [
                                                "t.id"
                                            ],
                                            "Hash Buckets": 2097152,
                                            "Original Hash Buckets": 2097152,
                                            "Hash Batches": 1,
                                            "Original Hash Batches": 1,
                                            "Peak Memory Usage": 77344,
                                            "Workers": [
                                                {
                                                    "Worker Number": 0,
                                                    "Actual Startup Time": 209.336,
                                                    "Actual Total Time": 209.337,
                                                    "Actual Rows": 361155,
                                                    "Actual Loops": 1
                                                },
                                                {
                                                    "Worker Number": 1,
                                                    "Actual Startup Time": 209.459,
                                                    "Actual Total Time": 209.46,
                                                    "Actual Rows": 362392,
                                                    "Actual Loops": 1
                                                },
                                                {
                                                    "Worker Number": 2,
                                                    "Actual Startup Time": 209.576,
                                                    "Actual Total Time": 209.577,
                                                    "Actual Rows": 361583,
                                                    "Actual Loops": 1
                                                }
                                            ],
                                            "Plans": [
                                                {
                                                    "Node Type": "Seq Scan",
                                                    "Parent Relationship": "Outer",
                                                    "Parallel Aware": true,
                                                    "Relation Name": "title",
                                                    "Schema": "public",
                                                    "Alias": "t",
                                                    "Startup Cost": 0.0,
                                                    "Total Cost": 43899.01,
                                                    "Plan Rows": 386243,
                                                    "Plan Width": 4,
                                                    "Actual Startup Time": 0.044,
                                                    "Actual Total Time": 88.155,
                                                    "Actual Rows": 388966,
                                                    "Actual Loops": 4,
                                                    "Output": [
                                                        "t.id"
                                                    ],
                                                    "Filter": "(t.kind_id > 4)",
                                                    "Rows Removed by Filter": 243112,
                                                    "Workers": [
                                                        {
                                                            "Worker Number": 0,
                                                            "Actual Startup Time": 0.052,
                                                            "Actual Total Time": 90.165,
                                                            "Actual Rows": 361155,
                                                            "Actual Loops": 1
                                                        },
                                                        {
                                                            "Worker Number": 1,
                                                            "Actual Startup Time": 0.059,
                                                            "Actual Total Time": 89.863,
                                                            "Actual Rows": 362392,
                                                            "Actual Loops": 1
                                                        },
                                                        {
                                                            "Worker Number": 2,
                                                            "Actual Startup Time": 0.051,
                                                            "Actual Total Time": 90.301,
                                                            "Actual Rows": 361583,
                                                            "Actual Loops": 1
                                                        }
                                                    ]
                                                }
                                            ]
                                        }
                                    ]
                                }
                            ]
                        }
                    ]
                }
            ]
        },
        "Planning Time": 182.329,
        "Triggers": [],
        "Execution Time": 351.039
    }
]