[
  {
    "Plan": {
      "Node Type": "Aggregate",
      "Strategy": "Plain",
      "Partial Mode": "Finalize",
      "Parallel Aware": false,
      "Startup Cost": 44530.06,
      "Total Cost": 44530.07,
      "Plan Rows": 1,
      "Plan Width": 8,
      "Actual Startup Time": 129.883,
      "Actual Total Time": 139.901,
      "Actual Rows": 1,
      "Actual Loops": 1,
      "Plans": [
        {
          "Node Type": "Gather",
          "Parent Relationship": "Outer",
          "Parallel Aware": false,
          "Startup Cost": 44529.74,
          "Total Cost": 44530.05,
          "Plan Rows": 3,
          "Plan Width": 8,
          "Actual Startup Time": 129.715,
          "Actual Total Time": 139.89,
          "Actual Rows": 4,
          "Actual Loops": 1,
          "Workers Planned": 3,
          "Workers Launched": 3,
          "Single Copy": false,
          "Plans": [
            {
              "Node Type": "Aggregate",
              "Strategy": "Plain",
              "Partial Mode": "Partial",
              "Parent Relationship": "Outer",
              "Parallel Aware": false,
              "Startup Cost": 43529.74,
              "Total Cost": 43529.75,
              "Plan Rows": 1,
              "Plan Width": 8,
              "Actual Startup Time": 124.054,
              "Actual Total Time": 124.056,
              "Actual Rows": 1,
              "Actual Loops": 4,
              "Plans": [
                {
                  "Node Type": "Seq Scan",
                  "Parent Relationship": "Outer",
                  "Parallel Aware": true,
                  "Relation Name": "movie_keyword",
                  "Alias": "mk",
                  "Startup Cost": 0.0,
                  "Total Cost": 42695.65,
                  "Plan Rows": 333636,
                  "Plan Width": 0,
                  "Actual Startup Time": 3.519,
                  "Actual Total Time": 110.25,
                  "Actual Rows": 257267,
                  "Actual Loops": 4,
                  "Filter": "(keyword_id > 17286)",
                  "Rows Removed by Filter": 873716
                }
              ]
            }
          ]
        }
      ]
    },
    "Planning Time": 0.191,
    "Triggers": [],
    "Execution Time": 139.959
  }
]