[
  {
    "Plan": {
      "Node Type": "Aggregate",
      "Strategy": "Plain",
      "Partial Mode": "Finalize",
      "Parallel Aware": false,
      "Startup Cost": 354233.11,
      "Total Cost": 354233.12,
      "Plan Rows": 1,
      "Plan Width": 8,
      "Actual Startup Time": 834.149,
      "Actual Total Time": 858.045,
      "Actual Rows": 1,
      "Actual Loops": 1,
      "Plans": [
        {
          "Node Type": "Gather",
          "Parent Relationship": "Outer",
          "Parallel Aware": false,
          "Startup Cost": 354232.79,
          "Total Cost": 354233.1,
          "Plan Rows": 3,
          "Plan Width": 8,
          "Actual Startup Time": 822.68,
          "Actual Total Time": 858.031,
          "Actual Rows": 4,
          "Actual Loops": 1,
          "Workers Planned": 3,
          "Workers Launched": 3,
          "Single Copy": false,
          "Plans": [
            {
              "Node Type": "Aggregate",
              "Strategy": "Plain",
              "Partial Mode": "Partial",
              "Parent Relationship": "Outer",
              "Parallel Aware": false,
              "Startup Cost": 353232.79,
              "Total Cost": 353232.8,
              "Plan Rows": 1,
              "Plan Width": 8,
              "Actual Startup Time": 815.81,
              "Actual Total Time": 816.099,
              "Actual Rows": 1,
              "Actual Loops": 4,
              "Plans": [
                {
                  "Node Type": "Hash Join",
                  "Parent Relationship": "Outer",
                  "Parallel Aware": true,
                  "Join Type": "Inner",
                  "Startup Cost": 322098.64,
                  "Total Cost": 352769.96,
                  "Plan Rows": 185135,
                  "Plan Width": 0,
                  "Actual Startup Time": 584.1,
                  "Actual Total Time": 802.622,
                  "Actual Rows": 245591,
                  "Actual Loops": 4,
                  "Inner Unique": false,
                  "Hash Cond": "(mc.movie_id = t.id)",
                  "Plans": [
                    {
                      "Node Type": "Seq Scan",
                      "Parent Relationship": "Outer",
                      "Parallel Aware": true,
                      "Relation Name": "movie_companies",
                      "Alias": "mc",
                      "Startup Cost": 0.0,
                      "Total Cost": 27206.55,
                      "Plan Rows": 841655,
                      "Plan Width": 4,
                      "Actual Startup Time": 0.016,
                      "Actual Total Time": 69.104,
                      "Actual Rows": 652282,
                      "Actual Loops": 4
                    },
                    {
                      "Node Type": "Hash",
                      "Parent Relationship": "Inner",
                      "Parallel Aware": true,
                      "Startup Cost": 320939.97,
                      "Total Cost": 320939.97,
                      "Plan Rows": 92694,
                      "Plan Width": 8,
                      "Actual Startup Time": 580.504,
                      "Actual Total Time": 580.791,
                      "Actual Rows": 130350,
                      "Actual Loops": 4,
                      "Hash Buckets": 1048576,
                      "Original Hash Buckets": 1048576,
                      "Hash Batches": 1,
                      "Original Hash Batches": 1,
                      "Peak Memory Usage": 28640,
                      "Plans": [
                        {
                          "Node Type": "Hash Join",
                          "Parent Relationship": "Outer",
                          "Parallel Aware": true,
                          "Join Type": "Inner",
                          "Startup Cost": 66355.55,
                          "Total Cost": 320939.97,
                          "Plan Rows": 92694,
                          "Plan Width": 8,
                          "Actual Startup Time": 370.772,
                          "Actual Total Time": 524.459,
                          "Actual Rows": 130350,
                          "Actual Loops": 4,
                          "Inner Unique": true,
                          "Hash Cond": "(ci.movie_id = t.id)",
                          "Plans": [
                            {
                              "Node Type": "Bitmap Heap Scan",
                              "Parent Relationship": "Outer",
                              "Parallel Aware": true,
                              "Relation Name": "cast_info",
                              "Alias": "ci",
                              "Startup Cost": 16617.94,
                              "Total Cost": 270873.06,
                              "Plan Rows": 125449,
                              "Plan Width": 4,
                              "Actual Startup Time": 50.32,
                              "Actual Total Time": 93.795,
                              "Actual Rows": 174310,
                              "Actual Loops": 4,
                              "Recheck Cond": "(person_id > 3927051)",
                              "Rows Removed by Index Recheck": 0,
                              "Exact Heap Blocks": 2288,
                              "Lossy Heap Blocks": 0,
                              "Plans": [
                                {
                                  "Node Type": "Bitmap Index Scan",
                                  "Parent Relationship": "Outer",
                                  "Parallel Aware": false,
                                  "Index Name": "person_id_cast_info",
                                  "Startup Cost": 0.0,
                                  "Total Cost": 16429.77,
                                  "Plan Rows": 752694,
                                  "Plan Width": 0,
                                  "Actual Startup Time": 47.943,
                                  "Actual Total Time": 47.943,
                                  "Actual Rows": 697241,
                                  "Actual Loops": 1,
                                  "Index Cond": "(person_id > 3927051)"
                                }
                              ]
                            },
                            {
                              "Node Type": "Hash",
                              "Parent Relationship": "Inner",
                              "Parallel Aware": true,
                              "Startup Cost": 43899.32,
                              "Total Cost": 43899.32,
                              "Plan Rows": 467063,
                              "Plan Width": 4,
                              "Actual Startup Time": 315.735,
                              "Actual Total Time": 315.736,
                              "Actual Rows": 466372,
                              "Actual Loops": 4,
                              "Hash Buckets": 2097152,
                              "Original Hash Buckets": 2097152,
                              "Hash Batches": 1,
                              "Original Hash Batches": 1,
                              "Peak Memory Usage": 89440,
                              "Plans": [
                                {
                                  "Node Type": "Seq Scan",
                                  "Parent Relationship": "Outer",
                                  "Parallel Aware": true,
                                  "Relation Name": "title",
                                  "Alias": "t",
                                  "Startup Cost": 0.0,
                                  "Total Cost": 43899.32,
                                  "Plan Rows": 467063,
                                  "Plan Width": 4,
                                  "Actual Startup Time": 0.058,
                                  "Actual Total Time": 124.332,
                                  "Actual Rows": 466372,
                                  "Actual Loops": 4,
                                  "Filter": "(kind_id > 1)",
                                  "Rows Removed by Filter": 165706
                                }
                              ]
                            }
                          ]
                        }
                      ]
                    }
                  ]
                }
              ]
            }
          ]
        }
      ]
    },
    "Planning Time": 0.668,
    "Triggers": [],
    "Execution Time": 858.117
  }
]