[
  {
    "Plan": {
      "Node Type": "Aggregate",
      "Strategy": "Plain",
      "Partial Mode": "Finalize",
      "Parallel Aware": false,
      "Startup Cost": 32264.23,
      "Total Cost": 32264.24,
      "Plan Rows": 1,
      "Plan Width": 8,
      "Actual Startup Time": 89.228,
      "Actual Total Time": 93.387,
      "Actual Rows": 1,
      "Actual Loops": 1,
      "Plans": [
        {
          "Node Type": "Gather",
          "Parent Relationship": "Outer",
          "Parallel Aware": false,
          "Startup Cost": 32263.91,
          "Total Cost": 32264.22,
          "Plan Rows": 3,
          "Plan Width": 8,
          "Actual Startup Time": 89.07,
          "Actual Total Time": 93.379,
          "Actual Rows": 4,
          "Actual Loops": 1,
          "Workers Planned": 3,
          "Workers Launched": 3,
          "Single Copy": false,
          "Plans": [
            {
              "Node Type": "Aggregate",
              "Strategy": "Plain",
              "Partial Mode": "Partial",
              "Parent Relationship": "Outer",
              "Parallel Aware": false,
              "Startup Cost": 31263.91,
              "Total Cost": 31263.92,
              "Plan Rows": 1,
              "Plan Width": 8,
              "Actual Startup Time": 82.758,
              "Actual Total Time": 82.759,
              "Actual Rows": 1,
              "Actual Loops": 4,
              "Plans": [
                {
                  "Node Type": "Bitmap Heap Scan",
                  "Parent Relationship": "Outer",
                  "Parallel Aware": true,
                  "Relation Name": "movie_companies",
                  "Alias": "mc",
                  "Startup Cost": 10030.84,
                  "Total Cost": 31073.3,
                  "Plan Rows": 76244,
                  "Plan Width": 0,
                  "Actual Startup Time": 33.525,
                  "Actual Total Time": 75.614,
                  "Actual Rows": 118169,
                  "Actual Loops": 4,
                  "Recheck Cond": "(company_id > 75790)",
                  "Rows Removed by Index Recheck": 0,
                  "Filter": "(company_type_id = 2)",
                  "Rows Removed by Filter": 0,
                  "Exact Heap Blocks": 3551,
                  "Lossy Heap Blocks": 0,
                  "Plans": [
                    {
                      "Node Type": "Bitmap Index Scan",
                      "Parent Relationship": "Outer",
                      "Parallel Aware": false,
                      "Index Name": "company_id_movie_companies",
                      "Startup Cost": 0.0,
                      "Total Cost": 9971.75,
                      "Plan Rows": 465509,
                      "Plan Width": 0,
                      "Actual Startup Time": 38.036,
                      "Actual Total Time": 38.036,
                      "Actual Rows": 472675,
                      "Actual Loops": 1,
                      "Index Cond": "(company_id > 75790)"
                    }
                  ]
                }
              ]
            }
          ]
        }
      ]
    },
    "Planning Time": 0.202,
    "Triggers": [],
    "Execution Time": 93.458
  }
]