{
  "Plan": {
    "Node Type": "Aggregate",
    "Strategy": "Plain",
    "Partial Mode": "Finalize",
    "Parallel Aware": false,
    "Startup Cost": 666690.05,
    "Total Cost": 666690.06,
    "Plan Rows": 1,
    "Plan Width": 8,
    "Actual Startup Time": 7698.913,
    "Actual Total Time": 7765.527,
    "Actual Rows": 1,
    "Actual Loops": 1,
    "Plans": [
      {
        "Node Type": "Gather",
        "Parent Relationship": "Outer",
        "Parallel Aware": false,
        "Startup Cost": 666689.94,
        "Total Cost": 666690.05,
        "Plan Rows": 1,
        "Plan Width": 8,
        "Actual Startup Time": 7695.879,
        "Actual Total Time": 7765.518,
        "Actual Rows": 2,
        "Actual Loops": 1,
        "Workers Planned": 1,
        "Workers Launched": 1,
        "Single Copy": false,
        "Plans": [
          {
            "Node Type": "Aggregate",
            "Strategy": "Plain",
            "Partial Mode": "Partial",
            "Parent Relationship": "Outer",
            "Parallel Aware": false,
            "Startup Cost": 665689.94,
            "Total Cost": 665689.95,
            "Plan Rows": 1,
            "Plan Width": 8,
            "Actual Startup Time": 7687.882,
            "Actual Total Time": 7687.886,
            "Actual Rows": 1,
            "Actual Loops": 2,
            "Plans": [
              {
                "Node Type": "Hash Join",
                "Parent Relationship": "Outer",
                "Parallel Aware": true,
                "Join Type": "Inner",
                "Startup Cost": 67765.61,
                "Total Cost": 633910.77,
                "Plan Rows": 12711666,
                "Plan Width": 0,
                "Actual Startup Time": 411.59,
                "Actual Total Time": 7260.855,
                "Actual Rows": 10912950,
                "Actual Loops": 2,
                "Inner Unique": true,
                "Hash Cond": "(ci.movie_id = t.id)",
                "Plans": [
                  {
                    "Node Type": "Seq Scan",
                    "Parent Relationship": "Outer",
                    "Parallel Aware": true,
                    "Relation Name": "cast_info",
                    "Alias": "ci",
                    "Startup Cost": 0.0,
                    "Total Cost": 519069.44,
                    "Plan Rows": 17933576,
                    "Plan Width": 4,
                    "Actual Startup Time": 0.019,
                    "Actual Total Time": 1895.902,
                    "Actual Rows": 15255825,
                    "Actual Loops": 2,
                    "Filter": "(role_id < 9)",
                    "Rows Removed by Filter": 2866347
                  },
                  {
                    "Node Type": "Hash",
                    "Parent Relationship": "Inner",
                    "Parallel Aware": true,
                    "Startup Cost": 54588.39,
                    "Total Cost": 54588.39,
                    "Plan Rows": 1054178,
                    "Plan Width": 4,
                    "Actual Startup Time": 396.782,
                    "Actual Total Time": 396.783,
                    "Actual Rows": 897076,
                    "Actual Loops": 2,
                    "Hash Buckets": 2097152,
                    "Original Hash Buckets": 2097152,
                    "Hash Batches": 1,
                    "Original Hash Batches": 1,
                    "Peak Memory Usage": 86592,
                    "Plans": [
                      {
                        "Node Type": "Seq Scan",
                        "Parent Relationship": "Outer",
                        "Parallel Aware": true,
                        "Relation Name": "title",
                        "Alias": "t",
                        "Startup Cost": 0.0,
                        "Total Cost": 54588.39,
                        "Plan Rows": 1054178,
                        "Plan Width": 4,
                        "Actual Startup Time": 0.028,
                        "Actual Total Time": 174.48,
                        "Actual Rows": 897076,
                        "Actual Loops": 2,
                        "Filter": "(production_year < 2009)",
                        "Rows Removed by Filter": 367080
                      }
                    ]
                  }
                ]
              }
            ]
          }
        ]
      }
    ]
  },
  "Planning Time": 0.524,
  "Triggers": [],
  "Execution Time": 7765.595
}