[
  {
    "Plan": {
      "Node Type": "Aggregate",
      "Strategy": "Plain",
      "Partial Mode": "Finalize",
      "Parallel Aware": false,
      "Startup Cost": 131877.76,
      "Total Cost": 131877.77,
      "Plan Rows": 1,
      "Plan Width": 8,
      "Actual Startup Time": 640.306,
      "Actual Total Time": 658.64,
      "Actual Rows": 1,
      "Actual Loops": 1,
      "Plans": [
        {
          "Node Type": "Gather",
          "Parent Relationship": "Outer",
          "Parallel Aware": false,
          "Startup Cost": 131877.44,
          "Total Cost": 131877.75,
          "Plan Rows": 3,
          "Plan Width": 8,
          "Actual Startup Time": 634.932,
          "Actual Total Time": 658.629,
          "Actual Rows": 4,
          "Actual Loops": 1,
          "Workers Planned": 3,
          "Workers Launched": 3,
          "Single Copy": false,
          "Plans": [
            {
              "Node Type": "Aggregate",
              "Strategy": "Plain",
              "Partial Mode": "Partial",
              "Parent Relationship": "Outer",
              "Parallel Aware": false,
              "Startup Cost": 130877.44,
              "Total Cost": 130877.45,
              "Plan Rows": 1,
              "Plan Width": 8,
              "Actual Startup Time": 625.953,
              "Actual Total Time": 626.175,
              "Actual Rows": 1,
              "Actual Loops": 4,
              "Plans": [
                {
                  "Node Type": "Hash Join",
                  "Parent Relationship": "Outer",
                  "Parallel Aware": true,
                  "Join Type": "Inner",
                  "Startup Cost": 81502.12,
                  "Total Cost": 130141.11,
                  "Plan Rows": 294535,
                  "Plan Width": 0,
                  "Actual Startup Time": 417.636,
                  "Actual Total Time": 621.0,
                  "Actual Rows": 116528,
                  "Actual Loops": 4,
                  "Inner Unique": false,
                  "Hash Cond": "(mk.movie_id = t.id)",
                  "Plans": [
                    {
                      "Node Type": "Seq Scan",
                      "Parent Relationship": "Outer",
                      "Parallel Aware": true,
                      "Relation Name": "movie_keyword",
                      "Alias": "mk",
                      "Startup Cost": 0.0,
                      "Total Cost": 42695.65,
                      "Plan Rows": 1331525,
                      "Plan Width": 4,
                      "Actual Startup Time": 0.031,
                      "Actual Total Time": 117.102,
                      "Actual Rows": 1034658,
                      "Actual Loops": 4,
                      "Filter": "(keyword_id < 44577)",
                      "Rows Removed by Filter": 96325
                    },
                    {
                      "Node Type": "Hash",
                      "Parent Relationship": "Inner",
                      "Parallel Aware": true,
                      "Startup Cost": 79247.04,
                      "Total Cost": 79247.04,
                      "Plan Rows": 180407,
                      "Plan Width": 8,
                      "Actual Startup Time": 412.359,
                      "Actual Total Time": 412.58,
                      "Actual Rows": 59916,
                      "Actual Loops": 4,
                      "Hash Buckets": 1048576,
                      "Original Hash Buckets": 1048576,
                      "Hash Batches": 1,
                      "Original Hash Batches": 1,
                      "Peak Memory Usage": 17632,
                      "Plans": [
                        {
                          "Node Type": "Hash Join",
                          "Parent Relationship": "Outer",
                          "Parallel Aware": true,
                          "Join Type": "Inner",
                          "Startup Cost": 48814.6,
                          "Total Cost": 79247.04,
                          "Plan Rows": 180407,
                          "Plan Width": 8,
                          "Actual Startup Time": 265.75,
                          "Actual Total Time": 387.117,
                          "Actual Rows": 59916,
                          "Actual Loops": 4,
                          "Inner Unique": true,
                          "Hash Cond": "(mc.movie_id = t.id)",
                          "Plans": [
                            {
                              "Node Type": "Seq Scan",
                              "Parent Relationship": "Outer",
                              "Parallel Aware": true,
                              "Relation Name": "movie_companies",
                              "Alias": "mc",
                              "Startup Cost": 0.0,
                              "Total Cost": 29310.68,
                              "Plan Rows": 427336,
                              "Plan Width": 4,
                              "Actual Startup Time": 29.716,
                              "Actual Total Time": 68.366,
                              "Actual Rows": 333721,
                              "Actual Loops": 4,
                              "Filter": "(company_type_id > 1)",
                              "Rows Removed by Filter": 318562
                            },
                            {
                              "Node Type": "Hash",
                              "Parent Relationship": "Inner",
                              "Parallel Aware": true,
                              "Startup Cost": 45479.1,
                              "Total Cost": 45479.1,
                              "Plan Rows": 266840,
                              "Plan Width": 4,
                              "Actual Startup Time": 231.29,
                              "Actual Total Time": 231.291,
                              "Actual Rows": 290818,
                              "Actual Loops": 4,
                              "Hash Buckets": 2097152,
                              "Original Hash Buckets": 2097152,
                              "Hash Batches": 1,
                              "Original Hash Batches": 1,
                              "Peak Memory Usage": 61984,
                              "Plans": [
                                {
                                  "Node Type": "Seq Scan",
                                  "Parent Relationship": "Outer",
                                  "Parallel Aware": true,
                                  "Relation Name": "title",
                                  "Alias": "t",
                                  "Startup Cost": 0.0,
                                  "Total Cost": 45479.1,
                                  "Plan Rows": 266840,
                                  "Plan Width": 4,
                                  "Actual Startup Time": 0.047,
                                  "Actual Total Time": 107.904,
                                  "Actual Rows": 290818,
                                  "Actual Loops": 4,
                                  "Filter": "((production_year > 1990) AND (kind_id = 7))",
                                  "Rows Removed by Filter": 341260
                                }
                              ]
                            }
                          ]
                        }
                      ]
                    }
                  ]
                }
              ]
            }
          ]
        }
      ]
    },
    "Planning Time": 1.455,
    "Triggers": [],
    "Execution Time": 658.728
  }
]