[
  {
    "Plan": {
      "Node Type": "Aggregate",
      "Strategy": "Plain",
      "Partial Mode": "Finalize",
      "Parallel Aware": false,
      "Startup Cost": 168083.78,
      "Total Cost": 168083.79,
      "Plan Rows": 1,
      "Plan Width": 8,
      "Actual Startup Time": 672.148,
      "Actual Total Time": 699.468,
      "Actual Rows": 1,
      "Actual Loops": 1,
      "Plans": [
        {
          "Node Type": "Gather",
          "Parent Relationship": "Outer",
          "Parallel Aware": false,
          "Startup Cost": 168083.26,
          "Total Cost": 168083.77,
          "Plan Rows": 5,
          "Plan Width": 8,
          "Actual Startup Time": 659.255,
          "Actual Total Time": 699.455,
          "Actual Rows": 6,
          "Actual Loops": 1,
          "Workers Planned": 5,
          "Workers Launched": 5,
          "Single Copy": false,
          "Plans": [
            {
              "Node Type": "Aggregate",
              "Strategy": "Plain",
              "Partial Mode": "Partial",
              "Parent Relationship": "Outer",
              "Parallel Aware": false,
              "Startup Cost": 167083.26,
              "Total Cost": 167083.27,
              "Plan Rows": 1,
              "Plan Width": 8,
              "Actual Startup Time": 646.184,
              "Actual Total Time": 646.188,
              "Actual Rows": 1,
              "Actual Loops": 6,
              "Plans": [
                {
                  "Node Type": "Hash Join",
                  "Parent Relationship": "Outer",
                  "Parallel Aware": true,
                  "Join Type": "Inner",
                  "Startup Cost": 47831.59,
                  "Total Cost": 166006.34,
                  "Plan Rows": 430768,
                  "Plan Width": 0,
                  "Actual Startup Time": 207.003,
                  "Actual Total Time": 630.963,
                  "Actual Rows": 264411,
                  "Actual Loops": 6,
                  "Inner Unique": true,
                  "Hash Cond": "(ci.movie_id = t.id)",
                  "Plans": [
                    {
                      "Node Type": "Index Scan",
                      "Parent Relationship": "Outer",
                      "Parallel Aware": true,
                      "Scan Direction": "Forward",
                      "Index Name": "role_id_cast_info",
                      "Relation Name": "cast_info",
                      "Alias": "ci",
                      "Startup Cost": 0.56,
                      "Total Cost": 115902.88,
                      "Plan Rows": 865691,
                      "Plan Width": 4,
                      "Actual Startup Time": 0.265,
                      "Actual Total Time": 172.614,
                      "Actual Rows": 720503,
                      "Actual Loops": 6,
                      "Index Cond": "(role_id = 10)",
                      "Rows Removed by Index Recheck": 0
                    },
                    {
                      "Node Type": "Hash",
                      "Parent Relationship": "Inner",
                      "Parallel Aware": true,
                      "Startup Cost": 43899.32,
                      "Total Cost": 43899.32,
                      "Plan Rows": 314536,
                      "Plan Width": 4,
                      "Actual Startup Time": 201.52,
                      "Actual Total Time": 201.521,
                      "Actual Rows": 210617,
                      "Actual Loops": 6,
                      "Hash Buckets": 2097152,
                      "Original Hash Buckets": 2097152,
                      "Hash Batches": 1,
                      "Original Hash Batches": 1,
                      "Peak Memory Usage": 65888,
                      "Plans": [
                        {
                          "Node Type": "Seq Scan",
                          "Parent Relationship": "Outer",
                          "Parallel Aware": true,
                          "Relation Name": "title",
                          "Alias": "t",
                          "Startup Cost": 0.0,
                          "Total Cost": 43899.32,
                          "Plan Rows": 314536,
                          "Plan Width": 4,
                          "Actual Startup Time": 0.041,
                          "Actual Total Time": 98.226,
                          "Actual Rows": 210617,
                          "Actual Loops": 6,
                          "Filter": "(production_year < 2004)",
                          "Rows Removed by Filter": 210769
                        }
                      ]
                    }
                  ]
                }
              ]
            }
          ]
        }
      ]
    },
    "Planning Time": 0.541,
    "Triggers": [],
    "Execution Time": 699.539
  }
]