[
  {
    "Plan": {
      "Node Type": "Aggregate",
      "Strategy": "Plain",
      "Partial Mode": "Finalize",
      "Parallel Aware": false,
      "Startup Cost": 28902.63,
      "Total Cost": 28902.64,
      "Plan Rows": 1,
      "Plan Width": 8,
      "Actual Startup Time": 54.814,
      "Actual Total Time": 57.559,
      "Actual Rows": 1,
      "Actual Loops": 1,
      "Plans": [
        {
          "Node Type": "Gather",
          "Parent Relationship": "Outer",
          "Parallel Aware": false,
          "Startup Cost": 28902.31,
          "Total Cost": 28902.62,
          "Plan Rows": 3,
          "Plan Width": 8,
          "Actual Startup Time": 54.63,
          "Actual Total Time": 57.552,
          "Actual Rows": 4,
          "Actual Loops": 1,
          "Workers Planned": 3,
          "Workers Launched": 3,
          "Single Copy": false,
          "Plans": [
            {
              "Node Type": "Aggregate",
              "Strategy": "Plain",
              "Partial Mode": "Partial",
              "Parent Relationship": "Outer",
              "Parallel Aware": false,
              "Startup Cost": 27902.31,
              "Total Cost": 27902.32,
              "Plan Rows": 1,
              "Plan Width": 8,
              "Actual Startup Time": 46.6,
              "Actual Total Time": 46.601,
              "Actual Rows": 1,
              "Actual Loops": 4,
              "Plans": [
                {
                  "Node Type": "Bitmap Heap Scan",
                  "Parent Relationship": "Outer",
                  "Parallel Aware": true,
                  "Relation Name": "movie_companies",
                  "Alias": "mc",
                  "Startup Cost": 7448.81,
                  "Total Cost": 27625.06,
                  "Plan Rows": 110900,
                  "Plan Width": 0,
                  "Actual Startup Time": 9.844,
                  "Actual Total Time": 40.503,
                  "Actual Rows": 85521,
                  "Actual Loops": 4,
                  "Recheck Cond": "(company_id > 89075)",
                  "Rows Removed by Index Recheck": 0,
                  "Exact Heap Blocks": 3048,
                  "Lossy Heap Blocks": 0,
                  "Plans": [
                    {
                      "Node Type": "Bitmap Index Scan",
                      "Parent Relationship": "Outer",
                      "Parallel Aware": false,
                      "Index Name": "company_id_movie_companies",
                      "Startup Cost": 0.0,
                      "Total Cost": 7362.86,
                      "Plan Rows": 343791,
                      "Plan Width": 0,
                      "Actual Startup Time": 16.683,
                      "Actual Total Time": 16.684,
                      "Actual Rows": 342084,
                      "Actual Loops": 1,
                      "Index Cond": "(company_id > 89075)"
                    }
                  ]
                }
              ]
            }
          ]
        }
      ]
    },
    "Planning Time": 0.175,
    "Triggers": [],
    "Execution Time": 57.627
  }
]