{
  "Plan": {
    "Node Type": "Aggregate",
    "Strategy": "Plain",
    "Partial Mode": "Finalize",
    "Parallel Aware": false,
    "Startup Cost": 300640.86,
    "Total Cost": 300640.87,
    "Plan Rows": 1,
    "Plan Width": 8,
    "Actual Startup Time": 452.907,
    "Actual Total Time": 471.624,
    "Actual Rows": 1,
    "Actual Loops": 1,
    "Plans": [
      {
        "Node Type": "Gather",
        "Parent Relationship": "Outer",
        "Parallel Aware": false,
        "Startup Cost": 300640.74,
        "Total Cost": 300640.85,
        "Plan Rows": 1,
        "Plan Width": 8,
        "Actual Startup Time": 452.285,
        "Actual Total Time": 471.618,
        "Actual Rows": 2,
        "Actual Loops": 1,
        "Workers Planned": 1,
        "Workers Launched": 1,
        "Single Copy": false,
        "Plans": [
          {
            "Node Type": "Aggregate",
            "Strategy": "Plain",
            "Partial Mode": "Partial",
            "Parent Relationship": "Outer",
            "Parallel Aware": false,
            "Startup Cost": 299640.74,
            "Total Cost": 299640.75,
            "Plan Rows": 1,
            "Plan Width": 8,
            "Actual Startup Time": 448.025,
            "Actual Total Time": 448.029,
            "Actual Rows": 1,
            "Actual Loops": 2,
            "Plans": [
              {
                "Node Type": "Nested Loop",
                "Parent Relationship": "Outer",
                "Parallel Aware": false,
                "Join Type": "Inner",
                "Startup Cost": 82064.21,
                "Total Cost": 299536.15,
                "Plan Rows": 41838,
                "Plan Width": 0,
                "Actual Startup Time": 220.684,
                "Actual Total Time": 447.295,
                "Actual Rows": 8538,
                "Actual Loops": 2,
                "Inner Unique": false,
                "Join Filter": "(t.id = mi.movie_id)",
                "Rows Removed by Join Filter": 0,
                "Plans": [
                  {
                    "Node Type": "Hash Join",
                    "Parent Relationship": "Outer",
                    "Parallel Aware": true,
                    "Join Type": "Inner",
                    "Startup Cost": 82063.77,
                    "Total Cost": 115363.8,
                    "Plan Rows": 83915,
                    "Plan Width": 8,
                    "Actual Startup Time": 219.736,
                    "Actual Total Time": 372.71,
                    "Actual Rows": 11980,
                    "Actual Loops": 2,
                    "Inner Unique": true,
                    "Hash Cond": "(mk.movie_id = t.id)",
                    "Plans": [
                      {
                        "Node Type": "Bitmap Heap Scan",
                        "Parent Relationship": "Outer",
                        "Parallel Aware": true,
                        "Relation Name": "movie_keyword",
                        "Alias": "mk",
                        "Startup Cost": 21089.98,
                        "Total Cost": 52854.74,
                        "Plan Rows": 584861,
                        "Plan Width": 4,
                        "Actual Startup Time": 54.693,
                        "Actual Total Time": 142.464,
                        "Actual Rows": 498584,
                        "Actual Loops": 2,
                        "Recheck Cond": "(keyword_id < 947)",
                        "Rows Removed by Index Recheck": 0,
                        "Exact Heap Blocks": 13498,
                        "Lossy Heap Blocks": 0,
                        "Plans": [
                          {
                            "Node Type": "Bitmap Index Scan",
                            "Parent Relationship": "Outer",
                            "Parallel Aware": false,
                            "Index Name": "keyword_id_movie_keyword",
                            "Startup Cost": 0.0,
                            "Total Cost": 20841.41,
                            "Plan Rows": 994264,
                            "Plan Width": 0,
                            "Actual Startup Time": 50.889,
                            "Actual Total Time": 50.889,
                            "Actual Rows": 997167,
                            "Actual Loops": 1,
                            "Index Cond": "(keyword_id < 947)"
                          }
                        ]
                      },
                      {
                        "Node Type": "Hash",
                        "Parent Relationship": "Inner",
                        "Parallel Aware": true,
                        "Startup Cost": 58306.47,
                        "Total Cost": 58306.47,
                        "Plan Rows": 213386,
                        "Plan Width": 4,
                        "Actual Startup Time": 161.576,
                        "Actual Total Time": 161.576,
                        "Actual Rows": 126883,
                        "Actual Loops": 2,
                        "Hash Buckets": 524288,
                        "Original Hash Buckets": 524288,
                        "Hash Batches": 1,
                        "Original Hash Batches": 1,
                        "Peak Memory Usage": 14048,
                        "Plans": [
                          {
                            "Node Type": "Seq Scan",
                            "Parent Relationship": "Outer",
                            "Parallel Aware": true,
                            "Relation Name": "title",
                            "Alias": "t",
                            "Startup Cost": 0.0,
                            "Total Cost": 58306.47,
                            "Plan Rows": 213386,
                            "Plan Width": 4,
                            "Actual Startup Time": 0.023,
                            "Actual Total Time": 131.94,
                            "Actual Rows": 126883,
                            "Actual Loops": 2,
                            "Filter": "((production_year < 1986) AND (kind_id = 7))",
                            "Rows Removed by Filter": 1137273
                          }
                        ]
                      }
                    ]
                  },
                  {
                    "Node Type": "Index Scan",
                    "Parent Relationship": "Inner",
                    "Parallel Aware": false,
                    "Scan Direction": "Forward",
                    "Index Name": "movie_id_movie_info",
                    "Relation Name": "movie_info",
                    "Alias": "mi",
                    "Startup Cost": 0.43,
                    "Total Cost": 2.14,
                    "Plan Rows": 4,
                    "Plan Width": 4,
                    "Actual Startup Time": 0.005,
                    "Actual Total Time": 0.006,
                    "Actual Rows": 1,
                    "Actual Loops": 23959,
                    "Index Cond": "(movie_id = mk.movie_id)",
                    "Rows Removed by Index Recheck": 0,
                    "Filter": "(info_type_id = 2)",
                    "Rows Removed by Filter": 9
                  }
                ]
              }
            ]
          }
        ]
      }
    ]
  },
  "Planning Time": 0.462,
  "Triggers": [],
  "Execution Time": 471.687
}