[
  {
    "Plan": {
      "Node Type": "Aggregate",
      "Strategy": "Plain",
      "Partial Mode": "Finalize",
      "Parallel Aware": false,
      "Startup Cost": 138187.24,
      "Total Cost": 138187.25,
      "Plan Rows": 1,
      "Plan Width": 8,
      "Actual Startup Time": 1060.523,
      "Actual Total Time": 1080.435,
      "Actual Rows": 1,
      "Actual Loops": 1,
      "Plans": [
        {
          "Node Type": "Gather",
          "Parent Relationship": "Outer",
          "Parallel Aware": false,
          "Startup Cost": 138186.92,
          "Total Cost": 138187.23,
          "Plan Rows": 3,
          "Plan Width": 8,
          "Actual Startup Time": 1050.864,
          "Actual Total Time": 1080.427,
          "Actual Rows": 4,
          "Actual Loops": 1,
          "Workers Planned": 3,
          "Workers Launched": 3,
          "Single Copy": false,
          "Plans": [
            {
              "Node Type": "Aggregate",
              "Strategy": "Plain",
              "Partial Mode": "Partial",
              "Parent Relationship": "Outer",
              "Parallel Aware": false,
              "Startup Cost": 137186.92,
              "Total Cost": 137186.93,
              "Plan Rows": 1,
              "Plan Width": 8,
              "Actual Startup Time": 1037.561,
              "Actual Total Time": 1037.569,
              "Actual Rows": 1,
              "Actual Loops": 4,
              "Plans": [
                {
                  "Node Type": "Hash Join",
                  "Parent Relationship": "Outer",
                  "Parallel Aware": true,
                  "Join Type": "Inner",
                  "Startup Cost": 86289.69,
                  "Total Cost": 135614.05,
                  "Plan Rows": 629147,
                  "Plan Width": 0,
                  "Actual Startup Time": 621.863,
                  "Actual Total Time": 964.422,
                  "Actual Rows": 1897195,
                  "Actual Loops": 4,
                  "Inner Unique": false,
                  "Hash Cond": "(mk.movie_id = t.id)",
                  "Plans": [
                    {
                      "Node Type": "Seq Scan",
                      "Parent Relationship": "Outer",
                      "Parallel Aware": true,
                      "Relation Name": "movie_keyword",
                      "Alias": "mk",
                      "Startup Cost": 0.0,
                      "Total Cost": 42695.65,
                      "Plan Rows": 1348225,
                      "Plan Width": 4,
                      "Actual Startup Time": 0.086,
                      "Actual Total Time": 111.9,
                      "Actual Rows": 1040161,
                      "Actual Loops": 4,
                      "Filter": "(keyword_id > 333)",
                      "Rows Removed by Filter": 90821
                    },
                    {
                      "Node Type": "Hash",
                      "Parent Relationship": "Inner",
                      "Parallel Aware": true,
                      "Startup Cost": 82602.74,
                      "Total Cost": 82602.74,
                      "Plan Rows": 294956,
                      "Plan Width": 8,
                      "Actual Startup Time": 613.962,
                      "Actual Total Time": 613.969,
                      "Actual Rows": 317602,
                      "Actual Loops": 4,
                      "Hash Buckets": 2097152,
                      "Original Hash Buckets": 2097152,
                      "Hash Batches": 1,
                      "Original Hash Batches": 1,
                      "Peak Memory Usage": 66144,
                      "Plans": [
                        {
                          "Node Type": "Hash Join",
                          "Parent Relationship": "Outer",
                          "Parallel Aware": true,
                          "Join Type": "Inner",
                          "Startup Cost": 36172.17,
                          "Total Cost": 82602.74,
                          "Plan Rows": 294956,
                          "Plan Width": 8,
                          "Actual Startup Time": 194.605,
                          "Actual Total Time": 505.012,
                          "Actual Rows": 317602,
                          "Actual Loops": 4,
                          "Inner Unique": false,
                          "Hash Cond": "(t.id = mc.movie_id)",
                          "Plans": [
                            {
                              "Node Type": "Seq Scan",
                              "Parent Relationship": "Outer",
                              "Parallel Aware": true,
                              "Relation Name": "title",
                              "Alias": "t",
                              "Startup Cost": 0.0,
                              "Total Cost": 42318.73,
                              "Plan Rows": 632073,
                              "Plan Width": 4,
                              "Actual Startup Time": 0.015,
                              "Actual Total Time": 76.662,
                              "Actual Rows": 632078,
                              "Actual Loops": 4
                            },
                            {
                              "Node Type": "Hash",
                              "Parent Relationship": "Inner",
                              "Parallel Aware": true,
                              "Startup Cost": 31414.82,
                              "Total Cost": 31414.82,
                              "Plan Rows": 380588,
                              "Plan Width": 4,
                              "Actual Startup Time": 191.04,
                              "Actual Total Time": 191.041,
                              "Actual Rows": 317602,
                              "Actual Loops": 4,
                              "Hash Buckets": 2097152,
                              "Original Hash Buckets": 2097152,
                              "Hash Batches": 1,
                              "Original Hash Batches": 1,
                              "Peak Memory Usage": 66144,
                              "Plans": [
                                {
                                  "Node Type": "Seq Scan",
                                  "Parent Relationship": "Outer",
                                  "Parallel Aware": true,
                                  "Relation Name": "movie_companies",
                                  "Alias": "mc",
                                  "Startup Cost": 0.0,
                                  "Total Cost": 31414.82,
                                  "Plan Rows": 380588,
                                  "Plan Width": 4,
                                  "Actual Startup Time": 48.754,
                                  "Actual Total Time": 92.244,
                                  "Actual Rows": 317602,
                                  "Actual Loops": 4,
                                  "Filter": "((company_id > 154) AND (company_type_id = 2))",
                                  "Rows Removed by Filter": 334680
                                }
                              ]
                            }
                          ]
                        }
                      ]
                    }
                  ]
                }
              ]
            }
          ]
        }
      ]
    },
    "Planning Time": 1.4,
    "Triggers": [],
    "Execution Time": 1080.514
  }
]