{
  "Plan": {
    "Node Type": "Aggregate",
    "Strategy": "Plain",
    "Partial Mode": "Finalize",
    "Parallel Aware": false,
    "Startup Cost": 723565.43,
    "Total Cost": 723565.44,
    "Plan Rows": 1,
    "Plan Width": 8,
    "Actual Startup Time": 7173.808,
    "Actual Total Time": 7229.291,
    "Actual Rows": 1,
    "Actual Loops": 1,
    "Plans": [
      {
        "Node Type": "Gather",
        "Parent Relationship": "Outer",
        "Parallel Aware": false,
        "Startup Cost": 723565.32,
        "Total Cost": 723565.43,
        "Plan Rows": 1,
        "Plan Width": 8,
        "Actual Startup Time": 7167.978,
        "Actual Total Time": 7229.28,
        "Actual Rows": 2,
        "Actual Loops": 1,
        "Workers Planned": 1,
        "Workers Launched": 1,
        "Single Copy": false,
        "Plans": [
          {
            "Node Type": "Aggregate",
            "Strategy": "Plain",
            "Partial Mode": "Partial",
            "Parent Relationship": "Outer",
            "Parallel Aware": false,
            "Startup Cost": 722565.32,
            "Total Cost": 722565.33,
            "Plan Rows": 1,
            "Plan Width": 8,
            "Actual Startup Time": 7161.29,
            "Actual Total Time": 7162.793,
            "Actual Rows": 1,
            "Actual Loops": 2,
            "Plans": [
              {
                "Node Type": "Hash Join",
                "Parent Relationship": "Outer",
                "Parallel Aware": true,
                "Join Type": "Inner",
                "Startup Cost": 97791.8,
                "Total Cost": 705239.67,
                "Plan Rows": 6930261,
                "Plan Width": 0,
                "Actual Startup Time": 1310.241,
                "Actual Total Time": 6642.7,
                "Actual Rows": 11834108,
                "Actual Loops": 2,
                "Inner Unique": false,
                "Hash Cond": "(ci.movie_id = t.id)",
                "Plans": [
                  {
                    "Node Type": "Seq Scan",
                    "Parent Relationship": "Outer",
                    "Parallel Aware": true,
                    "Relation Name": "cast_info",
                    "Alias": "ci",
                    "Startup Cost": 0.0,
                    "Total Cost": 519069.44,
                    "Plan Rows": 12696585,
                    "Plan Width": 4,
                    "Actual Startup Time": 337.454,
                    "Actual Total Time": 1604.459,
                    "Actual Rows": 10800068,
                    "Actual Loops": 2,
                    "Filter": "(person_id > 1443360)",
                    "Rows Removed by Filter": 7322104
                  },
                  {
                    "Node Type": "Hash",
                    "Parent Relationship": "Inner",
                    "Parallel Aware": true,
                    "Startup Cost": 87644.49,
                    "Total Cost": 87644.49,
                    "Plan Rows": 811785,
                    "Plan Width": 8,
                    "Actual Startup Time": 958.515,
                    "Actual Total Time": 960.016,
                    "Actual Rows": 690018,
                    "Actual Loops": 2,
                    "Hash Buckets": 2097152,
                    "Original Hash Buckets": 2097152,
                    "Hash Batches": 1,
                    "Original Hash Batches": 1,
                    "Peak Memory Usage": 70400,
                    "Plans": [
                      {
                        "Node Type": "Hash Join",
                        "Parent Relationship": "Outer",
                        "Parallel Aware": true,
                        "Join Type": "Inner",
                        "Startup Cost": 69460.7,
                        "Total Cost": 87644.49,
                        "Plan Rows": 811785,
                        "Plan Width": 8,
                        "Actual Startup Time": 570.768,
                        "Actual Total Time": 811.769,
                        "Actual Rows": 690018,
                        "Actual Loops": 2,
                        "Inner Unique": true,
                        "Hash Cond": "(mi_idx.movie_id = t.id)",
                        "Plans": [
                          {
                            "Node Type": "Seq Scan",
                            "Parent Relationship": "Outer",
                            "Parallel Aware": true,
                            "Relation Name": "movie_info_idx",
                            "Alias": "mi_idx",
                            "Startup Cost": 0.0,
                            "Total Cost": 16052.85,
                            "Plan Rows": 811785,
                            "Plan Width": 4,
                            "Actual Startup Time": 0.02,
                            "Actual Total Time": 52.559,
                            "Actual Rows": 690018,
                            "Actual Loops": 2
                          },
                          {
                            "Node Type": "Hash",
                            "Parent Relationship": "Inner",
                            "Parallel Aware": true,
                            "Startup Cost": 50870.31,
                            "Total Cost": 50870.31,
                            "Plan Rows": 1487231,
                            "Plan Width": 4,
                            "Actual Startup Time": 557.7,
                            "Actual Total Time": 557.701,
                            "Actual Rows": 1264156,
                            "Actual Loops": 2,
                            "Hash Buckets": 4194304,
                            "Original Hash Buckets": 4194304,
                            "Hash Batches": 1,
                            "Original Hash Batches": 1,
                            "Peak Memory Usage": 131680,
                            "Plans": [
                              {
                                "Node Type": "Seq Scan",
                                "Parent Relationship": "Outer",
                                "Parallel Aware": true,
                                "Relation Name": "title",
                                "Alias": "t",
                                "Startup Cost": 0.0,
                                "Total Cost": 50870.31,
                                "Plan Rows": 1487231,
                                "Plan Width": 4,
                                "Actual Startup Time": 0.023,
                                "Actual Total Time": 157.088,
                                "Actual Rows": 1264156,
                                "Actual Loops": 2
                              }
                            ]
                          }
                        ]
                      }
                    ]
                  }
                ]
              }
            ]
          }
        ]
      }
    ]
  },
  "Planning Time": 1.007,
  "Triggers": [],
  "Execution Time": 7229.376
}