[
  {
    "Plan": {
      "Node Type": "Aggregate",
      "Strategy": "Plain",
      "Partial Mode": "Finalize",
      "Parallel Aware": false,
      "Startup Cost": 31047.24,
      "Total Cost": 31047.25,
      "Plan Rows": 1,
      "Plan Width": 8,
      "Actual Startup Time": 81.426,
      "Actual Total Time": 89.387,
      "Actual Rows": 1,
      "Actual Loops": 1,
      "Plans": [
        {
          "Node Type": "Gather",
          "Parent Relationship": "Outer",
          "Parallel Aware": false,
          "Startup Cost": 31046.93,
          "Total Cost": 31047.24,
          "Plan Rows": 3,
          "Plan Width": 8,
          "Actual Startup Time": 81.337,
          "Actual Total Time": 89.379,
          "Actual Rows": 4,
          "Actual Loops": 1,
          "Workers Planned": 3,
          "Workers Launched": 3,
          "Single Copy": false,
          "Plans": [
            {
              "Node Type": "Aggregate",
              "Strategy": "Plain",
              "Partial Mode": "Partial",
              "Parent Relationship": "Outer",
              "Parallel Aware": false,
              "Startup Cost": 30046.93,
              "Total Cost": 30046.94,
              "Plan Rows": 1,
              "Plan Width": 8,
              "Actual Startup Time": 76.516,
              "Actual Total Time": 76.517,
              "Actual Rows": 1,
              "Actual Loops": 4,
              "Plans": [
                {
                  "Node Type": "Seq Scan",
                  "Parent Relationship": "Outer",
                  "Parallel Aware": true,
                  "Relation Name": "movie_companies",
                  "Alias": "mc",
                  "Startup Cost": 0.0,
                  "Total Cost": 29310.68,
                  "Plan Rows": 294498,
                  "Plan Width": 0,
                  "Actual Startup Time": 0.022,
                  "Actual Total Time": 65.653,
                  "Actual Rows": 227937,
                  "Actual Loops": 4,
                  "Filter": "(company_id < 3070)",
                  "Rows Removed by Filter": 424345
                }
              ]
            }
          ]
        }
      ]
    },
    "Planning Time": 0.078,
    "Triggers": [],
    "Execution Time": 89.411
  }
]