[
  {
    "Plan": {
      "Node Type": "Aggregate",
      "Strategy": "Plain",
      "Partial Mode": "Finalize",
      "Parallel Aware": false,
      "Startup Cost": 30695.82,
      "Total Cost": 30695.83,
      "Plan Rows": 1,
      "Plan Width": 8,
      "Actual Startup Time": 86.597,
      "Actual Total Time": 93.03,
      "Actual Rows": 1,
      "Actual Loops": 1,
      "Plans": [
        {
          "Node Type": "Gather",
          "Parent Relationship": "Outer",
          "Parallel Aware": false,
          "Startup Cost": 30695.5,
          "Total Cost": 30695.81,
          "Plan Rows": 3,
          "Plan Width": 8,
          "Actual Startup Time": 86.508,
          "Actual Total Time": 93.024,
          "Actual Rows": 4,
          "Actual Loops": 1,
          "Workers Planned": 3,
          "Workers Launched": 3,
          "Single Copy": false,
          "Plans": [
            {
              "Node Type": "Aggregate",
              "Strategy": "Plain",
              "Partial Mode": "Partial",
              "Parent Relationship": "Outer",
              "Parallel Aware": false,
              "Startup Cost": 29695.5,
              "Total Cost": 29695.51,
              "Plan Rows": 1,
              "Plan Width": 8,
              "Actual Startup Time": 78.457,
              "Actual Total Time": 78.458,
              "Actual Rows": 1,
              "Actual Loops": 4,
              "Plans": [
                {
                  "Node Type": "Seq Scan",
                  "Parent Relationship": "Outer",
                  "Parallel Aware": true,
                  "Relation Name": "movie_companies",
                  "Alias": "mc",
                  "Startup Cost": 0.0,
                  "Total Cost": 29310.68,
                  "Plan Rows": 153927,
                  "Plan Width": 0,
                  "Actual Startup Time": 44.489,
                  "Actual Total Time": 73.133,
                  "Actual Rows": 119396,
                  "Actual Loops": 4,
                  "Filter": "(company_id > 75507)",
                  "Rows Removed by Filter": 532886
                }
              ]
            }
          ]
        }
      ]
    },
    "Planning Time": 0.096,
    "Triggers": [],
    "Execution Time": 93.062
  }
]