[
  {
    "Plan": {
      "Node Type": "Aggregate",
      "Strategy": "Plain",
      "Partial Mode": "Finalize",
      "Parallel Aware": false,
      "Startup Cost": 32615.13,
      "Total Cost": 32615.14,
      "Plan Rows": 1,
      "Plan Width": 8,
      "Actual Startup Time": 81.774,
      "Actual Total Time": 89.18,
      "Actual Rows": 1,
      "Actual Loops": 1,
      "Plans": [
        {
          "Node Type": "Gather",
          "Parent Relationship": "Outer",
          "Parallel Aware": false,
          "Startup Cost": 32614.81,
          "Total Cost": 32615.12,
          "Plan Rows": 3,
          "Plan Width": 8,
          "Actual Startup Time": 81.622,
          "Actual Total Time": 89.173,
          "Actual Rows": 4,
          "Actual Loops": 1,
          "Workers Planned": 3,
          "Workers Launched": 3,
          "Single Copy": false,
          "Plans": [
            {
              "Node Type": "Aggregate",
              "Strategy": "Plain",
              "Partial Mode": "Partial",
              "Parent Relationship": "Outer",
              "Parallel Aware": false,
              "Startup Cost": 31614.81,
              "Total Cost": 31614.82,
              "Plan Rows": 1,
              "Plan Width": 8,
              "Actual Startup Time": 76.354,
              "Actual Total Time": 76.355,
              "Actual Rows": 1,
              "Actual Loops": 4,
              "Plans": [
                {
                  "Node Type": "Seq Scan",
                  "Parent Relationship": "Outer",
                  "Parallel Aware": true,
                  "Relation Name": "movie_companies",
                  "Alias": "mc",
                  "Startup Cost": 0.0,
                  "Total Cost": 31414.82,
                  "Plan Rows": 79996,
                  "Plan Width": 0,
                  "Actual Startup Time": 38.499,
                  "Actual Total Time": 70.637,
                  "Actual Rows": 120796,
                  "Actual Loops": 4,
                  "Filter": "((company_id > 75058) AND (company_type_id = 2))",
                  "Rows Removed by Filter": 531486
                }
              ]
            }
          ]
        }
      ]
    },
    "Planning Time": 0.214,
    "Triggers": [],
    "Execution Time": 89.236
  }
]