[
  {
    "Plan": {
      "Node Type": "Aggregate",
      "Strategy": "Plain",
      "Partial Mode": "Finalize",
      "Parallel Aware": false,
      "Startup Cost": 125790.82,
      "Total Cost": 125790.83,
      "Plan Rows": 1,
      "Plan Width": 8,
      "Actual Startup Time": 844.896,
      "Actual Total Time": 863.7,
      "Actual Rows": 1,
      "Actual Loops": 1,
      "Plans": [
        {
          "Node Type": "Gather",
          "Parent Relationship": "Outer",
          "Parallel Aware": false,
          "Startup Cost": 125790.51,
          "Total Cost": 125790.82,
          "Plan Rows": 3,
          "Plan Width": 8,
          "Actual Startup Time": 834.092,
          "Actual Total Time": 863.689,
          "Actual Rows": 4,
          "Actual Loops": 1,
          "Workers Planned": 3,
          "Workers Launched": 3,
          "Single Copy": false,
          "Plans": [
            {
              "Node Type": "Aggregate",
              "Strategy": "Plain",
              "Partial Mode": "Partial",
              "Parent Relationship": "Outer",
              "Parallel Aware": false,
              "Startup Cost": 124790.51,
              "Total Cost": 124790.52,
              "Plan Rows": 1,
              "Plan Width": 8,
              "Actual Startup Time": 827.43,
              "Actual Total Time": 827.687,
              "Actual Rows": 1,
              "Actual Loops": 4,
              "Plans": [
                {
                  "Node Type": "Hash Join",
                  "Parent Relationship": "Outer",
                  "Parallel Aware": true,
                  "Join Type": "Inner",
                  "Startup Cost": 93747.98,
                  "Total Cost": 124493.71,
                  "Plan Rows": 118720,
                  "Plan Width": 0,
                  "Actual Startup Time": 447.122,
                  "Actual Total Time": 742.009,
                  "Actual Rows": 2166415,
                  "Actual Loops": 4,
                  "Inner Unique": false,
                  "Hash Cond": "(mc.movie_id = t.id)",
                  "Plans": [
                    {
                      "Node Type": "Seq Scan",
                      "Parent Relationship": "Outer",
                      "Parallel Aware": true,
                      "Relation Name": "movie_companies",
                      "Alias": "mc",
                      "Startup Cost": 0.0,
                      "Total Cost": 27206.55,
                      "Plan Rows": 841655,
                      "Plan Width": 4,
                      "Actual Startup Time": 0.02,
                      "Actual Total Time": 54.183,
                      "Actual Rows": 652282,
                      "Actual Loops": 4
                    },
                    {
                      "Node Type": "Hash",
                      "Parent Relationship": "Inner",
                      "Parallel Aware": true,
                      "Startup Cost": 92309.9,
                      "Total Cost": 92309.9,
                      "Plan Rows": 115047,
                      "Plan Width": 8,
                      "Actual Startup Time": 445.173,
                      "Actual Total Time": 445.428,
                      "Actual Rows": 296137,
                      "Actual Loops": 4,
                      "Hash Buckets": 2097152,
                      "Original Hash Buckets": 524288,
                      "Hash Batches": 1,
                      "Original Hash Batches": 1,
                      "Peak Memory Usage": 75104,
                      "Plans": [
                        {
                          "Node Type": "Hash Join",
                          "Parent Relationship": "Outer",
                          "Parallel Aware": true,
                          "Join Type": "Inner",
                          "Startup Cost": 46173.0,
                          "Total Cost": 92309.9,
                          "Plan Rows": 115047,
                          "Plan Width": 8,
                          "Actual Startup Time": 126.093,
                          "Actual Total Time": 342.606,
                          "Actual Rows": 296137,
                          "Actual Loops": 4,
                          "Inner Unique": true,
                          "Hash Cond": "(mk.movie_id = t.id)",
                          "Plans": [
                            {
                              "Node Type": "Seq Scan",
                              "Parent Relationship": "Outer",
                              "Parallel Aware": true,
                              "Relation Name": "movie_keyword",
                              "Alias": "mk",
                              "Startup Cost": 0.0,
                              "Total Cost": 42695.65,
                              "Plan Rows": 1310946,
                              "Plan Width": 4,
                              "Actual Startup Time": 0.029,
                              "Actual Total Time": 112.463,
                              "Actual Rows": 1017125,
                              "Actual Loops": 4,
                              "Filter": "(keyword_id < 38918)",
                              "Rows Removed by Filter": 113858
                            },
                            {
                              "Node Type": "Hash",
                              "Parent Relationship": "Inner",
                              "Parallel Aware": true,
                              "Startup Cost": 45479.59,
                              "Total Cost": 45479.59,
                              "Plan Rows": 55473,
                              "Plan Width": 4,
                              "Actual Startup Time": 125.514,
                              "Actual Total Time": 125.516,
                              "Actual Rows": 85467,
                              "Actual Loops": 4,
                              "Hash Buckets": 524288,
                              "Original Hash Buckets": 262144,
                              "Hash Batches": 1,
                              "Original Hash Batches": 1,
                              "Peak Memory Usage": 19552,
                              "Plans": [
                                {
                                  "Node Type": "Seq Scan",
                                  "Parent Relationship": "Outer",
                                  "Parallel Aware": true,
                                  "Relation Name": "title",
                                  "Alias": "t",
                                  "Startup Cost": 0.0,
                                  "Total Cost": 45479.59,
                                  "Plan Rows": 55473,
                                  "Plan Width": 4,
                                  "Actual Startup Time": 0.059,
                                  "Actual Total Time": 91.874,
                                  "Actual Rows": 85467,
                                  "Actual Loops": 4,
                                  "Filter": "((kind_id < 7) AND (production_year < 1985))",
                                  "Rows Removed by Filter": 546611
                                }
                              ]
                            }
                          ]
                        }
                      ]
                    }
                  ]
                }
              ]
            }
          ]
        }
      ]
    },
    "Planning Time": 0.451,
    "Triggers": [],
    "Execution Time": 863.75
  }
]