[
  {
    "Plan": {
      "Node Type": "Aggregate",
      "Strategy": "Plain",
      "Partial Mode": "Finalize",
      "Parallel Aware": false,
      "Startup Cost": 46414.67,
      "Total Cost": 46414.68,
      "Plan Rows": 1,
      "Plan Width": 8,
      "Actual Startup Time": 179.447,
      "Actual Total Time": 190.187,
      "Actual Rows": 1,
      "Actual Loops": 1,
      "Plans": [
        {
          "Node Type": "Gather",
          "Parent Relationship": "Outer",
          "Parallel Aware": false,
          "Startup Cost": 46414.35,
          "Total Cost": 46414.66,
          "Plan Rows": 3,
          "Plan Width": 8,
          "Actual Startup Time": 179.308,
          "Actual Total Time": 190.178,
          "Actual Rows": 4,
          "Actual Loops": 1,
          "Workers Planned": 3,
          "Workers Launched": 3,
          "Single Copy": false,
          "Plans": [
            {
              "Node Type": "Aggregate",
              "Strategy": "Plain",
              "Partial Mode": "Partial",
              "Parent Relationship": "Outer",
              "Parallel Aware": false,
              "Startup Cost": 45414.35,
              "Total Cost": 45414.36,
              "Plan Rows": 1,
              "Plan Width": 8,
              "Actual Startup Time": 173.565,
              "Actual Total Time": 173.567,
              "Actual Rows": 1,
              "Actual Loops": 4,
              "Plans": [
                {
                  "Node Type": "Seq Scan",
                  "Parent Relationship": "Outer",
                  "Parallel Aware": true,
                  "Relation Name": "movie_keyword",
                  "Alias": "mk",
                  "Startup Cost": 0.0,
                  "Total Cost": 42695.65,
                  "Plan Rows": 1087480,
                  "Plan Width": 0,
                  "Actual Startup Time": 0.048,
                  "Actual Total Time": 131.842,
                  "Actual Rows": 840698,
                  "Actual Loops": 4,
                  "Filter": "(keyword_id < 16131)",
                  "Rows Removed by Filter": 290284
                }
              ]
            }
          ]
        }
      ]
    },
    "Planning Time": 0.179,
    "Triggers": [],
    "Execution Time": 190.249
  }
]