[
    {
        "Bao": {
            "Bao prediction": "NaN",
            "Bao recommended hint": "(no hint)"
        }
    },
    {
        "Plan": {
            "Node Type": "Aggregate",
            "Strategy": "Plain",
            "Partial Mode": "Finalize",
            "Parallel Aware": false,
            "Startup Cost": 247711.25,
            "Total Cost": 247711.26,
            "Plan Rows": 1,
            "Plan Width": 8,
            "Actual Startup Time": 765.677,
            "Actual Total Time": 789.844,
            "Actual Rows": 1,
            "Actual Loops": 1,
            "Output": [
                "count(*)"
            ],
            "Plans": [
                {
                    "Node Type": "Gather",
                    "Parent Relationship": "Outer",
                    "Parallel Aware": false,
                    "Startup Cost": 247710.73,
                    "Total Cost": 247711.24,
                    "Plan Rows": 5,
                    "Plan Width": 8,
                    "Actual Startup Time": 764.005,
                    "Actual Total Time": 789.834,
                    "Actual Rows": 6,
                    "Actual Loops": 1,
                    "Output": [
                        "(PARTIAL count(*))"
                    ],
                    "Workers Planned": 5,
                    "Workers Launched": 5,
                    "Single Copy": false,
                    "Plans": [
                        {
                            "Node Type": "Aggregate",
                            "Strategy": "Plain",
                            "Partial Mode": "Partial",
                            "Parent Relationship": "Outer",
                            "Parallel Aware": false,
                            "Startup Cost": 246710.73,
                            "Total Cost": 246710.74,
                            "Plan Rows": 1,
                            "Plan Width": 8,
                            "Actual Startup Time": 753.815,
                            "Actual Total Time": 753.817,
                            "Actual Rows": 1,
                            "Actual Loops": 6,
                            "Output": [
                                "PARTIAL count(*)"
                            ],
                            "Workers": [
                                {
                                    "Worker Number": 0,
                                    "Actual Startup Time": 751.302,
                                    "Actual Total Time": 751.305,
                                    "Actual Rows": 1,
                                    "Actual Loops": 1
                                },
                                {
                                    "Worker Number": 1,
                                    "Actual Startup Time": 751.323,
                                    "Actual Total Time": 751.325,
                                    "Actual Rows": 1,
                                    "Actual Loops": 1
                                },
                                {
                                    "Worker Number": 2,
                                    "Actual Startup Time": 751.69,
                                    "Actual Total Time": 751.692,
                                    "Actual Rows": 1,
                                    "Actual Loops": 1
                                },
                                {
                                    "Worker Number": 3,
                                    "Actual Startup Time": 752.472,
                                    "Actual Total Time": 752.475,
                                    "Actual Rows": 1,
                                    "Actual Loops": 1
                                },
                                {
                                    "Worker Number": 4,
                                    "Actual Startup Time": 752.971,
                                    "Actual Total Time": 752.974,
                                    "Actual Rows": 1,
                                    "Actual Loops": 1
                                }
                            ],
                            "Plans": [
                                {
                                    "Node Type": "Hash Join",
                                    "Parent Relationship": "Outer",
                                    "Parallel Aware": true,
                                    "Join Type": "Inner",
                                    "Startup Cost": 46504.11,
                                    "Total Cost": 245753.73,
                                    "Plan Rows": 382797,
                                    "Plan Width": 0,
                                    "Actual Startup Time": 99.593,
                                    "Actual Total Time": 745.112,
                                    "Actual Rows": 161058,
                                    "Actual Loops": 6,
                                    "Inner Unique": true,
                                    "Hash Cond": "(mi.movie_id = t.id)",
                                    "Workers": [
                                        {
                                            "Worker Number": 0,
                                            "Actual Startup Time": 97.299,
                                            "Actual Total Time": 742.848,
                                            "Actual Rows": 190479,
                                            "Actual Loops": 1
                                        },
                                        {
                                            "Worker Number": 1,
                                            "Actual Startup Time": 97.316,
                                            "Actual Total Time": 742.352,
                                            "Actual Rows": 125284,
                                            "Actual Loops": 1
                                        },
                                        {
                                            "Worker Number": 2,
                                            "Actual Startup Time": 97.425,
                                            "Actual Total Time": 743.59,
                                            "Actual Rows": 183709,
                                            "Actual Loops": 1
                                        },
                                        {
                                            "Worker Number": 3,
                                            "Actual Startup Time": 98.232,
                                            "Actual Total Time": 743.542,
                                            "Actual Rows": 123907,
                                            "Actual Loops": 1
                                        },
                                        {
                                            "Worker Number": 4,
                                            "Actual Startup Time": 98.478,
                                            "Actual Total Time": 743.869,
                                            "Actual Rows": 126324,
                                            "Actual Loops": 1
                                        }
                                    ],
                                    "Plans": [
                                        {
                                            "Node Type": "Seq Scan",
                                            "Parent Relationship": "Outer",
                                            "Parallel Aware": true,
                                            "Relation Name": "movie_info",
                                            "Schema": "public",
                                            "Alias": "mi",
                                            "Startup Cost": 0.0,
                                            "Total Cost": 191503.19,
                                            "Plan Rows": 2951019,
                                            "Plan Width": 4,
                                            "Actual Startup Time": 0.026,
                                            "Actual Total Time": 305.288,
                                            "Actual Rows": 2472620,
                                            "Actual Loops": 6,
                                            "Output": [
                                                "mi.id",
                                                "mi.movie_id",
                                                "mi.info_type_id",
                                                "mi.info",
                                                "mi.note"
                                            ],
                                            "Workers": [
                                                {
                                                    "Worker Number": 0,
                                                    "Actual Startup Time": 0.026,
                                                    "Actual Total Time": 300.495,
                                                    "Actual Rows": 2908123,
                                                    "Actual Loops": 1
                                                },
                                                {
                                                    "Worker Number": 1,
                                                    "Actual Startup Time": 0.036,
                                                    "Actual Total Time": 312.702,
                                                    "Actual Rows": 1883703,
                                                    "Actual Loops": 1
                                                },
                                                {
                                                    "Worker Number": 2,
                                                    "Actual Startup Time": 0.027,
                                                    "Actual Total Time": 313.02,
                                                    "Actual Rows": 2789185,
                                                    "Actual Loops": 1
                                                },
                                                {
                                                    "Worker Number": 3,
                                                    "Actual Startup Time": 0.026,
                                                    "Actual Total Time": 314.302,
                                                    "Actual Rows": 1907001,
                                                    "Actual Loops": 1
                                                },
                                                {
                                                    "Worker Number": 4,
                                                    "Actual Startup Time": 0.032,
                                                    "Actual Total Time": 315.834,
                                                    "Actual Rows": 1902143,
                                                    "Actual Loops": 1
                                                }
                                            ]
                                        },
                                        {
                                            "Node Type": "Hash",
                                            "Parent Relationship": "Inner",
                                            "Parallel Aware": true,
                                            "Startup Cost": 45479.21,
                                            "Total Cost": 45479.21,
                                            "Plan Rows": 81992,
                                            "Plan Width": 4,
                                            "Actual Startup Time": 95.569,
                                            "Actual Total Time": 95.569,
                                            "Actual Rows": 36268,
                                            "Actual Loops": 6,
                                            "Output": [
                                                "t.id"
                                            ],
                                            "Hash Buckets": 524288,
                                            "Original Hash Buckets": 524288,
                                            "Hash Batches": 1,
                                            "Original Hash Batches": 1,
                                            "Peak Memory Usage": 12704,
                                            "Workers": [
                                                {
                                                    "Worker Number": 0,
                                                    "Actual Startup Time": 95.151,
                                                    "Actual Total Time": 95.152,
                                                    "Actual Rows": 37629,
                                                    "Actual Loops": 1
                                                },
                                                {
                                                    "Worker Number": 1,
                                                    "Actual Startup Time": 95.048,
                                                    "Actual Total Time": 95.049,
                                                    "Actual Rows": 27706,
                                                    "Actual Loops": 1
                                                },
                                                {
                                                    "Worker Number": 2,
                                                    "Actual Startup Time": 95.585,
                                                    "Actual Total Time": 95.586,
                                                    "Actual Rows": 36860,
                                                    "Actual Loops": 1
                                                },
                                                {
                                                    "Worker Number": 3,
                                                    "Actual Startup Time": 96.39,
                                                    "Actual Total Time": 96.391,
                                                    "Actual Rows": 28817,
                                                    "Actual Loops": 1
                                                },
                                                {
                                                    "Worker Number": 4,
                                                    "Actual Startup Time": 96.644,
                                                    "Actual Total Time": 96.645,
                                                    "Actual Rows": 28626,
                                                    "Actual Loops": 1
                                                }
                                            ],
                                            "Plans": [
                                                {
                                                    "Node Type": "Seq Scan",
                                                    "Parent Relationship": "Outer",
                                                    "Parallel Aware": true,
                                                    "Relation Name": "title",
                                                    "Schema": "public",
                                                    "Alias": "t",
                                                    "Startup Cost": 0.0,
                                                    "Total Cost": 45479.21,
                                                    "Plan Rows": 81992,
                                                    "Plan Width": 4,
                                                    "Actual Startup Time": 0.048,
                                                    "Actual Total Time": 78.358,
                                                    "Actual Rows": 36268,
                                                    "Actual Loops": 6,
                                                    "Output": [
                                                        "t.id"
                                                    ],
                                                    "Filter": "((t.production_year < 1982) AND (t.kind_id = 7))",
                                                    "Rows Removed by Filter": 385117,
                                                    "Workers": [
                                                        {
                                                            "Worker Number": 0,
                                                            "Actual Startup Time": 0.07,
                                                            "Actual Total Time": 78.953,
                                                            "Actual Rows": 37629,
                                                            "Actual Loops": 1
                                                        },
                                                        {
                                                            "Worker Number": 1,
                                                            "Actual Startup Time": 0.054,
                                                            "Actual Total Time": 79.42,
                                                            "Actual Rows": 27706,
                                                            "Actual Loops": 1
                                                        },
                                                        {
                                                            "Worker Number": 2,
                                                            "Actual Startup Time": 0.04,
                                                            "Actual Total Time": 78.206,
                                                            "Actual Rows": 36860,
                                                            "Actual Loops": 1
                                                        },
                                                        {
                                                            "Worker Number": 3,
                                                            "Actual Startup Time": 0.045,
                                                            "Actual Total Time": 79.874,
                                                            "Actual Rows": 28817,
                                                            "Actual Loops": 1
                                                        },
                                                        {
                                                            "Worker Number": 4,
                                                            "Actual Startup Time": 0.057,
                                                            "Actual Total Time": 79.334,
                                                            "Actual Rows": 28626,
                                                            "Actual Loops": 1
                                                        }
                                                    ]
                                                }
                                            ]
                                        }
                                    ]
                                }
                            ]
                        }
                    ]
                }
            ]
        },
        "Planning Time": 267.476,
        "Triggers": [],
        "Execution Time": 789.955
    }
]