{
  "Plan": {
    "Node Type": "Aggregate",
    "Strategy": "Plain",
    "Partial Mode": "Finalize",
    "Parallel Aware": false,
    "Startup Cost": 445659.65,
    "Total Cost": 445659.66,
    "Plan Rows": 1,
    "Plan Width": 8,
    "Actual Startup Time": 848.464,
    "Actual Total Time": 865.771,
    "Actual Rows": 1,
    "Actual Loops": 1,
    "Plans": [
      {
        "Node Type": "Gather",
        "Parent Relationship": "Outer",
        "Parallel Aware": false,
        "Startup Cost": 445659.53,
        "Total Cost": 445659.64,
        "Plan Rows": 1,
        "Plan Width": 8,
        "Actual Startup Time": 847.133,
        "Actual Total Time": 865.761,
        "Actual Rows": 2,
        "Actual Loops": 1,
        "Workers Planned": 1,
        "Workers Launched": 1,
        "Single Copy": false,
        "Plans": [
          {
            "Node Type": "Aggregate",
            "Strategy": "Plain",
            "Partial Mode": "Partial",
            "Parent Relationship": "Outer",
            "Parallel Aware": false,
            "Startup Cost": 444659.53,
            "Total Cost": 444659.54,
            "Plan Rows": 1,
            "Plan Width": 8,
            "Actual Startup Time": 841.184,
            "Actual Total Time": 841.188,
            "Actual Rows": 1,
            "Actual Loops": 2,
            "Plans": [
              {
                "Node Type": "Hash Join",
                "Parent Relationship": "Outer",
                "Parallel Aware": true,
                "Join Type": "Inner",
                "Startup Cost": 151096.67,
                "Total Cost": 444403.68,
                "Plan Rows": 102340,
                "Plan Width": 0,
                "Actual Startup Time": 292.144,
                "Actual Total Time": 828.202,
                "Actual Rows": 297467,
                "Actual Loops": 2,
                "Inner Unique": true,
                "Hash Cond": "(ci.movie_id = t.id)",
                "Plans": [
                  {
                    "Node Type": "Bitmap Heap Scan",
                    "Parent Relationship": "Outer",
                    "Parallel Aware": true,
                    "Relation Name": "cast_info",
                    "Alias": "ci",
                    "Startup Cost": 95186.9,
                    "Total Cost": 386185.12,
                    "Plan Rows": 879541,
                    "Plan Width": 4,
                    "Actual Startup Time": 142.517,
                    "Actual Total Time": 426.974,
                    "Actual Rows": 1603856,
                    "Actual Loops": 2,
                    "Recheck Cond": "(person_id < 429148)",
                    "Rows Removed by Index Recheck": 0,
                    "Filter": "(role_id = 1)",
                    "Rows Removed by Filter": 617778,
                    "Exact Heap Blocks": 25853,
                    "Lossy Heap Blocks": 0,
                    "Plans": [
                      {
                        "Node Type": "Bitmap Index Scan",
                        "Parent Relationship": "Outer",
                        "Parallel Aware": false,
                        "Index Name": "person_id_cast_info",
                        "Startup Cost": 0.0,
                        "Total Cost": 94813.1,
                        "Plan Rows": 4341938,
                        "Plan Width": 0,
                        "Actual Startup Time": 135.116,
                        "Actual Total Time": 135.116,
                        "Actual Rows": 4443269,
                        "Actual Loops": 1,
                        "Index Cond": "(person_id < 429148)"
                      }
                    ]
                  },
                  {
                    "Node Type": "Hash",
                    "Parent Relationship": "Inner",
                    "Parallel Aware": true,
                    "Startup Cost": 53746.65,
                    "Total Cost": 53746.65,
                    "Plan Rows": 173049,
                    "Plan Width": 4,
                    "Actual Startup Time": 144.07,
                    "Actual Total Time": 144.071,
                    "Actual Rows": 195518,
                    "Actual Loops": 2,
                    "Hash Buckets": 524288,
                    "Original Hash Buckets": 524288,
                    "Hash Batches": 1,
                    "Original Hash Batches": 1,
                    "Peak Memory Usage": 19424,
                    "Plans": [
                      {
                        "Node Type": "Bitmap Heap Scan",
                        "Parent Relationship": "Outer",
                        "Parallel Aware": true,
                        "Relation Name": "title",
                        "Alias": "t",
                        "Startup Cost": 11896.4,
                        "Total Cost": 53746.65,
                        "Plan Rows": 173049,
                        "Plan Width": 4,
                        "Actual Startup Time": 36.171,
                        "Actual Total Time": 103.155,
                        "Actual Rows": 195518,
                        "Actual Loops": 2,
                        "Recheck Cond": "(kind_id = 1)",
                        "Rows Removed by Index Recheck": 0,
                        "Filter": "(production_year < 2002)",
                        "Rows Removed by Filter": 135894,
                        "Exact Heap Blocks": 8118,
                        "Lossy Heap Blocks": 0,
                        "Plans": [
                          {
                            "Node Type": "Bitmap Index Scan",
                            "Parent Relationship": "Outer",
                            "Parallel Aware": false,
                            "Index Name": "kind_id_title",
                            "Startup Cost": 0.0,
                            "Total Cost": 11822.85,
                            "Plan Rows": 663256,
                            "Plan Width": 0,
                            "Actual Startup Time": 34.704,
                            "Actual Total Time": 34.704,
                            "Actual Rows": 662825,
                            "Actual Loops": 1,
                            "Index Cond": "(kind_id = 1)"
                          }
                        ]
                      }
                    ]
                  }
                ]
              }
            ]
          }
        ]
      }
    ]
  },
  "Planning Time": 0.799,
  "Triggers": [],
  "Execution Time": 865.875
}