[
  {
    "Plan": {
      "Node Type": "Aggregate",
      "Strategy": "Plain",
      "Partial Mode": "Finalize",
      "Parallel Aware": false,
      "Startup Cost": 367812.19,
      "Total Cost": 367812.2,
      "Plan Rows": 1,
      "Plan Width": 8,
      "Actual Startup Time": 1118.37,
      "Actual Total Time": 1146.854,
      "Actual Rows": 1,
      "Actual Loops": 1,
      "Plans": [
        {
          "Node Type": "Gather",
          "Parent Relationship": "Outer",
          "Parallel Aware": false,
          "Startup Cost": 367811.56,
          "Total Cost": 367812.17,
          "Plan Rows": 6,
          "Plan Width": 8,
          "Actual Startup Time": 1097.342,
          "Actual Total Time": 1146.842,
          "Actual Rows": 7,
          "Actual Loops": 1,
          "Workers Planned": 6,
          "Workers Launched": 6,
          "Single Copy": false,
          "Plans": [
            {
              "Node Type": "Aggregate",
              "Strategy": "Plain",
              "Partial Mode": "Partial",
              "Parent Relationship": "Outer",
              "Parallel Aware": false,
              "Startup Cost": 366811.56,
              "Total Cost": 366811.57,
              "Plan Rows": 1,
              "Plan Width": 8,
              "Actual Startup Time": 1075.269,
              "Actual Total Time": 1075.731,
              "Actual Rows": 1,
              "Actual Loops": 7,
              "Plans": [
                {
                  "Node Type": "Hash Join",
                  "Parent Relationship": "Outer",
                  "Parallel Aware": true,
                  "Join Type": "Inner",
                  "Startup Cost": 101561.07,
                  "Total Cost": 363237.08,
                  "Plan Rows": 1429793,
                  "Plan Width": 0,
                  "Actual Startup Time": 378.424,
                  "Actual Total Time": 1005.542,
                  "Actual Rows": 1791946,
                  "Actual Loops": 7,
                  "Inner Unique": false,
                  "Hash Cond": "(ci.movie_id = t.id)",
                  "Plans": [
                    {
                      "Node Type": "Index Scan",
                      "Parent Relationship": "Outer",
                      "Parallel Aware": true,
                      "Scan Direction": "Forward",
                      "Index Name": "role_id_cast_info",
                      "Relation Name": "cast_info",
                      "Alias": "ci",
                      "Startup Cost": 0.56,
                      "Total Cost": 251131.25,
                      "Plan Rows": 1582158,
                      "Plan Width": 4,
                      "Actual Startup Time": 0.32,
                      "Actual Total Time": 218.143,
                      "Actual Rows": 1340672,
                      "Actual Loops": 7,
                      "Index Cond": "(role_id > 4)",
                      "Rows Removed by Index Recheck": 0
                    },
                    {
                      "Node Type": "Hash",
                      "Parent Relationship": "Inner",
                      "Parallel Aware": true,
                      "Startup Cost": 92347.54,
                      "Total Cost": 92347.54,
                      "Plan Rows": 737037,
                      "Plan Width": 8,
                      "Actual Startup Time": 371.435,
                      "Actual Total Time": 371.895,
                      "Actual Rows": 177900,
                      "Actual Loops": 7,
                      "Hash Buckets": 4194304,
                      "Original Hash Buckets": 4194304,
                      "Hash Batches": 1,
                      "Original Hash Batches": 1,
                      "Peak Memory Usage": 81600,
                      "Plans": [
                        {
                          "Node Type": "Hash Join",
                          "Parent Relationship": "Outer",
                          "Parallel Aware": true,
                          "Join Type": "Inner",
                          "Startup Cost": 49469.46,
                          "Total Cost": 92347.54,
                          "Plan Rows": 737037,
                          "Plan Width": 8,
                          "Actual Startup Time": 172.372,
                          "Actual Total Time": 308.755,
                          "Actual Rows": 177900,
                          "Actual Loops": 7,
                          "Inner Unique": true,
                          "Hash Cond": "(mk.movie_id = t.id)",
                          "Plans": [
                            {
                              "Node Type": "Seq Scan",
                              "Parent Relationship": "Outer",
                              "Parallel Aware": true,
                              "Relation Name": "movie_keyword",
                              "Alias": "mk",
                              "Startup Cost": 0.0,
                              "Total Cost": 39047.32,
                              "Plan Rows": 1459332,
                              "Plan Width": 4,
                              "Actual Startup Time": 0.03,
                              "Actual Total Time": 55.531,
                              "Actual Rows": 646276,
                              "Actual Loops": 7
                            },
                            {
                              "Node Type": "Hash",
                              "Parent Relationship": "Inner",
                              "Parallel Aware": true,
                              "Startup Cost": 45479.1,
                              "Total Cost": 45479.1,
                              "Plan Rows": 319229,
                              "Plan Width": 4,
                              "Actual Startup Time": 170.402,
                              "Actual Total Time": 170.403,
                              "Actual Rows": 199279,
                              "Actual Loops": 7,
                              "Hash Buckets": 2097152,
                              "Original Hash Buckets": 2097152,
                              "Hash Batches": 1,
                              "Original Hash Batches": 1,
                              "Peak Memory Usage": 71040,
                              "Plans": [
                                {
                                  "Node Type": "Seq Scan",
                                  "Parent Relationship": "Outer",
                                  "Parallel Aware": true,
                                  "Relation Name": "title",
                                  "Alias": "t",
                                  "Startup Cost": 0.0,
                                  "Total Cost": 45479.1,
                                  "Plan Rows": 319229,
                                  "Plan Width": 4,
                                  "Actual Startup Time": 0.049,
                                  "Actual Total Time": 76.779,
                                  "Actual Rows": 199279,
                                  "Actual Loops": 7,
                                  "Filter": "((kind_id > 1) AND (production_year > 1991))",
                                  "Rows Removed by Filter": 161908
                                }
                              ]
                            }
                          ]
                        }
                      ]
                    }
                  ]
                }
              ]
            }
          ]
        }
      ]
    },
    "Planning Time": 1.278,
    "Triggers": [],
    "Execution Time": 1146.949
  }
]