[
  {
    "Plan": {
      "Node Type": "Aggregate",
      "Strategy": "Plain",
      "Partial Mode": "Finalize",
      "Parallel Aware": false,
      "Startup Cost": 46577.73,
      "Total Cost": 46577.74,
      "Plan Rows": 1,
      "Plan Width": 8,
      "Actual Startup Time": 205.424,
      "Actual Total Time": 212.659,
      "Actual Rows": 1,
      "Actual Loops": 1,
      "Plans": [
        {
          "Node Type": "Gather",
          "Parent Relationship": "Outer",
          "Parallel Aware": false,
          "Startup Cost": 46577.42,
          "Total Cost": 46577.73,
          "Plan Rows": 3,
          "Plan Width": 8,
          "Actual Startup Time": 205.292,
          "Actual Total Time": 212.65,
          "Actual Rows": 4,
          "Actual Loops": 1,
          "Workers Planned": 3,
          "Workers Launched": 3,
          "Single Copy": false,
          "Plans": [
            {
              "Node Type": "Aggregate",
              "Strategy": "Plain",
              "Partial Mode": "Partial",
              "Parent Relationship": "Outer",
              "Parallel Aware": false,
              "Startup Cost": 45577.42,
              "Total Cost": 45577.43,
              "Plan Rows": 1,
              "Plan Width": 8,
              "Actual Startup Time": 197.521,
              "Actual Total Time": 197.522,
              "Actual Rows": 1,
              "Actual Loops": 4,
              "Plans": [
                {
                  "Node Type": "Seq Scan",
                  "Parent Relationship": "Outer",
                  "Parallel Aware": true,
                  "Relation Name": "movie_keyword",
                  "Alias": "mk",
                  "Startup Cost": 0.0,
                  "Total Cost": 42695.65,
                  "Plan Rows": 1152705,
                  "Plan Width": 0,
                  "Actual Startup Time": 0.049,
                  "Actual Total Time": 144.927,
                  "Actual Rows": 893735,
                  "Actual Loops": 4,
                  "Filter": "(keyword_id < 20004)",
                  "Rows Removed by Filter": 237247
                }
              ]
            }
          ]
        }
      ]
    },
    "Planning Time": 0.127,
    "Triggers": [],
    "Execution Time": 212.704
  }
]