[
  {
    "Plan": {
      "Node Type": "Aggregate",
      "Strategy": "Plain",
      "Partial Mode": "Finalize",
      "Parallel Aware": false,
      "Startup Cost": 31164.05,
      "Total Cost": 31164.06,
      "Plan Rows": 1,
      "Plan Width": 8,
      "Actual Startup Time": 83.99,
      "Actual Total Time": 91.979,
      "Actual Rows": 1,
      "Actual Loops": 1,
      "Plans": [
        {
          "Node Type": "Gather",
          "Parent Relationship": "Outer",
          "Parallel Aware": false,
          "Startup Cost": 31163.73,
          "Total Cost": 31164.04,
          "Plan Rows": 3,
          "Plan Width": 8,
          "Actual Startup Time": 83.88,
          "Actual Total Time": 91.972,
          "Actual Rows": 4,
          "Actual Loops": 1,
          "Workers Planned": 3,
          "Workers Launched": 3,
          "Single Copy": false,
          "Plans": [
            {
              "Node Type": "Aggregate",
              "Strategy": "Plain",
              "Partial Mode": "Partial",
              "Parent Relationship": "Outer",
              "Parallel Aware": false,
              "Startup Cost": 30163.73,
              "Total Cost": 30163.74,
              "Plan Rows": 1,
              "Plan Width": 8,
              "Actual Startup Time": 80.138,
              "Actual Total Time": 80.139,
              "Actual Rows": 1,
              "Actual Loops": 4,
              "Plans": [
                {
                  "Node Type": "Seq Scan",
                  "Parent Relationship": "Outer",
                  "Parallel Aware": true,
                  "Relation Name": "movie_companies",
                  "Alias": "mc",
                  "Startup Cost": 0.0,
                  "Total Cost": 29310.68,
                  "Plan Rows": 341220,
                  "Plan Width": 0,
                  "Actual Startup Time": 14.763,
                  "Actual Total Time": 69.374,
                  "Actual Rows": 266577,
                  "Actual Loops": 4,
                  "Filter": "(company_id > 14576)",
                  "Rows Removed by Filter": 385705
                }
              ]
            }
          ]
        }
      ]
    },
    "Planning Time": 0.109,
    "Triggers": [],
    "Execution Time": 92.014
  }
]