[
  {
    "Plan": {
      "Node Type": "Aggregate",
      "Strategy": "Plain",
      "Partial Mode": "Finalize",
      "Parallel Aware": false,
      "Startup Cost": 346034.81,
      "Total Cost": 346034.82,
      "Plan Rows": 1,
      "Plan Width": 8,
      "Actual Startup Time": 594.552,
      "Actual Total Time": 649.63,
      "Actual Rows": 1,
      "Actual Loops": 1,
      "Plans": [
        {
          "Node Type": "Gather",
          "Parent Relationship": "Outer",
          "Parallel Aware": false,
          "Startup Cost": 346034.19,
          "Total Cost": 346034.8,
          "Plan Rows": 6,
          "Plan Width": 8,
          "Actual Startup Time": 594.412,
          "Actual Total Time": 649.62,
          "Actual Rows": 7,
          "Actual Loops": 1,
          "Workers Planned": 6,
          "Workers Launched": 6,
          "Single Copy": false,
          "Plans": [
            {
              "Node Type": "Aggregate",
              "Strategy": "Plain",
              "Partial Mode": "Partial",
              "Parent Relationship": "Outer",
              "Parallel Aware": false,
              "Startup Cost": 345034.19,
              "Total Cost": 345034.2,
              "Plan Rows": 1,
              "Plan Width": 8,
              "Actual Startup Time": 584.564,
              "Actual Total Time": 584.565,
              "Actual Rows": 1,
              "Actual Loops": 7,
              "Plans": [
                {
                  "Node Type": "Seq Scan",
                  "Parent Relationship": "Outer",
                  "Parallel Aware": true,
                  "Relation Name": "cast_info",
                  "Alias": "ci",
                  "Startup Cost": 0.0,
                  "Total Cost": 343257.03,
                  "Plan Rows": 710863,
                  "Plan Width": 0,
                  "Actual Startup Time": 405.027,
                  "Actual Total Time": 575.348,
                  "Actual Rows": 220811,
                  "Actual Loops": 7,
                  "Filter": "((person_id > 3140494) AND (role_id < 8))",
                  "Rows Removed by Filter": 4956952
                }
              ]
            }
          ]
        }
      ]
    },
    "Planning Time": 0.218,
    "Triggers": [],
    "Execution Time": 649.703
  }
]