{
  "Plan": {
    "Node Type": "Aggregate",
    "Strategy": "Plain",
    "Partial Mode": "Finalize",
    "Parallel Aware": false,
    "Startup Cost": 78894.4,
    "Total Cost": 78894.41,
    "Plan Rows": 1,
    "Plan Width": 8,
    "Actual Startup Time": 276.264,
    "Actual Total Time": 287.169,
    "Actual Rows": 1,
    "Actual Loops": 1,
    "Plans": [
      {
        "Node Type": "Gather",
        "Parent Relationship": "Outer",
        "Parallel Aware": false,
        "Startup Cost": 78894.29,
        "Total Cost": 78894.4,
        "Plan Rows": 1,
        "Plan Width": 8,
        "Actual Startup Time": 276.147,
        "Actual Total Time": 287.162,
        "Actual Rows": 2,
        "Actual Loops": 1,
        "Workers Planned": 1,
        "Workers Launched": 1,
        "Single Copy": false,
        "Plans": [
          {
            "Node Type": "Aggregate",
            "Strategy": "Plain",
            "Partial Mode": "Partial",
            "Parent Relationship": "Outer",
            "Parallel Aware": false,
            "Startup Cost": 77894.29,
            "Total Cost": 77894.3,
            "Plan Rows": 1,
            "Plan Width": 8,
            "Actual Startup Time": 270.597,
            "Actual Total Time": 270.6,
            "Actual Rows": 1,
            "Actual Loops": 2,
            "Plans": [
              {
                "Node Type": "Hash Join",
                "Parent Relationship": "Outer",
                "Parallel Aware": true,
                "Join Type": "Inner",
                "Startup Cost": 58377.82,
                "Total Cost": 77889.07,
                "Plan Rows": 2089,
                "Plan Width": 0,
                "Actual Startup Time": 166.191,
                "Actual Total Time": 270.34,
                "Actual Rows": 3814,
                "Actual Loops": 2,
                "Inner Unique": true,
                "Hash Cond": "(mi_idx.movie_id = t.id)",
                "Plans": [
                  {
                    "Node Type": "Seq Scan",
                    "Parent Relationship": "Outer",
                    "Parallel Aware": true,
                    "Relation Name": "movie_info_idx",
                    "Alias": "mi_idx",
                    "Startup Cost": 0.0,
                    "Total Cost": 18082.32,
                    "Plan Rows": 544356,
                    "Plan Width": 4,
                    "Actual Startup Time": 0.02,
                    "Actual Total Time": 68.492,
                    "Actual Rows": 460055,
                    "Actual Loops": 2,
                    "Filter": "(info_type_id > 99)",
                    "Rows Removed by Filter": 229962
                  },
                  {
                    "Node Type": "Hash",
                    "Parent Relationship": "Inner",
                    "Parallel Aware": true,
                    "Startup Cost": 58306.47,
                    "Total Cost": 58306.47,
                    "Plan Rows": 5708,
                    "Plan Width": 4,
                    "Actual Startup Time": 164.777,
                    "Actual Total Time": 164.778,
                    "Actual Rows": 4242,
                    "Actual Loops": 2,
                    "Hash Buckets": 16384,
                    "Original Hash Buckets": 16384,
                    "Hash Batches": 1,
                    "Original Hash Batches": 1,
                    "Peak Memory Usage": 480,
                    "Plans": [
                      {
                        "Node Type": "Seq Scan",
                        "Parent Relationship": "Outer",
                        "Parallel Aware": true,
                        "Relation Name": "title",
                        "Alias": "t",
                        "Startup Cost": 0.0,
                        "Total Cost": 58306.47,
                        "Plan Rows": 5708,
                        "Plan Width": 4,
                        "Actual Startup Time": 0.349,
                        "Actual Total Time": 162.779,
                        "Actual Rows": 4242,
                        "Actual Loops": 2,
                        "Filter": "((kind_id < 4) AND (production_year = 1994))",
                        "Rows Removed by Filter": 1259914
                      }
                    ]
                  }
                ]
              }
            ]
          }
        ]
      }
    ]
  },
  "Planning Time": 0.466,
  "Triggers": [],
  "Execution Time": 287.245
}