[
    {
        "Bao": {
            "Bao prediction": "NaN",
            "Bao recommended hint": "(no hint)"
        }
    },
    {
        "Plan": {
            "Node Type": "Aggregate",
            "Strategy": "Plain",
            "Partial Mode": "Finalize",
            "Parallel Aware": false,
            "Startup Cost": 46008.01,
            "Total Cost": 46008.02,
            "Plan Rows": 1,
            "Plan Width": 8,
            "Actual Startup Time": 188.671,
            "Actual Total Time": 194.893,
            "Actual Rows": 1,
            "Actual Loops": 1,
            "Output": [
                "count(*)"
            ],
            "Plans": [
                {
                    "Node Type": "Gather",
                    "Parent Relationship": "Outer",
                    "Parallel Aware": false,
                    "Startup Cost": 46007.7,
                    "Total Cost": 46008.01,
                    "Plan Rows": 3,
                    "Plan Width": 8,
                    "Actual Startup Time": 188.412,
                    "Actual Total Time": 194.885,
                    "Actual Rows": 4,
                    "Actual Loops": 1,
                    "Output": [
                        "(PARTIAL count(*))"
                    ],
                    "Workers Planned": 3,
                    "Workers Launched": 3,
                    "Single Copy": false,
                    "Plans": [
                        {
                            "Node Type": "Aggregate",
                            "Strategy": "Plain",
                            "Partial Mode": "Partial",
                            "Parent Relationship": "Outer",
                            "Parallel Aware": false,
                            "Startup Cost": 45007.7,
                            "Total Cost": 45007.71,
                            "Plan Rows": 1,
                            "Plan Width": 8,
                            "Actual Startup Time": 180.537,
                            "Actual Total Time": 180.538,
                            "Actual Rows": 1,
                            "Actual Loops": 4,
                            "Output": [
                                "PARTIAL count(*)"
                            ],
                            "Workers": [
                                {
                                    "Worker Number": 0,
                                    "Actual Startup Time": 177.785,
                                    "Actual Total Time": 177.786,
                                    "Actual Rows": 1,
                                    "Actual Loops": 1
                                },
                                {
                                    "Worker Number": 1,
                                    "Actual Startup Time": 177.96,
                                    "Actual Total Time": 177.961,
                                    "Actual Rows": 1,
                                    "Actual Loops": 1
                                },
                                {
                                    "Worker Number": 2,
                                    "Actual Startup Time": 178.237,
                                    "Actual Total Time": 178.239,
                                    "Actual Rows": 1,
                                    "Actual Loops": 1
                                }
                            ],
                            "Plans": [
                                {
                                    "Node Type": "Seq Scan",
                                    "Parent Relationship": "Outer",
                                    "Parallel Aware": true,
                                    "Relation Name": "movie_keyword",
                                    "Schema": "public",
                                    "Alias": "mk",
                                    "Startup Cost": 0.0,
                                    "Total Cost": 42695.65,
                                    "Plan Rows": 924817,
                                    "Plan Width": 0,
                                    "Actual Startup Time": 0.049,
                                    "Actual Total Time": 137.874,
                                    "Actual Rows": 722572,
                                    "Actual Loops": 4,
                                    "Output": [
                                        "id",
                                        "movie_id",
                                        "keyword_id"
                                    ],
                                    "Filter": "(mk.keyword_id < 9083)",
                                    "Rows Removed by Filter": 408410,
                                    "Workers": [
                                        {
                                            "Worker Number": 0,
                                            "Actual Startup Time": 0.051,
                                            "Actual Total Time": 136.408,
                                            "Actual Rows": 572297,
                                            "Actual Loops": 1
                                        },
                                        {
                                            "Worker Number": 1,
                                            "Actual Startup Time": 0.067,
                                            "Actual Total Time": 136.565,
                                            "Actual Rows": 573353,
                                            "Actual Loops": 1
                                        },
                                        {
                                            "Worker Number": 2,
                                            "Actual Startup Time": 0.067,
                                            "Actual Total Time": 136.713,
                                            "Actual Rows": 576152,
                                            "Actual Loops": 1
                                        }
                                    ]
                                }
                            ]
                        }
                    ]
                }
            ]
        },
        "Planning Time": 171.612,
        "Triggers": [],
        "Execution Time": 194.931
    }
]