{
  "Plan": {
    "Node Type": "Aggregate",
    "Strategy": "Plain",
    "Partial Mode": "Finalize",
    "Parallel Aware": false,
    "Startup Cost": 102703.49,
    "Total Cost": 102703.5,
    "Plan Rows": 1,
    "Plan Width": 8,
    "Actual Startup Time": 441.582,
    "Actual Total Time": 458.294,
    "Actual Rows": 1,
    "Actual Loops": 1,
    "Plans": [
      {
        "Node Type": "Gather",
        "Parent Relationship": "Outer",
        "Parallel Aware": false,
        "Startup Cost": 102703.37,
        "Total Cost": 102703.48,
        "Plan Rows": 1,
        "Plan Width": 8,
        "Actual Startup Time": 439.574,
        "Actual Total Time": 458.286,
        "Actual Rows": 2,
        "Actual Loops": 1,
        "Workers Planned": 1,
        "Workers Launched": 1,
        "Single Copy": false,
        "Plans": [
          {
            "Node Type": "Aggregate",
            "Strategy": "Plain",
            "Partial Mode": "Partial",
            "Parent Relationship": "Outer",
            "Parallel Aware": false,
            "Startup Cost": 101703.37,
            "Total Cost": 101703.38,
            "Plan Rows": 1,
            "Plan Width": 8,
            "Actual Startup Time": 433.315,
            "Actual Total Time": 433.319,
            "Actual Rows": 1,
            "Actual Loops": 2,
            "Plans": [
              {
                "Node Type": "Hash Join",
                "Parent Relationship": "Outer",
                "Parallel Aware": true,
                "Join Type": "Inner",
                "Startup Cost": 72504.38,
                "Total Cost": 101414.55,
                "Plan Rows": 115531,
                "Plan Width": 0,
                "Actual Startup Time": 301.619,
                "Actual Total Time": 424.275,
                "Actual Rows": 214441,
                "Actual Loops": 2,
                "Inner Unique": true,
                "Hash Cond": "(mk.movie_id = t.id)",
                "Plans": [
                  {
                    "Node Type": "Bitmap Heap Scan",
                    "Parent Relationship": "Outer",
                    "Parallel Aware": true,
                    "Relation Name": "movie_keyword",
                    "Alias": "mk",
                    "Startup Cost": 10626.08,
                    "Total Cost": 38762.86,
                    "Plan Rows": 294622,
                    "Plan Width": 4,
                    "Actual Startup Time": 29.704,
                    "Actual Total Time": 93.573,
                    "Actual Rows": 244170,
                    "Actual Loops": 2,
                    "Recheck Cond": "(keyword_id > 36819)",
                    "Rows Removed by Index Recheck": 0,
                    "Exact Heap Blocks": 13003,
                    "Lossy Heap Blocks": 0,
                    "Plans": [
                      {
                        "Node Type": "Bitmap Index Scan",
                        "Parent Relationship": "Outer",
                        "Parallel Aware": false,
                        "Index Name": "keyword_id_movie_keyword",
                        "Startup Cost": 0.0,
                        "Total Cost": 10500.87,
                        "Plan Rows": 500858,
                        "Plan Width": 0,
                        "Actual Startup Time": 26.218,
                        "Actual Total Time": 26.218,
                        "Actual Rows": 488341,
                        "Actual Loops": 1,
                        "Index Cond": "(keyword_id > 36819)"
                      }
                    ]
                  },
                  {
                    "Node Type": "Hash",
                    "Parent Relationship": "Inner",
                    "Parallel Aware": true,
                    "Startup Cost": 54588.39,
                    "Total Cost": 54588.39,
                    "Plan Rows": 583193,
                    "Plan Width": 4,
                    "Actual Startup Time": 262.604,
                    "Actual Total Time": 262.605,
                    "Actual Rows": 492524,
                    "Actual Loops": 2,
                    "Hash Buckets": 1048576,
                    "Original Hash Buckets": 1048576,
                    "Hash Batches": 1,
                    "Original Hash Batches": 1,
                    "Peak Memory Usage": 46752,
                    "Plans": [
                      {
                        "Node Type": "Seq Scan",
                        "Parent Relationship": "Outer",
                        "Parallel Aware": true,
                        "Relation Name": "title",
                        "Alias": "t",
                        "Startup Cost": 0.0,
                        "Total Cost": 54588.39,
                        "Plan Rows": 583193,
                        "Plan Width": 4,
                        "Actual Startup Time": 0.038,
                        "Actual Total Time": 151.83,
                        "Actual Rows": 492524,
                        "Actual Loops": 2,
                        "Filter": "(kind_id < 7)",
                        "Rows Removed by Filter": 771632
                      }
                    ]
                  }
                ]
              }
            ]
          }
        ]
      }
    ]
  },
  "Planning Time": 0.639,
  "Triggers": [],
  "Execution Time": 458.383
}