[
  {
    "Plan": {
      "Node Type": "Aggregate",
      "Strategy": "Plain",
      "Partial Mode": "Finalize",
      "Parallel Aware": false,
      "Startup Cost": 79882.59,
      "Total Cost": 79882.6,
      "Plan Rows": 1,
      "Plan Width": 8,
      "Actual Startup Time": 469.752,
      "Actual Total Time": 487.942,
      "Actual Rows": 1,
      "Actual Loops": 1,
      "Plans": [
        {
          "Node Type": "Gather",
          "Parent Relationship": "Outer",
          "Parallel Aware": false,
          "Startup Cost": 79882.27,
          "Total Cost": 79882.58,
          "Plan Rows": 3,
          "Plan Width": 8,
          "Actual Startup Time": 457.66,
          "Actual Total Time": 487.933,
          "Actual Rows": 4,
          "Actual Loops": 1,
          "Workers Planned": 3,
          "Workers Launched": 3,
          "Single Copy": false,
          "Plans": [
            {
              "Node Type": "Aggregate",
              "Strategy": "Plain",
              "Partial Mode": "Partial",
              "Parent Relationship": "Outer",
              "Parallel Aware": false,
              "Startup Cost": 78882.27,
              "Total Cost": 78882.28,
              "Plan Rows": 1,
              "Plan Width": 8,
              "Actual Startup Time": 440.064,
              "Actual Total Time": 440.068,
              "Actual Rows": 1,
              "Actual Loops": 4,
              "Plans": [
                {
                  "Node Type": "Hash Join",
                  "Parent Relationship": "Outer",
                  "Parallel Aware": true,
                  "Join Type": "Inner",
                  "Startup Cost": 53539.53,
                  "Total Cost": 78756.21,
                  "Plan Rows": 50425,
                  "Plan Width": 0,
                  "Actual Startup Time": 385.664,
                  "Actual Total Time": 437.739,
                  "Actual Rows": 37908,
                  "Actual Loops": 4,
                  "Inner Unique": true,
                  "Hash Cond": "(mk.movie_id = t.id)",
                  "Plans": [
                    {
                      "Node Type": "Bitmap Heap Scan",
                      "Parent Relationship": "Outer",
                      "Parallel Aware": true,
                      "Relation Name": "movie_keyword",
                      "Alias": "mk",
                      "Startup Cost": 3319.89,
                      "Total Cost": 28404.2,
                      "Plan Rows": 50425,
                      "Plan Width": 4,
                      "Actual Startup Time": 18.934,
                      "Actual Total Time": 54.244,
                      "Actual Rows": 37908,
                      "Actual Loops": 4,
                      "Recheck Cond": "(keyword_id > 73698)",
                      "Rows Removed by Index Recheck": 0,
                      "Exact Heap Blocks": 7629,
                      "Lossy Heap Blocks": 0,
                      "Plans": [
                        {
                          "Node Type": "Bitmap Index Scan",
                          "Parent Relationship": "Outer",
                          "Parallel Aware": false,
                          "Index Name": "keyword_id_movie_keyword",
                          "Startup Cost": 0.0,
                          "Total Cost": 3280.81,
                          "Plan Rows": 156317,
                          "Plan Width": 0,
                          "Actual Startup Time": 14.332,
                          "Actual Total Time": 14.332,
                          "Actual Rows": 151633,
                          "Actual Loops": 1,
                          "Index Cond": "(keyword_id > 73698)"
                        }
                      ]
                    },
                    {
                      "Node Type": "Hash",
                      "Parent Relationship": "Inner",
                      "Parallel Aware": true,
                      "Startup Cost": 42318.73,
                      "Total Cost": 42318.73,
                      "Plan Rows": 632073,
                      "Plan Width": 4,
                      "Actual Startup Time": 355.824,
                      "Actual Total Time": 355.825,
                      "Actual Rows": 632078,
                      "Actual Loops": 4,
                      "Hash Buckets": 4194304,
                      "Original Hash Buckets": 4194304,
                      "Hash Batches": 1,
                      "Original Hash Batches": 1,
                      "Peak Memory Usage": 131744,
                      "Plans": [
                        {
                          "Node Type": "Seq Scan",
                          "Parent Relationship": "Outer",
                          "Parallel Aware": true,
                          "Relation Name": "title",
                          "Alias": "t",
                          "Startup Cost": 0.0,
                          "Total Cost": 42318.73,
                          "Plan Rows": 632073,
                          "Plan Width": 4,
                          "Actual Startup Time": 0.033,
                          "Actual Total Time": 108.627,
                          "Actual Rows": 632078,
                          "Actual Loops": 4
                        }
                      ]
                    }
                  ]
                }
              ]
            }
          ]
        }
      ]
    },
    "Planning Time": 0.629,
    "Triggers": [],
    "Execution Time": 488.03
  }
]