[
    {
        "Bao": {
            "Bao prediction": "NaN",
            "Bao recommended hint": "(no hint)"
        }
    },
    {
        "Plan": {
            "Node Type": "Aggregate",
            "Strategy": "Plain",
            "Partial Mode": "Finalize",
            "Parallel Aware": false,
            "Startup Cost": 33414.53,
            "Total Cost": 33414.54,
            "Plan Rows": 1,
            "Plan Width": 8,
            "Actual Startup Time": 103.513,
            "Actual Total Time": 109.861,
            "Actual Rows": 1,
            "Actual Loops": 1,
            "Output": [
                "count(*)"
            ],
            "Plans": [
                {
                    "Node Type": "Gather",
                    "Parent Relationship": "Outer",
                    "Parallel Aware": false,
                    "Startup Cost": 33414.21,
                    "Total Cost": 33414.52,
                    "Plan Rows": 3,
                    "Plan Width": 8,
                    "Actual Startup Time": 103.427,
                    "Actual Total Time": 109.854,
                    "Actual Rows": 4,
                    "Actual Loops": 1,
                    "Output": [
                        "(PARTIAL count(*))"
                    ],
                    "Workers Planned": 3,
                    "Workers Launched": 3,
                    "Single Copy": false,
                    "Plans": [
                        {
                            "Node Type": "Aggregate",
                            "Strategy": "Plain",
                            "Partial Mode": "Partial",
                            "Parent Relationship": "Outer",
                            "Parallel Aware": false,
                            "Startup Cost": 32414.21,
                            "Total Cost": 32414.22,
                            "Plan Rows": 1,
                            "Plan Width": 8,
                            "Actual Startup Time": 95.331,
                            "Actual Total Time": 95.332,
                            "Actual Rows": 1,
                            "Actual Loops": 4,
                            "Output": [
                                "PARTIAL count(*)"
                            ],
                            "Workers": [
                                {
                                    "Worker Number": 0,
                                    "Actual Startup Time": 92.634,
                                    "Actual Total Time": 92.635,
                                    "Actual Rows": 1,
                                    "Actual Loops": 1
                                },
                                {
                                    "Worker Number": 1,
                                    "Actual Startup Time": 92.705,
                                    "Actual Total Time": 92.706,
                                    "Actual Rows": 1,
                                    "Actual Loops": 1
                                },
                                {
                                    "Worker Number": 2,
                                    "Actual Startup Time": 92.935,
                                    "Actual Total Time": 92.936,
                                    "Actual Rows": 1,
                                    "Actual Loops": 1
                                }
                            ],
                            "Plans": [
                                {
                                    "Node Type": "Seq Scan",
                                    "Parent Relationship": "Outer",
                                    "Parallel Aware": true,
                                    "Relation Name": "movie_companies",
                                    "Schema": "public",
                                    "Alias": "mc",
                                    "Startup Cost": 0.0,
                                    "Total Cost": 31414.82,
                                    "Plan Rows": 399758,
                                    "Plan Width": 0,
                                    "Actual Startup Time": 0.053,
                                    "Actual Total Time": 77.625,
                                    "Actual Rows": 318562,
                                    "Actual Loops": 4,
                                    "Output": [
                                        "id",
                                        "movie_id",
                                        "company_id",
                                        "company_type_id",
                                        "note"
                                    ],
                                    "Filter": "((mc.company_id < 168228) AND (mc.company_type_id < 2))",
                                    "Rows Removed by Filter": 333721,
                                    "Workers": [
                                        {
                                            "Worker Number": 0,
                                            "Actual Startup Time": 0.063,
                                            "Actual Total Time": 76.414,
                                            "Actual Rows": 284176,
                                            "Actual Loops": 1
                                        },
                                        {
                                            "Worker Number": 1,
                                            "Actual Startup Time": 0.065,
                                            "Actual Total Time": 76.42,
                                            "Actual Rows": 283915,
                                            "Actual Loops": 1
                                        },
                                        {
                                            "Worker Number": 2,
                                            "Actual Startup Time": 0.065,
                                            "Actual Total Time": 76.799,
                                            "Actual Rows": 281669,
                                            "Actual Loops": 1
                                        }
                                    ]
                                }
                            ]
                        }
                    ]
                }
            ]
        },
        "Planning Time": 200.301,
        "Triggers": [],
        "Execution Time": 109.925
    }
]