[
  {
    "Plan": {
      "Node Type": "Aggregate",
      "Strategy": "Plain",
      "Partial Mode": "Finalize",
      "Parallel Aware": false,
      "Startup Cost": 32309.79,
      "Total Cost": 32309.8,
      "Plan Rows": 1,
      "Plan Width": 8,
      "Actual Startup Time": 121.833,
      "Actual Total Time": 129.484,
      "Actual Rows": 1,
      "Actual Loops": 1,
      "Plans": [
        {
          "Node Type": "Gather",
          "Parent Relationship": "Outer",
          "Parallel Aware": false,
          "Startup Cost": 32309.47,
          "Total Cost": 32309.78,
          "Plan Rows": 3,
          "Plan Width": 8,
          "Actual Startup Time": 121.66,
          "Actual Total Time": 129.473,
          "Actual Rows": 4,
          "Actual Loops": 1,
          "Workers Planned": 3,
          "Workers Launched": 3,
          "Single Copy": false,
          "Plans": [
            {
              "Node Type": "Aggregate",
              "Strategy": "Plain",
              "Partial Mode": "Partial",
              "Parent Relationship": "Outer",
              "Parallel Aware": false,
              "Startup Cost": 31309.47,
              "Total Cost": 31309.48,
              "Plan Rows": 1,
              "Plan Width": 8,
              "Actual Startup Time": 116.05,
              "Actual Total Time": 116.051,
              "Actual Rows": 1,
              "Actual Loops": 4,
              "Plans": [
                {
                  "Node Type": "Seq Scan",
                  "Parent Relationship": "Outer",
                  "Parallel Aware": true,
                  "Relation Name": "movie_companies",
                  "Alias": "mc",
                  "Startup Cost": 0.0,
                  "Total Cost": 29310.68,
                  "Plan Rows": 799517,
                  "Plan Width": 0,
                  "Actual Startup Time": 0.029,
                  "Actual Total Time": 85.44,
                  "Actual Rows": 620349,
                  "Actual Loops": 4,
                  "Filter": "(company_id < 142389)",
                  "Rows Removed by Filter": 31934
                }
              ]
            }
          ]
        }
      ]
    },
    "Planning Time": 0.195,
    "Triggers": [],
    "Execution Time": 129.542
  }
]