[
  {
    "Plan": {
      "Node Type": "Aggregate",
      "Strategy": "Plain",
      "Partial Mode": "Finalize",
      "Parallel Aware": false,
      "Startup Cost": 46576.48,
      "Total Cost": 46576.49,
      "Plan Rows": 1,
      "Plan Width": 8,
      "Actual Startup Time": 148.699,
      "Actual Total Time": 158.295,
      "Actual Rows": 1,
      "Actual Loops": 1,
      "Plans": [
        {
          "Node Type": "Gather",
          "Parent Relationship": "Outer",
          "Parallel Aware": false,
          "Startup Cost": 46576.16,
          "Total Cost": 46576.47,
          "Plan Rows": 3,
          "Plan Width": 8,
          "Actual Startup Time": 148.582,
          "Actual Total Time": 158.281,
          "Actual Rows": 4,
          "Actual Loops": 1,
          "Workers Planned": 3,
          "Workers Launched": 3,
          "Single Copy": false,
          "Plans": [
            {
              "Node Type": "Aggregate",
              "Strategy": "Plain",
              "Partial Mode": "Partial",
              "Parent Relationship": "Outer",
              "Parallel Aware": false,
              "Startup Cost": 45576.16,
              "Total Cost": 45576.17,
              "Plan Rows": 1,
              "Plan Width": 8,
              "Actual Startup Time": 144.986,
              "Actual Total Time": 144.987,
              "Actual Rows": 1,
              "Actual Loops": 4,
              "Plans": [
                {
                  "Node Type": "Seq Scan",
                  "Parent Relationship": "Outer",
                  "Parallel Aware": true,
                  "Relation Name": "movie_keyword",
                  "Alias": "mk",
                  "Startup Cost": 0.0,
                  "Total Cost": 42695.65,
                  "Plan Rows": 1152204,
                  "Plan Width": 0,
                  "Actual Startup Time": 0.063,
                  "Actual Total Time": 109.143,
                  "Actual Rows": 891360,
                  "Actual Loops": 4,
                  "Filter": "(keyword_id > 896)",
                  "Rows Removed by Filter": 239623
                }
              ]
            }
          ]
        }
      ]
    },
    "Planning Time": 0.093,
    "Triggers": [],
    "Execution Time": 158.326
  }
]