[
  {
    "Plan": {
      "Node Type": "Aggregate",
      "Strategy": "Plain",
      "Partial Mode": "Finalize",
      "Parallel Aware": false,
      "Startup Cost": 422230.45,
      "Total Cost": 422230.46,
      "Plan Rows": 1,
      "Plan Width": 8,
      "Actual Startup Time": 2526.85,
      "Actual Total Time": 2583.89,
      "Actual Rows": 1,
      "Actual Loops": 1,
      "Plans": [
        {
          "Node Type": "Gather",
          "Parent Relationship": "Outer",
          "Parallel Aware": false,
          "Startup Cost": 422229.83,
          "Total Cost": 422230.44,
          "Plan Rows": 6,
          "Plan Width": 8,
          "Actual Startup Time": 2520.623,
          "Actual Total Time": 2583.877,
          "Actual Rows": 7,
          "Actual Loops": 1,
          "Workers Planned": 6,
          "Workers Launched": 6,
          "Single Copy": false,
          "Plans": [
            {
              "Node Type": "Aggregate",
              "Strategy": "Plain",
              "Partial Mode": "Partial",
              "Parent Relationship": "Outer",
              "Parallel Aware": false,
              "Startup Cost": 421229.83,
              "Total Cost": 421229.84,
              "Plan Rows": 1,
              "Plan Width": 8,
              "Actual Startup Time": 2511.191,
              "Actual Total Time": 2511.197,
              "Actual Rows": 1,
              "Actual Loops": 7,
              "Plans": [
                {
                  "Node Type": "Hash Join",
                  "Parent Relationship": "Outer",
                  "Parallel Aware": true,
                  "Join Type": "Inner",
                  "Startup Cost": 78493.51,
                  "Total Cost": 418185.5,
                  "Plan Rows": 1217730,
                  "Plan Width": 0,
                  "Actual Startup Time": 318.101,
                  "Actual Total Time": 2332.562,
                  "Actual Rows": 3853698,
                  "Actual Loops": 7,
                  "Inner Unique": false,
                  "Hash Cond": "(ci.movie_id = t.id)",
                  "Plans": [
                    {
                      "Node Type": "Seq Scan",
                      "Parent Relationship": "Outer",
                      "Parallel Aware": true,
                      "Relation Name": "cast_info",
                      "Alias": "ci",
                      "Startup Cost": 0.0,
                      "Total Cost": 313106.51,
                      "Plan Rows": 6041951,
                      "Plan Width": 4,
                      "Actual Startup Time": 0.046,
                      "Actual Total Time": 568.554,
                      "Actual Rows": 5177763,
                      "Actual Loops": 7
                    },
                    {
                      "Node Type": "Hash",
                      "Parent Relationship": "Inner",
                      "Parallel Aware": true,
                      "Startup Cost": 76438.7,
                      "Total Cost": 76438.7,
                      "Plan Rows": 164385,
                      "Plan Width": 8,
                      "Actual Startup Time": 315.747,
                      "Actual Total Time": 315.752,
                      "Actual Rows": 105694,
                      "Actual Loops": 7,
                      "Hash Buckets": 1048576,
                      "Original Hash Buckets": 524288,
                      "Hash Batches": 1,
                      "Original Hash Batches": 1,
                      "Peak Memory Usage": 41344,
                      "Plans": [
                        {
                          "Node Type": "Hash Join",
                          "Parent Relationship": "Outer",
                          "Parallel Aware": true,
                          "Join Type": "Inner",
                          "Startup Cost": 47022.81,
                          "Total Cost": 76438.7,
                          "Plan Rows": 164385,
                          "Plan Width": 8,
                          "Actual Startup Time": 122.494,
                          "Actual Total Time": 255.583,
                          "Actual Rows": 105694,
                          "Actual Loops": 7,
                          "Inner Unique": true,
                          "Hash Cond": "(mc.movie_id = t.id)",
                          "Plans": [
                            {
                              "Node Type": "Seq Scan",
                              "Parent Relationship": "Outer",
                              "Parallel Aware": true,
                              "Relation Name": "movie_companies",
                              "Alias": "mc",
                              "Startup Cost": 0.0,
                              "Total Cost": 27206.55,
                              "Plan Rows": 841655,
                              "Plan Width": 4,
                              "Actual Startup Time": 0.015,
                              "Actual Total Time": 46.311,
                              "Actual Rows": 372733,
                              "Actual Loops": 7
                            },
                            {
                              "Node Type": "Hash",
                              "Parent Relationship": "Inner",
                              "Parallel Aware": true,
                              "Startup Cost": 45479.59,
                              "Total Cost": 45479.59,
                              "Plan Rows": 123458,
                              "Plan Width": 4,
                              "Actual Startup Time": 121.033,
                              "Actual Total Time": 121.035,
                              "Actual Rows": 60041,
                              "Actual Loops": 7,
                              "Hash Buckets": 524288,
                              "Original Hash Buckets": 524288,
                              "Hash Batches": 1,
                              "Original Hash Batches": 1,
                              "Peak Memory Usage": 20640,
                              "Plans": [
                                {
                                  "Node Type": "Seq Scan",
                                  "Parent Relationship": "Outer",
                                  "Parallel Aware": true,
                                  "Relation Name": "title",
                                  "Alias": "t",
                                  "Startup Cost": 0.0,
                                  "Total Cost": 45479.59,
                                  "Plan Rows": 123458,
                                  "Plan Width": 4,
                                  "Actual Startup Time": 0.054,
                                  "Actual Total Time": 85.76,
                                  "Actual Rows": 60041,
                                  "Actual Loops": 7,
                                  "Filter": "((kind_id < 7) AND (production_year > 2002))",
                                  "Rows Removed by Filter": 301147
                                }
                              ]
                            }
                          ]
                        }
                      ]
                    }
                  ]
                }
              ]
            }
          ]
        }
      ]
    },
    "Planning Time": 1.573,
    "Triggers": [],
    "Execution Time": 2583.995
  }
]