[
  {
    "Plan": {
      "Node Type": "Aggregate",
      "Strategy": "Plain",
      "Partial Mode": "Finalize",
      "Parallel Aware": false,
      "Startup Cost": 339947.28,
      "Total Cost": 339947.29,
      "Plan Rows": 1,
      "Plan Width": 8,
      "Actual Startup Time": 471.901,
      "Actual Total Time": 494.014,
      "Actual Rows": 1,
      "Actual Loops": 1,
      "Plans": [
        {
          "Node Type": "Gather",
          "Parent Relationship": "Outer",
          "Parallel Aware": false,
          "Startup Cost": 339946.66,
          "Total Cost": 339947.27,
          "Plan Rows": 6,
          "Plan Width": 8,
          "Actual Startup Time": 471.831,
          "Actual Total Time": 494.007,
          "Actual Rows": 7,
          "Actual Loops": 1,
          "Workers Planned": 6,
          "Workers Launched": 6,
          "Single Copy": false,
          "Plans": [
            {
              "Node Type": "Aggregate",
              "Strategy": "Plain",
              "Partial Mode": "Partial",
              "Parent Relationship": "Outer",
              "Parallel Aware": false,
              "Startup Cost": 338946.66,
              "Total Cost": 338946.67,
              "Plan Rows": 1,
              "Plan Width": 8,
              "Actual Startup Time": 462.011,
              "Actual Total Time": 462.012,
              "Actual Rows": 1,
              "Actual Loops": 7,
              "Plans": [
                {
                  "Node Type": "Index Scan",
                  "Parent Relationship": "Outer",
                  "Parallel Aware": true,
                  "Scan Direction": "Forward",
                  "Index Name": "role_id_cast_info",
                  "Relation Name": "cast_info",
                  "Alias": "ci",
                  "Startup Cost": 0.56,
                  "Total Cost": 335235.55,
                  "Plan Rows": 1484444,
                  "Plan Width": 0,
                  "Actual Startup Time": 0.156,
                  "Actual Total Time": 381.12,
                  "Actual Rows": 1810098,
                  "Actual Loops": 7,
                  "Index Cond": "(role_id = 1)",
                  "Rows Removed by Index Recheck": 0,
                  "Filter": "(person_id < 2687455)",
                  "Rows Removed by Filter": 0
                }
              ]
            }
          ]
        }
      ]
    },
    "Planning Time": 0.341,
    "Triggers": [],
    "Execution Time": 494.09
  }
]