[
  {
    "Plan": {
      "Node Type": "Aggregate",
      "Strategy": "Plain",
      "Partial Mode": "Finalize",
      "Parallel Aware": false,
      "Startup Cost": 352307.31,
      "Total Cost": 352307.32,
      "Plan Rows": 1,
      "Plan Width": 8,
      "Actual Startup Time": 877.035,
      "Actual Total Time": 924.921,
      "Actual Rows": 1,
      "Actual Loops": 1,
      "Plans": [
        {
          "Node Type": "Gather",
          "Parent Relationship": "Outer",
          "Parallel Aware": false,
          "Startup Cost": 352306.68,
          "Total Cost": 352307.29,
          "Plan Rows": 6,
          "Plan Width": 8,
          "Actual Startup Time": 876.823,
          "Actual Total Time": 924.906,
          "Actual Rows": 7,
          "Actual Loops": 1,
          "Workers Planned": 6,
          "Workers Launched": 6,
          "Single Copy": false,
          "Plans": [
            {
              "Node Type": "Aggregate",
              "Strategy": "Plain",
              "Partial Mode": "Partial",
              "Parent Relationship": "Outer",
              "Parallel Aware": false,
              "Startup Cost": 351306.68,
              "Total Cost": 351306.7,
              "Plan Rows": 1,
              "Plan Width": 8,
              "Actual Startup Time": 869.286,
              "Actual Total Time": 869.288,
              "Actual Rows": 1,
              "Actual Loops": 7,
              "Plans": [
                {
                  "Node Type": "Seq Scan",
                  "Parent Relationship": "Outer",
                  "Parallel Aware": true,
                  "Relation Name": "cast_info",
                  "Alias": "ci",
                  "Startup Cost": 0.0,
                  "Total Cost": 343316.27,
                  "Plan Rows": 3196166,
                  "Plan Width": 0,
                  "Actual Startup Time": 196.125,
                  "Actual Total Time": 735.844,
                  "Actual Rows": 2546340,
                  "Actual Loops": 7,
                  "Filter": "((person_id > 1417394) AND (role_id < 10))",
                  "Rows Removed by Filter": 2631423
                }
              ]
            }
          ]
        }
      ]
    },
    "Planning Time": 0.225,
    "Triggers": [],
    "Execution Time": 924.99
  }
]