[
  {
    "Plan": {
      "Node Type": "Aggregate",
      "Strategy": "Plain",
      "Partial Mode": "Finalize",
      "Parallel Aware": false,
      "Startup Cost": 336481.36,
      "Total Cost": 336481.37,
      "Plan Rows": 1,
      "Plan Width": 8,
      "Actual Startup Time": 794.967,
      "Actual Total Time": 839.534,
      "Actual Rows": 1,
      "Actual Loops": 1,
      "Plans": [
        {
          "Node Type": "Gather",
          "Parent Relationship": "Outer",
          "Parallel Aware": false,
          "Startup Cost": 336480.73,
          "Total Cost": 336481.34,
          "Plan Rows": 6,
          "Plan Width": 8,
          "Actual Startup Time": 794.769,
          "Actual Total Time": 839.517,
          "Actual Rows": 7,
          "Actual Loops": 1,
          "Workers Planned": 6,
          "Workers Launched": 6,
          "Single Copy": false,
          "Plans": [
            {
              "Node Type": "Aggregate",
              "Strategy": "Plain",
              "Partial Mode": "Partial",
              "Parent Relationship": "Outer",
              "Parallel Aware": false,
              "Startup Cost": 335480.73,
              "Total Cost": 335480.74,
              "Plan Rows": 1,
              "Plan Width": 8,
              "Actual Startup Time": 786.56,
              "Actual Total Time": 786.561,
              "Actual Rows": 1,
              "Actual Loops": 7,
              "Plans": [
                {
                  "Node Type": "Seq Scan",
                  "Parent Relationship": "Outer",
                  "Parallel Aware": true,
                  "Relation Name": "cast_info",
                  "Alias": "ci",
                  "Startup Cost": 0.0,
                  "Total Cost": 328211.39,
                  "Plan Rows": 2907736,
                  "Plan Width": 0,
                  "Actual Startup Time": 0.053,
                  "Actual Total Time": 646.09,
                  "Actual Rows": 2509975,
                  "Actual Loops": 7,
                  "Filter": "(person_id < 1738433)",
                  "Rows Removed by Filter": 2667789
                }
              ]
            }
          ]
        }
      ]
    },
    "Planning Time": 0.088,
    "Triggers": [],
    "Execution Time": 839.576
  }
]