[
  {
    "Plan": {
      "Node Type": "Aggregate",
      "Strategy": "Plain",
      "Partial Mode": "Finalize",
      "Parallel Aware": false,
      "Startup Cost": 31027.19,
      "Total Cost": 31027.2,
      "Plan Rows": 1,
      "Plan Width": 8,
      "Actual Startup Time": 70.93,
      "Actual Total Time": 76.69,
      "Actual Rows": 1,
      "Actual Loops": 1,
      "Plans": [
        {
          "Node Type": "Gather",
          "Parent Relationship": "Outer",
          "Parallel Aware": false,
          "Startup Cost": 31026.87,
          "Total Cost": 31027.18,
          "Plan Rows": 3,
          "Plan Width": 8,
          "Actual Startup Time": 70.86,
          "Actual Total Time": 76.685,
          "Actual Rows": 4,
          "Actual Loops": 1,
          "Workers Planned": 3,
          "Workers Launched": 3,
          "Single Copy": false,
          "Plans": [
            {
              "Node Type": "Aggregate",
              "Strategy": "Plain",
              "Partial Mode": "Partial",
              "Parent Relationship": "Outer",
              "Parallel Aware": false,
              "Startup Cost": 30026.87,
              "Total Cost": 30026.88,
              "Plan Rows": 1,
              "Plan Width": 8,
              "Actual Startup Time": 68.259,
              "Actual Total Time": 68.26,
              "Actual Rows": 1,
              "Actual Loops": 4,
              "Plans": [
                {
                  "Node Type": "Seq Scan",
                  "Parent Relationship": "Outer",
                  "Parallel Aware": true,
                  "Relation Name": "movie_companies",
                  "Alias": "mc",
                  "Startup Cost": 0.0,
                  "Total Cost": 29310.68,
                  "Plan Rows": 286475,
                  "Plan Width": 0,
                  "Actual Startup Time": 0.019,
                  "Actual Total Time": 58.544,
                  "Actual Rows": 221222,
                  "Actual Loops": 4,
                  "Filter": "(company_id < 2677)",
                  "Rows Removed by Filter": 431060
                }
              ]
            }
          ]
        }
      ]
    },
    "Planning Time": 0.076,
    "Triggers": [],
    "Execution Time": 76.715
  }
]