[
  {
    "Plan": {
      "Node Type": "Aggregate",
      "Strategy": "Plain",
      "Partial Mode": "Finalize",
      "Parallel Aware": false,
      "Startup Cost": 44123.4,
      "Total Cost": 44123.41,
      "Plan Rows": 1,
      "Plan Width": 8,
      "Actual Startup Time": 153.592,
      "Actual Total Time": 163.186,
      "Actual Rows": 1,
      "Actual Loops": 1,
      "Plans": [
        {
          "Node Type": "Gather",
          "Parent Relationship": "Outer",
          "Parallel Aware": false,
          "Startup Cost": 44123.09,
          "Total Cost": 44123.4,
          "Plan Rows": 3,
          "Plan Width": 8,
          "Actual Startup Time": 153.244,
          "Actual Total Time": 163.175,
          "Actual Rows": 4,
          "Actual Loops": 1,
          "Workers Planned": 3,
          "Workers Launched": 3,
          "Single Copy": false,
          "Plans": [
            {
              "Node Type": "Aggregate",
              "Strategy": "Plain",
              "Partial Mode": "Partial",
              "Parent Relationship": "Outer",
              "Parallel Aware": false,
              "Startup Cost": 43123.09,
              "Total Cost": 43123.1,
              "Plan Rows": 1,
              "Plan Width": 8,
              "Actual Startup Time": 143.786,
              "Actual Total Time": 143.787,
              "Actual Rows": 1,
              "Actual Loops": 4,
              "Plans": [
                {
                  "Node Type": "Bitmap Heap Scan",
                  "Parent Relationship": "Outer",
                  "Parallel Aware": true,
                  "Relation Name": "movie_keyword",
                  "Alias": "mk",
                  "Startup Cost": 15201.83,
                  "Total Cost": 42545.21,
                  "Plan Rows": 231151,
                  "Plan Width": 0,
                  "Actual Startup Time": 55.799,
                  "Actual Total Time": 134.612,
                  "Actual Rows": 179468,
                  "Actual Loops": 4,
                  "Recheck Cond": "(keyword_id < 630)",
                  "Rows Removed by Index Recheck": 0,
                  "Exact Heap Blocks": 10257,
                  "Lossy Heap Blocks": 0,
                  "Plans": [
                    {
                      "Node Type": "Bitmap Index Scan",
                      "Parent Relationship": "Outer",
                      "Parallel Aware": false,
                      "Index Name": "keyword_id_movie_keyword",
                      "Startup Cost": 0.0,
                      "Total Cost": 15022.68,
                      "Plan Rows": 716567,
                      "Plan Width": 0,
                      "Actual Startup Time": 60.82,
                      "Actual Total Time": 60.82,
                      "Actual Rows": 717872,
                      "Actual Loops": 1,
                      "Index Cond": "(keyword_id < 630)"
                    }
                  ]
                }
              ]
            }
          ]
        }
      ]
    },
    "Planning Time": 0.217,
    "Triggers": [],
    "Execution Time": 163.266
  }
]