{
    "Plan": {
        "Node Type": "Aggregate",
        "Strategy": "Plain",
        "Partial Mode": "Finalize",
        "Parallel Aware": false,
        "Startup Cost": 76257.52,
        "Total Cost": 76257.53,
        "Plan Rows": 1,
        "Plan Width": 8,
        "Actual Startup Time": 255.908,
        "Actual Total Time": 269.32,
        "Actual Rows": 1,
        "Actual Loops": 1,
        "Output": [
            "count(*)"
        ],
        "Plans": [
            {
                "Node Type": "Gather",
                "Parent Relationship": "Outer",
                "Parallel Aware": false,
                "Startup Cost": 76257.2,
                "Total Cost": 76257.51,
                "Plan Rows": 3,
                "Plan Width": 8,
                "Actual Startup Time": 255.572,
                "Actual Total Time": 269.309,
                "Actual Rows": 4,
                "Actual Loops": 1,
                "Output": [
                    "(PARTIAL count(*))"
                ],
                "Workers Planned": 3,
                "Workers Launched": 3,
                "Single Copy": false,
                "Plans": [
                    {
                        "Node Type": "Aggregate",
                        "Strategy": "Plain",
                        "Partial Mode": "Partial",
                        "Parent Relationship": "Outer",
                        "Parallel Aware": false,
                        "Startup Cost": 75257.2,
                        "Total Cost": 75257.21,
                        "Plan Rows": 1,
                        "Plan Width": 8,
                        "Actual Startup Time": 246.678,
                        "Actual Total Time": 246.681,
                        "Actual Rows": 1,
                        "Actual Loops": 4,
                        "Output": [
                            "PARTIAL count(*)"
                        ],
                        "Workers": [
                            {
                                "Worker Number": 0,
                                "Actual Startup Time": 243.936,
                                "Actual Total Time": 243.939,
                                "Actual Rows": 1,
                                "Actual Loops": 1
                            },
                            {
                                "Worker Number": 1,
                                "Actual Startup Time": 243.927,
                                "Actual Total Time": 243.929,
                                "Actual Rows": 1,
                                "Actual Loops": 1
                            },
                            {
                                "Worker Number": 2,
                                "Actual Startup Time": 243.995,
                                "Actual Total Time": 243.998,
                                "Actual Rows": 1,
                                "Actual Loops": 1
                            }
                        ],
                        "Plans": [
                            {
                                "Node Type": "Hash Join",
                                "Parent Relationship": "Outer",
                                "Parallel Aware": true,
                                "Join Type": "Inner",
                                "Startup Cost": 45765.16,
                                "Total Cost": 75181.05,
                                "Plan Rows": 30461,
                                "Plan Width": 0,
                                "Actual Startup Time": 110.063,
                                "Actual Total Time": 245.194,
                                "Actual Rows": 27318,
                                "Actual Loops": 4,
                                "Inner Unique": true,
                                "Hash Cond": "(mc.movie_id = t.id)",
                                "Workers": [
                                    {
                                        "Worker Number": 0,
                                        "Actual Startup Time": 107.428,
                                        "Actual Total Time": 242.323,
                                        "Actual Rows": 19041,
                                        "Actual Loops": 1
                                    },
                                    {
                                        "Worker Number": 1,
                                        "Actual Startup Time": 107.288,
                                        "Actual Total Time": 242.478,
                                        "Actual Rows": 28551,
                                        "Actual Loops": 1
                                    },
                                    {
                                        "Worker Number": 2,
                                        "Actual Startup Time": 107.408,
                                        "Actual Total Time": 242.528,
                                        "Actual Rows": 29129,
                                        "Actual Loops": 1
                                    }
                                ],
                                "Plans": [
                                    {
                                        "Node Type": "Seq Scan",
                                        "Parent Relationship": "Outer",
                                        "Parallel Aware": true,
                                        "Relation Name": "movie_companies",
                                        "Schema": "public",
                                        "Alias": "mc",
                                        "Startup Cost": 0.0,
                                        "Total Cost": 27206.55,
                                        "Plan Rows": 841655,
                                        "Plan Width": 4,
                                        "Actual Startup Time": 0.022,
                                        "Actual Total Time": 58.835,
                                        "Actual Rows": 652282,
                                        "Actual Loops": 4,
                                        "Output": [
                                            "mc.id",
                                            "mc.movie_id",
                                            "mc.company_id",
                                            "mc.company_type_id",
                                            "mc.note"
                                        ],
                                        "Workers": [
                                            {
                                                "Worker Number": 0,
                                                "Actual Startup Time": 0.025,
                                                "Actual Total Time": 59.957,
                                                "Actual Rows": 453209,
                                                "Actual Loops": 1
                                            },
                                            {
                                                "Worker Number": 1,
                                                "Actual Startup Time": 0.028,
                                                "Actual Total Time": 59.689,
                                                "Actual Rows": 687848,
                                                "Actual Loops": 1
                                            },
                                            {
                                                "Worker Number": 2,
                                                "Actual Startup Time": 0.028,
                                                "Actual Total Time": 59.858,
                                                "Actual Rows": 680089,
                                                "Actual Loops": 1
                                            }
                                        ]
                                    },
                                    {
                                        "Node Type": "Hash",
                                        "Parent Relationship": "Inner",
                                        "Parallel Aware": true,
                                        "Startup Cost": 45479.21,
                                        "Total Cost": 45479.21,
                                        "Plan Rows": 22876,
                                        "Plan Width": 4,
                                        "Actual Startup Time": 108.117,
                                        "Actual Total Time": 108.118,
                                        "Actual Rows": 20248,
                                        "Actual Loops": 4,
                                        "Output": [
                                            "t.id"
                                        ],
                                        "Hash Buckets": 131072,
                                        "Original Hash Buckets": 131072,
                                        "Hash Batches": 1,
                                        "Original Hash Batches": 1,
                                        "Peak Memory Usage": 4224,
                                        "Workers": [
                                            {
                                                "Worker Number": 0,
                                                "Actual Startup Time": 106.434,
                                                "Actual Total Time": 106.435,
                                                "Actual Rows": 14724,
                                                "Actual Loops": 1
                                            },
                                            {
                                                "Worker Number": 1,
                                                "Actual Startup Time": 106.435,
                                                "Actual Total Time": 106.436,
                                                "Actual Rows": 20267,
                                                "Actual Loops": 1
                                            },
                                            {
                                                "Worker Number": 2,
                                                "Actual Startup Time": 106.432,
                                                "Actual Total Time": 106.432,
                                                "Actual Rows": 19475,
                                                "Actual Loops": 1
                                            }
                                        ],
                                        "Plans": [
                                            {
                                                "Node Type": "Seq Scan",
                                                "Parent Relationship": "Outer",
                                                "Parallel Aware": true,
                                                "Relation Name": "title",
                                                "Schema": "public",
                                                "Alias": "t",
                                                "Startup Cost": 0.0,
                                                "Total Cost": 45479.21,
                                                "Plan Rows": 22876,
                                                "Plan Width": 4,
                                                "Actual Startup Time": 0.287,
                                                "Actual Total Time": 100.646,
                                                "Actual Rows": 20248,
                                                "Actual Loops": 4,
                                                "Output": [
                                                    "t.id"
                                                ],
                                                "Filter": "((t.kind_id < 7) AND (t.production_year > 2011))",
                                                "Rows Removed by Filter": 611830,
                                                "Workers": [
                                                    {
                                                        "Worker Number": 0,
                                                        "Actual Startup Time": 0.441,
                                                        "Actual Total Time": 99.408,
                                                        "Actual Rows": 14724,
                                                        "Actual Loops": 1
                                                    },
                                                    {
                                                        "Worker Number": 1,
                                                        "Actual Startup Time": 0.478,
                                                        "Actual Total Time": 99.32,
                                                        "Actual Rows": 20267,
                                                        "Actual Loops": 1
                                                    },
                                                    {
                                                        "Worker Number": 2,
                                                        "Actual Startup Time": 0.157,
                                                        "Actual Total Time": 99.337,
                                                        "Actual Rows": 19475,
                                                        "Actual Loops": 1
                                                    }
                                                ]
                                            }
                                        ]
                                    }
                                ]
                            }
                        ]
                    }
                ]
            }
        ]
    },
    "Planning Time": 0.723,
    "Triggers": [],
    "Execution Time": 269.4
}