[
  {
    "Plan": {
      "Node Type": "Aggregate",
      "Strategy": "Plain",
      "Partial Mode": "Finalize",
      "Parallel Aware": false,
      "Startup Cost": 46530.76,
      "Total Cost": 46530.77,
      "Plan Rows": 1,
      "Plan Width": 8,
      "Actual Startup Time": 187.523,
      "Actual Total Time": 198.701,
      "Actual Rows": 1,
      "Actual Loops": 1,
      "Plans": [
        {
          "Node Type": "Gather",
          "Parent Relationship": "Outer",
          "Parallel Aware": false,
          "Startup Cost": 46530.44,
          "Total Cost": 46530.75,
          "Plan Rows": 3,
          "Plan Width": 8,
          "Actual Startup Time": 187.426,
          "Actual Total Time": 198.692,
          "Actual Rows": 4,
          "Actual Loops": 1,
          "Workers Planned": 3,
          "Workers Launched": 3,
          "Single Copy": false,
          "Plans": [
            {
              "Node Type": "Aggregate",
              "Strategy": "Plain",
              "Partial Mode": "Partial",
              "Parent Relationship": "Outer",
              "Parallel Aware": false,
              "Startup Cost": 45530.44,
              "Total Cost": 45530.45,
              "Plan Rows": 1,
              "Plan Width": 8,
              "Actual Startup Time": 180.474,
              "Actual Total Time": 180.475,
              "Actual Rows": 1,
              "Actual Loops": 4,
              "Plans": [
                {
                  "Node Type": "Seq Scan",
                  "Parent Relationship": "Outer",
                  "Parallel Aware": true,
                  "Relation Name": "movie_keyword",
                  "Alias": "mk",
                  "Startup Cost": 0.0,
                  "Total Cost": 42695.65,
                  "Plan Rows": 1133914,
                  "Plan Width": 0,
                  "Actual Startup Time": 0.087,
                  "Actual Total Time": 133.941,
                  "Actual Rows": 878263,
                  "Actual Loops": 4,
                  "Filter": "(keyword_id > 979)",
                  "Rows Removed by Filter": 252720
                }
              ]
            }
          ]
        }
      ]
    },
    "Planning Time": 0.073,
    "Triggers": [],
    "Execution Time": 198.727
  }
]