[
  {
    "Plan": {
      "Node Type": "Aggregate",
      "Strategy": "Plain",
      "Partial Mode": "Finalize",
      "Parallel Aware": false,
      "Startup Cost": 423455.6,
      "Total Cost": 423455.61,
      "Plan Rows": 1,
      "Plan Width": 8,
      "Actual Startup Time": 1344.217,
      "Actual Total Time": 1403.612,
      "Actual Rows": 1,
      "Actual Loops": 1,
      "Plans": [
        {
          "Node Type": "Gather",
          "Parent Relationship": "Outer",
          "Parallel Aware": false,
          "Startup Cost": 423454.98,
          "Total Cost": 423455.59,
          "Plan Rows": 6,
          "Plan Width": 8,
          "Actual Startup Time": 1321.75,
          "Actual Total Time": 1403.577,
          "Actual Rows": 7,
          "Actual Loops": 1,
          "Workers Planned": 6,
          "Workers Launched": 6,
          "Single Copy": false,
          "Plans": [
            {
              "Node Type": "Aggregate",
              "Strategy": "Plain",
              "Partial Mode": "Partial",
              "Parent Relationship": "Outer",
              "Parallel Aware": false,
              "Startup Cost": 422454.98,
              "Total Cost": 422454.99,
              "Plan Rows": 1,
              "Plan Width": 8,
              "Actual Startup Time": 1312.067,
              "Actual Total Time": 1312.231,
              "Actual Rows": 1,
              "Actual Loops": 7,
              "Plans": [
                {
                  "Node Type": "Hash Join",
                  "Parent Relationship": "Outer",
                  "Parallel Aware": true,
                  "Join Type": "Inner",
                  "Startup Cost": 70344.48,
                  "Total Cost": 421070.61,
                  "Plan Rows": 553748,
                  "Plan Width": 0,
                  "Actual Startup Time": 724.513,
                  "Actual Total Time": 1281.066,
                  "Actual Rows": 638344,
                  "Actual Loops": 7,
                  "Inner Unique": false,
                  "Hash Cond": "(ci.movie_id = t.id)",
                  "Plans": [
                    {
                      "Node Type": "Seq Scan",
                      "Parent Relationship": "Outer",
                      "Parallel Aware": true,
                      "Relation Name": "cast_info",
                      "Alias": "ci",
                      "Startup Cost": 0.0,
                      "Total Cost": 343316.27,
                      "Plan Rows": 1360684,
                      "Plan Width": 4,
                      "Actual Startup Time": 351.167,
                      "Actual Total Time": 648.436,
                      "Actual Rows": 836566,
                      "Actual Loops": 7,
                      "Filter": "((person_id > 2775184) AND (role_id < 10))",
                      "Rows Removed by Filter": 4341198
                    },
                    {
                      "Node Type": "Hash",
                      "Parent Relationship": "Inner",
                      "Parallel Aware": true,
                      "Startup Cost": 64985.23,
                      "Total Cost": 64985.23,
                      "Plan Rows": 428740,
                      "Plan Width": 8,
                      "Actual Startup Time": 370.591,
                      "Actual Total Time": 370.753,
                      "Actual Rows": 143455,
                      "Actual Loops": 7,
                      "Hash Buckets": 1048576,
                      "Original Hash Buckets": 1048576,
                      "Hash Batches": 1,
                      "Original Hash Batches": 1,
                      "Peak Memory Usage": 47616,
                      "Plans": [
                        {
                          "Node Type": "Hash Join",
                          "Parent Relationship": "Outer",
                          "Parallel Aware": true,
                          "Join Type": "Inner",
                          "Startup Cost": 49790.67,
                          "Total Cost": 64985.23,
                          "Plan Rows": 428740,
                          "Plan Width": 8,
                          "Actual Startup Time": 233.206,
                          "Actual Total Time": 316.136,
                          "Actual Rows": 143455,
                          "Actual Loops": 7,
                          "Inner Unique": true,
                          "Hash Cond": "(mi_idx.movie_id = t.id)",
                          "Plans": [
                            {
                              "Node Type": "Seq Scan",
                              "Parent Relationship": "Outer",
                              "Parallel Aware": true,
                              "Relation Name": "movie_info_idx",
                              "Alias": "mi_idx",
                              "Startup Cost": 0.0,
                              "Total Cost": 13685.15,
                              "Plan Rows": 575015,
                              "Plan Width": 4,
                              "Actual Startup Time": 0.019,
                              "Actual Total Time": 22.834,
                              "Actual Rows": 197148,
                              "Actual Loops": 7
                            },
                            {
                              "Node Type": "Hash",
                              "Parent Relationship": "Inner",
                              "Parallel Aware": true,
                              "Startup Cost": 43899.32,
                              "Total Cost": 43899.32,
                              "Plan Rows": 471308,
                              "Plan Width": 4,
                              "Actual Startup Time": 230.714,
                              "Actual Total Time": 230.715,
                              "Actual Rows": 267314,
                              "Actual Loops": 7,
                              "Hash Buckets": 2097152,
                              "Original Hash Buckets": 2097152,
                              "Hash Batches": 1,
                              "Original Hash Batches": 1,
                              "Peak Memory Usage": 89696,
                              "Plans": [
                                {
                                  "Node Type": "Seq Scan",
                                  "Parent Relationship": "Outer",
                                  "Parallel Aware": true,
                                  "Relation Name": "title",
                                  "Alias": "t",
                                  "Startup Cost": 0.0,
                                  "Total Cost": 43899.32,
                                  "Plan Rows": 471308,
                                  "Plan Width": 4,
                                  "Actual Startup Time": 0.054,
                                  "Actual Total Time": 90.049,
                                  "Actual Rows": 267314,
                                  "Actual Loops": 7,
                                  "Filter": "(production_year > 1984)",
                                  "Rows Removed by Filter": 93873
                                }
                              ]
                            }
                          ]
                        }
                      ]
                    }
                  ]
                }
              ]
            }
          ]
        }
      ]
    },
    "Planning Time": 0.726,
    "Triggers": [],
    "Execution Time": 1403.677
  }
]