[
  {
    "Plan": {
      "Node Type": "Aggregate",
      "Strategy": "Plain",
      "Partial Mode": "Finalize",
      "Parallel Aware": false,
      "Startup Cost": 46484.86,
      "Total Cost": 46484.87,
      "Plan Rows": 1,
      "Plan Width": 8,
      "Actual Startup Time": 76.087,
      "Actual Total Time": 88.892,
      "Actual Rows": 1,
      "Actual Loops": 1,
      "Plans": [
        {
          "Node Type": "Gather",
          "Parent Relationship": "Outer",
          "Parallel Aware": false,
          "Startup Cost": 46484.44,
          "Total Cost": 46484.85,
          "Plan Rows": 4,
          "Plan Width": 8,
          "Actual Startup Time": 75.914,
          "Actual Total Time": 88.88,
          "Actual Rows": 5,
          "Actual Loops": 1,
          "Workers Planned": 4,
          "Workers Launched": 4,
          "Single Copy": false,
          "Plans": [
            {
              "Node Type": "Aggregate",
              "Strategy": "Plain",
              "Partial Mode": "Partial",
              "Parent Relationship": "Outer",
              "Parallel Aware": false,
              "Startup Cost": 45484.44,
              "Total Cost": 45484.45,
              "Plan Rows": 1,
              "Plan Width": 8,
              "Actual Startup Time": 72.071,
              "Actual Total Time": 72.073,
              "Actual Rows": 1,
              "Actual Loops": 5,
              "Plans": [
                {
                  "Node Type": "Seq Scan",
                  "Parent Relationship": "Outer",
                  "Parallel Aware": true,
                  "Relation Name": "title",
                  "Alias": "t",
                  "Startup Cost": 0.0,
                  "Total Cost": 45479.59,
                  "Plan Rows": 1940,
                  "Plan Width": 0,
                  "Actual Startup Time": 0.472,
                  "Actual Total Time": 71.915,
                  "Actual Rows": 1570,
                  "Actual Loops": 5,
                  "Filter": "((kind_id < 7) AND (production_year = 1986))",
                  "Rows Removed by Filter": 504092
                }
              ]
            }
          ]
        }
      ]
    },
    "Planning Time": 0.115,
    "Triggers": [],
    "Execution Time": 88.933
  }
]