{
    "Plan": {
        "Node Type": "Aggregate",
        "Strategy": "Plain",
        "Partial Mode": "Finalize",
        "Parallel Aware": false,
        "Startup Cost": 326004.68,
        "Total Cost": 326004.69,
        "Plan Rows": 1,
        "Plan Width": 8,
        "Actual Startup Time": 3224.337,
        "Actual Total Time": 3272.271,
        "Actual Rows": 1,
        "Actual Loops": 1,
        "Output": [
            "count(*)"
        ],
        "Plans": [
            {
                "Node Type": "Gather",
                "Parent Relationship": "Outer",
                "Parallel Aware": false,
                "Startup Cost": 326004.16,
                "Total Cost": 326004.67,
                "Plan Rows": 5,
                "Plan Width": 8,
                "Actual Startup Time": 3196.77,
                "Actual Total Time": 3272.262,
                "Actual Rows": 6,
                "Actual Loops": 1,
                "Output": [
                    "(PARTIAL count(*))"
                ],
                "Workers Planned": 5,
                "Workers Launched": 5,
                "Single Copy": false,
                "Plans": [
                    {
                        "Node Type": "Aggregate",
                        "Strategy": "Plain",
                        "Partial Mode": "Partial",
                        "Parent Relationship": "Outer",
                        "Parallel Aware": false,
                        "Startup Cost": 325004.16,
                        "Total Cost": 325004.17,
                        "Plan Rows": 1,
                        "Plan Width": 8,
                        "Actual Startup Time": 3180.744,
                        "Actual Total Time": 3180.75,
                        "Actual Rows": 1,
                        "Actual Loops": 6,
                        "Output": [
                            "PARTIAL count(*)"
                        ],
                        "Workers": [
                            {
                                "Worker Number": 0,
                                "Actual Startup Time": 3177.511,
                                "Actual Total Time": 3177.515,
                                "Actual Rows": 1,
                                "Actual Loops": 1
                            },
                            {
                                "Worker Number": 1,
                                "Actual Startup Time": 3177.541,
                                "Actual Total Time": 3177.547,
                                "Actual Rows": 1,
                                "Actual Loops": 1
                            },
                            {
                                "Worker Number": 2,
                                "Actual Startup Time": 3177.855,
                                "Actual Total Time": 3177.86,
                                "Actual Rows": 1,
                                "Actual Loops": 1
                            },
                            {
                                "Worker Number": 3,
                                "Actual Startup Time": 3177.811,
                                "Actual Total Time": 3177.815,
                                "Actual Rows": 1,
                                "Actual Loops": 1
                            },
                            {
                                "Worker Number": 4,
                                "Actual Startup Time": 3177.894,
                                "Actual Total Time": 3177.899,
                                "Actual Rows": 1,
                                "Actual Loops": 1
                            }
                        ],
                        "Plans": [
                            {
                                "Node Type": "Hash Join",
                                "Parent Relationship": "Outer",
                                "Parallel Aware": true,
                                "Join Type": "Inner",
                                "Startup Cost": 102993.41,
                                "Total Cost": 319398.75,
                                "Plan Rows": 2242164,
                                "Plan Width": 0,
                                "Actual Startup Time": 564.941,
                                "Actual Total Time": 2511.912,
                                "Actual Rows": 15138290,
                                "Actual Loops": 6,
                                "Inner Unique": false,
                                "Hash Cond": "(mi.movie_id = t.id)",
                                "Workers": [
                                    {
                                        "Worker Number": 0,
                                        "Actual Startup Time": 562.074,
                                        "Actual Total Time": 2502.882,
                                        "Actual Rows": 13656276,
                                        "Actual Loops": 1
                                    },
                                    {
                                        "Worker Number": 1,
                                        "Actual Startup Time": 562.192,
                                        "Actual Total Time": 2519.566,
                                        "Actual Rows": 12910547,
                                        "Actual Loops": 1
                                    },
                                    {
                                        "Worker Number": 2,
                                        "Actual Startup Time": 562.414,
                                        "Actual Total Time": 2518.424,
                                        "Actual Rows": 16975132,
                                        "Actual Loops": 1
                                    },
                                    {
                                        "Worker Number": 3,
                                        "Actual Startup Time": 561.821,
                                        "Actual Total Time": 2502.405,
                                        "Actual Rows": 13205746,
                                        "Actual Loops": 1
                                    },
                                    {
                                        "Worker Number": 4,
                                        "Actual Startup Time": 562.489,
                                        "Actual Total Time": 2517.509,
                                        "Actual Rows": 16995024,
                                        "Actual Loops": 1
                                    }
                                ],
                                "Plans": [
                                    {
                                        "Node Type": "Seq Scan",
                                        "Parent Relationship": "Outer",
                                        "Parallel Aware": true,
                                        "Relation Name": "movie_info",
                                        "Schema": "public",
                                        "Alias": "mi",
                                        "Startup Cost": 0.0,
                                        "Total Cost": 198880.74,
                                        "Plan Rows": 2744485,
                                        "Plan Width": 4,
                                        "Actual Startup Time": 0.039,
                                        "Actual Total Time": 356.395,
                                        "Actual Rows": 2299306,
                                        "Actual Loops": 6,
                                        "Output": [
                                            "mi.id",
                                            "mi.movie_id",
                                            "mi.info_type_id",
                                            "mi.info",
                                            "mi.note"
                                        ],
                                        "Filter": "(mi.info_type_id < 81)",
                                        "Rows Removed by Filter": 173314,
                                        "Workers": [
                                            {
                                                "Worker Number": 0,
                                                "Actual Startup Time": 0.042,
                                                "Actual Total Time": 367.738,
                                                "Actual Rows": 2036006,
                                                "Actual Loops": 1
                                            },
                                            {
                                                "Worker Number": 1,
                                                "Actual Startup Time": 0.055,
                                                "Actual Total Time": 377.937,
                                                "Actual Rows": 1882232,
                                                "Actual Loops": 1
                                            },
                                            {
                                                "Worker Number": 2,
                                                "Actual Startup Time": 0.035,
                                                "Actual Total Time": 361.894,
                                                "Actual Rows": 2575935,
                                                "Actual Loops": 1
                                            },
                                            {
                                                "Worker Number": 3,
                                                "Actual Startup Time": 0.047,
                                                "Actual Total Time": 368.077,
                                                "Actual Rows": 2022770,
                                                "Actual Loops": 1
                                            },
                                            {
                                                "Worker Number": 4,
                                                "Actual Startup Time": 0.045,
                                                "Actual Total Time": 361.407,
                                                "Actual Rows": 2565490,
                                                "Actual Loops": 1
                                            }
                                        ]
                                    },
                                    {
                                        "Node Type": "Hash",
                                        "Parent Relationship": "Inner",
                                        "Parallel Aware": true,
                                        "Startup Cost": 94664.52,
                                        "Total Cost": 94664.52,
                                        "Plan Rows": 666311,
                                        "Plan Width": 8,
                                        "Actual Startup Time": 558.792,
                                        "Actual Total Time": 558.796,
                                        "Actual Rows": 341839,
                                        "Actual Loops": 6,
                                        "Output": [
                                            "t.id",
                                            "mk.movie_id"
                                        ],
                                        "Hash Buckets": 2097152,
                                        "Original Hash Buckets": 2097152,
                                        "Hash Batches": 1,
                                        "Original Hash Batches": 1,
                                        "Peak Memory Usage": 96704,
                                        "Workers": [
                                            {
                                                "Worker Number": 0,
                                                "Actual Startup Time": 560.637,
                                                "Actual Total Time": 560.639,
                                                "Actual Rows": 274392,
                                                "Actual Loops": 1
                                            },
                                            {
                                                "Worker Number": 1,
                                                "Actual Startup Time": 560.547,
                                                "Actual Total Time": 560.551,
                                                "Actual Rows": 260432,
                                                "Actual Loops": 1
                                            },
                                            {
                                                "Worker Number": 2,
                                                "Actual Startup Time": 560.958,
                                                "Actual Total Time": 560.962,
                                                "Actual Rows": 392108,
                                                "Actual Loops": 1
                                            },
                                            {
                                                "Worker Number": 3,
                                                "Actual Startup Time": 560.991,
                                                "Actual Total Time": 560.994,
                                                "Actual Rows": 274672,
                                                "Actual Loops": 1
                                            },
                                            {
                                                "Worker Number": 4,
                                                "Actual Startup Time": 560.996,
                                                "Actual Total Time": 560.998,
                                                "Actual Rows": 395591,
                                                "Actual Loops": 1
                                            }
                                        ],
                                        "Plans": [
                                            {
                                                "Node Type": "Hash Join",
                                                "Parent Relationship": "Outer",
                                                "Parallel Aware": true,
                                                "Join Type": "Inner",
                                                "Startup Cost": 50219.81,
                                                "Total Cost": 94664.52,
                                                "Plan Rows": 666311,
                                                "Plan Width": 8,
                                                "Actual Startup Time": 275.238,
                                                "Actual Total Time": 457.82,
                                                "Actual Rows": 341839,
                                                "Actual Loops": 6,
                                                "Output": [
                                                    "t.id",
                                                    "mk.movie_id"
                                                ],
                                                "Inner Unique": true,
                                                "Hash Cond": "(mk.movie_id = t.id)",
                                                "Workers": [
                                                    {
                                                        "Worker Number": 0,
                                                        "Actual Startup Time": 275.237,
                                                        "Actual Total Time": 458.15,
                                                        "Actual Rows": 274392,
                                                        "Actual Loops": 1
                                                    },
                                                    {
                                                        "Worker Number": 1,
                                                        "Actual Startup Time": 275.211,
                                                        "Actual Total Time": 460.862,
                                                        "Actual Rows": 260432,
                                                        "Actual Loops": 1
                                                    },
                                                    {
                                                        "Worker Number": 2,
                                                        "Actual Startup Time": 275.225,
                                                        "Actual Total Time": 458.227,
                                                        "Actual Rows": 392108,
                                                        "Actual Loops": 1
                                                    },
                                                    {
                                                        "Worker Number": 3,
                                                        "Actual Startup Time": 275.199,
                                                        "Actual Total Time": 458.543,
                                                        "Actual Rows": 274672,
                                                        "Actual Loops": 1
                                                    },
                                                    {
                                                        "Worker Number": 4,
                                                        "Actual Startup Time": 275.213,
                                                        "Actual Total Time": 458.5,
                                                        "Actual Rows": 395591,
                                                        "Actual Loops": 1
                                                    }
                                                ],
                                                "Plans": [
                                                    {
                                                        "Node Type": "Seq Scan",
                                                        "Parent Relationship": "Outer",
                                                        "Parallel Aware": true,
                                                        "Relation Name": "movie_keyword",
                                                        "Schema": "public",
                                                        "Alias": "mk",
                                                        "Startup Cost": 0.0,
                                                        "Total Cost": 42695.65,
                                                        "Plan Rows": 666311,
                                                        "Plan Width": 4,
                                                        "Actual Startup Time": 0.268,
                                                        "Actual Total Time": 99.571,
                                                        "Actual Rows": 341839,
                                                        "Actual Loops": 6,
                                                        "Output": [
                                                            "mk.id",
                                                            "mk.movie_id",
                                                            "mk.keyword_id"
                                                        ],
                                                        "Filter": "(mk.keyword_id > 5964)",
                                                        "Rows Removed by Filter": 412149,
                                                        "Workers": [
                                                            {
                                                                "Worker Number": 0,
                                                                "Actual Startup Time": 0.319,
                                                                "Actual Total Time": 102.289,
                                                                "Actual Rows": 274392,
                                                                "Actual Loops": 1
                                                            },
                                                            {
                                                                "Worker Number": 1,
                                                                "Actual Startup Time": 0.259,
                                                                "Actual Total Time": 102.167,
                                                                "Actual Rows": 260432,
                                                                "Actual Loops": 1
                                                            },
                                                            {
                                                                "Worker Number": 2,
                                                                "Actual Startup Time": 0.202,
                                                                "Actual Total Time": 101.505,
                                                                "Actual Rows": 392108,
                                                                "Actual Loops": 1
                                                            },
                                                            {
                                                                "Worker Number": 3,
                                                                "Actual Startup Time": 0.303,
                                                                "Actual Total Time": 102.571,
                                                                "Actual Rows": 274672,
                                                                "Actual Loops": 1
                                                            },
                                                            {
                                                                "Worker Number": 4,
                                                                "Actual Startup Time": 0.303,
                                                                "Actual Total Time": 102.078,
                                                                "Actual Rows": 395591,
                                                                "Actual Loops": 1
                                                            }
                                                        ]
                                                    },
                                                    {
                                                        "Node Type": "Hash",
                                                        "Parent Relationship": "Inner",
                                                        "Parallel Aware": true,
                                                        "Startup Cost": 42318.81,
                                                        "Total Cost": 42318.81,
                                                        "Plan Rows": 632080,
                                                        "Plan Width": 4,
                                                        "Actual Startup Time": 270.465,
                                                        "Actual Total Time": 270.466,
                                                        "Actual Rows": 421385,
                                                        "Actual Loops": 6,
                                                        "Output": [
                                                            "t.id"
                                                        ],
                                                        "Hash Buckets": 4194304,
                                                        "Original Hash Buckets": 4194304,
                                                        "Hash Batches": 1,
                                                        "Original Hash Batches": 1,
                                                        "Peak Memory Usage": 131744,
                                                        "Workers": [
                                                            {
                                                                "Worker Number": 0,
                                                                "Actual Startup Time": 274.843,
                                                                "Actual Total Time": 274.844,
                                                                "Actual Rows": 349177,
                                                                "Actual Loops": 1
                                                            },
                                                            {
                                                                "Worker Number": 1,
                                                                "Actual Startup Time": 274.584,
                                                                "Actual Total Time": 274.585,
                                                                "Actual Rows": 311536,
                                                                "Actual Loops": 1
                                                            },
                                                            {
                                                                "Worker Number": 2,
                                                                "Actual Startup Time": 274.645,
                                                                "Actual Total Time": 274.646,
                                                                "Actual Rows": 450642,
                                                                "Actual Loops": 1
                                                            },
                                                            {
                                                                "Worker Number": 3,
                                                                "Actual Startup Time": 274.762,
                                                                "Actual Total Time": 274.763,
                                                                "Actual Rows": 345555,
                                                                "Actual Loops": 1
                                                            },
                                                            {
                                                                "Worker Number": 4,
                                                                "Actual Startup Time": 274.797,
                                                                "Actual Total Time": 274.797,
                                                                "Actual Rows": 459034,
                                                                "Actual Loops": 1
                                                            }
                                                        ],
                                                        "Plans": [
                                                            {
                                                                "Node Type": "Seq Scan",
                                                                "Parent Relationship": "Outer",
                                                                "Parallel Aware": true,
                                                                "Relation Name": "title",
                                                                "Schema": "public",
                                                                "Alias": "t",
                                                                "Startup Cost": 0.0,
                                                                "Total Cost": 42318.81,
                                                                "Plan Rows": 632080,
                                                                "Plan Width": 4,
                                                                "Actual Startup Time": 0.067,
                                                                "Actual Total Time": 83.091,
                                                                "Actual Rows": 421385,
                                                                "Actual Loops": 6,
                                                                "Output": [
                                                                    "t.id"
                                                                ],
                                                                "Workers": [
                                                                    {
                                                                        "Worker Number": 0,
                                                                        "Actual Startup Time": 0.075,
                                                                        "Actual Total Time": 88.02,
                                                                        "Actual Rows": 349177,
                                                                        "Actual Loops": 1
                                                                    },
                                                                    {
                                                                        "Worker Number": 1,
                                                                        "Actual Startup Time": 0.08,
                                                                        "Actual Total Time": 85.714,
                                                                        "Actual Rows": 311536,
                                                                        "Actual Loops": 1
                                                                    },
                                                                    {
                                                                        "Worker Number": 2,
                                                                        "Actual Startup Time": 0.094,
                                                                        "Actual Total Time": 83.932,
                                                                        "Actual Rows": 450642,
                                                                        "Actual Loops": 1
                                                                    },
                                                                    {
                                                                        "Worker Number": 3,
                                                                        "Actual Startup Time": 0.069,
                                                                        "Actual Total Time": 87.626,
                                                                        "Actual Rows": 345555,
                                                                        "Actual Loops": 1
                                                                    },
                                                                    {
                                                                        "Worker Number": 4,
                                                                        "Actual Startup Time": 0.068,
                                                                        "Actual Total Time": 83.902,
                                                                        "Actual Rows": 459034,
                                                                        "Actual Loops": 1
                                                                    }
                                                                ]
                                                            }
                                                        ]
                                                    }
                                                ]
                                            }
                                        ]
                                    }
                                ]
                            }
                        ]
                    }
                ]
            }
        ]
    },
    "Planning Time": 1.45,
    "Triggers": [],
    "Execution Time": 3272.364
}