[
  {
    "Plan": {
      "Node Type": "Aggregate",
      "Strategy": "Plain",
      "Partial Mode": "Finalize",
      "Parallel Aware": false,
      "Startup Cost": 501526.46,
      "Total Cost": 501526.47,
      "Plan Rows": 1,
      "Plan Width": 96,
      "Actual Startup Time": 3751.866,
      "Actual Total Time": 3838.688,
      "Actual Rows": 1,
      "Actual Loops": 1,
      "Plans": [
        {
          "Node Type": "Gather",
          "Parent Relationship": "Outer",
          "Parallel Aware": false,
          "Startup Cost": 501526.02,
          "Total Cost": 501526.43,
          "Plan Rows": 4,
          "Plan Width": 96,
          "Actual Startup Time": 3735.991,
          "Actual Total Time": 3838.663,
          "Actual Rows": 5,
          "Actual Loops": 1,
          "Workers Planned": 4,
          "Workers Launched": 4,
          "Single Copy": false,
          "Plans": [
            {
              "Node Type": "Aggregate",
              "Strategy": "Plain",
              "Partial Mode": "Partial",
              "Parent Relationship": "Outer",
              "Parallel Aware": false,
              "Startup Cost": 500526.02,
              "Total Cost": 500526.03,
              "Plan Rows": 1,
              "Plan Width": 96,
              "Actual Startup Time": 3717.973,
              "Actual Total Time": 3718.507,
              "Actual Rows": 1,
              "Actual Loops": 5,
              "Plans": [
                {
                  "Node Type": "Hash Join",
                  "Parent Relationship": "Outer",
                  "Parallel Aware": true,
                  "Join Type": "Inner",
                  "Startup Cost": 429264.81,
                  "Total Cost": 500509.48,
                  "Plan Rows": 2205,
                  "Plan Width": 48,
                  "Actual Startup Time": 3197.553,
                  "Actual Total Time": 3675.265,
                  "Actual Rows": 306810,
                  "Actual Loops": 5,
                  "Inner Unique": false,
                  "Hash Cond": "(n.id = ci.person_id)",
                  "Plans": [
                    {
                      "Node Type": "Seq Scan",
                      "Parent Relationship": "Outer",
                      "Parallel Aware": true,
                      "Relation Name": "name",
                      "Alias": "n",
                      "Startup Cost": 0.0,
                      "Total Cost": 66031.66,
                      "Plan Rows": 1041866,
                      "Plan Width": 19,
                      "Actual Startup Time": 0.027,
                      "Actual Total Time": 128.287,
                      "Actual Rows": 833498,
                      "Actual Loops": 5
                    },
                    {
                      "Node Type": "Hash",
                      "Parent Relationship": "Inner",
                      "Parallel Aware": true,
                      "Startup Cost": 429246.44,
                      "Total Cost": 429246.44,
                      "Plan Rows": 1470,
                      "Plan Width": 37,
                      "Actual Startup Time": 3195.24,
                      "Actual Total Time": 3195.772,
                      "Actual Rows": 306810,
                      "Actual Loops": 5,
                      "Hash Buckets": 2097152,
                      "Original Hash Buckets": 16384,
                      "Hash Batches": 1,
                      "Original Hash Batches": 1,
                      "Peak Memory Usage": 135456,
                      "Plans": [
                        {
                          "Node Type": "Hash Join",
                          "Parent Relationship": "Outer",
                          "Parallel Aware": true,
                          "Join Type": "Inner",
                          "Startup Cost": 93395.39,
                          "Total Cost": 429246.44,
                          "Plan Rows": 1470,
                          "Plan Width": 37,
                          "Actual Startup Time": 696.484,
                          "Actual Total Time": 2713.341,
                          "Actual Rows": 306810,
                          "Actual Loops": 5,
                          "Inner Unique": false,
                          "Hash Cond": "(ci.movie_id = t.id)",
                          "Plans": [
                            {
                              "Node Type": "Seq Scan",
                              "Parent Relationship": "Outer",
                              "Parallel Aware": true,
                              "Relation Name": "cast_info",
                              "Alias": "ci",
                              "Startup Cost": 0.0,
                              "Total Cost": 313168.83,
                              "Plan Rows": 6048183,
                              "Plan Width": 8,
                              "Actual Startup Time": 0.061,
                              "Actual Total Time": 964.324,
                              "Actual Rows": 7248869,
                              "Actual Loops": 5
                            },
                            {
                              "Node Type": "Hash",
                              "Parent Relationship": "Inner",
                              "Parallel Aware": true,
                              "Startup Cost": 93394.59,
                              "Total Cost": 93394.59,
                              "Plan Rows": 64,
                              "Plan Width": 41,
                              "Actual Startup Time": 696.317,
                              "Actual Total Time": 696.844,
                              "Actual Rows": 6935,
                              "Actual Loops": 5,
                              "Hash Buckets": 65536,
                              "Original Hash Buckets": 1024,
                              "Hash Batches": 1,
                              "Original Hash Batches": 1,
                              "Peak Memory Usage": 3704,
                              "Plans": [
                                {
                                  "Node Type": "Hash Join",
                                  "Parent Relationship": "Outer",
                                  "Parallel Aware": true,
                                  "Join Type": "Inner",
                                  "Startup Cost": 46511.78,
                                  "Total Cost": 93394.59,
                                  "Plan Rows": 64,
                                  "Plan Width": 41,
                                  "Actual Startup Time": 367.196,
                                  "Actual Total Time": 594.288,
                                  "Actual Rows": 6935,
                                  "Actual Loops": 5,
                                  "Inner Unique": false,
                                  "Hash Cond": "(t.id = mk.movie_id)",
                                  "Plans": [
                                    {
                                      "Node Type": "Seq Scan",
                                      "Parent Relationship": "Outer",
                                      "Parallel Aware": true,
                                      "Relation Name": "title",
                                      "Alias": "t",
                                      "Startup Cost": 0.0,
                                      "Total Cost": 43898.97,
                                      "Plan Rows": 596726,
                                      "Plan Width": 21,
                                      "Actual Startup Time": 0.051,
                                      "Actual Total Time": 157.384,
                                      "Actual Rows": 477775,
                                      "Actual Loops": 5,
                                      "Filter": "(production_year < 2013)",
                                      "Rows Removed by Filter": 27887
                                    },
                                    {
                                      "Node Type": "Hash",
                                      "Parent Relationship": "Inner",
                                      "Parallel Aware": true,
                                      "Startup Cost": 46510.69,
                                      "Total Cost": 46510.69,
                                      "Plan Rows": 87,
                                      "Plan Width": 20,
                                      "Actual Startup Time": 366.69,
                                      "Actual Total Time": 366.695,
                                      "Actual Rows": 7110,
                                      "Actual Loops": 5,
                                      "Hash Buckets": 65536,
                                      "Original Hash Buckets": 1024,
                                      "Hash Batches": 1,
                                      "Original Hash Batches": 1,
                                      "Peak Memory Usage": 2840,
                                      "Plans": [
                                        {
                                          "Node Type": "Hash Join",
                                          "Parent Relationship": "Outer",
                                          "Parallel Aware": false,
                                          "Join Type": "Inner",
                                          "Startup Cost": 3632.5,
                                          "Total Cost": 46510.69,
                                          "Plan Rows": 87,
                                          "Plan Width": 20,
                                          "Actual Startup Time": 52.734,
                                          "Actual Total Time": 289.382,
                                          "Actual Rows": 7110,
                                          "Actual Loops": 5,
                                          "Inner Unique": true,
                                          "Hash Cond": "(mk.keyword_id = k.id)",
                                          "Plans": [
                                            {
                                              "Node Type": "Seq Scan",
                                              "Parent Relationship": "Outer",
                                              "Parallel Aware": true,
                                              "Relation Name": "movie_keyword",
                                              "Alias": "mk",
                                              "Startup Cost": 0.0,
                                              "Total Cost": 39047.32,
                                              "Plan Rows": 1459332,
                                              "Plan Width": 8,
                                              "Actual Startup Time": 0.082,
                                              "Actual Total Time": 162.06,
                                              "Actual Rows": 904786,
                                              "Actual Loops": 5
                                            },
                                            {
                                              "Node Type": "Hash",
                                              "Parent Relationship": "Inner",
                                              "Parallel Aware": false,
                                              "Startup Cost": 3632.4,
                                              "Total Cost": 3632.4,
                                              "Plan Rows": 8,
                                              "Plan Width": 20,
                                              "Actual Startup Time": 52.218,
                                              "Actual Total Time": 52.22,
                                              "Actual Rows": 8,
                                              "Actual Loops": 5,
                                              "Hash Buckets": 1024,
                                              "Original Hash Buckets": 1024,
                                              "Hash Batches": 1,
                                              "Original Hash Batches": 1,
                                              "Peak Memory Usage": 9,
                                              "Plans": [
                                                {
                                                  "Node Type": "Seq Scan",
                                                  "Parent Relationship": "Outer",
                                                  "Parallel Aware": false,
                                                  "Relation Name": "keyword",
                                                  "Alias": "k",
                                                  "Startup Cost": 0.0,
                                                  "Total Cost": 3632.4,
                                                  "Plan Rows": 8,
                                                  "Plan Width": 20,
                                                  "Actual Startup Time": 0.341,
                                                  "Actual Total Time": 52.136,
                                                  "Actual Rows": 8,
                                                  "Actual Loops": 5,
                                                  "Filter": "(keyword = ANY ('{superhero,sequel,second-part,marvel-comics,based-on-comic,tv-special,fight,violence}'::text[]))",
                                                  "Rows Removed by Filter": 134162
                                                }
                                              ]
                                            }
                                          ]
                                        }
                                      ]
                                    }
                                  ]
                                }
                              ]
                            }
                          ]
                        }
                      ]
                    }
                  ]
                }
              ]
            }
          ]
        }
      ]
    },
    "Planning Time": 8.752,
    "Triggers": [],
    "Execution Time": 3839.591
  }
]