[
    {
        "Bao": {
            "Bao prediction": 704.275,
            "Bao recommended hint": "(no hint)"
        }
    },
    {
        "Plan": {
            "Node Type": "Aggregate",
            "Strategy": "Plain",
            "Partial Mode": "Finalize",
            "Parallel Aware": false,
            "Startup Cost": 81400.69,
            "Total Cost": 81400.7,
            "Plan Rows": 1,
            "Plan Width": 64,
            "Actual Startup Time": 3330.687,
            "Actual Total Time": 3455.226,
            "Actual Rows": 1,
            "Actual Loops": 1,
            "Output": [
                "min(an1.name)",
                "min(t.title)"
            ],
            "Plans": [
                {
                    "Node Type": "Gather",
                    "Parent Relationship": "Outer",
                    "Parallel Aware": false,
                    "Startup Cost": 81400.37,
                    "Total Cost": 81400.68,
                    "Plan Rows": 3,
                    "Plan Width": 64,
                    "Actual Startup Time": 3326.22,
                    "Actual Total Time": 3455.213,
                    "Actual Rows": 4,
                    "Actual Loops": 1,
                    "Output": [
                        "(PARTIAL min(an1.name))",
                        "(PARTIAL min(t.title))"
                    ],
                    "Workers Planned": 3,
                    "Workers Launched": 3,
                    "Single Copy": false,
                    "Plans": [
                        {
                            "Node Type": "Aggregate",
                            "Strategy": "Plain",
                            "Partial Mode": "Partial",
                            "Parent Relationship": "Outer",
                            "Parallel Aware": false,
                            "Startup Cost": 80400.37,
                            "Total Cost": 80400.38,
                            "Plan Rows": 1,
                            "Plan Width": 64,
                            "Actual Startup Time": 3315.389,
                            "Actual Total Time": 3315.395,
                            "Actual Rows": 1,
                            "Actual Loops": 4,
                            "Output": [
                                "PARTIAL min(an1.name)",
                                "PARTIAL min(t.title)"
                            ],
                            "Workers": [
                                {
                                    "Worker Number": 0,
                                    "Actual Startup Time": 3315.075,
                                    "Actual Total Time": 3315.081,
                                    "Actual Rows": 1,
                                    "Actual Loops": 1
                                },
                                {
                                    "Worker Number": 1,
                                    "Actual Startup Time": 3311.224,
                                    "Actual Total Time": 3311.228,
                                    "Actual Rows": 1,
                                    "Actual Loops": 1
                                },
                                {
                                    "Worker Number": 2,
                                    "Actual Startup Time": 3310.755,
                                    "Actual Total Time": 3310.761,
                                    "Actual Rows": 1,
                                    "Actual Loops": 1
                                }
                            ],
                            "Plans": [
                                {
                                    "Node Type": "Nested Loop",
                                    "Parent Relationship": "Outer",
                                    "Parallel Aware": false,
                                    "Join Type": "Inner",
                                    "Startup Cost": 4743.03,
                                    "Total Cost": 80109.39,
                                    "Plan Rows": 58195,
                                    "Plan Width": 33,
                                    "Actual Startup Time": 25.874,
                                    "Actual Total Time": 3265.297,
                                    "Actual Rows": 304302,
                                    "Actual Loops": 4,
                                    "Output": [
                                        "an1.name",
                                        "t.title"
                                    ],
                                    "Inner Unique": false,
                                    "Join Filter": "(n1.id = an1.person_id)",
                                    "Rows Removed by Join Filter": 0,
                                    "Workers": [
                                        {
                                            "Worker Number": 0,
                                            "Actual Startup Time": 21.935,
                                            "Actual Total Time": 3261.756,
                                            "Actual Rows": 248988,
                                            "Actual Loops": 1
                                        },
                                        {
                                            "Worker Number": 1,
                                            "Actual Startup Time": 22.666,
                                            "Actual Total Time": 3261.915,
                                            "Actual Rows": 309212,
                                            "Actual Loops": 1
                                        },
                                        {
                                            "Worker Number": 2,
                                            "Actual Startup Time": 23.531,
                                            "Actual Total Time": 3262.009,
                                            "Actual Rows": 283858,
                                            "Actual Loops": 1
                                        }
                                    ],
                                    "Plans": [
                                        {
                                            "Node Type": "Nested Loop",
                                            "Parent Relationship": "Outer",
                                            "Parallel Aware": false,
                                            "Join Type": "Inner",
                                            "Startup Cost": 4742.61,
                                            "Total Cost": 68307.04,
                                            "Plan Rows": 24254,
                                            "Plan Width": 25,
                                            "Actual Startup Time": 25.463,
                                            "Actual Total Time": 2489.894,
                                            "Actual Rows": 262209,
                                            "Actual Loops": 4,
                                            "Output": [
                                                "ci.person_id",
                                                "n1.id",
                                                "t.title"
                                            ],
                                            "Inner Unique": true,
                                            "Workers": [
                                                {
                                                    "Worker Number": 0,
                                                    "Actual Startup Time": 21.682,
                                                    "Actual Total Time": 2480.586,
                                                    "Actual Rows": 213837,
                                                    "Actual Loops": 1
                                                },
                                                {
                                                    "Worker Number": 1,
                                                    "Actual Startup Time": 22.4,
                                                    "Actual Total Time": 2495.573,
                                                    "Actual Rows": 266244,
                                                    "Actual Loops": 1
                                                },
                                                {
                                                    "Worker Number": 2,
                                                    "Actual Startup Time": 22.441,
                                                    "Actual Total Time": 2490.125,
                                                    "Actual Rows": 241696,
                                                    "Actual Loops": 1
                                                }
                                            ],
                                            "Plans": [
                                                {
                                                    "Node Type": "Hash Join",
                                                    "Parent Relationship": "Outer",
                                                    "Parallel Aware": false,
                                                    "Join Type": "Inner",
                                                    "Startup Cost": 4742.18,
                                                    "Total Cost": 57264.37,
                                                    "Plan Rows": 24254,
                                                    "Plan Width": 21,
                                                    "Actual Startup Time": 25.301,
                                                    "Actual Total Time": 1556.154,
                                                    "Actual Rows": 262209,
                                                    "Actual Loops": 4,
                                                    "Output": [
                                                        "ci.person_id",
                                                        "t.title"
                                                    ],
                                                    "Inner Unique": true,
                                                    "Hash Cond": "(ci.role_id = rt.id)",
                                                    "Workers": [
                                                        {
                                                            "Worker Number": 0,
                                                            "Actual Startup Time": 21.54,
                                                            "Actual Total Time": 1540.534,
                                                            "Actual Rows": 213837,
                                                            "Actual Loops": 1
                                                        },
                                                        {
                                                            "Worker Number": 1,
                                                            "Actual Startup Time": 22.247,
                                                            "Actual Total Time": 1571.368,
                                                            "Actual Rows": 266244,
                                                            "Actual Loops": 1
                                                        },
                                                        {
                                                            "Worker Number": 2,
                                                            "Actual Startup Time": 22.182,
                                                            "Actual Total Time": 1548.384,
                                                            "Actual Rows": 241696,
                                                            "Actual Loops": 1
                                                        }
                                                    ],
                                                    "Plans": [
                                                        {
                                                            "Node Type": "Nested Loop",
                                                            "Parent Relationship": "Outer",
                                                            "Parallel Aware": false,
                                                            "Join Type": "Inner",
                                                            "Startup Cost": 4741.01,
                                                            "Total Cost": 56229.39,
                                                            "Plan Rows": 291043,
                                                            "Plan Width": 25,
                                                            "Actual Startup Time": 24.252,
                                                            "Actual Total Time": 1445.265,
                                                            "Actual Rows": 863083,
                                                            "Actual Loops": 4,
                                                            "Output": [
                                                                "ci.person_id",
                                                                "ci.role_id",
                                                                "t.title"
                                                            ],
                                                            "Inner Unique": false,
                                                            "Workers": [
                                                                {
                                                                    "Worker Number": 0,
                                                                    "Actual Startup Time": 19.487,
                                                                    "Actual Total Time": 1423.682,
                                                                    "Actual Rows": 705626,
                                                                    "Actual Loops": 1
                                                                },
                                                                {
                                                                    "Worker Number": 1,
                                                                    "Actual Startup Time": 21.395,
                                                                    "Actual Total Time": 1459.278,
                                                                    "Actual Rows": 877315,
                                                                    "Actual Loops": 1
                                                                },
                                                                {
                                                                    "Worker Number": 2,
                                                                    "Actual Startup Time": 21.182,
                                                                    "Actual Total Time": 1438.81,
                                                                    "Actual Rows": 798669,
                                                                    "Actual Loops": 1
                                                                }
                                                            ],
                                                            "Plans": [
                                                                {
                                                                    "Node Type": "Nested Loop",
                                                                    "Parent Relationship": "Outer",
                                                                    "Parallel Aware": false,
                                                                    "Join Type": "Inner",
                                                                    "Startup Cost": 4740.45,
                                                                    "Total Cost": 38458.83,
                                                                    "Plan Rows": 8331,
                                                                    "Plan Width": 25,
                                                                    "Actual Startup Time": 24.141,
                                                                    "Actual Total Time": 280.082,
                                                                    "Actual Rows": 14102,
                                                                    "Actual Loops": 4,
                                                                    "Output": [
                                                                        "mc.movie_id",
                                                                        "t.title",
                                                                        "t.id"
                                                                    ],
                                                                    "Inner Unique": true,
                                                                    "Workers": [
                                                                        {
                                                                            "Worker Number": 0,
                                                                            "Actual Startup Time": 19.39,
                                                                            "Actual Total Time": 278.098,
                                                                            "Actual Rows": 11355,
                                                                            "Actual Loops": 1
                                                                        },
                                                                        {
                                                                            "Worker Number": 1,
                                                                            "Actual Startup Time": 21.266,
                                                                            "Actual Total Time": 282.434,
                                                                            "Actual Rows": 14369,
                                                                            "Actual Loops": 1
                                                                        },
                                                                        {
                                                                            "Worker Number": 2,
                                                                            "Actual Startup Time": 21.025,
                                                                            "Actual Total Time": 274.341,
                                                                            "Actual Rows": 13174,
                                                                            "Actual Loops": 1
                                                                        }
                                                                    ],
                                                                    "Plans": [
                                                                        {
                                                                            "Node Type": "Hash Join",
                                                                            "Parent Relationship": "Outer",
                                                                            "Parallel Aware": true,
                                                                            "Join Type": "Inner",
                                                                            "Startup Cost": 4740.02,
                                                                            "Total Cost": 34155.95,
                                                                            "Plan Rows": 8331,
                                                                            "Plan Width": 4,
                                                                            "Actual Startup Time": 24.03,
                                                                            "Actual Total Time": 196.613,
                                                                            "Actual Rows": 14102,
                                                                            "Actual Loops": 4,
                                                                            "Output": [
                                                                                "mc.movie_id"
                                                                            ],
                                                                            "Inner Unique": true,
                                                                            "Hash Cond": "(mc.company_id = cn.id)",
                                                                            "Workers": [
                                                                                {
                                                                                    "Worker Number": 0,
                                                                                    "Actual Startup Time": 19.275,
                                                                                    "Actual Total Time": 194.54,
                                                                                    "Actual Rows": 11355,
                                                                                    "Actual Loops": 1
                                                                                },
                                                                                {
                                                                                    "Worker Number": 1,
                                                                                    "Actual Startup Time": 21.154,
                                                                                    "Actual Total Time": 197.698,
                                                                                    "Actual Rows": 14369,
                                                                                    "Actual Loops": 1
                                                                                },
                                                                                {
                                                                                    "Worker Number": 2,
                                                                                    "Actual Startup Time": 20.857,
                                                                                    "Actual Total Time": 190.855,
                                                                                    "Actual Rows": 13174,
                                                                                    "Actual Loops": 1
                                                                                }
                                                                            ],
                                                                            "Plans": [
                                                                                {
                                                                                    "Node Type": "Seq Scan",
                                                                                    "Parent Relationship": "Outer",
                                                                                    "Parallel Aware": true,
                                                                                    "Relation Name": "movie_companies",
                                                                                    "Schema": "public",
                                                                                    "Alias": "mc",
                                                                                    "Startup Cost": 0.0,
                                                                                    "Total Cost": 27206.55,
                                                                                    "Plan Rows": 841655,
                                                                                    "Plan Width": 8,
                                                                                    "Actual Startup Time": 0.033,
                                                                                    "Actual Total Time": 99.623,
                                                                                    "Actual Rows": 652282,
                                                                                    "Actual Loops": 4,
                                                                                    "Output": [
                                                                                        "mc.id",
                                                                                        "mc.movie_id",
                                                                                        "mc.company_id",
                                                                                        "mc.company_type_id",
                                                                                        "mc.note"
                                                                                    ],
                                                                                    "Workers": [
                                                                                        {
                                                                                            "Worker Number": 0,
                                                                                            "Actual Startup Time": 0.028,
                                                                                            "Actual Total Time": 100.824,
                                                                                            "Actual Rows": 498674,
                                                                                            "Actual Loops": 1
                                                                                        },
                                                                                        {
                                                                                            "Worker Number": 1,
                                                                                            "Actual Startup Time": 0.043,
                                                                                            "Actual Total Time": 100.703,
                                                                                            "Actual Rows": 716229,
                                                                                            "Actual Loops": 1
                                                                                        },
                                                                                        {
                                                                                            "Worker Number": 2,
                                                                                            "Actual Startup Time": 0.048,
                                                                                            "Actual Total Time": 98.738,
                                                                                            "Actual Rows": 633825,
                                                                                            "Actual Loops": 1
                                                                                        }
                                                                                    ]
                                                                                },
                                                                                {
                                                                                    "Node Type": "Hash",
                                                                                    "Parent Relationship": "Inner",
                                                                                    "Parallel Aware": true,
                                                                                    "Startup Cost": 4722.92,
                                                                                    "Total Cost": 4722.92,
                                                                                    "Plan Rows": 1368,
                                                                                    "Plan Width": 4,
                                                                                    "Actual Startup Time": 22.978,
                                                                                    "Actual Total Time": 22.979,
                                                                                    "Actual Rows": 585,
                                                                                    "Actual Loops": 4,
                                                                                    "Output": [
                                                                                        "cn.id"
                                                                                    ],
                                                                                    "Hash Buckets": 4096,
                                                                                    "Original Hash Buckets": 4096,
                                                                                    "Hash Batches": 1,
                                                                                    "Original Hash Batches": 1,
                                                                                    "Peak Memory Usage": 192,
                                                                                    "Workers": [
                                                                                        {
                                                                                            "Worker Number": 0,
                                                                                            "Actual Startup Time": 19.158,
                                                                                            "Actual Total Time": 19.16,
                                                                                            "Actual Rows": 469,
                                                                                            "Actual Loops": 1
                                                                                        },
                                                                                        {
                                                                                            "Worker Number": 1,
                                                                                            "Actual Startup Time": 21.05,
                                                                                            "Actual Total Time": 21.051,
                                                                                            "Actual Rows": 579,
                                                                                            "Actual Loops": 1
                                                                                        },
                                                                                        {
                                                                                            "Worker Number": 2,
                                                                                            "Actual Startup Time": 20.724,
                                                                                            "Actual Total Time": 20.725,
                                                                                            "Actual Rows": 273,
                                                                                            "Actual Loops": 1
                                                                                        }
                                                                                    ],
                                                                                    "Plans": [
                                                                                        {
                                                                                            "Node Type": "Seq Scan",
                                                                                            "Parent Relationship": "Outer",
                                                                                            "Parallel Aware": true,
                                                                                            "Relation Name": "company_name",
                                                                                            "Schema": "public",
                                                                                            "Alias": "cn",
                                                                                            "Startup Cost": 0.0,
                                                                                            "Total Cost": 4722.92,
                                                                                            "Plan Rows": 1368,
                                                                                            "Plan Width": 4,
                                                                                            "Actual Startup Time": 0.058,
                                                                                            "Actual Total Time": 22.176,
                                                                                            "Actual Rows": 585,
                                                                                            "Actual Loops": 4,
                                                                                            "Output": [
                                                                                                "cn.id"
                                                                                            ],
                                                                                            "Filter": "((cn.country_code)::text = '[nl]'::text)",
                                                                                            "Rows Removed by Filter": 58164,
                                                                                            "Workers": [
                                                                                                {
                                                                                                    "Worker Number": 0,
                                                                                                    "Actual Startup Time": 0.053,
                                                                                                    "Actual Total Time": 18.589,
                                                                                                    "Actual Rows": 469,
                                                                                                    "Actual Loops": 1
                                                                                                },
                                                                                                {
                                                                                                    "Worker Number": 1,
                                                                                                    "Actual Startup Time": 0.073,
                                                                                                    "Actual Total Time": 20.37,
                                                                                                    "Actual Rows": 579,
                                                                                                    "Actual Loops": 1
                                                                                                },
                                                                                                {
                                                                                                    "Worker Number": 2,
                                                                                                    "Actual Startup Time": 0.055,
                                                                                                    "Actual Total Time": 19.812,
                                                                                                    "Actual Rows": 273,
                                                                                                    "Actual Loops": 1
                                                                                                }
                                                                                            ]
                                                                                        }
                                                                                    ]
                                                                                }
                                                                            ]
                                                                        },
                                                                        {
                                                                            "Node Type": "Index Scan",
                                                                            "Parent Relationship": "Inner",
                                                                            "Parallel Aware": false,
                                                                            "Scan Direction": "Forward",
                                                                            "Index Name": "title_pkey",
                                                                            "Relation Name": "title",
                                                                            "Schema": "public",
                                                                            "Alias": "t",
                                                                            "Startup Cost": 0.43,
                                                                            "Total Cost": 0.52,
                                                                            "Plan Rows": 1,
                                                                            "Plan Width": 21,
                                                                            "Actual Startup Time": 0.005,
                                                                            "Actual Total Time": 0.005,
                                                                            "Actual Rows": 1,
                                                                            "Actual Loops": 56410,
                                                                            "Output": [
                                                                                "t.id",
                                                                                "t.title",
                                                                                "t.imdb_index",
                                                                                "t.kind_id",
                                                                                "t.production_year",
                                                                                "t.imdb_id",
                                                                                "t.phonetic_code",
                                                                                "t.episode_of_id",
                                                                                "t.season_nr",
                                                                                "t.episode_nr",
                                                                                "t.series_years",
                                                                                "t.md5sum"
                                                                            ],
                                                                            "Index Cond": "(t.id = mc.movie_id)",
                                                                            "Rows Removed by Index Recheck": 0,
                                                                            "Workers": [
                                                                                {
                                                                                    "Worker Number": 0,
                                                                                    "Actual Startup Time": 0.007,
                                                                                    "Actual Total Time": 0.007,
                                                                                    "Actual Rows": 1,
                                                                                    "Actual Loops": 11355
                                                                                },
                                                                                {
                                                                                    "Worker Number": 1,
                                                                                    "Actual Startup Time": 0.005,
                                                                                    "Actual Total Time": 0.005,
                                                                                    "Actual Rows": 1,
                                                                                    "Actual Loops": 14369
                                                                                },
                                                                                {
                                                                                    "Worker Number": 2,
                                                                                    "Actual Startup Time": 0.006,
                                                                                    "Actual Total Time": 0.006,
                                                                                    "Actual Rows": 1,
                                                                                    "Actual Loops": 13174
                                                                                }
                                                                            ]
                                                                        }
                                                                    ]
                                                                },
                                                                {
                                                                    "Node Type": "Index Scan",
                                                                    "Parent Relationship": "Inner",
                                                                    "Parallel Aware": false,
                                                                    "Scan Direction": "Forward",
                                                                    "Index Name": "movie_id_cast_info",
                                                                    "Relation Name": "cast_info",
                                                                    "Schema": "public",
                                                                    "Alias": "ci",
                                                                    "Startup Cost": 0.56,
                                                                    "Total Cost": 1.78,
                                                                    "Plan Rows": 35,
                                                                    "Plan Width": 12,
                                                                    "Actual Startup Time": 0.009,
                                                                    "Actual Total Time": 0.073,
                                                                    "Actual Rows": 61,
                                                                    "Actual Loops": 56410,
                                                                    "Output": [
                                                                        "ci.id",
                                                                        "ci.person_id",
                                                                        "ci.movie_id",
                                                                        "ci.person_role_id",
                                                                        "ci.note",
                                                                        "ci.nr_order",
                                                                        "ci.role_id"
                                                                    ],
                                                                    "Index Cond": "(ci.movie_id = t.id)",
                                                                    "Rows Removed by Index Recheck": 0,
                                                                    "Workers": [
                                                                        {
                                                                            "Worker Number": 0,
                                                                            "Actual Startup Time": 0.011,
                                                                            "Actual Total Time": 0.088,
                                                                            "Actual Rows": 62,
                                                                            "Actual Loops": 11355
                                                                        },
                                                                        {
                                                                            "Worker Number": 1,
                                                                            "Actual Startup Time": 0.009,
                                                                            "Actual Total Time": 0.072,
                                                                            "Actual Rows": 61,
                                                                            "Actual Loops": 14369
                                                                        },
                                                                        {
                                                                            "Worker Number": 2,
                                                                            "Actual Startup Time": 0.009,
                                                                            "Actual Total Time": 0.078,
                                                                            "Actual Rows": 61,
                                                                            "Actual Loops": 13174
                                                                        }
                                                                    ]
                                                                }
                                                            ]
                                                        },
                                                        {
                                                            "Node Type": "Hash",
                                                            "Parent Relationship": "Inner",
                                                            "Parallel Aware": false,
                                                            "Startup Cost": 1.15,
                                                            "Total Cost": 1.15,
                                                            "Plan Rows": 1,
                                                            "Plan Width": 4,
                                                            "Actual Startup Time": 0.107,
                                                            "Actual Total Time": 0.107,
                                                            "Actual Rows": 1,
                                                            "Actual Loops": 4,
                                                            "Output": [
                                                                "rt.id"
                                                            ],
                                                            "Hash Buckets": 1024,
                                                            "Original Hash Buckets": 1024,
                                                            "Hash Batches": 1,
                                                            "Original Hash Batches": 1,
                                                            "Peak Memory Usage": 9,
                                                            "Workers": [
                                                                {
                                                                    "Worker Number": 0,
                                                                    "Actual Startup Time": 0.101,
                                                                    "Actual Total Time": 0.101,
                                                                    "Actual Rows": 1,
                                                                    "Actual Loops": 1
                                                                },
                                                                {
                                                                    "Worker Number": 1,
                                                                    "Actual Startup Time": 0.152,
                                                                    "Actual Total Time": 0.152,
                                                                    "Actual Rows": 1,
                                                                    "Actual Loops": 1
                                                                },
                                                                {
                                                                    "Worker Number": 2,
                                                                    "Actual Startup Time": 0.113,
                                                                    "Actual Total Time": 0.114,
                                                                    "Actual Rows": 1,
                                                                    "Actual Loops": 1
                                                                }
                                                            ],
                                                            "Plans": [
                                                                {
                                                                    "Node Type": "Seq Scan",
                                                                    "Parent Relationship": "Outer",
                                                                    "Parallel Aware": false,
                                                                    "Relation Name": "role_type",
                                                                    "Schema": "public",
                                                                    "Alias": "rt",
                                                                    "Startup Cost": 0.0,
                                                                    "Total Cost": 1.15,
                                                                    "Plan Rows": 1,
                                                                    "Plan Width": 4,
                                                                    "Actual Startup Time": 0.078,
                                                                    "Actual Total Time": 0.084,
                                                                    "Actual Rows": 1,
                                                                    "Actual Loops": 4,
                                                                    "Output": [
                                                                        "rt.id"
                                                                    ],
                                                                    "Filter": "((rt.role)::text = 'actor'::text)",
                                                                    "Rows Removed by Filter": 11,
                                                                    "Workers": [
                                                                        {
                                                                            "Worker Number": 0,
                                                                            "Actual Startup Time": 0.076,
                                                                            "Actual Total Time": 0.081,
                                                                            "Actual Rows": 1,
                                                                            "Actual Loops": 1
                                                                        },
                                                                        {
                                                                            "Worker Number": 1,
                                                                            "Actual Startup Time": 0.122,
                                                                            "Actual Total Time": 0.128,
                                                                            "Actual Rows": 1,
                                                                            "Actual Loops": 1
                                                                        },
                                                                        {
                                                                            "Worker Number": 2,
                                                                            "Actual Startup Time": 0.091,
                                                                            "Actual Total Time": 0.095,
                                                                            "Actual Rows": 1,
                                                                            "Actual Loops": 1
                                                                        }
                                                                    ]
                                                                }
                                                            ]
                                                        }
                                                    ]
                                                },
                                                {
                                                    "Node Type": "Index Only Scan",
                                                    "Parent Relationship": "Inner",
                                                    "Parallel Aware": false,
                                                    "Scan Direction": "Forward",
                                                    "Index Name": "name_pkey",
                                                    "Relation Name": "name",
                                                    "Schema": "public",
                                                    "Alias": "n1",
                                                    "Startup Cost": 0.43,
                                                    "Total Cost": 0.46,
                                                    "Plan Rows": 1,
                                                    "Plan Width": 4,
                                                    "Actual Startup Time": 0.003,
                                                    "Actual Total Time": 0.003,
                                                    "Actual Rows": 1,
                                                    "Actual Loops": 1048836,
                                                    "Output": [
                                                        "n1.id"
                                                    ],
                                                    "Index Cond": "(n1.id = ci.person_id)",
                                                    "Rows Removed by Index Recheck": 0,
                                                    "Heap Fetches": 1048836,
                                                    "Workers": [
                                                        {
                                                            "Worker Number": 0,
                                                            "Actual Startup Time": 0.004,
                                                            "Actual Total Time": 0.004,
                                                            "Actual Rows": 1,
                                                            "Actual Loops": 213837
                                                        },
                                                        {
                                                            "Worker Number": 1,
                                                            "Actual Startup Time": 0.003,
                                                            "Actual Total Time": 0.003,
                                                            "Actual Rows": 1,
                                                            "Actual Loops": 266244
                                                        },
                                                        {
                                                            "Worker Number": 2,
                                                            "Actual Startup Time": 0.004,
                                                            "Actual Total Time": 0.004,
                                                            "Actual Rows": 1,
                                                            "Actual Loops": 241696
                                                        }
                                                    ]
                                                }
                                            ]
                                        },
                                        {
                                            "Node Type": "Index Scan",
                                            "Parent Relationship": "Inner",
                                            "Parallel Aware": false,
                                            "Scan Direction": "Forward",
                                            "Index Name": "person_id_aka_name",
                                            "Relation Name": "aka_name",
                                            "Schema": "public",
                                            "Alias": "an1",
                                            "Startup Cost": 0.42,
                                            "Total Cost": 0.46,
                                            "Plan Rows": 2,
                                            "Plan Width": 20,
                                            "Actual Startup Time": 0.002,
                                            "Actual Total Time": 0.003,
                                            "Actual Rows": 1,
                                            "Actual Loops": 1048836,
                                            "Output": [
                                                "an1.id",
                                                "an1.person_id",
                                                "an1.name",
                                                "an1.imdb_index",
                                                "an1.name_pcode_cf",
                                                "an1.name_pcode_nf",
                                                "an1.surname_pcode",
                                                "an1.md5sum"
                                            ],
                                            "Index Cond": "(an1.person_id = ci.person_id)",
                                            "Rows Removed by Index Recheck": 0,
                                            "Workers": [
                                                {
                                                    "Worker Number": 0,
                                                    "Actual Startup Time": 0.003,
                                                    "Actual Total Time": 0.003,
                                                    "Actual Rows": 1,
                                                    "Actual Loops": 213837
                                                },
                                                {
                                                    "Worker Number": 1,
                                                    "Actual Startup Time": 0.002,
                                                    "Actual Total Time": 0.003,
                                                    "Actual Rows": 1,
                                                    "Actual Loops": 266244
                                                },
                                                {
                                                    "Worker Number": 2,
                                                    "Actual Startup Time": 0.002,
                                                    "Actual Total Time": 0.003,
                                                    "Actual Rows": 1,
                                                    "Actual Loops": 241696
                                                }
                                            ]
                                        }
                                    ]
                                }
                            ]
                        }
                    ]
                }
            ]
        },
        "Planning Time": 872.255,
        "Triggers": [],
        "Execution Time": 3456.123
    }
]