{
    "Plan": {
        "Node Type": "Aggregate",
        "Strategy": "Plain",
        "Partial Mode": "Simple",
        "Parallel Aware": false,
        "Startup Cost": 10001300253.01,
        "Total Cost": 10001300253.02,
        "Plan Rows": 1,
        "Plan Width": 8,
        "Actual Startup Time": 10374.77,
        "Actual Total Time": 10374.774,
        "Actual Rows": 1,
        "Actual Loops": 1,
        "Output": [
            "count(*)"
        ],
        "Plans": [
            {
                "Node Type": "Hash Join",
                "Parent Relationship": "Outer",
                "Parallel Aware": false,
                "Join Type": "Inner",
                "Startup Cost": 10000667389.09,
                "Total Cost": 10001295853.33,
                "Plan Rows": 1759872,
                "Plan Width": 0,
                "Actual Startup Time": 3336.674,
                "Actual Total Time": 10314.569,
                "Actual Rows": 1318317,
                "Actual Loops": 1,
                "Inner Unique": true,
                "Hash Cond": "(ci.movie_id = t.id)",
                "Plans": [
                    {
                        "Node Type": "Bitmap Heap Scan",
                        "Parent Relationship": "Outer",
                        "Parallel Aware": false,
                        "Relation Name": "cast_info",
                        "Schema": "public",
                        "Alias": "ci",
                        "Startup Cost": 548487.52,
                        "Total Cost": 1111734.14,
                        "Plan Rows": 24844769,
                        "Plan Width": 4,
                        "Actual Startup Time": 1715.399,
                        "Actual Total Time": 4571.499,
                        "Actual Rows": 24740114,
                        "Actual Loops": 1,
                        "Output": [
                            "ci.id",
                            "ci.person_id",
                            "ci.movie_id",
                            "ci.person_role_id",
                            "ci.note",
                            "ci.nr_order",
                            "ci.role_id"
                        ],
                        "Recheck Cond": "(ci.person_id < 2547802)",
                        "Rows Removed by Index Recheck": 0,
                        "Exact Heap Blocks": 230857,
                        "Lossy Heap Blocks": 0,
                        "Plans": [
                            {
                                "Node Type": "Bitmap Index Scan",
                                "Parent Relationship": "Outer",
                                "Parallel Aware": false,
                                "Index Name": "person_id_cast_info",
                                "Startup Cost": 0.0,
                                "Total Cost": 542276.33,
                                "Plan Rows": 24844769,
                                "Plan Width": 0,
                                "Actual Startup Time": 1642.48,
                                "Actual Total Time": 1642.481,
                                "Actual Rows": 24740114,
                                "Actual Loops": 1,
                                "Index Cond": "(ci.person_id < 2547802)"
                            }
                        ]
                    },
                    {
                        "Node Type": "Hash",
                        "Parent Relationship": "Inner",
                        "Parallel Aware": false,
                        "Startup Cost": 10000116662.9,
                        "Total Cost": 10000116662.9,
                        "Plan Rows": 179093,
                        "Plan Width": 4,
                        "Actual Startup Time": 1619.668,
                        "Actual Total Time": 1619.669,
                        "Actual Rows": 180956,
                        "Actual Loops": 1,
                        "Output": [
                            "t.id"
                        ],
                        "Hash Buckets": 262144,
                        "Original Hash Buckets": 262144,
                        "Hash Batches": 1,
                        "Original Hash Batches": 1,
                        "Peak Memory Usage": 8410,
                        "Plans": [
                            {
                                "Node Type": "Index Scan",
                                "Parent Relationship": "Outer",
                                "Parallel Aware": false,
                                "Scan Direction": "Forward",
                                "Index Name": "title_pkey",
                                "Relation Name": "title",
                                "Schema": "public",
                                "Alias": "t",
                                "Startup Cost": 10000000000.43,
                                "Total Cost": 10000116662.9,
                                "Plan Rows": 179093,
                                "Plan Width": 4,
                                "Actual Startup Time": 8.937,
                                "Actual Total Time": 1565.006,
                                "Actual Rows": 180956,
                                "Actual Loops": 1,
                                "Output": [
                                    "t.id"
                                ],
                                "Filter": "(t.production_year < 1953)",
                                "Rows Removed by Filter": 2347356
                            }
                        ]
                    }
                ]
            }
        ]
    },
    "Planning Time": 2.996,
    "Triggers": [],
    "Execution Time": 10376.597
}