{
  "Plan": {
    "Node Type": "Aggregate",
    "Strategy": "Plain",
    "Partial Mode": "Finalize",
    "Parallel Aware": false,
    "Startup Cost": 669891.56,
    "Total Cost": 669891.57,
    "Plan Rows": 1,
    "Plan Width": 8,
    "Actual Startup Time": 8141.671,
    "Actual Total Time": 8199.69,
    "Actual Rows": 1,
    "Actual Loops": 1,
    "Plans": [
      {
        "Node Type": "Gather",
        "Parent Relationship": "Outer",
        "Parallel Aware": false,
        "Startup Cost": 669891.44,
        "Total Cost": 669891.55,
        "Plan Rows": 1,
        "Plan Width": 8,
        "Actual Startup Time": 8139.153,
        "Actual Total Time": 8199.681,
        "Actual Rows": 2,
        "Actual Loops": 1,
        "Workers Planned": 1,
        "Workers Launched": 1,
        "Single Copy": false,
        "Plans": [
          {
            "Node Type": "Aggregate",
            "Strategy": "Plain",
            "Partial Mode": "Partial",
            "Parent Relationship": "Outer",
            "Parallel Aware": false,
            "Startup Cost": 668891.44,
            "Total Cost": 668891.45,
            "Plan Rows": 1,
            "Plan Width": 8,
            "Actual Startup Time": 8130.971,
            "Actual Total Time": 8130.974,
            "Actual Rows": 1,
            "Actual Loops": 2,
            "Plans": [
              {
                "Node Type": "Hash Join",
                "Parent Relationship": "Outer",
                "Parallel Aware": true,
                "Join Type": "Inner",
                "Startup Cost": 65888.86,
                "Total Cost": 638116.89,
                "Plan Rows": 12309821,
                "Plan Width": 0,
                "Actual Startup Time": 408.372,
                "Actual Total Time": 7710.301,
                "Actual Rows": 10184746,
                "Actual Loops": 2,
                "Inner Unique": true,
                "Hash Cond": "(ci.movie_id = t.id)",
                "Plans": [
                  {
                    "Node Type": "Seq Scan",
                    "Parent Relationship": "Outer",
                    "Parallel Aware": true,
                    "Relation Name": "cast_info",
                    "Alias": "ci",
                    "Startup Cost": 0.0,
                    "Total Cost": 519069.44,
                    "Plan Rows": 20250856,
                    "Plan Width": 4,
                    "Actual Startup Time": 38.509,
                    "Actual Total Time": 1640.98,
                    "Actual Rows": 17210946,
                    "Actual Loops": 2,
                    "Filter": "(person_id > 180279)",
                    "Rows Removed by Filter": 911226
                  },
                  {
                    "Node Type": "Hash",
                    "Parent Relationship": "Inner",
                    "Parallel Aware": true,
                    "Startup Cost": 54588.39,
                    "Total Cost": 54588.39,
                    "Plan Rows": 904038,
                    "Plan Width": 4,
                    "Actual Startup Time": 355.18,
                    "Actual Total Time": 355.181,
                    "Actual Rows": 771632,
                    "Actual Loops": 2,
                    "Hash Buckets": 2097152,
                    "Original Hash Buckets": 2097152,
                    "Hash Batches": 1,
                    "Original Hash Batches": 1,
                    "Peak Memory Usage": 76800,
                    "Plans": [
                      {
                        "Node Type": "Seq Scan",
                        "Parent Relationship": "Outer",
                        "Parallel Aware": true,
                        "Relation Name": "title",
                        "Alias": "t",
                        "Startup Cost": 0.0,
                        "Total Cost": 54588.39,
                        "Plan Rows": 904038,
                        "Plan Width": 4,
                        "Actual Startup Time": 0.027,
                        "Actual Total Time": 152.397,
                        "Actual Rows": 771632,
                        "Actual Loops": 2,
                        "Filter": "(kind_id = 7)",
                        "Rows Removed by Filter": 492524
                      }
                    ]
                  }
                ]
              }
            ]
          }
        ]
      }
    ]
  },
  "Planning Time": 0.614,
  "Triggers": [],
  "Execution Time": 8199.764
}