[
  {
    "Plan": {
      "Node Type": "Aggregate",
      "Strategy": "Plain",
      "Partial Mode": "Finalize",
      "Parallel Aware": false,
      "Startup Cost": 31659.61,
      "Total Cost": 31659.62,
      "Plan Rows": 1,
      "Plan Width": 8,
      "Actual Startup Time": 110.627,
      "Actual Total Time": 118.475,
      "Actual Rows": 1,
      "Actual Loops": 1,
      "Plans": [
        {
          "Node Type": "Gather",
          "Parent Relationship": "Outer",
          "Parallel Aware": false,
          "Startup Cost": 31659.29,
          "Total Cost": 31659.6,
          "Plan Rows": 3,
          "Plan Width": 8,
          "Actual Startup Time": 110.53,
          "Actual Total Time": 118.466,
          "Actual Rows": 4,
          "Actual Loops": 1,
          "Workers Planned": 3,
          "Workers Launched": 3,
          "Single Copy": false,
          "Plans": [
            {
              "Node Type": "Aggregate",
              "Strategy": "Plain",
              "Partial Mode": "Partial",
              "Parent Relationship": "Outer",
              "Parallel Aware": false,
              "Startup Cost": 30659.29,
              "Total Cost": 30659.3,
              "Plan Rows": 1,
              "Plan Width": 8,
              "Actual Startup Time": 102.31,
              "Actual Total Time": 102.311,
              "Actual Rows": 1,
              "Actual Loops": 4,
              "Plans": [
                {
                  "Node Type": "Seq Scan",
                  "Parent Relationship": "Outer",
                  "Parallel Aware": true,
                  "Relation Name": "movie_companies",
                  "Alias": "mc",
                  "Startup Cost": 0.0,
                  "Total Cost": 29310.68,
                  "Plan Rows": 539443,
                  "Plan Width": 0,
                  "Actual Startup Time": 0.048,
                  "Actual Total Time": 79.37,
                  "Actual Rows": 414939,
                  "Actual Loops": 4,
                  "Filter": "(company_id < 18631)",
                  "Rows Removed by Filter": 237343
                }
              ]
            }
          ]
        }
      ]
    },
    "Planning Time": 0.163,
    "Triggers": [],
    "Execution Time": 118.524
  }
]