[
  {
    "Plan": {
      "Node Type": "Aggregate",
      "Strategy": "Plain",
      "Partial Mode": "Finalize",
      "Parallel Aware": false,
      "Startup Cost": 30957.6,
      "Total Cost": 30957.61,
      "Plan Rows": 1,
      "Plan Width": 8,
      "Actual Startup Time": 96.867,
      "Actual Total Time": 104.554,
      "Actual Rows": 1,
      "Actual Loops": 1,
      "Plans": [
        {
          "Node Type": "Gather",
          "Parent Relationship": "Outer",
          "Parallel Aware": false,
          "Startup Cost": 30957.28,
          "Total Cost": 30957.59,
          "Plan Rows": 3,
          "Plan Width": 8,
          "Actual Startup Time": 96.729,
          "Actual Total Time": 104.545,
          "Actual Rows": 4,
          "Actual Loops": 1,
          "Workers Planned": 3,
          "Workers Launched": 3,
          "Single Copy": false,
          "Plans": [
            {
              "Node Type": "Aggregate",
              "Strategy": "Plain",
              "Partial Mode": "Partial",
              "Parent Relationship": "Outer",
              "Parallel Aware": false,
              "Startup Cost": 29957.28,
              "Total Cost": 29957.29,
              "Plan Rows": 1,
              "Plan Width": 8,
              "Actual Startup Time": 90.927,
              "Actual Total Time": 90.928,
              "Actual Rows": 1,
              "Actual Loops": 4,
              "Plans": [
                {
                  "Node Type": "Seq Scan",
                  "Parent Relationship": "Outer",
                  "Parallel Aware": true,
                  "Relation Name": "movie_companies",
                  "Alias": "mc",
                  "Startup Cost": 0.0,
                  "Total Cost": 29310.68,
                  "Plan Rows": 258640,
                  "Plan Width": 0,
                  "Actual Startup Time": 0.035,
                  "Actual Total Time": 77.745,
                  "Actual Rows": 198552,
                  "Actual Loops": 4,
                  "Filter": "(company_id < 1716)",
                  "Rows Removed by Filter": 453730
                }
              ]
            }
          ]
        }
      ]
    },
    "Planning Time": 0.194,
    "Triggers": [],
    "Execution Time": 104.611
  }
]