[
    {
        "Bao": {
            "Bao prediction": "NaN",
            "Bao recommended hint": "(no hint)"
        }
    },
    {
        "Plan": {
            "Node Type": "Aggregate",
            "Strategy": "Plain",
            "Partial Mode": "Finalize",
            "Parallel Aware": false,
            "Startup Cost": 92006.65,
            "Total Cost": 92006.66,
            "Plan Rows": 1,
            "Plan Width": 8,
            "Actual Startup Time": 299.952,
            "Actual Total Time": 313.381,
            "Actual Rows": 1,
            "Actual Loops": 1,
            "Output": [
                "count(*)"
            ],
            "Plans": [
                {
                    "Node Type": "Gather",
                    "Parent Relationship": "Outer",
                    "Parallel Aware": false,
                    "Startup Cost": 92006.33,
                    "Total Cost": 92006.64,
                    "Plan Rows": 3,
                    "Plan Width": 8,
                    "Actual Startup Time": 298.477,
                    "Actual Total Time": 313.373,
                    "Actual Rows": 4,
                    "Actual Loops": 1,
                    "Output": [
                        "(PARTIAL count(*))"
                    ],
                    "Workers Planned": 3,
                    "Workers Launched": 3,
                    "Single Copy": false,
                    "Plans": [
                        {
                            "Node Type": "Aggregate",
                            "Strategy": "Plain",
                            "Partial Mode": "Partial",
                            "Parent Relationship": "Outer",
                            "Parallel Aware": false,
                            "Startup Cost": 91006.33,
                            "Total Cost": 91006.34,
                            "Plan Rows": 1,
                            "Plan Width": 8,
                            "Actual Startup Time": 289.336,
                            "Actual Total Time": 289.339,
                            "Actual Rows": 1,
                            "Actual Loops": 4,
                            "Output": [
                                "PARTIAL count(*)"
                            ],
                            "Workers": [
                                {
                                    "Worker Number": 0,
                                    "Actual Startup Time": 286.286,
                                    "Actual Total Time": 286.289,
                                    "Actual Rows": 1,
                                    "Actual Loops": 1
                                },
                                {
                                    "Worker Number": 1,
                                    "Actual Startup Time": 286.633,
                                    "Actual Total Time": 286.636,
                                    "Actual Rows": 1,
                                    "Actual Loops": 1
                                },
                                {
                                    "Worker Number": 2,
                                    "Actual Startup Time": 286.639,
                                    "Actual Total Time": 286.642,
                                    "Actual Rows": 1,
                                    "Actual Loops": 1
                                }
                            ],
                            "Plans": [
                                {
                                    "Node Type": "Hash Join",
                                    "Parent Relationship": "Outer",
                                    "Parallel Aware": true,
                                    "Join Type": "Inner",
                                    "Startup Cost": 47323.38,
                                    "Total Cost": 90826.77,
                                    "Plan Rows": 71822,
                                    "Plan Width": 0,
                                    "Actual Startup Time": 157.774,
                                    "Actual Total Time": 284.496,
                                    "Actual Rows": 99183,
                                    "Actual Loops": 4,
                                    "Inner Unique": true,
                                    "Hash Cond": "(mk.movie_id = t.id)",
                                    "Workers": [
                                        {
                                            "Worker Number": 0,
                                            "Actual Startup Time": 154.8,
                                            "Actual Total Time": 281.605,
                                            "Actual Rows": 103821,
                                            "Actual Loops": 1
                                        },
                                        {
                                            "Worker Number": 1,
                                            "Actual Startup Time": 155.135,
                                            "Actual Total Time": 281.908,
                                            "Actual Rows": 105519,
                                            "Actual Loops": 1
                                        },
                                        {
                                            "Worker Number": 2,
                                            "Actual Startup Time": 155.133,
                                            "Actual Total Time": 281.864,
                                            "Actual Rows": 106829,
                                            "Actual Loops": 1
                                        }
                                    ],
                                    "Plans": [
                                        {
                                            "Node Type": "Seq Scan",
                                            "Parent Relationship": "Outer",
                                            "Parallel Aware": true,
                                            "Relation Name": "movie_keyword",
                                            "Schema": "public",
                                            "Alias": "mk",
                                            "Startup Cost": 0.0,
                                            "Total Cost": 42695.65,
                                            "Plan Rows": 307710,
                                            "Plan Width": 4,
                                            "Actual Startup Time": 1.38,
                                            "Actual Total Time": 90.692,
                                            "Actual Rows": 235428,
                                            "Actual Loops": 4,
                                            "Output": [
                                                "mk.id",
                                                "mk.movie_id",
                                                "mk.keyword_id"
                                            ],
                                            "Filter": "(mk.keyword_id > 20142)",
                                            "Rows Removed by Filter": 895554,
                                            "Workers": [
                                                {
                                                    "Worker Number": 0,
                                                    "Actual Startup Time": 1.378,
                                                    "Actual Total Time": 91.291,
                                                    "Actual Rows": 247274,
                                                    "Actual Loops": 1
                                                },
                                                {
                                                    "Worker Number": 1,
                                                    "Actual Startup Time": 1.386,
                                                    "Actual Total Time": 91.577,
                                                    "Actual Rows": 252083,
                                                    "Actual Loops": 1
                                                },
                                                {
                                                    "Worker Number": 2,
                                                    "Actual Startup Time": 1.357,
                                                    "Actual Total Time": 91.493,
                                                    "Actual Rows": 252420,
                                                    "Actual Loops": 1
                                                }
                                            ]
                                        },
                                        {
                                            "Node Type": "Hash",
                                            "Parent Relationship": "Inner",
                                            "Parallel Aware": true,
                                            "Startup Cost": 45479.21,
                                            "Total Cost": 45479.21,
                                            "Plan Rows": 147534,
                                            "Plan Width": 4,
                                            "Actual Startup Time": 150.849,
                                            "Actual Total Time": 150.85,
                                            "Actual Rows": 117008,
                                            "Actual Loops": 4,
                                            "Output": [
                                                "t.id"
                                            ],
                                            "Hash Buckets": 1048576,
                                            "Original Hash Buckets": 1048576,
                                            "Hash Batches": 1,
                                            "Original Hash Batches": 1,
                                            "Peak Memory Usage": 26560,
                                            "Workers": [
                                                {
                                                    "Worker Number": 0,
                                                    "Actual Startup Time": 152.658,
                                                    "Actual Total Time": 152.659,
                                                    "Actual Rows": 116692,
                                                    "Actual Loops": 1
                                                },
                                                {
                                                    "Worker Number": 1,
                                                    "Actual Startup Time": 152.91,
                                                    "Actual Total Time": 152.911,
                                                    "Actual Rows": 121425,
                                                    "Actual Loops": 1
                                                },
                                                {
                                                    "Worker Number": 2,
                                                    "Actual Startup Time": 152.926,
                                                    "Actual Total Time": 152.927,
                                                    "Actual Rows": 121840,
                                                    "Actual Loops": 1
                                                }
                                            ],
                                            "Plans": [
                                                {
                                                    "Node Type": "Seq Scan",
                                                    "Parent Relationship": "Outer",
                                                    "Parallel Aware": true,
                                                    "Relation Name": "title",
                                                    "Schema": "public",
                                                    "Alias": "t",
                                                    "Startup Cost": 0.0,
                                                    "Total Cost": 45479.21,
                                                    "Plan Rows": 147534,
                                                    "Plan Width": 4,
                                                    "Actual Startup Time": 0.049,
                                                    "Actual Total Time": 101.888,
                                                    "Actual Rows": 117008,
                                                    "Actual Loops": 4,
                                                    "Output": [
                                                        "t.id"
                                                    ],
                                                    "Filter": "((t.kind_id < 3) AND (t.production_year > 1978))",
                                                    "Rows Removed by Filter": 515070,
                                                    "Workers": [
                                                        {
                                                            "Worker Number": 0,
                                                            "Actual Startup Time": 0.058,
                                                            "Actual Total Time": 102.165,
                                                            "Actual Rows": 116692,
                                                            "Actual Loops": 1
                                                        },
                                                        {
                                                            "Worker Number": 1,
                                                            "Actual Startup Time": 0.052,
                                                            "Actual Total Time": 101.757,
                                                            "Actual Rows": 121425,
                                                            "Actual Loops": 1
                                                        },
                                                        {
                                                            "Worker Number": 2,
                                                            "Actual Startup Time": 0.064,
                                                            "Actual Total Time": 102.134,
                                                            "Actual Rows": 121840,
                                                            "Actual Loops": 1
                                                        }
                                                    ]
                                                }
                                            ]
                                        }
                                    ]
                                }
                            ]
                        }
                    ]
                }
            ]
        },
        "Planning Time": 270.654,
        "Triggers": [],
        "Execution Time": 313.469
    }
]