{
  "Plan": {
    "Node Type": "Aggregate",
    "Strategy": "Plain",
    "Partial Mode": "Finalize",
    "Parallel Aware": false,
    "Startup Cost": 994680.05,
    "Total Cost": 994680.06,
    "Plan Rows": 1,
    "Plan Width": 8,
    "Actual Startup Time": 6608.612,
    "Actual Total Time": 6687.474,
    "Actual Rows": 1,
    "Actual Loops": 1,
    "Plans": [
      {
        "Node Type": "Gather",
        "Parent Relationship": "Outer",
        "Parallel Aware": false,
        "Startup Cost": 994679.94,
        "Total Cost": 994680.05,
        "Plan Rows": 1,
        "Plan Width": 8,
        "Actual Startup Time": 6605.849,
        "Actual Total Time": 6687.466,
        "Actual Rows": 2,
        "Actual Loops": 1,
        "Workers Planned": 1,
        "Workers Launched": 1,
        "Single Copy": false,
        "Plans": [
          {
            "Node Type": "Aggregate",
            "Strategy": "Plain",
            "Partial Mode": "Partial",
            "Parent Relationship": "Outer",
            "Parallel Aware": false,
            "Startup Cost": 993679.94,
            "Total Cost": 993679.95,
            "Plan Rows": 1,
            "Plan Width": 8,
            "Actual Startup Time": 6598.796,
            "Actual Total Time": 6598.801,
            "Actual Rows": 1,
            "Actual Loops": 2,
            "Plans": [
              {
                "Node Type": "Hash Join",
                "Parent Relationship": "Outer",
                "Parallel Aware": true,
                "Join Type": "Inner",
                "Startup Cost": 592039.18,
                "Total Cost": 980562.61,
                "Plan Rows": 5246929,
                "Plan Width": 0,
                "Actual Startup Time": 4020.733,
                "Actual Total Time": 6500.108,
                "Actual Rows": 2443584,
                "Actual Loops": 2,
                "Inner Unique": false,
                "Hash Cond": "(mi.movie_id = t.id)",
                "Plans": [
                  {
                    "Node Type": "Seq Scan",
                    "Parent Relationship": "Outer",
                    "Parallel Aware": true,
                    "Relation Name": "movie_info",
                    "Alias": "mi",
                    "Startup Cost": 0.0,
                    "Total Cost": 248955.74,
                    "Plan Rows": 8696274,
                    "Plan Width": 4,
                    "Actual Startup Time": 0.015,
                    "Actual Total Time": 608.099,
                    "Actual Rows": 7417860,
                    "Actual Loops": 2
                  },
                  {
                    "Node Type": "Hash",
                    "Parent Relationship": "Inner",
                    "Parallel Aware": true,
                    "Startup Cost": 580822.61,
                    "Total Cost": 580822.61,
                    "Plan Rows": 897326,
                    "Plan Width": 8,
                    "Actual Startup Time": 4004.558,
                    "Actual Total Time": 4004.561,
                    "Actual Rows": 860829,
                    "Actual Loops": 2,
                    "Hash Buckets": 2097152,
                    "Original Hash Buckets": 2097152,
                    "Hash Batches": 1,
                    "Original Hash Batches": 1,
                    "Peak Memory Usage": 83776,
                    "Plans": [
                      {
                        "Node Type": "Hash Join",
                        "Parent Relationship": "Outer",
                        "Parallel Aware": true,
                        "Join Type": "Inner",
                        "Startup Cost": 59089.26,
                        "Total Cost": 580822.61,
                        "Plan Rows": 897326,
                        "Plan Width": 8,
                        "Actual Startup Time": 154.366,
                        "Actual Total Time": 3748.082,
                        "Actual Rows": 860829,
                        "Actual Loops": 2,
                        "Inner Unique": true,
                        "Hash Cond": "(ci.movie_id = t.id)",
                        "Plans": [
                          {
                            "Node Type": "Seq Scan",
                            "Parent Relationship": "Outer",
                            "Parallel Aware": true,
                            "Relation Name": "cast_info",
                            "Alias": "ci",
                            "Startup Cost": 0.0,
                            "Total Cost": 465792.95,
                            "Plan Rows": 21310595,
                            "Plan Width": 4,
                            "Actual Startup Time": 0.011,
                            "Actual Total Time": 1308.751,
                            "Actual Rows": 18122172,
                            "Actual Loops": 2
                          },
                          {
                            "Node Type": "Hash",
                            "Parent Relationship": "Inner",
                            "Parallel Aware": true,
                            "Startup Cost": 58306.47,
                            "Total Cost": 58306.47,
                            "Plan Rows": 62623,
                            "Plan Width": 4,
                            "Actual Startup Time": 153.729,
                            "Actual Total Time": 153.73,
                            "Actual Rows": 57982,
                            "Actual Loops": 2,
                            "Hash Buckets": 131072,
                            "Original Hash Buckets": 131072,
                            "Hash Batches": 1,
                            "Original Hash Batches": 1,
                            "Peak Memory Usage": 5600,
                            "Plans": [
                              {
                                "Node Type": "Seq Scan",
                                "Parent Relationship": "Outer",
                                "Parallel Aware": true,
                                "Relation Name": "title",
                                "Alias": "t",
                                "Startup Cost": 0.0,
                                "Total Cost": 58306.47,
                                "Plan Rows": 62623,
                                "Plan Width": 4,
                                "Actual Startup Time": 0.041,
                                "Actual Total Time": 138.942,
                                "Actual Rows": 57982,
                                "Actual Loops": 2,
                                "Filter": "((kind_id > 3) AND (production_year = 2012))",
                                "Rows Removed by Filter": 1206174
                              }
                            ]
                          }
                        ]
                      }
                    ]
                  }
                ]
              }
            ]
          }
        ]
      }
    ]
  },
  "Planning Time": 0.806,
  "Triggers": [],
  "Execution Time": 6687.563
}