[
  {
    "Plan": {
      "Node Type": "Aggregate",
      "Strategy": "Plain",
      "Partial Mode": "Finalize",
      "Parallel Aware": false,
      "Startup Cost": 46746.99,
      "Total Cost": 46747.0,
      "Plan Rows": 1,
      "Plan Width": 8,
      "Actual Startup Time": 194.255,
      "Actual Total Time": 203.975,
      "Actual Rows": 1,
      "Actual Loops": 1,
      "Plans": [
        {
          "Node Type": "Gather",
          "Parent Relationship": "Outer",
          "Parallel Aware": false,
          "Startup Cost": 46746.67,
          "Total Cost": 46746.98,
          "Plan Rows": 3,
          "Plan Width": 8,
          "Actual Startup Time": 194.16,
          "Actual Total Time": 203.968,
          "Actual Rows": 4,
          "Actual Loops": 1,
          "Workers Planned": 3,
          "Workers Launched": 3,
          "Single Copy": false,
          "Plans": [
            {
              "Node Type": "Aggregate",
              "Strategy": "Plain",
              "Partial Mode": "Partial",
              "Parent Relationship": "Outer",
              "Parallel Aware": false,
              "Startup Cost": 45746.67,
              "Total Cost": 45746.68,
              "Plan Rows": 1,
              "Plan Width": 8,
              "Actual Startup Time": 187.832,
              "Actual Total Time": 187.833,
              "Actual Rows": 1,
              "Actual Loops": 4,
              "Plans": [
                {
                  "Node Type": "Seq Scan",
                  "Parent Relationship": "Outer",
                  "Parallel Aware": true,
                  "Relation Name": "movie_keyword",
                  "Alias": "mk",
                  "Startup Cost": 0.0,
                  "Total Cost": 42695.65,
                  "Plan Rows": 1220408,
                  "Plan Width": 0,
                  "Actual Startup Time": 0.057,
                  "Actual Total Time": 138.283,
                  "Actual Rows": 947780,
                  "Actual Loops": 4,
                  "Filter": "(keyword_id < 25676)",
                  "Rows Removed by Filter": 183202
                }
              ]
            }
          ]
        }
      ]
    },
    "Planning Time": 0.178,
    "Triggers": [],
    "Execution Time": 204.031
  }
]