[
  {
    "Plan": {
      "Node Type": "Aggregate",
      "Strategy": "Plain",
      "Partial Mode": "Finalize",
      "Parallel Aware": false,
      "Startup Cost": 440797.52,
      "Total Cost": 440797.53,
      "Plan Rows": 1,
      "Plan Width": 8,
      "Actual Startup Time": 1850.431,
      "Actual Total Time": 1905.131,
      "Actual Rows": 1,
      "Actual Loops": 1,
      "Plans": [
        {
          "Node Type": "Gather",
          "Parent Relationship": "Outer",
          "Parallel Aware": false,
          "Startup Cost": 440796.9,
          "Total Cost": 440797.51,
          "Plan Rows": 6,
          "Plan Width": 8,
          "Actual Startup Time": 1836.454,
          "Actual Total Time": 1905.104,
          "Actual Rows": 7,
          "Actual Loops": 1,
          "Workers Planned": 6,
          "Workers Launched": 6,
          "Single Copy": false,
          "Plans": [
            {
              "Node Type": "Aggregate",
              "Strategy": "Plain",
              "Partial Mode": "Partial",
              "Parent Relationship": "Outer",
              "Parallel Aware": false,
              "Startup Cost": 439796.9,
              "Total Cost": 439796.91,
              "Plan Rows": 1,
              "Plan Width": 8,
              "Actual Startup Time": 1827.231,
              "Actual Total Time": 1827.493,
              "Actual Rows": 1,
              "Actual Loops": 7,
              "Plans": [
                {
                  "Node Type": "Hash Join",
                  "Parent Relationship": "Outer",
                  "Parallel Aware": true,
                  "Join Type": "Inner",
                  "Startup Cost": 83429.5,
                  "Total Cost": 436128.81,
                  "Plan Rows": 1467234,
                  "Plan Width": 0,
                  "Actual Startup Time": 329.254,
                  "Actual Total Time": 1779.72,
                  "Actual Rows": 992828,
                  "Actual Loops": 7,
                  "Inner Unique": false,
                  "Hash Cond": "(ci.movie_id = t.id)",
                  "Plans": [
                    {
                      "Node Type": "Seq Scan",
                      "Parent Relationship": "Outer",
                      "Parallel Aware": true,
                      "Relation Name": "cast_info",
                      "Alias": "ci",
                      "Startup Cost": 0.0,
                      "Total Cost": 328211.39,
                      "Plan Rows": 5267977,
                      "Plan Width": 4,
                      "Actual Startup Time": 0.041,
                      "Actual Total Time": 731.3,
                      "Actual Rows": 4515030,
                      "Actual Loops": 7,
                      "Filter": "(role_id < 10)",
                      "Rows Removed by Filter": 662734
                    },
                    {
                      "Node Type": "Hash",
                      "Parent Relationship": "Inner",
                      "Parallel Aware": true,
                      "Startup Cost": 80589.92,
                      "Total Cost": 80589.92,
                      "Plan Rows": 227166,
                      "Plan Width": 8,
                      "Actual Startup Time": 327.187,
                      "Actual Total Time": 327.445,
                      "Actual Rows": 51204,
                      "Actual Loops": 7,
                      "Hash Buckets": 1048576,
                      "Original Hash Buckets": 1048576,
                      "Hash Batches": 1,
                      "Original Hash Batches": 1,
                      "Peak Memory Usage": 22368,
                      "Plans": [
                        {
                          "Node Type": "Hash Join",
                          "Parent Relationship": "Outer",
                          "Parallel Aware": true,
                          "Join Type": "Inner",
                          "Startup Cost": 50302.26,
                          "Total Cost": 80589.92,
                          "Plan Rows": 227166,
                          "Plan Width": 8,
                          "Actual Startup Time": 205.093,
                          "Actual Total Time": 302.788,
                          "Actual Rows": 51204,
                          "Actual Loops": 7,
                          "Inner Unique": true,
                          "Hash Cond": "(mc.movie_id = t.id)",
                          "Plans": [
                            {
                              "Node Type": "Seq Scan",
                              "Parent Relationship": "Outer",
                              "Parallel Aware": true,
                              "Relation Name": "movie_companies",
                              "Alias": "mc",
                              "Startup Cost": 0.0,
                              "Total Cost": 29310.68,
                              "Plan Rows": 372182,
                              "Plan Width": 4,
                              "Actual Startup Time": 7.134,
                              "Actual Total Time": 46.751,
                              "Actual Rows": 163438,
                              "Actual Loops": 7,
                              "Filter": "(company_id > 13214)",
                              "Rows Removed by Filter": 209294
                            },
                            {
                              "Node Type": "Hash",
                              "Parent Relationship": "Inner",
                              "Parallel Aware": true,
                              "Startup Cost": 45479.59,
                              "Total Cost": 45479.59,
                              "Plan Rows": 385814,
                              "Plan Width": 4,
                              "Actual Startup Time": 195.912,
                              "Actual Total Time": 195.915,
                              "Actual Rows": 235648,
                              "Actual Loops": 7,
                              "Hash Buckets": 2097152,
                              "Original Hash Buckets": 2097152,
                              "Hash Batches": 1,
                              "Original Hash Batches": 1,
                              "Peak Memory Usage": 80992,
                              "Plans": [
                                {
                                  "Node Type": "Seq Scan",
                                  "Parent Relationship": "Outer",
                                  "Parallel Aware": true,
                                  "Relation Name": "title",
                                  "Alias": "t",
                                  "Startup Cost": 0.0,
                                  "Total Cost": 45479.59,
                                  "Plan Rows": 385814,
                                  "Plan Width": 4,
                                  "Actual Startup Time": 0.047,
                                  "Actual Total Time": 84.119,
                                  "Actual Rows": 235648,
                                  "Actual Loops": 7,
                                  "Filter": "((kind_id > 1) AND (production_year > 1970))",
                                  "Rows Removed by Filter": 125539
                                }
                              ]
                            }
                          ]
                        }
                      ]
                    }
                  ]
                }
              ]
            }
          ]
        }
      ]
    },
    "Planning Time": 0.533,
    "Triggers": [],
    "Execution Time": 1905.196
  }
]