[
  {
    "Plan": {
      "Node Type": "Aggregate",
      "Strategy": "Plain",
      "Partial Mode": "Finalize",
      "Parallel Aware": false,
      "Startup Cost": 76296.07,
      "Total Cost": 76296.08,
      "Plan Rows": 1,
      "Plan Width": 8,
      "Actual Startup Time": 276.324,
      "Actual Total Time": 294.984,
      "Actual Rows": 1,
      "Actual Loops": 1,
      "Plans": [
        {
          "Node Type": "Gather",
          "Parent Relationship": "Outer",
          "Parallel Aware": false,
          "Startup Cost": 76295.65,
          "Total Cost": 76296.06,
          "Plan Rows": 4,
          "Plan Width": 8,
          "Actual Startup Time": 274.73,
          "Actual Total Time": 294.974,
          "Actual Rows": 5,
          "Actual Loops": 1,
          "Workers Planned": 4,
          "Workers Launched": 4,
          "Single Copy": false,
          "Plans": [
            {
              "Node Type": "Aggregate",
              "Strategy": "Plain",
              "Partial Mode": "Partial",
              "Parent Relationship": "Outer",
              "Parallel Aware": false,
              "Startup Cost": 75295.65,
              "Total Cost": 75295.66,
              "Plan Rows": 1,
              "Plan Width": 8,
              "Actual Startup Time": 264.6,
              "Actual Total Time": 264.604,
              "Actual Rows": 1,
              "Actual Loops": 5,
              "Plans": [
                {
                  "Node Type": "Hash Join",
                  "Parent Relationship": "Outer",
                  "Parallel Aware": true,
                  "Join Type": "Inner",
                  "Startup Cost": 29549.31,
                  "Total Cost": 75178.97,
                  "Plan Rows": 46673,
                  "Plan Width": 0,
                  "Actual Startup Time": 109.141,
                  "Actual Total Time": 261.955,
                  "Actual Rows": 57918,
                  "Actual Loops": 5,
                  "Inner Unique": false,
                  "Hash Cond": "(t.id = mc.movie_id)",
                  "Plans": [
                    {
                      "Node Type": "Seq Scan",
                      "Parent Relationship": "Outer",
                      "Parallel Aware": true,
                      "Relation Name": "title",
                      "Alias": "t",
                      "Startup Cost": 0.0,
                      "Total Cost": 42318.73,
                      "Plan Rows": 632073,
                      "Plan Width": 4,
                      "Actual Startup Time": 0.01,
                      "Actual Total Time": 64.327,
                      "Actual Rows": 505662,
                      "Actual Loops": 5
                    },
                    {
                      "Node Type": "Hash",
                      "Parent Relationship": "Inner",
                      "Parallel Aware": true,
                      "Startup Cost": 28796.52,
                      "Total Cost": 28796.52,
                      "Plan Rows": 60223,
                      "Plan Width": 4,
                      "Actual Startup Time": 107.191,
                      "Actual Total Time": 107.193,
                      "Actual Rows": 57918,
                      "Actual Loops": 5,
                      "Hash Buckets": 524288,
                      "Original Hash Buckets": 262144,
                      "Hash Batches": 1,
                      "Original Hash Batches": 1,
                      "Peak Memory Usage": 17536,
                      "Plans": [
                        {
                          "Node Type": "Bitmap Heap Scan",
                          "Parent Relationship": "Outer",
                          "Parallel Aware": true,
                          "Relation Name": "movie_companies",
                          "Alias": "mc",
                          "Startup Cost": 8171.46,
                          "Total Cost": 28796.52,
                          "Plan Rows": 60223,
                          "Plan Width": 4,
                          "Actual Startup Time": 30.996,
                          "Actual Total Time": 77.922,
                          "Actual Rows": 57918,
                          "Actual Loops": 5,
                          "Recheck Cond": "(company_id < 225)",
                          "Rows Removed by Index Recheck": 0,
                          "Filter": "(company_type_id = 1)",
                          "Rows Removed by Filter": 17407,
                          "Exact Heap Blocks": 6728,
                          "Lossy Heap Blocks": 0,
                          "Plans": [
                            {
                              "Node Type": "Bitmap Index Scan",
                              "Parent Relationship": "Outer",
                              "Parallel Aware": false,
                              "Index Name": "company_id_movie_companies",
                              "Startup Cost": 0.0,
                              "Total Cost": 8124.78,
                              "Plan Rows": 379247,
                              "Plan Width": 0,
                              "Actual Startup Time": 30.485,
                              "Actual Total Time": 30.485,
                              "Actual Rows": 376622,
                              "Actual Loops": 1,
                              "Index Cond": "(company_id < 225)"
                            }
                          ]
                        }
                      ]
                    }
                  ]
                }
              ]
            }
          ]
        }
      ]
    },
    "Planning Time": 0.642,
    "Triggers": [],
    "Execution Time": 295.087
  }
]