[
  {
    "Plan": {
      "Node Type": "Aggregate",
      "Strategy": "Plain",
      "Partial Mode": "Finalize",
      "Parallel Aware": false,
      "Startup Cost": 304622.01,
      "Total Cost": 304622.02,
      "Plan Rows": 1,
      "Plan Width": 8,
      "Actual Startup Time": 199.054,
      "Actual Total Time": 208.479,
      "Actual Rows": 1,
      "Actual Loops": 1,
      "Plans": [
        {
          "Node Type": "Gather",
          "Parent Relationship": "Outer",
          "Parallel Aware": false,
          "Startup Cost": 304621.39,
          "Total Cost": 304622.0,
          "Plan Rows": 6,
          "Plan Width": 8,
          "Actual Startup Time": 198.079,
          "Actual Total Time": 208.471,
          "Actual Rows": 7,
          "Actual Loops": 1,
          "Workers Planned": 6,
          "Workers Launched": 6,
          "Single Copy": false,
          "Plans": [
            {
              "Node Type": "Aggregate",
              "Strategy": "Plain",
              "Partial Mode": "Partial",
              "Parent Relationship": "Outer",
              "Parallel Aware": false,
              "Startup Cost": 303621.39,
              "Total Cost": 303621.4,
              "Plan Rows": 1,
              "Plan Width": 8,
              "Actual Startup Time": 189.695,
              "Actual Total Time": 189.696,
              "Actual Rows": 1,
              "Actual Loops": 7,
              "Plans": [
                {
                  "Node Type": "Bitmap Heap Scan",
                  "Parent Relationship": "Outer",
                  "Parallel Aware": true,
                  "Relation Name": "cast_info",
                  "Alias": "ci",
                  "Startup Cost": 45234.84,
                  "Total Cost": 303064.57,
                  "Plan Rows": 222726,
                  "Plan Width": 0,
                  "Actual Startup Time": 151.584,
                  "Actual Total Time": 185.026,
                  "Actual Rows": 85863,
                  "Actual Loops": 7,
                  "Recheck Cond": "(person_id < 207025)",
                  "Rows Removed by Index Recheck": 0,
                  "Filter": "(role_id > 1)",
                  "Rows Removed by Filter": 215690,
                  "Exact Heap Blocks": 6361,
                  "Lossy Heap Blocks": 0,
                  "Plans": [
                    {
                      "Node Type": "Bitmap Index Scan",
                      "Parent Relationship": "Outer",
                      "Parallel Aware": false,
                      "Index Name": "person_id_cast_info",
                      "Startup Cost": 0.0,
                      "Total Cost": 44900.76,
                      "Plan Rows": 2057092,
                      "Plan Width": 0,
                      "Actual Startup Time": 100.395,
                      "Actual Total Time": 100.396,
                      "Actual Rows": 2110873,
                      "Actual Loops": 1,
                      "Index Cond": "(person_id < 207025)"
                    }
                  ]
                }
              ]
            }
          ]
        }
      ]
    },
    "Planning Time": 0.264,
    "Triggers": [],
    "Execution Time": 208.559
  }
]