{
  "Plan": {
    "Node Type": "Aggregate",
    "Strategy": "Plain",
    "Partial Mode": "Finalize",
    "Parallel Aware": false,
    "Startup Cost": 92066.72,
    "Total Cost": 92066.73,
    "Plan Rows": 1,
    "Plan Width": 8,
    "Actual Startup Time": 151.565,
    "Actual Total Time": 164.47,
    "Actual Rows": 1,
    "Actual Loops": 1,
    "Plans": [
      {
        "Node Type": "Gather",
        "Parent Relationship": "Outer",
        "Parallel Aware": false,
        "Startup Cost": 92066.61,
        "Total Cost": 92066.72,
        "Plan Rows": 1,
        "Plan Width": 8,
        "Actual Startup Time": 151.47,
        "Actual Total Time": 164.463,
        "Actual Rows": 2,
        "Actual Loops": 1,
        "Workers Planned": 1,
        "Workers Launched": 1,
        "Single Copy": false,
        "Plans": [
          {
            "Node Type": "Aggregate",
            "Strategy": "Plain",
            "Partial Mode": "Partial",
            "Parent Relationship": "Outer",
            "Parallel Aware": false,
            "Startup Cost": 91066.61,
            "Total Cost": 91066.62,
            "Plan Rows": 1,
            "Plan Width": 8,
            "Actual Startup Time": 145.69,
            "Actual Total Time": 145.691,
            "Actual Rows": 1,
            "Actual Loops": 2,
            "Plans": [
              {
                "Node Type": "Nested Loop",
                "Parent Relationship": "Outer",
                "Parallel Aware": false,
                "Join Type": "Inner",
                "Startup Cost": 0.43,
                "Total Cost": 91049.76,
                "Plan Rows": 6739,
                "Plan Width": 0,
                "Actual Startup Time": 1.126,
                "Actual Total Time": 145.487,
                "Actual Rows": 2502,
                "Actual Loops": 2,
                "Inner Unique": false,
                "Plans": [
                  {
                    "Node Type": "Seq Scan",
                    "Parent Relationship": "Outer",
                    "Parallel Aware": true,
                    "Relation Name": "title",
                    "Alias": "t",
                    "Startup Cost": 0.0,
                    "Total Cost": 58306.47,
                    "Plan Rows": 3766,
                    "Plan Width": 4,
                    "Actual Startup Time": 0.204,
                    "Actual Total Time": 134.653,
                    "Actual Rows": 2850,
                    "Actual Loops": 2,
                    "Filter": "((kind_id > 1) AND (production_year = 1956))",
                    "Rows Removed by Filter": 1261306
                  },
                  {
                    "Node Type": "Index Only Scan",
                    "Parent Relationship": "Inner",
                    "Parallel Aware": false,
                    "Scan Direction": "Forward",
                    "Index Name": "movie_id_movie_keyword",
                    "Relation Name": "movie_keyword",
                    "Alias": "mk",
                    "Startup Cost": 0.43,
                    "Total Cost": 8.24,
                    "Plan Rows": 45,
                    "Plan Width": 4,
                    "Actual Startup Time": 0.003,
                    "Actual Total Time": 0.003,
                    "Actual Rows": 1,
                    "Actual Loops": 5700,
                    "Index Cond": "(movie_id = t.id)",
                    "Rows Removed by Index Recheck": 0,
                    "Heap Fetches": 5005
                  }
                ]
              }
            ]
          }
        ]
      }
    ]
  },
  "Planning Time": 0.278,
  "Triggers": [],
  "Execution Time": 164.518
}