[
  {
    "Plan": {
      "Node Type": "Aggregate",
      "Strategy": "Plain",
      "Partial Mode": "Finalize",
      "Parallel Aware": false,
      "Startup Cost": 457675.51,
      "Total Cost": 457675.52,
      "Plan Rows": 1,
      "Plan Width": 8,
      "Actual Startup Time": 2790.87,
      "Actual Total Time": 2857.197,
      "Actual Rows": 1,
      "Actual Loops": 1,
      "Plans": [
        {
          "Node Type": "Gather",
          "Parent Relationship": "Outer",
          "Parallel Aware": false,
          "Startup Cost": 457674.88,
          "Total Cost": 457675.49,
          "Plan Rows": 6,
          "Plan Width": 8,
          "Actual Startup Time": 2773.674,
          "Actual Total Time": 2857.182,
          "Actual Rows": 7,
          "Actual Loops": 1,
          "Workers Planned": 6,
          "Workers Launched": 6,
          "Single Copy": false,
          "Plans": [
            {
              "Node Type": "Aggregate",
              "Strategy": "Plain",
              "Partial Mode": "Partial",
              "Parent Relationship": "Outer",
              "Parallel Aware": false,
              "Startup Cost": 456674.88,
              "Total Cost": 456674.89,
              "Plan Rows": 1,
              "Plan Width": 8,
              "Actual Startup Time": 2762.388,
              "Actual Total Time": 2762.54,
              "Actual Rows": 1,
              "Actual Loops": 7,
              "Plans": [
                {
                  "Node Type": "Hash Join",
                  "Parent Relationship": "Outer",
                  "Parallel Aware": true,
                  "Join Type": "Inner",
                  "Startup Cost": 97460.37,
                  "Total Cost": 451725.29,
                  "Plan Rows": 1979836,
                  "Plan Width": 0,
                  "Actual Startup Time": 343.242,
                  "Actual Total Time": 2429.885,
                  "Actual Rows": 8690519,
                  "Actual Loops": 7,
                  "Inner Unique": false,
                  "Hash Cond": "(ci.movie_id = t.id)",
                  "Plans": [
                    {
                      "Node Type": "Seq Scan",
                      "Parent Relationship": "Outer",
                      "Parallel Aware": true,
                      "Relation Name": "cast_info",
                      "Alias": "ci",
                      "Startup Cost": 0.0,
                      "Total Cost": 328162.03,
                      "Plan Rows": 5257691,
                      "Plan Width": 4,
                      "Actual Startup Time": 0.027,
                      "Actual Total Time": 661.418,
                      "Actual Rows": 4515030,
                      "Actual Loops": 7,
                      "Filter": "(role_id < 10)",
                      "Rows Removed by Filter": 662734
                    },
                    {
                      "Node Type": "Hash",
                      "Parent Relationship": "Inner",
                      "Parallel Aware": true,
                      "Startup Cost": 93621.44,
                      "Total Cost": 93621.44,
                      "Plan Rows": 307114,
                      "Plan Width": 8,
                      "Actual Startup Time": 339.681,
                      "Actual Total Time": 339.831,
                      "Actual Rows": 221171,
                      "Actual Loops": 7,
                      "Hash Buckets": 2097152,
                      "Original Hash Buckets": 1048576,
                      "Hash Batches": 1,
                      "Original Hash Batches": 1,
                      "Peak Memory Usage": 85280,
                      "Plans": [
                        {
                          "Node Type": "Hash Join",
                          "Parent Relationship": "Outer",
                          "Parallel Aware": true,
                          "Join Type": "Inner",
                          "Startup Cost": 47179.17,
                          "Total Cost": 93621.44,
                          "Plan Rows": 307114,
                          "Plan Width": 8,
                          "Actual Startup Time": 114.779,
                          "Actual Total Time": 255.079,
                          "Actual Rows": 221171,
                          "Actual Loops": 7,
                          "Inner Unique": true,
                          "Hash Cond": "(mk.movie_id = t.id)",
                          "Plans": [
                            {
                              "Node Type": "Seq Scan",
                              "Parent Relationship": "Outer",
                              "Parallel Aware": true,
                              "Relation Name": "movie_keyword",
                              "Alias": "mk",
                              "Startup Cost": 0.0,
                              "Total Cost": 42695.65,
                              "Plan Rows": 1427278,
                              "Plan Width": 4,
                              "Actual Startup Time": 0.026,
                              "Actual Total Time": 71.821,
                              "Actual Rows": 632355,
                              "Actual Loops": 7,
                              "Filter": "(keyword_id < 82976)",
                              "Rows Removed by Filter": 13921
                            },
                            {
                              "Node Type": "Hash",
                              "Parent Relationship": "Inner",
                              "Parallel Aware": true,
                              "Startup Cost": 45479.1,
                              "Total Cost": 45479.1,
                              "Plan Rows": 136006,
                              "Plan Width": 4,
                              "Actual Startup Time": 113.108,
                              "Actual Total Time": 113.109,
                              "Actual Rows": 65687,
                              "Actual Loops": 7,
                              "Hash Buckets": 1048576,
                              "Original Hash Buckets": 1048576,
                              "Hash Batches": 1,
                              "Original Hash Batches": 1,
                              "Peak Memory Usage": 26304,
                              "Plans": [
                                {
                                  "Node Type": "Seq Scan",
                                  "Parent Relationship": "Outer",
                                  "Parallel Aware": true,
                                  "Relation Name": "title",
                                  "Alias": "t",
                                  "Startup Cost": 0.0,
                                  "Total Cost": 45479.1,
                                  "Plan Rows": 136006,
                                  "Plan Width": 4,
                                  "Actual Startup Time": 0.054,
                                  "Actual Total Time": 76.594,
                                  "Actual Rows": 65687,
                                  "Actual Loops": 7,
                                  "Filter": "((kind_id < 7) AND (production_year > 2000))",
                                  "Rows Removed by Filter": 295500
                                }
                              ]
                            }
                          ]
                        }
                      ]
                    }
                  ]
                }
              ]
            }
          ]
        }
      ]
    },
    "Planning Time": 1.307,
    "Triggers": [],
    "Execution Time": 2857.299
  }
]