{
  "Plan": {
    "Node Type": "Aggregate",
    "Strategy": "Plain",
    "Partial Mode": "Simple",
    "Parallel Aware": false,
    "Startup Cost": 1875090.12,
    "Total Cost": 1875090.13,
    "Plan Rows": 1,
    "Plan Width": 128,
    "Actual Startup Time": 14977.207,
    "Actual Total Time": 14977.431,
    "Actual Rows": 1,
    "Actual Loops": 1,
    "Plans": [
      {
        "Node Type": "Merge Join",
        "Parent Relationship": "Outer",
        "Parallel Aware": false,
        "Join Type": "Inner",
        "Startup Cost": 1875088.62,
        "Total Cost": 1875090.11,
        "Plan Rows": 1,
        "Plan Width": 81,
        "Actual Startup Time": 14927.612,
        "Actual Total Time": 14973.77,
        "Actual Rows": 26153,
        "Actual Loops": 1,
        "Inner Unique": false,
        "Merge Cond": "(k.id = mk.keyword_id)",
        "Plans": [
          {
            "Node Type": "Sort",
            "Parent Relationship": "Outer",
            "Parallel Aware": false,
            "Startup Cost": 3464.79,
            "Total Cost": 3464.8,
            "Plan Rows": 7,
            "Plan Width": 4,
            "Actual Startup Time": 37.388,
            "Actual Total Time": 37.405,
            "Actual Rows": 7,
            "Actual Loops": 1,
            "Sort Key": [
              "k.id"
            ],
            "Sort Method": "quicksort",
            "Sort Space Used": 25,
            "Sort Space Type": "Memory",
            "Plans": [
              {
                "Node Type": "Seq Scan",
                "Parent Relationship": "Outer",
                "Parallel Aware": false,
                "Relation Name": "keyword",
                "Alias": "k",
                "Startup Cost": 0.0,
                "Total Cost": 3464.69,
                "Plan Rows": 7,
                "Plan Width": 4,
                "Actual Startup Time": 1.238,
                "Actual Total Time": 37.292,
                "Actual Rows": 7,
                "Actual Loops": 1,
                "Filter": "(keyword = ANY ('{murder,violence,blood,gore,death,female-nudity,hospital}'::text[]))",
                "Rows Removed by Filter": 134163
              }
            ]
          },
          {
            "Node Type": "Sort",
            "Parent Relationship": "Inner",
            "Parallel Aware": false,
            "Startup Cost": 1871623.83,
            "Total Cost": 1871624.55,
            "Plan Rows": 289,
            "Plan Width": 85,
            "Actual Startup Time": 14883.606,
            "Actual Total Time": 14915.543,
            "Actual Rows": 151464,
            "Actual Loops": 1,
            "Sort Key": [
              "mk.keyword_id"
            ],
            "Sort Method": "quicksort",
            "Sort Space Used": 126455,
            "Sort Space Type": "Memory",
            "Plans": [
              {
                "Node Type": "Merge Join",
                "Parent Relationship": "Outer",
                "Parallel Aware": false,
                "Join Type": "Inner",
                "Startup Cost": 1683590.77,
                "Total Cost": 1871612.02,
                "Plan Rows": 289,
                "Plan Width": 85,
                "Actual Startup Time": 12894.717,
                "Actual Total Time": 14549.28,
                "Actual Rows": 941053,
                "Actual Loops": 1,
                "Inner Unique": false,
                "Merge Cond": "(n.id = ci.person_id)",
                "Plans": [
                  {
                    "Node Type": "Index Scan",
                    "Parent Relationship": "Outer",
                    "Parallel Aware": false,
                    "Scan Direction": "Forward",
                    "Index Name": "name_pkey",
                    "Relation Name": "name",
                    "Alias": "n",
                    "Startup Cost": 0.43,
                    "Total Cost": 188589.67,
                    "Plan Rows": 1747242,
                    "Plan Width": 19,
                    "Actual Startup Time": 0.029,
                    "Actual Total Time": 1383.406,
                    "Actual Rows": 1739579,
                    "Actual Loops": 1,
                    "Filter": "((gender)::text = 'm'::text)",
                    "Rows Removed by Filter": 2427912
                  },
                  {
                    "Node Type": "Sort",
                    "Parent Relationship": "Inner",
                    "Parallel Aware": false,
                    "Startup Cost": 1683590.34,
                    "Total Cost": 1683592.06,
                    "Plan Rows": 689,
                    "Plan Width": 74,
                    "Actual Startup Time": 12894.236,
                    "Actual Total Time": 12962.597,
                    "Actual Rows": 941054,
                    "Actual Loops": 1,
                    "Sort Key": [
                      "ci.person_id"
                    ],
                    "Sort Method": "quicksort",
                    "Sort Space Used": 180067,
                    "Sort Space Type": "Memory",
                    "Plans": [
                      {
                        "Node Type": "Merge Join",
                        "Parent Relationship": "Outer",
                        "Parallel Aware": false,
                        "Join Type": "Inner",
                        "Startup Cost": 1670917.88,
                        "Total Cost": 1683557.86,
                        "Plan Rows": 689,
                        "Plan Width": 74,
                        "Actual Startup Time": 11394.817,
                        "Actual Total Time": 12483.232,
                        "Actual Rows": 1515077,
                        "Actual Loops": 1,
                        "Inner Unique": true,
                        "Merge Cond": "(mi.movie_id = t.id)",
                        "Plans": [
                          {
                            "Node Type": "Sort",
                            "Parent Relationship": "Outer",
                            "Parallel Aware": false,
                            "Startup Cost": 1340729.35,
                            "Total Cost": 1340731.07,
                            "Plan Rows": 689,
                            "Plan Width": 73,
                            "Actual Startup Time": 10219.475,
                            "Actual Total Time": 10429.083,
                            "Actual Rows": 1515077,
                            "Actual Loops": 1,
                            "Sort Key": [
                              "ci.movie_id"
                            ],
                            "Sort Method": "quicksort",
                            "Sort Space Used": 167518,
                            "Sort Space Type": "Memory",
                            "Plans": [
                              {
                                "Node Type": "Merge Join",
                                "Parent Relationship": "Outer",
                                "Parallel Aware": false,
                                "Join Type": "Inner",
                                "Startup Cost": 1340303.52,
                                "Total Cost": 1340696.87,
                                "Plan Rows": 689,
                                "Plan Width": 73,
                                "Actual Startup Time": 9500.085,
                                "Actual Total Time": 9798.79,
                                "Actual Rows": 1515077,
                                "Actual Loops": 1,
                                "Inner Unique": false,
                                "Merge Cond": "(it2.id = mi_idx.info_type_id)",
                                "Plans": [
                                  {
                                    "Node Type": "Sort",
                                    "Parent Relationship": "Outer",
                                    "Parallel Aware": false,
                                    "Startup Cost": 2.42,
                                    "Total Cost": 2.43,
                                    "Plan Rows": 1,
                                    "Plan Width": 4,
                                    "Actual Startup Time": 0.039,
                                    "Actual Total Time": 0.04,
                                    "Actual Rows": 1,
                                    "Actual Loops": 1,
                                    "Sort Key": [
                                      "it2.id"
                                    ],
                                    "Sort Method": "quicksort",
                                    "Sort Space Used": 25,
                                    "Sort Space Type": "Memory",
                                    "Plans": [
                                      {
                                        "Node Type": "Seq Scan",
                                        "Parent Relationship": "Outer",
                                        "Parallel Aware": false,
                                        "Relation Name": "info_type",
                                        "Alias": "it2",
                                        "Startup Cost": 0.0,
                                        "Total Cost": 2.41,
                                        "Plan Rows": 1,
                                        "Plan Width": 4,
                                        "Actual Startup Time": 0.02,
                                        "Actual Total Time": 0.022,
                                        "Actual Rows": 1,
                                        "Actual Loops": 1,
                                        "Filter": "((info)::text = 'votes'::text)",
                                        "Rows Removed by Filter": 112
                                      }
                                    ]
                                  },
                                  {
                                    "Node Type": "Sort",
                                    "Parent Relationship": "Inner",
                                    "Parallel Aware": false,
                                    "Startup Cost": 1340301.09,
                                    "Total Cost": 1340494.34,
                                    "Plan Rows": 77301,
                                    "Plan Width": 77,
                                    "Actual Startup Time": 9329.814,
                                    "Actual Total Time": 9486.874,
                                    "Actual Rows": 3030155,
                                    "Actual Loops": 1,
                                    "Sort Key": [
                                      "mi_idx.info_type_id"
                                    ],
                                    "Sort Method": "quicksort",
                                    "Sort Space Used": 580285,
                                    "Sort Space Type": "Memory",
                                    "Plans": [
                                      {
                                        "Node Type": "Merge Join",
                                        "Parent Relationship": "Outer",
                                        "Parallel Aware": false,
                                        "Join Type": "Inner",
                                        "Startup Cost": 1269925.38,
                                        "Total Cost": 1334024.95,
                                        "Plan Rows": 77301,
                                        "Plan Width": 77,
                                        "Actual Startup Time": 5555.029,
                                        "Actual Total Time": 8075.618,
                                        "Actual Rows": 4575845,
                                        "Actual Loops": 1,
                                        "Inner Unique": false,
                                        "Merge Cond": "(mi.movie_id = mi_idx.movie_id)",
                                        "Plans": [
                                          {
                                            "Node Type": "Merge Join",
                                            "Parent Relationship": "Outer",
                                            "Parallel Aware": false,
                                            "Join Type": "Inner",
                                            "Startup Cost": 1269924.71,
                                            "Total Cost": 1276119.43,
                                            "Plan Rows": 25262,
                                            "Plan Width": 63,
                                            "Actual Startup Time": 5553.606,
                                            "Actual Total Time": 6354.156,
                                            "Actual Rows": 1576977,
                                            "Actual Loops": 1,
                                            "Inner Unique": false,
                                            "Merge Cond": "(mi.movie_id = ci.movie_id)",
                                            "Plans": [
                                              {
                                                "Node Type": "Sort",
                                                "Parent Relationship": "Outer",
                                                "Parallel Aware": false,
                                                "Startup Cost": 683634.11,
                                                "Total Cost": 683686.55,
                                                "Plan Rows": 20976,
                                                "Plan Width": 55,
                                                "Actual Startup Time": 4353.177,
                                                "Actual Total Time": 4501.326,
                                                "Actual Rows": 2394761,
                                                "Actual Loops": 1,
                                                "Sort Key": [
                                                  "mi.movie_id"
                                                ],
                                                "Sort Method": "quicksort",
                                                "Sort Space Used": 279963,
                                                "Sort Space Type": "Memory",
                                                "Plans": [
                                                  {
                                                    "Node Type": "Gather",
                                                    "Parent Relationship": "Outer",
                                                    "Parallel Aware": false,
                                                    "Startup Cost": 676139.12,
                                                    "Total Cost": 682128.41,
                                                    "Plan Rows": 20976,
                                                    "Plan Width": 55,
                                                    "Actual Startup Time": 3318.568,
                                                    "Actual Total Time": 3857.294,
                                                    "Actual Rows": 2394761,
                                                    "Actual Loops": 1,
                                                    "Workers Planned": 3,
                                                    "Workers Launched": 3,
                                                    "Single Copy": false,
                                                    "Plans": [
                                                      {
                                                        "Node Type": "Merge Join",
                                                        "Parent Relationship": "Outer",
                                                        "Parallel Aware": false,
                                                        "Join Type": "Inner",
                                                        "Startup Cost": 675139.12,
                                                        "Total Cost": 679030.81,
                                                        "Plan Rows": 6766,
                                                        "Plan Width": 55,
                                                        "Actual Startup Time": 3308.436,
                                                        "Actual Total Time": 3412.211,
                                                        "Actual Rows": 598690,
                                                        "Actual Loops": 4,
                                                        "Inner Unique": true,
                                                        "Merge Cond": "(mi.info_type_id = it1.id)",
                                                        "Plans": [
                                                          {
                                                            "Node Type": "Sort",
                                                            "Parent Relationship": "Outer",
                                                            "Parallel Aware": false,
                                                            "Startup Cost": 675136.7,
                                                            "Total Cost": 677048.7,
                                                            "Plan Rows": 764799,
                                                            "Plan Width": 59,
                                                            "Actual Startup Time": 3308.363,
                                                            "Actual Total Time": 3330.558,
                                                            "Actual Rows": 598691,
                                                            "Actual Loops": 4,
                                                            "Sort Key": [
                                                              "mi.info_type_id"
                                                            ],
                                                            "Sort Method": "quicksort",
                                                            "Sort Space Used": 68509,
                                                            "Sort Space Type": "Memory",
                                                            "Workers": [
                                                              {
                                                                "Worker Number": 0,
                                                                "Sort Method": "quicksort",
                                                                "Sort Space Used": 134695,
                                                                "Sort Space Type": "Memory"
                                                              },
                                                              {
                                                                "Worker Number": 1,
                                                                "Sort Method": "quicksort",
                                                                "Sort Space Used": 68130,
                                                                "Sort Space Type": "Memory"
                                                              },
                                                              {
                                                                "Worker Number": 2,
                                                                "Sort Method": "quicksort",
                                                                "Sort Space Used": 43569,
                                                                "Sort Space Type": "Memory"
                                                              }
                                                            ],
                                                            "Plans": [
                                                              {
                                                                "Node Type": "Merge Join",
                                                                "Parent Relationship": "Outer",
                                                                "Parallel Aware": false,
                                                                "Join Type": "Inner",
                                                                "Startup Cost": 438776.13,
                                                                "Total Cost": 600397.78,
                                                                "Plan Rows": 764799,
                                                                "Plan Width": 59,
                                                                "Actual Startup Time": 2766.646,
                                                                "Actual Total Time": 3168.24,
                                                                "Actual Rows": 653788,
                                                                "Actual Loops": 4,
                                                                "Inner Unique": false,
                                                                "Merge Cond": "(mk.movie_id = mi.movie_id)",
                                                                "Plans": [
                                                                  {
                                                                    "Node Type": "Index Scan",
                                                                    "Parent Relationship": "Outer",
                                                                    "Parallel Aware": true,
                                                                    "Scan Direction": "Forward",
                                                                    "Index Name": "movie_id_movie_keyword",
                                                                    "Relation Name": "movie_keyword",
                                                                    "Alias": "mk",
                                                                    "Startup Cost": 0.43,
                                                                    "Total Cost": 146502.5,
                                                                    "Plan Rows": 1459332,
                                                                    "Plan Width": 8,
                                                                    "Actual Startup Time": 0.134,
                                                                    "Actual Total Time": 206.173,
                                                                    "Actual Rows": 1130981,
                                                                    "Actual Loops": 4
                                                                  },
                                                                  {
                                                                    "Node Type": "Sort",
                                                                    "Parent Relationship": "Inner",
                                                                    "Parallel Aware": false,
                                                                    "Startup Cost": 438775.57,
                                                                    "Total Cost": 439248.59,
                                                                    "Plan Rows": 189208,
                                                                    "Plan Width": 51,
                                                                    "Actual Startup Time": 2766.474,
                                                                    "Actual Total Time": 2799.289,
                                                                    "Actual Rows": 817396,
                                                                    "Actual Loops": 4,
                                                                    "Sort Key": [
                                                                      "mi.movie_id"
                                                                    ],
                                                                    "Sort Method": "quicksort",
                                                                    "Sort Space Used": 16323,
                                                                    "Sort Space Type": "Memory",
                                                                    "Workers": [
                                                                      {
                                                                        "Worker Number": 0,
                                                                        "Sort Method": "quicksort",
                                                                        "Sort Space Used": 16323,
                                                                        "Sort Space Type": "Memory"
                                                                      },
                                                                      {
                                                                        "Worker Number": 1,
                                                                        "Sort Method": "quicksort",
                                                                        "Sort Space Used": 16323,
                                                                        "Sort Space Type": "Memory"
                                                                      },
                                                                      {
                                                                        "Worker Number": 2,
                                                                        "Sort Method": "quicksort",
                                                                        "Sort Space Used": 16323,
                                                                        "Sort Space Type": "Memory"
                                                                      }
                                                                    ],
                                                                    "Plans": [
                                                                      {
                                                                        "Node Type": "Seq Scan",
                                                                        "Parent Relationship": "Outer",
                                                                        "Parallel Aware": false,
                                                                        "Relation Name": "movie_info",
                                                                        "Alias": "mi",
                                                                        "Startup Cost": 0.0,
                                                                        "Total Cost": 422191.85,
                                                                        "Plan Rows": 189208,
                                                                        "Plan Width": 51,
                                                                        "Actual Startup Time": 1493.788,
                                                                        "Actual Total Time": 2719.156,
                                                                        "Actual Rows": 188971,
                                                                        "Actual Loops": 4,
                                                                        "Filter": "(info = ANY ('{Horror,Action,Sci-Fi,Thriller,Crime,War}'::text[]))",
                                                                        "Rows Removed by Filter": 14646749
                                                                      }
                                                                    ]
                                                                  }
                                                                ]
                                                              }
                                                            ]
                                                          },
                                                          {
                                                            "Node Type": "Sort",
                                                            "Parent Relationship": "Inner",
                                                            "Parallel Aware": false,
                                                            "Startup Cost": 2.42,
                                                            "Total Cost": 2.43,
                                                            "Plan Rows": 1,
                                                            "Plan Width": 4,
                                                            "Actual Startup Time": 0.067,
                                                            "Actual Total Time": 0.068,
                                                            "Actual Rows": 1,
                                                            "Actual Loops": 4,
                                                            "Sort Key": [
                                                              "it1.id"
                                                            ],
                                                            "Sort Method": "quicksort",
                                                            "Sort Space Used": 25,
                                                            "Sort Space Type": "Memory",
                                                            "Workers": [
                                                              {
                                                                "Worker Number": 0,
                                                                "Sort Method": "quicksort",
                                                                "Sort Space Used": 25,
                                                                "Sort Space Type": "Memory"
                                                              },
                                                              {
                                                                "Worker Number": 1,
                                                                "Sort Method": "quicksort",
                                                                "Sort Space Used": 25,
                                                                "Sort Space Type": "Memory"
                                                              },
                                                              {
                                                                "Worker Number": 2,
                                                                "Sort Method": "quicksort",
                                                                "Sort Space Used": 25,
                                                                "Sort Space Type": "Memory"
                                                              }
                                                            ],
                                                            "Plans": [
                                                              {
                                                                "Node Type": "Seq Scan",
                                                                "Parent Relationship": "Outer",
                                                                "Parallel Aware": false,
                                                                "Relation Name": "info_type",
                                                                "Alias": "it1",
                                                                "Startup Cost": 0.0,
                                                                "Total Cost": 2.41,
                                                                "Plan Rows": 1,
                                                                "Plan Width": 4,
                                                                "Actual Startup Time": 0.048,
                                                                "Actual Total Time": 0.054,
                                                                "Actual Rows": 1,
                                                                "Actual Loops": 4,
                                                                "Filter": "((info)::text = 'genres'::text)",
                                                                "Rows Removed by Filter": 112
                                                              }
                                                            ]
                                                          }
                                                        ]
                                                      }
                                                    ]
                                                  }
                                                ]
                                              },
                                              {
                                                "Node Type": "Sort",
                                                "Parent Relationship": "Inner",
                                                "Parallel Aware": false,
                                                "Startup Cost": 586290.45,
                                                "Total Cost": 589209.2,
                                                "Plan Rows": 1167502,
                                                "Plan Width": 8,
                                                "Actual Startup Time": 1199.866,
                                                "Actual Total Time": 1408.259,
                                                "Actual Rows": 2785776,
                                                "Actual Loops": 1,
                                                "Sort Key": [
                                                  "ci.movie_id"
                                                ],
                                                "Sort Method": "quicksort",
                                                "Sort Space Used": 107499,
                                                "Sort Space Type": "Memory",
                                                "Plans": [
                                                  {
                                                    "Node Type": "Gather",
                                                    "Parent Relationship": "Outer",
                                                    "Parallel Aware": false,
                                                    "Startup Cost": 1000.0,
                                                    "Total Cost": 468635.47,
                                                    "Plan Rows": 1167502,
                                                    "Plan Width": 8,
                                                    "Actual Startup Time": 129.662,
                                                    "Actual Total Time": 913.861,
                                                    "Actual Rows": 1244716,
                                                    "Actual Loops": 1,
                                                    "Workers Planned": 6,
                                                    "Workers Launched": 6,
                                                    "Single Copy": false,
                                                    "Plans": [
                                                      {
                                                        "Node Type": "Seq Scan",
                                                        "Parent Relationship": "Outer",
                                                        "Parallel Aware": true,
                                                        "Relation Name": "cast_info",
                                                        "Alias": "ci",
                                                        "Startup Cost": 0.0,
                                                        "Total Cost": 350885.27,
                                                        "Plan Rows": 194584,
                                                        "Plan Width": 8,
                                                        "Actual Startup Time": 159.35,
                                                        "Actual Total Time": 906.881,
                                                        "Actual Rows": 177817,
                                                        "Actual Loops": 7,
                                                        "Filter": "(note = ANY ('{(writer),\"(head writer)\",\"(written by)\",(story),\"(story editor)\"}'::text[]))",
                                                        "Rows Removed by Filter": 4999947
                                                      }
                                                    ]
                                                  }
                                                ]
                                              }
                                            ]
                                          },
                                          {
                                            "Node Type": "Index Scan",
                                            "Parent Relationship": "Inner",
                                            "Parallel Aware": false,
                                            "Scan Direction": "Forward",
                                            "Index Name": "movie_id_movie_info_idx",
                                            "Relation Name": "movie_info_idx",
                                            "Alias": "mi_idx",
                                            "Startup Cost": 0.43,
                                            "Total Cost": 53622.74,
                                            "Plan Rows": 1380035,
                                            "Plan Width": 14,
                                            "Actual Startup Time": 0.054,
                                            "Actual Total Time": 909.455,
                                            "Actual Rows": 5896010,
                                            "Actual Loops": 1
                                          }
                                        ]
                                      }
                                    ]
                                  }
                                ]
                              }
                            ]
                          },
                          {
                            "Node Type": "Sort",
                            "Parent Relationship": "Inner",
                            "Parallel Aware": false,
                            "Startup Cost": 330188.2,
                            "Total Cost": 336509.47,
                            "Plan Rows": 2528509,
                            "Plan Width": 21,
                            "Actual Startup Time": 1171.956,
                            "Actual Total Time": 1536.945,
                            "Actual Rows": 2525669,
                            "Actual Loops": 1,
                            "Sort Key": [
                              "t.id"
                            ],
                            "Sort Method": "quicksort",
                            "Sort Space Used": 275055,
                            "Sort Space Type": "Memory",
                            "Plans": [
                              {
                                "Node Type": "Seq Scan",
                                "Parent Relationship": "Outer",
                                "Parallel Aware": false,
                                "Relation Name": "title",
                                "Alias": "t",
                                "Startup Cost": 0.0,
                                "Total Cost": 61283.09,
                                "Plan Rows": 2528509,
                                "Plan Width": 21,
                                "Actual Startup Time": 0.021,
                                "Actual Total Time": 345.261,
                                "Actual Rows": 2528312,
                                "Actual Loops": 1
                              }
                            ]
                          }
                        ]
                      }
                    ]
                  }
                ]
              }
            ]
          }
        ]
      }
    ]
  },
  "Planning Time": 24.24,
  "Triggers": [],
  "Execution Time": 15096.457
}