{
  "Plan": {
    "Node Type": "Aggregate",
    "Strategy": "Plain",
    "Partial Mode": "Simple",
    "Parallel Aware": false,
    "Startup Cost": 135277.07,
    "Total Cost": 135277.08,
    "Plan Rows": 1,
    "Plan Width": 64,
    "Actual Startup Time": 568.975,
    "Actual Total Time": 587.712,
    "Actual Rows": 1,
    "Actual Loops": 1,
    "Plans": [
      {
        "Node Type": "Gather",
        "Parent Relationship": "Outer",
        "Parallel Aware": false,
        "Startup Cost": 79813.18,
        "Total Cost": 135277.07,
        "Plan Rows": 1,
        "Plan Width": 23,
        "Actual Startup Time": 532.875,
        "Actual Total Time": 587.689,
        "Actual Rows": 6,
        "Actual Loops": 1,
        "Workers Planned": 1,
        "Workers Launched": 1,
        "Single Copy": false,
        "Plans": [
          {
            "Node Type": "Hash Join",
            "Parent Relationship": "Outer",
            "Parallel Aware": true,
            "Join Type": "Inner",
            "Startup Cost": 78813.18,
            "Total Cost": 134276.97,
            "Plan Rows": 1,
            "Plan Width": 23,
            "Actual Startup Time": 528.914,
            "Actual Total Time": 562.51,
            "Actual Rows": 3,
            "Actual Loops": 2,
            "Inner Unique": false,
            "Hash Cond": "(t.id = mk.movie_id)",
            "Plans": [
              {
                "Node Type": "Seq Scan",
                "Parent Relationship": "Outer",
                "Parallel Aware": true,
                "Relation Name": "title",
                "Alias": "t",
                "Startup Cost": 0.0,
                "Total Cost": 54589.98,
                "Plan Rows": 233012,
                "Plan Width": 21,
                "Actual Startup Time": 0.011,
                "Actual Total Time": 112.003,
                "Actual Rows": 195833,
                "Actual Loops": 2,
                "Filter": "(production_year > 2010)",
                "Rows Removed by Filter": 1068323
              },
              {
                "Node Type": "Hash",
                "Parent Relationship": "Inner",
                "Parallel Aware": true,
                "Startup Cost": 78813.17,
                "Total Cost": 78813.17,
                "Plan Rows": 1,
                "Plan Width": 14,
                "Actual Startup Time": 438.106,
                "Actual Total Time": 438.115,
                "Actual Rows": 10,
                "Actual Loops": 2,
                "Hash Buckets": 1024,
                "Original Hash Buckets": 1024,
                "Hash Batches": 1,
                "Original Hash Batches": 1,
                "Peak Memory Usage": 72,
                "Plans": [
                  {
                    "Node Type": "Hash Join",
                    "Parent Relationship": "Outer",
                    "Parallel Aware": false,
                    "Join Type": "Inner",
                    "Startup Cost": 60682.99,
                    "Total Cost": 78813.17,
                    "Plan Rows": 1,
                    "Plan Width": 14,
                    "Actual Startup Time": 406.419,
                    "Actual Total Time": 438.045,
                    "Actual Rows": 10,
                    "Actual Loops": 2,
                    "Inner Unique": true,
                    "Hash Cond": "(mi_idx.info_type_id = it.id)",
                    "Plans": [
                      {
                        "Node Type": "Hash Join",
                        "Parent Relationship": "Outer",
                        "Parallel Aware": true,
                        "Join Type": "Inner",
                        "Startup Cost": 60680.57,
                        "Total Cost": 78810.73,
                        "Plan Rows": 5,
                        "Plan Width": 18,
                        "Actual Startup Time": 385.098,
                        "Actual Total Time": 437.903,
                        "Actual Rows": 153,
                        "Actual Loops": 2,
                        "Inner Unique": false,
                        "Hash Cond": "(mi_idx.movie_id = mk.movie_id)",
                        "Plans": [
                          {
                            "Node Type": "Seq Scan",
                            "Parent Relationship": "Outer",
                            "Parallel Aware": true,
                            "Relation Name": "movie_info_idx",
                            "Alias": "mi_idx",
                            "Startup Cost": 0.0,
                            "Total Cost": 18082.32,
                            "Plan Rows": 5465,
                            "Plan Width": 14,
                            "Actual Startup Time": 0.104,
                            "Actual Total Time": 53.306,
                            "Actual Rows": 4161,
                            "Actual Loops": 2,
                            "Filter": "(info > '9.0'::text)",
                            "Rows Removed by Filter": 685856
                          },
                          {
                            "Node Type": "Hash",
                            "Parent Relationship": "Inner",
                            "Parallel Aware": true,
                            "Startup Cost": 60677.34,
                            "Total Cost": 60677.34,
                            "Plan Rows": 258,
                            "Plan Width": 4,
                            "Actual Startup Time": 383.633,
                            "Actual Total Time": 383.637,
                            "Actual Rows": 6476,
                            "Actual Loops": 2,
                            "Hash Buckets": 16384,
                            "Original Hash Buckets": 1024,
                            "Hash Batches": 1,
                            "Original Hash Batches": 1,
                            "Peak Memory Usage": 792,
                            "Plans": [
                              {
                                "Node Type": "Hash Join",
                                "Parent Relationship": "Outer",
                                "Parallel Aware": false,
                                "Join Type": "Inner",
                                "Startup Cost": 2626.29,
                                "Total Cost": 60677.34,
                                "Plan Rows": 258,
                                "Plan Width": 4,
                                "Actual Startup Time": 34.64,
                                "Actual Total Time": 337.807,
                                "Actual Rows": 6476,
                                "Actual Loops": 2,
                                "Inner Unique": true,
                                "Hash Cond": "(mk.keyword_id = k.id)",
                                "Plans": [
                                  {
                                    "Node Type": "Seq Scan",
                                    "Parent Relationship": "Outer",
                                    "Parallel Aware": true,
                                    "Relation Name": "movie_keyword",
                                    "Alias": "mk",
                                    "Startup Cost": 0.0,
                                    "Total Cost": 51065.35,
                                    "Plan Rows": 2661135,
                                    "Plan Width": 8,
                                    "Actual Startup Time": 0.027,
                                    "Actual Total Time": 156.246,
                                    "Actual Rows": 2261965,
                                    "Actual Loops": 2
                                  },
                                  {
                                    "Node Type": "Hash",
                                    "Parent Relationship": "Inner",
                                    "Parallel Aware": false,
                                    "Startup Cost": 2626.12,
                                    "Total Cost": 2626.12,
                                    "Plan Rows": 13,
                                    "Plan Width": 4,
                                    "Actual Startup Time": 34.229,
                                    "Actual Total Time": 34.231,
                                    "Actual Rows": 30,
                                    "Actual Loops": 2,
                                    "Hash Buckets": 1024,
                                    "Original Hash Buckets": 1024,
                                    "Hash Batches": 1,
                                    "Original Hash Batches": 1,
                                    "Peak Memory Usage": 10,
                                    "Plans": [
                                      {
                                        "Node Type": "Seq Scan",
                                        "Parent Relationship": "Outer",
                                        "Parallel Aware": false,
                                        "Relation Name": "keyword",
                                        "Alias": "k",
                                        "Startup Cost": 0.0,
                                        "Total Cost": 2626.12,
                                        "Plan Rows": 13,
                                        "Plan Width": 4,
                                        "Actual Startup Time": 3.143,
                                        "Actual Total Time": 34.197,
                                        "Actual Rows": 30,
                                        "Actual Loops": 2,
                                        "Filter": "(keyword ~~ '%sequel%'::text)",
                                        "Rows Removed by Filter": 134140
                                      }
                                    ]
                                  }
                                ]
                              }
                            ]
                          }
                        ]
                      },
                      {
                        "Node Type": "Hash",
                        "Parent Relationship": "Inner",
                        "Parallel Aware": false,
                        "Startup Cost": 2.41,
                        "Total Cost": 2.41,
                        "Plan Rows": 1,
                        "Plan Width": 4,
                        "Actual Startup Time": 0.087,
                        "Actual Total Time": 0.088,
                        "Actual Rows": 1,
                        "Actual Loops": 2,
                        "Hash Buckets": 1024,
                        "Original Hash Buckets": 1024,
                        "Hash Batches": 1,
                        "Original Hash Batches": 1,
                        "Peak Memory Usage": 9,
                        "Plans": [
                          {
                            "Node Type": "Seq Scan",
                            "Parent Relationship": "Outer",
                            "Parallel Aware": false,
                            "Relation Name": "info_type",
                            "Alias": "it",
                            "Startup Cost": 0.0,
                            "Total Cost": 2.41,
                            "Plan Rows": 1,
                            "Plan Width": 4,
                            "Actual Startup Time": 0.066,
                            "Actual Total Time": 0.071,
                            "Actual Rows": 1,
                            "Actual Loops": 2,
                            "Filter": "((info)::text = 'rating'::text)",
                            "Rows Removed by Filter": 112
                          }
                        ]
                      }
                    ]
                  }
                ]
              }
            ]
          }
        ]
      }
    ]
  },
  "Planning Time": 1.06,
  "Triggers": [],
  "Execution Time": 587.815
}