[
  {
    "Plan": {
      "Node Type": "Aggregate",
      "Strategy": "Plain",
      "Partial Mode": "Finalize",
      "Parallel Aware": false,
      "Startup Cost": 27228.79,
      "Total Cost": 27228.8,
      "Plan Rows": 1,
      "Plan Width": 8,
      "Actual Startup Time": 31.906,
      "Actual Total Time": 35.958,
      "Actual Rows": 1,
      "Actual Loops": 1,
      "Plans": [
        {
          "Node Type": "Gather",
          "Parent Relationship": "Outer",
          "Parallel Aware": false,
          "Startup Cost": 27228.57,
          "Total Cost": 27228.78,
          "Plan Rows": 2,
          "Plan Width": 8,
          "Actual Startup Time": 31.625,
          "Actual Total Time": 35.951,
          "Actual Rows": 3,
          "Actual Loops": 1,
          "Workers Planned": 2,
          "Workers Launched": 2,
          "Single Copy": false,
          "Plans": [
            {
              "Node Type": "Aggregate",
              "Strategy": "Plain",
              "Partial Mode": "Partial",
              "Parent Relationship": "Outer",
              "Parallel Aware": false,
              "Startup Cost": 26228.57,
              "Total Cost": 26228.58,
              "Plan Rows": 1,
              "Plan Width": 8,
              "Actual Startup Time": 23.646,
              "Actual Total Time": 23.648,
              "Actual Rows": 1,
              "Actual Loops": 3,
              "Plans": [
                {
                  "Node Type": "Nested Loop",
                  "Parent Relationship": "Outer",
                  "Parallel Aware": false,
                  "Join Type": "Inner",
                  "Startup Cost": 101.09,
                  "Total Cost": 26228.4,
                  "Plan Rows": 70,
                  "Plan Width": 0,
                  "Actual Startup Time": 14.949,
                  "Actual Total Time": 23.637,
                  "Actual Rows": 17,
                  "Actual Loops": 3,
                  "Inner Unique": true,
                  "Plans": [
                    {
                      "Node Type": "Bitmap Heap Scan",
                      "Parent Relationship": "Outer",
                      "Parallel Aware": true,
                      "Relation Name": "movie_keyword",
                      "Alias": "mk",
                      "Startup Cost": 100.66,
                      "Total Cost": 11847.89,
                      "Plan Rows": 1948,
                      "Plan Width": 4,
                      "Actual Startup Time": 1.726,
                      "Actual Total Time": 8.284,
                      "Actual Rows": 1172,
                      "Actual Loops": 3,
                      "Recheck Cond": "(keyword_id = 178)",
                      "Rows Removed by Index Recheck": 0,
                      "Exact Heap Blocks": 2529,
                      "Lossy Heap Blocks": 0,
                      "Plans": [
                        {
                          "Node Type": "Bitmap Index Scan",
                          "Parent Relationship": "Outer",
                          "Parallel Aware": false,
                          "Index Name": "keyword_id_movie_keyword",
                          "Startup Cost": 0.0,
                          "Total Cost": 99.5,
                          "Plan Rows": 4675,
                          "Plan Width": 0,
                          "Actual Startup Time": 3.317,
                          "Actual Total Time": 3.318,
                          "Actual Rows": 3515,
                          "Actual Loops": 1,
                          "Index Cond": "(keyword_id = 178)"
                        }
                      ]
                    },
                    {
                      "Node Type": "Index Scan",
                      "Parent Relationship": "Inner",
                      "Parallel Aware": false,
                      "Scan Direction": "Forward",
                      "Index Name": "title_pkey",
                      "Relation Name": "title",
                      "Alias": "t",
                      "Startup Cost": 0.43,
                      "Total Cost": 7.38,
                      "Plan Rows": 1,
                      "Plan Width": 4,
                      "Actual Startup Time": 0.012,
                      "Actual Total Time": 0.012,
                      "Actual Rows": 0,
                      "Actual Loops": 3515,
                      "Index Cond": "(id = mk.movie_id)",
                      "Rows Removed by Index Recheck": 0,
                      "Filter": "(kind_id = 2)",
                      "Rows Removed by Filter": 1
                    }
                  ]
                }
              ]
            }
          ]
        }
      ]
    },
    "Planning Time": 0.6,
    "Triggers": [],
    "Execution Time": 36.044
  }
]