[
    {
        "Bao": {
            "Bao prediction": "NaN",
            "Bao recommended hint": "(no hint)"
        }
    },
    {
        "Plan": {
            "Node Type": "Aggregate",
            "Strategy": "Plain",
            "Partial Mode": "Finalize",
            "Parallel Aware": false,
            "Startup Cost": 37173.58,
            "Total Cost": 37173.59,
            "Plan Rows": 1,
            "Plan Width": 8,
            "Actual Startup Time": 109.815,
            "Actual Total Time": 117.932,
            "Actual Rows": 1,
            "Actual Loops": 1,
            "Output": [
                "count(*)"
            ],
            "Plans": [
                {
                    "Node Type": "Gather",
                    "Parent Relationship": "Outer",
                    "Parallel Aware": false,
                    "Startup Cost": 37173.26,
                    "Total Cost": 37173.57,
                    "Plan Rows": 3,
                    "Plan Width": 8,
                    "Actual Startup Time": 109.485,
                    "Actual Total Time": 117.924,
                    "Actual Rows": 4,
                    "Actual Loops": 1,
                    "Output": [
                        "(PARTIAL count(*))"
                    ],
                    "Workers Planned": 3,
                    "Workers Launched": 3,
                    "Single Copy": false,
                    "Plans": [
                        {
                            "Node Type": "Aggregate",
                            "Strategy": "Plain",
                            "Partial Mode": "Partial",
                            "Parent Relationship": "Outer",
                            "Parallel Aware": false,
                            "Startup Cost": 36173.26,
                            "Total Cost": 36173.27,
                            "Plan Rows": 1,
                            "Plan Width": 8,
                            "Actual Startup Time": 100.982,
                            "Actual Total Time": 100.984,
                            "Actual Rows": 1,
                            "Actual Loops": 4,
                            "Output": [
                                "PARTIAL count(*)"
                            ],
                            "Workers": [
                                {
                                    "Worker Number": 0,
                                    "Actual Startup Time": 98.026,
                                    "Actual Total Time": 98.028,
                                    "Actual Rows": 1,
                                    "Actual Loops": 1
                                },
                                {
                                    "Worker Number": 1,
                                    "Actual Startup Time": 98.104,
                                    "Actual Total Time": 98.106,
                                    "Actual Rows": 1,
                                    "Actual Loops": 1
                                },
                                {
                                    "Worker Number": 2,
                                    "Actual Startup Time": 98.566,
                                    "Actual Total Time": 98.567,
                                    "Actual Rows": 1,
                                    "Actual Loops": 1
                                }
                            ],
                            "Plans": [
                                {
                                    "Node Type": "Bitmap Heap Scan",
                                    "Parent Relationship": "Outer",
                                    "Parallel Aware": true,
                                    "Relation Name": "movie_keyword",
                                    "Schema": "public",
                                    "Alias": "mk",
                                    "Startup Cost": 9542.65,
                                    "Total Cost": 35810.49,
                                    "Plan Rows": 145108,
                                    "Plan Width": 0,
                                    "Actual Startup Time": 22.822,
                                    "Actual Total Time": 94.125,
                                    "Actual Rows": 110693,
                                    "Actual Loops": 4,
                                    "Recheck Cond": "(mk.keyword_id > 39948)",
                                    "Rows Removed by Index Recheck": 0,
                                    "Exact Heap Blocks": 10852,
                                    "Lossy Heap Blocks": 0,
                                    "Workers": [
                                        {
                                            "Worker Number": 0,
                                            "Actual Startup Time": 19.985,
                                            "Actual Total Time": 91.845,
                                            "Actual Rows": 69559,
                                            "Actual Loops": 1
                                        },
                                        {
                                            "Worker Number": 1,
                                            "Actual Startup Time": 19.966,
                                            "Actual Total Time": 92.078,
                                            "Actual Rows": 93672,
                                            "Actual Loops": 1
                                        },
                                        {
                                            "Worker Number": 2,
                                            "Actual Startup Time": 20.551,
                                            "Actual Total Time": 92.264,
                                            "Actual Rows": 70375,
                                            "Actual Loops": 1
                                        }
                                    ],
                                    "Plans": [
                                        {
                                            "Node Type": "Bitmap Index Scan",
                                            "Parent Relationship": "Outer",
                                            "Parallel Aware": false,
                                            "Index Name": "keyword_id_movie_keyword",
                                            "Startup Cost": 0.0,
                                            "Total Cost": 9430.19,
                                            "Plan Rows": 449834,
                                            "Plan Width": 0,
                                            "Actual Startup Time": 27.437,
                                            "Actual Total Time": 27.437,
                                            "Actual Rows": 442771,
                                            "Actual Loops": 1,
                                            "Index Cond": "(mk.keyword_id > 39948)"
                                        }
                                    ]
                                }
                            ]
                        }
                    ]
                }
            ]
        },
        "Planning Time": 179.009,
        "Triggers": [],
        "Execution Time": 117.981
    }
]