[
  {
    "Plan": {
      "Node Type": "Aggregate",
      "Strategy": "Plain",
      "Partial Mode": "Finalize",
      "Parallel Aware": false,
      "Startup Cost": 46820.6,
      "Total Cost": 46820.61,
      "Plan Rows": 1,
      "Plan Width": 8,
      "Actual Startup Time": 166.349,
      "Actual Total Time": 175.759,
      "Actual Rows": 1,
      "Actual Loops": 1,
      "Plans": [
        {
          "Node Type": "Gather",
          "Parent Relationship": "Outer",
          "Parallel Aware": false,
          "Startup Cost": 46820.29,
          "Total Cost": 46820.6,
          "Plan Rows": 3,
          "Plan Width": 8,
          "Actual Startup Time": 166.194,
          "Actual Total Time": 175.749,
          "Actual Rows": 4,
          "Actual Loops": 1,
          "Workers Planned": 3,
          "Workers Launched": 3,
          "Single Copy": false,
          "Plans": [
            {
              "Node Type": "Aggregate",
              "Strategy": "Plain",
              "Partial Mode": "Partial",
              "Parent Relationship": "Outer",
              "Parallel Aware": false,
              "Startup Cost": 45820.29,
              "Total Cost": 45820.3,
              "Plan Rows": 1,
              "Plan Width": 8,
              "Actual Startup Time": 161.187,
              "Actual Total Time": 161.189,
              "Actual Rows": 1,
              "Actual Loops": 4,
              "Plans": [
                {
                  "Node Type": "Seq Scan",
                  "Parent Relationship": "Outer",
                  "Parallel Aware": true,
                  "Relation Name": "movie_keyword",
                  "Alias": "mk",
                  "Startup Cost": 0.0,
                  "Total Cost": 42695.65,
                  "Plan Rows": 1249853,
                  "Plan Width": 0,
                  "Actual Startup Time": 0.037,
                  "Actual Total Time": 118.614,
                  "Actual Rows": 967287,
                  "Actual Loops": 4,
                  "Filter": "(keyword_id < 28716)",
                  "Rows Removed by Filter": 163696
                }
              ]
            }
          ]
        }
      ]
    },
    "Planning Time": 0.084,
    "Triggers": [],
    "Execution Time": 175.798
  }
]