[
  {
    "Plan": {
      "Node Type": "Aggregate",
      "Strategy": "Plain",
      "Partial Mode": "Finalize",
      "Parallel Aware": false,
      "Startup Cost": 27102.35,
      "Total Cost": 27102.36,
      "Plan Rows": 1,
      "Plan Width": 8,
      "Actual Startup Time": 77.06,
      "Actual Total Time": 83.653,
      "Actual Rows": 1,
      "Actual Loops": 1,
      "Plans": [
        {
          "Node Type": "Gather",
          "Parent Relationship": "Outer",
          "Parallel Aware": false,
          "Startup Cost": 27102.03,
          "Total Cost": 27102.34,
          "Plan Rows": 3,
          "Plan Width": 8,
          "Actual Startup Time": 76.801,
          "Actual Total Time": 83.646,
          "Actual Rows": 4,
          "Actual Loops": 1,
          "Workers Planned": 3,
          "Workers Launched": 3,
          "Single Copy": false,
          "Plans": [
            {
              "Node Type": "Aggregate",
              "Strategy": "Plain",
              "Partial Mode": "Partial",
              "Parent Relationship": "Outer",
              "Parallel Aware": false,
              "Startup Cost": 26102.03,
              "Total Cost": 26102.04,
              "Plan Rows": 1,
              "Plan Width": 8,
              "Actual Startup Time": 69.802,
              "Actual Total Time": 69.803,
              "Actual Rows": 1,
              "Actual Loops": 4,
              "Plans": [
                {
                  "Node Type": "Bitmap Heap Scan",
                  "Parent Relationship": "Outer",
                  "Parallel Aware": true,
                  "Relation Name": "movie_companies",
                  "Alias": "mc",
                  "Startup Cost": 5977.66,
                  "Total Cost": 25879.64,
                  "Plan Rows": 88958,
                  "Plan Width": 0,
                  "Actual Startup Time": 22.664,
                  "Actual Total Time": 64.966,
                  "Actual Rows": 67858,
                  "Actual Loops": 4,
                  "Recheck Cond": "(company_id < 145)",
                  "Rows Removed by Index Recheck": 0,
                  "Exact Heap Blocks": 10527,
                  "Lossy Heap Blocks": 0,
                  "Plans": [
                    {
                      "Node Type": "Bitmap Index Scan",
                      "Parent Relationship": "Outer",
                      "Parallel Aware": false,
                      "Index Name": "company_id_movie_companies",
                      "Startup Cost": 0.0,
                      "Total Cost": 5908.71,
                      "Plan Rows": 275771,
                      "Plan Width": 0,
                      "Actual Startup Time": 24.687,
                      "Actual Total Time": 24.688,
                      "Actual Rows": 271432,
                      "Actual Loops": 1,
                      "Index Cond": "(company_id < 145)"
                    }
                  ]
                }
              ]
            }
          ]
        }
      ]
    },
    "Planning Time": 0.19,
    "Triggers": [],
    "Execution Time": 83.726
  }
]