{
    "Plan": {
        "Node Type": "Aggregate",
        "Strategy": "Plain",
        "Partial Mode": "Finalize",
        "Parallel Aware": false,
        "Startup Cost": 488513.67,
        "Total Cost": 488513.68,
        "Plan Rows": 1,
        "Plan Width": 8,
        "Actual Startup Time": 1309.191,
        "Actual Total Time": 1366.193,
        "Actual Rows": 1,
        "Actual Loops": 1,
        "Output": [
            "count(*)"
        ],
        "Plans": [
            {
                "Node Type": "Gather",
                "Parent Relationship": "Outer",
                "Parallel Aware": false,
                "Startup Cost": 488513.05,
                "Total Cost": 488513.66,
                "Plan Rows": 6,
                "Plan Width": 8,
                "Actual Startup Time": 1283.408,
                "Actual Total Time": 1366.166,
                "Actual Rows": 7,
                "Actual Loops": 1,
                "Output": [
                    "(PARTIAL count(*))"
                ],
                "Workers Planned": 6,
                "Workers Launched": 6,
                "Single Copy": false,
                "Plans": [
                    {
                        "Node Type": "Aggregate",
                        "Strategy": "Plain",
                        "Partial Mode": "Partial",
                        "Parent Relationship": "Outer",
                        "Parallel Aware": false,
                        "Startup Cost": 487513.05,
                        "Total Cost": 487513.06,
                        "Plan Rows": 1,
                        "Plan Width": 8,
                        "Actual Startup Time": 1265.46,
                        "Actual Total Time": 1265.466,
                        "Actual Rows": 1,
                        "Actual Loops": 7,
                        "Output": [
                            "PARTIAL count(*)"
                        ],
                        "Workers": [
                            {
                                "Worker Number": 0,
                                "Actual Startup Time": 1262.527,
                                "Actual Total Time": 1262.532,
                                "Actual Rows": 1,
                                "Actual Loops": 1
                            },
                            {
                                "Worker Number": 1,
                                "Actual Startup Time": 1262.49,
                                "Actual Total Time": 1262.497,
                                "Actual Rows": 1,
                                "Actual Loops": 1
                            },
                            {
                                "Worker Number": 2,
                                "Actual Startup Time": 1262.507,
                                "Actual Total Time": 1262.513,
                                "Actual Rows": 1,
                                "Actual Loops": 1
                            },
                            {
                                "Worker Number": 3,
                                "Actual Startup Time": 1262.771,
                                "Actual Total Time": 1262.777,
                                "Actual Rows": 1,
                                "Actual Loops": 1
                            },
                            {
                                "Worker Number": 4,
                                "Actual Startup Time": 1262.752,
                                "Actual Total Time": 1262.756,
                                "Actual Rows": 1,
                                "Actual Loops": 1
                            },
                            {
                                "Worker Number": 5,
                                "Actual Startup Time": 1262.882,
                                "Actual Total Time": 1262.888,
                                "Actual Rows": 1,
                                "Actual Loops": 1
                            }
                        ],
                        "Plans": [
                            {
                                "Node Type": "Hash Join",
                                "Parent Relationship": "Outer",
                                "Parallel Aware": true,
                                "Join Type": "Inner",
                                "Startup Cost": 253743.06,
                                "Total Cost": 485762.58,
                                "Plan Rows": 700188,
                                "Plan Width": 0,
                                "Actual Startup Time": 717.712,
                                "Actual Total Time": 1243.822,
                                "Actual Rows": 462239,
                                "Actual Loops": 7,
                                "Inner Unique": false,
                                "Hash Cond": "(ci.movie_id = t.id)",
                                "Workers": [
                                    {
                                        "Worker Number": 0,
                                        "Actual Startup Time": 714.859,
                                        "Actual Total Time": 1242.349,
                                        "Actual Rows": 480150,
                                        "Actual Loops": 1
                                    },
                                    {
                                        "Worker Number": 1,
                                        "Actual Startup Time": 714.992,
                                        "Actual Total Time": 1241.561,
                                        "Actual Rows": 508906,
                                        "Actual Loops": 1
                                    },
                                    {
                                        "Worker Number": 2,
                                        "Actual Startup Time": 715.269,
                                        "Actual Total Time": 1238.386,
                                        "Actual Rows": 361800,
                                        "Actual Loops": 1
                                    },
                                    {
                                        "Worker Number": 3,
                                        "Actual Startup Time": 715.158,
                                        "Actual Total Time": 1239.402,
                                        "Actual Rows": 351354,
                                        "Actual Loops": 1
                                    },
                                    {
                                        "Worker Number": 4,
                                        "Actual Startup Time": 715.292,
                                        "Actual Total Time": 1242.039,
                                        "Actual Rows": 504349,
                                        "Actual Loops": 1
                                    },
                                    {
                                        "Worker Number": 5,
                                        "Actual Startup Time": 715.174,
                                        "Actual Total Time": 1242.65,
                                        "Actual Rows": 480805,
                                        "Actual Loops": 1
                                    }
                                ],
                                "Plans": [
                                    {
                                        "Node Type": "Index Scan",
                                        "Parent Relationship": "Outer",
                                        "Parallel Aware": true,
                                        "Scan Direction": "Forward",
                                        "Index Name": "role_id_cast_info",
                                        "Relation Name": "cast_info",
                                        "Schema": "public",
                                        "Alias": "ci",
                                        "Startup Cost": 0.56,
                                        "Total Cost": 226293.54,
                                        "Plan Rows": 1153644,
                                        "Plan Width": 4,
                                        "Actual Startup Time": 0.25,
                                        "Actual Total Time": 275.185,
                                        "Actual Rows": 541591,
                                        "Actual Loops": 7,
                                        "Output": [
                                            "ci.id",
                                            "ci.person_id",
                                            "ci.movie_id",
                                            "ci.person_role_id",
                                            "ci.note",
                                            "ci.nr_order",
                                            "ci.role_id"
                                        ],
                                        "Index Cond": "(ci.role_id > 5)",
                                        "Rows Removed by Index Recheck": 0,
                                        "Filter": "(ci.person_id < 3012330)",
                                        "Rows Removed by Filter": 670739,
                                        "Workers": [
                                            {
                                                "Worker Number": 0,
                                                "Actual Startup Time": 0.184,
                                                "Actual Total Time": 274.696,
                                                "Actual Rows": 556095,
                                                "Actual Loops": 1
                                            },
                                            {
                                                "Worker Number": 1,
                                                "Actual Startup Time": 0.257,
                                                "Actual Total Time": 276.506,
                                                "Actual Rows": 596390,
                                                "Actual Loops": 1
                                            },
                                            {
                                                "Worker Number": 2,
                                                "Actual Startup Time": 0.335,
                                                "Actual Total Time": 290.453,
                                                "Actual Rows": 419506,
                                                "Actual Loops": 1
                                            },
                                            {
                                                "Worker Number": 3,
                                                "Actual Startup Time": 0.226,
                                                "Actual Total Time": 289.386,
                                                "Actual Rows": 418983,
                                                "Actual Loops": 1
                                            },
                                            {
                                                "Worker Number": 4,
                                                "Actual Startup Time": 0.358,
                                                "Actual Total Time": 274.822,
                                                "Actual Rows": 589999,
                                                "Actual Loops": 1
                                            },
                                            {
                                                "Worker Number": 5,
                                                "Actual Startup Time": 0.09,
                                                "Actual Total Time": 274.615,
                                                "Actual Rows": 561428,
                                                "Actual Loops": 1
                                            }
                                        ]
                                    },
                                    {
                                        "Node Type": "Hash",
                                        "Parent Relationship": "Inner",
                                        "Parallel Aware": true,
                                        "Startup Cost": 249906.17,
                                        "Total Cost": 249906.17,
                                        "Plan Rows": 306906,
                                        "Plan Width": 8,
                                        "Actual Startup Time": 712.708,
                                        "Actual Total Time": 712.712,
                                        "Actual Rows": 219130,
                                        "Actual Loops": 7,
                                        "Output": [
                                            "t.id",
                                            "mi.movie_id"
                                        ],
                                        "Hash Buckets": 2097152,
                                        "Original Hash Buckets": 2097152,
                                        "Hash Batches": 1,
                                        "Original Hash Batches": 1,
                                        "Peak Memory Usage": 76512,
                                        "Workers": [
                                            {
                                                "Worker Number": 0,
                                                "Actual Startup Time": 714.26,
                                                "Actual Total Time": 714.264,
                                                "Actual Rows": 231765,
                                                "Actual Loops": 1
                                            },
                                            {
                                                "Worker Number": 1,
                                                "Actual Startup Time": 714.271,
                                                "Actual Total Time": 714.275,
                                                "Actual Rows": 243219,
                                                "Actual Loops": 1
                                            },
                                            {
                                                "Worker Number": 2,
                                                "Actual Startup Time": 714.162,
                                                "Actual Total Time": 714.165,
                                                "Actual Rows": 169490,
                                                "Actual Loops": 1
                                            },
                                            {
                                                "Worker Number": 3,
                                                "Actual Startup Time": 714.526,
                                                "Actual Total Time": 714.53,
                                                "Actual Rows": 168999,
                                                "Actual Loops": 1
                                            },
                                            {
                                                "Worker Number": 4,
                                                "Actual Startup Time": 714.522,
                                                "Actual Total Time": 714.525,
                                                "Actual Rows": 243539,
                                                "Actual Loops": 1
                                            },
                                            {
                                                "Worker Number": 5,
                                                "Actual Startup Time": 714.681,
                                                "Actual Total Time": 714.685,
                                                "Actual Rows": 231305,
                                                "Actual Loops": 1
                                            }
                                        ],
                                        "Plans": [
                                            {
                                                "Node Type": "Hash Join",
                                                "Parent Relationship": "Outer",
                                                "Parallel Aware": true,
                                                "Join Type": "Inner",
                                                "Startup Cost": 50219.81,
                                                "Total Cost": 249906.17,
                                                "Plan Rows": 306906,
                                                "Plan Width": 8,
                                                "Actual Startup Time": 512.865,
                                                "Actual Total Time": 624.245,
                                                "Actual Rows": 219130,
                                                "Actual Loops": 7,
                                                "Output": [
                                                    "t.id",
                                                    "mi.movie_id"
                                                ],
                                                "Inner Unique": true,
                                                "Hash Cond": "(mi.movie_id = t.id)",
                                                "Workers": [
                                                    {
                                                        "Worker Number": 0,
                                                        "Actual Startup Time": 512.867,
                                                        "Actual Total Time": 624.592,
                                                        "Actual Rows": 231765,
                                                        "Actual Loops": 1
                                                    },
                                                    {
                                                        "Worker Number": 1,
                                                        "Actual Startup Time": 512.855,
                                                        "Actual Total Time": 623.688,
                                                        "Actual Rows": 243219,
                                                        "Actual Loops": 1
                                                    },
                                                    {
                                                        "Worker Number": 2,
                                                        "Actual Startup Time": 512.859,
                                                        "Actual Total Time": 625.761,
                                                        "Actual Rows": 169490,
                                                        "Actual Loops": 1
                                                    },
                                                    {
                                                        "Worker Number": 3,
                                                        "Actual Startup Time": 512.852,
                                                        "Actual Total Time": 624.439,
                                                        "Actual Rows": 168999,
                                                        "Actual Loops": 1
                                                    },
                                                    {
                                                        "Worker Number": 4,
                                                        "Actual Startup Time": 512.829,
                                                        "Actual Total Time": 623.677,
                                                        "Actual Rows": 243539,
                                                        "Actual Loops": 1
                                                    },
                                                    {
                                                        "Worker Number": 5,
                                                        "Actual Startup Time": 512.833,
                                                        "Actual Total Time": 623.888,
                                                        "Actual Rows": 231305,
                                                        "Actual Loops": 1
                                                    }
                                                ],
                                                "Plans": [
                                                    {
                                                        "Node Type": "Seq Scan",
                                                        "Parent Relationship": "Outer",
                                                        "Parallel Aware": true,
                                                        "Relation Name": "movie_info",
                                                        "Schema": "public",
                                                        "Alias": "mi",
                                                        "Startup Cost": 0.0,
                                                        "Total Cost": 198880.74,
                                                        "Plan Rows": 306906,
                                                        "Plan Width": 4,
                                                        "Actual Startup Time": 251.174,
                                                        "Actual Total Time": 286.244,
                                                        "Actual Rows": 219130,
                                                        "Actual Loops": 7,
                                                        "Output": [
                                                            "mi.id",
                                                            "mi.movie_id",
                                                            "mi.info_type_id",
                                                            "mi.info",
                                                            "mi.note"
                                                        ],
                                                        "Filter": "(mi.info_type_id = 3)",
                                                        "Rows Removed by Filter": 1900259,
                                                        "Workers": [
                                                            {
                                                                "Worker Number": 0,
                                                                "Actual Startup Time": 251.103,
                                                                "Actual Total Time": 286.08,
                                                                "Actual Rows": 231765,
                                                                "Actual Loops": 1
                                                            },
                                                            {
                                                                "Worker Number": 1,
                                                                "Actual Startup Time": 251.225,
                                                                "Actual Total Time": 285.93,
                                                                "Actual Rows": 243219,
                                                                "Actual Loops": 1
                                                            },
                                                            {
                                                                "Worker Number": 2,
                                                                "Actual Startup Time": 251.135,
                                                                "Actual Total Time": 288.558,
                                                                "Actual Rows": 169490,
                                                                "Actual Loops": 1
                                                            },
                                                            {
                                                                "Worker Number": 3,
                                                                "Actual Startup Time": 251.12,
                                                                "Actual Total Time": 289.218,
                                                                "Actual Rows": 168999,
                                                                "Actual Loops": 1
                                                            },
                                                            {
                                                                "Worker Number": 4,
                                                                "Actual Startup Time": 251.213,
                                                                "Actual Total Time": 285.578,
                                                                "Actual Rows": 243539,
                                                                "Actual Loops": 1
                                                            },
                                                            {
                                                                "Worker Number": 5,
                                                                "Actual Startup Time": 251.209,
                                                                "Actual Total Time": 286.082,
                                                                "Actual Rows": 231305,
                                                                "Actual Loops": 1
                                                            }
                                                        ]
                                                    },
                                                    {
                                                        "Node Type": "Hash",
                                                        "Parent Relationship": "Inner",
                                                        "Parallel Aware": true,
                                                        "Startup Cost": 42318.81,
                                                        "Total Cost": 42318.81,
                                                        "Plan Rows": 632080,
                                                        "Plan Width": 4,
                                                        "Actual Startup Time": 257.732,
                                                        "Actual Total Time": 257.733,
                                                        "Actual Rows": 361187,
                                                        "Actual Loops": 7,
                                                        "Output": [
                                                            "t.id"
                                                        ],
                                                        "Hash Buckets": 4194304,
                                                        "Original Hash Buckets": 4194304,
                                                        "Hash Batches": 1,
                                                        "Original Hash Batches": 1,
                                                        "Peak Memory Usage": 131776,
                                                        "Workers": [
                                                            {
                                                                "Worker Number": 0,
                                                                "Actual Startup Time": 261.411,
                                                                "Actual Total Time": 261.412,
                                                                "Actual Rows": 361715,
                                                                "Actual Loops": 1
                                                            },
                                                            {
                                                                "Worker Number": 1,
                                                                "Actual Startup Time": 261.356,
                                                                "Actual Total Time": 261.357,
                                                                "Actual Rows": 378563,
                                                                "Actual Loops": 1
                                                            },
                                                            {
                                                                "Worker Number": 2,
                                                                "Actual Startup Time": 261.369,
                                                                "Actual Total Time": 261.37,
                                                                "Actual Rows": 280711,
                                                                "Actual Loops": 1
                                                            },
                                                            {
                                                                "Worker Number": 3,
                                                                "Actual Startup Time": 261.368,
                                                                "Actual Total Time": 261.369,
                                                                "Actual Rows": 285824,
                                                                "Actual Loops": 1
                                                            },
                                                            {
                                                                "Worker Number": 4,
                                                                "Actual Startup Time": 261.471,
                                                                "Actual Total Time": 261.472,
                                                                "Actual Rows": 372470,
                                                                "Actual Loops": 1
                                                            },
                                                            {
                                                                "Worker Number": 5,
                                                                "Actual Startup Time": 261.493,
                                                                "Actual Total Time": 261.494,
                                                                "Actual Rows": 366432,
                                                                "Actual Loops": 1
                                                            }
                                                        ],
                                                        "Plans": [
                                                            {
                                                                "Node Type": "Seq Scan",
                                                                "Parent Relationship": "Outer",
                                                                "Parallel Aware": true,
                                                                "Relation Name": "title",
                                                                "Schema": "public",
                                                                "Alias": "t",
                                                                "Startup Cost": 0.0,
                                                                "Total Cost": 42318.81,
                                                                "Plan Rows": 632080,
                                                                "Plan Width": 4,
                                                                "Actual Startup Time": 0.067,
                                                                "Actual Total Time": 71.812,
                                                                "Actual Rows": 361187,
                                                                "Actual Loops": 7,
                                                                "Output": [
                                                                    "t.id"
                                                                ],
                                                                "Workers": [
                                                                    {
                                                                        "Worker Number": 0,
                                                                        "Actual Startup Time": 0.079,
                                                                        "Actual Total Time": 72.834,
                                                                        "Actual Rows": 361715,
                                                                        "Actual Loops": 1
                                                                    },
                                                                    {
                                                                        "Worker Number": 1,
                                                                        "Actual Startup Time": 0.071,
                                                                        "Actual Total Time": 71.811,
                                                                        "Actual Rows": 378563,
                                                                        "Actual Loops": 1
                                                                    },
                                                                    {
                                                                        "Worker Number": 2,
                                                                        "Actual Startup Time": 0.091,
                                                                        "Actual Total Time": 75.228,
                                                                        "Actual Rows": 280711,
                                                                        "Actual Loops": 1
                                                                    },
                                                                    {
                                                                        "Worker Number": 3,
                                                                        "Actual Startup Time": 0.067,
                                                                        "Actual Total Time": 77.444,
                                                                        "Actual Rows": 285824,
                                                                        "Actual Loops": 1
                                                                    },
                                                                    {
                                                                        "Worker Number": 4,
                                                                        "Actual Startup Time": 0.065,
                                                                        "Actual Total Time": 71.476,
                                                                        "Actual Rows": 372470,
                                                                        "Actual Loops": 1
                                                                    },
                                                                    {
                                                                        "Worker Number": 5,
                                                                        "Actual Startup Time": 0.075,
                                                                        "Actual Total Time": 73.739,
                                                                        "Actual Rows": 366432,
                                                                        "Actual Loops": 1
                                                                    }
                                                                ]
                                                            }
                                                        ]
                                                    }
                                                ]
                                            }
                                        ]
                                    }
                                ]
                            }
                        ]
                    }
                ]
            }
        ]
    },
    "Planning Time": 1.536,
    "Triggers": [],
    "Execution Time": 1366.306
}