[
  {
    "Plan": {
      "Node Type": "Aggregate",
      "Strategy": "Plain",
      "Partial Mode": "Finalize",
      "Parallel Aware": false,
      "Startup Cost": 46051.57,
      "Total Cost": 46051.58,
      "Plan Rows": 1,
      "Plan Width": 8,
      "Actual Startup Time": 180.815,
      "Actual Total Time": 190.679,
      "Actual Rows": 1,
      "Actual Loops": 1,
      "Plans": [
        {
          "Node Type": "Gather",
          "Parent Relationship": "Outer",
          "Parallel Aware": false,
          "Startup Cost": 46051.25,
          "Total Cost": 46051.56,
          "Plan Rows": 3,
          "Plan Width": 8,
          "Actual Startup Time": 180.654,
          "Actual Total Time": 190.669,
          "Actual Rows": 4,
          "Actual Loops": 1,
          "Workers Planned": 3,
          "Workers Launched": 3,
          "Single Copy": false,
          "Plans": [
            {
              "Node Type": "Aggregate",
              "Strategy": "Plain",
              "Partial Mode": "Partial",
              "Parent Relationship": "Outer",
              "Parallel Aware": false,
              "Startup Cost": 45051.25,
              "Total Cost": 45051.26,
              "Plan Rows": 1,
              "Plan Width": 8,
              "Actual Startup Time": 173.555,
              "Actual Total Time": 173.557,
              "Actual Rows": 1,
              "Actual Loops": 4,
              "Plans": [
                {
                  "Node Type": "Seq Scan",
                  "Parent Relationship": "Outer",
                  "Parallel Aware": true,
                  "Relation Name": "movie_keyword",
                  "Alias": "mk",
                  "Startup Cost": 0.0,
                  "Total Cost": 42695.65,
                  "Plan Rows": 942240,
                  "Plan Width": 0,
                  "Actual Startup Time": 0.051,
                  "Actual Total Time": 135.118,
                  "Actual Rows": 732580,
                  "Actual Loops": 4,
                  "Filter": "(keyword_id < 9677)",
                  "Rows Removed by Filter": 398402
                }
              ]
            }
          ]
        }
      ]
    },
    "Planning Time": 0.103,
    "Triggers": [],
    "Execution Time": 190.715
  }
]