[
    {
        "Bao": {
            "Bao prediction": "NaN",
            "Bao recommended hint": "(no hint)"
        }
    },
    {
        "Plan": {
            "Node Type": "Aggregate",
            "Strategy": "Plain",
            "Partial Mode": "Finalize",
            "Parallel Aware": false,
            "Startup Cost": 401556.24,
            "Total Cost": 401556.25,
            "Plan Rows": 1,
            "Plan Width": 8,
            "Actual Startup Time": 2343.69,
            "Actual Total Time": 2377.512,
            "Actual Rows": 1,
            "Actual Loops": 1,
            "Output": [
                "count(*)"
            ],
            "Plans": [
                {
                    "Node Type": "Gather",
                    "Parent Relationship": "Outer",
                    "Parallel Aware": false,
                    "Startup Cost": 401555.61,
                    "Total Cost": 401556.22,
                    "Plan Rows": 6,
                    "Plan Width": 8,
                    "Actual Startup Time": 2330.35,
                    "Actual Total Time": 2377.499,
                    "Actual Rows": 7,
                    "Actual Loops": 1,
                    "Output": [
                        "(PARTIAL count(*))"
                    ],
                    "Workers Planned": 6,
                    "Workers Launched": 6,
                    "Single Copy": false,
                    "Plans": [
                        {
                            "Node Type": "Aggregate",
                            "Strategy": "Plain",
                            "Partial Mode": "Partial",
                            "Parent Relationship": "Outer",
                            "Parallel Aware": false,
                            "Startup Cost": 400555.61,
                            "Total Cost": 400555.62,
                            "Plan Rows": 1,
                            "Plan Width": 8,
                            "Actual Startup Time": 2320.183,
                            "Actual Total Time": 2320.186,
                            "Actual Rows": 1,
                            "Actual Loops": 7,
                            "Output": [
                                "PARTIAL count(*)"
                            ],
                            "Workers": [
                                {
                                    "Worker Number": 0,
                                    "Actual Startup Time": 2317.747,
                                    "Actual Total Time": 2317.749,
                                    "Actual Rows": 1,
                                    "Actual Loops": 1
                                },
                                {
                                    "Worker Number": 1,
                                    "Actual Startup Time": 2318.287,
                                    "Actual Total Time": 2318.29,
                                    "Actual Rows": 1,
                                    "Actual Loops": 1
                                },
                                {
                                    "Worker Number": 2,
                                    "Actual Startup Time": 2318.647,
                                    "Actual Total Time": 2318.65,
                                    "Actual Rows": 1,
                                    "Actual Loops": 1
                                },
                                {
                                    "Worker Number": 3,
                                    "Actual Startup Time": 2319.505,
                                    "Actual Total Time": 2319.507,
                                    "Actual Rows": 1,
                                    "Actual Loops": 1
                                },
                                {
                                    "Worker Number": 4,
                                    "Actual Startup Time": 2318.587,
                                    "Actual Total Time": 2318.589,
                                    "Actual Rows": 1,
                                    "Actual Loops": 1
                                },
                                {
                                    "Worker Number": 5,
                                    "Actual Startup Time": 2318.566,
                                    "Actual Total Time": 2318.569,
                                    "Actual Rows": 1,
                                    "Actual Loops": 1
                                }
                            ],
                            "Plans": [
                                {
                                    "Node Type": "Hash Join",
                                    "Parent Relationship": "Outer",
                                    "Parallel Aware": true,
                                    "Join Type": "Inner",
                                    "Startup Cost": 50035.16,
                                    "Total Cost": 392648.0,
                                    "Plan Rows": 3163045,
                                    "Plan Width": 0,
                                    "Actual Startup Time": 167.095,
                                    "Actual Total Time": 2194.161,
                                    "Actual Rows": 2660953,
                                    "Actual Loops": 7,
                                    "Inner Unique": true,
                                    "Hash Cond": "(ci.movie_id = t.id)",
                                    "Workers": [
                                        {
                                            "Worker Number": 0,
                                            "Actual Startup Time": 164.787,
                                            "Actual Total Time": 2189.346,
                                            "Actual Rows": 2741412,
                                            "Actual Loops": 1
                                        },
                                        {
                                            "Worker Number": 1,
                                            "Actual Startup Time": 165.296,
                                            "Actual Total Time": 2198.622,
                                            "Actual Rows": 2672548,
                                            "Actual Loops": 1
                                        },
                                        {
                                            "Worker Number": 2,
                                            "Actual Startup Time": 165.753,
                                            "Actual Total Time": 2182.291,
                                            "Actual Rows": 2081524,
                                            "Actual Loops": 1
                                        },
                                        {
                                            "Worker Number": 3,
                                            "Actual Startup Time": 165.621,
                                            "Actual Total Time": 2200.66,
                                            "Actual Rows": 2658507,
                                            "Actual Loops": 1
                                        },
                                        {
                                            "Worker Number": 4,
                                            "Actual Startup Time": 165.623,
                                            "Actual Total Time": 2189.183,
                                            "Actual Rows": 2765935,
                                            "Actual Loops": 1
                                        },
                                        {
                                            "Worker Number": 5,
                                            "Actual Startup Time": 165.616,
                                            "Actual Total Time": 2190.851,
                                            "Actual Rows": 2728641,
                                            "Actual Loops": 1
                                        }
                                    ],
                                    "Plans": [
                                        {
                                            "Node Type": "Seq Scan",
                                            "Parent Relationship": "Outer",
                                            "Parallel Aware": true,
                                            "Relation Name": "cast_info",
                                            "Schema": "public",
                                            "Alias": "ci",
                                            "Startup Cost": 0.0,
                                            "Total Cost": 328213.62,
                                            "Plan Rows": 5485410,
                                            "Plan Width": 4,
                                            "Actual Startup Time": 0.027,
                                            "Actual Total Time": 577.985,
                                            "Actual Rows": 4695823,
                                            "Actual Loops": 7,
                                            "Output": [
                                                "ci.id",
                                                "ci.person_id",
                                                "ci.movie_id",
                                                "ci.person_role_id",
                                                "ci.note",
                                                "ci.nr_order",
                                                "ci.role_id"
                                            ],
                                            "Filter": "(ci.person_id < 3442299)",
                                            "Rows Removed by Filter": 481940,
                                            "Workers": [
                                                {
                                                    "Worker Number": 0,
                                                    "Actual Startup Time": 0.031,
                                                    "Actual Total Time": 586.169,
                                                    "Actual Rows": 4831978,
                                                    "Actual Loops": 1
                                                },
                                                {
                                                    "Worker Number": 1,
                                                    "Actual Startup Time": 0.029,
                                                    "Actual Total Time": 575.271,
                                                    "Actual Rows": 4706050,
                                                    "Actual Loops": 1
                                                },
                                                {
                                                    "Worker Number": 2,
                                                    "Actual Startup Time": 0.03,
                                                    "Actual Total Time": 623.247,
                                                    "Actual Rows": 3700447,
                                                    "Actual Loops": 1
                                                },
                                                {
                                                    "Worker Number": 3,
                                                    "Actual Startup Time": 0.023,
                                                    "Actual Total Time": 576.107,
                                                    "Actual Rows": 4698786,
                                                    "Actual Loops": 1
                                                },
                                                {
                                                    "Worker Number": 4,
                                                    "Actual Startup Time": 0.028,
                                                    "Actual Total Time": 589.515,
                                                    "Actual Rows": 4883552,
                                                    "Actual Loops": 1
                                                },
                                                {
                                                    "Worker Number": 5,
                                                    "Actual Startup Time": 0.035,
                                                    "Actual Total Time": 584.786,
                                                    "Actual Rows": 4809643,
                                                    "Actual Loops": 1
                                                }
                                            ]
                                        },
                                        {
                                            "Node Type": "Hash",
                                            "Parent Relationship": "Inner",
                                            "Parallel Aware": true,
                                            "Startup Cost": 45479.21,
                                            "Total Cost": 45479.21,
                                            "Plan Rows": 364476,
                                            "Plan Width": 4,
                                            "Actual Startup Time": 163.457,
                                            "Actual Total Time": 163.458,
                                            "Actual Rows": 207209,
                                            "Actual Loops": 7,
                                            "Output": [
                                                "t.id"
                                            ],
                                            "Hash Buckets": 2097152,
                                            "Original Hash Buckets": 2097152,
                                            "Hash Batches": 1,
                                            "Original Hash Batches": 1,
                                            "Peak Memory Usage": 73248,
                                            "Workers": [
                                                {
                                                    "Worker Number": 0,
                                                    "Actual Startup Time": 163.761,
                                                    "Actual Total Time": 163.762,
                                                    "Actual Rows": 202270,
                                                    "Actual Loops": 1
                                                },
                                                {
                                                    "Worker Number": 1,
                                                    "Actual Startup Time": 164.475,
                                                    "Actual Total Time": 164.476,
                                                    "Actual Rows": 193805,
                                                    "Actual Loops": 1
                                                },
                                                {
                                                    "Worker Number": 2,
                                                    "Actual Startup Time": 164.691,
                                                    "Actual Total Time": 164.692,
                                                    "Actual Rows": 151722,
                                                    "Actual Loops": 1
                                                },
                                                {
                                                    "Worker Number": 3,
                                                    "Actual Startup Time": 164.539,
                                                    "Actual Total Time": 164.539,
                                                    "Actual Rows": 195993,
                                                    "Actual Loops": 1
                                                },
                                                {
                                                    "Worker Number": 4,
                                                    "Actual Startup Time": 164.553,
                                                    "Actual Total Time": 164.554,
                                                    "Actual Rows": 208200,
                                                    "Actual Loops": 1
                                                },
                                                {
                                                    "Worker Number": 5,
                                                    "Actual Startup Time": 164.488,
                                                    "Actual Total Time": 164.489,
                                                    "Actual Rows": 204501,
                                                    "Actual Loops": 1
                                                }
                                            ],
                                            "Plans": [
                                                {
                                                    "Node Type": "Seq Scan",
                                                    "Parent Relationship": "Outer",
                                                    "Parallel Aware": true,
                                                    "Relation Name": "title",
                                                    "Schema": "public",
                                                    "Alias": "t",
                                                    "Startup Cost": 0.0,
                                                    "Total Cost": 45479.21,
                                                    "Plan Rows": 364476,
                                                    "Plan Width": 4,
                                                    "Actual Startup Time": 0.038,
                                                    "Actual Total Time": 75.198,
                                                    "Actual Rows": 207209,
                                                    "Actual Loops": 7,
                                                    "Output": [
                                                        "t.id"
                                                    ],
                                                    "Filter": "((t.kind_id > 4) AND (t.production_year < 2013))",
                                                    "Rows Removed by Filter": 153978,
                                                    "Workers": [
                                                        {
                                                            "Worker Number": 0,
                                                            "Actual Startup Time": 0.044,
                                                            "Actual Total Time": 76.882,
                                                            "Actual Rows": 202270,
                                                            "Actual Loops": 1
                                                        },
                                                        {
                                                            "Worker Number": 1,
                                                            "Actual Startup Time": 0.039,
                                                            "Actual Total Time": 74.526,
                                                            "Actual Rows": 193805,
                                                            "Actual Loops": 1
                                                        },
                                                        {
                                                            "Worker Number": 2,
                                                            "Actual Startup Time": 0.058,
                                                            "Actual Total Time": 77.431,
                                                            "Actual Rows": 151722,
                                                            "Actual Loops": 1
                                                        },
                                                        {
                                                            "Worker Number": 3,
                                                            "Actual Startup Time": 0.051,
                                                            "Actual Total Time": 74.418,
                                                            "Actual Rows": 195993,
                                                            "Actual Loops": 1
                                                        },
                                                        {
                                                            "Worker Number": 4,
                                                            "Actual Startup Time": 0.025,
                                                            "Actual Total Time": 77.257,
                                                            "Actual Rows": 208200,
                                                            "Actual Loops": 1
                                                        },
                                                        {
                                                            "Worker Number": 5,
                                                            "Actual Startup Time": 0.04,
                                                            "Actual Total Time": 76.953,
                                                            "Actual Rows": 204501,
                                                            "Actual Loops": 1
                                                        }
                                                    ]
                                                }
                                            ]
                                        }
                                    ]
                                }
                            ]
                        }
                    ]
                }
            ]
        },
        "Planning Time": 227.411,
        "Triggers": [],
        "Execution Time": 2377.574
    }
]