[
  {
    "Plan": {
      "Node Type": "Aggregate",
      "Strategy": "Plain",
      "Partial Mode": "Finalize",
      "Parallel Aware": false,
      "Startup Cost": 45860.37,
      "Total Cost": 45860.38,
      "Plan Rows": 1,
      "Plan Width": 8,
      "Actual Startup Time": 182.161,
      "Actual Total Time": 191.649,
      "Actual Rows": 1,
      "Actual Loops": 1,
      "Plans": [
        {
          "Node Type": "Gather",
          "Parent Relationship": "Outer",
          "Parallel Aware": false,
          "Startup Cost": 45860.05,
          "Total Cost": 45860.36,
          "Plan Rows": 3,
          "Plan Width": 8,
          "Actual Startup Time": 181.997,
          "Actual Total Time": 191.637,
          "Actual Rows": 4,
          "Actual Loops": 1,
          "Workers Planned": 3,
          "Workers Launched": 3,
          "Single Copy": false,
          "Plans": [
            {
              "Node Type": "Aggregate",
              "Strategy": "Plain",
              "Partial Mode": "Partial",
              "Parent Relationship": "Outer",
              "Parallel Aware": false,
              "Startup Cost": 44860.05,
              "Total Cost": 44860.06,
              "Plan Rows": 1,
              "Plan Width": 8,
              "Actual Startup Time": 173.923,
              "Actual Total Time": 173.924,
              "Actual Rows": 1,
              "Actual Loops": 4,
              "Plans": [
                {
                  "Node Type": "Seq Scan",
                  "Parent Relationship": "Outer",
                  "Parallel Aware": true,
                  "Relation Name": "movie_keyword",
                  "Alias": "mk",
                  "Startup Cost": 0.0,
                  "Total Cost": 42695.65,
                  "Plan Rows": 865760,
                  "Plan Width": 0,
                  "Actual Startup Time": 0.059,
                  "Actual Total Time": 136.764,
                  "Actual Rows": 669942,
                  "Actual Loops": 4,
                  "Filter": "(keyword_id < 7525)",
                  "Rows Removed by Filter": 461041
                }
              ]
            }
          ]
        }
      ]
    },
    "Planning Time": 0.174,
    "Triggers": [],
    "Execution Time": 191.703
  }
]