{
  "Plan": {
    "Node Type": "Aggregate",
    "Strategy": "Plain",
    "Partial Mode": "Finalize",
    "Parallel Aware": false,
    "Startup Cost": 758905.66,
    "Total Cost": 758905.67,
    "Plan Rows": 1,
    "Plan Width": 8,
    "Actual Startup Time": 9515.983,
    "Actual Total Time": 9573.499,
    "Actual Rows": 1,
    "Actual Loops": 1,
    "Plans": [
      {
        "Node Type": "Gather",
        "Parent Relationship": "Outer",
        "Parallel Aware": false,
        "Startup Cost": 758905.55,
        "Total Cost": 758905.66,
        "Plan Rows": 1,
        "Plan Width": 8,
        "Actual Startup Time": 9509.076,
        "Actual Total Time": 9573.49,
        "Actual Rows": 2,
        "Actual Loops": 1,
        "Workers Planned": 1,
        "Workers Launched": 1,
        "Single Copy": false,
        "Plans": [
          {
            "Node Type": "Aggregate",
            "Strategy": "Plain",
            "Partial Mode": "Partial",
            "Parent Relationship": "Outer",
            "Parallel Aware": false,
            "Startup Cost": 757905.55,
            "Total Cost": 757905.56,
            "Plan Rows": 1,
            "Plan Width": 8,
            "Actual Startup Time": 9497.067,
            "Actual Total Time": 9497.073,
            "Actual Rows": 1,
            "Actual Loops": 2,
            "Plans": [
              {
                "Node Type": "Hash Join",
                "Parent Relationship": "Outer",
                "Parallel Aware": true,
                "Join Type": "Inner",
                "Startup Cost": 115913.1,
                "Total Cost": 745244.54,
                "Plan Rows": 5064401,
                "Plan Width": 0,
                "Actual Startup Time": 1038.149,
                "Actual Total Time": 9099.206,
                "Actual Rows": 8990411,
                "Actual Loops": 2,
                "Inner Unique": false,
                "Hash Cond": "(t.id = mc.movie_id)",
                "Plans": [
                  {
                    "Node Type": "Hash Join",
                    "Parent Relationship": "Outer",
                    "Parallel Aware": true,
                    "Join Type": "Inner",
                    "Startup Cost": 59922.63,
                    "Total Cost": 626801.29,
                    "Plan Rows": 5225951,
                    "Plan Width": 8,
                    "Actual Startup Time": 455.644,
                    "Actual Total Time": 5909.727,
                    "Actual Rows": 3864178,
                    "Actual Loops": 2,
                    "Inner Unique": true,
                    "Hash Cond": "(ci.movie_id = t.id)",
                    "Plans": [
                      {
                        "Node Type": "Seq Scan",
                        "Parent Relationship": "Outer",
                        "Parallel Aware": true,
                        "Relation Name": "cast_info",
                        "Alias": "ci",
                        "Startup Cost": 0.0,
                        "Total Cost": 519069.44,
                        "Plan Rows": 18213006,
                        "Plan Width": 4,
                        "Actual Startup Time": 152.367,
                        "Actual Total Time": 1731.926,
                        "Actual Rows": 15402205,
                        "Actual Loops": 2,
                        "Filter": "(person_id > 524903)",
                        "Rows Removed by Filter": 2719967
                      },
                      {
                        "Node Type": "Hash",
                        "Parent Relationship": "Inner",
                        "Parallel Aware": true,
                        "Startup Cost": 54588.39,
                        "Total Cost": 54588.39,
                        "Plan Rows": 426739,
                        "Plan Width": 4,
                        "Actual Startup Time": 301.412,
                        "Actual Total Time": 301.413,
                        "Actual Rows": 365492,
                        "Actual Loops": 2,
                        "Hash Buckets": 1048576,
                        "Original Hash Buckets": 1048576,
                        "Hash Batches": 1,
                        "Original Hash Batches": 1,
                        "Peak Memory Usage": 36832,
                        "Plans": [
                          {
                            "Node Type": "Seq Scan",
                            "Parent Relationship": "Outer",
                            "Parallel Aware": true,
                            "Relation Name": "title",
                            "Alias": "t",
                            "Startup Cost": 0.0,
                            "Total Cost": 54588.39,
                            "Plan Rows": 426739,
                            "Plan Width": 4,
                            "Actual Startup Time": 0.016,
                            "Actual Total Time": 173.755,
                            "Actual Rows": 365492,
                            "Actual Loops": 2,
                            "Filter": "(production_year < 1992)",
                            "Rows Removed by Filter": 898664
                          }
                        ]
                      }
                    ]
                  },
                  {
                    "Node Type": "Hash",
                    "Parent Relationship": "Inner",
                    "Parallel Aware": true,
                    "Startup Cost": 37974.77,
                    "Total Cost": 37974.77,
                    "Plan Rows": 1441256,
                    "Plan Width": 4,
                    "Actual Startup Time": 558.885,
                    "Actual Total Time": 558.886,
                    "Actual Rows": 1223510,
                    "Actual Loops": 2,
                    "Hash Buckets": 4194304,
                    "Original Hash Buckets": 4194304,
                    "Hash Batches": 1,
                    "Original Hash Batches": 1,
                    "Peak Memory Usage": 128544,
                    "Plans": [
                      {
                        "Node Type": "Seq Scan",
                        "Parent Relationship": "Outer",
                        "Parallel Aware": true,
                        "Relation Name": "movie_companies",
                        "Alias": "mc",
                        "Startup Cost": 0.0,
                        "Total Cost": 37974.77,
                        "Plan Rows": 1441256,
                        "Plan Width": 4,
                        "Actual Startup Time": 0.047,
                        "Actual Total Time": 189.503,
                        "Actual Rows": 1223510,
                        "Actual Loops": 2,
                        "Filter": "(company_id > 27)",
                        "Rows Removed by Filter": 81055
                      }
                    ]
                  }
                ]
              }
            ]
          }
        ]
      }
    ]
  },
  "Planning Time": 0.981,
  "Triggers": [],
  "Execution Time": 9573.582
}