[
  {
    "Plan": {
      "Node Type": "Aggregate",
      "Strategy": "Plain",
      "Partial Mode": "Finalize",
      "Parallel Aware": false,
      "Startup Cost": 47354.12,
      "Total Cost": 47354.13,
      "Plan Rows": 1,
      "Plan Width": 8,
      "Actual Startup Time": 127.502,
      "Actual Total Time": 139.313,
      "Actual Rows": 1,
      "Actual Loops": 1,
      "Plans": [
        {
          "Node Type": "Gather",
          "Parent Relationship": "Outer",
          "Parallel Aware": false,
          "Startup Cost": 47353.7,
          "Total Cost": 47354.11,
          "Plan Rows": 4,
          "Plan Width": 8,
          "Actual Startup Time": 127.34,
          "Actual Total Time": 139.305,
          "Actual Rows": 5,
          "Actual Loops": 1,
          "Workers Planned": 4,
          "Workers Launched": 4,
          "Single Copy": false,
          "Plans": [
            {
              "Node Type": "Aggregate",
              "Strategy": "Plain",
              "Partial Mode": "Partial",
              "Parent Relationship": "Outer",
              "Parallel Aware": false,
              "Startup Cost": 46353.7,
              "Total Cost": 46353.71,
              "Plan Rows": 1,
              "Plan Width": 8,
              "Actual Startup Time": 120.419,
              "Actual Total Time": 120.421,
              "Actual Rows": 1,
              "Actual Loops": 5,
              "Plans": [
                {
                  "Node Type": "Seq Scan",
                  "Parent Relationship": "Outer",
                  "Parallel Aware": true,
                  "Relation Name": "title",
                  "Alias": "t",
                  "Startup Cost": 0.0,
                  "Total Cost": 45479.1,
                  "Plan Rows": 349840,
                  "Plan Width": 0,
                  "Actual Startup Time": 0.038,
                  "Actual Total Time": 102.228,
                  "Actual Rows": 303718,
                  "Actual Loops": 5,
                  "Filter": "((kind_id > 1) AND (production_year > 1983))",
                  "Rows Removed by Filter": 201944
                }
              ]
            }
          ]
        }
      ]
    },
    "Planning Time": 0.118,
    "Triggers": [],
    "Execution Time": 139.356
  }
]