{
  "Plan": {
    "Node Type": "Aggregate",
    "Strategy": "Plain",
    "Partial Mode": "Finalize",
    "Parallel Aware": false,
    "Startup Cost": 108604.43,
    "Total Cost": 108604.44,
    "Plan Rows": 1,
    "Plan Width": 8,
    "Actual Startup Time": 534.712,
    "Actual Total Time": 551.243,
    "Actual Rows": 1,
    "Actual Loops": 1,
    "Plans": [
      {
        "Node Type": "Gather",
        "Parent Relationship": "Outer",
        "Parallel Aware": false,
        "Startup Cost": 108604.32,
        "Total Cost": 108604.43,
        "Plan Rows": 1,
        "Plan Width": 8,
        "Actual Startup Time": 534.003,
        "Actual Total Time": 551.234,
        "Actual Rows": 2,
        "Actual Loops": 1,
        "Workers Planned": 1,
        "Workers Launched": 1,
        "Single Copy": false,
        "Plans": [
          {
            "Node Type": "Aggregate",
            "Strategy": "Plain",
            "Partial Mode": "Partial",
            "Parent Relationship": "Outer",
            "Parallel Aware": false,
            "Startup Cost": 107604.32,
            "Total Cost": 107604.33,
            "Plan Rows": 1,
            "Plan Width": 8,
            "Actual Startup Time": 527.912,
            "Actual Total Time": 527.917,
            "Actual Rows": 1,
            "Actual Loops": 2,
            "Plans": [
              {
                "Node Type": "Nested Loop",
                "Parent Relationship": "Outer",
                "Parallel Aware": false,
                "Join Type": "Inner",
                "Startup Cost": 25381.52,
                "Total Cost": 107586.22,
                "Plan Rows": 7238,
                "Plan Width": 0,
                "Actual Startup Time": 78.848,
                "Actual Total Time": 525.533,
                "Actual Rows": 26668,
                "Actual Loops": 2,
                "Inner Unique": false,
                "Plans": [
                  {
                    "Node Type": "Hash Join",
                    "Parent Relationship": "Outer",
                    "Parallel Aware": true,
                    "Join Type": "Inner",
                    "Startup Cost": 25381.09,
                    "Total Cost": 86724.63,
                    "Plan Rows": 39402,
                    "Plan Width": 8,
                    "Actual Startup Time": 78.76,
                    "Actual Total Time": 383.597,
                    "Actual Rows": 63930,
                    "Actual Loops": 2,
                    "Inner Unique": false,
                    "Hash Cond": "(t.id = mc.movie_id)",
                    "Plans": [
                      {
                        "Node Type": "Seq Scan",
                        "Parent Relationship": "Outer",
                        "Parallel Aware": true,
                        "Relation Name": "title",
                        "Alias": "t",
                        "Startup Cost": 0.0,
                        "Total Cost": 54588.39,
                        "Plan Rows": 1043739,
                        "Plan Width": 4,
                        "Actual Startup Time": 0.013,
                        "Actual Total Time": 162.841,
                        "Actual Rows": 887318,
                        "Actual Loops": 2,
                        "Filter": "(kind_id > 2)",
                        "Rows Removed by Filter": 376838
                      },
                      {
                        "Node Type": "Hash",
                        "Parent Relationship": "Inner",
                        "Parallel Aware": true,
                        "Startup Cost": 24679.28,
                        "Total Cost": 24679.28,
                        "Plan Rows": 56145,
                        "Plan Width": 4,
                        "Actual Startup Time": 77.075,
                        "Actual Total Time": 77.076,
                        "Actual Rows": 76457,
                        "Actual Loops": 2,
                        "Hash Buckets": 262144,
                        "Original Hash Buckets": 131072,
                        "Hash Batches": 1,
                        "Original Hash Batches": 1,
                        "Peak Memory Usage": 9088,
                        "Plans": [
                          {
                            "Node Type": "Bitmap Heap Scan",
                            "Parent Relationship": "Outer",
                            "Parallel Aware": true,
                            "Relation Name": "movie_companies",
                            "Alias": "mc",
                            "Startup Cost": 4178.47,
                            "Total Cost": 24679.28,
                            "Plan Rows": 56145,
                            "Plan Width": 4,
                            "Actual Startup Time": 17.654,
                            "Actual Total Time": 57.111,
                            "Actual Rows": 76457,
                            "Actual Loops": 2,
                            "Recheck Cond": "(company_id < 52)",
                            "Rows Removed by Index Recheck": 0,
                            "Filter": "(company_type_id = 1)",
                            "Rows Removed by Filter": 19562,
                            "Exact Heap Blocks": 11514,
                            "Lossy Heap Blocks": 0,
                            "Plans": [
                              {
                                "Node Type": "Bitmap Index Scan",
                                "Parent Relationship": "Outer",
                                "Parallel Aware": false,
                                "Index Name": "company_id_movie_companies",
                                "Startup Cost": 0.0,
                                "Total Cost": 4154.61,
                                "Plan Rows": 193891,
                                "Plan Width": 0,
                                "Actual Startup Time": 18.697,
                                "Actual Total Time": 18.697,
                                "Actual Rows": 192038,
                                "Actual Loops": 1,
                                "Index Cond": "(company_id < 52)"
                              }
                            ]
                          }
                        ]
                      }
                    ]
                  },
                  {
                    "Node Type": "Index Scan",
                    "Parent Relationship": "Inner",
                    "Parallel Aware": false,
                    "Scan Direction": "Forward",
                    "Index Name": "movie_id_movie_info_idx",
                    "Relation Name": "movie_info_idx",
                    "Alias": "mi_idx",
                    "Startup Cost": 0.43,
                    "Total Cost": 0.52,
                    "Plan Rows": 1,
                    "Plan Width": 4,
                    "Actual Startup Time": 0.002,
                    "Actual Total Time": 0.002,
                    "Actual Rows": 0,
                    "Actual Loops": 127861,
                    "Index Cond": "(movie_id = t.id)",
                    "Rows Removed by Index Recheck": 0,
                    "Filter": "(info_type_id = 100)",
                    "Rows Removed by Filter": 1
                  }
                ]
              }
            ]
          }
        ]
      }
    ]
  },
  "Planning Time": 0.947,
  "Triggers": [],
  "Execution Time": 551.334
}