[
  {
    "Plan": {
      "Node Type": "Aggregate",
      "Strategy": "Plain",
      "Partial Mode": "Finalize",
      "Parallel Aware": false,
      "Startup Cost": 30728.41,
      "Total Cost": 30728.42,
      "Plan Rows": 1,
      "Plan Width": 8,
      "Actual Startup Time": 92.09,
      "Actual Total Time": 98.716,
      "Actual Rows": 1,
      "Actual Loops": 1,
      "Plans": [
        {
          "Node Type": "Gather",
          "Parent Relationship": "Outer",
          "Parallel Aware": false,
          "Startup Cost": 30728.09,
          "Total Cost": 30728.4,
          "Plan Rows": 3,
          "Plan Width": 8,
          "Actual Startup Time": 91.965,
          "Actual Total Time": 98.708,
          "Actual Rows": 4,
          "Actual Loops": 1,
          "Workers Planned": 3,
          "Workers Launched": 3,
          "Single Copy": false,
          "Plans": [
            {
              "Node Type": "Aggregate",
              "Strategy": "Plain",
              "Partial Mode": "Partial",
              "Parent Relationship": "Outer",
              "Parallel Aware": false,
              "Startup Cost": 29728.09,
              "Total Cost": 29728.1,
              "Plan Rows": 1,
              "Plan Width": 8,
              "Actual Startup Time": 83.549,
              "Actual Total Time": 83.551,
              "Actual Rows": 1,
              "Actual Loops": 4,
              "Plans": [
                {
                  "Node Type": "Seq Scan",
                  "Parent Relationship": "Outer",
                  "Parallel Aware": true,
                  "Relation Name": "movie_companies",
                  "Alias": "mc",
                  "Startup Cost": 0.0,
                  "Total Cost": 29310.68,
                  "Plan Rows": 166965,
                  "Plan Width": 0,
                  "Actual Startup Time": 47.199,
                  "Actual Total Time": 77.564,
                  "Actual Rows": 132071,
                  "Actual Loops": 4,
                  "Filter": "(company_id > 72843)",
                  "Rows Removed by Filter": 520211
                }
              ]
            }
          ]
        }
      ]
    },
    "Planning Time": 0.175,
    "Triggers": [],
    "Execution Time": 98.777
  }
]