{
  "Plan": {
    "Node Type": "Aggregate",
    "Strategy": "Plain",
    "Partial Mode": "Finalize",
    "Parallel Aware": false,
    "Startup Cost": 98240.42,
    "Total Cost": 98240.43,
    "Plan Rows": 1,
    "Plan Width": 8,
    "Actual Startup Time": 387.328,
    "Actual Total Time": 397.615,
    "Actual Rows": 1,
    "Actual Loops": 1,
    "Plans": [
      {
        "Node Type": "Gather",
        "Parent Relationship": "Outer",
        "Parallel Aware": false,
        "Startup Cost": 98240.31,
        "Total Cost": 98240.42,
        "Plan Rows": 1,
        "Plan Width": 8,
        "Actual Startup Time": 386.222,
        "Actual Total Time": 397.607,
        "Actual Rows": 2,
        "Actual Loops": 1,
        "Workers Planned": 1,
        "Workers Launched": 1,
        "Single Copy": false,
        "Plans": [
          {
            "Node Type": "Aggregate",
            "Strategy": "Plain",
            "Partial Mode": "Partial",
            "Parent Relationship": "Outer",
            "Parallel Aware": false,
            "Startup Cost": 97240.31,
            "Total Cost": 97240.32,
            "Plan Rows": 1,
            "Plan Width": 8,
            "Actual Startup Time": 380.108,
            "Actual Total Time": 380.113,
            "Actual Rows": 1,
            "Actual Loops": 2,
            "Plans": [
              {
                "Node Type": "Hash Join",
                "Parent Relationship": "Outer",
                "Parallel Aware": true,
                "Join Type": "Inner",
                "Startup Cost": 56890.76,
                "Total Cost": 96913.78,
                "Plan Rows": 130612,
                "Plan Width": 0,
                "Actual Startup Time": 158.864,
                "Actual Total Time": 371.489,
                "Actual Rows": 203512,
                "Actual Loops": 2,
                "Inner Unique": true,
                "Hash Cond": "(mc.movie_id = t.id)",
                "Plans": [
                  {
                    "Node Type": "Seq Scan",
                    "Parent Relationship": "Outer",
                    "Parallel Aware": true,
                    "Relation Name": "movie_companies",
                    "Alias": "mc",
                    "Startup Cost": 0.0,
                    "Total Cost": 37974.77,
                    "Plan Rows": 780285,
                    "Plan Width": 4,
                    "Actual Startup Time": 14.969,
                    "Actual Total Time": 116.252,
                    "Actual Rows": 665684,
                    "Actual Loops": 2,
                    "Filter": "(company_id > 11207)",
                    "Rows Removed by Filter": 638880
                  },
                  {
                    "Node Type": "Hash",
                    "Parent Relationship": "Inner",
                    "Parallel Aware": true,
                    "Startup Cost": 53778.91,
                    "Total Cost": 53778.91,
                    "Plan Rows": 248948,
                    "Plan Width": 4,
                    "Actual Startup Time": 138.249,
                    "Actual Total Time": 138.25,
                    "Actual Rows": 154549,
                    "Actual Loops": 2,
                    "Hash Buckets": 524288,
                    "Original Hash Buckets": 524288,
                    "Hash Batches": 1,
                    "Original Hash Batches": 1,
                    "Peak Memory Usage": 16224,
                    "Plans": [
                      {
                        "Node Type": "Bitmap Heap Scan",
                        "Parent Relationship": "Outer",
                        "Parallel Aware": true,
                        "Relation Name": "title",
                        "Alias": "t",
                        "Startup Cost": 11928.65,
                        "Total Cost": 53778.91,
                        "Plan Rows": 248948,
                        "Plan Width": 4,
                        "Actual Startup Time": 34.441,
                        "Actual Total Time": 101.995,
                        "Actual Rows": 154549,
                        "Actual Loops": 2,
                        "Recheck Cond": "(kind_id < 2)",
                        "Rows Removed by Index Recheck": 0,
                        "Filter": "(production_year > 1995)",
                        "Rows Removed by Filter": 176864,
                        "Exact Heap Blocks": 8183,
                        "Lossy Heap Blocks": 0,
                        "Plans": [
                          {
                            "Node Type": "Bitmap Index Scan",
                            "Parent Relationship": "Outer",
                            "Parallel Aware": false,
                            "Index Name": "kind_id_title",
                            "Startup Cost": 0.0,
                            "Total Cost": 11822.85,
                            "Plan Rows": 663256,
                            "Plan Width": 0,
                            "Actual Startup Time": 32.83,
                            "Actual Total Time": 32.83,
                            "Actual Rows": 662825,
                            "Actual Loops": 1,
                            "Index Cond": "(kind_id < 2)"
                          }
                        ]
                      }
                    ]
                  }
                ]
              }
            ]
          }
        ]
      }
    ]
  },
  "Planning Time": 0.681,
  "Triggers": [],
  "Execution Time": 397.707
}