[
  {
    "Plan": {
      "Node Type": "Aggregate",
      "Strategy": "Plain",
      "Partial Mode": "Simple",
      "Parallel Aware": false,
      "Startup Cost": 107429.92,
      "Total Cost": 107429.93,
      "Plan Rows": 1,
      "Plan Width": 8,
      "Actual Startup Time": 25.234,
      "Actual Total Time": 25.235,
      "Actual Rows": 1,
      "Actual Loops": 1,
      "Plans": [
        {
          "Node Type": "Bitmap Heap Scan",
          "Parent Relationship": "Outer",
          "Parallel Aware": false,
          "Relation Name": "movie_info",
          "Alias": "mi",
          "Startup Cost": 902.17,
          "Total Cost": 107305.49,
          "Plan Rows": 49772,
          "Plan Width": 0,
          "Actual Startup Time": 4.184,
          "Actual Total Time": 21.962,
          "Actual Rows": 50267,
          "Actual Loops": 1,
          "Recheck Cond": "(info_type_id > 107)",
          "Rows Removed by Index Recheck": 0,
          "Exact Heap Blocks": 4547,
          "Lossy Heap Blocks": 0,
          "Plans": [
            {
              "Node Type": "Bitmap Index Scan",
              "Parent Relationship": "Outer",
              "Parallel Aware": false,
              "Index Name": "info_type_id_movie_info",
              "Startup Cost": 0.0,
              "Total Cost": 889.72,
              "Plan Rows": 49772,
              "Plan Width": 0,
              "Actual Startup Time": 3.155,
              "Actual Total Time": 3.155,
              "Actual Rows": 50267,
              "Actual Loops": 1,
              "Index Cond": "(info_type_id > 107)"
            }
          ]
        }
      ]
    },
    "Planning Time": 0.088,
    "Triggers": [],
    "Execution Time": 25.264
  }
]