[
    {
        "Bao": {
            "Bao prediction": 811.786,
            "Bao recommended hint": "SET enable_mergejoin TO off; "
        }
    },
    {
        "Plan": {
            "Node Type": "Aggregate",
            "Strategy": "Plain",
            "Partial Mode": "Finalize",
            "Parallel Aware": false,
            "Startup Cost": 77893.5,
            "Total Cost": 77893.51,
            "Plan Rows": 1,
            "Plan Width": 8,
            "Actual Startup Time": 324.555,
            "Actual Total Time": 350.79,
            "Actual Rows": 1,
            "Actual Loops": 1,
            "Output": [
                "count(*)"
            ],
            "Plans": [
                {
                    "Node Type": "Gather",
                    "Parent Relationship": "Outer",
                    "Parallel Aware": false,
                    "Startup Cost": 77893.28,
                    "Total Cost": 77893.49,
                    "Plan Rows": 2,
                    "Plan Width": 8,
                    "Actual Startup Time": 324.171,
                    "Actual Total Time": 350.78,
                    "Actual Rows": 3,
                    "Actual Loops": 1,
                    "Output": [
                        "(PARTIAL count(*))"
                    ],
                    "Workers Planned": 2,
                    "Workers Launched": 2,
                    "Single Copy": false,
                    "Plans": [
                        {
                            "Node Type": "Aggregate",
                            "Strategy": "Plain",
                            "Partial Mode": "Partial",
                            "Parent Relationship": "Outer",
                            "Parallel Aware": false,
                            "Startup Cost": 76893.28,
                            "Total Cost": 76893.29,
                            "Plan Rows": 1,
                            "Plan Width": 8,
                            "Actual Startup Time": 316.759,
                            "Actual Total Time": 316.762,
                            "Actual Rows": 1,
                            "Actual Loops": 3,
                            "Output": [
                                "PARTIAL count(*)"
                            ],
                            "Workers": [
                                {
                                    "Worker Number": 0,
                                    "Actual Startup Time": 313.347,
                                    "Actual Total Time": 313.35,
                                    "Actual Rows": 1,
                                    "Actual Loops": 1
                                },
                                {
                                    "Worker Number": 1,
                                    "Actual Startup Time": 313.425,
                                    "Actual Total Time": 313.429,
                                    "Actual Rows": 1,
                                    "Actual Loops": 1
                                }
                            ],
                            "Plans": [
                                {
                                    "Node Type": "Nested Loop",
                                    "Parent Relationship": "Outer",
                                    "Parallel Aware": false,
                                    "Join Type": "Inner",
                                    "Startup Cost": 45674.59,
                                    "Total Cost": 76864.5,
                                    "Plan Rows": 11513,
                                    "Plan Width": 0,
                                    "Actual Startup Time": 129.713,
                                    "Actual Total Time": 313.839,
                                    "Actual Rows": 32669,
                                    "Actual Loops": 3,
                                    "Inner Unique": false,
                                    "Join Filter": "(t.id = mi.movie_id)",
                                    "Rows Removed by Join Filter": 0,
                                    "Workers": [
                                        {
                                            "Worker Number": 0,
                                            "Actual Startup Time": 126.417,
                                            "Actual Total Time": 310.638,
                                            "Actual Rows": 24887,
                                            "Actual Loops": 1
                                        },
                                        {
                                            "Worker Number": 1,
                                            "Actual Startup Time": 126.472,
                                            "Actual Total Time": 310.859,
                                            "Actual Rows": 24640,
                                            "Actual Loops": 1
                                        }
                                    ],
                                    "Plans": [
                                        {
                                            "Node Type": "Hash Join",
                                            "Parent Relationship": "Outer",
                                            "Parallel Aware": true,
                                            "Join Type": "Inner",
                                            "Startup Cost": 45674.16,
                                            "Total Cost": 61298.62,
                                            "Plan Rows": 4717,
                                            "Plan Width": 8,
                                            "Actual Startup Time": 129.657,
                                            "Actual Total Time": 208.692,
                                            "Actual Rows": 4218,
                                            "Actual Loops": 3,
                                            "Output": [
                                                "t.id",
                                                "mi_idx.movie_id"
                                            ],
                                            "Inner Unique": true,
                                            "Hash Cond": "(mi_idx.movie_id = t.id)",
                                            "Workers": [
                                                {
                                                    "Worker Number": 0,
                                                    "Actual Startup Time": 126.344,
                                                    "Actual Total Time": 194.525,
                                                    "Actual Rows": 3334,
                                                    "Actual Loops": 1
                                                },
                                                {
                                                    "Worker Number": 1,
                                                    "Actual Startup Time": 126.404,
                                                    "Actual Total Time": 194.897,
                                                    "Actual Rows": 3264,
                                                    "Actual Loops": 1
                                                }
                                            ],
                                            "Plans": [
                                                {
                                                    "Node Type": "Seq Scan",
                                                    "Parent Relationship": "Outer",
                                                    "Parallel Aware": true,
                                                    "Relation Name": "movie_info_idx",
                                                    "Schema": "public",
                                                    "Alias": "mi_idx",
                                                    "Startup Cost": 0.0,
                                                    "Total Cost": 15122.68,
                                                    "Plan Rows": 191154,
                                                    "Plan Width": 4,
                                                    "Actual Startup Time": 0.021,
                                                    "Actual Total Time": 50.841,
                                                    "Actual Rows": 153308,
                                                    "Actual Loops": 3,
                                                    "Output": [
                                                        "mi_idx.id",
                                                        "mi_idx.movie_id",
                                                        "mi_idx.info_type_id",
                                                        "mi_idx.info",
                                                        "mi_idx.note"
                                                    ],
                                                    "Filter": "(mi_idx.info_type_id < 100)",
                                                    "Rows Removed by Filter": 306703,
                                                    "Workers": [
                                                        {
                                                            "Worker Number": 0,
                                                            "Actual Startup Time": 0.028,
                                                            "Actual Total Time": 43.797,
                                                            "Actual Rows": 122564,
                                                            "Actual Loops": 1
                                                        },
                                                        {
                                                            "Worker Number": 1,
                                                            "Actual Startup Time": 0.025,
                                                            "Actual Total Time": 43.697,
                                                            "Actual Rows": 121804,
                                                            "Actual Loops": 1
                                                        }
                                                    ]
                                                },
                                                {
                                                    "Node Type": "Hash",
                                                    "Parent Relationship": "Inner",
                                                    "Parallel Aware": true,
                                                    "Startup Cost": 45479.21,
                                                    "Total Cost": 45479.21,
                                                    "Plan Rows": 15596,
                                                    "Plan Width": 4,
                                                    "Actual Startup Time": 128.402,
                                                    "Actual Total Time": 128.403,
                                                    "Actual Rows": 17923,
                                                    "Actual Loops": 3,
                                                    "Output": [
                                                        "t.id"
                                                    ],
                                                    "Hash Buckets": 65536,
                                                    "Original Hash Buckets": 65536,
                                                    "Hash Batches": 1,
                                                    "Original Hash Batches": 1,
                                                    "Peak Memory Usage": 2656,
                                                    "Workers": [
                                                        {
                                                            "Worker Number": 0,
                                                            "Actual Startup Time": 125.574,
                                                            "Actual Total Time": 125.575,
                                                            "Actual Rows": 16596,
                                                            "Actual Loops": 1
                                                        },
                                                        {
                                                            "Worker Number": 1,
                                                            "Actual Startup Time": 125.701,
                                                            "Actual Total Time": 125.702,
                                                            "Actual Rows": 16240,
                                                            "Actual Loops": 1
                                                        }
                                                    ],
                                                    "Plans": [
                                                        {
                                                            "Node Type": "Seq Scan",
                                                            "Parent Relationship": "Outer",
                                                            "Parallel Aware": true,
                                                            "Relation Name": "title",
                                                            "Schema": "public",
                                                            "Alias": "t",
                                                            "Startup Cost": 0.0,
                                                            "Total Cost": 45479.21,
                                                            "Plan Rows": 15596,
                                                            "Plan Width": 4,
                                                            "Actual Startup Time": 0.111,
                                                            "Actual Total Time": 122.084,
                                                            "Actual Rows": 17923,
                                                            "Actual Loops": 3,
                                                            "Output": [
                                                                "t.id"
                                                            ],
                                                            "Filter": "((t.kind_id < 7) AND (t.production_year = 2011))",
                                                            "Rows Removed by Filter": 824847,
                                                            "Workers": [
                                                                {
                                                                    "Worker Number": 0,
                                                                    "Actual Startup Time": 0.169,
                                                                    "Actual Total Time": 119.418,
                                                                    "Actual Rows": 16596,
                                                                    "Actual Loops": 1
                                                                },
                                                                {
                                                                    "Worker Number": 1,
                                                                    "Actual Startup Time": 0.052,
                                                                    "Actual Total Time": 119.197,
                                                                    "Actual Rows": 16240,
                                                                    "Actual Loops": 1
                                                                }
                                                            ]
                                                        }
                                                    ]
                                                }
                                            ]
                                        },
                                        {
                                            "Node Type": "Index Scan",
                                            "Parent Relationship": "Inner",
                                            "Parallel Aware": false,
                                            "Scan Direction": "Forward",
                                            "Index Name": "movie_id_movie_info",
                                            "Relation Name": "movie_info",
                                            "Schema": "public",
                                            "Alias": "mi",
                                            "Startup Cost": 0.43,
                                            "Total Cost": 3.1,
                                            "Plan Rows": 16,
                                            "Plan Width": 4,
                                            "Actual Startup Time": 0.012,
                                            "Actual Total Time": 0.023,
                                            "Actual Rows": 8,
                                            "Actual Loops": 12655,
                                            "Output": [
                                                "mi.id",
                                                "mi.movie_id",
                                                "mi.info_type_id",
                                                "mi.info",
                                                "mi.note"
                                            ],
                                            "Index Cond": "(mi.movie_id = mi_idx.movie_id)",
                                            "Rows Removed by Index Recheck": 0,
                                            "Filter": "(mi.info_type_id > 8)",
                                            "Rows Removed by Filter": 8,
                                            "Workers": [
                                                {
                                                    "Worker Number": 0,
                                                    "Actual Startup Time": 0.017,
                                                    "Actual Total Time": 0.033,
                                                    "Actual Rows": 7,
                                                    "Actual Loops": 3334
                                                },
                                                {
                                                    "Worker Number": 1,
                                                    "Actual Startup Time": 0.017,
                                                    "Actual Total Time": 0.034,
                                                    "Actual Rows": 8,
                                                    "Actual Loops": 3264
                                                }
                                            ]
                                        }
                                    ]
                                }
                            ]
                        }
                    ]
                }
            ]
        },
        "Planning Time": 3550.624,
        "Triggers": [],
        "Execution Time": 350.962
    }
]