{
  "Plan": {
    "Node Type": "Aggregate",
    "Strategy": "Plain",
    "Partial Mode": "Finalize",
    "Parallel Aware": false,
    "Startup Cost": 117837.21,
    "Total Cost": 117837.22,
    "Plan Rows": 1,
    "Plan Width": 8,
    "Actual Startup Time": 571.271,
    "Actual Total Time": 588.316,
    "Actual Rows": 1,
    "Actual Loops": 1,
    "Plans": [
      {
        "Node Type": "Gather",
        "Parent Relationship": "Outer",
        "Parallel Aware": false,
        "Startup Cost": 117837.1,
        "Total Cost": 117837.21,
        "Plan Rows": 1,
        "Plan Width": 8,
        "Actual Startup Time": 570.77,
        "Actual Total Time": 588.304,
        "Actual Rows": 2,
        "Actual Loops": 1,
        "Workers Planned": 1,
        "Workers Launched": 1,
        "Single Copy": false,
        "Plans": [
          {
            "Node Type": "Aggregate",
            "Strategy": "Plain",
            "Partial Mode": "Partial",
            "Parent Relationship": "Outer",
            "Parallel Aware": false,
            "Startup Cost": 116837.1,
            "Total Cost": 116837.11,
            "Plan Rows": 1,
            "Plan Width": 8,
            "Actual Startup Time": 565.213,
            "Actual Total Time": 565.34,
            "Actual Rows": 1,
            "Actual Loops": 2,
            "Plans": [
              {
                "Node Type": "Hash Join",
                "Parent Relationship": "Outer",
                "Parallel Aware": true,
                "Join Type": "Inner",
                "Startup Cost": 58659.81,
                "Total Cost": 116710.65,
                "Plan Rows": 50579,
                "Plan Width": 0,
                "Actual Startup Time": 242.24,
                "Actual Total Time": 561.558,
                "Actual Rows": 74482,
                "Actual Loops": 2,
                "Inner Unique": true,
                "Hash Cond": "(mk.movie_id = t.id)",
                "Plans": [
                  {
                    "Node Type": "Seq Scan",
                    "Parent Relationship": "Outer",
                    "Parallel Aware": true,
                    "Relation Name": "movie_keyword",
                    "Alias": "mk",
                    "Startup Cost": 0.0,
                    "Total Cost": 51065.35,
                    "Plan Rows": 2661135,
                    "Plan Width": 4,
                    "Actual Startup Time": 0.014,
                    "Actual Total Time": 179.871,
                    "Actual Rows": 2261965,
                    "Actual Loops": 2
                  },
                  {
                    "Node Type": "Hash",
                    "Parent Relationship": "Inner",
                    "Parallel Aware": true,
                    "Startup Cost": 58306.47,
                    "Total Cost": 58306.47,
                    "Plan Rows": 28267,
                    "Plan Width": 4,
                    "Actual Startup Time": 172.751,
                    "Actual Total Time": 172.752,
                    "Actual Rows": 61464,
                    "Actual Loops": 2,
                    "Hash Buckets": 131072,
                    "Original Hash Buckets": 65536,
                    "Hash Batches": 1,
                    "Original Hash Batches": 1,
                    "Peak Memory Usage": 6368,
                    "Plans": [
                      {
                        "Node Type": "Seq Scan",
                        "Parent Relationship": "Outer",
                        "Parallel Aware": true,
                        "Relation Name": "title",
                        "Alias": "t",
                        "Startup Cost": 0.0,
                        "Total Cost": 58306.47,
                        "Plan Rows": 28267,
                        "Plan Width": 4,
                        "Actual Startup Time": 92.02,
                        "Actual Total Time": 157.031,
                        "Actual Rows": 61464,
                        "Actual Loops": 2,
                        "Filter": "((kind_id < 7) AND (production_year < 1933))",
                        "Rows Removed by Filter": 1202692
                      }
                    ]
                  }
                ]
              }
            ]
          }
        ]
      }
    ]
  },
  "Planning Time": 0.443,
  "Triggers": [],
  "Execution Time": 588.386
}