[
    {
        "Bao": {
            "Bao prediction": "NaN",
            "Bao recommended hint": "(no hint)"
        }
    },
    {
        "Plan": {
            "Node Type": "Aggregate",
            "Strategy": "Plain",
            "Partial Mode": "Finalize",
            "Parallel Aware": false,
            "Startup Cost": 84787.76,
            "Total Cost": 84787.77,
            "Plan Rows": 1,
            "Plan Width": 8,
            "Actual Startup Time": 368.695,
            "Actual Total Time": 399.914,
            "Actual Rows": 1,
            "Actual Loops": 1,
            "Output": [
                "count(*)"
            ],
            "Plans": [
                {
                    "Node Type": "Gather",
                    "Parent Relationship": "Outer",
                    "Parallel Aware": false,
                    "Startup Cost": 84787.44,
                    "Total Cost": 84787.75,
                    "Plan Rows": 3,
                    "Plan Width": 8,
                    "Actual Startup Time": 368.234,
                    "Actual Total Time": 399.905,
                    "Actual Rows": 4,
                    "Actual Loops": 1,
                    "Output": [
                        "(PARTIAL count(*))"
                    ],
                    "Workers Planned": 3,
                    "Workers Launched": 3,
                    "Single Copy": false,
                    "Plans": [
                        {
                            "Node Type": "Aggregate",
                            "Strategy": "Plain",
                            "Partial Mode": "Partial",
                            "Parent Relationship": "Outer",
                            "Parallel Aware": false,
                            "Startup Cost": 83787.44,
                            "Total Cost": 83787.45,
                            "Plan Rows": 1,
                            "Plan Width": 8,
                            "Actual Startup Time": 359.301,
                            "Actual Total Time": 359.307,
                            "Actual Rows": 1,
                            "Actual Loops": 4,
                            "Output": [
                                "PARTIAL count(*)"
                            ],
                            "Workers": [
                                {
                                    "Worker Number": 0,
                                    "Actual Startup Time": 356.208,
                                    "Actual Total Time": 356.212,
                                    "Actual Rows": 1,
                                    "Actual Loops": 1
                                },
                                {
                                    "Worker Number": 1,
                                    "Actual Startup Time": 356.214,
                                    "Actual Total Time": 356.218,
                                    "Actual Rows": 1,
                                    "Actual Loops": 1
                                },
                                {
                                    "Worker Number": 2,
                                    "Actual Startup Time": 356.895,
                                    "Actual Total Time": 356.899,
                                    "Actual Rows": 1,
                                    "Actual Loops": 1
                                }
                            ],
                            "Plans": [
                                {
                                    "Node Type": "Nested Loop",
                                    "Parent Relationship": "Outer",
                                    "Parallel Aware": false,
                                    "Join Type": "Inner",
                                    "Startup Cost": 38080.67,
                                    "Total Cost": 83536.54,
                                    "Plan Rows": 100361,
                                    "Plan Width": 0,
                                    "Actual Startup Time": 52.955,
                                    "Actual Total Time": 352.687,
                                    "Actual Rows": 104510,
                                    "Actual Loops": 4,
                                    "Inner Unique": false,
                                    "Join Filter": "(t.id = ci.movie_id)",
                                    "Rows Removed by Join Filter": 0,
                                    "Workers": [
                                        {
                                            "Worker Number": 0,
                                            "Actual Startup Time": 49.885,
                                            "Actual Total Time": 350.868,
                                            "Actual Rows": 79536,
                                            "Actual Loops": 1
                                        },
                                        {
                                            "Worker Number": 1,
                                            "Actual Startup Time": 49.899,
                                            "Actual Total Time": 349.823,
                                            "Actual Rows": 101137,
                                            "Actual Loops": 1
                                        },
                                        {
                                            "Worker Number": 2,
                                            "Actual Startup Time": 50.574,
                                            "Actual Total Time": 350.004,
                                            "Actual Rows": 62471,
                                            "Actual Loops": 1
                                        }
                                    ],
                                    "Plans": [
                                        {
                                            "Node Type": "Hash Join",
                                            "Parent Relationship": "Outer",
                                            "Parallel Aware": true,
                                            "Join Type": "Inner",
                                            "Startup Cost": 38080.11,
                                            "Total Cost": 67496.0,
                                            "Plan Rows": 6999,
                                            "Plan Width": 8,
                                            "Actual Startup Time": 52.879,
                                            "Actual Total Time": 171.818,
                                            "Actual Rows": 8592,
                                            "Actual Loops": 4,
                                            "Output": [
                                                "t.id",
                                                "mc.movie_id"
                                            ],
                                            "Inner Unique": true,
                                            "Hash Cond": "(mc.movie_id = t.id)",
                                            "Workers": [
                                                {
                                                    "Worker Number": 0,
                                                    "Actual Startup Time": 49.793,
                                                    "Actual Total Time": 166.831,
                                                    "Actual Rows": 7839,
                                                    "Actual Loops": 1
                                                },
                                                {
                                                    "Worker Number": 1,
                                                    "Actual Startup Time": 49.816,
                                                    "Actual Total Time": 162.035,
                                                    "Actual Rows": 7532,
                                                    "Actual Loops": 1
                                                },
                                                {
                                                    "Worker Number": 2,
                                                    "Actual Startup Time": 50.476,
                                                    "Actual Total Time": 162.511,
                                                    "Actual Rows": 5119,
                                                    "Actual Loops": 1
                                                }
                                            ],
                                            "Plans": [
                                                {
                                                    "Node Type": "Seq Scan",
                                                    "Parent Relationship": "Outer",
                                                    "Parallel Aware": true,
                                                    "Relation Name": "movie_companies",
                                                    "Schema": "public",
                                                    "Alias": "mc",
                                                    "Startup Cost": 0.0,
                                                    "Total Cost": 27206.55,
                                                    "Plan Rows": 841655,
                                                    "Plan Width": 4,
                                                    "Actual Startup Time": 0.017,
                                                    "Actual Total Time": 55.31,
                                                    "Actual Rows": 652282,
                                                    "Actual Loops": 4,
                                                    "Output": [
                                                        "mc.id",
                                                        "mc.movie_id",
                                                        "mc.company_id",
                                                        "mc.company_type_id",
                                                        "mc.note"
                                                    ],
                                                    "Workers": [
                                                        {
                                                            "Worker Number": 0,
                                                            "Actual Startup Time": 0.019,
                                                            "Actual Total Time": 55.602,
                                                            "Actual Rows": 664589,
                                                            "Actual Loops": 1
                                                        },
                                                        {
                                                            "Worker Number": 1,
                                                            "Actual Startup Time": 0.022,
                                                            "Actual Total Time": 53.544,
                                                            "Actual Rows": 632651,
                                                            "Actual Loops": 1
                                                        },
                                                        {
                                                            "Worker Number": 2,
                                                            "Actual Startup Time": 0.022,
                                                            "Actual Total Time": 53.098,
                                                            "Actual Rows": 409918,
                                                            "Actual Loops": 1
                                                        }
                                                    ]
                                                },
                                                {
                                                    "Node Type": "Hash",
                                                    "Parent Relationship": "Inner",
                                                    "Parallel Aware": true,
                                                    "Startup Cost": 38014.41,
                                                    "Total Cost": 38014.41,
                                                    "Plan Rows": 5256,
                                                    "Plan Width": 4,
                                                    "Actual Startup Time": 52.422,
                                                    "Actual Total Time": 52.425,
                                                    "Actual Rows": 4389,
                                                    "Actual Loops": 4,
                                                    "Output": [
                                                        "t.id"
                                                    ],
                                                    "Hash Buckets": 32768,
                                                    "Original Hash Buckets": 32768,
                                                    "Hash Batches": 1,
                                                    "Original Hash Batches": 1,
                                                    "Peak Memory Usage": 992,
                                                    "Workers": [
                                                        {
                                                            "Worker Number": 0,
                                                            "Actual Startup Time": 49.371,
                                                            "Actual Total Time": 49.372,
                                                            "Actual Rows": 2138,
                                                            "Actual Loops": 1
                                                        },
                                                        {
                                                            "Worker Number": 1,
                                                            "Actual Startup Time": 49.38,
                                                            "Actual Total Time": 49.382,
                                                            "Actual Rows": 2213,
                                                            "Actual Loops": 1
                                                        },
                                                        {
                                                            "Worker Number": 2,
                                                            "Actual Startup Time": 50.007,
                                                            "Actual Total Time": 50.009,
                                                            "Actual Rows": 1957,
                                                            "Actual Loops": 1
                                                        }
                                                    ],
                                                    "Plans": [
                                                        {
                                                            "Node Type": "Bitmap Heap Scan",
                                                            "Parent Relationship": "Outer",
                                                            "Parallel Aware": true,
                                                            "Relation Name": "title",
                                                            "Schema": "public",
                                                            "Alias": "t",
                                                            "Startup Cost": 1667.5,
                                                            "Total Cost": 38014.41,
                                                            "Plan Rows": 5256,
                                                            "Plan Width": 4,
                                                            "Actual Startup Time": 7.634,
                                                            "Actual Total Time": 50.42,
                                                            "Actual Rows": 4389,
                                                            "Actual Loops": 4,
                                                            "Output": [
                                                                "t.id"
                                                            ],
                                                            "Recheck Cond": "(t.kind_id = 2)",
                                                            "Rows Removed by Index Recheck": 0,
                                                            "Filter": "(t.production_year < 1984)",
                                                            "Rows Removed by Filter": 18324,
                                                            "Exact Heap Blocks": 15459,
                                                            "Lossy Heap Blocks": 0,
                                                            "Workers": [
                                                                {
                                                                    "Worker Number": 0,
                                                                    "Actual Startup Time": 4.766,
                                                                    "Actual Total Time": 47.598,
                                                                    "Actual Rows": 2138,
                                                                    "Actual Loops": 1
                                                                },
                                                                {
                                                                    "Worker Number": 1,
                                                                    "Actual Startup Time": 4.641,
                                                                    "Actual Total Time": 47.706,
                                                                    "Actual Rows": 2213,
                                                                    "Actual Loops": 1
                                                                },
                                                                {
                                                                    "Worker Number": 2,
                                                                    "Actual Startup Time": 5.202,
                                                                    "Actual Total Time": 48.171,
                                                                    "Actual Rows": 1957,
                                                                    "Actual Loops": 1
                                                                }
                                                            ],
                                                            "Plans": [
                                                                {
                                                                    "Node Type": "Bitmap Index Scan",
                                                                    "Parent Relationship": "Outer",
                                                                    "Parallel Aware": false,
                                                                    "Index Name": "kind_id_title",
                                                                    "Startup Cost": 0.0,
                                                                    "Total Cost": 1662.25,
                                                                    "Plan Rows": 93042,
                                                                    "Plan Width": 0,
                                                                    "Actual Startup Time": 10.656,
                                                                    "Actual Total Time": 10.657,
                                                                    "Actual Rows": 90852,
                                                                    "Actual Loops": 1,
                                                                    "Index Cond": "(t.kind_id = 2)"
                                                                }
                                                            ]
                                                        }
                                                    ]
                                                }
                                            ]
                                        },
                                        {
                                            "Node Type": "Index Only Scan",
                                            "Parent Relationship": "Inner",
                                            "Parallel Aware": false,
                                            "Scan Direction": "Forward",
                                            "Index Name": "movie_id_cast_info",
                                            "Relation Name": "cast_info",
                                            "Schema": "public",
                                            "Alias": "ci",
                                            "Startup Cost": 0.56,
                                            "Total Cost": 1.82,
                                            "Plan Rows": 38,
                                            "Plan Width": 4,
                                            "Actual Startup Time": 0.007,
                                            "Actual Total Time": 0.019,
                                            "Actual Rows": 12,
                                            "Actual Loops": 34369,
                                            "Output": [
                                                "ci.movie_id"
                                            ],
                                            "Index Cond": "(ci.movie_id = mc.movie_id)",
                                            "Rows Removed by Index Recheck": 0,
                                            "Heap Fetches": 418038,
                                            "Workers": [
                                                {
                                                    "Worker Number": 0,
                                                    "Actual Startup Time": 0.008,
                                                    "Actual Total Time": 0.022,
                                                    "Actual Rows": 10,
                                                    "Actual Loops": 7839
                                                },
                                                {
                                                    "Worker Number": 1,
                                                    "Actual Startup Time": 0.008,
                                                    "Actual Total Time": 0.023,
                                                    "Actual Rows": 13,
                                                    "Actual Loops": 7532
                                                },
                                                {
                                                    "Worker Number": 2,
                                                    "Actual Startup Time": 0.011,
                                                    "Actual Total Time": 0.034,
                                                    "Actual Rows": 12,
                                                    "Actual Loops": 5119
                                                }
                                            ]
                                        }
                                    ]
                                }
                            ]
                        }
                    ]
                }
            ]
        },
        "Planning Time": 214.626,
        "Triggers": [],
        "Execution Time": 400.021
    }
]