[
  {
    "Plan": {
      "Node Type": "Aggregate",
      "Strategy": "Plain",
      "Partial Mode": "Finalize",
      "Parallel Aware": false,
      "Startup Cost": 200326.0,
      "Total Cost": 200326.01,
      "Plan Rows": 1,
      "Plan Width": 8,
      "Actual Startup Time": 259.46,
      "Actual Total Time": 274.203,
      "Actual Rows": 1,
      "Actual Loops": 1,
      "Plans": [
        {
          "Node Type": "Gather",
          "Parent Relationship": "Outer",
          "Parallel Aware": false,
          "Startup Cost": 200325.37,
          "Total Cost": 200325.98,
          "Plan Rows": 6,
          "Plan Width": 8,
          "Actual Startup Time": 259.349,
          "Actual Total Time": 274.195,
          "Actual Rows": 7,
          "Actual Loops": 1,
          "Workers Planned": 6,
          "Workers Launched": 6,
          "Single Copy": false,
          "Plans": [
            {
              "Node Type": "Aggregate",
              "Strategy": "Plain",
              "Partial Mode": "Partial",
              "Parent Relationship": "Outer",
              "Parallel Aware": false,
              "Startup Cost": 199325.37,
              "Total Cost": 199325.38,
              "Plan Rows": 1,
              "Plan Width": 8,
              "Actual Startup Time": 248.525,
              "Actual Total Time": 248.526,
              "Actual Rows": 1,
              "Actual Loops": 7,
              "Plans": [
                {
                  "Node Type": "Index Scan",
                  "Parent Relationship": "Outer",
                  "Parallel Aware": true,
                  "Scan Direction": "Forward",
                  "Index Name": "role_id_cast_info",
                  "Relation Name": "cast_info",
                  "Alias": "ci",
                  "Startup Cost": 0.56,
                  "Total Cost": 197877.72,
                  "Plan Rows": 579060,
                  "Plan Width": 0,
                  "Actual Startup Time": 11.044,
                  "Actual Total Time": 248.48,
                  "Actual Rows": 401,
                  "Actual Loops": 7,
                  "Index Cond": "(role_id = 2)",
                  "Rows Removed by Index Recheck": 0,
                  "Filter": "(person_id < 1695520)",
                  "Rows Removed by Filter": 1064167
                }
              ]
            }
          ]
        }
      ]
    },
    "Planning Time": 0.206,
    "Triggers": [],
    "Execution Time": 274.263
  }
]