[
  {
    "Plan": {
      "Node Type": "Aggregate",
      "Strategy": "Plain",
      "Partial Mode": "Simple",
      "Parallel Aware": false,
      "Startup Cost": 12533.09,
      "Total Cost": 12533.1,
      "Plan Rows": 1,
      "Plan Width": 32,
      "Actual Startup Time": 4692.081,
      "Actual Total Time": 4692.087,
      "Actual Rows": 1,
      "Actual Loops": 1,
      "Output": [
        "min(t.title)"
      ],
      "Plans": [
        {
          "Node Type": "Nested Loop",
          "Parent Relationship": "Outer",
          "Parallel Aware": false,
          "Join Type": "Inner",
          "Startup Cost": 13.08,
          "Total Cost": 12533.08,
          "Plan Rows": 1,
          "Plan Width": 17,
          "Actual Startup Time": 1255.211,
          "Actual Total Time": 4692.075,
          "Actual Rows": 1,
          "Actual Loops": 1,
          "Output": [
            "t.title"
          ],
          "Inner Unique": false,
          "Join Filter": "(cc.status_id = cct2.id)",
          "Rows Removed by Join Filter": 1,
          "Plans": [
            {
              "Node Type": "Seq Scan",
              "Parent Relationship": "Outer",
              "Parallel Aware": false,
              "Relation Name": "comp_cast_type",
              "Schema": "public",
              "Alias": "cct2",
              "Startup Cost": 0.0,
              "Total Cost": 1.05,
              "Plan Rows": 1,
              "Plan Width": 4,
              "Actual Startup Time": 0.086,
              "Actual Total Time": 0.089,
              "Actual Rows": 2,
              "Actual Loops": 1,
              "Output": [
                "cct2.id",
                "cct2.kind"
              ],
              "Filter": "((cct2.kind)::text ~~ '%complete%'::text)",
              "Rows Removed by Filter": 2
            },
            {
              "Node Type": "Nested Loop",
              "Parent Relationship": "Inner",
              "Parallel Aware": false,
              "Join Type": "Inner",
              "Startup Cost": 13.08,
              "Total Cost": 12530.78,
              "Plan Rows": 100,
              "Plan Width": 21,
              "Actual Startup Time": 786.911,
              "Actual Total Time": 2345.984,
              "Actual Rows": 1,
              "Actual Loops": 2,
              "Output": [
                "cc.status_id",
                "t.title"
              ],
              "Inner Unique": true,
              "Plans": [
                {
                  "Node Type": "Nested Loop",
                  "Parent Relationship": "Outer",
                  "Parallel Aware": false,
                  "Join Type": "Inner",
                  "Startup Cost": 12.65,
                  "Total Cost": 12530.33,
                  "Plan Rows": 1,
                  "Plan Width": 25,
                  "Actual Startup Time": 24.024,
                  "Actual Total Time": 2294.715,
                  "Actual Rows": 2035,
                  "Actual Loops": 2,
                  "Output": [
                    "cc.status_id",
                    "ci.person_id",
                    "t.title"
                  ],
                  "Inner Unique": true,
                  "Plans": [
                    {
                      "Node Type": "Nested Loop",
                      "Parent Relationship": "Outer",
                      "Parallel Aware": false,
                      "Join Type": "Inner",
                      "Startup Cost": 12.22,
                      "Total Cost": 12516.59,
                      "Plan Rows": 30,
                      "Plan Width": 29,
                      "Actual Startup Time": 22.171,
                      "Actual Total Time": 1542.421,
                      "Actual Rows": 287982,
                      "Actual Loops": 2,
                      "Output": [
                        "cc.status_id",
                        "ci.person_role_id",
                        "ci.person_id",
                        "t.title"
                      ],
                      "Inner Unique": false,
                      "Join Filter": "(t.id = ci.movie_id)",
                      "Rows Removed by Join Filter": 0,
                      "Plans": [
                        {
                          "Node Type": "Nested Loop",
                          "Parent Relationship": "Outer",
                          "Parallel Aware": false,
                          "Join Type": "Inner",
                          "Startup Cost": 11.65,
                          "Total Cost": 12500.49,
                          "Plan Rows": 8,
                          "Plan Width": 33,
                          "Actual Startup Time": 22.123,
                          "Actual Total Time": 516.305,
                          "Actual Rows": 2135,
                          "Actual Loops": 2,
                          "Output": [
                            "cc.movie_id",
                            "cc.status_id",
                            "mk.movie_id",
                            "t.title",
                            "t.id"
                          ],
                          "Inner Unique": false,
                          "Join Filter": "(cc.subject_id = cct1.id)",
                          "Rows Removed by Join Filter": 509,
                          "Plans": [
                            {
                              "Node Type": "Seq Scan",
                              "Parent Relationship": "Outer",
                              "Parallel Aware": false,
                              "Relation Name": "comp_cast_type",
                              "Schema": "public",
                              "Alias": "cct1",
                              "Startup Cost": 0.0,
                              "Total Cost": 1.05,
                              "Plan Rows": 1,
                              "Plan Width": 4,
                              "Actual Startup Time": 0.008,
                              "Actual Total Time": 0.011,
                              "Actual Rows": 1,
                              "Actual Loops": 2,
                              "Output": [
                                "cct1.id",
                                "cct1.kind"
                              ],
                              "Filter": "((cct1.kind)::text = 'cast'::text)",
                              "Rows Removed by Filter": 3
                            },
                            {
                              "Node Type": "Nested Loop",
                              "Parent Relationship": "Inner",
                              "Parallel Aware": false,
                              "Join Type": "Inner",
                              "Startup Cost": 11.65,
                              "Total Cost": 12499.02,
                              "Plan Rows": 33,
                              "Plan Width": 37,
                              "Actual Startup Time": 22.111,
                              "Actual Total Time": 515.562,
                              "Actual Rows": 2644,
                              "Actual Loops": 2,
                              "Output": [
                                "cc.movie_id",
                                "cc.subject_id",
                                "cc.status_id",
                                "mk.movie_id",
                                "t.title",
                                "t.id"
                              ],
                              "Inner Unique": false,
                              "Plans": [
                                {
                                  "Node Type": "Nested Loop",
                                  "Parent Relationship": "Outer",
                                  "Parallel Aware": false,
                                  "Join Type": "Inner",
                                  "Startup Cost": 11.23,
                                  "Total Cost": 12487.55,
                                  "Plan Rows": 24,
                                  "Plan Width": 25,
                                  "Actual Startup Time": 21.94,
                                  "Actual Total Time": 487.392,
                                  "Actual Rows": 8768,
                                  "Actual Loops": 2,
                                  "Output": [
                                    "mk.movie_id",
                                    "t.title",
                                    "t.id"
                                  ],
                                  "Inner Unique": false,
                                  "Join Filter": "(t.kind_id = kt.id)",
                                  "Rows Removed by Join Filter": 8541,
                                  "Plans": [
                                    {
                                      "Node Type": "Seq Scan",
                                      "Parent Relationship": "Outer",
                                      "Parallel Aware": false,
                                      "Relation Name": "kind_type",
                                      "Schema": "public",
                                      "Alias": "kt",
                                      "Startup Cost": 0.0,
                                      "Total Cost": 1.09,
                                      "Plan Rows": 1,
                                      "Plan Width": 4,
                                      "Actual Startup Time": 0.007,
                                      "Actual Total Time": 0.01,
                                      "Actual Rows": 1,
                                      "Actual Loops": 2,
                                      "Output": [
                                        "kt.id",
                                        "kt.kind"
                                      ],
                                      "Filter": "((kt.kind)::text = 'movie'::text)",
                                      "Rows Removed by Filter": 6
                                    },
                                    {
                                      "Node Type": "Nested Loop",
                                      "Parent Relationship": "Inner",
                                      "Parallel Aware": false,
                                      "Join Type": "Inner",
                                      "Startup Cost": 11.23,
                                      "Total Cost": 12484.36,
                                      "Plan Rows": 168,
                                      "Plan Width": 29,
                                      "Actual Startup Time": 2.269,
                                      "Actual Total Time": 484.567,
                                      "Actual Rows": 17309,
                                      "Actual Loops": 2,
                                      "Output": [
                                        "mk.movie_id",
                                        "t.title",
                                        "t.kind_id",
                                        "t.id"
                                      ],
                                      "Inner Unique": true,
                                      "Plans": [
                                        {
                                          "Node Type": "Nested Loop",
                                          "Parent Relationship": "Outer",
                                          "Parallel Aware": false,
                                          "Join Type": "Inner",
                                          "Startup Cost": 10.8,
                                          "Total Cost": 12352.12,
                                          "Plan Rows": 270,
                                          "Plan Width": 4,
                                          "Actual Startup Time": 2.103,
                                          "Actual Total Time": 193.53,
                                          "Actual Rows": 35074,
                                          "Actual Loops": 2,
                                          "Output": [
                                            "mk.movie_id"
                                          ],
                                          "Inner Unique": false,
                                          "Plans": [
                                            {
                                              "Node Type": "Seq Scan",
                                              "Parent Relationship": "Outer",
                                              "Parallel Aware": false,
                                              "Relation Name": "keyword",
                                              "Schema": "public",
                                              "Alias": "k",
                                              "Startup Cost": 0.0,
                                              "Total Cost": 3632.4,
                                              "Plan Rows": 8,
                                              "Plan Width": 4,
                                              "Actual Startup Time": 0.057,
                                              "Actual Total Time": 28.698,
                                              "Actual Rows": 7,
                                              "Actual Loops": 2,
                                              "Output": [
                                                "k.id",
                                                "k.keyword",
                                                "k.phonetic_code"
                                              ],
                                              "Filter": "(k.keyword = ANY ('{magnet,violence,marvel-comics,based-on-comic,fight,hero,marvel-comics,number-in-title}'::text[]))",
                                              "Rows Removed by Filter": 134163
                                            },
                                            {
                                              "Node Type": "Bitmap Heap Scan",
                                              "Parent Relationship": "Inner",
                                              "Parallel Aware": false,
                                              "Relation Name": "movie_keyword",
                                              "Schema": "public",
                                              "Alias": "mk",
                                              "Startup Cost": 10.8,
                                              "Total Cost": 1086.91,
                                              "Plan Rows": 306,
                                              "Plan Width": 8,
                                              "Actual Startup Time": 1.287,
                                              "Actual Total Time": 22.654,
                                              "Actual Rows": 5011,
                                              "Actual Loops": 14,
                                              "Output": [
                                                "mk.id",
                                                "mk.movie_id",
                                                "mk.keyword_id"
                                              ],
                                              "Recheck Cond": "(mk.keyword_id = k.id)",
                                              "Rows Removed by Index Recheck": 0,
                                              "Exact Heap Blocks": 44396,
                                              "Lossy Heap Blocks": 0,
                                              "Plans": [
                                                {
                                                  "Node Type": "Bitmap Index Scan",
                                                  "Parent Relationship": "Outer",
                                                  "Parallel Aware": false,
                                                  "Index Name": "keyword_id_movie_keyword",
                                                  "Startup Cost": 0.0,
                                                  "Total Cost": 10.73,
                                                  "Plan Rows": 306,
                                                  "Plan Width": 0,
                                                  "Actual Startup Time": 0.759,
                                                  "Actual Total Time": 0.759,
                                                  "Actual Rows": 5011,
                                                  "Actual Loops": 14,
                                                  "Index Cond": "(mk.keyword_id = k.id)"
                                                }
                                              ]
                                            }
                                          ]
                                        },
                                        {
                                          "Node Type": "Index Scan",
                                          "Parent Relationship": "Inner",
                                          "Parallel Aware": false,
                                          "Scan Direction": "Forward",
                                          "Index Name": "title_pkey",
                                          "Relation Name": "title",
                                          "Schema": "public",
                                          "Alias": "t",
                                          "Startup Cost": 0.43,
                                          "Total Cost": 0.49,
                                          "Plan Rows": 1,
                                          "Plan Width": 25,
                                          "Actual Startup Time": 0.008,
                                          "Actual Total Time": 0.008,
                                          "Actual Rows": 0,
                                          "Actual Loops": 70148,
                                          "Output": [
                                            "t.id",
                                            "t.title",
                                            "t.imdb_index",
                                            "t.kind_id",
                                            "t.production_year",
                                            "t.imdb_id",
                                            "t.phonetic_code",
                                            "t.episode_of_id",
                                            "t.season_nr",
                                            "t.episode_nr",
                                            "t.series_years",
                                            "t.md5sum"
                                          ],
                                          "Index Cond": "(t.id = mk.movie_id)",
                                          "Rows Removed by Index Recheck": 0,
                                          "Filter": "(t.production_year > 1996)",
                                          "Rows Removed by Filter": 1
                                        }
                                      ]
                                    }
                                  ]
                                },
                                {
                                  "Node Type": "Index Scan",
                                  "Parent Relationship": "Inner",
                                  "Parallel Aware": false,
                                  "Scan Direction": "Forward",
                                  "Index Name": "movie_id_complete_cast",
                                  "Relation Name": "complete_cast",
                                  "Schema": "public",
                                  "Alias": "cc",
                                  "Startup Cost": 0.42,
                                  "Total Cost": 0.46,
                                  "Plan Rows": 2,
                                  "Plan Width": 12,
                                  "Actual Startup Time": 0.003,
                                  "Actual Total Time": 0.003,
                                  "Actual Rows": 0,
                                  "Actual Loops": 17536,
                                  "Output": [
                                    "cc.id",
                                    "cc.movie_id",
                                    "cc.subject_id",
                                    "cc.status_id"
                                  ],
                                  "Index Cond": "(cc.movie_id = t.id)",
                                  "Rows Removed by Index Recheck": 0
                                }
                              ]
                            }
                          ]
                        },
                        {
                          "Node Type": "Index Scan",
                          "Parent Relationship": "Inner",
                          "Parallel Aware": false,
                          "Scan Direction": "Forward",
                          "Index Name": "movie_id_cast_info",
                          "Relation Name": "cast_info",
                          "Schema": "public",
                          "Alias": "ci",
                          "Startup Cost": 0.56,
                          "Total Cost": 1.55,
                          "Plan Rows": 37,
                          "Plan Width": 12,
                          "Actual Startup Time": 0.019,
                          "Actual Total Time": 0.453,
                          "Actual Rows": 135,
                          "Actual Loops": 4270,
                          "Output": [
                            "ci.id",
                            "ci.person_id",
                            "ci.movie_id",
                            "ci.person_role_id",
                            "ci.note",
                            "ci.nr_order",
                            "ci.role_id"
                          ],
                          "Index Cond": "(ci.movie_id = mk.movie_id)",
                          "Rows Removed by Index Recheck": 0
                        }
                      ]
                    },
                    {
                      "Node Type": "Index Scan",
                      "Parent Relationship": "Inner",
                      "Parallel Aware": false,
                      "Scan Direction": "Forward",
                      "Index Name": "char_name_pkey",
                      "Relation Name": "char_name",
                      "Schema": "public",
                      "Alias": "chn",
                      "Startup Cost": 0.43,
                      "Total Cost": 0.46,
                      "Plan Rows": 1,
                      "Plan Width": 4,
                      "Actual Startup Time": 0.002,
                      "Actual Total Time": 0.002,
                      "Actual Rows": 0,
                      "Actual Loops": 575964,
                      "Output": [
                        "chn.id",
                        "chn.name",
                        "chn.imdb_index",
                        "chn.imdb_id",
                        "chn.name_pcode_nf",
                        "chn.surname_pcode",
                        "chn.md5sum"
                      ],
                      "Index Cond": "(chn.id = ci.person_role_id)",
                      "Rows Removed by Index Recheck": 0,
                      "Filter": "((chn.name !~~ '%Sherlock%'::text) AND (chn.name ~~ '%#2%'::text))",
                      "Rows Removed by Filter": 0
                    }
                  ]
                },
                {
                  "Node Type": "Index Scan",
                  "Parent Relationship": "Inner",
                  "Parallel Aware": false,
                  "Scan Direction": "Forward",
                  "Index Name": "name_pkey",
                  "Relation Name": "name",
                  "Schema": "public",
                  "Alias": "n",
                  "Startup Cost": 0.43,
                  "Total Cost": 0.46,
                  "Plan Rows": 1,
                  "Plan Width": 4,
                  "Actual Startup Time": 0.025,
                  "Actual Total Time": 0.025,
                  "Actual Rows": 0,
                  "Actual Loops": 4070,
                  "Output": [
                    "n.id",
                    "n.name",
                    "n.imdb_index",
                    "n.imdb_id",
                    "n.gender",
                    "n.name_pcode_cf",
                    "n.name_pcode_nf",
                    "n.surname_pcode",
                    "n.md5sum"
                  ],
                  "Index Cond": "(n.id = ci.person_id)",
                  "Rows Removed by Index Recheck": 0,
                  "Filter": "(n.name ~~ '%Escobar,%'::text)",
                  "Rows Removed by Filter": 1
                }
              ]
            }
          ]
        }
      ]
    },
    "Planning Time": 97473.931,
    "Triggers": [],
    "Execution Time": 4692.512
  }
]