[
  {
    "Plan": {
      "Node Type": "Aggregate",
      "Strategy": "Plain",
      "Partial Mode": "Finalize",
      "Parallel Aware": false,
      "Startup Cost": 46907.37,
      "Total Cost": 46907.38,
      "Plan Rows": 1,
      "Plan Width": 8,
      "Actual Startup Time": 175.446,
      "Actual Total Time": 183.005,
      "Actual Rows": 1,
      "Actual Loops": 1,
      "Plans": [
        {
          "Node Type": "Gather",
          "Parent Relationship": "Outer",
          "Parallel Aware": false,
          "Startup Cost": 46907.06,
          "Total Cost": 46907.37,
          "Plan Rows": 3,
          "Plan Width": 8,
          "Actual Startup Time": 175.345,
          "Actual Total Time": 182.999,
          "Actual Rows": 4,
          "Actual Loops": 1,
          "Workers Planned": 3,
          "Workers Launched": 3,
          "Single Copy": false,
          "Plans": [
            {
              "Node Type": "Aggregate",
              "Strategy": "Plain",
              "Partial Mode": "Partial",
              "Parent Relationship": "Outer",
              "Parallel Aware": false,
              "Startup Cost": 45907.06,
              "Total Cost": 45907.07,
              "Plan Rows": 1,
              "Plan Width": 8,
              "Actual Startup Time": 170.193,
              "Actual Total Time": 170.194,
              "Actual Rows": 1,
              "Actual Loops": 4,
              "Plans": [
                {
                  "Node Type": "Seq Scan",
                  "Parent Relationship": "Outer",
                  "Parallel Aware": true,
                  "Relation Name": "movie_keyword",
                  "Alias": "mk",
                  "Startup Cost": 0.0,
                  "Total Cost": 42695.65,
                  "Plan Rows": 1284561,
                  "Plan Width": 0,
                  "Actual Startup Time": 0.038,
                  "Actual Total Time": 124.78,
                  "Actual Rows": 999876,
                  "Actual Loops": 4,
                  "Filter": "(keyword_id < 34625)",
                  "Rows Removed by Filter": 131106
                }
              ]
            }
          ]
        }
      ]
    },
    "Planning Time": 0.231,
    "Triggers": [],
    "Execution Time": 183.058
  }
]