[
  {
    "Plan": {
      "Node Type": "Aggregate",
      "Strategy": "Plain",
      "Partial Mode": "Finalize",
      "Parallel Aware": false,
      "Startup Cost": 398112.0,
      "Total Cost": 398112.01,
      "Plan Rows": 1,
      "Plan Width": 8,
      "Actual Startup Time": 1211.302,
      "Actual Total Time": 1264.884,
      "Actual Rows": 1,
      "Actual Loops": 1,
      "Plans": [
        {
          "Node Type": "Gather",
          "Parent Relationship": "Outer",
          "Parallel Aware": false,
          "Startup Cost": 398111.37,
          "Total Cost": 398111.98,
          "Plan Rows": 6,
          "Plan Width": 8,
          "Actual Startup Time": 1207.185,
          "Actual Total Time": 1264.87,
          "Actual Rows": 7,
          "Actual Loops": 1,
          "Workers Planned": 6,
          "Workers Launched": 6,
          "Single Copy": false,
          "Plans": [
            {
              "Node Type": "Aggregate",
              "Strategy": "Plain",
              "Partial Mode": "Partial",
              "Parent Relationship": "Outer",
              "Parallel Aware": false,
              "Startup Cost": 397111.37,
              "Total Cost": 397111.38,
              "Plan Rows": 1,
              "Plan Width": 8,
              "Actual Startup Time": 1198.717,
              "Actual Total Time": 1198.722,
              "Actual Rows": 1,
              "Actual Loops": 7,
              "Plans": [
                {
                  "Node Type": "Hash Join",
                  "Parent Relationship": "Outer",
                  "Parallel Aware": true,
                  "Join Type": "Inner",
                  "Startup Cost": 46946.22,
                  "Total Cost": 396082.51,
                  "Plan Rows": 411545,
                  "Plan Width": 0,
                  "Actual Startup Time": 329.98,
                  "Actual Total Time": 1183.086,
                  "Actual Rows": 280537,
                  "Actual Loops": 7,
                  "Inner Unique": true,
                  "Hash Cond": "(ci.movie_id = t.id)",
                  "Plans": [
                    {
                      "Node Type": "Seq Scan",
                      "Parent Relationship": "Outer",
                      "Parallel Aware": true,
                      "Relation Name": "cast_info",
                      "Alias": "ci",
                      "Startup Cost": 0.0,
                      "Total Cost": 343316.27,
                      "Plan Rows": 2217144,
                      "Plan Width": 4,
                      "Actual Startup Time": 215.65,
                      "Actual Total Time": 718.855,
                      "Actual Rows": 1570358,
                      "Actual Loops": 7,
                      "Filter": "((person_id > 1629323) AND (role_id < 4))",
                      "Rows Removed by Filter": 3607406
                    },
                    {
                      "Node Type": "Hash",
                      "Parent Relationship": "Inner",
                      "Parallel Aware": true,
                      "Startup Cost": 45479.59,
                      "Total Cost": 45479.59,
                      "Plan Rows": 117331,
                      "Plan Width": 4,
                      "Actual Startup Time": 112.629,
                      "Actual Total Time": 112.631,
                      "Actual Rows": 70861,
                      "Actual Loops": 7,
                      "Hash Buckets": 524288,
                      "Original Hash Buckets": 524288,
                      "Hash Batches": 1,
                      "Original Hash Batches": 1,
                      "Peak Memory Usage": 23616,
                      "Plans": [
                        {
                          "Node Type": "Seq Scan",
                          "Parent Relationship": "Outer",
                          "Parallel Aware": true,
                          "Relation Name": "title",
                          "Alias": "t",
                          "Startup Cost": 0.0,
                          "Total Cost": 45479.59,
                          "Plan Rows": 117331,
                          "Plan Width": 4,
                          "Actual Startup Time": 46.753,
                          "Actual Total Time": 81.402,
                          "Actual Rows": 70861,
                          "Actual Loops": 7,
                          "Filter": "((production_year < 2009) AND (kind_id = 1))",
                          "Rows Removed by Filter": 290327
                        }
                      ]
                    }
                  ]
                }
              ]
            }
          ]
        }
      ]
    },
    "Planning Time": 0.295,
    "Triggers": [],
    "Execution Time": 1264.935
  }
]