[
  {
    "Plan": {
      "Node Type": "Aggregate",
      "Strategy": "Plain",
      "Partial Mode": "Finalize",
      "Parallel Aware": false,
      "Startup Cost": 237015.03,
      "Total Cost": 237015.04,
      "Plan Rows": 1,
      "Plan Width": 8,
      "Actual Startup Time": 539.671,
      "Actual Total Time": 563.221,
      "Actual Rows": 1,
      "Actual Loops": 1,
      "Plans": [
        {
          "Node Type": "Gather",
          "Parent Relationship": "Outer",
          "Parallel Aware": false,
          "Startup Cost": 237014.51,
          "Total Cost": 237015.02,
          "Plan Rows": 5,
          "Plan Width": 8,
          "Actual Startup Time": 522.493,
          "Actual Total Time": 563.21,
          "Actual Rows": 6,
          "Actual Loops": 1,
          "Workers Planned": 5,
          "Workers Launched": 5,
          "Single Copy": false,
          "Plans": [
            {
              "Node Type": "Aggregate",
              "Strategy": "Plain",
              "Partial Mode": "Partial",
              "Parent Relationship": "Outer",
              "Parallel Aware": false,
              "Startup Cost": 236014.51,
              "Total Cost": 236014.52,
              "Plan Rows": 1,
              "Plan Width": 8,
              "Actual Startup Time": 499.948,
              "Actual Total Time": 499.952,
              "Actual Rows": 1,
              "Actual Loops": 6,
              "Plans": [
                {
                  "Node Type": "Hash Join",
                  "Parent Relationship": "Outer",
                  "Parallel Aware": true,
                  "Join Type": "Inner",
                  "Startup Cost": 70144.34,
                  "Total Cost": 235464.56,
                  "Plan Rows": 219981,
                  "Plan Width": 0,
                  "Actual Startup Time": 339.429,
                  "Actual Total Time": 489.125,
                  "Actual Rows": 174386,
                  "Actual Loops": 6,
                  "Inner Unique": true,
                  "Hash Cond": "(mi.movie_id = t.id)",
                  "Plans": [
                    {
                      "Node Type": "Bitmap Heap Scan",
                      "Parent Relationship": "Outer",
                      "Parallel Aware": true,
                      "Relation Name": "movie_info",
                      "Alias": "mi",
                      "Startup Cost": 19924.7,
                      "Total Cost": 184667.46,
                      "Plan Rows": 219981,
                      "Plan Width": 4,
                      "Actual Startup Time": 51.433,
                      "Actual Total Time": 122.285,
                      "Actual Rows": 174386,
                      "Actual Loops": 6,
                      "Recheck Cond": "(info_type_id > 78)",
                      "Rows Removed by Index Recheck": 0,
                      "Exact Heap Blocks": 8246,
                      "Lossy Heap Blocks": 0,
                      "Plans": [
                        {
                          "Node Type": "Bitmap Index Scan",
                          "Parent Relationship": "Outer",
                          "Parallel Aware": false,
                          "Index Name": "info_type_id_movie_info",
                          "Startup Cost": 0.0,
                          "Total Cost": 19649.72,
                          "Plan Rows": 1099905,
                          "Plan Width": 0,
                          "Actual Startup Time": 45.68,
                          "Actual Total Time": 45.68,
                          "Actual Rows": 1046316,
                          "Actual Loops": 1,
                          "Index Cond": "(info_type_id > 78)"
                        }
                      ]
                    },
                    {
                      "Node Type": "Hash",
                      "Parent Relationship": "Inner",
                      "Parallel Aware": true,
                      "Startup Cost": 42318.73,
                      "Total Cost": 42318.73,
                      "Plan Rows": 632073,
                      "Plan Width": 4,
                      "Actual Startup Time": 280.047,
                      "Actual Total Time": 280.048,
                      "Actual Rows": 421385,
                      "Actual Loops": 6,
                      "Hash Buckets": 4194304,
                      "Original Hash Buckets": 4194304,
                      "Hash Batches": 1,
                      "Original Hash Batches": 1,
                      "Peak Memory Usage": 131776,
                      "Plans": [
                        {
                          "Node Type": "Seq Scan",
                          "Parent Relationship": "Outer",
                          "Parallel Aware": true,
                          "Relation Name": "title",
                          "Alias": "t",
                          "Startup Cost": 0.0,
                          "Total Cost": 42318.73,
                          "Plan Rows": 632073,
                          "Plan Width": 4,
                          "Actual Startup Time": 0.037,
                          "Actual Total Time": 85.448,
                          "Actual Rows": 421385,
                          "Actual Loops": 6
                        }
                      ]
                    }
                  ]
                }
              ]
            }
          ]
        }
      ]
    },
    "Planning Time": 0.576,
    "Triggers": [],
    "Execution Time": 563.308
  }
]