[
  {
    "Plan": {
      "Node Type": "Aggregate",
      "Strategy": "Plain",
      "Partial Mode": "Finalize",
      "Parallel Aware": false,
      "Startup Cost": 65898.48,
      "Total Cost": 65898.49,
      "Plan Rows": 1,
      "Plan Width": 8,
      "Actual Startup Time": 378.084,
      "Actual Total Time": 389.941,
      "Actual Rows": 1,
      "Actual Loops": 1,
      "Plans": [
        {
          "Node Type": "Gather",
          "Parent Relationship": "Outer",
          "Parallel Aware": false,
          "Startup Cost": 65898.26,
          "Total Cost": 65898.47,
          "Plan Rows": 2,
          "Plan Width": 8,
          "Actual Startup Time": 374.444,
          "Actual Total Time": 389.93,
          "Actual Rows": 3,
          "Actual Loops": 1,
          "Workers Planned": 2,
          "Workers Launched": 2,
          "Single Copy": false,
          "Plans": [
            {
              "Node Type": "Aggregate",
              "Strategy": "Plain",
              "Partial Mode": "Partial",
              "Parent Relationship": "Outer",
              "Parallel Aware": false,
              "Startup Cost": 64898.26,
              "Total Cost": 64898.27,
              "Plan Rows": 1,
              "Plan Width": 8,
              "Actual Startup Time": 366.912,
              "Actual Total Time": 366.915,
              "Actual Rows": 1,
              "Actual Loops": 3,
              "Plans": [
                {
                  "Node Type": "Hash Join",
                  "Parent Relationship": "Outer",
                  "Parallel Aware": true,
                  "Join Type": "Inner",
                  "Startup Cost": 48414.66,
                  "Total Cost": 64542.56,
                  "Plan Rows": 142280,
                  "Plan Width": 0,
                  "Actual Startup Time": 248.683,
                  "Actual Total Time": 363.769,
                  "Actual Rows": 64477,
                  "Actual Loops": 3,
                  "Inner Unique": true,
                  "Hash Cond": "(mi_idx.movie_id = t.id)",
                  "Plans": [
                    {
                      "Node Type": "Seq Scan",
                      "Parent Relationship": "Outer",
                      "Parallel Aware": true,
                      "Relation Name": "movie_info_idx",
                      "Alias": "mi_idx",
                      "Startup Cost": 0.0,
                      "Total Cost": 15122.68,
                      "Plan Rows": 382940,
                      "Plan Width": 4,
                      "Actual Startup Time": 0.026,
                      "Actual Total Time": 47.282,
                      "Actual Rows": 306617,
                      "Actual Loops": 3,
                      "Filter": "(info_type_id < 101)",
                      "Rows Removed by Filter": 153395
                    },
                    {
                      "Node Type": "Hash",
                      "Parent Relationship": "Inner",
                      "Parallel Aware": true,
                      "Startup Cost": 45479.1,
                      "Total Cost": 45479.1,
                      "Plan Rows": 234845,
                      "Plan Width": 4,
                      "Actual Startup Time": 241.957,
                      "Actual Total Time": 241.957,
                      "Actual Rows": 292012,
                      "Actual Loops": 3,
                      "Hash Buckets": 1048576,
                      "Original Hash Buckets": 1048576,
                      "Hash Batches": 1,
                      "Original Hash Batches": 1,
                      "Peak Memory Usage": 42528,
                      "Plans": [
                        {
                          "Node Type": "Seq Scan",
                          "Parent Relationship": "Outer",
                          "Parallel Aware": true,
                          "Relation Name": "title",
                          "Alias": "t",
                          "Startup Cost": 0.0,
                          "Total Cost": 45479.1,
                          "Plan Rows": 234845,
                          "Plan Width": 4,
                          "Actual Startup Time": 0.043,
                          "Actual Total Time": 138.54,
                          "Actual Rows": 292012,
                          "Actual Loops": 3,
                          "Filter": "((production_year < 2007) AND (kind_id = 7))",
                          "Rows Removed by Filter": 550758
                        }
                      ]
                    }
                  ]
                }
              ]
            }
          ]
        }
      ]
    },
    "Planning Time": 0.635,
    "Triggers": [],
    "Execution Time": 390.014
  }
]