{
    "Plan": {
        "Node Type": "Aggregate",
        "Strategy": "Plain",
        "Partial Mode": "Finalize",
        "Parallel Aware": false,
        "Startup Cost": 48816.84,
        "Total Cost": 48816.85,
        "Plan Rows": 1,
        "Plan Width": 8,
        "Actual Startup Time": 97.355,
        "Actual Total Time": 108.348,
        "Actual Rows": 1,
        "Actual Loops": 1,
        "Output": [
            "count(*)"
        ],
        "Plans": [
            {
                "Node Type": "Gather",
                "Parent Relationship": "Outer",
                "Parallel Aware": false,
                "Startup Cost": 48816.42,
                "Total Cost": 48816.83,
                "Plan Rows": 4,
                "Plan Width": 8,
                "Actual Startup Time": 97.111,
                "Actual Total Time": 108.341,
                "Actual Rows": 5,
                "Actual Loops": 1,
                "Output": [
                    "(PARTIAL count(*))"
                ],
                "Workers Planned": 4,
                "Workers Launched": 4,
                "Single Copy": false,
                "Plans": [
                    {
                        "Node Type": "Aggregate",
                        "Strategy": "Plain",
                        "Partial Mode": "Partial",
                        "Parent Relationship": "Outer",
                        "Parallel Aware": false,
                        "Startup Cost": 47816.42,
                        "Total Cost": 47816.43,
                        "Plan Rows": 1,
                        "Plan Width": 8,
                        "Actual Startup Time": 87.106,
                        "Actual Total Time": 87.108,
                        "Actual Rows": 1,
                        "Actual Loops": 5,
                        "Output": [
                            "PARTIAL count(*)"
                        ],
                        "Workers": [
                            {
                                "Worker Number": 0,
                                "Actual Startup Time": 84.285,
                                "Actual Total Time": 84.287,
                                "Actual Rows": 1,
                                "Actual Loops": 1
                            },
                            {
                                "Worker Number": 1,
                                "Actual Startup Time": 84.69,
                                "Actual Total Time": 84.692,
                                "Actual Rows": 1,
                                "Actual Loops": 1
                            },
                            {
                                "Worker Number": 2,
                                "Actual Startup Time": 84.354,
                                "Actual Total Time": 84.355,
                                "Actual Rows": 1,
                                "Actual Loops": 1
                            },
                            {
                                "Worker Number": 3,
                                "Actual Startup Time": 85.674,
                                "Actual Total Time": 85.675,
                                "Actual Rows": 1,
                                "Actual Loops": 1
                            }
                        ],
                        "Plans": [
                            {
                                "Node Type": "Nested Loop",
                                "Parent Relationship": "Outer",
                                "Parallel Aware": false,
                                "Join Type": "Inner",
                                "Startup Cost": 0.43,
                                "Total Cost": 47816.15,
                                "Plan Rows": 108,
                                "Plan Width": 0,
                                "Actual Startup Time": 56.946,
                                "Actual Total Time": 87.084,
                                "Actual Rows": 115,
                                "Actual Loops": 5,
                                "Inner Unique": false,
                                "Workers": [
                                    {
                                        "Worker Number": 0,
                                        "Actual Startup Time": 54.766,
                                        "Actual Total Time": 84.263,
                                        "Actual Rows": 102,
                                        "Actual Loops": 1
                                    },
                                    {
                                        "Worker Number": 1,
                                        "Actual Startup Time": 54.77,
                                        "Actual Total Time": 84.669,
                                        "Actual Rows": 74,
                                        "Actual Loops": 1
                                    },
                                    {
                                        "Worker Number": 2,
                                        "Actual Startup Time": 53.861,
                                        "Actual Total Time": 84.332,
                                        "Actual Rows": 112,
                                        "Actual Loops": 1
                                    },
                                    {
                                        "Worker Number": 3,
                                        "Actual Startup Time": 55.584,
                                        "Actual Total Time": 85.651,
                                        "Actual Rows": 118,
                                        "Actual Loops": 1
                                    }
                                ],
                                "Plans": [
                                    {
                                        "Node Type": "Seq Scan",
                                        "Parent Relationship": "Outer",
                                        "Parallel Aware": true,
                                        "Relation Name": "title",
                                        "Schema": "public",
                                        "Alias": "t",
                                        "Startup Cost": 0.0,
                                        "Total Cost": 45479.21,
                                        "Plan Rows": 296,
                                        "Plan Width": 4,
                                        "Actual Startup Time": 56.3,
                                        "Actual Total Time": 81.102,
                                        "Actual Rows": 919,
                                        "Actual Loops": 5,
                                        "Output": [
                                            "t.id",
                                            "t.title",
                                            "t.imdb_index",
                                            "t.kind_id",
                                            "t.production_year",
                                            "t.imdb_id",
                                            "t.phonetic_code",
                                            "t.episode_of_id",
                                            "t.season_nr",
                                            "t.episode_nr",
                                            "t.series_years",
                                            "t.md5sum"
                                        ],
                                        "Filter": "((t.kind_id = 1) AND (t.production_year = 1910))",
                                        "Rows Removed by Filter": 504743,
                                        "Workers": [
                                            {
                                                "Worker Number": 0,
                                                "Actual Startup Time": 53.483,
                                                "Actual Total Time": 77.816,
                                                "Actual Rows": 831,
                                                "Actual Loops": 1
                                            },
                                            {
                                                "Worker Number": 1,
                                                "Actual Startup Time": 53.91,
                                                "Actual Total Time": 77.94,
                                                "Actual Rows": 602,
                                                "Actual Loops": 1
                                            },
                                            {
                                                "Worker Number": 2,
                                                "Actual Startup Time": 53.531,
                                                "Actual Total Time": 77.815,
                                                "Actual Rows": 835,
                                                "Actual Loops": 1
                                            },
                                            {
                                                "Worker Number": 3,
                                                "Actual Startup Time": 54.873,
                                                "Actual Total Time": 79.354,
                                                "Actual Rows": 882,
                                                "Actual Loops": 1
                                            }
                                        ]
                                    },
                                    {
                                        "Node Type": "Index Scan",
                                        "Parent Relationship": "Inner",
                                        "Parallel Aware": false,
                                        "Scan Direction": "Forward",
                                        "Index Name": "movie_id_movie_info_idx",
                                        "Relation Name": "movie_info_idx",
                                        "Schema": "public",
                                        "Alias": "mi_idx",
                                        "Startup Cost": 0.43,
                                        "Total Cost": 7.88,
                                        "Plan Rows": 2,
                                        "Plan Width": 4,
                                        "Actual Startup Time": 0.006,
                                        "Actual Total Time": 0.006,
                                        "Actual Rows": 0,
                                        "Actual Loops": 4597,
                                        "Output": [
                                            "mi_idx.id",
                                            "mi_idx.movie_id",
                                            "mi_idx.info_type_id",
                                            "mi_idx.info",
                                            "mi_idx.note"
                                        ],
                                        "Index Cond": "(mi_idx.movie_id = t.id)",
                                        "Rows Removed by Index Recheck": 0,
                                        "Filter": "(mi_idx.info_type_id < 101)",
                                        "Rows Removed by Filter": 0,
                                        "Workers": [
                                            {
                                                "Worker Number": 0,
                                                "Actual Startup Time": 0.007,
                                                "Actual Total Time": 0.007,
                                                "Actual Rows": 0,
                                                "Actual Loops": 831
                                            },
                                            {
                                                "Worker Number": 1,
                                                "Actual Startup Time": 0.01,
                                                "Actual Total Time": 0.01,
                                                "Actual Rows": 0,
                                                "Actual Loops": 602
                                            },
                                            {
                                                "Worker Number": 2,
                                                "Actual Startup Time": 0.007,
                                                "Actual Total Time": 0.007,
                                                "Actual Rows": 0,
                                                "Actual Loops": 835
                                            },
                                            {
                                                "Worker Number": 3,
                                                "Actual Startup Time": 0.007,
                                                "Actual Total Time": 0.007,
                                                "Actual Rows": 0,
                                                "Actual Loops": 882
                                            }
                                        ]
                                    }
                                ]
                            }
                        ]
                    }
                ]
            }
        ]
    },
    "Planning Time": 0.578,
    "Triggers": [],
    "Execution Time": 108.405
}