[
  {
    "Plan": {
      "Node Type": "Aggregate",
      "Strategy": "Plain",
      "Partial Mode": "Finalize",
      "Parallel Aware": false,
      "Startup Cost": 29230.89,
      "Total Cost": 29230.9,
      "Plan Rows": 1,
      "Plan Width": 8,
      "Actual Startup Time": 82.656,
      "Actual Total Time": 86.411,
      "Actual Rows": 1,
      "Actual Loops": 1,
      "Plans": [
        {
          "Node Type": "Gather",
          "Parent Relationship": "Outer",
          "Parallel Aware": false,
          "Startup Cost": 29230.57,
          "Total Cost": 29230.88,
          "Plan Rows": 3,
          "Plan Width": 8,
          "Actual Startup Time": 82.469,
          "Actual Total Time": 86.403,
          "Actual Rows": 4,
          "Actual Loops": 1,
          "Workers Planned": 3,
          "Workers Launched": 3,
          "Single Copy": false,
          "Plans": [
            {
              "Node Type": "Aggregate",
              "Strategy": "Plain",
              "Partial Mode": "Partial",
              "Parent Relationship": "Outer",
              "Parallel Aware": false,
              "Startup Cost": 28230.57,
              "Total Cost": 28230.58,
              "Plan Rows": 1,
              "Plan Width": 8,
              "Actual Startup Time": 76.466,
              "Actual Total Time": 76.467,
              "Actual Rows": 1,
              "Actual Loops": 4,
              "Plans": [
                {
                  "Node Type": "Bitmap Heap Scan",
                  "Parent Relationship": "Outer",
                  "Parallel Aware": true,
                  "Relation Name": "movie_keyword",
                  "Alias": "mk",
                  "Startup Cost": 3075.43,
                  "Total Cost": 28113.72,
                  "Plan Rows": 46743,
                  "Plan Width": 0,
                  "Actual Startup Time": 24.302,
                  "Actual Total Time": 73.524,
                  "Actual Rows": 35710,
                  "Actual Loops": 4,
                  "Recheck Cond": "(keyword_id > 74617)",
                  "Rows Removed by Index Recheck": 0,
                  "Exact Heap Blocks": 10363,
                  "Lossy Heap Blocks": 0,
                  "Plans": [
                    {
                      "Node Type": "Bitmap Index Scan",
                      "Parent Relationship": "Outer",
                      "Parallel Aware": false,
                      "Index Name": "keyword_id_movie_keyword",
                      "Startup Cost": 0.0,
                      "Total Cost": 3039.2,
                      "Plan Rows": 144903,
                      "Plan Width": 0,
                      "Actual Startup Time": 24.468,
                      "Actual Total Time": 24.468,
                      "Actual Rows": 142839,
                      "Actual Loops": 1,
                      "Index Cond": "(keyword_id > 74617)"
                    }
                  ]
                }
              ]
            }
          ]
        }
      ]
    },
    "Planning Time": 0.158,
    "Triggers": [],
    "Execution Time": 86.476
  }
]