[
  {
    "Plan": {
      "Node Type": "Aggregate",
      "Strategy": "Plain",
      "Partial Mode": "Finalize",
      "Parallel Aware": false,
      "Startup Cost": 420358.38,
      "Total Cost": 420358.39,
      "Plan Rows": 1,
      "Plan Width": 8,
      "Actual Startup Time": 1967.771,
      "Actual Total Time": 2021.894,
      "Actual Rows": 1,
      "Actual Loops": 1,
      "Plans": [
        {
          "Node Type": "Gather",
          "Parent Relationship": "Outer",
          "Parallel Aware": false,
          "Startup Cost": 420357.75,
          "Total Cost": 420358.36,
          "Plan Rows": 6,
          "Plan Width": 8,
          "Actual Startup Time": 1961.749,
          "Actual Total Time": 2021.876,
          "Actual Rows": 7,
          "Actual Loops": 1,
          "Workers Planned": 6,
          "Workers Launched": 6,
          "Single Copy": false,
          "Plans": [
            {
              "Node Type": "Aggregate",
              "Strategy": "Plain",
              "Partial Mode": "Partial",
              "Parent Relationship": "Outer",
              "Parallel Aware": false,
              "Startup Cost": 419357.75,
              "Total Cost": 419357.76,
              "Plan Rows": 1,
              "Plan Width": 8,
              "Actual Startup Time": 1954.355,
              "Actual Total Time": 1954.657,
              "Actual Rows": 1,
              "Actual Loops": 7,
              "Plans": [
                {
                  "Node Type": "Hash Join",
                  "Parent Relationship": "Outer",
                  "Parallel Aware": true,
                  "Join Type": "Inner",
                  "Startup Cost": 65313.36,
                  "Total Cost": 417131.77,
                  "Plan Rows": 890391,
                  "Plan Width": 0,
                  "Actual Startup Time": 239.493,
                  "Actual Total Time": 1847.447,
                  "Actual Rows": 2434186,
                  "Actual Loops": 7,
                  "Inner Unique": false,
                  "Hash Cond": "(ci.movie_id = t.id)",
                  "Plans": [
                    {
                      "Node Type": "Seq Scan",
                      "Parent Relationship": "Outer",
                      "Parallel Aware": true,
                      "Relation Name": "cast_info",
                      "Alias": "ci",
                      "Startup Cost": 0.0,
                      "Total Cost": 328211.39,
                      "Plan Rows": 5305881,
                      "Plan Width": 4,
                      "Actual Startup Time": 0.036,
                      "Actual Total Time": 638.018,
                      "Actual Rows": 4553304,
                      "Actual Loops": 7,
                      "Filter": "(person_id < 3262045)",
                      "Rows Removed by Filter": 624459
                    },
                    {
                      "Node Type": "Hash",
                      "Parent Relationship": "Inner",
                      "Parallel Aware": true,
                      "Startup Cost": 63103.46,
                      "Total Cost": 63103.46,
                      "Plan Rows": 176792,
                      "Plan Width": 8,
                      "Actual Startup Time": 237.48,
                      "Actual Total Time": 237.78,
                      "Actual Rows": 103378,
                      "Actual Loops": 7,
                      "Hash Buckets": 1048576,
                      "Original Hash Buckets": 524288,
                      "Hash Batches": 1,
                      "Original Hash Batches": 1,
                      "Peak Memory Usage": 40736,
                      "Plans": [
                        {
                          "Node Type": "Hash Join",
                          "Parent Relationship": "Outer",
                          "Parallel Aware": true,
                          "Join Type": "Inner",
                          "Startup Cost": 47908.9,
                          "Total Cost": 63103.46,
                          "Plan Rows": 176792,
                          "Plan Width": 8,
                          "Actual Startup Time": 127.863,
                          "Actual Total Time": 189.586,
                          "Actual Rows": 103378,
                          "Actual Loops": 7,
                          "Inner Unique": true,
                          "Hash Cond": "(mi_idx.movie_id = t.id)",
                          "Plans": [
                            {
                              "Node Type": "Seq Scan",
                              "Parent Relationship": "Outer",
                              "Parallel Aware": true,
                              "Relation Name": "movie_info_idx",
                              "Alias": "mi_idx",
                              "Startup Cost": 0.0,
                              "Total Cost": 13685.15,
                              "Plan Rows": 575015,
                              "Plan Width": 4,
                              "Actual Startup Time": 0.011,
                              "Actual Total Time": 19.999,
                              "Actual Rows": 197148,
                              "Actual Loops": 7
                            },
                            {
                              "Node Type": "Hash",
                              "Parent Relationship": "Inner",
                              "Parallel Aware": true,
                              "Startup Cost": 45479.59,
                              "Total Cost": 45479.59,
                              "Plan Rows": 194345,
                              "Plan Width": 4,
                              "Actual Startup Time": 126.443,
                              "Actual Total Time": 126.445,
                              "Actual Rows": 97637,
                              "Actual Loops": 7,
                              "Hash Buckets": 1048576,
                              "Original Hash Buckets": 1048576,
                              "Hash Batches": 1,
                              "Original Hash Batches": 1,
                              "Peak Memory Usage": 35040,
                              "Plans": [
                                {
                                  "Node Type": "Seq Scan",
                                  "Parent Relationship": "Outer",
                                  "Parallel Aware": true,
                                  "Relation Name": "title",
                                  "Alias": "t",
                                  "Startup Cost": 0.0,
                                  "Total Cost": 45479.59,
                                  "Plan Rows": 194345,
                                  "Plan Width": 4,
                                  "Actual Startup Time": 0.036,
                                  "Actual Total Time": 76.83,
                                  "Actual Rows": 97637,
                                  "Actual Loops": 7,
                                  "Filter": "((kind_id < 7) AND (production_year > 1977))",
                                  "Rows Removed by Filter": 263550
                                }
                              ]
                            }
                          ]
                        }
                      ]
                    }
                  ]
                }
              ]
            }
          ]
        }
      ]
    },
    "Planning Time": 1.048,
    "Triggers": [],
    "Execution Time": 2021.995
  }
]