[
    {
        "Bao": {
            "Bao prediction": "NaN",
            "Bao recommended hint": "(no hint)"
        }
    },
    {
        "Plan": {
            "Node Type": "Aggregate",
            "Strategy": "Plain",
            "Partial Mode": "Finalize",
            "Parallel Aware": false,
            "Startup Cost": 33069.22,
            "Total Cost": 33069.23,
            "Plan Rows": 1,
            "Plan Width": 8,
            "Actual Startup Time": 103.761,
            "Actual Total Time": 108.921,
            "Actual Rows": 1,
            "Actual Loops": 1,
            "Output": [
                "count(*)"
            ],
            "Plans": [
                {
                    "Node Type": "Gather",
                    "Parent Relationship": "Outer",
                    "Parallel Aware": false,
                    "Startup Cost": 33068.9,
                    "Total Cost": 33069.21,
                    "Plan Rows": 3,
                    "Plan Width": 8,
                    "Actual Startup Time": 103.648,
                    "Actual Total Time": 108.912,
                    "Actual Rows": 4,
                    "Actual Loops": 1,
                    "Output": [
                        "(PARTIAL count(*))"
                    ],
                    "Workers Planned": 3,
                    "Workers Launched": 3,
                    "Single Copy": false,
                    "Plans": [
                        {
                            "Node Type": "Aggregate",
                            "Strategy": "Plain",
                            "Partial Mode": "Partial",
                            "Parent Relationship": "Outer",
                            "Parallel Aware": false,
                            "Startup Cost": 32068.9,
                            "Total Cost": 32068.91,
                            "Plan Rows": 1,
                            "Plan Width": 8,
                            "Actual Startup Time": 95.157,
                            "Actual Total Time": 95.158,
                            "Actual Rows": 1,
                            "Actual Loops": 4,
                            "Output": [
                                "PARTIAL count(*)"
                            ],
                            "Workers": [
                                {
                                    "Worker Number": 0,
                                    "Actual Startup Time": 92.351,
                                    "Actual Total Time": 92.352,
                                    "Actual Rows": 1,
                                    "Actual Loops": 1
                                },
                                {
                                    "Worker Number": 1,
                                    "Actual Startup Time": 92.396,
                                    "Actual Total Time": 92.398,
                                    "Actual Rows": 1,
                                    "Actual Loops": 1
                                },
                                {
                                    "Worker Number": 2,
                                    "Actual Startup Time": 92.85,
                                    "Actual Total Time": 92.851,
                                    "Actual Rows": 1,
                                    "Actual Loops": 1
                                }
                            ],
                            "Plans": [
                                {
                                    "Node Type": "Seq Scan",
                                    "Parent Relationship": "Outer",
                                    "Parallel Aware": true,
                                    "Relation Name": "movie_companies",
                                    "Schema": "public",
                                    "Alias": "mc",
                                    "Startup Cost": 0.0,
                                    "Total Cost": 31414.82,
                                    "Plan Rows": 261632,
                                    "Plan Width": 0,
                                    "Actual Startup Time": 41.985,
                                    "Actual Total Time": 82.559,
                                    "Actual Rows": 256112,
                                    "Actual Loops": 4,
                                    "Output": [
                                        "id",
                                        "movie_id",
                                        "company_id",
                                        "company_type_id",
                                        "note"
                                    ],
                                    "Filter": "((mc.company_id > 5386) AND (mc.company_type_id = 2))",
                                    "Rows Removed by Filter": 396170,
                                    "Workers": [
                                        {
                                            "Worker Number": 0,
                                            "Actual Startup Time": 39.183,
                                            "Actual Total Time": 80.165,
                                            "Actual Rows": 300528,
                                            "Actual Loops": 1
                                        },
                                        {
                                            "Worker Number": 1,
                                            "Actual Startup Time": 39.21,
                                            "Actual Total Time": 80.113,
                                            "Actual Rows": 186928,
                                            "Actual Loops": 1
                                        },
                                        {
                                            "Worker Number": 2,
                                            "Actual Startup Time": 39.684,
                                            "Actual Total Time": 80.62,
                                            "Actual Rows": 186084,
                                            "Actual Loops": 1
                                        }
                                    ]
                                }
                            ]
                        }
                    ]
                }
            ]
        },
        "Planning Time": 179.673,
        "Triggers": [],
        "Execution Time": 109.01
    }
]