[
  {
    "Plan": {
      "Node Type": "Aggregate",
      "Strategy": "Plain",
      "Partial Mode": "Simple",
      "Parallel Aware": false,
      "Startup Cost": 5120.63,
      "Total Cost": 5120.64,
      "Plan Rows": 1,
      "Plan Width": 8,
      "Actual Startup Time": 15.731,
      "Actual Total Time": 15.733,
      "Actual Rows": 1,
      "Actual Loops": 1,
      "Plans": [
        {
          "Node Type": "Nested Loop",
          "Parent Relationship": "Outer",
          "Parallel Aware": false,
          "Join Type": "Inner",
          "Startup Cost": 1.42,
          "Total Cost": 5120.55,
          "Plan Rows": 34,
          "Plan Width": 0,
          "Actual Startup Time": 14.858,
          "Actual Total Time": 15.724,
          "Actual Rows": 2,
          "Actual Loops": 1,
          "Inner Unique": false,
          "Plans": [
            {
              "Node Type": "Nested Loop",
              "Parent Relationship": "Outer",
              "Parallel Aware": false,
              "Join Type": "Inner",
              "Startup Cost": 0.99,
              "Total Cost": 5015.66,
              "Plan Rows": 189,
              "Plan Width": 8,
              "Actual Startup Time": 14.833,
              "Actual Total Time": 15.649,
              "Actual Rows": 2,
              "Actual Loops": 1,
              "Inner Unique": true,
              "Plans": [
                {
                  "Node Type": "Index Scan",
                  "Parent Relationship": "Outer",
                  "Parallel Aware": false,
                  "Scan Direction": "Forward",
                  "Index Name": "person_id_cast_info",
                  "Relation Name": "cast_info",
                  "Alias": "ci",
                  "Startup Cost": 0.56,
                  "Total Cost": 985.86,
                  "Plan Rows": 484,
                  "Plan Width": 4,
                  "Actual Startup Time": 14.795,
                  "Actual Total Time": 14.841,
                  "Actual Rows": 101,
                  "Actual Loops": 1,
                  "Index Cond": "(person_id = 2539381)",
                  "Rows Removed by Index Recheck": 0
                },
                {
                  "Node Type": "Index Scan",
                  "Parent Relationship": "Inner",
                  "Parallel Aware": false,
                  "Scan Direction": "Forward",
                  "Index Name": "title_pkey",
                  "Relation Name": "title",
                  "Alias": "t",
                  "Startup Cost": 0.43,
                  "Total Cost": 8.33,
                  "Plan Rows": 1,
                  "Plan Width": 4,
                  "Actual Startup Time": 0.007,
                  "Actual Total Time": 0.007,
                  "Actual Rows": 0,
                  "Actual Loops": 101,
                  "Index Cond": "(id = ci.movie_id)",
                  "Rows Removed by Index Recheck": 0,
                  "Filter": "(kind_id < 7)",
                  "Rows Removed by Filter": 1
                }
              ]
            },
            {
              "Node Type": "Index Scan",
              "Parent Relationship": "Inner",
              "Parallel Aware": false,
              "Scan Direction": "Forward",
              "Index Name": "movie_id_movie_info_idx",
              "Relation Name": "movie_info_idx",
              "Alias": "mi_idx",
              "Startup Cost": 0.43,
              "Total Cost": 0.54,
              "Plan Rows": 1,
              "Plan Width": 4,
              "Actual Startup Time": 0.033,
              "Actual Total Time": 0.035,
              "Actual Rows": 1,
              "Actual Loops": 2,
              "Index Cond": "(movie_id = t.id)",
              "Rows Removed by Index Recheck": 0,
              "Filter": "(info_type_id = 100)",
              "Rows Removed by Filter": 2
            }
          ]
        }
      ]
    },
    "Planning Time": 0.633,
    "Triggers": [],
    "Execution Time": 15.774
  }
]