{
  "Plan": {
    "Node Type": "Aggregate",
    "Strategy": "Plain",
    "Partial Mode": "Finalize",
    "Parallel Aware": false,
    "Startup Cost": 915577.27,
    "Total Cost": 915577.28,
    "Plan Rows": 1,
    "Plan Width": 8,
    "Actual Startup Time": 10457.326,
    "Actual Total Time": 10545.831,
    "Actual Rows": 1,
    "Actual Loops": 1,
    "Plans": [
      {
        "Node Type": "Gather",
        "Parent Relationship": "Outer",
        "Parallel Aware": false,
        "Startup Cost": 915577.15,
        "Total Cost": 915577.26,
        "Plan Rows": 1,
        "Plan Width": 8,
        "Actual Startup Time": 10455.804,
        "Actual Total Time": 10545.823,
        "Actual Rows": 2,
        "Actual Loops": 1,
        "Workers Planned": 1,
        "Workers Launched": 1,
        "Single Copy": false,
        "Plans": [
          {
            "Node Type": "Aggregate",
            "Strategy": "Plain",
            "Partial Mode": "Partial",
            "Parent Relationship": "Outer",
            "Parallel Aware": false,
            "Startup Cost": 914577.15,
            "Total Cost": 914577.16,
            "Plan Rows": 1,
            "Plan Width": 8,
            "Actual Startup Time": 10449.199,
            "Actual Total Time": 10449.202,
            "Actual Rows": 1,
            "Actual Loops": 2,
            "Plans": [
              {
                "Node Type": "Nested Loop",
                "Parent Relationship": "Outer",
                "Parallel Aware": false,
                "Join Type": "Inner",
                "Startup Cost": 61878.87,
                "Total Cost": 905030.64,
                "Plan Rows": 3818605,
                "Plan Width": 0,
                "Actual Startup Time": 324.177,
                "Actual Total Time": 9998.345,
                "Actual Rows": 10493718,
                "Actual Loops": 2,
                "Inner Unique": false,
                "Join Filter": "(t.id = ci.movie_id)",
                "Rows Removed by Join Filter": 0,
                "Plans": [
                  {
                    "Node Type": "Hash Join",
                    "Parent Relationship": "Outer",
                    "Parallel Aware": true,
                    "Join Type": "Inner",
                    "Startup Cost": 61878.3,
                    "Total Cost": 105473.98,
                    "Plan Rows": 266494,
                    "Plan Width": 8,
                    "Actual Startup Time": 324.098,
                    "Actual Total Time": 701.265,
                    "Actual Rows": 450595,
                    "Actual Loops": 2,
                    "Inner Unique": true,
                    "Hash Cond": "(mc.movie_id = t.id)",
                    "Plans": [
                      {
                        "Node Type": "Seq Scan",
                        "Parent Relationship": "Outer",
                        "Parallel Aware": true,
                        "Relation Name": "movie_companies",
                        "Alias": "mc",
                        "Startup Cost": 0.0,
                        "Total Cost": 41811.73,
                        "Plan Rows": 679601,
                        "Plan Width": 4,
                        "Actual Startup Time": 49.493,
                        "Actual Total Time": 128.858,
                        "Actual Rows": 632886,
                        "Actual Loops": 2,
                        "Filter": "((company_id > 160) AND (company_type_id = 2))",
                        "Rows Removed by Filter": 671679
                      },
                      {
                        "Node Type": "Hash",
                        "Parent Relationship": "Inner",
                        "Parallel Aware": true,
                        "Startup Cost": 54588.39,
                        "Total Cost": 54588.39,
                        "Plan Rows": 583193,
                        "Plan Width": 4,
                        "Actual Startup Time": 265.365,
                        "Actual Total Time": 265.366,
                        "Actual Rows": 492524,
                        "Actual Loops": 2,
                        "Hash Buckets": 1048576,
                        "Original Hash Buckets": 1048576,
                        "Hash Batches": 1,
                        "Original Hash Batches": 1,
                        "Peak Memory Usage": 46752,
                        "Plans": [
                          {
                            "Node Type": "Seq Scan",
                            "Parent Relationship": "Outer",
                            "Parallel Aware": true,
                            "Relation Name": "title",
                            "Alias": "t",
                            "Startup Cost": 0.0,
                            "Total Cost": 54588.39,
                            "Plan Rows": 583193,
                            "Plan Width": 4,
                            "Actual Startup Time": 0.04,
                            "Actual Total Time": 150.743,
                            "Actual Rows": 492524,
                            "Actual Loops": 2,
                            "Filter": "(kind_id < 7)",
                            "Rows Removed by Filter": 771632
                          }
                        ]
                      }
                    ]
                  },
                  {
                    "Node Type": "Index Only Scan",
                    "Parent Relationship": "Inner",
                    "Parallel Aware": false,
                    "Scan Direction": "Forward",
                    "Index Name": "movie_id_cast_info",
                    "Relation Name": "cast_info",
                    "Alias": "ci",
                    "Startup Cost": 0.56,
                    "Total Cost": 2.54,
                    "Plan Rows": 37,
                    "Plan Width": 4,
                    "Actual Startup Time": 0.003,
                    "Actual Total Time": 0.019,
                    "Actual Rows": 23,
                    "Actual Loops": 901190,
                    "Index Cond": "(movie_id = mc.movie_id)",
                    "Rows Removed by Index Recheck": 0,
                    "Heap Fetches": 20987436
                  }
                ]
              }
            ]
          }
        ]
      }
    ]
  },
  "Planning Time": 1.098,
  "Triggers": [],
  "Execution Time": 10545.94
}