[
  {
    "Plan": {
      "Node Type": "Aggregate",
      "Strategy": "Plain",
      "Partial Mode": "Finalize",
      "Parallel Aware": false,
      "Startup Cost": 349734.07,
      "Total Cost": 349734.08,
      "Plan Rows": 1,
      "Plan Width": 8,
      "Actual Startup Time": 731.104,
      "Actual Total Time": 758.722,
      "Actual Rows": 1,
      "Actual Loops": 1,
      "Plans": [
        {
          "Node Type": "Gather",
          "Parent Relationship": "Outer",
          "Parallel Aware": false,
          "Startup Cost": 349733.44,
          "Total Cost": 349734.05,
          "Plan Rows": 6,
          "Plan Width": 8,
          "Actual Startup Time": 731.02,
          "Actual Total Time": 758.713,
          "Actual Rows": 7,
          "Actual Loops": 1,
          "Workers Planned": 6,
          "Workers Launched": 6,
          "Single Copy": false,
          "Plans": [
            {
              "Node Type": "Aggregate",
              "Strategy": "Plain",
              "Partial Mode": "Partial",
              "Parent Relationship": "Outer",
              "Parallel Aware": false,
              "Startup Cost": 348733.44,
              "Total Cost": 348733.45,
              "Plan Rows": 1,
              "Plan Width": 8,
              "Actual Startup Time": 724.152,
              "Actual Total Time": 724.153,
              "Actual Rows": 1,
              "Actual Loops": 7,
              "Plans": [
                {
                  "Node Type": "Seq Scan",
                  "Parent Relationship": "Outer",
                  "Parallel Aware": true,
                  "Relation Name": "cast_info",
                  "Alias": "ci",
                  "Startup Cost": 0.0,
                  "Total Cost": 343318.94,
                  "Plan Rows": 2165801,
                  "Plan Width": 0,
                  "Actual Startup Time": 326.132,
                  "Actual Total Time": 632.613,
                  "Actual Rows": 2020704,
                  "Actual Loops": 7,
                  "Filter": "((person_id > 681890) AND (role_id > 2))",
                  "Rows Removed by Filter": 3157060
                }
              ]
            }
          ]
        }
      ]
    },
    "Planning Time": 0.111,
    "Triggers": [],
    "Execution Time": 758.76
  }
]