{
  "Plan": {
    "Node Type": "Aggregate",
    "Strategy": "Plain",
    "Partial Mode": "Finalize",
    "Parallel Aware": false,
    "Startup Cost": 88931.1,
    "Total Cost": 88931.11,
    "Plan Rows": 1,
    "Plan Width": 8,
    "Actual Startup Time": 345.819,
    "Actual Total Time": 358.488,
    "Actual Rows": 1,
    "Actual Loops": 1,
    "Plans": [
      {
        "Node Type": "Gather",
        "Parent Relationship": "Outer",
        "Parallel Aware": false,
        "Startup Cost": 88930.99,
        "Total Cost": 88931.1,
        "Plan Rows": 1,
        "Plan Width": 8,
        "Actual Startup Time": 345.335,
        "Actual Total Time": 358.474,
        "Actual Rows": 2,
        "Actual Loops": 1,
        "Workers Planned": 1,
        "Workers Launched": 1,
        "Single Copy": false,
        "Plans": [
          {
            "Node Type": "Aggregate",
            "Strategy": "Plain",
            "Partial Mode": "Partial",
            "Parent Relationship": "Outer",
            "Parallel Aware": false,
            "Startup Cost": 87930.99,
            "Total Cost": 87931.0,
            "Plan Rows": 1,
            "Plan Width": 8,
            "Actual Startup Time": 339.177,
            "Actual Total Time": 339.182,
            "Actual Rows": 1,
            "Actual Loops": 2,
            "Plans": [
              {
                "Node Type": "Hash Join",
                "Parent Relationship": "Outer",
                "Parallel Aware": true,
                "Join Type": "Inner",
                "Startup Cost": 27151.6,
                "Total Cost": 87747.9,
                "Plan Rows": 73235,
                "Plan Width": 0,
                "Actual Startup Time": 86.08,
                "Actual Total Time": 337.777,
                "Actual Rows": 27806,
                "Actual Loops": 2,
                "Inner Unique": false,
                "Hash Cond": "(t.id = mc.movie_id)",
                "Plans": [
                  {
                    "Node Type": "Seq Scan",
                    "Parent Relationship": "Outer",
                    "Parallel Aware": true,
                    "Relation Name": "title",
                    "Alias": "t",
                    "Startup Cost": 0.0,
                    "Total Cost": 50870.31,
                    "Plan Rows": 1487231,
                    "Plan Width": 4,
                    "Actual Startup Time": 0.013,
                    "Actual Total Time": 119.781,
                    "Actual Rows": 1264156,
                    "Actual Loops": 2
                  },
                  {
                    "Node Type": "Hash",
                    "Parent Relationship": "Inner",
                    "Parallel Aware": true,
                    "Startup Cost": 26236.17,
                    "Total Cost": 26236.17,
                    "Plan Rows": 73235,
                    "Plan Width": 4,
                    "Actual Startup Time": 83.693,
                    "Actual Total Time": 83.695,
                    "Actual Rows": 27806,
                    "Actual Loops": 2,
                    "Hash Buckets": 131072,
                    "Original Hash Buckets": 131072,
                    "Hash Batches": 1,
                    "Original Hash Batches": 1,
                    "Peak Memory Usage": 3232,
                    "Plans": [
                      {
                        "Node Type": "Bitmap Heap Scan",
                        "Parent Relationship": "Outer",
                        "Parallel Aware": true,
                        "Relation Name": "movie_companies",
                        "Alias": "mc",
                        "Startup Cost": 5282.59,
                        "Total Cost": 26236.17,
                        "Plan Rows": 73235,
                        "Plan Width": 4,
                        "Actual Startup Time": 62.006,
                        "Actual Total Time": 76.791,
                        "Actual Rows": 27806,
                        "Actual Loops": 2,
                        "Recheck Cond": "(company_id < 109)",
                        "Rows Removed by Index Recheck": 0,
                        "Filter": "(company_type_id = 2)",
                        "Rows Removed by Filter": 93166,
                        "Exact Heap Blocks": 13608,
                        "Lossy Heap Blocks": 0,
                        "Plans": [
                          {
                            "Node Type": "Bitmap Index Scan",
                            "Parent Relationship": "Outer",
                            "Parallel Aware": false,
                            "Index Name": "company_id_movie_companies",
                            "Startup Cost": 0.0,
                            "Total Cost": 5251.47,
                            "Plan Rows": 245205,
                            "Plan Width": 0,
                            "Actual Startup Time": 28.389,
                            "Actual Total Time": 28.389,
                            "Actual Rows": 241945,
                            "Actual Loops": 1,
                            "Index Cond": "(company_id < 109)"
                          }
                        ]
                      }
                    ]
                  }
                ]
              }
            ]
          }
        ]
      }
    ]
  },
  "Planning Time": 0.778,
  "Triggers": [],
  "Execution Time": 358.594
}