[
  {
    "Plan": {
      "Node Type": "Aggregate",
      "Strategy": "Plain",
      "Partial Mode": "Finalize",
      "Parallel Aware": false,
      "Startup Cost": 441487.29,
      "Total Cost": 441487.3,
      "Plan Rows": 1,
      "Plan Width": 8,
      "Actual Startup Time": 1514.865,
      "Actual Total Time": 1585.945,
      "Actual Rows": 1,
      "Actual Loops": 1,
      "Plans": [
        {
          "Node Type": "Gather",
          "Parent Relationship": "Outer",
          "Parallel Aware": false,
          "Startup Cost": 441486.67,
          "Total Cost": 441487.28,
          "Plan Rows": 6,
          "Plan Width": 8,
          "Actual Startup Time": 1504.861,
          "Actual Total Time": 1585.932,
          "Actual Rows": 7,
          "Actual Loops": 1,
          "Workers Planned": 6,
          "Workers Launched": 6,
          "Single Copy": false,
          "Plans": [
            {
              "Node Type": "Aggregate",
              "Strategy": "Plain",
              "Partial Mode": "Partial",
              "Parent Relationship": "Outer",
              "Parallel Aware": false,
              "Startup Cost": 440486.67,
              "Total Cost": 440486.68,
              "Plan Rows": 1,
              "Plan Width": 8,
              "Actual Startup Time": 1493.694,
              "Actual Total Time": 1493.857,
              "Actual Rows": 1,
              "Actual Loops": 7,
              "Plans": [
                {
                  "Node Type": "Hash Join",
                  "Parent Relationship": "Outer",
                  "Parallel Aware": true,
                  "Join Type": "Inner",
                  "Startup Cost": 84021.47,
                  "Total Cost": 438369.07,
                  "Plan Rows": 847039,
                  "Plan Width": 0,
                  "Actual Startup Time": 633.188,
                  "Actual Total Time": 1454.903,
                  "Actual Rows": 864063,
                  "Actual Loops": 7,
                  "Inner Unique": false,
                  "Hash Cond": "(ci.movie_id = t.id)",
                  "Plans": [
                    {
                      "Node Type": "Seq Scan",
                      "Parent Relationship": "Outer",
                      "Parallel Aware": true,
                      "Relation Name": "cast_info",
                      "Alias": "ci",
                      "Startup Cost": 0.0,
                      "Total Cost": 343257.03,
                      "Plan Rows": 2392794,
                      "Plan Width": 4,
                      "Actual Startup Time": 333.49,
                      "Actual Total Time": 676.384,
                      "Actual Rows": 2120503,
                      "Actual Loops": 7,
                      "Filter": "((person_id > 444924) AND (role_id > 2))",
                      "Rows Removed by Filter": 3057260
                    },
                    {
                      "Node Type": "Hash",
                      "Parent Relationship": "Inner",
                      "Parallel Aware": true,
                      "Startup Cost": 81224.58,
                      "Total Cost": 81224.58,
                      "Plan Rows": 223751,
                      "Plan Width": 8,
                      "Actual Startup Time": 296.324,
                      "Actual Total Time": 296.486,
                      "Actual Rows": 82142,
                      "Actual Loops": 7,
                      "Hash Buckets": 1048576,
                      "Original Hash Buckets": 1048576,
                      "Hash Batches": 1,
                      "Original Hash Batches": 1,
                      "Peak Memory Usage": 30816,
                      "Plans": [
                        {
                          "Node Type": "Hash Join",
                          "Parent Relationship": "Outer",
                          "Parallel Aware": true,
                          "Join Type": "Inner",
                          "Startup Cost": 35023.71,
                          "Total Cost": 81224.58,
                          "Plan Rows": 223751,
                          "Plan Width": 8,
                          "Actual Startup Time": 103.681,
                          "Actual Total Time": 258.582,
                          "Actual Rows": 82142,
                          "Actual Loops": 7,
                          "Inner Unique": false,
                          "Hash Cond": "(t.id = mc.movie_id)",
                          "Plans": [
                            {
                              "Node Type": "Seq Scan",
                              "Parent Relationship": "Outer",
                              "Parallel Aware": true,
                              "Relation Name": "title",
                              "Alias": "t",
                              "Startup Cost": 0.0,
                              "Total Cost": 42318.73,
                              "Plan Rows": 632073,
                              "Plan Width": 4,
                              "Actual Startup Time": 0.013,
                              "Actual Total Time": 56.337,
                              "Actual Rows": 361187,
                              "Actual Loops": 7
                            },
                            {
                              "Node Type": "Hash",
                              "Parent Relationship": "Inner",
                              "Parallel Aware": true,
                              "Startup Cost": 31414.82,
                              "Total Cost": 31414.82,
                              "Plan Rows": 288711,
                              "Plan Width": 4,
                              "Actual Startup Time": 102.147,
                              "Actual Total Time": 102.148,
                              "Actual Rows": 82142,
                              "Actual Loops": 7,
                              "Hash Buckets": 1048576,
                              "Original Hash Buckets": 1048576,
                              "Hash Batches": 1,
                              "Original Hash Batches": 1,
                              "Peak Memory Usage": 30784,
                              "Plans": [
                                {
                                  "Node Type": "Seq Scan",
                                  "Parent Relationship": "Outer",
                                  "Parallel Aware": true,
                                  "Relation Name": "movie_companies",
                                  "Alias": "mc",
                                  "Startup Cost": 0.0,
                                  "Total Cost": 31414.82,
                                  "Plan Rows": 288711,
                                  "Plan Width": 4,
                                  "Actual Startup Time": 38.958,
                                  "Actual Total Time": 63.615,
                                  "Actual Rows": 82142,
                                  "Actual Loops": 7,
                                  "Filter": "((company_id < 24347) AND (company_type_id > 1))",
                                  "Rows Removed by Filter": 290590
                                }
                              ]
                            }
                          ]
                        }
                      ]
                    }
                  ]
                }
              ]
            }
          ]
        }
      ]
    },
    "Planning Time": 1.445,
    "Triggers": [],
    "Execution Time": 1586.055
  }
]