[
  {
    "Plan": {
      "Node Type": "Aggregate",
      "Strategy": "Plain",
      "Partial Mode": "Finalize",
      "Parallel Aware": false,
      "Startup Cost": 100299.11,
      "Total Cost": 100299.12,
      "Plan Rows": 1,
      "Plan Width": 8,
      "Actual Startup Time": 705.785,
      "Actual Total Time": 723.93,
      "Actual Rows": 1,
      "Actual Loops": 1,
      "Plans": [
        {
          "Node Type": "Gather",
          "Parent Relationship": "Outer",
          "Parallel Aware": false,
          "Startup Cost": 100298.79,
          "Total Cost": 100299.1,
          "Plan Rows": 3,
          "Plan Width": 8,
          "Actual Startup Time": 694.314,
          "Actual Total Time": 723.919,
          "Actual Rows": 4,
          "Actual Loops": 1,
          "Workers Planned": 3,
          "Workers Launched": 3,
          "Single Copy": false,
          "Plans": [
            {
              "Node Type": "Aggregate",
              "Strategy": "Plain",
              "Partial Mode": "Partial",
              "Parent Relationship": "Outer",
              "Parallel Aware": false,
              "Startup Cost": 99298.79,
              "Total Cost": 99298.8,
              "Plan Rows": 1,
              "Plan Width": 8,
              "Actual Startup Time": 677.391,
              "Actual Total Time": 677.394,
              "Actual Rows": 1,
              "Actual Loops": 4,
              "Plans": [
                {
                  "Node Type": "Hash Join",
                  "Parent Relationship": "Outer",
                  "Parallel Aware": true,
                  "Join Type": "Inner",
                  "Startup Cost": 50219.64,
                  "Total Cost": 96184.89,
                  "Plan Rows": 1245559,
                  "Plan Width": 0,
                  "Actual Startup Time": 353.551,
                  "Actual Total Time": 635.961,
                  "Actual Rows": 962675,
                  "Actual Loops": 4,
                  "Inner Unique": true,
                  "Hash Cond": "(mk.movie_id = t.id)",
                  "Plans": [
                    {
                      "Node Type": "Seq Scan",
                      "Parent Relationship": "Outer",
                      "Parallel Aware": true,
                      "Relation Name": "movie_keyword",
                      "Alias": "mk",
                      "Startup Cost": 0.0,
                      "Total Cost": 42695.65,
                      "Plan Rows": 1245559,
                      "Plan Width": 4,
                      "Actual Startup Time": 0.06,
                      "Actual Total Time": 118.005,
                      "Actual Rows": 962675,
                      "Actual Loops": 4,
                      "Filter": "(keyword_id > 536)",
                      "Rows Removed by Filter": 168307
                    },
                    {
                      "Node Type": "Hash",
                      "Parent Relationship": "Inner",
                      "Parallel Aware": true,
                      "Startup Cost": 42318.73,
                      "Total Cost": 42318.73,
                      "Plan Rows": 632073,
                      "Plan Width": 4,
                      "Actual Startup Time": 342.712,
                      "Actual Total Time": 342.713,
                      "Actual Rows": 632078,
                      "Actual Loops": 4,
                      "Hash Buckets": 4194304,
                      "Original Hash Buckets": 4194304,
                      "Hash Batches": 1,
                      "Original Hash Batches": 1,
                      "Peak Memory Usage": 131744,
                      "Plans": [
                        {
                          "Node Type": "Seq Scan",
                          "Parent Relationship": "Outer",
                          "Parallel Aware": true,
                          "Relation Name": "title",
                          "Alias": "t",
                          "Startup Cost": 0.0,
                          "Total Cost": 42318.73,
                          "Plan Rows": 632073,
                          "Plan Width": 4,
                          "Actual Startup Time": 0.04,
                          "Actual Total Time": 99.795,
                          "Actual Rows": 632078,
                          "Actual Loops": 4
                        }
                      ]
                    }
                  ]
                }
              ]
            }
          ]
        }
      ]
    },
    "Planning Time": 0.483,
    "Triggers": [],
    "Execution Time": 723.989
  }
]