[
    {
        "Bao": {
            "Bao prediction": "NaN",
            "Bao recommended hint": "(no hint)"
        }
    },
    {
        "Plan": {
            "Node Type": "Aggregate",
            "Strategy": "Plain",
            "Partial Mode": "Finalize",
            "Parallel Aware": false,
            "Startup Cost": 113251.75,
            "Total Cost": 113251.76,
            "Plan Rows": 1,
            "Plan Width": 8,
            "Actual Startup Time": 506.63,
            "Actual Total Time": 521.037,
            "Actual Rows": 1,
            "Actual Loops": 1,
            "Output": [
                "count(*)"
            ],
            "Plans": [
                {
                    "Node Type": "Gather",
                    "Parent Relationship": "Outer",
                    "Parallel Aware": false,
                    "Startup Cost": 113251.43,
                    "Total Cost": 113251.74,
                    "Plan Rows": 3,
                    "Plan Width": 8,
                    "Actual Startup Time": 504.412,
                    "Actual Total Time": 521.027,
                    "Actual Rows": 4,
                    "Actual Loops": 1,
                    "Output": [
                        "(PARTIAL count(*))"
                    ],
                    "Workers Planned": 3,
                    "Workers Launched": 3,
                    "Single Copy": false,
                    "Plans": [
                        {
                            "Node Type": "Aggregate",
                            "Strategy": "Plain",
                            "Partial Mode": "Partial",
                            "Parent Relationship": "Outer",
                            "Parallel Aware": false,
                            "Startup Cost": 112251.43,
                            "Total Cost": 112251.44,
                            "Plan Rows": 1,
                            "Plan Width": 8,
                            "Actual Startup Time": 496.126,
                            "Actual Total Time": 496.326,
                            "Actual Rows": 1,
                            "Actual Loops": 4,
                            "Output": [
                                "PARTIAL count(*)"
                            ],
                            "Workers": [
                                {
                                    "Worker Number": 0,
                                    "Actual Startup Time": 493.35,
                                    "Actual Total Time": 493.354,
                                    "Actual Rows": 1,
                                    "Actual Loops": 1
                                },
                                {
                                    "Worker Number": 1,
                                    "Actual Startup Time": 493.42,
                                    "Actual Total Time": 493.424,
                                    "Actual Rows": 1,
                                    "Actual Loops": 1
                                },
                                {
                                    "Worker Number": 2,
                                    "Actual Startup Time": 493.658,
                                    "Actual Total Time": 493.663,
                                    "Actual Rows": 1,
                                    "Actual Loops": 1
                                }
                            ],
                            "Plans": [
                                {
                                    "Node Type": "Hash Join",
                                    "Parent Relationship": "Outer",
                                    "Parallel Aware": true,
                                    "Join Type": "Inner",
                                    "Startup Cost": 63747.52,
                                    "Total Cost": 111912.75,
                                    "Plan Rows": 135470,
                                    "Plan Width": 0,
                                    "Actual Startup Time": 274.038,
                                    "Actual Total Time": 482.883,
                                    "Actual Rows": 331853,
                                    "Actual Loops": 4,
                                    "Inner Unique": false,
                                    "Hash Cond": "(mk.movie_id = t.id)",
                                    "Workers": [
                                        {
                                            "Worker Number": 0,
                                            "Actual Startup Time": 270.862,
                                            "Actual Total Time": 480.154,
                                            "Actual Rows": 324767,
                                            "Actual Loops": 1
                                        },
                                        {
                                            "Worker Number": 1,
                                            "Actual Startup Time": 271.373,
                                            "Actual Total Time": 479.808,
                                            "Actual Rows": 326828,
                                            "Actual Loops": 1
                                        },
                                        {
                                            "Worker Number": 2,
                                            "Actual Startup Time": 271.661,
                                            "Actual Total Time": 479.982,
                                            "Actual Rows": 328633,
                                            "Actual Loops": 1
                                        }
                                    ],
                                    "Plans": [
                                        {
                                            "Node Type": "Seq Scan",
                                            "Parent Relationship": "Outer",
                                            "Parallel Aware": true,
                                            "Relation Name": "movie_keyword",
                                            "Schema": "public",
                                            "Alias": "mk",
                                            "Startup Cost": 0.0,
                                            "Total Cost": 42695.65,
                                            "Plan Rows": 1368244,
                                            "Plan Width": 4,
                                            "Actual Startup Time": 0.017,
                                            "Actual Total Time": 107.883,
                                            "Actual Rows": 1060954,
                                            "Actual Loops": 4,
                                            "Output": [
                                                "mk.id",
                                                "mk.movie_id",
                                                "mk.keyword_id"
                                            ],
                                            "Filter": "(mk.keyword_id > 231)",
                                            "Rows Removed by Filter": 70028,
                                            "Workers": [
                                                {
                                                    "Worker Number": 0,
                                                    "Actual Startup Time": 0.016,
                                                    "Actual Total Time": 108.321,
                                                    "Actual Rows": 1035531,
                                                    "Actual Loops": 1
                                                },
                                                {
                                                    "Worker Number": 1,
                                                    "Actual Startup Time": 0.024,
                                                    "Actual Total Time": 109.512,
                                                    "Actual Rows": 1040783,
                                                    "Actual Loops": 1
                                                },
                                                {
                                                    "Worker Number": 2,
                                                    "Actual Startup Time": 0.014,
                                                    "Actual Total Time": 109.39,
                                                    "Actual Rows": 1040321,
                                                    "Actual Loops": 1
                                                }
                                            ]
                                        },
                                        {
                                            "Node Type": "Hash",
                                            "Parent Relationship": "Inner",
                                            "Parallel Aware": true,
                                            "Startup Cost": 62965.24,
                                            "Total Cost": 62965.24,
                                            "Plan Rows": 62582,
                                            "Plan Width": 8,
                                            "Actual Startup Time": 272.688,
                                            "Actual Total Time": 272.886,
                                            "Actual Rows": 55328,
                                            "Actual Loops": 4,
                                            "Output": [
                                                "t.id",
                                                "mi_idx.movie_id"
                                            ],
                                            "Hash Buckets": 262144,
                                            "Original Hash Buckets": 262144,
                                            "Hash Batches": 1,
                                            "Original Hash Batches": 1,
                                            "Peak Memory Usage": 10720,
                                            "Workers": [
                                                {
                                                    "Worker Number": 0,
                                                    "Actual Startup Time": 270.062,
                                                    "Actual Total Time": 270.065,
                                                    "Actual Rows": 50612,
                                                    "Actual Loops": 1
                                                },
                                                {
                                                    "Worker Number": 1,
                                                    "Actual Startup Time": 270.715,
                                                    "Actual Total Time": 270.717,
                                                    "Actual Rows": 53962,
                                                    "Actual Loops": 1
                                                },
                                                {
                                                    "Worker Number": 2,
                                                    "Actual Startup Time": 270.826,
                                                    "Actual Total Time": 270.829,
                                                    "Actual Rows": 54644,
                                                    "Actual Loops": 1
                                                }
                                            ],
                                            "Plans": [
                                                {
                                                    "Node Type": "Hash Join",
                                                    "Parent Relationship": "Outer",
                                                    "Parallel Aware": true,
                                                    "Join Type": "Inner",
                                                    "Startup Cost": 17512.11,
                                                    "Total Cost": 62965.24,
                                                    "Plan Rows": 62582,
                                                    "Plan Width": 8,
                                                    "Actual Startup Time": 77.271,
                                                    "Actual Total Time": 253.276,
                                                    "Actual Rows": 55328,
                                                    "Actual Loops": 4,
                                                    "Output": [
                                                        "t.id",
                                                        "mi_idx.movie_id"
                                                    ],
                                                    "Inner Unique": false,
                                                    "Hash Cond": "(t.id = mi_idx.movie_id)",
                                                    "Workers": [
                                                        {
                                                            "Worker Number": 0,
                                                            "Actual Startup Time": 74.63,
                                                            "Actual Total Time": 250.691,
                                                            "Actual Rows": 50612,
                                                            "Actual Loops": 1
                                                        },
                                                        {
                                                            "Worker Number": 1,
                                                            "Actual Startup Time": 75.313,
                                                            "Actual Total Time": 250.932,
                                                            "Actual Rows": 53962,
                                                            "Actual Loops": 1
                                                        },
                                                        {
                                                            "Worker Number": 2,
                                                            "Actual Startup Time": 75.35,
                                                            "Actual Total Time": 251.162,
                                                            "Actual Rows": 54644,
                                                            "Actual Loops": 1
                                                        }
                                                    ],
                                                    "Plans": [
                                                        {
                                                            "Node Type": "Seq Scan",
                                                            "Parent Relationship": "Outer",
                                                            "Parallel Aware": true,
                                                            "Relation Name": "title",
                                                            "Schema": "public",
                                                            "Alias": "t",
                                                            "Startup Cost": 0.0,
                                                            "Total Cost": 43899.01,
                                                            "Plan Rows": 344898,
                                                            "Plan Width": 4,
                                                            "Actual Startup Time": 0.016,
                                                            "Actual Total Time": 84.054,
                                                            "Actual Rows": 345363,
                                                            "Actual Loops": 4,
                                                            "Output": [
                                                                "t.id",
                                                                "t.title",
                                                                "t.imdb_index",
                                                                "t.kind_id",
                                                                "t.production_year",
                                                                "t.imdb_id",
                                                                "t.phonetic_code",
                                                                "t.episode_of_id",
                                                                "t.season_nr",
                                                                "t.episode_nr",
                                                                "t.series_years",
                                                                "t.md5sum"
                                                            ],
                                                            "Filter": "(t.production_year > 2000)",
                                                            "Rows Removed by Filter": 286715,
                                                            "Workers": [
                                                                {
                                                                    "Worker Number": 0,
                                                                    "Actual Startup Time": 0.018,
                                                                    "Actual Total Time": 84.321,
                                                                    "Actual Rows": 313614,
                                                                    "Actual Loops": 1
                                                                },
                                                                {
                                                                    "Worker Number": 1,
                                                                    "Actual Startup Time": 0.021,
                                                                    "Actual Total Time": 87.254,
                                                                    "Actual Rows": 338158,
                                                                    "Actual Loops": 1
                                                                },
                                                                {
                                                                    "Worker Number": 2,
                                                                    "Actual Startup Time": 0.018,
                                                                    "Actual Total Time": 87.534,
                                                                    "Actual Rows": 342099,
                                                                    "Actual Loops": 1
                                                                }
                                                            ]
                                                        },
                                                        {
                                                            "Node Type": "Hash",
                                                            "Parent Relationship": "Inner",
                                                            "Parallel Aware": true,
                                                            "Startup Cost": 15122.68,
                                                            "Total Cost": 15122.68,
                                                            "Plan Rows": 191154,
                                                            "Plan Width": 4,
                                                            "Actual Startup Time": 76.259,
                                                            "Actual Total Time": 76.261,
                                                            "Actual Rows": 114981,
                                                            "Actual Loops": 4,
                                                            "Output": [
                                                                "mi_idx.movie_id"
                                                            ],
                                                            "Hash Buckets": 524288,
                                                            "Original Hash Buckets": 524288,
                                                            "Hash Batches": 1,
                                                            "Original Hash Batches": 1,
                                                            "Peak Memory Usage": 22144,
                                                            "Workers": [
                                                                {
                                                                    "Worker Number": 0,
                                                                    "Actual Startup Time": 74.446,
                                                                    "Actual Total Time": 74.447,
                                                                    "Actual Rows": 89572,
                                                                    "Actual Loops": 1
                                                                },
                                                                {
                                                                    "Worker Number": 1,
                                                                    "Actual Startup Time": 75.068,
                                                                    "Actual Total Time": 75.07,
                                                                    "Actual Rows": 97106,
                                                                    "Actual Loops": 1
                                                                },
                                                                {
                                                                    "Worker Number": 2,
                                                                    "Actual Startup Time": 75.218,
                                                                    "Actual Total Time": 75.22,
                                                                    "Actual Rows": 105696,
                                                                    "Actual Loops": 1
                                                                }
                                                            ],
                                                            "Plans": [
                                                                {
                                                                    "Node Type": "Seq Scan",
                                                                    "Parent Relationship": "Outer",
                                                                    "Parallel Aware": true,
                                                                    "Relation Name": "movie_info_idx",
                                                                    "Schema": "public",
                                                                    "Alias": "mi_idx",
                                                                    "Startup Cost": 0.0,
                                                                    "Total Cost": 15122.68,
                                                                    "Plan Rows": 191154,
                                                                    "Plan Width": 4,
                                                                    "Actual Startup Time": 0.051,
                                                                    "Actual Total Time": 40.501,
                                                                    "Actual Rows": 114981,
                                                                    "Actual Loops": 4,
                                                                    "Output": [
                                                                        "mi_idx.movie_id"
                                                                    ],
                                                                    "Filter": "(mi_idx.info_type_id = 99)",
                                                                    "Rows Removed by Filter": 230028,
                                                                    "Workers": [
                                                                        {
                                                                            "Worker Number": 0,
                                                                            "Actual Startup Time": 0.061,
                                                                            "Actual Total Time": 38.253,
                                                                            "Actual Rows": 89572,
                                                                            "Actual Loops": 1
                                                                        },
                                                                        {
                                                                            "Worker Number": 1,
                                                                            "Actual Startup Time": 0.06,
                                                                            "Actual Total Time": 42.11,
                                                                            "Actual Rows": 97106,
                                                                            "Actual Loops": 1
                                                                        },
                                                                        {
                                                                            "Worker Number": 2,
                                                                            "Actual Startup Time": 0.068,
                                                                            "Actual Total Time": 41.38,
                                                                            "Actual Rows": 105696,
                                                                            "Actual Loops": 1
                                                                        }
                                                                    ]
                                                                }
                                                            ]
                                                        }
                                                    ]
                                                }
                                            ]
                                        }
                                    ]
                                }
                            ]
                        }
                    ]
                }
            ]
        },
        "Planning Time": 192.683,
        "Triggers": [],
        "Execution Time": 521.12
    }
]