[
  {
    "Plan": {
      "Node Type": "Aggregate",
      "Strategy": "Plain",
      "Partial Mode": "Finalize",
      "Parallel Aware": false,
      "Startup Cost": 47286.03,
      "Total Cost": 47286.04,
      "Plan Rows": 1,
      "Plan Width": 8,
      "Actual Startup Time": 106.739,
      "Actual Total Time": 118.238,
      "Actual Rows": 1,
      "Actual Loops": 1,
      "Plans": [
        {
          "Node Type": "Gather",
          "Parent Relationship": "Outer",
          "Parallel Aware": false,
          "Startup Cost": 47285.61,
          "Total Cost": 47286.02,
          "Plan Rows": 4,
          "Plan Width": 8,
          "Actual Startup Time": 106.598,
          "Actual Total Time": 118.229,
          "Actual Rows": 5,
          "Actual Loops": 1,
          "Workers Planned": 4,
          "Workers Launched": 4,
          "Single Copy": false,
          "Plans": [
            {
              "Node Type": "Aggregate",
              "Strategy": "Plain",
              "Partial Mode": "Partial",
              "Parent Relationship": "Outer",
              "Parallel Aware": false,
              "Startup Cost": 46285.61,
              "Total Cost": 46285.62,
              "Plan Rows": 1,
              "Plan Width": 8,
              "Actual Startup Time": 101.472,
              "Actual Total Time": 101.473,
              "Actual Rows": 1,
              "Actual Loops": 5,
              "Plans": [
                {
                  "Node Type": "Seq Scan",
                  "Parent Relationship": "Outer",
                  "Parallel Aware": true,
                  "Relation Name": "title",
                  "Alias": "t",
                  "Startup Cost": 0.0,
                  "Total Cost": 45479.59,
                  "Plan Rows": 322410,
                  "Plan Width": 0,
                  "Actual Startup Time": 0.032,
                  "Actual Total Time": 88.302,
                  "Actual Rows": 279553,
                  "Actual Loops": 5,
                  "Filter": "((kind_id > 3) AND (production_year > 1980))",
                  "Rows Removed by Filter": 226109
                }
              ]
            }
          ]
        }
      ]
    },
    "Planning Time": 0.079,
    "Triggers": [],
    "Execution Time": 118.265
  }
]