[
  {
    "Plan": {
      "Node Type": "Aggregate",
      "Strategy": "Plain",
      "Partial Mode": "Finalize",
      "Parallel Aware": false,
      "Startup Cost": 78482.67,
      "Total Cost": 78482.68,
      "Plan Rows": 1,
      "Plan Width": 8,
      "Actual Startup Time": 237.285,
      "Actual Total Time": 250.766,
      "Actual Rows": 1,
      "Actual Loops": 1,
      "Plans": [
        {
          "Node Type": "Gather",
          "Parent Relationship": "Outer",
          "Parallel Aware": false,
          "Startup Cost": 78482.36,
          "Total Cost": 78482.67,
          "Plan Rows": 3,
          "Plan Width": 8,
          "Actual Startup Time": 235.709,
          "Actual Total Time": 250.757,
          "Actual Rows": 4,
          "Actual Loops": 1,
          "Workers Planned": 3,
          "Workers Launched": 3,
          "Single Copy": false,
          "Plans": [
            {
              "Node Type": "Aggregate",
              "Strategy": "Plain",
              "Partial Mode": "Partial",
              "Parent Relationship": "Outer",
              "Parallel Aware": false,
              "Startup Cost": 77482.36,
              "Total Cost": 77482.37,
              "Plan Rows": 1,
              "Plan Width": 8,
              "Actual Startup Time": 227.243,
              "Actual Total Time": 227.245,
              "Actual Rows": 1,
              "Actual Loops": 4,
              "Plans": [
                {
                  "Node Type": "Hash Join",
                  "Parent Relationship": "Outer",
                  "Parallel Aware": true,
                  "Join Type": "Inner",
                  "Startup Cost": 45233.79,
                  "Total Cost": 77366.8,
                  "Plan Rows": 46224,
                  "Plan Width": 0,
                  "Actual Startup Time": 133.067,
                  "Actual Total Time": 224.934,
                  "Actual Rows": 56164,
                  "Actual Loops": 4,
                  "Inner Unique": true,
                  "Hash Cond": "(mc.movie_id = t.id)",
                  "Plans": [
                    {
                      "Node Type": "Seq Scan",
                      "Parent Relationship": "Outer",
                      "Parallel Aware": true,
                      "Relation Name": "movie_companies",
                      "Alias": "mc",
                      "Startup Cost": 0.0,
                      "Total Cost": 31414.82,
                      "Plan Rows": 273595,
                      "Plan Width": 4,
                      "Actual Startup Time": 0.865,
                      "Actual Total Time": 61.5,
                      "Actual Rows": 162296,
                      "Actual Loops": 4,
                      "Filter": "((company_id > 2640) AND (company_type_id < 2))",
                      "Rows Removed by Filter": 489987
                    },
                    {
                      "Node Type": "Hash",
                      "Parent Relationship": "Inner",
                      "Parallel Aware": true,
                      "Startup Cost": 43898.92,
                      "Total Cost": 43898.92,
                      "Plan Rows": 106790,
                      "Plan Width": 4,
                      "Actual Startup Time": 128.688,
                      "Actual Total Time": 128.688,
                      "Actual Rows": 109379,
                      "Actual Loops": 4,
                      "Hash Buckets": 524288,
                      "Original Hash Buckets": 524288,
                      "Hash Batches": 1,
                      "Original Hash Batches": 1,
                      "Peak Memory Usage": 21248,
                      "Plans": [
                        {
                          "Node Type": "Seq Scan",
                          "Parent Relationship": "Outer",
                          "Parallel Aware": true,
                          "Relation Name": "title",
                          "Alias": "t",
                          "Startup Cost": 0.0,
                          "Total Cost": 43898.92,
                          "Plan Rows": 106790,
                          "Plan Width": 4,
                          "Actual Startup Time": 0.047,
                          "Actual Total Time": 94.942,
                          "Actual Rows": 109379,
                          "Actual Loops": 4,
                          "Filter": "(production_year < 1975)",
                          "Rows Removed by Filter": 522699
                        }
                      ]
                    }
                  ]
                }
              ]
            }
          ]
        }
      ]
    },
    "Planning Time": 0.633,
    "Triggers": [],
    "Execution Time": 250.884
  }
]