[
    {
        "Bao": {
            "Bao prediction": "NaN",
            "Bao recommended hint": "(no hint)"
        }
    },
    {
        "Plan": {
            "Node Type": "Aggregate",
            "Strategy": "Plain",
            "Partial Mode": "Finalize",
            "Parallel Aware": false,
            "Startup Cost": 228780.0,
            "Total Cost": 228780.01,
            "Plan Rows": 1,
            "Plan Width": 8,
            "Actual Startup Time": 2603.052,
            "Actual Total Time": 2639.563,
            "Actual Rows": 1,
            "Actual Loops": 1,
            "Output": [
                "count(*)"
            ],
            "Plans": [
                {
                    "Node Type": "Gather",
                    "Parent Relationship": "Outer",
                    "Parallel Aware": false,
                    "Startup Cost": 228779.68,
                    "Total Cost": 228779.99,
                    "Plan Rows": 3,
                    "Plan Width": 8,
                    "Actual Startup Time": 2601.897,
                    "Actual Total Time": 2639.556,
                    "Actual Rows": 4,
                    "Actual Loops": 1,
                    "Output": [
                        "(PARTIAL count(*))"
                    ],
                    "Workers Planned": 3,
                    "Workers Launched": 3,
                    "Single Copy": false,
                    "Plans": [
                        {
                            "Node Type": "Aggregate",
                            "Strategy": "Plain",
                            "Partial Mode": "Partial",
                            "Parent Relationship": "Outer",
                            "Parallel Aware": false,
                            "Startup Cost": 227779.68,
                            "Total Cost": 227779.69,
                            "Plan Rows": 1,
                            "Plan Width": 8,
                            "Actual Startup Time": 2593.003,
                            "Actual Total Time": 2593.007,
                            "Actual Rows": 1,
                            "Actual Loops": 4,
                            "Output": [
                                "PARTIAL count(*)"
                            ],
                            "Workers": [
                                {
                                    "Worker Number": 0,
                                    "Actual Startup Time": 2590.002,
                                    "Actual Total Time": 2590.006,
                                    "Actual Rows": 1,
                                    "Actual Loops": 1
                                },
                                {
                                    "Worker Number": 1,
                                    "Actual Startup Time": 2590.005,
                                    "Actual Total Time": 2590.008,
                                    "Actual Rows": 1,
                                    "Actual Loops": 1
                                },
                                {
                                    "Worker Number": 2,
                                    "Actual Startup Time": 2590.411,
                                    "Actual Total Time": 2590.414,
                                    "Actual Rows": 1,
                                    "Actual Loops": 1
                                }
                            ],
                            "Plans": [
                                {
                                    "Node Type": "Nested Loop",
                                    "Parent Relationship": "Outer",
                                    "Parallel Aware": false,
                                    "Join Type": "Inner",
                                    "Startup Cost": 46736.39,
                                    "Total Cost": 226822.28,
                                    "Plan Rows": 382959,
                                    "Plan Width": 0,
                                    "Actual Startup Time": 124.471,
                                    "Actual Total Time": 2357.333,
                                    "Actual Rows": 5858228,
                                    "Actual Loops": 4,
                                    "Inner Unique": false,
                                    "Join Filter": "(t.id = mi.movie_id)",
                                    "Rows Removed by Join Filter": 0,
                                    "Workers": [
                                        {
                                            "Worker Number": 0,
                                            "Actual Startup Time": 121.672,
                                            "Actual Total Time": 2355.028,
                                            "Actual Rows": 5865424,
                                            "Actual Loops": 1
                                        },
                                        {
                                            "Worker Number": 1,
                                            "Actual Startup Time": 121.555,
                                            "Actual Total Time": 2357.284,
                                            "Actual Rows": 5807417,
                                            "Actual Loops": 1
                                        },
                                        {
                                            "Worker Number": 2,
                                            "Actual Startup Time": 121.906,
                                            "Actual Total Time": 2357.488,
                                            "Actual Rows": 5777050,
                                            "Actual Loops": 1
                                        }
                                    ],
                                    "Plans": [
                                        {
                                            "Node Type": "Hash Join",
                                            "Parent Relationship": "Outer",
                                            "Parallel Aware": true,
                                            "Join Type": "Inner",
                                            "Startup Cost": 46735.96,
                                            "Total Cost": 77129.59,
                                            "Plan Rows": 65621,
                                            "Plan Width": 8,
                                            "Actual Startup Time": 124.406,
                                            "Actual Total Time": 276.06,
                                            "Actual Rows": 135286,
                                            "Actual Loops": 4,
                                            "Output": [
                                                "t.id",
                                                "mc.movie_id"
                                            ],
                                            "Inner Unique": true,
                                            "Hash Cond": "(mc.movie_id = t.id)",
                                            "Workers": [
                                                {
                                                    "Worker Number": 0,
                                                    "Actual Startup Time": 121.606,
                                                    "Actual Total Time": 268.708,
                                                    "Actual Rows": 133503,
                                                    "Actual Loops": 1
                                                },
                                                {
                                                    "Worker Number": 1,
                                                    "Actual Startup Time": 121.473,
                                                    "Actual Total Time": 273.472,
                                                    "Actual Rows": 135603,
                                                    "Actual Loops": 1
                                                },
                                                {
                                                    "Worker Number": 2,
                                                    "Actual Startup Time": 121.819,
                                                    "Actual Total Time": 276.803,
                                                    "Actual Rows": 136452,
                                                    "Actual Loops": 1
                                                }
                                            ],
                                            "Plans": [
                                                {
                                                    "Node Type": "Seq Scan",
                                                    "Parent Relationship": "Outer",
                                                    "Parallel Aware": true,
                                                    "Relation Name": "movie_companies",
                                                    "Schema": "public",
                                                    "Alias": "mc",
                                                    "Startup Cost": 0.0,
                                                    "Total Cost": 29310.68,
                                                    "Plan Rows": 412551,
                                                    "Plan Width": 4,
                                                    "Actual Startup Time": 0.019,
                                                    "Actual Total Time": 60.667,
                                                    "Actual Rows": 318562,
                                                    "Actual Loops": 4,
                                                    "Output": [
                                                        "mc.id",
                                                        "mc.movie_id",
                                                        "mc.company_id",
                                                        "mc.company_type_id",
                                                        "mc.note"
                                                    ],
                                                    "Filter": "(mc.company_type_id = 1)",
                                                    "Rows Removed by Filter": 333721,
                                                    "Workers": [
                                                        {
                                                            "Worker Number": 0,
                                                            "Actual Startup Time": 0.021,
                                                            "Actual Total Time": 60.471,
                                                            "Actual Rows": 306664,
                                                            "Actual Loops": 1
                                                        },
                                                        {
                                                            "Worker Number": 1,
                                                            "Actual Startup Time": 0.02,
                                                            "Actual Total Time": 62.009,
                                                            "Actual Rows": 314926,
                                                            "Actual Loops": 1
                                                        },
                                                        {
                                                            "Worker Number": 2,
                                                            "Actual Startup Time": 0.025,
                                                            "Actual Total Time": 62.206,
                                                            "Actual Rows": 320783,
                                                            "Actual Loops": 1
                                                        }
                                                    ]
                                                },
                                                {
                                                    "Node Type": "Hash",
                                                    "Parent Relationship": "Inner",
                                                    "Parallel Aware": true,
                                                    "Startup Cost": 45479.21,
                                                    "Total Cost": 45479.21,
                                                    "Plan Rows": 100540,
                                                    "Plan Width": 4,
                                                    "Actual Startup Time": 122.545,
                                                    "Actual Total Time": 122.546,
                                                    "Actual Rows": 125153,
                                                    "Actual Loops": 4,
                                                    "Output": [
                                                        "t.id"
                                                    ],
                                                    "Hash Buckets": 524288,
                                                    "Original Hash Buckets": 524288,
                                                    "Hash Batches": 1,
                                                    "Original Hash Batches": 1,
                                                    "Peak Memory Usage": 23744,
                                                    "Workers": [
                                                        {
                                                            "Worker Number": 0,
                                                            "Actual Startup Time": 120.866,
                                                            "Actual Total Time": 120.867,
                                                            "Actual Rows": 122459,
                                                            "Actual Loops": 1
                                                        },
                                                        {
                                                            "Worker Number": 1,
                                                            "Actual Startup Time": 120.869,
                                                            "Actual Total Time": 120.869,
                                                            "Actual Rows": 122614,
                                                            "Actual Loops": 1
                                                        },
                                                        {
                                                            "Worker Number": 2,
                                                            "Actual Startup Time": 121.346,
                                                            "Actual Total Time": 121.347,
                                                            "Actual Rows": 122871,
                                                            "Actual Loops": 1
                                                        }
                                                    ],
                                                    "Plans": [
                                                        {
                                                            "Node Type": "Seq Scan",
                                                            "Parent Relationship": "Outer",
                                                            "Parallel Aware": true,
                                                            "Relation Name": "title",
                                                            "Schema": "public",
                                                            "Alias": "t",
                                                            "Startup Cost": 0.0,
                                                            "Total Cost": 45479.21,
                                                            "Plan Rows": 100540,
                                                            "Plan Width": 4,
                                                            "Actual Startup Time": 0.047,
                                                            "Actual Total Time": 86.815,
                                                            "Actual Rows": 125153,
                                                            "Actual Loops": 4,
                                                            "Output": [
                                                                "t.id"
                                                            ],
                                                            "Filter": "((t.kind_id < 7) AND (t.production_year < 2000))",
                                                            "Rows Removed by Filter": 506925,
                                                            "Workers": [
                                                                {
                                                                    "Worker Number": 0,
                                                                    "Actual Startup Time": 0.06,
                                                                    "Actual Total Time": 86.371,
                                                                    "Actual Rows": 122459,
                                                                    "Actual Loops": 1
                                                                },
                                                                {
                                                                    "Worker Number": 1,
                                                                    "Actual Startup Time": 0.05,
                                                                    "Actual Total Time": 86.467,
                                                                    "Actual Rows": 122614,
                                                                    "Actual Loops": 1
                                                                },
                                                                {
                                                                    "Worker Number": 2,
                                                                    "Actual Startup Time": 0.056,
                                                                    "Actual Total Time": 86.518,
                                                                    "Actual Rows": 122871,
                                                                    "Actual Loops": 1
                                                                }
                                                            ]
                                                        }
                                                    ]
                                                }
                                            ]
                                        },
                                        {
                                            "Node Type": "Index Only Scan",
                                            "Parent Relationship": "Inner",
                                            "Parallel Aware": false,
                                            "Scan Direction": "Forward",
                                            "Index Name": "movie_id_movie_info",
                                            "Relation Name": "movie_info",
                                            "Schema": "public",
                                            "Alias": "mi",
                                            "Startup Cost": 0.43,
                                            "Total Cost": 1.79,
                                            "Plan Rows": 39,
                                            "Plan Width": 4,
                                            "Actual Startup Time": 0.003,
                                            "Actual Total Time": 0.012,
                                            "Actual Rows": 43,
                                            "Actual Loops": 541142,
                                            "Output": [
                                                "mi.movie_id"
                                            ],
                                            "Index Cond": "(mi.movie_id = mc.movie_id)",
                                            "Rows Removed by Index Recheck": 0,
                                            "Heap Fetches": 23432913,
                                            "Workers": [
                                                {
                                                    "Worker Number": 0,
                                                    "Actual Startup Time": 0.003,
                                                    "Actual Total Time": 0.012,
                                                    "Actual Rows": 44,
                                                    "Actual Loops": 133503
                                                },
                                                {
                                                    "Worker Number": 1,
                                                    "Actual Startup Time": 0.003,
                                                    "Actual Total Time": 0.012,
                                                    "Actual Rows": 43,
                                                    "Actual Loops": 135603
                                                },
                                                {
                                                    "Worker Number": 2,
                                                    "Actual Startup Time": 0.003,
                                                    "Actual Total Time": 0.012,
                                                    "Actual Rows": 42,
                                                    "Actual Loops": 136452
                                                }
                                            ]
                                        }
                                    ]
                                }
                            ]
                        }
                    ]
                }
            ]
        },
        "Planning Time": 178.552,
        "Triggers": [],
        "Execution Time": 2639.635
    }
]