[
  {
    "Plan": {
      "Node Type": "Aggregate",
      "Strategy": "Plain",
      "Partial Mode": "Finalize",
      "Parallel Aware": false,
      "Startup Cost": 76926.26,
      "Total Cost": 76926.27,
      "Plan Rows": 1,
      "Plan Width": 8,
      "Actual Startup Time": 341.551,
      "Actual Total Time": 363.596,
      "Actual Rows": 1,
      "Actual Loops": 1,
      "Plans": [
        {
          "Node Type": "Gather",
          "Parent Relationship": "Outer",
          "Parallel Aware": false,
          "Startup Cost": 76925.94,
          "Total Cost": 76926.25,
          "Plan Rows": 3,
          "Plan Width": 8,
          "Actual Startup Time": 339.887,
          "Actual Total Time": 363.585,
          "Actual Rows": 4,
          "Actual Loops": 1,
          "Workers Planned": 3,
          "Workers Launched": 3,
          "Single Copy": false,
          "Plans": [
            {
              "Node Type": "Aggregate",
              "Strategy": "Plain",
              "Partial Mode": "Partial",
              "Parent Relationship": "Outer",
              "Parallel Aware": false,
              "Startup Cost": 75925.94,
              "Total Cost": 75925.95,
              "Plan Rows": 1,
              "Plan Width": 8,
              "Actual Startup Time": 331.421,
              "Actual Total Time": 331.425,
              "Actual Rows": 1,
              "Actual Loops": 4,
              "Plans": [
                {
                  "Node Type": "Hash Join",
                  "Parent Relationship": "Outer",
                  "Parallel Aware": true,
                  "Join Type": "Inner",
                  "Startup Cost": 46293.24,
                  "Total Cost": 75709.13,
                  "Plan Rows": 86727,
                  "Plan Width": 0,
                  "Actual Startup Time": 137.093,
                  "Actual Total Time": 326.369,
                  "Actual Rows": 85799,
                  "Actual Loops": 4,
                  "Inner Unique": true,
                  "Hash Cond": "(mc.movie_id = t.id)",
                  "Plans": [
                    {
                      "Node Type": "Seq Scan",
                      "Parent Relationship": "Outer",
                      "Parallel Aware": true,
                      "Relation Name": "movie_companies",
                      "Alias": "mc",
                      "Startup Cost": 0.0,
                      "Total Cost": 27206.55,
                      "Plan Rows": 841655,
                      "Plan Width": 4,
                      "Actual Startup Time": 0.018,
                      "Actual Total Time": 71.817,
                      "Actual Rows": 652282,
                      "Actual Loops": 4
                    },
                    {
                      "Node Type": "Hash",
                      "Parent Relationship": "Inner",
                      "Parallel Aware": true,
                      "Startup Cost": 45479.1,
                      "Total Cost": 45479.1,
                      "Plan Rows": 65131,
                      "Plan Width": 4,
                      "Actual Startup Time": 134.465,
                      "Actual Total Time": 134.466,
                      "Actual Rows": 56962,
                      "Actual Loops": 4,
                      "Hash Buckets": 262144,
                      "Original Hash Buckets": 262144,
                      "Hash Batches": 1,
                      "Original Hash Batches": 1,
                      "Peak Memory Usage": 11040,
                      "Plans": [
                        {
                          "Node Type": "Seq Scan",
                          "Parent Relationship": "Outer",
                          "Parallel Aware": true,
                          "Relation Name": "title",
                          "Alias": "t",
                          "Startup Cost": 0.0,
                          "Total Cost": 45479.1,
                          "Plan Rows": 65131,
                          "Plan Width": 4,
                          "Actual Startup Time": 0.076,
                          "Actual Total Time": 111.573,
                          "Actual Rows": 56962,
                          "Actual Loops": 4,
                          "Filter": "((kind_id < 7) AND (production_year > 2008))",
                          "Rows Removed by Filter": 575116
                        }
                      ]
                    }
                  ]
                }
              ]
            }
          ]
        }
      ]
    },
    "Planning Time": 0.612,
    "Triggers": [],
    "Execution Time": 363.663
  }
]