[
  {
    "Plan": {
      "Node Type": "Aggregate",
      "Strategy": "Plain",
      "Partial Mode": "Finalize",
      "Parallel Aware": false,
      "Startup Cost": 110632.3,
      "Total Cost": 110632.31,
      "Plan Rows": 1,
      "Plan Width": 8,
      "Actual Startup Time": 549.256,
      "Actual Total Time": 567.329,
      "Actual Rows": 1,
      "Actual Loops": 1,
      "Plans": [
        {
          "Node Type": "Gather",
          "Parent Relationship": "Outer",
          "Parallel Aware": false,
          "Startup Cost": 110631.99,
          "Total Cost": 110632.3,
          "Plan Rows": 3,
          "Plan Width": 8,
          "Actual Startup Time": 546.309,
          "Actual Total Time": 567.318,
          "Actual Rows": 4,
          "Actual Loops": 1,
          "Workers Planned": 3,
          "Workers Launched": 3,
          "Single Copy": false,
          "Plans": [
            {
              "Node Type": "Aggregate",
              "Strategy": "Plain",
              "Partial Mode": "Partial",
              "Parent Relationship": "Outer",
              "Parallel Aware": false,
              "Startup Cost": 109631.99,
              "Total Cost": 109632.0,
              "Plan Rows": 1,
              "Plan Width": 8,
              "Actual Startup Time": 541.242,
              "Actual Total Time": 541.502,
              "Actual Rows": 1,
              "Actual Loops": 4,
              "Plans": [
                {
                  "Node Type": "Hash Join",
                  "Parent Relationship": "Outer",
                  "Parallel Aware": true,
                  "Join Type": "Inner",
                  "Startup Cost": 65149.05,
                  "Total Cost": 109476.1,
                  "Plan Rows": 62355,
                  "Plan Width": 0,
                  "Actual Startup Time": 372.767,
                  "Actual Total Time": 531.408,
                  "Actual Rows": 219811,
                  "Actual Loops": 4,
                  "Inner Unique": false,
                  "Hash Cond": "(mk.movie_id = t.id)",
                  "Plans": [
                    {
                      "Node Type": "Seq Scan",
                      "Parent Relationship": "Outer",
                      "Parallel Aware": true,
                      "Relation Name": "movie_keyword",
                      "Alias": "mk",
                      "Startup Cost": 0.0,
                      "Total Cost": 42695.65,
                      "Plan Rows": 393468,
                      "Plan Width": 4,
                      "Actual Startup Time": 1.033,
                      "Actual Total Time": 96.847,
                      "Actual Rows": 305836,
                      "Actual Loops": 4,
                      "Filter": "(keyword_id > 14871)",
                      "Rows Removed by Filter": 825146
                    },
                    {
                      "Node Type": "Hash",
                      "Parent Relationship": "Inner",
                      "Parallel Aware": true,
                      "Startup Cost": 63896.9,
                      "Total Cost": 63896.9,
                      "Plan Rows": 100172,
                      "Plan Width": 8,
                      "Actual Startup Time": 369.883,
                      "Actual Total Time": 370.142,
                      "Actual Rows": 109178,
                      "Actual Loops": 4,
                      "Hash Buckets": 524288,
                      "Original Hash Buckets": 524288,
                      "Hash Batches": 1,
                      "Original Hash Batches": 1,
                      "Peak Memory Usage": 21248,
                      "Plans": [
                        {
                          "Node Type": "Hash Join",
                          "Parent Relationship": "Outer",
                          "Parallel Aware": true,
                          "Join Type": "Inner",
                          "Startup Cost": 17494.62,
                          "Total Cost": 63896.9,
                          "Plan Rows": 100172,
                          "Plan Width": 8,
                          "Actual Startup Time": 81.612,
                          "Actual Total Time": 328.83,
                          "Actual Rows": 109178,
                          "Actual Loops": 4,
                          "Inner Unique": false,
                          "Hash Cond": "(t.id = mi_idx.movie_id)",
                          "Plans": [
                            {
                              "Node Type": "Seq Scan",
                              "Parent Relationship": "Outer",
                              "Parallel Aware": true,
                              "Relation Name": "title",
                              "Alias": "t",
                              "Startup Cost": 0.0,
                              "Total Cost": 43899.32,
                              "Plan Rows": 556152,
                              "Plan Width": 4,
                              "Actual Startup Time": 0.013,
                              "Actual Total Time": 102.653,
                              "Actual Rows": 556142,
                              "Actual Loops": 4,
                              "Filter": "(production_year < 2012)",
                              "Rows Removed by Filter": 75936
                            },
                            {
                              "Node Type": "Hash",
                              "Parent Relationship": "Inner",
                              "Parallel Aware": true,
                              "Startup Cost": 15122.68,
                              "Total Cost": 15122.68,
                              "Plan Rows": 189755,
                              "Plan Width": 4,
                              "Actual Startup Time": 80.485,
                              "Actual Total Time": 80.487,
                              "Actual Rows": 114981,
                              "Actual Loops": 4,
                              "Hash Buckets": 524288,
                              "Original Hash Buckets": 524288,
                              "Hash Batches": 1,
                              "Original Hash Batches": 1,
                              "Peak Memory Usage": 22176,
                              "Plans": [
                                {
                                  "Node Type": "Seq Scan",
                                  "Parent Relationship": "Outer",
                                  "Parallel Aware": true,
                                  "Relation Name": "movie_info_idx",
                                  "Alias": "mi_idx",
                                  "Startup Cost": 0.0,
                                  "Total Cost": 15122.68,
                                  "Plan Rows": 189755,
                                  "Plan Width": 4,
                                  "Actual Startup Time": 0.031,
                                  "Actual Total Time": 40.036,
                                  "Actual Rows": 114981,
                                  "Actual Loops": 4,
                                  "Filter": "(info_type_id < 100)",
                                  "Rows Removed by Filter": 230028
                                }
                              ]
                            }
                          ]
                        }
                      ]
                    }
                  ]
                }
              ]
            }
          ]
        }
      ]
    },
    "Planning Time": 0.505,
    "Triggers": [],
    "Execution Time": 567.377
  }
]