{
  "Plan": {
    "Node Type": "Aggregate",
    "Strategy": "Plain",
    "Partial Mode": "Finalize",
    "Parallel Aware": false,
    "Startup Cost": 109138.56,
    "Total Cost": 109138.57,
    "Plan Rows": 1,
    "Plan Width": 8,
    "Actual Startup Time": 480.537,
    "Actual Total Time": 533.783,
    "Actual Rows": 1,
    "Actual Loops": 1,
    "Plans": [
      {
        "Node Type": "Gather",
        "Parent Relationship": "Outer",
        "Parallel Aware": false,
        "Startup Cost": 109138.45,
        "Total Cost": 109138.56,
        "Plan Rows": 1,
        "Plan Width": 8,
        "Actual Startup Time": 480.198,
        "Actual Total Time": 533.774,
        "Actual Rows": 2,
        "Actual Loops": 1,
        "Workers Planned": 1,
        "Workers Launched": 1,
        "Single Copy": false,
        "Plans": [
          {
            "Node Type": "Aggregate",
            "Strategy": "Plain",
            "Partial Mode": "Partial",
            "Parent Relationship": "Outer",
            "Parallel Aware": false,
            "Startup Cost": 108138.45,
            "Total Cost": 108138.46,
            "Plan Rows": 1,
            "Plan Width": 8,
            "Actual Startup Time": 474.115,
            "Actual Total Time": 474.119,
            "Actual Rows": 1,
            "Actual Loops": 2,
            "Plans": [
              {
                "Node Type": "Nested Loop",
                "Parent Relationship": "Outer",
                "Parallel Aware": false,
                "Join Type": "Inner",
                "Startup Cost": 58588.85,
                "Total Cost": 108022.93,
                "Plan Rows": 46205,
                "Plan Width": 0,
                "Actual Startup Time": 148.67,
                "Actual Total Time": 470.045,
                "Actual Rows": 81318,
                "Actual Loops": 2,
                "Inner Unique": false,
                "Join Filter": "(t.id = ci.movie_id)",
                "Rows Removed by Join Filter": 0,
                "Plans": [
                  {
                    "Node Type": "Hash Join",
                    "Parent Relationship": "Outer",
                    "Parallel Aware": true,
                    "Join Type": "Inner",
                    "Startup Cost": 58588.28,
                    "Total Cost": 76772.07,
                    "Plan Rows": 12306,
                    "Plan Width": 8,
                    "Actual Startup Time": 148.381,
                    "Actual Total Time": 250.712,
                    "Actual Rows": 8697,
                    "Actual Loops": 2,
                    "Inner Unique": true,
                    "Hash Cond": "(mi_idx.movie_id = t.id)",
                    "Plans": [
                      {
                        "Node Type": "Seq Scan",
                        "Parent Relationship": "Outer",
                        "Parallel Aware": true,
                        "Relation Name": "movie_info_idx",
                        "Alias": "mi_idx",
                        "Startup Cost": 0.0,
                        "Total Cost": 16052.85,
                        "Plan Rows": 811785,
                        "Plan Width": 4,
                        "Actual Startup Time": 0.018,
                        "Actual Total Time": 44.946,
                        "Actual Rows": 690018,
                        "Actual Loops": 2
                      },
                      {
                        "Node Type": "Hash",
                        "Parent Relationship": "Inner",
                        "Parallel Aware": true,
                        "Startup Cost": 58306.47,
                        "Total Cost": 58306.47,
                        "Plan Rows": 22545,
                        "Plan Width": 4,
                        "Actual Startup Time": 146.673,
                        "Actual Total Time": 146.673,
                        "Actual Rows": 20360,
                        "Actual Loops": 2,
                        "Hash Buckets": 65536,
                        "Original Hash Buckets": 65536,
                        "Hash Batches": 1,
                        "Original Hash Batches": 1,
                        "Peak Memory Usage": 2144,
                        "Plans": [
                          {
                            "Node Type": "Seq Scan",
                            "Parent Relationship": "Outer",
                            "Parallel Aware": true,
                            "Relation Name": "title",
                            "Alias": "t",
                            "Startup Cost": 0.0,
                            "Total Cost": 58306.47,
                            "Plan Rows": 22545,
                            "Plan Width": 4,
                            "Actual Startup Time": 0.062,
                            "Actual Total Time": 140.074,
                            "Actual Rows": 20360,
                            "Actual Loops": 2,
                            "Filter": "((kind_id > 2) AND (production_year = 1999))",
                            "Rows Removed by Filter": 1243796
                          }
                        ]
                      }
                    ]
                  },
                  {
                    "Node Type": "Index Scan",
                    "Parent Relationship": "Inner",
                    "Parallel Aware": false,
                    "Scan Direction": "Forward",
                    "Index Name": "movie_id_cast_info",
                    "Relation Name": "cast_info",
                    "Alias": "ci",
                    "Startup Cost": 0.56,
                    "Total Cost": 2.41,
                    "Plan Rows": 10,
                    "Plan Width": 4,
                    "Actual Startup Time": 0.019,
                    "Actual Total Time": 0.024,
                    "Actual Rows": 9,
                    "Actual Loops": 17394,
                    "Index Cond": "(movie_id = mi_idx.movie_id)",
                    "Rows Removed by Index Recheck": 0,
                    "Filter": "(role_id > 4)",
                    "Rows Removed by Filter": 22
                  }
                ]
              }
            ]
          }
        ]
      }
    ]
  },
  "Planning Time": 0.945,
  "Triggers": [],
  "Execution Time": 533.882
}