[
  {
    "Plan": {
      "Node Type": "Aggregate",
      "Strategy": "Plain",
      "Partial Mode": "Simple",
      "Parallel Aware": false,
      "Startup Cost": 774.05,
      "Total Cost": 774.06,
      "Plan Rows": 1,
      "Plan Width": 8,
      "Actual Startup Time": 0.221,
      "Actual Total Time": 0.224,
      "Actual Rows": 1,
      "Actual Loops": 1,
      "Plans": [
        {
          "Node Type": "Nested Loop",
          "Parent Relationship": "Outer",
          "Parallel Aware": false,
          "Join Type": "Inner",
          "Startup Cost": 1.42,
          "Total Cost": 773.87,
          "Plan Rows": 72,
          "Plan Width": 0,
          "Actual Startup Time": 0.171,
          "Actual Total Time": 0.214,
          "Actual Rows": 13,
          "Actual Loops": 1,
          "Inner Unique": false,
          "Plans": [
            {
              "Node Type": "Nested Loop",
              "Parent Relationship": "Outer",
              "Parallel Aware": false,
              "Join Type": "Inner",
              "Startup Cost": 0.86,
              "Total Cost": 713.23,
              "Plan Rows": 20,
              "Plan Width": 8,
              "Actual Startup Time": 0.055,
              "Actual Total Time": 0.057,
              "Actual Rows": 1,
              "Actual Loops": 1,
              "Inner Unique": true,
              "Plans": [
                {
                  "Node Type": "Index Scan",
                  "Parent Relationship": "Outer",
                  "Parallel Aware": false,
                  "Scan Direction": "Forward",
                  "Index Name": "company_id_movie_companies",
                  "Relation Name": "movie_companies",
                  "Alias": "mc",
                  "Startup Cost": 0.43,
                  "Total Cost": 273.83,
                  "Plan Rows": 52,
                  "Plan Width": 4,
                  "Actual Startup Time": 0.029,
                  "Actual Total Time": 0.03,
                  "Actual Rows": 1,
                  "Actual Loops": 1,
                  "Index Cond": "(company_id = 145999)",
                  "Rows Removed by Index Recheck": 0,
                  "Filter": "(company_type_id = 2)",
                  "Rows Removed by Filter": 0
                },
                {
                  "Node Type": "Index Scan",
                  "Parent Relationship": "Inner",
                  "Parallel Aware": false,
                  "Scan Direction": "Forward",
                  "Index Name": "title_pkey",
                  "Relation Name": "title",
                  "Alias": "t",
                  "Startup Cost": 0.43,
                  "Total Cost": 8.45,
                  "Plan Rows": 1,
                  "Plan Width": 4,
                  "Actual Startup Time": 0.021,
                  "Actual Total Time": 0.021,
                  "Actual Rows": 1,
                  "Actual Loops": 1,
                  "Index Cond": "(id = mc.movie_id)",
                  "Rows Removed by Index Recheck": 0,
                  "Filter": "(kind_id < 7)",
                  "Rows Removed by Filter": 0
                }
              ]
            },
            {
              "Node Type": "Index Scan",
              "Parent Relationship": "Inner",
              "Parallel Aware": false,
              "Scan Direction": "Forward",
              "Index Name": "movie_id_cast_info",
              "Relation Name": "cast_info",
              "Alias": "ci",
              "Startup Cost": 0.56,
              "Total Cost": 2.94,
              "Plan Rows": 9,
              "Plan Width": 4,
              "Actual Startup Time": 0.114,
              "Actual Total Time": 0.151,
              "Actual Rows": 13,
              "Actual Loops": 1,
              "Index Cond": "(movie_id = t.id)",
              "Rows Removed by Index Recheck": 0,
              "Filter": "((person_id > 1599337) AND (role_id > 2))",
              "Rows Removed by Filter": 15
            }
          ]
        }
      ]
    },
    "Planning Time": 1.461,
    "Triggers": [],
    "Execution Time": 0.297
  }
]