{
  "Plan": {
    "Node Type": "Aggregate",
    "Strategy": "Plain",
    "Partial Mode": "Finalize",
    "Parallel Aware": false,
    "Startup Cost": 78957.45,
    "Total Cost": 78957.46,
    "Plan Rows": 1,
    "Plan Width": 8,
    "Actual Startup Time": 261.79,
    "Actual Total Time": 276.397,
    "Actual Rows": 1,
    "Actual Loops": 1,
    "Plans": [
      {
        "Node Type": "Gather",
        "Parent Relationship": "Outer",
        "Parallel Aware": false,
        "Startup Cost": 78957.34,
        "Total Cost": 78957.45,
        "Plan Rows": 1,
        "Plan Width": 8,
        "Actual Startup Time": 261.589,
        "Actual Total Time": 276.389,
        "Actual Rows": 2,
        "Actual Loops": 1,
        "Workers Planned": 1,
        "Workers Launched": 1,
        "Single Copy": false,
        "Plans": [
          {
            "Node Type": "Aggregate",
            "Strategy": "Plain",
            "Partial Mode": "Partial",
            "Parent Relationship": "Outer",
            "Parallel Aware": false,
            "Startup Cost": 77957.34,
            "Total Cost": 77957.35,
            "Plan Rows": 1,
            "Plan Width": 8,
            "Actual Startup Time": 256.01,
            "Actual Total Time": 256.013,
            "Actual Rows": 1,
            "Actual Loops": 2,
            "Plans": [
              {
                "Node Type": "Hash Join",
                "Parent Relationship": "Outer",
                "Parallel Aware": true,
                "Join Type": "Inner",
                "Startup Cost": 58436.57,
                "Total Cost": 77947.82,
                "Plan Rows": 3809,
                "Plan Width": 0,
                "Actual Startup Time": 152.473,
                "Actual Total Time": 255.574,
                "Actual Rows": 6972,
                "Actual Loops": 2,
                "Inner Unique": true,
                "Hash Cond": "(mi_idx.movie_id = t.id)",
                "Plans": [
                  {
                    "Node Type": "Seq Scan",
                    "Parent Relationship": "Outer",
                    "Parallel Aware": true,
                    "Relation Name": "movie_info_idx",
                    "Alias": "mi_idx",
                    "Startup Cost": 0.0,
                    "Total Cost": 18082.32,
                    "Plan Rows": 544356,
                    "Plan Width": 4,
                    "Actual Startup Time": 0.025,
                    "Actual Total Time": 66.675,
                    "Actual Rows": 460055,
                    "Actual Loops": 2,
                    "Filter": "(info_type_id > 99)",
                    "Rows Removed by Filter": 229962
                  },
                  {
                    "Node Type": "Hash",
                    "Parent Relationship": "Inner",
                    "Parallel Aware": true,
                    "Startup Cost": 58306.47,
                    "Total Cost": 58306.47,
                    "Plan Rows": 10408,
                    "Plan Width": 4,
                    "Actual Startup Time": 151.43,
                    "Actual Total Time": 151.431,
                    "Actual Rows": 7178,
                    "Actual Loops": 2,
                    "Hash Buckets": 32768,
                    "Original Hash Buckets": 32768,
                    "Hash Batches": 1,
                    "Original Hash Batches": 1,
                    "Peak Memory Usage": 864,
                    "Plans": [
                      {
                        "Node Type": "Seq Scan",
                        "Parent Relationship": "Outer",
                        "Parallel Aware": true,
                        "Relation Name": "title",
                        "Alias": "t",
                        "Startup Cost": 0.0,
                        "Total Cost": 58306.47,
                        "Plan Rows": 10408,
                        "Plan Width": 4,
                        "Actual Startup Time": 0.419,
                        "Actual Total Time": 148.619,
                        "Actual Rows": 7178,
                        "Actual Loops": 2,
                        "Filter": "((kind_id < 4) AND (production_year = 2001))",
                        "Rows Removed by Filter": 1256978
                      }
                    ]
                  }
                ]
              }
            ]
          }
        ]
      }
    ]
  },
  "Planning Time": 0.285,
  "Triggers": [],
  "Execution Time": 276.449
}