[
  {
    "Plan": {
      "Node Type": "Aggregate",
      "Strategy": "Plain",
      "Partial Mode": "Finalize",
      "Parallel Aware": false,
      "Startup Cost": 261176.6,
      "Total Cost": 261176.61,
      "Plan Rows": 1,
      "Plan Width": 8,
      "Actual Startup Time": 545.682,
      "Actual Total Time": 564.067,
      "Actual Rows": 1,
      "Actual Loops": 1,
      "Plans": [
        {
          "Node Type": "Gather",
          "Parent Relationship": "Outer",
          "Parallel Aware": false,
          "Startup Cost": 261176.28,
          "Total Cost": 261176.59,
          "Plan Rows": 3,
          "Plan Width": 8,
          "Actual Startup Time": 536.036,
          "Actual Total Time": 564.045,
          "Actual Rows": 4,
          "Actual Loops": 1,
          "Workers Planned": 3,
          "Workers Launched": 3,
          "Single Copy": false,
          "Plans": [
            {
              "Node Type": "Aggregate",
              "Strategy": "Plain",
              "Partial Mode": "Partial",
              "Parent Relationship": "Outer",
              "Parallel Aware": false,
              "Startup Cost": 260176.28,
              "Total Cost": 260176.29,
              "Plan Rows": 1,
              "Plan Width": 8,
              "Actual Startup Time": 526.396,
              "Actual Total Time": 526.401,
              "Actual Rows": 1,
              "Actual Loops": 4,
              "Plans": [
                {
                  "Node Type": "Hash Join",
                  "Parent Relationship": "Outer",
                  "Parallel Aware": true,
                  "Join Type": "Inner",
                  "Startup Cost": 229221.15,
                  "Total Cost": 259847.18,
                  "Plan Rows": 131641,
                  "Plan Width": 0,
                  "Actual Startup Time": 381.921,
                  "Actual Total Time": 522.753,
                  "Actual Rows": 80860,
                  "Actual Loops": 4,
                  "Inner Unique": false,
                  "Hash Cond": "(mc.movie_id = t.id)",
                  "Plans": [
                    {
                      "Node Type": "Seq Scan",
                      "Parent Relationship": "Outer",
                      "Parallel Aware": true,
                      "Relation Name": "movie_companies",
                      "Alias": "mc",
                      "Startup Cost": 0.0,
                      "Total Cost": 27206.55,
                      "Plan Rows": 841655,
                      "Plan Width": 4,
                      "Actual Startup Time": 0.024,
                      "Actual Total Time": 60.683,
                      "Actual Rows": 652282,
                      "Actual Loops": 4
                    },
                    {
                      "Node Type": "Hash",
                      "Parent Relationship": "Inner",
                      "Parallel Aware": true,
                      "Startup Cost": 228232.53,
                      "Total Cost": 228232.53,
                      "Plan Rows": 79089,
                      "Plan Width": 8,
                      "Actual Startup Time": 378.64,
                      "Actual Total Time": 378.644,
                      "Actual Rows": 37849,
                      "Actual Loops": 4,
                      "Hash Buckets": 524288,
                      "Original Hash Buckets": 524288,
                      "Hash Batches": 1,
                      "Original Hash Batches": 1,
                      "Peak Memory Usage": 10048,
                      "Plans": [
                        {
                          "Node Type": "Hash Join",
                          "Parent Relationship": "Outer",
                          "Parallel Aware": true,
                          "Join Type": "Inner",
                          "Startup Cost": 63830.59,
                          "Total Cost": 228232.53,
                          "Plan Rows": 79089,
                          "Plan Width": 8,
                          "Actual Startup Time": 270.865,
                          "Actual Total Time": 363.831,
                          "Actual Rows": 37849,
                          "Actual Loops": 4,
                          "Inner Unique": true,
                          "Hash Cond": "(mi.movie_id = t.id)",
                          "Plans": [
                            {
                              "Node Type": "Bitmap Heap Scan",
                              "Parent Relationship": "Outer",
                              "Parallel Aware": true,
                              "Relation Name": "movie_info",
                              "Alias": "mi",
                              "Startup Cost": 14428.12,
                              "Total Cost": 178411.99,
                              "Plan Rows": 159269,
                              "Plan Width": 4,
                              "Actual Startup Time": 29.578,
                              "Actual Total Time": 55.053,
                              "Actual Rows": 200535,
                              "Actual Loops": 4,
                              "Recheck Cond": "(info_type_id = 1)",
                              "Rows Removed by Index Recheck": 0,
                              "Exact Heap Blocks": 1491,
                              "Lossy Heap Blocks": 0,
                              "Plans": [
                                {
                                  "Node Type": "Bitmap Index Scan",
                                  "Parent Relationship": "Outer",
                                  "Parallel Aware": false,
                                  "Index Name": "info_type_id_movie_info",
                                  "Startup Cost": 0.0,
                                  "Total Cost": 14229.04,
                                  "Plan Rows": 796347,
                                  "Plan Width": 0,
                                  "Actual Startup Time": 28.808,
                                  "Actual Total Time": 28.808,
                                  "Actual Rows": 802140,
                                  "Actual Loops": 1,
                                  "Index Cond": "(info_type_id = 1)"
                                }
                              ]
                            },
                            {
                              "Node Type": "Hash",
                              "Parent Relationship": "Inner",
                              "Parallel Aware": true,
                              "Startup Cost": 45479.1,
                              "Total Cost": 45479.1,
                              "Plan Rows": 313869,
                              "Plan Width": 4,
                              "Actual Startup Time": 235.639,
                              "Actual Total Time": 235.64,
                              "Actual Rows": 305384,
                              "Actual Loops": 4,
                              "Hash Buckets": 2097152,
                              "Original Hash Buckets": 2097152,
                              "Hash Batches": 1,
                              "Original Hash Batches": 1,
                              "Peak Memory Usage": 64256,
                              "Plans": [
                                {
                                  "Node Type": "Seq Scan",
                                  "Parent Relationship": "Outer",
                                  "Parallel Aware": true,
                                  "Relation Name": "title",
                                  "Alias": "t",
                                  "Startup Cost": 0.0,
                                  "Total Cost": 45479.1,
                                  "Plan Rows": 313869,
                                  "Plan Width": 4,
                                  "Actual Startup Time": 0.048,
                                  "Actual Total Time": 110.8,
                                  "Actual Rows": 305384,
                                  "Actual Loops": 4,
                                  "Filter": "((production_year < 2011) AND (kind_id = 7))",
                                  "Rows Removed by Filter": 326694
                                }
                              ]
                            }
                          ]
                        }
                      ]
                    }
                  ]
                }
              ]
            }
          ]
        }
      ]
    },
    "Planning Time": 1.484,
    "Triggers": [],
    "Execution Time": 564.171
  }
]