[
  {
    "Plan": {
      "Node Type": "Aggregate",
      "Strategy": "Plain",
      "Partial Mode": "Finalize",
      "Parallel Aware": false,
      "Startup Cost": 311515.16,
      "Total Cost": 311515.17,
      "Plan Rows": 1,
      "Plan Width": 8,
      "Actual Startup Time": 239.893,
      "Actual Total Time": 249.17,
      "Actual Rows": 1,
      "Actual Loops": 1,
      "Plans": [
        {
          "Node Type": "Gather",
          "Parent Relationship": "Outer",
          "Parallel Aware": false,
          "Startup Cost": 311514.54,
          "Total Cost": 311515.15,
          "Plan Rows": 6,
          "Plan Width": 8,
          "Actual Startup Time": 239.337,
          "Actual Total Time": 249.159,
          "Actual Rows": 7,
          "Actual Loops": 1,
          "Workers Planned": 6,
          "Workers Launched": 6,
          "Single Copy": false,
          "Plans": [
            {
              "Node Type": "Aggregate",
              "Strategy": "Plain",
              "Partial Mode": "Partial",
              "Parent Relationship": "Outer",
              "Parallel Aware": false,
              "Startup Cost": 310514.54,
              "Total Cost": 310514.55,
              "Plan Rows": 1,
              "Plan Width": 8,
              "Actual Startup Time": 229.277,
              "Actual Total Time": 229.279,
              "Actual Rows": 1,
              "Actual Loops": 7,
              "Plans": [
                {
                  "Node Type": "Bitmap Heap Scan",
                  "Parent Relationship": "Outer",
                  "Parallel Aware": true,
                  "Relation Name": "cast_info",
                  "Alias": "ci",
                  "Startup Cost": 51605.15,
                  "Total Cost": 310176.79,
                  "Plan Rows": 135098,
                  "Plan Width": 0,
                  "Actual Startup Time": 119.645,
                  "Actual Total Time": 215.414,
                  "Actual Rows": 242006,
                  "Actual Loops": 7,
                  "Recheck Cond": "(person_id < 230526)",
                  "Rows Removed by Index Recheck": 0,
                  "Filter": "(role_id = 1)",
                  "Rows Removed by Filter": 96426,
                  "Exact Heap Blocks": 4097,
                  "Lossy Heap Blocks": 0,
                  "Plans": [
                    {
                      "Node Type": "Bitmap Index Scan",
                      "Parent Relationship": "Outer",
                      "Parallel Aware": false,
                      "Index Name": "person_id_cast_info",
                      "Startup Cost": 0.0,
                      "Total Cost": 51402.5,
                      "Plan Rows": 2353858,
                      "Plan Width": 0,
                      "Actual Startup Time": 122.45,
                      "Actual Total Time": 122.451,
                      "Actual Rows": 2369024,
                      "Actual Loops": 1,
                      "Index Cond": "(person_id < 230526)"
                    }
                  ]
                }
              ]
            }
          ]
        }
      ]
    },
    "Planning Time": 0.231,
    "Triggers": [],
    "Execution Time": 249.251
  }
]