[
  {
    "Plan": {
      "Node Type": "Aggregate",
      "Strategy": "Plain",
      "Partial Mode": "Finalize",
      "Parallel Aware": false,
      "Startup Cost": 32972.4,
      "Total Cost": 32972.41,
      "Plan Rows": 1,
      "Plan Width": 8,
      "Actual Startup Time": 91.258,
      "Actual Total Time": 97.248,
      "Actual Rows": 1,
      "Actual Loops": 1,
      "Plans": [
        {
          "Node Type": "Gather",
          "Parent Relationship": "Outer",
          "Parallel Aware": false,
          "Startup Cost": 32972.09,
          "Total Cost": 32972.4,
          "Plan Rows": 3,
          "Plan Width": 8,
          "Actual Startup Time": 91.032,
          "Actual Total Time": 97.241,
          "Actual Rows": 4,
          "Actual Loops": 1,
          "Workers Planned": 3,
          "Workers Launched": 3,
          "Single Copy": false,
          "Plans": [
            {
              "Node Type": "Aggregate",
              "Strategy": "Plain",
              "Partial Mode": "Partial",
              "Parent Relationship": "Outer",
              "Parallel Aware": false,
              "Startup Cost": 31972.09,
              "Total Cost": 31972.1,
              "Plan Rows": 1,
              "Plan Width": 8,
              "Actual Startup Time": 86.401,
              "Actual Total Time": 86.402,
              "Actual Rows": 1,
              "Actual Loops": 4,
              "Plans": [
                {
                  "Node Type": "Seq Scan",
                  "Parent Relationship": "Outer",
                  "Parallel Aware": true,
                  "Relation Name": "movie_companies",
                  "Alias": "mc",
                  "Startup Cost": 0.0,
                  "Total Cost": 31414.82,
                  "Plan Rows": 222907,
                  "Plan Width": 0,
                  "Actual Startup Time": 45.246,
                  "Actual Total Time": 80.922,
                  "Actual Rows": 110503,
                  "Actual Loops": 4,
                  "Filter": "((company_id < 11684) AND (company_type_id = 2))",
                  "Rows Removed by Filter": 541779
                }
              ]
            }
          ]
        }
      ]
    },
    "Planning Time": 0.118,
    "Triggers": [],
    "Execution Time": 97.291
  }
]