{
  "Plan": {
    "Node Type": "Aggregate",
    "Strategy": "Plain",
    "Partial Mode": "Finalize",
    "Parallel Aware": false,
    "Startup Cost": 310766.19,
    "Total Cost": 310766.2,
    "Plan Rows": 1,
    "Plan Width": 8,
    "Actual Startup Time": 953.022,
    "Actual Total Time": 973.781,
    "Actual Rows": 1,
    "Actual Loops": 1,
    "Plans": [
      {
        "Node Type": "Gather",
        "Parent Relationship": "Outer",
        "Parallel Aware": false,
        "Startup Cost": 310766.07,
        "Total Cost": 310766.18,
        "Plan Rows": 1,
        "Plan Width": 8,
        "Actual Startup Time": 951.873,
        "Actual Total Time": 973.775,
        "Actual Rows": 2,
        "Actual Loops": 1,
        "Workers Planned": 1,
        "Workers Launched": 1,
        "Single Copy": false,
        "Plans": [
          {
            "Node Type": "Aggregate",
            "Strategy": "Plain",
            "Partial Mode": "Partial",
            "Parent Relationship": "Outer",
            "Parallel Aware": false,
            "Startup Cost": 309766.07,
            "Total Cost": 309766.08,
            "Plan Rows": 1,
            "Plan Width": 8,
            "Actual Startup Time": 945.866,
            "Actual Total Time": 945.869,
            "Actual Rows": 1,
            "Actual Loops": 2,
            "Plans": [
              {
                "Node Type": "Hash Join",
                "Parent Relationship": "Outer",
                "Parallel Aware": true,
                "Join Type": "Inner",
                "Startup Cost": 63950.56,
                "Total Cost": 308371.08,
                "Plan Rows": 557996,
                "Plan Width": 0,
                "Actual Startup Time": 238.771,
                "Actual Total Time": 933.773,
                "Actual Rows": 276136,
                "Actual Loops": 2,
                "Inner Unique": true,
                "Hash Cond": "(ci.movie_id = t.id)",
                "Plans": [
                  {
                    "Node Type": "Index Scan",
                    "Parent Relationship": "Outer",
                    "Parallel Aware": true,
                    "Scan Direction": "Forward",
                    "Index Name": "role_id_cast_info",
                    "Relation Name": "cast_info",
                    "Alias": "ci",
                    "Startup Cost": 0.56,
                    "Total Cost": 239596.07,
                    "Plan Rows": 1838100,
                    "Plan Width": 4,
                    "Actual Startup Time": 0.15,
                    "Actual Total Time": 463.508,
                    "Actual Rows": 764270,
                    "Actual Loops": 2,
                    "Index Cond": "(role_id > 7)",
                    "Rows Removed by Index Recheck": 0,
                    "Filter": "(person_id < 1493161)",
                    "Rows Removed by Filter": 2953848
                  },
                  {
                    "Node Type": "Hash",
                    "Parent Relationship": "Inner",
                    "Parallel Aware": true,
                    "Startup Cost": 58306.47,
                    "Total Cost": 58306.47,
                    "Plan Rows": 451482,
                    "Plan Width": 4,
                    "Actual Startup Time": 229.642,
                    "Actual Total Time": 229.643,
                    "Actual Rows": 335292,
                    "Actual Loops": 2,
                    "Hash Buckets": 1048576,
                    "Original Hash Buckets": 1048576,
                    "Hash Batches": 1,
                    "Original Hash Batches": 1,
                    "Peak Memory Usage": 34464,
                    "Plans": [
                      {
                        "Node Type": "Seq Scan",
                        "Parent Relationship": "Outer",
                        "Parallel Aware": true,
                        "Relation Name": "title",
                        "Alias": "t",
                        "Startup Cost": 0.0,
                        "Total Cost": 58306.47,
                        "Plan Rows": 451482,
                        "Plan Width": 4,
                        "Actual Startup Time": 0.036,
                        "Actual Total Time": 146.556,
                        "Actual Rows": 335292,
                        "Actual Loops": 2,
                        "Filter": "((kind_id < 7) AND (production_year > 1979))",
                        "Rows Removed by Filter": 928864
                      }
                    ]
                  }
                ]
              }
            ]
          }
        ]
      }
    ]
  },
  "Planning Time": 0.705,
  "Triggers": [],
  "Execution Time": 973.858
}