[
  {
    "Plan": {
      "Node Type": "Aggregate",
      "Strategy": "Plain",
      "Partial Mode": "Finalize",
      "Parallel Aware": false,
      "Startup Cost": 147166.41,
      "Total Cost": 147166.42,
      "Plan Rows": 1,
      "Plan Width": 8,
      "Actual Startup Time": 121.577,
      "Actual Total Time": 139.972,
      "Actual Rows": 1,
      "Actual Loops": 1,
      "Plans": [
        {
          "Node Type": "Gather",
          "Parent Relationship": "Outer",
          "Parallel Aware": false,
          "Startup Cost": 147165.99,
          "Total Cost": 147166.4,
          "Plan Rows": 4,
          "Plan Width": 8,
          "Actual Startup Time": 121.438,
          "Actual Total Time": 139.963,
          "Actual Rows": 5,
          "Actual Loops": 1,
          "Workers Planned": 4,
          "Workers Launched": 4,
          "Single Copy": false,
          "Plans": [
            {
              "Node Type": "Aggregate",
              "Strategy": "Plain",
              "Partial Mode": "Partial",
              "Parent Relationship": "Outer",
              "Parallel Aware": false,
              "Startup Cost": 146165.99,
              "Total Cost": 146166.0,
              "Plan Rows": 1,
              "Plan Width": 8,
              "Actual Startup Time": 111.39,
              "Actual Total Time": 111.392,
              "Actual Rows": 1,
              "Actual Loops": 5,
              "Plans": [
                {
                  "Node Type": "Nested Loop",
                  "Parent Relationship": "Outer",
                  "Parallel Aware": false,
                  "Join Type": "Inner",
                  "Startup Cost": 0.43,
                  "Total Cost": 146164.88,
                  "Plan Rows": 444,
                  "Plan Width": 0,
                  "Actual Startup Time": 59.568,
                  "Actual Total Time": 111.318,
                  "Actual Rows": 860,
                  "Actual Loops": 5,
                  "Inner Unique": false,
                  "Plans": [
                    {
                      "Node Type": "Seq Scan",
                      "Parent Relationship": "Outer",
                      "Parallel Aware": true,
                      "Relation Name": "title",
                      "Alias": "t",
                      "Startup Cost": 0.0,
                      "Total Cost": 45479.1,
                      "Plan Rows": 834,
                      "Plan Width": 4,
                      "Actual Startup Time": 59.426,
                      "Actual Total Time": 81.755,
                      "Actual Rows": 893,
                      "Actual Loops": 5,
                      "Filter": "((kind_id = 1) AND (production_year = 1980))",
                      "Rows Removed by Filter": 504769
                    },
                    {
                      "Node Type": "Index Scan",
                      "Parent Relationship": "Inner",
                      "Parallel Aware": false,
                      "Scan Direction": "Forward",
                      "Index Name": "movie_id_movie_info",
                      "Relation Name": "movie_info",
                      "Alias": "mi",
                      "Startup Cost": 0.43,
                      "Total Cost": 120.69,
                      "Plan Rows": 4,
                      "Plan Width": 4,
                      "Actual Startup Time": 0.024,
                      "Actual Total Time": 0.033,
                      "Actual Rows": 1,
                      "Actual Loops": 4466,
                      "Index Cond": "(movie_id = t.id)",
                      "Rows Removed by Index Recheck": 0,
                      "Filter": "(info_type_id = 7)",
                      "Rows Removed by Filter": 11
                    }
                  ]
                }
              ]
            }
          ]
        }
      ]
    },
    "Planning Time": 0.63,
    "Triggers": [],
    "Execution Time": 140.044
  }
]