[
  {
    "Plan": {
      "Node Type": "Aggregate",
      "Strategy": "Plain",
      "Partial Mode": "Finalize",
      "Parallel Aware": false,
      "Startup Cost": 593558.42,
      "Total Cost": 593558.43,
      "Plan Rows": 1,
      "Plan Width": 8,
      "Actual Startup Time": 2332.118,
      "Actual Total Time": 2411.435,
      "Actual Rows": 1,
      "Actual Loops": 1,
      "Plans": [
        {
          "Node Type": "Gather",
          "Parent Relationship": "Outer",
          "Parallel Aware": false,
          "Startup Cost": 593557.79,
          "Total Cost": 593558.4,
          "Plan Rows": 6,
          "Plan Width": 8,
          "Actual Startup Time": 2318.046,
          "Actual Total Time": 2411.424,
          "Actual Rows": 7,
          "Actual Loops": 1,
          "Workers Planned": 6,
          "Workers Launched": 6,
          "Single Copy": false,
          "Plans": [
            {
              "Node Type": "Aggregate",
              "Strategy": "Plain",
              "Partial Mode": "Partial",
              "Parent Relationship": "Outer",
              "Parallel Aware": false,
              "Startup Cost": 592557.79,
              "Total Cost": 592557.8,
              "Plan Rows": 1,
              "Plan Width": 8,
              "Actual Startup Time": 2300.83,
              "Actual Total Time": 2300.84,
              "Actual Rows": 1,
              "Actual Loops": 7,
              "Plans": [
                {
                  "Node Type": "Hash Join",
                  "Parent Relationship": "Outer",
                  "Parallel Aware": true,
                  "Join Type": "Inner",
                  "Startup Cost": 251394.23,
                  "Total Cost": 589772.35,
                  "Plan Rows": 1114179,
                  "Plan Width": 0,
                  "Actual Startup Time": 770.957,
                  "Actual Total Time": 2205.034,
                  "Actual Rows": 1777230,
                  "Actual Loops": 7,
                  "Inner Unique": false,
                  "Hash Cond": "(ci.movie_id = t.id)",
                  "Plans": [
                    {
                      "Node Type": "Seq Scan",
                      "Parent Relationship": "Outer",
                      "Parallel Aware": true,
                      "Relation Name": "cast_info",
                      "Alias": "ci",
                      "Startup Cost": 0.0,
                      "Total Cost": 328211.39,
                      "Plan Rows": 2116898,
                      "Plan Width": 4,
                      "Actual Startup Time": 0.049,
                      "Actual Total Time": 734.155,
                      "Actual Rows": 1810098,
                      "Actual Loops": 7,
                      "Filter": "(role_id = 1)",
                      "Rows Removed by Filter": 3367665
                    },
                    {
                      "Node Type": "Hash",
                      "Parent Relationship": "Inner",
                      "Parallel Aware": true,
                      "Startup Cost": 248067.29,
                      "Total Cost": 248067.29,
                      "Plan Rows": 266155,
                      "Plan Width": 8,
                      "Actual Startup Time": 765.944,
                      "Actual Total Time": 765.951,
                      "Actual Rows": 202505,
                      "Actual Loops": 7,
                      "Hash Buckets": 2097152,
                      "Original Hash Buckets": 2097152,
                      "Hash Batches": 1,
                      "Original Hash Batches": 1,
                      "Peak Memory Usage": 71936,
                      "Plans": [
                        {
                          "Node Type": "Hash Join",
                          "Parent Relationship": "Outer",
                          "Parallel Aware": true,
                          "Join Type": "Inner",
                          "Startup Cost": 47367.21,
                          "Total Cost": 248067.29,
                          "Plan Rows": 266155,
                          "Plan Width": 8,
                          "Actual Startup Time": 258.364,
                          "Actual Total Time": 666.39,
                          "Actual Rows": 202505,
                          "Actual Loops": 7,
                          "Inner Unique": true,
                          "Hash Cond": "(mi.movie_id = t.id)",
                          "Plans": [
                            {
                              "Node Type": "Seq Scan",
                              "Parent Relationship": "Outer",
                              "Parallel Aware": true,
                              "Relation Name": "movie_info",
                              "Alias": "mi",
                              "Startup Cost": 0.0,
                              "Total Cost": 199108.24,
                              "Plan Rows": 606414,
                              "Plan Width": 4,
                              "Actual Startup Time": 73.461,
                              "Actual Total Time": 342.601,
                              "Actual Rows": 433817,
                              "Actual Loops": 7,
                              "Filter": "(info_type_id = 16)",
                              "Rows Removed by Filter": 1685572
                            },
                            {
                              "Node Type": "Hash",
                              "Parent Relationship": "Inner",
                              "Parallel Aware": true,
                              "Startup Cost": 43899.32,
                              "Total Cost": 43899.32,
                              "Plan Rows": 277431,
                              "Plan Width": 4,
                              "Actual Startup Time": 182.618,
                              "Actual Total Time": 182.621,
                              "Actual Rows": 158275,
                              "Actual Loops": 7,
                              "Hash Buckets": 2097152,
                              "Original Hash Buckets": 2097152,
                              "Hash Batches": 1,
                              "Original Hash Batches": 1,
                              "Peak Memory Usage": 59840,
                              "Plans": [
                                {
                                  "Node Type": "Seq Scan",
                                  "Parent Relationship": "Outer",
                                  "Parallel Aware": true,
                                  "Relation Name": "title",
                                  "Alias": "t",
                                  "Startup Cost": 0.0,
                                  "Total Cost": 43899.32,
                                  "Plan Rows": 277431,
                                  "Plan Width": 4,
                                  "Actual Startup Time": 0.058,
                                  "Actual Total Time": 87.283,
                                  "Actual Rows": 158275,
                                  "Actual Loops": 7,
                                  "Filter": "(production_year > 2004)",
                                  "Rows Removed by Filter": 202912
                                }
                              ]
                            }
                          ]
                        }
                      ]
                    }
                  ]
                }
              ]
            }
          ]
        }
      ]
    },
    "Planning Time": 1.101,
    "Triggers": [],
    "Execution Time": 2411.534
  }
]