[
  {
    "Plan": {
      "Node Type": "Aggregate",
      "Strategy": "Plain",
      "Partial Mode": "Finalize",
      "Parallel Aware": false,
      "Startup Cost": 108521.47,
      "Total Cost": 108521.48,
      "Plan Rows": 1,
      "Plan Width": 8,
      "Actual Startup Time": 404.678,
      "Actual Total Time": 422.765,
      "Actual Rows": 1,
      "Actual Loops": 1,
      "Plans": [
        {
          "Node Type": "Gather",
          "Parent Relationship": "Outer",
          "Parallel Aware": false,
          "Startup Cost": 108521.16,
          "Total Cost": 108521.47,
          "Plan Rows": 3,
          "Plan Width": 8,
          "Actual Startup Time": 403.635,
          "Actual Total Time": 422.757,
          "Actual Rows": 4,
          "Actual Loops": 1,
          "Workers Planned": 3,
          "Workers Launched": 3,
          "Single Copy": false,
          "Plans": [
            {
              "Node Type": "Aggregate",
              "Strategy": "Plain",
              "Partial Mode": "Partial",
              "Parent Relationship": "Outer",
              "Parallel Aware": false,
              "Startup Cost": 107521.16,
              "Total Cost": 107521.17,
              "Plan Rows": 1,
              "Plan Width": 8,
              "Actual Startup Time": 393.431,
              "Actual Total Time": 393.437,
              "Actual Rows": 1,
              "Actual Loops": 4,
              "Plans": [
                {
                  "Node Type": "Hash Join",
                  "Parent Relationship": "Outer",
                  "Parallel Aware": true,
                  "Join Type": "Inner",
                  "Startup Cost": 62395.38,
                  "Total Cost": 107293.92,
                  "Plan Rows": 90894,
                  "Plan Width": 0,
                  "Actual Startup Time": 211.426,
                  "Actual Total Time": 390.965,
                  "Actual Rows": 51481,
                  "Actual Loops": 4,
                  "Inner Unique": false,
                  "Hash Cond": "(mk.movie_id = t.id)",
                  "Plans": [
                    {
                      "Node Type": "Seq Scan",
                      "Parent Relationship": "Outer",
                      "Parallel Aware": true,
                      "Relation Name": "movie_keyword",
                      "Alias": "mk",
                      "Startup Cost": 0.0,
                      "Total Cost": 39047.32,
                      "Plan Rows": 1459332,
                      "Plan Width": 4,
                      "Actual Startup Time": 0.031,
                      "Actual Total Time": 90.687,
                      "Actual Rows": 1130982,
                      "Actual Loops": 4
                    },
                    {
                      "Node Type": "Hash",
                      "Parent Relationship": "Inner",
                      "Parallel Aware": true,
                      "Startup Cost": 61575.21,
                      "Total Cost": 61575.21,
                      "Plan Rows": 65614,
                      "Plan Width": 8,
                      "Actual Startup Time": 208.83,
                      "Actual Total Time": 208.835,
                      "Actual Rows": 19734,
                      "Actual Loops": 4,
                      "Hash Buckets": 262144,
                      "Original Hash Buckets": 262144,
                      "Hash Batches": 1,
                      "Original Hash Batches": 1,
                      "Peak Memory Usage": 5216,
                      "Plans": [
                        {
                          "Node Type": "Hash Join",
                          "Parent Relationship": "Outer",
                          "Parallel Aware": true,
                          "Join Type": "Inner",
                          "Startup Cost": 46380.65,
                          "Total Cost": 61575.21,
                          "Plan Rows": 65614,
                          "Plan Width": 8,
                          "Actual Startup Time": 132.122,
                          "Actual Total Time": 203.563,
                          "Actual Rows": 19734,
                          "Actual Loops": 4,
                          "Inner Unique": true,
                          "Hash Cond": "(mi_idx.movie_id = t.id)",
                          "Plans": [
                            {
                              "Node Type": "Seq Scan",
                              "Parent Relationship": "Outer",
                              "Parallel Aware": true,
                              "Relation Name": "movie_info_idx",
                              "Alias": "mi_idx",
                              "Startup Cost": 0.0,
                              "Total Cost": 13685.15,
                              "Plan Rows": 575015,
                              "Plan Width": 4,
                              "Actual Startup Time": 0.022,
                              "Actual Total Time": 28.769,
                              "Actual Rows": 345009,
                              "Actual Loops": 4
                            },
                            {
                              "Node Type": "Hash",
                              "Parent Relationship": "Inner",
                              "Parallel Aware": true,
                              "Startup Cost": 45479.1,
                              "Total Cost": 45479.1,
                              "Plan Rows": 72124,
                              "Plan Width": 4,
                              "Actual Startup Time": 130.007,
                              "Actual Total Time": 130.008,
                              "Actual Rows": 73168,
                              "Actual Loops": 4,
                              "Hash Buckets": 524288,
                              "Original Hash Buckets": 524288,
                              "Hash Batches": 1,
                              "Original Hash Batches": 1,
                              "Peak Memory Usage": 15616,
                              "Plans": [
                                {
                                  "Node Type": "Seq Scan",
                                  "Parent Relationship": "Outer",
                                  "Parallel Aware": true,
                                  "Relation Name": "title",
                                  "Alias": "t",
                                  "Startup Cost": 0.0,
                                  "Total Cost": 45479.1,
                                  "Plan Rows": 72124,
                                  "Plan Width": 4,
                                  "Actual Startup Time": 0.039,
                                  "Actual Total Time": 101.909,
                                  "Actual Rows": 73168,
                                  "Actual Loops": 4,
                                  "Filter": "((kind_id > 1) AND (production_year > 2010))",
                                  "Rows Removed by Filter": 558910
                                }
                              ]
                            }
                          ]
                        }
                      ]
                    }
                  ]
                }
              ]
            }
          ]
        }
      ]
    },
    "Planning Time": 1.323,
    "Triggers": [],
    "Execution Time": 422.845
  }
]