[
  {
    "Plan": {
      "Node Type": "Aggregate",
      "Strategy": "Plain",
      "Partial Mode": "Finalize",
      "Parallel Aware": false,
      "Startup Cost": 58188.05,
      "Total Cost": 58188.06,
      "Plan Rows": 1,
      "Plan Width": 8,
      "Actual Startup Time": 85.184,
      "Actual Total Time": 94.24,
      "Actual Rows": 1,
      "Actual Loops": 1,
      "Plans": [
        {
          "Node Type": "Gather",
          "Parent Relationship": "Outer",
          "Parallel Aware": false,
          "Startup Cost": 58187.63,
          "Total Cost": 58188.04,
          "Plan Rows": 4,
          "Plan Width": 8,
          "Actual Startup Time": 85.088,
          "Actual Total Time": 94.235,
          "Actual Rows": 5,
          "Actual Loops": 1,
          "Workers Planned": 4,
          "Workers Launched": 4,
          "Single Copy": false,
          "Plans": [
            {
              "Node Type": "Aggregate",
              "Strategy": "Plain",
              "Partial Mode": "Partial",
              "Parent Relationship": "Outer",
              "Parallel Aware": false,
              "Startup Cost": 57187.63,
              "Total Cost": 57187.64,
              "Plan Rows": 1,
              "Plan Width": 8,
              "Actual Startup Time": 80.769,
              "Actual Total Time": 80.77,
              "Actual Rows": 1,
              "Actual Loops": 5,
              "Plans": [
                {
                  "Node Type": "Nested Loop",
                  "Parent Relationship": "Outer",
                  "Parallel Aware": false,
                  "Join Type": "Inner",
                  "Startup Cost": 0.43,
                  "Total Cost": 57184.72,
                  "Plan Rows": 1164,
                  "Plan Width": 0,
                  "Actual Startup Time": 1.397,
                  "Actual Total Time": 80.585,
                  "Actual Rows": 2299,
                  "Actual Loops": 5,
                  "Inner Unique": false,
                  "Plans": [
                    {
                      "Node Type": "Seq Scan",
                      "Parent Relationship": "Outer",
                      "Parallel Aware": true,
                      "Relation Name": "title",
                      "Alias": "t",
                      "Startup Cost": 0.0,
                      "Total Cost": 45479.21,
                      "Plan Rows": 2132,
                      "Plan Width": 4,
                      "Actual Startup Time": 0.195,
                      "Actual Total Time": 66.232,
                      "Actual Rows": 1734,
                      "Actual Loops": 5,
                      "Filter": "((kind_id < 7) AND (production_year = 1989))",
                      "Rows Removed by Filter": 503929
                    },
                    {
                      "Node Type": "Index Only Scan",
                      "Parent Relationship": "Inner",
                      "Parallel Aware": false,
                      "Scan Direction": "Forward",
                      "Index Name": "movie_id_movie_info_idx",
                      "Relation Name": "movie_info_idx",
                      "Alias": "mi_idx",
                      "Startup Cost": 0.43,
                      "Total Cost": 5.46,
                      "Plan Rows": 3,
                      "Plan Width": 4,
                      "Actual Startup Time": 0.008,
                      "Actual Total Time": 0.008,
                      "Actual Rows": 1,
                      "Actual Loops": 8669,
                      "Index Cond": "(movie_id = t.id)",
                      "Rows Removed by Index Recheck": 0,
                      "Heap Fetches": 11495
                    }
                  ]
                }
              ]
            }
          ]
        }
      ]
    },
    "Planning Time": 0.243,
    "Triggers": [],
    "Execution Time": 94.272
  }
]