{
  "Plan": {
    "Node Type": "Aggregate",
    "Strategy": "Plain",
    "Partial Mode": "Finalize",
    "Parallel Aware": false,
    "Startup Cost": 137092.52,
    "Total Cost": 137092.53,
    "Plan Rows": 1,
    "Plan Width": 8,
    "Actual Startup Time": 1030.886,
    "Actual Total Time": 1050.229,
    "Actual Rows": 1,
    "Actual Loops": 1,
    "Plans": [
      {
        "Node Type": "Gather",
        "Parent Relationship": "Outer",
        "Parallel Aware": false,
        "Startup Cost": 137092.41,
        "Total Cost": 137092.52,
        "Plan Rows": 1,
        "Plan Width": 8,
        "Actual Startup Time": 1026.904,
        "Actual Total Time": 1050.221,
        "Actual Rows": 2,
        "Actual Loops": 1,
        "Workers Planned": 1,
        "Workers Launched": 1,
        "Single Copy": false,
        "Plans": [
          {
            "Node Type": "Aggregate",
            "Strategy": "Plain",
            "Partial Mode": "Partial",
            "Parent Relationship": "Outer",
            "Parallel Aware": false,
            "Startup Cost": 136092.41,
            "Total Cost": 136092.42,
            "Plan Rows": 1,
            "Plan Width": 8,
            "Actual Startup Time": 1014.215,
            "Actual Total Time": 1014.219,
            "Actual Rows": 1,
            "Actual Loops": 2,
            "Plans": [
              {
                "Node Type": "Hash Join",
                "Parent Relationship": "Outer",
                "Parallel Aware": true,
                "Join Type": "Inner",
                "Startup Cost": 72629.25,
                "Total Cost": 133333.04,
                "Plan Rows": 1103749,
                "Plan Width": 0,
                "Actual Startup Time": 613.73,
                "Actual Total Time": 977.077,
                "Actual Rows": 961393,
                "Actual Loops": 2,
                "Inner Unique": true,
                "Hash Cond": "(mk.movie_id = t.id)",
                "Plans": [
                  {
                    "Node Type": "Seq Scan",
                    "Parent Relationship": "Outer",
                    "Parallel Aware": true,
                    "Relation Name": "movie_keyword",
                    "Alias": "mk",
                    "Startup Cost": 0.0,
                    "Total Cost": 57718.19,
                    "Plan Rows": 1137369,
                    "Plan Width": 4,
                    "Actual Startup Time": 0.624,
                    "Actual Total Time": 183.198,
                    "Actual Rows": 967714,
                    "Actual Loops": 2,
                    "Filter": "(keyword_id > 6848)",
                    "Rows Removed by Filter": 1294250
                  },
                  {
                    "Node Type": "Hash",
                    "Parent Relationship": "Inner",
                    "Parallel Aware": true,
                    "Startup Cost": 54588.39,
                    "Total Cost": 54588.39,
                    "Plan Rows": 1443269,
                    "Plan Width": 4,
                    "Actual Startup Time": 591.026,
                    "Actual Total Time": 591.027,
                    "Actual Rows": 1226352,
                    "Actual Loops": 2,
                    "Hash Buckets": 4194304,
                    "Original Hash Buckets": 4194304,
                    "Hash Batches": 1,
                    "Original Hash Batches": 1,
                    "Peak Memory Usage": 128736,
                    "Plans": [
                      {
                        "Node Type": "Seq Scan",
                        "Parent Relationship": "Outer",
                        "Parallel Aware": true,
                        "Relation Name": "title",
                        "Alias": "t",
                        "Startup Cost": 0.0,
                        "Total Cost": 54588.39,
                        "Plan Rows": 1443269,
                        "Plan Width": 4,
                        "Actual Startup Time": 0.029,
                        "Actual Total Time": 192.785,
                        "Actual Rows": 1226352,
                        "Actual Loops": 2,
                        "Filter": "(production_year < 2014)",
                        "Rows Removed by Filter": 37804
                      }
                    ]
                  }
                ]
              }
            ]
          }
        ]
      }
    ]
  },
  "Planning Time": 0.723,
  "Triggers": [],
  "Execution Time": 1050.301
}