[
  {
    "Plan": {
      "Node Type": "Aggregate",
      "Strategy": "Plain",
      "Partial Mode": "Finalize",
      "Parallel Aware": false,
      "Startup Cost": 349962.86,
      "Total Cost": 349962.87,
      "Plan Rows": 1,
      "Plan Width": 8,
      "Actual Startup Time": 742.059,
      "Actual Total Time": 788.336,
      "Actual Rows": 1,
      "Actual Loops": 1,
      "Plans": [
        {
          "Node Type": "Gather",
          "Parent Relationship": "Outer",
          "Parallel Aware": false,
          "Startup Cost": 349962.23,
          "Total Cost": 349962.84,
          "Plan Rows": 6,
          "Plan Width": 8,
          "Actual Startup Time": 741.853,
          "Actual Total Time": 788.321,
          "Actual Rows": 7,
          "Actual Loops": 1,
          "Workers Planned": 6,
          "Workers Launched": 6,
          "Single Copy": false,
          "Plans": [
            {
              "Node Type": "Aggregate",
              "Strategy": "Plain",
              "Partial Mode": "Partial",
              "Parent Relationship": "Outer",
              "Parallel Aware": false,
              "Startup Cost": 348962.23,
              "Total Cost": 348962.24,
              "Plan Rows": 1,
              "Plan Width": 8,
              "Actual Startup Time": 734.201,
              "Actual Total Time": 734.202,
              "Actual Rows": 1,
              "Actual Loops": 7,
              "Plans": [
                {
                  "Node Type": "Seq Scan",
                  "Parent Relationship": "Outer",
                  "Parallel Aware": true,
                  "Relation Name": "cast_info",
                  "Alias": "ci",
                  "Startup Cost": 0.0,
                  "Total Cost": 343316.27,
                  "Plan Rows": 2258384,
                  "Plan Width": 0,
                  "Actual Startup Time": 234.736,
                  "Actual Total Time": 675.089,
                  "Actual Rows": 1210855,
                  "Actual Loops": 7,
                  "Filter": "((person_id < 2135871) AND (role_id > 1))",
                  "Rows Removed by Filter": 3966908
                }
              ]
            }
          ]
        }
      ]
    },
    "Planning Time": 0.142,
    "Triggers": [],
    "Execution Time": 788.385
  }
]