[
  {
    "Plan": {
      "Node Type": "Aggregate",
      "Strategy": "Plain",
      "Partial Mode": "Finalize",
      "Parallel Aware": false,
      "Startup Cost": 89897.07,
      "Total Cost": 89897.08,
      "Plan Rows": 1,
      "Plan Width": 8,
      "Actual Startup Time": 203.906,
      "Actual Total Time": 220.431,
      "Actual Rows": 1,
      "Actual Loops": 1,
      "Plans": [
        {
          "Node Type": "Gather",
          "Parent Relationship": "Outer",
          "Parallel Aware": false,
          "Startup Cost": 89896.75,
          "Total Cost": 89897.06,
          "Plan Rows": 3,
          "Plan Width": 8,
          "Actual Startup Time": 203.343,
          "Actual Total Time": 220.425,
          "Actual Rows": 4,
          "Actual Loops": 1,
          "Workers Planned": 3,
          "Workers Launched": 3,
          "Single Copy": false,
          "Plans": [
            {
              "Node Type": "Aggregate",
              "Strategy": "Plain",
              "Partial Mode": "Partial",
              "Parent Relationship": "Outer",
              "Parallel Aware": false,
              "Startup Cost": 88896.75,
              "Total Cost": 88896.76,
              "Plan Rows": 1,
              "Plan Width": 8,
              "Actual Startup Time": 198.255,
              "Actual Total Time": 198.258,
              "Actual Rows": 1,
              "Actual Loops": 4,
              "Plans": [
                {
                  "Node Type": "Hash Join",
                  "Parent Relationship": "Outer",
                  "Parallel Aware": true,
                  "Join Type": "Inner",
                  "Startup Cost": 45571.74,
                  "Total Cost": 88889.84,
                  "Plan Rows": 2765,
                  "Plan Width": 0,
                  "Actual Startup Time": 113.319,
                  "Actual Total Time": 197.819,
                  "Actual Rows": 7910,
                  "Actual Loops": 4,
                  "Inner Unique": true,
                  "Hash Cond": "(mk.movie_id = t.id)",
                  "Plans": [
                    {
                      "Node Type": "Seq Scan",
                      "Parent Relationship": "Outer",
                      "Parallel Aware": true,
                      "Relation Name": "movie_keyword",
                      "Alias": "mk",
                      "Startup Cost": 0.0,
                      "Total Cost": 42695.65,
                      "Plan Rows": 237124,
                      "Plan Width": 4,
                      "Actual Startup Time": 0.026,
                      "Actual Total Time": 82.144,
                      "Actual Rows": 183728,
                      "Actual Loops": 4,
                      "Filter": "(keyword_id < 659)",
                      "Rows Removed by Filter": 947254
                    },
                    {
                      "Node Type": "Hash",
                      "Parent Relationship": "Inner",
                      "Parallel Aware": true,
                      "Startup Cost": 45479.59,
                      "Total Cost": 45479.59,
                      "Plan Rows": 7372,
                      "Plan Width": 4,
                      "Actual Startup Time": 92.233,
                      "Actual Total Time": 92.234,
                      "Actual Rows": 30731,
                      "Actual Loops": 4,
                      "Hash Buckets": 131072,
                      "Original Hash Buckets": 32768,
                      "Hash Batches": 1,
                      "Original Hash Batches": 1,
                      "Peak Memory Usage": 6656,
                      "Plans": [
                        {
                          "Node Type": "Seq Scan",
                          "Parent Relationship": "Outer",
                          "Parallel Aware": true,
                          "Relation Name": "title",
                          "Alias": "t",
                          "Startup Cost": 0.0,
                          "Total Cost": 45479.59,
                          "Plan Rows": 7372,
                          "Plan Width": 4,
                          "Actual Startup Time": 47.157,
                          "Actual Total Time": 80.436,
                          "Actual Rows": 30731,
                          "Actual Loops": 4,
                          "Filter": "((production_year < 1933) AND (kind_id = 1))",
                          "Rows Removed by Filter": 601347
                        }
                      ]
                    }
                  ]
                }
              ]
            }
          ]
        }
      ]
    },
    "Planning Time": 0.256,
    "Triggers": [],
    "Execution Time": 220.468
  }
]