[
  {
    "Plan": {
      "Node Type": "Aggregate",
      "Strategy": "Plain",
      "Partial Mode": "Finalize",
      "Parallel Aware": false,
      "Startup Cost": 131315.77,
      "Total Cost": 131315.78,
      "Plan Rows": 1,
      "Plan Width": 8,
      "Actual Startup Time": 394.789,
      "Actual Total Time": 448.851,
      "Actual Rows": 1,
      "Actual Loops": 1,
      "Plans": [
        {
          "Node Type": "Gather",
          "Parent Relationship": "Outer",
          "Parallel Aware": false,
          "Startup Cost": 131315.45,
          "Total Cost": 131315.76,
          "Plan Rows": 3,
          "Plan Width": 8,
          "Actual Startup Time": 392.8,
          "Actual Total Time": 448.84,
          "Actual Rows": 4,
          "Actual Loops": 1,
          "Workers Planned": 3,
          "Workers Launched": 3,
          "Single Copy": false,
          "Plans": [
            {
              "Node Type": "Aggregate",
              "Strategy": "Plain",
              "Partial Mode": "Partial",
              "Parent Relationship": "Outer",
              "Parallel Aware": false,
              "Startup Cost": 130315.45,
              "Total Cost": 130315.46,
              "Plan Rows": 1,
              "Plan Width": 8,
              "Actual Startup Time": 383.782,
              "Actual Total Time": 383.849,
              "Actual Rows": 1,
              "Actual Loops": 4,
              "Plans": [
                {
                  "Node Type": "Nested Loop",
                  "Parent Relationship": "Outer",
                  "Parallel Aware": false,
                  "Join Type": "Inner",
                  "Startup Cost": 46107.0,
                  "Total Cost": 130247.1,
                  "Plan Rows": 27341,
                  "Plan Width": 0,
                  "Actual Startup Time": 151.941,
                  "Actual Total Time": 382.823,
                  "Actual Rows": 12362,
                  "Actual Loops": 4,
                  "Inner Unique": false,
                  "Join Filter": "(t.id = ci.movie_id)",
                  "Rows Removed by Join Filter": 0,
                  "Plans": [
                    {
                      "Node Type": "Hash Join",
                      "Parent Relationship": "Outer",
                      "Parallel Aware": true,
                      "Join Type": "Inner",
                      "Startup Cost": 46106.44,
                      "Total Cost": 77834.62,
                      "Plan Rows": 9478,
                      "Plan Width": 8,
                      "Actual Startup Time": 151.587,
                      "Actual Total Time": 202.876,
                      "Actual Rows": 3338,
                      "Actual Loops": 4,
                      "Inner Unique": true,
                      "Hash Cond": "(mc.movie_id = t.id)",
                      "Plans": [
                        {
                          "Node Type": "Seq Scan",
                          "Parent Relationship": "Outer",
                          "Parallel Aware": true,
                          "Relation Name": "movie_companies",
                          "Alias": "mc",
                          "Startup Cost": 0.0,
                          "Total Cost": 31414.82,
                          "Plan Rows": 119376,
                          "Plan Width": 4,
                          "Actual Startup Time": 13.82,
                          "Actual Total Time": 58.211,
                          "Actual Rows": 14610,
                          "Actual Loops": 4,
                          "Filter": "((company_id > 34505) AND (company_type_id < 2))",
                          "Rows Removed by Filter": 637672
                        },
                        {
                          "Node Type": "Hash",
                          "Parent Relationship": "Inner",
                          "Parallel Aware": true,
                          "Startup Cost": 45479.1,
                          "Total Cost": 45479.1,
                          "Plan Rows": 50187,
                          "Plan Width": 4,
                          "Actual Startup Time": 135.519,
                          "Actual Total Time": 135.52,
                          "Actual Rows": 78482,
                          "Actual Loops": 4,
                          "Hash Buckets": 524288,
                          "Original Hash Buckets": 262144,
                          "Hash Batches": 1,
                          "Original Hash Batches": 1,
                          "Peak Memory Usage": 18464,
                          "Plans": [
                            {
                              "Node Type": "Seq Scan",
                              "Parent Relationship": "Outer",
                              "Parallel Aware": true,
                              "Relation Name": "title",
                              "Alias": "t",
                              "Startup Cost": 0.0,
                              "Total Cost": 45479.1,
                              "Plan Rows": 50187,
                              "Plan Width": 4,
                              "Actual Startup Time": 0.08,
                              "Actual Total Time": 100.912,
                              "Actual Rows": 78482,
                              "Actual Loops": 4,
                              "Filter": "((kind_id < 7) AND (production_year < 1981))",
                              "Rows Removed by Filter": 553596
                            }
                          ]
                        }
                      ]
                    },
                    {
                      "Node Type": "Index Scan",
                      "Parent Relationship": "Inner",
                      "Parallel Aware": false,
                      "Scan Direction": "Forward",
                      "Index Name": "movie_id_cast_info",
                      "Relation Name": "cast_info",
                      "Alias": "ci",
                      "Startup Cost": 0.56,
                      "Total Cost": 5.44,
                      "Plan Rows": 7,
                      "Plan Width": 4,
                      "Actual Startup Time": 0.042,
                      "Actual Total Time": 0.053,
                      "Actual Rows": 4,
                      "Actual Loops": 13351,
                      "Index Cond": "(movie_id = mc.movie_id)",
                      "Rows Removed by Index Recheck": 0,
                      "Filter": "(person_id > 2950046)",
                      "Rows Removed by Filter": 20
                    }
                  ]
                }
              ]
            }
          ]
        }
      ]
    },
    "Planning Time": 1.439,
    "Triggers": [],
    "Execution Time": 448.954
  }
]