{
    "Plan": {
        "Node Type": "Aggregate",
        "Strategy": "Plain",
        "Partial Mode": "Finalize",
        "Parallel Aware": false,
        "Startup Cost": 396485.92,
        "Total Cost": 396485.93,
        "Plan Rows": 1,
        "Plan Width": 8,
        "Actual Startup Time": 2667.307,
        "Actual Total Time": 2722.551,
        "Actual Rows": 1,
        "Actual Loops": 1,
        "Output": [
            "count(*)"
        ],
        "Plans": [
            {
                "Node Type": "Gather",
                "Parent Relationship": "Outer",
                "Parallel Aware": false,
                "Startup Cost": 396485.3,
                "Total Cost": 396485.91,
                "Plan Rows": 6,
                "Plan Width": 8,
                "Actual Startup Time": 2654.555,
                "Actual Total Time": 2722.539,
                "Actual Rows": 7,
                "Actual Loops": 1,
                "Output": [
                    "(PARTIAL count(*))"
                ],
                "Workers Planned": 6,
                "Workers Launched": 6,
                "Single Copy": false,
                "Plans": [
                    {
                        "Node Type": "Aggregate",
                        "Strategy": "Plain",
                        "Partial Mode": "Partial",
                        "Parent Relationship": "Outer",
                        "Parallel Aware": false,
                        "Startup Cost": 395485.3,
                        "Total Cost": 395485.31,
                        "Plan Rows": 1,
                        "Plan Width": 8,
                        "Actual Startup Time": 2629.996,
                        "Actual Total Time": 2629.999,
                        "Actual Rows": 1,
                        "Actual Loops": 7,
                        "Output": [
                            "PARTIAL count(*)"
                        ],
                        "Workers": [
                            {
                                "Worker Number": 0,
                                "Actual Startup Time": 2626.824,
                                "Actual Total Time": 2626.827,
                                "Actual Rows": 1,
                                "Actual Loops": 1
                            },
                            {
                                "Worker Number": 1,
                                "Actual Startup Time": 2625.931,
                                "Actual Total Time": 2625.935,
                                "Actual Rows": 1,
                                "Actual Loops": 1
                            },
                            {
                                "Worker Number": 2,
                                "Actual Startup Time": 2625.954,
                                "Actual Total Time": 2625.956,
                                "Actual Rows": 1,
                                "Actual Loops": 1
                            },
                            {
                                "Worker Number": 3,
                                "Actual Startup Time": 2625.84,
                                "Actual Total Time": 2625.844,
                                "Actual Rows": 1,
                                "Actual Loops": 1
                            },
                            {
                                "Worker Number": 4,
                                "Actual Startup Time": 2625.92,
                                "Actual Total Time": 2625.923,
                                "Actual Rows": 1,
                                "Actual Loops": 1
                            },
                            {
                                "Worker Number": 5,
                                "Actual Startup Time": 2625.838,
                                "Actual Total Time": 2625.842,
                                "Actual Rows": 1,
                                "Actual Loops": 1
                            }
                        ],
                        "Plans": [
                            {
                                "Node Type": "Hash Join",
                                "Parent Relationship": "Outer",
                                "Parallel Aware": true,
                                "Join Type": "Inner",
                                "Startup Cost": 48689.12,
                                "Total Cost": 388683.27,
                                "Plan Rows": 2720812,
                                "Plan Width": 0,
                                "Actual Startup Time": 384.185,
                                "Actual Total Time": 2502.436,
                                "Actual Rows": 2292457,
                                "Actual Loops": 7,
                                "Inner Unique": true,
                                "Hash Cond": "(ci.movie_id = t.id)",
                                "Workers": [
                                    {
                                        "Worker Number": 0,
                                        "Actual Startup Time": 380.139,
                                        "Actual Total Time": 2510.946,
                                        "Actual Rows": 2794277,
                                        "Actual Loops": 1
                                    },
                                    {
                                        "Worker Number": 1,
                                        "Actual Startup Time": 380.3,
                                        "Actual Total Time": 2489.638,
                                        "Actual Rows": 2026467,
                                        "Actual Loops": 1
                                    },
                                    {
                                        "Worker Number": 2,
                                        "Actual Startup Time": 380.246,
                                        "Actual Total Time": 2489.514,
                                        "Actual Rows": 2041370,
                                        "Actual Loops": 1
                                    },
                                    {
                                        "Worker Number": 3,
                                        "Actual Startup Time": 380.233,
                                        "Actual Total Time": 2505.199,
                                        "Actual Rows": 1863745,
                                        "Actual Loops": 1
                                    },
                                    {
                                        "Worker Number": 4,
                                        "Actual Startup Time": 380.249,
                                        "Actual Total Time": 2492.384,
                                        "Actual Rows": 2108753,
                                        "Actual Loops": 1
                                    },
                                    {
                                        "Worker Number": 5,
                                        "Actual Startup Time": 380.14,
                                        "Actual Total Time": 2511.356,
                                        "Actual Rows": 2209062,
                                        "Actual Loops": 1
                                    }
                                ],
                                "Plans": [
                                    {
                                        "Node Type": "Seq Scan",
                                        "Parent Relationship": "Outer",
                                        "Parallel Aware": true,
                                        "Relation Name": "cast_info",
                                        "Schema": "public",
                                        "Alias": "ci",
                                        "Startup Cost": 0.0,
                                        "Total Cost": 328213.62,
                                        "Plan Rows": 4487814,
                                        "Plan Width": 4,
                                        "Actual Startup Time": 107.064,
                                        "Actual Total Time": 735.918,
                                        "Actual Rows": 3838071,
                                        "Actual Loops": 7,
                                        "Output": [
                                            "ci.id",
                                            "ci.person_id",
                                            "ci.movie_id",
                                            "ci.person_role_id",
                                            "ci.note",
                                            "ci.nr_order",
                                            "ci.role_id"
                                        ],
                                        "Filter": "(ci.person_id > 923095)",
                                        "Rows Removed by Filter": 1339692,
                                        "Workers": [
                                            {
                                                "Worker Number": 0,
                                                "Actual Startup Time": 106.967,
                                                "Actual Total Time": 721.844,
                                                "Actual Rows": 4676735,
                                                "Actual Loops": 1
                                            },
                                            {
                                                "Worker Number": 1,
                                                "Actual Startup Time": 107.115,
                                                "Actual Total Time": 779.848,
                                                "Actual Rows": 3374235,
                                                "Actual Loops": 1
                                            },
                                            {
                                                "Worker Number": 2,
                                                "Actual Startup Time": 107.02,
                                                "Actual Total Time": 779.332,
                                                "Actual Rows": 3425651,
                                                "Actual Loops": 1
                                            },
                                            {
                                                "Worker Number": 3,
                                                "Actual Startup Time": 107.14,
                                                "Actual Total Time": 740.516,
                                                "Actual Rows": 3136678,
                                                "Actual Loops": 1
                                            },
                                            {
                                                "Worker Number": 4,
                                                "Actual Startup Time": 107.015,
                                                "Actual Total Time": 769.16,
                                                "Actual Rows": 3529082,
                                                "Actual Loops": 1
                                            },
                                            {
                                                "Worker Number": 5,
                                                "Actual Startup Time": 107.101,
                                                "Actual Total Time": 726.016,
                                                "Actual Rows": 3696753,
                                                "Actual Loops": 1
                                            }
                                        ]
                                    },
                                    {
                                        "Node Type": "Hash",
                                        "Parent Relationship": "Inner",
                                        "Parallel Aware": true,
                                        "Startup Cost": 43899.01,
                                        "Total Cost": 43899.01,
                                        "Plan Rows": 383209,
                                        "Plan Width": 4,
                                        "Actual Startup Time": 271.101,
                                        "Actual Total Time": 271.102,
                                        "Actual Rows": 220466,
                                        "Actual Loops": 7,
                                        "Output": [
                                            "t.id"
                                        ],
                                        "Hash Buckets": 2097152,
                                        "Original Hash Buckets": 2097152,
                                        "Hash Batches": 1,
                                        "Original Hash Batches": 1,
                                        "Peak Memory Usage": 76864,
                                        "Workers": [
                                            {
                                                "Worker Number": 0,
                                                "Actual Startup Time": 272.229,
                                                "Actual Total Time": 272.23,
                                                "Actual Rows": 202298,
                                                "Actual Loops": 1
                                            },
                                            {
                                                "Worker Number": 1,
                                                "Actual Startup Time": 272.465,
                                                "Actual Total Time": 272.466,
                                                "Actual Rows": 203310,
                                                "Actual Loops": 1
                                            },
                                            {
                                                "Worker Number": 2,
                                                "Actual Startup Time": 272.264,
                                                "Actual Total Time": 272.265,
                                                "Actual Rows": 196568,
                                                "Actual Loops": 1
                                            },
                                            {
                                                "Worker Number": 3,
                                                "Actual Startup Time": 272.213,
                                                "Actual Total Time": 272.214,
                                                "Actual Rows": 156970,
                                                "Actual Loops": 1
                                            },
                                            {
                                                "Worker Number": 4,
                                                "Actual Startup Time": 272.291,
                                                "Actual Total Time": 272.291,
                                                "Actual Rows": 215811,
                                                "Actual Loops": 1
                                            },
                                            {
                                                "Worker Number": 5,
                                                "Actual Startup Time": 272.351,
                                                "Actual Total Time": 272.352,
                                                "Actual Rows": 185223,
                                                "Actual Loops": 1
                                            }
                                        ],
                                        "Plans": [
                                            {
                                                "Node Type": "Seq Scan",
                                                "Parent Relationship": "Outer",
                                                "Parallel Aware": true,
                                                "Relation Name": "title",
                                                "Schema": "public",
                                                "Alias": "t",
                                                "Startup Cost": 0.0,
                                                "Total Cost": 43899.01,
                                                "Plan Rows": 383209,
                                                "Plan Width": 4,
                                                "Actual Startup Time": 0.061,
                                                "Actual Total Time": 97.172,
                                                "Actual Rows": 220466,
                                                "Actual Loops": 7,
                                                "Output": [
                                                    "t.id"
                                                ],
                                                "Filter": "(t.kind_id = 7)",
                                                "Rows Removed by Filter": 140721,
                                                "Workers": [
                                                    {
                                                        "Worker Number": 0,
                                                        "Actual Startup Time": 0.071,
                                                        "Actual Total Time": 99.644,
                                                        "Actual Rows": 202298,
                                                        "Actual Loops": 1
                                                    },
                                                    {
                                                        "Worker Number": 1,
                                                        "Actual Startup Time": 0.065,
                                                        "Actual Total Time": 100.098,
                                                        "Actual Rows": 203310,
                                                        "Actual Loops": 1
                                                    },
                                                    {
                                                        "Worker Number": 2,
                                                        "Actual Startup Time": 0.065,
                                                        "Actual Total Time": 100.586,
                                                        "Actual Rows": 196568,
                                                        "Actual Loops": 1
                                                    },
                                                    {
                                                        "Worker Number": 3,
                                                        "Actual Startup Time": 0.08,
                                                        "Actual Total Time": 101.801,
                                                        "Actual Rows": 156970,
                                                        "Actual Loops": 1
                                                    },
                                                    {
                                                        "Worker Number": 4,
                                                        "Actual Startup Time": 0.062,
                                                        "Actual Total Time": 98.614,
                                                        "Actual Rows": 215811,
                                                        "Actual Loops": 1
                                                    },
                                                    {
                                                        "Worker Number": 5,
                                                        "Actual Startup Time": 0.069,
                                                        "Actual Total Time": 97.584,
                                                        "Actual Rows": 185223,
                                                        "Actual Loops": 1
                                                    }
                                                ]
                                            }
                                        ]
                                    }
                                ]
                            }
                        ]
                    }
                ]
            }
        ]
    },
    "Planning Time": 0.704,
    "Triggers": [],
    "Execution Time": 2722.638
}