[
  {
    "Plan": {
      "Node Type": "Aggregate",
      "Strategy": "Plain",
      "Partial Mode": "Finalize",
      "Parallel Aware": false,
      "Startup Cost": 337346.9,
      "Total Cost": 337346.91,
      "Plan Rows": 1,
      "Plan Width": 8,
      "Actual Startup Time": 860.919,
      "Actual Total Time": 921.685,
      "Actual Rows": 1,
      "Actual Loops": 1,
      "Plans": [
        {
          "Node Type": "Gather",
          "Parent Relationship": "Outer",
          "Parallel Aware": false,
          "Startup Cost": 337346.27,
          "Total Cost": 337346.88,
          "Plan Rows": 6,
          "Plan Width": 8,
          "Actual Startup Time": 860.755,
          "Actual Total Time": 921.674,
          "Actual Rows": 7,
          "Actual Loops": 1,
          "Workers Planned": 6,
          "Workers Launched": 6,
          "Single Copy": false,
          "Plans": [
            {
              "Node Type": "Aggregate",
              "Strategy": "Plain",
              "Partial Mode": "Partial",
              "Parent Relationship": "Outer",
              "Parallel Aware": false,
              "Startup Cost": 336346.27,
              "Total Cost": 336346.28,
              "Plan Rows": 1,
              "Plan Width": 8,
              "Actual Startup Time": 851.059,
              "Actual Total Time": 851.06,
              "Actual Rows": 1,
              "Actual Loops": 7,
              "Plans": [
                {
                  "Node Type": "Seq Scan",
                  "Parent Relationship": "Outer",
                  "Parallel Aware": true,
                  "Relation Name": "cast_info",
                  "Alias": "ci",
                  "Startup Cost": 0.0,
                  "Total Cost": 328211.39,
                  "Plan Rows": 3253953,
                  "Plan Width": 0,
                  "Actual Startup Time": 215.747,
                  "Actual Total Time": 703.42,
                  "Actual Rows": 2760778,
                  "Actual Loops": 7,
                  "Filter": "(person_id > 1672678)",
                  "Rows Removed by Filter": 2416985
                }
              ]
            }
          ]
        }
      ]
    },
    "Planning Time": 0.219,
    "Triggers": [],
    "Execution Time": 921.765
  }
]