[
  {
    "Plan": {
      "Node Type": "Aggregate",
      "Strategy": "Plain",
      "Partial Mode": "Finalize",
      "Parallel Aware": false,
      "Startup Cost": 332235.58,
      "Total Cost": 332235.59,
      "Plan Rows": 1,
      "Plan Width": 8,
      "Actual Startup Time": 697.343,
      "Actual Total Time": 745.116,
      "Actual Rows": 1,
      "Actual Loops": 1,
      "Plans": [
        {
          "Node Type": "Gather",
          "Parent Relationship": "Outer",
          "Parallel Aware": false,
          "Startup Cost": 332234.95,
          "Total Cost": 332235.56,
          "Plan Rows": 6,
          "Plan Width": 8,
          "Actual Startup Time": 697.146,
          "Actual Total Time": 745.102,
          "Actual Rows": 7,
          "Actual Loops": 1,
          "Workers Planned": 6,
          "Workers Launched": 6,
          "Single Copy": false,
          "Plans": [
            {
              "Node Type": "Aggregate",
              "Strategy": "Plain",
              "Partial Mode": "Partial",
              "Parent Relationship": "Outer",
              "Parallel Aware": false,
              "Startup Cost": 331234.95,
              "Total Cost": 331234.96,
              "Plan Rows": 1,
              "Plan Width": 8,
              "Actual Startup Time": 689.827,
              "Actual Total Time": 689.829,
              "Actual Rows": 1,
              "Actual Loops": 7,
              "Plans": [
                {
                  "Node Type": "Seq Scan",
                  "Parent Relationship": "Outer",
                  "Parallel Aware": true,
                  "Relation Name": "cast_info",
                  "Alias": "ci",
                  "Startup Cost": 0.0,
                  "Total Cost": 328211.39,
                  "Plan Rows": 1209425,
                  "Plan Width": 0,
                  "Actual Startup Time": 0.045,
                  "Actual Total Time": 627.428,
                  "Actual Rows": 1055595,
                  "Actual Loops": 7,
                  "Filter": "(person_id < 715033)",
                  "Rows Removed by Filter": 4122169
                }
              ]
            }
          ]
        }
      ]
    },
    "Planning Time": 0.103,
    "Triggers": [],
    "Execution Time": 745.165
  }
]