[
    {
        "Bao": {
            "Bao prediction": "NaN",
            "Bao recommended hint": "(no hint)"
        }
    },
    {
        "Plan": {
            "Node Type": "Aggregate",
            "Strategy": "Plain",
            "Partial Mode": "Finalize",
            "Parallel Aware": false,
            "Startup Cost": 33359.84,
            "Total Cost": 33359.85,
            "Plan Rows": 1,
            "Plan Width": 8,
            "Actual Startup Time": 99.706,
            "Actual Total Time": 105.975,
            "Actual Rows": 1,
            "Actual Loops": 1,
            "Output": [
                "count(*)"
            ],
            "Plans": [
                {
                    "Node Type": "Gather",
                    "Parent Relationship": "Outer",
                    "Parallel Aware": false,
                    "Startup Cost": 33359.52,
                    "Total Cost": 33359.83,
                    "Plan Rows": 3,
                    "Plan Width": 8,
                    "Actual Startup Time": 99.599,
                    "Actual Total Time": 105.968,
                    "Actual Rows": 4,
                    "Actual Loops": 1,
                    "Output": [
                        "(PARTIAL count(*))"
                    ],
                    "Workers Planned": 3,
                    "Workers Launched": 3,
                    "Single Copy": false,
                    "Plans": [
                        {
                            "Node Type": "Aggregate",
                            "Strategy": "Plain",
                            "Partial Mode": "Partial",
                            "Parent Relationship": "Outer",
                            "Parallel Aware": false,
                            "Startup Cost": 32359.52,
                            "Total Cost": 32359.53,
                            "Plan Rows": 1,
                            "Plan Width": 8,
                            "Actual Startup Time": 91.633,
                            "Actual Total Time": 91.636,
                            "Actual Rows": 1,
                            "Actual Loops": 4,
                            "Output": [
                                "PARTIAL count(*)"
                            ],
                            "Workers": [
                                {
                                    "Worker Number": 0,
                                    "Actual Startup Time": 89.0,
                                    "Actual Total Time": 89.001,
                                    "Actual Rows": 1,
                                    "Actual Loops": 1
                                },
                                {
                                    "Worker Number": 1,
                                    "Actual Startup Time": 89.116,
                                    "Actual Total Time": 89.117,
                                    "Actual Rows": 1,
                                    "Actual Loops": 1
                                },
                                {
                                    "Worker Number": 2,
                                    "Actual Startup Time": 89.098,
                                    "Actual Total Time": 89.099,
                                    "Actual Rows": 1,
                                    "Actual Loops": 1
                                }
                            ],
                            "Plans": [
                                {
                                    "Node Type": "Seq Scan",
                                    "Parent Relationship": "Outer",
                                    "Parallel Aware": true,
                                    "Relation Name": "movie_companies",
                                    "Schema": "public",
                                    "Alias": "mc",
                                    "Startup Cost": 0.0,
                                    "Total Cost": 31414.82,
                                    "Plan Rows": 377882,
                                    "Plan Width": 0,
                                    "Actual Startup Time": 0.051,
                                    "Actual Total Time": 75.119,
                                    "Actual Rows": 318562,
                                    "Actual Loops": 4,
                                    "Output": [
                                        "id",
                                        "movie_id",
                                        "company_id",
                                        "company_type_id",
                                        "note"
                                    ],
                                    "Filter": "((mc.company_id < 106913) AND (mc.company_type_id = 1))",
                                    "Rows Removed by Filter": 333721,
                                    "Workers": [
                                        {
                                            "Worker Number": 0,
                                            "Actual Startup Time": 0.058,
                                            "Actual Total Time": 73.731,
                                            "Actual Rows": 267279,
                                            "Actual Loops": 1
                                        },
                                        {
                                            "Worker Number": 1,
                                            "Actual Startup Time": 0.063,
                                            "Actual Total Time": 73.728,
                                            "Actual Rows": 272321,
                                            "Actual Loops": 1
                                        },
                                        {
                                            "Worker Number": 2,
                                            "Actual Startup Time": 0.068,
                                            "Actual Total Time": 73.87,
                                            "Actual Rows": 252502,
                                            "Actual Loops": 1
                                        }
                                    ]
                                }
                            ]
                        }
                    ]
                }
            ]
        },
        "Planning Time": 189.873,
        "Triggers": [],
        "Execution Time": 106.023
    }
]