{
  "Plan": {
    "Node Type": "Aggregate",
    "Strategy": "Plain",
    "Partial Mode": "Finalize",
    "Parallel Aware": false,
    "Startup Cost": 462828.59,
    "Total Cost": 462828.6,
    "Plan Rows": 1,
    "Plan Width": 8,
    "Actual Startup Time": 6909.193,
    "Actual Total Time": 6963.91,
    "Actual Rows": 1,
    "Actual Loops": 1,
    "Plans": [
      {
        "Node Type": "Gather",
        "Parent Relationship": "Outer",
        "Parallel Aware": false,
        "Startup Cost": 462828.48,
        "Total Cost": 462828.59,
        "Plan Rows": 1,
        "Plan Width": 8,
        "Actual Startup Time": 6900.184,
        "Actual Total Time": 6963.902,
        "Actual Rows": 2,
        "Actual Loops": 1,
        "Workers Planned": 1,
        "Workers Launched": 1,
        "Single Copy": false,
        "Plans": [
          {
            "Node Type": "Aggregate",
            "Strategy": "Plain",
            "Partial Mode": "Partial",
            "Parent Relationship": "Outer",
            "Parallel Aware": false,
            "Startup Cost": 461828.48,
            "Total Cost": 461828.49,
            "Plan Rows": 1,
            "Plan Width": 8,
            "Actual Startup Time": 6891.514,
            "Actual Total Time": 6891.52,
            "Actual Rows": 1,
            "Actual Loops": 2,
            "Plans": [
              {
                "Node Type": "Hash Join",
                "Parent Relationship": "Outer",
                "Parallel Aware": true,
                "Join Type": "Inner",
                "Startup Cost": 139696.66,
                "Total Cost": 449730.13,
                "Plan Rows": 4839338,
                "Plan Width": 0,
                "Actual Startup Time": 1003.301,
                "Actual Total Time": 5360.458,
                "Actual Rows": 37266035,
                "Actual Loops": 2,
                "Inner Unique": false,
                "Hash Cond": "(mi.movie_id = t.id)",
                "Plans": [
                  {
                    "Node Type": "Seq Scan",
                    "Parent Relationship": "Outer",
                    "Parallel Aware": true,
                    "Relation Name": "movie_info",
                    "Alias": "mi",
                    "Startup Cost": 0.0,
                    "Total Cost": 248955.74,
                    "Plan Rows": 8696274,
                    "Plan Width": 4,
                    "Actual Startup Time": 0.017,
                    "Actual Total Time": 636.648,
                    "Actual Rows": 7417860,
                    "Actual Loops": 2
                  },
                  {
                    "Node Type": "Hash",
                    "Parent Relationship": "Inner",
                    "Parallel Aware": true,
                    "Startup Cost": 129351.4,
                    "Total Cost": 129351.4,
                    "Plan Rows": 827621,
                    "Plan Width": 8,
                    "Actual Startup Time": 987.102,
                    "Actual Total Time": 987.105,
                    "Actual Rows": 705476,
                    "Actual Loops": 2,
                    "Hash Buckets": 2097152,
                    "Original Hash Buckets": 2097152,
                    "Hash Batches": 1,
                    "Original Hash Batches": 1,
                    "Peak Memory Usage": 71616,
                    "Plans": [
                      {
                        "Node Type": "Hash Join",
                        "Parent Relationship": "Outer",
                        "Parallel Aware": true,
                        "Join Type": "Inner",
                        "Startup Cost": 69460.7,
                        "Total Cost": 129351.4,
                        "Plan Rows": 827621,
                        "Plan Width": 8,
                        "Actual Startup Time": 523.975,
                        "Actual Total Time": 849.133,
                        "Actual Rows": 705476,
                        "Actual Loops": 2,
                        "Inner Unique": true,
                        "Hash Cond": "(mk.movie_id = t.id)",
                        "Plans": [
                          {
                            "Node Type": "Seq Scan",
                            "Parent Relationship": "Outer",
                            "Parallel Aware": true,
                            "Relation Name": "movie_keyword",
                            "Alias": "mk",
                            "Startup Cost": 0.0,
                            "Total Cost": 57718.19,
                            "Plan Rows": 827621,
                            "Plan Width": 4,
                            "Actual Startup Time": 1.203,
                            "Actual Total Time": 177.465,
                            "Actual Rows": 705476,
                            "Actual Loops": 2,
                            "Filter": "(keyword_id > 11851)",
                            "Rows Removed by Filter": 1556489
                          },
                          {
                            "Node Type": "Hash",
                            "Parent Relationship": "Inner",
                            "Parallel Aware": true,
                            "Startup Cost": 50870.31,
                            "Total Cost": 50870.31,
                            "Plan Rows": 1487231,
                            "Plan Width": 4,
                            "Actual Startup Time": 508.896,
                            "Actual Total Time": 508.897,
                            "Actual Rows": 1264156,
                            "Actual Loops": 2,
                            "Hash Buckets": 4194304,
                            "Original Hash Buckets": 4194304,
                            "Hash Batches": 1,
                            "Original Hash Batches": 1,
                            "Peak Memory Usage": 131712,
                            "Plans": [
                              {
                                "Node Type": "Seq Scan",
                                "Parent Relationship": "Outer",
                                "Parallel Aware": true,
                                "Relation Name": "title",
                                "Alias": "t",
                                "Startup Cost": 0.0,
                                "Total Cost": 50870.31,
                                "Plan Rows": 1487231,
                                "Plan Width": 4,
                                "Actual Startup Time": 0.054,
                                "Actual Total Time": 154.836,
                                "Actual Rows": 1264156,
                                "Actual Loops": 2
                              }
                            ]
                          }
                        ]
                      }
                    ]
                  }
                ]
              }
            ]
          }
        ]
      }
    ]
  },
  "Planning Time": 0.859,
  "Triggers": [],
  "Execution Time": 6963.994
}