[
  {
    "Plan": {
      "Node Type": "Aggregate",
      "Strategy": "Plain",
      "Partial Mode": "Finalize",
      "Parallel Aware": false,
      "Startup Cost": 283923.8,
      "Total Cost": 283923.81,
      "Plan Rows": 1,
      "Plan Width": 8,
      "Actual Startup Time": 717.384,
      "Actual Total Time": 759.654,
      "Actual Rows": 1,
      "Actual Loops": 1,
      "Plans": [
        {
          "Node Type": "Gather",
          "Parent Relationship": "Outer",
          "Parallel Aware": false,
          "Startup Cost": 283923.28,
          "Total Cost": 283923.79,
          "Plan Rows": 5,
          "Plan Width": 8,
          "Actual Startup Time": 710.71,
          "Actual Total Time": 759.643,
          "Actual Rows": 6,
          "Actual Loops": 1,
          "Workers Planned": 5,
          "Workers Launched": 5,
          "Single Copy": false,
          "Plans": [
            {
              "Node Type": "Aggregate",
              "Strategy": "Plain",
              "Partial Mode": "Partial",
              "Parent Relationship": "Outer",
              "Parallel Aware": false,
              "Startup Cost": 282923.28,
              "Total Cost": 282923.29,
              "Plan Rows": 1,
              "Plan Width": 8,
              "Actual Startup Time": 699.736,
              "Actual Total Time": 699.822,
              "Actual Rows": 1,
              "Actual Loops": 6,
              "Plans": [
                {
                  "Node Type": "Hash Join",
                  "Parent Relationship": "Outer",
                  "Parallel Aware": true,
                  "Join Type": "Inner",
                  "Startup Cost": 78661.35,
                  "Total Cost": 282358.39,
                  "Plan Rows": 225956,
                  "Plan Width": 0,
                  "Actual Startup Time": 267.239,
                  "Actual Total Time": 694.192,
                  "Actual Rows": 136482,
                  "Actual Loops": 6,
                  "Inner Unique": false,
                  "Hash Cond": "(mi.movie_id = t.id)",
                  "Plans": [
                    {
                      "Node Type": "Seq Scan",
                      "Parent Relationship": "Outer",
                      "Parallel Aware": true,
                      "Relation Name": "movie_info",
                      "Alias": "mi",
                      "Startup Cost": 0.0,
                      "Total Cost": 198952.16,
                      "Plan Rows": 1070929,
                      "Plan Width": 4,
                      "Actual Startup Time": 0.029,
                      "Actual Total Time": 301.97,
                      "Actual Rows": 901753,
                      "Actual Loops": 6,
                      "Filter": "(info_type_id < 6)",
                      "Rows Removed by Filter": 1570867
                    },
                    {
                      "Node Type": "Hash",
                      "Parent Relationship": "Inner",
                      "Parallel Aware": true,
                      "Startup Cost": 76510.36,
                      "Total Cost": 76510.36,
                      "Plan Rows": 172079,
                      "Plan Width": 8,
                      "Actual Startup Time": 262.619,
                      "Actual Total Time": 262.703,
                      "Actual Rows": 54017,
                      "Actual Loops": 6,
                      "Hash Buckets": 1048576,
                      "Original Hash Buckets": 1048576,
                      "Hash Batches": 1,
                      "Original Hash Batches": 1,
                      "Peak Memory Usage": 20960,
                      "Plans": [
                        {
                          "Node Type": "Hash Join",
                          "Parent Relationship": "Outer",
                          "Parallel Aware": true,
                          "Join Type": "Inner",
                          "Startup Cost": 47094.47,
                          "Total Cost": 76510.36,
                          "Plan Rows": 172079,
                          "Plan Width": 8,
                          "Actual Startup Time": 118.148,
                          "Actual Total Time": 237.199,
                          "Actual Rows": 54017,
                          "Actual Loops": 6,
                          "Inner Unique": true,
                          "Hash Cond": "(mc.movie_id = t.id)",
                          "Plans": [
                            {
                              "Node Type": "Seq Scan",
                              "Parent Relationship": "Outer",
                              "Parallel Aware": true,
                              "Relation Name": "movie_companies",
                              "Alias": "mc",
                              "Startup Cost": 0.0,
                              "Total Cost": 27206.55,
                              "Plan Rows": 841655,
                              "Plan Width": 4,
                              "Actual Startup Time": 0.024,
                              "Actual Total Time": 43.39,
                              "Actual Rows": 434855,
                              "Actual Loops": 6
                            },
                            {
                              "Node Type": "Hash",
                              "Parent Relationship": "Inner",
                              "Parallel Aware": true,
                              "Startup Cost": 45479.1,
                              "Total Cost": 45479.1,
                              "Plan Rows": 129230,
                              "Plan Width": 4,
                              "Actual Startup Time": 116.746,
                              "Actual Total Time": 116.747,
                              "Actual Rows": 68218,
                              "Actual Loops": 6,
                              "Hash Buckets": 524288,
                              "Original Hash Buckets": 524288,
                              "Hash Batches": 1,
                              "Original Hash Batches": 1,
                              "Peak Memory Usage": 20192,
                              "Plans": [
                                {
                                  "Node Type": "Seq Scan",
                                  "Parent Relationship": "Outer",
                                  "Parallel Aware": true,
                                  "Relation Name": "title",
                                  "Alias": "t",
                                  "Startup Cost": 0.0,
                                  "Total Cost": 45479.1,
                                  "Plan Rows": 129230,
                                  "Plan Width": 4,
                                  "Actual Startup Time": 0.046,
                                  "Actual Total Time": 83.906,
                                  "Actual Rows": 68218,
                                  "Actual Loops": 6,
                                  "Filter": "((kind_id > 4) AND (production_year < 1996))",
                                  "Rows Removed by Filter": 353168
                                }
                              ]
                            }
                          ]
                        }
                      ]
                    }
                  ]
                }
              ]
            }
          ]
        }
      ]
    },
    "Planning Time": 1.37,
    "Triggers": [],
    "Execution Time": 759.745
  }
]