[
  {
    "Plan": {
      "Node Type": "Aggregate",
      "Strategy": "Plain",
      "Partial Mode": "Finalize",
      "Parallel Aware": false,
      "Startup Cost": 25496.53,
      "Total Cost": 25496.54,
      "Plan Rows": 1,
      "Plan Width": 8,
      "Actual Startup Time": 79.839,
      "Actual Total Time": 85.349,
      "Actual Rows": 1,
      "Actual Loops": 1,
      "Plans": [
        {
          "Node Type": "Gather",
          "Parent Relationship": "Outer",
          "Parallel Aware": false,
          "Startup Cost": 25496.21,
          "Total Cost": 25496.52,
          "Plan Rows": 3,
          "Plan Width": 8,
          "Actual Startup Time": 79.548,
          "Actual Total Time": 85.341,
          "Actual Rows": 4,
          "Actual Loops": 1,
          "Workers Planned": 3,
          "Workers Launched": 3,
          "Single Copy": false,
          "Plans": [
            {
              "Node Type": "Aggregate",
              "Strategy": "Plain",
              "Partial Mode": "Partial",
              "Parent Relationship": "Outer",
              "Parallel Aware": false,
              "Startup Cost": 24496.21,
              "Total Cost": 24496.22,
              "Plan Rows": 1,
              "Plan Width": 8,
              "Actual Startup Time": 73.347,
              "Actual Total Time": 73.349,
              "Actual Rows": 1,
              "Actual Loops": 4,
              "Plans": [
                {
                  "Node Type": "Bitmap Heap Scan",
                  "Parent Relationship": "Outer",
                  "Parallel Aware": true,
                  "Relation Name": "movie_companies",
                  "Alias": "mc",
                  "Startup Cost": 4664.66,
                  "Total Cost": 24322.62,
                  "Plan Rows": 69437,
                  "Plan Width": 0,
                  "Actual Startup Time": 26.647,
                  "Actual Total Time": 69.006,
                  "Actual Rows": 53801,
                  "Actual Loops": 4,
                  "Recheck Cond": "(company_id < 73)",
                  "Rows Removed by Index Recheck": 0,
                  "Exact Heap Blocks": 10314,
                  "Lossy Heap Blocks": 0,
                  "Plans": [
                    {
                      "Node Type": "Bitmap Index Scan",
                      "Parent Relationship": "Outer",
                      "Parallel Aware": false,
                      "Index Name": "company_id_movie_companies",
                      "Startup Cost": 0.0,
                      "Total Cost": 4610.84,
                      "Plan Rows": 215255,
                      "Plan Width": 0,
                      "Actual Startup Time": 27.819,
                      "Actual Total Time": 27.82,
                      "Actual Rows": 215203,
                      "Actual Loops": 1,
                      "Index Cond": "(company_id < 73)"
                    }
                  ]
                }
              ]
            }
          ]
        }
      ]
    },
    "Planning Time": 0.183,
    "Triggers": [],
    "Execution Time": 85.425
  }
]