[
  {
    "Plan": {
      "Node Type": "Aggregate",
      "Strategy": "Plain",
      "Partial Mode": "Finalize",
      "Parallel Aware": false,
      "Startup Cost": 224908.03,
      "Total Cost": 224908.04,
      "Plan Rows": 1,
      "Plan Width": 8,
      "Actual Startup Time": 2022.044,
      "Actual Total Time": 2113.061,
      "Actual Rows": 1,
      "Actual Loops": 1,
      "Plans": [
        {
          "Node Type": "Gather",
          "Parent Relationship": "Outer",
          "Parallel Aware": false,
          "Startup Cost": 224907.5,
          "Total Cost": 224908.01,
          "Plan Rows": 5,
          "Plan Width": 8,
          "Actual Startup Time": 2016.588,
          "Actual Total Time": 2113.052,
          "Actual Rows": 6,
          "Actual Loops": 1,
          "Workers Planned": 5,
          "Workers Launched": 5,
          "Single Copy": false,
          "Plans": [
            {
              "Node Type": "Aggregate",
              "Strategy": "Plain",
              "Partial Mode": "Partial",
              "Parent Relationship": "Outer",
              "Parallel Aware": false,
              "Startup Cost": 223907.5,
              "Total Cost": 223907.51,
              "Plan Rows": 1,
              "Plan Width": 8,
              "Actual Startup Time": 2012.092,
              "Actual Total Time": 2012.095,
              "Actual Rows": 1,
              "Actual Loops": 6,
              "Plans": [
                {
                  "Node Type": "Nested Loop",
                  "Parent Relationship": "Outer",
                  "Parallel Aware": false,
                  "Join Type": "Inner",
                  "Startup Cost": 94647.5,
                  "Total Cost": 223208.44,
                  "Plan Rows": 279625,
                  "Plan Width": 0,
                  "Actual Startup Time": 341.527,
                  "Actual Total Time": 1953.112,
                  "Actual Rows": 1169666,
                  "Actual Loops": 6,
                  "Inner Unique": false,
                  "Join Filter": "(t.id = ci.movie_id)",
                  "Rows Removed by Join Filter": 0,
                  "Plans": [
                    {
                      "Node Type": "Merge Join",
                      "Parent Relationship": "Outer",
                      "Parallel Aware": false,
                      "Join Type": "Inner",
                      "Startup Cost": 94646.93,
                      "Total Cost": 139675.57,
                      "Plan Rows": 31528,
                      "Plan Width": 8,
                      "Actual Startup Time": 341.413,
                      "Actual Total Time": 529.271,
                      "Actual Rows": 62884,
                      "Actual Loops": 6,
                      "Inner Unique": true,
                      "Merge Cond": "(mi_idx.movie_id = t.id)",
                      "Plans": [
                        {
                          "Node Type": "Index Only Scan",
                          "Parent Relationship": "Outer",
                          "Parallel Aware": true,
                          "Scan Direction": "Forward",
                          "Index Name": "movie_id_movie_info_idx",
                          "Relation Name": "movie_info_idx",
                          "Alias": "mi_idx",
                          "Startup Cost": 0.43,
                          "Total Cost": 42581.41,
                          "Plan Rows": 276007,
                          "Plan Width": 4,
                          "Actual Startup Time": 0.081,
                          "Actual Total Time": 61.393,
                          "Actual Rows": 230006,
                          "Actual Loops": 6,
                          "Heap Fetches": 1380035
                        },
                        {
                          "Node Type": "Sort",
                          "Parent Relationship": "Inner",
                          "Parallel Aware": false,
                          "Startup Cost": 94646.33,
                          "Total Cost": 95368.37,
                          "Plan Rows": 288816,
                          "Plan Width": 4,
                          "Actual Startup Time": 341.298,
                          "Actual Total Time": 415.113,
                          "Actual Rows": 410752,
                          "Actual Loops": 6,
                          "Sort Key": [
                            "t.id"
                          ],
                          "Sort Method": "quicksort",
                          "Sort Space Used": 31586,
                          "Sort Space Type": "Memory",
                          "Workers": [
                            {
                              "Worker Number": 0,
                              "Sort Method": "quicksort",
                              "Sort Space Used": 31586,
                              "Sort Space Type": "Memory"
                            },
                            {
                              "Worker Number": 1,
                              "Sort Method": "quicksort",
                              "Sort Space Used": 31586,
                              "Sort Space Type": "Memory"
                            },
                            {
                              "Worker Number": 2,
                              "Sort Method": "quicksort",
                              "Sort Space Used": 31586,
                              "Sort Space Type": "Memory"
                            },
                            {
                              "Worker Number": 3,
                              "Sort Method": "quicksort",
                              "Sort Space Used": 31586,
                              "Sort Space Type": "Memory"
                            },
                            {
                              "Worker Number": 4,
                              "Sort Method": "quicksort",
                              "Sort Space Used": 31586,
                              "Sort Space Type": "Memory"
                            }
                          ],
                          "Plans": [
                            {
                              "Node Type": "Bitmap Heap Scan",
                              "Parent Relationship": "Outer",
                              "Parallel Aware": false,
                              "Relation Name": "title",
                              "Alias": "t",
                              "Startup Cost": 17655.43,
                              "Total Cost": 68451.02,
                              "Plan Rows": 288816,
                              "Plan Width": 4,
                              "Actual Startup Time": 47.01,
                              "Actual Total Time": 223.97,
                              "Actual Rows": 411690,
                              "Actual Loops": 6,
                              "Recheck Cond": "(kind_id < 7)",
                              "Rows Removed by Index Recheck": 0,
                              "Filter": "(production_year < 1993)",
                              "Rows Removed by Filter": 573358,
                              "Exact Heap Blocks": 35472,
                              "Lossy Heap Blocks": 0,
                              "Plans": [
                                {
                                  "Node Type": "Bitmap Index Scan",
                                  "Parent Relationship": "Outer",
                                  "Parallel Aware": false,
                                  "Index Name": "kind_id_title",
                                  "Startup Cost": 0.0,
                                  "Total Cost": 17583.22,
                                  "Plan Rows": 986506,
                                  "Plan Width": 0,
                                  "Actual Startup Time": 42.137,
                                  "Actual Total Time": 42.138,
                                  "Actual Rows": 985048,
                                  "Actual Loops": 6,
                                  "Index Cond": "(kind_id < 7)"
                                }
                              ]
                            }
                          ]
                        }
                      ]
                    },
                    {
                      "Node Type": "Index Scan",
                      "Parent Relationship": "Inner",
                      "Parallel Aware": false,
                      "Scan Direction": "Forward",
                      "Index Name": "movie_id_cast_info",
                      "Relation Name": "cast_info",
                      "Alias": "ci",
                      "Startup Cost": 0.56,
                      "Total Cost": 2.37,
                      "Plan Rows": 22,
                      "Plan Width": 4,
                      "Actual Startup Time": 0.003,
                      "Actual Total Time": 0.021,
                      "Actual Rows": 19,
                      "Actual Loops": 377305,
                      "Index Cond": "(movie_id = mi_idx.movie_id)",
                      "Rows Removed by Index Recheck": 0,
                      "Filter": "(person_id < 2315988)",
                      "Rows Removed by Filter": 7
                    }
                  ]
                }
              ]
            }
          ]
        }
      ]
    },
    "Planning Time": 0.497,
    "Triggers": [],
    "Execution Time": 2119.348
  }
]