[
  {
    "Plan": {
      "Node Type": "Aggregate",
      "Strategy": "Plain",
      "Partial Mode": "Finalize",
      "Parallel Aware": false,
      "Startup Cost": 33239.39,
      "Total Cost": 33239.4,
      "Plan Rows": 1,
      "Plan Width": 8,
      "Actual Startup Time": 97.107,
      "Actual Total Time": 104.154,
      "Actual Rows": 1,
      "Actual Loops": 1,
      "Plans": [
        {
          "Node Type": "Gather",
          "Parent Relationship": "Outer",
          "Parallel Aware": false,
          "Startup Cost": 33239.07,
          "Total Cost": 33239.38,
          "Plan Rows": 3,
          "Plan Width": 8,
          "Actual Startup Time": 96.931,
          "Actual Total Time": 104.147,
          "Actual Rows": 4,
          "Actual Loops": 1,
          "Workers Planned": 3,
          "Workers Launched": 3,
          "Single Copy": false,
          "Plans": [
            {
              "Node Type": "Aggregate",
              "Strategy": "Plain",
              "Partial Mode": "Partial",
              "Parent Relationship": "Outer",
              "Parallel Aware": false,
              "Startup Cost": 32239.07,
              "Total Cost": 32239.08,
              "Plan Rows": 1,
              "Plan Width": 8,
              "Actual Startup Time": 91.725,
              "Actual Total Time": 91.726,
              "Actual Rows": 1,
              "Actual Loops": 4,
              "Plans": [
                {
                  "Node Type": "Seq Scan",
                  "Parent Relationship": "Outer",
                  "Parallel Aware": true,
                  "Relation Name": "movie_companies",
                  "Alias": "mc",
                  "Startup Cost": 0.0,
                  "Total Cost": 31414.82,
                  "Plan Rows": 329700,
                  "Plan Width": 0,
                  "Actual Startup Time": 39.535,
                  "Actual Total Time": 78.582,
                  "Actual Rows": 291330,
                  "Actual Loops": 4,
                  "Filter": "((company_id > 700) AND (company_type_id = 2))",
                  "Rows Removed by Filter": 360952
                }
              ]
            }
          ]
        }
      ]
    },
    "Planning Time": 0.18,
    "Triggers": [],
    "Execution Time": 104.203
  }
]