[
  {
    "Plan": {
      "Node Type": "Aggregate",
      "Strategy": "Plain",
      "Partial Mode": "Finalize",
      "Parallel Aware": false,
      "Startup Cost": 347604.54,
      "Total Cost": 347604.55,
      "Plan Rows": 1,
      "Plan Width": 8,
      "Actual Startup Time": 713.822,
      "Actual Total Time": 776.853,
      "Actual Rows": 1,
      "Actual Loops": 1,
      "Plans": [
        {
          "Node Type": "Gather",
          "Parent Relationship": "Outer",
          "Parallel Aware": false,
          "Startup Cost": 347603.91,
          "Total Cost": 347604.52,
          "Plan Rows": 6,
          "Plan Width": 8,
          "Actual Startup Time": 713.711,
          "Actual Total Time": 776.843,
          "Actual Rows": 7,
          "Actual Loops": 1,
          "Workers Planned": 6,
          "Workers Launched": 6,
          "Single Copy": false,
          "Plans": [
            {
              "Node Type": "Aggregate",
              "Strategy": "Plain",
              "Partial Mode": "Partial",
              "Parent Relationship": "Outer",
              "Parallel Aware": false,
              "Startup Cost": 346603.91,
              "Total Cost": 346603.92,
              "Plan Rows": 1,
              "Plan Width": 8,
              "Actual Startup Time": 703.002,
              "Actual Total Time": 703.003,
              "Actual Rows": 1,
              "Actual Loops": 7,
              "Plans": [
                {
                  "Node Type": "Seq Scan",
                  "Parent Relationship": "Outer",
                  "Parallel Aware": true,
                  "Relation Name": "cast_info",
                  "Alias": "ci",
                  "Startup Cost": 0.0,
                  "Total Cost": 343257.03,
                  "Plan Rows": 1338753,
                  "Plan Width": 0,
                  "Actual Startup Time": 0.056,
                  "Actual Total Time": 637.459,
                  "Actual Rows": 1511352,
                  "Actual Loops": 7,
                  "Filter": "((person_id < 1445767) AND (role_id < 3))",
                  "Rows Removed by Filter": 3666411
                }
              ]
            }
          ]
        }
      ]
    },
    "Planning Time": 0.236,
    "Triggers": [],
    "Execution Time": 776.92
  }
]