[
    {
        "Bao": {
            "Bao prediction": "NaN",
            "Bao recommended hint": "(no hint)"
        }
    },
    {
        "Plan": {
            "Node Type": "Aggregate",
            "Strategy": "Plain",
            "Partial Mode": "Finalize",
            "Parallel Aware": false,
            "Startup Cost": 225229.35,
            "Total Cost": 225229.36,
            "Plan Rows": 1,
            "Plan Width": 8,
            "Actual Startup Time": 151.728,
            "Actual Total Time": 171.012,
            "Actual Rows": 1,
            "Actual Loops": 1,
            "Output": [
                "count(*)"
            ],
            "Plans": [
                {
                    "Node Type": "Gather",
                    "Parent Relationship": "Outer",
                    "Parallel Aware": false,
                    "Startup Cost": 225228.93,
                    "Total Cost": 225229.34,
                    "Plan Rows": 4,
                    "Plan Width": 8,
                    "Actual Startup Time": 151.614,
                    "Actual Total Time": 171.005,
                    "Actual Rows": 5,
                    "Actual Loops": 1,
                    "Output": [
                        "(PARTIAL count(*))"
                    ],
                    "Workers Planned": 4,
                    "Workers Launched": 4,
                    "Single Copy": false,
                    "Plans": [
                        {
                            "Node Type": "Aggregate",
                            "Strategy": "Plain",
                            "Partial Mode": "Partial",
                            "Parent Relationship": "Outer",
                            "Parallel Aware": false,
                            "Startup Cost": 224228.93,
                            "Total Cost": 224228.94,
                            "Plan Rows": 1,
                            "Plan Width": 8,
                            "Actual Startup Time": 142.159,
                            "Actual Total Time": 142.161,
                            "Actual Rows": 1,
                            "Actual Loops": 5,
                            "Output": [
                                "PARTIAL count(*)"
                            ],
                            "Workers": [
                                {
                                    "Worker Number": 0,
                                    "Actual Startup Time": 139.677,
                                    "Actual Total Time": 139.678,
                                    "Actual Rows": 1,
                                    "Actual Loops": 1
                                },
                                {
                                    "Worker Number": 1,
                                    "Actual Startup Time": 139.607,
                                    "Actual Total Time": 139.609,
                                    "Actual Rows": 1,
                                    "Actual Loops": 1
                                },
                                {
                                    "Worker Number": 2,
                                    "Actual Startup Time": 139.592,
                                    "Actual Total Time": 139.593,
                                    "Actual Rows": 1,
                                    "Actual Loops": 1
                                },
                                {
                                    "Worker Number": 3,
                                    "Actual Startup Time": 140.601,
                                    "Actual Total Time": 140.603,
                                    "Actual Rows": 1,
                                    "Actual Loops": 1
                                }
                            ],
                            "Plans": [
                                {
                                    "Node Type": "Nested Loop",
                                    "Parent Relationship": "Outer",
                                    "Parallel Aware": false,
                                    "Join Type": "Inner",
                                    "Startup Cost": 0.43,
                                    "Total Cost": 224208.6,
                                    "Plan Rows": 8134,
                                    "Plan Width": 0,
                                    "Actual Startup Time": 0.563,
                                    "Actual Total Time": 141.49,
                                    "Actual Rows": 8446,
                                    "Actual Loops": 5,
                                    "Inner Unique": false,
                                    "Workers": [
                                        {
                                            "Worker Number": 0,
                                            "Actual Startup Time": 0.844,
                                            "Actual Total Time": 138.963,
                                            "Actual Rows": 6747,
                                            "Actual Loops": 1
                                        },
                                        {
                                            "Worker Number": 1,
                                            "Actual Startup Time": 0.367,
                                            "Actual Total Time": 138.997,
                                            "Actual Rows": 4992,
                                            "Actual Loops": 1
                                        },
                                        {
                                            "Worker Number": 2,
                                            "Actual Startup Time": 0.936,
                                            "Actual Total Time": 138.948,
                                            "Actual Rows": 5531,
                                            "Actual Loops": 1
                                        },
                                        {
                                            "Worker Number": 3,
                                            "Actual Startup Time": 0.539,
                                            "Actual Total Time": 140.033,
                                            "Actual Rows": 7707,
                                            "Actual Loops": 1
                                        }
                                    ],
                                    "Plans": [
                                        {
                                            "Node Type": "Seq Scan",
                                            "Parent Relationship": "Outer",
                                            "Parallel Aware": true,
                                            "Relation Name": "title",
                                            "Schema": "public",
                                            "Alias": "t",
                                            "Startup Cost": 0.0,
                                            "Total Cost": 45479.21,
                                            "Plan Rows": 3932,
                                            "Plan Width": 4,
                                            "Actual Startup Time": 0.369,
                                            "Actual Total Time": 72.8,
                                            "Actual Rows": 2367,
                                            "Actual Loops": 5,
                                            "Output": [
                                                "t.id",
                                                "t.title",
                                                "t.imdb_index",
                                                "t.kind_id",
                                                "t.production_year",
                                                "t.imdb_id",
                                                "t.phonetic_code",
                                                "t.episode_of_id",
                                                "t.season_nr",
                                                "t.episode_nr",
                                                "t.series_years",
                                                "t.md5sum"
                                            ],
                                            "Filter": "((t.kind_id < 7) AND (t.production_year = 1995))",
                                            "Rows Removed by Filter": 503295,
                                            "Workers": [
                                                {
                                                    "Worker Number": 0,
                                                    "Actual Startup Time": 0.613,
                                                    "Actual Total Time": 66.008,
                                                    "Actual Rows": 1538,
                                                    "Actual Loops": 1
                                                },
                                                {
                                                    "Worker Number": 1,
                                                    "Actual Startup Time": 0.115,
                                                    "Actual Total Time": 67.248,
                                                    "Actual Rows": 1546,
                                                    "Actual Loops": 1
                                                },
                                                {
                                                    "Worker Number": 2,
                                                    "Actual Startup Time": 0.673,
                                                    "Actual Total Time": 67.581,
                                                    "Actual Rows": 1567,
                                                    "Actual Loops": 1
                                                },
                                                {
                                                    "Worker Number": 3,
                                                    "Actual Startup Time": 0.329,
                                                    "Actual Total Time": 67.091,
                                                    "Actual Rows": 2258,
                                                    "Actual Loops": 1
                                                }
                                            ]
                                        },
                                        {
                                            "Node Type": "Index Scan",
                                            "Parent Relationship": "Inner",
                                            "Parallel Aware": false,
                                            "Scan Direction": "Forward",
                                            "Index Name": "movie_id_movie_info",
                                            "Relation Name": "movie_info",
                                            "Schema": "public",
                                            "Alias": "mi",
                                            "Startup Cost": 0.43,
                                            "Total Cost": 45.32,
                                            "Plan Rows": 14,
                                            "Plan Width": 4,
                                            "Actual Startup Time": 0.017,
                                            "Actual Total Time": 0.028,
                                            "Actual Rows": 4,
                                            "Actual Loops": 11835,
                                            "Output": [
                                                "mi.id",
                                                "mi.movie_id",
                                                "mi.info_type_id",
                                                "mi.info",
                                                "mi.note"
                                            ],
                                            "Index Cond": "(mi.movie_id = t.id)",
                                            "Rows Removed by Index Recheck": 0,
                                            "Filter": "(mi.info_type_id > 15)",
                                            "Rows Removed by Filter": 8,
                                            "Workers": [
                                                {
                                                    "Worker Number": 0,
                                                    "Actual Startup Time": 0.028,
                                                    "Actual Total Time": 0.046,
                                                    "Actual Rows": 4,
                                                    "Actual Loops": 1538
                                                },
                                                {
                                                    "Worker Number": 1,
                                                    "Actual Startup Time": 0.028,
                                                    "Actual Total Time": 0.045,
                                                    "Actual Rows": 3,
                                                    "Actual Loops": 1546
                                                },
                                                {
                                                    "Worker Number": 2,
                                                    "Actual Startup Time": 0.028,
                                                    "Actual Total Time": 0.044,
                                                    "Actual Rows": 4,
                                                    "Actual Loops": 1567
                                                },
                                                {
                                                    "Worker Number": 3,
                                                    "Actual Startup Time": 0.02,
                                                    "Actual Total Time": 0.032,
                                                    "Actual Rows": 3,
                                                    "Actual Loops": 2258
                                                }
                                            ]
                                        }
                                    ]
                                }
                            ]
                        }
                    ]
                }
            ]
        },
        "Planning Time": 179.969,
        "Triggers": [],
        "Execution Time": 171.07
    }
]