[
  {
    "Plan": {
      "Node Type": "Aggregate",
      "Strategy": "Plain",
      "Partial Mode": "Finalize",
      "Parallel Aware": false,
      "Startup Cost": 345556.46,
      "Total Cost": 345556.47,
      "Plan Rows": 1,
      "Plan Width": 8,
      "Actual Startup Time": 675.28,
      "Actual Total Time": 720.494,
      "Actual Rows": 1,
      "Actual Loops": 1,
      "Plans": [
        {
          "Node Type": "Gather",
          "Parent Relationship": "Outer",
          "Parallel Aware": false,
          "Startup Cost": 345555.84,
          "Total Cost": 345556.45,
          "Plan Rows": 6,
          "Plan Width": 8,
          "Actual Startup Time": 675.099,
          "Actual Total Time": 720.48,
          "Actual Rows": 7,
          "Actual Loops": 1,
          "Workers Planned": 6,
          "Workers Launched": 6,
          "Single Copy": false,
          "Plans": [
            {
              "Node Type": "Aggregate",
              "Strategy": "Plain",
              "Partial Mode": "Partial",
              "Parent Relationship": "Outer",
              "Parallel Aware": false,
              "Startup Cost": 344555.84,
              "Total Cost": 344555.85,
              "Plan Rows": 1,
              "Plan Width": 8,
              "Actual Startup Time": 665.174,
              "Actual Total Time": 665.176,
              "Actual Rows": 1,
              "Actual Loops": 7,
              "Plans": [
                {
                  "Node Type": "Seq Scan",
                  "Parent Relationship": "Outer",
                  "Parallel Aware": true,
                  "Relation Name": "cast_info",
                  "Alias": "ci",
                  "Startup Cost": 0.0,
                  "Total Cost": 343316.27,
                  "Plan Rows": 495826,
                  "Plan Width": 0,
                  "Actual Startup Time": 377.898,
                  "Actual Total Time": 650.645,
                  "Actual Rows": 273504,
                  "Actual Loops": 7,
                  "Filter": "((person_id < 661183) AND (role_id > 2))",
                  "Rows Removed by Filter": 4904259
                }
              ]
            }
          ]
        }
      ]
    },
    "Planning Time": 0.112,
    "Triggers": [],
    "Execution Time": 720.539
  }
]