[
  {
    "Plan": {
      "Node Type": "Aggregate",
      "Strategy": "Plain",
      "Partial Mode": "Finalize",
      "Parallel Aware": false,
      "Startup Cost": 192239.35,
      "Total Cost": 192239.36,
      "Plan Rows": 1,
      "Plan Width": 8,
      "Actual Startup Time": 473.451,
      "Actual Total Time": 497.09,
      "Actual Rows": 1,
      "Actual Loops": 1,
      "Plans": [
        {
          "Node Type": "Gather",
          "Parent Relationship": "Outer",
          "Parallel Aware": false,
          "Startup Cost": 192238.93,
          "Total Cost": 192239.34,
          "Plan Rows": 4,
          "Plan Width": 8,
          "Actual Startup Time": 470.537,
          "Actual Total Time": 497.079,
          "Actual Rows": 5,
          "Actual Loops": 1,
          "Workers Planned": 4,
          "Workers Launched": 4,
          "Single Copy": false,
          "Plans": [
            {
              "Node Type": "Aggregate",
              "Strategy": "Plain",
              "Partial Mode": "Partial",
              "Parent Relationship": "Outer",
              "Parallel Aware": false,
              "Startup Cost": 191238.93,
              "Total Cost": 191238.94,
              "Plan Rows": 1,
              "Plan Width": 8,
              "Actual Startup Time": 460.083,
              "Actual Total Time": 460.146,
              "Actual Rows": 1,
              "Actual Loops": 5,
              "Plans": [
                {
                  "Node Type": "Hash Join",
                  "Parent Relationship": "Outer",
                  "Parallel Aware": true,
                  "Join Type": "Inner",
                  "Startup Cost": 146203.64,
                  "Total Cost": 191125.35,
                  "Plan Rows": 45432,
                  "Plan Width": 0,
                  "Actual Startup Time": 307.677,
                  "Actual Total Time": 457.507,
                  "Actual Rows": 56413,
                  "Actual Loops": 5,
                  "Inner Unique": false,
                  "Hash Cond": "(t.id = mc.movie_id)",
                  "Plans": [
                    {
                      "Node Type": "Seq Scan",
                      "Parent Relationship": "Outer",
                      "Parallel Aware": true,
                      "Relation Name": "title",
                      "Alias": "t",
                      "Startup Cost": 0.0,
                      "Total Cost": 42318.73,
                      "Plan Rows": 632073,
                      "Plan Width": 4,
                      "Actual Startup Time": 0.016,
                      "Actual Total Time": 65.923,
                      "Actual Rows": 505662,
                      "Actual Loops": 5
                    },
                    {
                      "Node Type": "Hash",
                      "Parent Relationship": "Inner",
                      "Parallel Aware": true,
                      "Startup Cost": 145040.1,
                      "Total Cost": 145040.1,
                      "Plan Rows": 93083,
                      "Plan Width": 8,
                      "Actual Startup Time": 304.787,
                      "Actual Total Time": 304.847,
                      "Actual Rows": 56413,
                      "Actual Loops": 5,
                      "Hash Buckets": 524288,
                      "Original Hash Buckets": 524288,
                      "Hash Batches": 1,
                      "Original Hash Batches": 1,
                      "Peak Memory Usage": 15232,
                      "Plans": [
                        {
                          "Node Type": "Hash Join",
                          "Parent Relationship": "Outer",
                          "Parallel Aware": true,
                          "Join Type": "Inner",
                          "Startup Cost": 33358.9,
                          "Total Cost": 145040.1,
                          "Plan Rows": 93083,
                          "Plan Width": 8,
                          "Actual Startup Time": 145.435,
                          "Actual Total Time": 287.548,
                          "Actual Rows": 56413,
                          "Actual Loops": 5,
                          "Inner Unique": false,
                          "Hash Cond": "(ci.movie_id = mc.movie_id)",
                          "Plans": [
                            {
                              "Node Type": "Index Scan",
                              "Parent Relationship": "Outer",
                              "Parallel Aware": true,
                              "Scan Direction": "Forward",
                              "Index Name": "role_id_cast_info",
                              "Relation Name": "cast_info",
                              "Alias": "ci",
                              "Startup Cost": 0.56,
                              "Total Cost": 110428.26,
                              "Plan Rows": 190649,
                              "Plan Width": 4,
                              "Actual Startup Time": 49.758,
                              "Actual Total Time": 134.33,
                              "Actual Rows": 285431,
                              "Actual Loops": 5,
                              "Index Cond": "(role_id = 3)",
                              "Rows Removed by Index Recheck": 0,
                              "Filter": "(person_id > 2840471)",
                              "Rows Removed by Filter": 516176
                            },
                            {
                              "Node Type": "Hash",
                              "Parent Relationship": "Inner",
                              "Parallel Aware": true,
                              "Startup Cost": 31414.82,
                              "Total Cost": 31414.82,
                              "Plan Rows": 155481,
                              "Plan Width": 4,
                              "Actual Startup Time": 94.011,
                              "Actual Total Time": 94.022,
                              "Actual Rows": 55845,
                              "Actual Loops": 5,
                              "Hash Buckets": 524288,
                              "Original Hash Buckets": 524288,
                              "Hash Batches": 1,
                              "Original Hash Batches": 1,
                              "Peak Memory Usage": 15104,
                              "Plans": [
                                {
                                  "Node Type": "Seq Scan",
                                  "Parent Relationship": "Outer",
                                  "Parallel Aware": true,
                                  "Relation Name": "movie_companies",
                                  "Alias": "mc",
                                  "Startup Cost": 0.0,
                                  "Total Cost": 31414.82,
                                  "Plan Rows": 155481,
                                  "Plan Width": 4,
                                  "Actual Startup Time": 45.425,
                                  "Actual Total Time": 71.364,
                                  "Actual Rows": 55845,
                                  "Actual Loops": 5,
                                  "Filter": "((company_id < 3685) AND (company_type_id > 1))",
                                  "Rows Removed by Filter": 465981
                                }
                              ]
                            }
                          ]
                        }
                      ]
                    }
                  ]
                }
              ]
            }
          ]
        }
      ]
    },
    "Planning Time": 1.411,
    "Triggers": [],
    "Execution Time": 497.183
  }
]