{
  "Plan": {
    "Node Type": "Aggregate",
    "Strategy": "Plain",
    "Partial Mode": "Finalize",
    "Parallel Aware": false,
    "Startup Cost": 316672.86,
    "Total Cost": 316672.87,
    "Plan Rows": 1,
    "Plan Width": 8,
    "Actual Startup Time": 624.586,
    "Actual Total Time": 642.186,
    "Actual Rows": 1,
    "Actual Loops": 1,
    "Plans": [
      {
        "Node Type": "Gather",
        "Parent Relationship": "Outer",
        "Parallel Aware": false,
        "Startup Cost": 316672.75,
        "Total Cost": 316672.86,
        "Plan Rows": 1,
        "Plan Width": 8,
        "Actual Startup Time": 619.735,
        "Actual Total Time": 642.179,
        "Actual Rows": 2,
        "Actual Loops": 1,
        "Workers Planned": 1,
        "Workers Launched": 1,
        "Single Copy": false,
        "Plans": [
          {
            "Node Type": "Aggregate",
            "Strategy": "Plain",
            "Partial Mode": "Partial",
            "Parent Relationship": "Outer",
            "Parallel Aware": false,
            "Startup Cost": 315672.75,
            "Total Cost": 315672.76,
            "Plan Rows": 1,
            "Plan Width": 8,
            "Actual Startup Time": 607.483,
            "Actual Total Time": 607.486,
            "Actual Rows": 1,
            "Actual Loops": 2,
            "Plans": [
              {
                "Node Type": "Hash Join",
                "Parent Relationship": "Outer",
                "Parallel Aware": true,
                "Join Type": "Inner",
                "Startup Cost": 76377.27,
                "Total Cost": 315514.59,
                "Plan Rows": 63265,
                "Plan Width": 0,
                "Actual Startup Time": 587.571,
                "Actual Total Time": 606.574,
                "Actual Rows": 19930,
                "Actual Loops": 2,
                "Inner Unique": true,
                "Hash Cond": "(ci.movie_id = t.id)",
                "Plans": [
                  {
                    "Node Type": "Bitmap Heap Scan",
                    "Parent Relationship": "Outer",
                    "Parallel Aware": true,
                    "Relation Name": "cast_info",
                    "Alias": "ci",
                    "Startup Cost": 3713.58,
                    "Total Cost": 242680.09,
                    "Plan Rows": 65068,
                    "Plan Width": 4,
                    "Actual Startup Time": 11.113,
                    "Actual Total Time": 15.522,
                    "Actual Rows": 20212,
                    "Actual Loops": 2,
                    "Recheck Cond": "(person_id < 20421)",
                    "Rows Removed by Index Recheck": 0,
                    "Filter": "(role_id > 1)",
                    "Rows Removed by Filter": 59761,
                    "Exact Heap Blocks": 979,
                    "Lossy Heap Blocks": 0,
                    "Plans": [
                      {
                        "Node Type": "Bitmap Index Scan",
                        "Parent Relationship": "Outer",
                        "Parallel Aware": false,
                        "Index Name": "person_id_cast_info",
                        "Startup Cost": 0.0,
                        "Total Cost": 3685.93,
                        "Plan Rows": 168715,
                        "Plan Width": 0,
                        "Actual Startup Time": 5.282,
                        "Actual Total Time": 5.283,
                        "Actual Rows": 159945,
                        "Actual Loops": 1,
                        "Index Cond": "(person_id < 20421)"
                      }
                    ]
                  },
                  {
                    "Node Type": "Hash",
                    "Parent Relationship": "Inner",
                    "Parallel Aware": true,
                    "Startup Cost": 54588.39,
                    "Total Cost": 54588.39,
                    "Plan Rows": 1446024,
                    "Plan Width": 4,
                    "Actual Startup Time": 554.94,
                    "Actual Total Time": 554.941,
                    "Actual Rows": 1228109,
                    "Actual Loops": 2,
                    "Hash Buckets": 4194304,
                    "Original Hash Buckets": 4194304,
                    "Hash Batches": 1,
                    "Original Hash Batches": 1,
                    "Peak Memory Usage": 128896,
                    "Plans": [
                      {
                        "Node Type": "Seq Scan",
                        "Parent Relationship": "Outer",
                        "Parallel Aware": true,
                        "Relation Name": "title",
                        "Alias": "t",
                        "Startup Cost": 0.0,
                        "Total Cost": 54588.39,
                        "Plan Rows": 1446024,
                        "Plan Width": 4,
                        "Actual Startup Time": 0.027,
                        "Actual Total Time": 185.55,
                        "Actual Rows": 1228109,
                        "Actual Loops": 2,
                        "Filter": "(production_year > 0)",
                        "Rows Removed by Filter": 36047
                      }
                    ]
                  }
                ]
              }
            ]
          }
        ]
      }
    ]
  },
  "Planning Time": 0.807,
  "Triggers": [],
  "Execution Time": 642.28
}