[
  {
    "Plan": {
      "Node Type": "Aggregate",
      "Strategy": "Plain",
      "Partial Mode": "Finalize",
      "Parallel Aware": false,
      "Startup Cost": 197599.99,
      "Total Cost": 197600.0,
      "Plan Rows": 1,
      "Plan Width": 8,
      "Actual Startup Time": 1641.638,
      "Actual Total Time": 1760.08,
      "Actual Rows": 1,
      "Actual Loops": 1,
      "Plans": [
        {
          "Node Type": "Gather",
          "Parent Relationship": "Outer",
          "Parallel Aware": false,
          "Startup Cost": 197599.57,
          "Total Cost": 197599.98,
          "Plan Rows": 4,
          "Plan Width": 8,
          "Actual Startup Time": 1638.009,
          "Actual Total Time": 1760.066,
          "Actual Rows": 5,
          "Actual Loops": 1,
          "Workers Planned": 4,
          "Workers Launched": 4,
          "Single Copy": false,
          "Plans": [
            {
              "Node Type": "Aggregate",
              "Strategy": "Plain",
              "Partial Mode": "Partial",
              "Parent Relationship": "Outer",
              "Parallel Aware": false,
              "Startup Cost": 196599.57,
              "Total Cost": 196599.58,
              "Plan Rows": 1,
              "Plan Width": 8,
              "Actual Startup Time": 1631.449,
              "Actual Total Time": 1631.453,
              "Actual Rows": 1,
              "Actual Loops": 5,
              "Plans": [
                {
                  "Node Type": "Nested Loop",
                  "Parent Relationship": "Outer",
                  "Parallel Aware": false,
                  "Join Type": "Inner",
                  "Startup Cost": 17538.78,
                  "Total Cost": 196465.55,
                  "Plan Rows": 53608,
                  "Plan Width": 0,
                  "Actual Startup Time": 85.347,
                  "Actual Total Time": 1627.023,
                  "Actual Rows": 39993,
                  "Actual Loops": 5,
                  "Inner Unique": false,
                  "Plans": [
                    {
                      "Node Type": "Hash Join",
                      "Parent Relationship": "Outer",
                      "Parallel Aware": true,
                      "Join Type": "Inner",
                      "Startup Cost": 17538.22,
                      "Total Cost": 64123.82,
                      "Plan Rows": 44940,
                      "Plan Width": 8,
                      "Actual Startup Time": 84.456,
                      "Actual Total Time": 291.315,
                      "Actual Rows": 25342,
                      "Actual Loops": 5,
                      "Inner Unique": false,
                      "Hash Cond": "(t.id = mi_idx.movie_id)",
                      "Plans": [
                        {
                          "Node Type": "Seq Scan",
                          "Parent Relationship": "Outer",
                          "Parallel Aware": true,
                          "Relation Name": "title",
                          "Alias": "t",
                          "Startup Cost": 0.0,
                          "Total Cost": 45479.59,
                          "Plan Rows": 245003,
                          "Plan Width": 4,
                          "Actual Startup Time": 0.018,
                          "Actual Total Time": 98.228,
                          "Actual Rows": 211518,
                          "Actual Loops": 5,
                          "Filter": "((kind_id > 1) AND (production_year > 2001))",
                          "Rows Removed by Filter": 294145
                        },
                        {
                          "Node Type": "Hash",
                          "Parent Relationship": "Inner",
                          "Parallel Aware": true,
                          "Startup Cost": 15122.68,
                          "Total Cost": 15122.68,
                          "Plan Rows": 193243,
                          "Plan Width": 4,
                          "Actual Startup Time": 82.009,
                          "Actual Total Time": 82.01,
                          "Actual Rows": 91985,
                          "Actual Loops": 5,
                          "Hash Buckets": 524288,
                          "Original Hash Buckets": 524288,
                          "Hash Batches": 1,
                          "Original Hash Batches": 1,
                          "Peak Memory Usage": 22176,
                          "Plans": [
                            {
                              "Node Type": "Seq Scan",
                              "Parent Relationship": "Outer",
                              "Parallel Aware": true,
                              "Relation Name": "movie_info_idx",
                              "Alias": "mi_idx",
                              "Startup Cost": 0.0,
                              "Total Cost": 15122.68,
                              "Plan Rows": 193243,
                              "Plan Width": 4,
                              "Actual Startup Time": 0.058,
                              "Actual Total Time": 42.08,
                              "Actual Rows": 91985,
                              "Actual Loops": 5,
                              "Filter": "(info_type_id = 101)",
                              "Rows Removed by Filter": 184022
                            }
                          ]
                        }
                      ]
                    },
                    {
                      "Node Type": "Index Scan",
                      "Parent Relationship": "Inner",
                      "Parallel Aware": false,
                      "Scan Direction": "Forward",
                      "Index Name": "movie_id_cast_info",
                      "Relation Name": "cast_info",
                      "Alias": "ci",
                      "Startup Cost": 0.56,
                      "Total Cost": 2.91,
                      "Plan Rows": 3,
                      "Plan Width": 4,
                      "Actual Startup Time": 0.045,
                      "Actual Total Time": 0.052,
                      "Actual Rows": 2,
                      "Actual Loops": 126711,
                      "Index Cond": "(movie_id = t.id)",
                      "Rows Removed by Index Recheck": 0,
                      "Filter": "((person_id < 1933156) AND (role_id > 8))",
                      "Rows Removed by Filter": 31
                    }
                  ]
                }
              ]
            }
          ]
        }
      ]
    },
    "Planning Time": 0.943,
    "Triggers": [],
    "Execution Time": 1760.177
  }
]