[
    {
        "Bao": {
            "Bao prediction": "NaN",
            "Bao recommended hint": "(no hint)"
        }
    },
    {
        "Plan": {
            "Node Type": "Aggregate",
            "Strategy": "Plain",
            "Partial Mode": "Finalize",
            "Parallel Aware": false,
            "Startup Cost": 26966.71,
            "Total Cost": 26966.72,
            "Plan Rows": 1,
            "Plan Width": 8,
            "Actual Startup Time": 53.684,
            "Actual Total Time": 57.19,
            "Actual Rows": 1,
            "Actual Loops": 1,
            "Output": [
                "count(*)"
            ],
            "Plans": [
                {
                    "Node Type": "Gather",
                    "Parent Relationship": "Outer",
                    "Parallel Aware": false,
                    "Startup Cost": 26966.4,
                    "Total Cost": 26966.71,
                    "Plan Rows": 3,
                    "Plan Width": 8,
                    "Actual Startup Time": 53.561,
                    "Actual Total Time": 57.182,
                    "Actual Rows": 4,
                    "Actual Loops": 1,
                    "Output": [
                        "(PARTIAL count(*))"
                    ],
                    "Workers Planned": 3,
                    "Workers Launched": 3,
                    "Single Copy": false,
                    "Plans": [
                        {
                            "Node Type": "Aggregate",
                            "Strategy": "Plain",
                            "Partial Mode": "Partial",
                            "Parent Relationship": "Outer",
                            "Parallel Aware": false,
                            "Startup Cost": 25966.4,
                            "Total Cost": 25966.41,
                            "Plan Rows": 1,
                            "Plan Width": 8,
                            "Actual Startup Time": 44.221,
                            "Actual Total Time": 44.223,
                            "Actual Rows": 1,
                            "Actual Loops": 4,
                            "Output": [
                                "PARTIAL count(*)"
                            ],
                            "Workers": [
                                {
                                    "Worker Number": 0,
                                    "Actual Startup Time": 41.148,
                                    "Actual Total Time": 41.155,
                                    "Actual Rows": 1,
                                    "Actual Loops": 1
                                },
                                {
                                    "Worker Number": 1,
                                    "Actual Startup Time": 41.187,
                                    "Actual Total Time": 41.188,
                                    "Actual Rows": 1,
                                    "Actual Loops": 1
                                },
                                {
                                    "Worker Number": 2,
                                    "Actual Startup Time": 41.307,
                                    "Actual Total Time": 41.308,
                                    "Actual Rows": 1,
                                    "Actual Loops": 1
                                }
                            ],
                            "Plans": [
                                {
                                    "Node Type": "Bitmap Heap Scan",
                                    "Parent Relationship": "Outer",
                                    "Parallel Aware": true,
                                    "Relation Name": "movie_companies",
                                    "Schema": "public",
                                    "Alias": "mc",
                                    "Startup Cost": 5866.48,
                                    "Total Cost": 25748.08,
                                    "Plan Rows": 87328,
                                    "Plan Width": 0,
                                    "Actual Startup Time": 10.089,
                                    "Actual Total Time": 39.266,
                                    "Actual Rows": 68302,
                                    "Actual Loops": 4,
                                    "Recheck Cond": "(mc.company_id > 96965)",
                                    "Rows Removed by Index Recheck": 0,
                                    "Exact Heap Blocks": 2749,
                                    "Lossy Heap Blocks": 0,
                                    "Workers": [
                                        {
                                            "Worker Number": 0,
                                            "Actual Startup Time": 7.081,
                                            "Actual Total Time": 36.632,
                                            "Actual Rows": 39482,
                                            "Actual Loops": 1
                                        },
                                        {
                                            "Worker Number": 1,
                                            "Actual Startup Time": 7.242,
                                            "Actual Total Time": 36.808,
                                            "Actual Rows": 36421,
                                            "Actual Loops": 1
                                        },
                                        {
                                            "Worker Number": 2,
                                            "Actual Startup Time": 7.13,
                                            "Actual Total Time": 36.938,
                                            "Actual Rows": 37534,
                                            "Actual Loops": 1
                                        }
                                    ],
                                    "Plans": [
                                        {
                                            "Node Type": "Bitmap Index Scan",
                                            "Parent Relationship": "Outer",
                                            "Parallel Aware": false,
                                            "Index Name": "company_id_movie_companies",
                                            "Startup Cost": 0.0,
                                            "Total Cost": 5798.8,
                                            "Plan Rows": 270716,
                                            "Plan Width": 0,
                                            "Actual Startup Time": 17.963,
                                            "Actual Total Time": 17.963,
                                            "Actual Rows": 273210,
                                            "Actual Loops": 1,
                                            "Index Cond": "(mc.company_id > 96965)"
                                        }
                                    ]
                                }
                            ]
                        }
                    ]
                }
            ]
        },
        "Planning Time": 210.204,
        "Triggers": [],
        "Execution Time": 57.244
    }
]