[
  {
    "Plan": {
      "Node Type": "Aggregate",
      "Strategy": "Plain",
      "Partial Mode": "Finalize",
      "Parallel Aware": false,
      "Startup Cost": 19481.82,
      "Total Cost": 19481.83,
      "Plan Rows": 1,
      "Plan Width": 8,
      "Actual Startup Time": 16.118,
      "Actual Total Time": 18.915,
      "Actual Rows": 1,
      "Actual Loops": 1,
      "Plans": [
        {
          "Node Type": "Gather",
          "Parent Relationship": "Outer",
          "Parallel Aware": false,
          "Startup Cost": 19481.61,
          "Total Cost": 19481.82,
          "Plan Rows": 2,
          "Plan Width": 8,
          "Actual Startup Time": 16.045,
          "Actual Total Time": 18.91,
          "Actual Rows": 3,
          "Actual Loops": 1,
          "Workers Planned": 2,
          "Workers Launched": 2,
          "Single Copy": false,
          "Plans": [
            {
              "Node Type": "Aggregate",
              "Strategy": "Plain",
              "Partial Mode": "Partial",
              "Parent Relationship": "Outer",
              "Parallel Aware": false,
              "Startup Cost": 18481.61,
              "Total Cost": 18481.62,
              "Plan Rows": 1,
              "Plan Width": 8,
              "Actual Startup Time": 13.358,
              "Actual Total Time": 13.36,
              "Actual Rows": 1,
              "Actual Loops": 3,
              "Plans": [
                {
                  "Node Type": "Nested Loop",
                  "Parent Relationship": "Outer",
                  "Parallel Aware": false,
                  "Join Type": "Inner",
                  "Startup Cost": 104.66,
                  "Total Cost": 18479.21,
                  "Plan Rows": 959,
                  "Plan Width": 0,
                  "Actual Startup Time": 0.686,
                  "Actual Total Time": 13.222,
                  "Actual Rows": 1241,
                  "Actual Loops": 3,
                  "Inner Unique": true,
                  "Plans": [
                    {
                      "Node Type": "Bitmap Heap Scan",
                      "Parent Relationship": "Outer",
                      "Parallel Aware": true,
                      "Relation Name": "movie_companies",
                      "Alias": "mc",
                      "Startup Cost": 104.23,
                      "Total Cost": 10929.63,
                      "Plan Rows": 959,
                      "Plan Width": 4,
                      "Actual Startup Time": 0.632,
                      "Actual Total Time": 3.724,
                      "Actual Rows": 1241,
                      "Actual Loops": 3,
                      "Recheck Cond": "(company_id = 312)",
                      "Rows Removed by Index Recheck": 0,
                      "Filter": "(company_type_id = 1)",
                      "Rows Removed by Filter": 87,
                      "Exact Heap Blocks": 1367,
                      "Lossy Heap Blocks": 0,
                      "Plans": [
                        {
                          "Node Type": "Bitmap Index Scan",
                          "Parent Relationship": "Outer",
                          "Parallel Aware": false,
                          "Index Name": "company_id_movie_companies",
                          "Startup Cost": 0.0,
                          "Total Cost": 103.65,
                          "Plan Rows": 4696,
                          "Plan Width": 0,
                          "Actual Startup Time": 1.43,
                          "Actual Total Time": 1.43,
                          "Actual Rows": 3982,
                          "Actual Loops": 1,
                          "Index Cond": "(company_id = 312)"
                        }
                      ]
                    },
                    {
                      "Node Type": "Index Only Scan",
                      "Parent Relationship": "Inner",
                      "Parallel Aware": false,
                      "Scan Direction": "Forward",
                      "Index Name": "title_pkey",
                      "Relation Name": "title",
                      "Alias": "t",
                      "Startup Cost": 0.43,
                      "Total Cost": 7.87,
                      "Plan Rows": 1,
                      "Plan Width": 4,
                      "Actual Startup Time": 0.007,
                      "Actual Total Time": 0.007,
                      "Actual Rows": 1,
                      "Actual Loops": 3722,
                      "Index Cond": "(id = mc.movie_id)",
                      "Rows Removed by Index Recheck": 0,
                      "Heap Fetches": 3722
                    }
                  ]
                }
              ]
            }
          ]
        }
      ]
    },
    "Planning Time": 0.266,
    "Triggers": [],
    "Execution Time": 18.951
  }
]