[
  {
    "Plan": {
      "Node Type": "Aggregate",
      "Strategy": "Plain",
      "Partial Mode": "Finalize",
      "Parallel Aware": false,
      "Startup Cost": 76054.72,
      "Total Cost": 76054.73,
      "Plan Rows": 1,
      "Plan Width": 8,
      "Actual Startup Time": 260.05,
      "Actual Total Time": 274.769,
      "Actual Rows": 1,
      "Actual Loops": 1,
      "Plans": [
        {
          "Node Type": "Gather",
          "Parent Relationship": "Outer",
          "Parallel Aware": false,
          "Startup Cost": 76054.4,
          "Total Cost": 76054.71,
          "Plan Rows": 3,
          "Plan Width": 8,
          "Actual Startup Time": 259.68,
          "Actual Total Time": 274.743,
          "Actual Rows": 4,
          "Actual Loops": 1,
          "Workers Planned": 3,
          "Workers Launched": 3,
          "Single Copy": false,
          "Plans": [
            {
              "Node Type": "Aggregate",
              "Strategy": "Plain",
              "Partial Mode": "Partial",
              "Parent Relationship": "Outer",
              "Parallel Aware": false,
              "Startup Cost": 75054.4,
              "Total Cost": 75054.41,
              "Plan Rows": 1,
              "Plan Width": 8,
              "Actual Startup Time": 251.154,
              "Actual Total Time": 251.157,
              "Actual Rows": 1,
              "Actual Loops": 4,
              "Plans": [
                {
                  "Node Type": "Hash Join",
                  "Parent Relationship": "Outer",
                  "Parallel Aware": true,
                  "Join Type": "Inner",
                  "Startup Cost": 45604.99,
                  "Total Cost": 75020.88,
                  "Plan Rows": 13411,
                  "Plan Width": 0,
                  "Actual Startup Time": 109.798,
                  "Actual Total Time": 250.729,
                  "Actual Rows": 6063,
                  "Actual Loops": 4,
                  "Inner Unique": true,
                  "Hash Cond": "(mc.movie_id = t.id)",
                  "Plans": [
                    {
                      "Node Type": "Seq Scan",
                      "Parent Relationship": "Outer",
                      "Parallel Aware": true,
                      "Relation Name": "movie_companies",
                      "Alias": "mc",
                      "Startup Cost": 0.0,
                      "Total Cost": 27206.55,
                      "Plan Rows": 841655,
                      "Plan Width": 4,
                      "Actual Startup Time": 0.018,
                      "Actual Total Time": 65.338,
                      "Actual Rows": 652282,
                      "Actual Loops": 4
                    },
                    {
                      "Node Type": "Hash",
                      "Parent Relationship": "Inner",
                      "Parallel Aware": true,
                      "Startup Cost": 45479.1,
                      "Total Cost": 45479.1,
                      "Plan Rows": 10071,
                      "Plan Width": 4,
                      "Actual Startup Time": 108.028,
                      "Actual Total Time": 108.029,
                      "Actual Rows": 10746,
                      "Actual Loops": 4,
                      "Hash Buckets": 65536,
                      "Original Hash Buckets": 65536,
                      "Hash Batches": 1,
                      "Original Hash Batches": 1,
                      "Peak Memory Usage": 2272,
                      "Plans": [
                        {
                          "Node Type": "Seq Scan",
                          "Parent Relationship": "Outer",
                          "Parallel Aware": true,
                          "Relation Name": "title",
                          "Alias": "t",
                          "Startup Cost": 0.0,
                          "Total Cost": 45479.1,
                          "Plan Rows": 10071,
                          "Plan Width": 4,
                          "Actual Startup Time": 0.043,
                          "Actual Total Time": 102.493,
                          "Actual Rows": 10746,
                          "Actual Loops": 4,
                          "Filter": "((kind_id > 1) AND (production_year = 1999))",
                          "Rows Removed by Filter": 621332
                        }
                      ]
                    }
                  ]
                }
              ]
            }
          ]
        }
      ]
    },
    "Planning Time": 0.631,
    "Triggers": [],
    "Execution Time": 274.836
  }
]