[
  {
    "Plan": {
      "Node Type": "Aggregate",
      "Strategy": "Plain",
      "Partial Mode": "Finalize",
      "Parallel Aware": false,
      "Startup Cost": 45917.83,
      "Total Cost": 45917.84,
      "Plan Rows": 1,
      "Plan Width": 8,
      "Actual Startup Time": 152.421,
      "Actual Total Time": 162.418,
      "Actual Rows": 1,
      "Actual Loops": 1,
      "Plans": [
        {
          "Node Type": "Gather",
          "Parent Relationship": "Outer",
          "Parallel Aware": false,
          "Startup Cost": 45917.51,
          "Total Cost": 45917.82,
          "Plan Rows": 3,
          "Plan Width": 8,
          "Actual Startup Time": 152.294,
          "Actual Total Time": 162.41,
          "Actual Rows": 4,
          "Actual Loops": 1,
          "Workers Planned": 3,
          "Workers Launched": 3,
          "Single Copy": false,
          "Plans": [
            {
              "Node Type": "Aggregate",
              "Strategy": "Plain",
              "Partial Mode": "Partial",
              "Parent Relationship": "Outer",
              "Parallel Aware": false,
              "Startup Cost": 44917.51,
              "Total Cost": 44917.52,
              "Plan Rows": 1,
              "Plan Width": 8,
              "Actual Startup Time": 146.997,
              "Actual Total Time": 146.998,
              "Actual Rows": 1,
              "Actual Loops": 4,
              "Plans": [
                {
                  "Node Type": "Seq Scan",
                  "Parent Relationship": "Outer",
                  "Parallel Aware": true,
                  "Relation Name": "movie_keyword",
                  "Alias": "mk",
                  "Startup Cost": 0.0,
                  "Total Cost": 42695.65,
                  "Plan Rows": 888744,
                  "Plan Width": 0,
                  "Actual Startup Time": 0.278,
                  "Actual Total Time": 116.694,
                  "Actual Rows": 685956,
                  "Actual Loops": 4,
                  "Filter": "(keyword_id > 2879)",
                  "Rows Removed by Filter": 445026
                }
              ]
            }
          ]
        }
      ]
    },
    "Planning Time": 0.123,
    "Triggers": [],
    "Execution Time": 162.462
  }
]