[
  {
    "Plan": {
      "Node Type": "Aggregate",
      "Strategy": "Plain",
      "Partial Mode": "Finalize",
      "Parallel Aware": false,
      "Startup Cost": 490798.06,
      "Total Cost": 490798.07,
      "Plan Rows": 1,
      "Plan Width": 96,
      "Actual Startup Time": 3219.481,
      "Actual Total Time": 3359.445,
      "Actual Rows": 1,
      "Actual Loops": 1,
      "Plans": [
        {
          "Node Type": "Gather",
          "Parent Relationship": "Outer",
          "Parallel Aware": false,
          "Startup Cost": 490797.62,
          "Total Cost": 490798.03,
          "Plan Rows": 4,
          "Plan Width": 96,
          "Actual Startup Time": 3218.666,
          "Actual Total Time": 3359.429,
          "Actual Rows": 5,
          "Actual Loops": 1,
          "Workers Planned": 4,
          "Workers Launched": 4,
          "Single Copy": false,
          "Plans": [
            {
              "Node Type": "Aggregate",
              "Strategy": "Plain",
              "Partial Mode": "Partial",
              "Parent Relationship": "Outer",
              "Parallel Aware": false,
              "Startup Cost": 489797.62,
              "Total Cost": 489797.63,
              "Plan Rows": 1,
              "Plan Width": 96,
              "Actual Startup Time": 3208.578,
              "Actual Total Time": 3208.589,
              "Actual Rows": 1,
              "Actual Loops": 5,
              "Plans": [
                {
                  "Node Type": "Hash Join",
                  "Parent Relationship": "Outer",
                  "Parallel Aware": true,
                  "Join Type": "Inner",
                  "Startup Cost": 444426.62,
                  "Total Cost": 489797.51,
                  "Plan Rows": 14,
                  "Plan Width": 48,
                  "Actual Startup Time": 3059.104,
                  "Actual Total Time": 3208.384,
                  "Actual Rows": 510,
                  "Actual Loops": 5,
                  "Inner Unique": false,
                  "Hash Cond": "(t.id = mk.movie_id)",
                  "Plans": [
                    {
                      "Node Type": "Seq Scan",
                      "Parent Relationship": "Outer",
                      "Parallel Aware": true,
                      "Relation Name": "title",
                      "Alias": "t",
                      "Startup Cost": 0.0,
                      "Total Cost": 43898.62,
                      "Plan Rows": 392601,
                      "Plan Width": 21,
                      "Actual Startup Time": 0.055,
                      "Actual Total Time": 119.61,
                      "Actual Rows": 314114,
                      "Actual Loops": 5,
                      "Filter": "(production_year > 1996)",
                      "Rows Removed by Filter": 191549
                    },
                    {
                      "Node Type": "Hash",
                      "Parent Relationship": "Inner",
                      "Parallel Aware": true,
                      "Startup Cost": 444426.42,
                      "Total Cost": 444426.42,
                      "Plan Rows": 16,
                      "Plan Width": 39,
                      "Actual Startup Time": 3048.88,
                      "Actual Total Time": 3048.889,
                      "Actual Rows": 832,
                      "Actual Loops": 5,
                      "Hash Buckets": 8192,
                      "Original Hash Buckets": 1024,
                      "Hash Batches": 1,
                      "Original Hash Batches": 1,
                      "Peak Memory Usage": 536,
                      "Plans": [
                        {
                          "Node Type": "Hash Join",
                          "Parent Relationship": "Outer",
                          "Parallel Aware": true,
                          "Join Type": "Inner",
                          "Startup Cost": 115278.9,
                          "Total Cost": 444426.42,
                          "Plan Rows": 16,
                          "Plan Width": 39,
                          "Actual Startup Time": 612.366,
                          "Actual Total Time": 2212.099,
                          "Actual Rows": 832,
                          "Actual Loops": 5,
                          "Inner Unique": false,
                          "Hash Cond": "(ci.movie_id = mk.movie_id)",
                          "Plans": [
                            {
                              "Node Type": "Hash Join",
                              "Parent Relationship": "Outer",
                              "Parallel Aware": true,
                              "Join Type": "Inner",
                              "Startup Cost": 68767.12,
                              "Total Cost": 397685.88,
                              "Plan Rows": 60991,
                              "Plan Width": 19,
                              "Actual Startup Time": 212.175,
                              "Actual Total Time": 1854.701,
                              "Actual Rows": 16215,
                              "Actual Loops": 5,
                              "Inner Unique": true,
                              "Hash Cond": "(ci.person_id = n.id)",
                              "Plans": [
                                {
                                  "Node Type": "Seq Scan",
                                  "Parent Relationship": "Outer",
                                  "Parallel Aware": true,
                                  "Relation Name": "cast_info",
                                  "Alias": "ci",
                                  "Startup Cost": 0.0,
                                  "Total Cost": 313068.58,
                                  "Plan Rows": 6038158,
                                  "Plan Width": 8,
                                  "Actual Startup Time": 0.024,
                                  "Actual Total Time": 966.601,
                                  "Actual Rows": 7248869,
                                  "Actual Loops": 5
                                },
                                {
                                  "Node Type": "Hash",
                                  "Parent Relationship": "Inner",
                                  "Parallel Aware": true,
                                  "Startup Cost": 68635.58,
                                  "Total Cost": 68635.58,
                                  "Plan Rows": 10523,
                                  "Plan Width": 19,
                                  "Actual Startup Time": 192.414,
                                  "Actual Total Time": 192.416,
                                  "Actual Rows": 2076,
                                  "Actual Loops": 5,
                                  "Hash Buckets": 65536,
                                  "Original Hash Buckets": 65536,
                                  "Hash Batches": 1,
                                  "Original Hash Batches": 1,
                                  "Peak Memory Usage": 1184,
                                  "Plans": [
                                    {
                                      "Node Type": "Seq Scan",
                                      "Parent Relationship": "Outer",
                                      "Parallel Aware": true,
                                      "Relation Name": "name",
                                      "Alias": "n",
                                      "Startup Cost": 0.0,
                                      "Total Cost": 68635.58,
                                      "Plan Rows": 10523,
                                      "Plan Width": 19,
                                      "Actual Startup Time": 1.546,
                                      "Actual Total Time": 189.604,
                                      "Actual Rows": 2076,
                                      "Actual Loops": 5,
                                      "Filter": "(name ~~ '%Brown,%'::text)",
                                      "Rows Removed by Filter": 831422
                                    }
                                  ]
                                }
                              ]
                            },
                            {
                              "Node Type": "Hash",
                              "Parent Relationship": "Inner",
                              "Parallel Aware": true,
                              "Startup Cost": 46510.69,
                              "Total Cost": 46510.69,
                              "Plan Rows": 87,
                              "Plan Width": 20,
                              "Actual Startup Time": 351.995,
                              "Actual Total Time": 351.998,
                              "Actual Rows": 5541,
                              "Actual Loops": 5,
                              "Hash Buckets": 32768,
                              "Original Hash Buckets": 1024,
                              "Hash Batches": 1,
                              "Original Hash Batches": 1,
                              "Peak Memory Usage": 1912,
                              "Plans": [
                                {
                                  "Node Type": "Hash Join",
                                  "Parent Relationship": "Outer",
                                  "Parallel Aware": false,
                                  "Join Type": "Inner",
                                  "Startup Cost": 3632.5,
                                  "Total Cost": 46510.69,
                                  "Plan Rows": 87,
                                  "Plan Width": 20,
                                  "Actual Startup Time": 44.86,
                                  "Actual Total Time": 267.792,
                                  "Actual Rows": 5541,
                                  "Actual Loops": 5,
                                  "Inner Unique": true,
                                  "Hash Cond": "(mk.keyword_id = k.id)",
                                  "Plans": [
                                    {
                                      "Node Type": "Seq Scan",
                                      "Parent Relationship": "Outer",
                                      "Parallel Aware": true,
                                      "Relation Name": "movie_keyword",
                                      "Alias": "mk",
                                      "Startup Cost": 0.0,
                                      "Total Cost": 39047.32,
                                      "Plan Rows": 1459332,
                                      "Plan Width": 8,
                                      "Actual Startup Time": 0.06,
                                      "Actual Total Time": 130.015,
                                      "Actual Rows": 904786,
                                      "Actual Loops": 5
                                    },
                                    {
                                      "Node Type": "Hash",
                                      "Parent Relationship": "Inner",
                                      "Parallel Aware": false,
                                      "Startup Cost": 3632.4,
                                      "Total Cost": 3632.4,
                                      "Plan Rows": 8,
                                      "Plan Width": 20,
                                      "Actual Startup Time": 44.653,
                                      "Actual Total Time": 44.654,
                                      "Actual Rows": 7,
                                      "Actual Loops": 5,
                                      "Hash Buckets": 1024,
                                      "Original Hash Buckets": 1024,
                                      "Hash Batches": 1,
                                      "Original Hash Batches": 1,
                                      "Peak Memory Usage": 9,
                                      "Plans": [
                                        {
                                          "Node Type": "Seq Scan",
                                          "Parent Relationship": "Outer",
                                          "Parallel Aware": false,
                                          "Relation Name": "keyword",
                                          "Alias": "k",
                                          "Startup Cost": 0.0,
                                          "Total Cost": 3632.4,
                                          "Plan Rows": 8,
                                          "Plan Width": 20,
                                          "Actual Startup Time": 0.713,
                                          "Actual Total Time": 44.625,
                                          "Actual Rows": 7,
                                          "Actual Loops": 5,
                                          "Filter": "(keyword = ANY ('{violence,second-part,superhero,violence,hospital,claw,hand-to-hand-combat,revenge}'::text[]))",
                                          "Rows Removed by Filter": 134163
                                        }
                                      ]
                                    }
                                  ]
                                }
                              ]
                            }
                          ]
                        }
                      ]
                    }
                  ]
                }
              ]
            }
          ]
        }
      ]
    },
    "Planning Time": 8.328,
    "Triggers": [],
    "Execution Time": 3359.986
  }
]