{
    "Plan": {
        "Node Type": "Aggregate",
        "Strategy": "Plain",
        "Partial Mode": "Finalize",
        "Parallel Aware": false,
        "Startup Cost": 384594.91,
        "Total Cost": 384594.92,
        "Plan Rows": 1,
        "Plan Width": 8,
        "Actual Startup Time": 1364.133,
        "Actual Total Time": 1413.271,
        "Actual Rows": 1,
        "Actual Loops": 1,
        "Output": [
            "count(*)"
        ],
        "Plans": [
            {
                "Node Type": "Gather",
                "Parent Relationship": "Outer",
                "Parallel Aware": false,
                "Startup Cost": 384594.29,
                "Total Cost": 384594.9,
                "Plan Rows": 6,
                "Plan Width": 8,
                "Actual Startup Time": 1356.555,
                "Actual Total Time": 1413.255,
                "Actual Rows": 7,
                "Actual Loops": 1,
                "Output": [
                    "(PARTIAL count(*))"
                ],
                "Workers Planned": 6,
                "Workers Launched": 6,
                "Single Copy": false,
                "Plans": [
                    {
                        "Node Type": "Aggregate",
                        "Strategy": "Plain",
                        "Partial Mode": "Partial",
                        "Parent Relationship": "Outer",
                        "Parallel Aware": false,
                        "Startup Cost": 383594.29,
                        "Total Cost": 383594.3,
                        "Plan Rows": 1,
                        "Plan Width": 8,
                        "Actual Startup Time": 1345.37,
                        "Actual Total Time": 1345.373,
                        "Actual Rows": 1,
                        "Actual Loops": 7,
                        "Output": [
                            "PARTIAL count(*)"
                        ],
                        "Workers": [
                            {
                                "Worker Number": 0,
                                "Actual Startup Time": 1343.082,
                                "Actual Total Time": 1343.085,
                                "Actual Rows": 1,
                                "Actual Loops": 1
                            },
                            {
                                "Worker Number": 1,
                                "Actual Startup Time": 1343.412,
                                "Actual Total Time": 1343.416,
                                "Actual Rows": 1,
                                "Actual Loops": 1
                            },
                            {
                                "Worker Number": 2,
                                "Actual Startup Time": 1343.68,
                                "Actual Total Time": 1343.683,
                                "Actual Rows": 1,
                                "Actual Loops": 1
                            },
                            {
                                "Worker Number": 3,
                                "Actual Startup Time": 1344.298,
                                "Actual Total Time": 1344.301,
                                "Actual Rows": 1,
                                "Actual Loops": 1
                            },
                            {
                                "Worker Number": 4,
                                "Actual Startup Time": 1343.757,
                                "Actual Total Time": 1343.759,
                                "Actual Rows": 1,
                                "Actual Loops": 1
                            },
                            {
                                "Worker Number": 5,
                                "Actual Startup Time": 1343.751,
                                "Actual Total Time": 1343.754,
                                "Actual Rows": 1,
                                "Actual Loops": 1
                            }
                        ],
                        "Plans": [
                            {
                                "Node Type": "Hash Join",
                                "Parent Relationship": "Outer",
                                "Parallel Aware": true,
                                "Join Type": "Inner",
                                "Startup Cost": 48059.75,
                                "Total Cost": 381857.36,
                                "Plan Rows": 694773,
                                "Plan Width": 0,
                                "Actual Startup Time": 136.988,
                                "Actual Total Time": 1315.579,
                                "Actual Rows": 600034,
                                "Actual Loops": 7,
                                "Inner Unique": true,
                                "Hash Cond": "(ci.movie_id = t.id)",
                                "Workers": [
                                    {
                                        "Worker Number": 0,
                                        "Actual Startup Time": 134.809,
                                        "Actual Total Time": 1313.694,
                                        "Actual Rows": 426577,
                                        "Actual Loops": 1
                                    },
                                    {
                                        "Worker Number": 1,
                                        "Actual Startup Time": 135.226,
                                        "Actual Total Time": 1314.518,
                                        "Actual Rows": 450031,
                                        "Actual Loops": 1
                                    },
                                    {
                                        "Worker Number": 2,
                                        "Actual Startup Time": 135.358,
                                        "Actual Total Time": 1310.077,
                                        "Actual Rows": 516337,
                                        "Actual Loops": 1
                                    },
                                    {
                                        "Worker Number": 3,
                                        "Actual Startup Time": 135.416,
                                        "Actual Total Time": 1319.029,
                                        "Actual Rows": 569535,
                                        "Actual Loops": 1
                                    },
                                    {
                                        "Worker Number": 4,
                                        "Actual Startup Time": 135.424,
                                        "Actual Total Time": 1314.621,
                                        "Actual Rows": 720077,
                                        "Actual Loops": 1
                                    },
                                    {
                                        "Worker Number": 5,
                                        "Actual Startup Time": 135.422,
                                        "Actual Total Time": 1315.035,
                                        "Actual Rows": 710982,
                                        "Actual Loops": 1
                                    }
                                ],
                                "Plans": [
                                    {
                                        "Node Type": "Seq Scan",
                                        "Parent Relationship": "Outer",
                                        "Parallel Aware": true,
                                        "Relation Name": "cast_info",
                                        "Schema": "public",
                                        "Alias": "ci",
                                        "Startup Cost": 0.0,
                                        "Total Cost": 328213.62,
                                        "Plan Rows": 2127232,
                                        "Plan Width": 4,
                                        "Actual Startup Time": 0.033,
                                        "Actual Total Time": 669.762,
                                        "Actual Rows": 1810098,
                                        "Actual Loops": 7,
                                        "Output": [
                                            "ci.id",
                                            "ci.person_id",
                                            "ci.movie_id",
                                            "ci.person_role_id",
                                            "ci.note",
                                            "ci.nr_order",
                                            "ci.role_id"
                                        ],
                                        "Filter": "(ci.role_id = 1)",
                                        "Rows Removed by Filter": 3367665,
                                        "Workers": [
                                            {
                                                "Worker Number": 0,
                                                "Actual Startup Time": 0.04,
                                                "Actual Total Time": 673.471,
                                                "Actual Rows": 1298795,
                                                "Actual Loops": 1
                                            },
                                            {
                                                "Worker Number": 1,
                                                "Actual Startup Time": 0.038,
                                                "Actual Total Time": 670.13,
                                                "Actual Rows": 1352402,
                                                "Actual Loops": 1
                                            },
                                            {
                                                "Worker Number": 2,
                                                "Actual Startup Time": 0.042,
                                                "Actual Total Time": 697.342,
                                                "Actual Rows": 1544080,
                                                "Actual Loops": 1
                                            },
                                            {
                                                "Worker Number": 3,
                                                "Actual Startup Time": 0.051,
                                                "Actual Total Time": 651.657,
                                                "Actual Rows": 1716317,
                                                "Actual Loops": 1
                                            },
                                            {
                                                "Worker Number": 4,
                                                "Actual Startup Time": 0.026,
                                                "Actual Total Time": 679.356,
                                                "Actual Rows": 2168285,
                                                "Actual Loops": 1
                                            },
                                            {
                                                "Worker Number": 5,
                                                "Actual Startup Time": 0.027,
                                                "Actual Total Time": 677.544,
                                                "Actual Rows": 2149386,
                                                "Actual Loops": 1
                                            }
                                        ]
                                    },
                                    {
                                        "Node Type": "Hash",
                                        "Parent Relationship": "Inner",
                                        "Parallel Aware": true,
                                        "Startup Cost": 45479.21,
                                        "Total Cost": 45479.21,
                                        "Plan Rows": 206443,
                                        "Plan Width": 4,
                                        "Actual Startup Time": 133.584,
                                        "Actual Total Time": 133.585,
                                        "Actual Rows": 105428,
                                        "Actual Loops": 7,
                                        "Output": [
                                            "t.id"
                                        ],
                                        "Hash Buckets": 1048576,
                                        "Original Hash Buckets": 1048576,
                                        "Hash Batches": 1,
                                        "Original Hash Batches": 1,
                                        "Peak Memory Usage": 37248,
                                        "Workers": [
                                            {
                                                "Worker Number": 0,
                                                "Actual Startup Time": 134.079,
                                                "Actual Total Time": 134.08,
                                                "Actual Rows": 78096,
                                                "Actual Loops": 1
                                            },
                                            {
                                                "Worker Number": 1,
                                                "Actual Startup Time": 134.427,
                                                "Actual Total Time": 134.429,
                                                "Actual Rows": 80307,
                                                "Actual Loops": 1
                                            },
                                            {
                                                "Worker Number": 2,
                                                "Actual Startup Time": 134.696,
                                                "Actual Total Time": 134.698,
                                                "Actual Rows": 86854,
                                                "Actual Loops": 1
                                            },
                                            {
                                                "Worker Number": 3,
                                                "Actual Startup Time": 134.622,
                                                "Actual Total Time": 134.623,
                                                "Actual Rows": 104726,
                                                "Actual Loops": 1
                                            },
                                            {
                                                "Worker Number": 4,
                                                "Actual Startup Time": 134.712,
                                                "Actual Total Time": 134.713,
                                                "Actual Rows": 118659,
                                                "Actual Loops": 1
                                            },
                                            {
                                                "Worker Number": 5,
                                                "Actual Startup Time": 134.717,
                                                "Actual Total Time": 134.718,
                                                "Actual Rows": 118006,
                                                "Actual Loops": 1
                                            }
                                        ],
                                        "Plans": [
                                            {
                                                "Node Type": "Seq Scan",
                                                "Parent Relationship": "Outer",
                                                "Parallel Aware": true,
                                                "Relation Name": "title",
                                                "Schema": "public",
                                                "Alias": "t",
                                                "Startup Cost": 0.0,
                                                "Total Cost": 45479.21,
                                                "Plan Rows": 206443,
                                                "Plan Width": 4,
                                                "Actual Startup Time": 0.089,
                                                "Actual Total Time": 79.696,
                                                "Actual Rows": 105428,
                                                "Actual Loops": 7,
                                                "Output": [
                                                    "t.id"
                                                ],
                                                "Filter": "((t.kind_id < 7) AND (t.production_year > 1968))",
                                                "Rows Removed by Filter": 255759,
                                                "Workers": [
                                                    {
                                                        "Worker Number": 0,
                                                        "Actual Startup Time": 0.12,
                                                        "Actual Total Time": 79.642,
                                                        "Actual Rows": 78096,
                                                        "Actual Loops": 1
                                                    },
                                                    {
                                                        "Worker Number": 1,
                                                        "Actual Startup Time": 0.12,
                                                        "Actual Total Time": 80.34,
                                                        "Actual Rows": 80307,
                                                        "Actual Loops": 1
                                                    },
                                                    {
                                                        "Worker Number": 2,
                                                        "Actual Startup Time": 0.067,
                                                        "Actual Total Time": 81.625,
                                                        "Actual Rows": 86854,
                                                        "Actual Loops": 1
                                                    },
                                                    {
                                                        "Worker Number": 3,
                                                        "Actual Startup Time": 0.106,
                                                        "Actual Total Time": 78.867,
                                                        "Actual Rows": 104726,
                                                        "Actual Loops": 1
                                                    },
                                                    {
                                                        "Worker Number": 4,
                                                        "Actual Startup Time": 0.105,
                                                        "Actual Total Time": 80.406,
                                                        "Actual Rows": 118659,
                                                        "Actual Loops": 1
                                                    },
                                                    {
                                                        "Worker Number": 5,
                                                        "Actual Startup Time": 0.084,
                                                        "Actual Total Time": 80.229,
                                                        "Actual Rows": 118006,
                                                        "Actual Loops": 1
                                                    }
                                                ]
                                            }
                                        ]
                                    }
                                ]
                            }
                        ]
                    }
                ]
            }
        ]
    },
    "Planning Time": 0.718,
    "Triggers": [],
    "Execution Time": 1413.355
}