[
  {
    "Plan": {
      "Node Type": "Aggregate",
      "Strategy": "Plain",
      "Partial Mode": "Finalize",
      "Parallel Aware": false,
      "Startup Cost": 32802.26,
      "Total Cost": 32802.27,
      "Plan Rows": 1,
      "Plan Width": 8,
      "Actual Startup Time": 86.817,
      "Actual Total Time": 93.616,
      "Actual Rows": 1,
      "Actual Loops": 1,
      "Plans": [
        {
          "Node Type": "Gather",
          "Parent Relationship": "Outer",
          "Parallel Aware": false,
          "Startup Cost": 32801.94,
          "Total Cost": 32802.25,
          "Plan Rows": 3,
          "Plan Width": 8,
          "Actual Startup Time": 86.659,
          "Actual Total Time": 93.608,
          "Actual Rows": 4,
          "Actual Loops": 1,
          "Workers Planned": 3,
          "Workers Launched": 3,
          "Single Copy": false,
          "Plans": [
            {
              "Node Type": "Aggregate",
              "Strategy": "Plain",
              "Partial Mode": "Partial",
              "Parent Relationship": "Outer",
              "Parallel Aware": false,
              "Startup Cost": 31801.94,
              "Total Cost": 31801.95,
              "Plan Rows": 1,
              "Plan Width": 8,
              "Actual Startup Time": 79.945,
              "Actual Total Time": 79.947,
              "Actual Rows": 1,
              "Actual Loops": 4,
              "Plans": [
                {
                  "Node Type": "Seq Scan",
                  "Parent Relationship": "Outer",
                  "Parallel Aware": true,
                  "Relation Name": "movie_companies",
                  "Alias": "mc",
                  "Startup Cost": 0.0,
                  "Total Cost": 31414.82,
                  "Plan Rows": 154848,
                  "Plan Width": 0,
                  "Actual Startup Time": 38.776,
                  "Actual Total Time": 71.67,
                  "Actual Rows": 198054,
                  "Actual Loops": 4,
                  "Filter": "((company_id > 19493) AND (company_type_id = 2))",
                  "Rows Removed by Filter": 454229
                }
              ]
            }
          ]
        }
      ]
    },
    "Planning Time": 0.223,
    "Triggers": [],
    "Execution Time": 93.669
  }
]