[
  {
    "Plan": {
      "Node Type": "Aggregate",
      "Strategy": "Plain",
      "Partial Mode": "Finalize",
      "Parallel Aware": false,
      "Startup Cost": 83250.19,
      "Total Cost": 83250.2,
      "Plan Rows": 1,
      "Plan Width": 8,
      "Actual Startup Time": 392.23,
      "Actual Total Time": 409.324,
      "Actual Rows": 1,
      "Actual Loops": 1,
      "Plans": [
        {
          "Node Type": "Gather",
          "Parent Relationship": "Outer",
          "Parallel Aware": false,
          "Startup Cost": 83249.77,
          "Total Cost": 83250.18,
          "Plan Rows": 4,
          "Plan Width": 8,
          "Actual Startup Time": 385.199,
          "Actual Total Time": 409.313,
          "Actual Rows": 5,
          "Actual Loops": 1,
          "Workers Planned": 4,
          "Workers Launched": 4,
          "Single Copy": false,
          "Plans": [
            {
              "Node Type": "Aggregate",
              "Strategy": "Plain",
              "Partial Mode": "Partial",
              "Parent Relationship": "Outer",
              "Parallel Aware": false,
              "Startup Cost": 82249.77,
              "Total Cost": 82249.78,
              "Plan Rows": 1,
              "Plan Width": 8,
              "Actual Startup Time": 375.474,
              "Actual Total Time": 375.477,
              "Actual Rows": 1,
              "Actual Loops": 5,
              "Plans": [
                {
                  "Node Type": "Hash Join",
                  "Parent Relationship": "Outer",
                  "Parallel Aware": true,
                  "Join Type": "Inner",
                  "Startup Cost": 35367.48,
                  "Total Cost": 81637.11,
                  "Plan Rows": 245065,
                  "Plan Width": 0,
                  "Actual Startup Time": 143.456,
                  "Actual Total Time": 366.926,
                  "Actual Rows": 166322,
                  "Actual Loops": 5,
                  "Inner Unique": false,
                  "Hash Cond": "(t.id = mc.movie_id)",
                  "Plans": [
                    {
                      "Node Type": "Seq Scan",
                      "Parent Relationship": "Outer",
                      "Parallel Aware": true,
                      "Relation Name": "title",
                      "Alias": "t",
                      "Startup Cost": 0.0,
                      "Total Cost": 42318.73,
                      "Plan Rows": 632073,
                      "Plan Width": 4,
                      "Actual Startup Time": 0.011,
                      "Actual Total Time": 72.737,
                      "Actual Rows": 505662,
                      "Actual Loops": 5
                    },
                    {
                      "Node Type": "Hash",
                      "Parent Relationship": "Inner",
                      "Parallel Aware": true,
                      "Startup Cost": 31414.82,
                      "Total Cost": 31414.82,
                      "Plan Rows": 316213,
                      "Plan Width": 4,
                      "Actual Startup Time": 139.038,
                      "Actual Total Time": 139.04,
                      "Actual Rows": 166322,
                      "Actual Loops": 5,
                      "Hash Buckets": 1048576,
                      "Original Hash Buckets": 1048576,
                      "Hash Batches": 1,
                      "Original Hash Batches": 1,
                      "Peak Memory Usage": 40832,
                      "Plans": [
                        {
                          "Node Type": "Seq Scan",
                          "Parent Relationship": "Outer",
                          "Parallel Aware": true,
                          "Relation Name": "movie_companies",
                          "Alias": "mc",
                          "Startup Cost": 0.0,
                          "Total Cost": 31414.82,
                          "Plan Rows": 316213,
                          "Plan Width": 4,
                          "Actual Startup Time": 0.499,
                          "Actual Total Time": 77.464,
                          "Actual Rows": 166322,
                          "Actual Loops": 5,
                          "Filter": "((company_id > 741) AND (company_type_id < 2))",
                          "Rows Removed by Filter": 355503
                        }
                      ]
                    }
                  ]
                }
              ]
            }
          ]
        }
      ]
    },
    "Planning Time": 0.653,
    "Triggers": [],
    "Execution Time": 409.4
  }
]