[
  {
    "Plan": {
      "Node Type": "Aggregate",
      "Strategy": "Plain",
      "Partial Mode": "Finalize",
      "Parallel Aware": false,
      "Startup Cost": 47328.24,
      "Total Cost": 47328.25,
      "Plan Rows": 1,
      "Plan Width": 8,
      "Actual Startup Time": 227.865,
      "Actual Total Time": 243.115,
      "Actual Rows": 1,
      "Actual Loops": 1,
      "Plans": [
        {
          "Node Type": "Gather",
          "Parent Relationship": "Outer",
          "Parallel Aware": false,
          "Startup Cost": 47327.92,
          "Total Cost": 47328.23,
          "Plan Rows": 3,
          "Plan Width": 8,
          "Actual Startup Time": 227.504,
          "Actual Total Time": 243.103,
          "Actual Rows": 4,
          "Actual Loops": 1,
          "Workers Planned": 3,
          "Workers Launched": 3,
          "Single Copy": false,
          "Plans": [
            {
              "Node Type": "Aggregate",
              "Strategy": "Plain",
              "Partial Mode": "Partial",
              "Parent Relationship": "Outer",
              "Parallel Aware": false,
              "Startup Cost": 46327.92,
              "Total Cost": 46327.93,
              "Plan Rows": 1,
              "Plan Width": 8,
              "Actual Startup Time": 217.982,
              "Actual Total Time": 217.984,
              "Actual Rows": 1,
              "Actual Loops": 4,
              "Plans": [
                {
                  "Node Type": "Seq Scan",
                  "Parent Relationship": "Outer",
                  "Parallel Aware": true,
                  "Relation Name": "movie_keyword",
                  "Alias": "mk",
                  "Startup Cost": 0.0,
                  "Total Cost": 42695.65,
                  "Plan Rows": 1452908,
                  "Plan Width": 0,
                  "Actual Startup Time": 0.07,
                  "Actual Total Time": 158.966,
                  "Actual Rows": 1126391,
                  "Actual Loops": 4,
                  "Filter": "(keyword_id < 118523)",
                  "Rows Removed by Filter": 4592
                }
              ]
            }
          ]
        }
      ]
    },
    "Planning Time": 0.275,
    "Triggers": [],
    "Execution Time": 243.181
  }
]