[
  {
    "Plan": {
      "Node Type": "Aggregate",
      "Strategy": "Plain",
      "Partial Mode": "Finalize",
      "Parallel Aware": false,
      "Startup Cost": 337628.11,
      "Total Cost": 337628.12,
      "Plan Rows": 1,
      "Plan Width": 8,
      "Actual Startup Time": 733.42,
      "Actual Total Time": 796.084,
      "Actual Rows": 1,
      "Actual Loops": 1,
      "Plans": [
        {
          "Node Type": "Gather",
          "Parent Relationship": "Outer",
          "Parallel Aware": false,
          "Startup Cost": 337627.49,
          "Total Cost": 337628.1,
          "Plan Rows": 6,
          "Plan Width": 8,
          "Actual Startup Time": 733.314,
          "Actual Total Time": 796.073,
          "Actual Rows": 7,
          "Actual Loops": 1,
          "Workers Planned": 6,
          "Workers Launched": 6,
          "Single Copy": false,
          "Plans": [
            {
              "Node Type": "Aggregate",
              "Strategy": "Plain",
              "Partial Mode": "Partial",
              "Parent Relationship": "Outer",
              "Parallel Aware": false,
              "Startup Cost": 336627.49,
              "Total Cost": 336627.5,
              "Plan Rows": 1,
              "Plan Width": 8,
              "Actual Startup Time": 724.658,
              "Actual Total Time": 724.659,
              "Actual Rows": 1,
              "Actual Loops": 7,
              "Plans": [
                {
                  "Node Type": "Seq Scan",
                  "Parent Relationship": "Outer",
                  "Parallel Aware": true,
                  "Relation Name": "cast_info",
                  "Alias": "ci",
                  "Startup Cost": 0.0,
                  "Total Cost": 328162.03,
                  "Plan Rows": 3386184,
                  "Plan Width": 0,
                  "Actual Startup Time": 176.235,
                  "Actual Total Time": 602.865,
                  "Actual Rows": 2906849,
                  "Actual Loops": 7,
                  "Filter": "(person_id > 1571467)",
                  "Rows Removed by Filter": 2270914
                }
              ]
            }
          ]
        }
      ]
    },
    "Planning Time": 0.207,
    "Triggers": [],
    "Execution Time": 796.161
  }
]