[
    {
        "Bao": {
            "Bao prediction": 364.253,
            "Bao recommended hint": "(no hint)"
        }
    },
    {
        "Plan": {
            "Node Type": "Aggregate",
            "Strategy": "Plain",
            "Partial Mode": "Simple",
            "Parallel Aware": false,
            "Startup Cost": 38136.67,
            "Total Cost": 38136.68,
            "Plan Rows": 1,
            "Plan Width": 64,
            "Actual Startup Time": 920.239,
            "Actual Total Time": 1154.761,
            "Actual Rows": 1,
            "Actual Loops": 1,
            "Output": [
                "min(an1.name)",
                "min(t.title)"
            ],
            "Plans": [
                {
                    "Node Type": "Gather",
                    "Parent Relationship": "Outer",
                    "Parallel Aware": false,
                    "Startup Cost": 5775.02,
                    "Total Cost": 38136.66,
                    "Plan Rows": 1,
                    "Plan Width": 33,
                    "Actual Startup Time": 691.243,
                    "Actual Total Time": 1154.722,
                    "Actual Rows": 32,
                    "Actual Loops": 1,
                    "Output": [
                        "an1.name",
                        "t.title"
                    ],
                    "Workers Planned": 3,
                    "Workers Launched": 3,
                    "Single Copy": false,
                    "Plans": [
                        {
                            "Node Type": "Nested Loop",
                            "Parent Relationship": "Outer",
                            "Parallel Aware": false,
                            "Join Type": "Inner",
                            "Startup Cost": 4775.02,
                            "Total Cost": 37136.56,
                            "Plan Rows": 1,
                            "Plan Width": 33,
                            "Actual Startup Time": 439.501,
                            "Actual Total Time": 909.016,
                            "Actual Rows": 8,
                            "Actual Loops": 4,
                            "Output": [
                                "an1.name",
                                "t.title"
                            ],
                            "Inner Unique": true,
                            "Workers": [
                                {
                                    "Worker Number": 0,
                                    "Actual Startup Time": 354.599,
                                    "Actual Total Time": 905.827,
                                    "Actual Rows": 7,
                                    "Actual Loops": 1
                                },
                                {
                                    "Worker Number": 1,
                                    "Actual Startup Time": 505.298,
                                    "Actual Total Time": 905.873,
                                    "Actual Rows": 5,
                                    "Actual Loops": 1
                                },
                                {
                                    "Worker Number": 2,
                                    "Actual Startup Time": 208.797,
                                    "Actual Total Time": 906.358,
                                    "Actual Rows": 12,
                                    "Actual Loops": 1
                                }
                            ],
                            "Plans": [
                                {
                                    "Node Type": "Nested Loop",
                                    "Parent Relationship": "Outer",
                                    "Parallel Aware": false,
                                    "Join Type": "Inner",
                                    "Startup Cost": 4774.59,
                                    "Total Cost": 37135.79,
                                    "Plan Rows": 1,
                                    "Plan Width": 41,
                                    "Actual Startup Time": 65.307,
                                    "Actual Total Time": 905.79,
                                    "Actual Rows": 281,
                                    "Actual Loops": 4,
                                    "Output": [
                                        "an1.name",
                                        "an1.person_id",
                                        "ci.person_id",
                                        "t.title"
                                    ],
                                    "Inner Unique": false,
                                    "Workers": [
                                        {
                                            "Worker Number": 0,
                                            "Actual Startup Time": 43.845,
                                            "Actual Total Time": 902.226,
                                            "Actual Rows": 297,
                                            "Actual Loops": 1
                                        },
                                        {
                                            "Worker Number": 1,
                                            "Actual Startup Time": 115.775,
                                            "Actual Total Time": 902.67,
                                            "Actual Rows": 263,
                                            "Actual Loops": 1
                                        },
                                        {
                                            "Worker Number": 2,
                                            "Actual Startup Time": 45.022,
                                            "Actual Total Time": 903.385,
                                            "Actual Rows": 277,
                                            "Actual Loops": 1
                                        }
                                    ],
                                    "Plans": [
                                        {
                                            "Node Type": "Nested Loop",
                                            "Parent Relationship": "Outer",
                                            "Parallel Aware": false,
                                            "Join Type": "Inner",
                                            "Startup Cost": 4774.16,
                                            "Total Cost": 37133.3,
                                            "Plan Rows": 1,
                                            "Plan Width": 21,
                                            "Actual Startup Time": 51.099,
                                            "Actual Total Time": 901.104,
                                            "Actual Rows": 525,
                                            "Actual Loops": 4,
                                            "Output": [
                                                "ci.person_id",
                                                "t.title"
                                            ],
                                            "Inner Unique": true,
                                            "Workers": [
                                                {
                                                    "Worker Number": 0,
                                                    "Actual Startup Time": 43.75,
                                                    "Actual Total Time": 897.061,
                                                    "Actual Rows": 627,
                                                    "Actual Loops": 1
                                                },
                                                {
                                                    "Worker Number": 1,
                                                    "Actual Startup Time": 59.163,
                                                    "Actual Total Time": 898.024,
                                                    "Actual Rows": 453,
                                                    "Actual Loops": 1
                                                },
                                                {
                                                    "Worker Number": 2,
                                                    "Actual Startup Time": 44.956,
                                                    "Actual Total Time": 898.559,
                                                    "Actual Rows": 653,
                                                    "Actual Loops": 1
                                                }
                                            ],
                                            "Plans": [
                                                {
                                                    "Node Type": "Nested Loop",
                                                    "Parent Relationship": "Outer",
                                                    "Parallel Aware": false,
                                                    "Join Type": "Inner",
                                                    "Startup Cost": 4774.03,
                                                    "Total Cost": 37132.81,
                                                    "Plan Rows": 3,
                                                    "Plan Width": 25,
                                                    "Actual Startup Time": 51.059,
                                                    "Actual Total Time": 899.857,
                                                    "Actual Rows": 525,
                                                    "Actual Loops": 4,
                                                    "Output": [
                                                        "ci.person_id",
                                                        "ci.role_id",
                                                        "t.title"
                                                    ],
                                                    "Inner Unique": false,
                                                    "Workers": [
                                                        {
                                                            "Worker Number": 0,
                                                            "Actual Startup Time": 43.699,
                                                            "Actual Total Time": 895.639,
                                                            "Actual Rows": 627,
                                                            "Actual Loops": 1
                                                        },
                                                        {
                                                            "Worker Number": 1,
                                                            "Actual Startup Time": 59.122,
                                                            "Actual Total Time": 896.854,
                                                            "Actual Rows": 453,
                                                            "Actual Loops": 1
                                                        },
                                                        {
                                                            "Worker Number": 2,
                                                            "Actual Startup Time": 44.909,
                                                            "Actual Total Time": 897.13,
                                                            "Actual Rows": 653,
                                                            "Actual Loops": 1
                                                        }
                                                    ],
                                                    "Plans": [
                                                        {
                                                            "Node Type": "Nested Loop",
                                                            "Parent Relationship": "Outer",
                                                            "Parallel Aware": false,
                                                            "Join Type": "Inner",
                                                            "Startup Cost": 4773.46,
                                                            "Total Cost": 36916.54,
                                                            "Plan Rows": 115,
                                                            "Plan Width": 25,
                                                            "Actual Startup Time": 23.731,
                                                            "Actual Total Time": 228.328,
                                                            "Actual Rows": 12082,
                                                            "Actual Loops": 4,
                                                            "Output": [
                                                                "mc.movie_id",
                                                                "t.title",
                                                                "t.id"
                                                            ],
                                                            "Inner Unique": true,
                                                            "Workers": [
                                                                {
                                                                    "Worker Number": 0,
                                                                    "Actual Startup Time": 20.545,
                                                                    "Actual Total Time": 223.316,
                                                                    "Actual Rows": 11766,
                                                                    "Actual Loops": 1
                                                                },
                                                                {
                                                                    "Worker Number": 1,
                                                                    "Actual Startup Time": 20.607,
                                                                    "Actual Total Time": 224.798,
                                                                    "Actual Rows": 11838,
                                                                    "Actual Loops": 1
                                                                },
                                                                {
                                                                    "Worker Number": 2,
                                                                    "Actual Startup Time": 21.071,
                                                                    "Actual Total Time": 227.211,
                                                                    "Actual Rows": 12430,
                                                                    "Actual Loops": 1
                                                                }
                                                            ],
                                                            "Plans": [
                                                                {
                                                                    "Node Type": "Hash Join",
                                                                    "Parent Relationship": "Outer",
                                                                    "Parallel Aware": true,
                                                                    "Join Type": "Inner",
                                                                    "Startup Cost": 4773.03,
                                                                    "Total Cost": 36198.23,
                                                                    "Plan Rows": 115,
                                                                    "Plan Width": 4,
                                                                    "Actual Startup Time": 23.622,
                                                                    "Actual Total Time": 148.963,
                                                                    "Actual Rows": 12082,
                                                                    "Actual Loops": 4,
                                                                    "Output": [
                                                                        "mc.movie_id"
                                                                    ],
                                                                    "Inner Unique": true,
                                                                    "Hash Cond": "(mc.company_id = cn.id)",
                                                                    "Workers": [
                                                                        {
                                                                            "Worker Number": 0,
                                                                            "Actual Startup Time": 20.41,
                                                                            "Actual Total Time": 144.539,
                                                                            "Actual Rows": 11766,
                                                                            "Actual Loops": 1
                                                                        },
                                                                        {
                                                                            "Worker Number": 1,
                                                                            "Actual Startup Time": 20.481,
                                                                            "Actual Total Time": 146.558,
                                                                            "Actual Rows": 11838,
                                                                            "Actual Loops": 1
                                                                        },
                                                                        {
                                                                            "Worker Number": 2,
                                                                            "Actual Startup Time": 20.963,
                                                                            "Actual Total Time": 147.098,
                                                                            "Actual Rows": 12430,
                                                                            "Actual Loops": 1
                                                                        }
                                                                    ],
                                                                    "Plans": [
                                                                        {
                                                                            "Node Type": "Seq Scan",
                                                                            "Parent Relationship": "Outer",
                                                                            "Parallel Aware": true,
                                                                            "Relation Name": "movie_companies",
                                                                            "Schema": "public",
                                                                            "Alias": "mc",
                                                                            "Startup Cost": 0.0,
                                                                            "Total Cost": 31414.82,
                                                                            "Plan Rows": 3953,
                                                                            "Plan Width": 8,
                                                                            "Actual Startup Time": 0.064,
                                                                            "Actual Total Time": 118.0,
                                                                            "Actual Rows": 12224,
                                                                            "Actual Loops": 4,
                                                                            "Output": [
                                                                                "mc.id",
                                                                                "mc.movie_id",
                                                                                "mc.company_id",
                                                                                "mc.company_type_id",
                                                                                "mc.note"
                                                                            ],
                                                                            "Filter": "((mc.note ~~ '%(Japan)%'::text) AND (mc.note !~~ '%(USA)%'::text))",
                                                                            "Rows Removed by Filter": 640058,
                                                                            "Workers": [
                                                                                {
                                                                                    "Worker Number": 0,
                                                                                    "Actual Startup Time": 0.037,
                                                                                    "Actual Total Time": 116.914,
                                                                                    "Actual Rows": 11890,
                                                                                    "Actual Loops": 1
                                                                                },
                                                                                {
                                                                                    "Worker Number": 1,
                                                                                    "Actual Startup Time": 0.107,
                                                                                    "Actual Total Time": 119.027,
                                                                                    "Actual Rows": 11959,
                                                                                    "Actual Loops": 1
                                                                                },
                                                                                {
                                                                                    "Worker Number": 2,
                                                                                    "Actual Startup Time": 0.042,
                                                                                    "Actual Total Time": 118.933,
                                                                                    "Actual Rows": 12567,
                                                                                    "Actual Loops": 1
                                                                                }
                                                                            ]
                                                                        },
                                                                        {
                                                                            "Node Type": "Hash",
                                                                            "Parent Relationship": "Inner",
                                                                            "Parallel Aware": true,
                                                                            "Startup Cost": 4722.92,
                                                                            "Total Cost": 4722.92,
                                                                            "Plan Rows": 4009,
                                                                            "Plan Width": 4,
                                                                            "Actual Startup Time": 22.688,
                                                                            "Actual Total Time": 22.689,
                                                                            "Actual Rows": 1688,
                                                                            "Actual Loops": 4,
                                                                            "Output": [
                                                                                "cn.id"
                                                                            ],
                                                                            "Hash Buckets": 8192,
                                                                            "Original Hash Buckets": 8192,
                                                                            "Hash Batches": 1,
                                                                            "Original Hash Batches": 1,
                                                                            "Peak Memory Usage": 384,
                                                                            "Workers": [
                                                                                {
                                                                                    "Worker Number": 0,
                                                                                    "Actual Startup Time": 19.783,
                                                                                    "Actual Total Time": 19.784,
                                                                                    "Actual Rows": 1305,
                                                                                    "Actual Loops": 1
                                                                                },
                                                                                {
                                                                                    "Worker Number": 1,
                                                                                    "Actual Startup Time": 19.776,
                                                                                    "Actual Total Time": 19.777,
                                                                                    "Actual Rows": 1284,
                                                                                    "Actual Loops": 1
                                                                                },
                                                                                {
                                                                                    "Worker Number": 2,
                                                                                    "Actual Startup Time": 20.424,
                                                                                    "Actual Total Time": 20.424,
                                                                                    "Actual Rows": 1509,
                                                                                    "Actual Loops": 1
                                                                                }
                                                                            ],
                                                                            "Plans": [
                                                                                {
                                                                                    "Node Type": "Seq Scan",
                                                                                    "Parent Relationship": "Outer",
                                                                                    "Parallel Aware": true,
                                                                                    "Relation Name": "company_name",
                                                                                    "Schema": "public",
                                                                                    "Alias": "cn",
                                                                                    "Startup Cost": 0.0,
                                                                                    "Total Cost": 4722.92,
                                                                                    "Plan Rows": 4009,
                                                                                    "Plan Width": 4,
                                                                                    "Actual Startup Time": 0.069,
                                                                                    "Actual Total Time": 21.21,
                                                                                    "Actual Rows": 1688,
                                                                                    "Actual Loops": 4,
                                                                                    "Output": [
                                                                                        "cn.id"
                                                                                    ],
                                                                                    "Filter": "((cn.country_code)::text = '[jp]'::text)",
                                                                                    "Rows Removed by Filter": 57061,
                                                                                    "Workers": [
                                                                                        {
                                                                                            "Worker Number": 0,
                                                                                            "Actual Startup Time": 0.117,
                                                                                            "Actual Total Time": 18.489,
                                                                                            "Actual Rows": 1305,
                                                                                            "Actual Loops": 1
                                                                                        },
                                                                                        {
                                                                                            "Worker Number": 1,
                                                                                            "Actual Startup Time": 0.062,
                                                                                            "Actual Total Time": 18.519,
                                                                                            "Actual Rows": 1284,
                                                                                            "Actual Loops": 1
                                                                                        },
                                                                                        {
                                                                                            "Worker Number": 2,
                                                                                            "Actual Startup Time": 0.05,
                                                                                            "Actual Total Time": 19.124,
                                                                                            "Actual Rows": 1509,
                                                                                            "Actual Loops": 1
                                                                                        }
                                                                                    ]
                                                                                }
                                                                            ]
                                                                        }
                                                                    ]
                                                                },
                                                                {
                                                                    "Node Type": "Index Scan",
                                                                    "Parent Relationship": "Inner",
                                                                    "Parallel Aware": false,
                                                                    "Scan Direction": "Forward",
                                                                    "Index Name": "title_pkey",
                                                                    "Relation Name": "title",
                                                                    "Schema": "public",
                                                                    "Alias": "t",
                                                                    "Startup Cost": 0.43,
                                                                    "Total Cost": 6.25,
                                                                    "Plan Rows": 1,
                                                                    "Plan Width": 21,
                                                                    "Actual Startup Time": 0.006,
                                                                    "Actual Total Time": 0.006,
                                                                    "Actual Rows": 1,
                                                                    "Actual Loops": 48328,
                                                                    "Output": [
                                                                        "t.id",
                                                                        "t.title",
                                                                        "t.imdb_index",
                                                                        "t.kind_id",
                                                                        "t.production_year",
                                                                        "t.imdb_id",
                                                                        "t.phonetic_code",
                                                                        "t.episode_of_id",
                                                                        "t.season_nr",
                                                                        "t.episode_nr",
                                                                        "t.series_years",
                                                                        "t.md5sum"
                                                                    ],
                                                                    "Index Cond": "(t.id = mc.movie_id)",
                                                                    "Rows Removed by Index Recheck": 0,
                                                                    "Workers": [
                                                                        {
                                                                            "Worker Number": 0,
                                                                            "Actual Startup Time": 0.006,
                                                                            "Actual Total Time": 0.006,
                                                                            "Actual Rows": 1,
                                                                            "Actual Loops": 11766
                                                                        },
                                                                        {
                                                                            "Worker Number": 1,
                                                                            "Actual Startup Time": 0.006,
                                                                            "Actual Total Time": 0.006,
                                                                            "Actual Rows": 1,
                                                                            "Actual Loops": 11838
                                                                        },
                                                                        {
                                                                            "Worker Number": 2,
                                                                            "Actual Startup Time": 0.006,
                                                                            "Actual Total Time": 0.006,
                                                                            "Actual Rows": 1,
                                                                            "Actual Loops": 12430
                                                                        }
                                                                    ]
                                                                }
                                                            ]
                                                        },
                                                        {
                                                            "Node Type": "Index Scan",
                                                            "Parent Relationship": "Inner",
                                                            "Parallel Aware": false,
                                                            "Scan Direction": "Forward",
                                                            "Index Name": "movie_id_cast_info",
                                                            "Relation Name": "cast_info",
                                                            "Schema": "public",
                                                            "Alias": "ci",
                                                            "Startup Cost": 0.56,
                                                            "Total Cost": 1.87,
                                                            "Plan Rows": 1,
                                                            "Plan Width": 12,
                                                            "Actual Startup Time": 0.054,
                                                            "Actual Total Time": 0.055,
                                                            "Actual Rows": 0,
                                                            "Actual Loops": 48328,
                                                            "Output": [
                                                                "ci.id",
                                                                "ci.person_id",
                                                                "ci.movie_id",
                                                                "ci.person_role_id",
                                                                "ci.note",
                                                                "ci.nr_order",
                                                                "ci.role_id"
                                                            ],
                                                            "Index Cond": "(ci.movie_id = t.id)",
                                                            "Rows Removed by Index Recheck": 0,
                                                            "Filter": "(ci.note = '(novel)'::text)",
                                                            "Rows Removed by Filter": 32,
                                                            "Workers": [
                                                                {
                                                                    "Worker Number": 0,
                                                                    "Actual Startup Time": 0.055,
                                                                    "Actual Total Time": 0.057,
                                                                    "Actual Rows": 0,
                                                                    "Actual Loops": 11766
                                                                },
                                                                {
                                                                    "Worker Number": 1,
                                                                    "Actual Startup Time": 0.055,
                                                                    "Actual Total Time": 0.056,
                                                                    "Actual Rows": 0,
                                                                    "Actual Loops": 11838
                                                                },
                                                                {
                                                                    "Worker Number": 2,
                                                                    "Actual Startup Time": 0.053,
                                                                    "Actual Total Time": 0.053,
                                                                    "Actual Rows": 0,
                                                                    "Actual Loops": 12430
                                                                }
                                                            ]
                                                        }
                                                    ]
                                                },
                                                {
                                                    "Node Type": "Index Scan",
                                                    "Parent Relationship": "Inner",
                                                    "Parallel Aware": false,
                                                    "Scan Direction": "Forward",
                                                    "Index Name": "role_type_pkey",
                                                    "Relation Name": "role_type",
                                                    "Schema": "public",
                                                    "Alias": "rt",
                                                    "Startup Cost": 0.14,
                                                    "Total Cost": 0.16,
                                                    "Plan Rows": 1,
                                                    "Plan Width": 4,
                                                    "Actual Startup Time": 0.002,
                                                    "Actual Total Time": 0.002,
                                                    "Actual Rows": 1,
                                                    "Actual Loops": 2099,
                                                    "Output": [
                                                        "rt.id",
                                                        "rt.role"
                                                    ],
                                                    "Index Cond": "(rt.id = ci.role_id)",
                                                    "Rows Removed by Index Recheck": 0,
                                                    "Filter": "((rt.role)::text = 'writer'::text)",
                                                    "Rows Removed by Filter": 0,
                                                    "Workers": [
                                                        {
                                                            "Worker Number": 0,
                                                            "Actual Startup Time": 0.002,
                                                            "Actual Total Time": 0.002,
                                                            "Actual Rows": 1,
                                                            "Actual Loops": 627
                                                        },
                                                        {
                                                            "Worker Number": 1,
                                                            "Actual Startup Time": 0.002,
                                                            "Actual Total Time": 0.002,
                                                            "Actual Rows": 1,
                                                            "Actual Loops": 453
                                                        },
                                                        {
                                                            "Worker Number": 2,
                                                            "Actual Startup Time": 0.001,
                                                            "Actual Total Time": 0.001,
                                                            "Actual Rows": 1,
                                                            "Actual Loops": 653
                                                        }
                                                    ]
                                                }
                                            ]
                                        },
                                        {
                                            "Node Type": "Index Scan",
                                            "Parent Relationship": "Inner",
                                            "Parallel Aware": false,
                                            "Scan Direction": "Forward",
                                            "Index Name": "person_id_aka_name",
                                            "Relation Name": "aka_name",
                                            "Schema": "public",
                                            "Alias": "an1",
                                            "Startup Cost": 0.42,
                                            "Total Cost": 2.48,
                                            "Plan Rows": 2,
                                            "Plan Width": 20,
                                            "Actual Startup Time": 0.008,
                                            "Actual Total Time": 0.008,
                                            "Actual Rows": 1,
                                            "Actual Loops": 2099,
                                            "Output": [
                                                "an1.id",
                                                "an1.person_id",
                                                "an1.name",
                                                "an1.imdb_index",
                                                "an1.name_pcode_cf",
                                                "an1.name_pcode_nf",
                                                "an1.surname_pcode",
                                                "an1.md5sum"
                                            ],
                                            "Index Cond": "(an1.person_id = ci.person_id)",
                                            "Rows Removed by Index Recheck": 0,
                                            "Workers": [
                                                {
                                                    "Worker Number": 0,
                                                    "Actual Startup Time": 0.007,
                                                    "Actual Total Time": 0.008,
                                                    "Actual Rows": 0,
                                                    "Actual Loops": 627
                                                },
                                                {
                                                    "Worker Number": 1,
                                                    "Actual Startup Time": 0.009,
                                                    "Actual Total Time": 0.01,
                                                    "Actual Rows": 1,
                                                    "Actual Loops": 453
                                                },
                                                {
                                                    "Worker Number": 2,
                                                    "Actual Startup Time": 0.006,
                                                    "Actual Total Time": 0.007,
                                                    "Actual Rows": 0,
                                                    "Actual Loops": 653
                                                }
                                            ]
                                        }
                                    ]
                                },
                                {
                                    "Node Type": "Index Scan",
                                    "Parent Relationship": "Inner",
                                    "Parallel Aware": false,
                                    "Scan Direction": "Forward",
                                    "Index Name": "name_pkey",
                                    "Relation Name": "name",
                                    "Schema": "public",
                                    "Alias": "n1",
                                    "Startup Cost": 0.43,
                                    "Total Cost": 0.77,
                                    "Plan Rows": 1,
                                    "Plan Width": 4,
                                    "Actual Startup Time": 0.011,
                                    "Actual Total Time": 0.011,
                                    "Actual Rows": 0,
                                    "Actual Loops": 1123,
                                    "Output": [
                                        "n1.id",
                                        "n1.name",
                                        "n1.imdb_index",
                                        "n1.imdb_id",
                                        "n1.gender",
                                        "n1.name_pcode_cf",
                                        "n1.name_pcode_nf",
                                        "n1.surname_pcode",
                                        "n1.md5sum"
                                    ],
                                    "Index Cond": "(n1.id = an1.person_id)",
                                    "Rows Removed by Index Recheck": 0,
                                    "Filter": "((n1.name ~~ '%Yo%'::text) AND (n1.name !~~ '%Yu%'::text))",
                                    "Rows Removed by Filter": 1,
                                    "Workers": [
                                        {
                                            "Worker Number": 0,
                                            "Actual Startup Time": 0.011,
                                            "Actual Total Time": 0.011,
                                            "Actual Rows": 0,
                                            "Actual Loops": 297
                                        },
                                        {
                                            "Worker Number": 1,
                                            "Actual Startup Time": 0.012,
                                            "Actual Total Time": 0.012,
                                            "Actual Rows": 0,
                                            "Actual Loops": 263
                                        },
                                        {
                                            "Worker Number": 2,
                                            "Actual Startup Time": 0.01,
                                            "Actual Total Time": 0.01,
                                            "Actual Rows": 0,
                                            "Actual Loops": 277
                                        }
                                    ]
                                }
                            ]
                        }
                    ]
                }
            ]
        },
        "Planning Time": 512.223,
        "Triggers": [],
        "Execution Time": 1155.642
    }
]