[
    {
        "Bao": {
            "Bao prediction": "NaN",
            "Bao recommended hint": "(no hint)"
        }
    },
    {
        "Plan": {
            "Node Type": "Aggregate",
            "Strategy": "Plain",
            "Partial Mode": "Finalize",
            "Parallel Aware": false,
            "Startup Cost": 45232.53,
            "Total Cost": 45232.54,
            "Plan Rows": 1,
            "Plan Width": 8,
            "Actual Startup Time": 133.312,
            "Actual Total Time": 137.763,
            "Actual Rows": 1,
            "Actual Loops": 1,
            "Output": [
                "count(*)"
            ],
            "Plans": [
                {
                    "Node Type": "Gather",
                    "Parent Relationship": "Outer",
                    "Parallel Aware": false,
                    "Startup Cost": 45232.21,
                    "Total Cost": 45232.52,
                    "Plan Rows": 3,
                    "Plan Width": 8,
                    "Actual Startup Time": 133.063,
                    "Actual Total Time": 137.756,
                    "Actual Rows": 4,
                    "Actual Loops": 1,
                    "Output": [
                        "(PARTIAL count(*))"
                    ],
                    "Workers Planned": 3,
                    "Workers Launched": 3,
                    "Single Copy": false,
                    "Plans": [
                        {
                            "Node Type": "Aggregate",
                            "Strategy": "Plain",
                            "Partial Mode": "Partial",
                            "Parent Relationship": "Outer",
                            "Parallel Aware": false,
                            "Startup Cost": 44232.21,
                            "Total Cost": 44232.22,
                            "Plan Rows": 1,
                            "Plan Width": 8,
                            "Actual Startup Time": 125.365,
                            "Actual Total Time": 125.366,
                            "Actual Rows": 1,
                            "Actual Loops": 4,
                            "Output": [
                                "PARTIAL count(*)"
                            ],
                            "Workers": [
                                {
                                    "Worker Number": 0,
                                    "Actual Startup Time": 122.607,
                                    "Actual Total Time": 122.609,
                                    "Actual Rows": 1,
                                    "Actual Loops": 1
                                },
                                {
                                    "Worker Number": 1,
                                    "Actual Startup Time": 122.896,
                                    "Actual Total Time": 122.897,
                                    "Actual Rows": 1,
                                    "Actual Loops": 1
                                },
                                {
                                    "Worker Number": 2,
                                    "Actual Startup Time": 123.139,
                                    "Actual Total Time": 123.14,
                                    "Actual Rows": 1,
                                    "Actual Loops": 1
                                }
                            ],
                            "Plans": [
                                {
                                    "Node Type": "Seq Scan",
                                    "Parent Relationship": "Outer",
                                    "Parallel Aware": true,
                                    "Relation Name": "movie_keyword",
                                    "Schema": "public",
                                    "Alias": "mk",
                                    "Startup Cost": 0.0,
                                    "Total Cost": 42695.65,
                                    "Plan Rows": 614622,
                                    "Plan Width": 0,
                                    "Actual Startup Time": 0.048,
                                    "Actual Total Time": 102.681,
                                    "Actual Rows": 475319,
                                    "Actual Loops": 4,
                                    "Output": [
                                        "id",
                                        "movie_id",
                                        "keyword_id"
                                    ],
                                    "Filter": "(mk.keyword_id < 3260)",
                                    "Rows Removed by Filter": 655664,
                                    "Workers": [
                                        {
                                            "Worker Number": 0,
                                            "Actual Startup Time": 0.056,
                                            "Actual Total Time": 100.914,
                                            "Actual Rows": 413898,
                                            "Actual Loops": 1
                                        },
                                        {
                                            "Worker Number": 1,
                                            "Actual Startup Time": 0.058,
                                            "Actual Total Time": 100.963,
                                            "Actual Rows": 422365,
                                            "Actual Loops": 1
                                        },
                                        {
                                            "Worker Number": 2,
                                            "Actual Startup Time": 0.068,
                                            "Actual Total Time": 101.064,
                                            "Actual Rows": 426952,
                                            "Actual Loops": 1
                                        }
                                    ]
                                }
                            ]
                        }
                    ]
                }
            ]
        },
        "Planning Time": 189.923,
        "Triggers": [],
        "Execution Time": 137.8
    }
]