[
  {
    "Plan": {
      "Node Type": "Aggregate",
      "Strategy": "Plain",
      "Partial Mode": "Finalize",
      "Parallel Aware": false,
      "Startup Cost": 333025.25,
      "Total Cost": 333025.26,
      "Plan Rows": 1,
      "Plan Width": 8,
      "Actual Startup Time": 672.961,
      "Actual Total Time": 722.977,
      "Actual Rows": 1,
      "Actual Loops": 1,
      "Plans": [
        {
          "Node Type": "Gather",
          "Parent Relationship": "Outer",
          "Parallel Aware": false,
          "Startup Cost": 333024.62,
          "Total Cost": 333025.23,
          "Plan Rows": 6,
          "Plan Width": 8,
          "Actual Startup Time": 672.796,
          "Actual Total Time": 722.962,
          "Actual Rows": 7,
          "Actual Loops": 1,
          "Workers Planned": 6,
          "Workers Launched": 6,
          "Single Copy": false,
          "Plans": [
            {
              "Node Type": "Aggregate",
              "Strategy": "Plain",
              "Partial Mode": "Partial",
              "Parent Relationship": "Outer",
              "Parallel Aware": false,
              "Startup Cost": 332024.62,
              "Total Cost": 332024.63,
              "Plan Rows": 1,
              "Plan Width": 8,
              "Actual Startup Time": 663.922,
              "Actual Total Time": 663.923,
              "Actual Rows": 1,
              "Actual Loops": 7,
              "Plans": [
                {
                  "Node Type": "Seq Scan",
                  "Parent Relationship": "Outer",
                  "Parallel Aware": true,
                  "Relation Name": "cast_info",
                  "Alias": "ci",
                  "Startup Cost": 0.0,
                  "Total Cost": 328211.39,
                  "Plan Rows": 1525293,
                  "Plan Width": 0,
                  "Actual Startup Time": 0.055,
                  "Actual Total Time": 594.943,
                  "Actual Rows": 1313580,
                  "Actual Loops": 7,
                  "Filter": "(person_id < 904060)",
                  "Rows Removed by Filter": 3864183
                }
              ]
            }
          ]
        }
      ]
    },
    "Planning Time": 0.217,
    "Triggers": [],
    "Execution Time": 723.054
  }
]