[
  {
    "Plan": {
      "Node Type": "Aggregate",
      "Strategy": "Plain",
      "Partial Mode": "Finalize",
      "Parallel Aware": false,
      "Startup Cost": 46349.67,
      "Total Cost": 46349.68,
      "Plan Rows": 1,
      "Plan Width": 8,
      "Actual Startup Time": 159.885,
      "Actual Total Time": 169.53,
      "Actual Rows": 1,
      "Actual Loops": 1,
      "Plans": [
        {
          "Node Type": "Gather",
          "Parent Relationship": "Outer",
          "Parallel Aware": false,
          "Startup Cost": 46349.35,
          "Total Cost": 46349.66,
          "Plan Rows": 3,
          "Plan Width": 8,
          "Actual Startup Time": 159.777,
          "Actual Total Time": 169.521,
          "Actual Rows": 4,
          "Actual Loops": 1,
          "Workers Planned": 3,
          "Workers Launched": 3,
          "Single Copy": false,
          "Plans": [
            {
              "Node Type": "Aggregate",
              "Strategy": "Plain",
              "Partial Mode": "Partial",
              "Parent Relationship": "Outer",
              "Parallel Aware": false,
              "Startup Cost": 45349.35,
              "Total Cost": 45349.36,
              "Plan Rows": 1,
              "Plan Width": 8,
              "Actual Startup Time": 154.019,
              "Actual Total Time": 154.02,
              "Actual Rows": 1,
              "Actual Loops": 4,
              "Plans": [
                {
                  "Node Type": "Seq Scan",
                  "Parent Relationship": "Outer",
                  "Parallel Aware": true,
                  "Relation Name": "movie_keyword",
                  "Alias": "mk",
                  "Startup Cost": 0.0,
                  "Total Cost": 42695.65,
                  "Plan Rows": 1061478,
                  "Plan Width": 0,
                  "Actual Startup Time": 0.176,
                  "Actual Total Time": 118.128,
                  "Actual Rows": 821094,
                  "Actual Loops": 4,
                  "Filter": "(keyword_id > 1577)",
                  "Rows Removed by Filter": 309889
                }
              ]
            }
          ]
        }
      ]
    },
    "Planning Time": 0.188,
    "Triggers": [],
    "Execution Time": 169.588
  }
]