[
  {
    "Plan": {
      "Node Type": "Aggregate",
      "Strategy": "Plain",
      "Partial Mode": "Simple",
      "Parallel Aware": false,
      "Startup Cost": 26928.87,
      "Total Cost": 26928.88,
      "Plan Rows": 1,
      "Plan Width": 8,
      "Actual Startup Time": 49.36,
      "Actual Total Time": 49.361,
      "Actual Rows": 1,
      "Actual Loops": 1,
      "Plans": [
        {
          "Node Type": "Bitmap Heap Scan",
          "Parent Relationship": "Outer",
          "Parallel Aware": false,
          "Relation Name": "movie_keyword",
          "Alias": "mk",
          "Startup Cost": 805.77,
          "Total Cost": 26834.24,
          "Plan Rows": 37850,
          "Plan Width": 0,
          "Actual Startup Time": 18.897,
          "Actual Total Time": 46.911,
          "Actual Rows": 34710,
          "Actual Loops": 1,
          "Recheck Cond": "(keyword_id = 2488)",
          "Rows Removed by Index Recheck": 0,
          "Exact Heap Blocks": 14170,
          "Lossy Heap Blocks": 0,
          "Plans": [
            {
              "Node Type": "Bitmap Index Scan",
              "Parent Relationship": "Outer",
              "Parallel Aware": false,
              "Index Name": "keyword_id_movie_keyword",
              "Startup Cost": 0.0,
              "Total Cost": 796.31,
              "Plan Rows": 37850,
              "Plan Width": 0,
              "Actual Startup Time": 12.868,
              "Actual Total Time": 12.868,
              "Actual Rows": 34710,
              "Actual Loops": 1,
              "Index Cond": "(keyword_id = 2488)"
            }
          ]
        }
      ]
    },
    "Planning Time": 0.175,
    "Triggers": [],
    "Execution Time": 49.419
  }
]