[
  {
    "Plan": {
      "Node Type": "Aggregate",
      "Strategy": "Plain",
      "Partial Mode": "Finalize",
      "Parallel Aware": false,
      "Startup Cost": 46480.15,
      "Total Cost": 46480.16,
      "Plan Rows": 1,
      "Plan Width": 8,
      "Actual Startup Time": 90.103,
      "Actual Total Time": 100.943,
      "Actual Rows": 1,
      "Actual Loops": 1,
      "Plans": [
        {
          "Node Type": "Gather",
          "Parent Relationship": "Outer",
          "Parallel Aware": false,
          "Startup Cost": 46479.73,
          "Total Cost": 46480.14,
          "Plan Rows": 4,
          "Plan Width": 8,
          "Actual Startup Time": 89.748,
          "Actual Total Time": 100.934,
          "Actual Rows": 5,
          "Actual Loops": 1,
          "Workers Planned": 4,
          "Workers Launched": 4,
          "Single Copy": false,
          "Plans": [
            {
              "Node Type": "Aggregate",
              "Strategy": "Plain",
              "Partial Mode": "Partial",
              "Parent Relationship": "Outer",
              "Parallel Aware": false,
              "Startup Cost": 45479.73,
              "Total Cost": 45479.74,
              "Plan Rows": 1,
              "Plan Width": 8,
              "Actual Startup Time": 84.043,
              "Actual Total Time": 84.045,
              "Actual Rows": 1,
              "Actual Loops": 5,
              "Plans": [
                {
                  "Node Type": "Seq Scan",
                  "Parent Relationship": "Outer",
                  "Parallel Aware": true,
                  "Relation Name": "title",
                  "Alias": "t",
                  "Startup Cost": 0.0,
                  "Total Cost": 45479.1,
                  "Plan Rows": 251,
                  "Plan Width": 0,
                  "Actual Startup Time": 57.483,
                  "Actual Total Time": 83.955,
                  "Actual Rows": 683,
                  "Actual Loops": 5,
                  "Filter": "((kind_id < 3) AND (production_year = 1909))",
                  "Rows Removed by Filter": 504979
                }
              ]
            }
          ]
        }
      ]
    },
    "Planning Time": 0.211,
    "Triggers": [],
    "Execution Time": 101.002
  }
]