[
  {
    "Plan": {
      "Node Type": "Aggregate",
      "Strategy": "Plain",
      "Partial Mode": "Finalize",
      "Parallel Aware": false,
      "Startup Cost": 83937.55,
      "Total Cost": 83937.56,
      "Plan Rows": 1,
      "Plan Width": 8,
      "Actual Startup Time": 441.084,
      "Actual Total Time": 456.81,
      "Actual Rows": 1,
      "Actual Loops": 1,
      "Plans": [
        {
          "Node Type": "Gather",
          "Parent Relationship": "Outer",
          "Parallel Aware": false,
          "Startup Cost": 83937.13,
          "Total Cost": 83937.54,
          "Plan Rows": 4,
          "Plan Width": 8,
          "Actual Startup Time": 430.596,
          "Actual Total Time": 456.801,
          "Actual Rows": 5,
          "Actual Loops": 1,
          "Workers Planned": 4,
          "Workers Launched": 4,
          "Single Copy": false,
          "Plans": [
            {
              "Node Type": "Aggregate",
              "Strategy": "Plain",
              "Partial Mode": "Partial",
              "Parent Relationship": "Outer",
              "Parallel Aware": false,
              "Startup Cost": 82937.13,
              "Total Cost": 82937.14,
              "Plan Rows": 1,
              "Plan Width": 8,
              "Actual Startup Time": 417.019,
              "Actual Total Time": 417.023,
              "Actual Rows": 1,
              "Actual Loops": 5,
              "Plans": [
                {
                  "Node Type": "Hash Join",
                  "Parent Relationship": "Outer",
                  "Parallel Aware": true,
                  "Join Type": "Inner",
                  "Startup Cost": 35874.76,
                  "Total Cost": 82245.84,
                  "Plan Rows": 276516,
                  "Plan Width": 0,
                  "Actual Startup Time": 168.531,
                  "Actual Total Time": 406.985,
                  "Actual Rows": 246669,
                  "Actual Loops": 5,
                  "Inner Unique": false,
                  "Hash Cond": "(t.id = mc.movie_id)",
                  "Plans": [
                    {
                      "Node Type": "Seq Scan",
                      "Parent Relationship": "Outer",
                      "Parallel Aware": true,
                      "Relation Name": "title",
                      "Alias": "t",
                      "Startup Cost": 0.0,
                      "Total Cost": 42318.73,
                      "Plan Rows": 632073,
                      "Plan Width": 4,
                      "Actual Startup Time": 0.015,
                      "Actual Total Time": 63.334,
                      "Actual Rows": 505662,
                      "Actual Loops": 5
                    },
                    {
                      "Node Type": "Hash",
                      "Parent Relationship": "Inner",
                      "Parallel Aware": true,
                      "Startup Cost": 31414.82,
                      "Total Cost": 31414.82,
                      "Plan Rows": 356795,
                      "Plan Width": 4,
                      "Actual Startup Time": 161.971,
                      "Actual Total Time": 161.972,
                      "Actual Rows": 246669,
                      "Actual Loops": 5,
                      "Hash Buckets": 2097152,
                      "Original Hash Buckets": 2097152,
                      "Hash Batches": 1,
                      "Original Hash Batches": 1,
                      "Peak Memory Usage": 64736,
                      "Plans": [
                        {
                          "Node Type": "Seq Scan",
                          "Parent Relationship": "Outer",
                          "Parallel Aware": true,
                          "Relation Name": "movie_companies",
                          "Alias": "mc",
                          "Startup Cost": 0.0,
                          "Total Cost": 31414.82,
                          "Plan Rows": 356795,
                          "Plan Width": 4,
                          "Actual Startup Time": 45.239,
                          "Actual Total Time": 80.058,
                          "Actual Rows": 246669,
                          "Actual Loops": 5,
                          "Filter": "((company_id > 302) AND (company_type_id > 1))",
                          "Rows Removed by Filter": 275156
                        }
                      ]
                    }
                  ]
                }
              ]
            }
          ]
        }
      ]
    },
    "Planning Time": 0.664,
    "Triggers": [],
    "Execution Time": 456.885
  }
]