{
  "Plan": {
    "Node Type": "Aggregate",
    "Strategy": "Plain",
    "Partial Mode": "Finalize",
    "Parallel Aware": false,
    "Startup Cost": 657000.05,
    "Total Cost": 657000.06,
    "Plan Rows": 1,
    "Plan Width": 8,
    "Actual Startup Time": 2093.242,
    "Actual Total Time": 2133.443,
    "Actual Rows": 1,
    "Actual Loops": 1,
    "Plans": [
      {
        "Node Type": "Gather",
        "Parent Relationship": "Outer",
        "Parallel Aware": false,
        "Startup Cost": 656999.94,
        "Total Cost": 657000.05,
        "Plan Rows": 1,
        "Plan Width": 8,
        "Actual Startup Time": 2089.697,
        "Actual Total Time": 2133.432,
        "Actual Rows": 2,
        "Actual Loops": 1,
        "Workers Planned": 1,
        "Workers Launched": 1,
        "Single Copy": false,
        "Plans": [
          {
            "Node Type": "Aggregate",
            "Strategy": "Plain",
            "Partial Mode": "Partial",
            "Parent Relationship": "Outer",
            "Parallel Aware": false,
            "Startup Cost": 655999.94,
            "Total Cost": 655999.95,
            "Plan Rows": 1,
            "Plan Width": 8,
            "Actual Startup Time": 2083.413,
            "Actual Total Time": 2083.421,
            "Actual Rows": 1,
            "Actual Loops": 2,
            "Plans": [
              {
                "Node Type": "Hash Join",
                "Parent Relationship": "Outer",
                "Parallel Aware": true,
                "Join Type": "Inner",
                "Startup Cost": 308454.21,
                "Total Cost": 652874.72,
                "Plan Rows": 1250087,
                "Plan Width": 0,
                "Actual Startup Time": 1032.367,
                "Actual Total Time": 2070.787,
                "Actual Rows": 293294,
                "Actual Loops": 2,
                "Inner Unique": false,
                "Hash Cond": "(ci.movie_id = t.id)",
                "Plans": [
                  {
                    "Node Type": "Bitmap Heap Scan",
                    "Parent Relationship": "Outer",
                    "Parallel Aware": true,
                    "Relation Name": "cast_info",
                    "Alias": "ci",
                    "Startup Cost": 194969.32,
                    "Total Cost": 512564.05,
                    "Plan Rows": 5192619,
                    "Plan Width": 4,
                    "Actual Startup Time": 383.341,
                    "Actual Total Time": 895.648,
                    "Actual Rows": 4484764,
                    "Actual Loops": 2,
                    "Recheck Cond": "(person_id < 882427)",
                    "Rows Removed by Index Recheck": 0,
                    "Exact Heap Blocks": 48831,
                    "Lossy Heap Blocks": 0,
                    "Plans": [
                      {
                        "Node Type": "Bitmap Index Scan",
                        "Parent Relationship": "Outer",
                        "Parallel Aware": false,
                        "Index Name": "person_id_cast_info",
                        "Startup Cost": 0.0,
                        "Total Cost": 192762.46,
                        "Plan Rows": 8827452,
                        "Plan Width": 0,
                        "Actual Startup Time": 367.189,
                        "Actual Total Time": 367.189,
                        "Actual Rows": 8969527,
                        "Actual Loops": 1,
                        "Index Cond": "(person_id < 882427)"
                      }
                    ]
                  },
                  {
                    "Node Type": "Hash",
                    "Parent Relationship": "Inner",
                    "Parallel Aware": true,
                    "Startup Cost": 109009.38,
                    "Total Cost": 109009.38,
                    "Plan Rows": 358041,
                    "Plan Width": 8,
                    "Actual Startup Time": 639.546,
                    "Actual Total Time": 639.551,
                    "Actual Rows": 37204,
                    "Actual Loops": 2,
                    "Hash Buckets": 1048576,
                    "Original Hash Buckets": 1048576,
                    "Hash Batches": 1,
                    "Original Hash Batches": 1,
                    "Peak Memory Usage": 11136,
                    "Plans": [
                      {
                        "Node Type": "Hash Join",
                        "Parent Relationship": "Outer",
                        "Parallel Aware": true,
                        "Join Type": "Inner",
                        "Startup Cost": 65889.29,
                        "Total Cost": 109009.38,
                        "Plan Rows": 358041,
                        "Plan Width": 8,
                        "Actual Startup Time": 413.716,
                        "Actual Total Time": 624.982,
                        "Actual Rows": 37204,
                        "Actual Loops": 2,
                        "Inner Unique": true,
                        "Hash Cond": "(mc.movie_id = t.id)",
                        "Plans": [
                          {
                            "Node Type": "Index Scan",
                            "Parent Relationship": "Outer",
                            "Parallel Aware": true,
                            "Scan Direction": "Forward",
                            "Index Name": "company_type_id_movie_companies",
                            "Relation Name": "movie_companies",
                            "Alias": "mc",
                            "Startup Cost": 0.43,
                            "Total Cost": 41574.35,
                            "Plan Rows": 589012,
                            "Plan Width": 4,
                            "Actual Startup Time": 0.481,
                            "Actual Total Time": 107.401,
                            "Actual Rows": 429270,
                            "Actual Loops": 2,
                            "Index Cond": "(company_type_id = 1)",
                            "Rows Removed by Index Recheck": 0,
                            "Filter": "(company_id > 596)",
                            "Rows Removed by Filter": 207853
                          },
                          {
                            "Node Type": "Hash",
                            "Parent Relationship": "Inner",
                            "Parallel Aware": true,
                            "Startup Cost": 54588.39,
                            "Total Cost": 54588.39,
                            "Plan Rows": 904038,
                            "Plan Width": 4,
                            "Actual Startup Time": 403.675,
                            "Actual Total Time": 403.676,
                            "Actual Rows": 771632,
                            "Actual Loops": 2,
                            "Hash Buckets": 2097152,
                            "Original Hash Buckets": 2097152,
                            "Hash Batches": 1,
                            "Original Hash Batches": 1,
                            "Peak Memory Usage": 76768,
                            "Plans": [
                              {
                                "Node Type": "Seq Scan",
                                "Parent Relationship": "Outer",
                                "Parallel Aware": true,
                                "Relation Name": "title",
                                "Alias": "t",
                                "Startup Cost": 0.0,
                                "Total Cost": 54588.39,
                                "Plan Rows": 904038,
                                "Plan Width": 4,
                                "Actual Startup Time": 0.051,
                                "Actual Total Time": 166.241,
                                "Actual Rows": 771632,
                                "Actual Loops": 2,
                                "Filter": "(kind_id = 7)",
                                "Rows Removed by Filter": 492524
                              }
                            ]
                          }
                        ]
                      }
                    ]
                  }
                ]
              }
            ]
          }
        ]
      }
    ]
  },
  "Planning Time": 1.181,
  "Triggers": [],
  "Execution Time": 2133.564
}