[
  {
    "Plan": {
      "Node Type": "Aggregate",
      "Strategy": "Plain",
      "Partial Mode": "Finalize",
      "Parallel Aware": false,
      "Startup Cost": 503699.06,
      "Total Cost": 503699.07,
      "Plan Rows": 1,
      "Plan Width": 8,
      "Actual Startup Time": 4119.971,
      "Actual Total Time": 4184.484,
      "Actual Rows": 1,
      "Actual Loops": 1,
      "Plans": [
        {
          "Node Type": "Gather",
          "Parent Relationship": "Outer",
          "Parallel Aware": false,
          "Startup Cost": 503698.43,
          "Total Cost": 503699.04,
          "Plan Rows": 6,
          "Plan Width": 8,
          "Actual Startup Time": 4089.924,
          "Actual Total Time": 4184.47,
          "Actual Rows": 7,
          "Actual Loops": 1,
          "Workers Planned": 6,
          "Workers Launched": 6,
          "Single Copy": false,
          "Plans": [
            {
              "Node Type": "Aggregate",
              "Strategy": "Plain",
              "Partial Mode": "Partial",
              "Parent Relationship": "Outer",
              "Parallel Aware": false,
              "Startup Cost": 502698.43,
              "Total Cost": 502698.44,
              "Plan Rows": 1,
              "Plan Width": 8,
              "Actual Startup Time": 4066.321,
              "Actual Total Time": 4067.068,
              "Actual Rows": 1,
              "Actual Loops": 7,
              "Plans": [
                {
                  "Node Type": "Hash Join",
                  "Parent Relationship": "Outer",
                  "Parallel Aware": true,
                  "Join Type": "Inner",
                  "Startup Cost": 111551.13,
                  "Total Cost": 488112.05,
                  "Plan Rows": 5834551,
                  "Plan Width": 0,
                  "Actual Startup Time": 824.207,
                  "Actual Total Time": 3426.534,
                  "Actual Rows": 15722136,
                  "Actual Loops": 7,
                  "Inner Unique": false,
                  "Hash Cond": "(ci.movie_id = t.id)",
                  "Plans": [
                    {
                      "Node Type": "Seq Scan",
                      "Parent Relationship": "Outer",
                      "Parallel Aware": true,
                      "Relation Name": "cast_info",
                      "Alias": "ci",
                      "Startup Cost": 0.0,
                      "Total Cost": 343257.03,
                      "Plan Rows": 3862068,
                      "Plan Width": 4,
                      "Actual Startup Time": 210.732,
                      "Actual Total Time": 693.393,
                      "Actual Rows": 3245989,
                      "Actual Loops": 7,
                      "Filter": "((person_id < 3898104) AND (role_id > 1))",
                      "Rows Removed by Filter": 1931775
                    },
                    {
                      "Node Type": "Hash",
                      "Parent Relationship": "Inner",
                      "Parallel Aware": true,
                      "Startup Cost": 96149.62,
                      "Total Cost": 96149.62,
                      "Plan Rows": 1232121,
                      "Plan Width": 8,
                      "Actual Startup Time": 606.092,
                      "Actual Total Time": 606.837,
                      "Actual Rows": 544012,
                      "Actual Loops": 7,
                      "Hash Buckets": 4194304,
                      "Original Hash Buckets": 4194304,
                      "Hash Batches": 1,
                      "Original Hash Batches": 1,
                      "Peak Memory Usage": 181856,
                      "Plans": [
                        {
                          "Node Type": "Hash Join",
                          "Parent Relationship": "Outer",
                          "Parallel Aware": true,
                          "Join Type": "Inner",
                          "Startup Cost": 50219.64,
                          "Total Cost": 96149.62,
                          "Plan Rows": 1232121,
                          "Plan Width": 8,
                          "Actual Startup Time": 247.969,
                          "Actual Total Time": 446.535,
                          "Actual Rows": 544012,
                          "Actual Loops": 7,
                          "Inner Unique": true,
                          "Hash Cond": "(mk.movie_id = t.id)",
                          "Plans": [
                            {
                              "Node Type": "Seq Scan",
                              "Parent Relationship": "Outer",
                              "Parallel Aware": true,
                              "Relation Name": "movie_keyword",
                              "Alias": "mk",
                              "Startup Cost": 0.0,
                              "Total Cost": 42695.65,
                              "Plan Rows": 1232121,
                              "Plan Width": 4,
                              "Actual Startup Time": 0.056,
                              "Actual Total Time": 84.054,
                              "Actual Rows": 544012,
                              "Actual Loops": 7,
                              "Filter": "(keyword_id > 613)",
                              "Rows Removed by Filter": 102264
                            },
                            {
                              "Node Type": "Hash",
                              "Parent Relationship": "Inner",
                              "Parallel Aware": true,
                              "Startup Cost": 42318.73,
                              "Total Cost": 42318.73,
                              "Plan Rows": 632073,
                              "Plan Width": 4,
                              "Actual Startup Time": 244.448,
                              "Actual Total Time": 244.449,
                              "Actual Rows": 361187,
                              "Actual Loops": 7,
                              "Hash Buckets": 4194304,
                              "Original Hash Buckets": 4194304,
                              "Hash Batches": 1,
                              "Original Hash Batches": 1,
                              "Peak Memory Usage": 131840,
                              "Plans": [
                                {
                                  "Node Type": "Seq Scan",
                                  "Parent Relationship": "Outer",
                                  "Parallel Aware": true,
                                  "Relation Name": "title",
                                  "Alias": "t",
                                  "Startup Cost": 0.0,
                                  "Total Cost": 42318.73,
                                  "Plan Rows": 632073,
                                  "Plan Width": 4,
                                  "Actual Startup Time": 0.057,
                                  "Actual Total Time": 71.591,
                                  "Actual Rows": 361187,
                                  "Actual Loops": 7
                                }
                              ]
                            }
                          ]
                        }
                      ]
                    }
                  ]
                }
              ]
            }
          ]
        }
      ]
    },
    "Planning Time": 1.392,
    "Triggers": [],
    "Execution Time": 4184.589
  }
]