[
  {
    "Plan": {
      "Node Type": "Aggregate",
      "Strategy": "Plain",
      "Partial Mode": "Finalize",
      "Parallel Aware": false,
      "Startup Cost": 46358.79,
      "Total Cost": 46358.8,
      "Plan Rows": 1,
      "Plan Width": 8,
      "Actual Startup Time": 143.393,
      "Actual Total Time": 155.828,
      "Actual Rows": 1,
      "Actual Loops": 1,
      "Plans": [
        {
          "Node Type": "Gather",
          "Parent Relationship": "Outer",
          "Parallel Aware": false,
          "Startup Cost": 46358.37,
          "Total Cost": 46358.78,
          "Plan Rows": 4,
          "Plan Width": 8,
          "Actual Startup Time": 143.23,
          "Actual Total Time": 155.816,
          "Actual Rows": 5,
          "Actual Loops": 1,
          "Workers Planned": 4,
          "Workers Launched": 4,
          "Single Copy": false,
          "Plans": [
            {
              "Node Type": "Aggregate",
              "Strategy": "Plain",
              "Partial Mode": "Partial",
              "Parent Relationship": "Outer",
              "Parallel Aware": false,
              "Startup Cost": 45358.37,
              "Total Cost": 45358.38,
              "Plan Rows": 1,
              "Plan Width": 8,
              "Actual Startup Time": 136.481,
              "Actual Total Time": 136.482,
              "Actual Rows": 1,
              "Actual Loops": 5,
              "Plans": [
                {
                  "Node Type": "Seq Scan",
                  "Parent Relationship": "Outer",
                  "Parallel Aware": true,
                  "Relation Name": "title",
                  "Alias": "t",
                  "Startup Cost": 0.0,
                  "Total Cost": 43899.32,
                  "Plan Rows": 583620,
                  "Plan Width": 0,
                  "Actual Startup Time": 0.043,
                  "Actual Total Time": 108.765,
                  "Actual Rows": 465179,
                  "Actual Loops": 5,
                  "Filter": "(production_year > 1935)",
                  "Rows Removed by Filter": 40484
                }
              ]
            }
          ]
        }
      ]
    },
    "Planning Time": 0.106,
    "Triggers": [],
    "Execution Time": 155.875
  }
]