[
  {
    "Plan": {
      "Node Type": "Aggregate",
      "Strategy": "Plain",
      "Partial Mode": "Finalize",
      "Parallel Aware": false,
      "Startup Cost": 91391.46,
      "Total Cost": 91391.47,
      "Plan Rows": 1,
      "Plan Width": 8,
      "Actual Startup Time": 323.785,
      "Actual Total Time": 341.214,
      "Actual Rows": 1,
      "Actual Loops": 1,
      "Plans": [
        {
          "Node Type": "Gather",
          "Parent Relationship": "Outer",
          "Parallel Aware": false,
          "Startup Cost": 91391.14,
          "Total Cost": 91391.45,
          "Plan Rows": 3,
          "Plan Width": 8,
          "Actual Startup Time": 322.137,
          "Actual Total Time": 341.204,
          "Actual Rows": 4,
          "Actual Loops": 1,
          "Workers Planned": 3,
          "Workers Launched": 3,
          "Single Copy": false,
          "Plans": [
            {
              "Node Type": "Aggregate",
              "Strategy": "Plain",
              "Partial Mode": "Partial",
              "Parent Relationship": "Outer",
              "Parallel Aware": false,
              "Startup Cost": 90391.14,
              "Total Cost": 90391.15,
              "Plan Rows": 1,
              "Plan Width": 8,
              "Actual Startup Time": 313.276,
              "Actual Total Time": 313.382,
              "Actual Rows": 1,
              "Actual Loops": 4,
              "Plans": [
                {
                  "Node Type": "Hash Join",
                  "Parent Relationship": "Outer",
                  "Parallel Aware": true,
                  "Join Type": "Inner",
                  "Startup Cost": 46258.79,
                  "Total Cost": 90267.71,
                  "Plan Rows": 49371,
                  "Plan Width": 0,
                  "Actual Startup Time": 150.132,
                  "Actual Total Time": 307.882,
                  "Actual Rows": 121216,
                  "Actual Loops": 4,
                  "Inner Unique": true,
                  "Hash Cond": "(mk.movie_id = t.id)",
                  "Plans": [
                    {
                      "Node Type": "Seq Scan",
                      "Parent Relationship": "Outer",
                      "Parallel Aware": true,
                      "Relation Name": "movie_keyword",
                      "Alias": "mk",
                      "Startup Cost": 0.0,
                      "Total Cost": 42695.65,
                      "Plan Rows": 500294,
                      "Plan Width": 4,
                      "Actual Startup Time": 0.711,
                      "Actual Total Time": 104.089,
                      "Actual Rows": 389131,
                      "Actual Loops": 4,
                      "Filter": "(keyword_id > 10111)",
                      "Rows Removed by Filter": 741852
                    },
                    {
                      "Node Type": "Hash",
                      "Parent Relationship": "Inner",
                      "Parallel Aware": true,
                      "Startup Cost": 45479.1,
                      "Total Cost": 45479.1,
                      "Plan Rows": 62375,
                      "Plan Width": 4,
                      "Actual Startup Time": 146.826,
                      "Actual Total Time": 146.827,
                      "Actual Rows": 91406,
                      "Actual Loops": 4,
                      "Hash Buckets": 524288,
                      "Original Hash Buckets": 262144,
                      "Hash Batches": 1,
                      "Original Hash Batches": 1,
                      "Peak Memory Usage": 20512,
                      "Plans": [
                        {
                          "Node Type": "Seq Scan",
                          "Parent Relationship": "Outer",
                          "Parallel Aware": true,
                          "Relation Name": "title",
                          "Alias": "t",
                          "Startup Cost": 0.0,
                          "Total Cost": 45479.1,
                          "Plan Rows": 62375,
                          "Plan Width": 4,
                          "Actual Startup Time": 0.063,
                          "Actual Total Time": 108.146,
                          "Actual Rows": 91406,
                          "Actual Loops": 4,
                          "Filter": "((kind_id < 7) AND (production_year < 1988))",
                          "Rows Removed by Filter": 540672
                        }
                      ]
                    }
                  ]
                }
              ]
            }
          ]
        }
      ]
    },
    "Planning Time": 0.593,
    "Triggers": [],
    "Execution Time": 341.317
  }
]