[
  {
    "Plan": {
      "Node Type": "Aggregate",
      "Strategy": "Plain",
      "Partial Mode": "Finalize",
      "Parallel Aware": false,
      "Startup Cost": 281410.8,
      "Total Cost": 281410.81,
      "Plan Rows": 1,
      "Plan Width": 8,
      "Actual Startup Time": 1064.833,
      "Actual Total Time": 1099.639,
      "Actual Rows": 1,
      "Actual Loops": 1,
      "Plans": [
        {
          "Node Type": "Gather",
          "Parent Relationship": "Outer",
          "Parallel Aware": false,
          "Startup Cost": 281410.28,
          "Total Cost": 281410.79,
          "Plan Rows": 5,
          "Plan Width": 8,
          "Actual Startup Time": 1032.437,
          "Actual Total Time": 1099.63,
          "Actual Rows": 6,
          "Actual Loops": 1,
          "Workers Planned": 5,
          "Workers Launched": 5,
          "Single Copy": false,
          "Plans": [
            {
              "Node Type": "Aggregate",
              "Strategy": "Plain",
              "Partial Mode": "Partial",
              "Parent Relationship": "Outer",
              "Parallel Aware": false,
              "Startup Cost": 280410.28,
              "Total Cost": 280410.29,
              "Plan Rows": 1,
              "Plan Width": 8,
              "Actual Startup Time": 1023.425,
              "Actual Total Time": 1024.144,
              "Actual Rows": 1,
              "Actual Loops": 6,
              "Plans": [
                {
                  "Node Type": "Hash Join",
                  "Parent Relationship": "Outer",
                  "Parallel Aware": true,
                  "Join Type": "Inner",
                  "Startup Cost": 72602.05,
                  "Total Cost": 278761.55,
                  "Plan Rows": 659491,
                  "Plan Width": 0,
                  "Actual Startup Time": 406.366,
                  "Actual Total Time": 953.714,
                  "Actual Rows": 1759277,
                  "Actual Loops": 6,
                  "Inner Unique": false,
                  "Hash Cond": "(mi.movie_id = t.id)",
                  "Plans": [
                    {
                      "Node Type": "Seq Scan",
                      "Parent Relationship": "Outer",
                      "Parallel Aware": true,
                      "Relation Name": "movie_info",
                      "Alias": "mi",
                      "Startup Cost": 0.0,
                      "Total Cost": 198880.74,
                      "Plan Rows": 1208235,
                      "Plan Width": 4,
                      "Actual Startup Time": 14.61,
                      "Actual Total Time": 278.1,
                      "Actual Rows": 1013905,
                      "Actual Loops": 6,
                      "Filter": "(info_type_id > 9)",
                      "Rows Removed by Filter": 1458715
                    },
                    {
                      "Node Type": "Hash",
                      "Parent Relationship": "Inner",
                      "Parallel Aware": true,
                      "Startup Cost": 65414.37,
                      "Total Cost": 65414.37,
                      "Plan Rows": 575015,
                      "Plan Width": 8,
                      "Actual Startup Time": 387.858,
                      "Actual Total Time": 388.575,
                      "Actual Rows": 230006,
                      "Actual Loops": 6,
                      "Hash Buckets": 2097152,
                      "Original Hash Buckets": 2097152,
                      "Hash Batches": 1,
                      "Original Hash Batches": 1,
                      "Peak Memory Usage": 70432,
                      "Plans": [
                        {
                          "Node Type": "Hash Join",
                          "Parent Relationship": "Outer",
                          "Parallel Aware": true,
                          "Join Type": "Inner",
                          "Startup Cost": 50219.81,
                          "Total Cost": 65414.37,
                          "Plan Rows": 575015,
                          "Plan Width": 8,
                          "Actual Startup Time": 242.64,
                          "Actual Total Time": 325.587,
                          "Actual Rows": 230006,
                          "Actual Loops": 6,
                          "Inner Unique": true,
                          "Hash Cond": "(mi_idx.movie_id = t.id)",
                          "Plans": [
                            {
                              "Node Type": "Seq Scan",
                              "Parent Relationship": "Outer",
                              "Parallel Aware": true,
                              "Relation Name": "movie_info_idx",
                              "Alias": "mi_idx",
                              "Startup Cost": 0.0,
                              "Total Cost": 13685.15,
                              "Plan Rows": 575015,
                              "Plan Width": 4,
                              "Actual Startup Time": 0.02,
                              "Actual Total Time": 20.341,
                              "Actual Rows": 230006,
                              "Actual Loops": 6
                            },
                            {
                              "Node Type": "Hash",
                              "Parent Relationship": "Inner",
                              "Parallel Aware": true,
                              "Startup Cost": 42318.81,
                              "Total Cost": 42318.81,
                              "Plan Rows": 632080,
                              "Plan Width": 4,
                              "Actual Startup Time": 238.399,
                              "Actual Total Time": 238.4,
                              "Actual Rows": 421385,
                              "Actual Loops": 6,
                              "Hash Buckets": 4194304,
                              "Original Hash Buckets": 4194304,
                              "Hash Batches": 1,
                              "Original Hash Batches": 1,
                              "Peak Memory Usage": 131808,
                              "Plans": [
                                {
                                  "Node Type": "Seq Scan",
                                  "Parent Relationship": "Outer",
                                  "Parallel Aware": true,
                                  "Relation Name": "title",
                                  "Alias": "t",
                                  "Startup Cost": 0.0,
                                  "Total Cost": 42318.81,
                                  "Plan Rows": 632080,
                                  "Plan Width": 4,
                                  "Actual Startup Time": 0.037,
                                  "Actual Total Time": 66.337,
                                  "Actual Rows": 421385,
                                  "Actual Loops": 6
                                }
                              ]
                            }
                          ]
                        }
                      ]
                    }
                  ]
                }
              ]
            }
          ]
        }
      ]
    },
    "Planning Time": 0.648,
    "Triggers": [],
    "Execution Time": 1099.692
  }
]