{
  "Plan": {
    "Node Type": "Aggregate",
    "Strategy": "Plain",
    "Partial Mode": "Finalize",
    "Parallel Aware": false,
    "Startup Cost": 331171.25,
    "Total Cost": 331171.26,
    "Plan Rows": 1,
    "Plan Width": 8,
    "Actual Startup Time": 1343.512,
    "Actual Total Time": 1391.682,
    "Actual Rows": 1,
    "Actual Loops": 1,
    "Plans": [
      {
        "Node Type": "Gather",
        "Parent Relationship": "Outer",
        "Parallel Aware": false,
        "Startup Cost": 331171.14,
        "Total Cost": 331171.25,
        "Plan Rows": 1,
        "Plan Width": 8,
        "Actual Startup Time": 1343.375,
        "Actual Total Time": 1391.673,
        "Actual Rows": 2,
        "Actual Loops": 1,
        "Workers Planned": 1,
        "Workers Launched": 1,
        "Single Copy": false,
        "Plans": [
          {
            "Node Type": "Aggregate",
            "Strategy": "Plain",
            "Partial Mode": "Partial",
            "Parent Relationship": "Outer",
            "Parallel Aware": false,
            "Startup Cost": 330171.14,
            "Total Cost": 330171.15,
            "Plan Rows": 1,
            "Plan Width": 8,
            "Actual Startup Time": 1337.732,
            "Actual Total Time": 1337.735,
            "Actual Rows": 1,
            "Actual Loops": 2,
            "Plans": [
              {
                "Node Type": "Hash Join",
                "Parent Relationship": "Outer",
                "Parallel Aware": true,
                "Join Type": "Inner",
                "Startup Cost": 58343.89,
                "Total Cost": 330127.38,
                "Plan Rows": 17504,
                "Plan Width": 0,
                "Actual Startup Time": 148.984,
                "Actual Total Time": 1335.938,
                "Actual Rows": 31603,
                "Actual Loops": 2,
                "Inner Unique": true,
                "Hash Cond": "(mi.movie_id = t.id)",
                "Plans": [
                  {
                    "Node Type": "Seq Scan",
                    "Parent Relationship": "Outer",
                    "Parallel Aware": true,
                    "Relation Name": "movie_info",
                    "Alias": "mi",
                    "Startup Cost": 0.0,
                    "Total Cost": 248955.74,
                    "Plan Rows": 8696274,
                    "Plan Width": 4,
                    "Actual Startup Time": 0.009,
                    "Actual Total Time": 635.512,
                    "Actual Rows": 7417860,
                    "Actual Loops": 2
                  },
                  {
                    "Node Type": "Hash",
                    "Parent Relationship": "Inner",
                    "Parallel Aware": true,
                    "Startup Cost": 58306.47,
                    "Total Cost": 58306.47,
                    "Plan Rows": 2994,
                    "Plan Width": 4,
                    "Actual Startup Time": 147.184,
                    "Actual Total Time": 147.185,
                    "Actual Rows": 3098,
                    "Actual Loops": 2,
                    "Hash Buckets": 8192,
                    "Original Hash Buckets": 8192,
                    "Hash Batches": 1,
                    "Original Hash Batches": 1,
                    "Peak Memory Usage": 352,
                    "Plans": [
                      {
                        "Node Type": "Seq Scan",
                        "Parent Relationship": "Outer",
                        "Parallel Aware": true,
                        "Relation Name": "title",
                        "Alias": "t",
                        "Startup Cost": 0.0,
                        "Total Cost": 58306.47,
                        "Plan Rows": 2994,
                        "Plan Width": 4,
                        "Actual Startup Time": 0.411,
                        "Actual Total Time": 145.867,
                        "Actual Rows": 3098,
                        "Actual Loops": 2,
                        "Filter": "((kind_id < 7) AND (production_year = 1975))",
                        "Rows Removed by Filter": 1261058
                      }
                    ]
                  }
                ]
              }
            ]
          }
        ]
      }
    ]
  },
  "Planning Time": 0.434,
  "Triggers": [],
  "Execution Time": 1391.762
}