[
  {
    "Plan": {
      "Node Type": "Aggregate",
      "Strategy": "Plain",
      "Partial Mode": "Finalize",
      "Parallel Aware": false,
      "Startup Cost": 284754.13,
      "Total Cost": 284754.14,
      "Plan Rows": 1,
      "Plan Width": 8,
      "Actual Startup Time": 857.635,
      "Actual Total Time": 904.41,
      "Actual Rows": 1,
      "Actual Loops": 1,
      "Plans": [
        {
          "Node Type": "Gather",
          "Parent Relationship": "Outer",
          "Parallel Aware": false,
          "Startup Cost": 284753.61,
          "Total Cost": 284754.12,
          "Plan Rows": 5,
          "Plan Width": 8,
          "Actual Startup Time": 852.66,
          "Actual Total Time": 904.401,
          "Actual Rows": 6,
          "Actual Loops": 1,
          "Workers Planned": 5,
          "Workers Launched": 5,
          "Single Copy": false,
          "Plans": [
            {
              "Node Type": "Aggregate",
              "Strategy": "Plain",
              "Partial Mode": "Partial",
              "Parent Relationship": "Outer",
              "Parallel Aware": false,
              "Startup Cost": 283753.61,
              "Total Cost": 283753.62,
              "Plan Rows": 1,
              "Plan Width": 8,
              "Actual Startup Time": 843.185,
              "Actual Total Time": 843.19,
              "Actual Rows": 1,
              "Actual Loops": 6,
              "Plans": [
                {
                  "Node Type": "Hash Join",
                  "Parent Relationship": "Outer",
                  "Parallel Aware": true,
                  "Join Type": "Inner",
                  "Startup Cost": 78983.93,
                  "Total Cost": 282827.27,
                  "Plan Rows": 370533,
                  "Plan Width": 0,
                  "Actual Startup Time": 226.425,
                  "Actual Total Time": 825.155,
                  "Actual Rows": 442195,
                  "Actual Loops": 6,
                  "Inner Unique": false,
                  "Hash Cond": "(mi.movie_id = t.id)",
                  "Plans": [
                    {
                      "Node Type": "Seq Scan",
                      "Parent Relationship": "Outer",
                      "Parallel Aware": true,
                      "Relation Name": "movie_info",
                      "Alias": "mi",
                      "Startup Cost": 0.0,
                      "Total Cost": 191560.33,
                      "Plan Rows": 2956733,
                      "Plan Width": 4,
                      "Actual Startup Time": 0.016,
                      "Actual Total Time": 279.712,
                      "Actual Rows": 2472620,
                      "Actual Loops": 6
                    },
                    {
                      "Node Type": "Hash",
                      "Parent Relationship": "Inner",
                      "Parallel Aware": true,
                      "Startup Cost": 77706.34,
                      "Total Cost": 77706.34,
                      "Plan Rows": 102207,
                      "Plan Width": 8,
                      "Actual Startup Time": 223.113,
                      "Actual Total Time": 223.117,
                      "Actual Rows": 43731,
                      "Actual Loops": 6,
                      "Hash Buckets": 524288,
                      "Original Hash Buckets": 524288,
                      "Hash Batches": 1,
                      "Original Hash Batches": 1,
                      "Peak Memory Usage": 14432,
                      "Plans": [
                        {
                          "Node Type": "Hash Join",
                          "Parent Relationship": "Outer",
                          "Parallel Aware": true,
                          "Join Type": "Inner",
                          "Startup Cost": 46854.77,
                          "Total Cost": 77706.34,
                          "Plan Rows": 102207,
                          "Plan Width": 8,
                          "Actual Startup Time": 110.99,
                          "Actual Total Time": 206.331,
                          "Actual Rows": 43731,
                          "Actual Loops": 6,
                          "Inner Unique": true,
                          "Hash Cond": "(mc.movie_id = t.id)",
                          "Plans": [
                            {
                              "Node Type": "Seq Scan",
                              "Parent Relationship": "Outer",
                              "Parallel Aware": true,
                              "Relation Name": "movie_companies",
                              "Alias": "mc",
                              "Startup Cost": 0.0,
                              "Total Cost": 29310.68,
                              "Plan Rows": 587003,
                              "Plan Width": 4,
                              "Actual Startup Time": 0.022,
                              "Actual Total Time": 49.0,
                              "Actual Rows": 300901,
                              "Actual Loops": 6,
                              "Filter": "(company_id < 30018)",
                              "Rows Removed by Filter": 133954
                            },
                            {
                              "Node Type": "Hash",
                              "Parent Relationship": "Inner",
                              "Parallel Aware": true,
                              "Startup Cost": 45479.1,
                              "Total Cost": 45479.1,
                              "Plan Rows": 110054,
                              "Plan Width": 4,
                              "Actual Startup Time": 109.524,
                              "Actual Total Time": 109.525,
                              "Actual Rows": 51162,
                              "Actual Loops": 6,
                              "Hash Buckets": 524288,
                              "Original Hash Buckets": 524288,
                              "Hash Batches": 1,
                              "Original Hash Batches": 1,
                              "Peak Memory Usage": 16192,
                              "Plans": [
                                {
                                  "Node Type": "Seq Scan",
                                  "Parent Relationship": "Outer",
                                  "Parallel Aware": true,
                                  "Relation Name": "title",
                                  "Alias": "t",
                                  "Startup Cost": 0.0,
                                  "Total Cost": 45479.1,
                                  "Plan Rows": 110054,
                                  "Plan Width": 4,
                                  "Actual Startup Time": 0.045,
                                  "Actual Total Time": 81.062,
                                  "Actual Rows": 51162,
                                  "Actual Loops": 6,
                                  "Filter": "((kind_id > 1) AND (production_year < 1986))",
                                  "Rows Removed by Filter": 370224
                                }
                              ]
                            }
                          ]
                        }
                      ]
                    }
                  ]
                }
              ]
            }
          ]
        }
      ]
    },
    "Planning Time": 1.464,
    "Triggers": [],
    "Execution Time": 904.504
  }
]