[
  {
    "Plan": {
      "Node Type": "Aggregate",
      "Strategy": "Plain",
      "Partial Mode": "Finalize",
      "Parallel Aware": false,
      "Startup Cost": 47140.43,
      "Total Cost": 47140.44,
      "Plan Rows": 1,
      "Plan Width": 8,
      "Actual Startup Time": 116.266,
      "Actual Total Time": 129.295,
      "Actual Rows": 1,
      "Actual Loops": 1,
      "Plans": [
        {
          "Node Type": "Gather",
          "Parent Relationship": "Outer",
          "Parallel Aware": false,
          "Startup Cost": 47140.01,
          "Total Cost": 47140.42,
          "Plan Rows": 4,
          "Plan Width": 8,
          "Actual Startup Time": 116.117,
          "Actual Total Time": 129.287,
          "Actual Rows": 5,
          "Actual Loops": 1,
          "Workers Planned": 4,
          "Workers Launched": 4,
          "Single Copy": false,
          "Plans": [
            {
              "Node Type": "Aggregate",
              "Strategy": "Plain",
              "Partial Mode": "Partial",
              "Parent Relationship": "Outer",
              "Parallel Aware": false,
              "Startup Cost": 46140.01,
              "Total Cost": 46140.02,
              "Plan Rows": 1,
              "Plan Width": 8,
              "Actual Startup Time": 108.24,
              "Actual Total Time": 108.241,
              "Actual Rows": 1,
              "Actual Loops": 5,
              "Plans": [
                {
                  "Node Type": "Seq Scan",
                  "Parent Relationship": "Outer",
                  "Parallel Aware": true,
                  "Relation Name": "title",
                  "Alias": "t",
                  "Startup Cost": 0.0,
                  "Total Cost": 45479.1,
                  "Plan Rows": 264363,
                  "Plan Width": 0,
                  "Actual Startup Time": 0.035,
                  "Actual Total Time": 96.416,
                  "Actual Rows": 200654,
                  "Actual Loops": 5,
                  "Filter": "((kind_id > 1) AND (production_year < 2006))",
                  "Rows Removed by Filter": 305009
                }
              ]
            }
          ]
        }
      ]
    },
    "Planning Time": 0.184,
    "Triggers": [],
    "Execution Time": 129.353
  }
]