[
  {
    "Plan": {
      "Node Type": "Aggregate",
      "Strategy": "Plain",
      "Partial Mode": "Finalize",
      "Parallel Aware": false,
      "Startup Cost": 335518.08,
      "Total Cost": 335518.09,
      "Plan Rows": 1,
      "Plan Width": 8,
      "Actual Startup Time": 679.043,
      "Actual Total Time": 726.472,
      "Actual Rows": 1,
      "Actual Loops": 1,
      "Plans": [
        {
          "Node Type": "Gather",
          "Parent Relationship": "Outer",
          "Parallel Aware": false,
          "Startup Cost": 335517.45,
          "Total Cost": 335518.06,
          "Plan Rows": 6,
          "Plan Width": 8,
          "Actual Startup Time": 678.835,
          "Actual Total Time": 726.457,
          "Actual Rows": 7,
          "Actual Loops": 1,
          "Workers Planned": 6,
          "Workers Launched": 6,
          "Single Copy": false,
          "Plans": [
            {
              "Node Type": "Aggregate",
              "Strategy": "Plain",
              "Partial Mode": "Partial",
              "Parent Relationship": "Outer",
              "Parallel Aware": false,
              "Startup Cost": 334517.45,
              "Total Cost": 334517.46,
              "Plan Rows": 1,
              "Plan Width": 8,
              "Actual Startup Time": 669.14,
              "Actual Total Time": 669.142,
              "Actual Rows": 1,
              "Actual Loops": 7,
              "Plans": [
                {
                  "Node Type": "Seq Scan",
                  "Parent Relationship": "Outer",
                  "Parallel Aware": true,
                  "Relation Name": "cast_info",
                  "Alias": "ci",
                  "Startup Cost": 0.0,
                  "Total Cost": 328211.39,
                  "Plan Rows": 2522424,
                  "Plan Width": 0,
                  "Actual Startup Time": 0.059,
                  "Actual Total Time": 567.75,
                  "Actual Rows": 2182314,
                  "Actual Loops": 7,
                  "Filter": "(person_id < 1504450)",
                  "Rows Removed by Filter": 2995449
                }
              ]
            }
          ]
        }
      ]
    },
    "Planning Time": 0.122,
    "Triggers": [],
    "Execution Time": 726.526
  }
]