[
  {
    "Plan": {
      "Node Type": "Aggregate",
      "Strategy": "Plain",
      "Partial Mode": "Simple",
      "Parallel Aware": false,
      "Startup Cost": 802.48,
      "Total Cost": 802.49,
      "Plan Rows": 1,
      "Plan Width": 8,
      "Actual Startup Time": 0.203,
      "Actual Total Time": 0.205,
      "Actual Rows": 1,
      "Actual Loops": 1,
      "Plans": [
        {
          "Node Type": "Bitmap Heap Scan",
          "Parent Relationship": "Outer",
          "Parallel Aware": false,
          "Relation Name": "movie_info_idx",
          "Alias": "mi_idx",
          "Startup Cost": 6.21,
          "Total Cost": 801.9,
          "Plan Rows": 230,
          "Plan Width": 0,
          "Actual Startup Time": 0.083,
          "Actual Total Time": 0.155,
          "Actual Rows": 250,
          "Actual Loops": 1,
          "Recheck Cond": "(info_type_id = 112)",
          "Rows Removed by Index Recheck": 0,
          "Exact Heap Blocks": 2,
          "Lossy Heap Blocks": 0,
          "Plans": [
            {
              "Node Type": "Bitmap Index Scan",
              "Parent Relationship": "Outer",
              "Parallel Aware": false,
              "Index Name": "info_type_id_movie_info_idx",
              "Startup Cost": 0.0,
              "Total Cost": 6.15,
              "Plan Rows": 230,
              "Plan Width": 0,
              "Actual Startup Time": 0.053,
              "Actual Total Time": 0.054,
              "Actual Rows": 250,
              "Actual Loops": 1,
              "Index Cond": "(info_type_id = 112)"
            }
          ]
        }
      ]
    },
    "Planning Time": 0.159,
    "Triggers": [],
    "Execution Time": 0.266
  }
]