[
  {
    "Plan": {
      "Node Type": "Aggregate",
      "Strategy": "Plain",
      "Partial Mode": "Finalize",
      "Parallel Aware": false,
      "Startup Cost": 353231.75,
      "Total Cost": 353231.76,
      "Plan Rows": 1,
      "Plan Width": 8,
      "Actual Startup Time": 944.005,
      "Actual Total Time": 1007.93,
      "Actual Rows": 1,
      "Actual Loops": 1,
      "Plans": [
        {
          "Node Type": "Gather",
          "Parent Relationship": "Outer",
          "Parallel Aware": false,
          "Startup Cost": 353231.13,
          "Total Cost": 353231.74,
          "Plan Rows": 6,
          "Plan Width": 8,
          "Actual Startup Time": 943.856,
          "Actual Total Time": 1007.919,
          "Actual Rows": 7,
          "Actual Loops": 1,
          "Workers Planned": 6,
          "Workers Launched": 6,
          "Single Copy": false,
          "Plans": [
            {
              "Node Type": "Aggregate",
              "Strategy": "Plain",
              "Partial Mode": "Partial",
              "Parent Relationship": "Outer",
              "Parallel Aware": false,
              "Startup Cost": 352231.13,
              "Total Cost": 352231.14,
              "Plan Rows": 1,
              "Plan Width": 8,
              "Actual Startup Time": 933.093,
              "Actual Total Time": 933.095,
              "Actual Rows": 1,
              "Actual Loops": 7,
              "Plans": [
                {
                  "Node Type": "Seq Scan",
                  "Parent Relationship": "Outer",
                  "Parallel Aware": true,
                  "Relation Name": "cast_info",
                  "Alias": "ci",
                  "Startup Cost": 0.0,
                  "Total Cost": 343316.27,
                  "Plan Rows": 3565943,
                  "Plan Width": 0,
                  "Actual Startup Time": 252.298,
                  "Actual Total Time": 791.766,
                  "Actual Rows": 2904515,
                  "Actual Loops": 7,
                  "Filter": "((person_id < 3465103) AND (role_id > 1))",
                  "Rows Removed by Filter": 2273248
                }
              ]
            }
          ]
        }
      ]
    },
    "Planning Time": 0.201,
    "Triggers": [],
    "Execution Time": 1008.005
  }
]