[
  {
    "Plan": {
      "Node Type": "Aggregate",
      "Strategy": "Plain",
      "Partial Mode": "Finalize",
      "Parallel Aware": false,
      "Startup Cost": 44551.17,
      "Total Cost": 44551.18,
      "Plan Rows": 1,
      "Plan Width": 8,
      "Actual Startup Time": 108.972,
      "Actual Total Time": 115.936,
      "Actual Rows": 1,
      "Actual Loops": 1,
      "Plans": [
        {
          "Node Type": "Gather",
          "Parent Relationship": "Outer",
          "Parallel Aware": false,
          "Startup Cost": 44550.85,
          "Total Cost": 44551.16,
          "Plan Rows": 3,
          "Plan Width": 8,
          "Actual Startup Time": 108.86,
          "Actual Total Time": 115.93,
          "Actual Rows": 4,
          "Actual Loops": 1,
          "Workers Planned": 3,
          "Workers Launched": 3,
          "Single Copy": false,
          "Plans": [
            {
              "Node Type": "Aggregate",
              "Strategy": "Plain",
              "Partial Mode": "Partial",
              "Parent Relationship": "Outer",
              "Parallel Aware": false,
              "Startup Cost": 43550.85,
              "Total Cost": 43550.86,
              "Plan Rows": 1,
              "Plan Width": 8,
              "Actual Startup Time": 105.287,
              "Actual Total Time": 105.288,
              "Actual Rows": 1,
              "Actual Loops": 4,
              "Plans": [
                {
                  "Node Type": "Seq Scan",
                  "Parent Relationship": "Outer",
                  "Parallel Aware": true,
                  "Relation Name": "movie_keyword",
                  "Alias": "mk",
                  "Startup Cost": 0.0,
                  "Total Cost": 42695.65,
                  "Plan Rows": 342079,
                  "Plan Width": 0,
                  "Actual Startup Time": 1.328,
                  "Actual Total Time": 93.033,
                  "Actual Rows": 264306,
                  "Actual Loops": 4,
                  "Filter": "(keyword_id > 16687)",
                  "Rows Removed by Filter": 866676
                }
              ]
            }
          ]
        }
      ]
    },
    "Planning Time": 0.098,
    "Triggers": [],
    "Execution Time": 115.966
  }
]