[
  {
    "Plan": {
      "Node Type": "Aggregate",
      "Strategy": "Plain",
      "Partial Mode": "Simple",
      "Parallel Aware": false,
      "Startup Cost": 19887.54,
      "Total Cost": 19887.55,
      "Plan Rows": 1,
      "Plan Width": 8,
      "Actual Startup Time": 10.226,
      "Actual Total Time": 10.228,
      "Actual Rows": 1,
      "Actual Loops": 1,
      "Plans": [
        {
          "Node Type": "Bitmap Heap Scan",
          "Parent Relationship": "Outer",
          "Parallel Aware": false,
          "Relation Name": "movie_companies",
          "Alias": "mc",
          "Startup Cost": 382.42,
          "Total Cost": 19865.24,
          "Plan Rows": 8920,
          "Plan Width": 0,
          "Actual Startup Time": 5.249,
          "Actual Total Time": 9.045,
          "Actual Rows": 8139,
          "Actual Loops": 1,
          "Recheck Cond": "(company_id = 166)",
          "Rows Removed by Index Recheck": 0,
          "Filter": "(company_type_id = 2)",
          "Rows Removed by Filter": 8081,
          "Exact Heap Blocks": 534,
          "Lossy Heap Blocks": 0,
          "Plans": [
            {
              "Node Type": "Bitmap Index Scan",
              "Parent Relationship": "Outer",
              "Parallel Aware": false,
              "Index Name": "company_id_movie_companies",
              "Startup Cost": 0.0,
              "Total Cost": 380.19,
              "Plan Rows": 17568,
              "Plan Width": 0,
              "Actual Startup Time": 2.377,
              "Actual Total Time": 2.378,
              "Actual Rows": 16220,
              "Actual Loops": 1,
              "Index Cond": "(company_id = 166)"
            }
          ]
        }
      ]
    },
    "Planning Time": 0.181,
    "Triggers": [],
    "Execution Time": 10.313
  }
]