[
  {
    "Plan": {
      "Node Type": "Aggregate",
      "Strategy": "Plain",
      "Partial Mode": "Finalize",
      "Parallel Aware": false,
      "Startup Cost": 32050.8,
      "Total Cost": 32050.81,
      "Plan Rows": 1,
      "Plan Width": 8,
      "Actual Startup Time": 113.805,
      "Actual Total Time": 120.914,
      "Actual Rows": 1,
      "Actual Loops": 1,
      "Plans": [
        {
          "Node Type": "Gather",
          "Parent Relationship": "Outer",
          "Parallel Aware": false,
          "Startup Cost": 32050.48,
          "Total Cost": 32050.79,
          "Plan Rows": 3,
          "Plan Width": 8,
          "Actual Startup Time": 113.687,
          "Actual Total Time": 120.905,
          "Actual Rows": 4,
          "Actual Loops": 1,
          "Workers Planned": 3,
          "Workers Launched": 3,
          "Single Copy": false,
          "Plans": [
            {
              "Node Type": "Aggregate",
              "Strategy": "Plain",
              "Partial Mode": "Partial",
              "Parent Relationship": "Outer",
              "Parallel Aware": false,
              "Startup Cost": 31050.48,
              "Total Cost": 31050.49,
              "Plan Rows": 1,
              "Plan Width": 8,
              "Actual Startup Time": 106.949,
              "Actual Total Time": 106.95,
              "Actual Rows": 1,
              "Actual Loops": 4,
              "Plans": [
                {
                  "Node Type": "Seq Scan",
                  "Parent Relationship": "Outer",
                  "Parallel Aware": true,
                  "Relation Name": "movie_companies",
                  "Alias": "mc",
                  "Startup Cost": 0.0,
                  "Total Cost": 29310.68,
                  "Plan Rows": 695920,
                  "Plan Width": 0,
                  "Actual Startup Time": 0.038,
                  "Actual Total Time": 81.042,
                  "Actual Rows": 537524,
                  "Actual Loops": 4,
                  "Filter": "(company_id < 76674)",
                  "Rows Removed by Filter": 114758
                }
              ]
            }
          ]
        }
      ]
    },
    "Planning Time": 0.153,
    "Triggers": [],
    "Execution Time": 120.959
  }
]