[
  {
    "Plan": {
      "Node Type": "Aggregate",
      "Strategy": "Plain",
      "Partial Mode": "Finalize",
      "Parallel Aware": false,
      "Startup Cost": 45468.32,
      "Total Cost": 45468.33,
      "Plan Rows": 1,
      "Plan Width": 8,
      "Actual Startup Time": 137.561,
      "Actual Total Time": 146.438,
      "Actual Rows": 1,
      "Actual Loops": 1,
      "Plans": [
        {
          "Node Type": "Gather",
          "Parent Relationship": "Outer",
          "Parallel Aware": false,
          "Startup Cost": 45468.01,
          "Total Cost": 45468.32,
          "Plan Rows": 3,
          "Plan Width": 8,
          "Actual Startup Time": 137.396,
          "Actual Total Time": 146.43,
          "Actual Rows": 4,
          "Actual Loops": 1,
          "Workers Planned": 3,
          "Workers Launched": 3,
          "Single Copy": false,
          "Plans": [
            {
              "Node Type": "Aggregate",
              "Strategy": "Plain",
              "Partial Mode": "Partial",
              "Parent Relationship": "Outer",
              "Parallel Aware": false,
              "Startup Cost": 44468.01,
              "Total Cost": 44468.02,
              "Plan Rows": 1,
              "Plan Width": 8,
              "Actual Startup Time": 132.339,
              "Actual Total Time": 132.34,
              "Actual Rows": 1,
              "Actual Loops": 4,
              "Plans": [
                {
                  "Node Type": "Seq Scan",
                  "Parent Relationship": "Outer",
                  "Parallel Aware": true,
                  "Relation Name": "movie_keyword",
                  "Alias": "mk",
                  "Startup Cost": 0.0,
                  "Total Cost": 42695.65,
                  "Plan Rows": 708941,
                  "Plan Width": 0,
                  "Actual Startup Time": 0.036,
                  "Actual Total Time": 108.767,
                  "Actual Rows": 553054,
                  "Actual Loops": 4,
                  "Filter": "(keyword_id < 4472)",
                  "Rows Removed by Filter": 577929
                }
              ]
            }
          ]
        }
      ]
    },
    "Planning Time": 0.104,
    "Triggers": [],
    "Execution Time": 146.472
  }
]