[
  {
    "Plan": {
      "Node Type": "Aggregate",
      "Strategy": "Plain",
      "Partial Mode": "Finalize",
      "Parallel Aware": false,
      "Startup Cost": 403023.69,
      "Total Cost": 403023.7,
      "Plan Rows": 1,
      "Plan Width": 8,
      "Actual Startup Time": 2425.54,
      "Actual Total Time": 2454.131,
      "Actual Rows": 1,
      "Actual Loops": 1,
      "Plans": [
        {
          "Node Type": "Gather",
          "Parent Relationship": "Outer",
          "Parallel Aware": false,
          "Startup Cost": 403023.07,
          "Total Cost": 403023.68,
          "Plan Rows": 6,
          "Plan Width": 8,
          "Actual Startup Time": 2404.961,
          "Actual Total Time": 2454.122,
          "Actual Rows": 7,
          "Actual Loops": 1,
          "Workers Planned": 6,
          "Workers Launched": 6,
          "Single Copy": false,
          "Plans": [
            {
              "Node Type": "Aggregate",
              "Strategy": "Plain",
              "Partial Mode": "Partial",
              "Parent Relationship": "Outer",
              "Parallel Aware": false,
              "Startup Cost": 402023.07,
              "Total Cost": 402023.08,
              "Plan Rows": 1,
              "Plan Width": 8,
              "Actual Startup Time": 2391.849,
              "Actual Total Time": 2391.852,
              "Actual Rows": 1,
              "Actual Loops": 7,
              "Plans": [
                {
                  "Node Type": "Hash Join",
                  "Parent Relationship": "Outer",
                  "Parallel Aware": true,
                  "Join Type": "Inner",
                  "Startup Cost": 50671.58,
                  "Total Cost": 391623.8,
                  "Plan Rows": 4159709,
                  "Plan Width": 0,
                  "Actual Startup Time": 215.713,
                  "Actual Total Time": 2217.465,
                  "Actual Rows": 3758532,
                  "Actual Loops": 7,
                  "Inner Unique": true,
                  "Hash Cond": "(ci.movie_id = t.id)",
                  "Plans": [
                    {
                      "Node Type": "Seq Scan",
                      "Parent Relationship": "Outer",
                      "Parallel Aware": true,
                      "Relation Name": "cast_info",
                      "Alias": "ci",
                      "Startup Cost": 0.0,
                      "Total Cost": 328213.62,
                      "Plan Rows": 4852791,
                      "Plan Width": 4,
                      "Actual Startup Time": 0.023,
                      "Actual Total Time": 548.899,
                      "Actual Rows": 4163176,
                      "Actual Loops": 7,
                      "Filter": "(person_id < 2956766)",
                      "Rows Removed by Filter": 1014588
                    },
                    {
                      "Node Type": "Hash",
                      "Parent Relationship": "Inner",
                      "Parallel Aware": true,
                      "Startup Cost": 43899.01,
                      "Total Cost": 43899.01,
                      "Plan Rows": 541806,
                      "Plan Width": 4,
                      "Actual Startup Time": 210.718,
                      "Actual Total Time": 210.719,
                      "Actual Rows": 310166,
                      "Actual Loops": 7,
                      "Hash Buckets": 4194304,
                      "Original Hash Buckets": 4194304,
                      "Hash Batches": 1,
                      "Original Hash Batches": 1,
                      "Peak Memory Usage": 117824,
                      "Plans": [
                        {
                          "Node Type": "Seq Scan",
                          "Parent Relationship": "Outer",
                          "Parallel Aware": true,
                          "Relation Name": "title",
                          "Alias": "t",
                          "Startup Cost": 0.0,
                          "Total Cost": 43899.01,
                          "Plan Rows": 541806,
                          "Plan Width": 4,
                          "Actual Startup Time": 0.032,
                          "Actual Total Time": 70.522,
                          "Actual Rows": 310166,
                          "Actual Loops": 7,
                          "Filter": "(production_year > 1963)",
                          "Rows Removed by Filter": 51021
                        }
                      ]
                    }
                  ]
                }
              ]
            }
          ]
        }
      ]
    },
    "Planning Time": 0.229,
    "Triggers": [],
    "Execution Time": 2454.171
  }
]