[
  {
    "Plan": {
      "Node Type": "Aggregate",
      "Strategy": "Plain",
      "Partial Mode": "Finalize",
      "Parallel Aware": false,
      "Startup Cost": 306206.42,
      "Total Cost": 306206.43,
      "Plan Rows": 1,
      "Plan Width": 8,
      "Actual Startup Time": 4318.779,
      "Actual Total Time": 4363.901,
      "Actual Rows": 1,
      "Actual Loops": 1,
      "Plans": [
        {
          "Node Type": "Gather",
          "Parent Relationship": "Outer",
          "Parallel Aware": false,
          "Startup Cost": 306205.9,
          "Total Cost": 306206.41,
          "Plan Rows": 5,
          "Plan Width": 8,
          "Actual Startup Time": 4295.52,
          "Actual Total Time": 4363.887,
          "Actual Rows": 6,
          "Actual Loops": 1,
          "Workers Planned": 5,
          "Workers Launched": 5,
          "Single Copy": false,
          "Plans": [
            {
              "Node Type": "Aggregate",
              "Strategy": "Plain",
              "Partial Mode": "Partial",
              "Parent Relationship": "Outer",
              "Parallel Aware": false,
              "Startup Cost": 305205.9,
              "Total Cost": 305205.91,
              "Plan Rows": 1,
              "Plan Width": 8,
              "Actual Startup Time": 4280.629,
              "Actual Total Time": 4280.637,
              "Actual Rows": 1,
              "Actual Loops": 6,
              "Plans": [
                {
                  "Node Type": "Hash Join",
                  "Parent Relationship": "Outer",
                  "Parallel Aware": true,
                  "Join Type": "Inner",
                  "Startup Cost": 94549.79,
                  "Total Cost": 303225.07,
                  "Plan Rows": 792333,
                  "Plan Width": 0,
                  "Actual Startup Time": 520.012,
                  "Actual Total Time": 3097.84,
                  "Actual Rows": 26882998,
                  "Actual Loops": 6,
                  "Inner Unique": false,
                  "Hash Cond": "(mi.movie_id = t.id)",
                  "Plans": [
                    {
                      "Node Type": "Seq Scan",
                      "Parent Relationship": "Outer",
                      "Parallel Aware": true,
                      "Relation Name": "movie_info",
                      "Alias": "mi",
                      "Startup Cost": 0.0,
                      "Total Cost": 199108.24,
                      "Plan Rows": 1869633,
                      "Plan Width": 4,
                      "Actual Startup Time": 17.463,
                      "Actual Total Time": 335.338,
                      "Actual Rows": 1570867,
                      "Actual Loops": 6,
                      "Filter": "(info_type_id > 5)",
                      "Rows Removed by Filter": 901753
                    },
                    {
                      "Node Type": "Hash",
                      "Parent Relationship": "Inner",
                      "Parallel Aware": true,
                      "Startup Cost": 90229.14,
                      "Total Cost": 90229.14,
                      "Plan Rows": 345652,
                      "Plan Width": 8,
                      "Actual Startup Time": 483.322,
                      "Actual Total Time": 483.327,
                      "Actual Rows": 387507,
                      "Actual Loops": 6,
                      "Hash Buckets": 4194304,
                      "Original Hash Buckets": 2097152,
                      "Hash Batches": 1,
                      "Original Hash Batches": 1,
                      "Peak Memory Usage": 140192,
                      "Plans": [
                        {
                          "Node Type": "Hash Join",
                          "Parent Relationship": "Outer",
                          "Parallel Aware": true,
                          "Join Type": "Inner",
                          "Startup Cost": 47351.06,
                          "Total Cost": 90229.14,
                          "Plan Rows": 345652,
                          "Plan Width": 8,
                          "Actual Startup Time": 152.907,
                          "Actual Total Time": 301.294,
                          "Actual Rows": 387507,
                          "Actual Loops": 6,
                          "Inner Unique": true,
                          "Hash Cond": "(mk.movie_id = t.id)",
                          "Plans": [
                            {
                              "Node Type": "Seq Scan",
                              "Parent Relationship": "Outer",
                              "Parallel Aware": true,
                              "Relation Name": "movie_keyword",
                              "Alias": "mk",
                              "Startup Cost": 0.0,
                              "Total Cost": 39047.32,
                              "Plan Rows": 1459332,
                              "Plan Width": 4,
                              "Actual Startup Time": 0.028,
                              "Actual Total Time": 66.498,
                              "Actual Rows": 753988,
                              "Actual Loops": 6
                            },
                            {
                              "Node Type": "Hash",
                              "Parent Relationship": "Inner",
                              "Parallel Aware": true,
                              "Startup Cost": 45479.59,
                              "Total Cost": 45479.59,
                              "Plan Rows": 149718,
                              "Plan Width": 4,
                              "Actual Startup Time": 124.952,
                              "Actual Total Time": 124.954,
                              "Actual Rows": 81670,
                              "Actual Loops": 6,
                              "Hash Buckets": 1048576,
                              "Original Hash Buckets": 1048576,
                              "Hash Batches": 1,
                              "Original Hash Batches": 1,
                              "Peak Memory Usage": 27424,
                              "Plans": [
                                {
                                  "Node Type": "Seq Scan",
                                  "Parent Relationship": "Outer",
                                  "Parallel Aware": true,
                                  "Relation Name": "title",
                                  "Alias": "t",
                                  "Startup Cost": 0.0,
                                  "Total Cost": 45479.59,
                                  "Plan Rows": 149718,
                                  "Plan Width": 4,
                                  "Actual Startup Time": 44.675,
                                  "Actual Total Time": 86.619,
                                  "Actual Rows": 81670,
                                  "Actual Loops": 6,
                                  "Filter": "((production_year > 1951) AND (kind_id = 1))",
                                  "Rows Removed by Filter": 339716
                                }
                              ]
                            }
                          ]
                        }
                      ]
                    }
                  ]
                }
              ]
            }
          ]
        }
      ]
    },
    "Planning Time": 0.873,
    "Triggers": [],
    "Execution Time": 4363.98
  }
]