[
  {
    "Plan": {
      "Node Type": "Aggregate",
      "Strategy": "Plain",
      "Partial Mode": "Finalize",
      "Parallel Aware": false,
      "Startup Cost": 440049.26,
      "Total Cost": 440049.27,
      "Plan Rows": 1,
      "Plan Width": 8,
      "Actual Startup Time": 3830.5,
      "Actual Total Time": 3890.591,
      "Actual Rows": 1,
      "Actual Loops": 1,
      "Plans": [
        {
          "Node Type": "Gather",
          "Parent Relationship": "Outer",
          "Parallel Aware": false,
          "Startup Cost": 440048.64,
          "Total Cost": 440049.25,
          "Plan Rows": 6,
          "Plan Width": 8,
          "Actual Startup Time": 3814.791,
          "Actual Total Time": 3890.574,
          "Actual Rows": 7,
          "Actual Loops": 1,
          "Workers Planned": 6,
          "Workers Launched": 6,
          "Single Copy": false,
          "Plans": [
            {
              "Node Type": "Aggregate",
              "Strategy": "Plain",
              "Partial Mode": "Partial",
              "Parent Relationship": "Outer",
              "Parallel Aware": false,
              "Startup Cost": 439048.64,
              "Total Cost": 439048.65,
              "Plan Rows": 1,
              "Plan Width": 8,
              "Actual Startup Time": 3804.001,
              "Actual Total Time": 3804.42,
              "Actual Rows": 1,
              "Actual Loops": 7,
              "Plans": [
                {
                  "Node Type": "Hash Join",
                  "Parent Relationship": "Outer",
                  "Parallel Aware": true,
                  "Join Type": "Inner",
                  "Startup Cost": 93945.97,
                  "Total Cost": 434947.41,
                  "Plan Rows": 1640490,
                  "Plan Width": 0,
                  "Actual Startup Time": 430.076,
                  "Actual Total Time": 3286.142,
                  "Actual Rows": 10494919,
                  "Actual Loops": 7,
                  "Inner Unique": false,
                  "Hash Cond": "(ci.movie_id = t.id)",
                  "Plans": [
                    {
                      "Node Type": "Seq Scan",
                      "Parent Relationship": "Outer",
                      "Parallel Aware": true,
                      "Relation Name": "cast_info",
                      "Alias": "ci",
                      "Startup Cost": 0.0,
                      "Total Cost": 313067.02,
                      "Plan Rows": 6038002,
                      "Plan Width": 4,
                      "Actual Startup Time": 0.026,
                      "Actual Total Time": 611.297,
                      "Actual Rows": 5177763,
                      "Actual Loops": 7
                    },
                    {
                      "Node Type": "Hash",
                      "Parent Relationship": "Inner",
                      "Parallel Aware": true,
                      "Startup Cost": 91176.12,
                      "Total Cost": 91176.12,
                      "Plan Rows": 221588,
                      "Plan Width": 8,
                      "Actual Startup Time": 426.471,
                      "Actual Total Time": 426.889,
                      "Actual Rows": 219646,
                      "Actual Loops": 7,
                      "Hash Buckets": 2097152,
                      "Original Hash Buckets": 1048576,
                      "Hash Batches": 1,
                      "Original Hash Batches": 1,
                      "Peak Memory Usage": 84800,
                      "Plans": [
                        {
                          "Node Type": "Hash Join",
                          "Parent Relationship": "Outer",
                          "Parallel Aware": true,
                          "Join Type": "Inner",
                          "Startup Cost": 46997.13,
                          "Total Cost": 91176.12,
                          "Plan Rows": 221588,
                          "Plan Width": 8,
                          "Actual Startup Time": 161.387,
                          "Actual Total Time": 317.703,
                          "Actual Rows": 219646,
                          "Actual Loops": 7,
                          "Inner Unique": true,
                          "Hash Cond": "(mk.movie_id = t.id)",
                          "Plans": [
                            {
                              "Node Type": "Seq Scan",
                              "Parent Relationship": "Outer",
                              "Parallel Aware": true,
                              "Relation Name": "movie_keyword",
                              "Alias": "mk",
                              "Startup Cost": 0.0,
                              "Total Cost": 42695.65,
                              "Plan Rows": 565083,
                              "Plan Width": 4,
                              "Actual Startup Time": 0.037,
                              "Actual Total Time": 86.156,
                              "Actual Rows": 251827,
                              "Actual Loops": 7,
                              "Filter": "(keyword_id < 2864)",
                              "Rows Removed by Filter": 394449
                            },
                            {
                              "Node Type": "Hash",
                              "Parent Relationship": "Inner",
                              "Parallel Aware": true,
                              "Startup Cost": 43898.92,
                              "Total Cost": 43898.92,
                              "Plan Rows": 247857,
                              "Plan Width": 4,
                              "Actual Startup Time": 159.604,
                              "Actual Total Time": 159.605,
                              "Actual Rows": 140721,
                              "Actual Loops": 7,
                              "Hash Buckets": 1048576,
                              "Original Hash Buckets": 1048576,
                              "Hash Batches": 1,
                              "Original Hash Batches": 1,
                              "Peak Memory Usage": 46848,
                              "Plans": [
                                {
                                  "Node Type": "Seq Scan",
                                  "Parent Relationship": "Outer",
                                  "Parallel Aware": true,
                                  "Relation Name": "title",
                                  "Alias": "t",
                                  "Startup Cost": 0.0,
                                  "Total Cost": 43898.92,
                                  "Plan Rows": 247857,
                                  "Plan Width": 4,
                                  "Actual Startup Time": 0.045,
                                  "Actual Total Time": 85.897,
                                  "Actual Rows": 140721,
                                  "Actual Loops": 7,
                                  "Filter": "(kind_id < 7)",
                                  "Rows Removed by Filter": 220466
                                }
                              ]
                            }
                          ]
                        }
                      ]
                    }
                  ]
                }
              ]
            }
          ]
        }
      ]
    },
    "Planning Time": 1.347,
    "Triggers": [],
    "Execution Time": 3890.683
  }
]