{
  "Plan": {
    "Node Type": "Aggregate",
    "Strategy": "Plain",
    "Partial Mode": "Finalize",
    "Parallel Aware": false,
    "Startup Cost": 104866.98,
    "Total Cost": 104866.99,
    "Plan Rows": 1,
    "Plan Width": 8,
    "Actual Startup Time": 193.535,
    "Actual Total Time": 208.65,
    "Actual Rows": 1,
    "Actual Loops": 1,
    "Plans": [
      {
        "Node Type": "Gather",
        "Parent Relationship": "Outer",
        "Parallel Aware": false,
        "Startup Cost": 104866.87,
        "Total Cost": 104866.98,
        "Plan Rows": 1,
        "Plan Width": 8,
        "Actual Startup Time": 193.399,
        "Actual Total Time": 208.643,
        "Actual Rows": 2,
        "Actual Loops": 1,
        "Workers Planned": 1,
        "Workers Launched": 1,
        "Single Copy": false,
        "Plans": [
          {
            "Node Type": "Aggregate",
            "Strategy": "Plain",
            "Partial Mode": "Partial",
            "Parent Relationship": "Outer",
            "Parallel Aware": false,
            "Startup Cost": 103866.87,
            "Total Cost": 103866.88,
            "Plan Rows": 1,
            "Plan Width": 8,
            "Actual Startup Time": 187.218,
            "Actual Total Time": 187.219,
            "Actual Rows": 1,
            "Actual Loops": 2,
            "Plans": [
              {
                "Node Type": "Nested Loop",
                "Parent Relationship": "Outer",
                "Parallel Aware": false,
                "Join Type": "Inner",
                "Startup Cost": 0.43,
                "Total Cost": 103840.03,
                "Plan Rows": 10733,
                "Plan Width": 0,
                "Actual Startup Time": 1.903,
                "Actual Total Time": 186.627,
                "Actual Rows": 9090,
                "Actual Loops": 2,
                "Inner Unique": false,
                "Plans": [
                  {
                    "Node Type": "Seq Scan",
                    "Parent Relationship": "Outer",
                    "Parallel Aware": true,
                    "Relation Name": "title",
                    "Alias": "t",
                    "Startup Cost": 0.0,
                    "Total Cost": 54588.39,
                    "Plan Rows": 5998,
                    "Plan Width": 4,
                    "Actual Startup Time": 0.335,
                    "Actual Total Time": 156.36,
                    "Actual Rows": 4884,
                    "Actual Loops": 2,
                    "Filter": "(production_year = 1958)",
                    "Rows Removed by Filter": 1259272
                  },
                  {
                    "Node Type": "Index Only Scan",
                    "Parent Relationship": "Inner",
                    "Parallel Aware": false,
                    "Scan Direction": "Forward",
                    "Index Name": "movie_id_movie_keyword",
                    "Relation Name": "movie_keyword",
                    "Alias": "mk",
                    "Startup Cost": 0.43,
                    "Total Cost": 7.76,
                    "Plan Rows": 45,
                    "Plan Width": 4,
                    "Actual Startup Time": 0.005,
                    "Actual Total Time": 0.006,
                    "Actual Rows": 2,
                    "Actual Loops": 9768,
                    "Index Cond": "(movie_id = t.id)",
                    "Rows Removed by Index Recheck": 0,
                    "Heap Fetches": 18181
                  }
                ]
              }
            ]
          }
        ]
      }
    ]
  },
  "Planning Time": 0.442,
  "Triggers": [],
  "Execution Time": 208.727
}