[
  {
    "Plan": {
      "Node Type": "Aggregate",
      "Strategy": "Plain",
      "Partial Mode": "Finalize",
      "Parallel Aware": false,
      "Startup Cost": 435400.76,
      "Total Cost": 435400.77,
      "Plan Rows": 1,
      "Plan Width": 8,
      "Actual Startup Time": 2057.02,
      "Actual Total Time": 2121.873,
      "Actual Rows": 1,
      "Actual Loops": 1,
      "Plans": [
        {
          "Node Type": "Gather",
          "Parent Relationship": "Outer",
          "Parallel Aware": false,
          "Startup Cost": 435400.13,
          "Total Cost": 435400.74,
          "Plan Rows": 6,
          "Plan Width": 8,
          "Actual Startup Time": 2038.77,
          "Actual Total Time": 2121.859,
          "Actual Rows": 7,
          "Actual Loops": 1,
          "Workers Planned": 6,
          "Workers Launched": 6,
          "Single Copy": false,
          "Plans": [
            {
              "Node Type": "Aggregate",
              "Strategy": "Plain",
              "Partial Mode": "Partial",
              "Parent Relationship": "Outer",
              "Parallel Aware": false,
              "Startup Cost": 434400.13,
              "Total Cost": 434400.14,
              "Plan Rows": 1,
              "Plan Width": 8,
              "Actual Startup Time": 2024.608,
              "Actual Total Time": 2024.942,
              "Actual Rows": 1,
              "Actual Loops": 7,
              "Plans": [
                {
                  "Node Type": "Hash Join",
                  "Parent Relationship": "Outer",
                  "Parallel Aware": true,
                  "Join Type": "Inner",
                  "Startup Cost": 89153.29,
                  "Total Cost": 430345.03,
                  "Plan Rows": 1622041,
                  "Plan Width": 0,
                  "Actual Startup Time": 479.111,
                  "Actual Total Time": 1897.977,
                  "Actual Rows": 3121079,
                  "Actual Loops": 7,
                  "Inner Unique": false,
                  "Hash Cond": "(ci.movie_id = t.id)",
                  "Plans": [
                    {
                      "Node Type": "Seq Scan",
                      "Parent Relationship": "Outer",
                      "Parallel Aware": true,
                      "Relation Name": "cast_info",
                      "Alias": "ci",
                      "Startup Cost": 0.0,
                      "Total Cost": 328162.03,
                      "Plan Rows": 2079287,
                      "Plan Width": 4,
                      "Actual Startup Time": 0.028,
                      "Actual Total Time": 622.992,
                      "Actual Rows": 1810098,
                      "Actual Loops": 7,
                      "Filter": "(role_id = 1)",
                      "Rows Removed by Filter": 3367665
                    },
                    {
                      "Node Type": "Hash",
                      "Parent Relationship": "Inner",
                      "Parallel Aware": true,
                      "Startup Cost": 81200.43,
                      "Total Cost": 81200.43,
                      "Plan Rows": 636229,
                      "Plan Width": 8,
                      "Actual Startup Time": 474.408,
                      "Actual Total Time": 474.74,
                      "Actual Rows": 279958,
                      "Actual Loops": 7,
                      "Hash Buckets": 2097152,
                      "Original Hash Buckets": 2097152,
                      "Hash Batches": 1,
                      "Original Hash Batches": 1,
                      "Peak Memory Usage": 93120,
                      "Plans": [
                        {
                          "Node Type": "Hash Join",
                          "Parent Relationship": "Outer",
                          "Parallel Aware": true,
                          "Join Type": "Inner",
                          "Startup Cost": 50219.64,
                          "Total Cost": 81200.43,
                          "Plan Rows": 636229,
                          "Plan Width": 8,
                          "Actual Startup Time": 229.645,
                          "Actual Total Time": 378.98,
                          "Actual Rows": 279958,
                          "Actual Loops": 7,
                          "Inner Unique": true,
                          "Hash Cond": "(mc.movie_id = t.id)",
                          "Plans": [
                            {
                              "Node Type": "Seq Scan",
                              "Parent Relationship": "Outer",
                              "Parallel Aware": true,
                              "Relation Name": "movie_companies",
                              "Alias": "mc",
                              "Startup Cost": 0.0,
                              "Total Cost": 29310.68,
                              "Plan Rows": 636229,
                              "Plan Width": 4,
                              "Actual Startup Time": 0.022,
                              "Actual Total Time": 48.966,
                              "Actual Rows": 279958,
                              "Actual Loops": 7,
                              "Filter": "(company_id < 54909)",
                              "Rows Removed by Filter": 92774
                            },
                            {
                              "Node Type": "Hash",
                              "Parent Relationship": "Inner",
                              "Parallel Aware": true,
                              "Startup Cost": 42318.73,
                              "Total Cost": 42318.73,
                              "Plan Rows": 632073,
                              "Plan Width": 4,
                              "Actual Startup Time": 226.13,
                              "Actual Total Time": 226.131,
                              "Actual Rows": 361187,
                              "Actual Loops": 7,
                              "Hash Buckets": 4194304,
                              "Original Hash Buckets": 4194304,
                              "Hash Batches": 1,
                              "Original Hash Batches": 1,
                              "Peak Memory Usage": 131808,
                              "Plans": [
                                {
                                  "Node Type": "Seq Scan",
                                  "Parent Relationship": "Outer",
                                  "Parallel Aware": true,
                                  "Relation Name": "title",
                                  "Alias": "t",
                                  "Startup Cost": 0.0,
                                  "Total Cost": 42318.73,
                                  "Plan Rows": 632073,
                                  "Plan Width": 4,
                                  "Actual Startup Time": 0.038,
                                  "Actual Total Time": 69.486,
                                  "Actual Rows": 361187,
                                  "Actual Loops": 7
                                }
                              ]
                            }
                          ]
                        }
                      ]
                    }
                  ]
                }
              ]
            }
          ]
        }
      ]
    },
    "Planning Time": 1.421,
    "Triggers": [],
    "Execution Time": 2121.975
  }
]