[
  {
    "Plan": {
      "Node Type": "Aggregate",
      "Strategy": "Plain",
      "Partial Mode": "Finalize",
      "Parallel Aware": false,
      "Startup Cost": 39661.43,
      "Total Cost": 39661.44,
      "Plan Rows": 1,
      "Plan Width": 8,
      "Actual Startup Time": 61.434,
      "Actual Total Time": 67.547,
      "Actual Rows": 1,
      "Actual Loops": 1,
      "Plans": [
        {
          "Node Type": "Gather",
          "Parent Relationship": "Outer",
          "Parallel Aware": false,
          "Startup Cost": 39661.01,
          "Total Cost": 39661.42,
          "Plan Rows": 4,
          "Plan Width": 8,
          "Actual Startup Time": 60.928,
          "Actual Total Time": 67.531,
          "Actual Rows": 5,
          "Actual Loops": 1,
          "Workers Planned": 4,
          "Workers Launched": 4,
          "Single Copy": false,
          "Plans": [
            {
              "Node Type": "Aggregate",
              "Strategy": "Plain",
              "Partial Mode": "Partial",
              "Parent Relationship": "Outer",
              "Parallel Aware": false,
              "Startup Cost": 38661.01,
              "Total Cost": 38661.02,
              "Plan Rows": 1,
              "Plan Width": 8,
              "Actual Startup Time": 54.238,
              "Actual Total Time": 54.24,
              "Actual Rows": 1,
              "Actual Loops": 5,
              "Plans": [
                {
                  "Node Type": "Bitmap Heap Scan",
                  "Parent Relationship": "Outer",
                  "Parallel Aware": true,
                  "Relation Name": "title",
                  "Alias": "t",
                  "Startup Cost": 2178.81,
                  "Total Cost": 38632.24,
                  "Plan Rows": 11508,
                  "Plan Width": 0,
                  "Actual Startup Time": 19.117,
                  "Actual Total Time": 53.632,
                  "Actual Rows": 4717,
                  "Actual Loops": 5,
                  "Recheck Cond": "(kind_id = 4)",
                  "Rows Removed by Index Recheck": 0,
                  "Filter": "(production_year < 1999)",
                  "Rows Removed by Filter": 18930,
                  "Exact Heap Blocks": 5712,
                  "Lossy Heap Blocks": 0,
                  "Plans": [
                    {
                      "Node Type": "Bitmap Index Scan",
                      "Parent Relationship": "Outer",
                      "Parallel Aware": false,
                      "Index Name": "kind_id_title",
                      "Startup Cost": 0.0,
                      "Total Cost": 2167.3,
                      "Plan Rows": 121449,
                      "Plan Width": 0,
                      "Actual Startup Time": 20.264,
                      "Actual Total Time": 20.264,
                      "Actual Rows": 118234,
                      "Actual Loops": 1,
                      "Index Cond": "(kind_id = 4)"
                    }
                  ]
                }
              ]
            }
          ]
        }
      ]
    },
    "Planning Time": 0.16,
    "Triggers": [],
    "Execution Time": 67.618
  }
]