[
  {
    "Plan": {
      "Node Type": "Aggregate",
      "Strategy": "Plain",
      "Partial Mode": "Simple",
      "Parallel Aware": false,
      "Startup Cost": 26786.96,
      "Total Cost": 26786.97,
      "Plan Rows": 1,
      "Plan Width": 8,
      "Actual Startup Time": 57.298,
      "Actual Total Time": 57.298,
      "Actual Rows": 1,
      "Actual Loops": 1,
      "Plans": [
        {
          "Node Type": "Bitmap Heap Scan",
          "Parent Relationship": "Outer",
          "Parallel Aware": false,
          "Relation Name": "movie_keyword",
          "Alias": "mk",
          "Startup Cost": 1367.34,
          "Total Cost": 26626.03,
          "Plan Rows": 64375,
          "Plan Width": 0,
          "Actual Startup Time": 19.855,
          "Actual Total Time": 53.448,
          "Actual Rows": 64081,
          "Actual Loops": 1,
          "Recheck Cond": "(keyword_id > 93486)",
          "Rows Removed by Index Recheck": 0,
          "Exact Heap Blocks": 14181,
          "Lossy Heap Blocks": 0,
          "Plans": [
            {
              "Node Type": "Bitmap Index Scan",
              "Parent Relationship": "Outer",
              "Parallel Aware": false,
              "Index Name": "keyword_id_movie_keyword",
              "Startup Cost": 0.0,
              "Total Cost": 1351.24,
              "Plan Rows": 64375,
              "Plan Width": 0,
              "Actual Startup Time": 13.99,
              "Actual Total Time": 13.99,
              "Actual Rows": 64081,
              "Actual Loops": 1,
              "Index Cond": "(keyword_id > 93486)"
            }
          ]
        }
      ]
    },
    "Planning Time": 0.201,
    "Triggers": [],
    "Execution Time": 57.344
  }
]