[
  {
    "Plan": {
      "Node Type": "Aggregate",
      "Strategy": "Plain",
      "Partial Mode": "Finalize",
      "Parallel Aware": false,
      "Startup Cost": 32014.13,
      "Total Cost": 32014.14,
      "Plan Rows": 1,
      "Plan Width": 8,
      "Actual Startup Time": 128.463,
      "Actual Total Time": 136.456,
      "Actual Rows": 1,
      "Actual Loops": 1,
      "Plans": [
        {
          "Node Type": "Gather",
          "Parent Relationship": "Outer",
          "Parallel Aware": false,
          "Startup Cost": 32013.82,
          "Total Cost": 32014.13,
          "Plan Rows": 3,
          "Plan Width": 8,
          "Actual Startup Time": 128.32,
          "Actual Total Time": 136.446,
          "Actual Rows": 4,
          "Actual Loops": 1,
          "Workers Planned": 3,
          "Workers Launched": 3,
          "Single Copy": false,
          "Plans": [
            {
              "Node Type": "Aggregate",
              "Strategy": "Plain",
              "Partial Mode": "Partial",
              "Parent Relationship": "Outer",
              "Parallel Aware": false,
              "Startup Cost": 31013.82,
              "Total Cost": 31013.83,
              "Plan Rows": 1,
              "Plan Width": 8,
              "Actual Startup Time": 119.447,
              "Actual Total Time": 119.448,
              "Actual Rows": 1,
              "Actual Loops": 4,
              "Plans": [
                {
                  "Node Type": "Seq Scan",
                  "Parent Relationship": "Outer",
                  "Parallel Aware": true,
                  "Relation Name": "movie_companies",
                  "Alias": "mc",
                  "Startup Cost": 0.0,
                  "Total Cost": 29310.68,
                  "Plan Rows": 681254,
                  "Plan Width": 0,
                  "Actual Startup Time": 0.042,
                  "Actual Total Time": 90.627,
                  "Actual Rows": 528786,
                  "Actual Loops": 4,
                  "Filter": "(company_id < 74469)",
                  "Rows Removed by Filter": 123496
                }
              ]
            }
          ]
        }
      ]
    },
    "Planning Time": 0.202,
    "Triggers": [],
    "Execution Time": 136.514
  }
]