[
  {
    "Plan": {
      "Node Type": "Aggregate",
      "Strategy": "Plain",
      "Partial Mode": "Finalize",
      "Parallel Aware": false,
      "Startup Cost": 118843.71,
      "Total Cost": 118843.72,
      "Plan Rows": 1,
      "Plan Width": 8,
      "Actual Startup Time": 344.314,
      "Actual Total Time": 371.595,
      "Actual Rows": 1,
      "Actual Loops": 1,
      "Plans": [
        {
          "Node Type": "Gather",
          "Parent Relationship": "Outer",
          "Parallel Aware": false,
          "Startup Cost": 118843.39,
          "Total Cost": 118843.7,
          "Plan Rows": 3,
          "Plan Width": 8,
          "Actual Startup Time": 343.906,
          "Actual Total Time": 371.588,
          "Actual Rows": 4,
          "Actual Loops": 1,
          "Workers Planned": 3,
          "Workers Launched": 3,
          "Single Copy": false,
          "Plans": [
            {
              "Node Type": "Aggregate",
              "Strategy": "Plain",
              "Partial Mode": "Partial",
              "Parent Relationship": "Outer",
              "Parallel Aware": false,
              "Startup Cost": 117843.39,
              "Total Cost": 117843.4,
              "Plan Rows": 1,
              "Plan Width": 8,
              "Actual Startup Time": 340.216,
              "Actual Total Time": 340.22,
              "Actual Rows": 1,
              "Actual Loops": 4,
              "Plans": [
                {
                  "Node Type": "Nested Loop",
                  "Parent Relationship": "Outer",
                  "Parallel Aware": false,
                  "Join Type": "Inner",
                  "Startup Cost": 38231.75,
                  "Total Cost": 117811.51,
                  "Plan Rows": 12752,
                  "Plan Width": 0,
                  "Actual Startup Time": 69.993,
                  "Actual Total Time": 338.928,
                  "Actual Rows": 16552,
                  "Actual Loops": 4,
                  "Inner Unique": false,
                  "Join Filter": "(t.id = mi.movie_id)",
                  "Rows Removed by Join Filter": 0,
                  "Plans": [
                    {
                      "Node Type": "Hash Join",
                      "Parent Relationship": "Outer",
                      "Parallel Aware": true,
                      "Join Type": "Inner",
                      "Startup Cost": 38231.32,
                      "Total Cost": 81109.4,
                      "Plan Rows": 24531,
                      "Plan Width": 8,
                      "Actual Startup Time": 69.82,
                      "Actual Total Time": 204.2,
                      "Actual Rows": 15830,
                      "Actual Loops": 4,
                      "Inner Unique": true,
                      "Hash Cond": "(mk.movie_id = t.id)",
                      "Plans": [
                        {
                          "Node Type": "Seq Scan",
                          "Parent Relationship": "Outer",
                          "Parallel Aware": true,
                          "Relation Name": "movie_keyword",
                          "Alias": "mk",
                          "Startup Cost": 0.0,
                          "Total Cost": 39047.32,
                          "Plan Rows": 1459332,
                          "Plan Width": 4,
                          "Actual Startup Time": 0.024,
                          "Actual Total Time": 87.373,
                          "Actual Rows": 1130982,
                          "Actual Loops": 4
                        },
                        {
                          "Node Type": "Hash",
                          "Parent Relationship": "Inner",
                          "Parallel Aware": true,
                          "Startup Cost": 38098.49,
                          "Total Cost": 38098.49,
                          "Plan Rows": 10626,
                          "Plan Width": 4,
                          "Actual Startup Time": 36.93,
                          "Actual Total Time": 36.931,
                          "Actual Rows": 7710,
                          "Actual Loops": 4,
                          "Hash Buckets": 65536,
                          "Original Hash Buckets": 65536,
                          "Hash Batches": 1,
                          "Original Hash Batches": 1,
                          "Peak Memory Usage": 1760,
                          "Plans": [
                            {
                              "Node Type": "Bitmap Heap Scan",
                              "Parent Relationship": "Outer",
                              "Parallel Aware": true,
                              "Relation Name": "title",
                              "Alias": "t",
                              "Startup Cost": 1737.35,
                              "Total Cost": 38098.49,
                              "Plan Rows": 10626,
                              "Plan Width": 4,
                              "Actual Startup Time": 7.52,
                              "Actual Total Time": 34.223,
                              "Actual Rows": 7710,
                              "Actual Loops": 4,
                              "Recheck Cond": "(kind_id = 3)",
                              "Rows Removed by Index Recheck": 0,
                              "Filter": "(production_year > 2004)",
                              "Rows Removed by Filter": 17424,
                              "Exact Heap Blocks": 6097,
                              "Lossy Heap Blocks": 0,
                              "Plans": [
                                {
                                  "Node Type": "Bitmap Index Scan",
                                  "Parent Relationship": "Outer",
                                  "Parallel Aware": false,
                                  "Index Name": "kind_id_title",
                                  "Startup Cost": 0.0,
                                  "Total Cost": 1726.72,
                                  "Plan Rows": 96839,
                                  "Plan Width": 0,
                                  "Actual Startup Time": 7.388,
                                  "Actual Total Time": 7.389,
                                  "Actual Rows": 100537,
                                  "Actual Loops": 1,
                                  "Index Cond": "(kind_id = 3)"
                                }
                              ]
                            }
                          ]
                        }
                      ]
                    },
                    {
                      "Node Type": "Index Scan",
                      "Parent Relationship": "Inner",
                      "Parallel Aware": false,
                      "Scan Direction": "Forward",
                      "Index Name": "movie_id_movie_info",
                      "Relation Name": "movie_info",
                      "Alias": "mi",
                      "Startup Cost": 0.43,
                      "Total Cost": 1.45,
                      "Plan Rows": 4,
                      "Plan Width": 4,
                      "Actual Startup Time": 0.007,
                      "Actual Total Time": 0.008,
                      "Actual Rows": 1,
                      "Actual Loops": 63321,
                      "Index Cond": "(movie_id = mk.movie_id)",
                      "Rows Removed by Index Recheck": 0,
                      "Filter": "(info_type_id = 2)",
                      "Rows Removed by Filter": 18
                    }
                  ]
                }
              ]
            }
          ]
        }
      ]
    },
    "Planning Time": 0.595,
    "Triggers": [],
    "Execution Time": 371.661
  }
]