[
  {
    "Plan": {
      "Node Type": "Aggregate",
      "Strategy": "Plain",
      "Partial Mode": "Finalize",
      "Parallel Aware": false,
      "Startup Cost": 287697.66,
      "Total Cost": 287697.67,
      "Plan Rows": 1,
      "Plan Width": 8,
      "Actual Startup Time": 13146.894,
      "Actual Total Time": 13225.611,
      "Actual Rows": 1,
      "Actual Loops": 1,
      "Plans": [
        {
          "Node Type": "Gather",
          "Parent Relationship": "Outer",
          "Parallel Aware": false,
          "Startup Cost": 287697.14,
          "Total Cost": 287697.65,
          "Plan Rows": 5,
          "Plan Width": 8,
          "Actual Startup Time": 13117.667,
          "Actual Total Time": 13225.595,
          "Actual Rows": 5,
          "Actual Loops": 1,
          "Workers Planned": 5,
          "Workers Launched": 4,
          "Single Copy": false,
          "Plans": [
            {
              "Node Type": "Aggregate",
              "Strategy": "Plain",
              "Partial Mode": "Partial",
              "Parent Relationship": "Outer",
              "Parallel Aware": false,
              "Startup Cost": 286697.14,
              "Total Cost": 286697.15,
              "Plan Rows": 1,
              "Plan Width": 8,
              "Actual Startup Time": 13104.954,
              "Actual Total Time": 13104.964,
              "Actual Rows": 1,
              "Actual Loops": 5,
              "Plans": [
                {
                  "Node Type": "Hash Join",
                  "Parent Relationship": "Outer",
                  "Parallel Aware": true,
                  "Join Type": "Inner",
                  "Startup Cost": 73395.72,
                  "Total Cost": 284147.23,
                  "Plan Rows": 1019965,
                  "Plan Width": 0,
                  "Actual Startup Time": 1111.51,
                  "Actual Total Time": 12750.743,
                  "Actual Rows": 3133500,
                  "Actual Loops": 5,
                  "Inner Unique": false,
                  "Hash Cond": "(mi.movie_id = t.id)",
                  "Plans": [
                    {
                      "Node Type": "Seq Scan",
                      "Parent Relationship": "Outer",
                      "Parallel Aware": true,
                      "Relation Name": "movie_info",
                      "Alias": "mi",
                      "Startup Cost": 0.0,
                      "Total Cost": 199108.24,
                      "Plan Rows": 1971577,
                      "Plan Width": 4,
                      "Actual Startup Time": 253.353,
                      "Actual Total Time": 10532.35,
                      "Actual Rows": 1982351,
                      "Actual Loops": 5,
                      "Filter": "(info_type_id > 4)",
                      "Rows Removed by Filter": 984793
                    },
                    {
                      "Node Type": "Hash",
                      "Parent Relationship": "Inner",
                      "Parallel Aware": true,
                      "Startup Cost": 66583.01,
                      "Total Cost": 66583.01,
                      "Plan Rows": 545017,
                      "Plan Width": 8,
                      "Actual Startup Time": 853.586,
                      "Actual Total Time": 853.593,
                      "Actual Rows": 273390,
                      "Actual Loops": 5,
                      "Hash Buckets": 2097152,
                      "Original Hash Buckets": 2097152,
                      "Hash Batches": 1,
                      "Original Hash Batches": 1,
                      "Peak Memory Usage": 69920,
                      "Plans": [
                        {
                          "Node Type": "Hash Join",
                          "Parent Relationship": "Outer",
                          "Parallel Aware": true,
                          "Join Type": "Inner",
                          "Startup Cost": 51388.45,
                          "Total Cost": 66583.01,
                          "Plan Rows": 545017,
                          "Plan Width": 8,
                          "Actual Startup Time": 527.731,
                          "Actual Total Time": 680.035,
                          "Actual Rows": 273390,
                          "Actual Loops": 5,
                          "Inner Unique": true,
                          "Hash Cond": "(mi_idx.movie_id = t.id)",
                          "Plans": [
                            {
                              "Node Type": "Seq Scan",
                              "Parent Relationship": "Outer",
                              "Parallel Aware": true,
                              "Relation Name": "movie_info_idx",
                              "Alias": "mi_idx",
                              "Startup Cost": 0.0,
                              "Total Cost": 13685.15,
                              "Plan Rows": 575015,
                              "Plan Width": 4,
                              "Actual Startup Time": 0.037,
                              "Actual Total Time": 39.248,
                              "Actual Rows": 276007,
                              "Actual Loops": 5
                            },
                            {
                              "Node Type": "Hash",
                              "Parent Relationship": "Inner",
                              "Parallel Aware": true,
                              "Startup Cost": 43899.32,
                              "Total Cost": 43899.32,
                              "Plan Rows": 599130,
                              "Plan Width": 4,
                              "Actual Startup Time": 520.642,
                              "Actual Total Time": 520.645,
                              "Actual Rows": 479274,
                              "Actual Loops": 5,
                              "Hash Buckets": 4194304,
                              "Original Hash Buckets": 4194304,
                              "Hash Batches": 1,
                              "Original Hash Batches": 1,
                              "Peak Memory Usage": 126560,
                              "Plans": [
                                {
                                  "Node Type": "Seq Scan",
                                  "Parent Relationship": "Outer",
                                  "Parallel Aware": true,
                                  "Relation Name": "title",
                                  "Alias": "t",
                                  "Startup Cost": 0.0,
                                  "Total Cost": 43899.32,
                                  "Plan Rows": 599130,
                                  "Plan Width": 4,
                                  "Actual Startup Time": 0.077,
                                  "Actual Total Time": 151.687,
                                  "Actual Rows": 479274,
                                  "Actual Loops": 5,
                                  "Filter": "(production_year > 1914)",
                                  "Rows Removed by Filter": 26388
                                }
                              ]
                            }
                          ]
                        }
                      ]
                    }
                  ]
                }
              ]
            }
          ]
        }
      ]
    },
    "Planning Time": 0.777,
    "Triggers": [],
    "Execution Time": 13225.679
  }
]