[
  {
    "Plan": {
      "Node Type": "Aggregate",
      "Strategy": "Plain",
      "Partial Mode": "Finalize",
      "Parallel Aware": false,
      "Startup Cost": 71182.54,
      "Total Cost": 71182.55,
      "Plan Rows": 1,
      "Plan Width": 8,
      "Actual Startup Time": 134.51,
      "Actual Total Time": 152.454,
      "Actual Rows": 1,
      "Actual Loops": 1,
      "Plans": [
        {
          "Node Type": "Gather",
          "Parent Relationship": "Outer",
          "Parallel Aware": false,
          "Startup Cost": 71182.12,
          "Total Cost": 71182.53,
          "Plan Rows": 4,
          "Plan Width": 8,
          "Actual Startup Time": 134.381,
          "Actual Total Time": 152.445,
          "Actual Rows": 5,
          "Actual Loops": 1,
          "Workers Planned": 4,
          "Workers Launched": 4,
          "Single Copy": false,
          "Plans": [
            {
              "Node Type": "Aggregate",
              "Strategy": "Plain",
              "Partial Mode": "Partial",
              "Parent Relationship": "Outer",
              "Parallel Aware": false,
              "Startup Cost": 70182.12,
              "Total Cost": 70182.13,
              "Plan Rows": 1,
              "Plan Width": 8,
              "Actual Startup Time": 124.412,
              "Actual Total Time": 124.413,
              "Actual Rows": 1,
              "Actual Loops": 5,
              "Plans": [
                {
                  "Node Type": "Nested Loop",
                  "Parent Relationship": "Outer",
                  "Parallel Aware": false,
                  "Join Type": "Inner",
                  "Startup Cost": 0.43,
                  "Total Cost": 70169.14,
                  "Plan Rows": 5191,
                  "Plan Width": 0,
                  "Actual Startup Time": 63.65,
                  "Actual Total Time": 124.258,
                  "Actual Rows": 1781,
                  "Actual Loops": 5,
                  "Inner Unique": false,
                  "Plans": [
                    {
                      "Node Type": "Seq Scan",
                      "Parent Relationship": "Outer",
                      "Parallel Aware": true,
                      "Relation Name": "title",
                      "Alias": "t",
                      "Startup Cost": 0.0,
                      "Total Cost": 45479.1,
                      "Plan Rows": 3059,
                      "Plan Width": 4,
                      "Actual Startup Time": 63.435,
                      "Actual Total Time": 90.775,
                      "Actual Rows": 7010,
                      "Actual Loops": 5,
                      "Filter": "((kind_id < 7) AND (production_year < 1912))",
                      "Rows Removed by Filter": 498653
                    },
                    {
                      "Node Type": "Index Scan",
                      "Parent Relationship": "Inner",
                      "Parallel Aware": false,
                      "Scan Direction": "Forward",
                      "Index Name": "movie_id_movie_keyword",
                      "Relation Name": "movie_keyword",
                      "Alias": "mk",
                      "Startup Cost": 0.43,
                      "Total Cost": 7.64,
                      "Plan Rows": 43,
                      "Plan Width": 4,
                      "Actual Startup Time": 0.004,
                      "Actual Total Time": 0.004,
                      "Actual Rows": 0,
                      "Actual Loops": 35049,
                      "Index Cond": "(movie_id = t.id)",
                      "Rows Removed by Index Recheck": 0,
                      "Filter": "(keyword_id < 64312)",
                      "Rows Removed by Filter": 0
                    }
                  ]
                }
              ]
            }
          ]
        }
      ]
    },
    "Planning Time": 0.597,
    "Triggers": [],
    "Execution Time": 152.526
  }
]