[
    {
        "Bao": {
            "Bao prediction": 247.807,
            "Bao recommended hint": "SET enable_mergejoin TO off; SET enable_indexscan TO off; "
        }
    },
    {
        "Plan": {
            "Node Type": "Aggregate",
            "Strategy": "Plain",
            "Partial Mode": "Simple",
            "Parallel Aware": false,
            "Startup Cost": 53898.62,
            "Total Cost": 53898.63,
            "Plan Rows": 1,
            "Plan Width": 64,
            "Actual Startup Time": 267.957,
            "Actual Total Time": 287.954,
            "Actual Rows": 1,
            "Actual Loops": 1,
            "Output": [
                "min((kt.kind)::text)",
                "min(t.title)"
            ],
            "Plans": [
                {
                    "Node Type": "Nested Loop",
                    "Parent Relationship": "Outer",
                    "Parallel Aware": false,
                    "Join Type": "Inner",
                    "Startup Cost": 4239.55,
                    "Total Cost": 53898.61,
                    "Plan Rows": 1,
                    "Plan Width": 27,
                    "Actual Startup Time": 179.972,
                    "Actual Total Time": 287.674,
                    "Actual Rows": 628,
                    "Actual Loops": 1,
                    "Output": [
                        "kt.kind",
                        "t.title"
                    ],
                    "Inner Unique": true,
                    "Plans": [
                        {
                            "Node Type": "Nested Loop",
                            "Parent Relationship": "Outer",
                            "Parallel Aware": false,
                            "Join Type": "Inner",
                            "Startup Cost": 4239.12,
                            "Total Cost": 53894.17,
                            "Plan Rows": 1,
                            "Plan Width": 31,
                            "Actual Startup Time": 179.93,
                            "Actual Total Time": 283.022,
                            "Actual Rows": 628,
                            "Actual Loops": 1,
                            "Output": [
                                "mk.keyword_id",
                                "t.title",
                                "kt.kind"
                            ],
                            "Inner Unique": true,
                            "Join Filter": "(mc.company_type_id = ct.id)",
                            "Rows Removed by Join Filter": 615,
                            "Plans": [
                                {
                                    "Node Type": "Nested Loop",
                                    "Parent Relationship": "Outer",
                                    "Parallel Aware": false,
                                    "Join Type": "Inner",
                                    "Startup Cost": 4239.12,
                                    "Total Cost": 53893.08,
                                    "Plan Rows": 1,
                                    "Plan Width": 35,
                                    "Actual Startup Time": 179.923,
                                    "Actual Total Time": 281.017,
                                    "Actual Rows": 628,
                                    "Actual Loops": 1,
                                    "Output": [
                                        "mc.company_type_id",
                                        "mk.keyword_id",
                                        "t.title",
                                        "kt.kind"
                                    ],
                                    "Inner Unique": true,
                                    "Plans": [
                                        {
                                            "Node Type": "Nested Loop",
                                            "Parent Relationship": "Outer",
                                            "Parallel Aware": false,
                                            "Join Type": "Inner",
                                            "Startup Cost": 4238.69,
                                            "Total Cost": 53888.64,
                                            "Plan Rows": 1,
                                            "Plan Width": 39,
                                            "Actual Startup Time": 179.885,
                                            "Actual Total Time": 277.308,
                                            "Actual Rows": 628,
                                            "Actual Loops": 1,
                                            "Output": [
                                                "mc.company_id",
                                                "mc.company_type_id",
                                                "mk.keyword_id",
                                                "t.title",
                                                "kt.kind"
                                            ],
                                            "Inner Unique": false,
                                            "Join Filter": "(t.id = mc.movie_id)",
                                            "Rows Removed by Join Filter": 0,
                                            "Plans": [
                                                {
                                                    "Node Type": "Nested Loop",
                                                    "Parent Relationship": "Outer",
                                                    "Parallel Aware": false,
                                                    "Join Type": "Inner",
                                                    "Startup Cost": 4238.21,
                                                    "Total Cost": 53884.04,
                                                    "Plan Rows": 1,
                                                    "Plan Width": 47,
                                                    "Actual Startup Time": 179.834,
                                                    "Actual Total Time": 273.592,
                                                    "Actual Rows": 625,
                                                    "Actual Loops": 1,
                                                    "Output": [
                                                        "cc.movie_id",
                                                        "mi.movie_id",
                                                        "mk.movie_id",
                                                        "mk.keyword_id",
                                                        "t.title",
                                                        "t.id",
                                                        "kt.kind"
                                                    ],
                                                    "Inner Unique": false,
                                                    "Plans": [
                                                        {
                                                            "Node Type": "Gather",
                                                            "Parent Relationship": "Outer",
                                                            "Parallel Aware": false,
                                                            "Startup Cost": 4237.37,
                                                            "Total Cost": 53878.16,
                                                            "Plan Rows": 1,
                                                            "Plan Width": 39,
                                                            "Actual Startup Time": 179.772,
                                                            "Actual Total Time": 273.125,
                                                            "Actual Rows": 6,
                                                            "Actual Loops": 1,
                                                            "Output": [
                                                                "cc.movie_id",
                                                                "mi.movie_id",
                                                                "t.title",
                                                                "t.id",
                                                                "kt.kind"
                                                            ],
                                                            "Workers Planned": 4,
                                                            "Workers Launched": 4,
                                                            "Single Copy": false,
                                                            "Plans": [
                                                                {
                                                                    "Node Type": "Nested Loop",
                                                                    "Parent Relationship": "Outer",
                                                                    "Parallel Aware": false,
                                                                    "Join Type": "Inner",
                                                                    "Startup Cost": 3237.37,
                                                                    "Total Cost": 52878.06,
                                                                    "Plan Rows": 1,
                                                                    "Plan Width": 39,
                                                                    "Actual Startup Time": 218.96,
                                                                    "Actual Total Time": 242.566,
                                                                    "Actual Rows": 1,
                                                                    "Actual Loops": 5,
                                                                    "Output": [
                                                                        "cc.movie_id",
                                                                        "mi.movie_id",
                                                                        "t.title",
                                                                        "t.id",
                                                                        "kt.kind"
                                                                    ],
                                                                    "Inner Unique": true,
                                                                    "Join Filter": "(mi.info_type_id = it1.id)",
                                                                    "Rows Removed by Join Filter": 0,
                                                                    "Workers": [
                                                                        {
                                                                            "Worker Number": 0,
                                                                            "Actual Startup Time": 215.772,
                                                                            "Actual Total Time": 239.935,
                                                                            "Actual Rows": 4,
                                                                            "Actual Loops": 1
                                                                        },
                                                                        {
                                                                            "Worker Number": 1,
                                                                            "Actual Startup Time": 239.916,
                                                                            "Actual Total Time": 239.924,
                                                                            "Actual Rows": 0,
                                                                            "Actual Loops": 1
                                                                        },
                                                                        {
                                                                            "Worker Number": 2,
                                                                            "Actual Startup Time": 239.939,
                                                                            "Actual Total Time": 239.948,
                                                                            "Actual Rows": 0,
                                                                            "Actual Loops": 1
                                                                        },
                                                                        {
                                                                            "Worker Number": 3,
                                                                            "Actual Startup Time": 220.091,
                                                                            "Actual Total Time": 240.57,
                                                                            "Actual Rows": 1,
                                                                            "Actual Loops": 1
                                                                        }
                                                                    ],
                                                                    "Plans": [
                                                                        {
                                                                            "Node Type": "Nested Loop",
                                                                            "Parent Relationship": "Outer",
                                                                            "Parallel Aware": false,
                                                                            "Join Type": "Inner",
                                                                            "Startup Cost": 3237.37,
                                                                            "Total Cost": 52875.63,
                                                                            "Plan Rows": 1,
                                                                            "Plan Width": 43,
                                                                            "Actual Startup Time": 218.94,
                                                                            "Actual Total Time": 242.54,
                                                                            "Actual Rows": 1,
                                                                            "Actual Loops": 5,
                                                                            "Output": [
                                                                                "cc.movie_id",
                                                                                "mi.movie_id",
                                                                                "mi.info_type_id",
                                                                                "t.title",
                                                                                "t.id",
                                                                                "kt.kind"
                                                                            ],
                                                                            "Inner Unique": false,
                                                                            "Workers": [
                                                                                {
                                                                                    "Worker Number": 0,
                                                                                    "Actual Startup Time": 215.725,
                                                                                    "Actual Total Time": 239.865,
                                                                                    "Actual Rows": 4,
                                                                                    "Actual Loops": 1
                                                                                },
                                                                                {
                                                                                    "Worker Number": 1,
                                                                                    "Actual Startup Time": 239.915,
                                                                                    "Actual Total Time": 239.922,
                                                                                    "Actual Rows": 0,
                                                                                    "Actual Loops": 1
                                                                                },
                                                                                {
                                                                                    "Worker Number": 2,
                                                                                    "Actual Startup Time": 239.938,
                                                                                    "Actual Total Time": 239.947,
                                                                                    "Actual Rows": 0,
                                                                                    "Actual Loops": 1
                                                                                },
                                                                                {
                                                                                    "Worker Number": 3,
                                                                                    "Actual Startup Time": 220.054,
                                                                                    "Actual Total Time": 240.533,
                                                                                    "Actual Rows": 1,
                                                                                    "Actual Loops": 1
                                                                                }
                                                                            ],
                                                                            "Plans": [
                                                                                {
                                                                                    "Node Type": "Hash Join",
                                                                                    "Parent Relationship": "Outer",
                                                                                    "Parallel Aware": false,
                                                                                    "Join Type": "Inner",
                                                                                    "Startup Cost": 3236.49,
                                                                                    "Total Cost": 48659.52,
                                                                                    "Plan Rows": 738,
                                                                                    "Plan Width": 35,
                                                                                    "Actual Startup Time": 140.864,
                                                                                    "Actual Total Time": 189.356,
                                                                                    "Actual Rows": 331,
                                                                                    "Actual Loops": 5,
                                                                                    "Output": [
                                                                                        "cc.movie_id",
                                                                                        "t.title",
                                                                                        "t.id",
                                                                                        "kt.kind"
                                                                                    ],
                                                                                    "Inner Unique": true,
                                                                                    "Hash Cond": "(t.kind_id = kt.id)",
                                                                                    "Workers": [
                                                                                        {
                                                                                            "Worker Number": 0,
                                                                                            "Actual Startup Time": 138.027,
                                                                                            "Actual Total Time": 185.815,
                                                                                            "Actual Rows": 317,
                                                                                            "Actual Loops": 1
                                                                                        },
                                                                                        {
                                                                                            "Worker Number": 1,
                                                                                            "Actual Startup Time": 137.835,
                                                                                            "Actual Total Time": 188.494,
                                                                                            "Actual Rows": 297,
                                                                                            "Actual Loops": 1
                                                                                        },
                                                                                        {
                                                                                            "Worker Number": 2,
                                                                                            "Actual Startup Time": 138.082,
                                                                                            "Actual Total Time": 189.459,
                                                                                            "Actual Rows": 289,
                                                                                            "Actual Loops": 1
                                                                                        },
                                                                                        {
                                                                                            "Worker Number": 3,
                                                                                            "Actual Startup Time": 139.351,
                                                                                            "Actual Total Time": 184.0,
                                                                                            "Actual Rows": 308,
                                                                                            "Actual Loops": 1
                                                                                        }
                                                                                    ],
                                                                                    "Plans": [
                                                                                        {
                                                                                            "Node Type": "Hash Join",
                                                                                            "Parent Relationship": "Outer",
                                                                                            "Parallel Aware": false,
                                                                                            "Join Type": "Inner",
                                                                                            "Startup Cost": 3235.39,
                                                                                            "Total Cost": 48636.65,
                                                                                            "Plan Rows": 5166,
                                                                                            "Plan Width": 29,
                                                                                            "Actual Startup Time": 44.343,
                                                                                            "Actual Total Time": 188.617,
                                                                                            "Actual Rows": 569,
                                                                                            "Actual Loops": 5,
                                                                                            "Output": [
                                                                                                "cc.movie_id",
                                                                                                "t.title",
                                                                                                "t.kind_id",
                                                                                                "t.id"
                                                                                            ],
                                                                                            "Inner Unique": false,
                                                                                            "Hash Cond": "(t.id = cc.movie_id)",
                                                                                            "Workers": [
                                                                                                {
                                                                                                    "Worker Number": 0,
                                                                                                    "Actual Startup Time": 48.722,
                                                                                                    "Actual Total Time": 184.981,
                                                                                                    "Actual Rows": 508,
                                                                                                    "Actual Loops": 1
                                                                                                },
                                                                                                {
                                                                                                    "Worker Number": 1,
                                                                                                    "Actual Startup Time": 49.179,
                                                                                                    "Actual Total Time": 187.635,
                                                                                                    "Actual Rows": 475,
                                                                                                    "Actual Loops": 1
                                                                                                },
                                                                                                {
                                                                                                    "Worker Number": 2,
                                                                                                    "Actual Startup Time": 50.426,
                                                                                                    "Actual Total Time": 188.562,
                                                                                                    "Actual Rows": 474,
                                                                                                    "Actual Loops": 1
                                                                                                },
                                                                                                {
                                                                                                    "Worker Number": 3,
                                                                                                    "Actual Startup Time": 46.494,
                                                                                                    "Actual Total Time": 183.177,
                                                                                                    "Actual Rows": 510,
                                                                                                    "Actual Loops": 1
                                                                                                }
                                                                                            ],
                                                                                            "Plans": [
                                                                                                {
                                                                                                    "Node Type": "Seq Scan",
                                                                                                    "Parent Relationship": "Outer",
                                                                                                    "Parallel Aware": true,
                                                                                                    "Relation Name": "title",
                                                                                                    "Schema": "public",
                                                                                                    "Alias": "t",
                                                                                                    "Startup Cost": 0.0,
                                                                                                    "Total Cost": 43899.32,
                                                                                                    "Plan Rows": 386742,
                                                                                                    "Plan Width": 25,
                                                                                                    "Actual Startup Time": 0.059,
                                                                                                    "Actual Total Time": 99.902,
                                                                                                    "Actual Rows": 306323,
                                                                                                    "Actual Loops": 5,
                                                                                                    "Output": [
                                                                                                        "t.id",
                                                                                                        "t.title",
                                                                                                        "t.imdb_index",
                                                                                                        "t.kind_id",
                                                                                                        "t.production_year",
                                                                                                        "t.imdb_id",
                                                                                                        "t.phonetic_code",
                                                                                                        "t.episode_of_id",
                                                                                                        "t.season_nr",
                                                                                                        "t.episode_nr",
                                                                                                        "t.series_years",
                                                                                                        "t.md5sum"
                                                                                                    ],
                                                                                                    "Filter": "(t.production_year > 1997)",
                                                                                                    "Rows Removed by Filter": 199340,
                                                                                                    "Workers": [
                                                                                                        {
                                                                                                            "Worker Number": 0,
                                                                                                            "Actual Startup Time": 0.079,
                                                                                                            "Actual Total Time": 93.244,
                                                                                                            "Actual Rows": 245432,
                                                                                                            "Actual Loops": 1
                                                                                                        },
                                                                                                        {
                                                                                                            "Worker Number": 1,
                                                                                                            "Actual Startup Time": 0.08,
                                                                                                            "Actual Total Time": 95.741,
                                                                                                            "Actual Rows": 254447,
                                                                                                            "Actual Loops": 1
                                                                                                        },
                                                                                                        {
                                                                                                            "Worker Number": 2,
                                                                                                            "Actual Startup Time": 0.067,
                                                                                                            "Actual Total Time": 95.965,
                                                                                                            "Actual Rows": 253625,
                                                                                                            "Actual Loops": 1
                                                                                                        },
                                                                                                        {
                                                                                                            "Worker Number": 3,
                                                                                                            "Actual Startup Time": 0.054,
                                                                                                            "Actual Total Time": 96.541,
                                                                                                            "Actual Rows": 254820,
                                                                                                            "Actual Loops": 1
                                                                                                        }
                                                                                                    ]
                                                                                                },
                                                                                                {
                                                                                                    "Node Type": "Hash",
                                                                                                    "Parent Relationship": "Inner",
                                                                                                    "Parallel Aware": false,
                                                                                                    "Startup Cost": 2813.24,
                                                                                                    "Total Cost": 2813.24,
                                                                                                    "Plan Rows": 33772,
                                                                                                    "Plan Width": 4,
                                                                                                    "Actual Startup Time": 42.982,
                                                                                                    "Actual Total Time": 42.986,
                                                                                                    "Actual Rows": 24592,
                                                                                                    "Actual Loops": 5,
                                                                                                    "Output": [
                                                                                                        "cc.movie_id"
                                                                                                    ],
                                                                                                    "Hash Buckets": 65536,
                                                                                                    "Original Hash Buckets": 65536,
                                                                                                    "Hash Batches": 1,
                                                                                                    "Original Hash Batches": 1,
                                                                                                    "Peak Memory Usage": 1377,
                                                                                                    "Workers": [
                                                                                                        {
                                                                                                            "Worker Number": 0,
                                                                                                            "Actual Startup Time": 47.66,
                                                                                                            "Actual Total Time": 47.663,
                                                                                                            "Actual Rows": 24592,
                                                                                                            "Actual Loops": 1
                                                                                                        },
                                                                                                        {
                                                                                                            "Worker Number": 1,
                                                                                                            "Actual Startup Time": 47.587,
                                                                                                            "Actual Total Time": 47.591,
                                                                                                            "Actual Rows": 24592,
                                                                                                            "Actual Loops": 1
                                                                                                        },
                                                                                                        {
                                                                                                            "Worker Number": 2,
                                                                                                            "Actual Startup Time": 47.605,
                                                                                                            "Actual Total Time": 47.609,
                                                                                                            "Actual Rows": 24592,
                                                                                                            "Actual Loops": 1
                                                                                                        },
                                                                                                        {
                                                                                                            "Worker Number": 3,
                                                                                                            "Actual Startup Time": 45.566,
                                                                                                            "Actual Total Time": 45.57,
                                                                                                            "Actual Rows": 24592,
                                                                                                            "Actual Loops": 1
                                                                                                        }
                                                                                                    ],
                                                                                                    "Plans": [
                                                                                                        {
                                                                                                            "Node Type": "Hash Join",
                                                                                                            "Parent Relationship": "Outer",
                                                                                                            "Parallel Aware": false,
                                                                                                            "Join Type": "Inner",
                                                                                                            "Startup Cost": 1.06,
                                                                                                            "Total Cost": 2813.24,
                                                                                                            "Plan Rows": 33772,
                                                                                                            "Plan Width": 4,
                                                                                                            "Actual Startup Time": 0.181,
                                                                                                            "Actual Total Time": 36.785,
                                                                                                            "Actual Rows": 24592,
                                                                                                            "Actual Loops": 5,
                                                                                                            "Output": [
                                                                                                                "cc.movie_id"
                                                                                                            ],
                                                                                                            "Inner Unique": true,
                                                                                                            "Hash Cond": "(cc.status_id = cct1.id)",
                                                                                                            "Workers": [
                                                                                                                {
                                                                                                                    "Worker Number": 0,
                                                                                                                    "Actual Startup Time": 0.232,
                                                                                                                    "Actual Total Time": 40.812,
                                                                                                                    "Actual Rows": 24592,
                                                                                                                    "Actual Loops": 1
                                                                                                                },
                                                                                                                {
                                                                                                                    "Worker Number": 1,
                                                                                                                    "Actual Startup Time": 0.217,
                                                                                                                    "Actual Total Time": 40.688,
                                                                                                                    "Actual Rows": 24592,
                                                                                                                    "Actual Loops": 1
                                                                                                                },
                                                                                                                {
                                                                                                                    "Worker Number": 2,
                                                                                                                    "Actual Startup Time": 0.22,
                                                                                                                    "Actual Total Time": 40.638,
                                                                                                                    "Actual Rows": 24592,
                                                                                                                    "Actual Loops": 1
                                                                                                                },
                                                                                                                {
                                                                                                                    "Worker Number": 3,
                                                                                                                    "Actual Startup Time": 0.179,
                                                                                                                    "Actual Total Time": 39.188,
                                                                                                                    "Actual Rows": 24592,
                                                                                                                    "Actual Loops": 1
                                                                                                                }
                                                                                                            ],
                                                                                                            "Plans": [
                                                                                                                {
                                                                                                                    "Node Type": "Seq Scan",
                                                                                                                    "Parent Relationship": "Outer",
                                                                                                                    "Parallel Aware": false,
                                                                                                                    "Relation Name": "complete_cast",
                                                                                                                    "Schema": "public",
                                                                                                                    "Alias": "cc",
                                                                                                                    "Startup Cost": 0.0,
                                                                                                                    "Total Cost": 2081.86,
                                                                                                                    "Plan Rows": 135086,
                                                                                                                    "Plan Width": 8,
                                                                                                                    "Actual Startup Time": 0.063,
                                                                                                                    "Actual Total Time": 17.915,
                                                                                                                    "Actual Rows": 135086,
                                                                                                                    "Actual Loops": 5,
                                                                                                                    "Output": [
                                                                                                                        "cc.id",
                                                                                                                        "cc.movie_id",
                                                                                                                        "cc.subject_id",
                                                                                                                        "cc.status_id"
                                                                                                                    ],
                                                                                                                    "Workers": [
                                                                                                                        {
                                                                                                                            "Worker Number": 0,
                                                                                                                            "Actual Startup Time": 0.083,
                                                                                                                            "Actual Total Time": 19.767,
                                                                                                                            "Actual Rows": 135086,
                                                                                                                            "Actual Loops": 1
                                                                                                                        },
                                                                                                                        {
                                                                                                                            "Worker Number": 1,
                                                                                                                            "Actual Startup Time": 0.077,
                                                                                                                            "Actual Total Time": 19.617,
                                                                                                                            "Actual Rows": 135086,
                                                                                                                            "Actual Loops": 1
                                                                                                                        },
                                                                                                                        {
                                                                                                                            "Worker Number": 2,
                                                                                                                            "Actual Startup Time": 0.077,
                                                                                                                            "Actual Total Time": 19.335,
                                                                                                                            "Actual Rows": 135086,
                                                                                                                            "Actual Loops": 1
                                                                                                                        },
                                                                                                                        {
                                                                                                                            "Worker Number": 3,
                                                                                                                            "Actual Startup Time": 0.066,
                                                                                                                            "Actual Total Time": 19.192,
                                                                                                                            "Actual Rows": 135086,
                                                                                                                            "Actual Loops": 1
                                                                                                                        }
                                                                                                                    ]
                                                                                                                },
                                                                                                                {
                                                                                                                    "Node Type": "Hash",
                                                                                                                    "Parent Relationship": "Inner",
                                                                                                                    "Parallel Aware": false,
                                                                                                                    "Startup Cost": 1.05,
                                                                                                                    "Total Cost": 1.05,
                                                                                                                    "Plan Rows": 1,
                                                                                                                    "Plan Width": 4,
                                                                                                                    "Actual Startup Time": 0.073,
                                                                                                                    "Actual Total Time": 0.075,
                                                                                                                    "Actual Rows": 1,
                                                                                                                    "Actual Loops": 5,
                                                                                                                    "Output": [
                                                                                                                        "cct1.id"
                                                                                                                    ],
                                                                                                                    "Hash Buckets": 1024,
                                                                                                                    "Original Hash Buckets": 1024,
                                                                                                                    "Hash Batches": 1,
                                                                                                                    "Original Hash Batches": 1,
                                                                                                                    "Peak Memory Usage": 9,
                                                                                                                    "Workers": [
                                                                                                                        {
                                                                                                                            "Worker Number": 0,
                                                                                                                            "Actual Startup Time": 0.094,
                                                                                                                            "Actual Total Time": 0.095,
                                                                                                                            "Actual Rows": 1,
                                                                                                                            "Actual Loops": 1
                                                                                                                        },
                                                                                                                        {
                                                                                                                            "Worker Number": 1,
                                                                                                                            "Actual Startup Time": 0.085,
                                                                                                                            "Actual Total Time": 0.087,
                                                                                                                            "Actual Rows": 1,
                                                                                                                            "Actual Loops": 1
                                                                                                                        },
                                                                                                                        {
                                                                                                                            "Worker Number": 2,
                                                                                                                            "Actual Startup Time": 0.088,
                                                                                                                            "Actual Total Time": 0.089,
                                                                                                                            "Actual Rows": 1,
                                                                                                                            "Actual Loops": 1
                                                                                                                        },
                                                                                                                        {
                                                                                                                            "Worker Number": 3,
                                                                                                                            "Actual Startup Time": 0.072,
                                                                                                                            "Actual Total Time": 0.073,
                                                                                                                            "Actual Rows": 1,
                                                                                                                            "Actual Loops": 1
                                                                                                                        }
                                                                                                                    ],
                                                                                                                    "Plans": [
                                                                                                                        {
                                                                                                                            "Node Type": "Seq Scan",
                                                                                                                            "Parent Relationship": "Outer",
                                                                                                                            "Parallel Aware": false,
                                                                                                                            "Relation Name": "comp_cast_type",
                                                                                                                            "Schema": "public",
                                                                                                                            "Alias": "cct1",
                                                                                                                            "Startup Cost": 0.0,
                                                                                                                            "Total Cost": 1.05,
                                                                                                                            "Plan Rows": 1,
                                                                                                                            "Plan Width": 4,
                                                                                                                            "Actual Startup Time": 0.059,
                                                                                                                            "Actual Total Time": 0.06,
                                                                                                                            "Actual Rows": 1,
                                                                                                                            "Actual Loops": 5,
                                                                                                                            "Output": [
                                                                                                                                "cct1.id"
                                                                                                                            ],
                                                                                                                            "Filter": "((cct1.kind)::text = 'complete+verified'::text)",
                                                                                                                            "Rows Removed by Filter": 3,
                                                                                                                            "Workers": [
                                                                                                                                {
                                                                                                                                    "Worker Number": 0,
                                                                                                                                    "Actual Startup Time": 0.08,
                                                                                                                                    "Actual Total Time": 0.082,
                                                                                                                                    "Actual Rows": 1,
                                                                                                                                    "Actual Loops": 1
                                                                                                                                },
                                                                                                                                {
                                                                                                                                    "Worker Number": 1,
                                                                                                                                    "Actual Startup Time": 0.072,
                                                                                                                                    "Actual Total Time": 0.074,
                                                                                                                                    "Actual Rows": 1,
                                                                                                                                    "Actual Loops": 1
                                                                                                                                },
                                                                                                                                {
                                                                                                                                    "Worker Number": 2,
                                                                                                                                    "Actual Startup Time": 0.074,
                                                                                                                                    "Actual Total Time": 0.076,
                                                                                                                                    "Actual Rows": 1,
                                                                                                                                    "Actual Loops": 1
                                                                                                                                },
                                                                                                                                {
                                                                                                                                    "Worker Number": 3,
                                                                                                                                    "Actual Startup Time": 0.062,
                                                                                                                                    "Actual Total Time": 0.063,
                                                                                                                                    "Actual Rows": 1,
                                                                                                                                    "Actual Loops": 1
                                                                                                                                }
                                                                                                                            ]
                                                                                                                        }
                                                                                                                    ]
                                                                                                                }
                                                                                                            ]
                                                                                                        }
                                                                                                    ]
                                                                                                }
                                                                                            ]
                                                                                        },
                                                                                        {
                                                                                            "Node Type": "Hash",
                                                                                            "Parent Relationship": "Inner",
                                                                                            "Parallel Aware": false,
                                                                                            "Startup Cost": 1.09,
                                                                                            "Total Cost": 1.09,
                                                                                            "Plan Rows": 1,
                                                                                            "Plan Width": 14,
                                                                                            "Actual Startup Time": 0.087,
                                                                                            "Actual Total Time": 0.089,
                                                                                            "Actual Rows": 1,
                                                                                            "Actual Loops": 5,
                                                                                            "Output": [
                                                                                                "kt.kind",
                                                                                                "kt.id"
                                                                                            ],
                                                                                            "Hash Buckets": 1024,
                                                                                            "Original Hash Buckets": 1024,
                                                                                            "Hash Batches": 1,
                                                                                            "Original Hash Batches": 1,
                                                                                            "Peak Memory Usage": 9,
                                                                                            "Workers": [
                                                                                                {
                                                                                                    "Worker Number": 0,
                                                                                                    "Actual Startup Time": 0.095,
                                                                                                    "Actual Total Time": 0.096,
                                                                                                    "Actual Rows": 1,
                                                                                                    "Actual Loops": 1
                                                                                                },
                                                                                                {
                                                                                                    "Worker Number": 1,
                                                                                                    "Actual Startup Time": 0.112,
                                                                                                    "Actual Total Time": 0.113,
                                                                                                    "Actual Rows": 1,
                                                                                                    "Actual Loops": 1
                                                                                                },
                                                                                                {
                                                                                                    "Worker Number": 2,
                                                                                                    "Actual Startup Time": 0.119,
                                                                                                    "Actual Total Time": 0.123,
                                                                                                    "Actual Rows": 1,
                                                                                                    "Actual Loops": 1
                                                                                                },
                                                                                                {
                                                                                                    "Worker Number": 3,
                                                                                                    "Actual Startup Time": 0.081,
                                                                                                    "Actual Total Time": 0.082,
                                                                                                    "Actual Rows": 1,
                                                                                                    "Actual Loops": 1
                                                                                                }
                                                                                            ],
                                                                                            "Plans": [
                                                                                                {
                                                                                                    "Node Type": "Seq Scan",
                                                                                                    "Parent Relationship": "Outer",
                                                                                                    "Parallel Aware": false,
                                                                                                    "Relation Name": "kind_type",
                                                                                                    "Schema": "public",
                                                                                                    "Alias": "kt",
                                                                                                    "Startup Cost": 0.0,
                                                                                                    "Total Cost": 1.09,
                                                                                                    "Plan Rows": 1,
                                                                                                    "Plan Width": 14,
                                                                                                    "Actual Startup Time": 0.063,
                                                                                                    "Actual Total Time": 0.067,
                                                                                                    "Actual Rows": 1,
                                                                                                    "Actual Loops": 5,
                                                                                                    "Output": [
                                                                                                        "kt.kind",
                                                                                                        "kt.id"
                                                                                                    ],
                                                                                                    "Filter": "((kt.kind)::text = 'movie'::text)",
                                                                                                    "Rows Removed by Filter": 6,
                                                                                                    "Workers": [
                                                                                                        {
                                                                                                            "Worker Number": 0,
                                                                                                            "Actual Startup Time": 0.067,
                                                                                                            "Actual Total Time": 0.073,
                                                                                                            "Actual Rows": 1,
                                                                                                            "Actual Loops": 1
                                                                                                        },
                                                                                                        {
                                                                                                            "Worker Number": 1,
                                                                                                            "Actual Startup Time": 0.084,
                                                                                                            "Actual Total Time": 0.089,
                                                                                                            "Actual Rows": 1,
                                                                                                            "Actual Loops": 1
                                                                                                        },
                                                                                                        {
                                                                                                            "Worker Number": 2,
                                                                                                            "Actual Startup Time": 0.091,
                                                                                                            "Actual Total Time": 0.097,
                                                                                                            "Actual Rows": 1,
                                                                                                            "Actual Loops": 1
                                                                                                        },
                                                                                                        {
                                                                                                            "Worker Number": 3,
                                                                                                            "Actual Startup Time": 0.06,
                                                                                                            "Actual Total Time": 0.064,
                                                                                                            "Actual Rows": 1,
                                                                                                            "Actual Loops": 1
                                                                                                        }
                                                                                                    ]
                                                                                                }
                                                                                            ]
                                                                                        }
                                                                                    ]
                                                                                },
                                                                                {
                                                                                    "Node Type": "Bitmap Heap Scan",
                                                                                    "Parent Relationship": "Inner",
                                                                                    "Parallel Aware": false,
                                                                                    "Relation Name": "movie_info",
                                                                                    "Schema": "public",
                                                                                    "Alias": "mi",
                                                                                    "Startup Cost": 0.88,
                                                                                    "Total Cost": 5.7,
                                                                                    "Plan Rows": 1,
                                                                                    "Plan Width": 8,
                                                                                    "Actual Startup Time": 0.158,
                                                                                    "Actual Total Time": 0.158,
                                                                                    "Actual Rows": 0,
                                                                                    "Actual Loops": 1654,
                                                                                    "Output": [
                                                                                        "mi.id",
                                                                                        "mi.movie_id",
                                                                                        "mi.info_type_id",
                                                                                        "mi.info",
                                                                                        "mi.note"
                                                                                    ],
                                                                                    "Recheck Cond": "(mi.movie_id = t.id)",
                                                                                    "Rows Removed by Index Recheck": 0,
                                                                                    "Filter": "((mi.info IS NOT NULL) AND (mi.note ~~ '%internet%'::text) AND ((mi.info ~~ 'USA:% 199%'::text) OR (mi.info ~~ 'USA:% 200%'::text)))",
                                                                                    "Rows Removed by Filter": 190,
                                                                                    "Exact Heap Blocks": 9433,
                                                                                    "Lossy Heap Blocks": 0,
                                                                                    "Workers": [
                                                                                        {
                                                                                            "Worker Number": 0,
                                                                                            "Actual Startup Time": 0.167,
                                                                                            "Actual Total Time": 0.167,
                                                                                            "Actual Rows": 0,
                                                                                            "Actual Loops": 317
                                                                                        },
                                                                                        {
                                                                                            "Worker Number": 1,
                                                                                            "Actual Startup Time": 0.17,
                                                                                            "Actual Total Time": 0.17,
                                                                                            "Actual Rows": 0,
                                                                                            "Actual Loops": 297
                                                                                        },
                                                                                        {
                                                                                            "Worker Number": 2,
                                                                                            "Actual Startup Time": 0.171,
                                                                                            "Actual Total Time": 0.171,
                                                                                            "Actual Rows": 0,
                                                                                            "Actual Loops": 289
                                                                                        },
                                                                                        {
                                                                                            "Worker Number": 3,
                                                                                            "Actual Startup Time": 0.18,
                                                                                            "Actual Total Time": 0.18,
                                                                                            "Actual Rows": 0,
                                                                                            "Actual Loops": 308
                                                                                        }
                                                                                    ],
                                                                                    "Plans": [
                                                                                        {
                                                                                            "Node Type": "Bitmap Index Scan",
                                                                                            "Parent Relationship": "Outer",
                                                                                            "Parallel Aware": false,
                                                                                            "Index Name": "movie_id_movie_info",
                                                                                            "Startup Cost": 0.0,
                                                                                            "Total Cost": 0.88,
                                                                                            "Plan Rows": 41,
                                                                                            "Plan Width": 0,
                                                                                            "Actual Startup Time": 0.027,
                                                                                            "Actual Total Time": 0.027,
                                                                                            "Actual Rows": 190,
                                                                                            "Actual Loops": 1654,
                                                                                            "Index Cond": "(mi.movie_id = t.id)",
                                                                                            "Workers": [
                                                                                                {
                                                                                                    "Worker Number": 0,
                                                                                                    "Actual Startup Time": 0.029,
                                                                                                    "Actual Total Time": 0.029,
                                                                                                    "Actual Rows": 189,
                                                                                                    "Actual Loops": 317
                                                                                                },
                                                                                                {
                                                                                                    "Worker Number": 1,
                                                                                                    "Actual Startup Time": 0.029,
                                                                                                    "Actual Total Time": 0.029,
                                                                                                    "Actual Rows": 197,
                                                                                                    "Actual Loops": 297
                                                                                                },
                                                                                                {
                                                                                                    "Worker Number": 2,
                                                                                                    "Actual Startup Time": 0.03,
                                                                                                    "Actual Total Time": 0.03,
                                                                                                    "Actual Rows": 189,
                                                                                                    "Actual Loops": 289
                                                                                                },
                                                                                                {
                                                                                                    "Worker Number": 3,
                                                                                                    "Actual Startup Time": 0.031,
                                                                                                    "Actual Total Time": 0.031,
                                                                                                    "Actual Rows": 194,
                                                                                                    "Actual Loops": 308
                                                                                                }
                                                                                            ]
                                                                                        }
                                                                                    ]
                                                                                }
                                                                            ]
                                                                        },
                                                                        {
                                                                            "Node Type": "Seq Scan",
                                                                            "Parent Relationship": "Inner",
                                                                            "Parallel Aware": false,
                                                                            "Relation Name": "info_type",
                                                                            "Schema": "public",
                                                                            "Alias": "it1",
                                                                            "Startup Cost": 0.0,
                                                                            "Total Cost": 2.41,
                                                                            "Plan Rows": 1,
                                                                            "Plan Width": 4,
                                                                            "Actual Startup Time": 0.017,
                                                                            "Actual Total Time": 0.017,
                                                                            "Actual Rows": 1,
                                                                            "Actual Loops": 6,
                                                                            "Output": [
                                                                                "it1.id",
                                                                                "it1.info"
                                                                            ],
                                                                            "Filter": "((it1.info)::text = 'release dates'::text)",
                                                                            "Rows Removed by Filter": 15,
                                                                            "Workers": [
                                                                                {
                                                                                    "Worker Number": 0,
                                                                                    "Actual Startup Time": 0.014,
                                                                                    "Actual Total Time": 0.014,
                                                                                    "Actual Rows": 1,
                                                                                    "Actual Loops": 4
                                                                                },
                                                                                {
                                                                                    "Worker Number": 3,
                                                                                    "Actual Startup Time": 0.033,
                                                                                    "Actual Total Time": 0.033,
                                                                                    "Actual Rows": 1,
                                                                                    "Actual Loops": 1
                                                                                }
                                                                            ]
                                                                        }
                                                                    ]
                                                                }
                                                            ]
                                                        },
                                                        {
                                                            "Node Type": "Bitmap Heap Scan",
                                                            "Parent Relationship": "Inner",
                                                            "Parallel Aware": false,
                                                            "Relation Name": "movie_keyword",
                                                            "Schema": "public",
                                                            "Alias": "mk",
                                                            "Startup Cost": 0.84,
                                                            "Total Cost": 5.42,
                                                            "Plan Rows": 46,
                                                            "Plan Width": 8,
                                                            "Actual Startup Time": 0.037,
                                                            "Actual Total Time": 0.052,
                                                            "Actual Rows": 104,
                                                            "Actual Loops": 6,
                                                            "Output": [
                                                                "mk.id",
                                                                "mk.movie_id",
                                                                "mk.keyword_id"
                                                            ],
                                                            "Recheck Cond": "(mk.movie_id = t.id)",
                                                            "Rows Removed by Index Recheck": 0,
                                                            "Exact Heap Blocks": 10,
                                                            "Lossy Heap Blocks": 0,
                                                            "Plans": [
                                                                {
                                                                    "Node Type": "Bitmap Index Scan",
                                                                    "Parent Relationship": "Outer",
                                                                    "Parallel Aware": false,
                                                                    "Index Name": "movie_id_movie_keyword",
                                                                    "Startup Cost": 0.0,
                                                                    "Total Cost": 0.83,
                                                                    "Plan Rows": 46,
                                                                    "Plan Width": 0,
                                                                    "Actual Startup Time": 0.027,
                                                                    "Actual Total Time": 0.027,
                                                                    "Actual Rows": 104,
                                                                    "Actual Loops": 6,
                                                                    "Index Cond": "(mk.movie_id = t.id)"
                                                                }
                                                            ]
                                                        }
                                                    ]
                                                },
                                                {
                                                    "Node Type": "Bitmap Heap Scan",
                                                    "Parent Relationship": "Inner",
                                                    "Parallel Aware": false,
                                                    "Relation Name": "movie_companies",
                                                    "Schema": "public",
                                                    "Alias": "mc",
                                                    "Startup Cost": 0.48,
                                                    "Total Cost": 4.54,
                                                    "Plan Rows": 5,
                                                    "Plan Width": 12,
                                                    "Actual Startup Time": 0.003,
                                                    "Actual Total Time": 0.004,
                                                    "Actual Rows": 1,
                                                    "Actual Loops": 625,
                                                    "Output": [
                                                        "mc.id",
                                                        "mc.movie_id",
                                                        "mc.company_id",
                                                        "mc.company_type_id",
                                                        "mc.note"
                                                    ],
                                                    "Recheck Cond": "(mc.movie_id = mk.movie_id)",
                                                    "Rows Removed by Index Recheck": 0,
                                                    "Exact Heap Blocks": 628,
                                                    "Lossy Heap Blocks": 0,
                                                    "Plans": [
                                                        {
                                                            "Node Type": "Bitmap Index Scan",
                                                            "Parent Relationship": "Outer",
                                                            "Parallel Aware": false,
                                                            "Index Name": "movie_id_movie_companies",
                                                            "Startup Cost": 0.0,
                                                            "Total Cost": 0.48,
                                                            "Plan Rows": 5,
                                                            "Plan Width": 0,
                                                            "Actual Startup Time": 0.002,
                                                            "Actual Total Time": 0.002,
                                                            "Actual Rows": 1,
                                                            "Actual Loops": 625,
                                                            "Index Cond": "(mc.movie_id = mk.movie_id)"
                                                        }
                                                    ]
                                                }
                                            ]
                                        },
                                        {
                                            "Node Type": "Bitmap Heap Scan",
                                            "Parent Relationship": "Inner",
                                            "Parallel Aware": false,
                                            "Relation Name": "company_name",
                                            "Schema": "public",
                                            "Alias": "cn",
                                            "Startup Cost": 0.43,
                                            "Total Cost": 4.44,
                                            "Plan Rows": 1,
                                            "Plan Width": 4,
                                            "Actual Startup Time": 0.004,
                                            "Actual Total Time": 0.004,
                                            "Actual Rows": 1,
                                            "Actual Loops": 628,
                                            "Output": [
                                                "cn.id",
                                                "cn.name",
                                                "cn.country_code",
                                                "cn.imdb_id",
                                                "cn.name_pcode_nf",
                                                "cn.name_pcode_sf",
                                                "cn.md5sum"
                                            ],
                                            "Recheck Cond": "(cn.id = mc.company_id)",
                                            "Rows Removed by Index Recheck": 0,
                                            "Filter": "((cn.country_code)::text = '[us]'::text)",
                                            "Rows Removed by Filter": 0,
                                            "Exact Heap Blocks": 628,
                                            "Lossy Heap Blocks": 0,
                                            "Plans": [
                                                {
                                                    "Node Type": "Bitmap Index Scan",
                                                    "Parent Relationship": "Outer",
                                                    "Parallel Aware": false,
                                                    "Index Name": "company_name_pkey",
                                                    "Startup Cost": 0.0,
                                                    "Total Cost": 0.43,
                                                    "Plan Rows": 1,
                                                    "Plan Width": 0,
                                                    "Actual Startup Time": 0.002,
                                                    "Actual Total Time": 0.002,
                                                    "Actual Rows": 1,
                                                    "Actual Loops": 628,
                                                    "Index Cond": "(cn.id = mc.company_id)"
                                                }
                                            ]
                                        }
                                    ]
                                },
                                {
                                    "Node Type": "Seq Scan",
                                    "Parent Relationship": "Inner",
                                    "Parallel Aware": false,
                                    "Relation Name": "company_type",
                                    "Schema": "public",
                                    "Alias": "ct",
                                    "Startup Cost": 0.0,
                                    "Total Cost": 1.04,
                                    "Plan Rows": 4,
                                    "Plan Width": 4,
                                    "Actual Startup Time": 0.001,
                                    "Actual Total Time": 0.001,
                                    "Actual Rows": 2,
                                    "Actual Loops": 628,
                                    "Output": [
                                        "ct.id",
                                        "ct.kind"
                                    ]
                                }
                            ]
                        },
                        {
                            "Node Type": "Bitmap Heap Scan",
                            "Parent Relationship": "Inner",
                            "Parallel Aware": false,
                            "Relation Name": "keyword",
                            "Schema": "public",
                            "Alias": "k",
                            "Startup Cost": 0.43,
                            "Total Cost": 4.44,
                            "Plan Rows": 1,
                            "Plan Width": 4,
                            "Actual Startup Time": 0.005,
                            "Actual Total Time": 0.005,
                            "Actual Rows": 1,
                            "Actual Loops": 628,
                            "Output": [
                                "k.id",
                                "k.keyword",
                                "k.phonetic_code"
                            ],
                            "Recheck Cond": "(k.id = mk.keyword_id)",
                            "Rows Removed by Index Recheck": 0,
                            "Exact Heap Blocks": 628,
                            "Lossy Heap Blocks": 0,
                            "Plans": [
                                {
                                    "Node Type": "Bitmap Index Scan",
                                    "Parent Relationship": "Outer",
                                    "Parallel Aware": false,
                                    "Index Name": "keyword_pkey",
                                    "Startup Cost": 0.0,
                                    "Total Cost": 0.43,
                                    "Plan Rows": 1,
                                    "Plan Width": 0,
                                    "Actual Startup Time": 0.003,
                                    "Actual Total Time": 0.003,
                                    "Actual Rows": 1,
                                    "Actual Loops": 628,
                                    "Index Cond": "(k.id = mk.keyword_id)"
                                }
                            ]
                        }
                    ]
                }
            ]
        },
        "Planning Time": 2189.579,
        "Triggers": [],
        "Execution Time": 288.56
    }
]