[
  {
    "Plan": {
      "Node Type": "Aggregate",
      "Strategy": "Plain",
      "Partial Mode": "Finalize",
      "Parallel Aware": false,
      "Startup Cost": 338901.35,
      "Total Cost": 338901.36,
      "Plan Rows": 1,
      "Plan Width": 8,
      "Actual Startup Time": 717.184,
      "Actual Total Time": 771.669,
      "Actual Rows": 1,
      "Actual Loops": 1,
      "Plans": [
        {
          "Node Type": "Gather",
          "Parent Relationship": "Outer",
          "Parallel Aware": false,
          "Startup Cost": 338900.73,
          "Total Cost": 338901.34,
          "Plan Rows": 6,
          "Plan Width": 8,
          "Actual Startup Time": 717.067,
          "Actual Total Time": 771.66,
          "Actual Rows": 7,
          "Actual Loops": 1,
          "Workers Planned": 6,
          "Workers Launched": 6,
          "Single Copy": false,
          "Plans": [
            {
              "Node Type": "Aggregate",
              "Strategy": "Plain",
              "Partial Mode": "Partial",
              "Parent Relationship": "Outer",
              "Parallel Aware": false,
              "Startup Cost": 337900.73,
              "Total Cost": 337900.74,
              "Plan Rows": 1,
              "Plan Width": 8,
              "Actual Startup Time": 707.615,
              "Actual Total Time": 707.616,
              "Actual Rows": 1,
              "Actual Loops": 7,
              "Plans": [
                {
                  "Node Type": "Seq Scan",
                  "Parent Relationship": "Outer",
                  "Parallel Aware": true,
                  "Relation Name": "cast_info",
                  "Alias": "ci",
                  "Startup Cost": 0.0,
                  "Total Cost": 328162.03,
                  "Plan Rows": 3895481,
                  "Plan Width": 0,
                  "Actual Startup Time": 0.051,
                  "Actual Total Time": 572.889,
                  "Actual Rows": 3347082,
                  "Actual Loops": 7,
                  "Filter": "(person_id < 2398160)",
                  "Rows Removed by Filter": 1830682
                }
              ]
            }
          ]
        }
      ]
    },
    "Planning Time": 0.205,
    "Triggers": [],
    "Execution Time": 771.746
  }
]