[
  {
    "Plan": {
      "Node Type": "Aggregate",
      "Strategy": "Plain",
      "Partial Mode": "Finalize",
      "Parallel Aware": false,
      "Startup Cost": 46602.83,
      "Total Cost": 46602.84,
      "Plan Rows": 1,
      "Plan Width": 8,
      "Actual Startup Time": 91.107,
      "Actual Total Time": 102.163,
      "Actual Rows": 1,
      "Actual Loops": 1,
      "Plans": [
        {
          "Node Type": "Gather",
          "Parent Relationship": "Outer",
          "Parallel Aware": false,
          "Startup Cost": 46602.41,
          "Total Cost": 46602.82,
          "Plan Rows": 4,
          "Plan Width": 8,
          "Actual Startup Time": 90.964,
          "Actual Total Time": 102.155,
          "Actual Rows": 5,
          "Actual Loops": 1,
          "Workers Planned": 4,
          "Workers Launched": 4,
          "Single Copy": false,
          "Plans": [
            {
              "Node Type": "Aggregate",
              "Strategy": "Plain",
              "Partial Mode": "Partial",
              "Parent Relationship": "Outer",
              "Parallel Aware": false,
              "Startup Cost": 45602.41,
              "Total Cost": 45602.42,
              "Plan Rows": 1,
              "Plan Width": 8,
              "Actual Startup Time": 83.566,
              "Actual Total Time": 83.567,
              "Actual Rows": 1,
              "Actual Loops": 5,
              "Plans": [
                {
                  "Node Type": "Seq Scan",
                  "Parent Relationship": "Outer",
                  "Parallel Aware": true,
                  "Relation Name": "title",
                  "Alias": "t",
                  "Startup Cost": 0.0,
                  "Total Cost": 45479.1,
                  "Plan Rows": 49324,
                  "Plan Width": 0,
                  "Actual Startup Time": 0.038,
                  "Actual Total Time": 81.978,
                  "Actual Rows": 20831,
                  "Actual Loops": 5,
                  "Filter": "((production_year < 1968) AND (kind_id = 7))",
                  "Rows Removed by Filter": 484832
                }
              ]
            }
          ]
        }
      ]
    },
    "Planning Time": 0.122,
    "Triggers": [],
    "Execution Time": 102.205
  }
]