[
  {
    "Plan": {
      "Node Type": "Aggregate",
      "Strategy": "Plain",
      "Partial Mode": "Finalize",
      "Parallel Aware": false,
      "Startup Cost": 46845.43,
      "Total Cost": 46845.44,
      "Plan Rows": 1,
      "Plan Width": 8,
      "Actual Startup Time": 101.129,
      "Actual Total Time": 112.389,
      "Actual Rows": 1,
      "Actual Loops": 1,
      "Plans": [
        {
          "Node Type": "Gather",
          "Parent Relationship": "Outer",
          "Parallel Aware": false,
          "Startup Cost": 46845.01,
          "Total Cost": 46845.42,
          "Plan Rows": 4,
          "Plan Width": 8,
          "Actual Startup Time": 100.998,
          "Actual Total Time": 112.38,
          "Actual Rows": 5,
          "Actual Loops": 1,
          "Workers Planned": 4,
          "Workers Launched": 4,
          "Single Copy": false,
          "Plans": [
            {
              "Node Type": "Aggregate",
              "Strategy": "Plain",
              "Partial Mode": "Partial",
              "Parent Relationship": "Outer",
              "Parallel Aware": false,
              "Startup Cost": 45845.01,
              "Total Cost": 45845.02,
              "Plan Rows": 1,
              "Plan Width": 8,
              "Actual Startup Time": 93.672,
              "Actual Total Time": 93.673,
              "Actual Rows": 1,
              "Actual Loops": 5,
              "Plans": [
                {
                  "Node Type": "Seq Scan",
                  "Parent Relationship": "Outer",
                  "Parallel Aware": true,
                  "Relation Name": "title",
                  "Alias": "t",
                  "Startup Cost": 0.0,
                  "Total Cost": 45479.1,
                  "Plan Rows": 146365,
                  "Plan Width": 0,
                  "Actual Startup Time": 0.032,
                  "Actual Total Time": 87.737,
                  "Actual Rows": 97274,
                  "Actual Loops": 5,
                  "Filter": "((production_year < 1999) AND (kind_id = 7))",
                  "Rows Removed by Filter": 408389
                }
              ]
            }
          ]
        }
      ]
    },
    "Planning Time": 0.182,
    "Triggers": [],
    "Execution Time": 112.448
  }
]