[
  {
    "Plan": {
      "Node Type": "Aggregate",
      "Strategy": "Plain",
      "Partial Mode": "Finalize",
      "Parallel Aware": false,
      "Startup Cost": 44542.61,
      "Total Cost": 44542.62,
      "Plan Rows": 1,
      "Plan Width": 8,
      "Actual Startup Time": 115.118,
      "Actual Total Time": 124.754,
      "Actual Rows": 1,
      "Actual Loops": 1,
      "Plans": [
        {
          "Node Type": "Gather",
          "Parent Relationship": "Outer",
          "Parallel Aware": false,
          "Startup Cost": 44542.29,
          "Total Cost": 44542.6,
          "Plan Rows": 3,
          "Plan Width": 8,
          "Actual Startup Time": 114.993,
          "Actual Total Time": 124.743,
          "Actual Rows": 4,
          "Actual Loops": 1,
          "Workers Planned": 3,
          "Workers Launched": 3,
          "Single Copy": false,
          "Plans": [
            {
              "Node Type": "Aggregate",
              "Strategy": "Plain",
              "Partial Mode": "Partial",
              "Parent Relationship": "Outer",
              "Parallel Aware": false,
              "Startup Cost": 43542.29,
              "Total Cost": 43542.3,
              "Plan Rows": 1,
              "Plan Width": 8,
              "Actual Startup Time": 109.49,
              "Actual Total Time": 109.491,
              "Actual Rows": 1,
              "Actual Loops": 4,
              "Plans": [
                {
                  "Node Type": "Seq Scan",
                  "Parent Relationship": "Outer",
                  "Parallel Aware": true,
                  "Relation Name": "movie_keyword",
                  "Alias": "mk",
                  "Startup Cost": 0.0,
                  "Total Cost": 42695.65,
                  "Plan Rows": 338655,
                  "Plan Width": 0,
                  "Actual Startup Time": 1.274,
                  "Actual Total Time": 97.471,
                  "Actual Rows": 262438,
                  "Actual Loops": 4,
                  "Filter": "(keyword_id > 16892)",
                  "Rows Removed by Filter": 868544
                }
              ]
            }
          ]
        }
      ]
    },
    "Planning Time": 0.068,
    "Triggers": [],
    "Execution Time": 124.781
  }
]