[
  {
    "Plan": {
      "Node Type": "Aggregate",
      "Strategy": "Plain",
      "Partial Mode": "Finalize",
      "Parallel Aware": false,
      "Startup Cost": 45760.06,
      "Total Cost": 45760.07,
      "Plan Rows": 1,
      "Plan Width": 8,
      "Actual Startup Time": 138.43,
      "Actual Total Time": 148.087,
      "Actual Rows": 1,
      "Actual Loops": 1,
      "Plans": [
        {
          "Node Type": "Gather",
          "Parent Relationship": "Outer",
          "Parallel Aware": false,
          "Startup Cost": 45759.75,
          "Total Cost": 45760.06,
          "Plan Rows": 3,
          "Plan Width": 8,
          "Actual Startup Time": 138.278,
          "Actual Total Time": 148.076,
          "Actual Rows": 4,
          "Actual Loops": 1,
          "Workers Planned": 3,
          "Workers Launched": 3,
          "Single Copy": false,
          "Plans": [
            {
              "Node Type": "Aggregate",
              "Strategy": "Plain",
              "Partial Mode": "Partial",
              "Parent Relationship": "Outer",
              "Parallel Aware": false,
              "Startup Cost": 44759.75,
              "Total Cost": 44759.76,
              "Plan Rows": 1,
              "Plan Width": 8,
              "Actual Startup Time": 134.796,
              "Actual Total Time": 134.798,
              "Actual Rows": 1,
              "Actual Loops": 4,
              "Plans": [
                {
                  "Node Type": "Seq Scan",
                  "Parent Relationship": "Outer",
                  "Parallel Aware": true,
                  "Relation Name": "movie_keyword",
                  "Alias": "mk",
                  "Startup Cost": 0.0,
                  "Total Cost": 42695.65,
                  "Plan Rows": 825637,
                  "Plan Width": 0,
                  "Actual Startup Time": 0.302,
                  "Actual Total Time": 107.955,
                  "Actual Rows": 638094,
                  "Actual Loops": 4,
                  "Filter": "(keyword_id > 3448)",
                  "Rows Removed by Filter": 492888
                }
              ]
            }
          ]
        }
      ]
    },
    "Planning Time": 0.121,
    "Triggers": [],
    "Execution Time": 148.133
  }
]