[
  {
    "Plan": {
      "Node Type": "Aggregate",
      "Strategy": "Plain",
      "Partial Mode": "Finalize",
      "Parallel Aware": false,
      "Startup Cost": 96428.82,
      "Total Cost": 96428.83,
      "Plan Rows": 1,
      "Plan Width": 8,
      "Actual Startup Time": 511.843,
      "Actual Total Time": 528.684,
      "Actual Rows": 1,
      "Actual Loops": 1,
      "Plans": [
        {
          "Node Type": "Gather",
          "Parent Relationship": "Outer",
          "Parallel Aware": false,
          "Startup Cost": 96428.5,
          "Total Cost": 96428.81,
          "Plan Rows": 3,
          "Plan Width": 8,
          "Actual Startup Time": 506.92,
          "Actual Total Time": 528.674,
          "Actual Rows": 4,
          "Actual Loops": 1,
          "Workers Planned": 3,
          "Workers Launched": 3,
          "Single Copy": false,
          "Plans": [
            {
              "Node Type": "Aggregate",
              "Strategy": "Plain",
              "Partial Mode": "Partial",
              "Parent Relationship": "Outer",
              "Parallel Aware": false,
              "Startup Cost": 95428.5,
              "Total Cost": 95428.51,
              "Plan Rows": 1,
              "Plan Width": 8,
              "Actual Startup Time": 498.442,
              "Actual Total Time": 498.769,
              "Actual Rows": 1,
              "Actual Loops": 4,
              "Plans": [
                {
                  "Node Type": "Hash Join",
                  "Parent Relationship": "Outer",
                  "Parallel Aware": true,
                  "Join Type": "Inner",
                  "Startup Cost": 64324.66,
                  "Total Cost": 95150.59,
                  "Plan Rows": 111163,
                  "Plan Width": 0,
                  "Actual Startup Time": 319.343,
                  "Actual Total Time": 477.287,
                  "Actual Rows": 552100,
                  "Actual Loops": 4,
                  "Inner Unique": false,
                  "Hash Cond": "(mc.movie_id = t.id)",
                  "Plans": [
                    {
                      "Node Type": "Seq Scan",
                      "Parent Relationship": "Outer",
                      "Parallel Aware": true,
                      "Relation Name": "movie_companies",
                      "Alias": "mc",
                      "Startup Cost": 0.0,
                      "Total Cost": 27206.55,
                      "Plan Rows": 841655,
                      "Plan Width": 4,
                      "Actual Startup Time": 0.024,
                      "Actual Total Time": 56.572,
                      "Actual Rows": 652282,
                      "Actual Loops": 4
                    },
                    {
                      "Node Type": "Hash",
                      "Parent Relationship": "Inner",
                      "Parallel Aware": true,
                      "Startup Cost": 62585.45,
                      "Total Cost": 62585.45,
                      "Plan Rows": 139137,
                      "Plan Width": 8,
                      "Actual Startup Time": 290.565,
                      "Actual Total Time": 290.89,
                      "Actual Rows": 147673,
                      "Actual Loops": 4,
                      "Hash Buckets": 1048576,
                      "Original Hash Buckets": 524288,
                      "Hash Batches": 1,
                      "Original Hash Batches": 1,
                      "Peak Memory Usage": 35456,
                      "Plans": [
                        {
                          "Node Type": "Hash Join",
                          "Parent Relationship": "Outer",
                          "Parallel Aware": true,
                          "Join Type": "Inner",
                          "Startup Cost": 47390.89,
                          "Total Cost": 62585.45,
                          "Plan Rows": 139137,
                          "Plan Width": 8,
                          "Actual Startup Time": 185.415,
                          "Actual Total Time": 245.323,
                          "Actual Rows": 147673,
                          "Actual Loops": 4,
                          "Inner Unique": true,
                          "Hash Cond": "(mi_idx.movie_id = t.id)",
                          "Plans": [
                            {
                              "Node Type": "Seq Scan",
                              "Parent Relationship": "Outer",
                              "Parallel Aware": true,
                              "Relation Name": "movie_info_idx",
                              "Alias": "mi_idx",
                              "Startup Cost": 0.0,
                              "Total Cost": 13685.15,
                              "Plan Rows": 575015,
                              "Plan Width": 4,
                              "Actual Startup Time": 0.025,
                              "Actual Total Time": 28.791,
                              "Actual Rows": 345009,
                              "Actual Loops": 4
                            },
                            {
                              "Node Type": "Hash",
                              "Parent Relationship": "Inner",
                              "Parallel Aware": true,
                              "Startup Cost": 45479.1,
                              "Total Cost": 45479.1,
                              "Plan Rows": 152943,
                              "Plan Width": 4,
                              "Actual Startup Time": 154.391,
                              "Actual Total Time": 154.392,
                              "Actual Rows": 132116,
                              "Actual Loops": 4,
                              "Hash Buckets": 1048576,
                              "Original Hash Buckets": 1048576,
                              "Hash Batches": 1,
                              "Original Hash Batches": 1,
                              "Peak Memory Usage": 28928,
                              "Plans": [
                                {
                                  "Node Type": "Seq Scan",
                                  "Parent Relationship": "Outer",
                                  "Parallel Aware": true,
                                  "Relation Name": "title",
                                  "Alias": "t",
                                  "Startup Cost": 0.0,
                                  "Total Cost": 45479.1,
                                  "Plan Rows": 152943,
                                  "Plan Width": 4,
                                  "Actual Startup Time": 48.166,
                                  "Actual Total Time": 104.427,
                                  "Actual Rows": 132116,
                                  "Actual Loops": 4,
                                  "Filter": "((production_year > 1934) AND (kind_id = 1))",
                                  "Rows Removed by Filter": 499962
                                }
                              ]
                            }
                          ]
                        }
                      ]
                    }
                  ]
                }
              ]
            }
          ]
        }
      ]
    },
    "Planning Time": 1.184,
    "Triggers": [],
    "Execution Time": 528.794
  }
]