[
  {
    "Plan": {
      "Node Type": "Aggregate",
      "Strategy": "Plain",
      "Partial Mode": "Finalize",
      "Parallel Aware": false,
      "Startup Cost": 71255.24,
      "Total Cost": 71255.25,
      "Plan Rows": 1,
      "Plan Width": 8,
      "Actual Startup Time": 156.388,
      "Actual Total Time": 173.632,
      "Actual Rows": 1,
      "Actual Loops": 1,
      "Plans": [
        {
          "Node Type": "Gather",
          "Parent Relationship": "Outer",
          "Parallel Aware": false,
          "Startup Cost": 71254.93,
          "Total Cost": 71255.24,
          "Plan Rows": 3,
          "Plan Width": 8,
          "Actual Startup Time": 155.54,
          "Actual Total Time": 173.626,
          "Actual Rows": 4,
          "Actual Loops": 1,
          "Workers Planned": 3,
          "Workers Launched": 3,
          "Single Copy": false,
          "Plans": [
            {
              "Node Type": "Aggregate",
              "Strategy": "Plain",
              "Partial Mode": "Partial",
              "Parent Relationship": "Outer",
              "Parallel Aware": false,
              "Startup Cost": 70254.93,
              "Total Cost": 70254.94,
              "Plan Rows": 1,
              "Plan Width": 8,
              "Actual Startup Time": 146.327,
              "Actual Total Time": 146.332,
              "Actual Rows": 1,
              "Actual Loops": 4,
              "Plans": [
                {
                  "Node Type": "Hash Join",
                  "Parent Relationship": "Outer",
                  "Parallel Aware": true,
                  "Join Type": "Inner",
                  "Startup Cost": 45515.51,
                  "Total Cost": 70252.66,
                  "Plan Rows": 906,
                  "Plan Width": 0,
                  "Actual Startup Time": 117.855,
                  "Actual Total Time": 146.261,
                  "Actual Rows": 534,
                  "Actual Loops": 4,
                  "Inner Unique": true,
                  "Hash Cond": "(mk.movie_id = t.id)",
                  "Plans": [
                    {
                      "Node Type": "Bitmap Heap Scan",
                      "Parent Relationship": "Outer",
                      "Parallel Aware": true,
                      "Relation Name": "movie_keyword",
                      "Alias": "mk",
                      "Startup Cost": 1234.2,
                      "Total Cost": 25922.2,
                      "Plan Rows": 18721,
                      "Plan Width": 4,
                      "Actual Startup Time": 8.559,
                      "Actual Total Time": 32.22,
                      "Actual Rows": 13706,
                      "Actual Loops": 4,
                      "Recheck Cond": "(keyword_id < 55)",
                      "Rows Removed by Index Recheck": 0,
                      "Exact Heap Blocks": 8490,
                      "Lossy Heap Blocks": 0,
                      "Plans": [
                        {
                          "Node Type": "Bitmap Index Scan",
                          "Parent Relationship": "Outer",
                          "Parallel Aware": false,
                          "Index Name": "keyword_id_movie_keyword",
                          "Startup Cost": 0.0,
                          "Total Cost": 1219.69,
                          "Plan Rows": 58034,
                          "Plan Width": 0,
                          "Actual Startup Time": 6.093,
                          "Actual Total Time": 6.094,
                          "Actual Rows": 54826,
                          "Actual Loops": 1,
                          "Index Cond": "(keyword_id < 55)"
                        }
                      ]
                    },
                    {
                      "Node Type": "Hash",
                      "Parent Relationship": "Inner",
                      "Parallel Aware": true,
                      "Startup Cost": 43898.92,
                      "Total Cost": 43898.92,
                      "Plan Rows": 30592,
                      "Plan Width": 4,
                      "Actual Startup Time": 107.418,
                      "Actual Total Time": 107.419,
                      "Actual Rows": 30715,
                      "Actual Loops": 4,
                      "Hash Buckets": 131072,
                      "Original Hash Buckets": 131072,
                      "Hash Batches": 1,
                      "Original Hash Batches": 1,
                      "Peak Memory Usage": 5888,
                      "Plans": [
                        {
                          "Node Type": "Seq Scan",
                          "Parent Relationship": "Outer",
                          "Parallel Aware": true,
                          "Relation Name": "title",
                          "Alias": "t",
                          "Startup Cost": 0.0,
                          "Total Cost": 43898.92,
                          "Plan Rows": 30592,
                          "Plan Width": 4,
                          "Actual Startup Time": 0.04,
                          "Actual Total Time": 95.334,
                          "Actual Rows": 30715,
                          "Actual Loops": 4,
                          "Filter": "(production_year = 2008)",
                          "Rows Removed by Filter": 601363
                        }
                      ]
                    }
                  ]
                }
              ]
            }
          ]
        }
      ]
    },
    "Planning Time": 0.604,
    "Triggers": [],
    "Execution Time": 173.719
  }
]