{
  "Plan": {
    "Node Type": "Aggregate",
    "Strategy": "Plain",
    "Partial Mode": "Finalize",
    "Parallel Aware": false,
    "Startup Cost": 685974.95,
    "Total Cost": 685974.96,
    "Plan Rows": 1,
    "Plan Width": 8,
    "Actual Startup Time": 5962.643,
    "Actual Total Time": 6035.156,
    "Actual Rows": 1,
    "Actual Loops": 1,
    "Plans": [
      {
        "Node Type": "Gather",
        "Parent Relationship": "Outer",
        "Parallel Aware": false,
        "Startup Cost": 685974.84,
        "Total Cost": 685974.95,
        "Plan Rows": 1,
        "Plan Width": 8,
        "Actual Startup Time": 5956.306,
        "Actual Total Time": 6035.144,
        "Actual Rows": 2,
        "Actual Loops": 1,
        "Workers Planned": 1,
        "Workers Launched": 1,
        "Single Copy": false,
        "Plans": [
          {
            "Node Type": "Aggregate",
            "Strategy": "Plain",
            "Partial Mode": "Partial",
            "Parent Relationship": "Outer",
            "Parallel Aware": false,
            "Startup Cost": 684974.84,
            "Total Cost": 684974.85,
            "Plan Rows": 1,
            "Plan Width": 8,
            "Actual Startup Time": 5952.31,
            "Actual Total Time": 5952.575,
            "Actual Rows": 1,
            "Actual Loops": 2,
            "Plans": [
              {
                "Node Type": "Hash Join",
                "Parent Relationship": "Outer",
                "Parallel Aware": true,
                "Join Type": "Inner",
                "Startup Cost": 109630.34,
                "Total Cost": 676135.78,
                "Plan Rows": 3535623,
                "Plan Width": 0,
                "Actual Startup Time": 755.211,
                "Actual Total Time": 5547.196,
                "Actual Rows": 9879327,
                "Actual Loops": 2,
                "Inner Unique": false,
                "Hash Cond": "(ci.movie_id = t.id)",
                "Plans": [
                  {
                    "Node Type": "Seq Scan",
                    "Parent Relationship": "Outer",
                    "Parallel Aware": true,
                    "Relation Name": "cast_info",
                    "Alias": "ci",
                    "Startup Cost": 0.0,
                    "Total Cost": 465792.95,
                    "Plan Rows": 21310595,
                    "Plan Width": 4,
                    "Actual Startup Time": 0.015,
                    "Actual Total Time": 1382.038,
                    "Actual Rows": 18122172,
                    "Actual Loops": 2
                  },
                  {
                    "Node Type": "Hash",
                    "Parent Relationship": "Inner",
                    "Parallel Aware": true,
                    "Startup Cost": 106546.02,
                    "Total Cost": 106546.02,
                    "Plan Rows": 246745,
                    "Plan Width": 8,
                    "Actual Startup Time": 749.703,
                    "Actual Total Time": 749.966,
                    "Actual Rows": 203537,
                    "Actual Loops": 2,
                    "Hash Buckets": 524288,
                    "Original Hash Buckets": 524288,
                    "Hash Batches": 1,
                    "Original Hash Batches": 1,
                    "Peak Memory Usage": 20064,
                    "Plans": [
                      {
                        "Node Type": "Hash Join",
                        "Parent Relationship": "Outer",
                        "Parallel Aware": true,
                        "Join Type": "Inner",
                        "Startup Cost": 78360.0,
                        "Total Cost": 106546.02,
                        "Plan Rows": 246745,
                        "Plan Width": 8,
                        "Actual Startup Time": 586.447,
                        "Actual Total Time": 706.551,
                        "Actual Rows": 203537,
                        "Actual Loops": 2,
                        "Inner Unique": true,
                        "Hash Cond": "(mk.movie_id = t.id)",
                        "Plans": [
                          {
                            "Node Type": "Bitmap Heap Scan",
                            "Parent Relationship": "Outer",
                            "Parallel Aware": true,
                            "Relation Name": "movie_keyword",
                            "Alias": "mk",
                            "Startup Cost": 8899.3,
                            "Total Cost": 36437.62,
                            "Plan Rows": 246745,
                            "Plan Width": 4,
                            "Actual Startup Time": 27.164,
                            "Actual Total Time": 86.922,
                            "Actual Rows": 203537,
                            "Actual Loops": 2,
                            "Recheck Cond": "(keyword_id > 42529)",
                            "Rows Removed by Index Recheck": 0,
                            "Exact Heap Blocks": 11571,
                            "Lossy Heap Blocks": 0,
                            "Plans": [
                              {
                                "Node Type": "Bitmap Index Scan",
                                "Parent Relationship": "Outer",
                                "Parallel Aware": false,
                                "Index Name": "keyword_id_movie_keyword",
                                "Startup Cost": 0.0,
                                "Total Cost": 8794.44,
                                "Plan Rows": 419467,
                                "Plan Width": 0,
                                "Actual Startup Time": 23.825,
                                "Actual Total Time": 23.826,
                                "Actual Rows": 407074,
                                "Actual Loops": 1,
                                "Index Cond": "(keyword_id > 42529)"
                              }
                            ]
                          },
                          {
                            "Node Type": "Hash",
                            "Parent Relationship": "Inner",
                            "Parallel Aware": true,
                            "Startup Cost": 50870.31,
                            "Total Cost": 50870.31,
                            "Plan Rows": 1487231,
                            "Plan Width": 4,
                            "Actual Startup Time": 541.778,
                            "Actual Total Time": 541.778,
                            "Actual Rows": 1264156,
                            "Actual Loops": 2,
                            "Hash Buckets": 4194304,
                            "Original Hash Buckets": 4194304,
                            "Hash Batches": 1,
                            "Original Hash Batches": 1,
                            "Peak Memory Usage": 131712,
                            "Plans": [
                              {
                                "Node Type": "Seq Scan",
                                "Parent Relationship": "Outer",
                                "Parallel Aware": true,
                                "Relation Name": "title",
                                "Alias": "t",
                                "Startup Cost": 0.0,
                                "Total Cost": 50870.31,
                                "Plan Rows": 1487231,
                                "Plan Width": 4,
                                "Actual Startup Time": 0.026,
                                "Actual Total Time": 152.537,
                                "Actual Rows": 1264156,
                                "Actual Loops": 2
                              }
                            ]
                          }
                        ]
                      }
                    ]
                  }
                ]
              }
            ]
          }
        ]
      }
    ]
  },
  "Planning Time": 1.129,
  "Triggers": [],
  "Execution Time": 6035.277
}