[
  {
    "Plan": {
      "Node Type": "Aggregate",
      "Strategy": "Plain",
      "Partial Mode": "Finalize",
      "Parallel Aware": false,
      "Startup Cost": 329753.6,
      "Total Cost": 329753.61,
      "Plan Rows": 1,
      "Plan Width": 8,
      "Actual Startup Time": 340.636,
      "Actual Total Time": 387.169,
      "Actual Rows": 1,
      "Actual Loops": 1,
      "Plans": [
        {
          "Node Type": "Gather",
          "Parent Relationship": "Outer",
          "Parallel Aware": false,
          "Startup Cost": 329753.18,
          "Total Cost": 329753.59,
          "Plan Rows": 4,
          "Plan Width": 8,
          "Actual Startup Time": 340.376,
          "Actual Total Time": 387.16,
          "Actual Rows": 5,
          "Actual Loops": 1,
          "Workers Planned": 4,
          "Workers Launched": 4,
          "Single Copy": false,
          "Plans": [
            {
              "Node Type": "Aggregate",
              "Strategy": "Plain",
              "Partial Mode": "Partial",
              "Parent Relationship": "Outer",
              "Parallel Aware": false,
              "Startup Cost": 328753.18,
              "Total Cost": 328753.19,
              "Plan Rows": 1,
              "Plan Width": 8,
              "Actual Startup Time": 334.119,
              "Actual Total Time": 334.121,
              "Actual Rows": 1,
              "Actual Loops": 5,
              "Plans": [
                {
                  "Node Type": "Nested Loop",
                  "Parent Relationship": "Outer",
                  "Parallel Aware": false,
                  "Join Type": "Inner",
                  "Startup Cost": 0.56,
                  "Total Cost": 328594.29,
                  "Plan Rows": 63554,
                  "Plan Width": 0,
                  "Actual Startup Time": 48.824,
                  "Actual Total Time": 329.108,
                  "Actual Rows": 66076,
                  "Actual Loops": 5,
                  "Inner Unique": false,
                  "Plans": [
                    {
                      "Node Type": "Seq Scan",
                      "Parent Relationship": "Outer",
                      "Parallel Aware": true,
                      "Relation Name": "title",
                      "Alias": "t",
                      "Startup Cost": 0.0,
                      "Total Cost": 45479.59,
                      "Plan Rows": 5862,
                      "Plan Width": 4,
                      "Actual Startup Time": 48.699,
                      "Actual Total Time": 78.817,
                      "Actual Rows": 18579,
                      "Actual Loops": 5,
                      "Filter": "((production_year < 1922) AND (kind_id = 1))",
                      "Rows Removed by Filter": 487083
                    },
                    {
                      "Node Type": "Index Scan",
                      "Parent Relationship": "Inner",
                      "Parallel Aware": false,
                      "Scan Direction": "Forward",
                      "Index Name": "movie_id_cast_info",
                      "Relation Name": "cast_info",
                      "Alias": "ci",
                      "Startup Cost": 0.56,
                      "Total Cost": 48.04,
                      "Plan Rows": 26,
                      "Plan Width": 4,
                      "Actual Startup Time": 0.006,
                      "Actual Total Time": 0.013,
                      "Actual Rows": 4,
                      "Actual Loops": 92897,
                      "Index Cond": "(movie_id = t.id)",
                      "Rows Removed by Index Recheck": 0,
                      "Filter": "(person_id < 2818292)",
                      "Rows Removed by Filter": 1
                    }
                  ]
                }
              ]
            }
          ]
        }
      ]
    },
    "Planning Time": 0.271,
    "Triggers": [],
    "Execution Time": 387.224
  }
]