[
  {
    "Plan": {
      "Node Type": "Aggregate",
      "Strategy": "Plain",
      "Partial Mode": "Finalize",
      "Parallel Aware": false,
      "Startup Cost": 351121.68,
      "Total Cost": 351121.7,
      "Plan Rows": 1,
      "Plan Width": 8,
      "Actual Startup Time": 802.279,
      "Actual Total Time": 862.024,
      "Actual Rows": 1,
      "Actual Loops": 1,
      "Plans": [
        {
          "Node Type": "Gather",
          "Parent Relationship": "Outer",
          "Parallel Aware": false,
          "Startup Cost": 351121.06,
          "Total Cost": 351121.67,
          "Plan Rows": 6,
          "Plan Width": 8,
          "Actual Startup Time": 802.124,
          "Actual Total Time": 862.009,
          "Actual Rows": 7,
          "Actual Loops": 1,
          "Workers Planned": 6,
          "Workers Launched": 6,
          "Single Copy": false,
          "Plans": [
            {
              "Node Type": "Aggregate",
              "Strategy": "Plain",
              "Partial Mode": "Partial",
              "Parent Relationship": "Outer",
              "Parallel Aware": false,
              "Startup Cost": 350121.06,
              "Total Cost": 350121.07,
              "Plan Rows": 1,
              "Plan Width": 8,
              "Actual Startup Time": 795.037,
              "Actual Total Time": 795.039,
              "Actual Rows": 1,
              "Actual Loops": 7,
              "Plans": [
                {
                  "Node Type": "Seq Scan",
                  "Parent Relationship": "Outer",
                  "Parallel Aware": true,
                  "Relation Name": "cast_info",
                  "Alias": "ci",
                  "Startup Cost": 0.0,
                  "Total Cost": 343316.27,
                  "Plan Rows": 2721916,
                  "Plan Width": 0,
                  "Actual Startup Time": 237.013,
                  "Actual Total Time": 704.187,
                  "Actual Rows": 1797172,
                  "Actual Loops": 7,
                  "Filter": "((person_id < 2605114) AND (role_id > 1))",
                  "Rows Removed by Filter": 3380591
                }
              ]
            }
          ]
        }
      ]
    },
    "Planning Time": 0.128,
    "Triggers": [],
    "Execution Time": 862.076
  }
]