[
  {
    "Plan": {
      "Node Type": "Aggregate",
      "Strategy": "Plain",
      "Partial Mode": "Finalize",
      "Parallel Aware": false,
      "Startup Cost": 343566.0,
      "Total Cost": 343566.01,
      "Plan Rows": 1,
      "Plan Width": 8,
      "Actual Startup Time": 888.892,
      "Actual Total Time": 933.249,
      "Actual Rows": 1,
      "Actual Loops": 1,
      "Plans": [
        {
          "Node Type": "Gather",
          "Parent Relationship": "Outer",
          "Parallel Aware": false,
          "Startup Cost": 343565.37,
          "Total Cost": 343565.98,
          "Plan Rows": 6,
          "Plan Width": 8,
          "Actual Startup Time": 888.737,
          "Actual Total Time": 933.237,
          "Actual Rows": 7,
          "Actual Loops": 1,
          "Workers Planned": 6,
          "Workers Launched": 6,
          "Single Copy": false,
          "Plans": [
            {
              "Node Type": "Aggregate",
              "Strategy": "Plain",
              "Partial Mode": "Partial",
              "Parent Relationship": "Outer",
              "Parallel Aware": false,
              "Startup Cost": 342565.37,
              "Total Cost": 342565.38,
              "Plan Rows": 1,
              "Plan Width": 8,
              "Actual Startup Time": 881.16,
              "Actual Total Time": 881.162,
              "Actual Rows": 1,
              "Actual Loops": 7,
              "Plans": [
                {
                  "Node Type": "Seq Scan",
                  "Parent Relationship": "Outer",
                  "Parallel Aware": true,
                  "Relation Name": "cast_info",
                  "Alias": "ci",
                  "Startup Cost": 0.0,
                  "Total Cost": 328211.39,
                  "Plan Rows": 5741593,
                  "Plan Width": 0,
                  "Actual Startup Time": 0.048,
                  "Actual Total Time": 645.63,
                  "Actual Rows": 4931477,
                  "Actual Loops": 7,
                  "Filter": "(person_id < 3720425)",
                  "Rows Removed by Filter": 246286
                }
              ]
            }
          ]
        }
      ]
    },
    "Planning Time": 0.207,
    "Triggers": [],
    "Execution Time": 933.317
  }
]