{
  "Plan": {
    "Node Type": "Aggregate",
    "Strategy": "Plain",
    "Partial Mode": "Simple",
    "Parallel Aware": false,
    "Startup Cost": 4396486.25,
    "Total Cost": 4396486.26,
    "Plan Rows": 1,
    "Plan Width": 64,
    "Actual Startup Time": 6617.467,
    "Actual Total Time": 6640.668,
    "Actual Rows": 1,
    "Actual Loops": 1,
    "Plans": [
      {
        "Node Type": "Merge Join",
        "Parent Relationship": "Outer",
        "Parallel Aware": false,
        "Join Type": "Inner",
        "Startup Cost": 4183965.25,
        "Total Cost": 4361122.31,
        "Plan Rows": 7072789,
        "Plan Width": 33,
        "Actual Startup Time": 6241.251,
        "Actual Total Time": 6613.334,
        "Actual Rows": 323005,
        "Actual Loops": 1,
        "Inner Unique": false,
        "Merge Cond": "(cn.id = mc.company_id)",
        "Plans": [
          {
            "Node Type": "Index Scan",
            "Parent Relationship": "Outer",
            "Parallel Aware": false,
            "Scan Direction": "Forward",
            "Index Name": "company_name_pkey",
            "Relation Name": "company_name",
            "Alias": "cn",
            "Startup Cost": 0.42,
            "Total Cost": 12469.43,
            "Plan Rows": 85931,
            "Plan Width": 4,
            "Actual Startup Time": 0.02,
            "Actual Total Time": 141.774,
            "Actual Rows": 84843,
            "Actual Loops": 1,
            "Filter": "((country_code)::text = '[us]'::text)",
            "Rows Removed by Filter": 150154
          },
          {
            "Node Type": "Sort",
            "Parent Relationship": "Inner",
            "Parallel Aware": false,
            "Startup Cost": 4181007.74,
            "Total Cost": 4229362.94,
            "Plan Rows": 19342079,
            "Plan Width": 37,
            "Actual Startup Time": 6241.218,
            "Actual Total Time": 6375.592,
            "Actual Rows": 752819,
            "Actual Loops": 1,
            "Sort Key": [
              "mc.company_id"
            ],
            "Sort Method": "quicksort",
            "Sort Space Used": 91641,
            "Sort Space Type": "Memory",
            "Plans": [
              {
                "Node Type": "Hash Join",
                "Parent Relationship": "Outer",
                "Parallel Aware": false,
                "Join Type": "Inner",
                "Startup Cost": 1572454.69,
                "Total Cost": 1840109.46,
                "Plan Rows": 19342079,
                "Plan Width": 37,
                "Actual Startup Time": 5075.763,
                "Actual Total Time": 6018.113,
                "Actual Rows": 752819,
                "Actual Loops": 1,
                "Inner Unique": false,
                "Hash Cond": "(mc.movie_id = ci.movie_id)",
                "Plans": [
                  {
                    "Node Type": "Seq Scan",
                    "Parent Relationship": "Outer",
                    "Parallel Aware": false,
                    "Relation Name": "movie_companies",
                    "Alias": "mc",
                    "Startup Cost": 0.0,
                    "Total Cost": 44881.29,
                    "Plan Rows": 2609129,
                    "Plan Width": 8,
                    "Actual Startup Time": 0.024,
                    "Actual Total Time": 310.223,
                    "Actual Rows": 2609129,
                    "Actual Loops": 1
                  },
                  {
                    "Node Type": "Hash",
                    "Parent Relationship": "Inner",
                    "Parallel Aware": false,
                    "Startup Cost": 1482585.84,
                    "Total Cost": 1482585.84,
                    "Plan Rows": 7189508,
                    "Plan Width": 41,
                    "Actual Startup Time": 5019.438,
                    "Actual Total Time": 5042.633,
                    "Actual Rows": 218966,
                    "Actual Loops": 1,
                    "Hash Buckets": 8388608,
                    "Original Hash Buckets": 8388608,
                    "Hash Batches": 1,
                    "Original Hash Batches": 1,
                    "Peak Memory Usage": 81990,
                    "Plans": [
                      {
                        "Node Type": "Merge Join",
                        "Parent Relationship": "Outer",
                        "Parallel Aware": false,
                        "Join Type": "Inner",
                        "Startup Cost": 1014502.98,
                        "Total Cost": 1482585.84,
                        "Plan Rows": 7189508,
                        "Plan Width": 41,
                        "Actual Startup Time": 2116.504,
                        "Actual Total Time": 4951.964,
                        "Actual Rows": 218966,
                        "Actual Loops": 1,
                        "Inner Unique": false,
                        "Merge Cond": "(n1.id = an1.person_id)",
                        "Plans": [
                          {
                            "Node Type": "Index Only Scan",
                            "Parent Relationship": "Outer",
                            "Parallel Aware": false,
                            "Scan Direction": "Forward",
                            "Index Name": "name_pkey",
                            "Relation Name": "name",
                            "Alias": "n1",
                            "Startup Cost": 0.43,
                            "Total Cost": 178171.22,
                            "Plan Rows": 4167377,
                            "Plan Width": 4,
                            "Actual Startup Time": 0.06,
                            "Actual Total Time": 1956.793,
                            "Actual Rows": 3441912,
                            "Actual Loops": 1,
                            "Heap Fetches": 3441912
                          },
                          {
                            "Node Type": "Materialize",
                            "Parent Relationship": "Inner",
                            "Parallel Aware": false,
                            "Startup Cost": 1014491.24,
                            "Total Cost": 1204130.49,
                            "Plan Rows": 7189508,
                            "Plan Width": 49,
                            "Actual Startup Time": 2115.714,
                            "Actual Total Time": 2763.353,
                            "Actual Rows": 218966,
                            "Actual Loops": 1,
                            "Plans": [
                              {
                                "Node Type": "Merge Join",
                                "Parent Relationship": "Outer",
                                "Parallel Aware": false,
                                "Join Type": "Inner",
                                "Startup Cost": 1014491.24,
                                "Total Cost": 1186156.72,
                                "Plan Rows": 7189508,
                                "Plan Width": 49,
                                "Actual Startup Time": 2115.702,
                                "Actual Total Time": 2695.185,
                                "Actual Rows": 218966,
                                "Actual Loops": 1,
                                "Inner Unique": false,
                                "Merge Cond": "(an1.person_id = ci.person_id)",
                                "Plans": [
                                  {
                                    "Node Type": "Index Scan",
                                    "Parent Relationship": "Outer",
                                    "Parallel Aware": false,
                                    "Scan Direction": "Forward",
                                    "Index Name": "person_id_aka_name",
                                    "Relation Name": "aka_name",
                                    "Alias": "an1",
                                    "Startup Cost": 0.42,
                                    "Total Cost": 72027.93,
                                    "Plan Rows": 901343,
                                    "Plan Width": 20,
                                    "Actual Startup Time": 0.024,
                                    "Actual Total Time": 427.442,
                                    "Actual Rows": 688852,
                                    "Actual Loops": 1
                                  },
                                  {
                                    "Node Type": "Sort",
                                    "Parent Relationship": "Inner",
                                    "Parallel Aware": false,
                                    "Startup Cost": 1014489.18,
                                    "Total Cost": 1022042.89,
                                    "Plan Rows": 3021485,
                                    "Plan Width": 29,
                                    "Actual Startup Time": 2115.571,
                                    "Actual Total Time": 2169.707,
                                    "Actual Rows": 381708,
                                    "Actual Loops": 1,
                                    "Sort Key": [
                                      "ci.person_id"
                                    ],
                                    "Sort Method": "quicksort",
                                    "Sort Space Used": 34404,
                                    "Sort Space Type": "Memory",
                                    "Plans": [
                                      {
                                        "Node Type": "Gather",
                                        "Parent Relationship": "Outer",
                                        "Parallel Aware": false,
                                        "Startup Cost": 51222.02,
                                        "Total Cost": 689274.27,
                                        "Plan Rows": 3021485,
                                        "Plan Width": 29,
                                        "Actual Startup Time": 1635.192,
                                        "Actual Total Time": 2053.067,
                                        "Actual Rows": 276403,
                                        "Actual Loops": 1,
                                        "Workers Planned": 6,
                                        "Workers Launched": 6,
                                        "Single Copy": false,
                                        "Plans": [
                                          {
                                            "Node Type": "Hash Join",
                                            "Parent Relationship": "Outer",
                                            "Parallel Aware": true,
                                            "Join Type": "Inner",
                                            "Startup Cost": 50222.02,
                                            "Total Cost": 386125.77,
                                            "Plan Rows": 503581,
                                            "Plan Width": 29,
                                            "Actual Startup Time": 1614.785,
                                            "Actual Total Time": 1979.761,
                                            "Actual Rows": 39486,
                                            "Actual Loops": 7,
                                            "Inner Unique": true,
                                            "Hash Cond": "(ci.movie_id = t.id)",
                                            "Plans": [
                                              {
                                                "Node Type": "Hash Join",
                                                "Parent Relationship": "Outer",
                                                "Parallel Aware": false,
                                                "Join Type": "Inner",
                                                "Startup Cost": 1.16,
                                                "Total Cost": 334583.01,
                                                "Plan Rows": 503581,
                                                "Plan Width": 8,
                                                "Actual Startup Time": 1194.027,
                                                "Actual Total Time": 1520.642,
                                                "Actual Rows": 39486,
                                                "Actual Loops": 7,
                                                "Inner Unique": true,
                                                "Hash Cond": "(ci.role_id = rt.id)",
                                                "Plans": [
                                                  {
                                                    "Node Type": "Seq Scan",
                                                    "Parent Relationship": "Outer",
                                                    "Parallel Aware": true,
                                                    "Relation Name": "cast_info",
                                                    "Alias": "ci",
                                                    "Startup Cost": 0.0,
                                                    "Total Cost": 313116.71,
                                                    "Plan Rows": 6042971,
                                                    "Plan Width": 12,
                                                    "Actual Startup Time": 0.036,
                                                    "Actual Total Time": 941.651,
                                                    "Actual Rows": 5177763,
                                                    "Actual Loops": 7
                                                  },
                                                  {
                                                    "Node Type": "Hash",
                                                    "Parent Relationship": "Inner",
                                                    "Parallel Aware": false,
                                                    "Startup Cost": 1.15,
                                                    "Total Cost": 1.15,
                                                    "Plan Rows": 1,
                                                    "Plan Width": 4,
                                                    "Actual Startup Time": 0.094,
                                                    "Actual Total Time": 0.095,
                                                    "Actual Rows": 1,
                                                    "Actual Loops": 7,
                                                    "Hash Buckets": 1024,
                                                    "Original Hash Buckets": 1024,
                                                    "Hash Batches": 1,
                                                    "Original Hash Batches": 1,
                                                    "Peak Memory Usage": 9,
                                                    "Plans": [
                                                      {
                                                        "Node Type": "Seq Scan",
                                                        "Parent Relationship": "Outer",
                                                        "Parallel Aware": false,
                                                        "Relation Name": "role_type",
                                                        "Alias": "rt",
                                                        "Startup Cost": 0.0,
                                                        "Total Cost": 1.15,
                                                        "Plan Rows": 1,
                                                        "Plan Width": 4,
                                                        "Actual Startup Time": 0.081,
                                                        "Actual Total Time": 0.083,
                                                        "Actual Rows": 1,
                                                        "Actual Loops": 7,
                                                        "Filter": "((role)::text = 'costume designer'::text)",
                                                        "Rows Removed by Filter": 11
                                                      }
                                                    ]
                                                  }
                                                ]
                                              },
                                              {
                                                "Node Type": "Hash",
                                                "Parent Relationship": "Inner",
                                                "Parallel Aware": true,
                                                "Startup Cost": 42319.27,
                                                "Total Cost": 42319.27,
                                                "Plan Rows": 632127,
                                                "Plan Width": 21,
                                                "Actual Startup Time": 413.346,
                                                "Actual Total Time": 413.348,
                                                "Actual Rows": 361187,
                                                "Actual Loops": 7,
                                                "Hash Buckets": 4194304,
                                                "Original Hash Buckets": 4194304,
                                                "Hash Batches": 1,
                                                "Original Hash Batches": 1,
                                                "Peak Memory Usage": 174848,
                                                "Plans": [
                                                  {
                                                    "Node Type": "Seq Scan",
                                                    "Parent Relationship": "Outer",
                                                    "Parallel Aware": true,
                                                    "Relation Name": "title",
                                                    "Alias": "t",
                                                    "Startup Cost": 0.0,
                                                    "Total Cost": 42319.27,
                                                    "Plan Rows": 632127,
                                                    "Plan Width": 21,
                                                    "Actual Startup Time": 0.09,
                                                    "Actual Total Time": 134.618,
                                                    "Actual Rows": 361187,
                                                    "Actual Loops": 7
                                                  }
                                                ]
                                              }
                                            ]
                                          }
                                        ]
                                      }
                                    ]
                                  }
                                ]
                              }
                            ]
                          }
                        ]
                      }
                    ]
                  }
                ]
              }
            ]
          }
        ]
      }
    ]
  },
  "Planning Time": 12.097,
  "Triggers": [],
  "Execution Time": 6656.616
}