[
  {
    "Plan": {
      "Node Type": "Aggregate",
      "Strategy": "Plain",
      "Partial Mode": "Finalize",
      "Parallel Aware": false,
      "Startup Cost": 31604.61,
      "Total Cost": 31604.62,
      "Plan Rows": 1,
      "Plan Width": 8,
      "Actual Startup Time": 109.87,
      "Actual Total Time": 118.207,
      "Actual Rows": 1,
      "Actual Loops": 1,
      "Plans": [
        {
          "Node Type": "Gather",
          "Parent Relationship": "Outer",
          "Parallel Aware": false,
          "Startup Cost": 31604.29,
          "Total Cost": 31604.6,
          "Plan Rows": 3,
          "Plan Width": 8,
          "Actual Startup Time": 109.753,
          "Actual Total Time": 118.199,
          "Actual Rows": 4,
          "Actual Loops": 1,
          "Workers Planned": 3,
          "Workers Launched": 3,
          "Single Copy": false,
          "Plans": [
            {
              "Node Type": "Aggregate",
              "Strategy": "Plain",
              "Partial Mode": "Partial",
              "Parent Relationship": "Outer",
              "Parallel Aware": false,
              "Startup Cost": 30604.29,
              "Total Cost": 30604.3,
              "Plan Rows": 1,
              "Plan Width": 8,
              "Actual Startup Time": 101.129,
              "Actual Total Time": 101.13,
              "Actual Rows": 1,
              "Actual Loops": 4,
              "Plans": [
                {
                  "Node Type": "Seq Scan",
                  "Parent Relationship": "Outer",
                  "Parallel Aware": true,
                  "Relation Name": "movie_companies",
                  "Alias": "mc",
                  "Startup Cost": 0.0,
                  "Total Cost": 29310.68,
                  "Plan Rows": 517443,
                  "Plan Width": 0,
                  "Actual Startup Time": 0.047,
                  "Actual Total Time": 79.392,
                  "Actual Rows": 398030,
                  "Actual Loops": 4,
                  "Filter": "(company_id < 16138)",
                  "Rows Removed by Filter": 254253
                }
              ]
            }
          ]
        }
      ]
    },
    "Planning Time": 0.192,
    "Triggers": [],
    "Execution Time": 118.265
  }
]