[
  {
    "Plan": {
      "Node Type": "Aggregate",
      "Strategy": "Plain",
      "Partial Mode": "Finalize",
      "Parallel Aware": false,
      "Startup Cost": 340712.17,
      "Total Cost": 340712.18,
      "Plan Rows": 1,
      "Plan Width": 8,
      "Actual Startup Time": 801.657,
      "Actual Total Time": 845.94,
      "Actual Rows": 1,
      "Actual Loops": 1,
      "Plans": [
        {
          "Node Type": "Gather",
          "Parent Relationship": "Outer",
          "Parallel Aware": false,
          "Startup Cost": 340711.55,
          "Total Cost": 340712.16,
          "Plan Rows": 6,
          "Plan Width": 8,
          "Actual Startup Time": 801.484,
          "Actual Total Time": 845.925,
          "Actual Rows": 7,
          "Actual Loops": 1,
          "Workers Planned": 6,
          "Workers Launched": 6,
          "Single Copy": false,
          "Plans": [
            {
              "Node Type": "Aggregate",
              "Strategy": "Plain",
              "Partial Mode": "Partial",
              "Parent Relationship": "Outer",
              "Parallel Aware": false,
              "Startup Cost": 339711.55,
              "Total Cost": 339711.56,
              "Plan Rows": 1,
              "Plan Width": 8,
              "Actual Startup Time": 793.845,
              "Actual Total Time": 793.846,
              "Actual Rows": 1,
              "Actual Loops": 7,
              "Plans": [
                {
                  "Node Type": "Seq Scan",
                  "Parent Relationship": "Outer",
                  "Parallel Aware": true,
                  "Relation Name": "cast_info",
                  "Alias": "ci",
                  "Startup Cost": 0.0,
                  "Total Cost": 328211.39,
                  "Plan Rows": 4600063,
                  "Plan Width": 0,
                  "Actual Startup Time": 0.054,
                  "Actual Total Time": 607.341,
                  "Actual Rows": 3955946,
                  "Actual Loops": 7,
                  "Filter": "(person_id < 2831965)",
                  "Rows Removed by Filter": 1221818
                }
              ]
            }
          ]
        }
      ]
    },
    "Planning Time": 0.196,
    "Triggers": [],
    "Execution Time": 846.014
  }
]