{
    "Plan": {
        "Node Type": "Aggregate",
        "Strategy": "Plain",
        "Partial Mode": "Finalize",
        "Parallel Aware": false,
        "Startup Cost": 405102.15,
        "Total Cost": 405102.16,
        "Plan Rows": 1,
        "Plan Width": 8,
        "Actual Startup Time": 1565.106,
        "Actual Total Time": 1617.916,
        "Actual Rows": 1,
        "Actual Loops": 1,
        "Output": [
            "count(*)"
        ],
        "Plans": [
            {
                "Node Type": "Gather",
                "Parent Relationship": "Outer",
                "Parallel Aware": false,
                "Startup Cost": 405101.52,
                "Total Cost": 405102.13,
                "Plan Rows": 6,
                "Plan Width": 8,
                "Actual Startup Time": 1539.528,
                "Actual Total Time": 1617.902,
                "Actual Rows": 7,
                "Actual Loops": 1,
                "Output": [
                    "(PARTIAL count(*))"
                ],
                "Workers Planned": 6,
                "Workers Launched": 6,
                "Single Copy": false,
                "Plans": [
                    {
                        "Node Type": "Aggregate",
                        "Strategy": "Plain",
                        "Partial Mode": "Partial",
                        "Parent Relationship": "Outer",
                        "Parallel Aware": false,
                        "Startup Cost": 404101.52,
                        "Total Cost": 404101.53,
                        "Plan Rows": 1,
                        "Plan Width": 8,
                        "Actual Startup Time": 1516.813,
                        "Actual Total Time": 1516.816,
                        "Actual Rows": 1,
                        "Actual Loops": 7,
                        "Output": [
                            "PARTIAL count(*)"
                        ],
                        "Workers": [
                            {
                                "Worker Number": 0,
                                "Actual Startup Time": 1514.801,
                                "Actual Total Time": 1514.803,
                                "Actual Rows": 1,
                                "Actual Loops": 1
                            },
                            {
                                "Worker Number": 1,
                                "Actual Startup Time": 1512.76,
                                "Actual Total Time": 1512.764,
                                "Actual Rows": 1,
                                "Actual Loops": 1
                            },
                            {
                                "Worker Number": 2,
                                "Actual Startup Time": 1512.809,
                                "Actual Total Time": 1512.811,
                                "Actual Rows": 1,
                                "Actual Loops": 1
                            },
                            {
                                "Worker Number": 3,
                                "Actual Startup Time": 1512.864,
                                "Actual Total Time": 1512.867,
                                "Actual Rows": 1,
                                "Actual Loops": 1
                            },
                            {
                                "Worker Number": 4,
                                "Actual Startup Time": 1512.897,
                                "Actual Total Time": 1512.899,
                                "Actual Rows": 1,
                                "Actual Loops": 1
                            },
                            {
                                "Worker Number": 5,
                                "Actual Startup Time": 1512.982,
                                "Actual Total Time": 1512.985,
                                "Actual Rows": 1,
                                "Actual Loops": 1
                            }
                        ],
                        "Plans": [
                            {
                                "Node Type": "Hash Join",
                                "Parent Relationship": "Outer",
                                "Parallel Aware": true,
                                "Join Type": "Inner",
                                "Startup Cost": 50219.81,
                                "Total Cost": 398948.95,
                                "Plan Rows": 2061028,
                                "Plan Width": 0,
                                "Actual Startup Time": 525.567,
                                "Actual Total Time": 1467.541,
                                "Actual Rows": 903071,
                                "Actual Loops": 7,
                                "Inner Unique": true,
                                "Hash Cond": "(ci.movie_id = t.id)",
                                "Workers": [
                                    {
                                        "Worker Number": 0,
                                        "Actual Startup Time": 521.827,
                                        "Actual Total Time": 1461.2,
                                        "Actual Rows": 797345,
                                        "Actual Loops": 1
                                    },
                                    {
                                        "Worker Number": 1,
                                        "Actual Startup Time": 521.824,
                                        "Actual Total Time": 1459.334,
                                        "Actual Rows": 797366,
                                        "Actual Loops": 1
                                    },
                                    {
                                        "Worker Number": 2,
                                        "Actual Startup Time": 521.828,
                                        "Actual Total Time": 1458.578,
                                        "Actual Rows": 808680,
                                        "Actual Loops": 1
                                    },
                                    {
                                        "Worker Number": 3,
                                        "Actual Startup Time": 521.91,
                                        "Actual Total Time": 1462.672,
                                        "Actual Rows": 747829,
                                        "Actual Loops": 1
                                    },
                                    {
                                        "Worker Number": 4,
                                        "Actual Startup Time": 521.951,
                                        "Actual Total Time": 1467.535,
                                        "Actual Rows": 1094109,
                                        "Actual Loops": 1
                                    },
                                    {
                                        "Worker Number": 5,
                                        "Actual Startup Time": 521.999,
                                        "Actual Total Time": 1471.252,
                                        "Actual Rows": 999474,
                                        "Actual Loops": 1
                                    }
                                ],
                                "Plans": [
                                    {
                                        "Node Type": "Seq Scan",
                                        "Parent Relationship": "Outer",
                                        "Parallel Aware": true,
                                        "Relation Name": "cast_info",
                                        "Schema": "public",
                                        "Alias": "ci",
                                        "Startup Cost": 0.0,
                                        "Total Cost": 343318.94,
                                        "Plan Rows": 2061028,
                                        "Plan Width": 4,
                                        "Actual Startup Time": 241.536,
                                        "Actual Total Time": 689.268,
                                        "Actual Rows": 903071,
                                        "Actual Loops": 7,
                                        "Output": [
                                            "ci.id",
                                            "ci.person_id",
                                            "ci.movie_id",
                                            "ci.person_role_id",
                                            "ci.note",
                                            "ci.nr_order",
                                            "ci.role_id"
                                        ],
                                        "Filter": "((ci.person_id < 1895542) AND (ci.role_id > 1))",
                                        "Rows Removed by Filter": 4274692,
                                        "Workers": [
                                            {
                                                "Worker Number": 0,
                                                "Actual Startup Time": 241.517,
                                                "Actual Total Time": 708.063,
                                                "Actual Rows": 797345,
                                                "Actual Loops": 1
                                            },
                                            {
                                                "Worker Number": 1,
                                                "Actual Startup Time": 241.516,
                                                "Actual Total Time": 707.987,
                                                "Actual Rows": 797366,
                                                "Actual Loops": 1
                                            },
                                            {
                                                "Worker Number": 2,
                                                "Actual Startup Time": 241.546,
                                                "Actual Total Time": 710.379,
                                                "Actual Rows": 808680,
                                                "Actual Loops": 1
                                            },
                                            {
                                                "Worker Number": 3,
                                                "Actual Startup Time": 241.532,
                                                "Actual Total Time": 702.666,
                                                "Actual Rows": 747829,
                                                "Actual Loops": 1
                                            },
                                            {
                                                "Worker Number": 4,
                                                "Actual Startup Time": 241.528,
                                                "Actual Total Time": 680.444,
                                                "Actual Rows": 1094109,
                                                "Actual Loops": 1
                                            },
                                            {
                                                "Worker Number": 5,
                                                "Actual Startup Time": 241.613,
                                                "Actual Total Time": 674.682,
                                                "Actual Rows": 999474,
                                                "Actual Loops": 1
                                            }
                                        ]
                                    },
                                    {
                                        "Node Type": "Hash",
                                        "Parent Relationship": "Inner",
                                        "Parallel Aware": true,
                                        "Startup Cost": 42318.81,
                                        "Total Cost": 42318.81,
                                        "Plan Rows": 632080,
                                        "Plan Width": 4,
                                        "Actual Startup Time": 276.747,
                                        "Actual Total Time": 276.748,
                                        "Actual Rows": 361187,
                                        "Actual Loops": 7,
                                        "Output": [
                                            "t.id"
                                        ],
                                        "Hash Buckets": 4194304,
                                        "Original Hash Buckets": 4194304,
                                        "Hash Batches": 1,
                                        "Original Hash Batches": 1,
                                        "Peak Memory Usage": 131744,
                                        "Workers": [
                                            {
                                                "Worker Number": 0,
                                                "Actual Startup Time": 279.428,
                                                "Actual Total Time": 279.429,
                                                "Actual Rows": 315394,
                                                "Actual Loops": 1
                                            },
                                            {
                                                "Worker Number": 1,
                                                "Actual Startup Time": 279.393,
                                                "Actual Total Time": 279.394,
                                                "Actual Rows": 312831,
                                                "Actual Loops": 1
                                            },
                                            {
                                                "Worker Number": 2,
                                                "Actual Startup Time": 279.391,
                                                "Actual Total Time": 279.392,
                                                "Actual Rows": 319271,
                                                "Actual Loops": 1
                                            },
                                            {
                                                "Worker Number": 3,
                                                "Actual Startup Time": 279.471,
                                                "Actual Total Time": 279.472,
                                                "Actual Rows": 300019,
                                                "Actual Loops": 1
                                            },
                                            {
                                                "Worker Number": 4,
                                                "Actual Startup Time": 279.551,
                                                "Actual Total Time": 279.551,
                                                "Actual Rows": 409653,
                                                "Actual Loops": 1
                                            },
                                            {
                                                "Worker Number": 5,
                                                "Actual Startup Time": 279.751,
                                                "Actual Total Time": 279.752,
                                                "Actual Rows": 381170,
                                                "Actual Loops": 1
                                            }
                                        ],
                                        "Plans": [
                                            {
                                                "Node Type": "Seq Scan",
                                                "Parent Relationship": "Outer",
                                                "Parallel Aware": true,
                                                "Relation Name": "title",
                                                "Schema": "public",
                                                "Alias": "t",
                                                "Startup Cost": 0.0,
                                                "Total Cost": 42318.81,
                                                "Plan Rows": 632080,
                                                "Plan Width": 4,
                                                "Actual Startup Time": 0.058,
                                                "Actual Total Time": 78.658,
                                                "Actual Rows": 361187,
                                                "Actual Loops": 7,
                                                "Output": [
                                                    "t.id"
                                                ],
                                                "Workers": [
                                                    {
                                                        "Worker Number": 0,
                                                        "Actual Startup Time": 0.068,
                                                        "Actual Total Time": 83.124,
                                                        "Actual Rows": 315394,
                                                        "Actual Loops": 1
                                                    },
                                                    {
                                                        "Worker Number": 1,
                                                        "Actual Startup Time": 0.061,
                                                        "Actual Total Time": 82.06,
                                                        "Actual Rows": 312831,
                                                        "Actual Loops": 1
                                                    },
                                                    {
                                                        "Worker Number": 2,
                                                        "Actual Startup Time": 0.069,
                                                        "Actual Total Time": 83.012,
                                                        "Actual Rows": 319271,
                                                        "Actual Loops": 1
                                                    },
                                                    {
                                                        "Worker Number": 3,
                                                        "Actual Startup Time": 0.062,
                                                        "Actual Total Time": 83.115,
                                                        "Actual Rows": 300019,
                                                        "Actual Loops": 1
                                                    },
                                                    {
                                                        "Worker Number": 4,
                                                        "Actual Startup Time": 0.067,
                                                        "Actual Total Time": 77.98,
                                                        "Actual Rows": 409653,
                                                        "Actual Loops": 1
                                                    },
                                                    {
                                                        "Worker Number": 5,
                                                        "Actual Startup Time": 0.066,
                                                        "Actual Total Time": 78.438,
                                                        "Actual Rows": 381170,
                                                        "Actual Loops": 1
                                                    }
                                                ]
                                            }
                                        ]
                                    }
                                ]
                            }
                        ]
                    }
                ]
            }
        ]
    },
    "Planning Time": 0.743,
    "Triggers": [],
    "Execution Time": 1618.011
}