[
  {
    "Plan": {
      "Node Type": "Aggregate",
      "Strategy": "Plain",
      "Partial Mode": "Finalize",
      "Parallel Aware": false,
      "Startup Cost": 394774.77,
      "Total Cost": 394774.78,
      "Plan Rows": 1,
      "Plan Width": 8,
      "Actual Startup Time": 1118.409,
      "Actual Total Time": 1157.519,
      "Actual Rows": 1,
      "Actual Loops": 1,
      "Plans": [
        {
          "Node Type": "Gather",
          "Parent Relationship": "Outer",
          "Parallel Aware": false,
          "Startup Cost": 394774.15,
          "Total Cost": 394774.76,
          "Plan Rows": 6,
          "Plan Width": 8,
          "Actual Startup Time": 1110.885,
          "Actual Total Time": 1157.508,
          "Actual Rows": 7,
          "Actual Loops": 1,
          "Workers Planned": 6,
          "Workers Launched": 6,
          "Single Copy": false,
          "Plans": [
            {
              "Node Type": "Aggregate",
              "Strategy": "Plain",
              "Partial Mode": "Partial",
              "Parent Relationship": "Outer",
              "Parallel Aware": false,
              "Startup Cost": 393774.15,
              "Total Cost": 393774.16,
              "Plan Rows": 1,
              "Plan Width": 8,
              "Actual Startup Time": 1102.755,
              "Actual Total Time": 1102.758,
              "Actual Rows": 1,
              "Actual Loops": 7,
              "Plans": [
                {
                  "Node Type": "Hash Join",
                  "Parent Relationship": "Outer",
                  "Parallel Aware": true,
                  "Join Type": "Inner",
                  "Startup Cost": 46500.69,
                  "Total Cost": 392313.79,
                  "Plan Rows": 584142,
                  "Plan Width": 0,
                  "Actual Startup Time": 135.03,
                  "Actual Total Time": 1070.595,
                  "Actual Rows": 677748,
                  "Actual Loops": 7,
                  "Inner Unique": true,
                  "Hash Cond": "(ci.movie_id = t.id)",
                  "Plans": [
                    {
                      "Node Type": "Index Scan",
                      "Parent Relationship": "Outer",
                      "Parallel Aware": true,
                      "Scan Direction": "Forward",
                      "Index Name": "role_id_cast_info",
                      "Relation Name": "cast_info",
                      "Alias": "ci",
                      "Startup Cost": 0.56,
                      "Total Cost": 341155.22,
                      "Plan Rows": 1774643,
                      "Plan Width": 4,
                      "Actual Startup Time": 0.17,
                      "Actual Total Time": 414.359,
                      "Actual Rows": 1810098,
                      "Actual Loops": 7,
                      "Index Cond": "(role_id = 1)",
                      "Rows Removed by Index Recheck": 0,
                      "Filter": "(person_id < 3067636)",
                      "Rows Removed by Filter": 0
                    },
                    {
                      "Node Type": "Hash",
                      "Parent Relationship": "Inner",
                      "Parallel Aware": true,
                      "Startup Cost": 43899.32,
                      "Total Cost": 43899.32,
                      "Plan Rows": 208064,
                      "Plan Width": 4,
                      "Actual Startup Time": 132.583,
                      "Actual Total Time": 132.584,
                      "Actual Rows": 121306,
                      "Actual Loops": 7,
                      "Hash Buckets": 1048576,
                      "Original Hash Buckets": 1048576,
                      "Hash Batches": 1,
                      "Original Hash Batches": 1,
                      "Peak Memory Usage": 41536,
                      "Plans": [
                        {
                          "Node Type": "Seq Scan",
                          "Parent Relationship": "Outer",
                          "Parallel Aware": true,
                          "Relation Name": "title",
                          "Alias": "t",
                          "Startup Cost": 0.0,
                          "Total Cost": 43899.32,
                          "Plan Rows": 208064,
                          "Plan Width": 4,
                          "Actual Startup Time": 0.054,
                          "Actual Total Time": 75.684,
                          "Actual Rows": 121306,
                          "Actual Loops": 7,
                          "Filter": "(production_year < 1996)",
                          "Rows Removed by Filter": 239882
                        }
                      ]
                    }
                  ]
                }
              ]
            }
          ]
        }
      ]
    },
    "Planning Time": 0.26,
    "Triggers": [],
    "Execution Time": 1157.568
  }
]