{
  "Plan": {
    "Node Type": "Aggregate",
    "Strategy": "Plain",
    "Partial Mode": "Finalize",
    "Parallel Aware": false,
    "Startup Cost": 102431.06,
    "Total Cost": 102431.07,
    "Plan Rows": 1,
    "Plan Width": 8,
    "Actual Startup Time": 290.881,
    "Actual Total Time": 302.178,
    "Actual Rows": 1,
    "Actual Loops": 1,
    "Plans": [
      {
        "Node Type": "Gather",
        "Parent Relationship": "Outer",
        "Parallel Aware": false,
        "Startup Cost": 102430.95,
        "Total Cost": 102431.06,
        "Plan Rows": 1,
        "Plan Width": 8,
        "Actual Startup Time": 290.73,
        "Actual Total Time": 302.172,
        "Actual Rows": 2,
        "Actual Loops": 1,
        "Workers Planned": 1,
        "Workers Launched": 1,
        "Single Copy": false,
        "Plans": [
          {
            "Node Type": "Aggregate",
            "Strategy": "Plain",
            "Partial Mode": "Partial",
            "Parent Relationship": "Outer",
            "Parallel Aware": false,
            "Startup Cost": 101430.95,
            "Total Cost": 101430.96,
            "Plan Rows": 1,
            "Plan Width": 8,
            "Actual Startup Time": 284.906,
            "Actual Total Time": 284.909,
            "Actual Rows": 1,
            "Actual Loops": 2,
            "Plans": [
              {
                "Node Type": "Hash Join",
                "Parent Relationship": "Outer",
                "Parallel Aware": true,
                "Join Type": "Inner",
                "Startup Cost": 58629.35,
                "Total Cost": 101411.0,
                "Plan Rows": 7981,
                "Plan Width": 0,
                "Actual Startup Time": 137.156,
                "Actual Total Time": 284.155,
                "Actual Rows": 14296,
                "Actual Loops": 2,
                "Inner Unique": true,
                "Hash Cond": "(mc.movie_id = t.id)",
                "Plans": [
                  {
                    "Node Type": "Index Scan",
                    "Parent Relationship": "Outer",
                    "Parallel Aware": true,
                    "Scan Direction": "Forward",
                    "Index Name": "company_type_id_movie_companies",
                    "Relation Name": "movie_companies",
                    "Alias": "mc",
                    "Startup Cost": 0.43,
                    "Total Cost": 41574.35,
                    "Plan Rows": 460085,
                    "Plan Width": 4,
                    "Actual Startup Time": 0.035,
                    "Actual Total Time": 101.991,
                    "Actual Rows": 536318,
                    "Actual Loops": 2,
                    "Index Cond": "(company_type_id < 2)",
                    "Rows Removed by Index Recheck": 0,
                    "Filter": "(company_id < 15535)",
                    "Rows Removed by Filter": 100806
                  },
                  {
                    "Node Type": "Hash",
                    "Parent Relationship": "Inner",
                    "Parallel Aware": true,
                    "Startup Cost": 58306.47,
                    "Total Cost": 58306.47,
                    "Plan Rows": 25796,
                    "Plan Width": 4,
                    "Actual Startup Time": 135.789,
                    "Actual Total Time": 135.789,
                    "Actual Rows": 16952,
                    "Actual Loops": 2,
                    "Hash Buckets": 65536,
                    "Original Hash Buckets": 65536,
                    "Hash Batches": 1,
                    "Original Hash Batches": 1,
                    "Peak Memory Usage": 1888,
                    "Plans": [
                      {
                        "Node Type": "Seq Scan",
                        "Parent Relationship": "Outer",
                        "Parallel Aware": true,
                        "Relation Name": "title",
                        "Alias": "t",
                        "Startup Cost": 0.0,
                        "Total Cost": 58306.47,
                        "Plan Rows": 25796,
                        "Plan Width": 4,
                        "Actual Startup Time": 0.09,
                        "Actual Total Time": 131.091,
                        "Actual Rows": 16952,
                        "Actual Loops": 2,
                        "Filter": "((kind_id < 7) AND (production_year = 2006))",
                        "Rows Removed by Filter": 1247204
                      }
                    ]
                  }
                ]
              }
            ]
          }
        ]
      }
    ]
  },
  "Planning Time": 0.519,
  "Triggers": [],
  "Execution Time": 302.255
}