[
  {
    "Plan": {
      "Node Type": "Aggregate",
      "Strategy": "Plain",
      "Partial Mode": "Finalize",
      "Parallel Aware": false,
      "Startup Cost": 211230.9,
      "Total Cost": 211230.91,
      "Plan Rows": 1,
      "Plan Width": 8,
      "Actual Startup Time": 99.267,
      "Actual Total Time": 105.704,
      "Actual Rows": 1,
      "Actual Loops": 1,
      "Plans": [
        {
          "Node Type": "Gather",
          "Parent Relationship": "Outer",
          "Parallel Aware": false,
          "Startup Cost": 211230.38,
          "Total Cost": 211230.89,
          "Plan Rows": 5,
          "Plan Width": 8,
          "Actual Startup Time": 98.892,
          "Actual Total Time": 105.697,
          "Actual Rows": 6,
          "Actual Loops": 1,
          "Workers Planned": 5,
          "Workers Launched": 5,
          "Single Copy": false,
          "Plans": [
            {
              "Node Type": "Aggregate",
              "Strategy": "Plain",
              "Partial Mode": "Partial",
              "Parent Relationship": "Outer",
              "Parallel Aware": false,
              "Startup Cost": 210230.38,
              "Total Cost": 210230.39,
              "Plan Rows": 1,
              "Plan Width": 8,
              "Actual Startup Time": 88.341,
              "Actual Total Time": 88.345,
              "Actual Rows": 1,
              "Actual Loops": 6,
              "Plans": [
                {
                  "Node Type": "Hash Join",
                  "Parent Relationship": "Outer",
                  "Parallel Aware": true,
                  "Join Type": "Inner",
                  "Startup Cost": 46876.63,
                  "Total Cost": 210227.65,
                  "Plan Rows": 1092,
                  "Plan Width": 0,
                  "Actual Startup Time": 69.446,
                  "Actual Total Time": 88.333,
                  "Actual Rows": 17,
                  "Actual Loops": 6,
                  "Inner Unique": true,
                  "Hash Cond": "(mi.movie_id = t.id)",
                  "Plans": [
                    {
                      "Node Type": "Bitmap Heap Scan",
                      "Parent Relationship": "Outer",
                      "Parallel Aware": true,
                      "Relation Name": "movie_info",
                      "Alias": "mi",
                      "Startup Cost": 8135.65,
                      "Total Cost": 171250.98,
                      "Plan Rows": 89786,
                      "Plan Width": 4,
                      "Actual Startup Time": 13.587,
                      "Actual Total Time": 31.012,
                      "Actual Rows": 71442,
                      "Actual Loops": 6,
                      "Recheck Cond": "(info_type_id > 104)",
                      "Rows Removed by Index Recheck": 0,
                      "Exact Heap Blocks": 1845,
                      "Lossy Heap Blocks": 0,
                      "Plans": [
                        {
                          "Node Type": "Bitmap Index Scan",
                          "Parent Relationship": "Outer",
                          "Parallel Aware": false,
                          "Index Name": "info_type_id_movie_info",
                          "Startup Cost": 0.0,
                          "Total Cost": 8023.42,
                          "Plan Rows": 448931,
                          "Plan Width": 0,
                          "Actual Startup Time": 12.717,
                          "Actual Total Time": 12.718,
                          "Actual Rows": 428651,
                          "Actual Loops": 1,
                          "Index Cond": "(info_type_id > 104)"
                        }
                      ]
                    },
                    {
                      "Node Type": "Hash",
                      "Parent Relationship": "Inner",
                      "Parallel Aware": true,
                      "Startup Cost": 38644.88,
                      "Total Cost": 38644.88,
                      "Plan Rows": 7688,
                      "Plan Width": 4,
                      "Actual Startup Time": 48.511,
                      "Actual Total Time": 48.512,
                      "Actual Rows": 521,
                      "Actual Loops": 6,
                      "Hash Buckets": 32768,
                      "Original Hash Buckets": 32768,
                      "Hash Batches": 1,
                      "Original Hash Batches": 1,
                      "Peak Memory Usage": 480,
                      "Plans": [
                        {
                          "Node Type": "Bitmap Heap Scan",
                          "Parent Relationship": "Outer",
                          "Parallel Aware": true,
                          "Relation Name": "title",
                          "Alias": "t",
                          "Startup Cost": 2188.63,
                          "Total Cost": 38644.88,
                          "Plan Rows": 7688,
                          "Plan Width": 4,
                          "Actual Startup Time": 13.718,
                          "Actual Total Time": 47.86,
                          "Actual Rows": 521,
                          "Actual Loops": 6,
                          "Recheck Cond": "(kind_id = 4)",
                          "Rows Removed by Index Recheck": 0,
                          "Filter": "(production_year < 1988)",
                          "Rows Removed by Filter": 19185,
                          "Exact Heap Blocks": 6641,
                          "Lossy Heap Blocks": 0,
                          "Plans": [
                            {
                              "Node Type": "Bitmap Index Scan",
                              "Parent Relationship": "Outer",
                              "Parallel Aware": false,
                              "Index Name": "kind_id_title",
                              "Startup Cost": 0.0,
                              "Total Cost": 2180.94,
                              "Plan Rows": 122201,
                              "Plan Width": 0,
                              "Actual Startup Time": 15.387,
                              "Actual Total Time": 15.387,
                              "Actual Rows": 118234,
                              "Actual Loops": 1,
                              "Index Cond": "(kind_id = 4)"
                            }
                          ]
                        }
                      ]
                    }
                  ]
                }
              ]
            }
          ]
        }
      ]
    },
    "Planning Time": 0.631,
    "Triggers": [],
    "Execution Time": 105.803
  }
]