[
  {
    "Plan": {
      "Node Type": "Aggregate",
      "Strategy": "Plain",
      "Partial Mode": "Finalize",
      "Parallel Aware": false,
      "Startup Cost": 33220.8,
      "Total Cost": 33220.81,
      "Plan Rows": 1,
      "Plan Width": 8,
      "Actual Startup Time": 95.064,
      "Actual Total Time": 101.936,
      "Actual Rows": 1,
      "Actual Loops": 1,
      "Plans": [
        {
          "Node Type": "Gather",
          "Parent Relationship": "Outer",
          "Parallel Aware": false,
          "Startup Cost": 33220.48,
          "Total Cost": 33220.79,
          "Plan Rows": 3,
          "Plan Width": 8,
          "Actual Startup Time": 94.834,
          "Actual Total Time": 101.927,
          "Actual Rows": 4,
          "Actual Loops": 1,
          "Workers Planned": 3,
          "Workers Launched": 3,
          "Single Copy": false,
          "Plans": [
            {
              "Node Type": "Aggregate",
              "Strategy": "Plain",
              "Partial Mode": "Partial",
              "Parent Relationship": "Outer",
              "Parallel Aware": false,
              "Startup Cost": 32220.48,
              "Total Cost": 32220.49,
              "Plan Rows": 1,
              "Plan Width": 8,
              "Actual Startup Time": 87.828,
              "Actual Total Time": 87.829,
              "Actual Rows": 1,
              "Actual Loops": 4,
              "Plans": [
                {
                  "Node Type": "Seq Scan",
                  "Parent Relationship": "Outer",
                  "Parallel Aware": true,
                  "Relation Name": "movie_companies",
                  "Alias": "mc",
                  "Startup Cost": 0.0,
                  "Total Cost": 31414.82,
                  "Plan Rows": 322265,
                  "Plan Width": 0,
                  "Actual Startup Time": 47.047,
                  "Actual Total Time": 80.508,
                  "Actual Rows": 175373,
                  "Actual Loops": 4,
                  "Filter": "((company_id < 53811) AND (company_type_id = 2))",
                  "Rows Removed by Filter": 476910
                }
              ]
            }
          ]
        }
      ]
    },
    "Planning Time": 0.219,
    "Triggers": [],
    "Execution Time": 101.991
  }
]