[
    {
        "Bao": {
            "Bao prediction": "NaN",
            "Bao recommended hint": "(no hint)"
        }
    },
    {
        "Plan": {
            "Node Type": "Aggregate",
            "Strategy": "Plain",
            "Partial Mode": "Finalize",
            "Parallel Aware": false,
            "Startup Cost": 306885.2,
            "Total Cost": 306885.21,
            "Plan Rows": 1,
            "Plan Width": 8,
            "Actual Startup Time": 186.241,
            "Actual Total Time": 191.634,
            "Actual Rows": 1,
            "Actual Loops": 1,
            "Output": [
                "count(*)"
            ],
            "Plans": [
                {
                    "Node Type": "Gather",
                    "Parent Relationship": "Outer",
                    "Parallel Aware": false,
                    "Startup Cost": 306884.57,
                    "Total Cost": 306885.18,
                    "Plan Rows": 6,
                    "Plan Width": 8,
                    "Actual Startup Time": 185.775,
                    "Actual Total Time": 191.627,
                    "Actual Rows": 7,
                    "Actual Loops": 1,
                    "Output": [
                        "(PARTIAL count(*))"
                    ],
                    "Workers Planned": 6,
                    "Workers Launched": 6,
                    "Single Copy": false,
                    "Plans": [
                        {
                            "Node Type": "Aggregate",
                            "Strategy": "Plain",
                            "Partial Mode": "Partial",
                            "Parent Relationship": "Outer",
                            "Parallel Aware": false,
                            "Startup Cost": 305884.57,
                            "Total Cost": 305884.58,
                            "Plan Rows": 1,
                            "Plan Width": 8,
                            "Actual Startup Time": 175.329,
                            "Actual Total Time": 175.33,
                            "Actual Rows": 1,
                            "Actual Loops": 7,
                            "Output": [
                                "PARTIAL count(*)"
                            ],
                            "Workers": [
                                {
                                    "Worker Number": 0,
                                    "Actual Startup Time": 172.78,
                                    "Actual Total Time": 172.781,
                                    "Actual Rows": 1,
                                    "Actual Loops": 1
                                },
                                {
                                    "Worker Number": 1,
                                    "Actual Startup Time": 173.053,
                                    "Actual Total Time": 173.055,
                                    "Actual Rows": 1,
                                    "Actual Loops": 1
                                },
                                {
                                    "Worker Number": 2,
                                    "Actual Startup Time": 173.562,
                                    "Actual Total Time": 173.564,
                                    "Actual Rows": 1,
                                    "Actual Loops": 1
                                },
                                {
                                    "Worker Number": 3,
                                    "Actual Startup Time": 173.82,
                                    "Actual Total Time": 173.821,
                                    "Actual Rows": 1,
                                    "Actual Loops": 1
                                },
                                {
                                    "Worker Number": 4,
                                    "Actual Startup Time": 173.976,
                                    "Actual Total Time": 173.977,
                                    "Actual Rows": 1,
                                    "Actual Loops": 1
                                },
                                {
                                    "Worker Number": 5,
                                    "Actual Startup Time": 174.696,
                                    "Actual Total Time": 174.697,
                                    "Actual Rows": 1,
                                    "Actual Loops": 1
                                }
                            ],
                            "Plans": [
                                {
                                    "Node Type": "Bitmap Heap Scan",
                                    "Parent Relationship": "Outer",
                                    "Parallel Aware": true,
                                    "Relation Name": "cast_info",
                                    "Schema": "public",
                                    "Alias": "ci",
                                    "Startup Cost": 47786.6,
                                    "Total Cost": 304982.74,
                                    "Plan Rows": 360732,
                                    "Plan Width": 0,
                                    "Actual Startup Time": 82.641,
                                    "Actual Total Time": 156.7,
                                    "Actual Rows": 309858,
                                    "Actual Loops": 7,
                                    "Recheck Cond": "(ci.person_id < 212443)",
                                    "Rows Removed by Index Recheck": 0,
                                    "Exact Heap Blocks": 5580,
                                    "Lossy Heap Blocks": 0,
                                    "Workers": [
                                        {
                                            "Worker Number": 0,
                                            "Actual Startup Time": 80.373,
                                            "Actual Total Time": 155.0,
                                            "Actual Rows": 209937,
                                            "Actual Loops": 1
                                        },
                                        {
                                            "Worker Number": 1,
                                            "Actual Startup Time": 80.524,
                                            "Actual Total Time": 155.861,
                                            "Actual Rows": 274127,
                                            "Actual Loops": 1
                                        },
                                        {
                                            "Worker Number": 2,
                                            "Actual Startup Time": 81.204,
                                            "Actual Total Time": 155.017,
                                            "Actual Rows": 282381,
                                            "Actual Loops": 1
                                        },
                                        {
                                            "Worker Number": 3,
                                            "Actual Startup Time": 81.034,
                                            "Actual Total Time": 155.196,
                                            "Actual Rows": 286615,
                                            "Actual Loops": 1
                                        },
                                        {
                                            "Worker Number": 4,
                                            "Actual Startup Time": 81.217,
                                            "Actual Total Time": 156.814,
                                            "Actual Rows": 275064,
                                            "Actual Loops": 1
                                        },
                                        {
                                            "Worker Number": 5,
                                            "Actual Startup Time": 81.978,
                                            "Actual Total Time": 156.406,
                                            "Actual Rows": 283552,
                                            "Actual Loops": 1
                                        }
                                    ],
                                    "Plans": [
                                        {
                                            "Node Type": "Bitmap Index Scan",
                                            "Parent Relationship": "Outer",
                                            "Parallel Aware": false,
                                            "Index Name": "person_id_cast_info",
                                            "Startup Cost": 0.0,
                                            "Total Cost": 47245.5,
                                            "Plan Rows": 2164391,
                                            "Plan Width": 0,
                                            "Actual Startup Time": 88.8,
                                            "Actual Total Time": 88.8,
                                            "Actual Rows": 2169005,
                                            "Actual Loops": 1,
                                            "Index Cond": "(ci.person_id < 212443)"
                                        }
                                    ]
                                }
                            ]
                        }
                    ]
                }
            ]
        },
        "Planning Time": 190.813,
        "Triggers": [],
        "Execution Time": 191.689
    }
]