{
  "Plan": {
    "Node Type": "Aggregate",
    "Strategy": "Plain",
    "Partial Mode": "Finalize",
    "Parallel Aware": false,
    "Startup Cost": 112953.27,
    "Total Cost": 112953.28,
    "Plan Rows": 1,
    "Plan Width": 8,
    "Actual Startup Time": 406.219,
    "Actual Total Time": 415.257,
    "Actual Rows": 1,
    "Actual Loops": 1,
    "Plans": [
      {
        "Node Type": "Gather",
        "Parent Relationship": "Outer",
        "Parallel Aware": false,
        "Startup Cost": 112953.16,
        "Total Cost": 112953.27,
        "Plan Rows": 1,
        "Plan Width": 8,
        "Actual Startup Time": 406.049,
        "Actual Total Time": 415.25,
        "Actual Rows": 2,
        "Actual Loops": 1,
        "Workers Planned": 1,
        "Workers Launched": 1,
        "Single Copy": false,
        "Plans": [
          {
            "Node Type": "Aggregate",
            "Strategy": "Plain",
            "Partial Mode": "Partial",
            "Parent Relationship": "Outer",
            "Parallel Aware": false,
            "Startup Cost": 111953.16,
            "Total Cost": 111953.17,
            "Plan Rows": 1,
            "Plan Width": 8,
            "Actual Startup Time": 399.971,
            "Actual Total Time": 399.974,
            "Actual Rows": 1,
            "Actual Loops": 2,
            "Plans": [
              {
                "Node Type": "Hash Join",
                "Parent Relationship": "Outer",
                "Parallel Aware": true,
                "Join Type": "Inner",
                "Startup Cost": 53843.38,
                "Total Cost": 111894.23,
                "Plan Rows": 23573,
                "Plan Width": 0,
                "Actual Startup Time": 154.952,
                "Actual Total Time": 398.341,
                "Actual Rows": 40085,
                "Actual Loops": 2,
                "Inner Unique": true,
                "Hash Cond": "(mk.movie_id = t.id)",
                "Plans": [
                  {
                    "Node Type": "Seq Scan",
                    "Parent Relationship": "Outer",
                    "Parallel Aware": true,
                    "Relation Name": "movie_keyword",
                    "Alias": "mk",
                    "Startup Cost": 0.0,
                    "Total Cost": 51065.35,
                    "Plan Rows": 2661135,
                    "Plan Width": 4,
                    "Actual Startup Time": 0.015,
                    "Actual Total Time": 154.557,
                    "Actual Rows": 2261965,
                    "Actual Loops": 2
                  },
                  {
                    "Node Type": "Hash",
                    "Parent Relationship": "Inner",
                    "Parallel Aware": true,
                    "Startup Cost": 53678.71,
                    "Total Cost": 53678.71,
                    "Plan Rows": 13174,
                    "Plan Width": 4,
                    "Actual Startup Time": 97.493,
                    "Actual Total Time": 97.494,
                    "Actual Rows": 6525,
                    "Actual Loops": 2,
                    "Hash Buckets": 32768,
                    "Original Hash Buckets": 32768,
                    "Hash Batches": 1,
                    "Original Hash Batches": 1,
                    "Peak Memory Usage": 800,
                    "Plans": [
                      {
                        "Node Type": "Bitmap Heap Scan",
                        "Parent Relationship": "Outer",
                        "Parallel Aware": true,
                        "Relation Name": "title",
                        "Alias": "t",
                        "Startup Cost": 11828.45,
                        "Total Cost": 53678.71,
                        "Plan Rows": 13174,
                        "Plan Width": 4,
                        "Actual Startup Time": 37.245,
                        "Actual Total Time": 95.244,
                        "Actual Rows": 6525,
                        "Actual Loops": 2,
                        "Recheck Cond": "(kind_id = 1)",
                        "Rows Removed by Index Recheck": 0,
                        "Filter": "(production_year = 2004)",
                        "Rows Removed by Filter": 324888,
                        "Exact Heap Blocks": 9333,
                        "Lossy Heap Blocks": 0,
                        "Plans": [
                          {
                            "Node Type": "Bitmap Index Scan",
                            "Parent Relationship": "Outer",
                            "Parallel Aware": false,
                            "Index Name": "kind_id_title",
                            "Startup Cost": 0.0,
                            "Total Cost": 11822.85,
                            "Plan Rows": 663256,
                            "Plan Width": 0,
                            "Actual Startup Time": 39.766,
                            "Actual Total Time": 39.766,
                            "Actual Rows": 662825,
                            "Actual Loops": 1,
                            "Index Cond": "(kind_id = 1)"
                          }
                        ]
                      }
                    ]
                  }
                ]
              }
            ]
          }
        ]
      }
    ]
  },
  "Planning Time": 0.446,
  "Triggers": [],
  "Execution Time": 415.351
}