{
  "Plan": {
    "Node Type": "Aggregate",
    "Strategy": "Plain",
    "Partial Mode": "Finalize",
    "Parallel Aware": false,
    "Startup Cost": 129252.25,
    "Total Cost": 129252.26,
    "Plan Rows": 1,
    "Plan Width": 8,
    "Actual Startup Time": 832.212,
    "Actual Total Time": 854.913,
    "Actual Rows": 1,
    "Actual Loops": 1,
    "Plans": [
      {
        "Node Type": "Gather",
        "Parent Relationship": "Outer",
        "Parallel Aware": false,
        "Startup Cost": 129252.14,
        "Total Cost": 129252.25,
        "Plan Rows": 1,
        "Plan Width": 8,
        "Actual Startup Time": 826.19,
        "Actual Total Time": 854.906,
        "Actual Rows": 2,
        "Actual Loops": 1,
        "Workers Planned": 1,
        "Workers Launched": 1,
        "Single Copy": false,
        "Plans": [
          {
            "Node Type": "Aggregate",
            "Strategy": "Plain",
            "Partial Mode": "Partial",
            "Parent Relationship": "Outer",
            "Parallel Aware": false,
            "Startup Cost": 128252.14,
            "Total Cost": 128252.15,
            "Plan Rows": 1,
            "Plan Width": 8,
            "Actual Startup Time": 819.957,
            "Actual Total Time": 819.963,
            "Actual Rows": 1,
            "Actual Loops": 2,
            "Plans": [
              {
                "Node Type": "Hash Join",
                "Parent Relationship": "Outer",
                "Parallel Aware": true,
                "Join Type": "Inner",
                "Startup Cost": 108814.4,
                "Total Cost": 128146.99,
                "Plan Rows": 42060,
                "Plan Width": 0,
                "Actual Startup Time": 731.596,
                "Actual Total Time": 814.077,
                "Actual Rows": 149300,
                "Actual Loops": 2,
                "Inner Unique": false,
                "Hash Cond": "(mi_idx.movie_id = t.id)",
                "Plans": [
                  {
                    "Node Type": "Seq Scan",
                    "Parent Relationship": "Outer",
                    "Parallel Aware": true,
                    "Relation Name": "movie_info_idx",
                    "Alias": "mi_idx",
                    "Startup Cost": 0.0,
                    "Total Cost": 18082.32,
                    "Plan Rows": 267429,
                    "Plan Width": 4,
                    "Actual Startup Time": 0.026,
                    "Actual Total Time": 49.431,
                    "Actual Rows": 229962,
                    "Actual Loops": 2,
                    "Filter": "(info_type_id = 99)",
                    "Rows Removed by Filter": 460055
                  },
                  {
                    "Node Type": "Hash",
                    "Parent Relationship": "Inner",
                    "Parallel Aware": true,
                    "Startup Cost": 105890.6,
                    "Total Cost": 105890.6,
                    "Plan Rows": 233904,
                    "Plan Width": 8,
                    "Actual Startup Time": 710.981,
                    "Actual Total Time": 710.985,
                    "Actual Rows": 193583,
                    "Actual Loops": 2,
                    "Hash Buckets": 524288,
                    "Original Hash Buckets": 524288,
                    "Hash Batches": 1,
                    "Original Hash Batches": 1,
                    "Peak Memory Usage": 19264,
                    "Plans": [
                      {
                        "Node Type": "Hash Join",
                        "Parent Relationship": "Outer",
                        "Parallel Aware": true,
                        "Join Type": "Inner",
                        "Startup Cost": 77898.81,
                        "Total Cost": 105890.6,
                        "Plan Rows": 233904,
                        "Plan Width": 8,
                        "Actual Startup Time": 558.931,
                        "Actual Total Time": 672.251,
                        "Actual Rows": 193583,
                        "Actual Loops": 2,
                        "Inner Unique": true,
                        "Hash Cond": "(mk.movie_id = t.id)",
                        "Plans": [
                          {
                            "Node Type": "Bitmap Heap Scan",
                            "Parent Relationship": "Outer",
                            "Parallel Aware": true,
                            "Relation Name": "movie_keyword",
                            "Alias": "mk",
                            "Startup Cost": 8438.11,
                            "Total Cost": 35815.91,
                            "Plan Rows": 233904,
                            "Plan Width": 4,
                            "Actual Startup Time": 27.52,
                            "Actual Total Time": 84.857,
                            "Actual Rows": 193583,
                            "Actual Loops": 2,
                            "Recheck Cond": "(keyword_id > 44434)",
                            "Rows Removed by Index Recheck": 0,
                            "Exact Heap Blocks": 11652,
                            "Lossy Heap Blocks": 0,
                            "Plans": [
                              {
                                "Node Type": "Bitmap Index Scan",
                                "Parent Relationship": "Outer",
                                "Parallel Aware": false,
                                "Index Name": "keyword_id_movie_keyword",
                                "Startup Cost": 0.0,
                                "Total Cost": 8338.7,
                                "Plan Rows": 397636,
                                "Plan Width": 0,
                                "Actual Startup Time": 24.186,
                                "Actual Total Time": 24.186,
                                "Actual Rows": 387166,
                                "Actual Loops": 1,
                                "Index Cond": "(keyword_id > 44434)"
                              }
                            ]
                          },
                          {
                            "Node Type": "Hash",
                            "Parent Relationship": "Inner",
                            "Parallel Aware": true,
                            "Startup Cost": 50870.31,
                            "Total Cost": 50870.31,
                            "Plan Rows": 1487231,
                            "Plan Width": 4,
                            "Actual Startup Time": 513.722,
                            "Actual Total Time": 513.723,
                            "Actual Rows": 1264156,
                            "Actual Loops": 2,
                            "Hash Buckets": 4194304,
                            "Original Hash Buckets": 4194304,
                            "Hash Batches": 1,
                            "Original Hash Batches": 1,
                            "Peak Memory Usage": 131712,
                            "Plans": [
                              {
                                "Node Type": "Seq Scan",
                                "Parent Relationship": "Outer",
                                "Parallel Aware": true,
                                "Relation Name": "title",
                                "Alias": "t",
                                "Startup Cost": 0.0,
                                "Total Cost": 50870.31,
                                "Plan Rows": 1487231,
                                "Plan Width": 4,
                                "Actual Startup Time": 0.035,
                                "Actual Total Time": 148.608,
                                "Actual Rows": 1264156,
                                "Actual Loops": 2
                              }
                            ]
                          }
                        ]
                      }
                    ]
                  }
                ]
              }
            ]
          }
        ]
      }
    ]
  },
  "Planning Time": 0.878,
  "Triggers": [],
  "Execution Time": 855.014
}