[
  {
    "Plan": {
      "Node Type": "Aggregate",
      "Strategy": "Plain",
      "Partial Mode": "Finalize",
      "Parallel Aware": false,
      "Startup Cost": 45283.0,
      "Total Cost": 45283.01,
      "Plan Rows": 1,
      "Plan Width": 8,
      "Actual Startup Time": 142.408,
      "Actual Total Time": 152.102,
      "Actual Rows": 1,
      "Actual Loops": 1,
      "Plans": [
        {
          "Node Type": "Gather",
          "Parent Relationship": "Outer",
          "Parallel Aware": false,
          "Startup Cost": 45282.68,
          "Total Cost": 45282.99,
          "Plan Rows": 3,
          "Plan Width": 8,
          "Actual Startup Time": 142.288,
          "Actual Total Time": 152.092,
          "Actual Rows": 4,
          "Actual Loops": 1,
          "Workers Planned": 3,
          "Workers Launched": 3,
          "Single Copy": false,
          "Plans": [
            {
              "Node Type": "Aggregate",
              "Strategy": "Plain",
              "Partial Mode": "Partial",
              "Parent Relationship": "Outer",
              "Parallel Aware": false,
              "Startup Cost": 44282.68,
              "Total Cost": 44282.69,
              "Plan Rows": 1,
              "Plan Width": 8,
              "Actual Startup Time": 137.066,
              "Actual Total Time": 137.067,
              "Actual Rows": 1,
              "Actual Loops": 4,
              "Plans": [
                {
                  "Node Type": "Seq Scan",
                  "Parent Relationship": "Outer",
                  "Parallel Aware": true,
                  "Relation Name": "movie_keyword",
                  "Alias": "mk",
                  "Startup Cost": 0.0,
                  "Total Cost": 42695.65,
                  "Plan Rows": 634812,
                  "Plan Width": 0,
                  "Actual Startup Time": 0.341,
                  "Actual Total Time": 113.499,
                  "Actual Rows": 489394,
                  "Actual Loops": 4,
                  "Filter": "(keyword_id > 6528)",
                  "Rows Removed by Filter": 641588
                }
              ]
            }
          ]
        }
      ]
    },
    "Planning Time": 0.085,
    "Triggers": [],
    "Execution Time": 152.13
  }
]