[
  {
    "Bao": {
      "Bao prediction": 457.74,
      "Bao recommended hint": "SET enable_nestloop TO off; SET enable_hashjoin TO off; "
    }
  },
  {
    "Plan": {
      "Node Type": "Aggregate",
      "Strategy": "Plain",
      "Partial Mode": "Simple",
      "Parallel Aware": false,
      "Startup Cost": 1345114.31,
      "Total Cost": 1345114.32,
      "Plan Rows": 1,
      "Plan Width": 32,
      "Actual Startup Time": 6367.748,
      "Actual Total Time": 6367.976,
      "Actual Rows": 1,
      "Actual Loops": 1,
      "Plans": [
        {
          "Node Type": "Merge Join",
          "Parent Relationship": "Outer",
          "Parallel Aware": false,
          "Join Type": "Inner",
          "Startup Cost": 1161355.62,
          "Total Cost": 1345114.31,
          "Plan Rows": 1,
          "Plan Width": 17,
          "Actual Startup Time": 5792.558,
          "Actual Total Time": 6367.951,
          "Actual Rows": 33,
          "Actual Loops": 1,
          "Inner Unique": false,
          "Merge Cond": "(n.id = ci.person_id)",
          "Plans": [
            {
              "Node Type": "Index Only Scan",
              "Parent Relationship": "Outer",
              "Parallel Aware": false,
              "Scan Direction": "Forward",
              "Index Name": "name_pkey",
              "Relation Name": "name",
              "Alias": "n",
              "Startup Cost": 0.43,
              "Total Cost": 178171.22,
              "Plan Rows": 4167377,
              "Plan Width": 4,
              "Actual Startup Time": 0.054,
              "Actual Total Time": 657.48,
              "Actual Rows": 1857975,
              "Actual Loops": 1,
              "Heap Fetches": 1857975
            },
            {
              "Node Type": "Sort",
              "Parent Relationship": "Inner",
              "Parallel Aware": false,
              "Startup Cost": 1161355.19,
              "Total Cost": 1161355.19,
              "Plan Rows": 1,
              "Plan Width": 21,
              "Actual Startup Time": 5623.733,
              "Actual Total Time": 5623.964,
              "Actual Rows": 33,
              "Actual Loops": 1,
              "Sort Key": [
                "ci.person_id"
              ],
              "Sort Method": "quicksort",
              "Sort Space Used": 26,
              "Sort Space Type": "Memory",
              "Plans": [
                {
                  "Node Type": "Merge Join",
                  "Parent Relationship": "Outer",
                  "Parallel Aware": false,
                  "Join Type": "Inner",
                  "Startup Cost": 1161318.9,
                  "Total Cost": 1161355.18,
                  "Plan Rows": 1,
                  "Plan Width": 21,
                  "Actual Startup Time": 5622.843,
                  "Actual Total Time": 5623.876,
                  "Actual Rows": 33,
                  "Actual Loops": 1,
                  "Inner Unique": false,
                  "Merge Cond": "(ci.movie_id = t.id)",
                  "Plans": [
                    {
                      "Node Type": "Sort",
                      "Parent Relationship": "Outer",
                      "Parallel Aware": false,
                      "Startup Cost": 865646.7,
                      "Total Cost": 865664.82,
                      "Plan Rows": 7251,
                      "Plan Width": 8,
                      "Actual Startup Time": 2469.964,
                      "Actual Total Time": 2470.13,
                      "Actual Rows": 556,
                      "Actual Loops": 1,
                      "Sort Key": [
                        "ci.movie_id"
                      ],
                      "Sort Method": "quicksort",
                      "Sort Space Used": 51,
                      "Sort Space Type": "Memory",
                      "Plans": [
                        {
                          "Node Type": "Gather",
                          "Parent Relationship": "Outer",
                          "Parallel Aware": false,
                          "Startup Cost": 154357.37,
                          "Total Cost": 865181.76,
                          "Plan Rows": 7251,
                          "Plan Width": 8,
                          "Actual Startup Time": 1402.445,
                          "Actual Total Time": 2469.939,
                          "Actual Rows": 556,
                          "Actual Loops": 1,
                          "Workers Planned": 6,
                          "Workers Launched": 6,
                          "Single Copy": false,
                          "Plans": [
                            {
                              "Node Type": "Merge Join",
                              "Parent Relationship": "Outer",
                              "Parallel Aware": false,
                              "Join Type": "Inner",
                              "Startup Cost": 153357.37,
                              "Total Cost": 863456.66,
                              "Plan Rows": 1208,
                              "Plan Width": 8,
                              "Actual Startup Time": 1859.795,
                              "Actual Total Time": 2456.392,
                              "Actual Rows": 79,
                              "Actual Loops": 7,
                              "Inner Unique": true,
                              "Merge Cond": "(ci.person_role_id = chn.id)",
                              "Plans": [
                                {
                                  "Node Type": "Index Scan",
                                  "Parent Relationship": "Outer",
                                  "Parallel Aware": true,
                                  "Scan Direction": "Forward",
                                  "Index Name": "person_role_id_cast_info",
                                  "Relation Name": "cast_info",
                                  "Alias": "ci",
                                  "Startup Cost": 0.56,
                                  "Total Cost": 1567975.83,
                                  "Plan Rows": 6042971,
                                  "Plan Width": 12,
                                  "Actual Startup Time": 0.133,
                                  "Actual Total Time": 1310.27,
                                  "Actual Rows": 2398342,
                                  "Actual Loops": 7
                                },
                                {
                                  "Node Type": "Sort",
                                  "Parent Relationship": "Inner",
                                  "Parallel Aware": false,
                                  "Startup Cost": 91431.6,
                                  "Total Cost": 91433.17,
                                  "Plan Rows": 628,
                                  "Plan Width": 4,
                                  "Actual Startup Time": 948.639,
                                  "Actual Total Time": 948.665,
                                  "Actual Rows": 30,
                                  "Actual Loops": 7,
                                  "Sort Key": [
                                    "chn.id"
                                  ],
                                  "Sort Method": "quicksort",
                                  "Sort Space Used": 26,
                                  "Sort Space Type": "Memory",
                                  "Workers": [
                                    {
                                      "Worker Number": 0,
                                      "Sort Method": "quicksort",
                                      "Sort Space Used": 26,
                                      "Sort Space Type": "Memory"
                                    },
                                    {
                                      "Worker Number": 1,
                                      "Sort Method": "quicksort",
                                      "Sort Space Used": 26,
                                      "Sort Space Type": "Memory"
                                    },
                                    {
                                      "Worker Number": 2,
                                      "Sort Method": "quicksort",
                                      "Sort Space Used": 26,
                                      "Sort Space Type": "Memory"
                                    },
                                    {
                                      "Worker Number": 3,
                                      "Sort Method": "quicksort",
                                      "Sort Space Used": 26,
                                      "Sort Space Type": "Memory"
                                    },
                                    {
                                      "Worker Number": 4,
                                      "Sort Method": "quicksort",
                                      "Sort Space Used": 26,
                                      "Sort Space Type": "Memory"
                                    },
                                    {
                                      "Worker Number": 5,
                                      "Sort Method": "quicksort",
                                      "Sort Space Used": 26,
                                      "Sort Space Type": "Memory"
                                    }
                                  ],
                                  "Plans": [
                                    {
                                      "Node Type": "Seq Scan",
                                      "Parent Relationship": "Outer",
                                      "Parallel Aware": false,
                                      "Relation Name": "char_name",
                                      "Alias": "chn",
                                      "Startup Cost": 0.0,
                                      "Total Cost": 91402.41,
                                      "Plan Rows": 628,
                                      "Plan Width": 4,
                                      "Actual Startup Time": 41.658,
                                      "Actual Total Time": 948.475,
                                      "Actual Rows": 30,
                                      "Actual Loops": 7,
                                      "Filter": "((name !~~ '%Sherlock%'::text) AND ((name ~~ '%Tony%Stark%'::text) OR (name ~~ '%Iron%Man%'::text)))",
                                      "Rows Removed by Filter": 3140309
                                    }
                                  ]
                                }
                              ]
                            }
                          ]
                        }
                      ]
                    },
                    {
                      "Node Type": "Sort",
                      "Parent Relationship": "Inner",
                      "Parallel Aware": false,
                      "Startup Cost": 295672.2,
                      "Total Cost": 295672.21,
                      "Plan Rows": 3,
                      "Plan Width": 29,
                      "Actual Startup Time": 3152.502,
                      "Actual Total Time": 3153.112,
                      "Actual Rows": 5929,
                      "Actual Loops": 1,
                      "Sort Key": [
                        "cc.movie_id"
                      ],
                      "Sort Method": "quicksort",
                      "Sort Space Used": 680,
                      "Sort Space Type": "Memory",
                      "Plans": [
                        {
                          "Node Type": "Gather",
                          "Parent Relationship": "Outer",
                          "Parallel Aware": false,
                          "Startup Cost": 295671.82,
                          "Total Cost": 295672.17,
                          "Plan Rows": 3,
                          "Plan Width": 29,
                          "Actual Startup Time": 3129.739,
                          "Actual Total Time": 3150.667,
                          "Actual Rows": 6016,
                          "Actual Loops": 1,
                          "Workers Planned": 3,
                          "Workers Launched": 1,
                          "Single Copy": false,
                          "Plans": [
                            {
                              "Node Type": "Merge Join",
                              "Parent Relationship": "Outer",
                              "Parallel Aware": false,
                              "Join Type": "Inner",
                              "Startup Cost": 294671.82,
                              "Total Cost": 294671.87,
                              "Plan Rows": 1,
                              "Plan Width": 29,
                              "Actual Startup Time": 3094.9,
                              "Actual Total Time": 3096.314,
                              "Actual Rows": 3008,
                              "Actual Loops": 2,
                              "Inner Unique": true,
                              "Merge Cond": "(t.kind_id = kt.id)",
                              "Plans": [
                                {
                                  "Node Type": "Sort",
                                  "Parent Relationship": "Outer",
                                  "Parallel Aware": false,
                                  "Startup Cost": 294670.72,
                                  "Total Cost": 294670.74,
                                  "Plan Rows": 7,
                                  "Plan Width": 33,
                                  "Actual Startup Time": 3094.856,
                                  "Actual Total Time": 3095.228,
                                  "Actual Rows": 3009,
                                  "Actual Loops": 2,
                                  "Sort Key": [
                                    "t.kind_id"
                                  ],
                                  "Sort Method": "quicksort",
                                  "Sort Space Used": 431,
                                  "Sort Space Type": "Memory",
                                  "Workers": [
                                    {
                                      "Worker Number": 0,
                                      "Sort Method": "quicksort",
                                      "Sort Space Used": 384,
                                      "Sort Space Type": "Memory"
                                    }
                                  ],
                                  "Plans": [
                                    {
                                      "Node Type": "Merge Join",
                                      "Parent Relationship": "Outer",
                                      "Parallel Aware": false,
                                      "Join Type": "Inner",
                                      "Startup Cost": 294099.55,
                                      "Total Cost": 294670.63,
                                      "Plan Rows": 7,
                                      "Plan Width": 33,
                                      "Actual Startup Time": 3012.451,
                                      "Actual Total Time": 3093.94,
                                      "Actual Rows": 3682,
                                      "Actual Loops": 2,
                                      "Inner Unique": true,
                                      "Merge Cond": "(mk.keyword_id = k.id)",
                                      "Plans": [
                                        {
                                          "Node Type": "Sort",
                                          "Parent Relationship": "Outer",
                                          "Parallel Aware": false,
                                          "Startup Cost": 290465.0,
                                          "Total Cost": 290751.5,
                                          "Plan Rows": 114600,
                                          "Plan Width": 37,
                                          "Actual Startup Time": 2974.839,
                                          "Actual Total Time": 3034.647,
                                          "Actual Rows": 361511,
                                          "Actual Loops": 2,
                                          "Sort Key": [
                                            "mk.keyword_id"
                                          ],
                                          "Sort Method": "quicksort",
                                          "Sort Space Used": 79389,
                                          "Sort Space Type": "Memory",
                                          "Workers": [
                                            {
                                              "Worker Number": 0,
                                              "Sort Method": "quicksort",
                                              "Sort Space Used": 55389,
                                              "Sort Space Type": "Memory"
                                            }
                                          ],
                                          "Plans": [
                                            {
                                              "Node Type": "Merge Join",
                                              "Parent Relationship": "Outer",
                                              "Parallel Aware": false,
                                              "Join Type": "Inner",
                                              "Startup Cost": 8228.49,
                                              "Total Cost": 280835.02,
                                              "Plan Rows": 114600,
                                              "Plan Width": 37,
                                              "Actual Startup Time": 110.31,
                                              "Actual Total Time": 2796.739,
                                              "Actual Rows": 584231,
                                              "Actual Loops": 2,
                                              "Inner Unique": false,
                                              "Merge Cond": "(mk.movie_id = t.id)",
                                              "Plans": [
                                                {
                                                  "Node Type": "Index Scan",
                                                  "Parent Relationship": "Outer",
                                                  "Parallel Aware": true,
                                                  "Scan Direction": "Forward",
                                                  "Index Name": "movie_id_movie_keyword",
                                                  "Relation Name": "movie_keyword",
                                                  "Alias": "mk",
                                                  "Startup Cost": 0.43,
                                                  "Total Cost": 146502.5,
                                                  "Plan Rows": 1459332,
                                                  "Plan Width": 8,
                                                  "Actual Startup Time": 0.045,
                                                  "Actual Total Time": 406.141,
                                                  "Actual Rows": 2261965,
                                                  "Actual Loops": 2
                                                },
                                                {
                                                  "Node Type": "Materialize",
                                                  "Parent Relationship": "Inner",
                                                  "Parallel Aware": false,
                                                  "Startup Cost": 8212.06,
                                                  "Total Cost": 130748.9,
                                                  "Plan Rows": 7657,
                                                  "Plan Width": 29,
                                                  "Actual Startup Time": 109.074,
                                                  "Actual Total Time": 2156.928,
                                                  "Actual Rows": 636340,
                                                  "Actual Loops": 2,
                                                  "Plans": [
                                                    {
                                                      "Node Type": "Merge Join",
                                                      "Parent Relationship": "Outer",
                                                      "Parallel Aware": false,
                                                      "Join Type": "Inner",
                                                      "Startup Cost": 8212.06,
                                                      "Total Cost": 130729.76,
                                                      "Plan Rows": 7657,
                                                      "Plan Width": 29,
                                                      "Actual Startup Time": 109.055,
                                                      "Actual Total Time": 2108.823,
                                                      "Actual Rows": 72756,
                                                      "Actual Loops": 2,
                                                      "Inner Unique": false,
                                                      "Merge Cond": "(t.id = cc.movie_id)",
                                                      "Plans": [
                                                        {
                                                          "Node Type": "Index Scan",
                                                          "Parent Relationship": "Outer",
                                                          "Parallel Aware": false,
                                                          "Scan Direction": "Forward",
                                                          "Index Name": "title_pkey",
                                                          "Relation Name": "title",
                                                          "Alias": "t",
                                                          "Startup Cost": 0.43,
                                                          "Total Cost": 116680.33,
                                                          "Plan Rows": 2293227,
                                                          "Plan Width": 25,
                                                          "Actual Startup Time": 0.105,
                                                          "Actual Total Time": 1835.964,
                                                          "Actual Rows": 2286244,
                                                          "Actual Loops": 2,
                                                          "Filter": "(production_year > 1950)",
                                                          "Rows Removed by Filter": 239959
                                                        },
                                                        {
                                                          "Node Type": "Sort",
                                                          "Parent Relationship": "Inner",
                                                          "Parallel Aware": false,
                                                          "Startup Cost": 8197.59,
                                                          "Total Cost": 8218.7,
                                                          "Plan Rows": 8443,
                                                          "Plan Width": 4,
                                                          "Actual Startup Time": 106.254,
                                                          "Actual Total Time": 119.639,
                                                          "Actual Rows": 84166,
                                                          "Actual Loops": 2,
                                                          "Sort Key": [
                                                            "cc.movie_id"
                                                          ],
                                                          "Sort Method": "quicksort",
                                                          "Sort Space Used": 7101,
                                                          "Sort Space Type": "Memory",
                                                          "Workers": [
                                                            {
                                                              "Worker Number": 0,
                                                              "Sort Method": "quicksort",
                                                              "Sort Space Used": 7101,
                                                              "Sort Space Type": "Memory"
                                                            }
                                                          ],
                                                          "Plans": [
                                                            {
                                                              "Node Type": "Merge Join",
                                                              "Parent Relationship": "Outer",
                                                              "Parallel Aware": false,
                                                              "Join Type": "Inner",
                                                              "Startup Cost": 7393.66,
                                                              "Total Cost": 7646.96,
                                                              "Plan Rows": 8443,
                                                              "Plan Width": 4,
                                                              "Actual Startup Time": 62.844,
                                                              "Actual Total Time": 79.474,
                                                              "Actual Rows": 85941,
                                                              "Actual Loops": 2,
                                                              "Inner Unique": true,
                                                              "Merge Cond": "(cc.status_id = cct2.id)",
                                                              "Plans": [
                                                                {
                                                                  "Node Type": "Sort",
                                                                  "Parent Relationship": "Outer",
                                                                  "Parallel Aware": false,
                                                                  "Startup Cost": 7392.6,
                                                                  "Total Cost": 7477.03,
                                                                  "Plan Rows": 33772,
                                                                  "Plan Width": 8,
                                                                  "Actual Startup Time": 62.755,
                                                                  "Actual Total Time": 67.761,
                                                                  "Actual Rows": 85941,
                                                                  "Actual Loops": 2,
                                                                  "Sort Key": [
                                                                    "cc.status_id"
                                                                  ],
                                                                  "Sort Method": "quicksort",
                                                                  "Sort Space Used": 7101,
                                                                  "Sort Space Type": "Memory",
                                                                  "Workers": [
                                                                    {
                                                                      "Worker Number": 0,
                                                                      "Sort Method": "quicksort",
                                                                      "Sort Space Used": 7101,
                                                                      "Sort Space Type": "Memory"
                                                                    }
                                                                  ],
                                                                  "Plans": [
                                                                    {
                                                                      "Node Type": "Merge Join",
                                                                      "Parent Relationship": "Outer",
                                                                      "Parallel Aware": false,
                                                                      "Join Type": "Inner",
                                                                      "Startup Cost": 0.55,
                                                                      "Total Cost": 4852.35,
                                                                      "Plan Rows": 33772,
                                                                      "Plan Width": 8,
                                                                      "Actual Startup Time": 0.139,
                                                                      "Actual Total Time": 40.406,
                                                                      "Actual Rows": 85941,
                                                                      "Actual Loops": 2,
                                                                      "Inner Unique": true,
                                                                      "Merge Cond": "(cc.subject_id = cct1.id)",
                                                                      "Plans": [
                                                                        {
                                                                          "Node Type": "Index Scan",
                                                                          "Parent Relationship": "Outer",
                                                                          "Parallel Aware": false,
                                                                          "Scan Direction": "Forward",
                                                                          "Index Name": "subject_id_complete_cast",
                                                                          "Relation Name": "complete_cast",
                                                                          "Alias": "cc",
                                                                          "Startup Cost": 0.42,
                                                                          "Total Cost": 4164.71,
                                                                          "Plan Rows": 135086,
                                                                          "Plan Width": 12,
                                                                          "Actual Startup Time": 0.092,
                                                                          "Actual Total Time": 25.403,
                                                                          "Actual Rows": 85942,
                                                                          "Actual Loops": 2
                                                                        },
                                                                        {
                                                                          "Node Type": "Index Scan",
                                                                          "Parent Relationship": "Inner",
                                                                          "Parallel Aware": false,
                                                                          "Scan Direction": "Forward",
                                                                          "Index Name": "comp_cast_type_pkey",
                                                                          "Relation Name": "comp_cast_type",
                                                                          "Alias": "cct1",
                                                                          "Startup Cost": 0.13,
                                                                          "Total Cost": 12.2,
                                                                          "Plan Rows": 1,
                                                                          "Plan Width": 4,
                                                                          "Actual Startup Time": 0.043,
                                                                          "Actual Total Time": 0.053,
                                                                          "Actual Rows": 1,
                                                                          "Actual Loops": 2,
                                                                          "Filter": "((kind)::text = 'cast'::text)",
                                                                          "Rows Removed by Filter": 3
                                                                        }
                                                                      ]
                                                                    }
                                                                  ]
                                                                },
                                                                {
                                                                  "Node Type": "Sort",
                                                                  "Parent Relationship": "Inner",
                                                                  "Parallel Aware": false,
                                                                  "Startup Cost": 1.06,
                                                                  "Total Cost": 1.06,
                                                                  "Plan Rows": 1,
                                                                  "Plan Width": 4,
                                                                  "Actual Startup Time": 0.077,
                                                                  "Actual Total Time": 0.079,
                                                                  "Actual Rows": 2,
                                                                  "Actual Loops": 2,
                                                                  "Sort Key": [
                                                                    "cct2.id"
                                                                  ],
                                                                  "Sort Method": "quicksort",
                                                                  "Sort Space Used": 25,
                                                                  "Sort Space Type": "Memory",
                                                                  "Workers": [
                                                                    {
                                                                      "Worker Number": 0,
                                                                      "Sort Method": "quicksort",
                                                                      "Sort Space Used": 25,
                                                                      "Sort Space Type": "Memory"
                                                                    }
                                                                  ],
                                                                  "Plans": [
                                                                    {
                                                                      "Node Type": "Seq Scan",
                                                                      "Parent Relationship": "Outer",
                                                                      "Parallel Aware": false,
                                                                      "Relation Name": "comp_cast_type",
                                                                      "Alias": "cct2",
                                                                      "Startup Cost": 0.0,
                                                                      "Total Cost": 1.05,
                                                                      "Plan Rows": 1,
                                                                      "Plan Width": 4,
                                                                      "Actual Startup Time": 0.053,
                                                                      "Actual Total Time": 0.054,
                                                                      "Actual Rows": 2,
                                                                      "Actual Loops": 2,
                                                                      "Filter": "((kind)::text ~~ '%complete%'::text)",
                                                                      "Rows Removed by Filter": 2
                                                                    }
                                                                  ]
                                                                }
                                                              ]
                                                            }
                                                          ]
                                                        }
                                                      ]
                                                    }
                                                  ]
                                                }
                                              ]
                                            }
                                          ]
                                        },
                                        {
                                          "Node Type": "Sort",
                                          "Parent Relationship": "Inner",
                                          "Parallel Aware": false,
                                          "Startup Cost": 3632.52,
                                          "Total Cost": 3632.54,
                                          "Plan Rows": 8,
                                          "Plan Width": 4,
                                          "Actual Startup Time": 21.529,
                                          "Actual Total Time": 21.533,
                                          "Actual Rows": 8,
                                          "Actual Loops": 2,
                                          "Sort Key": [
                                            "k.id"
                                          ],
                                          "Sort Method": "quicksort",
                                          "Sort Space Used": 25,
                                          "Sort Space Type": "Memory",
                                          "Workers": [
                                            {
                                              "Worker Number": 0,
                                              "Sort Method": "quicksort",
                                              "Sort Space Used": 25,
                                              "Sort Space Type": "Memory"
                                            }
                                          ],
                                          "Plans": [
                                            {
                                              "Node Type": "Seq Scan",
                                              "Parent Relationship": "Outer",
                                              "Parallel Aware": false,
                                              "Relation Name": "keyword",
                                              "Alias": "k",
                                              "Startup Cost": 0.0,
                                              "Total Cost": 3632.4,
                                              "Plan Rows": 8,
                                              "Plan Width": 4,
                                              "Actual Startup Time": 0.115,
                                              "Actual Total Time": 21.516,
                                              "Actual Rows": 8,
                                              "Actual Loops": 2,
                                              "Filter": "(keyword = ANY ('{superhero,sequel,second-part,marvel-comics,based-on-comic,tv-special,fight,violence}'::text[]))",
                                              "Rows Removed by Filter": 134162
                                            }
                                          ]
                                        }
                                      ]
                                    }
                                  ]
                                },
                                {
                                  "Node Type": "Sort",
                                  "Parent Relationship": "Inner",
                                  "Parallel Aware": false,
                                  "Startup Cost": 1.1,
                                  "Total Cost": 1.1,
                                  "Plan Rows": 1,
                                  "Plan Width": 4,
                                  "Actual Startup Time": 0.04,
                                  "Actual Total Time": 0.041,
                                  "Actual Rows": 1,
                                  "Actual Loops": 2,
                                  "Sort Key": [
                                    "kt.id"
                                  ],
                                  "Sort Method": "quicksort",
                                  "Sort Space Used": 25,
                                  "Sort Space Type": "Memory",
                                  "Workers": [
                                    {
                                      "Worker Number": 0,
                                      "Sort Method": "quicksort",
                                      "Sort Space Used": 25,
                                      "Sort Space Type": "Memory"
                                    }
                                  ],
                                  "Plans": [
                                    {
                                      "Node Type": "Seq Scan",
                                      "Parent Relationship": "Outer",
                                      "Parallel Aware": false,
                                      "Relation Name": "kind_type",
                                      "Alias": "kt",
                                      "Startup Cost": 0.0,
                                      "Total Cost": 1.09,
                                      "Plan Rows": 1,
                                      "Plan Width": 4,
                                      "Actual Startup Time": 0.032,
                                      "Actual Total Time": 0.033,
                                      "Actual Rows": 1,
                                      "Actual Loops": 2,
                                      "Filter": "((kind)::text = 'movie'::text)",
                                      "Rows Removed by Filter": 6
                                    }
                                  ]
                                }
                              ]
                            }
                          ]
                        }
                      ]
                    }
                  ]
                }
              ]
            }
          ]
        }
      ]
    },
    "Planning Time": 841.859,
    "Triggers": [],
    "Execution Time": 6373.989
  }
]