{
    "Plan": {
        "Node Type": "Aggregate",
        "Strategy": "Plain",
        "Partial Mode": "Finalize",
        "Parallel Aware": false,
        "Startup Cost": 96641.36,
        "Total Cost": 96641.37,
        "Plan Rows": 1,
        "Plan Width": 8,
        "Actual Startup Time": 374.452,
        "Actual Total Time": 412.237,
        "Actual Rows": 1,
        "Actual Loops": 1,
        "Output": [
            "count(*)"
        ],
        "Plans": [
            {
                "Node Type": "Gather",
                "Parent Relationship": "Outer",
                "Parallel Aware": false,
                "Startup Cost": 96641.14,
                "Total Cost": 96641.35,
                "Plan Rows": 2,
                "Plan Width": 8,
                "Actual Startup Time": 373.785,
                "Actual Total Time": 412.228,
                "Actual Rows": 3,
                "Actual Loops": 1,
                "Output": [
                    "(PARTIAL count(*))"
                ],
                "Workers Planned": 2,
                "Workers Launched": 2,
                "Single Copy": false,
                "Plans": [
                    {
                        "Node Type": "Aggregate",
                        "Strategy": "Plain",
                        "Partial Mode": "Partial",
                        "Parent Relationship": "Outer",
                        "Parallel Aware": false,
                        "Startup Cost": 95641.14,
                        "Total Cost": 95641.15,
                        "Plan Rows": 1,
                        "Plan Width": 8,
                        "Actual Startup Time": 366.682,
                        "Actual Total Time": 366.686,
                        "Actual Rows": 1,
                        "Actual Loops": 3,
                        "Output": [
                            "PARTIAL count(*)"
                        ],
                        "Workers": [
                            {
                                "Worker Number": 0,
                                "Actual Startup Time": 362.634,
                                "Actual Total Time": 362.638,
                                "Actual Rows": 1,
                                "Actual Loops": 1
                            },
                            {
                                "Worker Number": 1,
                                "Actual Startup Time": 364.259,
                                "Actual Total Time": 364.263,
                                "Actual Rows": 1,
                                "Actual Loops": 1
                            }
                        ],
                        "Plans": [
                            {
                                "Node Type": "Nested Loop",
                                "Parent Relationship": "Outer",
                                "Parallel Aware": false,
                                "Join Type": "Inner",
                                "Startup Cost": 44162.8,
                                "Total Cost": 95613.64,
                                "Plan Rows": 11000,
                                "Plan Width": 0,
                                "Actual Startup Time": 125.102,
                                "Actual Total Time": 365.811,
                                "Actual Rows": 12956,
                                "Actual Loops": 3,
                                "Inner Unique": false,
                                "Join Filter": "(t.id = mi.movie_id)",
                                "Rows Removed by Join Filter": 0,
                                "Workers": [
                                    {
                                        "Worker Number": 0,
                                        "Actual Startup Time": 121.128,
                                        "Actual Total Time": 361.84,
                                        "Actual Rows": 10927,
                                        "Actual Loops": 1
                                    },
                                    {
                                        "Worker Number": 1,
                                        "Actual Startup Time": 123.144,
                                        "Actual Total Time": 363.498,
                                        "Actual Rows": 10217,
                                        "Actual Loops": 1
                                    }
                                ],
                                "Plans": [
                                    {
                                        "Node Type": "Hash Join",
                                        "Parent Relationship": "Outer",
                                        "Parallel Aware": true,
                                        "Join Type": "Inner",
                                        "Startup Cost": 44162.37,
                                        "Total Cost": 59356.93,
                                        "Plan Rows": 19167,
                                        "Plan Width": 8,
                                        "Actual Startup Time": 124.406,
                                        "Actual Total Time": 205.511,
                                        "Actual Rows": 17036,
                                        "Actual Loops": 3,
                                        "Output": [
                                            "t.id",
                                            "mi_idx.movie_id"
                                        ],
                                        "Inner Unique": true,
                                        "Hash Cond": "(mi_idx.movie_id = t.id)",
                                        "Workers": [
                                            {
                                                "Worker Number": 0,
                                                "Actual Startup Time": 120.647,
                                                "Actual Total Time": 192.827,
                                                "Actual Rows": 14614,
                                                "Actual Loops": 1
                                            },
                                            {
                                                "Worker Number": 1,
                                                "Actual Startup Time": 121.828,
                                                "Actual Total Time": 194.318,
                                                "Actual Rows": 13254,
                                                "Actual Loops": 1
                                            }
                                        ],
                                        "Plans": [
                                            {
                                                "Node Type": "Seq Scan",
                                                "Parent Relationship": "Outer",
                                                "Parallel Aware": true,
                                                "Relation Name": "movie_info_idx",
                                                "Schema": "public",
                                                "Alias": "mi_idx",
                                                "Startup Cost": 0.0,
                                                "Total Cost": 13685.15,
                                                "Plan Rows": 575015,
                                                "Plan Width": 4,
                                                "Actual Startup Time": 0.008,
                                                "Actual Total Time": 34.015,
                                                "Actual Rows": 460012,
                                                "Actual Loops": 3,
                                                "Output": [
                                                    "mi_idx.id",
                                                    "mi_idx.movie_id",
                                                    "mi_idx.info_type_id",
                                                    "mi_idx.info",
                                                    "mi_idx.note"
                                                ],
                                                "Workers": [
                                                    {
                                                        "Worker Number": 0,
                                                        "Actual Startup Time": 0.009,
                                                        "Actual Total Time": 31.203,
                                                        "Actual Rows": 396212,
                                                        "Actual Loops": 1
                                                    },
                                                    {
                                                        "Worker Number": 1,
                                                        "Actual Startup Time": 0.009,
                                                        "Actual Total Time": 30.752,
                                                        "Actual Rows": 361428,
                                                        "Actual Loops": 1
                                                    }
                                                ]
                                            },
                                            {
                                                "Node Type": "Hash",
                                                "Parent Relationship": "Inner",
                                                "Parallel Aware": true,
                                                "Startup Cost": 43899.01,
                                                "Total Cost": 43899.01,
                                                "Plan Rows": 21069,
                                                "Plan Width": 4,
                                                "Actual Startup Time": 122.559,
                                                "Actual Total Time": 122.56,
                                                "Actual Rows": 28198,
                                                "Actual Loops": 3,
                                                "Output": [
                                                    "t.id"
                                                ],
                                                "Hash Buckets": 131072,
                                                "Original Hash Buckets": 131072,
                                                "Hash Batches": 1,
                                                "Original Hash Batches": 1,
                                                "Peak Memory Usage": 4384,
                                                "Workers": [
                                                    {
                                                        "Worker Number": 0,
                                                        "Actual Startup Time": 119.973,
                                                        "Actual Total Time": 119.974,
                                                        "Actual Rows": 23012,
                                                        "Actual Loops": 1
                                                    },
                                                    {
                                                        "Worker Number": 1,
                                                        "Actual Startup Time": 121.272,
                                                        "Actual Total Time": 121.273,
                                                        "Actual Rows": 24012,
                                                        "Actual Loops": 1
                                                    }
                                                ],
                                                "Plans": [
                                                    {
                                                        "Node Type": "Seq Scan",
                                                        "Parent Relationship": "Outer",
                                                        "Parallel Aware": true,
                                                        "Relation Name": "title",
                                                        "Schema": "public",
                                                        "Alias": "t",
                                                        "Startup Cost": 0.0,
                                                        "Total Cost": 43899.01,
                                                        "Plan Rows": 21069,
                                                        "Plan Width": 4,
                                                        "Actual Startup Time": 0.049,
                                                        "Actual Total Time": 111.473,
                                                        "Actual Rows": 28198,
                                                        "Actual Loops": 3,
                                                        "Output": [
                                                            "t.id"
                                                        ],
                                                        "Filter": "(t.production_year = 2004)",
                                                        "Rows Removed by Filter": 814573,
                                                        "Workers": [
                                                            {
                                                                "Worker Number": 0,
                                                                "Actual Startup Time": 0.064,
                                                                "Actual Total Time": 108.793,
                                                                "Actual Rows": 23012,
                                                                "Actual Loops": 1
                                                            },
                                                            {
                                                                "Worker Number": 1,
                                                                "Actual Startup Time": 0.057,
                                                                "Actual Total Time": 111.328,
                                                                "Actual Rows": 24012,
                                                                "Actual Loops": 1
                                                            }
                                                        ]
                                                    }
                                                ]
                                            }
                                        ]
                                    },
                                    {
                                        "Node Type": "Index Scan",
                                        "Parent Relationship": "Inner",
                                        "Parallel Aware": false,
                                        "Scan Direction": "Forward",
                                        "Index Name": "movie_id_movie_info",
                                        "Relation Name": "movie_info",
                                        "Schema": "public",
                                        "Alias": "mi",
                                        "Startup Cost": 0.43,
                                        "Total Cost": 1.84,
                                        "Plan Rows": 4,
                                        "Plan Width": 4,
                                        "Actual Startup Time": 0.007,
                                        "Actual Total Time": 0.009,
                                        "Actual Rows": 1,
                                        "Actual Loops": 51108,
                                        "Output": [
                                            "mi.id",
                                            "mi.movie_id",
                                            "mi.info_type_id",
                                            "mi.info",
                                            "mi.note"
                                        ],
                                        "Index Cond": "(mi.movie_id = mi_idx.movie_id)",
                                        "Rows Removed by Index Recheck": 0,
                                        "Filter": "(mi.info_type_id = 7)",
                                        "Rows Removed by Filter": 14,
                                        "Workers": [
                                            {
                                                "Worker Number": 0,
                                                "Actual Startup Time": 0.008,
                                                "Actual Total Time": 0.011,
                                                "Actual Rows": 1,
                                                "Actual Loops": 14614
                                            },
                                            {
                                                "Worker Number": 1,
                                                "Actual Startup Time": 0.009,
                                                "Actual Total Time": 0.012,
                                                "Actual Rows": 1,
                                                "Actual Loops": 13254
                                            }
                                        ]
                                    }
                                ]
                            }
                        ]
                    }
                ]
            }
        ]
    },
    "Planning Time": 1.451,
    "Triggers": [],
    "Execution Time": 412.33
}