[
  {
    "Plan": {
      "Node Type": "Aggregate",
      "Strategy": "Plain",
      "Partial Mode": "Finalize",
      "Parallel Aware": false,
      "Startup Cost": 240542.16,
      "Total Cost": 240542.17,
      "Plan Rows": 1,
      "Plan Width": 8,
      "Actual Startup Time": 3267.5,
      "Actual Total Time": 3354.002,
      "Actual Rows": 1,
      "Actual Loops": 1,
      "Plans": [
        {
          "Node Type": "Gather",
          "Parent Relationship": "Outer",
          "Parallel Aware": false,
          "Startup Cost": 240541.84,
          "Total Cost": 240542.15,
          "Plan Rows": 3,
          "Plan Width": 8,
          "Actual Startup Time": 3262.276,
          "Actual Total Time": 3353.991,
          "Actual Rows": 4,
          "Actual Loops": 1,
          "Workers Planned": 3,
          "Workers Launched": 3,
          "Single Copy": false,
          "Plans": [
            {
              "Node Type": "Aggregate",
              "Strategy": "Plain",
              "Partial Mode": "Partial",
              "Parent Relationship": "Outer",
              "Parallel Aware": false,
              "Startup Cost": 239541.84,
              "Total Cost": 239541.85,
              "Plan Rows": 1,
              "Plan Width": 8,
              "Actual Startup Time": 3253.111,
              "Actual Total Time": 3253.115,
              "Actual Rows": 1,
              "Actual Loops": 4,
              "Plans": [
                {
                  "Node Type": "Nested Loop",
                  "Parent Relationship": "Outer",
                  "Parallel Aware": false,
                  "Join Type": "Inner",
                  "Startup Cost": 55166.51,
                  "Total Cost": 237830.02,
                  "Plan Rows": 684728,
                  "Plan Width": 0,
                  "Actual Startup Time": 209.699,
                  "Actual Total Time": 3071.321,
                  "Actual Rows": 4119664,
                  "Actual Loops": 4,
                  "Inner Unique": false,
                  "Plans": [
                    {
                      "Node Type": "Hash Join",
                      "Parent Relationship": "Outer",
                      "Parallel Aware": true,
                      "Join Type": "Inner",
                      "Startup Cost": 55165.95,
                      "Total Cost": 81498.77,
                      "Plan Rows": 48711,
                      "Plan Width": 8,
                      "Actual Startup Time": 209.589,
                      "Actual Total Time": 290.307,
                      "Actual Rows": 83439,
                      "Actual Loops": 4,
                      "Inner Unique": true,
                      "Hash Cond": "(mk.movie_id = t.id)",
                      "Plans": [
                        {
                          "Node Type": "Bitmap Heap Scan",
                          "Parent Relationship": "Outer",
                          "Parallel Aware": true,
                          "Relation Name": "movie_keyword",
                          "Alias": "mk",
                          "Startup Cost": 8168.82,
                          "Total Cost": 34175.57,
                          "Plan Rows": 124220,
                          "Plan Width": 4,
                          "Actual Startup Time": 25.255,
                          "Actual Total Time": 65.919,
                          "Actual Rows": 93013,
                          "Actual Loops": 4,
                          "Recheck Cond": "(keyword_id > 45501)",
                          "Rows Removed by Index Recheck": 0,
                          "Exact Heap Blocks": 6567,
                          "Lossy Heap Blocks": 0,
                          "Plans": [
                            {
                              "Node Type": "Bitmap Index Scan",
                              "Parent Relationship": "Outer",
                              "Parallel Aware": false,
                              "Index Name": "keyword_id_movie_keyword",
                              "Startup Cost": 0.0,
                              "Total Cost": 8072.55,
                              "Plan Rows": 385082,
                              "Plan Width": 0,
                              "Actual Startup Time": 21.795,
                              "Actual Total Time": 21.796,
                              "Actual Rows": 372052,
                              "Actual Loops": 1,
                              "Index Cond": "(keyword_id > 45501)"
                            }
                          ]
                        },
                        {
                          "Node Type": "Hash",
                          "Parent Relationship": "Inner",
                          "Parallel Aware": true,
                          "Startup Cost": 43898.92,
                          "Total Cost": 43898.92,
                          "Plan Rows": 247857,
                          "Plan Width": 4,
                          "Actual Startup Time": 179.564,
                          "Actual Total Time": 179.565,
                          "Actual Rows": 246262,
                          "Actual Loops": 4,
                          "Hash Buckets": 1048576,
                          "Original Hash Buckets": 1048576,
                          "Hash Batches": 1,
                          "Original Hash Batches": 1,
                          "Peak Memory Usage": 46784,
                          "Plans": [
                            {
                              "Node Type": "Seq Scan",
                              "Parent Relationship": "Outer",
                              "Parallel Aware": true,
                              "Relation Name": "title",
                              "Alias": "t",
                              "Startup Cost": 0.0,
                              "Total Cost": 43898.92,
                              "Plan Rows": 247857,
                              "Plan Width": 4,
                              "Actual Startup Time": 0.051,
                              "Actual Total Time": 100.796,
                              "Actual Rows": 246262,
                              "Actual Loops": 4,
                              "Filter": "(kind_id < 7)",
                              "Rows Removed by Filter": 385816
                            }
                          ]
                        }
                      ]
                    },
                    {
                      "Node Type": "Index Scan",
                      "Parent Relationship": "Inner",
                      "Parallel Aware": false,
                      "Scan Direction": "Forward",
                      "Index Name": "movie_id_cast_info",
                      "Relation Name": "cast_info",
                      "Alias": "ci",
                      "Startup Cost": 0.56,
                      "Total Cost": 2.85,
                      "Plan Rows": 36,
                      "Plan Width": 4,
                      "Actual Startup Time": 0.004,
                      "Actual Total Time": 0.03,
                      "Actual Rows": 49,
                      "Actual Loops": 333757,
                      "Index Cond": "(movie_id = t.id)",
                      "Rows Removed by Index Recheck": 0,
                      "Filter": "(person_id > 71221)",
                      "Rows Removed by Filter": 1
                    }
                  ]
                }
              ]
            }
          ]
        }
      ]
    },
    "Planning Time": 1.429,
    "Triggers": [],
    "Execution Time": 3354.139
  }
]