{
  "Plan": {
    "Node Type": "Aggregate",
    "Strategy": "Plain",
    "Partial Mode": "Simple",
    "Parallel Aware": false,
    "Startup Cost": 178164.47,
    "Total Cost": 178164.48,
    "Plan Rows": 1,
    "Plan Width": 8,
    "Actual Startup Time": 2302.757,
    "Actual Total Time": 2302.76,
    "Actual Rows": 1,
    "Actual Loops": 1,
    "Plans": [
      {
        "Node Type": "Hash Join",
        "Parent Relationship": "Outer",
        "Parallel Aware": false,
        "Join Type": "Inner",
        "Startup Cost": 177103.51,
        "Total Cost": 178164.22,
        "Plan Rows": 101,
        "Plan Width": 0,
        "Actual Startup Time": 2302.68,
        "Actual Total Time": 2302.739,
        "Actual Rows": 384,
        "Actual Loops": 1,
        "Inner Unique": false,
        "Hash Cond": "(ci.movie_id = t.id)",
        "Plans": [
          {
            "Node Type": "Index Scan",
            "Parent Relationship": "Outer",
            "Parallel Aware": false,
            "Scan Direction": "Forward",
            "Index Name": "person_id_cast_info",
            "Relation Name": "cast_info",
            "Alias": "ci",
            "Startup Cost": 0.56,
            "Total Cost": 1059.67,
            "Plan Rows": 118,
            "Plan Width": 4,
            "Actual Startup Time": 0.205,
            "Actual Total Time": 0.214,
            "Actual Rows": 24,
            "Actual Loops": 1,
            "Index Cond": "(person_id = 2772075)",
            "Rows Removed by Index Recheck": 0,
            "Filter": "(role_id > 5)",
            "Rows Removed by Filter": 1
          },
          {
            "Node Type": "Hash",
            "Parent Relationship": "Inner",
            "Parallel Aware": false,
            "Startup Cost": 149983.75,
            "Total Cost": 149983.75,
            "Plan Rows": 2169536,
            "Plan Width": 8,
            "Actual Startup Time": 2266.658,
            "Actual Total Time": 2266.66,
            "Actual Rows": 2173857,
            "Actual Loops": 1,
            "Hash Buckets": 4194304,
            "Original Hash Buckets": 4194304,
            "Hash Batches": 1,
            "Original Hash Batches": 1,
            "Peak Memory Usage": 117685,
            "Plans": [
              {
                "Node Type": "Hash Join",
                "Parent Relationship": "Outer",
                "Parallel Aware": false,
                "Join Type": "Inner",
                "Startup Cost": 92884.59,
                "Total Cost": 149983.75,
                "Plan Rows": 2169536,
                "Plan Width": 8,
                "Actual Startup Time": 869.681,
                "Actual Total Time": 1788.477,
                "Actual Rows": 2173857,
                "Actual Loops": 1,
                "Inner Unique": true,
                "Hash Cond": "(mc.movie_id = t.id)",
                "Plans": [
                  {
                    "Node Type": "Seq Scan",
                    "Parent Relationship": "Outer",
                    "Parallel Aware": false,
                    "Relation Name": "movie_companies",
                    "Alias": "mc",
                    "Startup Cost": 0.0,
                    "Total Cost": 51404.11,
                    "Plan Rows": 2169536,
                    "Plan Width": 4,
                    "Actual Startup Time": 0.168,
                    "Actual Total Time": 257.679,
                    "Actual Rows": 2173857,
                    "Actual Loops": 1,
                    "Filter": "(company_id > 312)",
                    "Rows Removed by Filter": 435272
                  },
                  {
                    "Node Type": "Hash",
                    "Parent Relationship": "Inner",
                    "Parallel Aware": false,
                    "Startup Cost": 61280.93,
                    "Total Cost": 61280.93,
                    "Plan Rows": 2528293,
                    "Plan Width": 4,
                    "Actual Startup Time": 851.737,
                    "Actual Total Time": 851.738,
                    "Actual Rows": 2528312,
                    "Actual Loops": 1,
                    "Hash Buckets": 4194304,
                    "Original Hash Buckets": 4194304,
                    "Hash Batches": 1,
                    "Original Hash Batches": 1,
                    "Peak Memory Usage": 121654,
                    "Plans": [
                      {
                        "Node Type": "Seq Scan",
                        "Parent Relationship": "Outer",
                        "Parallel Aware": false,
                        "Relation Name": "title",
                        "Alias": "t",
                        "Startup Cost": 0.0,
                        "Total Cost": 61280.93,
                        "Plan Rows": 2528293,
                        "Plan Width": 4,
                        "Actual Startup Time": 0.012,
                        "Actual Total Time": 255.143,
                        "Actual Rows": 2528312,
                        "Actual Loops": 1
                      }
                    ]
                  }
                ]
              }
            ]
          }
        ]
      }
    ]
  },
  "Planning Time": 0.953,
  "Triggers": [],
  "Execution Time": 2317.256
}