[
    {
        "Bao": {
            "Bao prediction": 500.764,
            "Bao recommended hint": "(no hint)"
        }
    },
    {
        "Plan": {
            "Node Type": "Aggregate",
            "Strategy": "Plain",
            "Partial Mode": "Finalize",
            "Parallel Aware": false,
            "Startup Cost": 336477.33,
            "Total Cost": 336477.34,
            "Plan Rows": 1,
            "Plan Width": 8,
            "Actual Startup Time": 874.722,
            "Actual Total Time": 907.187,
            "Actual Rows": 1,
            "Actual Loops": 1,
            "Output": [
                "count(*)"
            ],
            "Plans": [
                {
                    "Node Type": "Gather",
                    "Parent Relationship": "Outer",
                    "Parallel Aware": false,
                    "Startup Cost": 336476.71,
                    "Total Cost": 336477.32,
                    "Plan Rows": 6,
                    "Plan Width": 8,
                    "Actual Startup Time": 874.628,
                    "Actual Total Time": 907.178,
                    "Actual Rows": 7,
                    "Actual Loops": 1,
                    "Output": [
                        "(PARTIAL count(*))"
                    ],
                    "Workers Planned": 6,
                    "Workers Launched": 6,
                    "Single Copy": false,
                    "Plans": [
                        {
                            "Node Type": "Aggregate",
                            "Strategy": "Plain",
                            "Partial Mode": "Partial",
                            "Parent Relationship": "Outer",
                            "Parallel Aware": false,
                            "Startup Cost": 335476.71,
                            "Total Cost": 335476.72,
                            "Plan Rows": 1,
                            "Plan Width": 8,
                            "Actual Startup Time": 864.883,
                            "Actual Total Time": 864.884,
                            "Actual Rows": 1,
                            "Actual Loops": 7,
                            "Output": [
                                "PARTIAL count(*)"
                            ],
                            "Workers": [
                                {
                                    "Worker Number": 0,
                                    "Actual Startup Time": 862.926,
                                    "Actual Total Time": 862.926,
                                    "Actual Rows": 1,
                                    "Actual Loops": 1
                                },
                                {
                                    "Worker Number": 1,
                                    "Actual Startup Time": 863.136,
                                    "Actual Total Time": 863.137,
                                    "Actual Rows": 1,
                                    "Actual Loops": 1
                                },
                                {
                                    "Worker Number": 2,
                                    "Actual Startup Time": 863.196,
                                    "Actual Total Time": 863.197,
                                    "Actual Rows": 1,
                                    "Actual Loops": 1
                                },
                                {
                                    "Worker Number": 3,
                                    "Actual Startup Time": 863.76,
                                    "Actual Total Time": 863.761,
                                    "Actual Rows": 1,
                                    "Actual Loops": 1
                                },
                                {
                                    "Worker Number": 4,
                                    "Actual Startup Time": 864.217,
                                    "Actual Total Time": 864.217,
                                    "Actual Rows": 1,
                                    "Actual Loops": 1
                                },
                                {
                                    "Worker Number": 5,
                                    "Actual Startup Time": 863.131,
                                    "Actual Total Time": 863.132,
                                    "Actual Rows": 1,
                                    "Actual Loops": 1
                                }
                            ],
                            "Plans": [
                                {
                                    "Node Type": "Seq Scan",
                                    "Parent Relationship": "Outer",
                                    "Parallel Aware": true,
                                    "Relation Name": "cast_info",
                                    "Schema": "public",
                                    "Alias": "ci",
                                    "Startup Cost": 0.0,
                                    "Total Cost": 328213.62,
                                    "Plan Rows": 2905236,
                                    "Plan Width": 0,
                                    "Actual Startup Time": 244.887,
                                    "Actual Total Time": 714.031,
                                    "Actual Rows": 2504888,
                                    "Actual Loops": 7,
                                    "Output": [
                                        "id",
                                        "person_id",
                                        "movie_id",
                                        "person_role_id",
                                        "note",
                                        "nr_order",
                                        "role_id"
                                    ],
                                    "Filter": "(ci.person_id > 1864387)",
                                    "Rows Removed by Filter": 2672875,
                                    "Workers": [
                                        {
                                            "Worker Number": 0,
                                            "Actual Startup Time": 242.947,
                                            "Actual Total Time": 717.648,
                                            "Actual Rows": 2203951,
                                            "Actual Loops": 1
                                        },
                                        {
                                            "Worker Number": 1,
                                            "Actual Startup Time": 243.164,
                                            "Actual Total Time": 717.099,
                                            "Actual Rows": 2212757,
                                            "Actual Loops": 1
                                        },
                                        {
                                            "Worker Number": 2,
                                            "Actual Startup Time": 243.163,
                                            "Actual Total Time": 716.777,
                                            "Actual Rows": 2213870,
                                            "Actual Loops": 1
                                        },
                                        {
                                            "Worker Number": 3,
                                            "Actual Startup Time": 243.763,
                                            "Actual Total Time": 718.191,
                                            "Actual Rows": 2208332,
                                            "Actual Loops": 1
                                        },
                                        {
                                            "Worker Number": 4,
                                            "Actual Startup Time": 244.213,
                                            "Actual Total Time": 717.36,
                                            "Actual Rows": 2225445,
                                            "Actual Loops": 1
                                        },
                                        {
                                            "Worker Number": 5,
                                            "Actual Startup Time": 243.155,
                                            "Actual Total Time": 716.245,
                                            "Actual Rows": 2221061,
                                            "Actual Loops": 1
                                        }
                                    ]
                                }
                            ]
                        }
                    ]
                }
            ]
        },
        "Planning Time": 1089.963,
        "Triggers": [],
        "Execution Time": 907.287
    }
]