[
  {
    "Plan": {
      "Node Type": "Aggregate",
      "Strategy": "Plain",
      "Partial Mode": "Finalize",
      "Parallel Aware": false,
      "Startup Cost": 31943.27,
      "Total Cost": 31943.28,
      "Plan Rows": 1,
      "Plan Width": 8,
      "Actual Startup Time": 129.978,
      "Actual Total Time": 137.848,
      "Actual Rows": 1,
      "Actual Loops": 1,
      "Plans": [
        {
          "Node Type": "Gather",
          "Parent Relationship": "Outer",
          "Parallel Aware": false,
          "Startup Cost": 31942.95,
          "Total Cost": 31943.26,
          "Plan Rows": 3,
          "Plan Width": 8,
          "Actual Startup Time": 129.886,
          "Actual Total Time": 137.841,
          "Actual Rows": 4,
          "Actual Loops": 1,
          "Workers Planned": 3,
          "Workers Launched": 3,
          "Single Copy": false,
          "Plans": [
            {
              "Node Type": "Aggregate",
              "Strategy": "Plain",
              "Partial Mode": "Partial",
              "Parent Relationship": "Outer",
              "Parallel Aware": false,
              "Startup Cost": 30942.95,
              "Total Cost": 30942.96,
              "Plan Rows": 1,
              "Plan Width": 8,
              "Actual Startup Time": 121.59,
              "Actual Total Time": 121.591,
              "Actual Rows": 1,
              "Actual Loops": 4,
              "Plans": [
                {
                  "Node Type": "Seq Scan",
                  "Parent Relationship": "Outer",
                  "Parallel Aware": true,
                  "Relation Name": "movie_companies",
                  "Alias": "mc",
                  "Startup Cost": 0.0,
                  "Total Cost": 29310.68,
                  "Plan Rows": 652907,
                  "Plan Width": 0,
                  "Actual Startup Time": 0.048,
                  "Actual Total Time": 92.177,
                  "Actual Rows": 502574,
                  "Actual Loops": 4,
                  "Filter": "(company_id < 68137)",
                  "Rows Removed by Filter": 149708
                }
              ]
            }
          ]
        }
      ]
    },
    "Planning Time": 0.184,
    "Triggers": [],
    "Execution Time": 137.905
  }
]