{
  "Plan": {
    "Node Type": "Aggregate",
    "Strategy": "Plain",
    "Partial Mode": "Finalize",
    "Parallel Aware": false,
    "Startup Cost": 100261.13,
    "Total Cost": 100261.14,
    "Plan Rows": 1,
    "Plan Width": 8,
    "Actual Startup Time": 353.136,
    "Actual Total Time": 370.551,
    "Actual Rows": 1,
    "Actual Loops": 1,
    "Plans": [
      {
        "Node Type": "Gather",
        "Parent Relationship": "Outer",
        "Parallel Aware": false,
        "Startup Cost": 100261.02,
        "Total Cost": 100261.13,
        "Plan Rows": 1,
        "Plan Width": 8,
        "Actual Startup Time": 352.085,
        "Actual Total Time": 370.544,
        "Actual Rows": 2,
        "Actual Loops": 1,
        "Workers Planned": 1,
        "Workers Launched": 1,
        "Single Copy": false,
        "Plans": [
          {
            "Node Type": "Aggregate",
            "Strategy": "Plain",
            "Partial Mode": "Partial",
            "Parent Relationship": "Outer",
            "Parallel Aware": false,
            "Startup Cost": 99261.02,
            "Total Cost": 99261.03,
            "Plan Rows": 1,
            "Plan Width": 8,
            "Actual Startup Time": 346.094,
            "Actual Total Time": 346.099,
            "Actual Rows": 1,
            "Actual Loops": 2,
            "Plans": [
              {
                "Node Type": "Hash Join",
                "Parent Relationship": "Outer",
                "Parallel Aware": true,
                "Join Type": "Inner",
                "Startup Cost": 70912.78,
                "Total Cost": 99140.01,
                "Plan Rows": 48405,
                "Plan Width": 0,
                "Actual Startup Time": 231.605,
                "Actual Total Time": 345.607,
                "Actual Rows": 8404,
                "Actual Loops": 2,
                "Inner Unique": true,
                "Hash Cond": "(mk.movie_id = t.id)",
                "Plans": [
                  {
                    "Node Type": "Bitmap Heap Scan",
                    "Parent Relationship": "Outer",
                    "Parallel Aware": true,
                    "Relation Name": "movie_keyword",
                    "Alias": "mk",
                    "Startup Cost": 8999.19,
                    "Total Cost": 36571.56,
                    "Plan Rows": 249469,
                    "Plan Width": 4,
                    "Actual Startup Time": 26.18,
                    "Actual Total Time": 96.782,
                    "Actual Rows": 220486,
                    "Actual Loops": 2,
                    "Recheck Cond": "(keyword_id < 342)",
                    "Rows Removed by Index Recheck": 0,
                    "Exact Heap Blocks": 14099,
                    "Lossy Heap Blocks": 0,
                    "Plans": [
                      {
                        "Node Type": "Bitmap Index Scan",
                        "Parent Relationship": "Outer",
                        "Parallel Aware": false,
                        "Index Name": "keyword_id_movie_keyword",
                        "Startup Cost": 0.0,
                        "Total Cost": 8893.17,
                        "Plan Rows": 424098,
                        "Plan Width": 0,
                        "Actual Startup Time": 22.504,
                        "Actual Total Time": 22.504,
                        "Actual Rows": 440973,
                        "Actual Loops": 1,
                        "Index Cond": "(keyword_id < 342)"
                      }
                    ]
                  },
                  {
                    "Node Type": "Hash",
                    "Parent Relationship": "Inner",
                    "Parallel Aware": true,
                    "Startup Cost": 58306.47,
                    "Total Cost": 58306.47,
                    "Plan Rows": 288570,
                    "Plan Width": 4,
                    "Actual Startup Time": 199.705,
                    "Actual Total Time": 199.706,
                    "Actual Rows": 189672,
                    "Actual Loops": 2,
                    "Hash Buckets": 524288,
                    "Original Hash Buckets": 524288,
                    "Hash Batches": 1,
                    "Original Hash Batches": 1,
                    "Peak Memory Usage": 18976,
                    "Plans": [
                      {
                        "Node Type": "Seq Scan",
                        "Parent Relationship": "Outer",
                        "Parallel Aware": true,
                        "Relation Name": "title",
                        "Alias": "t",
                        "Startup Cost": 0.0,
                        "Total Cost": 58306.47,
                        "Plan Rows": 288570,
                        "Plan Width": 4,
                        "Actual Startup Time": 0.031,
                        "Actual Total Time": 150.777,
                        "Actual Rows": 189672,
                        "Actual Loops": 2,
                        "Filter": "((production_year < 1995) AND (kind_id = 7))",
                        "Rows Removed by Filter": 1074484
                      }
                    ]
                  }
                ]
              }
            ]
          }
        ]
      }
    ]
  },
  "Planning Time": 0.721,
  "Triggers": [],
  "Execution Time": 370.645
}