{
  "Plan": {
    "Node Type": "Aggregate",
    "Strategy": "Plain",
    "Partial Mode": "Simple",
    "Parallel Aware": false,
    "Startup Cost": 1304209.2,
    "Total Cost": 1304209.21,
    "Plan Rows": 1,
    "Plan Width": 64,
    "Actual Startup Time": 17118.9,
    "Actual Total Time": 17151.536,
    "Actual Rows": 1,
    "Actual Loops": 1,
    "Plans": [
      {
        "Node Type": "Hash Join",
        "Parent Relationship": "Outer",
        "Parallel Aware": false,
        "Join Type": "Inner",
        "Startup Cost": 1222884.96,
        "Total Cost": 1304209.2,
        "Plan Rows": 1,
        "Plan Width": 32,
        "Actual Startup Time": 16949.627,
        "Actual Total Time": 17151.504,
        "Actual Rows": 16,
        "Actual Loops": 1,
        "Inner Unique": false,
        "Hash Cond": "(n.id = an.person_id)",
        "Plans": [
          {
            "Node Type": "Gather",
            "Parent Relationship": "Outer",
            "Parallel Aware": false,
            "Startup Cost": 1000.0,
            "Total Cost": 81959.76,
            "Plan Rows": 97191,
            "Plan Width": 19,
            "Actual Startup Time": 0.897,
            "Actual Total Time": 194.631,
            "Actual Rows": 91976,
            "Actual Loops": 1,
            "Workers Planned": 4,
            "Workers Launched": 4,
            "Single Copy": false,
            "Plans": [
              {
                "Node Type": "Seq Scan",
                "Parent Relationship": "Outer",
                "Parallel Aware": true,
                "Relation Name": "name",
                "Alias": "n",
                "Startup Cost": 0.0,
                "Total Cost": 71240.66,
                "Plan Rows": 24298,
                "Plan Width": 19,
                "Actual Startup Time": 0.144,
                "Actual Total Time": 187.539,
                "Actual Rows": 18395,
                "Actual Loops": 5,
                "Filter": "(((name_pcode_cf)::text ~~ 'D%'::text) AND ((gender)::text = 'm'::text))",
                "Rows Removed by Filter": 815103
              }
            ]
          },
          {
            "Node Type": "Hash",
            "Parent Relationship": "Inner",
            "Parallel Aware": false,
            "Startup Cost": 1221884.95,
            "Total Cost": 1221884.95,
            "Plan Rows": 1,
            "Plan Width": 29,
            "Actual Startup Time": 16933.341,
            "Actual Total Time": 16940.994,
            "Actual Rows": 27,
            "Actual Loops": 1,
            "Hash Buckets": 1024,
            "Original Hash Buckets": 1024,
            "Hash Batches": 1,
            "Original Hash Batches": 1,
            "Peak Memory Usage": 10,
            "Plans": [
              {
                "Node Type": "Hash Join",
                "Parent Relationship": "Outer",
                "Parallel Aware": false,
                "Join Type": "Inner",
                "Startup Cost": 1221882.52,
                "Total Cost": 1221884.95,
                "Plan Rows": 1,
                "Plan Width": 29,
                "Actual Startup Time": 16933.255,
                "Actual Total Time": 16940.951,
                "Actual Rows": 27,
                "Actual Loops": 1,
                "Inner Unique": false,
                "Hash Cond": "(it.id = pi.info_type_id)",
                "Plans": [
                  {
                    "Node Type": "Seq Scan",
                    "Parent Relationship": "Outer",
                    "Parallel Aware": false,
                    "Relation Name": "info_type",
                    "Alias": "it",
                    "Startup Cost": 0.0,
                    "Total Cost": 2.41,
                    "Plan Rows": 1,
                    "Plan Width": 4,
                    "Actual Startup Time": 0.072,
                    "Actual Total Time": 0.102,
                    "Actual Rows": 1,
                    "Actual Loops": 1,
                    "Filter": "((info)::text = 'mini biography'::text)",
                    "Rows Removed by Filter": 112
                  },
                  {
                    "Node Type": "Hash",
                    "Parent Relationship": "Inner",
                    "Parallel Aware": false,
                    "Startup Cost": 1221882.51,
                    "Total Cost": 1221882.51,
                    "Plan Rows": 1,
                    "Plan Width": 33,
                    "Actual Startup Time": 16933.13,
                    "Actual Total Time": 16940.78,
                    "Actual Rows": 27,
                    "Actual Loops": 1,
                    "Hash Buckets": 1024,
                    "Original Hash Buckets": 1024,
                    "Hash Batches": 1,
                    "Original Hash Batches": 1,
                    "Peak Memory Usage": 10,
                    "Plans": [
                      {
                        "Node Type": "Gather",
                        "Parent Relationship": "Outer",
                        "Parallel Aware": false,
                        "Startup Cost": 1176330.65,
                        "Total Cost": 1221882.51,
                        "Plan Rows": 1,
                        "Plan Width": 33,
                        "Actual Startup Time": 16788.536,
                        "Actual Total Time": 16940.75,
                        "Actual Rows": 27,
                        "Actual Loops": 1,
                        "Workers Planned": 4,
                        "Workers Launched": 3,
                        "Single Copy": false,
                        "Plans": [
                          {
                            "Node Type": "Hash Join",
                            "Parent Relationship": "Outer",
                            "Parallel Aware": true,
                            "Join Type": "Inner",
                            "Startup Cost": 1175330.65,
                            "Total Cost": 1220882.41,
                            "Plan Rows": 1,
                            "Plan Width": 33,
                            "Actual Startup Time": 16771.208,
                            "Actual Total Time": 16778.877,
                            "Actual Rows": 7,
                            "Actual Loops": 4,
                            "Inner Unique": false,
                            "Hash Cond": "(pi.person_id = an.person_id)",
                            "Plans": [
                              {
                                "Node Type": "Hash Join",
                                "Parent Relationship": "Outer",
                                "Parallel Aware": true,
                                "Join Type": "Inner",
                                "Startup Cost": 1157770.87,
                                "Total Cost": 1203322.55,
                                "Plan Rows": 1,
                                "Plan Width": 29,
                                "Actual Startup Time": 16648.577,
                                "Actual Total Time": 16660.474,
                                "Actual Rows": 4,
                                "Actual Loops": 4,
                                "Inner Unique": false,
                                "Hash Cond": "(t.id = ci.movie_id)",
                                "Plans": [
                                  {
                                    "Node Type": "Seq Scan",
                                    "Parent Relationship": "Outer",
                                    "Parallel Aware": true,
                                    "Relation Name": "title",
                                    "Alias": "t",
                                    "Startup Cost": 0.0,
                                    "Total Cost": 45479.91,
                                    "Plan Rows": 19137,
                                    "Plan Width": 21,
                                    "Actual Startup Time": 0.038,
                                    "Actual Total Time": 84.652,
                                    "Actual Rows": 19016,
                                    "Actual Loops": 4,
                                    "Filter": "((production_year >= 1980) AND (production_year <= 1984))",
                                    "Rows Removed by Filter": 613062
                                  },
                                  {
                                    "Node Type": "Hash",
                                    "Parent Relationship": "Inner",
                                    "Parallel Aware": true,
                                    "Startup Cost": 1157770.82,
                                    "Total Cost": 1157770.82,
                                    "Plan Rows": 4,
                                    "Plan Width": 20,
                                    "Actual Startup Time": 16573.555,
                                    "Actual Total Time": 16573.564,
                                    "Actual Rows": 62,
                                    "Actual Loops": 4,
                                    "Hash Buckets": 1024,
                                    "Original Hash Buckets": 1024,
                                    "Hash Batches": 1,
                                    "Original Hash Batches": 1,
                                    "Peak Memory Usage": 104,
                                    "Plans": [
                                      {
                                        "Node Type": "Hash Join",
                                        "Parent Relationship": "Outer",
                                        "Parallel Aware": false,
                                        "Join Type": "Inner",
                                        "Startup Cost": 1097451.1,
                                        "Total Cost": 1157770.82,
                                        "Plan Rows": 4,
                                        "Plan Width": 20,
                                        "Actual Startup Time": 16199.267,
                                        "Actual Total Time": 16331.302,
                                        "Actual Rows": 62,
                                        "Actual Loops": 4,
                                        "Inner Unique": false,
                                        "Hash Cond": "(pi.person_id = ci.person_id)",
                                        "Plans": [
                                          {
                                            "Node Type": "Seq Scan",
                                            "Parent Relationship": "Outer",
                                            "Parallel Aware": true,
                                            "Relation Name": "person_info",
                                            "Alias": "pi",
                                            "Startup Cost": 0.0,
                                            "Total Cost": 60319.43,
                                            "Plan Rows": 8,
                                            "Plan Width": 8,
                                            "Actual Startup Time": 6.35,
                                            "Actual Total Time": 138.33,
                                            "Actual Rows": 16,
                                            "Actual Loops": 4,
                                            "Filter": "(note = 'Volker Boehm'::text)",
                                            "Rows Removed by Filter": 740900
                                          },
                                          {
                                            "Node Type": "Hash",
                                            "Parent Relationship": "Inner",
                                            "Parallel Aware": false,
                                            "Startup Cost": 1096672.3,
                                            "Total Cost": 1096672.3,
                                            "Plan Rows": 62304,
                                            "Plan Width": 12,
                                            "Actual Startup Time": 16192.437,
                                            "Actual Total Time": 16192.444,
                                            "Actual Rows": 411769,
                                            "Actual Loops": 4,
                                            "Hash Buckets": 524288,
                                            "Original Hash Buckets": 65536,
                                            "Hash Batches": 1,
                                            "Original Hash Batches": 1,
                                            "Peak Memory Usage": 21790,
                                            "Plans": [
                                              {
                                                "Node Type": "Hash Join",
                                                "Parent Relationship": "Outer",
                                                "Parallel Aware": false,
                                                "Join Type": "Inner",
                                                "Startup Cost": 1095646.46,
                                                "Total Cost": 1096672.3,
                                                "Plan Rows": 62304,
                                                "Plan Width": 12,
                                                "Actual Startup Time": 16083.849,
                                                "Actual Total Time": 16117.658,
                                                "Actual Rows": 411769,
                                                "Actual Loops": 4,
                                                "Inner Unique": false,
                                                "Hash Cond": "(lt.id = ml.link_type_id)",
                                                "Plans": [
                                                  {
                                                    "Node Type": "Seq Scan",
                                                    "Parent Relationship": "Outer",
                                                    "Parallel Aware": false,
                                                    "Relation Name": "link_type",
                                                    "Alias": "lt",
                                                    "Startup Cost": 0.0,
                                                    "Total Cost": 1.23,
                                                    "Plan Rows": 1,
                                                    "Plan Width": 4,
                                                    "Actual Startup Time": 0.041,
                                                    "Actual Total Time": 0.047,
                                                    "Actual Rows": 1,
                                                    "Actual Loops": 4,
                                                    "Filter": "((link)::text = 'features'::text)",
                                                    "Rows Removed by Filter": 17
                                                  },
                                                  {
                                                    "Node Type": "Hash",
                                                    "Parent Relationship": "Inner",
                                                    "Parallel Aware": false,
                                                    "Startup Cost": 1081628.07,
                                                    "Total Cost": 1081628.07,
                                                    "Plan Rows": 1121471,
                                                    "Plan Width": 16,
                                                    "Actual Startup Time": 16069.088,
                                                    "Actual Total Time": 16069.092,
                                                    "Actual Rows": 1845530,
                                                    "Actual Loops": 4,
                                                    "Hash Buckets": 2097152,
                                                    "Original Hash Buckets": 2097152,
                                                    "Hash Batches": 1,
                                                    "Original Hash Batches": 1,
                                                    "Peak Memory Usage": 102894,
                                                    "Plans": [
                                                      {
                                                        "Node Type": "Hash Join",
                                                        "Parent Relationship": "Outer",
                                                        "Parallel Aware": false,
                                                        "Join Type": "Inner",
                                                        "Startup Cost": 1068488.04,
                                                        "Total Cost": 1081628.07,
                                                        "Plan Rows": 1121471,
                                                        "Plan Width": 16,
                                                        "Actual Startup Time": 15276.035,
                                                        "Actual Total Time": 15798.454,
                                                        "Actual Rows": 1845530,
                                                        "Actual Loops": 4,
                                                        "Inner Unique": false,
                                                        "Hash Cond": "(ml.linked_movie_id = ci.movie_id)",
                                                        "Plans": [
                                                          {
                                                            "Node Type": "Seq Scan",
                                                            "Parent Relationship": "Outer",
                                                            "Parallel Aware": false,
                                                            "Relation Name": "movie_link",
                                                            "Alias": "ml",
                                                            "Startup Cost": 0.0,
                                                            "Total Cost": 462.97,
                                                            "Plan Rows": 29997,
                                                            "Plan Width": 8,
                                                            "Actual Startup Time": 0.041,
                                                            "Actual Total Time": 6.173,
                                                            "Actual Rows": 29997,
                                                            "Actual Loops": 4
                                                          },
                                                          {
                                                            "Node Type": "Hash",
                                                            "Parent Relationship": "Inner",
                                                            "Parallel Aware": false,
                                                            "Startup Cost": 615265.24,
                                                            "Total Cost": 615265.24,
                                                            "Plan Rows": 36257824,
                                                            "Plan Width": 8,
                                                            "Actual Startup Time": 14761.641,
                                                            "Actual Total Time": 14761.643,
                                                            "Actual Rows": 36244344,
                                                            "Actual Loops": 4,
                                                            "Hash Buckets": 67108864,
                                                            "Original Hash Buckets": 67108864,
                                                            "Hash Batches": 1,
                                                            "Original Hash Batches": 1,
                                                            "Peak Memory Usage": 1940083,
                                                            "Plans": [
                                                              {
                                                                "Node Type": "Seq Scan",
                                                                "Parent Relationship": "Outer",
                                                                "Parallel Aware": false,
                                                                "Relation Name": "cast_info",
                                                                "Alias": "ci",
                                                                "Startup Cost": 0.0,
                                                                "Total Cost": 615265.24,
                                                                "Plan Rows": 36257824,
                                                                "Plan Width": 8,
                                                                "Actual Startup Time": 0.071,
                                                                "Actual Total Time": 3811.716,
                                                                "Actual Rows": 36244344,
                                                                "Actual Loops": 4
                                                              }
                                                            ]
                                                          }
                                                        ]
                                                      }
                                                    ]
                                                  }
                                                ]
                                              }
                                            ]
                                          }
                                        ]
                                      }
                                    ]
                                  }
                                ]
                              },
                              {
                                "Node Type": "Hash",
                                "Parent Relationship": "Inner",
                                "Parallel Aware": true,
                                "Startup Cost": 15030.45,
                                "Total Cost": 15030.45,
                                "Plan Rows": 202347,
                                "Plan Width": 4,
                                "Actual Startup Time": 113.898,
                                "Actual Total Time": 113.899,
                                "Actual Rows": 168673,
                                "Actual Loops": 4,
                                "Hash Buckets": 1048576,
                                "Original Hash Buckets": 1048576,
                                "Hash Batches": 1,
                                "Original Hash Batches": 1,
                                "Peak Memory Usage": 34624,
                                "Plans": [
                                  {
                                    "Node Type": "Seq Scan",
                                    "Parent Relationship": "Outer",
                                    "Parallel Aware": true,
                                    "Relation Name": "aka_name",
                                    "Alias": "an",
                                    "Startup Cost": 0.0,
                                    "Total Cost": 15030.45,
                                    "Plan Rows": 202347,
                                    "Plan Width": 4,
                                    "Actual Startup Time": 0.044,
                                    "Actual Total Time": 58.08,
                                    "Actual Rows": 168673,
                                    "Actual Loops": 4,
                                    "Filter": "(name ~~ '%a%'::text)",
                                    "Rows Removed by Filter": 56663
                                  }
                                ]
                              }
                            ]
                          }
                        ]
                      }
                    ]
                  }
                ]
              }
            ]
          }
        ]
      }
    ]
  },
  "Planning Time": 15.194,
  "Triggers": [],
  "Execution Time": 17198.067
}