[
  {
    "Plan": {
      "Node Type": "Aggregate",
      "Strategy": "Plain",
      "Partial Mode": "Finalize",
      "Parallel Aware": false,
      "Startup Cost": 339284.78,
      "Total Cost": 339284.79,
      "Plan Rows": 1,
      "Plan Width": 8,
      "Actual Startup Time": 725.131,
      "Actual Total Time": 793.049,
      "Actual Rows": 1,
      "Actual Loops": 1,
      "Plans": [
        {
          "Node Type": "Gather",
          "Parent Relationship": "Outer",
          "Parallel Aware": false,
          "Startup Cost": 339284.16,
          "Total Cost": 339284.77,
          "Plan Rows": 6,
          "Plan Width": 8,
          "Actual Startup Time": 725.02,
          "Actual Total Time": 793.039,
          "Actual Rows": 7,
          "Actual Loops": 1,
          "Workers Planned": 6,
          "Workers Launched": 6,
          "Single Copy": false,
          "Plans": [
            {
              "Node Type": "Aggregate",
              "Strategy": "Plain",
              "Partial Mode": "Partial",
              "Parent Relationship": "Outer",
              "Parallel Aware": false,
              "Startup Cost": 338284.16,
              "Total Cost": 338284.17,
              "Plan Rows": 1,
              "Plan Width": 8,
              "Actual Startup Time": 719.277,
              "Actual Total Time": 719.279,
              "Actual Rows": 1,
              "Actual Loops": 7,
              "Plans": [
                {
                  "Node Type": "Seq Scan",
                  "Parent Relationship": "Outer",
                  "Parallel Aware": true,
                  "Relation Name": "cast_info",
                  "Alias": "ci",
                  "Startup Cost": 0.0,
                  "Total Cost": 328162.03,
                  "Plan Rows": 4048853,
                  "Plan Width": 0,
                  "Actual Startup Time": 0.03,
                  "Actual Total Time": 581.091,
                  "Actual Rows": 3478713,
                  "Actual Loops": 7,
                  "Filter": "(person_id < 2501137)",
                  "Rows Removed by Filter": 1699050
                }
              ]
            }
          ]
        }
      ]
    },
    "Planning Time": 0.126,
    "Triggers": [],
    "Execution Time": 793.106
  }
]