[
  {
    "Plan": {
      "Node Type": "Aggregate",
      "Strategy": "Plain",
      "Partial Mode": "Finalize",
      "Parallel Aware": false,
      "Startup Cost": 35377.04,
      "Total Cost": 35377.05,
      "Plan Rows": 1,
      "Plan Width": 8,
      "Actual Startup Time": 34.349,
      "Actual Total Time": 41.806,
      "Actual Rows": 1,
      "Actual Loops": 1,
      "Plans": [
        {
          "Node Type": "Gather",
          "Parent Relationship": "Outer",
          "Parallel Aware": false,
          "Startup Cost": 35376.82,
          "Total Cost": 35377.03,
          "Plan Rows": 2,
          "Plan Width": 8,
          "Actual Startup Time": 34.103,
          "Actual Total Time": 41.799,
          "Actual Rows": 3,
          "Actual Loops": 1,
          "Workers Planned": 2,
          "Workers Launched": 2,
          "Single Copy": false,
          "Plans": [
            {
              "Node Type": "Aggregate",
              "Strategy": "Plain",
              "Partial Mode": "Partial",
              "Parent Relationship": "Outer",
              "Parallel Aware": false,
              "Startup Cost": 34376.82,
              "Total Cost": 34376.83,
              "Plan Rows": 1,
              "Plan Width": 8,
              "Actual Startup Time": 28.494,
              "Actual Total Time": 28.495,
              "Actual Rows": 1,
              "Actual Loops": 3,
              "Plans": [
                {
                  "Node Type": "Nested Loop",
                  "Parent Relationship": "Outer",
                  "Parallel Aware": false,
                  "Join Type": "Inner",
                  "Startup Cost": 155.46,
                  "Total Cost": 34369.49,
                  "Plan Rows": 2935,
                  "Plan Width": 0,
                  "Actual Startup Time": 1.617,
                  "Actual Total Time": 28.175,
                  "Actual Rows": 2229,
                  "Actual Loops": 3,
                  "Inner Unique": true,
                  "Plans": [
                    {
                      "Node Type": "Bitmap Heap Scan",
                      "Parent Relationship": "Outer",
                      "Parallel Aware": true,
                      "Relation Name": "movie_companies",
                      "Alias": "mc",
                      "Startup Cost": 155.03,
                      "Total Cost": 13922.12,
                      "Plan Rows": 2935,
                      "Plan Width": 4,
                      "Actual Startup Time": 1.457,
                      "Actual Total Time": 7.954,
                      "Actual Rows": 2229,
                      "Actual Loops": 3,
                      "Recheck Cond": "(company_id = 302)",
                      "Rows Removed by Index Recheck": 0,
                      "Exact Heap Blocks": 2761,
                      "Lossy Heap Blocks": 0,
                      "Plans": [
                        {
                          "Node Type": "Bitmap Index Scan",
                          "Parent Relationship": "Outer",
                          "Parallel Aware": false,
                          "Index Name": "company_id_movie_companies",
                          "Startup Cost": 0.0,
                          "Total Cost": 153.27,
                          "Plan Rows": 7045,
                          "Plan Width": 0,
                          "Actual Startup Time": 2.993,
                          "Actual Total Time": 2.994,
                          "Actual Rows": 6686,
                          "Actual Loops": 1,
                          "Index Cond": "(company_id = 302)"
                        }
                      ]
                    },
                    {
                      "Node Type": "Index Only Scan",
                      "Parent Relationship": "Inner",
                      "Parallel Aware": false,
                      "Scan Direction": "Forward",
                      "Index Name": "title_pkey",
                      "Relation Name": "title",
                      "Alias": "t",
                      "Startup Cost": 0.43,
                      "Total Cost": 6.97,
                      "Plan Rows": 1,
                      "Plan Width": 4,
                      "Actual Startup Time": 0.008,
                      "Actual Total Time": 0.008,
                      "Actual Rows": 1,
                      "Actual Loops": 6686,
                      "Index Cond": "(id = mc.movie_id)",
                      "Rows Removed by Index Recheck": 0,
                      "Heap Fetches": 6686
                    }
                  ]
                }
              ]
            }
          ]
        }
      ]
    },
    "Planning Time": 0.331,
    "Triggers": [],
    "Execution Time": 41.852
  }
]