[
  {
    "Plan": {
      "Node Type": "Aggregate",
      "Strategy": "Plain",
      "Partial Mode": "Finalize",
      "Parallel Aware": false,
      "Startup Cost": 347508.3,
      "Total Cost": 347508.31,
      "Plan Rows": 1,
      "Plan Width": 8,
      "Actual Startup Time": 849.991,
      "Actual Total Time": 901.275,
      "Actual Rows": 1,
      "Actual Loops": 1,
      "Plans": [
        {
          "Node Type": "Gather",
          "Parent Relationship": "Outer",
          "Parallel Aware": false,
          "Startup Cost": 347507.68,
          "Total Cost": 347508.29,
          "Plan Rows": 6,
          "Plan Width": 8,
          "Actual Startup Time": 849.736,
          "Actual Total Time": 901.263,
          "Actual Rows": 7,
          "Actual Loops": 1,
          "Workers Planned": 6,
          "Workers Launched": 6,
          "Single Copy": false,
          "Plans": [
            {
              "Node Type": "Aggregate",
              "Strategy": "Plain",
              "Partial Mode": "Partial",
              "Parent Relationship": "Outer",
              "Parallel Aware": false,
              "Startup Cost": 346507.68,
              "Total Cost": 346507.69,
              "Plan Rows": 1,
              "Plan Width": 8,
              "Actual Startup Time": 839.646,
              "Actual Total Time": 839.648,
              "Actual Rows": 1,
              "Actual Loops": 7,
              "Plans": [
                {
                  "Node Type": "Seq Scan",
                  "Parent Relationship": "Outer",
                  "Parallel Aware": true,
                  "Relation Name": "cast_info",
                  "Alias": "ci",
                  "Startup Cost": 0.0,
                  "Total Cost": 343316.27,
                  "Plan Rows": 1276563,
                  "Plan Width": 0,
                  "Actual Startup Time": 0.067,
                  "Actual Total Time": 752.963,
                  "Actual Rows": 1432714,
                  "Actual Loops": 7,
                  "Filter": "((person_id < 1367068) AND (role_id < 3))",
                  "Rows Removed by Filter": 3745050
                }
              ]
            }
          ]
        }
      ]
    },
    "Planning Time": 0.08,
    "Triggers": [],
    "Execution Time": 901.314
  }
]