{
  "Plan": {
    "Node Type": "Aggregate",
    "Strategy": "Plain",
    "Partial Mode": "Finalize",
    "Parallel Aware": false,
    "Startup Cost": 885986.74,
    "Total Cost": 885986.75,
    "Plan Rows": 1,
    "Plan Width": 8,
    "Actual Startup Time": 1210.204,
    "Actual Total Time": 1239.721,
    "Actual Rows": 1,
    "Actual Loops": 1,
    "Plans": [
      {
        "Node Type": "Gather",
        "Parent Relationship": "Outer",
        "Parallel Aware": false,
        "Startup Cost": 885986.63,
        "Total Cost": 885986.74,
        "Plan Rows": 1,
        "Plan Width": 8,
        "Actual Startup Time": 1206.824,
        "Actual Total Time": 1239.712,
        "Actual Rows": 2,
        "Actual Loops": 1,
        "Workers Planned": 1,
        "Workers Launched": 1,
        "Single Copy": false,
        "Plans": [
          {
            "Node Type": "Aggregate",
            "Strategy": "Plain",
            "Partial Mode": "Partial",
            "Parent Relationship": "Outer",
            "Parallel Aware": false,
            "Startup Cost": 884986.63,
            "Total Cost": 884986.64,
            "Plan Rows": 1,
            "Plan Width": 8,
            "Actual Startup Time": 1199.247,
            "Actual Total Time": 1199.251,
            "Actual Rows": 1,
            "Actual Loops": 2,
            "Plans": [
              {
                "Node Type": "Nested Loop",
                "Parent Relationship": "Outer",
                "Parallel Aware": false,
                "Join Type": "Inner",
                "Startup Cost": 66155.13,
                "Total Cost": 879976.84,
                "Plan Rows": 2003915,
                "Plan Width": 0,
                "Actual Startup Time": 333.974,
                "Actual Total Time": 1146.191,
                "Actual Rows": 1203192,
                "Actual Loops": 2,
                "Inner Unique": false,
                "Join Filter": "(t.id = mi.movie_id)",
                "Rows Removed by Join Filter": 0,
                "Plans": [
                  {
                    "Node Type": "Hash Join",
                    "Parent Relationship": "Outer",
                    "Parallel Aware": true,
                    "Join Type": "Inner",
                    "Startup Cost": 66154.69,
                    "Total Cost": 84338.48,
                    "Plan Rows": 342708,
                    "Plan Width": 8,
                    "Actual Startup Time": 333.911,
                    "Actual Total Time": 505.347,
                    "Actual Rows": 154740,
                    "Actual Loops": 2,
                    "Inner Unique": true,
                    "Hash Cond": "(mi_idx.movie_id = t.id)",
                    "Plans": [
                      {
                        "Node Type": "Seq Scan",
                        "Parent Relationship": "Outer",
                        "Parallel Aware": true,
                        "Relation Name": "movie_info_idx",
                        "Alias": "mi_idx",
                        "Startup Cost": 0.0,
                        "Total Cost": 16052.85,
                        "Plan Rows": 811785,
                        "Plan Width": 4,
                        "Actual Startup Time": 0.022,
                        "Actual Total Time": 48.457,
                        "Actual Rows": 690018,
                        "Actual Loops": 2
                      },
                      {
                        "Node Type": "Hash",
                        "Parent Relationship": "Inner",
                        "Parallel Aware": true,
                        "Startup Cost": 58306.47,
                        "Total Cost": 58306.47,
                        "Plan Rows": 627858,
                        "Plan Width": 4,
                        "Actual Startup Time": 319.484,
                        "Actual Total Time": 319.485,
                        "Actual Rows": 581636,
                        "Actual Loops": 2,
                        "Hash Buckets": 2097152,
                        "Original Hash Buckets": 2097152,
                        "Hash Batches": 1,
                        "Original Hash Batches": 1,
                        "Peak Memory Usage": 61920,
                        "Plans": [
                          {
                            "Node Type": "Seq Scan",
                            "Parent Relationship": "Outer",
                            "Parallel Aware": true,
                            "Relation Name": "title",
                            "Alias": "t",
                            "Startup Cost": 0.0,
                            "Total Cost": 58306.47,
                            "Plan Rows": 627858,
                            "Plan Width": 4,
                            "Actual Startup Time": 0.027,
                            "Actual Total Time": 162.633,
                            "Actual Rows": 581636,
                            "Actual Loops": 2,
                            "Filter": "((production_year > 1990) AND (kind_id = 7))",
                            "Rows Removed by Filter": 682520
                          }
                        ]
                      }
                    ]
                  },
                  {
                    "Node Type": "Index Only Scan",
                    "Parent Relationship": "Inner",
                    "Parallel Aware": false,
                    "Scan Direction": "Forward",
                    "Index Name": "movie_id_movie_info",
                    "Relation Name": "movie_info",
                    "Alias": "mi",
                    "Startup Cost": 0.43,
                    "Total Cost": 1.8,
                    "Plan Rows": 42,
                    "Plan Width": 4,
                    "Actual Startup Time": 0.002,
                    "Actual Total Time": 0.003,
                    "Actual Rows": 8,
                    "Actual Loops": 309480,
                    "Index Cond": "(movie_id = mi_idx.movie_id)",
                    "Rows Removed by Index Recheck": 0,
                    "Heap Fetches": 2406384
                  }
                ]
              }
            ]
          }
        ]
      }
    ]
  },
  "Planning Time": 0.957,
  "Triggers": [],
  "Execution Time": 1239.806
}