[
  {
    "Plan": {
      "Node Type": "Aggregate",
      "Strategy": "Plain",
      "Partial Mode": "Finalize",
      "Parallel Aware": false,
      "Startup Cost": 331908.8,
      "Total Cost": 331908.81,
      "Plan Rows": 1,
      "Plan Width": 8,
      "Actual Startup Time": 647.063,
      "Actual Total Time": 706.985,
      "Actual Rows": 1,
      "Actual Loops": 1,
      "Plans": [
        {
          "Node Type": "Gather",
          "Parent Relationship": "Outer",
          "Parallel Aware": false,
          "Startup Cost": 331908.18,
          "Total Cost": 331908.79,
          "Plan Rows": 6,
          "Plan Width": 8,
          "Actual Startup Time": 646.866,
          "Actual Total Time": 706.971,
          "Actual Rows": 7,
          "Actual Loops": 1,
          "Workers Planned": 6,
          "Workers Launched": 6,
          "Single Copy": false,
          "Plans": [
            {
              "Node Type": "Aggregate",
              "Strategy": "Plain",
              "Partial Mode": "Partial",
              "Parent Relationship": "Outer",
              "Parallel Aware": false,
              "Startup Cost": 330908.18,
              "Total Cost": 330908.19,
              "Plan Rows": 1,
              "Plan Width": 8,
              "Actual Startup Time": 637.877,
              "Actual Total Time": 637.878,
              "Actual Rows": 1,
              "Actual Loops": 7,
              "Plans": [
                {
                  "Node Type": "Seq Scan",
                  "Parent Relationship": "Outer",
                  "Parallel Aware": true,
                  "Relation Name": "cast_info",
                  "Alias": "ci",
                  "Startup Cost": 0.0,
                  "Total Cost": 328211.39,
                  "Plan Rows": 1078715,
                  "Plan Width": 0,
                  "Actual Startup Time": 0.058,
                  "Actual Total Time": 590.969,
                  "Actual Rows": 942765,
                  "Actual Loops": 7,
                  "Filter": "(person_id < 637210)",
                  "Rows Removed by Filter": 4234998
                }
              ]
            }
          ]
        }
      ]
    },
    "Planning Time": 0.104,
    "Triggers": [],
    "Execution Time": 707.036
  }
]