[
  {
    "Plan": {
      "Node Type": "Aggregate",
      "Strategy": "Plain",
      "Partial Mode": "Finalize",
      "Parallel Aware": false,
      "Startup Cost": 87134.18,
      "Total Cost": 87134.19,
      "Plan Rows": 1,
      "Plan Width": 8,
      "Actual Startup Time": 573.236,
      "Actual Total Time": 591.965,
      "Actual Rows": 1,
      "Actual Loops": 1,
      "Plans": [
        {
          "Node Type": "Gather",
          "Parent Relationship": "Outer",
          "Parallel Aware": false,
          "Startup Cost": 87133.86,
          "Total Cost": 87134.17,
          "Plan Rows": 3,
          "Plan Width": 8,
          "Actual Startup Time": 562.884,
          "Actual Total Time": 591.954,
          "Actual Rows": 4,
          "Actual Loops": 1,
          "Workers Planned": 3,
          "Workers Launched": 3,
          "Single Copy": false,
          "Plans": [
            {
              "Node Type": "Aggregate",
              "Strategy": "Plain",
              "Partial Mode": "Partial",
              "Parent Relationship": "Outer",
              "Parallel Aware": false,
              "Startup Cost": 86133.86,
              "Total Cost": 86133.87,
              "Plan Rows": 1,
              "Plan Width": 8,
              "Actual Startup Time": 546.035,
              "Actual Total Time": 546.039,
              "Actual Rows": 1,
              "Actual Loops": 4,
              "Plans": [
                {
                  "Node Type": "Hash Join",
                  "Parent Relationship": "Outer",
                  "Parallel Aware": true,
                  "Join Type": "Inner",
                  "Startup Cost": 59257.73,
                  "Total Cost": 85790.3,
                  "Plan Rows": 137426,
                  "Plan Width": 0,
                  "Actual Startup Time": 425.756,
                  "Actual Total Time": 539.368,
                  "Actual Rows": 110633,
                  "Actual Loops": 4,
                  "Inner Unique": true,
                  "Hash Cond": "(mk.movie_id = t.id)",
                  "Plans": [
                    {
                      "Node Type": "Bitmap Heap Scan",
                      "Parent Relationship": "Outer",
                      "Parallel Aware": true,
                      "Relation Name": "movie_keyword",
                      "Alias": "mk",
                      "Startup Cost": 9038.09,
                      "Total Cost": 35209.91,
                      "Plan Rows": 137426,
                      "Plan Width": 4,
                      "Actual Startup Time": 36.097,
                      "Actual Total Time": 95.101,
                      "Actual Rows": 110633,
                      "Actual Loops": 4,
                      "Recheck Cond": "(keyword_id < 347)",
                      "Rows Removed by Index Recheck": 0,
                      "Exact Heap Blocks": 6825,
                      "Lossy Heap Blocks": 0,
                      "Plans": [
                        {
                          "Node Type": "Bitmap Index Scan",
                          "Parent Relationship": "Outer",
                          "Parallel Aware": false,
                          "Index Name": "keyword_id_movie_keyword",
                          "Startup Cost": 0.0,
                          "Total Cost": 8931.58,
                          "Plan Rows": 426020,
                          "Plan Width": 0,
                          "Actual Startup Time": 30.228,
                          "Actual Total Time": 30.228,
                          "Actual Rows": 442531,
                          "Actual Loops": 1,
                          "Index Cond": "(keyword_id < 347)"
                        }
                      ]
                    },
                    {
                      "Node Type": "Hash",
                      "Parent Relationship": "Inner",
                      "Parallel Aware": true,
                      "Startup Cost": 42318.73,
                      "Total Cost": 42318.73,
                      "Plan Rows": 632073,
                      "Plan Width": 4,
                      "Actual Startup Time": 378.473,
                      "Actual Total Time": 378.474,
                      "Actual Rows": 632078,
                      "Actual Loops": 4,
                      "Hash Buckets": 4194304,
                      "Original Hash Buckets": 4194304,
                      "Hash Batches": 1,
                      "Original Hash Batches": 1,
                      "Peak Memory Usage": 131776,
                      "Plans": [
                        {
                          "Node Type": "Seq Scan",
                          "Parent Relationship": "Outer",
                          "Parallel Aware": true,
                          "Relation Name": "title",
                          "Alias": "t",
                          "Startup Cost": 0.0,
                          "Total Cost": 42318.73,
                          "Plan Rows": 632073,
                          "Plan Width": 4,
                          "Actual Startup Time": 0.043,
                          "Actual Total Time": 110.506,
                          "Actual Rows": 632078,
                          "Actual Loops": 4
                        }
                      ]
                    }
                  ]
                }
              ]
            }
          ]
        }
      ]
    },
    "Planning Time": 0.482,
    "Triggers": [],
    "Execution Time": 592.044
  }
]