[
    {
        "Bao": {
            "Bao prediction": "NaN",
            "Bao recommended hint": "(no hint)"
        }
    },
    {
        "Plan": {
            "Node Type": "Aggregate",
            "Strategy": "Plain",
            "Partial Mode": "Finalize",
            "Parallel Aware": false,
            "Startup Cost": 71624.91,
            "Total Cost": 71624.92,
            "Plan Rows": 1,
            "Plan Width": 8,
            "Actual Startup Time": 165.98,
            "Actual Total Time": 172.993,
            "Actual Rows": 1,
            "Actual Loops": 1,
            "Output": [
                "count(*)"
            ],
            "Plans": [
                {
                    "Node Type": "Gather",
                    "Parent Relationship": "Outer",
                    "Parallel Aware": false,
                    "Startup Cost": 71624.59,
                    "Total Cost": 71624.9,
                    "Plan Rows": 3,
                    "Plan Width": 8,
                    "Actual Startup Time": 165.16,
                    "Actual Total Time": 172.984,
                    "Actual Rows": 4,
                    "Actual Loops": 1,
                    "Output": [
                        "(PARTIAL count(*))"
                    ],
                    "Workers Planned": 3,
                    "Workers Launched": 3,
                    "Single Copy": false,
                    "Plans": [
                        {
                            "Node Type": "Aggregate",
                            "Strategy": "Plain",
                            "Partial Mode": "Partial",
                            "Parent Relationship": "Outer",
                            "Parallel Aware": false,
                            "Startup Cost": 70624.59,
                            "Total Cost": 70624.6,
                            "Plan Rows": 1,
                            "Plan Width": 8,
                            "Actual Startup Time": 155.85,
                            "Actual Total Time": 155.854,
                            "Actual Rows": 1,
                            "Actual Loops": 4,
                            "Output": [
                                "PARTIAL count(*)"
                            ],
                            "Workers": [
                                {
                                    "Worker Number": 0,
                                    "Actual Startup Time": 152.826,
                                    "Actual Total Time": 152.828,
                                    "Actual Rows": 1,
                                    "Actual Loops": 1
                                },
                                {
                                    "Worker Number": 1,
                                    "Actual Startup Time": 152.995,
                                    "Actual Total Time": 152.998,
                                    "Actual Rows": 1,
                                    "Actual Loops": 1
                                },
                                {
                                    "Worker Number": 2,
                                    "Actual Startup Time": 153.213,
                                    "Actual Total Time": 153.216,
                                    "Actual Rows": 1,
                                    "Actual Loops": 1
                                }
                            ],
                            "Plans": [
                                {
                                    "Node Type": "Hash Join",
                                    "Parent Relationship": "Outer",
                                    "Parallel Aware": true,
                                    "Join Type": "Inner",
                                    "Startup Cost": 38479.14,
                                    "Total Cost": 70600.71,
                                    "Plan Rows": 9553,
                                    "Plan Width": 0,
                                    "Actual Startup Time": 75.215,
                                    "Actual Total Time": 155.5,
                                    "Actual Rows": 4931,
                                    "Actual Loops": 4,
                                    "Inner Unique": true,
                                    "Hash Cond": "(mc.movie_id = t.id)",
                                    "Workers": [
                                        {
                                            "Worker Number": 0,
                                            "Actual Startup Time": 72.209,
                                            "Actual Total Time": 152.474,
                                            "Actual Rows": 5998,
                                            "Actual Loops": 1
                                        },
                                        {
                                            "Worker Number": 1,
                                            "Actual Startup Time": 72.403,
                                            "Actual Total Time": 152.608,
                                            "Actual Rows": 3699,
                                            "Actual Loops": 1
                                        },
                                        {
                                            "Worker Number": 2,
                                            "Actual Startup Time": 72.508,
                                            "Actual Total Time": 152.864,
                                            "Actual Rows": 5439,
                                            "Actual Loops": 1
                                        }
                                    ],
                                    "Plans": [
                                        {
                                            "Node Type": "Seq Scan",
                                            "Parent Relationship": "Outer",
                                            "Parallel Aware": true,
                                            "Relation Name": "movie_companies",
                                            "Schema": "public",
                                            "Alias": "mc",
                                            "Startup Cost": 0.0,
                                            "Total Cost": 31414.82,
                                            "Plan Rows": 269240,
                                            "Plan Width": 4,
                                            "Actual Startup Time": 1.081,
                                            "Actual Total Time": 70.674,
                                            "Actual Rows": 158700,
                                            "Actual Loops": 4,
                                            "Output": [
                                                "mc.id",
                                                "mc.movie_id",
                                                "mc.company_id",
                                                "mc.company_type_id",
                                                "mc.note"
                                            ],
                                            "Filter": "((mc.company_id > 2925) AND (mc.company_type_id = 1))",
                                            "Rows Removed by Filter": 493582,
                                            "Workers": [
                                                {
                                                    "Worker Number": 0,
                                                    "Actual Startup Time": 1.084,
                                                    "Actual Total Time": 70.825,
                                                    "Actual Rows": 190051,
                                                    "Actual Loops": 1
                                                },
                                                {
                                                    "Worker Number": 1,
                                                    "Actual Startup Time": 1.078,
                                                    "Actual Total Time": 71.936,
                                                    "Actual Rows": 124588,
                                                    "Actual Loops": 1
                                                },
                                                {
                                                    "Worker Number": 2,
                                                    "Actual Startup Time": 1.082,
                                                    "Actual Total Time": 68.723,
                                                    "Actual Rows": 169925,
                                                    "Actual Loops": 1
                                                }
                                            ]
                                        },
                                        {
                                            "Node Type": "Hash",
                                            "Parent Relationship": "Inner",
                                            "Parallel Aware": true,
                                            "Startup Cost": 38198.81,
                                            "Total Cost": 38198.81,
                                            "Plan Rows": 22426,
                                            "Plan Width": 4,
                                            "Actual Startup Time": 60.986,
                                            "Actual Total Time": 60.988,
                                            "Actual Rows": 24768,
                                            "Actual Loops": 4,
                                            "Output": [
                                                "t.id"
                                            ],
                                            "Hash Buckets": 131072,
                                            "Original Hash Buckets": 131072,
                                            "Hash Batches": 1,
                                            "Original Hash Batches": 1,
                                            "Peak Memory Usage": 4960,
                                            "Workers": [
                                                {
                                                    "Worker Number": 0,
                                                    "Actual Startup Time": 59.366,
                                                    "Actual Total Time": 59.367,
                                                    "Actual Rows": 16114,
                                                    "Actual Loops": 1
                                                },
                                                {
                                                    "Worker Number": 1,
                                                    "Actual Startup Time": 59.51,
                                                    "Actual Total Time": 59.511,
                                                    "Actual Rows": 15061,
                                                    "Actual Loops": 1
                                                },
                                                {
                                                    "Worker Number": 2,
                                                    "Actual Startup Time": 59.627,
                                                    "Actual Total Time": 59.629,
                                                    "Actual Rows": 17159,
                                                    "Actual Loops": 1
                                                }
                                            ],
                                            "Plans": [
                                                {
                                                    "Node Type": "Bitmap Heap Scan",
                                                    "Parent Relationship": "Outer",
                                                    "Parallel Aware": true,
                                                    "Relation Name": "title",
                                                    "Schema": "public",
                                                    "Alias": "t",
                                                    "Startup Cost": 1822.83,
                                                    "Total Cost": 38198.81,
                                                    "Plan Rows": 22426,
                                                    "Plan Width": 4,
                                                    "Actual Startup Time": 13.792,
                                                    "Actual Total Time": 50.359,
                                                    "Actual Rows": 24768,
                                                    "Actual Loops": 4,
                                                    "Output": [
                                                        "t.id"
                                                    ],
                                                    "Recheck Cond": "(t.kind_id = 3)",
                                                    "Rows Removed by Index Recheck": 0,
                                                    "Filter": "(t.production_year > 1955)",
                                                    "Rows Removed by Filter": 366,
                                                    "Exact Heap Blocks": 6625,
                                                    "Lossy Heap Blocks": 0,
                                                    "Workers": [
                                                        {
                                                            "Worker Number": 0,
                                                            "Actual Startup Time": 12.527,
                                                            "Actual Total Time": 50.092,
                                                            "Actual Rows": 16114,
                                                            "Actual Loops": 1
                                                        },
                                                        {
                                                            "Worker Number": 1,
                                                            "Actual Startup Time": 12.393,
                                                            "Actual Total Time": 50.355,
                                                            "Actual Rows": 15061,
                                                            "Actual Loops": 1
                                                        },
                                                        {
                                                            "Worker Number": 2,
                                                            "Actual Startup Time": 12.294,
                                                            "Actual Total Time": 50.4,
                                                            "Actual Rows": 17159,
                                                            "Actual Loops": 1
                                                        }
                                                    ],
                                                    "Plans": [
                                                        {
                                                            "Node Type": "Bitmap Index Scan",
                                                            "Parent Relationship": "Outer",
                                                            "Parallel Aware": false,
                                                            "Index Name": "kind_id_title",
                                                            "Startup Cost": 0.0,
                                                            "Total Cost": 1800.4,
                                                            "Plan Rows": 100796,
                                                            "Plan Width": 0,
                                                            "Actual Startup Time": 13.59,
                                                            "Actual Total Time": 13.591,
                                                            "Actual Rows": 100537,
                                                            "Actual Loops": 1,
                                                            "Index Cond": "(t.kind_id = 3)"
                                                        }
                                                    ]
                                                }
                                            ]
                                        }
                                    ]
                                }
                            ]
                        }
                    ]
                }
            ]
        },
        "Planning Time": 198.038,
        "Triggers": [],
        "Execution Time": 173.114
    }
]