[
  {
    "Plan": {
      "Node Type": "Aggregate",
      "Strategy": "Plain",
      "Partial Mode": "Finalize",
      "Parallel Aware": false,
      "Startup Cost": 387652.96,
      "Total Cost": 387652.97,
      "Plan Rows": 1,
      "Plan Width": 8,
      "Actual Startup Time": 1362.4,
      "Actual Total Time": 1428.639,
      "Actual Rows": 1,
      "Actual Loops": 1,
      "Plans": [
        {
          "Node Type": "Gather",
          "Parent Relationship": "Outer",
          "Parallel Aware": false,
          "Startup Cost": 387652.33,
          "Total Cost": 387652.94,
          "Plan Rows": 6,
          "Plan Width": 8,
          "Actual Startup Time": 1357.263,
          "Actual Total Time": 1428.614,
          "Actual Rows": 7,
          "Actual Loops": 1,
          "Workers Planned": 6,
          "Workers Launched": 6,
          "Single Copy": false,
          "Plans": [
            {
              "Node Type": "Aggregate",
              "Strategy": "Plain",
              "Partial Mode": "Partial",
              "Parent Relationship": "Outer",
              "Parallel Aware": false,
              "Startup Cost": 386652.33,
              "Total Cost": 386652.34,
              "Plan Rows": 1,
              "Plan Width": 8,
              "Actual Startup Time": 1346.729,
              "Actual Total Time": 1346.731,
              "Actual Rows": 1,
              "Actual Loops": 7,
              "Plans": [
                {
                  "Node Type": "Hash Join",
                  "Parent Relationship": "Outer",
                  "Parallel Aware": true,
                  "Join Type": "Inner",
                  "Startup Cost": 47630.82,
                  "Total Cost": 384415.8,
                  "Plan Rows": 894612,
                  "Plan Width": 0,
                  "Actual Startup Time": 294.265,
                  "Actual Total Time": 1310.708,
                  "Actual Rows": 771393,
                  "Actual Loops": 7,
                  "Inner Unique": true,
                  "Hash Cond": "(ci.movie_id = t.id)",
                  "Plans": [
                    {
                      "Node Type": "Seq Scan",
                      "Parent Relationship": "Outer",
                      "Parallel Aware": true,
                      "Relation Name": "cast_info",
                      "Alias": "ci",
                      "Startup Cost": 0.0,
                      "Total Cost": 328162.03,
                      "Plan Rows": 3284930,
                      "Plan Width": 4,
                      "Actual Startup Time": 166.151,
                      "Actual Total Time": 595.443,
                      "Actual Rows": 2817605,
                      "Actual Loops": 7,
                      "Filter": "(person_id > 1635852)",
                      "Rows Removed by Filter": 2360159
                    },
                    {
                      "Node Type": "Hash",
                      "Parent Relationship": "Inner",
                      "Parallel Aware": true,
                      "Startup Cost": 45479.1,
                      "Total Cost": 45479.1,
                      "Plan Rows": 172138,
                      "Plan Width": 4,
                      "Actual Startup Time": 124.649,
                      "Actual Total Time": 124.65,
                      "Actual Rows": 83680,
                      "Actual Loops": 7,
                      "Hash Buckets": 1048576,
                      "Original Hash Buckets": 1048576,
                      "Hash Batches": 1,
                      "Original Hash Batches": 1,
                      "Peak Memory Usage": 31200,
                      "Plans": [
                        {
                          "Node Type": "Seq Scan",
                          "Parent Relationship": "Outer",
                          "Parallel Aware": true,
                          "Relation Name": "title",
                          "Alias": "t",
                          "Startup Cost": 0.0,
                          "Total Cost": 45479.1,
                          "Plan Rows": 172138,
                          "Plan Width": 4,
                          "Actual Startup Time": 0.049,
                          "Actual Total Time": 82.403,
                          "Actual Rows": 83680,
                          "Actual Loops": 7,
                          "Filter": "((kind_id < 7) AND (production_year > 1990))",
                          "Rows Removed by Filter": 277508
                        }
                      ]
                    }
                  ]
                }
              ]
            }
          ]
        }
      ]
    },
    "Planning Time": 0.598,
    "Triggers": [],
    "Execution Time": 1428.725
  }
]