[
  {
    "Plan": {
      "Node Type": "Aggregate",
      "Strategy": "Plain",
      "Partial Mode": "Simple",
      "Parallel Aware": false,
      "Startup Cost": 11741.14,
      "Total Cost": 11741.15,
      "Plan Rows": 1,
      "Plan Width": 8,
      "Actual Startup Time": 5.678,
      "Actual Total Time": 5.68,
      "Actual Rows": 1,
      "Actual Loops": 1,
      "Plans": [
        {
          "Node Type": "Bitmap Heap Scan",
          "Parent Relationship": "Outer",
          "Parallel Aware": false,
          "Relation Name": "movie_companies",
          "Alias": "mc",
          "Startup Cost": 116.23,
          "Total Cost": 11734.52,
          "Plan Rows": 2649,
          "Plan Width": 0,
          "Actual Startup Time": 5.633,
          "Actual Total Time": 5.668,
          "Actual Rows": 10,
          "Actual Loops": 1,
          "Recheck Cond": "(company_id = 49)",
          "Rows Removed by Index Recheck": 0,
          "Filter": "(company_type_id > 1)",
          "Rows Removed by Filter": 5156,
          "Exact Heap Blocks": 934,
          "Lossy Heap Blocks": 0,
          "Plans": [
            {
              "Node Type": "Bitmap Index Scan",
              "Parent Relationship": "Outer",
              "Parallel Aware": false,
              "Index Name": "company_id_movie_companies",
              "Startup Cost": 0.0,
              "Total Cost": 115.56,
              "Plan Rows": 5218,
              "Plan Width": 0,
              "Actual Startup Time": 0.974,
              "Actual Total Time": 0.974,
              "Actual Rows": 5166,
              "Actual Loops": 1,
              "Index Cond": "(company_id = 49)"
            }
          ]
        }
      ]
    },
    "Planning Time": 0.252,
    "Triggers": [],
    "Execution Time": 5.752
  }
]