[
    {
        "Bao": {
            "Bao prediction": "NaN",
            "Bao recommended hint": "(no hint)"
        }
    },
    {
        "Plan": {
            "Node Type": "Aggregate",
            "Strategy": "Plain",
            "Partial Mode": "Finalize",
            "Parallel Aware": false,
            "Startup Cost": 23469.38,
            "Total Cost": 23469.39,
            "Plan Rows": 1,
            "Plan Width": 8,
            "Actual Startup Time": 27.72,
            "Actual Total Time": 31.691,
            "Actual Rows": 1,
            "Actual Loops": 1,
            "Output": [
                "count(*)"
            ],
            "Plans": [
                {
                    "Node Type": "Gather",
                    "Parent Relationship": "Outer",
                    "Parallel Aware": false,
                    "Startup Cost": 23469.17,
                    "Total Cost": 23469.38,
                    "Plan Rows": 2,
                    "Plan Width": 8,
                    "Actual Startup Time": 26.282,
                    "Actual Total Time": 31.68,
                    "Actual Rows": 3,
                    "Actual Loops": 1,
                    "Output": [
                        "(PARTIAL count(*))"
                    ],
                    "Workers Planned": 2,
                    "Workers Launched": 2,
                    "Single Copy": false,
                    "Plans": [
                        {
                            "Node Type": "Aggregate",
                            "Strategy": "Plain",
                            "Partial Mode": "Partial",
                            "Parent Relationship": "Outer",
                            "Parallel Aware": false,
                            "Startup Cost": 22469.17,
                            "Total Cost": 22469.18,
                            "Plan Rows": 1,
                            "Plan Width": 8,
                            "Actual Startup Time": 18.74,
                            "Actual Total Time": 18.742,
                            "Actual Rows": 1,
                            "Actual Loops": 3,
                            "Output": [
                                "PARTIAL count(*)"
                            ],
                            "Workers": [
                                {
                                    "Worker Number": 0,
                                    "Actual Startup Time": 15.424,
                                    "Actual Total Time": 15.426,
                                    "Actual Rows": 1,
                                    "Actual Loops": 1
                                },
                                {
                                    "Worker Number": 1,
                                    "Actual Startup Time": 15.258,
                                    "Actual Total Time": 15.26,
                                    "Actual Rows": 1,
                                    "Actual Loops": 1
                                }
                            ],
                            "Plans": [
                                {
                                    "Node Type": "Nested Loop",
                                    "Parent Relationship": "Outer",
                                    "Parallel Aware": false,
                                    "Join Type": "Inner",
                                    "Startup Cost": 87.08,
                                    "Total Cost": 22467.06,
                                    "Plan Rows": 842,
                                    "Plan Width": 0,
                                    "Actual Startup Time": 1.206,
                                    "Actual Total Time": 18.261,
                                    "Actual Rows": 6749,
                                    "Actual Loops": 3,
                                    "Inner Unique": false,
                                    "Workers": [
                                        {
                                            "Worker Number": 0,
                                            "Actual Startup Time": 1.189,
                                            "Actual Total Time": 15.117,
                                            "Actual Rows": 1165,
                                            "Actual Loops": 1
                                        },
                                        {
                                            "Worker Number": 1,
                                            "Actual Startup Time": 1.511,
                                            "Actual Total Time": 15.014,
                                            "Actual Rows": 839,
                                            "Actual Loops": 1
                                        }
                                    ],
                                    "Plans": [
                                        {
                                            "Node Type": "Nested Loop",
                                            "Parent Relationship": "Outer",
                                            "Parallel Aware": false,
                                            "Join Type": "Inner",
                                            "Startup Cost": 86.52,
                                            "Total Cost": 21559.78,
                                            "Plan Rows": 59,
                                            "Plan Width": 8,
                                            "Actual Startup Time": 1.026,
                                            "Actual Total Time": 5.789,
                                            "Actual Rows": 127,
                                            "Actual Loops": 3,
                                            "Output": [
                                                "t.id",
                                                "mc.movie_id"
                                            ],
                                            "Inner Unique": true,
                                            "Workers": [
                                                {
                                                    "Worker Number": 0,
                                                    "Actual Startup Time": 0.922,
                                                    "Actual Total Time": 2.707,
                                                    "Actual Rows": 19,
                                                    "Actual Loops": 1
                                                },
                                                {
                                                    "Worker Number": 1,
                                                    "Actual Startup Time": 1.255,
                                                    "Actual Total Time": 4.287,
                                                    "Actual Rows": 14,
                                                    "Actual Loops": 1
                                                }
                                            ],
                                            "Plans": [
                                                {
                                                    "Node Type": "Bitmap Heap Scan",
                                                    "Parent Relationship": "Outer",
                                                    "Parallel Aware": true,
                                                    "Relation Name": "movie_companies",
                                                    "Schema": "public",
                                                    "Alias": "mc",
                                                    "Startup Cost": 86.09,
                                                    "Total Cost": 9520.74,
                                                    "Plan Rows": 1595,
                                                    "Plan Width": 4,
                                                    "Actual Startup Time": 0.271,
                                                    "Actual Total Time": 0.831,
                                                    "Actual Rows": 1241,
                                                    "Actual Loops": 3,
                                                    "Output": [
                                                        "mc.id",
                                                        "mc.movie_id",
                                                        "mc.company_id",
                                                        "mc.company_type_id",
                                                        "mc.note"
                                                    ],
                                                    "Recheck Cond": "(mc.company_id = 164)",
                                                    "Rows Removed by Index Recheck": 0,
                                                    "Exact Heap Blocks": 418,
                                                    "Lossy Heap Blocks": 0,
                                                    "Workers": [
                                                        {
                                                            "Worker Number": 0,
                                                            "Actual Startup Time": 0.093,
                                                            "Actual Total Time": 0.279,
                                                            "Actual Rows": 75,
                                                            "Actual Loops": 1
                                                        },
                                                        {
                                                            "Worker Number": 1,
                                                            "Actual Startup Time": 0.104,
                                                            "Actual Total Time": 0.608,
                                                            "Actual Rows": 111,
                                                            "Actual Loops": 1
                                                        }
                                                    ],
                                                    "Plans": [
                                                        {
                                                            "Node Type": "Bitmap Index Scan",
                                                            "Parent Relationship": "Outer",
                                                            "Parallel Aware": false,
                                                            "Index Name": "company_id_movie_companies",
                                                            "Startup Cost": 0.0,
                                                            "Total Cost": 85.13,
                                                            "Plan Rows": 3827,
                                                            "Plan Width": 0,
                                                            "Actual Startup Time": 0.563,
                                                            "Actual Total Time": 0.564,
                                                            "Actual Rows": 3722,
                                                            "Actual Loops": 1,
                                                            "Index Cond": "(mc.company_id = 164)"
                                                        }
                                                    ]
                                                },
                                                {
                                                    "Node Type": "Index Scan",
                                                    "Parent Relationship": "Inner",
                                                    "Parallel Aware": false,
                                                    "Scan Direction": "Forward",
                                                    "Index Name": "title_pkey",
                                                    "Relation Name": "title",
                                                    "Schema": "public",
                                                    "Alias": "t",
                                                    "Startup Cost": 0.43,
                                                    "Total Cost": 7.55,
                                                    "Plan Rows": 1,
                                                    "Plan Width": 4,
                                                    "Actual Startup Time": 0.004,
                                                    "Actual Total Time": 0.004,
                                                    "Actual Rows": 0,
                                                    "Actual Loops": 3722,
                                                    "Output": [
                                                        "t.id",
                                                        "t.title",
                                                        "t.imdb_index",
                                                        "t.kind_id",
                                                        "t.production_year",
                                                        "t.imdb_id",
                                                        "t.phonetic_code",
                                                        "t.episode_of_id",
                                                        "t.season_nr",
                                                        "t.episode_nr",
                                                        "t.series_years",
                                                        "t.md5sum"
                                                    ],
                                                    "Index Cond": "(t.id = mc.movie_id)",
                                                    "Rows Removed by Index Recheck": 0,
                                                    "Filter": "(t.production_year = 2005)",
                                                    "Rows Removed by Filter": 1,
                                                    "Workers": [
                                                        {
                                                            "Worker Number": 0,
                                                            "Actual Startup Time": 0.031,
                                                            "Actual Total Time": 0.031,
                                                            "Actual Rows": 0,
                                                            "Actual Loops": 75
                                                        },
                                                        {
                                                            "Worker Number": 1,
                                                            "Actual Startup Time": 0.031,
                                                            "Actual Total Time": 0.031,
                                                            "Actual Rows": 0,
                                                            "Actual Loops": 111
                                                        }
                                                    ]
                                                }
                                            ]
                                        },
                                        {
                                            "Node Type": "Index Only Scan",
                                            "Parent Relationship": "Inner",
                                            "Parallel Aware": false,
                                            "Scan Direction": "Forward",
                                            "Index Name": "movie_id_cast_info",
                                            "Relation Name": "cast_info",
                                            "Schema": "public",
                                            "Alias": "ci",
                                            "Startup Cost": 0.56,
                                            "Total Cost": 15.0,
                                            "Plan Rows": 38,
                                            "Plan Width": 4,
                                            "Actual Startup Time": 0.011,
                                            "Actual Total Time": 0.093,
                                            "Actual Rows": 53,
                                            "Actual Loops": 381,
                                            "Output": [
                                                "ci.movie_id"
                                            ],
                                            "Index Cond": "(ci.movie_id = t.id)",
                                            "Rows Removed by Index Recheck": 0,
                                            "Heap Fetches": 20247,
                                            "Workers": [
                                                {
                                                    "Worker Number": 0,
                                                    "Actual Startup Time": 0.06,
                                                    "Actual Total Time": 0.633,
                                                    "Actual Rows": 61,
                                                    "Actual Loops": 19
                                                },
                                                {
                                                    "Worker Number": 1,
                                                    "Actual Startup Time": 0.078,
                                                    "Actual Total Time": 0.743,
                                                    "Actual Rows": 60,
                                                    "Actual Loops": 14
                                                }
                                            ]
                                        }
                                    ]
                                }
                            ]
                        }
                    ]
                }
            ]
        },
        "Planning Time": 182.56,
        "Triggers": [],
        "Execution Time": 31.817
    }
]