[
  {
    "Plan": {
      "Node Type": "Aggregate",
      "Strategy": "Plain",
      "Partial Mode": "Finalize",
      "Parallel Aware": false,
      "Startup Cost": 33303.37,
      "Total Cost": 33303.38,
      "Plan Rows": 1,
      "Plan Width": 8,
      "Actual Startup Time": 94.455,
      "Actual Total Time": 102.541,
      "Actual Rows": 1,
      "Actual Loops": 1,
      "Plans": [
        {
          "Node Type": "Gather",
          "Parent Relationship": "Outer",
          "Parallel Aware": false,
          "Startup Cost": 33303.05,
          "Total Cost": 33303.36,
          "Plan Rows": 3,
          "Plan Width": 8,
          "Actual Startup Time": 94.327,
          "Actual Total Time": 102.533,
          "Actual Rows": 4,
          "Actual Loops": 1,
          "Workers Planned": 3,
          "Workers Launched": 3,
          "Single Copy": false,
          "Plans": [
            {
              "Node Type": "Aggregate",
              "Strategy": "Plain",
              "Partial Mode": "Partial",
              "Parent Relationship": "Outer",
              "Parallel Aware": false,
              "Startup Cost": 32303.05,
              "Total Cost": 32303.06,
              "Plan Rows": 1,
              "Plan Width": 8,
              "Actual Startup Time": 87.359,
              "Actual Total Time": 87.36,
              "Actual Rows": 1,
              "Actual Loops": 4,
              "Plans": [
                {
                  "Node Type": "Seq Scan",
                  "Parent Relationship": "Outer",
                  "Parallel Aware": true,
                  "Relation Name": "movie_companies",
                  "Alias": "mc",
                  "Startup Cost": 0.0,
                  "Total Cost": 31414.82,
                  "Plan Rows": 355294,
                  "Plan Width": 0,
                  "Actual Startup Time": 45.774,
                  "Actual Total Time": 78.897,
                  "Actual Rows": 221701,
                  "Actual Loops": 4,
                  "Filter": "((company_id < 77428) AND (company_type_id = 2))",
                  "Rows Removed by Filter": 430581
                }
              ]
            }
          ]
        }
      ]
    },
    "Planning Time": 0.216,
    "Triggers": [],
    "Execution Time": 102.597
  }
]