[
  {
    "Plan": {
      "Node Type": "Aggregate",
      "Strategy": "Plain",
      "Partial Mode": "Finalize",
      "Parallel Aware": false,
      "Startup Cost": 44991.38,
      "Total Cost": 44991.39,
      "Plan Rows": 1,
      "Plan Width": 8,
      "Actual Startup Time": 127.703,
      "Actual Total Time": 137.75,
      "Actual Rows": 1,
      "Actual Loops": 1,
      "Plans": [
        {
          "Node Type": "Gather",
          "Parent Relationship": "Outer",
          "Parallel Aware": false,
          "Startup Cost": 44991.06,
          "Total Cost": 44991.37,
          "Plan Rows": 3,
          "Plan Width": 8,
          "Actual Startup Time": 127.55,
          "Actual Total Time": 137.742,
          "Actual Rows": 4,
          "Actual Loops": 1,
          "Workers Planned": 3,
          "Workers Launched": 3,
          "Single Copy": false,
          "Plans": [
            {
              "Node Type": "Aggregate",
              "Strategy": "Plain",
              "Partial Mode": "Partial",
              "Parent Relationship": "Outer",
              "Parallel Aware": false,
              "Startup Cost": 43991.06,
              "Total Cost": 43991.07,
              "Plan Rows": 1,
              "Plan Width": 8,
              "Actual Startup Time": 123.941,
              "Actual Total Time": 123.942,
              "Actual Rows": 1,
              "Actual Loops": 4,
              "Plans": [
                {
                  "Node Type": "Seq Scan",
                  "Parent Relationship": "Outer",
                  "Parallel Aware": true,
                  "Relation Name": "movie_keyword",
                  "Alias": "mk",
                  "Startup Cost": 0.0,
                  "Total Cost": 42695.65,
                  "Plan Rows": 518162,
                  "Plan Width": 0,
                  "Actual Startup Time": 0.032,
                  "Actual Total Time": 105.211,
                  "Actual Rows": 400287,
                  "Actual Loops": 4,
                  "Filter": "(keyword_id < 2484)",
                  "Rows Removed by Filter": 730696
                }
              ]
            }
          ]
        }
      ]
    },
    "Planning Time": 0.102,
    "Triggers": [],
    "Execution Time": 137.783
  }
]