[
  {
    "Plan": {
      "Node Type": "Aggregate",
      "Strategy": "Plain",
      "Partial Mode": "Finalize",
      "Parallel Aware": false,
      "Startup Cost": 203141.65,
      "Total Cost": 203141.66,
      "Plan Rows": 1,
      "Plan Width": 8,
      "Actual Startup Time": 256.75,
      "Actual Total Time": 286.49,
      "Actual Rows": 1,
      "Actual Loops": 1,
      "Plans": [
        {
          "Node Type": "Gather",
          "Parent Relationship": "Outer",
          "Parallel Aware": false,
          "Startup Cost": 203141.02,
          "Total Cost": 203141.63,
          "Plan Rows": 6,
          "Plan Width": 8,
          "Actual Startup Time": 256.594,
          "Actual Total Time": 286.477,
          "Actual Rows": 7,
          "Actual Loops": 1,
          "Workers Planned": 6,
          "Workers Launched": 6,
          "Single Copy": false,
          "Plans": [
            {
              "Node Type": "Aggregate",
              "Strategy": "Plain",
              "Partial Mode": "Partial",
              "Parent Relationship": "Outer",
              "Parallel Aware": false,
              "Startup Cost": 202141.02,
              "Total Cost": 202141.03,
              "Plan Rows": 1,
              "Plan Width": 8,
              "Actual Startup Time": 248.7,
              "Actual Total Time": 248.702,
              "Actual Rows": 1,
              "Actual Loops": 7,
              "Plans": [
                {
                  "Node Type": "Index Scan",
                  "Parent Relationship": "Outer",
                  "Parallel Aware": true,
                  "Scan Direction": "Forward",
                  "Index Name": "role_id_cast_info",
                  "Relation Name": "cast_info",
                  "Alias": "ci",
                  "Startup Cost": 0.56,
                  "Total Cost": 201884.69,
                  "Plan Rows": 102532,
                  "Plan Width": 0,
                  "Actual Startup Time": 6.294,
                  "Actual Total Time": 248.681,
                  "Actual Rows": 123,
                  "Actual Loops": 7,
                  "Index Cond": "(role_id = 2)",
                  "Rows Removed by Index Recheck": 0,
                  "Filter": "(person_id < 297420)",
                  "Rows Removed by Filter": 1064444
                }
              ]
            }
          ]
        }
      ]
    },
    "Planning Time": 0.181,
    "Triggers": [],
    "Execution Time": 286.535
  }
]