[
  {
    "Plan": {
      "Node Type": "Aggregate",
      "Strategy": "Plain",
      "Partial Mode": "Finalize",
      "Parallel Aware": false,
      "Startup Cost": 41198.46,
      "Total Cost": 41198.47,
      "Plan Rows": 1,
      "Plan Width": 8,
      "Actual Startup Time": 170.973,
      "Actual Total Time": 179.671,
      "Actual Rows": 1,
      "Actual Loops": 1,
      "Plans": [
        {
          "Node Type": "Gather",
          "Parent Relationship": "Outer",
          "Parallel Aware": false,
          "Startup Cost": 41198.14,
          "Total Cost": 41198.45,
          "Plan Rows": 3,
          "Plan Width": 8,
          "Actual Startup Time": 170.654,
          "Actual Total Time": 179.66,
          "Actual Rows": 4,
          "Actual Loops": 1,
          "Workers Planned": 3,
          "Workers Launched": 3,
          "Single Copy": false,
          "Plans": [
            {
              "Node Type": "Aggregate",
              "Strategy": "Plain",
              "Partial Mode": "Partial",
              "Parent Relationship": "Outer",
              "Parallel Aware": false,
              "Startup Cost": 40198.14,
              "Total Cost": 40198.15,
              "Plan Rows": 1,
              "Plan Width": 8,
              "Actual Startup Time": 165.939,
              "Actual Total Time": 165.941,
              "Actual Rows": 1,
              "Actual Loops": 4,
              "Plans": [
                {
                  "Node Type": "Bitmap Heap Scan",
                  "Parent Relationship": "Outer",
                  "Parallel Aware": true,
                  "Relation Name": "movie_keyword",
                  "Alias": "mk",
                  "Startup Cost": 12819.97,
                  "Total Cost": 39710.78,
                  "Plan Rows": 194945,
                  "Plan Width": 0,
                  "Actual Startup Time": 71.333,
                  "Actual Total Time": 155.527,
                  "Actual Rows": 152174,
                  "Actual Loops": 4,
                  "Recheck Cond": "(keyword_id > 30324)",
                  "Rows Removed by Index Recheck": 0,
                  "Exact Heap Blocks": 7671,
                  "Lossy Heap Blocks": 0,
                  "Plans": [
                    {
                      "Node Type": "Bitmap Index Scan",
                      "Parent Relationship": "Outer",
                      "Parallel Aware": false,
                      "Index Name": "keyword_id_movie_keyword",
                      "Startup Cost": 0.0,
                      "Total Cost": 12668.89,
                      "Plan Rows": 604328,
                      "Plan Width": 0,
                      "Actual Startup Time": 68.007,
                      "Actual Total Time": 68.007,
                      "Actual Rows": 608695,
                      "Actual Loops": 1,
                      "Index Cond": "(keyword_id > 30324)"
                    }
                  ]
                }
              ]
            }
          ]
        }
      ]
    },
    "Planning Time": 0.199,
    "Triggers": [],
    "Execution Time": 179.753
  }
]