[
  {
    "Plan": {
      "Node Type": "Aggregate",
      "Strategy": "Plain",
      "Partial Mode": "Finalize",
      "Parallel Aware": false,
      "Startup Cost": 47161.04,
      "Total Cost": 47161.05,
      "Plan Rows": 1,
      "Plan Width": 8,
      "Actual Startup Time": 218.529,
      "Actual Total Time": 231.155,
      "Actual Rows": 1,
      "Actual Loops": 1,
      "Plans": [
        {
          "Node Type": "Gather",
          "Parent Relationship": "Outer",
          "Parallel Aware": false,
          "Startup Cost": 47160.73,
          "Total Cost": 47161.04,
          "Plan Rows": 3,
          "Plan Width": 8,
          "Actual Startup Time": 218.42,
          "Actual Total Time": 231.147,
          "Actual Rows": 4,
          "Actual Loops": 1,
          "Workers Planned": 3,
          "Workers Launched": 3,
          "Single Copy": false,
          "Plans": [
            {
              "Node Type": "Aggregate",
              "Strategy": "Plain",
              "Partial Mode": "Partial",
              "Parent Relationship": "Outer",
              "Parallel Aware": false,
              "Startup Cost": 46160.73,
              "Total Cost": 46160.74,
              "Plan Rows": 1,
              "Plan Width": 8,
              "Actual Startup Time": 212.966,
              "Actual Total Time": 212.968,
              "Actual Rows": 1,
              "Actual Loops": 4,
              "Plans": [
                {
                  "Node Type": "Seq Scan",
                  "Parent Relationship": "Outer",
                  "Parallel Aware": true,
                  "Relation Name": "movie_keyword",
                  "Alias": "mk",
                  "Startup Cost": 0.0,
                  "Total Cost": 42695.65,
                  "Plan Rows": 1386029,
                  "Plan Width": 0,
                  "Actual Startup Time": 0.045,
                  "Actual Total Time": 153.231,
                  "Actual Rows": 1076620,
                  "Actual Loops": 4,
                  "Filter": "(keyword_id < 65220)",
                  "Rows Removed by Filter": 54362
                }
              ]
            }
          ]
        }
      ]
    },
    "Planning Time": 0.151,
    "Triggers": [],
    "Execution Time": 231.201
  }
]