{
  "Plan": {
    "Node Type": "Aggregate",
    "Strategy": "Plain",
    "Partial Mode": "Finalize",
    "Parallel Aware": false,
    "Startup Cost": 168511.16,
    "Total Cost": 168511.17,
    "Plan Rows": 1,
    "Plan Width": 8,
    "Actual Startup Time": 184.429,
    "Actual Total Time": 203.073,
    "Actual Rows": 1,
    "Actual Loops": 1,
    "Plans": [
      {
        "Node Type": "Gather",
        "Parent Relationship": "Outer",
        "Parallel Aware": false,
        "Startup Cost": 168511.05,
        "Total Cost": 168511.16,
        "Plan Rows": 1,
        "Plan Width": 8,
        "Actual Startup Time": 184.323,
        "Actual Total Time": 203.066,
        "Actual Rows": 2,
        "Actual Loops": 1,
        "Workers Planned": 1,
        "Workers Launched": 1,
        "Single Copy": false,
        "Plans": [
          {
            "Node Type": "Aggregate",
            "Strategy": "Plain",
            "Partial Mode": "Partial",
            "Parent Relationship": "Outer",
            "Parallel Aware": false,
            "Startup Cost": 167511.05,
            "Total Cost": 167511.06,
            "Plan Rows": 1,
            "Plan Width": 8,
            "Actual Startup Time": 178.604,
            "Actual Total Time": 178.605,
            "Actual Rows": 1,
            "Actual Loops": 2,
            "Plans": [
              {
                "Node Type": "Nested Loop",
                "Parent Relationship": "Outer",
                "Parallel Aware": false,
                "Join Type": "Inner",
                "Startup Cost": 0.56,
                "Total Cost": 167501.45,
                "Plan Rows": 3837,
                "Plan Width": 0,
                "Actual Startup Time": 102.347,
                "Actual Total Time": 178.468,
                "Actual Rows": 1374,
                "Actual Loops": 2,
                "Inner Unique": false,
                "Plans": [
                  {
                    "Node Type": "Seq Scan",
                    "Parent Relationship": "Outer",
                    "Parallel Aware": true,
                    "Relation Name": "title",
                    "Alias": "t",
                    "Startup Cost": 0.0,
                    "Total Cost": 58306.47,
                    "Plan Rows": 778,
                    "Plan Width": 4,
                    "Actual Startup Time": 101.872,
                    "Actual Total Time": 152.397,
                    "Actual Rows": 1708,
                    "Actual Loops": 2,
                    "Filter": "((kind_id < 7) AND (production_year = 1909))",
                    "Rows Removed by Filter": 1262448
                  },
                  {
                    "Node Type": "Index Scan",
                    "Parent Relationship": "Inner",
                    "Parallel Aware": false,
                    "Scan Direction": "Forward",
                    "Index Name": "movie_id_cast_info",
                    "Relation Name": "cast_info",
                    "Alias": "ci",
                    "Startup Cost": 0.56,
                    "Total Cost": 140.22,
                    "Plan Rows": 13,
                    "Plan Width": 4,
                    "Actual Startup Time": 0.012,
                    "Actual Total Time": 0.015,
                    "Actual Rows": 1,
                    "Actual Loops": 3417,
                    "Index Cond": "(movie_id = t.id)",
                    "Rows Removed by Index Recheck": 0,
                    "Filter": "(role_id = 1)",
                    "Rows Removed by Filter": 1
                  }
                ]
              }
            ]
          }
        ]
      }
    ]
  },
  "Planning Time": 0.461,
  "Triggers": [],
  "Execution Time": 203.143
}