[
  {
    "Plan": {
      "Node Type": "Aggregate",
      "Strategy": "Plain",
      "Partial Mode": "Finalize",
      "Parallel Aware": false,
      "Startup Cost": 44396.6,
      "Total Cost": 44396.61,
      "Plan Rows": 1,
      "Plan Width": 8,
      "Actual Startup Time": 128.399,
      "Actual Total Time": 137.912,
      "Actual Rows": 1,
      "Actual Loops": 1,
      "Plans": [
        {
          "Node Type": "Gather",
          "Parent Relationship": "Outer",
          "Parallel Aware": false,
          "Startup Cost": 44396.28,
          "Total Cost": 44396.59,
          "Plan Rows": 3,
          "Plan Width": 8,
          "Actual Startup Time": 128.258,
          "Actual Total Time": 137.904,
          "Actual Rows": 4,
          "Actual Loops": 1,
          "Workers Planned": 3,
          "Workers Launched": 3,
          "Single Copy": false,
          "Plans": [
            {
              "Node Type": "Aggregate",
              "Strategy": "Plain",
              "Partial Mode": "Partial",
              "Parent Relationship": "Outer",
              "Parallel Aware": false,
              "Startup Cost": 43396.28,
              "Total Cost": 43396.29,
              "Plan Rows": 1,
              "Plan Width": 8,
              "Actual Startup Time": 120.526,
              "Actual Total Time": 120.548,
              "Actual Rows": 1,
              "Actual Loops": 4,
              "Plans": [
                {
                  "Node Type": "Seq Scan",
                  "Parent Relationship": "Outer",
                  "Parallel Aware": true,
                  "Relation Name": "movie_keyword",
                  "Alias": "mk",
                  "Startup Cost": 0.0,
                  "Total Cost": 42695.65,
                  "Plan Rows": 280252,
                  "Plan Width": 0,
                  "Actual Startup Time": 2.67,
                  "Actual Total Time": 108.757,
                  "Actual Rows": 215972,
                  "Actual Loops": 4,
                  "Filter": "(keyword_id > 21307)",
                  "Rows Removed by Filter": 915011
                }
              ]
            }
          ]
        }
      ]
    },
    "Planning Time": 0.121,
    "Triggers": [],
    "Execution Time": 137.951
  }
]