[
  {
    "Plan": {
      "Node Type": "Aggregate",
      "Strategy": "Plain",
      "Partial Mode": "Finalize",
      "Parallel Aware": false,
      "Startup Cost": 258679.3,
      "Total Cost": 258679.31,
      "Plan Rows": 1,
      "Plan Width": 8,
      "Actual Startup Time": 1497.942,
      "Actual Total Time": 1546.316,
      "Actual Rows": 1,
      "Actual Loops": 1,
      "Plans": [
        {
          "Node Type": "Gather",
          "Parent Relationship": "Outer",
          "Parallel Aware": false,
          "Startup Cost": 258678.77,
          "Total Cost": 258679.28,
          "Plan Rows": 5,
          "Plan Width": 8,
          "Actual Startup Time": 1480.528,
          "Actual Total Time": 1546.306,
          "Actual Rows": 6,
          "Actual Loops": 1,
          "Workers Planned": 5,
          "Workers Launched": 5,
          "Single Copy": false,
          "Plans": [
            {
              "Node Type": "Aggregate",
              "Strategy": "Plain",
              "Partial Mode": "Partial",
              "Parent Relationship": "Outer",
              "Parallel Aware": false,
              "Startup Cost": 257678.77,
              "Total Cost": 257678.78,
              "Plan Rows": 1,
              "Plan Width": 8,
              "Actual Startup Time": 1467.607,
              "Actual Total Time": 1467.611,
              "Actual Rows": 1,
              "Actual Loops": 6,
              "Plans": [
                {
                  "Node Type": "Hash Join",
                  "Parent Relationship": "Outer",
                  "Parallel Aware": true,
                  "Join Type": "Inner",
                  "Startup Cost": 51272.5,
                  "Total Cost": 250751.9,
                  "Plan Rows": 2770749,
                  "Plan Width": 0,
                  "Actual Startup Time": 269.956,
                  "Actual Total Time": 1365.401,
                  "Actual Rows": 2281678,
                  "Actual Loops": 6,
                  "Inner Unique": true,
                  "Hash Cond": "(mi.movie_id = t.id)",
                  "Plans": [
                    {
                      "Node Type": "Seq Scan",
                      "Parent Relationship": "Outer",
                      "Parallel Aware": true,
                      "Relation Name": "movie_info",
                      "Alias": "mi",
                      "Startup Cost": 0.0,
                      "Total Cost": 191685.19,
                      "Plan Rows": 2969219,
                      "Plan Width": 4,
                      "Actual Startup Time": 0.031,
                      "Actual Total Time": 290.167,
                      "Actual Rows": 2472620,
                      "Actual Loops": 6
                    },
                    {
                      "Node Type": "Hash",
                      "Parent Relationship": "Inner",
                      "Parallel Aware": true,
                      "Startup Cost": 43899.32,
                      "Total Cost": 43899.32,
                      "Plan Rows": 589854,
                      "Plan Width": 4,
                      "Actual Startup Time": 264.683,
                      "Actual Total Time": 264.685,
                      "Actual Rows": 392504,
                      "Actual Loops": 6,
                      "Hash Buckets": 4194304,
                      "Original Hash Buckets": 4194304,
                      "Hash Batches": 1,
                      "Original Hash Batches": 1,
                      "Peak Memory Usage": 124992,
                      "Plans": [
                        {
                          "Node Type": "Seq Scan",
                          "Parent Relationship": "Outer",
                          "Parallel Aware": true,
                          "Relation Name": "title",
                          "Alias": "t",
                          "Startup Cost": 0.0,
                          "Total Cost": 43899.32,
                          "Plan Rows": 589854,
                          "Plan Width": 4,
                          "Actual Startup Time": 0.048,
                          "Actual Total Time": 89.768,
                          "Actual Rows": 392504,
                          "Actual Loops": 6,
                          "Filter": "(production_year > 1924)",
                          "Rows Removed by Filter": 28881
                        }
                      ]
                    }
                  ]
                }
              ]
            }
          ]
        }
      ]
    },
    "Planning Time": 0.571,
    "Triggers": [],
    "Execution Time": 1546.394
  }
]