[
  {
    "Plan": {
      "Node Type": "Aggregate",
      "Strategy": "Plain",
      "Partial Mode": "Finalize",
      "Parallel Aware": false,
      "Startup Cost": 346349.12,
      "Total Cost": 346349.13,
      "Plan Rows": 1,
      "Plan Width": 8,
      "Actual Startup Time": 625.049,
      "Actual Total Time": 687.991,
      "Actual Rows": 1,
      "Actual Loops": 1,
      "Plans": [
        {
          "Node Type": "Gather",
          "Parent Relationship": "Outer",
          "Parallel Aware": false,
          "Startup Cost": 346348.5,
          "Total Cost": 346349.11,
          "Plan Rows": 6,
          "Plan Width": 8,
          "Actual Startup Time": 624.918,
          "Actual Total Time": 687.97,
          "Actual Rows": 7,
          "Actual Loops": 1,
          "Workers Planned": 6,
          "Workers Launched": 6,
          "Single Copy": false,
          "Plans": [
            {
              "Node Type": "Aggregate",
              "Strategy": "Plain",
              "Partial Mode": "Partial",
              "Parent Relationship": "Outer",
              "Parallel Aware": false,
              "Startup Cost": 345348.5,
              "Total Cost": 345348.51,
              "Plan Rows": 1,
              "Plan Width": 8,
              "Actual Startup Time": 615.321,
              "Actual Total Time": 615.322,
              "Actual Rows": 1,
              "Actual Loops": 7,
              "Plans": [
                {
                  "Node Type": "Seq Scan",
                  "Parent Relationship": "Outer",
                  "Parallel Aware": true,
                  "Relation Name": "cast_info",
                  "Alias": "ci",
                  "Startup Cost": 0.0,
                  "Total Cost": 343257.03,
                  "Plan Rows": 836588,
                  "Plan Width": 0,
                  "Actual Startup Time": 224.719,
                  "Actual Total Time": 601.191,
                  "Actual Rows": 311135,
                  "Actual Loops": 7,
                  "Filter": "((person_id < 763974) AND (role_id > 1))",
                  "Rows Removed by Filter": 4866628
                }
              ]
            }
          ]
        }
      ]
    },
    "Planning Time": 0.183,
    "Triggers": [],
    "Execution Time": 688.057
  }
]