[
  {
    "Plan": {
      "Node Type": "Aggregate",
      "Strategy": "Plain",
      "Partial Mode": "Finalize",
      "Parallel Aware": false,
      "Startup Cost": 622731.59,
      "Total Cost": 622731.6,
      "Plan Rows": 1,
      "Plan Width": 8,
      "Actual Startup Time": 8376.415,
      "Actual Total Time": 8468.335,
      "Actual Rows": 1,
      "Actual Loops": 1,
      "Plans": [
        {
          "Node Type": "Gather",
          "Parent Relationship": "Outer",
          "Parallel Aware": false,
          "Startup Cost": 622731.06,
          "Total Cost": 622731.57,
          "Plan Rows": 5,
          "Plan Width": 8,
          "Actual Startup Time": 8324.872,
          "Actual Total Time": 8468.322,
          "Actual Rows": 6,
          "Actual Loops": 1,
          "Workers Planned": 5,
          "Workers Launched": 5,
          "Single Copy": false,
          "Plans": [
            {
              "Node Type": "Aggregate",
              "Strategy": "Plain",
              "Partial Mode": "Partial",
              "Parent Relationship": "Outer",
              "Parallel Aware": false,
              "Startup Cost": 621731.06,
              "Total Cost": 621731.07,
              "Plan Rows": 1,
              "Plan Width": 8,
              "Actual Startup Time": 8309.502,
              "Actual Total Time": 8311.0,
              "Actual Rows": 1,
              "Actual Loops": 6,
              "Plans": [
                {
                  "Node Type": "Hash Join",
                  "Parent Relationship": "Outer",
                  "Parallel Aware": true,
                  "Join Type": "Inner",
                  "Startup Cost": 402711.3,
                  "Total Cost": 612011.07,
                  "Plan Rows": 3887999,
                  "Plan Width": 0,
                  "Actual Startup Time": 3774.874,
                  "Actual Total Time": 7452.886,
                  "Actual Rows": 18720761,
                  "Actual Loops": 6,
                  "Inner Unique": false,
                  "Hash Cond": "(mi.movie_id = t.id)",
                  "Plans": [
                    {
                      "Node Type": "Seq Scan",
                      "Parent Relationship": "Outer",
                      "Parallel Aware": true,
                      "Relation Name": "movie_info",
                      "Alias": "mi",
                      "Startup Cost": 0.0,
                      "Total Cost": 191685.19,
                      "Plan Rows": 2969219,
                      "Plan Width": 4,
                      "Actual Startup Time": 0.052,
                      "Actual Total Time": 328.011,
                      "Actual Rows": 2472620,
                      "Actual Loops": 6
                    },
                    {
                      "Node Type": "Hash",
                      "Parent Relationship": "Inner",
                      "Parallel Aware": true,
                      "Startup Cost": 395813.79,
                      "Total Cost": 395813.79,
                      "Plan Rows": 551801,
                      "Plan Width": 8,
                      "Actual Startup Time": 3767.413,
                      "Actual Total Time": 3768.908,
                      "Actual Rows": 1222477,
                      "Actual Loops": 6,
                      "Hash Buckets": 8388608,
                      "Original Hash Buckets": 4194304,
                      "Hash Batches": 1,
                      "Original Hash Batches": 1,
                      "Peak Memory Usage": 385312,
                      "Plans": [
                        {
                          "Node Type": "Hash Join",
                          "Parent Relationship": "Outer",
                          "Parallel Aware": true,
                          "Join Type": "Inner",
                          "Startup Cost": 50851.22,
                          "Total Cost": 395813.79,
                          "Plan Rows": 551801,
                          "Plan Width": 8,
                          "Actual Startup Time": 1026.183,
                          "Actual Total Time": 2709.118,
                          "Actual Rows": 1222477,
                          "Actual Loops": 6,
                          "Inner Unique": true,
                          "Hash Cond": "(ci.movie_id = t.id)",
                          "Plans": [
                            {
                              "Node Type": "Seq Scan",
                              "Parent Relationship": "Outer",
                              "Parallel Aware": true,
                              "Relation Name": "cast_info",
                              "Alias": "ci",
                              "Startup Cost": 0.0,
                              "Total Cost": 343316.27,
                              "Plan Rows": 627161,
                              "Plan Width": 4,
                              "Actual Startup Time": 611.636,
                              "Actual Total Time": 1138.256,
                              "Actual Rows": 1403975,
                              "Actual Loops": 6,
                              "Filter": "((person_id > 2842731) AND (role_id > 2))",
                              "Rows Removed by Filter": 4636749
                            },
                            {
                              "Node Type": "Hash",
                              "Parent Relationship": "Inner",
                              "Parallel Aware": true,
                              "Startup Cost": 43899.32,
                              "Total Cost": 43899.32,
                              "Plan Rows": 556152,
                              "Plan Width": 4,
                              "Actual Startup Time": 408.402,
                              "Actual Total Time": 408.404,
                              "Actual Rows": 370762,
                              "Actual Loops": 6,
                              "Hash Buckets": 4194304,
                              "Original Hash Buckets": 4194304,
                              "Hash Batches": 1,
                              "Original Hash Batches": 1,
                              "Peak Memory Usage": 119904,
                              "Plans": [
                                {
                                  "Node Type": "Seq Scan",
                                  "Parent Relationship": "Outer",
                                  "Parallel Aware": true,
                                  "Relation Name": "title",
                                  "Alias": "t",
                                  "Startup Cost": 0.0,
                                  "Total Cost": 43899.32,
                                  "Plan Rows": 556152,
                                  "Plan Width": 4,
                                  "Actual Startup Time": 0.07,
                                  "Actual Total Time": 137.708,
                                  "Actual Rows": 370762,
                                  "Actual Loops": 6,
                                  "Filter": "(production_year < 2012)",
                                  "Rows Removed by Filter": 50624
                                }
                              ]
                            }
                          ]
                        }
                      ]
                    }
                  ]
                }
              ]
            }
          ]
        }
      ]
    },
    "Planning Time": 0.603,
    "Triggers": [],
    "Execution Time": 8468.395
  }
]