[
  {
    "Plan": {
      "Node Type": "Aggregate",
      "Strategy": "Plain",
      "Partial Mode": "Finalize",
      "Parallel Aware": false,
      "Startup Cost": 45548.45,
      "Total Cost": 45548.46,
      "Plan Rows": 1,
      "Plan Width": 8,
      "Actual Startup Time": 148.833,
      "Actual Total Time": 158.211,
      "Actual Rows": 1,
      "Actual Loops": 1,
      "Plans": [
        {
          "Node Type": "Gather",
          "Parent Relationship": "Outer",
          "Parallel Aware": false,
          "Startup Cost": 45548.14,
          "Total Cost": 45548.45,
          "Plan Rows": 3,
          "Plan Width": 8,
          "Actual Startup Time": 148.713,
          "Actual Total Time": 158.202,
          "Actual Rows": 4,
          "Actual Loops": 1,
          "Workers Planned": 3,
          "Workers Launched": 3,
          "Single Copy": false,
          "Plans": [
            {
              "Node Type": "Aggregate",
              "Strategy": "Plain",
              "Partial Mode": "Partial",
              "Parent Relationship": "Outer",
              "Parallel Aware": false,
              "Startup Cost": 44548.14,
              "Total Cost": 44548.15,
              "Plan Rows": 1,
              "Plan Width": 8,
              "Actual Startup Time": 141.781,
              "Actual Total Time": 141.782,
              "Actual Rows": 1,
              "Actual Loops": 4,
              "Plans": [
                {
                  "Node Type": "Seq Scan",
                  "Parent Relationship": "Outer",
                  "Parallel Aware": true,
                  "Relation Name": "movie_keyword",
                  "Alias": "mk",
                  "Startup Cost": 0.0,
                  "Total Cost": 42695.65,
                  "Plan Rows": 740993,
                  "Plan Width": 0,
                  "Actual Startup Time": 0.719,
                  "Actual Total Time": 115.518,
                  "Actual Rows": 573313,
                  "Actual Loops": 4,
                  "Filter": "(keyword_id > 4589)",
                  "Rows Removed by Filter": 557669
                }
              ]
            }
          ]
        }
      ]
    },
    "Planning Time": 0.19,
    "Triggers": [],
    "Execution Time": 158.268
  }
]