[
  {
    "Plan": {
      "Node Type": "Aggregate",
      "Strategy": "Plain",
      "Partial Mode": "Finalize",
      "Parallel Aware": false,
      "Startup Cost": 45063.29,
      "Total Cost": 45063.3,
      "Plan Rows": 1,
      "Plan Width": 8,
      "Actual Startup Time": 99.813,
      "Actual Total Time": 112.162,
      "Actual Rows": 1,
      "Actual Loops": 1,
      "Plans": [
        {
          "Node Type": "Gather",
          "Parent Relationship": "Outer",
          "Parallel Aware": false,
          "Startup Cost": 45062.87,
          "Total Cost": 45063.28,
          "Plan Rows": 4,
          "Plan Width": 8,
          "Actual Startup Time": 99.663,
          "Actual Total Time": 112.152,
          "Actual Rows": 5,
          "Actual Loops": 1,
          "Workers Planned": 4,
          "Workers Launched": 4,
          "Single Copy": false,
          "Plans": [
            {
              "Node Type": "Aggregate",
              "Strategy": "Plain",
              "Partial Mode": "Partial",
              "Parent Relationship": "Outer",
              "Parallel Aware": false,
              "Startup Cost": 44062.87,
              "Total Cost": 44062.88,
              "Plan Rows": 1,
              "Plan Width": 8,
              "Actual Startup Time": 91.946,
              "Actual Total Time": 91.947,
              "Actual Rows": 1,
              "Actual Loops": 5,
              "Plans": [
                {
                  "Node Type": "Seq Scan",
                  "Parent Relationship": "Outer",
                  "Parallel Aware": true,
                  "Relation Name": "title",
                  "Alias": "t",
                  "Startup Cost": 0.0,
                  "Total Cost": 43898.92,
                  "Plan Rows": 65580,
                  "Plan Width": 0,
                  "Actual Startup Time": 0.06,
                  "Actual Total Time": 88.686,
                  "Actual Rows": 54780,
                  "Actual Loops": 5,
                  "Filter": "(production_year < 1963)",
                  "Rows Removed by Filter": 450882
                }
              ]
            }
          ]
        }
      ]
    },
    "Planning Time": 0.152,
    "Triggers": [],
    "Execution Time": 112.22
  }
]