[
    {
        "Bao": {
            "Bao prediction": 654.778,
            "Bao recommended hint": "(no hint)"
        }
    },
    {
        "Plan": {
            "Node Type": "Aggregate",
            "Strategy": "Plain",
            "Partial Mode": "Finalize",
            "Parallel Aware": false,
            "Startup Cost": 27601.34,
            "Total Cost": 27601.35,
            "Plan Rows": 1,
            "Plan Width": 8,
            "Actual Startup Time": 96.654,
            "Actual Total Time": 102.4,
            "Actual Rows": 1,
            "Actual Loops": 1,
            "Output": [
                "count(*)"
            ],
            "Plans": [
                {
                    "Node Type": "Gather",
                    "Parent Relationship": "Outer",
                    "Parallel Aware": false,
                    "Startup Cost": 27601.02,
                    "Total Cost": 27601.33,
                    "Plan Rows": 3,
                    "Plan Width": 8,
                    "Actual Startup Time": 96.354,
                    "Actual Total Time": 102.391,
                    "Actual Rows": 4,
                    "Actual Loops": 1,
                    "Output": [
                        "(PARTIAL count(*))"
                    ],
                    "Workers Planned": 3,
                    "Workers Launched": 3,
                    "Single Copy": false,
                    "Plans": [
                        {
                            "Node Type": "Aggregate",
                            "Strategy": "Plain",
                            "Partial Mode": "Partial",
                            "Parent Relationship": "Outer",
                            "Parallel Aware": false,
                            "Startup Cost": 26601.02,
                            "Total Cost": 26601.03,
                            "Plan Rows": 1,
                            "Plan Width": 8,
                            "Actual Startup Time": 88.062,
                            "Actual Total Time": 88.063,
                            "Actual Rows": 1,
                            "Actual Loops": 4,
                            "Output": [
                                "PARTIAL count(*)"
                            ],
                            "Workers": [
                                {
                                    "Worker Number": 0,
                                    "Actual Startup Time": 85.259,
                                    "Actual Total Time": 85.261,
                                    "Actual Rows": 1,
                                    "Actual Loops": 1
                                },
                                {
                                    "Worker Number": 1,
                                    "Actual Startup Time": 85.261,
                                    "Actual Total Time": 85.263,
                                    "Actual Rows": 1,
                                    "Actual Loops": 1
                                },
                                {
                                    "Worker Number": 2,
                                    "Actual Startup Time": 85.941,
                                    "Actual Total Time": 85.942,
                                    "Actual Rows": 1,
                                    "Actual Loops": 1
                                }
                            ],
                            "Plans": [
                                {
                                    "Node Type": "Bitmap Heap Scan",
                                    "Parent Relationship": "Outer",
                                    "Parallel Aware": true,
                                    "Relation Name": "movie_companies",
                                    "Schema": "public",
                                    "Alias": "mc",
                                    "Startup Cost": 6284.12,
                                    "Total Cost": 26485.7,
                                    "Plan Rows": 46127,
                                    "Plan Width": 0,
                                    "Actual Startup Time": 28.722,
                                    "Actual Total Time": 82.584,
                                    "Actual Rows": 55002,
                                    "Actual Loops": 4,
                                    "Recheck Cond": "(mc.company_id < 159)",
                                    "Rows Removed by Index Recheck": 0,
                                    "Filter": "(mc.company_type_id < 2)",
                                    "Rows Removed by Filter": 16327,
                                    "Exact Heap Blocks": 8143,
                                    "Lossy Heap Blocks": 0,
                                    "Workers": [
                                        {
                                            "Worker Number": 0,
                                            "Actual Startup Time": 26.144,
                                            "Actual Total Time": 80.348,
                                            "Actual Rows": 36048,
                                            "Actual Loops": 1
                                        },
                                        {
                                            "Worker Number": 1,
                                            "Actual Startup Time": 25.891,
                                            "Actual Total Time": 80.323,
                                            "Actual Rows": 36036,
                                            "Actual Loops": 1
                                        },
                                        {
                                            "Worker Number": 2,
                                            "Actual Startup Time": 26.669,
                                            "Actual Total Time": 81.134,
                                            "Actual Rows": 35759,
                                            "Actual Loops": 1
                                        }
                                    ],
                                    "Plans": [
                                        {
                                            "Node Type": "Bitmap Index Scan",
                                            "Parent Relationship": "Outer",
                                            "Parallel Aware": false,
                                            "Index Name": "company_id_movie_companies",
                                            "Startup Cost": 0.0,
                                            "Total Cost": 6248.38,
                                            "Plan Rows": 291726,
                                            "Plan Width": 0,
                                            "Actual Startup Time": 32.119,
                                            "Actual Total Time": 32.119,
                                            "Actual Rows": 285317,
                                            "Actual Loops": 1,
                                            "Index Cond": "(mc.company_id < 159)"
                                        }
                                    ]
                                }
                            ]
                        }
                    ]
                }
            ]
        },
        "Planning Time": 1312.379,
        "Triggers": [],
        "Execution Time": 102.507
    }
]