[
  {
    "Plan": {
      "Node Type": "Aggregate",
      "Strategy": "Plain",
      "Partial Mode": "Finalize",
      "Parallel Aware": false,
      "Startup Cost": 79123.42,
      "Total Cost": 79123.43,
      "Plan Rows": 1,
      "Plan Width": 8,
      "Actual Startup Time": 479.789,
      "Actual Total Time": 494.622,
      "Actual Rows": 1,
      "Actual Loops": 1,
      "Plans": [
        {
          "Node Type": "Gather",
          "Parent Relationship": "Outer",
          "Parallel Aware": false,
          "Startup Cost": 79123.11,
          "Total Cost": 79123.42,
          "Plan Rows": 3,
          "Plan Width": 8,
          "Actual Startup Time": 475.149,
          "Actual Total Time": 494.614,
          "Actual Rows": 4,
          "Actual Loops": 1,
          "Workers Planned": 3,
          "Workers Launched": 3,
          "Single Copy": false,
          "Plans": [
            {
              "Node Type": "Aggregate",
              "Strategy": "Plain",
              "Partial Mode": "Partial",
              "Parent Relationship": "Outer",
              "Parallel Aware": false,
              "Startup Cost": 78123.11,
              "Total Cost": 78123.12,
              "Plan Rows": 1,
              "Plan Width": 8,
              "Actual Startup Time": 467.822,
              "Actual Total Time": 467.826,
              "Actual Rows": 1,
              "Actual Loops": 4,
              "Plans": [
                {
                  "Node Type": "Hash Join",
                  "Parent Relationship": "Outer",
                  "Parallel Aware": true,
                  "Join Type": "Inner",
                  "Startup Cost": 48028.45,
                  "Total Cost": 77444.34,
                  "Plan Rows": 271507,
                  "Plan Width": 0,
                  "Actual Startup Time": 195.815,
                  "Actual Total Time": 446.038,
                  "Actual Rows": 405921,
                  "Actual Loops": 4,
                  "Inner Unique": true,
                  "Hash Cond": "(mc.movie_id = t.id)",
                  "Plans": [
                    {
                      "Node Type": "Seq Scan",
                      "Parent Relationship": "Outer",
                      "Parallel Aware": true,
                      "Relation Name": "movie_companies",
                      "Alias": "mc",
                      "Startup Cost": 0.0,
                      "Total Cost": 27206.55,
                      "Plan Rows": 841655,
                      "Plan Width": 4,
                      "Actual Startup Time": 0.009,
                      "Actual Total Time": 68.18,
                      "Actual Rows": 652282,
                      "Actual Loops": 4
                    },
                    {
                      "Node Type": "Hash",
                      "Parent Relationship": "Inner",
                      "Parallel Aware": true,
                      "Startup Cost": 45479.59,
                      "Total Cost": 45479.59,
                      "Plan Rows": 203909,
                      "Plan Width": 4,
                      "Actual Startup Time": 192.093,
                      "Actual Total Time": 192.094,
                      "Actual Rows": 203094,
                      "Actual Loops": 4,
                      "Hash Buckets": 1048576,
                      "Original Hash Buckets": 1048576,
                      "Hash Batches": 1,
                      "Original Hash Batches": 1,
                      "Peak Memory Usage": 40032,
                      "Plans": [
                        {
                          "Node Type": "Seq Scan",
                          "Parent Relationship": "Outer",
                          "Parallel Aware": true,
                          "Relation Name": "title",
                          "Alias": "t",
                          "Startup Cost": 0.0,
                          "Total Cost": 45479.59,
                          "Plan Rows": 203909,
                          "Plan Width": 4,
                          "Actual Startup Time": 0.05,
                          "Actual Total Time": 114.849,
                          "Actual Rows": 203094,
                          "Actual Loops": 4,
                          "Filter": "((kind_id < 4) AND (production_year > 1911))",
                          "Rows Removed by Filter": 428984
                        }
                      ]
                    }
                  ]
                }
              ]
            }
          ]
        }
      ]
    },
    "Planning Time": 0.425,
    "Triggers": [],
    "Execution Time": 494.668
  }
]