{
  "Plan": {
    "Node Type": "Aggregate",
    "Strategy": "Plain",
    "Partial Mode": "Finalize",
    "Parallel Aware": false,
    "Startup Cost": 392765.62,
    "Total Cost": 392765.63,
    "Plan Rows": 1,
    "Plan Width": 8,
    "Actual Startup Time": 2217.811,
    "Actual Total Time": 2267.703,
    "Actual Rows": 1,
    "Actual Loops": 1,
    "Plans": [
      {
        "Node Type": "Gather",
        "Parent Relationship": "Outer",
        "Parallel Aware": false,
        "Startup Cost": 392765.51,
        "Total Cost": 392765.62,
        "Plan Rows": 1,
        "Plan Width": 8,
        "Actual Startup Time": 2213.728,
        "Actual Total Time": 2267.696,
        "Actual Rows": 2,
        "Actual Loops": 1,
        "Workers Planned": 1,
        "Workers Launched": 1,
        "Single Copy": false,
        "Plans": [
          {
            "Node Type": "Aggregate",
            "Strategy": "Plain",
            "Partial Mode": "Partial",
            "Parent Relationship": "Outer",
            "Parallel Aware": false,
            "Startup Cost": 391765.51,
            "Total Cost": 391765.52,
            "Plan Rows": 1,
            "Plan Width": 8,
            "Actual Startup Time": 2207.58,
            "Actual Total Time": 2207.586,
            "Actual Rows": 1,
            "Actual Loops": 2,
            "Plans": [
              {
                "Node Type": "Hash Join",
                "Parent Relationship": "Outer",
                "Parallel Aware": true,
                "Join Type": "Inner",
                "Startup Cost": 86477.09,
                "Total Cost": 387970.6,
                "Plan Rows": 1517966,
                "Plan Width": 0,
                "Actual Startup Time": 609.133,
                "Actual Total Time": 2097.826,
                "Actual Rows": 2774726,
                "Actual Loops": 2,
                "Inner Unique": false,
                "Hash Cond": "(mi.movie_id = t.id)",
                "Plans": [
                  {
                    "Node Type": "Seq Scan",
                    "Parent Relationship": "Outer",
                    "Parallel Aware": true,
                    "Relation Name": "movie_info",
                    "Alias": "mi",
                    "Startup Cost": 0.0,
                    "Total Cost": 270696.42,
                    "Plan Rows": 5831431,
                    "Plan Width": 4,
                    "Actual Startup Time": 34.166,
                    "Actual Total Time": 729.809,
                    "Actual Rows": 4955877,
                    "Actual Loops": 2,
                    "Filter": "(info_type_id > 4)",
                    "Rows Removed by Filter": 2461983
                  },
                  {
                    "Node Type": "Hash",
                    "Parent Relationship": "Inner",
                    "Parallel Aware": true,
                    "Startup Cost": 81637.87,
                    "Total Cost": 81637.87,
                    "Plan Rows": 387138,
                    "Plan Width": 8,
                    "Actual Startup Time": 565.43,
                    "Actual Total Time": 565.434,
                    "Actual Rows": 269862,
                    "Actual Loops": 2,
                    "Hash Buckets": 1048576,
                    "Original Hash Buckets": 1048576,
                    "Hash Batches": 1,
                    "Original Hash Batches": 1,
                    "Peak Memory Usage": 29344,
                    "Plans": [
                      {
                        "Node Type": "Hash Join",
                        "Parent Relationship": "Outer",
                        "Parallel Aware": true,
                        "Join Type": "Inner",
                        "Startup Cost": 63454.08,
                        "Total Cost": 81637.87,
                        "Plan Rows": 387138,
                        "Plan Width": 8,
                        "Actual Startup Time": 338.087,
                        "Actual Total Time": 509.177,
                        "Actual Rows": 269862,
                        "Actual Loops": 2,
                        "Inner Unique": true,
                        "Hash Cond": "(mi_idx.movie_id = t.id)",
                        "Plans": [
                          {
                            "Node Type": "Seq Scan",
                            "Parent Relationship": "Outer",
                            "Parallel Aware": true,
                            "Relation Name": "movie_info_idx",
                            "Alias": "mi_idx",
                            "Startup Cost": 0.0,
                            "Total Cost": 16052.85,
                            "Plan Rows": 811785,
                            "Plan Width": 4,
                            "Actual Startup Time": 0.018,
                            "Actual Total Time": 48.757,
                            "Actual Rows": 690018,
                            "Actual Loops": 2
                          },
                          {
                            "Node Type": "Hash",
                            "Parent Relationship": "Inner",
                            "Parallel Aware": true,
                            "Startup Cost": 54588.39,
                            "Total Cost": 54588.39,
                            "Plan Rows": 709255,
                            "Plan Width": 4,
                            "Actual Startup Time": 328.467,
                            "Actual Total Time": 328.468,
                            "Actual Rows": 596259,
                            "Actual Loops": 2,
                            "Hash Buckets": 2097152,
                            "Original Hash Buckets": 2097152,
                            "Hash Batches": 1,
                            "Original Hash Batches": 1,
                            "Peak Memory Usage": 63072,
                            "Plans": [
                              {
                                "Node Type": "Seq Scan",
                                "Parent Relationship": "Outer",
                                "Parallel Aware": true,
                                "Relation Name": "title",
                                "Alias": "t",
                                "Startup Cost": 0.0,
                                "Total Cost": 54588.39,
                                "Plan Rows": 709255,
                                "Plan Width": 4,
                                "Actual Startup Time": 0.034,
                                "Actual Total Time": 161.958,
                                "Actual Rows": 596259,
                                "Actual Loops": 2,
                                "Filter": "(production_year > 2003)",
                                "Rows Removed by Filter": 667897
                              }
                            ]
                          }
                        ]
                      }
                    ]
                  }
                ]
              }
            ]
          }
        ]
      }
    ]
  },
  "Planning Time": 0.91,
  "Triggers": [],
  "Execution Time": 2267.792
}