[
  {
    "Plan": {
      "Node Type": "Aggregate",
      "Strategy": "Plain",
      "Partial Mode": "Finalize",
      "Parallel Aware": false,
      "Startup Cost": 33043.99,
      "Total Cost": 33044.0,
      "Plan Rows": 1,
      "Plan Width": 8,
      "Actual Startup Time": 103.875,
      "Actual Total Time": 110.155,
      "Actual Rows": 1,
      "Actual Loops": 1,
      "Plans": [
        {
          "Node Type": "Gather",
          "Parent Relationship": "Outer",
          "Parallel Aware": false,
          "Startup Cost": 33043.67,
          "Total Cost": 33043.98,
          "Plan Rows": 3,
          "Plan Width": 8,
          "Actual Startup Time": 103.712,
          "Actual Total Time": 110.146,
          "Actual Rows": 4,
          "Actual Loops": 1,
          "Workers Planned": 3,
          "Workers Launched": 3,
          "Single Copy": false,
          "Plans": [
            {
              "Node Type": "Aggregate",
              "Strategy": "Plain",
              "Partial Mode": "Partial",
              "Parent Relationship": "Outer",
              "Parallel Aware": false,
              "Startup Cost": 32043.67,
              "Total Cost": 32043.68,
              "Plan Rows": 1,
              "Plan Width": 8,
              "Actual Startup Time": 97.992,
              "Actual Total Time": 97.993,
              "Actual Rows": 1,
              "Actual Loops": 4,
              "Plans": [
                {
                  "Node Type": "Seq Scan",
                  "Parent Relationship": "Outer",
                  "Parallel Aware": true,
                  "Relation Name": "movie_companies",
                  "Alias": "mc",
                  "Startup Cost": 0.0,
                  "Total Cost": 31414.82,
                  "Plan Rows": 251542,
                  "Plan Width": 0,
                  "Actual Startup Time": 4.247,
                  "Actual Total Time": 89.156,
                  "Actual Rows": 141478,
                  "Actual Loops": 4,
                  "Filter": "((company_id > 5254) AND (company_type_id < 2))",
                  "Rows Removed by Filter": 510804
                }
              ]
            }
          ]
        }
      ]
    },
    "Planning Time": 0.113,
    "Triggers": [],
    "Execution Time": 110.189
  }
]