[
    {
        "Bao": {
            "Bao prediction": "NaN",
            "Bao recommended hint": "(no hint)"
        }
    },
    {
        "Plan": {
            "Node Type": "Aggregate",
            "Strategy": "Plain",
            "Partial Mode": "Finalize",
            "Parallel Aware": false,
            "Startup Cost": 46115.64,
            "Total Cost": 46115.65,
            "Plan Rows": 1,
            "Plan Width": 8,
            "Actual Startup Time": 179.403,
            "Actual Total Time": 185.187,
            "Actual Rows": 1,
            "Actual Loops": 1,
            "Output": [
                "count(*)"
            ],
            "Plans": [
                {
                    "Node Type": "Gather",
                    "Parent Relationship": "Outer",
                    "Parallel Aware": false,
                    "Startup Cost": 46115.32,
                    "Total Cost": 46115.63,
                    "Plan Rows": 3,
                    "Plan Width": 8,
                    "Actual Startup Time": 179.294,
                    "Actual Total Time": 185.177,
                    "Actual Rows": 4,
                    "Actual Loops": 1,
                    "Output": [
                        "(PARTIAL count(*))"
                    ],
                    "Workers Planned": 3,
                    "Workers Launched": 3,
                    "Single Copy": false,
                    "Plans": [
                        {
                            "Node Type": "Aggregate",
                            "Strategy": "Plain",
                            "Partial Mode": "Partial",
                            "Parent Relationship": "Outer",
                            "Parallel Aware": false,
                            "Startup Cost": 45115.32,
                            "Total Cost": 45115.33,
                            "Plan Rows": 1,
                            "Plan Width": 8,
                            "Actual Startup Time": 171.804,
                            "Actual Total Time": 171.805,
                            "Actual Rows": 1,
                            "Actual Loops": 4,
                            "Output": [
                                "PARTIAL count(*)"
                            ],
                            "Workers": [
                                {
                                    "Worker Number": 0,
                                    "Actual Startup Time": 167.639,
                                    "Actual Total Time": 167.64,
                                    "Actual Rows": 1,
                                    "Actual Loops": 1
                                },
                                {
                                    "Worker Number": 1,
                                    "Actual Startup Time": 168.065,
                                    "Actual Total Time": 168.066,
                                    "Actual Rows": 1,
                                    "Actual Loops": 1
                                },
                                {
                                    "Worker Number": 2,
                                    "Actual Startup Time": 173.109,
                                    "Actual Total Time": 173.11,
                                    "Actual Rows": 1,
                                    "Actual Loops": 1
                                }
                            ],
                            "Plans": [
                                {
                                    "Node Type": "Seq Scan",
                                    "Parent Relationship": "Outer",
                                    "Parallel Aware": true,
                                    "Relation Name": "movie_keyword",
                                    "Schema": "public",
                                    "Alias": "mk",
                                    "Startup Cost": 0.0,
                                    "Total Cost": 42695.65,
                                    "Plan Rows": 967868,
                                    "Plan Width": 0,
                                    "Actual Startup Time": 0.036,
                                    "Actual Total Time": 129.419,
                                    "Actual Rows": 755857,
                                    "Actual Loops": 4,
                                    "Output": [
                                        "id",
                                        "movie_id",
                                        "keyword_id"
                                    ],
                                    "Filter": "(mk.keyword_id < 10833)",
                                    "Rows Removed by Filter": 375126,
                                    "Workers": [
                                        {
                                            "Worker Number": 0,
                                            "Actual Startup Time": 0.049,
                                            "Actual Total Time": 127.614,
                                            "Actual Rows": 831378,
                                            "Actual Loops": 1
                                        },
                                        {
                                            "Worker Number": 1,
                                            "Actual Startup Time": 0.048,
                                            "Actual Total Time": 127.775,
                                            "Actual Rows": 555217,
                                            "Actual Loops": 1
                                        },
                                        {
                                            "Worker Number": 2,
                                            "Actual Startup Time": 0.023,
                                            "Actual Total Time": 130.824,
                                            "Actual Rows": 949592,
                                            "Actual Loops": 1
                                        }
                                    ]
                                }
                            ]
                        }
                    ]
                }
            ]
        },
        "Planning Time": 465.019,
        "Triggers": [],
        "Execution Time": 185.278
    }
]