[
  {
    "Plan": {
      "Node Type": "Aggregate",
      "Strategy": "Plain",
      "Partial Mode": "Finalize",
      "Parallel Aware": false,
      "Startup Cost": 94782.26,
      "Total Cost": 94782.27,
      "Plan Rows": 1,
      "Plan Width": 8,
      "Actual Startup Time": 360.822,
      "Actual Total Time": 382.59,
      "Actual Rows": 1,
      "Actual Loops": 1,
      "Plans": [
        {
          "Node Type": "Gather",
          "Parent Relationship": "Outer",
          "Parallel Aware": false,
          "Startup Cost": 94781.84,
          "Total Cost": 94782.25,
          "Plan Rows": 4,
          "Plan Width": 8,
          "Actual Startup Time": 352.102,
          "Actual Total Time": 382.579,
          "Actual Rows": 5,
          "Actual Loops": 1,
          "Workers Planned": 4,
          "Workers Launched": 4,
          "Single Copy": false,
          "Plans": [
            {
              "Node Type": "Aggregate",
              "Strategy": "Plain",
              "Partial Mode": "Partial",
              "Parent Relationship": "Outer",
              "Parallel Aware": false,
              "Startup Cost": 93781.84,
              "Total Cost": 93781.85,
              "Plan Rows": 1,
              "Plan Width": 8,
              "Actual Startup Time": 337.22,
              "Actual Total Time": 337.23,
              "Actual Rows": 1,
              "Actual Loops": 5,
              "Plans": [
                {
                  "Node Type": "Hash Join",
                  "Parent Relationship": "Outer",
                  "Parallel Aware": true,
                  "Join Type": "Inner",
                  "Startup Cost": 48865.87,
                  "Total Cost": 93754.54,
                  "Plan Rows": 10919,
                  "Plan Width": 0,
                  "Actual Startup Time": 196.355,
                  "Actual Total Time": 335.493,
                  "Actual Rows": 34247,
                  "Actual Loops": 5,
                  "Inner Unique": false,
                  "Hash Cond": "(t.id = mi_idx.movie_id)",
                  "Plans": [
                    {
                      "Node Type": "Seq Scan",
                      "Parent Relationship": "Outer",
                      "Parallel Aware": true,
                      "Relation Name": "title",
                      "Alias": "t",
                      "Startup Cost": 0.0,
                      "Total Cost": 42319.06,
                      "Plan Rows": 632106,
                      "Plan Width": 4,
                      "Actual Startup Time": 0.038,
                      "Actual Total Time": 69.424,
                      "Actual Rows": 505662,
                      "Actual Loops": 5
                    },
                    {
                      "Node Type": "Hash",
                      "Parent Relationship": "Inner",
                      "Parallel Aware": true,
                      "Startup Cost": 47869.82,
                      "Total Cost": 47869.82,
                      "Plan Rows": 79684,
                      "Plan Width": 8,
                      "Actual Startup Time": 193.743,
                      "Actual Total Time": 193.751,
                      "Actual Rows": 34247,
                      "Actual Loops": 5,
                      "Hash Buckets": 262144,
                      "Original Hash Buckets": 262144,
                      "Hash Batches": 1,
                      "Original Hash Batches": 1,
                      "Peak Memory Usage": 8800,
                      "Plans": [
                        {
                          "Node Type": "Hash Join",
                          "Parent Relationship": "Outer",
                          "Parallel Aware": true,
                          "Join Type": "Inner",
                          "Startup Cost": 22451.77,
                          "Total Cost": 47869.82,
                          "Plan Rows": 79684,
                          "Plan Width": 8,
                          "Actual Startup Time": 133.023,
                          "Actual Total Time": 182.19,
                          "Actual Rows": 34247,
                          "Actual Loops": 5,
                          "Inner Unique": false,
                          "Hash Cond": "(mk.movie_id = mi_idx.movie_id)",
                          "Plans": [
                            {
                              "Node Type": "Bitmap Heap Scan",
                              "Parent Relationship": "Outer",
                              "Parallel Aware": true,
                              "Relation Name": "movie_keyword",
                              "Alias": "mk",
                              "Startup Cost": 2558.87,
                              "Total Cost": 27499.04,
                              "Plan Rows": 38894,
                              "Plan Width": 4,
                              "Actual Startup Time": 12.526,
                              "Actual Total Time": 46.315,
                              "Actual Rows": 24384,
                              "Actual Loops": 5,
                              "Recheck Cond": "(keyword_id < 117)",
                              "Rows Removed by Index Recheck": 0,
                              "Exact Heap Blocks": 7069,
                              "Lossy Heap Blocks": 0,
                              "Plans": [
                                {
                                  "Node Type": "Bitmap Index Scan",
                                  "Parent Relationship": "Outer",
                                  "Parallel Aware": false,
                                  "Index Name": "keyword_id_movie_keyword",
                                  "Startup Cost": 0.0,
                                  "Total Cost": 2528.72,
                                  "Plan Rows": 120572,
                                  "Plan Width": 0,
                                  "Actual Startup Time": 9.208,
                                  "Actual Total Time": 9.209,
                                  "Actual Rows": 121921,
                                  "Actual Loops": 1,
                                  "Index Cond": "(keyword_id < 117)"
                                }
                              ]
                            },
                            {
                              "Node Type": "Hash",
                              "Parent Relationship": "Inner",
                              "Parallel Aware": true,
                              "Startup Cost": 15122.68,
                              "Total Cost": 15122.68,
                              "Plan Rows": 381618,
                              "Plan Width": 4,
                              "Actual Startup Time": 117.455,
                              "Actual Total Time": 117.459,
                              "Actual Rows": 183970,
                              "Actual Loops": 5,
                              "Hash Buckets": 1048576,
                              "Original Hash Buckets": 1048576,
                              "Hash Batches": 1,
                              "Original Hash Batches": 1,
                              "Peak Memory Usage": 44288,
                              "Plans": [
                                {
                                  "Node Type": "Seq Scan",
                                  "Parent Relationship": "Outer",
                                  "Parallel Aware": true,
                                  "Relation Name": "movie_info_idx",
                                  "Alias": "mi_idx",
                                  "Startup Cost": 0.0,
                                  "Total Cost": 15122.68,
                                  "Plan Rows": 381618,
                                  "Plan Width": 4,
                                  "Actual Startup Time": 0.073,
                                  "Actual Total Time": 48.288,
                                  "Actual Rows": 183970,
                                  "Actual Loops": 5,
                                  "Filter": "(info_type_id < 101)",
                                  "Rows Removed by Filter": 92037
                                }
                              ]
                            }
                          ]
                        }
                      ]
                    }
                  ]
                }
              ]
            }
          ]
        }
      ]
    },
    "Planning Time": 1.345,
    "Triggers": [],
    "Execution Time": 382.693
  }
]