[
  {
    "Plan": {
      "Node Type": "Aggregate",
      "Strategy": "Plain",
      "Partial Mode": "Finalize",
      "Parallel Aware": false,
      "Startup Cost": 110793.19,
      "Total Cost": 110793.2,
      "Plan Rows": 1,
      "Plan Width": 8,
      "Actual Startup Time": 911.657,
      "Actual Total Time": 938.893,
      "Actual Rows": 1,
      "Actual Loops": 1,
      "Plans": [
        {
          "Node Type": "Gather",
          "Parent Relationship": "Outer",
          "Parallel Aware": false,
          "Startup Cost": 110792.87,
          "Total Cost": 110793.18,
          "Plan Rows": 3,
          "Plan Width": 8,
          "Actual Startup Time": 906.96,
          "Actual Total Time": 938.88,
          "Actual Rows": 4,
          "Actual Loops": 1,
          "Workers Planned": 3,
          "Workers Launched": 3,
          "Single Copy": false,
          "Plans": [
            {
              "Node Type": "Aggregate",
              "Strategy": "Plain",
              "Partial Mode": "Partial",
              "Parent Relationship": "Outer",
              "Parallel Aware": false,
              "Startup Cost": 109792.87,
              "Total Cost": 109792.88,
              "Plan Rows": 1,
              "Plan Width": 8,
              "Actual Startup Time": 898.0,
              "Actual Total Time": 898.31,
              "Actual Rows": 1,
              "Actual Loops": 4,
              "Plans": [
                {
                  "Node Type": "Hash Join",
                  "Parent Relationship": "Outer",
                  "Parallel Aware": true,
                  "Join Type": "Inner",
                  "Startup Cost": 64075.71,
                  "Total Cost": 109343.87,
                  "Plan Rows": 179601,
                  "Plan Width": 0,
                  "Actual Startup Time": 414.483,
                  "Actual Total Time": 803.615,
                  "Actual Rows": 1427873,
                  "Actual Loops": 4,
                  "Inner Unique": false,
                  "Hash Cond": "(mk.movie_id = t.id)",
                  "Plans": [
                    {
                      "Node Type": "Seq Scan",
                      "Parent Relationship": "Outer",
                      "Parallel Aware": true,
                      "Relation Name": "movie_keyword",
                      "Alias": "mk",
                      "Startup Cost": 0.0,
                      "Total Cost": 39047.32,
                      "Plan Rows": 1459332,
                      "Plan Width": 4,
                      "Actual Startup Time": 0.035,
                      "Actual Total Time": 129.553,
                      "Actual Rows": 1130982,
                      "Actual Loops": 4
                    },
                    {
                      "Node Type": "Hash",
                      "Parent Relationship": "Inner",
                      "Parallel Aware": true,
                      "Startup Cost": 62455.08,
                      "Total Cost": 62455.08,
                      "Plan Rows": 129650,
                      "Plan Width": 8,
                      "Actual Startup Time": 357.975,
                      "Actual Total Time": 358.283,
                      "Actual Rows": 123414,
                      "Actual Loops": 4,
                      "Hash Buckets": 524288,
                      "Original Hash Buckets": 524288,
                      "Hash Batches": 1,
                      "Original Hash Batches": 1,
                      "Peak Memory Usage": 23456,
                      "Plans": [
                        {
                          "Node Type": "Hash Join",
                          "Parent Relationship": "Outer",
                          "Parallel Aware": true,
                          "Join Type": "Inner",
                          "Startup Cost": 47260.52,
                          "Total Cost": 62455.08,
                          "Plan Rows": 129650,
                          "Plan Width": 8,
                          "Actual Startup Time": 233.874,
                          "Actual Total Time": 317.121,
                          "Actual Rows": 123414,
                          "Actual Loops": 4,
                          "Inner Unique": true,
                          "Hash Cond": "(mi_idx.movie_id = t.id)",
                          "Plans": [
                            {
                              "Node Type": "Seq Scan",
                              "Parent Relationship": "Outer",
                              "Parallel Aware": true,
                              "Relation Name": "movie_info_idx",
                              "Alias": "mi_idx",
                              "Startup Cost": 0.0,
                              "Total Cost": 13685.15,
                              "Plan Rows": 575015,
                              "Plan Width": 4,
                              "Actual Startup Time": 0.028,
                              "Actual Total Time": 41.476,
                              "Actual Rows": 345009,
                              "Actual Loops": 4
                            },
                            {
                              "Node Type": "Hash",
                              "Parent Relationship": "Inner",
                              "Parallel Aware": true,
                              "Startup Cost": 45479.1,
                              "Total Cost": 45479.1,
                              "Plan Rows": 142514,
                              "Plan Width": 4,
                              "Actual Startup Time": 190.308,
                              "Actual Total Time": 190.31,
                              "Actual Rows": 112578,
                              "Actual Loops": 4,
                              "Hash Buckets": 1048576,
                              "Original Hash Buckets": 1048576,
                              "Hash Batches": 1,
                              "Original Hash Batches": 1,
                              "Peak Memory Usage": 25888,
                              "Plans": [
                                {
                                  "Node Type": "Seq Scan",
                                  "Parent Relationship": "Outer",
                                  "Parallel Aware": true,
                                  "Relation Name": "title",
                                  "Alias": "t",
                                  "Startup Cost": 0.0,
                                  "Total Cost": 45479.1,
                                  "Plan Rows": 142514,
                                  "Plan Width": 4,
                                  "Actual Startup Time": 57.082,
                                  "Actual Total Time": 132.709,
                                  "Actual Rows": 112578,
                                  "Actual Loops": 4,
                                  "Filter": "((production_year > 1964) AND (kind_id = 1))",
                                  "Rows Removed by Filter": 519500
                                }
                              ]
                            }
                          ]
                        }
                      ]
                    }
                  ]
                }
              ]
            }
          ]
        }
      ]
    },
    "Planning Time": 1.374,
    "Triggers": [],
    "Execution Time": 938.986
  }
]