[
  {
    "Plan": {
      "Node Type": "Aggregate",
      "Strategy": "Plain",
      "Partial Mode": "Simple",
      "Parallel Aware": false,
      "Startup Cost": 10677.13,
      "Total Cost": 10677.14,
      "Plan Rows": 1,
      "Plan Width": 8,
      "Actual Startup Time": 7.468,
      "Actual Total Time": 7.47,
      "Actual Rows": 1,
      "Actual Loops": 1,
      "Plans": [
        {
          "Node Type": "Index Only Scan",
          "Parent Relationship": "Outer",
          "Parallel Aware": false,
          "Scan Direction": "Forward",
          "Index Name": "company_id_movie_companies",
          "Relation Name": "movie_companies",
          "Alias": "mc",
          "Startup Cost": 0.43,
          "Total Cost": 10665.83,
          "Plan Rows": 4522,
          "Plan Width": 0,
          "Actual Startup Time": 0.089,
          "Actual Total Time": 6.64,
          "Actual Rows": 4285,
          "Actual Loops": 1,
          "Index Cond": "(company_id = 258)",
          "Rows Removed by Index Recheck": 0,
          "Heap Fetches": 4285
        }
      ]
    },
    "Planning Time": 0.182,
    "Triggers": [],
    "Execution Time": 7.526
  }
]