[
  {
    "Plan": {
      "Node Type": "Aggregate",
      "Strategy": "Plain",
      "Partial Mode": "Finalize",
      "Parallel Aware": false,
      "Startup Cost": 332170.28,
      "Total Cost": 332170.29,
      "Plan Rows": 1,
      "Plan Width": 8,
      "Actual Startup Time": 616.904,
      "Actual Total Time": 671.051,
      "Actual Rows": 1,
      "Actual Loops": 1,
      "Plans": [
        {
          "Node Type": "Gather",
          "Parent Relationship": "Outer",
          "Parallel Aware": false,
          "Startup Cost": 332169.65,
          "Total Cost": 332170.26,
          "Plan Rows": 6,
          "Plan Width": 8,
          "Actual Startup Time": 616.797,
          "Actual Total Time": 671.042,
          "Actual Rows": 7,
          "Actual Loops": 1,
          "Workers Planned": 6,
          "Workers Launched": 6,
          "Single Copy": false,
          "Plans": [
            {
              "Node Type": "Aggregate",
              "Strategy": "Plain",
              "Partial Mode": "Partial",
              "Parent Relationship": "Outer",
              "Parallel Aware": false,
              "Startup Cost": 331169.65,
              "Total Cost": 331169.66,
              "Plan Rows": 1,
              "Plan Width": 8,
              "Actual Startup Time": 607.906,
              "Actual Total Time": 607.907,
              "Actual Rows": 1,
              "Actual Loops": 7,
              "Plans": [
                {
                  "Node Type": "Seq Scan",
                  "Parent Relationship": "Outer",
                  "Parallel Aware": true,
                  "Relation Name": "cast_info",
                  "Alias": "ci",
                  "Startup Cost": 0.0,
                  "Total Cost": 328162.03,
                  "Plan Rows": 1203051,
                  "Plan Width": 0,
                  "Actual Startup Time": 342.552,
                  "Actual Total Time": 562.81,
                  "Actual Rows": 1013399,
                  "Actual Loops": 7,
                  "Filter": "(person_id > 2957451)",
                  "Rows Removed by Filter": 4164364
                }
              ]
            }
          ]
        }
      ]
    },
    "Planning Time": 0.223,
    "Triggers": [],
    "Execution Time": 671.124
  }
]