{
  "Plan": {
    "Node Type": "Aggregate",
    "Strategy": "Plain",
    "Partial Mode": "Finalize",
    "Parallel Aware": false,
    "Startup Cost": 703477.85,
    "Total Cost": 703477.86,
    "Plan Rows": 1,
    "Plan Width": 8,
    "Actual Startup Time": 5788.35,
    "Actual Total Time": 5849.845,
    "Actual Rows": 1,
    "Actual Loops": 1,
    "Plans": [
      {
        "Node Type": "Gather",
        "Parent Relationship": "Outer",
        "Parallel Aware": false,
        "Startup Cost": 703477.74,
        "Total Cost": 703477.85,
        "Plan Rows": 1,
        "Plan Width": 8,
        "Actual Startup Time": 5783.731,
        "Actual Total Time": 5849.835,
        "Actual Rows": 2,
        "Actual Loops": 1,
        "Workers Planned": 1,
        "Workers Launched": 1,
        "Single Copy": false,
        "Plans": [
          {
            "Node Type": "Aggregate",
            "Strategy": "Plain",
            "Partial Mode": "Partial",
            "Parent Relationship": "Outer",
            "Parallel Aware": false,
            "Startup Cost": 702477.74,
            "Total Cost": 702477.75,
            "Plan Rows": 1,
            "Plan Width": 8,
            "Actual Startup Time": 5772.203,
            "Actual Total Time": 5772.392,
            "Actual Rows": 1,
            "Actual Loops": 2,
            "Plans": [
              {
                "Node Type": "Hash Join",
                "Parent Relationship": "Outer",
                "Parallel Aware": true,
                "Join Type": "Inner",
                "Startup Cost": 596036.12,
                "Total Cost": 695882.91,
                "Plan Rows": 2637933,
                "Plan Width": 0,
                "Actual Startup Time": 4323.75,
                "Actual Total Time": 5399.214,
                "Actual Rows": 9584654,
                "Actual Loops": 2,
                "Inner Unique": false,
                "Hash Cond": "(mk.movie_id = t.id)",
                "Plans": [
                  {
                    "Node Type": "Seq Scan",
                    "Parent Relationship": "Outer",
                    "Parallel Aware": true,
                    "Relation Name": "movie_keyword",
                    "Alias": "mk",
                    "Startup Cost": 0.0,
                    "Total Cost": 51065.35,
                    "Plan Rows": 2661135,
                    "Plan Width": 4,
                    "Actual Startup Time": 0.017,
                    "Actual Total Time": 159.618,
                    "Actual Rows": 2261965,
                    "Actual Loops": 2
                  },
                  {
                    "Node Type": "Hash",
                    "Parent Relationship": "Inner",
                    "Parallel Aware": true,
                    "Startup Cost": 577607.82,
                    "Total Cost": 577607.82,
                    "Plan Rows": 1474264,
                    "Plan Width": 8,
                    "Actual Startup Time": 4302.032,
                    "Actual Total Time": 4302.22,
                    "Actual Rows": 843184,
                    "Actual Loops": 2,
                    "Hash Buckets": 4194304,
                    "Original Hash Buckets": 4194304,
                    "Hash Batches": 1,
                    "Original Hash Batches": 1,
                    "Peak Memory Usage": 98784,
                    "Plans": [
                      {
                        "Node Type": "Hash Join",
                        "Parent Relationship": "Outer",
                        "Parallel Aware": true,
                        "Join Type": "Inner",
                        "Startup Cost": 55874.46,
                        "Total Cost": 577607.82,
                        "Plan Rows": 1474264,
                        "Plan Width": 8,
                        "Actual Startup Time": 163.633,
                        "Actual Total Time": 3990.775,
                        "Actual Rows": 843184,
                        "Actual Loops": 2,
                        "Inner Unique": true,
                        "Hash Cond": "(ci.movie_id = t.id)",
                        "Plans": [
                          {
                            "Node Type": "Seq Scan",
                            "Parent Relationship": "Outer",
                            "Parallel Aware": true,
                            "Relation Name": "cast_info",
                            "Alias": "ci",
                            "Startup Cost": 0.0,
                            "Total Cost": 465792.95,
                            "Plan Rows": 21310595,
                            "Plan Width": 4,
                            "Actual Startup Time": 0.016,
                            "Actual Total Time": 1407.507,
                            "Actual Rows": 18122172,
                            "Actual Loops": 2
                          },
                          {
                            "Node Type": "Hash",
                            "Parent Relationship": "Inner",
                            "Parallel Aware": true,
                            "Startup Cost": 54588.39,
                            "Total Cost": 54588.39,
                            "Plan Rows": 102886,
                            "Plan Width": 4,
                            "Actual Startup Time": 162.71,
                            "Actual Total Time": 162.711,
                            "Actual Rows": 90478,
                            "Actual Loops": 2,
                            "Hash Buckets": 262144,
                            "Original Hash Buckets": 262144,
                            "Hash Batches": 1,
                            "Original Hash Batches": 1,
                            "Peak Memory Usage": 9152,
                            "Plans": [
                              {
                                "Node Type": "Seq Scan",
                                "Parent Relationship": "Outer",
                                "Parallel Aware": true,
                                "Relation Name": "title",
                                "Alias": "t",
                                "Startup Cost": 0.0,
                                "Total Cost": 54588.39,
                                "Plan Rows": 102886,
                                "Plan Width": 4,
                                "Actual Startup Time": 0.214,
                                "Actual Total Time": 135.914,
                                "Actual Rows": 90478,
                                "Actual Loops": 2,
                                "Filter": "(production_year < 1953)",
                                "Rows Removed by Filter": 1173678
                              }
                            ]
                          }
                        ]
                      }
                    ]
                  }
                ]
              }
            ]
          }
        ]
      }
    ]
  },
  "Planning Time": 0.875,
  "Triggers": [],
  "Execution Time": 5849.937
}