[
  {
    "Plan": {
      "Node Type": "Aggregate",
      "Strategy": "Plain",
      "Partial Mode": "Finalize",
      "Parallel Aware": false,
      "Startup Cost": 392939.85,
      "Total Cost": 392939.86,
      "Plan Rows": 1,
      "Plan Width": 8,
      "Actual Startup Time": 953.319,
      "Actual Total Time": 1010.539,
      "Actual Rows": 1,
      "Actual Loops": 1,
      "Plans": [
        {
          "Node Type": "Gather",
          "Parent Relationship": "Outer",
          "Parallel Aware": false,
          "Startup Cost": 392939.22,
          "Total Cost": 392939.83,
          "Plan Rows": 6,
          "Plan Width": 8,
          "Actual Startup Time": 950.663,
          "Actual Total Time": 1010.526,
          "Actual Rows": 7,
          "Actual Loops": 1,
          "Workers Planned": 6,
          "Workers Launched": 6,
          "Single Copy": false,
          "Plans": [
            {
              "Node Type": "Aggregate",
              "Strategy": "Plain",
              "Partial Mode": "Partial",
              "Parent Relationship": "Outer",
              "Parallel Aware": false,
              "Startup Cost": 391939.22,
              "Total Cost": 391939.23,
              "Plan Rows": 1,
              "Plan Width": 8,
              "Actual Startup Time": 941.933,
              "Actual Total Time": 941.936,
              "Actual Rows": 1,
              "Actual Loops": 7,
              "Plans": [
                {
                  "Node Type": "Hash Join",
                  "Parent Relationship": "Outer",
                  "Parallel Aware": true,
                  "Join Type": "Inner",
                  "Startup Cost": 47066.71,
                  "Total Cost": 391689.32,
                  "Plan Rows": 99963,
                  "Plan Width": 0,
                  "Actual Startup Time": 594.494,
                  "Actual Total Time": 933.659,
                  "Actual Rows": 147702,
                  "Actual Loops": 7,
                  "Inner Unique": true,
                  "Hash Cond": "(ci.movie_id = t.id)",
                  "Plans": [
                    {
                      "Node Type": "Seq Scan",
                      "Parent Relationship": "Outer",
                      "Parallel Aware": true,
                      "Relation Name": "cast_info",
                      "Alias": "ci",
                      "Startup Cost": 0.0,
                      "Total Cost": 343316.27,
                      "Plan Rows": 497651,
                      "Plan Width": 4,
                      "Actual Startup Time": 486.417,
                      "Actual Total Time": 676.244,
                      "Actual Rows": 649950,
                      "Actual Loops": 7,
                      "Filter": "((person_id > 3232039) AND (role_id > 1))",
                      "Rows Removed by Filter": 4527813
                    },
                    {
                      "Node Type": "Hash",
                      "Parent Relationship": "Inner",
                      "Parallel Aware": true,
                      "Startup Cost": 45479.59,
                      "Total Cost": 45479.59,
                      "Plan Rows": 126970,
                      "Plan Width": 4,
                      "Actual Startup Time": 106.499,
                      "Actual Total Time": 106.5,
                      "Actual Rows": 54587,
                      "Actual Loops": 7,
                      "Hash Buckets": 524288,
                      "Original Hash Buckets": 524288,
                      "Hash Batches": 1,
                      "Original Hash Batches": 1,
                      "Peak Memory Usage": 19104,
                      "Plans": [
                        {
                          "Node Type": "Seq Scan",
                          "Parent Relationship": "Outer",
                          "Parallel Aware": true,
                          "Relation Name": "title",
                          "Alias": "t",
                          "Startup Cost": 0.0,
                          "Total Cost": 45479.59,
                          "Plan Rows": 126970,
                          "Plan Width": 4,
                          "Actual Startup Time": 39.863,
                          "Actual Total Time": 80.538,
                          "Actual Rows": 54587,
                          "Actual Loops": 7,
                          "Filter": "((production_year > 1980) AND (kind_id = 1))",
                          "Rows Removed by Filter": 306600
                        }
                      ]
                    }
                  ]
                }
              ]
            }
          ]
        }
      ]
    },
    "Planning Time": 0.232,
    "Triggers": [],
    "Execution Time": 1010.595
  }
]