[
  {
    "Plan": {
      "Node Type": "Aggregate",
      "Strategy": "Plain",
      "Partial Mode": "Finalize",
      "Parallel Aware": false,
      "Startup Cost": 217813.02,
      "Total Cost": 217813.03,
      "Plan Rows": 1,
      "Plan Width": 8,
      "Actual Startup Time": 125.498,
      "Actual Total Time": 143.726,
      "Actual Rows": 1,
      "Actual Loops": 1,
      "Plans": [
        {
          "Node Type": "Gather",
          "Parent Relationship": "Outer",
          "Parallel Aware": false,
          "Startup Cost": 217812.6,
          "Total Cost": 217813.01,
          "Plan Rows": 4,
          "Plan Width": 8,
          "Actual Startup Time": 125.272,
          "Actual Total Time": 143.719,
          "Actual Rows": 5,
          "Actual Loops": 1,
          "Workers Planned": 4,
          "Workers Launched": 4,
          "Single Copy": false,
          "Plans": [
            {
              "Node Type": "Aggregate",
              "Strategy": "Plain",
              "Partial Mode": "Partial",
              "Parent Relationship": "Outer",
              "Parallel Aware": false,
              "Startup Cost": 216812.6,
              "Total Cost": 216812.61,
              "Plan Rows": 1,
              "Plan Width": 8,
              "Actual Startup Time": 115.539,
              "Actual Total Time": 115.54,
              "Actual Rows": 1,
              "Actual Loops": 5,
              "Plans": [
                {
                  "Node Type": "Nested Loop",
                  "Parent Relationship": "Outer",
                  "Parallel Aware": false,
                  "Join Type": "Inner",
                  "Startup Cost": 0.43,
                  "Total Cost": 216811.47,
                  "Plan Rows": 452,
                  "Plan Width": 0,
                  "Actual Startup Time": 36.156,
                  "Actual Total Time": 115.526,
                  "Actual Rows": 16,
                  "Actual Loops": 5,
                  "Inner Unique": false,
                  "Plans": [
                    {
                      "Node Type": "Seq Scan",
                      "Parent Relationship": "Outer",
                      "Parallel Aware": true,
                      "Relation Name": "title",
                      "Alias": "t",
                      "Startup Cost": 0.0,
                      "Total Cost": 45479.1,
                      "Plan Rows": 2347,
                      "Plan Width": 4,
                      "Actual Startup Time": 0.125,
                      "Actual Total Time": 75.547,
                      "Actual Rows": 2063,
                      "Actual Loops": 5,
                      "Filter": "((kind_id > 1) AND (production_year = 1980))",
                      "Rows Removed by Filter": 503600
                    },
                    {
                      "Node Type": "Index Scan",
                      "Parent Relationship": "Inner",
                      "Parallel Aware": false,
                      "Scan Direction": "Forward",
                      "Index Name": "movie_id_movie_info",
                      "Relation Name": "movie_info",
                      "Alias": "mi",
                      "Startup Cost": 0.43,
                      "Total Cost": 72.99,
                      "Plan Rows": 1,
                      "Plan Width": 4,
                      "Actual Startup Time": 0.019,
                      "Actual Total Time": 0.019,
                      "Actual Rows": 0,
                      "Actual Loops": 10313,
                      "Index Cond": "(movie_id = t.id)",
                      "Rows Removed by Index Recheck": 0,
                      "Filter": "(info_type_id > 103)",
                      "Rows Removed by Filter": 4
                    }
                  ]
                }
              ]
            }
          ]
        }
      ]
    },
    "Planning Time": 0.643,
    "Triggers": [],
    "Execution Time": 143.8
  }
]