[
    {
        "Bao": {
            "Bao prediction": "NaN",
            "Bao recommended hint": "(no hint)"
        }
    },
    {
        "Plan": {
            "Node Type": "Aggregate",
            "Strategy": "Plain",
            "Partial Mode": "Simple",
            "Parallel Aware": false,
            "Startup Cost": 7865.42,
            "Total Cost": 7865.43,
            "Plan Rows": 1,
            "Plan Width": 8,
            "Actual Startup Time": 4.452,
            "Actual Total Time": 4.454,
            "Actual Rows": 1,
            "Actual Loops": 1,
            "Output": [
                "count(*)"
            ],
            "Plans": [
                {
                    "Node Type": "Index Scan",
                    "Parent Relationship": "Outer",
                    "Parallel Aware": false,
                    "Scan Direction": "Forward",
                    "Index Name": "company_id_movie_companies",
                    "Relation Name": "movie_companies",
                    "Schema": "public",
                    "Alias": "mc",
                    "Startup Cost": 0.43,
                    "Total Cost": 7861.32,
                    "Plan Rows": 1641,
                    "Plan Width": 0,
                    "Actual Startup Time": 2.733,
                    "Actual Total Time": 4.324,
                    "Actual Rows": 1133,
                    "Actual Loops": 1,
                    "Output": [
                        "id",
                        "movie_id",
                        "company_id",
                        "company_type_id",
                        "note"
                    ],
                    "Index Cond": "(mc.company_id = 419)",
                    "Rows Removed by Index Recheck": 0,
                    "Filter": "(mc.company_type_id > 1)",
                    "Rows Removed by Filter": 2396
                }
            ]
        },
        "Planning Time": 192.068,
        "Triggers": [],
        "Execution Time": 4.509
    }
]