[
  {
    "Plan": {
      "Node Type": "Aggregate",
      "Strategy": "Plain",
      "Partial Mode": "Finalize",
      "Parallel Aware": false,
      "Startup Cost": 46222.57,
      "Total Cost": 46222.58,
      "Plan Rows": 1,
      "Plan Width": 8,
      "Actual Startup Time": 189.488,
      "Actual Total Time": 196.559,
      "Actual Rows": 1,
      "Actual Loops": 1,
      "Plans": [
        {
          "Node Type": "Gather",
          "Parent Relationship": "Outer",
          "Parallel Aware": false,
          "Startup Cost": 46222.26,
          "Total Cost": 46222.57,
          "Plan Rows": 3,
          "Plan Width": 8,
          "Actual Startup Time": 189.362,
          "Actual Total Time": 196.55,
          "Actual Rows": 4,
          "Actual Loops": 1,
          "Workers Planned": 3,
          "Workers Launched": 3,
          "Single Copy": false,
          "Plans": [
            {
              "Node Type": "Aggregate",
              "Strategy": "Plain",
              "Partial Mode": "Partial",
              "Parent Relationship": "Outer",
              "Parallel Aware": false,
              "Startup Cost": 45222.26,
              "Total Cost": 45222.27,
              "Plan Rows": 1,
              "Plan Width": 8,
              "Actual Startup Time": 182.091,
              "Actual Total Time": 182.093,
              "Actual Rows": 1,
              "Actual Loops": 4,
              "Plans": [
                {
                  "Node Type": "Seq Scan",
                  "Parent Relationship": "Outer",
                  "Parallel Aware": true,
                  "Relation Name": "movie_keyword",
                  "Alias": "mk",
                  "Startup Cost": 0.0,
                  "Total Cost": 42695.65,
                  "Plan Rows": 1010641,
                  "Plan Width": 0,
                  "Actual Startup Time": 0.061,
                  "Actual Total Time": 140.155,
                  "Actual Rows": 782204,
                  "Actual Loops": 4,
                  "Filter": "(keyword_id < 12009)",
                  "Rows Removed by Filter": 348778
                }
              ]
            }
          ]
        }
      ]
    },
    "Planning Time": 0.184,
    "Triggers": [],
    "Execution Time": 196.617
  }
]