[
  {
    "Plan": {
      "Node Type": "Aggregate",
      "Strategy": "Plain",
      "Partial Mode": "Finalize",
      "Parallel Aware": false,
      "Startup Cost": 83334.2,
      "Total Cost": 83334.21,
      "Plan Rows": 1,
      "Plan Width": 8,
      "Actual Startup Time": 292.167,
      "Actual Total Time": 308.224,
      "Actual Rows": 1,
      "Actual Loops": 1,
      "Plans": [
        {
          "Node Type": "Gather",
          "Parent Relationship": "Outer",
          "Parallel Aware": false,
          "Startup Cost": 83333.88,
          "Total Cost": 83334.19,
          "Plan Rows": 3,
          "Plan Width": 8,
          "Actual Startup Time": 288.393,
          "Actual Total Time": 308.215,
          "Actual Rows": 4,
          "Actual Loops": 1,
          "Workers Planned": 3,
          "Workers Launched": 3,
          "Single Copy": false,
          "Plans": [
            {
              "Node Type": "Aggregate",
              "Strategy": "Plain",
              "Partial Mode": "Partial",
              "Parent Relationship": "Outer",
              "Parallel Aware": false,
              "Startup Cost": 82333.88,
              "Total Cost": 82333.89,
              "Plan Rows": 1,
              "Plan Width": 8,
              "Actual Startup Time": 283.482,
              "Actual Total Time": 283.488,
              "Actual Rows": 1,
              "Actual Loops": 4,
              "Plans": [
                {
                  "Node Type": "Hash Join",
                  "Parent Relationship": "Outer",
                  "Parallel Aware": true,
                  "Join Type": "Inner",
                  "Startup Cost": 55736.67,
                  "Total Cost": 82204.04,
                  "Plan Rows": 51937,
                  "Plan Width": 0,
                  "Actual Startup Time": 201.182,
                  "Actual Total Time": 279.289,
                  "Actual Rows": 90802,
                  "Actual Loops": 4,
                  "Inner Unique": true,
                  "Hash Cond": "(mk.movie_id = t.id)",
                  "Plans": [
                    {
                      "Node Type": "Bitmap Heap Scan",
                      "Parent Relationship": "Outer",
                      "Parallel Aware": true,
                      "Relation Name": "movie_keyword",
                      "Alias": "mk",
                      "Startup Cost": 8754.52,
                      "Total Cost": 34872.46,
                      "Plan Rows": 133115,
                      "Plan Width": 4,
                      "Actual Startup Time": 27.159,
                      "Actual Total Time": 74.241,
                      "Actual Rows": 102012,
                      "Actual Loops": 4,
                      "Recheck Cond": "(keyword_id > 42380)",
                      "Rows Removed by Index Recheck": 0,
                      "Exact Heap Blocks": 6679,
                      "Lossy Heap Blocks": 0,
                      "Plans": [
                        {
                          "Node Type": "Bitmap Index Scan",
                          "Parent Relationship": "Outer",
                          "Parallel Aware": false,
                          "Index Name": "keyword_id_movie_keyword",
                          "Startup Cost": 0.0,
                          "Total Cost": 8651.36,
                          "Plan Rows": 412657,
                          "Plan Width": 0,
                          "Actual Startup Time": 23.728,
                          "Actual Total Time": 23.729,
                          "Actual Rows": 408048,
                          "Actual Loops": 1,
                          "Index Cond": "(keyword_id > 42380)"
                        }
                      ]
                    },
                    {
                      "Node Type": "Hash",
                      "Parent Relationship": "Inner",
                      "Parallel Aware": true,
                      "Startup Cost": 43899.32,
                      "Total Cost": 43899.32,
                      "Plan Rows": 246626,
                      "Plan Width": 4,
                      "Actual Startup Time": 170.729,
                      "Actual Total Time": 170.73,
                      "Actual Rows": 246262,
                      "Actual Loops": 4,
                      "Hash Buckets": 1048576,
                      "Original Hash Buckets": 1048576,
                      "Hash Batches": 1,
                      "Original Hash Batches": 1,
                      "Peak Memory Usage": 46752,
                      "Plans": [
                        {
                          "Node Type": "Seq Scan",
                          "Parent Relationship": "Outer",
                          "Parallel Aware": true,
                          "Relation Name": "title",
                          "Alias": "t",
                          "Startup Cost": 0.0,
                          "Total Cost": 43899.32,
                          "Plan Rows": 246626,
                          "Plan Width": 4,
                          "Actual Startup Time": 0.035,
                          "Actual Total Time": 92.68,
                          "Actual Rows": 246262,
                          "Actual Loops": 4,
                          "Filter": "(kind_id < 7)",
                          "Rows Removed by Filter": 385816
                        }
                      ]
                    }
                  ]
                }
              ]
            }
          ]
        }
      ]
    },
    "Planning Time": 0.303,
    "Triggers": [],
    "Execution Time": 308.271
  }
]