[
    {
        "Bao": {
            "Bao prediction": "NaN",
            "Bao recommended hint": "(no hint)"
        }
    },
    {
        "Plan": {
            "Node Type": "Aggregate",
            "Strategy": "Plain",
            "Partial Mode": "Finalize",
            "Parallel Aware": false,
            "Startup Cost": 30546.67,
            "Total Cost": 30546.68,
            "Plan Rows": 1,
            "Plan Width": 8,
            "Actual Startup Time": 84.558,
            "Actual Total Time": 90.496,
            "Actual Rows": 1,
            "Actual Loops": 1,
            "Output": [
                "count(*)"
            ],
            "Plans": [
                {
                    "Node Type": "Gather",
                    "Parent Relationship": "Outer",
                    "Parallel Aware": false,
                    "Startup Cost": 30546.36,
                    "Total Cost": 30546.67,
                    "Plan Rows": 3,
                    "Plan Width": 8,
                    "Actual Startup Time": 84.238,
                    "Actual Total Time": 90.488,
                    "Actual Rows": 4,
                    "Actual Loops": 1,
                    "Output": [
                        "(PARTIAL count(*))"
                    ],
                    "Workers Planned": 3,
                    "Workers Launched": 3,
                    "Single Copy": false,
                    "Plans": [
                        {
                            "Node Type": "Aggregate",
                            "Strategy": "Plain",
                            "Partial Mode": "Partial",
                            "Parent Relationship": "Outer",
                            "Parallel Aware": false,
                            "Startup Cost": 29546.36,
                            "Total Cost": 29546.37,
                            "Plan Rows": 1,
                            "Plan Width": 8,
                            "Actual Startup Time": 75.506,
                            "Actual Total Time": 75.507,
                            "Actual Rows": 1,
                            "Actual Loops": 4,
                            "Output": [
                                "PARTIAL count(*)"
                            ],
                            "Workers": [
                                {
                                    "Worker Number": 0,
                                    "Actual Startup Time": 72.052,
                                    "Actual Total Time": 72.054,
                                    "Actual Rows": 1,
                                    "Actual Loops": 1
                                },
                                {
                                    "Worker Number": 1,
                                    "Actual Startup Time": 72.97,
                                    "Actual Total Time": 72.972,
                                    "Actual Rows": 1,
                                    "Actual Loops": 1
                                },
                                {
                                    "Worker Number": 2,
                                    "Actual Startup Time": 73.157,
                                    "Actual Total Time": 73.159,
                                    "Actual Rows": 1,
                                    "Actual Loops": 1
                                }
                            ],
                            "Plans": [
                                {
                                    "Node Type": "Bitmap Heap Scan",
                                    "Parent Relationship": "Outer",
                                    "Parallel Aware": true,
                                    "Relation Name": "movie_keyword",
                                    "Schema": "public",
                                    "Alias": "mk",
                                    "Startup Cost": 4146.84,
                                    "Total Cost": 29388.77,
                                    "Plan Rows": 63035,
                                    "Plan Width": 0,
                                    "Actual Startup Time": 18.319,
                                    "Actual Total Time": 71.661,
                                    "Actual Rows": 49134,
                                    "Actual Loops": 4,
                                    "Recheck Cond": "(mk.keyword_id > 69494)",
                                    "Rows Removed by Index Recheck": 0,
                                    "Exact Heap Blocks": 9509,
                                    "Lossy Heap Blocks": 0,
                                    "Workers": [
                                        {
                                            "Worker Number": 0,
                                            "Actual Startup Time": 14.961,
                                            "Actual Total Time": 69.214,
                                            "Actual Rows": 32227,
                                            "Actual Loops": 1
                                        },
                                        {
                                            "Worker Number": 1,
                                            "Actual Startup Time": 15.784,
                                            "Actual Total Time": 69.875,
                                            "Actual Rows": 35861,
                                            "Actual Loops": 1
                                        },
                                        {
                                            "Worker Number": 2,
                                            "Actual Startup Time": 16.154,
                                            "Actual Total Time": 69.988,
                                            "Actual Rows": 36425,
                                            "Actual Loops": 1
                                        }
                                    ],
                                    "Plans": [
                                        {
                                            "Node Type": "Bitmap Index Scan",
                                            "Parent Relationship": "Outer",
                                            "Parallel Aware": false,
                                            "Index Name": "keyword_id_movie_keyword",
                                            "Startup Cost": 0.0,
                                            "Total Cost": 4097.98,
                                            "Plan Rows": 195407,
                                            "Plan Width": 0,
                                            "Actual Startup Time": 21.673,
                                            "Actual Total Time": 21.673,
                                            "Actual Rows": 196538,
                                            "Actual Loops": 1,
                                            "Index Cond": "(mk.keyword_id > 69494)"
                                        }
                                    ]
                                }
                            ]
                        }
                    ]
                }
            ]
        },
        "Planning Time": 306.292,
        "Triggers": [],
        "Execution Time": 90.574
    }
]