[
  {
    "Plan": {
      "Node Type": "Aggregate",
      "Strategy": "Plain",
      "Partial Mode": "Finalize",
      "Parallel Aware": false,
      "Startup Cost": 631560.89,
      "Total Cost": 631560.9,
      "Plan Rows": 1,
      "Plan Width": 8,
      "Actual Startup Time": 11785.663,
      "Actual Total Time": 11865.95,
      "Actual Rows": 1,
      "Actual Loops": 1,
      "Plans": [
        {
          "Node Type": "Gather",
          "Parent Relationship": "Outer",
          "Parallel Aware": false,
          "Startup Cost": 631560.26,
          "Total Cost": 631560.87,
          "Plan Rows": 6,
          "Plan Width": 8,
          "Actual Startup Time": 11715.544,
          "Actual Total Time": 11865.932,
          "Actual Rows": 7,
          "Actual Loops": 1,
          "Workers Planned": 6,
          "Workers Launched": 6,
          "Single Copy": false,
          "Plans": [
            {
              "Node Type": "Aggregate",
              "Strategy": "Plain",
              "Partial Mode": "Partial",
              "Parent Relationship": "Outer",
              "Parallel Aware": false,
              "Startup Cost": 630560.26,
              "Total Cost": 630560.27,
              "Plan Rows": 1,
              "Plan Width": 8,
              "Actual Startup Time": 11692.926,
              "Actual Total Time": 11693.935,
              "Actual Rows": 1,
              "Actual Loops": 7,
              "Plans": [
                {
                  "Node Type": "Hash Join",
                  "Parent Relationship": "Outer",
                  "Parallel Aware": true,
                  "Join Type": "Inner",
                  "Startup Cost": 255821.16,
                  "Total Cost": 608877.16,
                  "Plan Rows": 8673241,
                  "Plan Width": 0,
                  "Actual Startup Time": 1520.696,
                  "Actual Total Time": 9839.706,
                  "Actual Rows": 44997536,
                  "Actual Loops": 7,
                  "Inner Unique": false,
                  "Hash Cond": "(ci.movie_id = t.id)",
                  "Plans": [
                    {
                      "Node Type": "Seq Scan",
                      "Parent Relationship": "Outer",
                      "Parallel Aware": true,
                      "Relation Name": "cast_info",
                      "Alias": "ci",
                      "Startup Cost": 0.0,
                      "Total Cost": 313067.02,
                      "Plan Rows": 6038002,
                      "Plan Width": 4,
                      "Actual Startup Time": 0.034,
                      "Actual Total Time": 532.519,
                      "Actual Rows": 5177763,
                      "Actual Loops": 7
                    },
                    {
                      "Node Type": "Hash",
                      "Parent Relationship": "Inner",
                      "Parallel Aware": true,
                      "Startup Cost": 246741.8,
                      "Total Cost": 246741.8,
                      "Plan Rows": 726349,
                      "Plan Width": 8,
                      "Actual Startup Time": 1513.108,
                      "Actual Total Time": 1514.115,
                      "Actual Rows": 1038505,
                      "Actual Loops": 7,
                      "Hash Buckets": 8388608,
                      "Original Hash Buckets": 4194304,
                      "Hash Batches": 1,
                      "Original Hash Batches": 1,
                      "Peak Memory Usage": 382848,
                      "Plans": [
                        {
                          "Node Type": "Hash Join",
                          "Parent Relationship": "Outer",
                          "Parallel Aware": true,
                          "Join Type": "Inner",
                          "Startup Cost": 47420.04,
                          "Total Cost": 246741.8,
                          "Plan Rows": 726349,
                          "Plan Width": 8,
                          "Actual Startup Time": 137.163,
                          "Actual Total Time": 972.595,
                          "Actual Rows": 1038505,
                          "Actual Loops": 7,
                          "Inner Unique": true,
                          "Hash Cond": "(mi.movie_id = t.id)",
                          "Plans": [
                            {
                              "Node Type": "Seq Scan",
                              "Parent Relationship": "Outer",
                              "Parallel Aware": true,
                              "Relation Name": "movie_info",
                              "Alias": "mi",
                              "Startup Cost": 0.0,
                              "Total Cost": 191560.33,
                              "Plan Rows": 2956733,
                              "Plan Width": 4,
                              "Actual Startup Time": 0.026,
                              "Actual Total Time": 299.802,
                              "Actual Rows": 2119389,
                              "Actual Loops": 7
                            },
                            {
                              "Node Type": "Hash",
                              "Parent Relationship": "Inner",
                              "Parallel Aware": true,
                              "Startup Cost": 45479.1,
                              "Total Cost": 45479.1,
                              "Plan Rows": 155275,
                              "Plan Width": 4,
                              "Actual Startup Time": 124.108,
                              "Actual Total Time": 124.109,
                              "Actual Rows": 80488,
                              "Actual Loops": 7,
                              "Hash Buckets": 1048576,
                              "Original Hash Buckets": 1048576,
                              "Hash Batches": 1,
                              "Original Hash Batches": 1,
                              "Peak Memory Usage": 30368,
                              "Plans": [
                                {
                                  "Node Type": "Seq Scan",
                                  "Parent Relationship": "Outer",
                                  "Parallel Aware": true,
                                  "Relation Name": "title",
                                  "Alias": "t",
                                  "Startup Cost": 0.0,
                                  "Total Cost": 45479.1,
                                  "Plan Rows": 155275,
                                  "Plan Width": 4,
                                  "Actual Startup Time": 46.171,
                                  "Actual Total Time": 85.344,
                                  "Actual Rows": 80488,
                                  "Actual Loops": 7,
                                  "Filter": "((production_year > 1921) AND (kind_id = 1))",
                                  "Rows Removed by Filter": 280700
                                }
                              ]
                            }
                          ]
                        }
                      ]
                    }
                  ]
                }
              ]
            }
          ]
        }
      ]
    },
    "Planning Time": 1.306,
    "Triggers": [],
    "Execution Time": 11866.054
  }
]