[
  {
    "Plan": {
      "Node Type": "Aggregate",
      "Strategy": "Plain",
      "Partial Mode": "Finalize",
      "Parallel Aware": false,
      "Startup Cost": 50108.67,
      "Total Cost": 50108.68,
      "Plan Rows": 1,
      "Plan Width": 8,
      "Actual Startup Time": 99.52,
      "Actual Total Time": 113.482,
      "Actual Rows": 1,
      "Actual Loops": 1,
      "Plans": [
        {
          "Node Type": "Gather",
          "Parent Relationship": "Outer",
          "Parallel Aware": false,
          "Startup Cost": 50108.25,
          "Total Cost": 50108.66,
          "Plan Rows": 4,
          "Plan Width": 8,
          "Actual Startup Time": 99.331,
          "Actual Total Time": 113.469,
          "Actual Rows": 5,
          "Actual Loops": 1,
          "Workers Planned": 4,
          "Workers Launched": 4,
          "Single Copy": false,
          "Plans": [
            {
              "Node Type": "Aggregate",
              "Strategy": "Plain",
              "Partial Mode": "Partial",
              "Parent Relationship": "Outer",
              "Parallel Aware": false,
              "Startup Cost": 49108.25,
              "Total Cost": 49108.26,
              "Plan Rows": 1,
              "Plan Width": 8,
              "Actual Startup Time": 94.666,
              "Actual Total Time": 94.668,
              "Actual Rows": 1,
              "Actual Loops": 5,
              "Plans": [
                {
                  "Node Type": "Nested Loop",
                  "Parent Relationship": "Outer",
                  "Parallel Aware": false,
                  "Join Type": "Inner",
                  "Startup Cost": 0.86,
                  "Total Cost": 49106.67,
                  "Plan Rows": 631,
                  "Plan Width": 0,
                  "Actual Startup Time": 14.297,
                  "Actual Total Time": 94.479,
                  "Actual Rows": 2746,
                  "Actual Loops": 5,
                  "Inner Unique": false,
                  "Join Filter": "(t.id = mc.movie_id)",
                  "Rows Removed by Join Filter": 0,
                  "Plans": [
                    {
                      "Node Type": "Nested Loop",
                      "Parent Relationship": "Outer",
                      "Parallel Aware": false,
                      "Join Type": "Inner",
                      "Startup Cost": 0.43,
                      "Total Cost": 48737.0,
                      "Plan Rows": 611,
                      "Plan Width": 8,
                      "Actual Startup Time": 14.222,
                      "Actual Total Time": 88.625,
                      "Actual Rows": 1119,
                      "Actual Loops": 5,
                      "Inner Unique": false,
                      "Plans": [
                        {
                          "Node Type": "Seq Scan",
                          "Parent Relationship": "Outer",
                          "Parallel Aware": true,
                          "Relation Name": "title",
                          "Alias": "t",
                          "Startup Cost": 0.0,
                          "Total Cost": 45479.59,
                          "Plan Rows": 342,
                          "Plan Width": 4,
                          "Actual Startup Time": 4.73,
                          "Actual Total Time": 79.959,
                          "Actual Rows": 676,
                          "Actual Loops": 5,
                          "Filter": "((kind_id < 7) AND (production_year > 2013))",
                          "Rows Removed by Filter": 504987
                        },
                        {
                          "Node Type": "Index Only Scan",
                          "Parent Relationship": "Inner",
                          "Parallel Aware": false,
                          "Scan Direction": "Forward",
                          "Index Name": "movie_id_movie_keyword",
                          "Relation Name": "movie_keyword",
                          "Alias": "mk",
                          "Startup Cost": 0.43,
                          "Total Cost": 9.06,
                          "Plan Rows": 46,
                          "Plan Width": 4,
                          "Actual Startup Time": 0.012,
                          "Actual Total Time": 0.012,
                          "Actual Rows": 2,
                          "Actual Loops": 3378,
                          "Index Cond": "(movie_id = t.id)",
                          "Rows Removed by Index Recheck": 0,
                          "Heap Fetches": 5597
                        }
                      ]
                    },
                    {
                      "Node Type": "Index Only Scan",
                      "Parent Relationship": "Inner",
                      "Parallel Aware": false,
                      "Scan Direction": "Forward",
                      "Index Name": "movie_id_movie_companies",
                      "Relation Name": "movie_companies",
                      "Alias": "mc",
                      "Startup Cost": 0.43,
                      "Total Cost": 0.54,
                      "Plan Rows": 5,
                      "Plan Width": 4,
                      "Actual Startup Time": 0.004,
                      "Actual Total Time": 0.005,
                      "Actual Rows": 2,
                      "Actual Loops": 5597,
                      "Index Cond": "(movie_id = mk.movie_id)",
                      "Rows Removed by Index Recheck": 0,
                      "Heap Fetches": 13731
                    }
                  ]
                }
              ]
            }
          ]
        }
      ]
    },
    "Planning Time": 0.528,
    "Triggers": [],
    "Execution Time": 113.525
  }
]