[
  {
    "Plan": {
      "Node Type": "Aggregate",
      "Strategy": "Plain",
      "Partial Mode": "Finalize",
      "Parallel Aware": false,
      "Startup Cost": 45804.94,
      "Total Cost": 45804.95,
      "Plan Rows": 1,
      "Plan Width": 8,
      "Actual Startup Time": 208.596,
      "Actual Total Time": 221.817,
      "Actual Rows": 1,
      "Actual Loops": 1,
      "Plans": [
        {
          "Node Type": "Gather",
          "Parent Relationship": "Outer",
          "Parallel Aware": false,
          "Startup Cost": 45804.63,
          "Total Cost": 45804.94,
          "Plan Rows": 3,
          "Plan Width": 8,
          "Actual Startup Time": 208.429,
          "Actual Total Time": 221.803,
          "Actual Rows": 4,
          "Actual Loops": 1,
          "Workers Planned": 3,
          "Workers Launched": 3,
          "Single Copy": false,
          "Plans": [
            {
              "Node Type": "Aggregate",
              "Strategy": "Plain",
              "Partial Mode": "Partial",
              "Parent Relationship": "Outer",
              "Parallel Aware": false,
              "Startup Cost": 44804.63,
              "Total Cost": 44804.64,
              "Plan Rows": 1,
              "Plan Width": 8,
              "Actual Startup Time": 199.724,
              "Actual Total Time": 199.726,
              "Actual Rows": 1,
              "Actual Loops": 4,
              "Plans": [
                {
                  "Node Type": "Seq Scan",
                  "Parent Relationship": "Outer",
                  "Parallel Aware": true,
                  "Relation Name": "movie_keyword",
                  "Alias": "mk",
                  "Startup Cost": 0.0,
                  "Total Cost": 42695.65,
                  "Plan Rows": 843589,
                  "Plan Width": 0,
                  "Actual Startup Time": 0.555,
                  "Actual Total Time": 158.769,
                  "Actual Rows": 652871,
                  "Actual Loops": 4,
                  "Filter": "(keyword_id > 3287)",
                  "Rows Removed by Filter": 478111
                }
              ]
            }
          ]
        }
      ]
    },
    "Planning Time": 0.185,
    "Triggers": [],
    "Execution Time": 221.877
  }
]