{
  "Plan": {
    "Node Type": "Aggregate",
    "Strategy": "Plain",
    "Partial Mode": "Finalize",
    "Parallel Aware": false,
    "Startup Cost": 260243.53,
    "Total Cost": 260243.54,
    "Plan Rows": 1,
    "Plan Width": 8,
    "Actual Startup Time": 478.857,
    "Actual Total Time": 493.971,
    "Actual Rows": 1,
    "Actual Loops": 1,
    "Plans": [
      {
        "Node Type": "Gather",
        "Parent Relationship": "Outer",
        "Parallel Aware": false,
        "Startup Cost": 260243.42,
        "Total Cost": 260243.53,
        "Plan Rows": 1,
        "Plan Width": 8,
        "Actual Startup Time": 476.833,
        "Actual Total Time": 493.963,
        "Actual Rows": 2,
        "Actual Loops": 1,
        "Workers Planned": 1,
        "Workers Launched": 1,
        "Single Copy": false,
        "Plans": [
          {
            "Node Type": "Aggregate",
            "Strategy": "Plain",
            "Partial Mode": "Partial",
            "Parent Relationship": "Outer",
            "Parallel Aware": false,
            "Startup Cost": 259243.42,
            "Total Cost": 259243.43,
            "Plan Rows": 1,
            "Plan Width": 8,
            "Actual Startup Time": 471.22,
            "Actual Total Time": 471.524,
            "Actual Rows": 1,
            "Actual Loops": 2,
            "Plans": [
              {
                "Node Type": "Hash Join",
                "Parent Relationship": "Outer",
                "Parallel Aware": true,
                "Join Type": "Inner",
                "Startup Cost": 92300.99,
                "Total Cost": 259148.27,
                "Plan Rows": 38059,
                "Plan Width": 0,
                "Actual Startup Time": 414.646,
                "Actual Total Time": 470.173,
                "Actual Rows": 21924,
                "Actual Loops": 2,
                "Inner Unique": false,
                "Hash Cond": "(mi.movie_id = t.id)",
                "Plans": [
                  {
                    "Node Type": "Bitmap Heap Scan",
                    "Parent Relationship": "Outer",
                    "Parallel Aware": true,
                    "Relation Name": "movie_info",
                    "Alias": "mi",
                    "Startup Cost": 8778.62,
                    "Total Cost": 174333.47,
                    "Plan Rows": 284948,
                    "Plan Width": 4,
                    "Actual Startup Time": 24.549,
                    "Actual Total Time": 50.005,
                    "Actual Rows": 243277,
                    "Actual Loops": 2,
                    "Recheck Cond": "(info_type_id = 5)",
                    "Rows Removed by Index Recheck": 0,
                    "Exact Heap Blocks": 2636,
                    "Lossy Heap Blocks": 0,
                    "Plans": [
                      {
                        "Node Type": "Bitmap Index Scan",
                        "Parent Relationship": "Outer",
                        "Parallel Aware": false,
                        "Index Name": "info_type_id_movie_info",
                        "Startup Cost": 0.0,
                        "Total Cost": 8657.52,
                        "Plan Rows": 484411,
                        "Plan Width": 0,
                        "Actual Startup Time": 23.848,
                        "Actual Total Time": 23.849,
                        "Actual Rows": 486554,
                        "Actual Loops": 1,
                        "Index Cond": "(info_type_id = 5)"
                      }
                    ]
                  },
                  {
                    "Node Type": "Hash",
                    "Parent Relationship": "Inner",
                    "Parallel Aware": true,
                    "Startup Cost": 81039.32,
                    "Total Cost": 81039.32,
                    "Plan Rows": 198644,
                    "Plan Width": 8,
                    "Actual Startup Time": 384.439,
                    "Actual Total Time": 384.741,
                    "Actual Rows": 93824,
                    "Actual Loops": 2,
                    "Hash Buckets": 524288,
                    "Original Hash Buckets": 524288,
                    "Hash Batches": 1,
                    "Original Hash Batches": 1,
                    "Peak Memory Usage": 11456,
                    "Plans": [
                      {
                        "Node Type": "Hash Join",
                        "Parent Relationship": "Outer",
                        "Parallel Aware": true,
                        "Join Type": "Inner",
                        "Startup Cost": 62855.53,
                        "Total Cost": 81039.32,
                        "Plan Rows": 198644,
                        "Plan Width": 8,
                        "Actual Startup Time": 226.544,
                        "Actual Total Time": 365.183,
                        "Actual Rows": 93824,
                        "Actual Loops": 2,
                        "Inner Unique": true,
                        "Hash Cond": "(mi_idx.movie_id = t.id)",
                        "Plans": [
                          {
                            "Node Type": "Seq Scan",
                            "Parent Relationship": "Outer",
                            "Parallel Aware": true,
                            "Relation Name": "movie_info_idx",
                            "Alias": "mi_idx",
                            "Startup Cost": 0.0,
                            "Total Cost": 16052.85,
                            "Plan Rows": 811785,
                            "Plan Width": 4,
                            "Actual Startup Time": 0.019,
                            "Actual Total Time": 47.808,
                            "Actual Rows": 690018,
                            "Actual Loops": 2
                          },
                          {
                            "Node Type": "Hash",
                            "Parent Relationship": "Inner",
                            "Parallel Aware": true,
                            "Startup Cost": 58306.47,
                            "Total Cost": 58306.47,
                            "Plan Rows": 363925,
                            "Plan Width": 4,
                            "Actual Startup Time": 219.581,
                            "Actual Total Time": 219.582,
                            "Actual Rows": 260570,
                            "Actual Loops": 2,
                            "Hash Buckets": 1048576,
                            "Original Hash Buckets": 1048576,
                            "Hash Batches": 1,
                            "Original Hash Batches": 1,
                            "Peak Memory Usage": 28608,
                            "Plans": [
                              {
                                "Node Type": "Seq Scan",
                                "Parent Relationship": "Outer",
                                "Parallel Aware": true,
                                "Relation Name": "title",
                                "Alias": "t",
                                "Startup Cost": 0.0,
                                "Total Cost": 58306.47,
                                "Plan Rows": 363925,
                                "Plan Width": 4,
                                "Actual Startup Time": 0.038,
                                "Actual Total Time": 148.241,
                                "Actual Rows": 260570,
                                "Actual Loops": 2,
                                "Filter": "((production_year < 2000) AND (kind_id = 7))",
                                "Rows Removed by Filter": 1003586
                              }
                            ]
                          }
                        ]
                      }
                    ]
                  }
                ]
              }
            ]
          }
        ]
      }
    ]
  },
  "Planning Time": 0.938,
  "Triggers": [],
  "Execution Time": 494.071
}