{
  "Plan": {
    "Node Type": "Aggregate",
    "Strategy": "Plain",
    "Partial Mode": "Finalize",
    "Parallel Aware": false,
    "Startup Cost": 154080.83,
    "Total Cost": 154080.84,
    "Plan Rows": 1,
    "Plan Width": 8,
    "Actual Startup Time": 540.304,
    "Actual Total Time": 558.844,
    "Actual Rows": 1,
    "Actual Loops": 1,
    "Plans": [
      {
        "Node Type": "Gather",
        "Parent Relationship": "Outer",
        "Parallel Aware": false,
        "Startup Cost": 154080.72,
        "Total Cost": 154080.83,
        "Plan Rows": 1,
        "Plan Width": 8,
        "Actual Startup Time": 536.789,
        "Actual Total Time": 558.837,
        "Actual Rows": 2,
        "Actual Loops": 1,
        "Workers Planned": 1,
        "Workers Launched": 1,
        "Single Copy": false,
        "Plans": [
          {
            "Node Type": "Aggregate",
            "Strategy": "Plain",
            "Partial Mode": "Partial",
            "Parent Relationship": "Outer",
            "Parallel Aware": false,
            "Startup Cost": 153080.72,
            "Total Cost": 153080.73,
            "Plan Rows": 1,
            "Plan Width": 8,
            "Actual Startup Time": 530.544,
            "Actual Total Time": 530.551,
            "Actual Rows": 1,
            "Actual Loops": 2,
            "Plans": [
              {
                "Node Type": "Merge Join",
                "Parent Relationship": "Outer",
                "Parallel Aware": false,
                "Join Type": "Inner",
                "Startup Cost": 150991.41,
                "Total Cost": 153047.67,
                "Plan Rows": 13220,
                "Plan Width": 0,
                "Actual Startup Time": 495.546,
                "Actual Total Time": 528.584,
                "Actual Rows": 48076,
                "Actual Loops": 2,
                "Inner Unique": false,
                "Merge Cond": "(t.id = mc.movie_id)",
                "Plans": [
                  {
                    "Node Type": "Sort",
                    "Parent Relationship": "Outer",
                    "Parallel Aware": false,
                    "Startup Cost": 90772.8,
                    "Total Cost": 91103.52,
                    "Plan Rows": 132286,
                    "Plan Width": 8,
                    "Actual Startup Time": 313.303,
                    "Actual Total Time": 315.265,
                    "Actual Rows": 55292,
                    "Actual Loops": 2,
                    "Sort Key": [
                      "mi_idx.movie_id"
                    ],
                    "Sort Method": "quicksort",
                    "Sort Space Used": 4203,
                    "Sort Space Type": "Memory",
                    "Workers": [
                      {
                        "Worker Number": 0,
                        "Sort Method": "quicksort",
                        "Sort Space Used": 4054,
                        "Sort Space Type": "Memory"
                      }
                    ],
                    "Plans": [
                      {
                        "Node Type": "Hash Join",
                        "Parent Relationship": "Outer",
                        "Parallel Aware": true,
                        "Join Type": "Inner",
                        "Startup Cost": 61335.91,
                        "Total Cost": 79519.69,
                        "Plan Rows": 132286,
                        "Plan Width": 8,
                        "Actual Startup Time": 184.428,
                        "Actual Total Time": 304.743,
                        "Actual Rows": 55292,
                        "Actual Loops": 2,
                        "Inner Unique": true,
                        "Hash Cond": "(mi_idx.movie_id = t.id)",
                        "Plans": [
                          {
                            "Node Type": "Seq Scan",
                            "Parent Relationship": "Outer",
                            "Parallel Aware": true,
                            "Relation Name": "movie_info_idx",
                            "Alias": "mi_idx",
                            "Startup Cost": 0.0,
                            "Total Cost": 16052.85,
                            "Plan Rows": 811785,
                            "Plan Width": 4,
                            "Actual Startup Time": 0.019,
                            "Actual Total Time": 46.108,
                            "Actual Rows": 690018,
                            "Actual Loops": 2
                          },
                          {
                            "Node Type": "Hash",
                            "Parent Relationship": "Inner",
                            "Parallel Aware": true,
                            "Startup Cost": 58306.47,
                            "Total Cost": 58306.47,
                            "Plan Rows": 242355,
                            "Plan Width": 4,
                            "Actual Startup Time": 178.652,
                            "Actual Total Time": 178.653,
                            "Actual Rows": 150768,
                            "Actual Loops": 2,
                            "Hash Buckets": 524288,
                            "Original Hash Buckets": 524288,
                            "Hash Batches": 1,
                            "Original Hash Batches": 1,
                            "Peak Memory Usage": 15904,
                            "Plans": [
                              {
                                "Node Type": "Seq Scan",
                                "Parent Relationship": "Outer",
                                "Parallel Aware": true,
                                "Relation Name": "title",
                                "Alias": "t",
                                "Startup Cost": 0.0,
                                "Total Cost": 58306.47,
                                "Plan Rows": 242355,
                                "Plan Width": 4,
                                "Actual Startup Time": 0.031,
                                "Actual Total Time": 141.707,
                                "Actual Rows": 150768,
                                "Actual Loops": 2,
                                "Filter": "((production_year < 1990) AND (kind_id = 7))",
                                "Rows Removed by Filter": 1113388
                              }
                            ]
                          }
                        ]
                      }
                    ]
                  },
                  {
                    "Node Type": "Sort",
                    "Parent Relationship": "Inner",
                    "Parallel Aware": false,
                    "Startup Cost": 60218.59,
                    "Total Cost": 60850.25,
                    "Plan Rows": 252663,
                    "Plan Width": 4,
                    "Actual Startup Time": 182.142,
                    "Actual Total Time": 192.319,
                    "Actual Rows": 313438,
                    "Actual Loops": 2,
                    "Sort Key": [
                      "mc.movie_id"
                    ],
                    "Sort Method": "quicksort",
                    "Sort Space Used": 29907,
                    "Sort Space Type": "Memory",
                    "Workers": [
                      {
                        "Worker Number": 0,
                        "Sort Method": "quicksort",
                        "Sort Space Used": 29907,
                        "Sort Space Type": "Memory"
                      }
                    ],
                    "Plans": [
                      {
                        "Node Type": "Bitmap Heap Scan",
                        "Parent Relationship": "Outer",
                        "Parallel Aware": false,
                        "Relation Name": "movie_companies",
                        "Alias": "mc",
                        "Startup Cost": 11057.08,
                        "Total Cost": 37546.06,
                        "Plan Rows": 252663,
                        "Plan Width": 4,
                        "Actual Startup Time": 20.816,
                        "Actual Total Time": 106.582,
                        "Actual Rows": 375853,
                        "Actual Loops": 2,
                        "Recheck Cond": "(company_id < 474)",
                        "Rows Removed by Index Recheck": 0,
                        "Filter": "(company_type_id = 1)",
                        "Rows Removed by Filter": 136954,
                        "Exact Heap Blocks": 18337,
                        "Lossy Heap Blocks": 0,
                        "Plans": [
                          {
                            "Node Type": "Bitmap Index Scan",
                            "Parent Relationship": "Outer",
                            "Parallel Aware": false,
                            "Index Name": "company_id_movie_companies",
                            "Startup Cost": 0.0,
                            "Total Cost": 10993.92,
                            "Plan Rows": 513265,
                            "Plan Width": 0,
                            "Actual Startup Time": 18.506,
                            "Actual Total Time": 18.506,
                            "Actual Rows": 512807,
                            "Actual Loops": 2,
                            "Index Cond": "(company_id < 474)"
                          }
                        ]
                      }
                    ]
                  }
                ]
              }
            ]
          }
        ]
      }
    ]
  },
  "Planning Time": 1.076,
  "Triggers": [],
  "Execution Time": 562.278
}