[
    {
        "Bao": {
            "Bao prediction": "NaN",
            "Bao recommended hint": "(no hint)"
        }
    },
    {
        "Plan": {
            "Node Type": "Aggregate",
            "Strategy": "Plain",
            "Partial Mode": "Finalize",
            "Parallel Aware": false,
            "Startup Cost": 113405.34,
            "Total Cost": 113405.35,
            "Plan Rows": 1,
            "Plan Width": 8,
            "Actual Startup Time": 613.069,
            "Actual Total Time": 625.194,
            "Actual Rows": 1,
            "Actual Loops": 1,
            "Output": [
                "count(*)"
            ],
            "Plans": [
                {
                    "Node Type": "Gather",
                    "Parent Relationship": "Outer",
                    "Parallel Aware": false,
                    "Startup Cost": 113405.02,
                    "Total Cost": 113405.33,
                    "Plan Rows": 3,
                    "Plan Width": 8,
                    "Actual Startup Time": 606.28,
                    "Actual Total Time": 625.186,
                    "Actual Rows": 4,
                    "Actual Loops": 1,
                    "Output": [
                        "(PARTIAL count(*))"
                    ],
                    "Workers Planned": 3,
                    "Workers Launched": 3,
                    "Single Copy": false,
                    "Plans": [
                        {
                            "Node Type": "Aggregate",
                            "Strategy": "Plain",
                            "Partial Mode": "Partial",
                            "Parent Relationship": "Outer",
                            "Parallel Aware": false,
                            "Startup Cost": 112405.02,
                            "Total Cost": 112405.03,
                            "Plan Rows": 1,
                            "Plan Width": 8,
                            "Actual Startup Time": 597.945,
                            "Actual Total Time": 598.296,
                            "Actual Rows": 1,
                            "Actual Loops": 4,
                            "Output": [
                                "PARTIAL count(*)"
                            ],
                            "Workers": [
                                {
                                    "Worker Number": 0,
                                    "Actual Startup Time": 594.569,
                                    "Actual Total Time": 594.58,
                                    "Actual Rows": 1,
                                    "Actual Loops": 1
                                },
                                {
                                    "Worker Number": 1,
                                    "Actual Startup Time": 595.858,
                                    "Actual Total Time": 595.861,
                                    "Actual Rows": 1,
                                    "Actual Loops": 1
                                },
                                {
                                    "Worker Number": 2,
                                    "Actual Startup Time": 595.381,
                                    "Actual Total Time": 595.385,
                                    "Actual Rows": 1,
                                    "Actual Loops": 1
                                }
                            ],
                            "Plans": [
                                {
                                    "Node Type": "Hash Join",
                                    "Parent Relationship": "Outer",
                                    "Parallel Aware": true,
                                    "Join Type": "Inner",
                                    "Startup Cost": 65499.14,
                                    "Total Cost": 111944.38,
                                    "Plan Rows": 184255,
                                    "Plan Width": 0,
                                    "Actual Startup Time": 347.355,
                                    "Actual Total Time": 564.686,
                                    "Actual Rows": 850271,
                                    "Actual Loops": 4,
                                    "Inner Unique": false,
                                    "Hash Cond": "(mk.movie_id = t.id)",
                                    "Workers": [
                                        {
                                            "Worker Number": 0,
                                            "Actual Startup Time": 344.152,
                                            "Actual Total Time": 561.456,
                                            "Actual Rows": 838346,
                                            "Actual Loops": 1
                                        },
                                        {
                                            "Worker Number": 1,
                                            "Actual Startup Time": 344.723,
                                            "Actual Total Time": 563.091,
                                            "Actual Rows": 845140,
                                            "Actual Loops": 1
                                        },
                                        {
                                            "Worker Number": 2,
                                            "Actual Startup Time": 344.988,
                                            "Actual Total Time": 562.492,
                                            "Actual Rows": 833540,
                                            "Actual Loops": 1
                                        }
                                    ],
                                    "Plans": [
                                        {
                                            "Node Type": "Seq Scan",
                                            "Parent Relationship": "Outer",
                                            "Parallel Aware": true,
                                            "Relation Name": "movie_keyword",
                                            "Schema": "public",
                                            "Alias": "mk",
                                            "Startup Cost": 0.0,
                                            "Total Cost": 42695.65,
                                            "Plan Rows": 795162,
                                            "Plan Width": 4,
                                            "Actual Startup Time": 0.012,
                                            "Actual Total Time": 98.557,
                                            "Actual Rows": 619720,
                                            "Actual Loops": 4,
                                            "Output": [
                                                "mk.id",
                                                "mk.movie_id",
                                                "mk.keyword_id"
                                            ],
                                            "Filter": "(mk.keyword_id < 6003)",
                                            "Rows Removed by Filter": 511262,
                                            "Workers": [
                                                {
                                                    "Worker Number": 0,
                                                    "Actual Startup Time": 0.014,
                                                    "Actual Total Time": 100.073,
                                                    "Actual Rows": 604448,
                                                    "Actual Loops": 1
                                                },
                                                {
                                                    "Worker Number": 1,
                                                    "Actual Startup Time": 0.012,
                                                    "Actual Total Time": 101.008,
                                                    "Actual Rows": 614865,
                                                    "Actual Loops": 1
                                                },
                                                {
                                                    "Worker Number": 2,
                                                    "Actual Startup Time": 0.012,
                                                    "Actual Total Time": 100.438,
                                                    "Actual Rows": 609821,
                                                    "Actual Loops": 1
                                                }
                                            ]
                                        },
                                        {
                                            "Node Type": "Hash",
                                            "Parent Relationship": "Inner",
                                            "Parallel Aware": true,
                                            "Startup Cost": 62447.77,
                                            "Total Cost": 62447.77,
                                            "Plan Rows": 244110,
                                            "Plan Width": 8,
                                            "Actual Startup Time": 344.112,
                                            "Actual Total Time": 344.462,
                                            "Actual Rows": 178960,
                                            "Actual Loops": 4,
                                            "Output": [
                                                "t.id",
                                                "mi_idx.movie_id"
                                            ],
                                            "Hash Buckets": 1048576,
                                            "Original Hash Buckets": 1048576,
                                            "Hash Batches": 1,
                                            "Original Hash Batches": 1,
                                            "Peak Memory Usage": 36288,
                                            "Workers": [
                                                {
                                                    "Worker Number": 0,
                                                    "Actual Startup Time": 343.409,
                                                    "Actual Total Time": 343.419,
                                                    "Actual Rows": 163094,
                                                    "Actual Loops": 1
                                                },
                                                {
                                                    "Worker Number": 1,
                                                    "Actual Startup Time": 343.689,
                                                    "Actual Total Time": 343.691,
                                                    "Actual Rows": 181169,
                                                    "Actual Loops": 1
                                                },
                                                {
                                                    "Worker Number": 2,
                                                    "Actual Startup Time": 344.186,
                                                    "Actual Total Time": 344.189,
                                                    "Actual Rows": 179177,
                                                    "Actual Loops": 1
                                                }
                                            ],
                                            "Plans": [
                                                {
                                                    "Node Type": "Hash Join",
                                                    "Parent Relationship": "Outer",
                                                    "Parallel Aware": true,
                                                    "Join Type": "Inner",
                                                    "Startup Cost": 47253.21,
                                                    "Total Cost": 62447.77,
                                                    "Plan Rows": 244110,
                                                    "Plan Width": 8,
                                                    "Actual Startup Time": 203.783,
                                                    "Actual Total Time": 303.748,
                                                    "Actual Rows": 178960,
                                                    "Actual Loops": 4,
                                                    "Output": [
                                                        "t.id",
                                                        "mi_idx.movie_id"
                                                    ],
                                                    "Inner Unique": true,
                                                    "Hash Cond": "(mi_idx.movie_id = t.id)",
                                                    "Workers": [
                                                        {
                                                            "Worker Number": 0,
                                                            "Actual Startup Time": 203.148,
                                                            "Actual Total Time": 302.675,
                                                            "Actual Rows": 163094,
                                                            "Actual Loops": 1
                                                        },
                                                        {
                                                            "Worker Number": 1,
                                                            "Actual Startup Time": 203.385,
                                                            "Actual Total Time": 304.207,
                                                            "Actual Rows": 181169,
                                                            "Actual Loops": 1
                                                        },
                                                        {
                                                            "Worker Number": 2,
                                                            "Actual Startup Time": 203.779,
                                                            "Actual Total Time": 303.157,
                                                            "Actual Rows": 179177,
                                                            "Actual Loops": 1
                                                        }
                                                    ],
                                                    "Plans": [
                                                        {
                                                            "Node Type": "Seq Scan",
                                                            "Parent Relationship": "Outer",
                                                            "Parallel Aware": true,
                                                            "Relation Name": "movie_info_idx",
                                                            "Schema": "public",
                                                            "Alias": "mi_idx",
                                                            "Startup Cost": 0.0,
                                                            "Total Cost": 13685.15,
                                                            "Plan Rows": 575015,
                                                            "Plan Width": 4,
                                                            "Actual Startup Time": 0.021,
                                                            "Actual Total Time": 29.064,
                                                            "Actual Rows": 345009,
                                                            "Actual Loops": 4,
                                                            "Output": [
                                                                "mi_idx.id",
                                                                "mi_idx.movie_id",
                                                                "mi_idx.info_type_id",
                                                                "mi_idx.info",
                                                                "mi_idx.note"
                                                            ],
                                                            "Workers": [
                                                                {
                                                                    "Worker Number": 0,
                                                                    "Actual Startup Time": 0.028,
                                                                    "Actual Total Time": 30.254,
                                                                    "Actual Rows": 317249,
                                                                    "Actual Loops": 1
                                                                },
                                                                {
                                                                    "Worker Number": 1,
                                                                    "Actual Startup Time": 0.023,
                                                                    "Actual Total Time": 30.188,
                                                                    "Actual Rows": 353591,
                                                                    "Actual Loops": 1
                                                                },
                                                                {
                                                                    "Worker Number": 2,
                                                                    "Actual Startup Time": 0.023,
                                                                    "Actual Total Time": 29.739,
                                                                    "Actual Rows": 341068,
                                                                    "Actual Loops": 1
                                                                }
                                                            ]
                                                        },
                                                        {
                                                            "Node Type": "Hash",
                                                            "Parent Relationship": "Inner",
                                                            "Parallel Aware": true,
                                                            "Startup Cost": 43899.01,
                                                            "Total Cost": 43899.01,
                                                            "Plan Rows": 268336,
                                                            "Plan Width": 4,
                                                            "Actual Startup Time": 200.497,
                                                            "Actual Total Time": 200.499,
                                                            "Actual Rows": 268691,
                                                            "Actual Loops": 4,
                                                            "Output": [
                                                                "t.id"
                                                            ],
                                                            "Hash Buckets": 2097152,
                                                            "Original Hash Buckets": 2097152,
                                                            "Hash Batches": 1,
                                                            "Original Hash Batches": 1,
                                                            "Peak Memory Usage": 58496,
                                                            "Workers": [
                                                                {
                                                                    "Worker Number": 0,
                                                                    "Actual Startup Time": 202.829,
                                                                    "Actual Total Time": 202.836,
                                                                    "Actual Rows": 242171,
                                                                    "Actual Loops": 1
                                                                },
                                                                {
                                                                    "Worker Number": 1,
                                                                    "Actual Startup Time": 203.261,
                                                                    "Actual Total Time": 203.262,
                                                                    "Actual Rows": 250258,
                                                                    "Actual Loops": 1
                                                                },
                                                                {
                                                                    "Worker Number": 2,
                                                                    "Actual Startup Time": 203.652,
                                                                    "Actual Total Time": 203.653,
                                                                    "Actual Rows": 243477,
                                                                    "Actual Loops": 1
                                                                }
                                                            ],
                                                            "Plans": [
                                                                {
                                                                    "Node Type": "Seq Scan",
                                                                    "Parent Relationship": "Outer",
                                                                    "Parallel Aware": true,
                                                                    "Relation Name": "title",
                                                                    "Schema": "public",
                                                                    "Alias": "t",
                                                                    "Startup Cost": 0.0,
                                                                    "Total Cost": 43899.01,
                                                                    "Plan Rows": 268336,
                                                                    "Plan Width": 4,
                                                                    "Actual Startup Time": 0.051,
                                                                    "Actual Total Time": 96.412,
                                                                    "Actual Rows": 268691,
                                                                    "Actual Loops": 4,
                                                                    "Output": [
                                                                        "t.id"
                                                                    ],
                                                                    "Filter": "(t.production_year < 2001)",
                                                                    "Rows Removed by Filter": 363387,
                                                                    "Workers": [
                                                                        {
                                                                            "Worker Number": 0,
                                                                            "Actual Startup Time": 0.067,
                                                                            "Actual Total Time": 97.916,
                                                                            "Actual Rows": 242171,
                                                                            "Actual Loops": 1
                                                                        },
                                                                        {
                                                                            "Worker Number": 1,
                                                                            "Actual Startup Time": 0.068,
                                                                            "Actual Total Time": 99.295,
                                                                            "Actual Rows": 250258,
                                                                            "Actual Loops": 1
                                                                        },
                                                                        {
                                                                            "Worker Number": 2,
                                                                            "Actual Startup Time": 0.058,
                                                                            "Actual Total Time": 98.161,
                                                                            "Actual Rows": 243477,
                                                                            "Actual Loops": 1
                                                                        }
                                                                    ]
                                                                }
                                                            ]
                                                        }
                                                    ]
                                                }
                                            ]
                                        }
                                    ]
                                }
                            ]
                        }
                    ]
                }
            ]
        },
        "Planning Time": 183.128,
        "Triggers": [],
        "Execution Time": 625.254
    }
]