[
  {
    "Plan": {
      "Node Type": "Aggregate",
      "Strategy": "Plain",
      "Partial Mode": "Finalize",
      "Parallel Aware": false,
      "Startup Cost": 25256.23,
      "Total Cost": 25256.24,
      "Plan Rows": 1,
      "Plan Width": 8,
      "Actual Startup Time": 55.942,
      "Actual Total Time": 59.87,
      "Actual Rows": 1,
      "Actual Loops": 1,
      "Plans": [
        {
          "Node Type": "Gather",
          "Parent Relationship": "Outer",
          "Parallel Aware": false,
          "Startup Cost": 25255.91,
          "Total Cost": 25256.22,
          "Plan Rows": 3,
          "Plan Width": 8,
          "Actual Startup Time": 55.762,
          "Actual Total Time": 59.863,
          "Actual Rows": 4,
          "Actual Loops": 1,
          "Workers Planned": 3,
          "Workers Launched": 3,
          "Single Copy": false,
          "Plans": [
            {
              "Node Type": "Aggregate",
              "Strategy": "Plain",
              "Partial Mode": "Partial",
              "Parent Relationship": "Outer",
              "Parallel Aware": false,
              "Startup Cost": 24255.91,
              "Total Cost": 24255.92,
              "Plan Rows": 1,
              "Plan Width": 8,
              "Actual Startup Time": 50.729,
              "Actual Total Time": 50.73,
              "Actual Rows": 1,
              "Actual Loops": 4,
              "Plans": [
                {
                  "Node Type": "Bitmap Heap Scan",
                  "Parent Relationship": "Outer",
                  "Parallel Aware": true,
                  "Relation Name": "movie_companies",
                  "Alias": "mc",
                  "Startup Cost": 4395.71,
                  "Total Cost": 24172.41,
                  "Plan Rows": 33399,
                  "Plan Width": 0,
                  "Actual Startup Time": 17.641,
                  "Actual Total Time": 46.799,
                  "Actual Rows": 49579,
                  "Actual Loops": 4,
                  "Recheck Cond": "(company_id > 113996)",
                  "Rows Removed by Index Recheck": 0,
                  "Filter": "(company_type_id = 2)",
                  "Rows Removed by Filter": 0,
                  "Exact Heap Blocks": 2515,
                  "Lossy Heap Blocks": 0,
                  "Plans": [
                    {
                      "Node Type": "Bitmap Index Scan",
                      "Parent Relationship": "Outer",
                      "Parallel Aware": false,
                      "Index Name": "company_id_movie_companies",
                      "Startup Cost": 0.0,
                      "Total Cost": 4369.82,
                      "Plan Rows": 203919,
                      "Plan Width": 0,
                      "Actual Startup Time": 20.978,
                      "Actual Total Time": 20.978,
                      "Actual Rows": 198316,
                      "Actual Loops": 1,
                      "Index Cond": "(company_id > 113996)"
                    }
                  ]
                }
              ]
            }
          ]
        }
      ]
    },
    "Planning Time": 0.224,
    "Triggers": [],
    "Execution Time": 59.956
  }
]