[
    {
        "Bao": {
            "Bao prediction": "NaN",
            "Bao recommended hint": "(no hint)"
        }
    },
    {
        "Plan": {
            "Node Type": "Aggregate",
            "Strategy": "Plain",
            "Partial Mode": "Finalize",
            "Parallel Aware": false,
            "Startup Cost": 348494.48,
            "Total Cost": 348494.49,
            "Plan Rows": 1,
            "Plan Width": 8,
            "Actual Startup Time": 546.092,
            "Actual Total Time": 566.349,
            "Actual Rows": 1,
            "Actual Loops": 1,
            "Output": [
                "count(*)"
            ],
            "Plans": [
                {
                    "Node Type": "Gather",
                    "Parent Relationship": "Outer",
                    "Parallel Aware": false,
                    "Startup Cost": 348493.85,
                    "Total Cost": 348494.46,
                    "Plan Rows": 6,
                    "Plan Width": 8,
                    "Actual Startup Time": 545.942,
                    "Actual Total Time": 566.338,
                    "Actual Rows": 7,
                    "Actual Loops": 1,
                    "Output": [
                        "(PARTIAL count(*))"
                    ],
                    "Workers Planned": 6,
                    "Workers Launched": 6,
                    "Single Copy": false,
                    "Plans": [
                        {
                            "Node Type": "Aggregate",
                            "Strategy": "Plain",
                            "Partial Mode": "Partial",
                            "Parent Relationship": "Outer",
                            "Parallel Aware": false,
                            "Startup Cost": 347493.85,
                            "Total Cost": 347493.86,
                            "Plan Rows": 1,
                            "Plan Width": 8,
                            "Actual Startup Time": 535.397,
                            "Actual Total Time": 535.398,
                            "Actual Rows": 1,
                            "Actual Loops": 7,
                            "Output": [
                                "PARTIAL count(*)"
                            ],
                            "Workers": [
                                {
                                    "Worker Number": 0,
                                    "Actual Startup Time": 532.794,
                                    "Actual Total Time": 532.796,
                                    "Actual Rows": 1,
                                    "Actual Loops": 1
                                },
                                {
                                    "Worker Number": 1,
                                    "Actual Startup Time": 533.423,
                                    "Actual Total Time": 533.424,
                                    "Actual Rows": 1,
                                    "Actual Loops": 1
                                },
                                {
                                    "Worker Number": 2,
                                    "Actual Startup Time": 533.795,
                                    "Actual Total Time": 533.797,
                                    "Actual Rows": 1,
                                    "Actual Loops": 1
                                },
                                {
                                    "Worker Number": 3,
                                    "Actual Startup Time": 533.666,
                                    "Actual Total Time": 533.667,
                                    "Actual Rows": 1,
                                    "Actual Loops": 1
                                },
                                {
                                    "Worker Number": 4,
                                    "Actual Startup Time": 534.348,
                                    "Actual Total Time": 534.349,
                                    "Actual Rows": 1,
                                    "Actual Loops": 1
                                },
                                {
                                    "Worker Number": 5,
                                    "Actual Startup Time": 534.595,
                                    "Actual Total Time": 534.596,
                                    "Actual Rows": 1,
                                    "Actual Loops": 1
                                }
                            ],
                            "Plans": [
                                {
                                    "Node Type": "Index Scan",
                                    "Parent Relationship": "Outer",
                                    "Parallel Aware": true,
                                    "Scan Direction": "Forward",
                                    "Index Name": "role_id_cast_info",
                                    "Relation Name": "cast_info",
                                    "Schema": "public",
                                    "Alias": "ci",
                                    "Startup Cost": 0.56,
                                    "Total Cost": 342814.42,
                                    "Plan Rows": 1871772,
                                    "Plan Width": 0,
                                    "Actual Startup Time": 0.177,
                                    "Actual Total Time": 441.002,
                                    "Actual Rows": 1810098,
                                    "Actual Loops": 7,
                                    "Output": [
                                        "id",
                                        "person_id",
                                        "movie_id",
                                        "person_role_id",
                                        "note",
                                        "nr_order",
                                        "role_id"
                                    ],
                                    "Index Cond": "(ci.role_id = 1)",
                                    "Rows Removed by Index Recheck": 0,
                                    "Filter": "(ci.person_id < 3266586)",
                                    "Rows Removed by Filter": 0,
                                    "Workers": [
                                        {
                                            "Worker Number": 0,
                                            "Actual Startup Time": 0.589,
                                            "Actual Total Time": 435.275,
                                            "Actual Rows": 1378650,
                                            "Actual Loops": 1
                                        },
                                        {
                                            "Worker Number": 1,
                                            "Actual Startup Time": 0.109,
                                            "Actual Total Time": 441.937,
                                            "Actual Rows": 2019030,
                                            "Actual Loops": 1
                                        },
                                        {
                                            "Worker Number": 2,
                                            "Actual Startup Time": 0.123,
                                            "Actual Total Time": 438.198,
                                            "Actual Rows": 1564681,
                                            "Actual Loops": 1
                                        },
                                        {
                                            "Worker Number": 3,
                                            "Actual Startup Time": 0.113,
                                            "Actual Total Time": 436.01,
                                            "Actual Rows": 1384111,
                                            "Actual Loops": 1
                                        },
                                        {
                                            "Worker Number": 4,
                                            "Actual Startup Time": 0.119,
                                            "Actual Total Time": 442.809,
                                            "Actual Rows": 2011622,
                                            "Actual Loops": 1
                                        },
                                        {
                                            "Worker Number": 5,
                                            "Actual Startup Time": 0.134,
                                            "Actual Total Time": 442.94,
                                            "Actual Rows": 2050984,
                                            "Actual Loops": 1
                                        }
                                    ]
                                }
                            ]
                        }
                    ]
                }
            ]
        },
        "Planning Time": 201.108,
        "Triggers": [],
        "Execution Time": 566.453
    }
]