[
    {
        "Bao": {
            "Bao prediction": "NaN",
            "Bao recommended hint": "(no hint)"
        }
    },
    {
        "Plan": {
            "Node Type": "Aggregate",
            "Strategy": "Plain",
            "Partial Mode": "Finalize",
            "Parallel Aware": false,
            "Startup Cost": 72431.63,
            "Total Cost": 72431.64,
            "Plan Rows": 1,
            "Plan Width": 8,
            "Actual Startup Time": 256.958,
            "Actual Total Time": 265.835,
            "Actual Rows": 1,
            "Actual Loops": 1,
            "Output": [
                "count(*)"
            ],
            "Plans": [
                {
                    "Node Type": "Gather",
                    "Parent Relationship": "Outer",
                    "Parallel Aware": false,
                    "Startup Cost": 72431.21,
                    "Total Cost": 72431.62,
                    "Plan Rows": 4,
                    "Plan Width": 8,
                    "Actual Startup Time": 255.444,
                    "Actual Total Time": 265.813,
                    "Actual Rows": 5,
                    "Actual Loops": 1,
                    "Output": [
                        "(PARTIAL count(*))"
                    ],
                    "Workers Planned": 4,
                    "Workers Launched": 4,
                    "Single Copy": false,
                    "Plans": [
                        {
                            "Node Type": "Aggregate",
                            "Strategy": "Plain",
                            "Partial Mode": "Partial",
                            "Parent Relationship": "Outer",
                            "Parallel Aware": false,
                            "Startup Cost": 71431.21,
                            "Total Cost": 71431.22,
                            "Plan Rows": 1,
                            "Plan Width": 8,
                            "Actual Startup Time": 245.765,
                            "Actual Total Time": 245.768,
                            "Actual Rows": 1,
                            "Actual Loops": 5,
                            "Output": [
                                "PARTIAL count(*)"
                            ],
                            "Workers": [
                                {
                                    "Worker Number": 0,
                                    "Actual Startup Time": 242.866,
                                    "Actual Total Time": 242.87,
                                    "Actual Rows": 1,
                                    "Actual Loops": 1
                                },
                                {
                                    "Worker Number": 1,
                                    "Actual Startup Time": 243.43,
                                    "Actual Total Time": 243.433,
                                    "Actual Rows": 1,
                                    "Actual Loops": 1
                                },
                                {
                                    "Worker Number": 2,
                                    "Actual Startup Time": 243.507,
                                    "Actual Total Time": 243.51,
                                    "Actual Rows": 1,
                                    "Actual Loops": 1
                                },
                                {
                                    "Worker Number": 3,
                                    "Actual Startup Time": 243.968,
                                    "Actual Total Time": 243.973,
                                    "Actual Rows": 1,
                                    "Actual Loops": 1
                                }
                            ],
                            "Plans": [
                                {
                                    "Node Type": "Hash Join",
                                    "Parent Relationship": "Outer",
                                    "Parallel Aware": true,
                                    "Join Type": "Inner",
                                    "Startup Cost": 25623.18,
                                    "Total Cost": 71287.64,
                                    "Plan Rows": 57428,
                                    "Plan Width": 0,
                                    "Actual Startup Time": 81.532,
                                    "Actual Total Time": 243.068,
                                    "Actual Rows": 45921,
                                    "Actual Loops": 5,
                                    "Inner Unique": false,
                                    "Hash Cond": "(t.id = mc.movie_id)",
                                    "Workers": [
                                        {
                                            "Worker Number": 0,
                                            "Actual Startup Time": 78.517,
                                            "Actual Total Time": 240.299,
                                            "Actual Rows": 50267,
                                            "Actual Loops": 1
                                        },
                                        {
                                            "Worker Number": 1,
                                            "Actual Startup Time": 79.223,
                                            "Actual Total Time": 240.889,
                                            "Actual Rows": 50945,
                                            "Actual Loops": 1
                                        },
                                        {
                                            "Worker Number": 2,
                                            "Actual Startup Time": 79.289,
                                            "Actual Total Time": 240.954,
                                            "Actual Rows": 50552,
                                            "Actual Loops": 1
                                        },
                                        {
                                            "Worker Number": 3,
                                            "Actual Startup Time": 79.804,
                                            "Actual Total Time": 241.044,
                                            "Actual Rows": 34090,
                                            "Actual Loops": 1
                                        }
                                    ],
                                    "Plans": [
                                        {
                                            "Node Type": "Seq Scan",
                                            "Parent Relationship": "Outer",
                                            "Parallel Aware": true,
                                            "Relation Name": "title",
                                            "Schema": "public",
                                            "Alias": "t",
                                            "Startup Cost": 0.0,
                                            "Total Cost": 42318.81,
                                            "Plan Rows": 632080,
                                            "Plan Width": 4,
                                            "Actual Startup Time": 0.007,
                                            "Actual Total Time": 65.605,
                                            "Actual Rows": 505662,
                                            "Actual Loops": 5,
                                            "Output": [
                                                "t.id",
                                                "t.title",
                                                "t.imdb_index",
                                                "t.kind_id",
                                                "t.production_year",
                                                "t.imdb_id",
                                                "t.phonetic_code",
                                                "t.episode_of_id",
                                                "t.season_nr",
                                                "t.episode_nr",
                                                "t.series_years",
                                                "t.md5sum"
                                            ],
                                            "Workers": [
                                                {
                                                    "Worker Number": 0,
                                                    "Actual Startup Time": 0.007,
                                                    "Actual Total Time": 66.213,
                                                    "Actual Rows": 561775,
                                                    "Actual Loops": 1
                                                },
                                                {
                                                    "Worker Number": 1,
                                                    "Actual Startup Time": 0.007,
                                                    "Actual Total Time": 66.83,
                                                    "Actual Rows": 556261,
                                                    "Actual Loops": 1
                                                },
                                                {
                                                    "Worker Number": 2,
                                                    "Actual Startup Time": 0.007,
                                                    "Actual Total Time": 65.967,
                                                    "Actual Rows": 551443,
                                                    "Actual Loops": 1
                                                },
                                                {
                                                    "Worker Number": 3,
                                                    "Actual Startup Time": 0.008,
                                                    "Actual Total Time": 69.046,
                                                    "Actual Rows": 375481,
                                                    "Actual Loops": 1
                                                }
                                            ]
                                        },
                                        {
                                            "Node Type": "Hash",
                                            "Parent Relationship": "Inner",
                                            "Parallel Aware": true,
                                            "Startup Cost": 24696.93,
                                            "Total Cost": 24696.93,
                                            "Plan Rows": 74100,
                                            "Plan Width": 4,
                                            "Actual Startup Time": 80.184,
                                            "Actual Total Time": 80.186,
                                            "Actual Rows": 45921,
                                            "Actual Loops": 5,
                                            "Output": [
                                                "mc.movie_id"
                                            ],
                                            "Hash Buckets": 262144,
                                            "Original Hash Buckets": 262144,
                                            "Hash Batches": 1,
                                            "Original Hash Batches": 1,
                                            "Peak Memory Usage": 11072,
                                            "Workers": [
                                                {
                                                    "Worker Number": 0,
                                                    "Actual Startup Time": 78.027,
                                                    "Actual Total Time": 78.029,
                                                    "Actual Rows": 30219,
                                                    "Actual Loops": 1
                                                },
                                                {
                                                    "Worker Number": 1,
                                                    "Actual Startup Time": 78.813,
                                                    "Actual Total Time": 78.814,
                                                    "Actual Rows": 39519,
                                                    "Actual Loops": 1
                                                },
                                                {
                                                    "Worker Number": 2,
                                                    "Actual Startup Time": 78.869,
                                                    "Actual Total Time": 78.871,
                                                    "Actual Rows": 37445,
                                                    "Actual Loops": 1
                                                },
                                                {
                                                    "Worker Number": 3,
                                                    "Actual Startup Time": 79.326,
                                                    "Actual Total Time": 79.328,
                                                    "Actual Rows": 36565,
                                                    "Actual Loops": 1
                                                }
                                            ],
                                            "Plans": [
                                                {
                                                    "Node Type": "Bitmap Heap Scan",
                                                    "Parent Relationship": "Outer",
                                                    "Parallel Aware": true,
                                                    "Relation Name": "movie_companies",
                                                    "Schema": "public",
                                                    "Alias": "mc",
                                                    "Startup Cost": 4980.68,
                                                    "Total Cost": 24696.93,
                                                    "Plan Rows": 74100,
                                                    "Plan Width": 4,
                                                    "Actual Startup Time": 14.228,
                                                    "Actual Total Time": 57.63,
                                                    "Actual Rows": 45921,
                                                    "Actual Loops": 5,
                                                    "Output": [
                                                        "mc.movie_id"
                                                    ],
                                                    "Recheck Cond": "(mc.company_id < 92)",
                                                    "Rows Removed by Index Recheck": 0,
                                                    "Exact Heap Blocks": 6136,
                                                    "Lossy Heap Blocks": 0,
                                                    "Workers": [
                                                        {
                                                            "Worker Number": 0,
                                                            "Actual Startup Time": 12.211,
                                                            "Actual Total Time": 57.203,
                                                            "Actual Rows": 30219,
                                                            "Actual Loops": 1
                                                        },
                                                        {
                                                            "Worker Number": 1,
                                                            "Actual Startup Time": 13.092,
                                                            "Actual Total Time": 57.833,
                                                            "Actual Rows": 39519,
                                                            "Actual Loops": 1
                                                        },
                                                        {
                                                            "Worker Number": 2,
                                                            "Actual Startup Time": 12.855,
                                                            "Actual Total Time": 57.216,
                                                            "Actual Rows": 37445,
                                                            "Actual Loops": 1
                                                        },
                                                        {
                                                            "Worker Number": 3,
                                                            "Actual Startup Time": 13.292,
                                                            "Actual Total Time": 58.577,
                                                            "Actual Rows": 36565,
                                                            "Actual Loops": 1
                                                        }
                                                    ],
                                                    "Plans": [
                                                        {
                                                            "Node Type": "Bitmap Index Scan",
                                                            "Parent Relationship": "Outer",
                                                            "Parallel Aware": false,
                                                            "Index Name": "company_id_movie_companies",
                                                            "Startup Cost": 0.0,
                                                            "Total Cost": 4923.26,
                                                            "Plan Rows": 229710,
                                                            "Plan Width": 0,
                                                            "Actual Startup Time": 15.727,
                                                            "Actual Total Time": 15.728,
                                                            "Actual Rows": 229604,
                                                            "Actual Loops": 1,
                                                            "Index Cond": "(mc.company_id < 92)"
                                                        }
                                                    ]
                                                }
                                            ]
                                        }
                                    ]
                                }
                            ]
                        }
                    ]
                }
            ]
        },
        "Planning Time": 306.304,
        "Triggers": [],
        "Execution Time": 265.915
    }
]