[
  {
    "Plan": {
      "Node Type": "Aggregate",
      "Strategy": "Plain",
      "Partial Mode": "Finalize",
      "Parallel Aware": false,
      "Startup Cost": 44536.01,
      "Total Cost": 44536.02,
      "Plan Rows": 1,
      "Plan Width": 8,
      "Actual Startup Time": 115.883,
      "Actual Total Time": 123.238,
      "Actual Rows": 1,
      "Actual Loops": 1,
      "Plans": [
        {
          "Node Type": "Gather",
          "Parent Relationship": "Outer",
          "Parallel Aware": false,
          "Startup Cost": 44535.7,
          "Total Cost": 44536.01,
          "Plan Rows": 3,
          "Plan Width": 8,
          "Actual Startup Time": 115.771,
          "Actual Total Time": 123.23,
          "Actual Rows": 4,
          "Actual Loops": 1,
          "Workers Planned": 3,
          "Workers Launched": 3,
          "Single Copy": false,
          "Plans": [
            {
              "Node Type": "Aggregate",
              "Strategy": "Plain",
              "Partial Mode": "Partial",
              "Parent Relationship": "Outer",
              "Parallel Aware": false,
              "Startup Cost": 43535.7,
              "Total Cost": 43535.71,
              "Plan Rows": 1,
              "Plan Width": 8,
              "Actual Startup Time": 111.301,
              "Actual Total Time": 111.302,
              "Actual Rows": 1,
              "Actual Loops": 4,
              "Plans": [
                {
                  "Node Type": "Seq Scan",
                  "Parent Relationship": "Outer",
                  "Parallel Aware": true,
                  "Relation Name": "movie_keyword",
                  "Alias": "mk",
                  "Startup Cost": 0.0,
                  "Total Cost": 42695.65,
                  "Plan Rows": 336017,
                  "Plan Width": 0,
                  "Actual Startup Time": 0.039,
                  "Actual Total Time": 98.591,
                  "Actual Rows": 261449,
                  "Actual Loops": 4,
                  "Filter": "(keyword_id < 1043)",
                  "Rows Removed by Filter": 869534
                }
              ]
            }
          ]
        }
      ]
    },
    "Planning Time": 0.188,
    "Triggers": [],
    "Execution Time": 123.296
  }
]