{
    "Plan": {
        "Node Type": "Aggregate",
        "Strategy": "Plain",
        "Partial Mode": "Finalize",
        "Parallel Aware": false,
        "Startup Cost": 98145.01,
        "Total Cost": 98145.02,
        "Plan Rows": 1,
        "Plan Width": 8,
        "Actual Startup Time": 712.101,
        "Actual Total Time": 733.843,
        "Actual Rows": 1,
        "Actual Loops": 1,
        "Output": [
            "count(*)"
        ],
        "Plans": [
            {
                "Node Type": "Gather",
                "Parent Relationship": "Outer",
                "Parallel Aware": false,
                "Startup Cost": 98144.7,
                "Total Cost": 98145.01,
                "Plan Rows": 3,
                "Plan Width": 8,
                "Actual Startup Time": 704.0,
                "Actual Total Time": 733.831,
                "Actual Rows": 4,
                "Actual Loops": 1,
                "Output": [
                    "(PARTIAL count(*))"
                ],
                "Workers Planned": 3,
                "Workers Launched": 3,
                "Single Copy": false,
                "Plans": [
                    {
                        "Node Type": "Aggregate",
                        "Strategy": "Plain",
                        "Partial Mode": "Partial",
                        "Parent Relationship": "Outer",
                        "Parallel Aware": false,
                        "Startup Cost": 97144.7,
                        "Total Cost": 97144.71,
                        "Plan Rows": 1,
                        "Plan Width": 8,
                        "Actual Startup Time": 685.308,
                        "Actual Total Time": 685.311,
                        "Actual Rows": 1,
                        "Actual Loops": 4,
                        "Output": [
                            "PARTIAL count(*)"
                        ],
                        "Workers": [
                            {
                                "Worker Number": 0,
                                "Actual Startup Time": 678.723,
                                "Actual Total Time": 678.725,
                                "Actual Rows": 1,
                                "Actual Loops": 1
                            },
                            {
                                "Worker Number": 1,
                                "Actual Startup Time": 680.534,
                                "Actual Total Time": 680.537,
                                "Actual Rows": 1,
                                "Actual Loops": 1
                            },
                            {
                                "Worker Number": 2,
                                "Actual Startup Time": 678.735,
                                "Actual Total Time": 678.738,
                                "Actual Rows": 1,
                                "Actual Loops": 1
                            }
                        ],
                        "Plans": [
                            {
                                "Node Type": "Hash Join",
                                "Parent Relationship": "Outer",
                                "Parallel Aware": true,
                                "Join Type": "Inner",
                                "Startup Cost": 50219.81,
                                "Total Cost": 95081.65,
                                "Plan Rows": 825217,
                                "Plan Width": 0,
                                "Actual Startup Time": 372.513,
                                "Actual Total Time": 653.815,
                                "Actual Rows": 644119,
                                "Actual Loops": 4,
                                "Inner Unique": true,
                                "Hash Cond": "(mk.movie_id = t.id)",
                                "Workers": [
                                    {
                                        "Worker Number": 0,
                                        "Actual Startup Time": 366.423,
                                        "Actual Total Time": 649.453,
                                        "Actual Rows": 756698,
                                        "Actual Loops": 1
                                    },
                                    {
                                        "Worker Number": 1,
                                        "Actual Startup Time": 366.358,
                                        "Actual Total Time": 649.186,
                                        "Actual Rows": 504114,
                                        "Actual Loops": 1
                                    },
                                    {
                                        "Worker Number": 2,
                                        "Actual Startup Time": 366.484,
                                        "Actual Total Time": 649.535,
                                        "Actual Rows": 755532,
                                        "Actual Loops": 1
                                    }
                                ],
                                "Plans": [
                                    {
                                        "Node Type": "Seq Scan",
                                        "Parent Relationship": "Outer",
                                        "Parallel Aware": true,
                                        "Relation Name": "movie_keyword",
                                        "Schema": "public",
                                        "Alias": "mk",
                                        "Startup Cost": 0.0,
                                        "Total Cost": 42695.65,
                                        "Plan Rows": 825217,
                                        "Plan Width": 4,
                                        "Actual Startup Time": 0.018,
                                        "Actual Total Time": 138.986,
                                        "Actual Rows": 644119,
                                        "Actual Loops": 4,
                                        "Output": [
                                            "mk.id",
                                            "mk.movie_id",
                                            "mk.keyword_id"
                                        ],
                                        "Filter": "(mk.keyword_id < 6672)",
                                        "Rows Removed by Filter": 486863,
                                        "Workers": [
                                            {
                                                "Worker Number": 0,
                                                "Actual Startup Time": 0.013,
                                                "Actual Total Time": 143.667,
                                                "Actual Rows": 756698,
                                                "Actual Loops": 1
                                            },
                                            {
                                                "Worker Number": 1,
                                                "Actual Startup Time": 0.025,
                                                "Actual Total Time": 143.967,
                                                "Actual Rows": 504114,
                                                "Actual Loops": 1
                                            },
                                            {
                                                "Worker Number": 2,
                                                "Actual Startup Time": 0.02,
                                                "Actual Total Time": 143.715,
                                                "Actual Rows": 755532,
                                                "Actual Loops": 1
                                            }
                                        ]
                                    },
                                    {
                                        "Node Type": "Hash",
                                        "Parent Relationship": "Inner",
                                        "Parallel Aware": true,
                                        "Startup Cost": 42318.81,
                                        "Total Cost": 42318.81,
                                        "Plan Rows": 632080,
                                        "Plan Width": 4,
                                        "Actual Startup Time": 360.807,
                                        "Actual Total Time": 360.808,
                                        "Actual Rows": 632078,
                                        "Actual Loops": 4,
                                        "Output": [
                                            "t.id"
                                        ],
                                        "Hash Buckets": 4194304,
                                        "Original Hash Buckets": 4194304,
                                        "Hash Batches": 1,
                                        "Original Hash Batches": 1,
                                        "Peak Memory Usage": 131744,
                                        "Workers": [
                                            {
                                                "Worker Number": 0,
                                                "Actual Startup Time": 365.568,
                                                "Actual Total Time": 365.569,
                                                "Actual Rows": 662547,
                                                "Actual Loops": 1
                                            },
                                            {
                                                "Worker Number": 1,
                                                "Actual Startup Time": 365.494,
                                                "Actual Total Time": 365.495,
                                                "Actual Rows": 543629,
                                                "Actual Loops": 1
                                            },
                                            {
                                                "Worker Number": 2,
                                                "Actual Startup Time": 365.604,
                                                "Actual Total Time": 365.605,
                                                "Actual Rows": 667498,
                                                "Actual Loops": 1
                                            }
                                        ],
                                        "Plans": [
                                            {
                                                "Node Type": "Seq Scan",
                                                "Parent Relationship": "Outer",
                                                "Parallel Aware": true,
                                                "Relation Name": "title",
                                                "Schema": "public",
                                                "Alias": "t",
                                                "Startup Cost": 0.0,
                                                "Total Cost": 42318.81,
                                                "Plan Rows": 632080,
                                                "Plan Width": 4,
                                                "Actual Startup Time": 0.053,
                                                "Actual Total Time": 107.904,
                                                "Actual Rows": 632078,
                                                "Actual Loops": 4,
                                                "Output": [
                                                    "t.id"
                                                ],
                                                "Workers": [
                                                    {
                                                        "Worker Number": 0,
                                                        "Actual Startup Time": 0.072,
                                                        "Actual Total Time": 111.567,
                                                        "Actual Rows": 662547,
                                                        "Actual Loops": 1
                                                    },
                                                    {
                                                        "Worker Number": 1,
                                                        "Actual Startup Time": 0.065,
                                                        "Actual Total Time": 112.717,
                                                        "Actual Rows": 543629,
                                                        "Actual Loops": 1
                                                    },
                                                    {
                                                        "Worker Number": 2,
                                                        "Actual Startup Time": 0.063,
                                                        "Actual Total Time": 111.971,
                                                        "Actual Rows": 667498,
                                                        "Actual Loops": 1
                                                    }
                                                ]
                                            }
                                        ]
                                    }
                                ]
                            }
                        ]
                    }
                ]
            }
        ]
    },
    "Planning Time": 0.664,
    "Triggers": [],
    "Execution Time": 733.917
}