[
  {
    "Plan": {
      "Node Type": "Aggregate",
      "Strategy": "Plain",
      "Partial Mode": "Finalize",
      "Parallel Aware": false,
      "Startup Cost": 33183.75,
      "Total Cost": 33183.76,
      "Plan Rows": 1,
      "Plan Width": 8,
      "Actual Startup Time": 98.501,
      "Actual Total Time": 106.471,
      "Actual Rows": 1,
      "Actual Loops": 1,
      "Plans": [
        {
          "Node Type": "Gather",
          "Parent Relationship": "Outer",
          "Parallel Aware": false,
          "Startup Cost": 33183.43,
          "Total Cost": 33183.74,
          "Plan Rows": 3,
          "Plan Width": 8,
          "Actual Startup Time": 98.387,
          "Actual Total Time": 106.463,
          "Actual Rows": 4,
          "Actual Loops": 1,
          "Workers Planned": 3,
          "Workers Launched": 3,
          "Single Copy": false,
          "Plans": [
            {
              "Node Type": "Aggregate",
              "Strategy": "Plain",
              "Partial Mode": "Partial",
              "Parent Relationship": "Outer",
              "Parallel Aware": false,
              "Startup Cost": 32183.43,
              "Total Cost": 32183.44,
              "Plan Rows": 1,
              "Plan Width": 8,
              "Actual Startup Time": 91.607,
              "Actual Total Time": 91.608,
              "Actual Rows": 1,
              "Actual Loops": 4,
              "Plans": [
                {
                  "Node Type": "Seq Scan",
                  "Parent Relationship": "Outer",
                  "Parallel Aware": true,
                  "Relation Name": "movie_companies",
                  "Alias": "mc",
                  "Startup Cost": 0.0,
                  "Total Cost": 31414.82,
                  "Plan Rows": 307445,
                  "Plan Width": 0,
                  "Actual Startup Time": 49.682,
                  "Actual Total Time": 84.567,
                  "Actual Rows": 159773,
                  "Actual Loops": 4,
                  "Filter": "((company_id < 37666) AND (company_type_id = 2))",
                  "Rows Removed by Filter": 492510
                }
              ]
            }
          ]
        }
      ]
    },
    "Planning Time": 0.216,
    "Triggers": [],
    "Execution Time": 106.528
  }
]