[
    {
        "Bao": {
            "Bao prediction": "NaN",
            "Bao recommended hint": "(no hint)"
        }
    },
    {
        "Plan": {
            "Node Type": "Aggregate",
            "Strategy": "Plain",
            "Partial Mode": "Finalize",
            "Parallel Aware": false,
            "Startup Cost": 236038.56,
            "Total Cost": 236038.57,
            "Plan Rows": 1,
            "Plan Width": 8,
            "Actual Startup Time": 291.641,
            "Actual Total Time": 300.446,
            "Actual Rows": 1,
            "Actual Loops": 1,
            "Output": [
                "count(*)"
            ],
            "Plans": [
                {
                    "Node Type": "Gather",
                    "Parent Relationship": "Outer",
                    "Parallel Aware": false,
                    "Startup Cost": 236038.04,
                    "Total Cost": 236038.55,
                    "Plan Rows": 5,
                    "Plan Width": 8,
                    "Actual Startup Time": 287.374,
                    "Actual Total Time": 300.437,
                    "Actual Rows": 6,
                    "Actual Loops": 1,
                    "Output": [
                        "(PARTIAL count(*))"
                    ],
                    "Workers Planned": 5,
                    "Workers Launched": 5,
                    "Single Copy": false,
                    "Plans": [
                        {
                            "Node Type": "Aggregate",
                            "Strategy": "Plain",
                            "Partial Mode": "Partial",
                            "Parent Relationship": "Outer",
                            "Parallel Aware": false,
                            "Startup Cost": 235038.04,
                            "Total Cost": 235038.05,
                            "Plan Rows": 1,
                            "Plan Width": 8,
                            "Actual Startup Time": 277.121,
                            "Actual Total Time": 277.124,
                            "Actual Rows": 1,
                            "Actual Loops": 6,
                            "Output": [
                                "PARTIAL count(*)"
                            ],
                            "Workers": [
                                {
                                    "Worker Number": 0,
                                    "Actual Startup Time": 274.542,
                                    "Actual Total Time": 274.545,
                                    "Actual Rows": 1,
                                    "Actual Loops": 1
                                },
                                {
                                    "Worker Number": 1,
                                    "Actual Startup Time": 274.494,
                                    "Actual Total Time": 274.499,
                                    "Actual Rows": 1,
                                    "Actual Loops": 1
                                },
                                {
                                    "Worker Number": 2,
                                    "Actual Startup Time": 275.272,
                                    "Actual Total Time": 275.275,
                                    "Actual Rows": 1,
                                    "Actual Loops": 1
                                },
                                {
                                    "Worker Number": 3,
                                    "Actual Startup Time": 275.578,
                                    "Actual Total Time": 275.581,
                                    "Actual Rows": 1,
                                    "Actual Loops": 1
                                },
                                {
                                    "Worker Number": 4,
                                    "Actual Startup Time": 275.803,
                                    "Actual Total Time": 275.806,
                                    "Actual Rows": 1,
                                    "Actual Loops": 1
                                }
                            ],
                            "Plans": [
                                {
                                    "Node Type": "Hash Join",
                                    "Parent Relationship": "Outer",
                                    "Parallel Aware": true,
                                    "Join Type": "Inner",
                                    "Startup Cost": 68974.96,
                                    "Total Cost": 234927.01,
                                    "Plan Rows": 44410,
                                    "Plan Width": 0,
                                    "Actual Startup Time": 178.782,
                                    "Actual Total Time": 273.82,
                                    "Actual Rows": 54013,
                                    "Actual Loops": 6,
                                    "Inner Unique": true,
                                    "Hash Cond": "(mi.movie_id = t.id)",
                                    "Workers": [
                                        {
                                            "Worker Number": 0,
                                            "Actual Startup Time": 176.139,
                                            "Actual Total Time": 271.293,
                                            "Actual Rows": 56722,
                                            "Actual Loops": 1
                                        },
                                        {
                                            "Worker Number": 1,
                                            "Actual Startup Time": 175.961,
                                            "Actual Total Time": 271.294,
                                            "Actual Rows": 55472,
                                            "Actual Loops": 1
                                        },
                                        {
                                            "Worker Number": 2,
                                            "Actual Startup Time": 177.337,
                                            "Actual Total Time": 271.752,
                                            "Actual Rows": 41456,
                                            "Actual Loops": 1
                                        },
                                        {
                                            "Worker Number": 3,
                                            "Actual Startup Time": 176.802,
                                            "Actual Total Time": 272.172,
                                            "Actual Rows": 39896,
                                            "Actual Loops": 1
                                        },
                                        {
                                            "Worker Number": 4,
                                            "Actual Startup Time": 177.894,
                                            "Actual Total Time": 272.432,
                                            "Actual Rows": 56292,
                                            "Actual Loops": 1
                                        }
                                    ],
                                    "Plans": [
                                        {
                                            "Node Type": "Bitmap Heap Scan",
                                            "Parent Relationship": "Outer",
                                            "Parallel Aware": true,
                                            "Relation Name": "movie_info",
                                            "Schema": "public",
                                            "Alias": "mi",
                                            "Startup Cost": 23735.46,
                                            "Total Cost": 189000.4,
                                            "Plan Rows": 261755,
                                            "Plan Width": 4,
                                            "Actual Startup Time": 72.88,
                                            "Actual Total Time": 106.388,
                                            "Actual Rows": 214821,
                                            "Actual Loops": 6,
                                            "Output": [
                                                "mi.id",
                                                "mi.movie_id",
                                                "mi.info_type_id",
                                                "mi.info",
                                                "mi.note"
                                            ],
                                            "Recheck Cond": "(mi.info_type_id = 2)",
                                            "Rows Removed by Index Recheck": 0,
                                            "Exact Heap Blocks": 2089,
                                            "Lossy Heap Blocks": 0,
                                            "Workers": [
                                                {
                                                    "Worker Number": 0,
                                                    "Actual Startup Time": 72.886,
                                                    "Actual Total Time": 106.849,
                                                    "Actual Rows": 221665,
                                                    "Actual Loops": 1
                                                },
                                                {
                                                    "Worker Number": 1,
                                                    "Actual Startup Time": 72.788,
                                                    "Actual Total Time": 106.5,
                                                    "Actual Rows": 206676,
                                                    "Actual Loops": 1
                                                },
                                                {
                                                    "Worker Number": 2,
                                                    "Actual Startup Time": 73.033,
                                                    "Actual Total Time": 107.948,
                                                    "Actual Rows": 170751,
                                                    "Actual Loops": 1
                                                },
                                                {
                                                    "Worker Number": 3,
                                                    "Actual Startup Time": 73.072,
                                                    "Actual Total Time": 107.595,
                                                    "Actual Rows": 159854,
                                                    "Actual Loops": 1
                                                },
                                                {
                                                    "Worker Number": 4,
                                                    "Actual Startup Time": 72.895,
                                                    "Actual Total Time": 106.967,
                                                    "Actual Rows": 215391,
                                                    "Actual Loops": 1
                                                }
                                            ],
                                            "Plans": [
                                                {
                                                    "Node Type": "Bitmap Index Scan",
                                                    "Parent Relationship": "Outer",
                                                    "Parallel Aware": false,
                                                    "Index Name": "info_type_id_movie_info",
                                                    "Startup Cost": 0.0,
                                                    "Total Cost": 23408.26,
                                                    "Plan Rows": 1308777,
                                                    "Plan Width": 0,
                                                    "Actual Startup Time": 71.38,
                                                    "Actual Total Time": 71.381,
                                                    "Actual Rows": 1288928,
                                                    "Actual Loops": 1,
                                                    "Index Cond": "(mi.info_type_id = 2)"
                                                }
                                            ]
                                        },
                                        {
                                            "Node Type": "Hash",
                                            "Parent Relationship": "Inner",
                                            "Parallel Aware": true,
                                            "Startup Cost": 43899.01,
                                            "Total Cost": 43899.01,
                                            "Plan Rows": 107240,
                                            "Plan Width": 4,
                                            "Actual Startup Time": 103.982,
                                            "Actual Total Time": 103.983,
                                            "Actual Rows": 70630,
                                            "Actual Loops": 6,
                                            "Output": [
                                                "t.id"
                                            ],
                                            "Hash Buckets": 524288,
                                            "Original Hash Buckets": 524288,
                                            "Hash Batches": 1,
                                            "Original Hash Batches": 1,
                                            "Peak Memory Usage": 20768,
                                            "Workers": [
                                                {
                                                    "Worker Number": 0,
                                                    "Actual Startup Time": 102.493,
                                                    "Actual Total Time": 102.494,
                                                    "Actual Rows": 74414,
                                                    "Actual Loops": 1
                                                },
                                                {
                                                    "Worker Number": 1,
                                                    "Actual Startup Time": 102.448,
                                                    "Actual Total Time": 102.449,
                                                    "Actual Rows": 64964,
                                                    "Actual Loops": 1
                                                },
                                                {
                                                    "Worker Number": 2,
                                                    "Actual Startup Time": 103.244,
                                                    "Actual Total Time": 103.245,
                                                    "Actual Rows": 51796,
                                                    "Actual Loops": 1
                                                },
                                                {
                                                    "Worker Number": 3,
                                                    "Actual Startup Time": 103.073,
                                                    "Actual Total Time": 103.073,
                                                    "Actual Rows": 41808,
                                                    "Actual Loops": 1
                                                },
                                                {
                                                    "Worker Number": 4,
                                                    "Actual Startup Time": 103.747,
                                                    "Actual Total Time": 103.748,
                                                    "Actual Rows": 73034,
                                                    "Actual Loops": 1
                                                }
                                            ],
                                            "Plans": [
                                                {
                                                    "Node Type": "Seq Scan",
                                                    "Parent Relationship": "Outer",
                                                    "Parallel Aware": true,
                                                    "Relation Name": "title",
                                                    "Schema": "public",
                                                    "Alias": "t",
                                                    "Startup Cost": 0.0,
                                                    "Total Cost": 43899.01,
                                                    "Plan Rows": 107240,
                                                    "Plan Width": 4,
                                                    "Actual Startup Time": 0.046,
                                                    "Actual Total Time": 77.003,
                                                    "Actual Rows": 70630,
                                                    "Actual Loops": 6,
                                                    "Output": [
                                                        "t.id"
                                                    ],
                                                    "Filter": "(t.production_year < 1974)",
                                                    "Rows Removed by Filter": 350756,
                                                    "Workers": [
                                                        {
                                                            "Worker Number": 0,
                                                            "Actual Startup Time": 0.056,
                                                            "Actual Total Time": 76.125,
                                                            "Actual Rows": 74414,
                                                            "Actual Loops": 1
                                                        },
                                                        {
                                                            "Worker Number": 1,
                                                            "Actual Startup Time": 0.059,
                                                            "Actual Total Time": 75.633,
                                                            "Actual Rows": 64964,
                                                            "Actual Loops": 1
                                                        },
                                                        {
                                                            "Worker Number": 2,
                                                            "Actual Startup Time": 0.053,
                                                            "Actual Total Time": 79.043,
                                                            "Actual Rows": 51796,
                                                            "Actual Loops": 1
                                                        },
                                                        {
                                                            "Worker Number": 3,
                                                            "Actual Startup Time": 0.055,
                                                            "Actual Total Time": 78.271,
                                                            "Actual Rows": 41808,
                                                            "Actual Loops": 1
                                                        },
                                                        {
                                                            "Worker Number": 4,
                                                            "Actual Startup Time": 0.04,
                                                            "Actual Total Time": 76.996,
                                                            "Actual Rows": 73034,
                                                            "Actual Loops": 1
                                                        }
                                                    ]
                                                }
                                            ]
                                        }
                                    ]
                                }
                            ]
                        }
                    ]
                }
            ]
        },
        "Planning Time": 179.125,
        "Triggers": [],
        "Execution Time": 300.507
    }
]