{
  "Plan": {
    "Node Type": "Aggregate",
    "Strategy": "Plain",
    "Partial Mode": "Simple",
    "Parallel Aware": false,
    "Startup Cost": 1448027.18,
    "Total Cost": 1448027.19,
    "Plan Rows": 1,
    "Plan Width": 96,
    "Actual Startup Time": 5221.589,
    "Actual Total Time": 5221.759,
    "Actual Rows": 1,
    "Actual Loops": 1,
    "Plans": [
      {
        "Node Type": "Merge Join",
        "Parent Relationship": "Outer",
        "Parallel Aware": false,
        "Join Type": "Inner",
        "Startup Cost": 1444998.23,
        "Total Cost": 1448027.17,
        "Plan Rows": 1,
        "Plan Width": 66,
        "Actual Startup Time": 5114.978,
        "Actual Total Time": 5221.732,
        "Actual Rows": 11,
        "Actual Loops": 1,
        "Inner Unique": true,
        "Merge Cond": "(ci.person_id = n.id)",
        "Plans": [
          {
            "Node Type": "Sort",
            "Parent Relationship": "Outer",
            "Parallel Aware": false,
            "Startup Cost": 1277466.34,
            "Total Cost": 1277466.34,
            "Plan Rows": 1,
            "Plan Width": 70,
            "Actual Startup Time": 4484.665,
            "Actual Total Time": 4484.856,
            "Actual Rows": 145,
            "Actual Loops": 1,
            "Sort Key": [
              "ci.person_id"
            ],
            "Sort Method": "quicksort",
            "Sort Space Used": 46,
            "Sort Space Type": "Memory",
            "Plans": [
              {
                "Node Type": "Merge Join",
                "Parent Relationship": "Outer",
                "Parallel Aware": false,
                "Join Type": "Inner",
                "Startup Cost": 1277466.3,
                "Total Cost": 1277466.33,
                "Plan Rows": 1,
                "Plan Width": 70,
                "Actual Startup Time": 4484.551,
                "Actual Total Time": 4484.767,
                "Actual Rows": 268,
                "Actual Loops": 1,
                "Inner Unique": true,
                "Merge Cond": "(mi.info_type_id = it1.id)",
                "Plans": [
                  {
                    "Node Type": "Sort",
                    "Parent Relationship": "Outer",
                    "Parallel Aware": false,
                    "Startup Cost": 1277463.88,
                    "Total Cost": 1277463.88,
                    "Plan Rows": 1,
                    "Plan Width": 74,
                    "Actual Startup Time": 4484.512,
                    "Actual Total Time": 4484.692,
                    "Actual Rows": 268,
                    "Actual Loops": 1,
                    "Sort Key": [
                      "mi.info_type_id"
                    ],
                    "Sort Method": "quicksort",
                    "Sort Space Used": 46,
                    "Sort Space Type": "Memory",
                    "Plans": [
                      {
                        "Node Type": "Merge Join",
                        "Parent Relationship": "Outer",
                        "Parallel Aware": false,
                        "Join Type": "Inner",
                        "Startup Cost": 1146470.13,
                        "Total Cost": 1277463.87,
                        "Plan Rows": 1,
                        "Plan Width": 74,
                        "Actual Startup Time": 3429.402,
                        "Actual Total Time": 4484.501,
                        "Actual Rows": 268,
                        "Actual Loops": 1,
                        "Inner Unique": false,
                        "Merge Cond": "(t.id = ci.movie_id)",
                        "Plans": [
                          {
                            "Node Type": "Merge Join",
                            "Parent Relationship": "Outer",
                            "Parallel Aware": false,
                            "Join Type": "Inner",
                            "Startup Cost": 311795.82,
                            "Total Cost": 436952.02,
                            "Plan Rows": 3,
                            "Plan Width": 82,
                            "Actual Startup Time": 1060.527,
                            "Actual Total Time": 2119.016,
                            "Actual Rows": 358,
                            "Actual Loops": 1,
                            "Inner Unique": false,
                            "Merge Cond": "(t.id = mi.movie_id)",
                            "Plans": [
                              {
                                "Node Type": "Merge Join",
                                "Parent Relationship": "Outer",
                                "Parallel Aware": false,
                                "Join Type": "Inner",
                                "Startup Cost": 28058.9,
                                "Total Cost": 152897.21,
                                "Plan Rows": 135,
                                "Plan Width": 31,
                                "Actual Startup Time": 118.1,
                                "Actual Total Time": 1201.86,
                                "Actual Rows": 6152,
                                "Actual Loops": 1,
                                "Inner Unique": false,
                                "Merge Cond": "(t.id = mi_idx.movie_id)",
                                "Plans": [
                                  {
                                    "Node Type": "Index Scan",
                                    "Parent Relationship": "Outer",
                                    "Parallel Aware": false,
                                    "Scan Direction": "Forward",
                                    "Index Name": "title_pkey",
                                    "Relation Name": "title",
                                    "Alias": "t",
                                    "Startup Cost": 0.43,
                                    "Total Cost": 123001.61,
                                    "Plan Rows": 789130,
                                    "Plan Width": 21,
                                    "Actual Startup Time": 0.054,
                                    "Actual Total Time": 1048.962,
                                    "Actual Rows": 784237,
                                    "Actual Loops": 1,
                                    "Filter": "((production_year >= 2008) AND (production_year <= 2014))",
                                    "Rows Removed by Filter": 1741490
                                  },
                                  {
                                    "Node Type": "Sort",
                                    "Parent Relationship": "Inner",
                                    "Parallel Aware": false,
                                    "Startup Cost": 28052.77,
                                    "Total Cost": 28053.85,
                                    "Plan Rows": 433,
                                    "Plan Width": 10,
                                    "Actual Startup Time": 112.078,
                                    "Actual Total Time": 114.265,
                                    "Actual Rows": 15849,
                                    "Actual Loops": 1,
                                    "Sort Key": [
                                      "mi_idx.movie_id"
                                    ],
                                    "Sort Method": "quicksort",
                                    "Sort Space Used": 1127,
                                    "Sort Space Type": "Memory",
                                    "Plans": [
                                      {
                                        "Node Type": "Merge Join",
                                        "Parent Relationship": "Outer",
                                        "Parallel Aware": false,
                                        "Join Type": "Inner",
                                        "Startup Cost": 27784.94,
                                        "Total Cost": 28033.81,
                                        "Plan Rows": 433,
                                        "Plan Width": 10,
                                        "Actual Startup Time": 106.717,
                                        "Actual Total Time": 109.306,
                                        "Actual Rows": 15849,
                                        "Actual Loops": 1,
                                        "Inner Unique": true,
                                        "Merge Cond": "(mi_idx.info_type_id = it2.id)",
                                        "Plans": [
                                          {
                                            "Node Type": "Sort",
                                            "Parent Relationship": "Outer",
                                            "Parallel Aware": false,
                                            "Startup Cost": 27782.51,
                                            "Total Cost": 27904.78,
                                            "Plan Rows": 48908,
                                            "Plan Width": 14,
                                            "Actual Startup Time": 103.485,
                                            "Actual Total Time": 105.657,
                                            "Actual Rows": 52608,
                                            "Actual Loops": 1,
                                            "Sort Key": [
                                              "mi_idx.info_type_id"
                                            ],
                                            "Sort Method": "quicksort",
                                            "Sort Space Used": 4022,
                                            "Sort Space Type": "Memory",
                                            "Plans": [
                                              {
                                                "Node Type": "Gather",
                                                "Parent Relationship": "Outer",
                                                "Parallel Aware": false,
                                                "Startup Cost": 1000.0,
                                                "Total Cost": 23973.12,
                                                "Plan Rows": 48908,
                                                "Plan Width": 14,
                                                "Actual Startup Time": 0.613,
                                                "Actual Total Time": 96.682,
                                                "Actual Rows": 52629,
                                                "Actual Loops": 1,
                                                "Workers Planned": 1,
                                                "Workers Launched": 1,
                                                "Single Copy": false,
                                                "Plans": [
                                                  {
                                                    "Node Type": "Seq Scan",
                                                    "Parent Relationship": "Outer",
                                                    "Parallel Aware": true,
                                                    "Relation Name": "movie_info_idx",
                                                    "Alias": "mi_idx",
                                                    "Startup Cost": 0.0,
                                                    "Total Cost": 18082.32,
                                                    "Plan Rows": 28769,
                                                    "Plan Width": 14,
                                                    "Actual Startup Time": 0.087,
                                                    "Actual Total Time": 86.18,
                                                    "Actual Rows": 26314,
                                                    "Actual Loops": 2,
                                                    "Filter": "(info > '8.0'::text)",
                                                    "Rows Removed by Filter": 663703
                                                  }
                                                ]
                                              }
                                            ]
                                          },
                                          {
                                            "Node Type": "Sort",
                                            "Parent Relationship": "Inner",
                                            "Parallel Aware": false,
                                            "Startup Cost": 2.42,
                                            "Total Cost": 2.43,
                                            "Plan Rows": 1,
                                            "Plan Width": 4,
                                            "Actual Startup Time": 0.03,
                                            "Actual Total Time": 0.031,
                                            "Actual Rows": 1,
                                            "Actual Loops": 1,
                                            "Sort Key": [
                                              "it2.id"
                                            ],
                                            "Sort Method": "quicksort",
                                            "Sort Space Used": 25,
                                            "Sort Space Type": "Memory",
                                            "Plans": [
                                              {
                                                "Node Type": "Seq Scan",
                                                "Parent Relationship": "Outer",
                                                "Parallel Aware": false,
                                                "Relation Name": "info_type",
                                                "Alias": "it2",
                                                "Startup Cost": 0.0,
                                                "Total Cost": 2.41,
                                                "Plan Rows": 1,
                                                "Plan Width": 4,
                                                "Actual Startup Time": 0.02,
                                                "Actual Total Time": 0.021,
                                                "Actual Rows": 1,
                                                "Actual Loops": 1,
                                                "Filter": "((info)::text = 'rating'::text)",
                                                "Rows Removed by Filter": 112
                                              }
                                            ]
                                          }
                                        ]
                                      }
                                    ]
                                  }
                                ]
                              },
                              {
                                "Node Type": "Sort",
                                "Parent Relationship": "Inner",
                                "Parallel Aware": false,
                                "Startup Cost": 283736.92,
                                "Total Cost": 283895.68,
                                "Plan Rows": 63506,
                                "Plan Width": 51,
                                "Actual Startup Time": 908.664,
                                "Actual Total Time": 912.312,
                                "Actual Rows": 73020,
                                "Actual Loops": 1,
                                "Sort Key": [
                                  "mi.movie_id"
                                ],
                                "Sort Method": "quicksort",
                                "Sort Space Used": 7817,
                                "Sort Space Type": "Memory",
                                "Plans": [
                                  {
                                    "Node Type": "Gather",
                                    "Parent Relationship": "Outer",
                                    "Parallel Aware": false,
                                    "Startup Cost": 1000.0,
                                    "Total Cost": 278670.85,
                                    "Plan Rows": 63506,
                                    "Plan Width": 51,
                                    "Actual Startup Time": 556.094,
                                    "Actual Total Time": 895.123,
                                    "Actual Rows": 73047,
                                    "Actual Loops": 1,
                                    "Workers Planned": 1,
                                    "Workers Launched": 1,
                                    "Single Copy": false,
                                    "Plans": [
                                      {
                                        "Node Type": "Seq Scan",
                                        "Parent Relationship": "Outer",
                                        "Parallel Aware": true,
                                        "Relation Name": "movie_info",
                                        "Alias": "mi",
                                        "Startup Cost": 0.0,
                                        "Total Cost": 271320.25,
                                        "Plan Rows": 37356,
                                        "Plan Width": 51,
                                        "Actual Startup Time": 553.78,
                                        "Actual Total Time": 887.554,
                                        "Actual Rows": 36524,
                                        "Actual Loops": 2,
                                        "Filter": "((note IS NULL) AND (info = ANY ('{Horror,Thriller}'::text[])))",
                                        "Rows Removed by Filter": 7381336
                                      }
                                    ]
                                  }
                                ]
                              }
                            ]
                          },
                          {
                            "Node Type": "Sort",
                            "Parent Relationship": "Inner",
                            "Parallel Aware": false,
                            "Startup Cost": 834674.32,
                            "Total Cost": 837593.07,
                            "Plan Rows": 1167502,
                            "Plan Width": 8,
                            "Actual Startup Time": 2152.925,
                            "Actual Total Time": 2286.065,
                            "Actual Rows": 1243723,
                            "Actual Loops": 1,
                            "Sort Key": [
                              "ci.movie_id"
                            ],
                            "Sort Method": "quicksort",
                            "Sort Space Used": 107499,
                            "Sort Space Type": "Memory",
                            "Plans": [
                              {
                                "Node Type": "Gather",
                                "Parent Relationship": "Outer",
                                "Parallel Aware": false,
                                "Startup Cost": 1000.0,
                                "Total Cost": 717019.34,
                                "Plan Rows": 1167502,
                                "Plan Width": 8,
                                "Actual Startup Time": 56.412,
                                "Actual Total Time": 1886.24,
                                "Actual Rows": 1244716,
                                "Actual Loops": 1,
                                "Workers Planned": 1,
                                "Workers Launched": 1,
                                "Single Copy": false,
                                "Plans": [
                                  {
                                    "Node Type": "Seq Scan",
                                    "Parent Relationship": "Outer",
                                    "Parallel Aware": true,
                                    "Relation Name": "cast_info",
                                    "Alias": "ci",
                                    "Startup Cost": 0.0,
                                    "Total Cost": 599269.14,
                                    "Plan Rows": 686766,
                                    "Plan Width": 8,
                                    "Actual Startup Time": 101.836,
                                    "Actual Total Time": 1779.041,
                                    "Actual Rows": 622358,
                                    "Actual Loops": 2,
                                    "Filter": "(note = ANY ('{(writer),\"(head writer)\",\"(written by)\",(story),\"(story editor)\"}'::text[]))",
                                    "Rows Removed by Filter": 17499814
                                  }
                                ]
                              }
                            ]
                          }
                        ]
                      }
                    ]
                  },
                  {
                    "Node Type": "Sort",
                    "Parent Relationship": "Inner",
                    "Parallel Aware": false,
                    "Startup Cost": 2.42,
                    "Total Cost": 2.43,
                    "Plan Rows": 1,
                    "Plan Width": 4,
                    "Actual Startup Time": 0.036,
                    "Actual Total Time": 0.037,
                    "Actual Rows": 1,
                    "Actual Loops": 1,
                    "Sort Key": [
                      "it1.id"
                    ],
                    "Sort Method": "quicksort",
                    "Sort Space Used": 25,
                    "Sort Space Type": "Memory",
                    "Plans": [
                      {
                        "Node Type": "Seq Scan",
                        "Parent Relationship": "Outer",
                        "Parallel Aware": false,
                        "Relation Name": "info_type",
                        "Alias": "it1",
                        "Startup Cost": 0.0,
                        "Total Cost": 2.41,
                        "Plan Rows": 1,
                        "Plan Width": 4,
                        "Actual Startup Time": 0.021,
                        "Actual Total Time": 0.026,
                        "Actual Rows": 1,
                        "Actual Loops": 1,
                        "Filter": "((info)::text = 'genres'::text)",
                        "Rows Removed by Filter": 112
                      }
                    ]
                  }
                ]
              }
            ]
          },
          {
            "Node Type": "Sort",
            "Parent Relationship": "Inner",
            "Parallel Aware": false,
            "Startup Cost": 167531.9,
            "Total Cost": 169086.17,
            "Plan Rows": 621709,
            "Plan Width": 4,
            "Actual Startup Time": 624.384,
            "Actual Total Time": 683.361,
            "Actual Rows": 961555,
            "Actual Loops": 1,
            "Sort Key": [
              "n.id"
            ],
            "Sort Method": "quicksort",
            "Sort Space Used": 69649,
            "Sort Space Type": "Memory",
            "Plans": [
              {
                "Node Type": "Seq Scan",
                "Parent Relationship": "Outer",
                "Parallel Aware": false,
                "Relation Name": "name",
                "Alias": "n",
                "Startup Cost": 0.0,
                "Total Cost": 107705.21,
                "Plan Rows": 621709,
                "Plan Width": 4,
                "Actual Startup Time": 151.585,
                "Actual Total Time": 396.574,
                "Actual Rows": 961555,
                "Actual Loops": 1,
                "Filter": "((gender IS NOT NULL) AND ((gender)::text = 'f'::text))",
                "Rows Removed by Filter": 3205936
              }
            ]
          }
        ]
      }
    ]
  },
  "Planning Time": 2.514,
  "Triggers": [],
  "Execution Time": 5228.87
}