[
  {
    "Plan": {
      "Node Type": "Aggregate",
      "Strategy": "Plain",
      "Partial Mode": "Finalize",
      "Parallel Aware": false,
      "Startup Cost": 95990.5,
      "Total Cost": 95990.51,
      "Plan Rows": 1,
      "Plan Width": 8,
      "Actual Startup Time": 428.525,
      "Actual Total Time": 452.565,
      "Actual Rows": 1,
      "Actual Loops": 1,
      "Plans": [
        {
          "Node Type": "Gather",
          "Parent Relationship": "Outer",
          "Parallel Aware": false,
          "Startup Cost": 95990.19,
          "Total Cost": 95990.5,
          "Plan Rows": 3,
          "Plan Width": 8,
          "Actual Startup Time": 426.148,
          "Actual Total Time": 452.554,
          "Actual Rows": 4,
          "Actual Loops": 1,
          "Workers Planned": 3,
          "Workers Launched": 3,
          "Single Copy": false,
          "Plans": [
            {
              "Node Type": "Aggregate",
              "Strategy": "Plain",
              "Partial Mode": "Partial",
              "Parent Relationship": "Outer",
              "Parallel Aware": false,
              "Startup Cost": 94990.19,
              "Total Cost": 94990.2,
              "Plan Rows": 1,
              "Plan Width": 8,
              "Actual Startup Time": 420.122,
              "Actual Total Time": 420.245,
              "Actual Rows": 1,
              "Actual Loops": 4,
              "Plans": [
                {
                  "Node Type": "Hash Join",
                  "Parent Relationship": "Outer",
                  "Parallel Aware": true,
                  "Join Type": "Inner",
                  "Startup Cost": 64208.71,
                  "Total Cost": 94833.16,
                  "Plan Rows": 62809,
                  "Plan Width": 0,
                  "Actual Startup Time": 268.383,
                  "Actual Total Time": 408.597,
                  "Actual Rows": 260724,
                  "Actual Loops": 4,
                  "Inner Unique": false,
                  "Hash Cond": "(mc.movie_id = t.id)",
                  "Plans": [
                    {
                      "Node Type": "Seq Scan",
                      "Parent Relationship": "Outer",
                      "Parallel Aware": true,
                      "Relation Name": "movie_companies",
                      "Alias": "mc",
                      "Startup Cost": 0.0,
                      "Total Cost": 27206.55,
                      "Plan Rows": 841655,
                      "Plan Width": 4,
                      "Actual Startup Time": 0.009,
                      "Actual Total Time": 60.589,
                      "Actual Rows": 652282,
                      "Actual Loops": 4
                    },
                    {
                      "Node Type": "Hash",
                      "Parent Relationship": "Inner",
                      "Parallel Aware": true,
                      "Startup Cost": 63225.98,
                      "Total Cost": 63225.98,
                      "Plan Rows": 78619,
                      "Plan Width": 8,
                      "Actual Startup Time": 241.251,
                      "Actual Total Time": 241.372,
                      "Actual Rows": 70188,
                      "Actual Loops": 4,
                      "Hash Buckets": 524288,
                      "Original Hash Buckets": 262144,
                      "Hash Batches": 1,
                      "Original Hash Batches": 1,
                      "Peak Memory Usage": 17216,
                      "Plans": [
                        {
                          "Node Type": "Hash Join",
                          "Parent Relationship": "Outer",
                          "Parallel Aware": true,
                          "Join Type": "Inner",
                          "Startup Cost": 47091.99,
                          "Total Cost": 63225.98,
                          "Plan Rows": 78619,
                          "Plan Width": 8,
                          "Actual Startup Time": 160.392,
                          "Actual Total Time": 214.423,
                          "Actual Rows": 70188,
                          "Actual Loops": 4,
                          "Inner Unique": true,
                          "Hash Cond": "(mi_idx.movie_id = t.id)",
                          "Plans": [
                            {
                              "Node Type": "Seq Scan",
                              "Parent Relationship": "Outer",
                              "Parallel Aware": true,
                              "Relation Name": "movie_info_idx",
                              "Alias": "mi_idx",
                              "Startup Cost": 0.0,
                              "Total Cost": 15122.68,
                              "Plan Rows": 385260,
                              "Plan Width": 4,
                              "Actual Startup Time": 0.017,
                              "Actual Total Time": 39.693,
                              "Actual Rows": 230028,
                              "Actual Loops": 4,
                              "Filter": "(info_type_id > 99)",
                              "Rows Removed by Filter": 114981
                            },
                            {
                              "Node Type": "Hash",
                              "Parent Relationship": "Inner",
                              "Parallel Aware": true,
                              "Startup Cost": 45479.59,
                              "Total Cost": 45479.59,
                              "Plan Rows": 128992,
                              "Plan Width": 4,
                              "Actual Startup Time": 130.178,
                              "Actual Total Time": 130.179,
                              "Actual Rows": 97739,
                              "Actual Loops": 4,
                              "Hash Buckets": 524288,
                              "Original Hash Buckets": 524288,
                              "Hash Batches": 1,
                              "Original Hash Batches": 1,
                              "Peak Memory Usage": 19456,
                              "Plans": [
                                {
                                  "Node Type": "Seq Scan",
                                  "Parent Relationship": "Outer",
                                  "Parallel Aware": true,
                                  "Relation Name": "title",
                                  "Alias": "t",
                                  "Startup Cost": 0.0,
                                  "Total Cost": 45479.59,
                                  "Plan Rows": 128992,
                                  "Plan Width": 4,
                                  "Actual Startup Time": 40.481,
                                  "Actual Total Time": 97.421,
                                  "Actual Rows": 97739,
                                  "Actual Loops": 4,
                                  "Filter": "((production_year > 1978) AND (kind_id = 1))",
                                  "Rows Removed by Filter": 534339
                                }
                              ]
                            }
                          ]
                        }
                      ]
                    }
                  ]
                }
              ]
            }
          ]
        }
      ]
    },
    "Planning Time": 0.67,
    "Triggers": [],
    "Execution Time": 452.611
  }
]