[
  {
    "Plan": {
      "Node Type": "Aggregate",
      "Strategy": "Plain",
      "Partial Mode": "Finalize",
      "Parallel Aware": false,
      "Startup Cost": 338535.21,
      "Total Cost": 338535.22,
      "Plan Rows": 1,
      "Plan Width": 8,
      "Actual Startup Time": 772.771,
      "Actual Total Time": 825.664,
      "Actual Rows": 1,
      "Actual Loops": 1,
      "Plans": [
        {
          "Node Type": "Gather",
          "Parent Relationship": "Outer",
          "Parallel Aware": false,
          "Startup Cost": 338534.58,
          "Total Cost": 338535.19,
          "Plan Rows": 6,
          "Plan Width": 8,
          "Actual Startup Time": 772.661,
          "Actual Total Time": 825.654,
          "Actual Rows": 7,
          "Actual Loops": 1,
          "Workers Planned": 6,
          "Workers Launched": 6,
          "Single Copy": false,
          "Plans": [
            {
              "Node Type": "Aggregate",
              "Strategy": "Plain",
              "Partial Mode": "Partial",
              "Parent Relationship": "Outer",
              "Parallel Aware": false,
              "Startup Cost": 337534.58,
              "Total Cost": 337534.59,
              "Plan Rows": 1,
              "Plan Width": 8,
              "Actual Startup Time": 764.015,
              "Actual Total Time": 764.016,
              "Actual Rows": 1,
              "Actual Loops": 7,
              "Plans": [
                {
                  "Node Type": "Seq Scan",
                  "Parent Relationship": "Outer",
                  "Parallel Aware": true,
                  "Relation Name": "cast_info",
                  "Alias": "ci",
                  "Startup Cost": 0.0,
                  "Total Cost": 328162.03,
                  "Plan Rows": 3749022,
                  "Plan Width": 0,
                  "Actual Startup Time": 155.606,
                  "Actual Total Time": 623.406,
                  "Actual Rows": 3212534,
                  "Actual Loops": 7,
                  "Filter": "(person_id > 1354941)",
                  "Rows Removed by Filter": 1965230
                }
              ]
            }
          ]
        }
      ]
    },
    "Planning Time": 0.193,
    "Triggers": [],
    "Execution Time": 825.734
  }
]