[
  {
    "Plan": {
      "Node Type": "Aggregate",
      "Strategy": "Plain",
      "Partial Mode": "Finalize",
      "Parallel Aware": false,
      "Startup Cost": 44322.62,
      "Total Cost": 44322.63,
      "Plan Rows": 1,
      "Plan Width": 8,
      "Actual Startup Time": 140.913,
      "Actual Total Time": 149.112,
      "Actual Rows": 1,
      "Actual Loops": 1,
      "Plans": [
        {
          "Node Type": "Gather",
          "Parent Relationship": "Outer",
          "Parallel Aware": false,
          "Startup Cost": 44322.3,
          "Total Cost": 44322.61,
          "Plan Rows": 3,
          "Plan Width": 8,
          "Actual Startup Time": 140.795,
          "Actual Total Time": 149.102,
          "Actual Rows": 4,
          "Actual Loops": 1,
          "Workers Planned": 3,
          "Workers Launched": 3,
          "Single Copy": false,
          "Plans": [
            {
              "Node Type": "Aggregate",
              "Strategy": "Plain",
              "Partial Mode": "Partial",
              "Parent Relationship": "Outer",
              "Parallel Aware": false,
              "Startup Cost": 43322.3,
              "Total Cost": 43322.31,
              "Plan Rows": 1,
              "Plan Width": 8,
              "Actual Startup Time": 134.529,
              "Actual Total Time": 134.53,
              "Actual Rows": 1,
              "Actual Loops": 4,
              "Plans": [
                {
                  "Node Type": "Seq Scan",
                  "Parent Relationship": "Outer",
                  "Parallel Aware": true,
                  "Relation Name": "movie_keyword",
                  "Alias": "mk",
                  "Startup Cost": 0.0,
                  "Total Cost": 42695.65,
                  "Plan Rows": 250660,
                  "Plan Width": 0,
                  "Actual Startup Time": 5.127,
                  "Actual Total Time": 121.772,
                  "Actual Rows": 191978,
                  "Actual Loops": 4,
                  "Filter": "(keyword_id > 24382)",
                  "Rows Removed by Filter": 939004
                }
              ]
            }
          ]
        }
      ]
    },
    "Planning Time": 0.176,
    "Triggers": [],
    "Execution Time": 149.162
  }
]