[
    {
        "Bao": {
            "Bao prediction": "NaN",
            "Bao recommended hint": "(no hint)"
        }
    },
    {
        "Plan": {
            "Node Type": "Aggregate",
            "Strategy": "Plain",
            "Partial Mode": "Finalize",
            "Parallel Aware": false,
            "Startup Cost": 24009.29,
            "Total Cost": 24009.3,
            "Plan Rows": 1,
            "Plan Width": 8,
            "Actual Startup Time": 35.82,
            "Actual Total Time": 39.443,
            "Actual Rows": 1,
            "Actual Loops": 1,
            "Output": [
                "count(*)"
            ],
            "Plans": [
                {
                    "Node Type": "Gather",
                    "Parent Relationship": "Outer",
                    "Parallel Aware": false,
                    "Startup Cost": 24008.97,
                    "Total Cost": 24009.28,
                    "Plan Rows": 3,
                    "Plan Width": 8,
                    "Actual Startup Time": 35.668,
                    "Actual Total Time": 39.436,
                    "Actual Rows": 4,
                    "Actual Loops": 1,
                    "Output": [
                        "(PARTIAL count(*))"
                    ],
                    "Workers Planned": 3,
                    "Workers Launched": 3,
                    "Single Copy": false,
                    "Plans": [
                        {
                            "Node Type": "Aggregate",
                            "Strategy": "Plain",
                            "Partial Mode": "Partial",
                            "Parent Relationship": "Outer",
                            "Parallel Aware": false,
                            "Startup Cost": 23008.97,
                            "Total Cost": 23008.98,
                            "Plan Rows": 1,
                            "Plan Width": 8,
                            "Actual Startup Time": 27.291,
                            "Actual Total Time": 27.292,
                            "Actual Rows": 1,
                            "Actual Loops": 4,
                            "Output": [
                                "PARTIAL count(*)"
                            ],
                            "Workers": [
                                {
                                    "Worker Number": 0,
                                    "Actual Startup Time": 24.227,
                                    "Actual Total Time": 24.228,
                                    "Actual Rows": 1,
                                    "Actual Loops": 1
                                },
                                {
                                    "Worker Number": 1,
                                    "Actual Startup Time": 24.592,
                                    "Actual Total Time": 24.594,
                                    "Actual Rows": 1,
                                    "Actual Loops": 1
                                },
                                {
                                    "Worker Number": 2,
                                    "Actual Startup Time": 24.924,
                                    "Actual Total Time": 24.925,
                                    "Actual Rows": 1,
                                    "Actual Loops": 1
                                }
                            ],
                            "Plans": [
                                {
                                    "Node Type": "Bitmap Heap Scan",
                                    "Parent Relationship": "Outer",
                                    "Parallel Aware": true,
                                    "Relation Name": "movie_companies",
                                    "Schema": "public",
                                    "Alias": "mc",
                                    "Startup Cost": 3392.79,
                                    "Total Cost": 22944.27,
                                    "Plan Rows": 25882,
                                    "Plan Width": 0,
                                    "Actual Startup Time": 2.406,
                                    "Actual Total Time": 24.601,
                                    "Actual Rows": 39976,
                                    "Actual Loops": 4,
                                    "Recheck Cond": "(mc.company_id > 127842)",
                                    "Rows Removed by Index Recheck": 0,
                                    "Filter": "(mc.company_type_id > 1)",
                                    "Rows Removed by Filter": 0,
                                    "Exact Heap Blocks": 2504,
                                    "Lossy Heap Blocks": 0,
                                    "Workers": [
                                        {
                                            "Worker Number": 0,
                                            "Actual Startup Time": 0.131,
                                            "Actual Total Time": 21.989,
                                            "Actual Rows": 20427,
                                            "Actual Loops": 1
                                        },
                                        {
                                            "Worker Number": 1,
                                            "Actual Startup Time": 0.175,
                                            "Actual Total Time": 22.275,
                                            "Actual Rows": 22011,
                                            "Actual Loops": 1
                                        },
                                        {
                                            "Worker Number": 2,
                                            "Actual Startup Time": 0.16,
                                            "Actual Total Time": 22.647,
                                            "Actual Rows": 18203,
                                            "Actual Loops": 1
                                        }
                                    ],
                                    "Plans": [
                                        {
                                            "Node Type": "Bitmap Index Scan",
                                            "Parent Relationship": "Outer",
                                            "Parallel Aware": false,
                                            "Index Name": "company_id_movie_companies",
                                            "Startup Cost": 0.0,
                                            "Total Cost": 3372.73,
                                            "Plan Rows": 157373,
                                            "Plan Width": 0,
                                            "Actual Startup Time": 8.442,
                                            "Actual Total Time": 8.442,
                                            "Actual Rows": 159903,
                                            "Actual Loops": 1,
                                            "Index Cond": "(mc.company_id > 127842)"
                                        }
                                    ]
                                }
                            ]
                        }
                    ]
                }
            ]
        },
        "Planning Time": 201.246,
        "Triggers": [],
        "Execution Time": 39.497
    }
]