[
  {
    "Plan": {
      "Node Type": "Aggregate",
      "Strategy": "Plain",
      "Partial Mode": "Finalize",
      "Parallel Aware": false,
      "Startup Cost": 44640.62,
      "Total Cost": 44640.63,
      "Plan Rows": 1,
      "Plan Width": 8,
      "Actual Startup Time": 171.152,
      "Actual Total Time": 183.404,
      "Actual Rows": 1,
      "Actual Loops": 1,
      "Plans": [
        {
          "Node Type": "Gather",
          "Parent Relationship": "Outer",
          "Parallel Aware": false,
          "Startup Cost": 44640.3,
          "Total Cost": 44640.61,
          "Plan Rows": 3,
          "Plan Width": 8,
          "Actual Startup Time": 171.01,
          "Actual Total Time": 183.391,
          "Actual Rows": 4,
          "Actual Loops": 1,
          "Workers Planned": 3,
          "Workers Launched": 3,
          "Single Copy": false,
          "Plans": [
            {
              "Node Type": "Aggregate",
              "Strategy": "Plain",
              "Partial Mode": "Partial",
              "Parent Relationship": "Outer",
              "Parallel Aware": false,
              "Startup Cost": 43640.3,
              "Total Cost": 43640.31,
              "Plan Rows": 1,
              "Plan Width": 8,
              "Actual Startup Time": 162.432,
              "Actual Total Time": 162.434,
              "Actual Rows": 1,
              "Actual Loops": 4,
              "Plans": [
                {
                  "Node Type": "Seq Scan",
                  "Parent Relationship": "Outer",
                  "Parallel Aware": true,
                  "Relation Name": "movie_keyword",
                  "Alias": "mk",
                  "Startup Cost": 0.0,
                  "Total Cost": 42695.65,
                  "Plan Rows": 377860,
                  "Plan Width": 0,
                  "Actual Startup Time": 3.087,
                  "Actual Total Time": 141.055,
                  "Actual Rows": 295136,
                  "Actual Loops": 4,
                  "Filter": "(keyword_id > 15788)",
                  "Rows Removed by Filter": 835846
                }
              ]
            }
          ]
        }
      ]
    },
    "Planning Time": 0.189,
    "Triggers": [],
    "Execution Time": 183.472
  }
]