{
  "Plan": {
    "Node Type": "Aggregate",
    "Strategy": "Plain",
    "Partial Mode": "Finalize",
    "Parallel Aware": false,
    "Startup Cost": 36284.27,
    "Total Cost": 36284.28,
    "Plan Rows": 1,
    "Plan Width": 8,
    "Actual Startup Time": 68.117,
    "Actual Total Time": 79.115,
    "Actual Rows": 1,
    "Actual Loops": 1,
    "Plans": [
      {
        "Node Type": "Gather",
        "Parent Relationship": "Outer",
        "Parallel Aware": false,
        "Startup Cost": 36284.16,
        "Total Cost": 36284.27,
        "Plan Rows": 1,
        "Plan Width": 8,
        "Actual Startup Time": 68.014,
        "Actual Total Time": 79.109,
        "Actual Rows": 2,
        "Actual Loops": 1,
        "Workers Planned": 1,
        "Workers Launched": 1,
        "Single Copy": false,
        "Plans": [
          {
            "Node Type": "Aggregate",
            "Strategy": "Plain",
            "Partial Mode": "Partial",
            "Parent Relationship": "Outer",
            "Parallel Aware": false,
            "Startup Cost": 35284.16,
            "Total Cost": 35284.17,
            "Plan Rows": 1,
            "Plan Width": 8,
            "Actual Startup Time": 61.623,
            "Actual Total Time": 61.625,
            "Actual Rows": 1,
            "Actual Loops": 2,
            "Plans": [
              {
                "Node Type": "Nested Loop",
                "Parent Relationship": "Outer",
                "Parallel Aware": false,
                "Join Type": "Inner",
                "Startup Cost": 105.01,
                "Total Cost": 35282.02,
                "Plan Rows": 854,
                "Plan Width": 0,
                "Actual Startup Time": 5.834,
                "Actual Total Time": 61.581,
                "Actual Rows": 208,
                "Actual Loops": 2,
                "Inner Unique": false,
                "Plans": [
                  {
                    "Node Type": "Nested Loop",
                    "Parent Relationship": "Outer",
                    "Parallel Aware": false,
                    "Join Type": "Inner",
                    "Startup Cost": 104.58,
                    "Total Cost": 30844.03,
                    "Plan Rows": 2711,
                    "Plan Width": 8,
                    "Actual Startup Time": 2.401,
                    "Actual Total Time": 20.446,
                    "Actual Rows": 2090,
                    "Actual Loops": 2,
                    "Inner Unique": true,
                    "Plans": [
                      {
                        "Node Type": "Bitmap Heap Scan",
                        "Parent Relationship": "Outer",
                        "Parallel Aware": true,
                        "Relation Name": "movie_companies",
                        "Alias": "mc",
                        "Startup Cost": 104.15,
                        "Total Cost": 10803.85,
                        "Plan Rows": 2711,
                        "Plan Width": 4,
                        "Actual Startup Time": 2.231,
                        "Actual Total Time": 6.193,
                        "Actual Rows": 2090,
                        "Actual Loops": 2,
                        "Recheck Cond": "(company_id = 11138)",
                        "Rows Removed by Index Recheck": 0,
                        "Exact Heap Blocks": 1703,
                        "Lossy Heap Blocks": 0,
                        "Plans": [
                          {
                            "Node Type": "Bitmap Index Scan",
                            "Parent Relationship": "Outer",
                            "Parallel Aware": false,
                            "Index Name": "company_id_movie_companies",
                            "Startup Cost": 0.0,
                            "Total Cost": 103.0,
                            "Plan Rows": 4609,
                            "Plan Width": 0,
                            "Actual Startup Time": 3.218,
                            "Actual Total Time": 3.218,
                            "Actual Rows": 4181,
                            "Actual Loops": 1,
                            "Index Cond": "(company_id = 11138)"
                          }
                        ]
                      },
                      {
                        "Node Type": "Index Only Scan",
                        "Parent Relationship": "Inner",
                        "Parallel Aware": false,
                        "Scan Direction": "Forward",
                        "Index Name": "title_pkey",
                        "Relation Name": "title",
                        "Alias": "t",
                        "Startup Cost": 0.43,
                        "Total Cost": 7.39,
                        "Plan Rows": 1,
                        "Plan Width": 4,
                        "Actual Startup Time": 0.006,
                        "Actual Total Time": 0.006,
                        "Actual Rows": 1,
                        "Actual Loops": 4181,
                        "Index Cond": "(id = mc.movie_id)",
                        "Rows Removed by Index Recheck": 0,
                        "Heap Fetches": 4181
                      }
                    ]
                  },
                  {
                    "Node Type": "Index Scan",
                    "Parent Relationship": "Inner",
                    "Parallel Aware": false,
                    "Scan Direction": "Forward",
                    "Index Name": "movie_id_movie_info",
                    "Relation Name": "movie_info",
                    "Alias": "mi",
                    "Startup Cost": 0.43,
                    "Total Cost": 1.62,
                    "Plan Rows": 2,
                    "Plan Width": 4,
                    "Actual Startup Time": 0.018,
                    "Actual Total Time": 0.019,
                    "Actual Rows": 0,
                    "Actual Loops": 4181,
                    "Index Cond": "(movie_id = t.id)",
                    "Rows Removed by Index Recheck": 0,
                    "Filter": "(info_type_id < 2)",
                    "Rows Removed by Filter": 12
                  }
                ]
              }
            ]
          }
        ]
      }
    ]
  },
  "Planning Time": 0.867,
  "Triggers": [],
  "Execution Time": 79.21
}