[
  {
    "Plan": {
      "Node Type": "Aggregate",
      "Strategy": "Plain",
      "Partial Mode": "Finalize",
      "Parallel Aware": false,
      "Startup Cost": 312750.72,
      "Total Cost": 312750.73,
      "Plan Rows": 1,
      "Plan Width": 8,
      "Actual Startup Time": 217.191,
      "Actual Total Time": 225.738,
      "Actual Rows": 1,
      "Actual Loops": 1,
      "Plans": [
        {
          "Node Type": "Gather",
          "Parent Relationship": "Outer",
          "Parallel Aware": false,
          "Startup Cost": 312750.09,
          "Total Cost": 312750.7,
          "Plan Rows": 6,
          "Plan Width": 8,
          "Actual Startup Time": 216.66,
          "Actual Total Time": 225.73,
          "Actual Rows": 7,
          "Actual Loops": 1,
          "Workers Planned": 6,
          "Workers Launched": 6,
          "Single Copy": false,
          "Plans": [
            {
              "Node Type": "Aggregate",
              "Strategy": "Plain",
              "Partial Mode": "Partial",
              "Parent Relationship": "Outer",
              "Parallel Aware": false,
              "Startup Cost": 311750.09,
              "Total Cost": 311750.1,
              "Plan Rows": 1,
              "Plan Width": 8,
              "Actual Startup Time": 207.608,
              "Actual Total Time": 207.609,
              "Actual Rows": 1,
              "Actual Loops": 7,
              "Plans": [
                {
                  "Node Type": "Bitmap Heap Scan",
                  "Parent Relationship": "Outer",
                  "Parallel Aware": true,
                  "Relation Name": "cast_info",
                  "Alias": "ci",
                  "Startup Cost": 53057.6,
                  "Total Cost": 310749.18,
                  "Plan Rows": 400366,
                  "Plan Width": 0,
                  "Actual Startup Time": 106.18,
                  "Actual Total Time": 188.903,
                  "Actual Rows": 346558,
                  "Actual Loops": 7,
                  "Recheck Cond": "(person_id < 235555)",
                  "Rows Removed by Index Recheck": 0,
                  "Exact Heap Blocks": 5966,
                  "Lossy Heap Blocks": 0,
                  "Plans": [
                    {
                      "Node Type": "Bitmap Index Scan",
                      "Parent Relationship": "Outer",
                      "Parallel Aware": false,
                      "Index Name": "person_id_cast_info",
                      "Startup Cost": 0.0,
                      "Total Cost": 52457.05,
                      "Plan Rows": 2402198,
                      "Plan Width": 0,
                      "Actual Startup Time": 110.082,
                      "Actual Total Time": 110.083,
                      "Actual Rows": 2425905,
                      "Actual Loops": 1,
                      "Index Cond": "(person_id < 235555)"
                    }
                  ]
                }
              ]
            }
          ]
        }
      ]
    },
    "Planning Time": 0.208,
    "Triggers": [],
    "Execution Time": 225.816
  }
]