[
  {
    "Plan": {
      "Node Type": "Aggregate",
      "Strategy": "Plain",
      "Partial Mode": "Finalize",
      "Parallel Aware": false,
      "Startup Cost": 30972.17,
      "Total Cost": 30972.18,
      "Plan Rows": 1,
      "Plan Width": 8,
      "Actual Startup Time": 91.851,
      "Actual Total Time": 99.172,
      "Actual Rows": 1,
      "Actual Loops": 1,
      "Plans": [
        {
          "Node Type": "Gather",
          "Parent Relationship": "Outer",
          "Parallel Aware": false,
          "Startup Cost": 30971.85,
          "Total Cost": 30972.16,
          "Plan Rows": 3,
          "Plan Width": 8,
          "Actual Startup Time": 91.584,
          "Actual Total Time": 99.164,
          "Actual Rows": 4,
          "Actual Loops": 1,
          "Workers Planned": 3,
          "Workers Launched": 3,
          "Single Copy": false,
          "Plans": [
            {
              "Node Type": "Aggregate",
              "Strategy": "Plain",
              "Partial Mode": "Partial",
              "Parent Relationship": "Outer",
              "Parallel Aware": false,
              "Startup Cost": 29971.85,
              "Total Cost": 29971.86,
              "Plan Rows": 1,
              "Plan Width": 8,
              "Actual Startup Time": 87.522,
              "Actual Total Time": 87.524,
              "Actual Rows": 1,
              "Actual Loops": 4,
              "Plans": [
                {
                  "Node Type": "Bitmap Heap Scan",
                  "Parent Relationship": "Outer",
                  "Parallel Aware": true,
                  "Relation Name": "movie_keyword",
                  "Alias": "mk",
                  "Startup Cost": 4493.35,
                  "Total Cost": 29801.1,
                  "Plan Rows": 68300,
                  "Plan Width": 0,
                  "Actual Startup Time": 33.667,
                  "Actual Total Time": 83.981,
                  "Actual Rows": 53761,
                  "Actual Loops": 4,
                  "Recheck Cond": "(keyword_id > 65555)",
                  "Rows Removed by Index Recheck": 0,
                  "Exact Heap Blocks": 11693,
                  "Lossy Heap Blocks": 0,
                  "Plans": [
                    {
                      "Node Type": "Bitmap Index Scan",
                      "Parent Relationship": "Outer",
                      "Parallel Aware": false,
                      "Index Name": "keyword_id_movie_keyword",
                      "Startup Cost": 0.0,
                      "Total Cost": 4440.41,
                      "Plan Rows": 211731,
                      "Plan Width": 0,
                      "Actual Startup Time": 32.666,
                      "Actual Total Time": 32.666,
                      "Actual Rows": 215044,
                      "Actual Loops": 1,
                      "Index Cond": "(keyword_id > 65555)"
                    }
                  ]
                }
              ]
            }
          ]
        }
      ]
    },
    "Planning Time": 0.154,
    "Triggers": [],
    "Execution Time": 99.236
  }
]