[
    {
        "Bao": {
            "Bao prediction": 740.252,
            "Bao recommended hint": "(no hint)"
        }
    },
    {
        "Plan": {
            "Node Type": "Aggregate",
            "Strategy": "Plain",
            "Partial Mode": "Finalize",
            "Parallel Aware": false,
            "Startup Cost": 90119.71,
            "Total Cost": 90119.72,
            "Plan Rows": 1,
            "Plan Width": 8,
            "Actual Startup Time": 462.93,
            "Actual Total Time": 478.576,
            "Actual Rows": 1,
            "Actual Loops": 1,
            "Output": [
                "count(*)"
            ],
            "Plans": [
                {
                    "Node Type": "Gather",
                    "Parent Relationship": "Outer",
                    "Parallel Aware": false,
                    "Startup Cost": 90119.39,
                    "Total Cost": 90119.7,
                    "Plan Rows": 3,
                    "Plan Width": 8,
                    "Actual Startup Time": 461.152,
                    "Actual Total Time": 478.566,
                    "Actual Rows": 4,
                    "Actual Loops": 1,
                    "Output": [
                        "(PARTIAL count(*))"
                    ],
                    "Workers Planned": 3,
                    "Workers Launched": 3,
                    "Single Copy": false,
                    "Plans": [
                        {
                            "Node Type": "Aggregate",
                            "Strategy": "Plain",
                            "Partial Mode": "Partial",
                            "Parent Relationship": "Outer",
                            "Parallel Aware": false,
                            "Startup Cost": 89119.39,
                            "Total Cost": 89119.4,
                            "Plan Rows": 1,
                            "Plan Width": 8,
                            "Actual Startup Time": 453.062,
                            "Actual Total Time": 453.066,
                            "Actual Rows": 1,
                            "Actual Loops": 4,
                            "Output": [
                                "PARTIAL count(*)"
                            ],
                            "Workers": [
                                {
                                    "Worker Number": 0,
                                    "Actual Startup Time": 450.496,
                                    "Actual Total Time": 450.499,
                                    "Actual Rows": 1,
                                    "Actual Loops": 1
                                },
                                {
                                    "Worker Number": 1,
                                    "Actual Startup Time": 450.324,
                                    "Actual Total Time": 450.328,
                                    "Actual Rows": 1,
                                    "Actual Loops": 1
                                },
                                {
                                    "Worker Number": 2,
                                    "Actual Startup Time": 450.94,
                                    "Actual Total Time": 450.944,
                                    "Actual Rows": 1,
                                    "Actual Loops": 1
                                }
                            ],
                            "Plans": [
                                {
                                    "Node Type": "Hash Join",
                                    "Parent Relationship": "Outer",
                                    "Parallel Aware": true,
                                    "Join Type": "Inner",
                                    "Startup Cost": 46000.57,
                                    "Total Cost": 88878.65,
                                    "Plan Rows": 96297,
                                    "Plan Width": 0,
                                    "Actual Startup Time": 151.164,
                                    "Actual Total Time": 437.431,
                                    "Actual Rows": 247953,
                                    "Actual Loops": 4,
                                    "Inner Unique": true,
                                    "Hash Cond": "(mk.movie_id = t.id)",
                                    "Workers": [
                                        {
                                            "Worker Number": 0,
                                            "Actual Startup Time": 148.418,
                                            "Actual Total Time": 435.408,
                                            "Actual Rows": 239516,
                                            "Actual Loops": 1
                                        },
                                        {
                                            "Worker Number": 1,
                                            "Actual Startup Time": 148.515,
                                            "Actual Total Time": 434.826,
                                            "Actual Rows": 246335,
                                            "Actual Loops": 1
                                        },
                                        {
                                            "Worker Number": 2,
                                            "Actual Startup Time": 149.031,
                                            "Actual Total Time": 435.525,
                                            "Actual Rows": 244445,
                                            "Actual Loops": 1
                                        }
                                    ],
                                    "Plans": [
                                        {
                                            "Node Type": "Seq Scan",
                                            "Parent Relationship": "Outer",
                                            "Parallel Aware": true,
                                            "Relation Name": "movie_keyword",
                                            "Schema": "public",
                                            "Alias": "mk",
                                            "Startup Cost": 0.0,
                                            "Total Cost": 39047.32,
                                            "Plan Rows": 1459332,
                                            "Plan Width": 4,
                                            "Actual Startup Time": 0.012,
                                            "Actual Total Time": 121.681,
                                            "Actual Rows": 1130982,
                                            "Actual Loops": 4,
                                            "Output": [
                                                "mk.id",
                                                "mk.movie_id",
                                                "mk.keyword_id"
                                            ],
                                            "Workers": [
                                                {
                                                    "Worker Number": 0,
                                                    "Actual Startup Time": 0.013,
                                                    "Actual Total Time": 124.896,
                                                    "Actual Rows": 1111665,
                                                    "Actual Loops": 1
                                                },
                                                {
                                                    "Worker Number": 1,
                                                    "Actual Startup Time": 0.013,
                                                    "Actual Total Time": 124.192,
                                                    "Actual Rows": 1105375,
                                                    "Actual Loops": 1
                                                },
                                                {
                                                    "Worker Number": 2,
                                                    "Actual Startup Time": 0.012,
                                                    "Actual Total Time": 123.369,
                                                    "Actual Rows": 1101490,
                                                    "Actual Loops": 1
                                                }
                                            ]
                                        },
                                        {
                                            "Node Type": "Hash",
                                            "Parent Relationship": "Inner",
                                            "Parallel Aware": true,
                                            "Startup Cost": 45479.21,
                                            "Total Cost": 45479.21,
                                            "Plan Rows": 41709,
                                            "Plan Width": 4,
                                            "Actual Startup Time": 148.637,
                                            "Actual Total Time": 148.639,
                                            "Actual Rows": 67456,
                                            "Actual Loops": 4,
                                            "Output": [
                                                "t.id"
                                            ],
                                            "Hash Buckets": 524288,
                                            "Original Hash Buckets": 262144,
                                            "Hash Batches": 1,
                                            "Original Hash Batches": 1,
                                            "Peak Memory Usage": 16768,
                                            "Workers": [
                                                {
                                                    "Worker Number": 0,
                                                    "Actual Startup Time": 147.563,
                                                    "Actual Total Time": 147.564,
                                                    "Actual Rows": 64113,
                                                    "Actual Loops": 1
                                                },
                                                {
                                                    "Worker Number": 1,
                                                    "Actual Startup Time": 147.582,
                                                    "Actual Total Time": 147.584,
                                                    "Actual Rows": 64137,
                                                    "Actual Loops": 1
                                                },
                                                {
                                                    "Worker Number": 2,
                                                    "Actual Startup Time": 148.312,
                                                    "Actual Total Time": 148.313,
                                                    "Actual Rows": 62334,
                                                    "Actual Loops": 1
                                                }
                                            ],
                                            "Plans": [
                                                {
                                                    "Node Type": "Seq Scan",
                                                    "Parent Relationship": "Outer",
                                                    "Parallel Aware": true,
                                                    "Relation Name": "title",
                                                    "Schema": "public",
                                                    "Alias": "t",
                                                    "Startup Cost": 0.0,
                                                    "Total Cost": 45479.21,
                                                    "Plan Rows": 41709,
                                                    "Plan Width": 4,
                                                    "Actual Startup Time": 0.178,
                                                    "Actual Total Time": 114.118,
                                                    "Actual Rows": 67456,
                                                    "Actual Loops": 4,
                                                    "Output": [
                                                        "t.id"
                                                    ],
                                                    "Filter": "((t.kind_id < 6) AND (t.production_year < 1974))",
                                                    "Rows Removed by Filter": 564622,
                                                    "Workers": [
                                                        {
                                                            "Worker Number": 0,
                                                            "Actual Startup Time": 0.314,
                                                            "Actual Total Time": 113.917,
                                                            "Actual Rows": 64113,
                                                            "Actual Loops": 1
                                                        },
                                                        {
                                                            "Worker Number": 1,
                                                            "Actual Startup Time": 0.195,
                                                            "Actual Total Time": 113.829,
                                                            "Actual Rows": 64137,
                                                            "Actual Loops": 1
                                                        },
                                                        {
                                                            "Worker Number": 2,
                                                            "Actual Startup Time": 0.048,
                                                            "Actual Total Time": 113.461,
                                                            "Actual Rows": 62334,
                                                            "Actual Loops": 1
                                                        }
                                                    ]
                                                }
                                            ]
                                        }
                                    ]
                                }
                            ]
                        }
                    ]
                }
            ]
        },
        "Planning Time": 2135.19,
        "Triggers": [],
        "Execution Time": 478.69
    }
]