[
  {
    "Plan": {
      "Node Type": "Aggregate",
      "Strategy": "Plain",
      "Partial Mode": "Finalize",
      "Parallel Aware": false,
      "Startup Cost": 346449.63,
      "Total Cost": 346449.64,
      "Plan Rows": 1,
      "Plan Width": 8,
      "Actual Startup Time": 605.512,
      "Actual Total Time": 661.472,
      "Actual Rows": 1,
      "Actual Loops": 1,
      "Plans": [
        {
          "Node Type": "Gather",
          "Parent Relationship": "Outer",
          "Parallel Aware": false,
          "Startup Cost": 346449.0,
          "Total Cost": 346449.61,
          "Plan Rows": 6,
          "Plan Width": 8,
          "Actual Startup Time": 605.337,
          "Actual Total Time": 661.463,
          "Actual Rows": 7,
          "Actual Loops": 1,
          "Workers Planned": 6,
          "Workers Launched": 6,
          "Single Copy": false,
          "Plans": [
            {
              "Node Type": "Aggregate",
              "Strategy": "Plain",
              "Partial Mode": "Partial",
              "Parent Relationship": "Outer",
              "Parallel Aware": false,
              "Startup Cost": 345449.0,
              "Total Cost": 345449.01,
              "Plan Rows": 1,
              "Plan Width": 8,
              "Actual Startup Time": 596.804,
              "Actual Total Time": 596.805,
              "Actual Rows": 1,
              "Actual Loops": 7,
              "Plans": [
                {
                  "Node Type": "Seq Scan",
                  "Parent Relationship": "Outer",
                  "Parallel Aware": true,
                  "Relation Name": "cast_info",
                  "Alias": "ci",
                  "Startup Cost": 0.0,
                  "Total Cost": 343257.03,
                  "Plan Rows": 876789,
                  "Plan Width": 0,
                  "Actual Startup Time": 213.753,
                  "Actual Total Time": 582.989,
                  "Actual Rows": 325152,
                  "Actual Loops": 7,
                  "Filter": "((person_id < 799707) AND (role_id > 1))",
                  "Rows Removed by Filter": 4852611
                }
              ]
            }
          ]
        }
      ]
    },
    "Planning Time": 0.141,
    "Triggers": [],
    "Execution Time": 661.582
  }
]