{
  "Plan": {
    "Node Type": "Aggregate",
    "Strategy": "Plain",
    "Partial Mode": "Simple",
    "Parallel Aware": false,
    "Startup Cost": 1190590.67,
    "Total Cost": 1190590.68,
    "Plan Rows": 1,
    "Plan Width": 128,
    "Actual Startup Time": 4558.707,
    "Actual Total Time": 4663.153,
    "Actual Rows": 1,
    "Actual Loops": 1,
    "Plans": [
      {
        "Node Type": "Gather",
        "Parent Relationship": "Outer",
        "Parallel Aware": false,
        "Startup Cost": 1101270.82,
        "Total Cost": 1190590.66,
        "Plan Rows": 1,
        "Plan Width": 81,
        "Actual Startup Time": 4228.603,
        "Actual Total Time": 4662.713,
        "Actual Rows": 2825,
        "Actual Loops": 1,
        "Workers Planned": 1,
        "Workers Launched": 1,
        "Single Copy": false,
        "Plans": [
          {
            "Node Type": "Hash Join",
            "Parent Relationship": "Outer",
            "Parallel Aware": true,
            "Join Type": "Inner",
            "Startup Cost": 1100270.82,
            "Total Cost": 1189590.56,
            "Plan Rows": 1,
            "Plan Width": 81,
            "Actual Startup Time": 4220.777,
            "Actual Total Time": 4549.666,
            "Actual Rows": 1412,
            "Actual Loops": 2,
            "Inner Unique": false,
            "Hash Cond": "(n.id = ci.person_id)",
            "Plans": [
              {
                "Node Type": "Seq Scan",
                "Parent Relationship": "Outer",
                "Parallel Aware": true,
                "Relation Name": "name",
                "Alias": "n",
                "Startup Cost": 0.0,
                "Total Cost": 80126.98,
                "Plan Rows": 2451398,
                "Plan Width": 19,
                "Actual Startup Time": 0.008,
                "Actual Total Time": 182.406,
                "Actual Rows": 2083746,
                "Actual Loops": 2
              },
              {
                "Node Type": "Hash",
                "Parent Relationship": "Inner",
                "Parallel Aware": true,
                "Startup Cost": 1100270.81,
                "Total Cost": 1100270.81,
                "Plan Rows": 1,
                "Plan Width": 70,
                "Actual Startup Time": 4218.025,
                "Actual Total Time": 4218.049,
                "Actual Rows": 1412,
                "Actual Loops": 2,
                "Hash Buckets": 2048,
                "Original Hash Buckets": 1024,
                "Hash Batches": 1,
                "Original Hash Batches": 1,
                "Peak Memory Usage": 216,
                "Plans": [
                  {
                    "Node Type": "Hash Join",
                    "Parent Relationship": "Outer",
                    "Parallel Aware": true,
                    "Join Type": "Inner",
                    "Startup Cost": 1043821.62,
                    "Total Cost": 1100270.81,
                    "Plan Rows": 1,
                    "Plan Width": 70,
                    "Actual Startup Time": 4124.218,
                    "Actual Total Time": 4216.297,
                    "Actual Rows": 1412,
                    "Actual Loops": 2,
                    "Inner Unique": false,
                    "Hash Cond": "(t.id = ci.movie_id)",
                    "Plans": [
                      {
                        "Node Type": "Seq Scan",
                        "Parent Relationship": "Outer",
                        "Parallel Aware": true,
                        "Relation Name": "title",
                        "Alias": "t",
                        "Startup Cost": 0.0,
                        "Total Cost": 50871.58,
                        "Plan Rows": 1487358,
                        "Plan Width": 21,
                        "Actual Startup Time": 0.007,
                        "Actual Total Time": 113.331,
                        "Actual Rows": 1264156,
                        "Actual Loops": 2
                      },
                      {
                        "Node Type": "Hash",
                        "Parent Relationship": "Inner",
                        "Parallel Aware": true,
                        "Startup Cost": 1043821.61,
                        "Total Cost": 1043821.61,
                        "Plan Rows": 1,
                        "Plan Width": 73,
                        "Actual Startup Time": 4020.884,
                        "Actual Total Time": 4020.906,
                        "Actual Rows": 1412,
                        "Actual Loops": 2,
                        "Hash Buckets": 4096,
                        "Original Hash Buckets": 1024,
                        "Hash Batches": 1,
                        "Original Hash Batches": 1,
                        "Peak Memory Usage": 312,
                        "Plans": [
                          {
                            "Node Type": "Hash Join",
                            "Parent Relationship": "Outer",
                            "Parallel Aware": false,
                            "Join Type": "Inner",
                            "Startup Cost": 982776.96,
                            "Total Cost": 1043821.61,
                            "Plan Rows": 1,
                            "Plan Width": 73,
                            "Actual Startup Time": 3748.032,
                            "Actual Total Time": 4003.05,
                            "Actual Rows": 1412,
                            "Actual Loops": 2,
                            "Inner Unique": true,
                            "Hash Cond": "(mk.keyword_id = k.id)",
                            "Plans": [
                              {
                                "Node Type": "Hash Join",
                                "Parent Relationship": "Outer",
                                "Parallel Aware": true,
                                "Join Type": "Inner",
                                "Startup Cost": 979312.19,
                                "Total Cost": 1040356.83,
                                "Plan Rows": 3,
                                "Plan Width": 77,
                                "Actual Startup Time": 3709.295,
                                "Actual Total Time": 3961.563,
                                "Actual Rows": 53703,
                                "Actual Loops": 2,
                                "Inner Unique": false,
                                "Hash Cond": "(mk.movie_id = ci.movie_id)",
                                "Plans": [
                                  {
                                    "Node Type": "Seq Scan",
                                    "Parent Relationship": "Outer",
                                    "Parallel Aware": true,
                                    "Relation Name": "movie_keyword",
                                    "Alias": "mk",
                                    "Startup Cost": 0.0,
                                    "Total Cost": 51065.35,
                                    "Plan Rows": 2661135,
                                    "Plan Width": 8,
                                    "Actual Startup Time": 0.009,
                                    "Actual Total Time": 147.842,
                                    "Actual Rows": 2261965,
                                    "Actual Loops": 2
                                  },
                                  {
                                    "Node Type": "Hash",
                                    "Parent Relationship": "Inner",
                                    "Parallel Aware": true,
                                    "Startup Cost": 979312.18,
                                    "Total Cost": 979312.18,
                                    "Plan Rows": 1,
                                    "Plan Width": 69,
                                    "Actual Startup Time": 3664.643,
                                    "Actual Total Time": 3664.659,
                                    "Actual Rows": 508,
                                    "Actual Loops": 2,
                                    "Hash Buckets": 1024,
                                    "Original Hash Buckets": 1024,
                                    "Hash Batches": 1,
                                    "Original Hash Batches": 1,
                                    "Peak Memory Usage": 136,
                                    "Plans": [
                                      {
                                        "Node Type": "Hash Join",
                                        "Parent Relationship": "Outer",
                                        "Parallel Aware": false,
                                        "Join Type": "Inner",
                                        "Startup Cost": 663843.64,
                                        "Total Cost": 979312.18,
                                        "Plan Rows": 1,
                                        "Plan Width": 69,
                                        "Actual Startup Time": 3536.775,
                                        "Actual Total Time": 3664.43,
                                        "Actual Rows": 508,
                                        "Actual Loops": 2,
                                        "Inner Unique": true,
                                        "Hash Cond": "(mi.info_type_id = it1.id)",
                                        "Plans": [
                                          {
                                            "Node Type": "Hash Join",
                                            "Parent Relationship": "Outer",
                                            "Parallel Aware": true,
                                            "Join Type": "Inner",
                                            "Startup Cost": 663841.22,
                                            "Total Cost": 979309.75,
                                            "Plan Rows": 1,
                                            "Plan Width": 73,
                                            "Actual Startup Time": 3242.801,
                                            "Actual Total Time": 3664.291,
                                            "Actual Rows": 538,
                                            "Actual Loops": 2,
                                            "Inner Unique": false,
                                            "Hash Cond": "(mi.movie_id = ci.movie_id)",
                                            "Plans": [
                                              {
                                                "Node Type": "Seq Scan",
                                                "Parent Relationship": "Outer",
                                                "Parallel Aware": true,
                                                "Relation Name": "movie_info",
                                                "Alias": "mi",
                                                "Startup Cost": 0.0,
                                                "Total Cost": 315051.15,
                                                "Plan Rows": 111299,
                                                "Plan Width": 51,
                                                "Actual Startup Time": 607.853,
                                                "Actual Total Time": 1109.604,
                                                "Actual Rows": 94486,
                                                "Actual Loops": 2,
                                                "Filter": "(info = ANY ('{Horror,Action,Sci-Fi,Thriller,Crime,War}'::text[]))",
                                                "Rows Removed by Filter": 7323374
                                              },
                                              {
                                                "Node Type": "Hash",
                                                "Parent Relationship": "Inner",
                                                "Parallel Aware": true,
                                                "Startup Cost": 663841.19,
                                                "Total Cost": 663841.19,
                                                "Plan Rows": 2,
                                                "Plan Width": 22,
                                                "Actual Startup Time": 2547.743,
                                                "Actual Total Time": 2547.754,
                                                "Actual Rows": 690,
                                                "Actual Loops": 2,
                                                "Hash Buckets": 2048,
                                                "Original Hash Buckets": 1024,
                                                "Hash Batches": 1,
                                                "Original Hash Batches": 1,
                                                "Peak Memory Usage": 152,
                                                "Plans": [
                                                  {
                                                    "Node Type": "Hash Join",
                                                    "Parent Relationship": "Outer",
                                                    "Parallel Aware": false,
                                                    "Join Type": "Inner",
                                                    "Startup Cost": 644741.93,
                                                    "Total Cost": 663841.19,
                                                    "Plan Rows": 2,
                                                    "Plan Width": 22,
                                                    "Actual Startup Time": 2434.054,
                                                    "Actual Total Time": 2536.428,
                                                    "Actual Rows": 690,
                                                    "Actual Loops": 2,
                                                    "Inner Unique": true,
                                                    "Hash Cond": "(mi_idx.info_type_id = it2.id)",
                                                    "Plans": [
                                                      {
                                                        "Node Type": "Hash Join",
                                                        "Parent Relationship": "Outer",
                                                        "Parallel Aware": true,
                                                        "Join Type": "Inner",
                                                        "Startup Cost": 644739.5,
                                                        "Total Cost": 663838.07,
                                                        "Plan Rows": 257,
                                                        "Plan Width": 26,
                                                        "Actual Startup Time": 2434.023,
                                                        "Actual Total Time": 2536.191,
                                                        "Actual Rows": 2090,
                                                        "Actual Loops": 2,
                                                        "Inner Unique": false,
                                                        "Hash Cond": "(mi_idx.movie_id = ci.movie_id)",
                                                        "Plans": [
                                                          {
                                                            "Node Type": "Seq Scan",
                                                            "Parent Relationship": "Outer",
                                                            "Parallel Aware": true,
                                                            "Relation Name": "movie_info_idx",
                                                            "Alias": "mi_idx",
                                                            "Startup Cost": 0.0,
                                                            "Total Cost": 16052.85,
                                                            "Plan Rows": 811785,
                                                            "Plan Width": 14,
                                                            "Actual Startup Time": 0.025,
                                                            "Actual Total Time": 52.625,
                                                            "Actual Rows": 690018,
                                                            "Actual Loops": 2
                                                          },
                                                          {
                                                            "Node Type": "Hash",
                                                            "Parent Relationship": "Inner",
                                                            "Parallel Aware": true,
                                                            "Startup Cost": 644737.24,
                                                            "Total Cost": 644737.24,
                                                            "Plan Rows": 181,
                                                            "Plan Width": 12,
                                                            "Actual Startup Time": 2428.761,
                                                            "Actual Total Time": 2428.768,
                                                            "Actual Rows": 727,
                                                            "Actual Loops": 2,
                                                            "Hash Buckets": 1024,
                                                            "Original Hash Buckets": 1024,
                                                            "Hash Batches": 1,
                                                            "Original Hash Batches": 1,
                                                            "Peak Memory Usage": 104,
                                                            "Plans": [
                                                              {
                                                                "Node Type": "Hash Join",
                                                                "Parent Relationship": "Outer",
                                                                "Parallel Aware": true,
                                                                "Join Type": "Inner",
                                                                "Startup Cost": 42891.67,
                                                                "Total Cost": 644737.24,
                                                                "Plan Rows": 181,
                                                                "Plan Width": 12,
                                                                "Actual Startup Time": 1571.619,
                                                                "Actual Total Time": 2428.309,
                                                                "Actual Rows": 727,
                                                                "Actual Loops": 2,
                                                                "Inner Unique": false,
                                                                "Hash Cond": "(ci.movie_id = mc.movie_id)",
                                                                "Plans": [
                                                                  {
                                                                    "Node Type": "Seq Scan",
                                                                    "Parent Relationship": "Outer",
                                                                    "Parallel Aware": true,
                                                                    "Relation Name": "cast_info",
                                                                    "Alias": "ci",
                                                                    "Startup Cost": 0.0,
                                                                    "Total Cost": 599269.14,
                                                                    "Plan Rows": 686766,
                                                                    "Plan Width": 8,
                                                                    "Actual Startup Time": 95.664,
                                                                    "Actual Total Time": 2112.202,
                                                                    "Actual Rows": 622358,
                                                                    "Actual Loops": 2,
                                                                    "Filter": "(note = ANY ('{(writer),\"(head writer)\",\"(written by)\",(story),\"(story editor)\"}'::text[]))",
                                                                    "Rows Removed by Filter": 17499814
                                                                  },
                                                                  {
                                                                    "Node Type": "Hash",
                                                                    "Parent Relationship": "Inner",
                                                                    "Parallel Aware": true,
                                                                    "Startup Cost": 42889.79,
                                                                    "Total Cost": 42889.79,
                                                                    "Plan Rows": 150,
                                                                    "Plan Width": 4,
                                                                    "Actual Startup Time": 258.035,
                                                                    "Actual Total Time": 258.039,
                                                                    "Actual Rows": 907,
                                                                    "Actual Loops": 2,
                                                                    "Hash Buckets": 2048,
                                                                    "Original Hash Buckets": 1024,
                                                                    "Hash Batches": 1,
                                                                    "Original Hash Batches": 1,
                                                                    "Peak Memory Usage": 152,
                                                                    "Plans": [
                                                                      {
                                                                        "Node Type": "Hash Join",
                                                                        "Parent Relationship": "Outer",
                                                                        "Parallel Aware": true,
                                                                        "Join Type": "Inner",
                                                                        "Startup Cost": 4723.09,
                                                                        "Total Cost": 42889.79,
                                                                        "Plan Rows": 150,
                                                                        "Plan Width": 4,
                                                                        "Actual Startup Time": 15.311,
                                                                        "Actual Total Time": 190.873,
                                                                        "Actual Rows": 907,
                                                                        "Actual Loops": 2,
                                                                        "Inner Unique": true,
                                                                        "Hash Cond": "(mc.company_id = cn.id)",
                                                                        "Plans": [
                                                                          {
                                                                            "Node Type": "Seq Scan",
                                                                            "Parent Relationship": "Outer",
                                                                            "Parallel Aware": true,
                                                                            "Relation Name": "movie_companies",
                                                                            "Alias": "mc",
                                                                            "Startup Cost": 0.0,
                                                                            "Total Cost": 34137.82,
                                                                            "Plan Rows": 1534782,
                                                                            "Plan Width": 8,
                                                                            "Actual Startup Time": 0.019,
                                                                            "Actual Total Time": 98.024,
                                                                            "Actual Rows": 1304564,
                                                                            "Actual Loops": 2
                                                                          },
                                                                          {
                                                                            "Node Type": "Hash",
                                                                            "Parent Relationship": "Inner",
                                                                            "Parallel Aware": true,
                                                                            "Startup Cost": 4722.92,
                                                                            "Total Cost": 4722.92,
                                                                            "Plan Rows": 14,
                                                                            "Plan Width": 4,
                                                                            "Actual Startup Time": 12.207,
                                                                            "Actual Total Time": 12.208,
                                                                            "Actual Rows": 5,
                                                                            "Actual Loops": 2,
                                                                            "Hash Buckets": 1024,
                                                                            "Original Hash Buckets": 1024,
                                                                            "Hash Batches": 1,
                                                                            "Original Hash Batches": 1,
                                                                            "Peak Memory Usage": 40,
                                                                            "Plans": [
                                                                              {
                                                                                "Node Type": "Seq Scan",
                                                                                "Parent Relationship": "Outer",
                                                                                "Parallel Aware": true,
                                                                                "Relation Name": "company_name",
                                                                                "Alias": "cn",
                                                                                "Startup Cost": 0.0,
                                                                                "Total Cost": 4722.92,
                                                                                "Plan Rows": 14,
                                                                                "Plan Width": 4,
                                                                                "Actual Startup Time": 3.38,
                                                                                "Actual Total Time": 12.174,
                                                                                "Actual Rows": 5,
                                                                                "Actual Loops": 2,
                                                                                "Filter": "(name ~~ 'Lionsgate%'::text)",
                                                                                "Rows Removed by Filter": 117494
                                                                              }
                                                                            ]
                                                                          }
                                                                        ]
                                                                      }
                                                                    ]
                                                                  }
                                                                ]
                                                              }
                                                            ]
                                                          }
                                                        ]
                                                      },
                                                      {
                                                        "Node Type": "Hash",
                                                        "Parent Relationship": "Inner",
                                                        "Parallel Aware": false,
                                                        "Startup Cost": 2.41,
                                                        "Total Cost": 2.41,
                                                        "Plan Rows": 1,
                                                        "Plan Width": 4,
                                                        "Actual Startup Time": 0.016,
                                                        "Actual Total Time": 0.017,
                                                        "Actual Rows": 1,
                                                        "Actual Loops": 2,
                                                        "Hash Buckets": 1024,
                                                        "Original Hash Buckets": 1024,
                                                        "Hash Batches": 1,
                                                        "Original Hash Batches": 1,
                                                        "Peak Memory Usage": 9,
                                                        "Plans": [
                                                          {
                                                            "Node Type": "Seq Scan",
                                                            "Parent Relationship": "Outer",
                                                            "Parallel Aware": false,
                                                            "Relation Name": "info_type",
                                                            "Alias": "it2",
                                                            "Startup Cost": 0.0,
                                                            "Total Cost": 2.41,
                                                            "Plan Rows": 1,
                                                            "Plan Width": 4,
                                                            "Actual Startup Time": 0.011,
                                                            "Actual Total Time": 0.012,
                                                            "Actual Rows": 1,
                                                            "Actual Loops": 2,
                                                            "Filter": "((info)::text = 'votes'::text)",
                                                            "Rows Removed by Filter": 112
                                                          }
                                                        ]
                                                      }
                                                    ]
                                                  }
                                                ]
                                              }
                                            ]
                                          },
                                          {
                                            "Node Type": "Hash",
                                            "Parent Relationship": "Inner",
                                            "Parallel Aware": false,
                                            "Startup Cost": 2.41,
                                            "Total Cost": 2.41,
                                            "Plan Rows": 1,
                                            "Plan Width": 4,
                                            "Actual Startup Time": 0.028,
                                            "Actual Total Time": 0.029,
                                            "Actual Rows": 1,
                                            "Actual Loops": 2,
                                            "Hash Buckets": 1024,
                                            "Original Hash Buckets": 1024,
                                            "Hash Batches": 1,
                                            "Original Hash Batches": 1,
                                            "Peak Memory Usage": 9,
                                            "Plans": [
                                              {
                                                "Node Type": "Seq Scan",
                                                "Parent Relationship": "Outer",
                                                "Parallel Aware": false,
                                                "Relation Name": "info_type",
                                                "Alias": "it1",
                                                "Startup Cost": 0.0,
                                                "Total Cost": 2.41,
                                                "Plan Rows": 1,
                                                "Plan Width": 4,
                                                "Actual Startup Time": 0.019,
                                                "Actual Total Time": 0.025,
                                                "Actual Rows": 1,
                                                "Actual Loops": 2,
                                                "Filter": "((info)::text = 'genres'::text)",
                                                "Rows Removed by Filter": 112
                                              }
                                            ]
                                          }
                                        ]
                                      }
                                    ]
                                  }
                                ]
                              },
                              {
                                "Node Type": "Hash",
                                "Parent Relationship": "Inner",
                                "Parallel Aware": false,
                                "Startup Cost": 3464.69,
                                "Total Cost": 3464.69,
                                "Plan Rows": 7,
                                "Plan Width": 4,
                                "Actual Startup Time": 38.682,
                                "Actual Total Time": 38.682,
                                "Actual Rows": 7,
                                "Actual Loops": 2,
                                "Hash Buckets": 1024,
                                "Original Hash Buckets": 1024,
                                "Hash Batches": 1,
                                "Original Hash Batches": 1,
                                "Peak Memory Usage": 9,
                                "Plans": [
                                  {
                                    "Node Type": "Seq Scan",
                                    "Parent Relationship": "Outer",
                                    "Parallel Aware": false,
                                    "Relation Name": "keyword",
                                    "Alias": "k",
                                    "Startup Cost": 0.0,
                                    "Total Cost": 3464.69,
                                    "Plan Rows": 7,
                                    "Plan Width": 4,
                                    "Actual Startup Time": 2.037,
                                    "Actual Total Time": 38.659,
                                    "Actual Rows": 7,
                                    "Actual Loops": 2,
                                    "Filter": "(keyword = ANY ('{murder,violence,blood,gore,death,female-nudity,hospital}'::text[]))",
                                    "Rows Removed by Filter": 134163
                                  }
                                ]
                              }
                            ]
                          }
                        ]
                      }
                    ]
                  }
                ]
              }
            ]
          }
        ]
      }
    ]
  },
  "Planning Time": 2.667,
  "Triggers": [],
  "Execution Time": 4663.368
}