[
  {
    "Plan": {
      "Node Type": "Aggregate",
      "Strategy": "Plain",
      "Partial Mode": "Finalize",
      "Parallel Aware": false,
      "Startup Cost": 332404.84,
      "Total Cost": 332404.85,
      "Plan Rows": 1,
      "Plan Width": 8,
      "Actual Startup Time": 346.46,
      "Actual Total Time": 364.583,
      "Actual Rows": 1,
      "Actual Loops": 1,
      "Plans": [
        {
          "Node Type": "Gather",
          "Parent Relationship": "Outer",
          "Parallel Aware": false,
          "Startup Cost": 332404.21,
          "Total Cost": 332404.82,
          "Plan Rows": 6,
          "Plan Width": 8,
          "Actual Startup Time": 338.295,
          "Actual Total Time": 364.571,
          "Actual Rows": 7,
          "Actual Loops": 1,
          "Workers Planned": 6,
          "Workers Launched": 6,
          "Single Copy": false,
          "Plans": [
            {
              "Node Type": "Aggregate",
              "Strategy": "Plain",
              "Partial Mode": "Partial",
              "Parent Relationship": "Outer",
              "Parallel Aware": false,
              "Startup Cost": 331404.21,
              "Total Cost": 331404.22,
              "Plan Rows": 1,
              "Plan Width": 8,
              "Actual Startup Time": 328.432,
              "Actual Total Time": 328.436,
              "Actual Rows": 1,
              "Actual Loops": 7,
              "Plans": [
                {
                  "Node Type": "Hash Join",
                  "Parent Relationship": "Outer",
                  "Parallel Aware": true,
                  "Join Type": "Inner",
                  "Startup Cost": 75278.41,
                  "Total Cost": 331195.88,
                  "Plan Rows": 83334,
                  "Plan Width": 0,
                  "Actual Startup Time": 201.366,
                  "Actual Total Time": 323.639,
                  "Actual Rows": 79497,
                  "Actual Loops": 7,
                  "Inner Unique": true,
                  "Hash Cond": "(ci.movie_id = t.id)",
                  "Plans": [
                    {
                      "Node Type": "Bitmap Heap Scan",
                      "Parent Relationship": "Outer",
                      "Parallel Aware": true,
                      "Relation Name": "cast_info",
                      "Alias": "ci",
                      "Startup Cost": 28296.26,
                      "Total Cost": 283653.07,
                      "Plan Rows": 213585,
                      "Plan Width": 4,
                      "Actual Startup Time": 56.376,
                      "Actual Total Time": 102.087,
                      "Actual Rows": 190273,
                      "Actual Loops": 7,
                      "Recheck Cond": "(person_id < 132932)",
                      "Rows Removed by Index Recheck": 0,
                      "Exact Heap Blocks": 2690,
                      "Lossy Heap Blocks": 0,
                      "Plans": [
                        {
                          "Node Type": "Bitmap Index Scan",
                          "Parent Relationship": "Outer",
                          "Parallel Aware": false,
                          "Index Name": "person_id_cast_info",
                          "Startup Cost": 0.0,
                          "Total Cost": 27975.88,
                          "Plan Rows": 1281509,
                          "Plan Width": 0,
                          "Actual Startup Time": 54.047,
                          "Actual Total Time": 54.048,
                          "Actual Rows": 1331913,
                          "Actual Loops": 1,
                          "Index Cond": "(person_id < 132932)"
                        }
                      ]
                    },
                    {
                      "Node Type": "Hash",
                      "Parent Relationship": "Inner",
                      "Parallel Aware": true,
                      "Startup Cost": 43899.32,
                      "Total Cost": 43899.32,
                      "Plan Rows": 246626,
                      "Plan Width": 4,
                      "Actual Startup Time": 142.496,
                      "Actual Total Time": 142.497,
                      "Actual Rows": 140721,
                      "Actual Loops": 7,
                      "Hash Buckets": 1048576,
                      "Original Hash Buckets": 1048576,
                      "Hash Batches": 1,
                      "Original Hash Batches": 1,
                      "Peak Memory Usage": 46816,
                      "Plans": [
                        {
                          "Node Type": "Seq Scan",
                          "Parent Relationship": "Outer",
                          "Parallel Aware": true,
                          "Relation Name": "title",
                          "Alias": "t",
                          "Startup Cost": 0.0,
                          "Total Cost": 43899.32,
                          "Plan Rows": 246626,
                          "Plan Width": 4,
                          "Actual Startup Time": 0.052,
                          "Actual Total Time": 78.425,
                          "Actual Rows": 140721,
                          "Actual Loops": 7,
                          "Filter": "(kind_id < 7)",
                          "Rows Removed by Filter": 220466
                        }
                      ]
                    }
                  ]
                }
              ]
            }
          ]
        }
      ]
    },
    "Planning Time": 0.288,
    "Triggers": [],
    "Execution Time": 364.63
  }
]