[
  {
    "Plan": {
      "Node Type": "Aggregate",
      "Strategy": "Plain",
      "Partial Mode": "Finalize",
      "Parallel Aware": false,
      "Startup Cost": 437767.95,
      "Total Cost": 437767.96,
      "Plan Rows": 1,
      "Plan Width": 8,
      "Actual Startup Time": 2215.446,
      "Actual Total Time": 2278.031,
      "Actual Rows": 1,
      "Actual Loops": 1,
      "Plans": [
        {
          "Node Type": "Gather",
          "Parent Relationship": "Outer",
          "Parallel Aware": false,
          "Startup Cost": 437767.33,
          "Total Cost": 437767.94,
          "Plan Rows": 6,
          "Plan Width": 8,
          "Actual Startup Time": 2197.49,
          "Actual Total Time": 2278.017,
          "Actual Rows": 7,
          "Actual Loops": 1,
          "Workers Planned": 6,
          "Workers Launched": 6,
          "Single Copy": false,
          "Plans": [
            {
              "Node Type": "Aggregate",
              "Strategy": "Plain",
              "Partial Mode": "Partial",
              "Parent Relationship": "Outer",
              "Parallel Aware": false,
              "Startup Cost": 436767.33,
              "Total Cost": 436767.34,
              "Plan Rows": 1,
              "Plan Width": 8,
              "Actual Startup Time": 2181.691,
              "Actual Total Time": 2182.382,
              "Actual Rows": 1,
              "Actual Loops": 7,
              "Plans": [
                {
                  "Node Type": "Hash Join",
                  "Parent Relationship": "Outer",
                  "Parallel Aware": true,
                  "Join Type": "Inner",
                  "Startup Cost": 86837.18,
                  "Total Cost": 432676.93,
                  "Plan Rows": 1636160,
                  "Plan Width": 0,
                  "Actual Startup Time": 454.469,
                  "Actual Total Time": 2080.778,
                  "Actual Rows": 2295254,
                  "Actual Loops": 7,
                  "Inner Unique": false,
                  "Hash Cond": "(ci.movie_id = t.id)",
                  "Plans": [
                    {
                      "Node Type": "Seq Scan",
                      "Parent Relationship": "Outer",
                      "Parallel Aware": true,
                      "Relation Name": "cast_info",
                      "Alias": "ci",
                      "Startup Cost": 0.0,
                      "Total Cost": 328162.03,
                      "Plan Rows": 3306611,
                      "Plan Width": 4,
                      "Actual Startup Time": 0.034,
                      "Actual Total Time": 662.32,
                      "Actual Rows": 2874666,
                      "Actual Loops": 7,
                      "Filter": "(role_id < 3)",
                      "Rows Removed by Filter": 2303098
                    },
                    {
                      "Node Type": "Hash",
                      "Parent Relationship": "Inner",
                      "Parallel Aware": true,
                      "Startup Cost": 81792.68,
                      "Total Cost": 81792.68,
                      "Plan Rows": 403560,
                      "Plan Width": 8,
                      "Actual Startup Time": 449.349,
                      "Actual Total Time": 450.037,
                      "Actual Rows": 182637,
                      "Actual Loops": 7,
                      "Hash Buckets": 2097152,
                      "Original Hash Buckets": 2097152,
                      "Hash Batches": 1,
                      "Original Hash Batches": 1,
                      "Peak Memory Usage": 66496,
                      "Plans": [
                        {
                          "Node Type": "Hash Join",
                          "Parent Relationship": "Outer",
                          "Parallel Aware": true,
                          "Join Type": "Inner",
                          "Startup Cost": 51360.24,
                          "Total Cost": 81792.68,
                          "Plan Rows": 403560,
                          "Plan Width": 8,
                          "Actual Startup Time": 274.443,
                          "Actual Total Time": 375.541,
                          "Actual Rows": 182637,
                          "Actual Loops": 7,
                          "Inner Unique": true,
                          "Hash Cond": "(mc.movie_id = t.id)",
                          "Plans": [
                            {
                              "Node Type": "Seq Scan",
                              "Parent Relationship": "Outer",
                              "Parallel Aware": true,
                              "Relation Name": "movie_companies",
                              "Alias": "mc",
                              "Startup Cost": 0.0,
                              "Total Cost": 29310.68,
                              "Plan Rows": 427336,
                              "Plan Width": 4,
                              "Actual Startup Time": 20.229,
                              "Actual Total Time": 46.166,
                              "Actual Rows": 190698,
                              "Actual Loops": 7,
                              "Filter": "(company_type_id = 2)",
                              "Rows Removed by Filter": 182035
                            },
                            {
                              "Node Type": "Hash",
                              "Parent Relationship": "Inner",
                              "Parallel Aware": true,
                              "Startup Cost": 43898.92,
                              "Total Cost": 43898.92,
                              "Plan Rows": 596906,
                              "Plan Width": 4,
                              "Actual Startup Time": 250.134,
                              "Actual Total Time": 250.136,
                              "Actual Rows": 341268,
                              "Actual Loops": 7,
                              "Hash Buckets": 4194304,
                              "Original Hash Buckets": 4194304,
                              "Hash Batches": 1,
                              "Original Hash Batches": 1,
                              "Peak Memory Usage": 126368,
                              "Plans": [
                                {
                                  "Node Type": "Seq Scan",
                                  "Parent Relationship": "Outer",
                                  "Parallel Aware": true,
                                  "Relation Name": "title",
                                  "Alias": "t",
                                  "Startup Cost": 0.0,
                                  "Total Cost": 43898.92,
                                  "Plan Rows": 596906,
                                  "Plan Width": 4,
                                  "Actual Startup Time": 0.042,
                                  "Actual Total Time": 79.355,
                                  "Actual Rows": 341268,
                                  "Actual Loops": 7,
                                  "Filter": "(production_year < 2013)",
                                  "Rows Removed by Filter": 19919
                                }
                              ]
                            }
                          ]
                        }
                      ]
                    }
                  ]
                }
              ]
            }
          ]
        }
      ]
    },
    "Planning Time": 1.328,
    "Triggers": [],
    "Execution Time": 2278.121
  }
]