[
  {
    "Plan": {
      "Node Type": "Aggregate",
      "Strategy": "Plain",
      "Partial Mode": "Finalize",
      "Parallel Aware": false,
      "Startup Cost": 66165.4,
      "Total Cost": 66165.41,
      "Plan Rows": 1,
      "Plan Width": 8,
      "Actual Startup Time": 88.695,
      "Actual Total Time": 105.269,
      "Actual Rows": 1,
      "Actual Loops": 1,
      "Plans": [
        {
          "Node Type": "Gather",
          "Parent Relationship": "Outer",
          "Parallel Aware": false,
          "Startup Cost": 66164.98,
          "Total Cost": 66165.39,
          "Plan Rows": 4,
          "Plan Width": 8,
          "Actual Startup Time": 87.948,
          "Actual Total Time": 105.262,
          "Actual Rows": 5,
          "Actual Loops": 1,
          "Workers Planned": 4,
          "Workers Launched": 4,
          "Single Copy": false,
          "Plans": [
            {
              "Node Type": "Aggregate",
              "Strategy": "Plain",
              "Partial Mode": "Partial",
              "Parent Relationship": "Outer",
              "Parallel Aware": false,
              "Startup Cost": 65164.98,
              "Total Cost": 65164.99,
              "Plan Rows": 1,
              "Plan Width": 8,
              "Actual Startup Time": 82.318,
              "Actual Total Time": 82.32,
              "Actual Rows": 1,
              "Actual Loops": 5,
              "Plans": [
                {
                  "Node Type": "Nested Loop",
                  "Parent Relationship": "Outer",
                  "Parallel Aware": false,
                  "Join Type": "Inner",
                  "Startup Cost": 2170.21,
                  "Total Cost": 65156.49,
                  "Plan Rows": 3395,
                  "Plan Width": 0,
                  "Actual Startup Time": 13.133,
                  "Actual Total Time": 82.209,
                  "Actual Rows": 1447,
                  "Actual Loops": 5,
                  "Inner Unique": false,
                  "Join Filter": "(t.id = ci.movie_id)",
                  "Rows Removed by Join Filter": 0,
                  "Plans": [
                    {
                      "Node Type": "Nested Loop",
                      "Parent Relationship": "Outer",
                      "Parallel Aware": false,
                      "Join Type": "Inner",
                      "Startup Cost": 2169.65,
                      "Total Cost": 61385.16,
                      "Plan Rows": 1983,
                      "Plan Width": 8,
                      "Actual Startup Time": 11.021,
                      "Actual Total Time": 38.288,
                      "Actual Rows": 1181,
                      "Actual Loops": 5,
                      "Inner Unique": false,
                      "Plans": [
                        {
                          "Node Type": "Bitmap Heap Scan",
                          "Parent Relationship": "Outer",
                          "Parallel Aware": true,
                          "Relation Name": "title",
                          "Alias": "t",
                          "Startup Cost": 2169.22,
                          "Total Cost": 38622.65,
                          "Plan Rows": 1922,
                          "Plan Width": 4,
                          "Actual Startup Time": 10.662,
                          "Actual Total Time": 25.806,
                          "Actual Rows": 1037,
                          "Actual Loops": 5,
                          "Recheck Cond": "(kind_id = 4)",
                          "Rows Removed by Index Recheck": 0,
                          "Filter": "(production_year = 2012)",
                          "Rows Removed by Filter": 22610,
                          "Exact Heap Blocks": 5883,
                          "Lossy Heap Blocks": 0,
                          "Plans": [
                            {
                              "Node Type": "Bitmap Index Scan",
                              "Parent Relationship": "Outer",
                              "Parallel Aware": false,
                              "Index Name": "kind_id_title",
                              "Startup Cost": 0.0,
                              "Total Cost": 2167.3,
                              "Plan Rows": 121449,
                              "Plan Width": 0,
                              "Actual Startup Time": 12.228,
                              "Actual Total Time": 12.228,
                              "Actual Rows": 118234,
                              "Actual Loops": 1,
                              "Index Cond": "(kind_id = 4)"
                            }
                          ]
                        },
                        {
                          "Node Type": "Index Only Scan",
                          "Parent Relationship": "Inner",
                          "Parallel Aware": false,
                          "Scan Direction": "Forward",
                          "Index Name": "movie_id_movie_companies",
                          "Relation Name": "movie_companies",
                          "Alias": "mc",
                          "Startup Cost": 0.43,
                          "Total Cost": 11.79,
                          "Plan Rows": 5,
                          "Plan Width": 4,
                          "Actual Startup Time": 0.01,
                          "Actual Total Time": 0.011,
                          "Actual Rows": 1,
                          "Actual Loops": 5186,
                          "Index Cond": "(movie_id = t.id)",
                          "Rows Removed by Index Recheck": 0,
                          "Heap Fetches": 5903
                        }
                      ]
                    },
                    {
                      "Node Type": "Index Scan",
                      "Parent Relationship": "Inner",
                      "Parallel Aware": false,
                      "Scan Direction": "Forward",
                      "Index Name": "movie_id_cast_info",
                      "Relation Name": "cast_info",
                      "Alias": "ci",
                      "Startup Cost": 0.56,
                      "Total Cost": 1.85,
                      "Plan Rows": 4,
                      "Plan Width": 4,
                      "Actual Startup Time": 0.035,
                      "Actual Total Time": 0.037,
                      "Actual Rows": 1,
                      "Actual Loops": 5903,
                      "Index Cond": "(movie_id = mc.movie_id)",
                      "Rows Removed by Index Recheck": 0,
                      "Filter": "(role_id = 10)",
                      "Rows Removed by Filter": 14
                    }
                  ]
                }
              ]
            }
          ]
        }
      ]
    },
    "Planning Time": 0.845,
    "Triggers": [],
    "Execution Time": 105.338
  }
]