[
  {
    "Plan": {
      "Node Type": "Aggregate",
      "Strategy": "Plain",
      "Partial Mode": "Finalize",
      "Parallel Aware": false,
      "Startup Cost": 266101.27,
      "Total Cost": 266101.28,
      "Plan Rows": 1,
      "Plan Width": 8,
      "Actual Startup Time": 664.949,
      "Actual Total Time": 716.191,
      "Actual Rows": 1,
      "Actual Loops": 1,
      "Plans": [
        {
          "Node Type": "Gather",
          "Parent Relationship": "Outer",
          "Parallel Aware": false,
          "Startup Cost": 266100.65,
          "Total Cost": 266101.26,
          "Plan Rows": 6,
          "Plan Width": 8,
          "Actual Startup Time": 664.385,
          "Actual Total Time": 716.176,
          "Actual Rows": 7,
          "Actual Loops": 1,
          "Workers Planned": 6,
          "Workers Launched": 6,
          "Single Copy": false,
          "Plans": [
            {
              "Node Type": "Aggregate",
              "Strategy": "Plain",
              "Partial Mode": "Partial",
              "Parent Relationship": "Outer",
              "Parallel Aware": false,
              "Startup Cost": 265100.65,
              "Total Cost": 265100.66,
              "Plan Rows": 1,
              "Plan Width": 8,
              "Actual Startup Time": 657.677,
              "Actual Total Time": 657.681,
              "Actual Rows": 1,
              "Actual Loops": 7,
              "Plans": [
                {
                  "Node Type": "Nested Loop",
                  "Parent Relationship": "Outer",
                  "Parallel Aware": false,
                  "Join Type": "Inner",
                  "Startup Cost": 45596.74,
                  "Total Cost": 264978.2,
                  "Plan Rows": 48979,
                  "Plan Width": 0,
                  "Actual Startup Time": 139.562,
                  "Actual Total Time": 646.735,
                  "Actual Rows": 205288,
                  "Actual Loops": 7,
                  "Inner Unique": false,
                  "Join Filter": "(t.id = mi.movie_id)",
                  "Rows Removed by Join Filter": 0,
                  "Plans": [
                    {
                      "Node Type": "Hash Join",
                      "Parent Relationship": "Outer",
                      "Parallel Aware": true,
                      "Join Type": "Inner",
                      "Startup Cost": 45596.3,
                      "Total Cost": 248969.98,
                      "Plan Rows": 8342,
                      "Plan Width": 8,
                      "Actual Startup Time": 139.429,
                      "Actual Total Time": 401.873,
                      "Actual Rows": 8449,
                      "Actual Loops": 7,
                      "Inner Unique": true,
                      "Hash Cond": "(ci.movie_id = t.id)",
                      "Plans": [
                        {
                          "Node Type": "Index Scan",
                          "Parent Relationship": "Outer",
                          "Parallel Aware": true,
                          "Scan Direction": "Forward",
                          "Index Name": "role_id_cast_info",
                          "Relation Name": "cast_info",
                          "Alias": "ci",
                          "Startup Cost": 0.56,
                          "Total Cost": 201884.69,
                          "Plan Rows": 567449,
                          "Plan Width": 4,
                          "Actual Startup Time": 66.557,
                          "Actual Total Time": 231.689,
                          "Actual Rows": 751651,
                          "Actual Loops": 7,
                          "Index Cond": "(role_id = 2)",
                          "Rows Removed by Index Recheck": 0,
                          "Filter": "(person_id > 2016065)",
                          "Rows Removed by Filter": 312916
                        },
                        {
                          "Node Type": "Hash",
                          "Parent Relationship": "Inner",
                          "Parallel Aware": true,
                          "Startup Cost": 45479.59,
                          "Total Cost": 45479.59,
                          "Plan Rows": 9292,
                          "Plan Width": 4,
                          "Actual Startup Time": 72.175,
                          "Actual Total Time": 72.176,
                          "Actual Rows": 4741,
                          "Actual Loops": 7,
                          "Hash Buckets": 65536,
                          "Original Hash Buckets": 65536,
                          "Hash Batches": 1,
                          "Original Hash Batches": 1,
                          "Peak Memory Usage": 1920,
                          "Plans": [
                            {
                              "Node Type": "Seq Scan",
                              "Parent Relationship": "Outer",
                              "Parallel Aware": true,
                              "Relation Name": "title",
                              "Alias": "t",
                              "Startup Cost": 0.0,
                              "Total Cost": 45479.59,
                              "Plan Rows": 9292,
                              "Plan Width": 4,
                              "Actual Startup Time": 42.792,
                              "Actual Total Time": 69.991,
                              "Actual Rows": 4741,
                              "Actual Loops": 7,
                              "Filter": "((kind_id = 1) AND (production_year = 2010))",
                              "Rows Removed by Filter": 356446
                            }
                          ]
                        }
                      ]
                    },
                    {
                      "Node Type": "Index Only Scan",
                      "Parent Relationship": "Inner",
                      "Parallel Aware": false,
                      "Scan Direction": "Forward",
                      "Index Name": "movie_id_movie_info",
                      "Relation Name": "movie_info",
                      "Alias": "mi",
                      "Startup Cost": 0.43,
                      "Total Cost": 1.41,
                      "Plan Rows": 41,
                      "Plan Width": 4,
                      "Actual Startup Time": 0.008,
                      "Actual Total Time": 0.026,
                      "Actual Rows": 24,
                      "Actual Loops": 59143,
                      "Index Cond": "(movie_id = ci.movie_id)",
                      "Rows Removed by Index Recheck": 0,
                      "Heap Fetches": 1437014
                    }
                  ]
                }
              ]
            }
          ]
        }
      ]
    },
    "Planning Time": 0.554,
    "Triggers": [],
    "Execution Time": 716.265
  }
]