[
  {
    "Plan": {
      "Node Type": "Aggregate",
      "Strategy": "Plain",
      "Partial Mode": "Finalize",
      "Parallel Aware": false,
      "Startup Cost": 93010.95,
      "Total Cost": 93010.96,
      "Plan Rows": 1,
      "Plan Width": 8,
      "Actual Startup Time": 293.219,
      "Actual Total Time": 310.775,
      "Actual Rows": 1,
      "Actual Loops": 1,
      "Plans": [
        {
          "Node Type": "Gather",
          "Parent Relationship": "Outer",
          "Parallel Aware": false,
          "Startup Cost": 93010.63,
          "Total Cost": 93010.94,
          "Plan Rows": 3,
          "Plan Width": 8,
          "Actual Startup Time": 292.106,
          "Actual Total Time": 310.756,
          "Actual Rows": 4,
          "Actual Loops": 1,
          "Workers Planned": 3,
          "Workers Launched": 3,
          "Single Copy": false,
          "Plans": [
            {
              "Node Type": "Aggregate",
              "Strategy": "Plain",
              "Partial Mode": "Partial",
              "Parent Relationship": "Outer",
              "Parallel Aware": false,
              "Startup Cost": 92010.63,
              "Total Cost": 92010.64,
              "Plan Rows": 1,
              "Plan Width": 8,
              "Actual Startup Time": 283.674,
              "Actual Total Time": 283.677,
              "Actual Rows": 1,
              "Actual Loops": 4,
              "Plans": [
                {
                  "Node Type": "Hash Join",
                  "Parent Relationship": "Outer",
                  "Parallel Aware": true,
                  "Join Type": "Inner",
                  "Startup Cost": 46512.94,
                  "Total Cost": 91700.13,
                  "Plan Rows": 124198,
                  "Plan Width": 0,
                  "Actual Startup Time": 123.452,
                  "Actual Total Time": 282.734,
                  "Actual Rows": 21738,
                  "Actual Loops": 4,
                  "Inner Unique": true,
                  "Hash Cond": "(mk.movie_id = t.id)",
                  "Plans": [
                    {
                      "Node Type": "Seq Scan",
                      "Parent Relationship": "Outer",
                      "Parallel Aware": true,
                      "Relation Name": "movie_keyword",
                      "Alias": "mk",
                      "Startup Cost": 0.0,
                      "Total Cost": 42695.65,
                      "Plan Rows": 949160,
                      "Plan Width": 4,
                      "Actual Startup Time": 0.169,
                      "Actual Total Time": 103.986,
                      "Actual Rows": 731430,
                      "Actual Loops": 4,
                      "Filter": "(keyword_id > 2459)",
                      "Rows Removed by Filter": 399553
                    },
                    {
                      "Node Type": "Hash",
                      "Parent Relationship": "Inner",
                      "Parallel Aware": true,
                      "Startup Cost": 45479.1,
                      "Total Cost": 45479.1,
                      "Plan Rows": 82707,
                      "Plan Width": 4,
                      "Actual Startup Time": 119.773,
                      "Actual Total Time": 119.774,
                      "Actual Rows": 51417,
                      "Actual Loops": 4,
                      "Hash Buckets": 524288,
                      "Original Hash Buckets": 524288,
                      "Hash Batches": 1,
                      "Original Hash Batches": 1,
                      "Peak Memory Usage": 12224,
                      "Plans": [
                        {
                          "Node Type": "Seq Scan",
                          "Parent Relationship": "Outer",
                          "Parallel Aware": true,
                          "Relation Name": "title",
                          "Alias": "t",
                          "Startup Cost": 0.0,
                          "Total Cost": 45479.1,
                          "Plan Rows": 82707,
                          "Plan Width": 4,
                          "Actual Startup Time": 0.036,
                          "Actual Total Time": 99.214,
                          "Actual Rows": 51417,
                          "Actual Loops": 4,
                          "Filter": "((kind_id > 2) AND (production_year < 1978))",
                          "Rows Removed by Filter": 580661
                        }
                      ]
                    }
                  ]
                }
              ]
            }
          ]
        }
      ]
    },
    "Planning Time": 0.75,
    "Triggers": [],
    "Execution Time": 310.853
  }
]