{
    "Plan": {
        "Node Type": "Aggregate",
        "Strategy": "Plain",
        "Partial Mode": "Finalize",
        "Parallel Aware": false,
        "Startup Cost": 98213.29,
        "Total Cost": 98213.3,
        "Plan Rows": 1,
        "Plan Width": 8,
        "Actual Startup Time": 775.675,
        "Actual Total Time": 792.801,
        "Actual Rows": 1,
        "Actual Loops": 1,
        "Output": [
            "count(*)"
        ],
        "Plans": [
            {
                "Node Type": "Gather",
                "Parent Relationship": "Outer",
                "Parallel Aware": false,
                "Startup Cost": 98213.08,
                "Total Cost": 98213.29,
                "Plan Rows": 2,
                "Plan Width": 8,
                "Actual Startup Time": 769.953,
                "Actual Total Time": 792.79,
                "Actual Rows": 3,
                "Actual Loops": 1,
                "Output": [
                    "(PARTIAL count(*))"
                ],
                "Workers Planned": 2,
                "Workers Launched": 2,
                "Single Copy": false,
                "Plans": [
                    {
                        "Node Type": "Aggregate",
                        "Strategy": "Plain",
                        "Partial Mode": "Partial",
                        "Parent Relationship": "Outer",
                        "Parallel Aware": false,
                        "Startup Cost": 97213.08,
                        "Total Cost": 97213.09,
                        "Plan Rows": 1,
                        "Plan Width": 8,
                        "Actual Startup Time": 762.093,
                        "Actual Total Time": 762.908,
                        "Actual Rows": 1,
                        "Actual Loops": 3,
                        "Output": [
                            "PARTIAL count(*)"
                        ],
                        "Workers": [
                            {
                                "Worker Number": 0,
                                "Actual Startup Time": 757.882,
                                "Actual Total Time": 757.886,
                                "Actual Rows": 1,
                                "Actual Loops": 1
                            },
                            {
                                "Worker Number": 1,
                                "Actual Startup Time": 759.151,
                                "Actual Total Time": 759.158,
                                "Actual Rows": 1,
                                "Actual Loops": 1
                            }
                        ],
                        "Plans": [
                            {
                                "Node Type": "Hash Join",
                                "Parent Relationship": "Outer",
                                "Parallel Aware": true,
                                "Join Type": "Inner",
                                "Startup Cost": 80323.98,
                                "Total Cost": 97049.6,
                                "Plan Rows": 65390,
                                "Plan Width": 0,
                                "Actual Startup Time": 631.225,
                                "Actual Total Time": 753.981,
                                "Actual Rows": 230768,
                                "Actual Loops": 3,
                                "Inner Unique": false,
                                "Hash Cond": "(mi_idx.movie_id = t.id)",
                                "Workers": [
                                    {
                                        "Worker Number": 0,
                                        "Actual Startup Time": 627.287,
                                        "Actual Total Time": 748.866,
                                        "Actual Rows": 232945,
                                        "Actual Loops": 1
                                    },
                                    {
                                        "Worker Number": 1,
                                        "Actual Startup Time": 627.31,
                                        "Actual Total Time": 750.946,
                                        "Actual Rows": 210754,
                                        "Actual Loops": 1
                                    }
                                ],
                                "Plans": [
                                    {
                                        "Node Type": "Seq Scan",
                                        "Parent Relationship": "Outer",
                                        "Parallel Aware": true,
                                        "Relation Name": "movie_info_idx",
                                        "Schema": "public",
                                        "Alias": "mi_idx",
                                        "Startup Cost": 0.0,
                                        "Total Cost": 15122.68,
                                        "Plan Rows": 383860,
                                        "Plan Width": 4,
                                        "Actual Startup Time": 0.018,
                                        "Actual Total Time": 43.089,
                                        "Actual Rows": 306703,
                                        "Actual Loops": 3,
                                        "Output": [
                                            "mi_idx.id",
                                            "mi_idx.movie_id",
                                            "mi_idx.info_type_id",
                                            "mi_idx.info",
                                            "mi_idx.note"
                                        ],
                                        "Filter": "(mi_idx.info_type_id > 99)",
                                        "Rows Removed by Filter": 153308,
                                        "Workers": [
                                            {
                                                "Worker Number": 0,
                                                "Actual Startup Time": 0.015,
                                                "Actual Total Time": 44.534,
                                                "Actual Rows": 310965,
                                                "Actual Loops": 1
                                            },
                                            {
                                                "Worker Number": 1,
                                                "Actual Startup Time": 0.024,
                                                "Actual Total Time": 43.498,
                                                "Actual Rows": 278224,
                                                "Actual Loops": 1
                                            }
                                        ]
                                    },
                                    {
                                        "Node Type": "Hash",
                                        "Parent Relationship": "Inner",
                                        "Parallel Aware": true,
                                        "Startup Cost": 78978.05,
                                        "Total Cost": 78978.05,
                                        "Plan Rows": 107674,
                                        "Plan Width": 8,
                                        "Actual Startup Time": 626.449,
                                        "Actual Total Time": 627.263,
                                        "Actual Rows": 251546,
                                        "Actual Loops": 3,
                                        "Output": [
                                            "t.id",
                                            "mc.movie_id"
                                        ],
                                        "Hash Buckets": 1048576,
                                        "Original Hash Buckets": 524288,
                                        "Hash Batches": 1,
                                        "Original Hash Batches": 1,
                                        "Peak Memory Usage": 41856,
                                        "Workers": [
                                            {
                                                "Worker Number": 0,
                                                "Actual Startup Time": 626.162,
                                                "Actual Total Time": 626.165,
                                                "Actual Rows": 257368,
                                                "Actual Loops": 1
                                            },
                                            {
                                                "Worker Number": 1,
                                                "Actual Startup Time": 626.376,
                                                "Actual Total Time": 626.381,
                                                "Actual Rows": 224642,
                                                "Actual Loops": 1
                                            }
                                        ],
                                        "Plans": [
                                            {
                                                "Node Type": "Hash Join",
                                                "Parent Relationship": "Outer",
                                                "Parallel Aware": true,
                                                "Join Type": "Inner",
                                                "Startup Cost": 33151.51,
                                                "Total Cost": 78978.05,
                                                "Plan Rows": 107674,
                                                "Plan Width": 8,
                                                "Actual Startup Time": 180.954,
                                                "Actual Total Time": 543.378,
                                                "Actual Rows": 251546,
                                                "Actual Loops": 3,
                                                "Output": [
                                                    "t.id",
                                                    "mc.movie_id"
                                                ],
                                                "Inner Unique": false,
                                                "Hash Cond": "(t.id = mc.movie_id)",
                                                "Workers": [
                                                    {
                                                        "Worker Number": 0,
                                                        "Actual Startup Time": 180.673,
                                                        "Actual Total Time": 542.285,
                                                        "Actual Rows": 257368,
                                                        "Actual Loops": 1
                                                    },
                                                    {
                                                        "Worker Number": 1,
                                                        "Actual Startup Time": 180.802,
                                                        "Actual Total Time": 545.082,
                                                        "Actual Rows": 224642,
                                                        "Actual Loops": 1
                                                    }
                                                ],
                                                "Plans": [
                                                    {
                                                        "Node Type": "Seq Scan",
                                                        "Parent Relationship": "Outer",
                                                        "Parallel Aware": true,
                                                        "Relation Name": "title",
                                                        "Schema": "public",
                                                        "Alias": "t",
                                                        "Startup Cost": 0.0,
                                                        "Total Cost": 42318.81,
                                                        "Plan Rows": 632080,
                                                        "Plan Width": 4,
                                                        "Actual Startup Time": 0.018,
                                                        "Actual Total Time": 96.519,
                                                        "Actual Rows": 842771,
                                                        "Actual Loops": 3,
                                                        "Output": [
                                                            "t.id",
                                                            "t.title",
                                                            "t.imdb_index",
                                                            "t.kind_id",
                                                            "t.production_year",
                                                            "t.imdb_id",
                                                            "t.phonetic_code",
                                                            "t.episode_of_id",
                                                            "t.season_nr",
                                                            "t.episode_nr",
                                                            "t.series_years",
                                                            "t.md5sum"
                                                        ],
                                                        "Workers": [
                                                            {
                                                                "Worker Number": 0,
                                                                "Actual Startup Time": 0.022,
                                                                "Actual Total Time": 104.128,
                                                                "Actual Rows": 857196,
                                                                "Actual Loops": 1
                                                            },
                                                            {
                                                                "Worker Number": 1,
                                                                "Actual Startup Time": 0.026,
                                                                "Actual Total Time": 101.983,
                                                                "Actual Rows": 742313,
                                                                "Actual Loops": 1
                                                            }
                                                        ]
                                                    },
                                                    {
                                                        "Node Type": "Hash",
                                                        "Parent Relationship": "Inner",
                                                        "Parallel Aware": true,
                                                        "Startup Cost": 31414.82,
                                                        "Total Cost": 31414.82,
                                                        "Plan Rows": 138935,
                                                        "Plan Width": 4,
                                                        "Actual Startup Time": 178.644,
                                                        "Actual Total Time": 178.645,
                                                        "Actual Rows": 251546,
                                                        "Actual Loops": 3,
                                                        "Output": [
                                                            "mc.movie_id"
                                                        ],
                                                        "Hash Buckets": 1048576,
                                                        "Original Hash Buckets": 524288,
                                                        "Hash Batches": 1,
                                                        "Original Hash Batches": 1,
                                                        "Peak Memory Usage": 41856,
                                                        "Workers": [
                                                            {
                                                                "Worker Number": 0,
                                                                "Actual Startup Time": 180.606,
                                                                "Actual Total Time": 180.607,
                                                                "Actual Rows": 254635,
                                                                "Actual Loops": 1
                                                            },
                                                            {
                                                                "Worker Number": 1,
                                                                "Actual Startup Time": 180.693,
                                                                "Actual Total Time": 180.694,
                                                                "Actual Rows": 232161,
                                                                "Actual Loops": 1
                                                            }
                                                        ],
                                                        "Plans": [
                                                            {
                                                                "Node Type": "Seq Scan",
                                                                "Parent Relationship": "Outer",
                                                                "Parallel Aware": true,
                                                                "Relation Name": "movie_companies",
                                                                "Schema": "public",
                                                                "Alias": "mc",
                                                                "Startup Cost": 0.0,
                                                                "Total Cost": 31414.82,
                                                                "Plan Rows": 138935,
                                                                "Plan Width": 4,
                                                                "Actual Startup Time": 52.232,
                                                                "Actual Total Time": 99.212,
                                                                "Actual Rows": 251546,
                                                                "Actual Loops": 3,
                                                                "Output": [
                                                                    "mc.movie_id"
                                                                ],
                                                                "Filter": "((mc.company_id > 25397) AND (mc.company_type_id > 1))",
                                                                "Rows Removed by Filter": 618163,
                                                                "Workers": [
                                                                    {
                                                                        "Worker Number": 0,
                                                                        "Actual Startup Time": 52.185,
                                                                        "Actual Total Time": 101.005,
                                                                        "Actual Rows": 254635,
                                                                        "Actual Loops": 1
                                                                    },
                                                                    {
                                                                        "Worker Number": 1,
                                                                        "Actual Startup Time": 52.199,
                                                                        "Actual Total Time": 98.571,
                                                                        "Actual Rows": 232161,
                                                                        "Actual Loops": 1
                                                                    }
                                                                ]
                                                            }
                                                        ]
                                                    }
                                                ]
                                            }
                                        ]
                                    }
                                ]
                            }
                        ]
                    }
                ]
            }
        ]
    },
    "Planning Time": 1.65,
    "Triggers": [],
    "Execution Time": 792.886
}