[
  {
    "Plan": {
      "Node Type": "Aggregate",
      "Strategy": "Plain",
      "Partial Mode": "Finalize",
      "Parallel Aware": false,
      "Startup Cost": 58286.52,
      "Total Cost": 58286.53,
      "Plan Rows": 1,
      "Plan Width": 8,
      "Actual Startup Time": 74.897,
      "Actual Total Time": 84.646,
      "Actual Rows": 1,
      "Actual Loops": 1,
      "Plans": [
        {
          "Node Type": "Gather",
          "Parent Relationship": "Outer",
          "Parallel Aware": false,
          "Startup Cost": 58286.2,
          "Total Cost": 58286.51,
          "Plan Rows": 3,
          "Plan Width": 8,
          "Actual Startup Time": 74.717,
          "Actual Total Time": 84.64,
          "Actual Rows": 4,
          "Actual Loops": 1,
          "Workers Planned": 3,
          "Workers Launched": 3,
          "Single Copy": false,
          "Plans": [
            {
              "Node Type": "Aggregate",
              "Strategy": "Plain",
              "Partial Mode": "Partial",
              "Parent Relationship": "Outer",
              "Parallel Aware": false,
              "Startup Cost": 57286.2,
              "Total Cost": 57286.21,
              "Plan Rows": 1,
              "Plan Width": 8,
              "Actual Startup Time": 65.9,
              "Actual Total Time": 65.902,
              "Actual Rows": 1,
              "Actual Loops": 4,
              "Plans": [
                {
                  "Node Type": "Nested Loop",
                  "Parent Relationship": "Outer",
                  "Parallel Aware": false,
                  "Join Type": "Inner",
                  "Startup Cost": 390.28,
                  "Total Cost": 57280.43,
                  "Plan Rows": 2308,
                  "Plan Width": 0,
                  "Actual Startup Time": 8.77,
                  "Actual Total Time": 65.214,
                  "Actual Rows": 5046,
                  "Actual Loops": 4,
                  "Inner Unique": true,
                  "Plans": [
                    {
                      "Node Type": "Bitmap Heap Scan",
                      "Parent Relationship": "Outer",
                      "Parallel Aware": true,
                      "Relation Name": "movie_keyword",
                      "Alias": "mk",
                      "Startup Cost": 389.85,
                      "Total Cost": 24231.11,
                      "Plan Rows": 5886,
                      "Plan Width": 4,
                      "Actual Startup Time": 8.542,
                      "Actual Total Time": 24.806,
                      "Actual Rows": 5130,
                      "Actual Loops": 4,
                      "Recheck Cond": "(keyword_id = 382)",
                      "Rows Removed by Index Recheck": 0,
                      "Exact Heap Blocks": 7069,
                      "Lossy Heap Blocks": 0,
                      "Plans": [
                        {
                          "Node Type": "Bitmap Index Scan",
                          "Parent Relationship": "Outer",
                          "Parallel Aware": false,
                          "Index Name": "keyword_id_movie_keyword",
                          "Startup Cost": 0.0,
                          "Total Cost": 385.28,
                          "Plan Rows": 18247,
                          "Plan Width": 0,
                          "Actual Startup Time": 10.829,
                          "Actual Total Time": 10.829,
                          "Actual Rows": 20522,
                          "Actual Loops": 1,
                          "Index Cond": "(keyword_id = 382)"
                        }
                      ]
                    },
                    {
                      "Node Type": "Index Scan",
                      "Parent Relationship": "Inner",
                      "Parallel Aware": false,
                      "Scan Direction": "Forward",
                      "Index Name": "title_pkey",
                      "Relation Name": "title",
                      "Alias": "t",
                      "Startup Cost": 0.43,
                      "Total Cost": 5.61,
                      "Plan Rows": 1,
                      "Plan Width": 4,
                      "Actual Startup Time": 0.007,
                      "Actual Total Time": 0.007,
                      "Actual Rows": 1,
                      "Actual Loops": 20522,
                      "Index Cond": "(id = mk.movie_id)",
                      "Rows Removed by Index Recheck": 0,
                      "Filter": "(kind_id < 7)",
                      "Rows Removed by Filter": 0
                    }
                  ]
                }
              ]
            }
          ]
        }
      ]
    },
    "Planning Time": 0.602,
    "Triggers": [],
    "Execution Time": 84.733
  }
]