[
  {
    "Plan": {
      "Node Type": "Aggregate",
      "Strategy": "Plain",
      "Partial Mode": "Finalize",
      "Parallel Aware": false,
      "Startup Cost": 401821.44,
      "Total Cost": 401821.45,
      "Plan Rows": 1,
      "Plan Width": 8,
      "Actual Startup Time": 2836.715,
      "Actual Total Time": 2898.214,
      "Actual Rows": 1,
      "Actual Loops": 1,
      "Plans": [
        {
          "Node Type": "Gather",
          "Parent Relationship": "Outer",
          "Parallel Aware": false,
          "Startup Cost": 401820.82,
          "Total Cost": 401821.43,
          "Plan Rows": 6,
          "Plan Width": 8,
          "Actual Startup Time": 2821.456,
          "Actual Total Time": 2898.204,
          "Actual Rows": 7,
          "Actual Loops": 1,
          "Workers Planned": 6,
          "Workers Launched": 6,
          "Single Copy": false,
          "Plans": [
            {
              "Node Type": "Aggregate",
              "Strategy": "Plain",
              "Partial Mode": "Partial",
              "Parent Relationship": "Outer",
              "Parallel Aware": false,
              "Startup Cost": 400820.82,
              "Total Cost": 400820.83,
              "Plan Rows": 1,
              "Plan Width": 8,
              "Actual Startup Time": 2804.54,
              "Actual Total Time": 2804.542,
              "Actual Rows": 1,
              "Actual Loops": 7,
              "Plans": [
                {
                  "Node Type": "Hash Join",
                  "Parent Relationship": "Outer",
                  "Parallel Aware": true,
                  "Join Type": "Inner",
                  "Startup Cost": 49124.32,
                  "Total Cost": 391725.8,
                  "Plan Rows": 3638006,
                  "Plan Width": 0,
                  "Actual Startup Time": 243.742,
                  "Actual Total Time": 2660.877,
                  "Actual Rows": 2991846,
                  "Actual Loops": 7,
                  "Inner Unique": true,
                  "Hash Cond": "(ci.movie_id = t.id)",
                  "Plans": [
                    {
                      "Node Type": "Seq Scan",
                      "Parent Relationship": "Outer",
                      "Parallel Aware": true,
                      "Relation Name": "cast_info",
                      "Alias": "ci",
                      "Startup Cost": 0.0,
                      "Total Cost": 328162.03,
                      "Plan Rows": 5500739,
                      "Plan Width": 4,
                      "Actual Startup Time": 34.766,
                      "Actual Total Time": 682.675,
                      "Actual Rows": 4704272,
                      "Actual Loops": 7,
                      "Filter": "(person_id > 319200)",
                      "Rows Removed by Filter": 473492
                    },
                    {
                      "Node Type": "Hash",
                      "Parent Relationship": "Inner",
                      "Parallel Aware": true,
                      "Startup Cost": 43898.92,
                      "Total Cost": 43898.92,
                      "Plan Rows": 418032,
                      "Plan Width": 4,
                      "Actual Startup Time": 203.794,
                      "Actual Total Time": 203.795,
                      "Actual Rows": 239157,
                      "Actual Loops": 7,
                      "Hash Buckets": 2097152,
                      "Original Hash Buckets": 2097152,
                      "Hash Batches": 1,
                      "Original Hash Batches": 1,
                      "Peak Memory Usage": 81952,
                      "Plans": [
                        {
                          "Node Type": "Seq Scan",
                          "Parent Relationship": "Outer",
                          "Parallel Aware": true,
                          "Relation Name": "title",
                          "Alias": "t",
                          "Startup Cost": 0.0,
                          "Total Cost": 43898.92,
                          "Plan Rows": 418032,
                          "Plan Width": 4,
                          "Actual Startup Time": 0.042,
                          "Actual Total Time": 81.972,
                          "Actual Rows": 239157,
                          "Actual Loops": 7,
                          "Filter": "(kind_id > 3)",
                          "Rows Removed by Filter": 122031
                        }
                      ]
                    }
                  ]
                }
              ]
            }
          ]
        }
      ]
    },
    "Planning Time": 0.643,
    "Triggers": [],
    "Execution Time": 2898.302
  }
]