[
  {
    "Plan": {
      "Node Type": "Aggregate",
      "Strategy": "Plain",
      "Partial Mode": "Finalize",
      "Parallel Aware": false,
      "Startup Cost": 46340.37,
      "Total Cost": 46340.38,
      "Plan Rows": 1,
      "Plan Width": 8,
      "Actual Startup Time": 145.86,
      "Actual Total Time": 155.848,
      "Actual Rows": 1,
      "Actual Loops": 1,
      "Plans": [
        {
          "Node Type": "Gather",
          "Parent Relationship": "Outer",
          "Parallel Aware": false,
          "Startup Cost": 46340.05,
          "Total Cost": 46340.36,
          "Plan Rows": 3,
          "Plan Width": 8,
          "Actual Startup Time": 145.695,
          "Actual Total Time": 155.836,
          "Actual Rows": 4,
          "Actual Loops": 1,
          "Workers Planned": 3,
          "Workers Launched": 3,
          "Single Copy": false,
          "Plans": [
            {
              "Node Type": "Aggregate",
              "Strategy": "Plain",
              "Partial Mode": "Partial",
              "Parent Relationship": "Outer",
              "Parallel Aware": false,
              "Startup Cost": 45340.05,
              "Total Cost": 45340.06,
              "Plan Rows": 1,
              "Plan Width": 8,
              "Actual Startup Time": 142.642,
              "Actual Total Time": 142.644,
              "Actual Rows": 1,
              "Actual Loops": 4,
              "Plans": [
                {
                  "Node Type": "Seq Scan",
                  "Parent Relationship": "Outer",
                  "Parallel Aware": true,
                  "Relation Name": "movie_keyword",
                  "Alias": "mk",
                  "Startup Cost": 0.0,
                  "Total Cost": 42695.65,
                  "Plan Rows": 1057760,
                  "Plan Width": 0,
                  "Actual Startup Time": 0.065,
                  "Actual Total Time": 111.181,
                  "Actual Rows": 817675,
                  "Actual Loops": 4,
                  "Filter": "(keyword_id > 1595)",
                  "Rows Removed by Filter": 313307
                }
              ]
            }
          ]
        }
      ]
    },
    "Planning Time": 0.092,
    "Triggers": [],
    "Execution Time": 155.873
  }
]