{
  "Plan": {
    "Node Type": "Aggregate",
    "Strategy": "Plain",
    "Partial Mode": "Finalize",
    "Parallel Aware": false,
    "Startup Cost": 492184.27,
    "Total Cost": 492184.28,
    "Plan Rows": 1,
    "Plan Width": 8,
    "Actual Startup Time": 1522.087,
    "Actual Total Time": 1545.236,
    "Actual Rows": 1,
    "Actual Loops": 1,
    "Plans": [
      {
        "Node Type": "Gather",
        "Parent Relationship": "Outer",
        "Parallel Aware": false,
        "Startup Cost": 492184.16,
        "Total Cost": 492184.27,
        "Plan Rows": 1,
        "Plan Width": 8,
        "Actual Startup Time": 1518.456,
        "Actual Total Time": 1545.224,
        "Actual Rows": 2,
        "Actual Loops": 1,
        "Workers Planned": 1,
        "Workers Launched": 1,
        "Single Copy": false,
        "Plans": [
          {
            "Node Type": "Aggregate",
            "Strategy": "Plain",
            "Partial Mode": "Partial",
            "Parent Relationship": "Outer",
            "Parallel Aware": false,
            "Startup Cost": 491184.16,
            "Total Cost": 491184.17,
            "Plan Rows": 1,
            "Plan Width": 8,
            "Actual Startup Time": 1504.774,
            "Actual Total Time": 1504.781,
            "Actual Rows": 1,
            "Actual Loops": 2,
            "Plans": [
              {
                "Node Type": "Hash Join",
                "Parent Relationship": "Outer",
                "Parallel Aware": true,
                "Join Type": "Inner",
                "Startup Cost": 184913.24,
                "Total Cost": 487685.05,
                "Plan Rows": 1399645,
                "Plan Width": 0,
                "Actual Startup Time": 991.257,
                "Actual Total Time": 1473.214,
                "Actual Rows": 753839,
                "Actual Loops": 2,
                "Inner Unique": true,
                "Hash Cond": "(ci.movie_id = t.id)",
                "Plans": [
                  {
                    "Node Type": "Bitmap Heap Scan",
                    "Parent Relationship": "Outer",
                    "Parallel Aware": true,
                    "Relation Name": "cast_info",
                    "Alias": "ci",
                    "Startup Cost": 115452.54,
                    "Total Cost": 414550.27,
                    "Plan Rows": 1399645,
                    "Plan Width": 4,
                    "Actual Startup Time": 410.051,
                    "Actual Total Time": 548.565,
                    "Actual Rows": 753839,
                    "Actual Loops": 2,
                    "Recheck Cond": "(person_id < 524377)",
                    "Rows Removed by Index Recheck": 0,
                    "Filter": "(role_id > 2)",
                    "Rows Removed by Filter": 1963067,
                    "Exact Heap Blocks": 29592,
                    "Lossy Heap Blocks": 0,
                    "Plans": [
                      {
                        "Node Type": "Bitmap Index Scan",
                        "Parent Relationship": "Outer",
                        "Parallel Aware": false,
                        "Index Name": "person_id_cast_info",
                        "Startup Cost": 0.0,
                        "Total Cost": 114857.69,
                        "Plan Rows": 5259883,
                        "Plan Width": 0,
                        "Actual Startup Time": 196.111,
                        "Actual Total Time": 196.113,
                        "Actual Rows": 5433812,
                        "Actual Loops": 1,
                        "Index Cond": "(person_id < 524377)"
                      }
                    ]
                  },
                  {
                    "Node Type": "Hash",
                    "Parent Relationship": "Inner",
                    "Parallel Aware": true,
                    "Startup Cost": 50870.31,
                    "Total Cost": 50870.31,
                    "Plan Rows": 1487231,
                    "Plan Width": 4,
                    "Actual Startup Time": 558.557,
                    "Actual Total Time": 558.559,
                    "Actual Rows": 1264156,
                    "Actual Loops": 2,
                    "Hash Buckets": 4194304,
                    "Original Hash Buckets": 4194304,
                    "Hash Batches": 1,
                    "Original Hash Batches": 1,
                    "Peak Memory Usage": 131712,
                    "Plans": [
                      {
                        "Node Type": "Seq Scan",
                        "Parent Relationship": "Outer",
                        "Parallel Aware": true,
                        "Relation Name": "title",
                        "Alias": "t",
                        "Startup Cost": 0.0,
                        "Total Cost": 50870.31,
                        "Plan Rows": 1487231,
                        "Plan Width": 4,
                        "Actual Startup Time": 0.032,
                        "Actual Total Time": 158.963,
                        "Actual Rows": 1264156,
                        "Actual Loops": 2
                      }
                    ]
                  }
                ]
              }
            ]
          }
        ]
      }
    ]
  },
  "Planning Time": 0.725,
  "Triggers": [],
  "Execution Time": 1545.335
}