[
  {
    "Plan": {
      "Node Type": "Aggregate",
      "Strategy": "Plain",
      "Partial Mode": "Finalize",
      "Parallel Aware": false,
      "Startup Cost": 334014.68,
      "Total Cost": 334014.69,
      "Plan Rows": 1,
      "Plan Width": 8,
      "Actual Startup Time": 604.125,
      "Actual Total Time": 665.253,
      "Actual Rows": 1,
      "Actual Loops": 1,
      "Plans": [
        {
          "Node Type": "Gather",
          "Parent Relationship": "Outer",
          "Parallel Aware": false,
          "Startup Cost": 334014.05,
          "Total Cost": 334014.66,
          "Plan Rows": 6,
          "Plan Width": 8,
          "Actual Startup Time": 603.986,
          "Actual Total Time": 665.244,
          "Actual Rows": 7,
          "Actual Loops": 1,
          "Workers Planned": 6,
          "Workers Launched": 6,
          "Single Copy": false,
          "Plans": [
            {
              "Node Type": "Aggregate",
              "Strategy": "Plain",
              "Partial Mode": "Partial",
              "Parent Relationship": "Outer",
              "Parallel Aware": false,
              "Startup Cost": 333014.05,
              "Total Cost": 333014.06,
              "Plan Rows": 1,
              "Plan Width": 8,
              "Actual Startup Time": 596.372,
              "Actual Total Time": 596.373,
              "Actual Rows": 1,
              "Actual Loops": 7,
              "Plans": [
                {
                  "Node Type": "Seq Scan",
                  "Parent Relationship": "Outer",
                  "Parallel Aware": true,
                  "Relation Name": "cast_info",
                  "Alias": "ci",
                  "Startup Cost": 0.0,
                  "Total Cost": 328162.03,
                  "Plan Rows": 1940811,
                  "Plan Width": 0,
                  "Actual Startup Time": 0.039,
                  "Actual Total Time": 528.216,
                  "Actual Rows": 1663688,
                  "Actual Loops": 7,
                  "Filter": "(person_id < 1145264)",
                  "Rows Removed by Filter": 3514075
                }
              ]
            }
          ]
        }
      ]
    },
    "Planning Time": 0.19,
    "Triggers": [],
    "Execution Time": 665.325
  }
]