[
  {
    "Plan": {
      "Node Type": "Aggregate",
      "Strategy": "Plain",
      "Partial Mode": "Finalize",
      "Parallel Aware": false,
      "Startup Cost": 287710.2,
      "Total Cost": 287710.21,
      "Plan Rows": 1,
      "Plan Width": 8,
      "Actual Startup Time": 1442.747,
      "Actual Total Time": 1468.611,
      "Actual Rows": 1,
      "Actual Loops": 1,
      "Plans": [
        {
          "Node Type": "Gather",
          "Parent Relationship": "Outer",
          "Parallel Aware": false,
          "Startup Cost": 287709.88,
          "Total Cost": 287710.19,
          "Plan Rows": 3,
          "Plan Width": 8,
          "Actual Startup Time": 1420.505,
          "Actual Total Time": 1468.603,
          "Actual Rows": 4,
          "Actual Loops": 1,
          "Workers Planned": 3,
          "Workers Launched": 3,
          "Single Copy": false,
          "Plans": [
            {
              "Node Type": "Aggregate",
              "Strategy": "Plain",
              "Partial Mode": "Partial",
              "Parent Relationship": "Outer",
              "Parallel Aware": false,
              "Startup Cost": 286709.88,
              "Total Cost": 286709.89,
              "Plan Rows": 1,
              "Plan Width": 8,
              "Actual Startup Time": 1412.767,
              "Actual Total Time": 1412.774,
              "Actual Rows": 1,
              "Actual Loops": 4,
              "Plans": [
                {
                  "Node Type": "Hash Join",
                  "Parent Relationship": "Outer",
                  "Parallel Aware": true,
                  "Join Type": "Inner",
                  "Startup Cost": 240552.05,
                  "Total Cost": 286011.59,
                  "Plan Rows": 279315,
                  "Plan Width": 0,
                  "Actual Startup Time": 646.386,
                  "Actual Total Time": 1185.807,
                  "Actual Rows": 5170770,
                  "Actual Loops": 4,
                  "Inner Unique": false,
                  "Hash Cond": "(mk.movie_id = t.id)",
                  "Plans": [
                    {
                      "Node Type": "Seq Scan",
                      "Parent Relationship": "Outer",
                      "Parallel Aware": true,
                      "Relation Name": "movie_keyword",
                      "Alias": "mk",
                      "Startup Cost": 0.0,
                      "Total Cost": 42695.65,
                      "Plan Rows": 588069,
                      "Plan Width": 4,
                      "Actual Startup Time": 0.031,
                      "Actual Total Time": 99.138,
                      "Actual Rows": 454824,
                      "Actual Loops": 4,
                      "Filter": "(keyword_id < 2987)",
                      "Rows Removed by Filter": 676159
                    },
                    {
                      "Node Type": "Hash",
                      "Parent Relationship": "Inner",
                      "Parallel Aware": true,
                      "Startup Cost": 237549.75,
                      "Total Cost": 237549.75,
                      "Plan Rows": 240184,
                      "Plan Width": 8,
                      "Actual Startup Time": 641.97,
                      "Actual Total Time": 641.975,
                      "Actual Rows": 296790,
                      "Actual Loops": 4,
                      "Hash Buckets": 2097152,
                      "Original Hash Buckets": 2097152,
                      "Hash Batches": 1,
                      "Original Hash Batches": 1,
                      "Peak Memory Usage": 62912,
                      "Plans": [
                        {
                          "Node Type": "Hash Join",
                          "Parent Relationship": "Outer",
                          "Parallel Aware": true,
                          "Join Type": "Inner",
                          "Startup Cost": 71923.96,
                          "Total Cost": 237549.75,
                          "Plan Rows": 240184,
                          "Plan Width": 8,
                          "Actual Startup Time": 386.269,
                          "Actual Total Time": 555.328,
                          "Actual Rows": 296790,
                          "Actual Loops": 4,
                          "Inner Unique": true,
                          "Hash Cond": "(mi.movie_id = t.id)",
                          "Plans": [
                            {
                              "Node Type": "Bitmap Heap Scan",
                              "Parent Relationship": "Outer",
                              "Parallel Aware": true,
                              "Relation Name": "movie_info",
                              "Alias": "mi",
                              "Startup Cost": 21703.58,
                              "Total Cost": 186698.89,
                              "Plan Rows": 240184,
                              "Plan Width": 4,
                              "Actual Startup Time": 65.263,
                              "Actual Total Time": 131.072,
                              "Actual Rows": 296790,
                              "Actual Loops": 4,
                              "Recheck Cond": "(info_type_id > 41)",
                              "Rows Removed by Index Recheck": 0,
                              "Exact Heap Blocks": 10329,
                              "Lossy Heap Blocks": 0,
                              "Plans": [
                                {
                                  "Node Type": "Bitmap Index Scan",
                                  "Parent Relationship": "Outer",
                                  "Parallel Aware": false,
                                  "Index Name": "info_type_id_movie_info",
                                  "Startup Cost": 0.0,
                                  "Total Cost": 21403.35,
                                  "Plan Rows": 1200922,
                                  "Plan Width": 0,
                                  "Actual Startup Time": 59.644,
                                  "Actual Total Time": 59.645,
                                  "Actual Rows": 1187158,
                                  "Actual Loops": 1,
                                  "Index Cond": "(info_type_id > 41)"
                                }
                              ]
                            },
                            {
                              "Node Type": "Hash",
                              "Parent Relationship": "Inner",
                              "Parallel Aware": true,
                              "Startup Cost": 42319.06,
                              "Total Cost": 42319.06,
                              "Plan Rows": 632106,
                              "Plan Width": 4,
                              "Actual Startup Time": 314.327,
                              "Actual Total Time": 314.328,
                              "Actual Rows": 632078,
                              "Actual Loops": 4,
                              "Hash Buckets": 4194304,
                              "Original Hash Buckets": 4194304,
                              "Hash Batches": 1,
                              "Original Hash Batches": 1,
                              "Peak Memory Usage": 131744,
                              "Plans": [
                                {
                                  "Node Type": "Seq Scan",
                                  "Parent Relationship": "Outer",
                                  "Parallel Aware": true,
                                  "Relation Name": "title",
                                  "Alias": "t",
                                  "Startup Cost": 0.0,
                                  "Total Cost": 42319.06,
                                  "Plan Rows": 632106,
                                  "Plan Width": 4,
                                  "Actual Startup Time": 0.072,
                                  "Actual Total Time": 92.703,
                                  "Actual Rows": 632078,
                                  "Actual Loops": 4
                                }
                              ]
                            }
                          ]
                        }
                      ]
                    }
                  ]
                }
              ]
            }
          ]
        }
      ]
    },
    "Planning Time": 0.51,
    "Triggers": [],
    "Execution Time": 1468.666
  }
]