[
    {
        "Bao": {
            "Bao prediction": "NaN",
            "Bao recommended hint": "(no hint)"
        }
    },
    {
        "Plan": {
            "Node Type": "Aggregate",
            "Strategy": "Plain",
            "Partial Mode": "Finalize",
            "Parallel Aware": false,
            "Startup Cost": 168332.94,
            "Total Cost": 168332.95,
            "Plan Rows": 1,
            "Plan Width": 8,
            "Actual Startup Time": 2656.558,
            "Actual Total Time": 2730.015,
            "Actual Rows": 1,
            "Actual Loops": 1,
            "Output": [
                "count(*)"
            ],
            "Plans": [
                {
                    "Node Type": "Gather",
                    "Parent Relationship": "Outer",
                    "Parallel Aware": false,
                    "Startup Cost": 168332.62,
                    "Total Cost": 168332.93,
                    "Plan Rows": 3,
                    "Plan Width": 8,
                    "Actual Startup Time": 2644.772,
                    "Actual Total Time": 2730.002,
                    "Actual Rows": 4,
                    "Actual Loops": 1,
                    "Output": [
                        "(PARTIAL count(*))"
                    ],
                    "Workers Planned": 3,
                    "Workers Launched": 3,
                    "Single Copy": false,
                    "Plans": [
                        {
                            "Node Type": "Aggregate",
                            "Strategy": "Plain",
                            "Partial Mode": "Partial",
                            "Parent Relationship": "Outer",
                            "Parallel Aware": false,
                            "Startup Cost": 167332.62,
                            "Total Cost": 167332.63,
                            "Plan Rows": 1,
                            "Plan Width": 8,
                            "Actual Startup Time": 2627.676,
                            "Actual Total Time": 2627.681,
                            "Actual Rows": 1,
                            "Actual Loops": 4,
                            "Output": [
                                "PARTIAL count(*)"
                            ],
                            "Workers": [
                                {
                                    "Worker Number": 0,
                                    "Actual Startup Time": 2623.412,
                                    "Actual Total Time": 2623.416,
                                    "Actual Rows": 1,
                                    "Actual Loops": 1
                                },
                                {
                                    "Worker Number": 1,
                                    "Actual Startup Time": 2621.52,
                                    "Actual Total Time": 2621.524,
                                    "Actual Rows": 1,
                                    "Actual Loops": 1
                                },
                                {
                                    "Worker Number": 2,
                                    "Actual Startup Time": 2621.553,
                                    "Actual Total Time": 2621.556,
                                    "Actual Rows": 1,
                                    "Actual Loops": 1
                                }
                            ],
                            "Plans": [
                                {
                                    "Node Type": "Nested Loop",
                                    "Parent Relationship": "Outer",
                                    "Parallel Aware": false,
                                    "Join Type": "Inner",
                                    "Startup Cost": 52803.39,
                                    "Total Cost": 166149.84,
                                    "Plan Rows": 473111,
                                    "Plan Width": 0,
                                    "Actual Startup Time": 576.998,
                                    "Actual Total Time": 2556.427,
                                    "Actual Rows": 1007940,
                                    "Actual Loops": 4,
                                    "Inner Unique": false,
                                    "Workers": [
                                        {
                                            "Worker Number": 0,
                                            "Actual Startup Time": 571.177,
                                            "Actual Total Time": 2549.869,
                                            "Actual Rows": 960343,
                                            "Actual Loops": 1
                                        },
                                        {
                                            "Worker Number": 1,
                                            "Actual Startup Time": 571.097,
                                            "Actual Total Time": 2552.68,
                                            "Actual Rows": 975470,
                                            "Actual Loops": 1
                                        },
                                        {
                                            "Worker Number": 2,
                                            "Actual Startup Time": 571.631,
                                            "Actual Total Time": 2551.644,
                                            "Actual Rows": 908628,
                                            "Actual Loops": 1
                                        }
                                    ],
                                    "Plans": [
                                        {
                                            "Node Type": "Hash Join",
                                            "Parent Relationship": "Outer",
                                            "Parallel Aware": true,
                                            "Join Type": "Inner",
                                            "Startup Cost": 52802.82,
                                            "Total Cost": 77850.23,
                                            "Plan Rows": 39234,
                                            "Plan Width": 8,
                                            "Actual Startup Time": 576.841,
                                            "Actual Total Time": 667.676,
                                            "Actual Rows": 30480,
                                            "Actual Loops": 4,
                                            "Output": [
                                                "t.id",
                                                "mk.movie_id"
                                            ],
                                            "Inner Unique": true,
                                            "Hash Cond": "(mk.movie_id = t.id)",
                                            "Workers": [
                                                {
                                                    "Worker Number": 0,
                                                    "Actual Startup Time": 571.041,
                                                    "Actual Total Time": 664.274,
                                                    "Actual Rows": 27876,
                                                    "Actual Loops": 1
                                                },
                                                {
                                                    "Worker Number": 1,
                                                    "Actual Startup Time": 570.938,
                                                    "Actual Total Time": 664.358,
                                                    "Actual Rows": 29298,
                                                    "Actual Loops": 1
                                                },
                                                {
                                                    "Worker Number": 2,
                                                    "Actual Startup Time": 571.391,
                                                    "Actual Total Time": 662.392,
                                                    "Actual Rows": 27022,
                                                    "Actual Loops": 1
                                                }
                                            ],
                                            "Plans": [
                                                {
                                                    "Node Type": "Bitmap Heap Scan",
                                                    "Parent Relationship": "Outer",
                                                    "Parallel Aware": true,
                                                    "Relation Name": "movie_keyword",
                                                    "Schema": "public",
                                                    "Alias": "mk",
                                                    "Startup Cost": 2583.02,
                                                    "Total Cost": 27527.44,
                                                    "Plan Rows": 39234,
                                                    "Plan Width": 4,
                                                    "Actual Startup Time": 24.968,
                                                    "Actual Total Time": 71.246,
                                                    "Actual Rows": 30480,
                                                    "Actual Loops": 4,
                                                    "Output": [
                                                        "mk.id",
                                                        "mk.movie_id",
                                                        "mk.keyword_id"
                                                    ],
                                                    "Recheck Cond": "(mk.keyword_id < 117)",
                                                    "Rows Removed by Index Recheck": 0,
                                                    "Exact Heap Blocks": 6780,
                                                    "Lossy Heap Blocks": 0,
                                                    "Workers": [
                                                        {
                                                            "Worker Number": 0,
                                                            "Actual Startup Time": 24.878,
                                                            "Actual Total Time": 73.559,
                                                            "Actual Rows": 27876,
                                                            "Actual Loops": 1
                                                        },
                                                        {
                                                            "Worker Number": 1,
                                                            "Actual Startup Time": 24.79,
                                                            "Actual Total Time": 74.437,
                                                            "Actual Rows": 29298,
                                                            "Actual Loops": 1
                                                        },
                                                        {
                                                            "Worker Number": 2,
                                                            "Actual Startup Time": 25.142,
                                                            "Actual Total Time": 74.219,
                                                            "Actual Rows": 27022,
                                                            "Actual Loops": 1
                                                        }
                                                    ],
                                                    "Plans": [
                                                        {
                                                            "Node Type": "Bitmap Index Scan",
                                                            "Parent Relationship": "Outer",
                                                            "Parallel Aware": false,
                                                            "Index Name": "keyword_id_movie_keyword",
                                                            "Startup Cost": 0.0,
                                                            "Total Cost": 2552.61,
                                                            "Plan Rows": 121624,
                                                            "Plan Width": 0,
                                                            "Actual Startup Time": 19.334,
                                                            "Actual Total Time": 19.335,
                                                            "Actual Rows": 121921,
                                                            "Actual Loops": 1,
                                                            "Index Cond": "(mk.keyword_id < 117)",
                                                            "Workers": [
                                                                {
                                                                    "Worker Number": 1,
                                                                    "Actual Startup Time": 19.334,
                                                                    "Actual Total Time": 19.335,
                                                                    "Actual Rows": 121921,
                                                                    "Actual Loops": 1
                                                                }
                                                            ]
                                                        }
                                                    ]
                                                },
                                                {
                                                    "Node Type": "Hash",
                                                    "Parent Relationship": "Inner",
                                                    "Parallel Aware": true,
                                                    "Startup Cost": 42318.81,
                                                    "Total Cost": 42318.81,
                                                    "Plan Rows": 632080,
                                                    "Plan Width": 4,
                                                    "Actual Startup Time": 540.34,
                                                    "Actual Total Time": 540.341,
                                                    "Actual Rows": 632078,
                                                    "Actual Loops": 4,
                                                    "Output": [
                                                        "t.id"
                                                    ],
                                                    "Hash Buckets": 4194304,
                                                    "Original Hash Buckets": 4194304,
                                                    "Hash Batches": 1,
                                                    "Original Hash Batches": 1,
                                                    "Peak Memory Usage": 131744,
                                                    "Workers": [
                                                        {
                                                            "Worker Number": 0,
                                                            "Actual Startup Time": 545.63,
                                                            "Actual Total Time": 545.631,
                                                            "Actual Rows": 600841,
                                                            "Actual Loops": 1
                                                        },
                                                        {
                                                            "Worker Number": 1,
                                                            "Actual Startup Time": 545.681,
                                                            "Actual Total Time": 545.683,
                                                            "Actual Rows": 594361,
                                                            "Actual Loops": 1
                                                        },
                                                        {
                                                            "Worker Number": 2,
                                                            "Actual Startup Time": 545.733,
                                                            "Actual Total Time": 545.734,
                                                            "Actual Rows": 611444,
                                                            "Actual Loops": 1
                                                        }
                                                    ],
                                                    "Plans": [
                                                        {
                                                            "Node Type": "Seq Scan",
                                                            "Parent Relationship": "Outer",
                                                            "Parallel Aware": true,
                                                            "Relation Name": "title",
                                                            "Schema": "public",
                                                            "Alias": "t",
                                                            "Startup Cost": 0.0,
                                                            "Total Cost": 42318.81,
                                                            "Plan Rows": 632080,
                                                            "Plan Width": 4,
                                                            "Actual Startup Time": 0.051,
                                                            "Actual Total Time": 144.343,
                                                            "Actual Rows": 632078,
                                                            "Actual Loops": 4,
                                                            "Output": [
                                                                "t.id"
                                                            ],
                                                            "Workers": [
                                                                {
                                                                    "Worker Number": 0,
                                                                    "Actual Startup Time": 0.065,
                                                                    "Actual Total Time": 146.695,
                                                                    "Actual Rows": 600841,
                                                                    "Actual Loops": 1
                                                                },
                                                                {
                                                                    "Worker Number": 1,
                                                                    "Actual Startup Time": 0.065,
                                                                    "Actual Total Time": 146.429,
                                                                    "Actual Rows": 594361,
                                                                    "Actual Loops": 1
                                                                },
                                                                {
                                                                    "Worker Number": 2,
                                                                    "Actual Startup Time": 0.053,
                                                                    "Actual Total Time": 153.516,
                                                                    "Actual Rows": 611444,
                                                                    "Actual Loops": 1
                                                                }
                                                            ]
                                                        }
                                                    ]
                                                }
                                            ]
                                        },
                                        {
                                            "Node Type": "Index Scan",
                                            "Parent Relationship": "Inner",
                                            "Parallel Aware": false,
                                            "Scan Direction": "Forward",
                                            "Index Name": "movie_id_cast_info",
                                            "Relation Name": "cast_info",
                                            "Schema": "public",
                                            "Alias": "ci",
                                            "Startup Cost": 0.56,
                                            "Total Cost": 1.93,
                                            "Plan Rows": 32,
                                            "Plan Width": 4,
                                            "Actual Startup Time": 0.01,
                                            "Actual Total Time": 0.058,
                                            "Actual Rows": 33,
                                            "Actual Loops": 121921,
                                            "Output": [
                                                "ci.id",
                                                "ci.person_id",
                                                "ci.movie_id",
                                                "ci.person_role_id",
                                                "ci.note",
                                                "ci.nr_order",
                                                "ci.role_id"
                                            ],
                                            "Index Cond": "(ci.movie_id = t.id)",
                                            "Rows Removed by Index Recheck": 0,
                                            "Filter": "(ci.person_id < 3074961)",
                                            "Rows Removed by Filter": 8,
                                            "Workers": [
                                                {
                                                    "Worker Number": 0,
                                                    "Actual Startup Time": 0.012,
                                                    "Actual Total Time": 0.063,
                                                    "Actual Rows": 34,
                                                    "Actual Loops": 27876
                                                },
                                                {
                                                    "Worker Number": 1,
                                                    "Actual Startup Time": 0.011,
                                                    "Actual Total Time": 0.061,
                                                    "Actual Rows": 33,
                                                    "Actual Loops": 29298
                                                },
                                                {
                                                    "Worker Number": 2,
                                                    "Actual Startup Time": 0.012,
                                                    "Actual Total Time": 0.066,
                                                    "Actual Rows": 34,
                                                    "Actual Loops": 27022
                                                }
                                            ]
                                        }
                                    ]
                                }
                            ]
                        }
                    ]
                }
            ]
        },
        "Planning Time": 288.907,
        "Triggers": [],
        "Execution Time": 2730.202
    }
]