{
    "Plan": {
        "Node Type": "Aggregate",
        "Strategy": "Plain",
        "Partial Mode": "Finalize",
        "Parallel Aware": false,
        "Startup Cost": 91457.38,
        "Total Cost": 91457.39,
        "Plan Rows": 1,
        "Plan Width": 8,
        "Actual Startup Time": 358.285,
        "Actual Total Time": 376.35,
        "Actual Rows": 1,
        "Actual Loops": 1,
        "Output": [
            "count(*)"
        ],
        "Plans": [
            {
                "Node Type": "Gather",
                "Parent Relationship": "Outer",
                "Parallel Aware": false,
                "Startup Cost": 91456.96,
                "Total Cost": 91457.37,
                "Plan Rows": 4,
                "Plan Width": 8,
                "Actual Startup Time": 352.998,
                "Actual Total Time": 376.338,
                "Actual Rows": 5,
                "Actual Loops": 1,
                "Output": [
                    "(PARTIAL count(*))"
                ],
                "Workers Planned": 4,
                "Workers Launched": 4,
                "Single Copy": false,
                "Plans": [
                    {
                        "Node Type": "Aggregate",
                        "Strategy": "Plain",
                        "Partial Mode": "Partial",
                        "Parent Relationship": "Outer",
                        "Parallel Aware": false,
                        "Startup Cost": 90456.96,
                        "Total Cost": 90456.97,
                        "Plan Rows": 1,
                        "Plan Width": 8,
                        "Actual Startup Time": 341.192,
                        "Actual Total Time": 341.199,
                        "Actual Rows": 1,
                        "Actual Loops": 5,
                        "Output": [
                            "PARTIAL count(*)"
                        ],
                        "Workers": [
                            {
                                "Worker Number": 0,
                                "Actual Startup Time": 337.623,
                                "Actual Total Time": 337.629,
                                "Actual Rows": 1,
                                "Actual Loops": 1
                            },
                            {
                                "Worker Number": 1,
                                "Actual Startup Time": 339.207,
                                "Actual Total Time": 339.212,
                                "Actual Rows": 1,
                                "Actual Loops": 1
                            },
                            {
                                "Worker Number": 2,
                                "Actual Startup Time": 339.204,
                                "Actual Total Time": 339.218,
                                "Actual Rows": 1,
                                "Actual Loops": 1
                            },
                            {
                                "Worker Number": 3,
                                "Actual Startup Time": 338.247,
                                "Actual Total Time": 338.251,
                                "Actual Rows": 1,
                                "Actual Loops": 1
                            }
                        ],
                        "Plans": [
                            {
                                "Node Type": "Hash Join",
                                "Parent Relationship": "Outer",
                                "Parallel Aware": true,
                                "Join Type": "Inner",
                                "Startup Cost": 48655.2,
                                "Total Cost": 90456.03,
                                "Plan Rows": 372,
                                "Plan Width": 0,
                                "Actual Startup Time": 219.344,
                                "Actual Total Time": 341.109,
                                "Actual Rows": 279,
                                "Actual Loops": 5,
                                "Inner Unique": false,
                                "Hash Cond": "(t.id = mi_idx.movie_id)",
                                "Workers": [
                                    {
                                        "Worker Number": 0,
                                        "Actual Startup Time": 217.347,
                                        "Actual Total Time": 337.543,
                                        "Actual Rows": 272,
                                        "Actual Loops": 1
                                    },
                                    {
                                        "Worker Number": 1,
                                        "Actual Startup Time": 215.474,
                                        "Actual Total Time": 339.133,
                                        "Actual Rows": 234,
                                        "Actual Loops": 1
                                    },
                                    {
                                        "Worker Number": 2,
                                        "Actual Startup Time": 220.078,
                                        "Actual Total Time": 339.131,
                                        "Actual Rows": 285,
                                        "Actual Loops": 1
                                    },
                                    {
                                        "Worker Number": 3,
                                        "Actual Startup Time": 215.265,
                                        "Actual Total Time": 338.162,
                                        "Actual Rows": 262,
                                        "Actual Loops": 1
                                    }
                                ],
                                "Plans": [
                                    {
                                        "Node Type": "Bitmap Heap Scan",
                                        "Parent Relationship": "Outer",
                                        "Parallel Aware": true,
                                        "Relation Name": "title",
                                        "Schema": "public",
                                        "Alias": "t",
                                        "Startup Cost": 27537.76,
                                        "Total Cost": 69329.41,
                                        "Plan Rows": 2034,
                                        "Plan Width": 4,
                                        "Actual Startup Time": 88.575,
                                        "Actual Total Time": 208.316,
                                        "Actual Rows": 1684,
                                        "Actual Loops": 5,
                                        "Output": [
                                            "t.id",
                                            "t.title",
                                            "t.imdb_index",
                                            "t.kind_id",
                                            "t.production_year",
                                            "t.imdb_id",
                                            "t.phonetic_code",
                                            "t.episode_of_id",
                                            "t.season_nr",
                                            "t.episode_nr",
                                            "t.series_years",
                                            "t.md5sum"
                                        ],
                                        "Recheck Cond": "(t.kind_id > 4)",
                                        "Rows Removed by Index Recheck": 0,
                                        "Filter": "(t.production_year = 1966)",
                                        "Rows Removed by Filter": 309489,
                                        "Exact Heap Blocks": 7254,
                                        "Lossy Heap Blocks": 0,
                                        "Workers": [
                                            {
                                                "Worker Number": 0,
                                                "Actual Startup Time": 88.962,
                                                "Actual Total Time": 208.259,
                                                "Actual Rows": 1598,
                                                "Actual Loops": 1
                                            },
                                            {
                                                "Worker Number": 1,
                                                "Actual Startup Time": 88.596,
                                                "Actual Total Time": 208.106,
                                                "Actual Rows": 1619,
                                                "Actual Loops": 1
                                            },
                                            {
                                                "Worker Number": 2,
                                                "Actual Startup Time": 88.43,
                                                "Actual Total Time": 208.442,
                                                "Actual Rows": 1701,
                                                "Actual Loops": 1
                                            },
                                            {
                                                "Worker Number": 3,
                                                "Actual Startup Time": 88.934,
                                                "Actual Total Time": 208.089,
                                                "Actual Rows": 1565,
                                                "Actual Loops": 1
                                            }
                                        ],
                                        "Plans": [
                                            {
                                                "Node Type": "Bitmap Index Scan",
                                                "Parent Relationship": "Outer",
                                                "Parallel Aware": false,
                                                "Index Name": "kind_id_title",
                                                "Startup Cost": 0.0,
                                                "Total Cost": 27535.73,
                                                "Plan Rows": 1544973,
                                                "Plan Width": 0,
                                                "Actual Startup Time": 79.7,
                                                "Actual Total Time": 79.7,
                                                "Actual Rows": 1555864,
                                                "Actual Loops": 1,
                                                "Index Cond": "(t.kind_id > 4)"
                                            }
                                        ]
                                    },
                                    {
                                        "Node Type": "Hash",
                                        "Parent Relationship": "Inner",
                                        "Parallel Aware": true,
                                        "Startup Cost": 18708.6,
                                        "Total Cost": 18708.6,
                                        "Plan Rows": 192707,
                                        "Plan Width": 4,
                                        "Actual Startup Time": 126.626,
                                        "Actual Total Time": 126.627,
                                        "Actual Rows": 91985,
                                        "Actual Loops": 5,
                                        "Output": [
                                            "mi_idx.movie_id"
                                        ],
                                        "Hash Buckets": 524288,
                                        "Original Hash Buckets": 524288,
                                        "Hash Batches": 1,
                                        "Original Hash Batches": 1,
                                        "Peak Memory Usage": 22144,
                                        "Workers": [
                                            {
                                                "Worker Number": 0,
                                                "Actual Startup Time": 125.31,
                                                "Actual Total Time": 125.312,
                                                "Actual Rows": 77230,
                                                "Actual Loops": 1
                                            },
                                            {
                                                "Worker Number": 1,
                                                "Actual Startup Time": 126.434,
                                                "Actual Total Time": 126.436,
                                                "Actual Rows": 89795,
                                                "Actual Loops": 1
                                            },
                                            {
                                                "Worker Number": 2,
                                                "Actual Startup Time": 126.837,
                                                "Actual Total Time": 126.838,
                                                "Actual Rows": 92417,
                                                "Actual Loops": 1
                                            },
                                            {
                                                "Worker Number": 3,
                                                "Actual Startup Time": 126.0,
                                                "Actual Total Time": 126.001,
                                                "Actual Rows": 78719,
                                                "Actual Loops": 1
                                            }
                                        ],
                                        "Plans": [
                                            {
                                                "Node Type": "Bitmap Heap Scan",
                                                "Parent Relationship": "Outer",
                                                "Parallel Aware": true,
                                                "Relation Name": "movie_info_idx",
                                                "Schema": "public",
                                                "Alias": "mi_idx",
                                                "Startup Cost": 8364.77,
                                                "Total Cost": 18708.6,
                                                "Plan Rows": 192707,
                                                "Plan Width": 4,
                                                "Actual Startup Time": 40.301,
                                                "Actual Total Time": 81.384,
                                                "Actual Rows": 91985,
                                                "Actual Loops": 5,
                                                "Output": [
                                                    "mi_idx.movie_id"
                                                ],
                                                "Recheck Cond": "(mi_idx.info_type_id = 100)",
                                                "Rows Removed by Index Recheck": 0,
                                                "Exact Heap Blocks": 2101,
                                                "Lossy Heap Blocks": 0,
                                                "Workers": [
                                                    {
                                                        "Worker Number": 0,
                                                        "Actual Startup Time": 38.963,
                                                        "Actual Total Time": 81.768,
                                                        "Actual Rows": 77230,
                                                        "Actual Loops": 1
                                                    },
                                                    {
                                                        "Worker Number": 1,
                                                        "Actual Startup Time": 40.223,
                                                        "Actual Total Time": 81.44,
                                                        "Actual Rows": 89795,
                                                        "Actual Loops": 1
                                                    },
                                                    {
                                                        "Worker Number": 2,
                                                        "Actual Startup Time": 40.567,
                                                        "Actual Total Time": 81.012,
                                                        "Actual Rows": 92417,
                                                        "Actual Loops": 1
                                                    },
                                                    {
                                                        "Worker Number": 3,
                                                        "Actual Startup Time": 39.65,
                                                        "Actual Total Time": 82.893,
                                                        "Actual Rows": 78719,
                                                        "Actual Loops": 1
                                                    }
                                                ],
                                                "Plans": [
                                                    {
                                                        "Node Type": "Bitmap Index Scan",
                                                        "Parent Relationship": "Outer",
                                                        "Parallel Aware": false,
                                                        "Index Name": "info_type_id_movie_info_idx",
                                                        "Startup Cost": 0.0,
                                                        "Total Cost": 8249.15,
                                                        "Plan Rows": 462496,
                                                        "Plan Width": 0,
                                                        "Actual Startup Time": 40.302,
                                                        "Actual Total Time": 40.303,
                                                        "Actual Rows": 459925,
                                                        "Actual Loops": 1,
                                                        "Index Cond": "(mi_idx.info_type_id = 100)"
                                                    }
                                                ]
                                            }
                                        ]
                                    }
                                ]
                            }
                        ]
                    }
                ]
            }
        ]
    },
    "Planning Time": 2.877,
    "Triggers": [],
    "Execution Time": 376.952
}