[
  {
    "Plan": {
      "Node Type": "Aggregate",
      "Strategy": "Plain",
      "Partial Mode": "Finalize",
      "Parallel Aware": false,
      "Startup Cost": 82067.68,
      "Total Cost": 82067.69,
      "Plan Rows": 1,
      "Plan Width": 8,
      "Actual Startup Time": 239.0,
      "Actual Total Time": 260.179,
      "Actual Rows": 1,
      "Actual Loops": 1,
      "Plans": [
        {
          "Node Type": "Gather",
          "Parent Relationship": "Outer",
          "Parallel Aware": false,
          "Startup Cost": 82067.46,
          "Total Cost": 82067.67,
          "Plan Rows": 2,
          "Plan Width": 8,
          "Actual Startup Time": 238.314,
          "Actual Total Time": 260.17,
          "Actual Rows": 3,
          "Actual Loops": 1,
          "Workers Planned": 2,
          "Workers Launched": 2,
          "Single Copy": false,
          "Plans": [
            {
              "Node Type": "Aggregate",
              "Strategy": "Plain",
              "Partial Mode": "Partial",
              "Parent Relationship": "Outer",
              "Parallel Aware": false,
              "Startup Cost": 81067.46,
              "Total Cost": 81067.47,
              "Plan Rows": 1,
              "Plan Width": 8,
              "Actual Startup Time": 231.706,
              "Actual Total Time": 231.71,
              "Actual Rows": 1,
              "Actual Loops": 3,
              "Plans": [
                {
                  "Node Type": "Nested Loop",
                  "Parent Relationship": "Outer",
                  "Parallel Aware": false,
                  "Join Type": "Inner",
                  "Startup Cost": 44290.6,
                  "Total Cost": 81024.67,
                  "Plan Rows": 17117,
                  "Plan Width": 0,
                  "Actual Startup Time": 119.499,
                  "Actual Total Time": 229.635,
                  "Actual Rows": 45843,
                  "Actual Loops": 3,
                  "Inner Unique": false,
                  "Join Filter": "(t.id = mk.movie_id)",
                  "Rows Removed by Join Filter": 0,
                  "Plans": [
                    {
                      "Node Type": "Hash Join",
                      "Parent Relationship": "Outer",
                      "Parallel Aware": true,
                      "Join Type": "Inner",
                      "Startup Cost": 44290.17,
                      "Total Cost": 59920.52,
                      "Plan Rows": 9567,
                      "Plan Width": 8,
                      "Actual Startup Time": 119.369,
                      "Actual Total Time": 185.215,
                      "Actual Rows": 6513,
                      "Actual Loops": 3,
                      "Inner Unique": true,
                      "Hash Cond": "(mi_idx.movie_id = t.id)",
                      "Plans": [
                        {
                          "Node Type": "Seq Scan",
                          "Parent Relationship": "Outer",
                          "Parallel Aware": true,
                          "Relation Name": "movie_info_idx",
                          "Alias": "mi_idx",
                          "Startup Cost": 0.0,
                          "Total Cost": 15122.68,
                          "Plan Rows": 193397,
                          "Plan Width": 4,
                          "Actual Startup Time": 0.013,
                          "Actual Total Time": 39.47,
                          "Actual Rows": 153395,
                          "Actual Loops": 3,
                          "Filter": "(info_type_id > 100)",
                          "Rows Removed by Filter": 306617
                        },
                        {
                          "Node Type": "Hash",
                          "Parent Relationship": "Inner",
                          "Parallel Aware": true,
                          "Startup Cost": 43899.32,
                          "Total Cost": 43899.32,
                          "Plan Rows": 31268,
                          "Plan Width": 4,
                          "Actual Startup Time": 118.369,
                          "Actual Total Time": 118.369,
                          "Actual Rows": 40954,
                          "Actual Loops": 3,
                          "Hash Buckets": 131072,
                          "Original Hash Buckets": 131072,
                          "Hash Batches": 1,
                          "Original Hash Batches": 1,
                          "Peak Memory Usage": 5888,
                          "Plans": [
                            {
                              "Node Type": "Seq Scan",
                              "Parent Relationship": "Outer",
                              "Parallel Aware": true,
                              "Relation Name": "title",
                              "Alias": "t",
                              "Startup Cost": 0.0,
                              "Total Cost": 43899.32,
                              "Plan Rows": 31268,
                              "Plan Width": 4,
                              "Actual Startup Time": 0.038,
                              "Actual Total Time": 104.619,
                              "Actual Rows": 40954,
                              "Actual Loops": 3,
                              "Filter": "(production_year = 2008)",
                              "Rows Removed by Filter": 801817
                            }
                          ]
                        }
                      ]
                    },
                    {
                      "Node Type": "Index Only Scan",
                      "Parent Relationship": "Inner",
                      "Parallel Aware": false,
                      "Scan Direction": "Forward",
                      "Index Name": "movie_id_movie_keyword",
                      "Relation Name": "movie_keyword",
                      "Alias": "mk",
                      "Startup Cost": 0.43,
                      "Total Cost": 1.63,
                      "Plan Rows": 46,
                      "Plan Width": 4,
                      "Actual Startup Time": 0.005,
                      "Actual Total Time": 0.006,
                      "Actual Rows": 7,
                      "Actual Loops": 19538,
                      "Index Cond": "(movie_id = mi_idx.movie_id)",
                      "Rows Removed by Index Recheck": 0,
                      "Heap Fetches": 137530
                    }
                  ]
                }
              ]
            }
          ]
        }
      ]
    },
    "Planning Time": 0.493,
    "Triggers": [],
    "Execution Time": 260.219
  }
]