[
  {
    "Plan": {
      "Node Type": "Aggregate",
      "Strategy": "Plain",
      "Partial Mode": "Finalize",
      "Parallel Aware": false,
      "Startup Cost": 373356.29,
      "Total Cost": 373356.3,
      "Plan Rows": 1,
      "Plan Width": 8,
      "Actual Startup Time": 717.964,
      "Actual Total Time": 740.459,
      "Actual Rows": 1,
      "Actual Loops": 1,
      "Plans": [
        {
          "Node Type": "Gather",
          "Parent Relationship": "Outer",
          "Parallel Aware": false,
          "Startup Cost": 373355.66,
          "Total Cost": 373356.27,
          "Plan Rows": 6,
          "Plan Width": 8,
          "Actual Startup Time": 708.019,
          "Actual Total Time": 740.448,
          "Actual Rows": 7,
          "Actual Loops": 1,
          "Workers Planned": 6,
          "Workers Launched": 6,
          "Single Copy": false,
          "Plans": [
            {
              "Node Type": "Aggregate",
              "Strategy": "Plain",
              "Partial Mode": "Partial",
              "Parent Relationship": "Outer",
              "Parallel Aware": false,
              "Startup Cost": 372355.66,
              "Total Cost": 372355.67,
              "Plan Rows": 1,
              "Plan Width": 8,
              "Actual Startup Time": 682.438,
              "Actual Total Time": 682.441,
              "Actual Rows": 1,
              "Actual Loops": 7,
              "Plans": [
                {
                  "Node Type": "Hash Join",
                  "Parent Relationship": "Outer",
                  "Parallel Aware": true,
                  "Join Type": "Inner",
                  "Startup Cost": 111516.37,
                  "Total Cost": 371199.31,
                  "Plan Rows": 462541,
                  "Plan Width": 0,
                  "Actual Startup Time": 385.75,
                  "Actual Total Time": 663.512,
                  "Actual Rows": 378663,
                  "Actual Loops": 7,
                  "Inner Unique": true,
                  "Hash Cond": "(ci.movie_id = t.id)",
                  "Plans": [
                    {
                      "Node Type": "Bitmap Heap Scan",
                      "Parent Relationship": "Outer",
                      "Parallel Aware": true,
                      "Relation Name": "cast_info",
                      "Alias": "ci",
                      "Startup Cost": 61296.73,
                      "Total Cost": 319765.49,
                      "Plan Rows": 462541,
                      "Plan Width": 4,
                      "Actual Startup Time": 122.97,
                      "Actual Total Time": 208.794,
                      "Actual Rows": 378663,
                      "Actual Loops": 7,
                      "Recheck Cond": "(person_id > 3550533)",
                      "Rows Removed by Index Recheck": 0,
                      "Exact Heap Blocks": 4863,
                      "Lossy Heap Blocks": 0,
                      "Plans": [
                        {
                          "Node Type": "Bitmap Index Scan",
                          "Parent Relationship": "Outer",
                          "Parallel Aware": false,
                          "Index Name": "person_id_cast_info",
                          "Startup Cost": 0.0,
                          "Total Cost": 60602.92,
                          "Plan Rows": 2775247,
                          "Plan Width": 0,
                          "Actual Startup Time": 116.399,
                          "Actual Total Time": 116.399,
                          "Actual Rows": 2650644,
                          "Actual Loops": 1,
                          "Index Cond": "(person_id > 3550533)"
                        }
                      ]
                    },
                    {
                      "Node Type": "Hash",
                      "Parent Relationship": "Inner",
                      "Parallel Aware": true,
                      "Startup Cost": 42318.73,
                      "Total Cost": 42318.73,
                      "Plan Rows": 632073,
                      "Plan Width": 4,
                      "Actual Startup Time": 255.498,
                      "Actual Total Time": 255.499,
                      "Actual Rows": 361187,
                      "Actual Loops": 7,
                      "Hash Buckets": 4194304,
                      "Original Hash Buckets": 4194304,
                      "Hash Batches": 1,
                      "Original Hash Batches": 1,
                      "Peak Memory Usage": 131744,
                      "Plans": [
                        {
                          "Node Type": "Seq Scan",
                          "Parent Relationship": "Outer",
                          "Parallel Aware": true,
                          "Relation Name": "title",
                          "Alias": "t",
                          "Startup Cost": 0.0,
                          "Total Cost": 42318.73,
                          "Plan Rows": 632073,
                          "Plan Width": 4,
                          "Actual Startup Time": 0.042,
                          "Actual Total Time": 74.759,
                          "Actual Rows": 361187,
                          "Actual Loops": 7
                        }
                      ]
                    }
                  ]
                }
              ]
            }
          ]
        }
      ]
    },
    "Planning Time": 0.609,
    "Triggers": [],
    "Execution Time": 740.555
  }
]