[
  {
    "Plan": {
      "Node Type": "Aggregate",
      "Strategy": "Plain",
      "Partial Mode": "Finalize",
      "Parallel Aware": false,
      "Startup Cost": 85705.84,
      "Total Cost": 85705.85,
      "Plan Rows": 1,
      "Plan Width": 8,
      "Actual Startup Time": 444.879,
      "Actual Total Time": 461.054,
      "Actual Rows": 1,
      "Actual Loops": 1,
      "Plans": [
        {
          "Node Type": "Gather",
          "Parent Relationship": "Outer",
          "Parallel Aware": false,
          "Startup Cost": 85705.52,
          "Total Cost": 85705.83,
          "Plan Rows": 3,
          "Plan Width": 8,
          "Actual Startup Time": 437.383,
          "Actual Total Time": 461.041,
          "Actual Rows": 4,
          "Actual Loops": 1,
          "Workers Planned": 3,
          "Workers Launched": 3,
          "Single Copy": false,
          "Plans": [
            {
              "Node Type": "Aggregate",
              "Strategy": "Plain",
              "Partial Mode": "Partial",
              "Parent Relationship": "Outer",
              "Parallel Aware": false,
              "Startup Cost": 84705.52,
              "Total Cost": 84705.53,
              "Plan Rows": 1,
              "Plan Width": 8,
              "Actual Startup Time": 425.045,
              "Actual Total Time": 425.05,
              "Actual Rows": 1,
              "Actual Loops": 4,
              "Plans": [
                {
                  "Node Type": "Hash Join",
                  "Parent Relationship": "Outer",
                  "Parallel Aware": true,
                  "Join Type": "Inner",
                  "Startup Cost": 57992.39,
                  "Total Cost": 84482.4,
                  "Plan Rows": 89248,
                  "Plan Width": 0,
                  "Actual Startup Time": 330.593,
                  "Actual Total Time": 423.361,
                  "Actual Rows": 22440,
                  "Actual Loops": 4,
                  "Inner Unique": true,
                  "Hash Cond": "(mk.movie_id = t.id)",
                  "Plans": [
                    {
                      "Node Type": "Bitmap Heap Scan",
                      "Parent Relationship": "Outer",
                      "Parallel Aware": true,
                      "Relation Name": "movie_keyword",
                      "Alias": "mk",
                      "Startup Cost": 8854.49,
                      "Total Cost": 34991.15,
                      "Plan Rows": 134612,
                      "Plan Width": 4,
                      "Actual Startup Time": 27.739,
                      "Actual Total Time": 87.388,
                      "Actual Rows": 102901,
                      "Actual Loops": 4,
                      "Recheck Cond": "(keyword_id > 42033)",
                      "Rows Removed by Index Recheck": 0,
                      "Exact Heap Blocks": 8226,
                      "Lossy Heap Blocks": 0,
                      "Plans": [
                        {
                          "Node Type": "Bitmap Index Scan",
                          "Parent Relationship": "Outer",
                          "Parallel Aware": false,
                          "Index Name": "keyword_id_movie_keyword",
                          "Startup Cost": 0.0,
                          "Total Cost": 8750.17,
                          "Plan Rows": 417298,
                          "Plan Width": 0,
                          "Actual Startup Time": 24.463,
                          "Actual Total Time": 24.463,
                          "Actual Rows": 411603,
                          "Actual Loops": 1,
                          "Index Cond": "(keyword_id > 42033)"
                        }
                      ]
                    },
                    {
                      "Node Type": "Hash",
                      "Parent Relationship": "Inner",
                      "Parallel Aware": true,
                      "Startup Cost": 43899.32,
                      "Total Cost": 43899.32,
                      "Plan Rows": 419086,
                      "Plan Width": 4,
                      "Actual Startup Time": 295.062,
                      "Actual Total Time": 295.063,
                      "Actual Rows": 418524,
                      "Actual Loops": 4,
                      "Hash Buckets": 2097152,
                      "Original Hash Buckets": 2097152,
                      "Hash Batches": 1,
                      "Original Hash Batches": 1,
                      "Peak Memory Usage": 81952,
                      "Plans": [
                        {
                          "Node Type": "Seq Scan",
                          "Parent Relationship": "Outer",
                          "Parallel Aware": true,
                          "Relation Name": "title",
                          "Alias": "t",
                          "Startup Cost": 0.0,
                          "Total Cost": 43899.32,
                          "Plan Rows": 419086,
                          "Plan Width": 4,
                          "Actual Startup Time": 0.053,
                          "Actual Total Time": 122.253,
                          "Actual Rows": 418524,
                          "Actual Loops": 4,
                          "Filter": "(kind_id > 3)",
                          "Rows Removed by Filter": 213554
                        }
                      ]
                    }
                  ]
                }
              ]
            }
          ]
        }
      ]
    },
    "Planning Time": 0.51,
    "Triggers": [],
    "Execution Time": 461.135
  }
]