[
  {
    "Plan": {
      "Node Type": "Aggregate",
      "Strategy": "Plain",
      "Partial Mode": "Finalize",
      "Parallel Aware": false,
      "Startup Cost": 47109.61,
      "Total Cost": 47109.62,
      "Plan Rows": 1,
      "Plan Width": 8,
      "Actual Startup Time": 172.928,
      "Actual Total Time": 177.013,
      "Actual Rows": 1,
      "Actual Loops": 1,
      "Plans": [
        {
          "Node Type": "Gather",
          "Parent Relationship": "Outer",
          "Parallel Aware": false,
          "Startup Cost": 47109.29,
          "Total Cost": 47109.6,
          "Plan Rows": 3,
          "Plan Width": 8,
          "Actual Startup Time": 172.864,
          "Actual Total Time": 177.007,
          "Actual Rows": 4,
          "Actual Loops": 1,
          "Workers Planned": 3,
          "Workers Launched": 3,
          "Single Copy": false,
          "Plans": [
            {
              "Node Type": "Aggregate",
              "Strategy": "Plain",
              "Partial Mode": "Partial",
              "Parent Relationship": "Outer",
              "Parallel Aware": false,
              "Startup Cost": 46109.29,
              "Total Cost": 46109.3,
              "Plan Rows": 1,
              "Plan Width": 8,
              "Actual Startup Time": 165.558,
              "Actual Total Time": 165.559,
              "Actual Rows": 1,
              "Actual Loops": 4,
              "Plans": [
                {
                  "Node Type": "Seq Scan",
                  "Parent Relationship": "Outer",
                  "Parallel Aware": true,
                  "Relation Name": "movie_keyword",
                  "Alias": "mk",
                  "Startup Cost": 0.0,
                  "Total Cost": 42695.65,
                  "Plan Rows": 1365455,
                  "Plan Width": 0,
                  "Actual Startup Time": 0.041,
                  "Actual Total Time": 115.476,
                  "Actual Rows": 1059164,
                  "Actual Loops": 4,
                  "Filter": "(keyword_id < 55649)",
                  "Rows Removed by Filter": 71818
                }
              ]
            }
          ]
        }
      ]
    },
    "Planning Time": 0.17,
    "Triggers": [],
    "Execution Time": 177.063
  }
]