{
  "Plan": {
    "Node Type": "Aggregate",
    "Strategy": "Plain",
    "Partial Mode": "Finalize",
    "Parallel Aware": false,
    "Startup Cost": 101142.22,
    "Total Cost": 101142.23,
    "Plan Rows": 1,
    "Plan Width": 8,
    "Actual Startup Time": 572.995,
    "Actual Total Time": 583.014,
    "Actual Rows": 1,
    "Actual Loops": 1,
    "Plans": [
      {
        "Node Type": "Gather",
        "Parent Relationship": "Outer",
        "Parallel Aware": false,
        "Startup Cost": 101142.11,
        "Total Cost": 101142.22,
        "Plan Rows": 1,
        "Plan Width": 8,
        "Actual Startup Time": 571.848,
        "Actual Total Time": 583.004,
        "Actual Rows": 2,
        "Actual Loops": 1,
        "Workers Planned": 1,
        "Workers Launched": 1,
        "Single Copy": false,
        "Plans": [
          {
            "Node Type": "Aggregate",
            "Strategy": "Plain",
            "Partial Mode": "Partial",
            "Parent Relationship": "Outer",
            "Parallel Aware": false,
            "Startup Cost": 100142.11,
            "Total Cost": 100142.12,
            "Plan Rows": 1,
            "Plan Width": 8,
            "Actual Startup Time": 565.957,
            "Actual Total Time": 565.961,
            "Actual Rows": 1,
            "Actual Loops": 2,
            "Plans": [
              {
                "Node Type": "Hash Join",
                "Parent Relationship": "Outer",
                "Parallel Aware": true,
                "Join Type": "Inner",
                "Startup Cost": 37447.69,
                "Total Cost": 99387.87,
                "Plan Rows": 301696,
                "Plan Width": 0,
                "Actual Startup Time": 146.266,
                "Actual Total Time": 554.856,
                "Actual Rows": 262026,
                "Actual Loops": 2,
                "Inner Unique": false,
                "Hash Cond": "(t.id = mc.movie_id)",
                "Plans": [
                  {
                    "Node Type": "Seq Scan",
                    "Parent Relationship": "Outer",
                    "Parallel Aware": true,
                    "Relation Name": "title",
                    "Alias": "t",
                    "Startup Cost": 0.0,
                    "Total Cost": 50870.31,
                    "Plan Rows": 1487231,
                    "Plan Width": 4,
                    "Actual Startup Time": 0.011,
                    "Actual Total Time": 114.405,
                    "Actual Rows": 1264156,
                    "Actual Loops": 2
                  },
                  {
                    "Node Type": "Hash",
                    "Parent Relationship": "Inner",
                    "Parallel Aware": true,
                    "Startup Cost": 33676.49,
                    "Total Cost": 33676.49,
                    "Plan Rows": 301696,
                    "Plan Width": 4,
                    "Actual Startup Time": 141.043,
                    "Actual Total Time": 141.045,
                    "Actual Rows": 262026,
                    "Actual Loops": 2,
                    "Hash Buckets": 524288,
                    "Original Hash Buckets": 524288,
                    "Hash Batches": 1,
                    "Original Hash Batches": 1,
                    "Peak Memory Usage": 24608,
                    "Plans": [
                      {
                        "Node Type": "Bitmap Heap Scan",
                        "Parent Relationship": "Outer",
                        "Parallel Aware": true,
                        "Relation Name": "movie_companies",
                        "Alias": "mc",
                        "Startup Cost": 11115.28,
                        "Total Cost": 33676.49,
                        "Plan Rows": 301696,
                        "Plan Width": 4,
                        "Actual Startup Time": 39.628,
                        "Actual Total Time": 88.116,
                        "Actual Rows": 262026,
                        "Actual Loops": 2,
                        "Recheck Cond": "(company_id > 73106)",
                        "Rows Removed by Index Recheck": 0,
                        "Exact Heap Blocks": 4587,
                        "Lossy Heap Blocks": 0,
                        "Plans": [
                          {
                            "Node Type": "Bitmap Index Scan",
                            "Parent Relationship": "Outer",
                            "Parallel Aware": false,
                            "Index Name": "company_id_movie_companies",
                            "Startup Cost": 0.0,
                            "Total Cost": 10987.06,
                            "Plan Rows": 512884,
                            "Plan Width": 0,
                            "Actual Startup Time": 39.148,
                            "Actual Total Time": 39.148,
                            "Actual Rows": 524051,
                            "Actual Loops": 1,
                            "Index Cond": "(company_id > 73106)"
                          }
                        ]
                      }
                    ]
                  }
                ]
              }
            ]
          }
        ]
      }
    ]
  },
  "Planning Time": 0.61,
  "Triggers": [],
  "Execution Time": 583.105
}