[
  {
    "Plan": {
      "Node Type": "Aggregate",
      "Strategy": "Plain",
      "Partial Mode": "Finalize",
      "Parallel Aware": false,
      "Startup Cost": 44624.05,
      "Total Cost": 44624.06,
      "Plan Rows": 1,
      "Plan Width": 8,
      "Actual Startup Time": 118.915,
      "Actual Total Time": 128.205,
      "Actual Rows": 1,
      "Actual Loops": 1,
      "Plans": [
        {
          "Node Type": "Gather",
          "Parent Relationship": "Outer",
          "Parallel Aware": false,
          "Startup Cost": 44623.73,
          "Total Cost": 44624.04,
          "Plan Rows": 3,
          "Plan Width": 8,
          "Actual Startup Time": 118.784,
          "Actual Total Time": 128.196,
          "Actual Rows": 4,
          "Actual Loops": 1,
          "Workers Planned": 3,
          "Workers Launched": 3,
          "Single Copy": false,
          "Plans": [
            {
              "Node Type": "Aggregate",
              "Strategy": "Plain",
              "Partial Mode": "Partial",
              "Parent Relationship": "Outer",
              "Parallel Aware": false,
              "Startup Cost": 43623.73,
              "Total Cost": 43623.74,
              "Plan Rows": 1,
              "Plan Width": 8,
              "Actual Startup Time": 113.969,
              "Actual Total Time": 113.969,
              "Actual Rows": 1,
              "Actual Loops": 4,
              "Plans": [
                {
                  "Node Type": "Seq Scan",
                  "Parent Relationship": "Outer",
                  "Parallel Aware": true,
                  "Relation Name": "movie_keyword",
                  "Alias": "mk",
                  "Startup Cost": 0.0,
                  "Total Cost": 42695.65,
                  "Plan Rows": 371230,
                  "Plan Width": 0,
                  "Actual Startup Time": 2.558,
                  "Actual Total Time": 100.651,
                  "Actual Rows": 288105,
                  "Actual Loops": 4,
                  "Filter": "(keyword_id > 16158)",
                  "Rows Removed by Filter": 842878
                }
              ]
            }
          ]
        }
      ]
    },
    "Planning Time": 0.189,
    "Triggers": [],
    "Execution Time": 128.261
  }
]