[
  {
    "Plan": {
      "Node Type": "Aggregate",
      "Strategy": "Plain",
      "Partial Mode": "Finalize",
      "Parallel Aware": false,
      "Startup Cost": 90910.79,
      "Total Cost": 90910.8,
      "Plan Rows": 1,
      "Plan Width": 8,
      "Actual Startup Time": 249.29,
      "Actual Total Time": 264.791,
      "Actual Rows": 1,
      "Actual Loops": 1,
      "Plans": [
        {
          "Node Type": "Gather",
          "Parent Relationship": "Outer",
          "Parallel Aware": false,
          "Startup Cost": 90910.47,
          "Total Cost": 90910.78,
          "Plan Rows": 3,
          "Plan Width": 8,
          "Actual Startup Time": 248.51,
          "Actual Total Time": 264.782,
          "Actual Rows": 4,
          "Actual Loops": 1,
          "Workers Planned": 3,
          "Workers Launched": 3,
          "Single Copy": false,
          "Plans": [
            {
              "Node Type": "Aggregate",
              "Strategy": "Plain",
              "Partial Mode": "Partial",
              "Parent Relationship": "Outer",
              "Parallel Aware": false,
              "Startup Cost": 89910.47,
              "Total Cost": 89910.48,
              "Plan Rows": 1,
              "Plan Width": 8,
              "Actual Startup Time": 239.811,
              "Actual Total Time": 239.814,
              "Actual Rows": 1,
              "Actual Loops": 4,
              "Plans": [
                {
                  "Node Type": "Hash Join",
                  "Parent Relationship": "Outer",
                  "Parallel Aware": true,
                  "Join Type": "Inner",
                  "Startup Cost": 46432.37,
                  "Total Cost": 89829.83,
                  "Plan Rows": 32257,
                  "Plan Width": 0,
                  "Actual Startup Time": 124.936,
                  "Actual Total Time": 238.126,
                  "Actual Rows": 36872,
                  "Actual Loops": 4,
                  "Inner Unique": true,
                  "Hash Cond": "(mk.movie_id = t.id)",
                  "Plans": [
                    {
                      "Node Type": "Seq Scan",
                      "Parent Relationship": "Outer",
                      "Parallel Aware": true,
                      "Relation Name": "movie_keyword",
                      "Alias": "mk",
                      "Startup Cost": 0.0,
                      "Total Cost": 42695.65,
                      "Plan Rows": 267354,
                      "Plan Width": 4,
                      "Actual Startup Time": 1.738,
                      "Actual Total Time": 87.692,
                      "Actual Rows": 203187,
                      "Actual Loops": 4,
                      "Filter": "(keyword_id > 22549)",
                      "Rows Removed by Filter": 927796
                    },
                    {
                      "Node Type": "Hash",
                      "Parent Relationship": "Inner",
                      "Parallel Aware": true,
                      "Startup Cost": 45479.1,
                      "Total Cost": 45479.1,
                      "Plan Rows": 76262,
                      "Plan Width": 4,
                      "Actual Startup Time": 119.517,
                      "Actual Total Time": 119.517,
                      "Actual Rows": 62550,
                      "Actual Loops": 4,
                      "Hash Buckets": 524288,
                      "Original Hash Buckets": 524288,
                      "Hash Batches": 1,
                      "Original Hash Batches": 1,
                      "Peak Memory Usage": 13920,
                      "Plans": [
                        {
                          "Node Type": "Seq Scan",
                          "Parent Relationship": "Outer",
                          "Parallel Aware": true,
                          "Relation Name": "title",
                          "Alias": "t",
                          "Startup Cost": 0.0,
                          "Total Cost": 45479.1,
                          "Plan Rows": 76262,
                          "Plan Width": 4,
                          "Actual Startup Time": 0.058,
                          "Actual Total Time": 95.956,
                          "Actual Rows": 62550,
                          "Actual Loops": 4,
                          "Filter": "((kind_id < 3) AND (production_year > 2005))",
                          "Rows Removed by Filter": 569528
                        }
                      ]
                    }
                  ]
                }
              ]
            }
          ]
        }
      ]
    },
    "Planning Time": 0.62,
    "Triggers": [],
    "Execution Time": 264.865
  }
]