[
  {
    "Plan": {
      "Node Type": "Aggregate",
      "Strategy": "Plain",
      "Partial Mode": "Finalize",
      "Parallel Aware": false,
      "Startup Cost": 332224.55,
      "Total Cost": 332224.56,
      "Plan Rows": 1,
      "Plan Width": 8,
      "Actual Startup Time": 677.891,
      "Actual Total Time": 723.313,
      "Actual Rows": 1,
      "Actual Loops": 1,
      "Plans": [
        {
          "Node Type": "Gather",
          "Parent Relationship": "Outer",
          "Parallel Aware": false,
          "Startup Cost": 332223.93,
          "Total Cost": 332224.54,
          "Plan Rows": 6,
          "Plan Width": 8,
          "Actual Startup Time": 677.72,
          "Actual Total Time": 723.292,
          "Actual Rows": 7,
          "Actual Loops": 1,
          "Workers Planned": 6,
          "Workers Launched": 6,
          "Single Copy": false,
          "Plans": [
            {
              "Node Type": "Aggregate",
              "Strategy": "Plain",
              "Partial Mode": "Partial",
              "Parent Relationship": "Outer",
              "Parallel Aware": false,
              "Startup Cost": 331223.93,
              "Total Cost": 331223.94,
              "Plan Rows": 1,
              "Plan Width": 8,
              "Actual Startup Time": 671.546,
              "Actual Total Time": 671.547,
              "Actual Rows": 1,
              "Actual Loops": 7,
              "Plans": [
                {
                  "Node Type": "Seq Scan",
                  "Parent Relationship": "Outer",
                  "Parallel Aware": true,
                  "Relation Name": "cast_info",
                  "Alias": "ci",
                  "Startup Cost": 0.0,
                  "Total Cost": 328211.39,
                  "Plan Rows": 1205015,
                  "Plan Width": 0,
                  "Actual Startup Time": 0.038,
                  "Actual Total Time": 612.708,
                  "Actual Rows": 1052093,
                  "Actual Loops": 7,
                  "Filter": "(person_id < 712338)",
                  "Rows Removed by Filter": 4125670
                }
              ]
            }
          ]
        }
      ]
    },
    "Planning Time": 0.211,
    "Triggers": [],
    "Execution Time": 723.384
  }
]