[
  {
    "Plan": {
      "Node Type": "Aggregate",
      "Strategy": "Plain",
      "Partial Mode": "Finalize",
      "Parallel Aware": false,
      "Startup Cost": 32886.17,
      "Total Cost": 32886.18,
      "Plan Rows": 1,
      "Plan Width": 8,
      "Actual Startup Time": 104.896,
      "Actual Total Time": 112.888,
      "Actual Rows": 1,
      "Actual Loops": 1,
      "Plans": [
        {
          "Node Type": "Gather",
          "Parent Relationship": "Outer",
          "Parallel Aware": false,
          "Startup Cost": 32885.85,
          "Total Cost": 32886.16,
          "Plan Rows": 3,
          "Plan Width": 8,
          "Actual Startup Time": 104.75,
          "Actual Total Time": 112.88,
          "Actual Rows": 4,
          "Actual Loops": 1,
          "Workers Planned": 3,
          "Workers Launched": 3,
          "Single Copy": false,
          "Plans": [
            {
              "Node Type": "Aggregate",
              "Strategy": "Plain",
              "Partial Mode": "Partial",
              "Parent Relationship": "Outer",
              "Parallel Aware": false,
              "Startup Cost": 31885.85,
              "Total Cost": 31885.86,
              "Plan Rows": 1,
              "Plan Width": 8,
              "Actual Startup Time": 96.158,
              "Actual Total Time": 96.159,
              "Actual Rows": 1,
              "Actual Loops": 4,
              "Plans": [
                {
                  "Node Type": "Seq Scan",
                  "Parent Relationship": "Outer",
                  "Parallel Aware": true,
                  "Relation Name": "movie_companies",
                  "Alias": "mc",
                  "Startup Cost": 0.0,
                  "Total Cost": 31414.82,
                  "Plan Rows": 188414,
                  "Plan Width": 0,
                  "Actual Startup Time": 52.896,
                  "Actual Total Time": 90.905,
                  "Actual Rows": 93885,
                  "Actual Loops": 4,
                  "Filter": "((company_id < 9087) AND (company_type_id = 2))",
                  "Rows Removed by Filter": 558397
                }
              ]
            }
          ]
        }
      ]
    },
    "Planning Time": 0.188,
    "Triggers": [],
    "Execution Time": 112.94
  }
]