[
  {
    "Plan": {
      "Node Type": "Aggregate",
      "Strategy": "Plain",
      "Partial Mode": "Finalize",
      "Parallel Aware": false,
      "Startup Cost": 338883.24,
      "Total Cost": 338883.25,
      "Plan Rows": 1,
      "Plan Width": 8,
      "Actual Startup Time": 843.438,
      "Actual Total Time": 901.284,
      "Actual Rows": 1,
      "Actual Loops": 1,
      "Plans": [
        {
          "Node Type": "Gather",
          "Parent Relationship": "Outer",
          "Parallel Aware": false,
          "Startup Cost": 338882.61,
          "Total Cost": 338883.22,
          "Plan Rows": 6,
          "Plan Width": 8,
          "Actual Startup Time": 843.304,
          "Actual Total Time": 901.275,
          "Actual Rows": 7,
          "Actual Loops": 1,
          "Workers Planned": 6,
          "Workers Launched": 6,
          "Single Copy": false,
          "Plans": [
            {
              "Node Type": "Aggregate",
              "Strategy": "Plain",
              "Partial Mode": "Partial",
              "Parent Relationship": "Outer",
              "Parallel Aware": false,
              "Startup Cost": 337882.61,
              "Total Cost": 337882.62,
              "Plan Rows": 1,
              "Plan Width": 8,
              "Actual Startup Time": 834.869,
              "Actual Total Time": 834.87,
              "Actual Rows": 1,
              "Actual Loops": 7,
              "Plans": [
                {
                  "Node Type": "Seq Scan",
                  "Parent Relationship": "Outer",
                  "Parallel Aware": true,
                  "Relation Name": "cast_info",
                  "Alias": "ci",
                  "Startup Cost": 0.0,
                  "Total Cost": 328162.03,
                  "Plan Rows": 3888234,
                  "Plan Width": 0,
                  "Actual Startup Time": 150.436,
                  "Actual Total Time": 673.005,
                  "Actual Rows": 3335744,
                  "Actual Loops": 7,
                  "Filter": "(person_id > 1273245)",
                  "Rows Removed by Filter": 1842020
                }
              ]
            }
          ]
        }
      ]
    },
    "Planning Time": 0.094,
    "Triggers": [],
    "Execution Time": 901.332
  }
]