[
  {
    "Plan": {
      "Node Type": "Aggregate",
      "Strategy": "Plain",
      "Partial Mode": "Finalize",
      "Parallel Aware": false,
      "Startup Cost": 343552.41,
      "Total Cost": 343552.42,
      "Plan Rows": 1,
      "Plan Width": 8,
      "Actual Startup Time": 911.533,
      "Actual Total Time": 968.455,
      "Actual Rows": 1,
      "Actual Loops": 1,
      "Plans": [
        {
          "Node Type": "Gather",
          "Parent Relationship": "Outer",
          "Parallel Aware": false,
          "Startup Cost": 343551.79,
          "Total Cost": 343552.4,
          "Plan Rows": 6,
          "Plan Width": 8,
          "Actual Startup Time": 911.387,
          "Actual Total Time": 968.433,
          "Actual Rows": 7,
          "Actual Loops": 1,
          "Workers Planned": 6,
          "Workers Launched": 6,
          "Single Copy": false,
          "Plans": [
            {
              "Node Type": "Aggregate",
              "Strategy": "Plain",
              "Partial Mode": "Partial",
              "Parent Relationship": "Outer",
              "Parallel Aware": false,
              "Startup Cost": 342551.79,
              "Total Cost": 342551.8,
              "Plan Rows": 1,
              "Plan Width": 8,
              "Actual Startup Time": 903.971,
              "Actual Total Time": 903.972,
              "Actual Rows": 1,
              "Actual Loops": 7,
              "Plans": [
                {
                  "Node Type": "Seq Scan",
                  "Parent Relationship": "Outer",
                  "Parallel Aware": true,
                  "Relation Name": "cast_info",
                  "Alias": "ci",
                  "Startup Cost": 0.0,
                  "Total Cost": 328162.03,
                  "Plan Rows": 5755904,
                  "Plan Width": 0,
                  "Actual Startup Time": 0.041,
                  "Actual Total Time": 678.888,
                  "Actual Rows": 4943184,
                  "Actual Loops": 7,
                  "Filter": "(person_id < 3736601)",
                  "Rows Removed by Filter": 234579
                }
              ]
            }
          ]
        }
      ]
    },
    "Planning Time": 0.191,
    "Triggers": [],
    "Execution Time": 968.527
  }
]