[
    {
        "Bao": {
            "Bao prediction": "NaN",
            "Bao recommended hint": "(no hint)"
        }
    },
    {
        "Plan": {
            "Node Type": "Aggregate",
            "Strategy": "Plain",
            "Partial Mode": "Finalize",
            "Parallel Aware": false,
            "Startup Cost": 236189.45,
            "Total Cost": 236189.46,
            "Plan Rows": 1,
            "Plan Width": 8,
            "Actual Startup Time": 191.129,
            "Actual Total Time": 201.919,
            "Actual Rows": 1,
            "Actual Loops": 1,
            "Output": [
                "count(*)"
            ],
            "Plans": [
                {
                    "Node Type": "Gather",
                    "Parent Relationship": "Outer",
                    "Parallel Aware": false,
                    "Startup Cost": 236188.93,
                    "Total Cost": 236189.44,
                    "Plan Rows": 5,
                    "Plan Width": 8,
                    "Actual Startup Time": 188.7,
                    "Actual Total Time": 201.912,
                    "Actual Rows": 6,
                    "Actual Loops": 1,
                    "Output": [
                        "(PARTIAL count(*))"
                    ],
                    "Workers Planned": 5,
                    "Workers Launched": 5,
                    "Single Copy": false,
                    "Plans": [
                        {
                            "Node Type": "Aggregate",
                            "Strategy": "Plain",
                            "Partial Mode": "Partial",
                            "Parent Relationship": "Outer",
                            "Parallel Aware": false,
                            "Startup Cost": 235188.93,
                            "Total Cost": 235188.94,
                            "Plan Rows": 1,
                            "Plan Width": 8,
                            "Actual Startup Time": 178.652,
                            "Actual Total Time": 178.655,
                            "Actual Rows": 1,
                            "Actual Loops": 6,
                            "Output": [
                                "PARTIAL count(*)"
                            ],
                            "Workers": [
                                {
                                    "Worker Number": 0,
                                    "Actual Startup Time": 177.025,
                                    "Actual Total Time": 177.027,
                                    "Actual Rows": 1,
                                    "Actual Loops": 1
                                },
                                {
                                    "Worker Number": 1,
                                    "Actual Startup Time": 176.437,
                                    "Actual Total Time": 176.44,
                                    "Actual Rows": 1,
                                    "Actual Loops": 1
                                },
                                {
                                    "Worker Number": 2,
                                    "Actual Startup Time": 176.816,
                                    "Actual Total Time": 176.819,
                                    "Actual Rows": 1,
                                    "Actual Loops": 1
                                },
                                {
                                    "Worker Number": 3,
                                    "Actual Startup Time": 176.276,
                                    "Actual Total Time": 176.281,
                                    "Actual Rows": 1,
                                    "Actual Loops": 1
                                },
                                {
                                    "Worker Number": 4,
                                    "Actual Startup Time": 177.266,
                                    "Actual Total Time": 177.268,
                                    "Actual Rows": 1,
                                    "Actual Loops": 1
                                }
                            ],
                            "Plans": [
                                {
                                    "Node Type": "Nested Loop",
                                    "Parent Relationship": "Outer",
                                    "Parallel Aware": false,
                                    "Join Type": "Inner",
                                    "Startup Cost": 53111.09,
                                    "Total Cost": 235160.47,
                                    "Plan Rows": 11385,
                                    "Plan Width": 0,
                                    "Actual Startup Time": 116.261,
                                    "Actual Total Time": 175.969,
                                    "Actual Rows": 47212,
                                    "Actual Loops": 6,
                                    "Inner Unique": false,
                                    "Join Filter": "(t.id = mk.movie_id)",
                                    "Rows Removed by Join Filter": 0,
                                    "Workers": [
                                        {
                                            "Worker Number": 0,
                                            "Actual Startup Time": 114.699,
                                            "Actual Total Time": 173.998,
                                            "Actual Rows": 45696,
                                            "Actual Loops": 1
                                        },
                                        {
                                            "Worker Number": 1,
                                            "Actual Startup Time": 114.199,
                                            "Actual Total Time": 173.589,
                                            "Actual Rows": 42376,
                                            "Actual Loops": 1
                                        },
                                        {
                                            "Worker Number": 2,
                                            "Actual Startup Time": 113.963,
                                            "Actual Total Time": 174.414,
                                            "Actual Rows": 35757,
                                            "Actual Loops": 1
                                        },
                                        {
                                            "Worker Number": 3,
                                            "Actual Startup Time": 114.144,
                                            "Actual Total Time": 173.646,
                                            "Actual Rows": 38763,
                                            "Actual Loops": 1
                                        },
                                        {
                                            "Worker Number": 4,
                                            "Actual Startup Time": 114.88,
                                            "Actual Total Time": 175.152,
                                            "Actual Rows": 48400,
                                            "Actual Loops": 1
                                        }
                                    ],
                                    "Plans": [
                                        {
                                            "Node Type": "Hash Join",
                                            "Parent Relationship": "Outer",
                                            "Parallel Aware": true,
                                            "Join Type": "Inner",
                                            "Startup Cost": 53110.65,
                                            "Total Cost": 216518.56,
                                            "Plan Rows": 8599,
                                            "Plan Width": 8,
                                            "Actual Startup Time": 115.347,
                                            "Actual Total Time": 143.949,
                                            "Actual Rows": 2364,
                                            "Actual Loops": 6,
                                            "Output": [
                                                "t.id",
                                                "mi.movie_id"
                                            ],
                                            "Inner Unique": true,
                                            "Hash Cond": "(mi.movie_id = t.id)",
                                            "Workers": [
                                                {
                                                    "Worker Number": 0,
                                                    "Actual Startup Time": 113.356,
                                                    "Actual Total Time": 139.759,
                                                    "Actual Rows": 1805,
                                                    "Actual Loops": 1
                                                },
                                                {
                                                    "Worker Number": 1,
                                                    "Actual Startup Time": 113.036,
                                                    "Actual Total Time": 139.831,
                                                    "Actual Rows": 2007,
                                                    "Actual Loops": 1
                                                },
                                                {
                                                    "Worker Number": 2,
                                                    "Actual Startup Time": 113.467,
                                                    "Actual Total Time": 142.691,
                                                    "Actual Rows": 2001,
                                                    "Actual Loops": 1
                                                },
                                                {
                                                    "Worker Number": 3,
                                                    "Actual Startup Time": 113.285,
                                                    "Actual Total Time": 140.552,
                                                    "Actual Rows": 1942,
                                                    "Actual Loops": 1
                                                },
                                                {
                                                    "Worker Number": 4,
                                                    "Actual Startup Time": 114.223,
                                                    "Actual Total Time": 143.846,
                                                    "Actual Rows": 2748,
                                                    "Actual Loops": 1
                                                }
                                            ],
                                            "Plans": [
                                                {
                                                    "Node Type": "Bitmap Heap Scan",
                                                    "Parent Relationship": "Outer",
                                                    "Parallel Aware": true,
                                                    "Relation Name": "movie_info",
                                                    "Schema": "public",
                                                    "Alias": "mi",
                                                    "Startup Cost": 8485.4,
                                                    "Total Cost": 171647.74,
                                                    "Plan Rows": 93547,
                                                    "Plan Width": 4,
                                                    "Actual Startup Time": 16.339,
                                                    "Actual Total Time": 29.812,
                                                    "Actual Rows": 81092,
                                                    "Actual Loops": 6,
                                                    "Output": [
                                                        "mi.id",
                                                        "mi.movie_id",
                                                        "mi.info_type_id",
                                                        "mi.info",
                                                        "mi.note"
                                                    ],
                                                    "Recheck Cond": "(mi.info_type_id = 5)",
                                                    "Rows Removed by Index Recheck": 0,
                                                    "Exact Heap Blocks": 1635,
                                                    "Lossy Heap Blocks": 0,
                                                    "Workers": [
                                                        {
                                                            "Worker Number": 0,
                                                            "Actual Startup Time": 16.795,
                                                            "Actual Total Time": 28.893,
                                                            "Actual Rows": 61770,
                                                            "Actual Loops": 1
                                                        },
                                                        {
                                                            "Worker Number": 1,
                                                            "Actual Startup Time": 16.618,
                                                            "Actual Total Time": 28.96,
                                                            "Actual Rows": 61368,
                                                            "Actual Loops": 1
                                                        },
                                                        {
                                                            "Worker Number": 2,
                                                            "Actual Startup Time": 16.134,
                                                            "Actual Total Time": 30.632,
                                                            "Actual Rows": 70295,
                                                            "Actual Loops": 1
                                                        },
                                                        {
                                                            "Worker Number": 3,
                                                            "Actual Startup Time": 16.275,
                                                            "Actual Total Time": 29.355,
                                                            "Actual Rows": 64576,
                                                            "Actual Loops": 1
                                                        },
                                                        {
                                                            "Worker Number": 4,
                                                            "Actual Startup Time": 16.056,
                                                            "Actual Total Time": 30.45,
                                                            "Actual Rows": 99664,
                                                            "Actual Loops": 1
                                                        }
                                                    ],
                                                    "Plans": [
                                                        {
                                                            "Node Type": "Bitmap Index Scan",
                                                            "Parent Relationship": "Outer",
                                                            "Parallel Aware": false,
                                                            "Index Name": "info_type_id_movie_info",
                                                            "Startup Cost": 0.0,
                                                            "Total Cost": 8368.46,
                                                            "Plan Rows": 467737,
                                                            "Plan Width": 0,
                                                            "Actual Startup Time": 15.453,
                                                            "Actual Total Time": 15.454,
                                                            "Actual Rows": 486554,
                                                            "Actual Loops": 1,
                                                            "Index Cond": "(mi.info_type_id = 5)"
                                                        }
                                                    ]
                                                },
                                                {
                                                    "Node Type": "Hash",
                                                    "Parent Relationship": "Inner",
                                                    "Parallel Aware": true,
                                                    "Startup Cost": 43899.01,
                                                    "Total Cost": 43899.01,
                                                    "Plan Rows": 58100,
                                                    "Plan Width": 4,
                                                    "Actual Startup Time": 97.065,
                                                    "Actual Total Time": 97.066,
                                                    "Actual Rows": 38608,
                                                    "Actual Loops": 6,
                                                    "Output": [
                                                        "t.id"
                                                    ],
                                                    "Hash Buckets": 262144,
                                                    "Original Hash Buckets": 262144,
                                                    "Hash Batches": 1,
                                                    "Original Hash Batches": 1,
                                                    "Peak Memory Usage": 11200,
                                                    "Workers": [
                                                        {
                                                            "Worker Number": 0,
                                                            "Actual Startup Time": 95.545,
                                                            "Actual Total Time": 95.546,
                                                            "Actual Rows": 26962,
                                                            "Actual Loops": 1
                                                        },
                                                        {
                                                            "Worker Number": 1,
                                                            "Actual Startup Time": 95.587,
                                                            "Actual Total Time": 95.587,
                                                            "Actual Rows": 28480,
                                                            "Actual Loops": 1
                                                        },
                                                        {
                                                            "Worker Number": 2,
                                                            "Actual Startup Time": 95.957,
                                                            "Actual Total Time": 95.957,
                                                            "Actual Rows": 27260,
                                                            "Actual Loops": 1
                                                        },
                                                        {
                                                            "Worker Number": 3,
                                                            "Actual Startup Time": 95.497,
                                                            "Actual Total Time": 95.497,
                                                            "Actual Rows": 27931,
                                                            "Actual Loops": 1
                                                        },
                                                        {
                                                            "Worker Number": 4,
                                                            "Actual Startup Time": 96.489,
                                                            "Actual Total Time": 96.49,
                                                            "Actual Rows": 40501,
                                                            "Actual Loops": 1
                                                        }
                                                    ],
                                                    "Plans": [
                                                        {
                                                            "Node Type": "Seq Scan",
                                                            "Parent Relationship": "Outer",
                                                            "Parallel Aware": true,
                                                            "Relation Name": "title",
                                                            "Schema": "public",
                                                            "Alias": "t",
                                                            "Startup Cost": 0.0,
                                                            "Total Cost": 43899.01,
                                                            "Plan Rows": 58100,
                                                            "Plan Width": 4,
                                                            "Actual Startup Time": 0.047,
                                                            "Actual Total Time": 79.8,
                                                            "Actual Rows": 38608,
                                                            "Actual Loops": 6,
                                                            "Output": [
                                                                "t.id"
                                                            ],
                                                            "Filter": "(t.production_year > 2011)",
                                                            "Rows Removed by Filter": 382777,
                                                            "Workers": [
                                                                {
                                                                    "Worker Number": 0,
                                                                    "Actual Startup Time": 0.059,
                                                                    "Actual Total Time": 78.973,
                                                                    "Actual Rows": 26962,
                                                                    "Actual Loops": 1
                                                                },
                                                                {
                                                                    "Worker Number": 1,
                                                                    "Actual Startup Time": 0.067,
                                                                    "Actual Total Time": 80.076,
                                                                    "Actual Rows": 28480,
                                                                    "Actual Loops": 1
                                                                },
                                                                {
                                                                    "Worker Number": 2,
                                                                    "Actual Startup Time": 0.046,
                                                                    "Actual Total Time": 79.828,
                                                                    "Actual Rows": 27260,
                                                                    "Actual Loops": 1
                                                                },
                                                                {
                                                                    "Worker Number": 3,
                                                                    "Actual Startup Time": 0.052,
                                                                    "Actual Total Time": 79.448,
                                                                    "Actual Rows": 27931,
                                                                    "Actual Loops": 1
                                                                },
                                                                {
                                                                    "Worker Number": 4,
                                                                    "Actual Startup Time": 0.047,
                                                                    "Actual Total Time": 80.301,
                                                                    "Actual Rows": 40501,
                                                                    "Actual Loops": 1
                                                                }
                                                            ]
                                                        }
                                                    ]
                                                }
                                            ]
                                        },
                                        {
                                            "Node Type": "Index Scan",
                                            "Parent Relationship": "Inner",
                                            "Parallel Aware": false,
                                            "Scan Direction": "Forward",
                                            "Index Name": "movie_id_movie_keyword",
                                            "Relation Name": "movie_keyword",
                                            "Schema": "public",
                                            "Alias": "mk",
                                            "Startup Cost": 0.43,
                                            "Total Cost": 1.74,
                                            "Plan Rows": 34,
                                            "Plan Width": 4,
                                            "Actual Startup Time": 0.006,
                                            "Actual Total Time": 0.011,
                                            "Actual Rows": 20,
                                            "Actual Loops": 14187,
                                            "Output": [
                                                "mk.id",
                                                "mk.movie_id",
                                                "mk.keyword_id"
                                            ],
                                            "Index Cond": "(mk.movie_id = mi.movie_id)",
                                            "Rows Removed by Index Recheck": 0,
                                            "Filter": "(mk.keyword_id < 16264)",
                                            "Rows Removed by Filter": 8,
                                            "Workers": [
                                                {
                                                    "Worker Number": 0,
                                                    "Actual Startup Time": 0.008,
                                                    "Actual Total Time": 0.015,
                                                    "Actual Rows": 25,
                                                    "Actual Loops": 1805
                                                },
                                                {
                                                    "Worker Number": 1,
                                                    "Actual Startup Time": 0.008,
                                                    "Actual Total Time": 0.014,
                                                    "Actual Rows": 21,
                                                    "Actual Loops": 2007
                                                },
                                                {
                                                    "Worker Number": 2,
                                                    "Actual Startup Time": 0.008,
                                                    "Actual Total Time": 0.013,
                                                    "Actual Rows": 18,
                                                    "Actual Loops": 2001
                                                },
                                                {
                                                    "Worker Number": 3,
                                                    "Actual Startup Time": 0.008,
                                                    "Actual Total Time": 0.014,
                                                    "Actual Rows": 20,
                                                    "Actual Loops": 1942
                                                },
                                                {
                                                    "Worker Number": 4,
                                                    "Actual Startup Time": 0.006,
                                                    "Actual Total Time": 0.01,
                                                    "Actual Rows": 18,
                                                    "Actual Loops": 2748
                                                }
                                            ]
                                        }
                                    ]
                                }
                            ]
                        }
                    ]
                }
            ]
        },
        "Planning Time": 179.586,
        "Triggers": [],
        "Execution Time": 202.076
    }
]