[
  {
    "Plan": {
      "Node Type": "Aggregate",
      "Strategy": "Plain",
      "Partial Mode": "Finalize",
      "Parallel Aware": false,
      "Startup Cost": 77721.38,
      "Total Cost": 77721.39,
      "Plan Rows": 1,
      "Plan Width": 8,
      "Actual Startup Time": 345.955,
      "Actual Total Time": 365.54,
      "Actual Rows": 1,
      "Actual Loops": 1,
      "Plans": [
        {
          "Node Type": "Gather",
          "Parent Relationship": "Outer",
          "Parallel Aware": false,
          "Startup Cost": 77721.06,
          "Total Cost": 77721.37,
          "Plan Rows": 3,
          "Plan Width": 8,
          "Actual Startup Time": 341.908,
          "Actual Total Time": 365.528,
          "Actual Rows": 4,
          "Actual Loops": 1,
          "Workers Planned": 3,
          "Workers Launched": 3,
          "Single Copy": false,
          "Plans": [
            {
              "Node Type": "Aggregate",
              "Strategy": "Plain",
              "Partial Mode": "Partial",
              "Parent Relationship": "Outer",
              "Parallel Aware": false,
              "Startup Cost": 76721.06,
              "Total Cost": 76721.07,
              "Plan Rows": 1,
              "Plan Width": 8,
              "Actual Startup Time": 333.059,
              "Actual Total Time": 333.118,
              "Actual Rows": 1,
              "Actual Loops": 4,
              "Plans": [
                {
                  "Node Type": "Hash Join",
                  "Parent Relationship": "Outer",
                  "Parallel Aware": true,
                  "Join Type": "Inner",
                  "Startup Cost": 46083.57,
                  "Total Cost": 76631.02,
                  "Plan Rows": 36015,
                  "Plan Width": 0,
                  "Actual Startup Time": 170.822,
                  "Actual Total Time": 325.618,
                  "Actual Rows": 128879,
                  "Actual Loops": 4,
                  "Inner Unique": true,
                  "Hash Cond": "(mc.movie_id = t.id)",
                  "Plans": [
                    {
                      "Node Type": "Seq Scan",
                      "Parent Relationship": "Outer",
                      "Parallel Aware": true,
                      "Relation Name": "movie_companies",
                      "Alias": "mc",
                      "Startup Cost": 0.0,
                      "Total Cost": 29310.68,
                      "Plan Rows": 471150,
                      "Plan Width": 4,
                      "Actual Startup Time": 8.355,
                      "Actual Total Time": 88.574,
                      "Actual Rows": 362778,
                      "Actual Loops": 4,
                      "Filter": "(company_id > 9353)",
                      "Rows Removed by Filter": 289504
                    },
                    {
                      "Node Type": "Hash",
                      "Parent Relationship": "Inner",
                      "Parallel Aware": true,
                      "Startup Cost": 45479.59,
                      "Total Cost": 45479.59,
                      "Plan Rows": 48319,
                      "Plan Width": 4,
                      "Actual Startup Time": 156.027,
                      "Actual Total Time": 156.029,
                      "Actual Rows": 82806,
                      "Actual Loops": 4,
                      "Hash Buckets": 524288,
                      "Original Hash Buckets": 262144,
                      "Hash Batches": 1,
                      "Original Hash Batches": 1,
                      "Peak Memory Usage": 19168,
                      "Plans": [
                        {
                          "Node Type": "Seq Scan",
                          "Parent Relationship": "Outer",
                          "Parallel Aware": true,
                          "Relation Name": "title",
                          "Alias": "t",
                          "Startup Cost": 0.0,
                          "Total Cost": 45479.59,
                          "Plan Rows": 48319,
                          "Plan Width": 4,
                          "Actual Startup Time": 67.952,
                          "Actual Total Time": 119.814,
                          "Actual Rows": 82806,
                          "Actual Loops": 4,
                          "Filter": "((production_year < 1993) AND (kind_id = 1))",
                          "Rows Removed by Filter": 549272
                        }
                      ]
                    }
                  ]
                }
              ]
            }
          ]
        }
      ]
    },
    "Planning Time": 0.57,
    "Triggers": [],
    "Execution Time": 365.604
  }
]