[
  {
    "Plan": {
      "Node Type": "Aggregate",
      "Strategy": "Plain",
      "Partial Mode": "Finalize",
      "Parallel Aware": false,
      "Startup Cost": 44391.75,
      "Total Cost": 44391.76,
      "Plan Rows": 1,
      "Plan Width": 8,
      "Actual Startup Time": 104.561,
      "Actual Total Time": 113.827,
      "Actual Rows": 1,
      "Actual Loops": 1,
      "Plans": [
        {
          "Node Type": "Gather",
          "Parent Relationship": "Outer",
          "Parallel Aware": false,
          "Startup Cost": 44391.43,
          "Total Cost": 44391.74,
          "Plan Rows": 3,
          "Plan Width": 8,
          "Actual Startup Time": 104.383,
          "Actual Total Time": 113.814,
          "Actual Rows": 4,
          "Actual Loops": 1,
          "Workers Planned": 3,
          "Workers Launched": 3,
          "Single Copy": false,
          "Plans": [
            {
              "Node Type": "Aggregate",
              "Strategy": "Plain",
              "Partial Mode": "Partial",
              "Parent Relationship": "Outer",
              "Parallel Aware": false,
              "Startup Cost": 43391.43,
              "Total Cost": 43391.44,
              "Plan Rows": 1,
              "Plan Width": 8,
              "Actual Startup Time": 100.843,
              "Actual Total Time": 100.844,
              "Actual Rows": 1,
              "Actual Loops": 4,
              "Plans": [
                {
                  "Node Type": "Seq Scan",
                  "Parent Relationship": "Outer",
                  "Parallel Aware": true,
                  "Relation Name": "movie_keyword",
                  "Alias": "mk",
                  "Startup Cost": 0.0,
                  "Total Cost": 42695.65,
                  "Plan Rows": 278310,
                  "Plan Width": 0,
                  "Actual Startup Time": 0.031,
                  "Actual Total Time": 91.56,
                  "Actual Rows": 215332,
                  "Actual Loops": 4,
                  "Filter": "(keyword_id < 820)",
                  "Rows Removed by Filter": 915651
                }
              ]
            }
          ]
        }
      ]
    },
    "Planning Time": 0.102,
    "Triggers": [],
    "Execution Time": 113.858
  }
]