[
  {
    "Plan": {
      "Node Type": "Aggregate",
      "Strategy": "Plain",
      "Partial Mode": "Finalize",
      "Parallel Aware": false,
      "Startup Cost": 351296.21,
      "Total Cost": 351296.22,
      "Plan Rows": 1,
      "Plan Width": 8,
      "Actual Startup Time": 892.507,
      "Actual Total Time": 950.765,
      "Actual Rows": 1,
      "Actual Loops": 1,
      "Plans": [
        {
          "Node Type": "Gather",
          "Parent Relationship": "Outer",
          "Parallel Aware": false,
          "Startup Cost": 351295.58,
          "Total Cost": 351296.19,
          "Plan Rows": 6,
          "Plan Width": 8,
          "Actual Startup Time": 892.382,
          "Actual Total Time": 950.754,
          "Actual Rows": 7,
          "Actual Loops": 1,
          "Workers Planned": 6,
          "Workers Launched": 6,
          "Single Copy": false,
          "Plans": [
            {
              "Node Type": "Aggregate",
              "Strategy": "Plain",
              "Partial Mode": "Partial",
              "Parent Relationship": "Outer",
              "Parallel Aware": false,
              "Startup Cost": 350295.58,
              "Total Cost": 350295.59,
              "Plan Rows": 1,
              "Plan Width": 8,
              "Actual Startup Time": 883.308,
              "Actual Total Time": 883.309,
              "Actual Rows": 1,
              "Actual Loops": 7,
              "Plans": [
                {
                  "Node Type": "Seq Scan",
                  "Parent Relationship": "Outer",
                  "Parallel Aware": true,
                  "Relation Name": "cast_info",
                  "Alias": "ci",
                  "Startup Cost": 0.0,
                  "Total Cost": 343257.03,
                  "Plan Rows": 2815421,
                  "Plan Width": 0,
                  "Actual Startup Time": 229.936,
                  "Actual Total Time": 742.346,
                  "Actual Rows": 2947493,
                  "Actual Loops": 7,
                  "Filter": "((person_id > 1031732) AND (role_id > 1))",
                  "Rows Removed by Filter": 2230271
                }
              ]
            }
          ]
        }
      ]
    },
    "Planning Time": 0.215,
    "Triggers": [],
    "Execution Time": 950.844
  }
]