[
  {
    "Plan": {
      "Node Type": "Aggregate",
      "Strategy": "Plain",
      "Partial Mode": "Finalize",
      "Parallel Aware": false,
      "Startup Cost": 44866.9,
      "Total Cost": 44866.91,
      "Plan Rows": 1,
      "Plan Width": 8,
      "Actual Startup Time": 132.218,
      "Actual Total Time": 141.718,
      "Actual Rows": 1,
      "Actual Loops": 1,
      "Plans": [
        {
          "Node Type": "Gather",
          "Parent Relationship": "Outer",
          "Parallel Aware": false,
          "Startup Cost": 44866.58,
          "Total Cost": 44866.89,
          "Plan Rows": 3,
          "Plan Width": 8,
          "Actual Startup Time": 131.983,
          "Actual Total Time": 141.709,
          "Actual Rows": 4,
          "Actual Loops": 1,
          "Workers Planned": 3,
          "Workers Launched": 3,
          "Single Copy": false,
          "Plans": [
            {
              "Node Type": "Aggregate",
              "Strategy": "Plain",
              "Partial Mode": "Partial",
              "Parent Relationship": "Outer",
              "Parallel Aware": false,
              "Startup Cost": 43866.58,
              "Total Cost": 43866.59,
              "Plan Rows": 1,
              "Plan Width": 8,
              "Actual Startup Time": 126.052,
              "Actual Total Time": 126.053,
              "Actual Rows": 1,
              "Actual Loops": 4,
              "Plans": [
                {
                  "Node Type": "Seq Scan",
                  "Parent Relationship": "Outer",
                  "Parallel Aware": true,
                  "Relation Name": "movie_keyword",
                  "Alias": "mk",
                  "Startup Cost": 0.0,
                  "Total Cost": 42695.65,
                  "Plan Rows": 468370,
                  "Plan Width": 0,
                  "Actual Startup Time": 0.05,
                  "Actual Total Time": 108.39,
                  "Actual Rows": 365412,
                  "Actual Loops": 4,
                  "Filter": "(keyword_id < 2076)",
                  "Rows Removed by Filter": 765570
                }
              ]
            }
          ]
        }
      ]
    },
    "Planning Time": 0.149,
    "Triggers": [],
    "Execution Time": 141.762
  }
]