[
  {
    "Plan": {
      "Node Type": "Aggregate",
      "Strategy": "Plain",
      "Partial Mode": "Finalize",
      "Parallel Aware": false,
      "Startup Cost": 38003.01,
      "Total Cost": 38003.02,
      "Plan Rows": 1,
      "Plan Width": 8,
      "Actual Startup Time": 135.21,
      "Actual Total Time": 143.079,
      "Actual Rows": 1,
      "Actual Loops": 1,
      "Plans": [
        {
          "Node Type": "Gather",
          "Parent Relationship": "Outer",
          "Parallel Aware": false,
          "Startup Cost": 38002.69,
          "Total Cost": 38003.0,
          "Plan Rows": 3,
          "Plan Width": 8,
          "Actual Startup Time": 134.862,
          "Actual Total Time": 143.07,
          "Actual Rows": 4,
          "Actual Loops": 1,
          "Workers Planned": 3,
          "Workers Launched": 3,
          "Single Copy": false,
          "Plans": [
            {
              "Node Type": "Aggregate",
              "Strategy": "Plain",
              "Partial Mode": "Partial",
              "Parent Relationship": "Outer",
              "Parallel Aware": false,
              "Startup Cost": 37002.69,
              "Total Cost": 37002.7,
              "Plan Rows": 1,
              "Plan Width": 8,
              "Actual Startup Time": 127.055,
              "Actual Total Time": 127.057,
              "Actual Rows": 1,
              "Actual Loops": 4,
              "Plans": [
                {
                  "Node Type": "Bitmap Heap Scan",
                  "Parent Relationship": "Outer",
                  "Parallel Aware": true,
                  "Relation Name": "movie_keyword",
                  "Alias": "mk",
                  "Startup Cost": 10217.78,
                  "Total Cost": 36614.21,
                  "Plan Rows": 155394,
                  "Plan Width": 0,
                  "Actual Startup Time": 47.327,
                  "Actual Total Time": 120.108,
                  "Actual Rows": 119614,
                  "Actual Loops": 4,
                  "Recheck Cond": "(keyword_id > 37367)",
                  "Rows Removed by Index Recheck": 0,
                  "Exact Heap Blocks": 10215,
                  "Lossy Heap Blocks": 0,
                  "Plans": [
                    {
                      "Node Type": "Bitmap Index Scan",
                      "Parent Relationship": "Outer",
                      "Parallel Aware": false,
                      "Index Name": "keyword_id_movie_keyword",
                      "Startup Cost": 0.0,
                      "Total Cost": 10097.35,
                      "Plan Rows": 481722,
                      "Plan Width": 0,
                      "Actual Startup Time": 50.832,
                      "Actual Total Time": 50.833,
                      "Actual Rows": 478454,
                      "Actual Loops": 1,
                      "Index Cond": "(keyword_id > 37367)"
                    }
                  ]
                }
              ]
            }
          ]
        }
      ]
    },
    "Planning Time": 0.199,
    "Triggers": [],
    "Execution Time": 143.159
  }
]