[
  {
    "Plan": {
      "Node Type": "Aggregate",
      "Strategy": "Plain",
      "Partial Mode": "Finalize",
      "Parallel Aware": false,
      "Startup Cost": 121895.04,
      "Total Cost": 121895.05,
      "Plan Rows": 1,
      "Plan Width": 8,
      "Actual Startup Time": 780.187,
      "Actual Total Time": 795.418,
      "Actual Rows": 1,
      "Actual Loops": 1,
      "Plans": [
        {
          "Node Type": "Gather",
          "Parent Relationship": "Outer",
          "Parallel Aware": false,
          "Startup Cost": 121894.73,
          "Total Cost": 121895.04,
          "Plan Rows": 3,
          "Plan Width": 8,
          "Actual Startup Time": 772.817,
          "Actual Total Time": 795.405,
          "Actual Rows": 4,
          "Actual Loops": 1,
          "Workers Planned": 3,
          "Workers Launched": 3,
          "Single Copy": false,
          "Plans": [
            {
              "Node Type": "Aggregate",
              "Strategy": "Plain",
              "Partial Mode": "Partial",
              "Parent Relationship": "Outer",
              "Parallel Aware": false,
              "Startup Cost": 120894.73,
              "Total Cost": 120894.74,
              "Plan Rows": 1,
              "Plan Width": 8,
              "Actual Startup Time": 763.645,
              "Actual Total Time": 764.187,
              "Actual Rows": 1,
              "Actual Loops": 4,
              "Plans": [
                {
                  "Node Type": "Hash Join",
                  "Parent Relationship": "Outer",
                  "Parallel Aware": true,
                  "Join Type": "Inner",
                  "Startup Cost": 93443.47,
                  "Total Cost": 120734.77,
                  "Plan Rows": 63981,
                  "Plan Width": 0,
                  "Actual Startup Time": 637.525,
                  "Actual Total Time": 750.673,
                  "Actual Rows": 255312,
                  "Actual Loops": 4,
                  "Inner Unique": false,
                  "Hash Cond": "(mk.movie_id = t.id)",
                  "Plans": [
                    {
                      "Node Type": "Bitmap Heap Scan",
                      "Parent Relationship": "Outer",
                      "Parallel Aware": true,
                      "Relation Name": "movie_keyword",
                      "Alias": "mk",
                      "Startup Cost": 10834.79,
                      "Total Cost": 37348.29,
                      "Plan Rows": 164760,
                      "Plan Width": 4,
                      "Actual Startup Time": 45.159,
                      "Actual Total Time": 98.721,
                      "Actual Rows": 124376,
                      "Actual Loops": 4,
                      "Recheck Cond": "(keyword_id > 36238)",
                      "Rows Removed by Index Recheck": 0,
                      "Exact Heap Blocks": 5959,
                      "Lossy Heap Blocks": 0,
                      "Plans": [
                        {
                          "Node Type": "Bitmap Index Scan",
                          "Parent Relationship": "Outer",
                          "Parallel Aware": false,
                          "Index Name": "keyword_id_movie_keyword",
                          "Startup Cost": 0.0,
                          "Total Cost": 10707.1,
                          "Plan Rows": 510756,
                          "Plan Width": 0,
                          "Actual Startup Time": 39.596,
                          "Actual Total Time": 39.597,
                          "Actual Rows": 497506,
                          "Actual Loops": 1,
                          "Index Cond": "(keyword_id > 36238)"
                        }
                      ]
                    },
                    {
                      "Node Type": "Hash",
                      "Parent Relationship": "Inner",
                      "Parallel Aware": true,
                      "Startup Cost": 79540.51,
                      "Total Cost": 79540.51,
                      "Plan Rows": 245454,
                      "Plan Width": 8,
                      "Actual Startup Time": 587.221,
                      "Actual Total Time": 587.76,
                      "Actual Rows": 248672,
                      "Actual Loops": 4,
                      "Hash Buckets": 1048576,
                      "Original Hash Buckets": 1048576,
                      "Hash Batches": 1,
                      "Original Hash Batches": 1,
                      "Peak Memory Usage": 47136,
                      "Plans": [
                        {
                          "Node Type": "Hash Join",
                          "Parent Relationship": "Outer",
                          "Parallel Aware": true,
                          "Join Type": "Inner",
                          "Startup Cost": 33269.62,
                          "Total Cost": 79540.51,
                          "Plan Rows": 245454,
                          "Plan Width": 8,
                          "Actual Startup Time": 173.734,
                          "Actual Total Time": 501.028,
                          "Actual Rows": 248672,
                          "Actual Loops": 4,
                          "Inner Unique": false,
                          "Hash Cond": "(t.id = mc.movie_id)",
                          "Plans": [
                            {
                              "Node Type": "Seq Scan",
                              "Parent Relationship": "Outer",
                              "Parallel Aware": true,
                              "Relation Name": "title",
                              "Alias": "t",
                              "Startup Cost": 0.0,
                              "Total Cost": 42318.73,
                              "Plan Rows": 632073,
                              "Plan Width": 4,
                              "Actual Startup Time": 0.016,
                              "Actual Total Time": 82.087,
                              "Actual Rows": 632078,
                              "Actual Loops": 4
                            },
                            {
                              "Node Type": "Hash",
                              "Parent Relationship": "Inner",
                              "Parallel Aware": true,
                              "Startup Cost": 29310.68,
                              "Total Cost": 29310.68,
                              "Plan Rows": 316715,
                              "Plan Width": 4,
                              "Actual Startup Time": 170.776,
                              "Actual Total Time": 170.778,
                              "Actual Rows": 248672,
                              "Actual Loops": 4,
                              "Hash Buckets": 1048576,
                              "Original Hash Buckets": 1048576,
                              "Hash Batches": 1,
                              "Original Hash Batches": 1,
                              "Peak Memory Usage": 47168,
                              "Plans": [
                                {
                                  "Node Type": "Seq Scan",
                                  "Parent Relationship": "Outer",
                                  "Parallel Aware": true,
                                  "Relation Name": "movie_companies",
                                  "Alias": "mc",
                                  "Startup Cost": 0.0,
                                  "Total Cost": 29310.68,
                                  "Plan Rows": 316715,
                                  "Plan Width": 4,
                                  "Actual Startup Time": 22.86,
                                  "Actual Total Time": 92.877,
                                  "Actual Rows": 248672,
                                  "Actual Loops": 4,
                                  "Filter": "(company_id > 16882)",
                                  "Rows Removed by Filter": 403610
                                }
                              ]
                            }
                          ]
                        }
                      ]
                    }
                  ]
                }
              ]
            }
          ]
        }
      ]
    },
    "Planning Time": 1.432,
    "Triggers": [],
    "Execution Time": 795.529
  }
]