[
  {
    "Plan": {
      "Node Type": "Aggregate",
      "Strategy": "Plain",
      "Partial Mode": "Finalize",
      "Parallel Aware": false,
      "Startup Cost": 276145.42,
      "Total Cost": 276145.43,
      "Plan Rows": 1,
      "Plan Width": 8,
      "Actual Startup Time": 123.164,
      "Actual Total Time": 128.571,
      "Actual Rows": 1,
      "Actual Loops": 1,
      "Plans": [
        {
          "Node Type": "Gather",
          "Parent Relationship": "Outer",
          "Parallel Aware": false,
          "Startup Cost": 276144.79,
          "Total Cost": 276145.4,
          "Plan Rows": 6,
          "Plan Width": 8,
          "Actual Startup Time": 122.839,
          "Actual Total Time": 128.561,
          "Actual Rows": 7,
          "Actual Loops": 1,
          "Workers Planned": 6,
          "Workers Launched": 6,
          "Single Copy": false,
          "Plans": [
            {
              "Node Type": "Aggregate",
              "Strategy": "Plain",
              "Partial Mode": "Partial",
              "Parent Relationship": "Outer",
              "Parallel Aware": false,
              "Startup Cost": 275144.79,
              "Total Cost": 275144.8,
              "Plan Rows": 1,
              "Plan Width": 8,
              "Actual Startup Time": 112.487,
              "Actual Total Time": 112.489,
              "Actual Rows": 1,
              "Actual Loops": 7,
              "Plans": [
                {
                  "Node Type": "Bitmap Heap Scan",
                  "Parent Relationship": "Outer",
                  "Parallel Aware": true,
                  "Relation Name": "cast_info",
                  "Alias": "ci",
                  "Startup Cost": 19886.74,
                  "Total Cost": 274828.54,
                  "Plan Rows": 126500,
                  "Plan Width": 0,
                  "Actual Startup Time": 54.077,
                  "Actual Total Time": 103.661,
                  "Actual Rows": 120049,
                  "Actual Loops": 7,
                  "Recheck Cond": "(person_id < 93198)",
                  "Rows Removed by Index Recheck": 0,
                  "Filter": "(role_id < 9)",
                  "Rows Removed by Filter": 6807,
                  "Exact Heap Blocks": 1844,
                  "Lossy Heap Blocks": 0,
                  "Plans": [
                    {
                      "Node Type": "Bitmap Index Scan",
                      "Parent Relationship": "Outer",
                      "Parallel Aware": false,
                      "Index Name": "person_id_cast_info",
                      "Startup Cost": 0.0,
                      "Total Cost": 19696.99,
                      "Plan Rows": 901923,
                      "Plan Width": 0,
                      "Actual Startup Time": 61.014,
                      "Actual Total Time": 61.015,
                      "Actual Rows": 887994,
                      "Actual Loops": 1,
                      "Index Cond": "(person_id < 93198)"
                    }
                  ]
                }
              ]
            }
          ]
        }
      ]
    },
    "Planning Time": 0.222,
    "Triggers": [],
    "Execution Time": 128.649
  }
]