[
  {
    "Plan": {
      "Node Type": "Aggregate",
      "Strategy": "Plain",
      "Partial Mode": "Finalize",
      "Parallel Aware": false,
      "Startup Cost": 664094.22,
      "Total Cost": 664094.23,
      "Plan Rows": 1,
      "Plan Width": 8,
      "Actual Startup Time": 4051.489,
      "Actual Total Time": 4124.267,
      "Actual Rows": 1,
      "Actual Loops": 1,
      "Plans": [
        {
          "Node Type": "Gather",
          "Parent Relationship": "Outer",
          "Parallel Aware": false,
          "Startup Cost": 664093.59,
          "Total Cost": 664094.2,
          "Plan Rows": 6,
          "Plan Width": 8,
          "Actual Startup Time": 4017.461,
          "Actual Total Time": 4124.25,
          "Actual Rows": 7,
          "Actual Loops": 1,
          "Workers Planned": 6,
          "Workers Launched": 6,
          "Single Copy": false,
          "Plans": [
            {
              "Node Type": "Aggregate",
              "Strategy": "Plain",
              "Partial Mode": "Partial",
              "Parent Relationship": "Outer",
              "Parallel Aware": false,
              "Startup Cost": 663093.59,
              "Total Cost": 663093.6,
              "Plan Rows": 1,
              "Plan Width": 8,
              "Actual Startup Time": 3991.361,
              "Actual Total Time": 3992.285,
              "Actual Rows": 1,
              "Actual Loops": 7,
              "Plans": [
                {
                  "Node Type": "Hash Join",
                  "Parent Relationship": "Outer",
                  "Parallel Aware": true,
                  "Join Type": "Inner",
                  "Startup Cost": 269126.69,
                  "Total Cost": 636083.29,
                  "Plan Rows": 10804121,
                  "Plan Width": 0,
                  "Actual Startup Time": 1485.093,
                  "Actual Total Time": 3679.872,
                  "Actual Rows": 7059228,
                  "Actual Loops": 7,
                  "Inner Unique": false,
                  "Hash Cond": "(ci.movie_id = t.id)",
                  "Plans": [
                    {
                      "Node Type": "Seq Scan",
                      "Parent Relationship": "Outer",
                      "Parallel Aware": true,
                      "Relation Name": "cast_info",
                      "Alias": "ci",
                      "Startup Cost": 0.0,
                      "Total Cost": 328211.39,
                      "Plan Rows": 3427393,
                      "Plan Width": 4,
                      "Actual Startup Time": 158.39,
                      "Actual Total Time": 607.974,
                      "Actual Rows": 2913030,
                      "Actual Loops": 7,
                      "Filter": "(person_id > 1567060)",
                      "Rows Removed by Filter": 2264734
                    },
                    {
                      "Node Type": "Hash",
                      "Parent Relationship": "Inner",
                      "Parallel Aware": true,
                      "Startup Cost": 249200.92,
                      "Total Cost": 249200.92,
                      "Plan Rows": 1594062,
                      "Plan Width": 8,
                      "Actual Startup Time": 1317.432,
                      "Actual Total Time": 1318.354,
                      "Actual Rows": 524485,
                      "Actual Loops": 7,
                      "Hash Buckets": 8388608,
                      "Original Hash Buckets": 8388608,
                      "Hash Batches": 1,
                      "Original Hash Batches": 1,
                      "Peak Memory Usage": 209248,
                      "Plans": [
                        {
                          "Node Type": "Hash Join",
                          "Parent Relationship": "Outer",
                          "Parallel Aware": true,
                          "Join Type": "Inner",
                          "Startup Cost": 49721.51,
                          "Total Cost": 249200.92,
                          "Plan Rows": 1594062,
                          "Plan Width": 8,
                          "Actual Startup Time": 191.23,
                          "Actual Total Time": 1051.652,
                          "Actual Rows": 524485,
                          "Actual Loops": 7,
                          "Inner Unique": true,
                          "Hash Cond": "(mi.movie_id = t.id)",
                          "Plans": [
                            {
                              "Node Type": "Seq Scan",
                              "Parent Relationship": "Outer",
                              "Parallel Aware": true,
                              "Relation Name": "movie_info",
                              "Alias": "mi",
                              "Startup Cost": 0.0,
                              "Total Cost": 191685.19,
                              "Plan Rows": 2969219,
                              "Plan Width": 4,
                              "Actual Startup Time": 0.034,
                              "Actual Total Time": 285.976,
                              "Actual Rows": 2119389,
                              "Actual Loops": 7
                            },
                            {
                              "Node Type": "Hash",
                              "Parent Relationship": "Inner",
                              "Parallel Aware": true,
                              "Startup Cost": 45479.59,
                              "Total Cost": 45479.59,
                              "Plan Rows": 339354,
                              "Plan Width": 4,
                              "Actual Startup Time": 189.112,
                              "Actual Total Time": 189.113,
                              "Actual Rows": 204573,
                              "Actual Loops": 7,
                              "Hash Buckets": 2097152,
                              "Original Hash Buckets": 2097152,
                              "Hash Batches": 1,
                              "Original Hash Batches": 1,
                              "Peak Memory Usage": 72512,
                              "Plans": [
                                {
                                  "Node Type": "Seq Scan",
                                  "Parent Relationship": "Outer",
                                  "Parallel Aware": true,
                                  "Relation Name": "title",
                                  "Alias": "t",
                                  "Startup Cost": 0.0,
                                  "Total Cost": 45479.59,
                                  "Plan Rows": 339354,
                                  "Plan Width": 4,
                                  "Actual Startup Time": 0.06,
                                  "Actual Total Time": 85.035,
                                  "Actual Rows": 204573,
                                  "Actual Loops": 7,
                                  "Filter": "((production_year > 1959) AND (kind_id = 7))",
                                  "Rows Removed by Filter": 156614
                                }
                              ]
                            }
                          ]
                        }
                      ]
                    }
                  ]
                }
              ]
            }
          ]
        }
      ]
    },
    "Planning Time": 0.509,
    "Triggers": [],
    "Execution Time": 4124.322
  }
]