[
  {
    "Plan": {
      "Node Type": "Aggregate",
      "Strategy": "Plain",
      "Partial Mode": "Finalize",
      "Parallel Aware": false,
      "Startup Cost": 342567.82,
      "Total Cost": 342567.83,
      "Plan Rows": 1,
      "Plan Width": 8,
      "Actual Startup Time": 796.217,
      "Actual Total Time": 855.531,
      "Actual Rows": 1,
      "Actual Loops": 1,
      "Plans": [
        {
          "Node Type": "Gather",
          "Parent Relationship": "Outer",
          "Parallel Aware": false,
          "Startup Cost": 342567.2,
          "Total Cost": 342567.81,
          "Plan Rows": 6,
          "Plan Width": 8,
          "Actual Startup Time": 796.099,
          "Actual Total Time": 855.514,
          "Actual Rows": 7,
          "Actual Loops": 1,
          "Workers Planned": 6,
          "Workers Launched": 6,
          "Single Copy": false,
          "Plans": [
            {
              "Node Type": "Aggregate",
              "Strategy": "Plain",
              "Partial Mode": "Partial",
              "Parent Relationship": "Outer",
              "Parallel Aware": false,
              "Startup Cost": 341567.2,
              "Total Cost": 341567.21,
              "Plan Rows": 1,
              "Plan Width": 8,
              "Actual Startup Time": 785.768,
              "Actual Total Time": 785.769,
              "Actual Rows": 1,
              "Actual Loops": 7,
              "Plans": [
                {
                  "Node Type": "Seq Scan",
                  "Parent Relationship": "Outer",
                  "Parallel Aware": true,
                  "Relation Name": "cast_info",
                  "Alias": "ci",
                  "Startup Cost": 0.0,
                  "Total Cost": 328162.03,
                  "Plan Rows": 5362069,
                  "Plan Width": 0,
                  "Actual Startup Time": 57.922,
                  "Actual Total Time": 609.265,
                  "Actual Rows": 4579956,
                  "Actual Loops": 7,
                  "Filter": "(person_id > 402947)",
                  "Rows Removed by Filter": 597808
                }
              ]
            }
          ]
        }
      ]
    },
    "Planning Time": 0.179,
    "Triggers": [],
    "Execution Time": 855.603
  }
]