[
  {
    "Plan": {
      "Node Type": "Aggregate",
      "Strategy": "Plain",
      "Partial Mode": "Finalize",
      "Parallel Aware": false,
      "Startup Cost": 75601.17,
      "Total Cost": 75601.18,
      "Plan Rows": 1,
      "Plan Width": 8,
      "Actual Startup Time": 197.589,
      "Actual Total Time": 214.906,
      "Actual Rows": 1,
      "Actual Loops": 1,
      "Plans": [
        {
          "Node Type": "Gather",
          "Parent Relationship": "Outer",
          "Parallel Aware": false,
          "Startup Cost": 75600.75,
          "Total Cost": 75601.16,
          "Plan Rows": 4,
          "Plan Width": 8,
          "Actual Startup Time": 196.897,
          "Actual Total Time": 214.896,
          "Actual Rows": 5,
          "Actual Loops": 1,
          "Workers Planned": 4,
          "Workers Launched": 4,
          "Single Copy": false,
          "Plans": [
            {
              "Node Type": "Aggregate",
              "Strategy": "Plain",
              "Partial Mode": "Partial",
              "Parent Relationship": "Outer",
              "Parallel Aware": false,
              "Startup Cost": 74600.75,
              "Total Cost": 74600.76,
              "Plan Rows": 1,
              "Plan Width": 8,
              "Actual Startup Time": 186.609,
              "Actual Total Time": 186.612,
              "Actual Rows": 1,
              "Actual Loops": 5,
              "Plans": [
                {
                  "Node Type": "Hash Join",
                  "Parent Relationship": "Outer",
                  "Parallel Aware": true,
                  "Join Type": "Inner",
                  "Startup Cost": 29356.62,
                  "Total Cost": 74554.5,
                  "Plan Rows": 18500,
                  "Plan Width": 0,
                  "Actual Startup Time": 87.716,
                  "Actual Total Time": 186.008,
                  "Actual Rows": 7652,
                  "Actual Loops": 5,
                  "Inner Unique": false,
                  "Hash Cond": "(t.id = mc.movie_id)",
                  "Plans": [
                    {
                      "Node Type": "Seq Scan",
                      "Parent Relationship": "Outer",
                      "Parallel Aware": true,
                      "Relation Name": "title",
                      "Alias": "t",
                      "Startup Cost": 0.0,
                      "Total Cost": 43898.92,
                      "Plan Rows": 247857,
                      "Plan Width": 4,
                      "Actual Startup Time": 0.014,
                      "Actual Total Time": 71.193,
                      "Actual Rows": 197010,
                      "Actual Loops": 5,
                      "Filter": "(kind_id < 7)",
                      "Rows Removed by Filter": 308653
                    },
                    {
                      "Node Type": "Hash",
                      "Parent Relationship": "Inner",
                      "Parallel Aware": true,
                      "Startup Cost": 28595.67,
                      "Total Cost": 28595.67,
                      "Plan Rows": 60876,
                      "Plan Width": 4,
                      "Actual Startup Time": 85.635,
                      "Actual Total Time": 85.636,
                      "Actual Rows": 16933,
                      "Actual Loops": 5,
                      "Hash Buckets": 262144,
                      "Original Hash Buckets": 262144,
                      "Hash Batches": 1,
                      "Original Hash Batches": 1,
                      "Peak Memory Usage": 5440,
                      "Plans": [
                        {
                          "Node Type": "Bitmap Heap Scan",
                          "Parent Relationship": "Outer",
                          "Parallel Aware": true,
                          "Relation Name": "movie_companies",
                          "Alias": "mc",
                          "Startup Cost": 8007.22,
                          "Total Cost": 28595.67,
                          "Plan Rows": 60876,
                          "Plan Width": 4,
                          "Actual Startup Time": 67.302,
                          "Actual Total Time": 79.815,
                          "Actual Rows": 16933,
                          "Actual Loops": 5,
                          "Recheck Cond": "(company_id < 197)",
                          "Rows Removed by Index Recheck": 0,
                          "Filter": "(company_type_id = 2)",
                          "Rows Removed by Filter": 56700,
                          "Exact Heap Blocks": 8458,
                          "Lossy Heap Blocks": 0,
                          "Plans": [
                            {
                              "Node Type": "Bitmap Index Scan",
                              "Parent Relationship": "Outer",
                              "Parallel Aware": false,
                              "Index Name": "company_id_movie_companies",
                              "Startup Cost": 0.0,
                              "Total Cost": 7960.04,
                              "Plan Rows": 371681,
                              "Plan Width": 0,
                              "Actual Startup Time": 29.743,
                              "Actual Total Time": 29.744,
                              "Actual Rows": 368162,
                              "Actual Loops": 1,
                              "Index Cond": "(company_id < 197)"
                            }
                          ]
                        }
                      ]
                    }
                  ]
                }
              ]
            }
          ]
        }
      ]
    },
    "Planning Time": 0.632,
    "Triggers": [],
    "Execution Time": 214.997
  }
]