[
  {
    "Plan": {
      "Node Type": "Aggregate",
      "Strategy": "Plain",
      "Partial Mode": "Finalize",
      "Parallel Aware": false,
      "Startup Cost": 206835.47,
      "Total Cost": 206835.48,
      "Plan Rows": 1,
      "Plan Width": 8,
      "Actual Startup Time": 463.006,
      "Actual Total Time": 499.044,
      "Actual Rows": 1,
      "Actual Loops": 1,
      "Plans": [
        {
          "Node Type": "Gather",
          "Parent Relationship": "Outer",
          "Parallel Aware": false,
          "Startup Cost": 206834.95,
          "Total Cost": 206835.46,
          "Plan Rows": 5,
          "Plan Width": 8,
          "Actual Startup Time": 462.896,
          "Actual Total Time": 499.035,
          "Actual Rows": 6,
          "Actual Loops": 1,
          "Workers Planned": 5,
          "Workers Launched": 5,
          "Single Copy": false,
          "Plans": [
            {
              "Node Type": "Aggregate",
              "Strategy": "Plain",
              "Partial Mode": "Partial",
              "Parent Relationship": "Outer",
              "Parallel Aware": false,
              "Startup Cost": 205834.95,
              "Total Cost": 205834.96,
              "Plan Rows": 1,
              "Plan Width": 8,
              "Actual Startup Time": 454.791,
              "Actual Total Time": 454.792,
              "Actual Rows": 1,
              "Actual Loops": 6,
              "Plans": [
                {
                  "Node Type": "Seq Scan",
                  "Parent Relationship": "Outer",
                  "Parallel Aware": true,
                  "Relation Name": "movie_info",
                  "Alias": "mi",
                  "Startup Cost": 0.0,
                  "Total Cost": 198952.16,
                  "Plan Rows": 2753113,
                  "Plan Width": 0,
                  "Actual Startup Time": 0.057,
                  "Actual Total Time": 358.013,
                  "Actual Rows": 2311226,
                  "Actual Loops": 6,
                  "Filter": "(info_type_id < 94)",
                  "Rows Removed by Filter": 161394
                }
              ]
            }
          ]
        }
      ]
    },
    "Planning Time": 0.172,
    "Triggers": [],
    "Execution Time": 499.108
  }
]