[
  {
    "Plan": {
      "Node Type": "Aggregate",
      "Strategy": "Plain",
      "Partial Mode": "Finalize",
      "Parallel Aware": false,
      "Startup Cost": 251341.53,
      "Total Cost": 251341.54,
      "Plan Rows": 1,
      "Plan Width": 8,
      "Actual Startup Time": 1105.357,
      "Actual Total Time": 1147.093,
      "Actual Rows": 1,
      "Actual Loops": 1,
      "Plans": [
        {
          "Node Type": "Gather",
          "Parent Relationship": "Outer",
          "Parallel Aware": false,
          "Startup Cost": 251341.01,
          "Total Cost": 251341.52,
          "Plan Rows": 5,
          "Plan Width": 8,
          "Actual Startup Time": 1097.334,
          "Actual Total Time": 1147.081,
          "Actual Rows": 6,
          "Actual Loops": 1,
          "Workers Planned": 5,
          "Workers Launched": 5,
          "Single Copy": false,
          "Plans": [
            {
              "Node Type": "Aggregate",
              "Strategy": "Plain",
              "Partial Mode": "Partial",
              "Parent Relationship": "Outer",
              "Parallel Aware": false,
              "Startup Cost": 250341.01,
              "Total Cost": 250341.02,
              "Plan Rows": 1,
              "Plan Width": 8,
              "Actual Startup Time": 1087.097,
              "Actual Total Time": 1087.1,
              "Actual Rows": 1,
              "Actual Loops": 6,
              "Plans": [
                {
                  "Node Type": "Hash Join",
                  "Parent Relationship": "Outer",
                  "Parallel Aware": true,
                  "Join Type": "Inner",
                  "Startup Cost": 48341.39,
                  "Total Cost": 247663.15,
                  "Plan Rows": 1071144,
                  "Plan Width": 0,
                  "Actual Startup Time": 148.336,
                  "Actual Total Time": 1022.517,
                  "Actual Rows": 1583646,
                  "Actual Loops": 6,
                  "Inner Unique": true,
                  "Hash Cond": "(mi.movie_id = t.id)",
                  "Plans": [
                    {
                      "Node Type": "Seq Scan",
                      "Parent Relationship": "Outer",
                      "Parallel Aware": true,
                      "Relation Name": "movie_info",
                      "Alias": "mi",
                      "Startup Cost": 0.0,
                      "Total Cost": 191560.33,
                      "Plan Rows": 2956733,
                      "Plan Width": 4,
                      "Actual Startup Time": 0.028,
                      "Actual Total Time": 289.089,
                      "Actual Rows": 2472620,
                      "Actual Loops": 6
                    },
                    {
                      "Node Type": "Hash",
                      "Parent Relationship": "Inner",
                      "Parallel Aware": true,
                      "Startup Cost": 45479.1,
                      "Total Cost": 45479.1,
                      "Plan Rows": 228983,
                      "Plan Width": 4,
                      "Actual Startup Time": 142.707,
                      "Actual Total Time": 142.708,
                      "Actual Rows": 142475,
                      "Actual Loops": 6,
                      "Hash Buckets": 1048576,
                      "Original Hash Buckets": 1048576,
                      "Hash Batches": 1,
                      "Original Hash Batches": 1,
                      "Peak Memory Usage": 41728,
                      "Plans": [
                        {
                          "Node Type": "Seq Scan",
                          "Parent Relationship": "Outer",
                          "Parallel Aware": true,
                          "Relation Name": "title",
                          "Alias": "t",
                          "Startup Cost": 0.0,
                          "Total Cost": 45479.1,
                          "Plan Rows": 228983,
                          "Plan Width": 4,
                          "Actual Startup Time": 0.042,
                          "Actual Total Time": 84.438,
                          "Actual Rows": 142475,
                          "Actual Loops": 6,
                          "Filter": "((kind_id < 7) AND (production_year > 1932))",
                          "Rows Removed by Filter": 278910
                        }
                      ]
                    }
                  ]
                }
              ]
            }
          ]
        }
      ]
    },
    "Planning Time": 0.585,
    "Triggers": [],
    "Execution Time": 1147.17
  }
]