{
  "Plan": {
    "Node Type": "Aggregate",
    "Strategy": "Plain",
    "Partial Mode": "Finalize",
    "Parallel Aware": false,
    "Startup Cost": 129495.83,
    "Total Cost": 129495.84,
    "Plan Rows": 1,
    "Plan Width": 8,
    "Actual Startup Time": 705.247,
    "Actual Total Time": 718.005,
    "Actual Rows": 1,
    "Actual Loops": 1,
    "Plans": [
      {
        "Node Type": "Gather",
        "Parent Relationship": "Outer",
        "Parallel Aware": false,
        "Startup Cost": 129495.72,
        "Total Cost": 129495.83,
        "Plan Rows": 1,
        "Plan Width": 8,
        "Actual Startup Time": 703.351,
        "Actual Total Time": 717.997,
        "Actual Rows": 2,
        "Actual Loops": 1,
        "Workers Planned": 1,
        "Workers Launched": 1,
        "Single Copy": false,
        "Plans": [
          {
            "Node Type": "Aggregate",
            "Strategy": "Plain",
            "Partial Mode": "Partial",
            "Parent Relationship": "Outer",
            "Parallel Aware": false,
            "Startup Cost": 128495.72,
            "Total Cost": 128495.73,
            "Plan Rows": 1,
            "Plan Width": 8,
            "Actual Startup Time": 698.262,
            "Actual Total Time": 698.265,
            "Actual Rows": 1,
            "Actual Loops": 2,
            "Plans": [
              {
                "Node Type": "Hash Join",
                "Parent Relationship": "Outer",
                "Parallel Aware": true,
                "Join Type": "Inner",
                "Startup Cost": 64261.66,
                "Total Cost": 126972.54,
                "Plan Rows": 609272,
                "Plan Width": 0,
                "Actual Startup Time": 246.913,
                "Actual Total Time": 647.404,
                "Actual Rows": 1285832,
                "Actual Loops": 2,
                "Inner Unique": true,
                "Hash Cond": "(mk.movie_id = t.id)",
                "Plans": [
                  {
                    "Node Type": "Seq Scan",
                    "Parent Relationship": "Outer",
                    "Parallel Aware": true,
                    "Relation Name": "movie_keyword",
                    "Alias": "mk",
                    "Startup Cost": 0.0,
                    "Total Cost": 57718.19,
                    "Plan Rows": 1901974,
                    "Plan Width": 4,
                    "Actual Startup Time": 0.123,
                    "Actual Total Time": 187.038,
                    "Actual Rows": 1610435,
                    "Actual Loops": 2,
                    "Filter": "(keyword_id > 1700)",
                    "Rows Removed by Filter": 651530
                  },
                  {
                    "Node Type": "Hash",
                    "Parent Relationship": "Inner",
                    "Parallel Aware": true,
                    "Startup Cost": 58306.47,
                    "Total Cost": 58306.47,
                    "Plan Rows": 476415,
                    "Plan Width": 4,
                    "Actual Startup Time": 240.131,
                    "Actual Total Time": 240.132,
                    "Actual Rows": 421509,
                    "Actual Loops": 2,
                    "Hash Buckets": 1048576,
                    "Original Hash Buckets": 1048576,
                    "Hash Batches": 1,
                    "Original Hash Batches": 1,
                    "Peak Memory Usage": 41216,
                    "Plans": [
                      {
                        "Node Type": "Seq Scan",
                        "Parent Relationship": "Outer",
                        "Parallel Aware": true,
                        "Relation Name": "title",
                        "Alias": "t",
                        "Startup Cost": 0.0,
                        "Total Cost": 58306.47,
                        "Plan Rows": 476415,
                        "Plan Width": 4,
                        "Actual Startup Time": 0.034,
                        "Actual Total Time": 148.115,
                        "Actual Rows": 421509,
                        "Actual Loops": 2,
                        "Filter": "((kind_id < 7) AND (production_year < 2011))",
                        "Rows Removed by Filter": 842647
                      }
                    ]
                  }
                ]
              }
            ]
          }
        ]
      }
    ]
  },
  "Planning Time": 0.285,
  "Triggers": [],
  "Execution Time": 718.048
}