[
  {
    "Plan": {
      "Node Type": "Aggregate",
      "Strategy": "Plain",
      "Partial Mode": "Finalize",
      "Parallel Aware": false,
      "Startup Cost": 103072.29,
      "Total Cost": 103072.3,
      "Plan Rows": 1,
      "Plan Width": 8,
      "Actual Startup Time": 673.147,
      "Actual Total Time": 695.116,
      "Actual Rows": 1,
      "Actual Loops": 1,
      "Plans": [
        {
          "Node Type": "Gather",
          "Parent Relationship": "Outer",
          "Parallel Aware": false,
          "Startup Cost": 103071.97,
          "Total Cost": 103072.28,
          "Plan Rows": 3,
          "Plan Width": 8,
          "Actual Startup Time": 661.396,
          "Actual Total Time": 695.103,
          "Actual Rows": 4,
          "Actual Loops": 1,
          "Workers Planned": 3,
          "Workers Launched": 3,
          "Single Copy": false,
          "Plans": [
            {
              "Node Type": "Aggregate",
              "Strategy": "Plain",
              "Partial Mode": "Partial",
              "Parent Relationship": "Outer",
              "Parallel Aware": false,
              "Startup Cost": 102071.97,
              "Total Cost": 102071.98,
              "Plan Rows": 1,
              "Plan Width": 8,
              "Actual Startup Time": 648.33,
              "Actual Total Time": 648.334,
              "Actual Rows": 1,
              "Actual Loops": 4,
              "Plans": [
                {
                  "Node Type": "Nested Loop",
                  "Parent Relationship": "Outer",
                  "Parallel Aware": false,
                  "Join Type": "Inner",
                  "Startup Cost": 52885.59,
                  "Total Cost": 102023.51,
                  "Plan Rows": 19384,
                  "Plan Width": 0,
                  "Actual Startup Time": 406.077,
                  "Actual Total Time": 639.354,
                  "Actual Rows": 153797,
                  "Actual Loops": 4,
                  "Inner Unique": false,
                  "Plans": [
                    {
                      "Node Type": "Hash Join",
                      "Parent Relationship": "Outer",
                      "Parallel Aware": true,
                      "Join Type": "Inner",
                      "Startup Cost": 52885.16,
                      "Total Cost": 77951.3,
                      "Plan Rows": 40472,
                      "Plan Width": 8,
                      "Actual Startup Time": 405.962,
                      "Actual Total Time": 450.353,
                      "Actual Rows": 30738,
                      "Actual Loops": 4,
                      "Inner Unique": true,
                      "Hash Cond": "(mk.movie_id = t.id)",
                      "Plans": [
                        {
                          "Node Type": "Bitmap Heap Scan",
                          "Parent Relationship": "Outer",
                          "Parallel Aware": true,
                          "Relation Name": "movie_keyword",
                          "Alias": "mk",
                          "Startup Cost": 2664.78,
                          "Total Cost": 27624.68,
                          "Plan Rows": 40472,
                          "Plan Width": 4,
                          "Actual Startup Time": 11.317,
                          "Actual Total Time": 39.919,
                          "Actual Rows": 30738,
                          "Actual Loops": 4,
                          "Recheck Cond": "(keyword_id > 77503)",
                          "Rows Removed by Index Recheck": 0,
                          "Exact Heap Blocks": 4459,
                          "Lossy Heap Blocks": 0,
                          "Plans": [
                            {
                              "Node Type": "Bitmap Index Scan",
                              "Parent Relationship": "Outer",
                              "Parallel Aware": false,
                              "Index Name": "keyword_id_movie_keyword",
                              "Startup Cost": 0.0,
                              "Total Cost": 2633.41,
                              "Plan Rows": 125464,
                              "Plan Width": 0,
                              "Actual Startup Time": 8.596,
                              "Actual Total Time": 8.597,
                              "Actual Rows": 122953,
                              "Actual Loops": 1,
                              "Index Cond": "(keyword_id > 77503)"
                            }
                          ]
                        },
                        {
                          "Node Type": "Hash",
                          "Parent Relationship": "Inner",
                          "Parallel Aware": true,
                          "Startup Cost": 42319.06,
                          "Total Cost": 42319.06,
                          "Plan Rows": 632106,
                          "Plan Width": 4,
                          "Actual Startup Time": 384.367,
                          "Actual Total Time": 384.368,
                          "Actual Rows": 632078,
                          "Actual Loops": 4,
                          "Hash Buckets": 4194304,
                          "Original Hash Buckets": 4194304,
                          "Hash Batches": 1,
                          "Original Hash Batches": 1,
                          "Peak Memory Usage": 131712,
                          "Plans": [
                            {
                              "Node Type": "Seq Scan",
                              "Parent Relationship": "Outer",
                              "Parallel Aware": true,
                              "Relation Name": "title",
                              "Alias": "t",
                              "Startup Cost": 0.0,
                              "Total Cost": 42319.06,
                              "Plan Rows": 632106,
                              "Plan Width": 4,
                              "Actual Startup Time": 0.038,
                              "Actual Total Time": 115.364,
                              "Actual Rows": 632078,
                              "Actual Loops": 4
                            }
                          ]
                        }
                      ]
                    },
                    {
                      "Node Type": "Index Scan",
                      "Parent Relationship": "Inner",
                      "Parallel Aware": false,
                      "Scan Direction": "Forward",
                      "Index Name": "movie_id_movie_companies",
                      "Relation Name": "movie_companies",
                      "Alias": "mc",
                      "Startup Cost": 0.43,
                      "Total Cost": 0.57,
                      "Plan Rows": 2,
                      "Plan Width": 4,
                      "Actual Startup Time": 0.003,
                      "Actual Total Time": 0.005,
                      "Actual Rows": 5,
                      "Actual Loops": 122953,
                      "Index Cond": "(movie_id = t.id)",
                      "Rows Removed by Index Recheck": 0,
                      "Filter": "(company_id < 11138)",
                      "Rows Removed by Filter": 5
                    }
                  ]
                }
              ]
            }
          ]
        }
      ]
    },
    "Planning Time": 0.638,
    "Triggers": [],
    "Execution Time": 695.181
  }
]