[
  {
    "Plan": {
      "Node Type": "Aggregate",
      "Strategy": "Plain",
      "Partial Mode": "Finalize",
      "Parallel Aware": false,
      "Startup Cost": 295688.16,
      "Total Cost": 295688.17,
      "Plan Rows": 1,
      "Plan Width": 8,
      "Actual Startup Time": 1688.391,
      "Actual Total Time": 1740.556,
      "Actual Rows": 1,
      "Actual Loops": 1,
      "Plans": [
        {
          "Node Type": "Gather",
          "Parent Relationship": "Outer",
          "Parallel Aware": false,
          "Startup Cost": 295687.63,
          "Total Cost": 295688.14,
          "Plan Rows": 5,
          "Plan Width": 8,
          "Actual Startup Time": 1676.616,
          "Actual Total Time": 1740.542,
          "Actual Rows": 6,
          "Actual Loops": 1,
          "Workers Planned": 5,
          "Workers Launched": 5,
          "Single Copy": false,
          "Plans": [
            {
              "Node Type": "Aggregate",
              "Strategy": "Plain",
              "Partial Mode": "Partial",
              "Parent Relationship": "Outer",
              "Parallel Aware": false,
              "Startup Cost": 294687.63,
              "Total Cost": 294687.64,
              "Plan Rows": 1,
              "Plan Width": 8,
              "Actual Startup Time": 1662.378,
              "Actual Total Time": 1662.68,
              "Actual Rows": 1,
              "Actual Loops": 6,
              "Plans": [
                {
                  "Node Type": "Hash Join",
                  "Parent Relationship": "Outer",
                  "Parallel Aware": true,
                  "Join Type": "Inner",
                  "Startup Cost": 85627.21,
                  "Total Cost": 291481.46,
                  "Plan Rows": 1282471,
                  "Plan Width": 0,
                  "Actual Startup Time": 440.834,
                  "Actual Total Time": 1557.202,
                  "Actual Rows": 1995793,
                  "Actual Loops": 6,
                  "Inner Unique": false,
                  "Hash Cond": "(mi.movie_id = t.id)",
                  "Plans": [
                    {
                      "Node Type": "Seq Scan",
                      "Parent Relationship": "Outer",
                      "Parallel Aware": true,
                      "Relation Name": "movie_info",
                      "Alias": "mi",
                      "Startup Cost": 0.0,
                      "Total Cost": 191560.33,
                      "Plan Rows": 2956733,
                      "Plan Width": 4,
                      "Actual Startup Time": 0.02,
                      "Actual Total Time": 343.928,
                      "Actual Rows": 2472620,
                      "Actual Loops": 6
                    },
                    {
                      "Node Type": "Hash",
                      "Parent Relationship": "Inner",
                      "Parallel Aware": true,
                      "Startup Cost": 82200.22,
                      "Total Cost": 82200.22,
                      "Plan Rows": 274159,
                      "Plan Width": 8,
                      "Actual Startup Time": 434.544,
                      "Actual Total Time": 434.844,
                      "Actual Rows": 146395,
                      "Actual Loops": 6,
                      "Hash Buckets": 2097152,
                      "Original Hash Buckets": 2097152,
                      "Hash Batches": 1,
                      "Original Hash Batches": 1,
                      "Peak Memory Usage": 50816,
                      "Plans": [
                        {
                          "Node Type": "Hash Join",
                          "Parent Relationship": "Outer",
                          "Parallel Aware": true,
                          "Join Type": "Inner",
                          "Startup Cost": 35836.74,
                          "Total Cost": 82200.22,
                          "Plan Rows": 274159,
                          "Plan Width": 8,
                          "Actual Startup Time": 150.548,
                          "Actual Total Time": 367.469,
                          "Actual Rows": 146395,
                          "Actual Loops": 6,
                          "Inner Unique": false,
                          "Hash Cond": "(t.id = mc.movie_id)",
                          "Plans": [
                            {
                              "Node Type": "Seq Scan",
                              "Parent Relationship": "Outer",
                              "Parallel Aware": true,
                              "Relation Name": "title",
                              "Alias": "t",
                              "Startup Cost": 0.0,
                              "Total Cost": 42318.73,
                              "Plan Rows": 632073,
                              "Plan Width": 4,
                              "Actual Startup Time": 0.013,
                              "Actual Total Time": 66.505,
                              "Actual Rows": 421385,
                              "Actual Loops": 6
                            },
                            {
                              "Node Type": "Hash",
                              "Parent Relationship": "Inner",
                              "Parallel Aware": true,
                              "Startup Cost": 31414.82,
                              "Total Cost": 31414.82,
                              "Plan Rows": 353754,
                              "Plan Width": 4,
                              "Actual Startup Time": 147.517,
                              "Actual Total Time": 147.518,
                              "Actual Rows": 146395,
                              "Actual Loops": 6,
                              "Hash Buckets": 2097152,
                              "Original Hash Buckets": 2097152,
                              "Hash Batches": 1,
                              "Original Hash Batches": 1,
                              "Peak Memory Usage": 50848,
                              "Plans": [
                                {
                                  "Node Type": "Seq Scan",
                                  "Parent Relationship": "Outer",
                                  "Parallel Aware": true,
                                  "Relation Name": "movie_companies",
                                  "Alias": "mc",
                                  "Startup Cost": 0.0,
                                  "Total Cost": 31414.82,
                                  "Plan Rows": 353754,
                                  "Plan Width": 4,
                                  "Actual Startup Time": 45.168,
                                  "Actual Total Time": 77.989,
                                  "Actual Rows": 146395,
                                  "Actual Loops": 6,
                                  "Filter": "((company_id < 76832) AND (company_type_id = 2))",
                                  "Rows Removed by Filter": 288460
                                }
                              ]
                            }
                          ]
                        }
                      ]
                    }
                  ]
                }
              ]
            }
          ]
        }
      ]
    },
    "Planning Time": 1.512,
    "Triggers": [],
    "Execution Time": 1740.652
  }
]