[
  {
    "Plan": {
      "Node Type": "Aggregate",
      "Strategy": "Plain",
      "Partial Mode": "Finalize",
      "Parallel Aware": false,
      "Startup Cost": 30931.62,
      "Total Cost": 30931.63,
      "Plan Rows": 1,
      "Plan Width": 8,
      "Actual Startup Time": 95.374,
      "Actual Total Time": 103.17,
      "Actual Rows": 1,
      "Actual Loops": 1,
      "Plans": [
        {
          "Node Type": "Gather",
          "Parent Relationship": "Outer",
          "Parallel Aware": false,
          "Startup Cost": 30931.3,
          "Total Cost": 30931.61,
          "Plan Rows": 3,
          "Plan Width": 8,
          "Actual Startup Time": 95.249,
          "Actual Total Time": 103.161,
          "Actual Rows": 4,
          "Actual Loops": 1,
          "Workers Planned": 3,
          "Workers Launched": 3,
          "Single Copy": false,
          "Plans": [
            {
              "Node Type": "Aggregate",
              "Strategy": "Plain",
              "Partial Mode": "Partial",
              "Parent Relationship": "Outer",
              "Parallel Aware": false,
              "Startup Cost": 29931.3,
              "Total Cost": 29931.31,
              "Plan Rows": 1,
              "Plan Width": 8,
              "Actual Startup Time": 86.877,
              "Actual Total Time": 86.878,
              "Actual Rows": 1,
              "Actual Loops": 4,
              "Plans": [
                {
                  "Node Type": "Seq Scan",
                  "Parent Relationship": "Outer",
                  "Parallel Aware": true,
                  "Relation Name": "movie_companies",
                  "Alias": "mc",
                  "Startup Cost": 0.0,
                  "Total Cost": 29310.68,
                  "Plan Rows": 248248,
                  "Plan Width": 0,
                  "Actual Startup Time": 28.492,
                  "Actual Total Time": 78.816,
                  "Actual Rows": 196012,
                  "Actual Loops": 4,
                  "Filter": "(company_id > 32230)",
                  "Rows Removed by Filter": 456270
                }
              ]
            }
          ]
        }
      ]
    },
    "Planning Time": 0.169,
    "Triggers": [],
    "Execution Time": 103.222
  }
]