[
  {
    "Plan": {
      "Node Type": "Aggregate",
      "Strategy": "Plain",
      "Partial Mode": "Finalize",
      "Parallel Aware": false,
      "Startup Cost": 131081.91,
      "Total Cost": 131081.92,
      "Plan Rows": 1,
      "Plan Width": 8,
      "Actual Startup Time": 681.527,
      "Actual Total Time": 700.377,
      "Actual Rows": 1,
      "Actual Loops": 1,
      "Plans": [
        {
          "Node Type": "Gather",
          "Parent Relationship": "Outer",
          "Parallel Aware": false,
          "Startup Cost": 131081.59,
          "Total Cost": 131081.9,
          "Plan Rows": 3,
          "Plan Width": 8,
          "Actual Startup Time": 675.66,
          "Actual Total Time": 700.364,
          "Actual Rows": 4,
          "Actual Loops": 1,
          "Workers Planned": 3,
          "Workers Launched": 3,
          "Single Copy": false,
          "Plans": [
            {
              "Node Type": "Aggregate",
              "Strategy": "Plain",
              "Partial Mode": "Partial",
              "Parent Relationship": "Outer",
              "Parallel Aware": false,
              "Startup Cost": 130081.59,
              "Total Cost": 130081.6,
              "Plan Rows": 1,
              "Plan Width": 8,
              "Actual Startup Time": 668.036,
              "Actual Total Time": 668.043,
              "Actual Rows": 1,
              "Actual Loops": 4,
              "Plans": [
                {
                  "Node Type": "Hash Join",
                  "Parent Relationship": "Outer",
                  "Parallel Aware": true,
                  "Join Type": "Inner",
                  "Startup Cost": 83728.35,
                  "Total Cost": 129767.33,
                  "Plan Rows": 125706,
                  "Plan Width": 0,
                  "Actual Startup Time": 465.228,
                  "Actual Total Time": 659.517,
                  "Actual Rows": 168156,
                  "Actual Loops": 4,
                  "Inner Unique": false,
                  "Hash Cond": "(mk.movie_id = t.id)",
                  "Plans": [
                    {
                      "Node Type": "Seq Scan",
                      "Parent Relationship": "Outer",
                      "Parallel Aware": true,
                      "Relation Name": "movie_keyword",
                      "Alias": "mk",
                      "Startup Cost": 0.0,
                      "Total Cost": 42695.65,
                      "Plan Rows": 783421,
                      "Plan Width": 4,
                      "Actual Startup Time": 0.036,
                      "Actual Total Time": 116.04,
                      "Actual Rows": 612162,
                      "Actual Loops": 4,
                      "Filter": "(keyword_id < 5835)",
                      "Rows Removed by Filter": 518821
                    },
                    {
                      "Node Type": "Hash",
                      "Parent Relationship": "Inner",
                      "Parallel Aware": true,
                      "Startup Cost": 82092.43,
                      "Total Cost": 82092.43,
                      "Plan Rows": 130873,
                      "Plan Width": 8,
                      "Actual Startup Time": 461.9,
                      "Actual Total Time": 461.906,
                      "Actual Rows": 86240,
                      "Actual Loops": 4,
                      "Hash Buckets": 524288,
                      "Original Hash Buckets": 524288,
                      "Hash Batches": 1,
                      "Original Hash Batches": 1,
                      "Peak Memory Usage": 17664,
                      "Plans": [
                        {
                          "Node Type": "Hash Join",
                          "Parent Relationship": "Outer",
                          "Parallel Aware": true,
                          "Join Type": "Inner",
                          "Startup Cost": 50088.69,
                          "Total Cost": 82092.43,
                          "Plan Rows": 130873,
                          "Plan Width": 8,
                          "Actual Startup Time": 280.239,
                          "Actual Total Time": 430.46,
                          "Actual Rows": 86240,
                          "Actual Loops": 4,
                          "Inner Unique": true,
                          "Hash Cond": "(mc.movie_id = t.id)",
                          "Plans": [
                            {
                              "Node Type": "Seq Scan",
                              "Parent Relationship": "Outer",
                              "Parallel Aware": true,
                              "Relation Name": "movie_companies",
                              "Alias": "mc",
                              "Startup Cost": 0.0,
                              "Total Cost": 31414.82,
                              "Plan Rows": 224354,
                              "Plan Width": 4,
                              "Actual Startup Time": 0.013,
                              "Actual Total Time": 76.012,
                              "Actual Rows": 243637,
                              "Actual Loops": 4,
                              "Filter": "((company_id < 12673) AND (company_type_id < 2))",
                              "Rows Removed by Filter": 408646
                            },
                            {
                              "Node Type": "Hash",
                              "Parent Relationship": "Inner",
                              "Parallel Aware": true,
                              "Startup Cost": 45479.59,
                              "Total Cost": 45479.59,
                              "Plan Rows": 368728,
                              "Plan Width": 4,
                              "Actual Startup Time": 274.396,
                              "Actual Total Time": 274.398,
                              "Actual Rows": 362818,
                              "Actual Loops": 4,
                              "Hash Buckets": 2097152,
                              "Original Hash Buckets": 2097152,
                              "Hash Batches": 1,
                              "Original Hash Batches": 1,
                              "Peak Memory Usage": 73216,
                              "Plans": [
                                {
                                  "Node Type": "Seq Scan",
                                  "Parent Relationship": "Outer",
                                  "Parallel Aware": true,
                                  "Relation Name": "title",
                                  "Alias": "t",
                                  "Startup Cost": 0.0,
                                  "Total Cost": 45479.59,
                                  "Plan Rows": 368728,
                                  "Plan Width": 4,
                                  "Actual Startup Time": 0.049,
                                  "Actual Total Time": 119.283,
                                  "Actual Rows": 362818,
                                  "Actual Loops": 4,
                                  "Filter": "((kind_id > 3) AND (production_year < 2012))",
                                  "Rows Removed by Filter": 269260
                                }
                              ]
                            }
                          ]
                        }
                      ]
                    }
                  ]
                }
              ]
            }
          ]
        }
      ]
    },
    "Planning Time": 1.589,
    "Triggers": [],
    "Execution Time": 700.478
  }
]