[
  {
    "Plan": {
      "Node Type": "Aggregate",
      "Strategy": "Plain",
      "Partial Mode": "Finalize",
      "Parallel Aware": false,
      "Startup Cost": 83715.16,
      "Total Cost": 83715.17,
      "Plan Rows": 1,
      "Plan Width": 8,
      "Actual Startup Time": 358.335,
      "Actual Total Time": 366.803,
      "Actual Rows": 1,
      "Actual Loops": 1,
      "Plans": [
        {
          "Node Type": "Gather",
          "Parent Relationship": "Outer",
          "Parallel Aware": false,
          "Startup Cost": 83714.84,
          "Total Cost": 83715.15,
          "Plan Rows": 3,
          "Plan Width": 8,
          "Actual Startup Time": 350.707,
          "Actual Total Time": 366.796,
          "Actual Rows": 4,
          "Actual Loops": 1,
          "Workers Planned": 3,
          "Workers Launched": 3,
          "Single Copy": false,
          "Plans": [
            {
              "Node Type": "Aggregate",
              "Strategy": "Plain",
              "Partial Mode": "Partial",
              "Parent Relationship": "Outer",
              "Parallel Aware": false,
              "Startup Cost": 82714.84,
              "Total Cost": 82714.85,
              "Plan Rows": 1,
              "Plan Width": 8,
              "Actual Startup Time": 345.357,
              "Actual Total Time": 345.36,
              "Actual Rows": 1,
              "Actual Loops": 4,
              "Plans": [
                {
                  "Node Type": "Hash Join",
                  "Parent Relationship": "Outer",
                  "Parallel Aware": true,
                  "Join Type": "Inner",
                  "Startup Cost": 49999.37,
                  "Total Cost": 82256.11,
                  "Plan Rows": 183492,
                  "Plan Width": 0,
                  "Actual Startup Time": 238.273,
                  "Actual Total Time": 342.323,
                  "Actual Rows": 72342,
                  "Actual Loops": 4,
                  "Inner Unique": true,
                  "Hash Cond": "(mc.movie_id = t.id)",
                  "Plans": [
                    {
                      "Node Type": "Seq Scan",
                      "Parent Relationship": "Outer",
                      "Parallel Aware": true,
                      "Relation Name": "movie_companies",
                      "Alias": "mc",
                      "Startup Cost": 0.0,
                      "Total Cost": 31414.82,
                      "Plan Rows": 320734,
                      "Plan Width": 4,
                      "Actual Startup Time": 26.813,
                      "Actual Total Time": 61.587,
                      "Actual Rows": 287153,
                      "Actual Loops": 4,
                      "Filter": "((company_id > 958) AND (company_type_id = 2))",
                      "Rows Removed by Filter": 365129
                    },
                    {
                      "Node Type": "Hash",
                      "Parent Relationship": "Inner",
                      "Parallel Aware": true,
                      "Startup Cost": 45479.21,
                      "Total Cost": 45479.21,
                      "Plan Rows": 361613,
                      "Plan Width": 4,
                      "Actual Startup Time": 206.926,
                      "Actual Total Time": 206.927,
                      "Actual Rows": 359546,
                      "Actual Loops": 4,
                      "Hash Buckets": 2097152,
                      "Original Hash Buckets": 2097152,
                      "Hash Batches": 1,
                      "Original Hash Batches": 1,
                      "Peak Memory Usage": 72704,
                      "Plans": [
                        {
                          "Node Type": "Seq Scan",
                          "Parent Relationship": "Outer",
                          "Parallel Aware": true,
                          "Relation Name": "title",
                          "Alias": "t",
                          "Startup Cost": 0.0,
                          "Total Cost": 45479.21,
                          "Plan Rows": 361613,
                          "Plan Width": 4,
                          "Actual Startup Time": 0.017,
                          "Actual Total Time": 92.497,
                          "Actual Rows": 359546,
                          "Actual Loops": 4,
                          "Filter": "((production_year < 2013) AND (kind_id = 7))",
                          "Rows Removed by Filter": 272532
                        }
                      ]
                    }
                  ]
                }
              ]
            }
          ]
        }
      ]
    },
    "Planning Time": 0.254,
    "Triggers": [],
    "Execution Time": 366.831
  }
]