[
  {
    "Plan": {
      "Node Type": "Aggregate",
      "Strategy": "Plain",
      "Partial Mode": "Finalize",
      "Parallel Aware": false,
      "Startup Cost": 45908.83,
      "Total Cost": 45908.84,
      "Plan Rows": 1,
      "Plan Width": 8,
      "Actual Startup Time": 156.153,
      "Actual Total Time": 165.152,
      "Actual Rows": 1,
      "Actual Loops": 1,
      "Plans": [
        {
          "Node Type": "Gather",
          "Parent Relationship": "Outer",
          "Parallel Aware": false,
          "Startup Cost": 45908.52,
          "Total Cost": 45908.83,
          "Plan Rows": 3,
          "Plan Width": 8,
          "Actual Startup Time": 156.028,
          "Actual Total Time": 165.143,
          "Actual Rows": 4,
          "Actual Loops": 1,
          "Workers Planned": 3,
          "Workers Launched": 3,
          "Single Copy": false,
          "Plans": [
            {
              "Node Type": "Aggregate",
              "Strategy": "Plain",
              "Partial Mode": "Partial",
              "Parent Relationship": "Outer",
              "Parallel Aware": false,
              "Startup Cost": 44908.52,
              "Total Cost": 44908.53,
              "Plan Rows": 1,
              "Plan Width": 8,
              "Actual Startup Time": 149.173,
              "Actual Total Time": 149.174,
              "Actual Rows": 1,
              "Actual Loops": 4,
              "Plans": [
                {
                  "Node Type": "Seq Scan",
                  "Parent Relationship": "Outer",
                  "Parallel Aware": true,
                  "Relation Name": "movie_keyword",
                  "Alias": "mk",
                  "Startup Cost": 0.0,
                  "Total Cost": 42695.65,
                  "Plan Rows": 885145,
                  "Plan Width": 0,
                  "Actual Startup Time": 0.062,
                  "Actual Total Time": 118.172,
                  "Actual Rows": 681520,
                  "Actual Loops": 4,
                  "Filter": "(keyword_id < 7755)",
                  "Rows Removed by Filter": 449463
                }
              ]
            }
          ]
        }
      ]
    },
    "Planning Time": 0.182,
    "Triggers": [],
    "Execution Time": 165.214
  }
]