[
  {
    "Plan": {
      "Node Type": "Aggregate",
      "Strategy": "Plain",
      "Partial Mode": "Finalize",
      "Parallel Aware": false,
      "Startup Cost": 374784.2,
      "Total Cost": 374784.21,
      "Plan Rows": 1,
      "Plan Width": 8,
      "Actual Startup Time": 1371.472,
      "Actual Total Time": 1436.306,
      "Actual Rows": 1,
      "Actual Loops": 1,
      "Plans": [
        {
          "Node Type": "Gather",
          "Parent Relationship": "Outer",
          "Parallel Aware": false,
          "Startup Cost": 374783.57,
          "Total Cost": 374784.18,
          "Plan Rows": 6,
          "Plan Width": 8,
          "Actual Startup Time": 1370.4,
          "Actual Total Time": 1436.295,
          "Actual Rows": 7,
          "Actual Loops": 1,
          "Workers Planned": 6,
          "Workers Launched": 6,
          "Single Copy": false,
          "Plans": [
            {
              "Node Type": "Aggregate",
              "Strategy": "Plain",
              "Partial Mode": "Partial",
              "Parent Relationship": "Outer",
              "Parallel Aware": false,
              "Startup Cost": 373783.57,
              "Total Cost": 373783.58,
              "Plan Rows": 1,
              "Plan Width": 8,
              "Actual Startup Time": 1359.669,
              "Actual Total Time": 1359.672,
              "Actual Rows": 1,
              "Actual Loops": 7,
              "Plans": [
                {
                  "Node Type": "Hash Join",
                  "Parent Relationship": "Outer",
                  "Parallel Aware": true,
                  "Join Type": "Inner",
                  "Startup Cost": 44231.45,
                  "Total Cost": 373148.25,
                  "Plan Rows": 254128,
                  "Plan Width": 0,
                  "Actual Startup Time": 82.998,
                  "Actual Total Time": 1355.57,
                  "Actual Rows": 72186,
                  "Actual Loops": 7,
                  "Inner Unique": true,
                  "Hash Cond": "(ci.movie_id = t.id)",
                  "Plans": [
                    {
                      "Node Type": "Seq Scan",
                      "Parent Relationship": "Outer",
                      "Parallel Aware": true,
                      "Relation Name": "cast_info",
                      "Alias": "ci",
                      "Startup Cost": 0.0,
                      "Total Cost": 313067.02,
                      "Plan Rows": 6038002,
                      "Plan Width": 4,
                      "Actual Startup Time": 0.018,
                      "Actual Total Time": 546.571,
                      "Actual Rows": 5177763,
                      "Actual Loops": 7
                    },
                    {
                      "Node Type": "Hash",
                      "Parent Relationship": "Inner",
                      "Parallel Aware": true,
                      "Startup Cost": 43898.92,
                      "Total Cost": 43898.92,
                      "Plan Rows": 26603,
                      "Plan Width": 4,
                      "Actual Startup Time": 80.693,
                      "Actual Total Time": 80.694,
                      "Actual Rows": 15261,
                      "Actual Loops": 7,
                      "Hash Buckets": 131072,
                      "Original Hash Buckets": 131072,
                      "Hash Batches": 1,
                      "Original Hash Batches": 1,
                      "Peak Memory Usage": 5344,
                      "Plans": [
                        {
                          "Node Type": "Seq Scan",
                          "Parent Relationship": "Outer",
                          "Parallel Aware": true,
                          "Relation Name": "title",
                          "Alias": "t",
                          "Startup Cost": 0.0,
                          "Total Cost": 43898.92,
                          "Plan Rows": 26603,
                          "Plan Width": 4,
                          "Actual Startup Time": 46.014,
                          "Actual Total Time": 74.846,
                          "Actual Rows": 15261,
                          "Actual Loops": 7,
                          "Filter": "(production_year < 1927)",
                          "Rows Removed by Filter": 345926
                        }
                      ]
                    }
                  ]
                }
              ]
            }
          ]
        }
      ]
    },
    "Planning Time": 0.607,
    "Triggers": [],
    "Execution Time": 1436.395
  }
]