[
    {
        "Bao": {
            "Bao prediction": "NaN",
            "Bao recommended hint": "(no hint)"
        }
    },
    {
        "Plan": {
            "Node Type": "Aggregate",
            "Strategy": "Plain",
            "Partial Mode": "Finalize",
            "Parallel Aware": false,
            "Startup Cost": 43271.87,
            "Total Cost": 43271.88,
            "Plan Rows": 1,
            "Plan Width": 8,
            "Actual Startup Time": 131.67,
            "Actual Total Time": 137.728,
            "Actual Rows": 1,
            "Actual Loops": 1,
            "Output": [
                "count(*)"
            ],
            "Plans": [
                {
                    "Node Type": "Gather",
                    "Parent Relationship": "Outer",
                    "Parallel Aware": false,
                    "Startup Cost": 43271.55,
                    "Total Cost": 43271.86,
                    "Plan Rows": 3,
                    "Plan Width": 8,
                    "Actual Startup Time": 131.387,
                    "Actual Total Time": 137.721,
                    "Actual Rows": 4,
                    "Actual Loops": 1,
                    "Output": [
                        "(PARTIAL count(*))"
                    ],
                    "Workers Planned": 3,
                    "Workers Launched": 3,
                    "Single Copy": false,
                    "Plans": [
                        {
                            "Node Type": "Aggregate",
                            "Strategy": "Plain",
                            "Partial Mode": "Partial",
                            "Parent Relationship": "Outer",
                            "Parallel Aware": false,
                            "Startup Cost": 42271.55,
                            "Total Cost": 42271.56,
                            "Plan Rows": 1,
                            "Plan Width": 8,
                            "Actual Startup Time": 122.986,
                            "Actual Total Time": 122.987,
                            "Actual Rows": 1,
                            "Actual Loops": 4,
                            "Output": [
                                "PARTIAL count(*)"
                            ],
                            "Workers": [
                                {
                                    "Worker Number": 0,
                                    "Actual Startup Time": 120.085,
                                    "Actual Total Time": 120.086,
                                    "Actual Rows": 1,
                                    "Actual Loops": 1
                                },
                                {
                                    "Worker Number": 1,
                                    "Actual Startup Time": 120.078,
                                    "Actual Total Time": 120.079,
                                    "Actual Rows": 1,
                                    "Actual Loops": 1
                                },
                                {
                                    "Worker Number": 2,
                                    "Actual Startup Time": 120.629,
                                    "Actual Total Time": 120.63,
                                    "Actual Rows": 1,
                                    "Actual Loops": 1
                                }
                            ],
                            "Plans": [
                                {
                                    "Node Type": "Bitmap Heap Scan",
                                    "Parent Relationship": "Outer",
                                    "Parallel Aware": true,
                                    "Relation Name": "movie_keyword",
                                    "Schema": "public",
                                    "Alias": "mk",
                                    "Startup Cost": 14508.47,
                                    "Total Cost": 41720.04,
                                    "Plan Rows": 220605,
                                    "Plan Width": 0,
                                    "Actual Startup Time": 37.031,
                                    "Actual Total Time": 113.759,
                                    "Actual Rows": 167122,
                                    "Actual Loops": 4,
                                    "Recheck Cond": "(mk.keyword_id > 28025)",
                                    "Rows Removed by Index Recheck": 0,
                                    "Exact Heap Blocks": 10581,
                                    "Lossy Heap Blocks": 0,
                                    "Workers": [
                                        {
                                            "Worker Number": 0,
                                            "Actual Startup Time": 34.219,
                                            "Actual Total Time": 111.441,
                                            "Actual Rows": 99230,
                                            "Actual Loops": 1
                                        },
                                        {
                                            "Worker Number": 1,
                                            "Actual Startup Time": 34.209,
                                            "Actual Total Time": 111.544,
                                            "Actual Rows": 135669,
                                            "Actual Loops": 1
                                        },
                                        {
                                            "Worker Number": 2,
                                            "Actual Startup Time": 34.841,
                                            "Actual Total Time": 112.631,
                                            "Actual Rows": 131127,
                                            "Actual Loops": 1
                                        }
                                    ],
                                    "Plans": [
                                        {
                                            "Node Type": "Bitmap Index Scan",
                                            "Parent Relationship": "Outer",
                                            "Parallel Aware": false,
                                            "Index Name": "keyword_id_movie_keyword",
                                            "Startup Cost": 0.0,
                                            "Total Cost": 14337.5,
                                            "Plan Rows": 683876,
                                            "Plan Width": 0,
                                            "Actual Startup Time": 41.47,
                                            "Actual Total Time": 41.47,
                                            "Actual Rows": 668489,
                                            "Actual Loops": 1,
                                            "Index Cond": "(mk.keyword_id > 28025)"
                                        }
                                    ]
                                }
                            ]
                        }
                    ]
                }
            ]
        },
        "Planning Time": 231.799,
        "Triggers": [],
        "Execution Time": 137.779
    }
]