[
  {
    "Plan": {
      "Node Type": "Aggregate",
      "Strategy": "Plain",
      "Partial Mode": "Finalize",
      "Parallel Aware": false,
      "Startup Cost": 142817.63,
      "Total Cost": 142817.64,
      "Plan Rows": 1,
      "Plan Width": 8,
      "Actual Startup Time": 2073.738,
      "Actual Total Time": 2113.842,
      "Actual Rows": 1,
      "Actual Loops": 1,
      "Plans": [
        {
          "Node Type": "Gather",
          "Parent Relationship": "Outer",
          "Parallel Aware": false,
          "Startup Cost": 142817.31,
          "Total Cost": 142817.62,
          "Plan Rows": 3,
          "Plan Width": 8,
          "Actual Startup Time": 2042.488,
          "Actual Total Time": 2113.82,
          "Actual Rows": 4,
          "Actual Loops": 1,
          "Workers Planned": 3,
          "Workers Launched": 3,
          "Single Copy": false,
          "Plans": [
            {
              "Node Type": "Aggregate",
              "Strategy": "Plain",
              "Partial Mode": "Partial",
              "Parent Relationship": "Outer",
              "Parallel Aware": false,
              "Startup Cost": 141817.31,
              "Total Cost": 141817.32,
              "Plan Rows": 1,
              "Plan Width": 8,
              "Actual Startup Time": 2029.4,
              "Actual Total Time": 2030.497,
              "Actual Rows": 1,
              "Actual Loops": 4,
              "Plans": [
                {
                  "Node Type": "Hash Join",
                  "Parent Relationship": "Outer",
                  "Parallel Aware": true,
                  "Join Type": "Inner",
                  "Startup Cost": 90123.09,
                  "Total Cost": 138684.82,
                  "Plan Rows": 1252995,
                  "Plan Width": 0,
                  "Actual Startup Time": 864.742,
                  "Actual Total Time": 1668.097,
                  "Actual Rows": 7973408,
                  "Actual Loops": 4,
                  "Inner Unique": false,
                  "Hash Cond": "(mk.movie_id = t.id)",
                  "Plans": [
                    {
                      "Node Type": "Seq Scan",
                      "Parent Relationship": "Outer",
                      "Parallel Aware": true,
                      "Relation Name": "movie_keyword",
                      "Alias": "mk",
                      "Startup Cost": 0.0,
                      "Total Cost": 39047.32,
                      "Plan Rows": 1459332,
                      "Plan Width": 4,
                      "Actual Startup Time": 0.037,
                      "Actual Total Time": 93.112,
                      "Actual Rows": 1130982,
                      "Actual Loops": 4
                    },
                    {
                      "Node Type": "Hash",
                      "Parent Relationship": "Inner",
                      "Parallel Aware": true,
                      "Startup Cost": 81369.35,
                      "Total Cost": 81369.35,
                      "Plan Rows": 700299,
                      "Plan Width": 8,
                      "Actual Startup Time": 856.024,
                      "Actual Total Time": 857.119,
                      "Actual Rows": 544523,
                      "Actual Loops": 4,
                      "Hash Buckets": 4194304,
                      "Original Hash Buckets": 4194304,
                      "Hash Batches": 1,
                      "Original Hash Batches": 1,
                      "Peak Memory Usage": 118048,
                      "Plans": [
                        {
                          "Node Type": "Hash Join",
                          "Parent Relationship": "Outer",
                          "Parallel Aware": true,
                          "Join Type": "Inner",
                          "Startup Cost": 50220.38,
                          "Total Cost": 81369.35,
                          "Plan Rows": 700299,
                          "Plan Width": 8,
                          "Actual Startup Time": 377.595,
                          "Actual Total Time": 664.333,
                          "Actual Rows": 544523,
                          "Actual Loops": 4,
                          "Inner Unique": true,
                          "Hash Cond": "(mc.movie_id = t.id)",
                          "Plans": [
                            {
                              "Node Type": "Seq Scan",
                              "Parent Relationship": "Outer",
                              "Parallel Aware": true,
                              "Relation Name": "movie_companies",
                              "Alias": "mc",
                              "Startup Cost": 0.0,
                              "Total Cost": 29310.68,
                              "Plan Rows": 700299,
                              "Plan Width": 4,
                              "Actual Startup Time": 0.06,
                              "Actual Total Time": 84.907,
                              "Actual Rows": 544523,
                              "Actual Loops": 4,
                              "Filter": "(company_id > 306)",
                              "Rows Removed by Filter": 107759
                            },
                            {
                              "Node Type": "Hash",
                              "Parent Relationship": "Inner",
                              "Parallel Aware": true,
                              "Startup Cost": 42319.06,
                              "Total Cost": 42319.06,
                              "Plan Rows": 632106,
                              "Plan Width": 4,
                              "Actual Startup Time": 370.008,
                              "Actual Total Time": 370.009,
                              "Actual Rows": 632078,
                              "Actual Loops": 4,
                              "Hash Buckets": 4194304,
                              "Original Hash Buckets": 4194304,
                              "Hash Batches": 1,
                              "Original Hash Batches": 1,
                              "Peak Memory Usage": 131712,
                              "Plans": [
                                {
                                  "Node Type": "Seq Scan",
                                  "Parent Relationship": "Outer",
                                  "Parallel Aware": true,
                                  "Relation Name": "title",
                                  "Alias": "t",
                                  "Startup Cost": 0.0,
                                  "Total Cost": 42319.06,
                                  "Plan Rows": 632106,
                                  "Plan Width": 4,
                                  "Actual Startup Time": 0.054,
                                  "Actual Total Time": 106.758,
                                  "Actual Rows": 632078,
                                  "Actual Loops": 4
                                }
                              ]
                            }
                          ]
                        }
                      ]
                    }
                  ]
                }
              ]
            }
          ]
        }
      ]
    },
    "Planning Time": 0.566,
    "Triggers": [],
    "Execution Time": 2113.885
  }
]