[
  {
    "Plan": {
      "Node Type": "Aggregate",
      "Strategy": "Plain",
      "Partial Mode": "Finalize",
      "Parallel Aware": false,
      "Startup Cost": 143670.79,
      "Total Cost": 143670.8,
      "Plan Rows": 1,
      "Plan Width": 8,
      "Actual Startup Time": 383.868,
      "Actual Total Time": 413.619,
      "Actual Rows": 1,
      "Actual Loops": 1,
      "Plans": [
        {
          "Node Type": "Gather",
          "Parent Relationship": "Outer",
          "Parallel Aware": false,
          "Startup Cost": 143670.47,
          "Total Cost": 143670.78,
          "Plan Rows": 3,
          "Plan Width": 8,
          "Actual Startup Time": 382.974,
          "Actual Total Time": 413.611,
          "Actual Rows": 4,
          "Actual Loops": 1,
          "Workers Planned": 3,
          "Workers Launched": 3,
          "Single Copy": false,
          "Plans": [
            {
              "Node Type": "Aggregate",
              "Strategy": "Plain",
              "Partial Mode": "Partial",
              "Parent Relationship": "Outer",
              "Parallel Aware": false,
              "Startup Cost": 142670.47,
              "Total Cost": 142670.48,
              "Plan Rows": 1,
              "Plan Width": 8,
              "Actual Startup Time": 375.015,
              "Actual Total Time": 375.022,
              "Actual Rows": 1,
              "Actual Loops": 4,
              "Plans": [
                {
                  "Node Type": "Nested Loop",
                  "Parent Relationship": "Outer",
                  "Parallel Aware": false,
                  "Join Type": "Inner",
                  "Startup Cost": 86772.43,
                  "Total Cost": 142633.97,
                  "Plan Rows": 14599,
                  "Plan Width": 0,
                  "Actual Startup Time": 197.944,
                  "Actual Total Time": 373.181,
                  "Actual Rows": 20662,
                  "Actual Loops": 4,
                  "Inner Unique": true,
                  "Join Filter": "(ci.movie_id = t.id)",
                  "Rows Removed by Join Filter": 0,
                  "Plans": [
                    {
                      "Node Type": "Hash Join",
                      "Parent Relationship": "Outer",
                      "Parallel Aware": true,
                      "Join Type": "Inner",
                      "Startup Cost": 86772.0,
                      "Total Cost": 116138.85,
                      "Plan Rows": 35572,
                      "Plan Width": 8,
                      "Actual Startup Time": 197.834,
                      "Actual Total Time": 293.194,
                      "Actual Rows": 20662,
                      "Actual Loops": 4,
                      "Inner Unique": false,
                      "Hash Cond": "(mk.movie_id = ci.movie_id)",
                      "Plans": [
                        {
                          "Node Type": "Bitmap Heap Scan",
                          "Parent Relationship": "Outer",
                          "Parallel Aware": true,
                          "Relation Name": "movie_keyword",
                          "Alias": "mk",
                          "Startup Cost": 13406.18,
                          "Total Cost": 40408.44,
                          "Plan Rows": 203861,
                          "Plan Width": 4,
                          "Actual Startup Time": 35.765,
                          "Actual Total Time": 96.352,
                          "Actual Rows": 160432,
                          "Actual Loops": 4,
                          "Recheck Cond": "(keyword_id < 498)",
                          "Rows Removed by Index Recheck": 0,
                          "Exact Heap Blocks": 10087,
                          "Lossy Heap Blocks": 0,
                          "Plans": [
                            {
                              "Node Type": "Bitmap Index Scan",
                              "Parent Relationship": "Outer",
                              "Parallel Aware": false,
                              "Index Name": "keyword_id_movie_keyword",
                              "Startup Cost": 0.0,
                              "Total Cost": 13248.19,
                              "Plan Rows": 631968,
                              "Plan Width": 0,
                              "Actual Startup Time": 32.006,
                              "Actual Total Time": 32.007,
                              "Actual Rows": 641726,
                              "Actual Loops": 1,
                              "Index Cond": "(keyword_id < 498)"
                            }
                          ]
                        },
                        {
                          "Node Type": "Hash",
                          "Parent Relationship": "Inner",
                          "Parallel Aware": true,
                          "Startup Cost": 72913.16,
                          "Total Cost": 72913.16,
                          "Plan Rows": 36213,
                          "Plan Width": 4,
                          "Actual Startup Time": 159.615,
                          "Actual Total Time": 159.617,
                          "Actual Rows": 46130,
                          "Actual Loops": 4,
                          "Hash Buckets": 262144,
                          "Original Hash Buckets": 262144,
                          "Hash Batches": 1,
                          "Original Hash Batches": 1,
                          "Peak Memory Usage": 9344,
                          "Plans": [
                            {
                              "Node Type": "Index Scan",
                              "Parent Relationship": "Outer",
                              "Parallel Aware": true,
                              "Scan Direction": "Forward",
                              "Index Name": "role_id_cast_info",
                              "Relation Name": "cast_info",
                              "Alias": "ci",
                              "Startup Cost": 0.56,
                              "Total Cost": 72913.16,
                              "Plan Rows": 36213,
                              "Plan Width": 4,
                              "Actual Startup Time": 0.112,
                              "Actual Total Time": 141.295,
                              "Actual Rows": 46130,
                              "Actual Loops": 4,
                              "Index Cond": "(role_id = 4)",
                              "Rows Removed by Index Recheck": 0,
                              "Filter": "(person_id < 245546)",
                              "Rows Removed by Filter": 636106
                            }
                          ]
                        }
                      ]
                    },
                    {
                      "Node Type": "Index Only Scan",
                      "Parent Relationship": "Inner",
                      "Parallel Aware": false,
                      "Scan Direction": "Forward",
                      "Index Name": "title_pkey",
                      "Relation Name": "title",
                      "Alias": "t",
                      "Startup Cost": 0.43,
                      "Total Cost": 0.73,
                      "Plan Rows": 1,
                      "Plan Width": 4,
                      "Actual Startup Time": 0.003,
                      "Actual Total Time": 0.003,
                      "Actual Rows": 1,
                      "Actual Loops": 82647,
                      "Index Cond": "(id = mk.movie_id)",
                      "Rows Removed by Index Recheck": 0,
                      "Heap Fetches": 82647
                    }
                  ]
                }
              ]
            }
          ]
        }
      ]
    },
    "Planning Time": 1.349,
    "Triggers": [],
    "Execution Time": 413.731
  }
]