[
  {
    "Plan": {
      "Node Type": "Aggregate",
      "Strategy": "Plain",
      "Partial Mode": "Finalize",
      "Parallel Aware": false,
      "Startup Cost": 80477.42,
      "Total Cost": 80477.43,
      "Plan Rows": 1,
      "Plan Width": 8,
      "Actual Startup Time": 58.881,
      "Actual Total Time": 65.498,
      "Actual Rows": 1,
      "Actual Loops": 1,
      "Plans": [
        {
          "Node Type": "Gather",
          "Parent Relationship": "Outer",
          "Parallel Aware": false,
          "Startup Cost": 80477.1,
          "Total Cost": 80477.41,
          "Plan Rows": 3,
          "Plan Width": 8,
          "Actual Startup Time": 58.867,
          "Actual Total Time": 65.493,
          "Actual Rows": 4,
          "Actual Loops": 1,
          "Workers Planned": 3,
          "Workers Launched": 3,
          "Single Copy": false,
          "Plans": [
            {
              "Node Type": "Aggregate",
              "Strategy": "Plain",
              "Partial Mode": "Partial",
              "Parent Relationship": "Outer",
              "Parallel Aware": false,
              "Startup Cost": 79477.1,
              "Total Cost": 79477.11,
              "Plan Rows": 1,
              "Plan Width": 8,
              "Actual Startup Time": 48.723,
              "Actual Total Time": 48.724,
              "Actual Rows": 1,
              "Actual Loops": 4,
              "Plans": [
                {
                  "Node Type": "Nested Loop",
                  "Parent Relationship": "Outer",
                  "Parallel Aware": false,
                  "Join Type": "Inner",
                  "Startup Cost": 388.79,
                  "Total Cost": 79476.99,
                  "Plan Rows": 45,
                  "Plan Width": 0,
                  "Actual Startup Time": 4.155,
                  "Actual Total Time": 48.696,
                  "Actual Rows": 132,
                  "Actual Loops": 4,
                  "Inner Unique": true,
                  "Join Filter": "(ci.movie_id = t.id)",
                  "Rows Removed by Join Filter": 0,
                  "Plans": [
                    {
                      "Node Type": "Nested Loop",
                      "Parent Relationship": "Outer",
                      "Parallel Aware": false,
                      "Join Type": "Inner",
                      "Startup Cost": 388.36,
                      "Total Cost": 75509.61,
                      "Plan Rows": 6663,
                      "Plan Width": 8,
                      "Actual Startup Time": 1.263,
                      "Actual Total Time": 25.556,
                      "Actual Rows": 3647,
                      "Actual Loops": 4,
                      "Inner Unique": false,
                      "Plans": [
                        {
                          "Node Type": "Bitmap Heap Scan",
                          "Parent Relationship": "Outer",
                          "Parallel Aware": true,
                          "Relation Name": "cast_info",
                          "Alias": "ci",
                          "Startup Cost": 387.94,
                          "Total Cost": 55153.95,
                          "Plan Rows": 4766,
                          "Plan Width": 4,
                          "Actual Startup Time": 0.999,
                          "Actual Total Time": 2.251,
                          "Actual Rows": 3542,
                          "Actual Loops": 4,
                          "Recheck Cond": "(person_id < 2126)",
                          "Rows Removed by Index Recheck": 0,
                          "Filter": "(role_id < 9)",
                          "Rows Removed by Filter": 306,
                          "Exact Heap Blocks": 71,
                          "Lossy Heap Blocks": 0,
                          "Plans": [
                            {
                              "Node Type": "Bitmap Index Scan",
                              "Parent Relationship": "Outer",
                              "Parallel Aware": false,
                              "Index Name": "person_id_cast_info",
                              "Startup Cost": 0.0,
                              "Total Cost": 384.24,
                              "Plan Rows": 17557,
                              "Plan Width": 0,
                              "Actual Startup Time": 3.48,
                              "Actual Total Time": 3.48,
                              "Actual Rows": 15391,
                              "Actual Loops": 1,
                              "Index Cond": "(person_id < 2126)"
                            }
                          ]
                        },
                        {
                          "Node Type": "Index Only Scan",
                          "Parent Relationship": "Inner",
                          "Parallel Aware": false,
                          "Scan Direction": "Forward",
                          "Index Name": "movie_id_movie_info_idx",
                          "Relation Name": "movie_info_idx",
                          "Alias": "mi_idx",
                          "Startup Cost": 0.43,
                          "Total Cost": 4.24,
                          "Plan Rows": 3,
                          "Plan Width": 4,
                          "Actual Startup Time": 0.006,
                          "Actual Total Time": 0.006,
                          "Actual Rows": 1,
                          "Actual Loops": 14168,
                          "Index Cond": "(movie_id = ci.movie_id)",
                          "Rows Removed by Index Recheck": 0,
                          "Heap Fetches": 14587
                        }
                      ]
                    },
                    {
                      "Node Type": "Index Scan",
                      "Parent Relationship": "Inner",
                      "Parallel Aware": false,
                      "Scan Direction": "Forward",
                      "Index Name": "title_pkey",
                      "Relation Name": "title",
                      "Alias": "t",
                      "Startup Cost": 0.43,
                      "Total Cost": 0.58,
                      "Plan Rows": 1,
                      "Plan Width": 4,
                      "Actual Startup Time": 0.006,
                      "Actual Total Time": 0.006,
                      "Actual Rows": 0,
                      "Actual Loops": 14587,
                      "Index Cond": "(id = mi_idx.movie_id)",
                      "Rows Removed by Index Recheck": 0,
                      "Filter": "((kind_id < 7) AND (production_year = 2006))",
                      "Rows Removed by Filter": 1
                    }
                  ]
                }
              ]
            }
          ]
        }
      ]
    },
    "Planning Time": 1.439,
    "Triggers": [],
    "Execution Time": 65.603
  }
]