[
  {
    "Plan": {
      "Node Type": "Aggregate",
      "Strategy": "Plain",
      "Partial Mode": "Finalize",
      "Parallel Aware": false,
      "Startup Cost": 78750.26,
      "Total Cost": 78750.27,
      "Plan Rows": 1,
      "Plan Width": 8,
      "Actual Startup Time": 202.67,
      "Actual Total Time": 219.113,
      "Actual Rows": 1,
      "Actual Loops": 1,
      "Plans": [
        {
          "Node Type": "Gather",
          "Parent Relationship": "Outer",
          "Parallel Aware": false,
          "Startup Cost": 78749.94,
          "Total Cost": 78750.25,
          "Plan Rows": 3,
          "Plan Width": 8,
          "Actual Startup Time": 202.315,
          "Actual Total Time": 219.104,
          "Actual Rows": 4,
          "Actual Loops": 1,
          "Workers Planned": 3,
          "Workers Launched": 3,
          "Single Copy": false,
          "Plans": [
            {
              "Node Type": "Aggregate",
              "Strategy": "Plain",
              "Partial Mode": "Partial",
              "Parent Relationship": "Outer",
              "Parallel Aware": false,
              "Startup Cost": 77749.94,
              "Total Cost": 77749.95,
              "Plan Rows": 1,
              "Plan Width": 8,
              "Actual Startup Time": 193.851,
              "Actual Total Time": 193.854,
              "Actual Rows": 1,
              "Actual Loops": 4,
              "Plans": [
                {
                  "Node Type": "Hash Join",
                  "Parent Relationship": "Outer",
                  "Parallel Aware": true,
                  "Join Type": "Inner",
                  "Startup Cost": 45582.84,
                  "Total Cost": 77740.65,
                  "Plan Rows": 3716,
                  "Plan Width": 0,
                  "Actual Startup Time": 100.473,
                  "Actual Total Time": 193.8,
                  "Actual Rows": 1000,
                  "Actual Loops": 4,
                  "Inner Unique": true,
                  "Hash Cond": "(mc.movie_id = t.id)",
                  "Plans": [
                    {
                      "Node Type": "Seq Scan",
                      "Parent Relationship": "Outer",
                      "Parallel Aware": true,
                      "Relation Name": "movie_companies",
                      "Alias": "mc",
                      "Startup Cost": 0.0,
                      "Total Cost": 31414.82,
                      "Plan Rows": 283047,
                      "Plan Width": 4,
                      "Actual Startup Time": 0.018,
                      "Actual Total Time": 68.34,
                      "Actual Rows": 296216,
                      "Actual Loops": 4,
                      "Filter": "((company_id < 26269) AND (company_type_id < 2))",
                      "Rows Removed by Filter": 356067
                    },
                    {
                      "Node Type": "Hash",
                      "Parent Relationship": "Inner",
                      "Parallel Aware": true,
                      "Startup Cost": 45479.1,
                      "Total Cost": 45479.1,
                      "Plan Rows": 8299,
                      "Plan Width": 4,
                      "Actual Startup Time": 98.672,
                      "Actual Total Time": 98.673,
                      "Actual Rows": 8693,
                      "Actual Loops": 4,
                      "Hash Buckets": 65536,
                      "Original Hash Buckets": 65536,
                      "Hash Batches": 1,
                      "Original Hash Batches": 1,
                      "Peak Memory Usage": 1920,
                      "Plans": [
                        {
                          "Node Type": "Seq Scan",
                          "Parent Relationship": "Outer",
                          "Parallel Aware": true,
                          "Relation Name": "title",
                          "Alias": "t",
                          "Startup Cost": 0.0,
                          "Total Cost": 45479.1,
                          "Plan Rows": 8299,
                          "Plan Width": 4,
                          "Actual Startup Time": 0.063,
                          "Actual Total Time": 94.385,
                          "Actual Rows": 8693,
                          "Actual Loops": 4,
                          "Filter": "((kind_id = 7) AND (production_year = 1999))",
                          "Rows Removed by Filter": 623385
                        }
                      ]
                    }
                  ]
                }
              ]
            }
          ]
        }
      ]
    },
    "Planning Time": 0.655,
    "Triggers": [],
    "Execution Time": 219.182
  }
]