[
  {
    "Plan": {
      "Node Type": "Aggregate",
      "Strategy": "Plain",
      "Partial Mode": "Finalize",
      "Parallel Aware": false,
      "Startup Cost": 41252.66,
      "Total Cost": 41252.67,
      "Plan Rows": 1,
      "Plan Width": 8,
      "Actual Startup Time": 143.47,
      "Actual Total Time": 153.002,
      "Actual Rows": 1,
      "Actual Loops": 1,
      "Plans": [
        {
          "Node Type": "Gather",
          "Parent Relationship": "Outer",
          "Parallel Aware": false,
          "Startup Cost": 41252.34,
          "Total Cost": 41252.65,
          "Plan Rows": 3,
          "Plan Width": 8,
          "Actual Startup Time": 143.143,
          "Actual Total Time": 152.991,
          "Actual Rows": 4,
          "Actual Loops": 1,
          "Workers Planned": 3,
          "Workers Launched": 3,
          "Single Copy": false,
          "Plans": [
            {
              "Node Type": "Aggregate",
              "Strategy": "Plain",
              "Partial Mode": "Partial",
              "Parent Relationship": "Outer",
              "Parallel Aware": false,
              "Startup Cost": 40252.34,
              "Total Cost": 40252.35,
              "Plan Rows": 1,
              "Plan Width": 8,
              "Actual Startup Time": 138.937,
              "Actual Total Time": 138.939,
              "Actual Rows": 1,
              "Actual Loops": 4,
              "Plans": [
                {
                  "Node Type": "Bitmap Heap Scan",
                  "Parent Relationship": "Outer",
                  "Parallel Aware": true,
                  "Relation Name": "movie_keyword",
                  "Alias": "mk",
                  "Startup Cost": 12864.1,
                  "Total Cost": 39763.3,
                  "Plan Rows": 195616,
                  "Plan Width": 0,
                  "Actual Startup Time": 52.039,
                  "Actual Total Time": 130.504,
                  "Actual Rows": 152852,
                  "Actual Loops": 4,
                  "Recheck Cond": "(keyword_id > 30217)",
                  "Rows Removed by Index Recheck": 0,
                  "Exact Heap Blocks": 10753,
                  "Lossy Heap Blocks": 0,
                  "Plans": [
                    {
                      "Node Type": "Bitmap Index Scan",
                      "Parent Relationship": "Outer",
                      "Parallel Aware": false,
                      "Index Name": "keyword_id_movie_keyword",
                      "Startup Cost": 0.0,
                      "Total Cost": 12712.5,
                      "Plan Rows": 606409,
                      "Plan Width": 0,
                      "Actual Startup Time": 52.036,
                      "Actual Total Time": 52.036,
                      "Actual Rows": 611406,
                      "Actual Loops": 1,
                      "Index Cond": "(keyword_id > 30217)"
                    }
                  ]
                }
              ]
            }
          ]
        }
      ]
    },
    "Planning Time": 0.157,
    "Triggers": [],
    "Execution Time": 153.068
  }
]