[
    {
        "Bao": {
            "Bao prediction": "NaN",
            "Bao recommended hint": "(no hint)"
        }
    },
    {
        "Plan": {
            "Node Type": "Aggregate",
            "Strategy": "Plain",
            "Partial Mode": "Finalize",
            "Parallel Aware": false,
            "Startup Cost": 73176.31,
            "Total Cost": 73176.32,
            "Plan Rows": 1,
            "Plan Width": 8,
            "Actual Startup Time": 385.615,
            "Actual Total Time": 401.154,
            "Actual Rows": 1,
            "Actual Loops": 1,
            "Output": [
                "count(*)"
            ],
            "Plans": [
                {
                    "Node Type": "Gather",
                    "Parent Relationship": "Outer",
                    "Parallel Aware": false,
                    "Startup Cost": 73175.89,
                    "Total Cost": 73176.3,
                    "Plan Rows": 4,
                    "Plan Width": 8,
                    "Actual Startup Time": 382.406,
                    "Actual Total Time": 401.136,
                    "Actual Rows": 5,
                    "Actual Loops": 1,
                    "Output": [
                        "(PARTIAL count(*))"
                    ],
                    "Workers Planned": 4,
                    "Workers Launched": 4,
                    "Single Copy": false,
                    "Plans": [
                        {
                            "Node Type": "Aggregate",
                            "Strategy": "Plain",
                            "Partial Mode": "Partial",
                            "Parent Relationship": "Outer",
                            "Parallel Aware": false,
                            "Startup Cost": 72175.89,
                            "Total Cost": 72175.9,
                            "Plan Rows": 1,
                            "Plan Width": 8,
                            "Actual Startup Time": 371.876,
                            "Actual Total Time": 371.882,
                            "Actual Rows": 1,
                            "Actual Loops": 5,
                            "Output": [
                                "PARTIAL count(*)"
                            ],
                            "Workers": [
                                {
                                    "Worker Number": 0,
                                    "Actual Startup Time": 368.925,
                                    "Actual Total Time": 368.932,
                                    "Actual Rows": 1,
                                    "Actual Loops": 1
                                },
                                {
                                    "Worker Number": 1,
                                    "Actual Startup Time": 369.242,
                                    "Actual Total Time": 369.247,
                                    "Actual Rows": 1,
                                    "Actual Loops": 1
                                },
                                {
                                    "Worker Number": 2,
                                    "Actual Startup Time": 369.567,
                                    "Actual Total Time": 369.573,
                                    "Actual Rows": 1,
                                    "Actual Loops": 1
                                },
                                {
                                    "Worker Number": 3,
                                    "Actual Startup Time": 369.942,
                                    "Actual Total Time": 369.947,
                                    "Actual Rows": 1,
                                    "Actual Loops": 1
                                }
                            ],
                            "Plans": [
                                {
                                    "Node Type": "Hash Join",
                                    "Parent Relationship": "Outer",
                                    "Parallel Aware": true,
                                    "Join Type": "Inner",
                                    "Startup Cost": 26333.61,
                                    "Total Cost": 72017.36,
                                    "Plan Rows": 63410,
                                    "Plan Width": 0,
                                    "Actual Startup Time": 112.258,
                                    "Actual Total Time": 367.848,
                                    "Actual Rows": 49784,
                                    "Actual Loops": 5,
                                    "Inner Unique": false,
                                    "Hash Cond": "(t.id = mc.movie_id)",
                                    "Workers": [
                                        {
                                            "Worker Number": 0,
                                            "Actual Startup Time": 109.372,
                                            "Actual Total Time": 364.875,
                                            "Actual Rows": 48613,
                                            "Actual Loops": 1
                                        },
                                        {
                                            "Worker Number": 1,
                                            "Actual Startup Time": 109.328,
                                            "Actual Total Time": 365.247,
                                            "Actual Rows": 48906,
                                            "Actual Loops": 1
                                        },
                                        {
                                            "Worker Number": 2,
                                            "Actual Startup Time": 110.066,
                                            "Actual Total Time": 365.665,
                                            "Actual Rows": 47283,
                                            "Actual Loops": 1
                                        },
                                        {
                                            "Worker Number": 3,
                                            "Actual Startup Time": 110.376,
                                            "Actual Total Time": 365.948,
                                            "Actual Rows": 48144,
                                            "Actual Loops": 1
                                        }
                                    ],
                                    "Plans": [
                                        {
                                            "Node Type": "Seq Scan",
                                            "Parent Relationship": "Outer",
                                            "Parallel Aware": true,
                                            "Relation Name": "title",
                                            "Schema": "public",
                                            "Alias": "t",
                                            "Startup Cost": 0.0,
                                            "Total Cost": 42318.81,
                                            "Plan Rows": 632080,
                                            "Plan Width": 4,
                                            "Actual Startup Time": 0.012,
                                            "Actual Total Time": 102.184,
                                            "Actual Rows": 505662,
                                            "Actual Loops": 5,
                                            "Output": [
                                                "t.id",
                                                "t.title",
                                                "t.imdb_index",
                                                "t.kind_id",
                                                "t.production_year",
                                                "t.imdb_id",
                                                "t.phonetic_code",
                                                "t.episode_of_id",
                                                "t.season_nr",
                                                "t.episode_nr",
                                                "t.series_years",
                                                "t.md5sum"
                                            ],
                                            "Workers": [
                                                {
                                                    "Worker Number": 0,
                                                    "Actual Startup Time": 0.015,
                                                    "Actual Total Time": 105.716,
                                                    "Actual Rows": 493768,
                                                    "Actual Loops": 1
                                                },
                                                {
                                                    "Worker Number": 1,
                                                    "Actual Startup Time": 0.011,
                                                    "Actual Total Time": 105.861,
                                                    "Actual Rows": 494017,
                                                    "Actual Loops": 1
                                                },
                                                {
                                                    "Worker Number": 2,
                                                    "Actual Startup Time": 0.011,
                                                    "Actual Total Time": 102.629,
                                                    "Actual Rows": 482259,
                                                    "Actual Loops": 1
                                                },
                                                {
                                                    "Worker Number": 3,
                                                    "Actual Startup Time": 0.012,
                                                    "Actual Total Time": 104.33,
                                                    "Actual Rows": 493158,
                                                    "Actual Loops": 1
                                                }
                                            ]
                                        },
                                        {
                                            "Node Type": "Hash",
                                            "Parent Relationship": "Inner",
                                            "Parallel Aware": true,
                                            "Startup Cost": 25310.87,
                                            "Total Cost": 25310.87,
                                            "Plan Rows": 81819,
                                            "Plan Width": 4,
                                            "Actual Startup Time": 110.507,
                                            "Actual Total Time": 110.51,
                                            "Actual Rows": 49784,
                                            "Actual Loops": 5,
                                            "Output": [
                                                "mc.movie_id"
                                            ],
                                            "Hash Buckets": 262144,
                                            "Original Hash Buckets": 262144,
                                            "Hash Batches": 1,
                                            "Original Hash Batches": 1,
                                            "Peak Memory Usage": 11872,
                                            "Workers": [
                                                {
                                                    "Worker Number": 0,
                                                    "Actual Startup Time": 108.79,
                                                    "Actual Total Time": 108.794,
                                                    "Actual Rows": 42745,
                                                    "Actual Loops": 1
                                                },
                                                {
                                                    "Worker Number": 1,
                                                    "Actual Startup Time": 108.738,
                                                    "Actual Total Time": 108.74,
                                                    "Actual Rows": 42156,
                                                    "Actual Loops": 1
                                                },
                                                {
                                                    "Worker Number": 2,
                                                    "Actual Startup Time": 109.546,
                                                    "Actual Total Time": 109.548,
                                                    "Actual Rows": 42004,
                                                    "Actual Loops": 1
                                                },
                                                {
                                                    "Worker Number": 3,
                                                    "Actual Startup Time": 109.915,
                                                    "Actual Total Time": 109.917,
                                                    "Actual Rows": 40239,
                                                    "Actual Loops": 1
                                                }
                                            ],
                                            "Plans": [
                                                {
                                                    "Node Type": "Bitmap Heap Scan",
                                                    "Parent Relationship": "Outer",
                                                    "Parallel Aware": true,
                                                    "Relation Name": "movie_companies",
                                                    "Schema": "public",
                                                    "Alias": "mc",
                                                    "Startup Cost": 5498.13,
                                                    "Total Cost": 25310.87,
                                                    "Plan Rows": 81819,
                                                    "Plan Width": 4,
                                                    "Actual Startup Time": 19.813,
                                                    "Actual Total Time": 80.512,
                                                    "Actual Rows": 49784,
                                                    "Actual Loops": 5,
                                                    "Output": [
                                                        "mc.movie_id"
                                                    ],
                                                    "Recheck Cond": "(mc.company_id < 119)",
                                                    "Rows Removed by Index Recheck": 0,
                                                    "Exact Heap Blocks": 5749,
                                                    "Lossy Heap Blocks": 0,
                                                    "Workers": [
                                                        {
                                                            "Worker Number": 0,
                                                            "Actual Startup Time": 18.176,
                                                            "Actual Total Time": 80.36,
                                                            "Actual Rows": 42745,
                                                            "Actual Loops": 1
                                                        },
                                                        {
                                                            "Worker Number": 1,
                                                            "Actual Startup Time": 18.269,
                                                            "Actual Total Time": 80.132,
                                                            "Actual Rows": 42156,
                                                            "Actual Loops": 1
                                                        },
                                                        {
                                                            "Worker Number": 2,
                                                            "Actual Startup Time": 18.848,
                                                            "Actual Total Time": 80.831,
                                                            "Actual Rows": 42004,
                                                            "Actual Loops": 1
                                                        },
                                                        {
                                                            "Worker Number": 3,
                                                            "Actual Startup Time": 19.24,
                                                            "Actual Total Time": 81.562,
                                                            "Actual Rows": 40239,
                                                            "Actual Loops": 1
                                                        }
                                                    ],
                                                    "Plans": [
                                                        {
                                                            "Node Type": "Bitmap Index Scan",
                                                            "Parent Relationship": "Outer",
                                                            "Parallel Aware": false,
                                                            "Index Name": "company_id_movie_companies",
                                                            "Startup Cost": 0.0,
                                                            "Total Cost": 5434.72,
                                                            "Plan Rows": 253639,
                                                            "Plan Width": 0,
                                                            "Actual Startup Time": 20.4,
                                                            "Actual Total Time": 20.401,
                                                            "Actual Rows": 248921,
                                                            "Actual Loops": 1,
                                                            "Index Cond": "(mc.company_id < 119)"
                                                        }
                                                    ]
                                                }
                                            ]
                                        }
                                    ]
                                }
                            ]
                        }
                    ]
                }
            ]
        },
        "Planning Time": 285.158,
        "Triggers": [],
        "Execution Time": 401.308
    }
]