[
  {
    "Plan": {
      "Node Type": "Aggregate",
      "Strategy": "Plain",
      "Partial Mode": "Finalize",
      "Parallel Aware": false,
      "Startup Cost": 31052.37,
      "Total Cost": 31052.38,
      "Plan Rows": 1,
      "Plan Width": 8,
      "Actual Startup Time": 97.564,
      "Actual Total Time": 105.318,
      "Actual Rows": 1,
      "Actual Loops": 1,
      "Plans": [
        {
          "Node Type": "Gather",
          "Parent Relationship": "Outer",
          "Parallel Aware": false,
          "Startup Cost": 31052.05,
          "Total Cost": 31052.36,
          "Plan Rows": 3,
          "Plan Width": 8,
          "Actual Startup Time": 97.412,
          "Actual Total Time": 105.309,
          "Actual Rows": 4,
          "Actual Loops": 1,
          "Workers Planned": 3,
          "Workers Launched": 3,
          "Single Copy": false,
          "Plans": [
            {
              "Node Type": "Aggregate",
              "Strategy": "Plain",
              "Partial Mode": "Partial",
              "Parent Relationship": "Outer",
              "Parallel Aware": false,
              "Startup Cost": 30052.05,
              "Total Cost": 30052.06,
              "Plan Rows": 1,
              "Plan Width": 8,
              "Actual Startup Time": 90.735,
              "Actual Total Time": 90.736,
              "Actual Rows": 1,
              "Actual Loops": 4,
              "Plans": [
                {
                  "Node Type": "Seq Scan",
                  "Parent Relationship": "Outer",
                  "Parallel Aware": true,
                  "Relation Name": "movie_companies",
                  "Alias": "mc",
                  "Startup Cost": 0.0,
                  "Total Cost": 29310.68,
                  "Plan Rows": 296549,
                  "Plan Width": 0,
                  "Actual Startup Time": 22.55,
                  "Actual Total Time": 80.316,
                  "Actual Rows": 227744,
                  "Actual Loops": 4,
                  "Filter": "(company_id > 20743)",
                  "Rows Removed by Filter": 424539
                }
              ]
            }
          ]
        }
      ]
    },
    "Planning Time": 0.162,
    "Triggers": [],
    "Execution Time": 105.378
  }
]