[
  {
    "Plan": {
      "Node Type": "Aggregate",
      "Strategy": "Plain",
      "Partial Mode": "Finalize",
      "Parallel Aware": false,
      "Startup Cost": 47421.97,
      "Total Cost": 47421.98,
      "Plan Rows": 1,
      "Plan Width": 8,
      "Actual Startup Time": 123.399,
      "Actual Total Time": 136.126,
      "Actual Rows": 1,
      "Actual Loops": 1,
      "Plans": [
        {
          "Node Type": "Gather",
          "Parent Relationship": "Outer",
          "Parallel Aware": false,
          "Startup Cost": 47421.55,
          "Total Cost": 47421.96,
          "Plan Rows": 4,
          "Plan Width": 8,
          "Actual Startup Time": 123.255,
          "Actual Total Time": 136.117,
          "Actual Rows": 5,
          "Actual Loops": 1,
          "Workers Planned": 4,
          "Workers Launched": 4,
          "Single Copy": false,
          "Plans": [
            {
              "Node Type": "Aggregate",
              "Strategy": "Plain",
              "Partial Mode": "Partial",
              "Parent Relationship": "Outer",
              "Parallel Aware": false,
              "Startup Cost": 46421.55,
              "Total Cost": 46421.56,
              "Plan Rows": 1,
              "Plan Width": 8,
              "Actual Startup Time": 114.191,
              "Actual Total Time": 114.192,
              "Actual Rows": 1,
              "Actual Loops": 5,
              "Plans": [
                {
                  "Node Type": "Seq Scan",
                  "Parent Relationship": "Outer",
                  "Parallel Aware": true,
                  "Relation Name": "title",
                  "Alias": "t",
                  "Startup Cost": 0.0,
                  "Total Cost": 45479.1,
                  "Plan Rows": 376981,
                  "Plan Width": 0,
                  "Actual Startup Time": 0.036,
                  "Actual Total Time": 96.5,
                  "Actual Rows": 324034,
                  "Actual Loops": 5,
                  "Filter": "((kind_id > 1) AND (production_year > 1973))",
                  "Rows Removed by Filter": 181629
                }
              ]
            }
          ]
        }
      ]
    },
    "Planning Time": 0.16,
    "Triggers": [],
    "Execution Time": 136.182
  }
]