[
  {
    "Plan": {
      "Node Type": "Aggregate",
      "Strategy": "Plain",
      "Partial Mode": "Finalize",
      "Parallel Aware": false,
      "Startup Cost": 294536.9,
      "Total Cost": 294536.91,
      "Plan Rows": 1,
      "Plan Width": 8,
      "Actual Startup Time": 819.933,
      "Actual Total Time": 842.816,
      "Actual Rows": 1,
      "Actual Loops": 1,
      "Plans": [
        {
          "Node Type": "Gather",
          "Parent Relationship": "Outer",
          "Parallel Aware": false,
          "Startup Cost": 294536.38,
          "Total Cost": 294536.89,
          "Plan Rows": 5,
          "Plan Width": 8,
          "Actual Startup Time": 806.986,
          "Actual Total Time": 842.807,
          "Actual Rows": 6,
          "Actual Loops": 1,
          "Workers Planned": 5,
          "Workers Launched": 5,
          "Single Copy": false,
          "Plans": [
            {
              "Node Type": "Aggregate",
              "Strategy": "Plain",
              "Partial Mode": "Partial",
              "Parent Relationship": "Outer",
              "Parallel Aware": false,
              "Startup Cost": 293536.38,
              "Total Cost": 293536.39,
              "Plan Rows": 1,
              "Plan Width": 8,
              "Actual Startup Time": 798.23,
              "Actual Total Time": 798.235,
              "Actual Rows": 1,
              "Actual Loops": 6,
              "Plans": [
                {
                  "Node Type": "Hash Join",
                  "Parent Relationship": "Outer",
                  "Parallel Aware": true,
                  "Join Type": "Inner",
                  "Startup Cost": 88751.05,
                  "Total Cost": 292568.91,
                  "Plan Rows": 386987,
                  "Plan Width": 0,
                  "Actual Startup Time": 309.689,
                  "Actual Total Time": 793.096,
                  "Actual Rows": 121886,
                  "Actual Loops": 6,
                  "Inner Unique": false,
                  "Hash Cond": "(mi.movie_id = t.id)",
                  "Plans": [
                    {
                      "Node Type": "Seq Scan",
                      "Parent Relationship": "Outer",
                      "Parallel Aware": true,
                      "Relation Name": "movie_info",
                      "Alias": "mi",
                      "Startup Cost": 0.0,
                      "Total Cost": 191503.19,
                      "Plan Rows": 2951019,
                      "Plan Width": 4,
                      "Actual Startup Time": 0.02,
                      "Actual Total Time": 264.717,
                      "Actual Rows": 2472620,
                      "Actual Loops": 6
                    },
                    {
                      "Node Type": "Hash",
                      "Parent Relationship": "Inner",
                      "Parallel Aware": true,
                      "Startup Cost": 87414.13,
                      "Total Cost": 87414.13,
                      "Plan Rows": 106954,
                      "Plan Width": 8,
                      "Actual Startup Time": 307.045,
                      "Actual Total Time": 307.048,
                      "Actual Rows": 11658,
                      "Actual Loops": 6,
                      "Hash Buckets": 524288,
                      "Original Hash Buckets": 524288,
                      "Hash Batches": 1,
                      "Original Hash Batches": 1,
                      "Peak Memory Usage": 6944,
                      "Plans": [
                        {
                          "Node Type": "Hash Join",
                          "Parent Relationship": "Outer",
                          "Parallel Aware": true,
                          "Join Type": "Inner",
                          "Startup Cost": 60291.88,
                          "Total Cost": 87414.13,
                          "Plan Rows": 106954,
                          "Plan Width": 8,
                          "Actual Startup Time": 228.349,
                          "Actual Total Time": 299.544,
                          "Actual Rows": 11658,
                          "Actual Loops": 6,
                          "Inner Unique": true,
                          "Hash Cond": "(mk.movie_id = t.id)",
                          "Plans": [
                            {
                              "Node Type": "Bitmap Heap Scan",
                              "Parent Relationship": "Outer",
                              "Parallel Aware": true,
                              "Relation Name": "movie_keyword",
                              "Alias": "mk",
                              "Startup Cost": 11602.76,
                              "Total Cost": 38261.93,
                              "Plan Rows": 176413,
                              "Plan Width": 4,
                              "Actual Startup Time": 45.433,
                              "Actual Total Time": 91.715,
                              "Actual Rows": 90252,
                              "Actual Loops": 6,
                              "Recheck Cond": "(keyword_id > 33901)",
                              "Rows Removed by Index Recheck": 0,
                              "Exact Heap Blocks": 4636,
                              "Lossy Heap Blocks": 0,
                              "Plans": [
                                {
                                  "Node Type": "Bitmap Index Scan",
                                  "Parent Relationship": "Outer",
                                  "Parallel Aware": false,
                                  "Index Name": "keyword_id_movie_keyword",
                                  "Startup Cost": 0.0,
                                  "Total Cost": 11466.04,
                                  "Plan Rows": 546881,
                                  "Plan Width": 0,
                                  "Actual Startup Time": 41.892,
                                  "Actual Total Time": 41.892,
                                  "Actual Rows": 541514,
                                  "Actual Loops": 1,
                                  "Index Cond": "(keyword_id > 33901)"
                                }
                              ]
                            },
                            {
                              "Node Type": "Hash",
                              "Parent Relationship": "Inner",
                              "Parallel Aware": true,
                              "Startup Cost": 43899.01,
                              "Total Cost": 43899.01,
                              "Plan Rows": 383209,
                              "Plan Width": 4,
                              "Actual Startup Time": 179.06,
                              "Actual Total Time": 179.061,
                              "Actual Rows": 257211,
                              "Actual Loops": 6,
                              "Hash Buckets": 2097152,
                              "Original Hash Buckets": 2097152,
                              "Hash Batches": 1,
                              "Original Hash Batches": 1,
                              "Peak Memory Usage": 76800,
                              "Plans": [
                                {
                                  "Node Type": "Seq Scan",
                                  "Parent Relationship": "Outer",
                                  "Parallel Aware": true,
                                  "Relation Name": "title",
                                  "Alias": "t",
                                  "Startup Cost": 0.0,
                                  "Total Cost": 43899.01,
                                  "Plan Rows": 383209,
                                  "Plan Width": 4,
                                  "Actual Startup Time": 0.037,
                                  "Actual Total Time": 71.78,
                                  "Actual Rows": 257211,
                                  "Actual Loops": 6,
                                  "Filter": "(kind_id = 7)",
                                  "Rows Removed by Filter": 164175
                                }
                              ]
                            }
                          ]
                        }
                      ]
                    }
                  ]
                }
              ]
            }
          ]
        }
      ]
    },
    "Planning Time": 1.119,
    "Triggers": [],
    "Execution Time": 842.902
  }
]