[
  {
    "Plan": {
      "Node Type": "Aggregate",
      "Strategy": "Plain",
      "Partial Mode": "Finalize",
      "Parallel Aware": false,
      "Startup Cost": 417051.02,
      "Total Cost": 417051.03,
      "Plan Rows": 1,
      "Plan Width": 8,
      "Actual Startup Time": 1299.62,
      "Actual Total Time": 1366.773,
      "Actual Rows": 1,
      "Actual Loops": 1,
      "Plans": [
        {
          "Node Type": "Gather",
          "Parent Relationship": "Outer",
          "Parallel Aware": false,
          "Startup Cost": 417050.4,
          "Total Cost": 417051.01,
          "Plan Rows": 6,
          "Plan Width": 8,
          "Actual Startup Time": 1290.269,
          "Actual Total Time": 1366.76,
          "Actual Rows": 7,
          "Actual Loops": 1,
          "Workers Planned": 6,
          "Workers Launched": 6,
          "Single Copy": false,
          "Plans": [
            {
              "Node Type": "Aggregate",
              "Strategy": "Plain",
              "Partial Mode": "Partial",
              "Parent Relationship": "Outer",
              "Parallel Aware": false,
              "Startup Cost": 416050.4,
              "Total Cost": 416050.41,
              "Plan Rows": 1,
              "Plan Width": 8,
              "Actual Startup Time": 1279.781,
              "Actual Total Time": 1279.97,
              "Actual Rows": 1,
              "Actual Loops": 7,
              "Plans": [
                {
                  "Node Type": "Hash Join",
                  "Parent Relationship": "Outer",
                  "Parallel Aware": true,
                  "Join Type": "Inner",
                  "Startup Cost": 80944.4,
                  "Total Cost": 415449.84,
                  "Plan Rows": 240223,
                  "Plan Width": 0,
                  "Actual Startup Time": 302.463,
                  "Actual Total Time": 1247.896,
                  "Actual Rows": 742008,
                  "Actual Loops": 7,
                  "Inner Unique": false,
                  "Hash Cond": "(ci.movie_id = t.id)",
                  "Plans": [
                    {
                      "Node Type": "Seq Scan",
                      "Parent Relationship": "Outer",
                      "Parallel Aware": true,
                      "Relation Name": "cast_info",
                      "Alias": "ci",
                      "Startup Cost": 0.0,
                      "Total Cost": 328162.03,
                      "Plan Rows": 1484933,
                      "Plan Width": 4,
                      "Actual Startup Time": 0.05,
                      "Actual Total Time": 548.252,
                      "Actual Rows": 1293039,
                      "Actual Loops": 7,
                      "Filter": "(person_id < 891007)",
                      "Rows Removed by Filter": 3884724
                    },
                    {
                      "Node Type": "Hash",
                      "Parent Relationship": "Inner",
                      "Parallel Aware": true,
                      "Startup Cost": 79295.17,
                      "Total Cost": 79295.17,
                      "Plan Rows": 131939,
                      "Plan Width": 8,
                      "Actual Startup Time": 300.416,
                      "Actual Total Time": 300.604,
                      "Actual Rows": 123426,
                      "Actual Loops": 7,
                      "Hash Buckets": 1048576,
                      "Original Hash Buckets": 524288,
                      "Hash Batches": 1,
                      "Original Hash Batches": 1,
                      "Peak Memory Usage": 46240,
                      "Plans": [
                        {
                          "Node Type": "Hash Join",
                          "Parent Relationship": "Outer",
                          "Parallel Aware": true,
                          "Join Type": "Inner",
                          "Startup Cost": 46997.13,
                          "Total Cost": 79295.17,
                          "Plan Rows": 131939,
                          "Plan Width": 8,
                          "Actual Startup Time": 158.618,
                          "Actual Total Time": 242.939,
                          "Actual Rows": 123426,
                          "Actual Loops": 7,
                          "Inner Unique": true,
                          "Hash Cond": "(mc.movie_id = t.id)",
                          "Plans": [
                            {
                              "Node Type": "Seq Scan",
                              "Parent Relationship": "Outer",
                              "Parallel Aware": true,
                              "Relation Name": "movie_companies",
                              "Alias": "mc",
                              "Startup Cost": 0.0,
                              "Total Cost": 31414.82,
                              "Plan Rows": 336465,
                              "Plan Width": 4,
                              "Actual Startup Time": 21.98,
                              "Actual Total Time": 48.204,
                              "Actual Rows": 170272,
                              "Actual Loops": 7,
                              "Filter": "((company_id > 554) AND (company_type_id > 1))",
                              "Rows Removed by Filter": 202461
                            },
                            {
                              "Node Type": "Hash",
                              "Parent Relationship": "Inner",
                              "Parallel Aware": true,
                              "Startup Cost": 43898.92,
                              "Total Cost": 43898.92,
                              "Plan Rows": 247857,
                              "Plan Width": 4,
                              "Actual Startup Time": 135.168,
                              "Actual Total Time": 135.169,
                              "Actual Rows": 140721,
                              "Actual Loops": 7,
                              "Hash Buckets": 1048576,
                              "Original Hash Buckets": 1048576,
                              "Hash Batches": 1,
                              "Original Hash Batches": 1,
                              "Peak Memory Usage": 46880,
                              "Plans": [
                                {
                                  "Node Type": "Seq Scan",
                                  "Parent Relationship": "Outer",
                                  "Parallel Aware": true,
                                  "Relation Name": "title",
                                  "Alias": "t",
                                  "Startup Cost": 0.0,
                                  "Total Cost": 43898.92,
                                  "Plan Rows": 247857,
                                  "Plan Width": 4,
                                  "Actual Startup Time": 0.061,
                                  "Actual Total Time": 75.744,
                                  "Actual Rows": 140721,
                                  "Actual Loops": 7,
                                  "Filter": "(kind_id < 7)",
                                  "Rows Removed by Filter": 220466
                                }
                              ]
                            }
                          ]
                        }
                      ]
                    }
                  ]
                }
              ]
            }
          ]
        }
      ]
    },
    "Planning Time": 0.692,
    "Triggers": [],
    "Execution Time": 1366.841
  }
]