[
  {
    "Plan": {
      "Node Type": "Aggregate",
      "Strategy": "Plain",
      "Partial Mode": "Finalize",
      "Parallel Aware": false,
      "Startup Cost": 335758.11,
      "Total Cost": 335758.12,
      "Plan Rows": 1,
      "Plan Width": 8,
      "Actual Startup Time": 685.507,
      "Actual Total Time": 745.306,
      "Actual Rows": 1,
      "Actual Loops": 1,
      "Plans": [
        {
          "Node Type": "Gather",
          "Parent Relationship": "Outer",
          "Parallel Aware": false,
          "Startup Cost": 335757.48,
          "Total Cost": 335758.09,
          "Plan Rows": 6,
          "Plan Width": 8,
          "Actual Startup Time": 685.322,
          "Actual Total Time": 745.297,
          "Actual Rows": 7,
          "Actual Loops": 1,
          "Workers Planned": 6,
          "Workers Launched": 6,
          "Single Copy": false,
          "Plans": [
            {
              "Node Type": "Aggregate",
              "Strategy": "Plain",
              "Partial Mode": "Partial",
              "Parent Relationship": "Outer",
              "Parallel Aware": false,
              "Startup Cost": 334757.48,
              "Total Cost": 334757.49,
              "Plan Rows": 1,
              "Plan Width": 8,
              "Actual Startup Time": 678.473,
              "Actual Total Time": 678.475,
              "Actual Rows": 1,
              "Actual Loops": 7,
              "Plans": [
                {
                  "Node Type": "Seq Scan",
                  "Parent Relationship": "Outer",
                  "Parallel Aware": true,
                  "Relation Name": "cast_info",
                  "Alias": "ci",
                  "Startup Cost": 0.0,
                  "Total Cost": 328211.39,
                  "Plan Rows": 2618437,
                  "Plan Width": 0,
                  "Actual Startup Time": 223.509,
                  "Actual Total Time": 583.361,
                  "Actual Rows": 2201431,
                  "Actual Loops": 7,
                  "Filter": "(person_id > 2099327)",
                  "Rows Removed by Filter": 2976332
                }
              ]
            }
          ]
        }
      ]
    },
    "Planning Time": 0.061,
    "Triggers": [],
    "Execution Time": 745.347
  }
]