[
  {
    "Plan": {
      "Node Type": "Aggregate",
      "Strategy": "Plain",
      "Partial Mode": "Finalize",
      "Parallel Aware": false,
      "Startup Cost": 100910.29,
      "Total Cost": 100910.3,
      "Plan Rows": 1,
      "Plan Width": 8,
      "Actual Startup Time": 834.868,
      "Actual Total Time": 863.847,
      "Actual Rows": 1,
      "Actual Loops": 1,
      "Plans": [
        {
          "Node Type": "Gather",
          "Parent Relationship": "Outer",
          "Parallel Aware": false,
          "Startup Cost": 100910.08,
          "Total Cost": 100910.29,
          "Plan Rows": 2,
          "Plan Width": 8,
          "Actual Startup Time": 824.761,
          "Actual Total Time": 863.829,
          "Actual Rows": 3,
          "Actual Loops": 1,
          "Workers Planned": 2,
          "Workers Launched": 2,
          "Single Copy": false,
          "Plans": [
            {
              "Node Type": "Aggregate",
              "Strategy": "Plain",
              "Partial Mode": "Partial",
              "Parent Relationship": "Outer",
              "Parallel Aware": false,
              "Startup Cost": 99910.08,
              "Total Cost": 99910.09,
              "Plan Rows": 1,
              "Plan Width": 8,
              "Actual Startup Time": 821.473,
              "Actual Total Time": 822.585,
              "Actual Rows": 1,
              "Actual Loops": 3,
              "Plans": [
                {
                  "Node Type": "Hash Join",
                  "Parent Relationship": "Outer",
                  "Parallel Aware": true,
                  "Join Type": "Inner",
                  "Startup Cost": 83083.66,
                  "Total Cost": 99796.99,
                  "Plan Rows": 45235,
                  "Plan Width": 0,
                  "Actual Startup Time": 697.636,
                  "Actual Total Time": 814.946,
                  "Actual Rows": 160243,
                  "Actual Loops": 3,
                  "Inner Unique": false,
                  "Hash Cond": "(mi_idx.movie_id = t.id)",
                  "Plans": [
                    {
                      "Node Type": "Seq Scan",
                      "Parent Relationship": "Outer",
                      "Parallel Aware": true,
                      "Relation Name": "movie_info_idx",
                      "Alias": "mi_idx",
                      "Startup Cost": 0.0,
                      "Total Cost": 15122.68,
                      "Plan Rows": 385260,
                      "Plan Width": 4,
                      "Actual Startup Time": 0.032,
                      "Actual Total Time": 51.456,
                      "Actual Rows": 306703,
                      "Actual Loops": 3,
                      "Filter": "(info_type_id > 99)",
                      "Rows Removed by Filter": 153308
                    },
                    {
                      "Node Type": "Hash",
                      "Parent Relationship": "Inner",
                      "Parallel Aware": true,
                      "Startup Cost": 81886.59,
                      "Total Cost": 81886.59,
                      "Plan Rows": 95766,
                      "Plan Width": 8,
                      "Actual Startup Time": 695.086,
                      "Actual Total Time": 696.195,
                      "Actual Rows": 143930,
                      "Actual Loops": 3,
                      "Hash Buckets": 524288,
                      "Original Hash Buckets": 524288,
                      "Hash Batches": 1,
                      "Original Hash Batches": 1,
                      "Peak Memory Usage": 21024,
                      "Plans": [
                        {
                          "Node Type": "Hash Join",
                          "Parent Relationship": "Outer",
                          "Parallel Aware": true,
                          "Join Type": "Inner",
                          "Startup Cost": 50220.38,
                          "Total Cost": 81886.59,
                          "Plan Rows": 95766,
                          "Plan Width": 8,
                          "Actual Startup Time": 484.58,
                          "Actual Total Time": 649.93,
                          "Actual Rows": 143930,
                          "Actual Loops": 3,
                          "Inner Unique": true,
                          "Hash Cond": "(mc.movie_id = t.id)",
                          "Plans": [
                            {
                              "Node Type": "Seq Scan",
                              "Parent Relationship": "Outer",
                              "Parallel Aware": true,
                              "Relation Name": "movie_companies",
                              "Alias": "mc",
                              "Startup Cost": 0.0,
                              "Total Cost": 31414.82,
                              "Plan Rows": 95766,
                              "Plan Width": 4,
                              "Actual Startup Time": 0.02,
                              "Actual Total Time": 86.897,
                              "Actual Rows": 143930,
                              "Actual Loops": 3,
                              "Filter": "((company_id < 689) AND (company_type_id < 2))",
                              "Rows Removed by Filter": 725780
                            },
                            {
                              "Node Type": "Hash",
                              "Parent Relationship": "Inner",
                              "Parallel Aware": true,
                              "Startup Cost": 42319.06,
                              "Total Cost": 42319.06,
                              "Plan Rows": 632106,
                              "Plan Width": 4,
                              "Actual Startup Time": 472.897,
                              "Actual Total Time": 472.899,
                              "Actual Rows": 842771,
                              "Actual Loops": 3,
                              "Hash Buckets": 4194304,
                              "Original Hash Buckets": 4194304,
                              "Hash Batches": 1,
                              "Original Hash Batches": 1,
                              "Peak Memory Usage": 131712,
                              "Plans": [
                                {
                                  "Node Type": "Seq Scan",
                                  "Parent Relationship": "Outer",
                                  "Parallel Aware": true,
                                  "Relation Name": "title",
                                  "Alias": "t",
                                  "Startup Cost": 0.0,
                                  "Total Cost": 42319.06,
                                  "Plan Rows": 632106,
                                  "Plan Width": 4,
                                  "Actual Startup Time": 0.042,
                                  "Actual Total Time": 130.874,
                                  "Actual Rows": 842771,
                                  "Actual Loops": 3
                                }
                              ]
                            }
                          ]
                        }
                      ]
                    }
                  ]
                }
              ]
            }
          ]
        }
      ]
    },
    "Planning Time": 0.951,
    "Triggers": [],
    "Execution Time": 863.896
  }
]