[
  {
    "Plan": {
      "Node Type": "Aggregate",
      "Strategy": "Plain",
      "Partial Mode": "Finalize",
      "Parallel Aware": false,
      "Startup Cost": 45494.71,
      "Total Cost": 45494.72,
      "Plan Rows": 1,
      "Plan Width": 8,
      "Actual Startup Time": 149.072,
      "Actual Total Time": 158.848,
      "Actual Rows": 1,
      "Actual Loops": 1,
      "Plans": [
        {
          "Node Type": "Gather",
          "Parent Relationship": "Outer",
          "Parallel Aware": false,
          "Startup Cost": 45494.39,
          "Total Cost": 45494.7,
          "Plan Rows": 3,
          "Plan Width": 8,
          "Actual Startup Time": 148.918,
          "Actual Total Time": 158.838,
          "Actual Rows": 4,
          "Actual Loops": 1,
          "Workers Planned": 3,
          "Workers Launched": 3,
          "Single Copy": false,
          "Plans": [
            {
              "Node Type": "Aggregate",
              "Strategy": "Plain",
              "Partial Mode": "Partial",
              "Parent Relationship": "Outer",
              "Parallel Aware": false,
              "Startup Cost": 44494.39,
              "Total Cost": 44494.4,
              "Plan Rows": 1,
              "Plan Width": 8,
              "Actual Startup Time": 141.731,
              "Actual Total Time": 141.732,
              "Actual Rows": 1,
              "Actual Loops": 4,
              "Plans": [
                {
                  "Node Type": "Seq Scan",
                  "Parent Relationship": "Outer",
                  "Parallel Aware": true,
                  "Relation Name": "movie_keyword",
                  "Alias": "mk",
                  "Startup Cost": 0.0,
                  "Total Cost": 42695.65,
                  "Plan Rows": 719495,
                  "Plan Width": 0,
                  "Actual Startup Time": 0.052,
                  "Actual Total Time": 115.902,
                  "Actual Rows": 558670,
                  "Actual Loops": 4,
                  "Filter": "(keyword_id < 4604)",
                  "Rows Removed by Filter": 572313
                }
              ]
            }
          ]
        }
      ]
    },
    "Planning Time": 0.186,
    "Triggers": [],
    "Execution Time": 158.911
  }
]