[
  {
    "Plan": {
      "Node Type": "Aggregate",
      "Strategy": "Plain",
      "Partial Mode": "Finalize",
      "Parallel Aware": false,
      "Startup Cost": 45202.8,
      "Total Cost": 45202.81,
      "Plan Rows": 1,
      "Plan Width": 8,
      "Actual Startup Time": 151.142,
      "Actual Total Time": 161.845,
      "Actual Rows": 1,
      "Actual Loops": 1,
      "Plans": [
        {
          "Node Type": "Gather",
          "Parent Relationship": "Outer",
          "Parallel Aware": false,
          "Startup Cost": 45202.48,
          "Total Cost": 45202.79,
          "Plan Rows": 3,
          "Plan Width": 8,
          "Actual Startup Time": 150.972,
          "Actual Total Time": 161.834,
          "Actual Rows": 4,
          "Actual Loops": 1,
          "Workers Planned": 3,
          "Workers Launched": 3,
          "Single Copy": false,
          "Plans": [
            {
              "Node Type": "Aggregate",
              "Strategy": "Plain",
              "Partial Mode": "Partial",
              "Parent Relationship": "Outer",
              "Parallel Aware": false,
              "Startup Cost": 44202.48,
              "Total Cost": 44202.49,
              "Plan Rows": 1,
              "Plan Width": 8,
              "Actual Startup Time": 142.409,
              "Actual Total Time": 142.41,
              "Actual Rows": 1,
              "Actual Loops": 4,
              "Plans": [
                {
                  "Node Type": "Seq Scan",
                  "Parent Relationship": "Outer",
                  "Parallel Aware": true,
                  "Relation Name": "movie_keyword",
                  "Alias": "mk",
                  "Startup Cost": 0.0,
                  "Total Cost": 42695.65,
                  "Plan Rows": 602732,
                  "Plan Width": 0,
                  "Actual Startup Time": 0.062,
                  "Actual Total Time": 118.856,
                  "Actual Rows": 467436,
                  "Actual Loops": 4,
                  "Filter": "(keyword_id < 3155)",
                  "Rows Removed by Filter": 663546
                }
              ]
            }
          ]
        }
      ]
    },
    "Planning Time": 0.191,
    "Triggers": [],
    "Execution Time": 161.901
  }
]