[
  {
    "Plan": {
      "Node Type": "Aggregate",
      "Strategy": "Plain",
      "Partial Mode": "Finalize",
      "Parallel Aware": false,
      "Startup Cost": 666765.3,
      "Total Cost": 666765.31,
      "Plan Rows": 1,
      "Plan Width": 8,
      "Actual Startup Time": 7752.522,
      "Actual Total Time": 7863.95,
      "Actual Rows": 1,
      "Actual Loops": 1,
      "Plans": [
        {
          "Node Type": "Gather",
          "Parent Relationship": "Outer",
          "Parallel Aware": false,
          "Startup Cost": 666764.78,
          "Total Cost": 666765.29,
          "Plan Rows": 5,
          "Plan Width": 8,
          "Actual Startup Time": 7631.803,
          "Actual Total Time": 7863.933,
          "Actual Rows": 6,
          "Actual Loops": 1,
          "Workers Planned": 5,
          "Workers Launched": 5,
          "Single Copy": false,
          "Plans": [
            {
              "Node Type": "Aggregate",
              "Strategy": "Plain",
              "Partial Mode": "Partial",
              "Parent Relationship": "Outer",
              "Parallel Aware": false,
              "Startup Cost": 665764.78,
              "Total Cost": 665764.79,
              "Plan Rows": 1,
              "Plan Width": 8,
              "Actual Startup Time": 7586.786,
              "Actual Total Time": 7588.386,
              "Actual Rows": 1,
              "Actual Loops": 6,
              "Plans": [
                {
                  "Node Type": "Hash Join",
                  "Parent Relationship": "Outer",
                  "Parallel Aware": true,
                  "Join Type": "Inner",
                  "Startup Cost": 418704.34,
                  "Total Cost": 643614.85,
                  "Plan Rows": 8859974,
                  "Plan Width": 0,
                  "Actual Startup Time": 3019.716,
                  "Actual Total Time": 6641.207,
                  "Actual Rows": 23719584,
                  "Actual Loops": 6,
                  "Inner Unique": false,
                  "Hash Cond": "(mi.movie_id = t.id)",
                  "Plans": [
                    {
                      "Node Type": "Seq Scan",
                      "Parent Relationship": "Outer",
                      "Parallel Aware": true,
                      "Relation Name": "movie_info",
                      "Alias": "mi",
                      "Startup Cost": 0.0,
                      "Total Cost": 198952.16,
                      "Plan Rows": 2238345,
                      "Plan Width": 4,
                      "Actual Startup Time": 0.03,
                      "Actual Total Time": 338.575,
                      "Actual Rows": 1868457,
                      "Actual Loops": 6,
                      "Filter": "(info_type_id > 3)",
                      "Rows Removed by Filter": 604163
                    },
                    {
                      "Node Type": "Hash",
                      "Parent Relationship": "Inner",
                      "Parallel Aware": true,
                      "Startup Cost": 397855.04,
                      "Total Cost": 397855.04,
                      "Plan Rows": 1667944,
                      "Plan Width": 8,
                      "Actual Startup Time": 3000.394,
                      "Actual Total Time": 3001.992,
                      "Actual Rows": 2214258,
                      "Actual Loops": 6,
                      "Hash Buckets": 16777216,
                      "Original Hash Buckets": 16777216,
                      "Hash Batches": 1,
                      "Original Hash Batches": 1,
                      "Peak Memory Usage": 650880,
                      "Plans": [
                        {
                          "Node Type": "Hash Join",
                          "Parent Relationship": "Outer",
                          "Parallel Aware": true,
                          "Join Type": "Inner",
                          "Startup Cost": 50219.64,
                          "Total Cost": 397855.04,
                          "Plan Rows": 1667944,
                          "Plan Width": 8,
                          "Actual Startup Time": 267.233,
                          "Actual Total Time": 2082.554,
                          "Actual Rows": 2214258,
                          "Actual Loops": 6,
                          "Inner Unique": true,
                          "Hash Cond": "(ci.movie_id = t.id)",
                          "Plans": [
                            {
                              "Node Type": "Seq Scan",
                              "Parent Relationship": "Outer",
                              "Parallel Aware": true,
                              "Relation Name": "cast_info",
                              "Alias": "ci",
                              "Startup Cost": 0.0,
                              "Total Cost": 343257.03,
                              "Plan Rows": 1667944,
                              "Plan Width": 4,
                              "Actual Startup Time": 0.026,
                              "Actual Total Time": 756.339,
                              "Actual Rows": 2214258,
                              "Actual Loops": 6,
                              "Filter": "((person_id < 1816790) AND (role_id < 3))",
                              "Rows Removed by Filter": 3826466
                            },
                            {
                              "Node Type": "Hash",
                              "Parent Relationship": "Inner",
                              "Parallel Aware": true,
                              "Startup Cost": 42318.73,
                              "Total Cost": 42318.73,
                              "Plan Rows": 632073,
                              "Plan Width": 4,
                              "Actual Startup Time": 263.379,
                              "Actual Total Time": 263.38,
                              "Actual Rows": 421385,
                              "Actual Loops": 6,
                              "Hash Buckets": 4194304,
                              "Original Hash Buckets": 4194304,
                              "Hash Batches": 1,
                              "Original Hash Batches": 1,
                              "Peak Memory Usage": 131808,
                              "Plans": [
                                {
                                  "Node Type": "Seq Scan",
                                  "Parent Relationship": "Outer",
                                  "Parallel Aware": true,
                                  "Relation Name": "title",
                                  "Alias": "t",
                                  "Startup Cost": 0.0,
                                  "Total Cost": 42318.73,
                                  "Plan Rows": 632073,
                                  "Plan Width": 4,
                                  "Actual Startup Time": 0.057,
                                  "Actual Total Time": 79.346,
                                  "Actual Rows": 421385,
                                  "Actual Loops": 6
                                }
                              ]
                            }
                          ]
                        }
                      ]
                    }
                  ]
                }
              ]
            }
          ]
        }
      ]
    },
    "Planning Time": 1.36,
    "Triggers": [],
    "Execution Time": 7864.042
  }
]