[
    {
        "Bao": {
            "Bao prediction": 471.337,
            "Bao recommended hint": "(no hint)"
        }
    },
    {
        "Plan": {
            "Node Type": "Aggregate",
            "Strategy": "Plain",
            "Partial Mode": "Finalize",
            "Parallel Aware": false,
            "Startup Cost": 332350.41,
            "Total Cost": 332350.42,
            "Plan Rows": 1,
            "Plan Width": 8,
            "Actual Startup Time": 731.774,
            "Actual Total Time": 763.105,
            "Actual Rows": 1,
            "Actual Loops": 1,
            "Output": [
                "count(*)"
            ],
            "Plans": [
                {
                    "Node Type": "Gather",
                    "Parent Relationship": "Outer",
                    "Parallel Aware": false,
                    "Startup Cost": 332349.78,
                    "Total Cost": 332350.39,
                    "Plan Rows": 6,
                    "Plan Width": 8,
                    "Actual Startup Time": 731.666,
                    "Actual Total Time": 763.097,
                    "Actual Rows": 7,
                    "Actual Loops": 1,
                    "Output": [
                        "(PARTIAL count(*))"
                    ],
                    "Workers Planned": 6,
                    "Workers Launched": 6,
                    "Single Copy": false,
                    "Plans": [
                        {
                            "Node Type": "Aggregate",
                            "Strategy": "Plain",
                            "Partial Mode": "Partial",
                            "Parent Relationship": "Outer",
                            "Parallel Aware": false,
                            "Startup Cost": 331349.78,
                            "Total Cost": 331349.79,
                            "Plan Rows": 1,
                            "Plan Width": 8,
                            "Actual Startup Time": 722.29,
                            "Actual Total Time": 722.291,
                            "Actual Rows": 1,
                            "Actual Loops": 7,
                            "Output": [
                                "PARTIAL count(*)"
                            ],
                            "Workers": [
                                {
                                    "Worker Number": 0,
                                    "Actual Startup Time": 720.214,
                                    "Actual Total Time": 720.215,
                                    "Actual Rows": 1,
                                    "Actual Loops": 1
                                },
                                {
                                    "Worker Number": 1,
                                    "Actual Startup Time": 720.523,
                                    "Actual Total Time": 720.525,
                                    "Actual Rows": 1,
                                    "Actual Loops": 1
                                },
                                {
                                    "Worker Number": 2,
                                    "Actual Startup Time": 720.586,
                                    "Actual Total Time": 720.587,
                                    "Actual Rows": 1,
                                    "Actual Loops": 1
                                },
                                {
                                    "Worker Number": 3,
                                    "Actual Startup Time": 720.911,
                                    "Actual Total Time": 720.912,
                                    "Actual Rows": 1,
                                    "Actual Loops": 1
                                },
                                {
                                    "Worker Number": 4,
                                    "Actual Startup Time": 721.313,
                                    "Actual Total Time": 721.314,
                                    "Actual Rows": 1,
                                    "Actual Loops": 1
                                },
                                {
                                    "Worker Number": 5,
                                    "Actual Startup Time": 721.632,
                                    "Actual Total Time": 721.633,
                                    "Actual Rows": 1,
                                    "Actual Loops": 1
                                }
                            ],
                            "Plans": [
                                {
                                    "Node Type": "Seq Scan",
                                    "Parent Relationship": "Outer",
                                    "Parallel Aware": true,
                                    "Relation Name": "cast_info",
                                    "Schema": "public",
                                    "Alias": "ci",
                                    "Startup Cost": 0.0,
                                    "Total Cost": 328213.62,
                                    "Plan Rows": 1254466,
                                    "Plan Width": 0,
                                    "Actual Startup Time": 393.252,
                                    "Actual Total Time": 658.636,
                                    "Actual Rows": 1069622,
                                    "Actual Loops": 7,
                                    "Output": [
                                        "id",
                                        "person_id",
                                        "movie_id",
                                        "person_role_id",
                                        "note",
                                        "nr_order",
                                        "role_id"
                                    ],
                                    "Filter": "(ci.person_id > 2923477)",
                                    "Rows Removed by Filter": 4108141,
                                    "Workers": [
                                        {
                                            "Worker Number": 0,
                                            "Actual Startup Time": 391.171,
                                            "Actual Total Time": 657.347,
                                            "Actual Rows": 942772,
                                            "Actual Loops": 1
                                        },
                                        {
                                            "Worker Number": 1,
                                            "Actual Startup Time": 391.476,
                                            "Actual Total Time": 658.788,
                                            "Actual Rows": 926002,
                                            "Actual Loops": 1
                                        },
                                        {
                                            "Worker Number": 2,
                                            "Actual Startup Time": 391.556,
                                            "Actual Total Time": 658.027,
                                            "Actual Rows": 941446,
                                            "Actual Loops": 1
                                        },
                                        {
                                            "Worker Number": 3,
                                            "Actual Startup Time": 391.861,
                                            "Actual Total Time": 659.543,
                                            "Actual Rows": 921288,
                                            "Actual Loops": 1
                                        },
                                        {
                                            "Worker Number": 4,
                                            "Actual Startup Time": 392.279,
                                            "Actual Total Time": 658.603,
                                            "Actual Rows": 943785,
                                            "Actual Loops": 1
                                        },
                                        {
                                            "Worker Number": 5,
                                            "Actual Startup Time": 392.606,
                                            "Actual Total Time": 659.306,
                                            "Actual Rows": 935428,
                                            "Actual Loops": 1
                                        }
                                    ]
                                }
                            ]
                        }
                    ]
                }
            ]
        },
        "Planning Time": 613.917,
        "Triggers": [],
        "Execution Time": 763.196
    }
]