{
  "Plan": {
    "Node Type": "Aggregate",
    "Strategy": "Plain",
    "Partial Mode": "Finalize",
    "Parallel Aware": false,
    "Startup Cost": 1015222.25,
    "Total Cost": 1015222.26,
    "Plan Rows": 1,
    "Plan Width": 8,
    "Actual Startup Time": 4297.334,
    "Actual Total Time": 4403.973,
    "Actual Rows": 1,
    "Actual Loops": 1,
    "Plans": [
      {
        "Node Type": "Gather",
        "Parent Relationship": "Outer",
        "Parallel Aware": false,
        "Startup Cost": 1015222.14,
        "Total Cost": 1015222.25,
        "Plan Rows": 1,
        "Plan Width": 8,
        "Actual Startup Time": 4291.172,
        "Actual Total Time": 4403.965,
        "Actual Rows": 2,
        "Actual Loops": 1,
        "Workers Planned": 1,
        "Workers Launched": 1,
        "Single Copy": false,
        "Plans": [
          {
            "Node Type": "Aggregate",
            "Strategy": "Plain",
            "Partial Mode": "Partial",
            "Parent Relationship": "Outer",
            "Parallel Aware": false,
            "Startup Cost": 1014222.14,
            "Total Cost": 1014222.15,
            "Plan Rows": 1,
            "Plan Width": 8,
            "Actual Startup Time": 4278.332,
            "Actual Total Time": 4278.338,
            "Actual Rows": 1,
            "Actual Loops": 2,
            "Plans": [
              {
                "Node Type": "Hash Join",
                "Parent Relationship": "Outer",
                "Parallel Aware": true,
                "Join Type": "Inner",
                "Startup Cost": 667673.67,
                "Total Cost": 999919.95,
                "Plan Rows": 5720876,
                "Plan Width": 0,
                "Actual Startup Time": 2645.498,
                "Actual Total Time": 4239.425,
                "Actual Rows": 962566,
                "Actual Loops": 2,
                "Inner Unique": false,
                "Hash Cond": "(mi.movie_id = t.id)",
                "Plans": [
                  {
                    "Node Type": "Seq Scan",
                    "Parent Relationship": "Outer",
                    "Parallel Aware": true,
                    "Relation Name": "movie_info",
                    "Alias": "mi",
                    "Startup Cost": 0.0,
                    "Total Cost": 270696.42,
                    "Plan Rows": 5579529,
                    "Plan Width": 4,
                    "Actual Startup Time": 0.017,
                    "Actual Total Time": 681.173,
                    "Actual Rows": 4782576,
                    "Actual Loops": 2,
                    "Filter": "(info_type_id < 16)",
                    "Rows Removed by Filter": 2635284
                  },
                  {
                    "Node Type": "Hash",
                    "Parent Relationship": "Inner",
                    "Parallel Aware": true,
                    "Startup Cost": 648612.32,
                    "Total Cost": 648612.32,
                    "Plan Rows": 1524908,
                    "Plan Width": 8,
                    "Actual Startup Time": 2622.783,
                    "Actual Total Time": 2622.786,
                    "Actual Rows": 635530,
                    "Actual Loops": 2,
                    "Hash Buckets": 4194304,
                    "Original Hash Buckets": 4194304,
                    "Hash Batches": 1,
                    "Original Hash Batches": 1,
                    "Peak Memory Usage": 82528,
                    "Plans": [
                      {
                        "Node Type": "Hash Join",
                        "Parent Relationship": "Outer",
                        "Parallel Aware": true,
                        "Join Type": "Inner",
                        "Startup Cost": 64791.54,
                        "Total Cost": 648612.32,
                        "Plan Rows": 1524908,
                        "Plan Width": 8,
                        "Actual Startup Time": 972.432,
                        "Actual Total Time": 2394.027,
                        "Actual Rows": 635530,
                        "Actual Loops": 2,
                        "Inner Unique": true,
                        "Hash Cond": "(ci.movie_id = t.id)",
                        "Plans": [
                          {
                            "Node Type": "Seq Scan",
                            "Parent Relationship": "Outer",
                            "Parallel Aware": true,
                            "Relation Name": "cast_info",
                            "Alias": "ci",
                            "Startup Cost": 0.0,
                            "Total Cost": 572345.93,
                            "Plan Rows": 4371361,
                            "Plan Width": 4,
                            "Actual Startup Time": 670.176,
                            "Actual Total Time": 1575.08,
                            "Actual Rows": 1487508,
                            "Actual Loops": 2,
                            "Filter": "((person_id > 2317207) AND (role_id < 3))",
                            "Rows Removed by Filter": 16634664
                          },
                          {
                            "Node Type": "Hash",
                            "Parent Relationship": "Inner",
                            "Parallel Aware": true,
                            "Startup Cost": 58306.47,
                            "Total Cost": 58306.47,
                            "Plan Rows": 518806,
                            "Plan Width": 4,
                            "Actual Startup Time": 299.034,
                            "Actual Total Time": 299.035,
                            "Actual Rows": 481521,
                            "Actual Loops": 2,
                            "Hash Buckets": 1048576,
                            "Original Hash Buckets": 1048576,
                            "Hash Batches": 1,
                            "Original Hash Batches": 1,
                            "Peak Memory Usage": 45888,
                            "Plans": [
                              {
                                "Node Type": "Seq Scan",
                                "Parent Relationship": "Outer",
                                "Parallel Aware": true,
                                "Relation Name": "title",
                                "Alias": "t",
                                "Startup Cost": 0.0,
                                "Total Cost": 58306.47,
                                "Plan Rows": 518806,
                                "Plan Width": 4,
                                "Actual Startup Time": 0.037,
                                "Actual Total Time": 162.265,
                                "Actual Rows": 481521,
                                "Actual Loops": 2,
                                "Filter": "((kind_id > 4) AND (production_year > 1999))",
                                "Rows Removed by Filter": 782635
                              }
                            ]
                          }
                        ]
                      }
                    ]
                  }
                ]
              }
            ]
          }
        ]
      }
    ]
  },
  "Planning Time": 0.987,
  "Triggers": [],
  "Execution Time": 4404.077
}