[
    {
        "Bao": {
            "Bao prediction": "NaN",
            "Bao recommended hint": "(no hint)"
        }
    },
    {
        "Plan": {
            "Node Type": "Aggregate",
            "Strategy": "Plain",
            "Partial Mode": "Finalize",
            "Parallel Aware": false,
            "Startup Cost": 293295.38,
            "Total Cost": 293295.39,
            "Plan Rows": 1,
            "Plan Width": 8,
            "Actual Startup Time": 959.189,
            "Actual Total Time": 984.78,
            "Actual Rows": 1,
            "Actual Loops": 1,
            "Output": [
                "count(*)"
            ],
            "Plans": [
                {
                    "Node Type": "Gather",
                    "Parent Relationship": "Outer",
                    "Parallel Aware": false,
                    "Startup Cost": 293294.85,
                    "Total Cost": 293295.36,
                    "Plan Rows": 5,
                    "Plan Width": 8,
                    "Actual Startup Time": 944.775,
                    "Actual Total Time": 984.772,
                    "Actual Rows": 6,
                    "Actual Loops": 1,
                    "Output": [
                        "(PARTIAL count(*))"
                    ],
                    "Workers Planned": 5,
                    "Workers Launched": 5,
                    "Single Copy": false,
                    "Plans": [
                        {
                            "Node Type": "Aggregate",
                            "Strategy": "Plain",
                            "Partial Mode": "Partial",
                            "Parent Relationship": "Outer",
                            "Parallel Aware": false,
                            "Startup Cost": 292294.85,
                            "Total Cost": 292294.86,
                            "Plan Rows": 1,
                            "Plan Width": 8,
                            "Actual Startup Time": 934.687,
                            "Actual Total Time": 934.692,
                            "Actual Rows": 1,
                            "Actual Loops": 6,
                            "Output": [
                                "PARTIAL count(*)"
                            ],
                            "Workers": [
                                {
                                    "Worker Number": 0,
                                    "Actual Startup Time": 932.054,
                                    "Actual Total Time": 932.058,
                                    "Actual Rows": 1,
                                    "Actual Loops": 1
                                },
                                {
                                    "Worker Number": 1,
                                    "Actual Startup Time": 932.186,
                                    "Actual Total Time": 932.192,
                                    "Actual Rows": 1,
                                    "Actual Loops": 1
                                },
                                {
                                    "Worker Number": 2,
                                    "Actual Startup Time": 932.878,
                                    "Actual Total Time": 932.883,
                                    "Actual Rows": 1,
                                    "Actual Loops": 1
                                },
                                {
                                    "Worker Number": 3,
                                    "Actual Startup Time": 933.218,
                                    "Actual Total Time": 933.222,
                                    "Actual Rows": 1,
                                    "Actual Loops": 1
                                },
                                {
                                    "Worker Number": 4,
                                    "Actual Startup Time": 933.398,
                                    "Actual Total Time": 933.402,
                                    "Actual Rows": 1,
                                    "Actual Loops": 1
                                }
                            ],
                            "Plans": [
                                {
                                    "Node Type": "Hash Join",
                                    "Parent Relationship": "Outer",
                                    "Parallel Aware": true,
                                    "Join Type": "Inner",
                                    "Startup Cost": 83255.52,
                                    "Total Cost": 289470.0,
                                    "Plan Rows": 1129940,
                                    "Plan Width": 0,
                                    "Actual Startup Time": 320.542,
                                    "Actual Total Time": 921.062,
                                    "Actual Rows": 314296,
                                    "Actual Loops": 6,
                                    "Inner Unique": false,
                                    "Hash Cond": "(mi.movie_id = t.id)",
                                    "Workers": [
                                        {
                                            "Worker Number": 0,
                                            "Actual Startup Time": 317.804,
                                            "Actual Total Time": 918.553,
                                            "Actual Rows": 329883,
                                            "Actual Loops": 1
                                        },
                                        {
                                            "Worker Number": 1,
                                            "Actual Startup Time": 318.219,
                                            "Actual Total Time": 919.115,
                                            "Actual Rows": 195099,
                                            "Actual Loops": 1
                                        },
                                        {
                                            "Worker Number": 2,
                                            "Actual Startup Time": 318.83,
                                            "Actual Total Time": 919.521,
                                            "Actual Rows": 326769,
                                            "Actual Loops": 1
                                        },
                                        {
                                            "Worker Number": 3,
                                            "Actual Startup Time": 319.176,
                                            "Actual Total Time": 919.771,
                                            "Actual Rows": 328639,
                                            "Actual Loops": 1
                                        },
                                        {
                                            "Worker Number": 4,
                                            "Actual Startup Time": 319.337,
                                            "Actual Total Time": 920.154,
                                            "Actual Rows": 324797,
                                            "Actual Loops": 1
                                        }
                                    ],
                                    "Plans": [
                                        {
                                            "Node Type": "Seq Scan",
                                            "Parent Relationship": "Outer",
                                            "Parallel Aware": true,
                                            "Relation Name": "movie_info",
                                            "Schema": "public",
                                            "Alias": "mi",
                                            "Startup Cost": 0.0,
                                            "Total Cost": 191503.19,
                                            "Plan Rows": 2951019,
                                            "Plan Width": 4,
                                            "Actual Startup Time": 0.017,
                                            "Actual Total Time": 275.39,
                                            "Actual Rows": 2472620,
                                            "Actual Loops": 6,
                                            "Output": [
                                                "mi.id",
                                                "mi.movie_id",
                                                "mi.info_type_id",
                                                "mi.info",
                                                "mi.note"
                                            ],
                                            "Workers": [
                                                {
                                                    "Worker Number": 0,
                                                    "Actual Startup Time": 0.02,
                                                    "Actual Total Time": 280.611,
                                                    "Actual Rows": 2547368,
                                                    "Actual Loops": 1
                                                },
                                                {
                                                    "Worker Number": 1,
                                                    "Actual Startup Time": 0.021,
                                                    "Actual Total Time": 273.491,
                                                    "Actual Rows": 1511907,
                                                    "Actual Loops": 1
                                                },
                                                {
                                                    "Worker Number": 2,
                                                    "Actual Startup Time": 0.019,
                                                    "Actual Total Time": 281.655,
                                                    "Actual Rows": 2579635,
                                                    "Actual Loops": 1
                                                },
                                                {
                                                    "Worker Number": 3,
                                                    "Actual Startup Time": 0.02,
                                                    "Actual Total Time": 281.683,
                                                    "Actual Rows": 2580098,
                                                    "Actual Loops": 1
                                                },
                                                {
                                                    "Worker Number": 4,
                                                    "Actual Startup Time": 0.015,
                                                    "Actual Total Time": 281.158,
                                                    "Actual Rows": 2567593,
                                                    "Actual Loops": 1
                                                }
                                            ]
                                        },
                                        {
                                            "Node Type": "Hash",
                                            "Parent Relationship": "Inner",
                                            "Parallel Aware": true,
                                            "Startup Cost": 79351.94,
                                            "Total Cost": 79351.94,
                                            "Plan Rows": 312287,
                                            "Plan Width": 8,
                                            "Actual Startup Time": 317.488,
                                            "Actual Total Time": 317.492,
                                            "Actual Rows": 42629,
                                            "Actual Loops": 6,
                                            "Output": [
                                                "t.id",
                                                "mc.movie_id"
                                            ],
                                            "Hash Buckets": 1048576,
                                            "Original Hash Buckets": 1048576,
                                            "Hash Batches": 1,
                                            "Original Hash Batches": 1,
                                            "Peak Memory Usage": 18336,
                                            "Workers": [
                                                {
                                                    "Worker Number": 0,
                                                    "Actual Startup Time": 316.376,
                                                    "Actual Total Time": 316.378,
                                                    "Actual Rows": 45530,
                                                    "Actual Loops": 1
                                                },
                                                {
                                                    "Worker Number": 1,
                                                    "Actual Startup Time": 316.536,
                                                    "Actual Total Time": 316.54,
                                                    "Actual Rows": 27979,
                                                    "Actual Loops": 1
                                                },
                                                {
                                                    "Worker Number": 2,
                                                    "Actual Startup Time": 317.442,
                                                    "Actual Total Time": 317.445,
                                                    "Actual Rows": 44282,
                                                    "Actual Loops": 1
                                                },
                                                {
                                                    "Worker Number": 3,
                                                    "Actual Startup Time": 317.729,
                                                    "Actual Total Time": 317.731,
                                                    "Actual Rows": 45160,
                                                    "Actual Loops": 1
                                                },
                                                {
                                                    "Worker Number": 4,
                                                    "Actual Startup Time": 317.916,
                                                    "Actual Total Time": 317.919,
                                                    "Actual Rows": 45301,
                                                    "Actual Loops": 1
                                                }
                                            ],
                                            "Plans": [
                                                {
                                                    "Node Type": "Hash Join",
                                                    "Parent Relationship": "Outer",
                                                    "Parallel Aware": true,
                                                    "Join Type": "Inner",
                                                    "Startup Cost": 48689.12,
                                                    "Total Cost": 79351.94,
                                                    "Plan Rows": 312287,
                                                    "Plan Width": 8,
                                                    "Actual Startup Time": 185.89,
                                                    "Actual Total Time": 305.004,
                                                    "Actual Rows": 42629,
                                                    "Actual Loops": 6,
                                                    "Output": [
                                                        "t.id",
                                                        "mc.movie_id"
                                                    ],
                                                    "Inner Unique": true,
                                                    "Hash Cond": "(mc.movie_id = t.id)",
                                                    "Workers": [
                                                        {
                                                            "Worker Number": 0,
                                                            "Actual Startup Time": 184.835,
                                                            "Actual Total Time": 303.61,
                                                            "Actual Rows": 45530,
                                                            "Actual Loops": 1
                                                        },
                                                        {
                                                            "Worker Number": 1,
                                                            "Actual Startup Time": 185.116,
                                                            "Actual Total Time": 304.556,
                                                            "Actual Rows": 27979,
                                                            "Actual Loops": 1
                                                        },
                                                        {
                                                            "Worker Number": 2,
                                                            "Actual Startup Time": 185.735,
                                                            "Actual Total Time": 304.854,
                                                            "Actual Rows": 44282,
                                                            "Actual Loops": 1
                                                        },
                                                        {
                                                            "Worker Number": 3,
                                                            "Actual Startup Time": 186.046,
                                                            "Actual Total Time": 304.943,
                                                            "Actual Rows": 45160,
                                                            "Actual Loops": 1
                                                        },
                                                        {
                                                            "Worker Number": 4,
                                                            "Actual Startup Time": 186.313,
                                                            "Actual Total Time": 305.252,
                                                            "Actual Rows": 45301,
                                                            "Actual Loops": 1
                                                        }
                                                    ],
                                                    "Plans": [
                                                        {
                                                            "Node Type": "Seq Scan",
                                                            "Parent Relationship": "Outer",
                                                            "Parallel Aware": true,
                                                            "Relation Name": "movie_companies",
                                                            "Schema": "public",
                                                            "Alias": "mc",
                                                            "Startup Cost": 0.0,
                                                            "Total Cost": 29310.68,
                                                            "Plan Rows": 515099,
                                                            "Plan Width": 4,
                                                            "Actual Startup Time": 1.765,
                                                            "Actual Total Time": 46.707,
                                                            "Actual Rows": 265852,
                                                            "Actual Loops": 6,
                                                            "Output": [
                                                                "mc.id",
                                                                "mc.movie_id",
                                                                "mc.company_id",
                                                                "mc.company_type_id",
                                                                "mc.note"
                                                            ],
                                                            "Filter": "(mc.company_id > 5181)",
                                                            "Rows Removed by Filter": 169003,
                                                            "Workers": [
                                                                {
                                                                    "Worker Number": 0,
                                                                    "Actual Startup Time": 1.777,
                                                                    "Actual Total Time": 48.014,
                                                                    "Actual Rows": 274577,
                                                                    "Actual Loops": 1
                                                                },
                                                                {
                                                                    "Worker Number": 1,
                                                                    "Actual Startup Time": 1.894,
                                                                    "Actual Total Time": 48.069,
                                                                    "Actual Rows": 171742,
                                                                    "Actual Loops": 1
                                                                },
                                                                {
                                                                    "Worker Number": 2,
                                                                    "Actual Startup Time": 1.717,
                                                                    "Actual Total Time": 47.2,
                                                                    "Actual Rows": 278350,
                                                                    "Actual Loops": 1
                                                                },
                                                                {
                                                                    "Worker Number": 3,
                                                                    "Actual Startup Time": 1.728,
                                                                    "Actual Total Time": 46.785,
                                                                    "Actual Rows": 279065,
                                                                    "Actual Loops": 1
                                                                },
                                                                {
                                                                    "Worker Number": 4,
                                                                    "Actual Startup Time": 1.758,
                                                                    "Actual Total Time": 46.776,
                                                                    "Actual Rows": 276820,
                                                                    "Actual Loops": 1
                                                                }
                                                            ]
                                                        },
                                                        {
                                                            "Node Type": "Hash",
                                                            "Parent Relationship": "Inner",
                                                            "Parallel Aware": true,
                                                            "Startup Cost": 43899.01,
                                                            "Total Cost": 43899.01,
                                                            "Plan Rows": 383209,
                                                            "Plan Width": 4,
                                                            "Actual Startup Time": 181.704,
                                                            "Actual Total Time": 181.705,
                                                            "Actual Rows": 257211,
                                                            "Actual Loops": 6,
                                                            "Output": [
                                                                "t.id"
                                                            ],
                                                            "Hash Buckets": 2097152,
                                                            "Original Hash Buckets": 2097152,
                                                            "Hash Batches": 1,
                                                            "Original Hash Batches": 1,
                                                            "Peak Memory Usage": 76832,
                                                            "Workers": [
                                                                {
                                                                    "Worker Number": 0,
                                                                    "Actual Startup Time": 182.667,
                                                                    "Actual Total Time": 182.668,
                                                                    "Actual Rows": 252890,
                                                                    "Actual Loops": 1
                                                                },
                                                                {
                                                                    "Worker Number": 1,
                                                                    "Actual Startup Time": 182.918,
                                                                    "Actual Total Time": 182.92,
                                                                    "Actual Rows": 162318,
                                                                    "Actual Loops": 1
                                                                },
                                                                {
                                                                    "Worker Number": 2,
                                                                    "Actual Startup Time": 183.731,
                                                                    "Actual Total Time": 183.732,
                                                                    "Actual Rows": 255742,
                                                                    "Actual Loops": 1
                                                                },
                                                                {
                                                                    "Worker Number": 3,
                                                                    "Actual Startup Time": 184.021,
                                                                    "Actual Total Time": 184.022,
                                                                    "Actual Rows": 252557,
                                                                    "Actual Loops": 1
                                                                },
                                                                {
                                                                    "Worker Number": 4,
                                                                    "Actual Startup Time": 184.203,
                                                                    "Actual Total Time": 184.203,
                                                                    "Actual Rows": 250114,
                                                                    "Actual Loops": 1
                                                                }
                                                            ],
                                                            "Plans": [
                                                                {
                                                                    "Node Type": "Seq Scan",
                                                                    "Parent Relationship": "Outer",
                                                                    "Parallel Aware": true,
                                                                    "Relation Name": "title",
                                                                    "Schema": "public",
                                                                    "Alias": "t",
                                                                    "Startup Cost": 0.0,
                                                                    "Total Cost": 43899.01,
                                                                    "Plan Rows": 383209,
                                                                    "Plan Width": 4,
                                                                    "Actual Startup Time": 0.05,
                                                                    "Actual Total Time": 74.665,
                                                                    "Actual Rows": 257211,
                                                                    "Actual Loops": 6,
                                                                    "Output": [
                                                                        "t.id"
                                                                    ],
                                                                    "Filter": "(t.kind_id = 7)",
                                                                    "Rows Removed by Filter": 164175,
                                                                    "Workers": [
                                                                        {
                                                                            "Worker Number": 0,
                                                                            "Actual Startup Time": 0.063,
                                                                            "Actual Total Time": 76.712,
                                                                            "Actual Rows": 252890,
                                                                            "Actual Loops": 1
                                                                        },
                                                                        {
                                                                            "Worker Number": 1,
                                                                            "Actual Startup Time": 0.048,
                                                                            "Actual Total Time": 75.417,
                                                                            "Actual Rows": 162318,
                                                                            "Actual Loops": 1
                                                                        },
                                                                        {
                                                                            "Worker Number": 2,
                                                                            "Actual Startup Time": 0.065,
                                                                            "Actual Total Time": 76.425,
                                                                            "Actual Rows": 255742,
                                                                            "Actual Loops": 1
                                                                        },
                                                                        {
                                                                            "Worker Number": 3,
                                                                            "Actual Startup Time": 0.069,
                                                                            "Actual Total Time": 75.805,
                                                                            "Actual Rows": 252557,
                                                                            "Actual Loops": 1
                                                                        },
                                                                        {
                                                                            "Worker Number": 4,
                                                                            "Actual Startup Time": 0.044,
                                                                            "Actual Total Time": 76.467,
                                                                            "Actual Rows": 250114,
                                                                            "Actual Loops": 1
                                                                        }
                                                                    ]
                                                                }
                                                            ]
                                                        }
                                                    ]
                                                }
                                            ]
                                        }
                                    ]
                                }
                            ]
                        }
                    ]
                }
            ]
        },
        "Planning Time": 175.772,
        "Triggers": [],
        "Execution Time": 984.846
    }
]