{
  "Plan": {
    "Node Type": "Aggregate",
    "Strategy": "Plain",
    "Partial Mode": "Simple",
    "Parallel Aware": false,
    "Startup Cost": 40394.96,
    "Total Cost": 40394.97,
    "Plan Rows": 1,
    "Plan Width": 8,
    "Actual Startup Time": 65.879,
    "Actual Total Time": 65.881,
    "Actual Rows": 1,
    "Actual Loops": 1,
    "Plans": [
      {
        "Node Type": "Nested Loop",
        "Parent Relationship": "Outer",
        "Parallel Aware": false,
        "Join Type": "Inner",
        "Startup Cost": 1617.56,
        "Total Cost": 40389.29,
        "Plan Rows": 2267,
        "Plan Width": 0,
        "Actual Startup Time": 22.348,
        "Actual Total Time": 65.822,
        "Actual Rows": 634,
        "Actual Loops": 1,
        "Inner Unique": false,
        "Join Filter": "(t.id = ci.movie_id)",
        "Rows Removed by Join Filter": 0,
        "Plans": [
          {
            "Node Type": "Nested Loop",
            "Parent Relationship": "Outer",
            "Parallel Aware": false,
            "Join Type": "Inner",
            "Startup Cost": 1617.0,
            "Total Cost": 40007.48,
            "Plan Rows": 188,
            "Plan Width": 8,
            "Actual Startup Time": 22.301,
            "Actual Total Time": 64.528,
            "Actual Rows": 100,
            "Actual Loops": 1,
            "Inner Unique": false,
            "Plans": [
              {
                "Node Type": "Bitmap Heap Scan",
                "Parent Relationship": "Outer",
                "Parallel Aware": false,
                "Relation Name": "title",
                "Alias": "t",
                "Startup Cost": 1616.56,
                "Total Cost": 38974.78,
                "Plan Rows": 105,
                "Plan Width": 4,
                "Actual Startup Time": 22.275,
                "Actual Total Time": 63.887,
                "Actual Rows": 86,
                "Actual Loops": 1,
                "Recheck Cond": "(kind_id = 2)",
                "Rows Removed by Index Recheck": 0,
                "Filter": "(production_year > 2013)",
                "Rows Removed by Filter": 90766,
                "Exact Heap Blocks": 23872,
                "Lossy Heap Blocks": 0,
                "Plans": [
                  {
                    "Node Type": "Bitmap Index Scan",
                    "Parent Relationship": "Outer",
                    "Parallel Aware": false,
                    "Index Name": "kind_id_title",
                    "Startup Cost": 0.0,
                    "Total Cost": 1616.54,
                    "Plan Rows": 90681,
                    "Plan Width": 0,
                    "Actual Startup Time": 14.51,
                    "Actual Total Time": 14.511,
                    "Actual Rows": 90852,
                    "Actual Loops": 1,
                    "Index Cond": "(kind_id = 2)"
                  }
                ]
              },
              {
                "Node Type": "Index Only Scan",
                "Parent Relationship": "Inner",
                "Parallel Aware": false,
                "Scan Direction": "Forward",
                "Index Name": "movie_id_movie_keyword",
                "Relation Name": "movie_keyword",
                "Alias": "mk",
                "Startup Cost": 0.43,
                "Total Cost": 9.39,
                "Plan Rows": 45,
                "Plan Width": 4,
                "Actual Startup Time": 0.006,
                "Actual Total Time": 0.007,
                "Actual Rows": 1,
                "Actual Loops": 86,
                "Index Cond": "(movie_id = t.id)",
                "Rows Removed by Index Recheck": 0,
                "Heap Fetches": 100
              }
            ]
          },
          {
            "Node Type": "Index Scan",
            "Parent Relationship": "Inner",
            "Parallel Aware": false,
            "Scan Direction": "Forward",
            "Index Name": "movie_id_cast_info",
            "Relation Name": "cast_info",
            "Alias": "ci",
            "Startup Cost": 0.56,
            "Total Cost": 1.64,
            "Plan Rows": 31,
            "Plan Width": 4,
            "Actual Startup Time": 0.005,
            "Actual Total Time": 0.012,
            "Actual Rows": 6,
            "Actual Loops": 100,
            "Index Cond": "(movie_id = mk.movie_id)",
            "Rows Removed by Index Recheck": 0,
            "Filter": "(role_id < 9)",
            "Rows Removed by Filter": 0
          }
        ]
      }
    ]
  },
  "Planning Time": 0.906,
  "Triggers": [],
  "Execution Time": 65.967
}