[
  {
    "Plan": {
      "Node Type": "Aggregate",
      "Strategy": "Plain",
      "Partial Mode": "Finalize",
      "Parallel Aware": false,
      "Startup Cost": 31161.9,
      "Total Cost": 31161.91,
      "Plan Rows": 1,
      "Plan Width": 8,
      "Actual Startup Time": 85.872,
      "Actual Total Time": 93.602,
      "Actual Rows": 1,
      "Actual Loops": 1,
      "Plans": [
        {
          "Node Type": "Gather",
          "Parent Relationship": "Outer",
          "Parallel Aware": false,
          "Startup Cost": 31161.58,
          "Total Cost": 31161.89,
          "Plan Rows": 3,
          "Plan Width": 8,
          "Actual Startup Time": 85.758,
          "Actual Total Time": 93.593,
          "Actual Rows": 4,
          "Actual Loops": 1,
          "Workers Planned": 3,
          "Workers Launched": 3,
          "Single Copy": false,
          "Plans": [
            {
              "Node Type": "Aggregate",
              "Strategy": "Plain",
              "Partial Mode": "Partial",
              "Parent Relationship": "Outer",
              "Parallel Aware": false,
              "Startup Cost": 30161.58,
              "Total Cost": 30161.59,
              "Plan Rows": 1,
              "Plan Width": 8,
              "Actual Startup Time": 81.666,
              "Actual Total Time": 81.667,
              "Actual Rows": 1,
              "Actual Loops": 4,
              "Plans": [
                {
                  "Node Type": "Seq Scan",
                  "Parent Relationship": "Outer",
                  "Parallel Aware": true,
                  "Relation Name": "movie_companies",
                  "Alias": "mc",
                  "Startup Cost": 0.0,
                  "Total Cost": 29310.68,
                  "Plan Rows": 340359,
                  "Plan Width": 0,
                  "Actual Startup Time": 0.033,
                  "Actual Total Time": 68.505,
                  "Actual Rows": 265725,
                  "Actual Loops": 4,
                  "Filter": "(company_id < 6404)",
                  "Rows Removed by Filter": 386558
                }
              ]
            }
          ]
        }
      ]
    },
    "Planning Time": 0.228,
    "Triggers": [],
    "Execution Time": 93.658
  }
]