[
  {
    "Plan": {
      "Node Type": "Aggregate",
      "Strategy": "Plain",
      "Partial Mode": "Finalize",
      "Parallel Aware": false,
      "Startup Cost": 31170.02,
      "Total Cost": 31170.03,
      "Plan Rows": 1,
      "Plan Width": 8,
      "Actual Startup Time": 98.761,
      "Actual Total Time": 106.87,
      "Actual Rows": 1,
      "Actual Loops": 1,
      "Plans": [
        {
          "Node Type": "Gather",
          "Parent Relationship": "Outer",
          "Parallel Aware": false,
          "Startup Cost": 31169.71,
          "Total Cost": 31170.02,
          "Plan Rows": 3,
          "Plan Width": 8,
          "Actual Startup Time": 98.635,
          "Actual Total Time": 106.861,
          "Actual Rows": 4,
          "Actual Loops": 1,
          "Workers Planned": 3,
          "Workers Launched": 3,
          "Single Copy": false,
          "Plans": [
            {
              "Node Type": "Aggregate",
              "Strategy": "Plain",
              "Partial Mode": "Partial",
              "Parent Relationship": "Outer",
              "Parallel Aware": false,
              "Startup Cost": 30169.71,
              "Total Cost": 30169.72,
              "Plan Rows": 1,
              "Plan Width": 8,
              "Actual Startup Time": 91.66,
              "Actual Total Time": 91.661,
              "Actual Rows": 1,
              "Actual Loops": 4,
              "Plans": [
                {
                  "Node Type": "Seq Scan",
                  "Parent Relationship": "Outer",
                  "Parallel Aware": true,
                  "Relation Name": "movie_companies",
                  "Alias": "mc",
                  "Startup Cost": 0.0,
                  "Total Cost": 29310.68,
                  "Plan Rows": 343610,
                  "Plan Width": 0,
                  "Actual Startup Time": 0.038,
                  "Actual Total Time": 75.864,
                  "Actual Rows": 265725,
                  "Actual Loops": 4,
                  "Filter": "(company_id < 6404)",
                  "Rows Removed by Filter": 386558
                }
              ]
            }
          ]
        }
      ]
    },
    "Planning Time": 0.192,
    "Triggers": [],
    "Execution Time": 106.924
  }
]