[
  {
    "Plan": {
      "Node Type": "Aggregate",
      "Strategy": "Plain",
      "Partial Mode": "Finalize",
      "Parallel Aware": false,
      "Startup Cost": 335552.24,
      "Total Cost": 335552.25,
      "Plan Rows": 1,
      "Plan Width": 8,
      "Actual Startup Time": 654.387,
      "Actual Total Time": 716.334,
      "Actual Rows": 1,
      "Actual Loops": 1,
      "Plans": [
        {
          "Node Type": "Gather",
          "Parent Relationship": "Outer",
          "Parallel Aware": false,
          "Startup Cost": 335551.61,
          "Total Cost": 335552.22,
          "Plan Rows": 6,
          "Plan Width": 8,
          "Actual Startup Time": 654.255,
          "Actual Total Time": 716.324,
          "Actual Rows": 7,
          "Actual Loops": 1,
          "Workers Planned": 6,
          "Workers Launched": 6,
          "Single Copy": false,
          "Plans": [
            {
              "Node Type": "Aggregate",
              "Strategy": "Plain",
              "Partial Mode": "Partial",
              "Parent Relationship": "Outer",
              "Parallel Aware": false,
              "Startup Cost": 334551.61,
              "Total Cost": 334551.62,
              "Plan Rows": 1,
              "Plan Width": 8,
              "Actual Startup Time": 643.887,
              "Actual Total Time": 643.888,
              "Actual Rows": 1,
              "Actual Loops": 7,
              "Plans": [
                {
                  "Node Type": "Seq Scan",
                  "Parent Relationship": "Outer",
                  "Parallel Aware": true,
                  "Relation Name": "cast_info",
                  "Alias": "ci",
                  "Startup Cost": 0.0,
                  "Total Cost": 328162.03,
                  "Plan Rows": 2555835,
                  "Plan Width": 0,
                  "Actual Startup Time": 0.058,
                  "Actual Total Time": 554.603,
                  "Actual Rows": 2185756,
                  "Actual Loops": 7,
                  "Filter": "(person_id < 1506959)",
                  "Rows Removed by Filter": 2992008
                }
              ]
            }
          ]
        }
      ]
    },
    "Planning Time": 0.156,
    "Triggers": [],
    "Execution Time": 716.396
  }
]