[
  {
    "Plan": {
      "Node Type": "Aggregate",
      "Strategy": "Plain",
      "Partial Mode": "Finalize",
      "Parallel Aware": false,
      "Startup Cost": 21941.65,
      "Total Cost": 21941.66,
      "Plan Rows": 1,
      "Plan Width": 8,
      "Actual Startup Time": 33.997,
      "Actual Total Time": 38.916,
      "Actual Rows": 1,
      "Actual Loops": 1,
      "Plans": [
        {
          "Node Type": "Gather",
          "Parent Relationship": "Outer",
          "Parallel Aware": false,
          "Startup Cost": 21941.53,
          "Total Cost": 21941.64,
          "Plan Rows": 1,
          "Plan Width": 8,
          "Actual Startup Time": 33.831,
          "Actual Total Time": 38.91,
          "Actual Rows": 2,
          "Actual Loops": 1,
          "Workers Planned": 1,
          "Workers Launched": 1,
          "Single Copy": false,
          "Plans": [
            {
              "Node Type": "Aggregate",
              "Strategy": "Plain",
              "Partial Mode": "Partial",
              "Parent Relationship": "Outer",
              "Parallel Aware": false,
              "Startup Cost": 20941.53,
              "Total Cost": 20941.54,
              "Plan Rows": 1,
              "Plan Width": 8,
              "Actual Startup Time": 27.48,
              "Actual Total Time": 27.482,
              "Actual Rows": 1,
              "Actual Loops": 2,
              "Plans": [
                {
                  "Node Type": "Nested Loop",
                  "Parent Relationship": "Outer",
                  "Parallel Aware": false,
                  "Join Type": "Inner",
                  "Startup Cost": 61.64,
                  "Total Cost": 20939.81,
                  "Plan Rows": 691,
                  "Plan Width": 0,
                  "Actual Startup Time": 1.253,
                  "Actual Total Time": 27.328,
                  "Actual Rows": 846,
                  "Actual Loops": 2,
                  "Inner Unique": false,
                  "Plans": [
                    {
                      "Node Type": "Nested Loop",
                      "Parent Relationship": "Outer",
                      "Parallel Aware": false,
                      "Join Type": "Inner",
                      "Startup Cost": 61.08,
                      "Total Cost": 19182.0,
                      "Plan Rows": 599,
                      "Plan Width": 8,
                      "Actual Startup Time": 0.956,
                      "Actual Total Time": 13.704,
                      "Actual Rows": 1434,
                      "Actual Loops": 2,
                      "Inner Unique": true,
                      "Plans": [
                        {
                          "Node Type": "Bitmap Heap Scan",
                          "Parent Relationship": "Outer",
                          "Parallel Aware": true,
                          "Relation Name": "movie_companies",
                          "Alias": "mc",
                          "Startup Cost": 60.65,
                          "Total Cost": 7202.03,
                          "Plan Rows": 1535,
                          "Plan Width": 4,
                          "Actual Startup Time": 0.82,
                          "Actual Total Time": 4.272,
                          "Actual Rows": 1434,
                          "Actual Loops": 2,
                          "Recheck Cond": "(company_id = 11339)",
                          "Rows Removed by Index Recheck": 0,
                          "Exact Heap Blocks": 1721,
                          "Lossy Heap Blocks": 0,
                          "Plans": [
                            {
                              "Node Type": "Bitmap Index Scan",
                              "Parent Relationship": "Outer",
                              "Parallel Aware": false,
                              "Index Name": "company_id_movie_companies",
                              "Startup Cost": 0.0,
                              "Total Cost": 60.0,
                              "Plan Rows": 2609,
                              "Plan Width": 0,
                              "Actual Startup Time": 1.127,
                              "Actual Total Time": 1.128,
                              "Actual Rows": 2869,
                              "Actual Loops": 1,
                              "Index Cond": "(company_id = 11339)"
                            }
                          ]
                        },
                        {
                          "Node Type": "Index Scan",
                          "Parent Relationship": "Inner",
                          "Parallel Aware": false,
                          "Scan Direction": "Forward",
                          "Index Name": "title_pkey",
                          "Relation Name": "title",
                          "Alias": "t",
                          "Startup Cost": 0.43,
                          "Total Cost": 7.8,
                          "Plan Rows": 1,
                          "Plan Width": 4,
                          "Actual Startup Time": 0.006,
                          "Actual Total Time": 0.006,
                          "Actual Rows": 1,
                          "Actual Loops": 2869,
                          "Index Cond": "(id = mc.movie_id)",
                          "Rows Removed by Index Recheck": 0,
                          "Filter": "(kind_id < 7)",
                          "Rows Removed by Filter": 0
                        }
                      ]
                    },
                    {
                      "Node Type": "Index Scan",
                      "Parent Relationship": "Inner",
                      "Parallel Aware": false,
                      "Scan Direction": "Forward",
                      "Index Name": "movie_id_cast_info",
                      "Relation Name": "cast_info",
                      "Alias": "ci",
                      "Startup Cost": 0.56,
                      "Total Cost": 2.9,
                      "Plan Rows": 3,
                      "Plan Width": 4,
                      "Actual Startup Time": 0.009,
                      "Actual Total Time": 0.009,
                      "Actual Rows": 1,
                      "Actual Loops": 2869,
                      "Index Cond": "(movie_id = t.id)",
                      "Rows Removed by Index Recheck": 0,
                      "Filter": "((person_id < 1368906) AND (role_id > 6))",
                      "Rows Removed by Filter": 2
                    }
                  ]
                }
              ]
            }
          ]
        }
      ]
    },
    "Planning Time": 0.693,
    "Triggers": [],
    "Execution Time": 38.973
  }
]