[
  {
    "Plan": {
      "Node Type": "Aggregate",
      "Strategy": "Plain",
      "Partial Mode": "Finalize",
      "Parallel Aware": false,
      "Startup Cost": 27515.34,
      "Total Cost": 27515.35,
      "Plan Rows": 1,
      "Plan Width": 8,
      "Actual Startup Time": 72.594,
      "Actual Total Time": 76.54,
      "Actual Rows": 1,
      "Actual Loops": 1,
      "Plans": [
        {
          "Node Type": "Gather",
          "Parent Relationship": "Outer",
          "Parallel Aware": false,
          "Startup Cost": 27515.02,
          "Total Cost": 27515.33,
          "Plan Rows": 3,
          "Plan Width": 8,
          "Actual Startup Time": 72.445,
          "Actual Total Time": 76.532,
          "Actual Rows": 4,
          "Actual Loops": 1,
          "Workers Planned": 3,
          "Workers Launched": 3,
          "Single Copy": false,
          "Plans": [
            {
              "Node Type": "Aggregate",
              "Strategy": "Plain",
              "Partial Mode": "Partial",
              "Parent Relationship": "Outer",
              "Parallel Aware": false,
              "Startup Cost": 26515.02,
              "Total Cost": 26515.03,
              "Plan Rows": 1,
              "Plan Width": 8,
              "Actual Startup Time": 65.02,
              "Actual Total Time": 65.024,
              "Actual Rows": 1,
              "Actual Loops": 4,
              "Plans": [
                {
                  "Node Type": "Bitmap Heap Scan",
                  "Parent Relationship": "Outer",
                  "Parallel Aware": true,
                  "Relation Name": "movie_companies",
                  "Alias": "mc",
                  "Startup Cost": 6314.93,
                  "Total Cost": 26280.0,
                  "Plan Rows": 94006,
                  "Plan Width": 0,
                  "Actual Startup Time": 26.938,
                  "Actual Total Time": 59.623,
                  "Actual Rows": 72156,
                  "Actual Loops": 4,
                  "Recheck Cond": "(company_id > 95052)",
                  "Rows Removed by Index Recheck": 0,
                  "Exact Heap Blocks": 2676,
                  "Lossy Heap Blocks": 0,
                  "Plans": [
                    {
                      "Node Type": "Bitmap Index Scan",
                      "Parent Relationship": "Outer",
                      "Parallel Aware": false,
                      "Index Name": "company_id_movie_companies",
                      "Startup Cost": 0.0,
                      "Total Cost": 6242.07,
                      "Plan Rows": 291419,
                      "Plan Width": 0,
                      "Actual Startup Time": 32.431,
                      "Actual Total Time": 32.431,
                      "Actual Rows": 288623,
                      "Actual Loops": 1,
                      "Index Cond": "(company_id > 95052)"
                    }
                  ]
                }
              ]
            }
          ]
        }
      ]
    },
    "Planning Time": 0.204,
    "Triggers": [],
    "Execution Time": 76.616
  }
]