[
  {
    "Plan": {
      "Node Type": "Aggregate",
      "Strategy": "Plain",
      "Partial Mode": "Finalize",
      "Parallel Aware": false,
      "Startup Cost": 443268.44,
      "Total Cost": 443268.45,
      "Plan Rows": 1,
      "Plan Width": 8,
      "Actual Startup Time": 2199.001,
      "Actual Total Time": 2281.026,
      "Actual Rows": 1,
      "Actual Loops": 1,
      "Plans": [
        {
          "Node Type": "Gather",
          "Parent Relationship": "Outer",
          "Parallel Aware": false,
          "Startup Cost": 443267.81,
          "Total Cost": 443268.42,
          "Plan Rows": 6,
          "Plan Width": 8,
          "Actual Startup Time": 2185.619,
          "Actual Total Time": 2281.012,
          "Actual Rows": 7,
          "Actual Loops": 1,
          "Workers Planned": 6,
          "Workers Launched": 6,
          "Single Copy": false,
          "Plans": [
            {
              "Node Type": "Aggregate",
              "Strategy": "Plain",
              "Partial Mode": "Partial",
              "Parent Relationship": "Outer",
              "Parallel Aware": false,
              "Startup Cost": 442267.81,
              "Total Cost": 442267.82,
              "Plan Rows": 1,
              "Plan Width": 8,
              "Actual Startup Time": 2177.035,
              "Actual Total Time": 2177.194,
              "Actual Rows": 1,
              "Actual Loops": 7,
              "Plans": [
                {
                  "Node Type": "Hash Join",
                  "Parent Relationship": "Outer",
                  "Parallel Aware": true,
                  "Join Type": "Inner",
                  "Startup Cost": 84072.73,
                  "Total Cost": 437431.0,
                  "Plan Rows": 1934727,
                  "Plan Width": 0,
                  "Actual Startup Time": 485.777,
                  "Actual Total Time": 2106.93,
                  "Actual Rows": 1228375,
                  "Actual Loops": 7,
                  "Inner Unique": false,
                  "Hash Cond": "(ci.movie_id = t.id)",
                  "Plans": [
                    {
                      "Node Type": "Seq Scan",
                      "Parent Relationship": "Outer",
                      "Parallel Aware": true,
                      "Relation Name": "cast_info",
                      "Alias": "ci",
                      "Startup Cost": 0.0,
                      "Total Cost": 328211.39,
                      "Plan Rows": 5041552,
                      "Plan Width": 4,
                      "Actual Startup Time": 79.347,
                      "Actual Total Time": 801.59,
                      "Actual Rows": 4292274,
                      "Actual Loops": 7,
                      "Filter": "(person_id > 597699)",
                      "Rows Removed by Filter": 885489
                    },
                    {
                      "Node Type": "Hash",
                      "Parent Relationship": "Inner",
                      "Parallel Aware": true,
                      "Startup Cost": 80160.25,
                      "Total Cost": 80160.25,
                      "Plan Rows": 312999,
                      "Plan Width": 8,
                      "Actual Startup Time": 404.208,
                      "Actual Total Time": 404.365,
                      "Actual Rows": 64487,
                      "Actual Loops": 7,
                      "Hash Buckets": 1048576,
                      "Original Hash Buckets": 1048576,
                      "Hash Batches": 1,
                      "Original Hash Batches": 1,
                      "Peak Memory Usage": 25952,
                      "Plans": [
                        {
                          "Node Type": "Hash Join",
                          "Parent Relationship": "Outer",
                          "Parallel Aware": true,
                          "Join Type": "Inner",
                          "Startup Cost": 49737.61,
                          "Total Cost": 80160.25,
                          "Plan Rows": 312999,
                          "Plan Width": 8,
                          "Actual Startup Time": 248.519,
                          "Actual Total Time": 368.615,
                          "Actual Rows": 64487,
                          "Actual Loops": 7,
                          "Inner Unique": true,
                          "Hash Cond": "(mc.movie_id = t.id)",
                          "Plans": [
                            {
                              "Node Type": "Seq Scan",
                              "Parent Relationship": "Outer",
                              "Parallel Aware": true,
                              "Relation Name": "movie_companies",
                              "Alias": "mc",
                              "Startup Cost": 0.0,
                              "Total Cost": 29310.68,
                              "Plan Rows": 423602,
                              "Plan Width": 4,
                              "Actual Startup Time": 7.971,
                              "Actual Total Time": 58.147,
                              "Actual Rows": 185842,
                              "Actual Loops": 7,
                              "Filter": "(company_id > 11331)",
                              "Rows Removed by Filter": 186890
                            },
                            {
                              "Node Type": "Hash",
                              "Parent Relationship": "Inner",
                              "Parallel Aware": true,
                              "Startup Cost": 43899.32,
                              "Total Cost": 43899.32,
                              "Plan Rows": 467063,
                              "Plan Width": 4,
                              "Actual Startup Time": 237.783,
                              "Actual Total Time": 237.784,
                              "Actual Rows": 266498,
                              "Actual Loops": 7,
                              "Hash Buckets": 2097152,
                              "Original Hash Buckets": 2097152,
                              "Hash Batches": 1,
                              "Original Hash Batches": 1,
                              "Peak Memory Usage": 89472,
                              "Plans": [
                                {
                                  "Node Type": "Seq Scan",
                                  "Parent Relationship": "Outer",
                                  "Parallel Aware": true,
                                  "Relation Name": "title",
                                  "Alias": "t",
                                  "Startup Cost": 0.0,
                                  "Total Cost": 43899.32,
                                  "Plan Rows": 467063,
                                  "Plan Width": 4,
                                  "Actual Startup Time": 0.051,
                                  "Actual Total Time": 94.482,
                                  "Actual Rows": 266498,
                                  "Actual Loops": 7,
                                  "Filter": "(kind_id > 1)",
                                  "Rows Removed by Filter": 94689
                                }
                              ]
                            }
                          ]
                        }
                      ]
                    }
                  ]
                }
              ]
            }
          ]
        }
      ]
    },
    "Planning Time": 0.629,
    "Triggers": [],
    "Execution Time": 2281.098
  }
]