{
    "Plan": {
        "Node Type": "Aggregate",
        "Strategy": "Plain",
        "Partial Mode": "Finalize",
        "Parallel Aware": false,
        "Startup Cost": 253926.17,
        "Total Cost": 253926.18,
        "Plan Rows": 1,
        "Plan Width": 8,
        "Actual Startup Time": 1295.894,
        "Actual Total Time": 1339.572,
        "Actual Rows": 1,
        "Actual Loops": 1,
        "Output": [
            "count(*)"
        ],
        "Plans": [
            {
                "Node Type": "Gather",
                "Parent Relationship": "Outer",
                "Parallel Aware": false,
                "Startup Cost": 253925.65,
                "Total Cost": 253926.16,
                "Plan Rows": 5,
                "Plan Width": 8,
                "Actual Startup Time": 1282.584,
                "Actual Total Time": 1339.545,
                "Actual Rows": 6,
                "Actual Loops": 1,
                "Output": [
                    "(PARTIAL count(*))"
                ],
                "Workers Planned": 5,
                "Workers Launched": 5,
                "Single Copy": false,
                "Plans": [
                    {
                        "Node Type": "Aggregate",
                        "Strategy": "Plain",
                        "Partial Mode": "Partial",
                        "Parent Relationship": "Outer",
                        "Parallel Aware": false,
                        "Startup Cost": 252925.65,
                        "Total Cost": 252925.66,
                        "Plan Rows": 1,
                        "Plan Width": 8,
                        "Actual Startup Time": 1268.247,
                        "Actual Total Time": 1268.251,
                        "Actual Rows": 1,
                        "Actual Loops": 6,
                        "Output": [
                            "PARTIAL count(*)"
                        ],
                        "Workers": [
                            {
                                "Worker Number": 0,
                                "Actual Startup Time": 1265.092,
                                "Actual Total Time": 1265.095,
                                "Actual Rows": 1,
                                "Actual Loops": 1
                            },
                            {
                                "Worker Number": 1,
                                "Actual Startup Time": 1265.109,
                                "Actual Total Time": 1265.112,
                                "Actual Rows": 1,
                                "Actual Loops": 1
                            },
                            {
                                "Worker Number": 2,
                                "Actual Startup Time": 1265.559,
                                "Actual Total Time": 1265.561,
                                "Actual Rows": 1,
                                "Actual Loops": 1
                            },
                            {
                                "Worker Number": 3,
                                "Actual Startup Time": 1266.516,
                                "Actual Total Time": 1266.52,
                                "Actual Rows": 1,
                                "Actual Loops": 1
                            },
                            {
                                "Worker Number": 4,
                                "Actual Startup Time": 1265.472,
                                "Actual Total Time": 1265.475,
                                "Actual Rows": 1,
                                "Actual Loops": 1
                            }
                        ],
                        "Plans": [
                            {
                                "Node Type": "Hash Join",
                                "Parent Relationship": "Outer",
                                "Parallel Aware": true,
                                "Join Type": "Inner",
                                "Startup Cost": 49718.03,
                                "Total Cost": 248967.66,
                                "Plan Rows": 1583197,
                                "Plan Width": 0,
                                "Actual Startup Time": 210.977,
                                "Actual Total Time": 1228.803,
                                "Actual Rows": 728697,
                                "Actual Loops": 6,
                                "Inner Unique": true,
                                "Hash Cond": "(mi.movie_id = t.id)",
                                "Workers": [
                                    {
                                        "Worker Number": 0,
                                        "Actual Startup Time": 207.979,
                                        "Actual Total Time": 1232.643,
                                        "Actual Rows": 738138,
                                        "Actual Loops": 1
                                    },
                                    {
                                        "Worker Number": 1,
                                        "Actual Startup Time": 207.983,
                                        "Actual Total Time": 1222.974,
                                        "Actual Rows": 616872,
                                        "Actual Loops": 1
                                    },
                                    {
                                        "Worker Number": 2,
                                        "Actual Startup Time": 208.445,
                                        "Actual Total Time": 1229.052,
                                        "Actual Rows": 873951,
                                        "Actual Loops": 1
                                    },
                                    {
                                        "Worker Number": 3,
                                        "Actual Startup Time": 208.337,
                                        "Actual Total Time": 1228.386,
                                        "Actual Rows": 552250,
                                        "Actual Loops": 1
                                    },
                                    {
                                        "Worker Number": 4,
                                        "Actual Startup Time": 208.501,
                                        "Actual Total Time": 1228.395,
                                        "Actual Rows": 888596,
                                        "Actual Loops": 1
                                    }
                                ],
                                "Plans": [
                                    {
                                        "Node Type": "Seq Scan",
                                        "Parent Relationship": "Outer",
                                        "Parallel Aware": true,
                                        "Relation Name": "movie_info",
                                        "Schema": "public",
                                        "Alias": "mi",
                                        "Startup Cost": 0.0,
                                        "Total Cost": 191503.19,
                                        "Plan Rows": 2951019,
                                        "Plan Width": 4,
                                        "Actual Startup Time": 0.032,
                                        "Actual Total Time": 324.113,
                                        "Actual Rows": 2472620,
                                        "Actual Loops": 6,
                                        "Output": [
                                            "mi.id",
                                            "mi.movie_id",
                                            "mi.info_type_id",
                                            "mi.info",
                                            "mi.note"
                                        ],
                                        "Workers": [
                                            {
                                                "Worker Number": 0,
                                                "Actual Startup Time": 0.036,
                                                "Actual Total Time": 322.009,
                                                "Actual Rows": 2503705,
                                                "Actual Loops": 1
                                            },
                                            {
                                                "Worker Number": 1,
                                                "Actual Startup Time": 0.035,
                                                "Actual Total Time": 353.388,
                                                "Actual Rows": 2073193,
                                                "Actual Loops": 1
                                            },
                                            {
                                                "Worker Number": 2,
                                                "Actual Startup Time": 0.033,
                                                "Actual Total Time": 323.54,
                                                "Actual Rows": 2957322,
                                                "Actual Loops": 1
                                            },
                                            {
                                                "Worker Number": 3,
                                                "Actual Startup Time": 0.047,
                                                "Actual Total Time": 345.918,
                                                "Actual Rows": 1854066,
                                                "Actual Loops": 1
                                            },
                                            {
                                                "Worker Number": 4,
                                                "Actual Startup Time": 0.033,
                                                "Actual Total Time": 325.568,
                                                "Actual Rows": 2989878,
                                                "Actual Loops": 1
                                            }
                                        ]
                                    },
                                    {
                                        "Node Type": "Hash",
                                        "Parent Relationship": "Inner",
                                        "Parallel Aware": true,
                                        "Startup Cost": 45479.21,
                                        "Total Cost": 45479.21,
                                        "Plan Rows": 339106,
                                        "Plan Width": 4,
                                        "Actual Startup Time": 205.358,
                                        "Actual Total Time": 205.359,
                                        "Actual Rows": 222933,
                                        "Actual Loops": 6,
                                        "Output": [
                                            "t.id"
                                        ],
                                        "Hash Buckets": 2097152,
                                        "Original Hash Buckets": 2097152,
                                        "Hash Batches": 1,
                                        "Original Hash Batches": 1,
                                        "Peak Memory Usage": 68800,
                                        "Workers": [
                                            {
                                                "Worker Number": 0,
                                                "Actual Startup Time": 207.256,
                                                "Actual Total Time": 207.257,
                                                "Actual Rows": 219851,
                                                "Actual Loops": 1
                                            },
                                            {
                                                "Worker Number": 1,
                                                "Actual Startup Time": 207.33,
                                                "Actual Total Time": 207.331,
                                                "Actual Rows": 186356,
                                                "Actual Loops": 1
                                            },
                                            {
                                                "Worker Number": 2,
                                                "Actual Startup Time": 207.797,
                                                "Actual Total Time": 207.797,
                                                "Actual Rows": 251816,
                                                "Actual Loops": 1
                                            },
                                            {
                                                "Worker Number": 3,
                                                "Actual Startup Time": 207.475,
                                                "Actual Total Time": 207.476,
                                                "Actual Rows": 168521,
                                                "Actual Loops": 1
                                            },
                                            {
                                                "Worker Number": 4,
                                                "Actual Startup Time": 207.727,
                                                "Actual Total Time": 207.728,
                                                "Actual Rows": 249994,
                                                "Actual Loops": 1
                                            }
                                        ],
                                        "Plans": [
                                            {
                                                "Node Type": "Seq Scan",
                                                "Parent Relationship": "Outer",
                                                "Parallel Aware": true,
                                                "Relation Name": "title",
                                                "Schema": "public",
                                                "Alias": "t",
                                                "Startup Cost": 0.0,
                                                "Total Cost": 45479.21,
                                                "Plan Rows": 339106,
                                                "Plan Width": 4,
                                                "Actual Startup Time": 0.066,
                                                "Actual Total Time": 92.431,
                                                "Actual Rows": 222933,
                                                "Actual Loops": 6,
                                                "Output": [
                                                    "t.id"
                                                ],
                                                "Filter": "((t.kind_id > 3) AND (t.production_year < 2011))",
                                                "Rows Removed by Filter": 198452,
                                                "Workers": [
                                                    {
                                                        "Worker Number": 0,
                                                        "Actual Startup Time": 0.067,
                                                        "Actual Total Time": 91.924,
                                                        "Actual Rows": 219851,
                                                        "Actual Loops": 1
                                                    },
                                                    {
                                                        "Worker Number": 1,
                                                        "Actual Startup Time": 0.086,
                                                        "Actual Total Time": 96.793,
                                                        "Actual Rows": 186356,
                                                        "Actual Loops": 1
                                                    },
                                                    {
                                                        "Worker Number": 2,
                                                        "Actual Startup Time": 0.087,
                                                        "Actual Total Time": 93.172,
                                                        "Actual Rows": 251816,
                                                        "Actual Loops": 1
                                                    },
                                                    {
                                                        "Worker Number": 3,
                                                        "Actual Startup Time": 0.068,
                                                        "Actual Total Time": 94.147,
                                                        "Actual Rows": 168521,
                                                        "Actual Loops": 1
                                                    },
                                                    {
                                                        "Worker Number": 4,
                                                        "Actual Startup Time": 0.075,
                                                        "Actual Total Time": 94.059,
                                                        "Actual Rows": 249994,
                                                        "Actual Loops": 1
                                                    }
                                                ]
                                            }
                                        ]
                                    }
                                ]
                            }
                        ]
                    }
                ]
            }
        ]
    },
    "Planning Time": 0.739,
    "Triggers": [],
    "Execution Time": 1339.651
}