[
  {
    "Plan": {
      "Node Type": "Aggregate",
      "Strategy": "Plain",
      "Partial Mode": "Finalize",
      "Parallel Aware": false,
      "Startup Cost": 238782.47,
      "Total Cost": 238782.48,
      "Plan Rows": 1,
      "Plan Width": 8,
      "Actual Startup Time": 604.471,
      "Actual Total Time": 625.002,
      "Actual Rows": 1,
      "Actual Loops": 1,
      "Plans": [
        {
          "Node Type": "Gather",
          "Parent Relationship": "Outer",
          "Parallel Aware": false,
          "Startup Cost": 238781.95,
          "Total Cost": 238782.46,
          "Plan Rows": 5,
          "Plan Width": 8,
          "Actual Startup Time": 603.15,
          "Actual Total Time": 624.995,
          "Actual Rows": 6,
          "Actual Loops": 1,
          "Workers Planned": 5,
          "Workers Launched": 5,
          "Single Copy": false,
          "Plans": [
            {
              "Node Type": "Aggregate",
              "Strategy": "Plain",
              "Partial Mode": "Partial",
              "Parent Relationship": "Outer",
              "Parallel Aware": false,
              "Startup Cost": 237781.95,
              "Total Cost": 237781.96,
              "Plan Rows": 1,
              "Plan Width": 8,
              "Actual Startup Time": 596.478,
              "Actual Total Time": 596.481,
              "Actual Rows": 1,
              "Actual Loops": 6,
              "Plans": [
                {
                  "Node Type": "Hash Join",
                  "Parent Relationship": "Outer",
                  "Parallel Aware": true,
                  "Join Type": "Inner",
                  "Startup Cost": 38289.74,
                  "Total Cost": 237539.36,
                  "Plan Rows": 97034,
                  "Plan Width": 0,
                  "Actual Startup Time": 45.6,
                  "Actual Total Time": 590.206,
                  "Actual Rows": 125656,
                  "Actual Loops": 6,
                  "Inner Unique": true,
                  "Hash Cond": "(mi.movie_id = t.id)",
                  "Plans": [
                    {
                      "Node Type": "Seq Scan",
                      "Parent Relationship": "Outer",
                      "Parallel Aware": true,
                      "Relation Name": "movie_info",
                      "Alias": "mi",
                      "Startup Cost": 0.0,
                      "Total Cost": 191503.19,
                      "Plan Rows": 2951019,
                      "Plan Width": 4,
                      "Actual Startup Time": 0.018,
                      "Actual Total Time": 269.714,
                      "Actual Rows": 2472620,
                      "Actual Loops": 6
                    },
                    {
                      "Node Type": "Hash",
                      "Parent Relationship": "Inner",
                      "Parallel Aware": true,
                      "Startup Cost": 38029.94,
                      "Total Cost": 38029.94,
                      "Plan Rows": 20784,
                      "Plan Width": 4,
                      "Actual Startup Time": 44.712,
                      "Actual Total Time": 44.713,
                      "Actual Rows": 14853,
                      "Actual Loops": 6,
                      "Hash Buckets": 131072,
                      "Original Hash Buckets": 131072,
                      "Hash Batches": 1,
                      "Original Hash Batches": 1,
                      "Peak Memory Usage": 4640,
                      "Plans": [
                        {
                          "Node Type": "Bitmap Heap Scan",
                          "Parent Relationship": "Outer",
                          "Parallel Aware": true,
                          "Relation Name": "title",
                          "Alias": "t",
                          "Startup Cost": 1683.03,
                          "Total Cost": 38029.94,
                          "Plan Rows": 20784,
                          "Plan Width": 4,
                          "Actual Startup Time": 3.827,
                          "Actual Total Time": 39.203,
                          "Actual Rows": 14853,
                          "Actual Loops": 6,
                          "Recheck Cond": "(kind_id = 2)",
                          "Rows Removed by Index Recheck": 0,
                          "Filter": "(production_year > 1954)",
                          "Rows Removed by Filter": 289,
                          "Exact Heap Blocks": 9846,
                          "Lossy Heap Blocks": 0,
                          "Plans": [
                            {
                              "Node Type": "Bitmap Index Scan",
                              "Parent Relationship": "Outer",
                              "Parallel Aware": false,
                              "Index Name": "kind_id_title",
                              "Startup Cost": 0.0,
                              "Total Cost": 1662.25,
                              "Plan Rows": 93042,
                              "Plan Width": 0,
                              "Actual Startup Time": 5.799,
                              "Actual Total Time": 5.8,
                              "Actual Rows": 90852,
                              "Actual Loops": 1,
                              "Index Cond": "(kind_id = 2)"
                            }
                          ]
                        }
                      ]
                    }
                  ]
                }
              ]
            }
          ]
        }
      ]
    },
    "Planning Time": 0.186,
    "Triggers": [],
    "Execution Time": 625.041
  }
]