[
  {
    "Plan": {
      "Node Type": "Aggregate",
      "Strategy": "Plain",
      "Partial Mode": "Finalize",
      "Parallel Aware": false,
      "Startup Cost": 341991.26,
      "Total Cost": 341991.27,
      "Plan Rows": 1,
      "Plan Width": 8,
      "Actual Startup Time": 886.944,
      "Actual Total Time": 944.764,
      "Actual Rows": 1,
      "Actual Loops": 1,
      "Plans": [
        {
          "Node Type": "Gather",
          "Parent Relationship": "Outer",
          "Parallel Aware": false,
          "Startup Cost": 341990.63,
          "Total Cost": 341991.24,
          "Plan Rows": 6,
          "Plan Width": 8,
          "Actual Startup Time": 886.82,
          "Actual Total Time": 944.752,
          "Actual Rows": 7,
          "Actual Loops": 1,
          "Workers Planned": 6,
          "Workers Launched": 6,
          "Single Copy": false,
          "Plans": [
            {
              "Node Type": "Aggregate",
              "Strategy": "Plain",
              "Partial Mode": "Partial",
              "Parent Relationship": "Outer",
              "Parallel Aware": false,
              "Startup Cost": 340990.63,
              "Total Cost": 340990.64,
              "Plan Rows": 1,
              "Plan Width": 8,
              "Actual Startup Time": 878.145,
              "Actual Total Time": 878.146,
              "Actual Rows": 1,
              "Actual Loops": 7,
              "Plans": [
                {
                  "Node Type": "Seq Scan",
                  "Parent Relationship": "Outer",
                  "Parallel Aware": true,
                  "Relation Name": "cast_info",
                  "Alias": "ci",
                  "Startup Cost": 0.0,
                  "Total Cost": 328162.03,
                  "Plan Rows": 5131443,
                  "Plan Width": 0,
                  "Actual Startup Time": 0.05,
                  "Actual Total Time": 671.175,
                  "Actual Rows": 4421447,
                  "Actual Loops": 7,
                  "Filter": "(person_id < 3131748)",
                  "Rows Removed by Filter": 756317
                }
              ]
            }
          ]
        }
      ]
    },
    "Planning Time": 0.168,
    "Triggers": [],
    "Execution Time": 944.829
  }
]