{
    "Plan": {
        "Node Type": "Aggregate",
        "Strategy": "Plain",
        "Partial Mode": "Finalize",
        "Parallel Aware": false,
        "Startup Cost": 125453.4,
        "Total Cost": 125453.41,
        "Plan Rows": 1,
        "Plan Width": 8,
        "Actual Startup Time": 1297.64,
        "Actual Total Time": 1378.875,
        "Actual Rows": 1,
        "Actual Loops": 1,
        "Output": [
            "count(*)"
        ],
        "Plans": [
            {
                "Node Type": "Gather",
                "Parent Relationship": "Outer",
                "Parallel Aware": false,
                "Startup Cost": 125453.18,
                "Total Cost": 125453.39,
                "Plan Rows": 2,
                "Plan Width": 8,
                "Actual Startup Time": 1296.886,
                "Actual Total Time": 1378.865,
                "Actual Rows": 3,
                "Actual Loops": 1,
                "Output": [
                    "(PARTIAL count(*))"
                ],
                "Workers Planned": 2,
                "Workers Launched": 2,
                "Single Copy": false,
                "Plans": [
                    {
                        "Node Type": "Aggregate",
                        "Strategy": "Plain",
                        "Partial Mode": "Partial",
                        "Parent Relationship": "Outer",
                        "Parallel Aware": false,
                        "Startup Cost": 124453.18,
                        "Total Cost": 124453.19,
                        "Plan Rows": 1,
                        "Plan Width": 8,
                        "Actual Startup Time": 1288.867,
                        "Actual Total Time": 1288.871,
                        "Actual Rows": 1,
                        "Actual Loops": 3,
                        "Output": [
                            "PARTIAL count(*)"
                        ],
                        "Workers": [
                            {
                                "Worker Number": 0,
                                "Actual Startup Time": 1284.878,
                                "Actual Total Time": 1284.882,
                                "Actual Rows": 1,
                                "Actual Loops": 1
                            },
                            {
                                "Worker Number": 1,
                                "Actual Startup Time": 1285.51,
                                "Actual Total Time": 1285.513,
                                "Actual Rows": 1,
                                "Actual Loops": 1
                            }
                        ],
                        "Plans": [
                            {
                                "Node Type": "Nested Loop",
                                "Parent Relationship": "Outer",
                                "Parallel Aware": false,
                                "Join Type": "Inner",
                                "Startup Cost": 44214.56,
                                "Total Cost": 123813.12,
                                "Plan Rows": 256025,
                                "Plan Width": 0,
                                "Actual Startup Time": 157.083,
                                "Actual Total Time": 1243.59,
                                "Actual Rows": 879532,
                                "Actual Loops": 3,
                                "Inner Unique": false,
                                "Join Filter": "(t.id = ci.movie_id)",
                                "Rows Removed by Join Filter": 0,
                                "Workers": [
                                    {
                                        "Worker Number": 0,
                                        "Actual Startup Time": 153.211,
                                        "Actual Total Time": 1238.85,
                                        "Actual Rows": 601686,
                                        "Actual Loops": 1
                                    },
                                    {
                                        "Worker Number": 1,
                                        "Actual Startup Time": 153.645,
                                        "Actual Total Time": 1243.594,
                                        "Actual Rows": 907402,
                                        "Actual Loops": 1
                                    }
                                ],
                                "Plans": [
                                    {
                                        "Node Type": "Hash Join",
                                        "Parent Relationship": "Outer",
                                        "Parallel Aware": true,
                                        "Join Type": "Inner",
                                        "Startup Cost": 44213.99,
                                        "Total Cost": 59408.55,
                                        "Plan Rows": 22924,
                                        "Plan Width": 8,
                                        "Actual Startup Time": 156.905,
                                        "Actual Total Time": 231.139,
                                        "Actual Rows": 37049,
                                        "Actual Loops": 3,
                                        "Output": [
                                            "t.id",
                                            "mi_idx.movie_id"
                                        ],
                                        "Inner Unique": true,
                                        "Hash Cond": "(mi_idx.movie_id = t.id)",
                                        "Workers": [
                                            {
                                                "Worker Number": 0,
                                                "Actual Startup Time": 153.016,
                                                "Actual Total Time": 220.49,
                                                "Actual Rows": 25510,
                                                "Actual Loops": 1
                                            },
                                            {
                                                "Worker Number": 1,
                                                "Actual Startup Time": 153.366,
                                                "Actual Total Time": 224.876,
                                                "Actual Rows": 37924,
                                                "Actual Loops": 1
                                            }
                                        ],
                                        "Plans": [
                                            {
                                                "Node Type": "Seq Scan",
                                                "Parent Relationship": "Outer",
                                                "Parallel Aware": true,
                                                "Relation Name": "movie_info_idx",
                                                "Schema": "public",
                                                "Alias": "mi_idx",
                                                "Startup Cost": 0.0,
                                                "Total Cost": 13685.15,
                                                "Plan Rows": 575015,
                                                "Plan Width": 4,
                                                "Actual Startup Time": 0.009,
                                                "Actual Total Time": 37.733,
                                                "Actual Rows": 460012,
                                                "Actual Loops": 3,
                                                "Output": [
                                                    "mi_idx.id",
                                                    "mi_idx.movie_id",
                                                    "mi_idx.info_type_id",
                                                    "mi_idx.info",
                                                    "mi_idx.note"
                                                ],
                                                "Workers": [
                                                    {
                                                        "Worker Number": 0,
                                                        "Actual Startup Time": 0.01,
                                                        "Actual Total Time": 37.289,
                                                        "Actual Rows": 312025,
                                                        "Actual Loops": 1
                                                    },
                                                    {
                                                        "Worker Number": 1,
                                                        "Actual Startup Time": 0.008,
                                                        "Actual Total Time": 37.03,
                                                        "Actual Rows": 483527,
                                                        "Actual Loops": 1
                                                    }
                                                ]
                                            },
                                            {
                                                "Node Type": "Hash",
                                                "Parent Relationship": "Inner",
                                                "Parallel Aware": true,
                                                "Startup Cost": 43899.01,
                                                "Total Cost": 43899.01,
                                                "Plan Rows": 25199,
                                                "Plan Width": 4,
                                                "Actual Startup Time": 122.191,
                                                "Actual Total Time": 122.191,
                                                "Actual Rows": 33512,
                                                "Actual Loops": 3,
                                                "Output": [
                                                    "t.id"
                                                ],
                                                "Hash Buckets": 131072,
                                                "Original Hash Buckets": 131072,
                                                "Hash Batches": 1,
                                                "Original Hash Batches": 1,
                                                "Peak Memory Usage": 5024,
                                                "Workers": [
                                                    {
                                                        "Worker Number": 0,
                                                        "Actual Startup Time": 119.748,
                                                        "Actual Total Time": 119.749,
                                                        "Actual Rows": 23522,
                                                        "Actual Loops": 1
                                                    },
                                                    {
                                                        "Worker Number": 1,
                                                        "Actual Startup Time": 120.096,
                                                        "Actual Total Time": 120.097,
                                                        "Actual Rows": 34451,
                                                        "Actual Loops": 1
                                                    }
                                                ],
                                                "Plans": [
                                                    {
                                                        "Node Type": "Seq Scan",
                                                        "Parent Relationship": "Outer",
                                                        "Parallel Aware": true,
                                                        "Relation Name": "title",
                                                        "Schema": "public",
                                                        "Alias": "t",
                                                        "Startup Cost": 0.0,
                                                        "Total Cost": 43899.01,
                                                        "Plan Rows": 25199,
                                                        "Plan Width": 4,
                                                        "Actual Startup Time": 69.651,
                                                        "Actual Total Time": 113.528,
                                                        "Actual Rows": 33512,
                                                        "Actual Loops": 3,
                                                        "Output": [
                                                            "t.id"
                                                        ],
                                                        "Filter": "(t.kind_id = 3)",
                                                        "Rows Removed by Filter": 809258,
                                                        "Workers": [
                                                            {
                                                                "Worker Number": 0,
                                                                "Actual Startup Time": 67.482,
                                                                "Actual Total Time": 111.683,
                                                                "Actual Rows": 23522,
                                                                "Actual Loops": 1
                                                            },
                                                            {
                                                                "Worker Number": 1,
                                                                "Actual Startup Time": 67.51,
                                                                "Actual Total Time": 111.374,
                                                                "Actual Rows": 34451,
                                                                "Actual Loops": 1
                                                            }
                                                        ]
                                                    }
                                                ]
                                            }
                                        ]
                                    },
                                    {
                                        "Node Type": "Index Scan",
                                        "Parent Relationship": "Inner",
                                        "Parallel Aware": false,
                                        "Scan Direction": "Forward",
                                        "Index Name": "movie_id_cast_info",
                                        "Relation Name": "cast_info",
                                        "Schema": "public",
                                        "Alias": "ci",
                                        "Startup Cost": 0.56,
                                        "Total Cost": 2.43,
                                        "Plan Rows": 30,
                                        "Plan Width": 4,
                                        "Actual Startup Time": 0.007,
                                        "Actual Total Time": 0.025,
                                        "Actual Rows": 24,
                                        "Actual Loops": 111147,
                                        "Output": [
                                            "ci.id",
                                            "ci.person_id",
                                            "ci.movie_id",
                                            "ci.person_role_id",
                                            "ci.note",
                                            "ci.nr_order",
                                            "ci.role_id"
                                        ],
                                        "Index Cond": "(ci.movie_id = mi_idx.movie_id)",
                                        "Rows Removed by Index Recheck": 0,
                                        "Filter": "(ci.person_id > 802072)",
                                        "Rows Removed by Filter": 8,
                                        "Workers": [
                                            {
                                                "Worker Number": 0,
                                                "Actual Startup Time": 0.011,
                                                "Actual Total Time": 0.036,
                                                "Actual Rows": 24,
                                                "Actual Loops": 25510
                                            },
                                            {
                                                "Worker Number": 1,
                                                "Actual Startup Time": 0.007,
                                                "Actual Total Time": 0.024,
                                                "Actual Rows": 24,
                                                "Actual Loops": 37924
                                            }
                                        ]
                                    }
                                ]
                            }
                        ]
                    }
                ]
            }
        ]
    },
    "Planning Time": 1.49,
    "Triggers": [],
    "Execution Time": 1378.985
}