{
    "Plan": {
        "Node Type": "Aggregate",
        "Strategy": "Plain",
        "Partial Mode": "Finalize",
        "Parallel Aware": false,
        "Startup Cost": 113938.44,
        "Total Cost": 113938.45,
        "Plan Rows": 1,
        "Plan Width": 8,
        "Actual Startup Time": 668.566,
        "Actual Total Time": 691.707,
        "Actual Rows": 1,
        "Actual Loops": 1,
        "Output": [
            "count(*)"
        ],
        "Plans": [
            {
                "Node Type": "Gather",
                "Parent Relationship": "Outer",
                "Parallel Aware": false,
                "Startup Cost": 113938.13,
                "Total Cost": 113938.44,
                "Plan Rows": 3,
                "Plan Width": 8,
                "Actual Startup Time": 664.182,
                "Actual Total Time": 691.694,
                "Actual Rows": 4,
                "Actual Loops": 1,
                "Output": [
                    "(PARTIAL count(*))"
                ],
                "Workers Planned": 3,
                "Workers Launched": 3,
                "Single Copy": false,
                "Plans": [
                    {
                        "Node Type": "Aggregate",
                        "Strategy": "Plain",
                        "Partial Mode": "Partial",
                        "Parent Relationship": "Outer",
                        "Parallel Aware": false,
                        "Startup Cost": 112938.13,
                        "Total Cost": 112938.14,
                        "Plan Rows": 1,
                        "Plan Width": 8,
                        "Actual Startup Time": 655.403,
                        "Actual Total Time": 655.712,
                        "Actual Rows": 1,
                        "Actual Loops": 4,
                        "Output": [
                            "PARTIAL count(*)"
                        ],
                        "Workers": [
                            {
                                "Worker Number": 0,
                                "Actual Startup Time": 652.245,
                                "Actual Total Time": 652.258,
                                "Actual Rows": 1,
                                "Actual Loops": 1
                            },
                            {
                                "Worker Number": 1,
                                "Actual Startup Time": 652.527,
                                "Actual Total Time": 652.532,
                                "Actual Rows": 1,
                                "Actual Loops": 1
                            },
                            {
                                "Worker Number": 2,
                                "Actual Startup Time": 653.519,
                                "Actual Total Time": 653.523,
                                "Actual Rows": 1,
                                "Actual Loops": 1
                            }
                        ],
                        "Plans": [
                            {
                                "Node Type": "Hash Join",
                                "Parent Relationship": "Outer",
                                "Parallel Aware": true,
                                "Join Type": "Inner",
                                "Startup Cost": 68448.64,
                                "Total Cost": 112644.85,
                                "Plan Rows": 117309,
                                "Plan Width": 0,
                                "Actual Startup Time": 463.679,
                                "Actual Total Time": 640.559,
                                "Actual Rows": 359671,
                                "Actual Loops": 4,
                                "Inner Unique": false,
                                "Hash Cond": "(mk.movie_id = t.id)",
                                "Workers": [
                                    {
                                        "Worker Number": 0,
                                        "Actual Startup Time": 460.764,
                                        "Actual Total Time": 637.35,
                                        "Actual Rows": 342960,
                                        "Actual Loops": 1
                                    },
                                    {
                                        "Worker Number": 1,
                                        "Actual Startup Time": 460.973,
                                        "Actual Total Time": 637.426,
                                        "Actual Rows": 349780,
                                        "Actual Loops": 1
                                    },
                                    {
                                        "Worker Number": 2,
                                        "Actual Startup Time": 461.19,
                                        "Actual Total Time": 638.489,
                                        "Actual Rows": 347588,
                                        "Actual Loops": 1
                                    }
                                ],
                                "Plans": [
                                    {
                                        "Node Type": "Seq Scan",
                                        "Parent Relationship": "Outer",
                                        "Parallel Aware": true,
                                        "Relation Name": "movie_keyword",
                                        "Schema": "public",
                                        "Alias": "mk",
                                        "Startup Cost": 0.0,
                                        "Total Cost": 42695.65,
                                        "Plan Rows": 321945,
                                        "Plan Width": 4,
                                        "Actual Startup Time": 0.018,
                                        "Actual Total Time": 102.216,
                                        "Actual Rows": 250802,
                                        "Actual Loops": 4,
                                        "Output": [
                                            "mk.id",
                                            "mk.movie_id",
                                            "mk.keyword_id"
                                        ],
                                        "Filter": "(mk.keyword_id < 958)",
                                        "Rows Removed by Filter": 880181,
                                        "Workers": [
                                            {
                                                "Worker Number": 0,
                                                "Actual Startup Time": 0.021,
                                                "Actual Total Time": 105.502,
                                                "Actual Rows": 239278,
                                                "Actual Loops": 1
                                            },
                                            {
                                                "Worker Number": 1,
                                                "Actual Startup Time": 0.014,
                                                "Actual Total Time": 105.495,
                                                "Actual Rows": 244684,
                                                "Actual Loops": 1
                                            },
                                            {
                                                "Worker Number": 2,
                                                "Actual Startup Time": 0.024,
                                                "Actual Total Time": 105.322,
                                                "Actual Rows": 241769,
                                                "Actual Loops": 1
                                            }
                                        ]
                                    },
                                    {
                                        "Node Type": "Hash",
                                        "Parent Relationship": "Inner",
                                        "Parallel Aware": true,
                                        "Startup Cost": 65569.69,
                                        "Total Cost": 65569.69,
                                        "Plan Rows": 230316,
                                        "Plan Width": 8,
                                        "Actual Startup Time": 458.542,
                                        "Actual Total Time": 458.849,
                                        "Actual Rows": 229962,
                                        "Actual Loops": 4,
                                        "Output": [
                                            "t.id",
                                            "mi_idx.movie_id"
                                        ],
                                        "Hash Buckets": 1048576,
                                        "Original Hash Buckets": 1048576,
                                        "Hash Batches": 1,
                                        "Original Hash Batches": 1,
                                        "Peak Memory Usage": 44224,
                                        "Workers": [
                                            {
                                                "Worker Number": 0,
                                                "Actual Startup Time": 459.898,
                                                "Actual Total Time": 459.91,
                                                "Actual Rows": 230282,
                                                "Actual Loops": 1
                                            },
                                            {
                                                "Worker Number": 1,
                                                "Actual Startup Time": 460.322,
                                                "Actual Total Time": 460.326,
                                                "Actual Rows": 234646,
                                                "Actual Loops": 1
                                            },
                                            {
                                                "Worker Number": 2,
                                                "Actual Startup Time": 460.528,
                                                "Actual Total Time": 460.531,
                                                "Actual Rows": 231244,
                                                "Actual Loops": 1
                                            }
                                        ],
                                        "Plans": [
                                            {
                                                "Node Type": "Hash Join",
                                                "Parent Relationship": "Outer",
                                                "Parallel Aware": true,
                                                "Join Type": "Inner",
                                                "Startup Cost": 19920.93,
                                                "Total Cost": 65569.69,
                                                "Plan Rows": 230316,
                                                "Plan Width": 8,
                                                "Actual Startup Time": 121.802,
                                                "Actual Total Time": 395.936,
                                                "Actual Rows": 229962,
                                                "Actual Loops": 4,
                                                "Output": [
                                                    "t.id",
                                                    "mi_idx.movie_id"
                                                ],
                                                "Inner Unique": false,
                                                "Hash Cond": "(t.id = mi_idx.movie_id)",
                                                "Workers": [
                                                    {
                                                        "Worker Number": 0,
                                                        "Actual Startup Time": 121.784,
                                                        "Actual Total Time": 396.984,
                                                        "Actual Rows": 230282,
                                                        "Actual Loops": 1
                                                    },
                                                    {
                                                        "Worker Number": 1,
                                                        "Actual Startup Time": 121.779,
                                                        "Actual Total Time": 394.44,
                                                        "Actual Rows": 234646,
                                                        "Actual Loops": 1
                                                    },
                                                    {
                                                        "Worker Number": 2,
                                                        "Actual Startup Time": 121.777,
                                                        "Actual Total Time": 395.461,
                                                        "Actual Rows": 231244,
                                                        "Actual Loops": 1
                                                    }
                                                ],
                                                "Plans": [
                                                    {
                                                        "Node Type": "Seq Scan",
                                                        "Parent Relationship": "Outer",
                                                        "Parallel Aware": true,
                                                        "Relation Name": "title",
                                                        "Schema": "public",
                                                        "Alias": "t",
                                                        "Startup Cost": 0.0,
                                                        "Total Cost": 42318.81,
                                                        "Plan Rows": 632080,
                                                        "Plan Width": 4,
                                                        "Actual Startup Time": 0.021,
                                                        "Actual Total Time": 77.387,
                                                        "Actual Rows": 632078,
                                                        "Actual Loops": 4,
                                                        "Output": [
                                                            "t.id",
                                                            "t.title",
                                                            "t.imdb_index",
                                                            "t.kind_id",
                                                            "t.production_year",
                                                            "t.imdb_id",
                                                            "t.phonetic_code",
                                                            "t.episode_of_id",
                                                            "t.season_nr",
                                                            "t.episode_nr",
                                                            "t.series_years",
                                                            "t.md5sum"
                                                        ],
                                                        "Workers": [
                                                            {
                                                                "Worker Number": 0,
                                                                "Actual Startup Time": 0.026,
                                                                "Actual Total Time": 82.137,
                                                                "Actual Rows": 630523,
                                                                "Actual Loops": 1
                                                            },
                                                            {
                                                                "Worker Number": 1,
                                                                "Actual Startup Time": 0.025,
                                                                "Actual Total Time": 81.48,
                                                                "Actual Rows": 642220,
                                                                "Actual Loops": 1
                                                            },
                                                            {
                                                                "Worker Number": 2,
                                                                "Actual Startup Time": 0.026,
                                                                "Actual Total Time": 81.644,
                                                                "Actual Rows": 631225,
                                                                "Actual Loops": 1
                                                            }
                                                        ]
                                                    },
                                                    {
                                                        "Node Type": "Hash",
                                                        "Parent Relationship": "Inner",
                                                        "Parallel Aware": true,
                                                        "Startup Cost": 15122.68,
                                                        "Total Cost": 15122.68,
                                                        "Plan Rows": 383860,
                                                        "Plan Width": 4,
                                                        "Actual Startup Time": 119.147,
                                                        "Actual Total Time": 119.148,
                                                        "Actual Rows": 229962,
                                                        "Actual Loops": 4,
                                                        "Output": [
                                                            "mi_idx.movie_id"
                                                        ],
                                                        "Hash Buckets": 1048576,
                                                        "Original Hash Buckets": 1048576,
                                                        "Hash Batches": 1,
                                                        "Original Hash Batches": 1,
                                                        "Peak Memory Usage": 44256,
                                                        "Workers": [
                                                            {
                                                                "Worker Number": 0,
                                                                "Actual Startup Time": 121.638,
                                                                "Actual Total Time": 121.638,
                                                                "Actual Rows": 210447,
                                                                "Actual Loops": 1
                                                            },
                                                            {
                                                                "Worker Number": 1,
                                                                "Actual Startup Time": 121.642,
                                                                "Actual Total Time": 121.643,
                                                                "Actual Rows": 209177,
                                                                "Actual Loops": 1
                                                            },
                                                            {
                                                                "Worker Number": 2,
                                                                "Actual Startup Time": 121.662,
                                                                "Actual Total Time": 121.663,
                                                                "Actual Rows": 209620,
                                                                "Actual Loops": 1
                                                            }
                                                        ],
                                                        "Plans": [
                                                            {
                                                                "Node Type": "Seq Scan",
                                                                "Parent Relationship": "Outer",
                                                                "Parallel Aware": true,
                                                                "Relation Name": "movie_info_idx",
                                                                "Schema": "public",
                                                                "Alias": "mi_idx",
                                                                "Startup Cost": 0.0,
                                                                "Total Cost": 15122.68,
                                                                "Plan Rows": 383860,
                                                                "Plan Width": 4,
                                                                "Actual Startup Time": 0.044,
                                                                "Actual Total Time": 49.339,
                                                                "Actual Rows": 229962,
                                                                "Actual Loops": 4,
                                                                "Output": [
                                                                    "mi_idx.movie_id"
                                                                ],
                                                                "Filter": "(mi_idx.info_type_id < 101)",
                                                                "Rows Removed by Filter": 115046,
                                                                "Workers": [
                                                                    {
                                                                        "Worker Number": 0,
                                                                        "Actual Startup Time": 0.059,
                                                                        "Actual Total Time": 49.988,
                                                                        "Actual Rows": 210447,
                                                                        "Actual Loops": 1
                                                                    },
                                                                    {
                                                                        "Worker Number": 1,
                                                                        "Actual Startup Time": 0.045,
                                                                        "Actual Total Time": 50.652,
                                                                        "Actual Rows": 209177,
                                                                        "Actual Loops": 1
                                                                    },
                                                                    {
                                                                        "Worker Number": 2,
                                                                        "Actual Startup Time": 0.053,
                                                                        "Actual Total Time": 50.205,
                                                                        "Actual Rows": 209620,
                                                                        "Actual Loops": 1
                                                                    }
                                                                ]
                                                            }
                                                        ]
                                                    }
                                                ]
                                            }
                                        ]
                                    }
                                ]
                            }
                        ]
                    }
                ]
            }
        ]
    },
    "Planning Time": 1.463,
    "Triggers": [],
    "Execution Time": 691.799
}