[
  {
    "Plan": {
      "Node Type": "Aggregate",
      "Strategy": "Plain",
      "Partial Mode": "Finalize",
      "Parallel Aware": false,
      "Startup Cost": 46623.81,
      "Total Cost": 46623.82,
      "Plan Rows": 1,
      "Plan Width": 8,
      "Actual Startup Time": 186.834,
      "Actual Total Time": 197.752,
      "Actual Rows": 1,
      "Actual Loops": 1,
      "Plans": [
        {
          "Node Type": "Gather",
          "Parent Relationship": "Outer",
          "Parallel Aware": false,
          "Startup Cost": 46623.5,
          "Total Cost": 46623.81,
          "Plan Rows": 3,
          "Plan Width": 8,
          "Actual Startup Time": 186.536,
          "Actual Total Time": 197.741,
          "Actual Rows": 4,
          "Actual Loops": 1,
          "Workers Planned": 3,
          "Workers Launched": 3,
          "Single Copy": false,
          "Plans": [
            {
              "Node Type": "Aggregate",
              "Strategy": "Plain",
              "Partial Mode": "Partial",
              "Parent Relationship": "Outer",
              "Parallel Aware": false,
              "Startup Cost": 45623.5,
              "Total Cost": 45623.51,
              "Plan Rows": 1,
              "Plan Width": 8,
              "Actual Startup Time": 180.89,
              "Actual Total Time": 180.891,
              "Actual Rows": 1,
              "Actual Loops": 4,
              "Plans": [
                {
                  "Node Type": "Seq Scan",
                  "Parent Relationship": "Outer",
                  "Parallel Aware": true,
                  "Relation Name": "movie_keyword",
                  "Alias": "mk",
                  "Startup Cost": 0.0,
                  "Total Cost": 42695.65,
                  "Plan Rows": 1171137,
                  "Plan Width": 0,
                  "Actual Startup Time": 0.039,
                  "Actual Total Time": 133.321,
                  "Actual Rows": 908644,
                  "Actual Loops": 4,
                  "Filter": "(keyword_id < 20742)",
                  "Rows Removed by Filter": 222339
                }
              ]
            }
          ]
        }
      ]
    },
    "Planning Time": 0.183,
    "Triggers": [],
    "Execution Time": 197.812
  }
]