{
    "Plan": {
        "Node Type": "Aggregate",
        "Strategy": "Plain",
        "Partial Mode": "Finalize",
        "Parallel Aware": false,
        "Startup Cost": 234539.02,
        "Total Cost": 234539.03,
        "Plan Rows": 1,
        "Plan Width": 8,
        "Actual Startup Time": 753.23,
        "Actual Total Time": 794.096,
        "Actual Rows": 1,
        "Actual Loops": 1,
        "Output": [
            "count(*)"
        ],
        "Plans": [
            {
                "Node Type": "Gather",
                "Parent Relationship": "Outer",
                "Parallel Aware": false,
                "Startup Cost": 234538.7,
                "Total Cost": 234539.01,
                "Plan Rows": 3,
                "Plan Width": 8,
                "Actual Startup Time": 752.372,
                "Actual Total Time": 794.086,
                "Actual Rows": 4,
                "Actual Loops": 1,
                "Output": [
                    "(PARTIAL count(*))"
                ],
                "Workers Planned": 3,
                "Workers Launched": 3,
                "Single Copy": false,
                "Plans": [
                    {
                        "Node Type": "Aggregate",
                        "Strategy": "Plain",
                        "Partial Mode": "Partial",
                        "Parent Relationship": "Outer",
                        "Parallel Aware": false,
                        "Startup Cost": 233538.7,
                        "Total Cost": 233538.71,
                        "Plan Rows": 1,
                        "Plan Width": 8,
                        "Actual Startup Time": 742.81,
                        "Actual Total Time": 742.813,
                        "Actual Rows": 1,
                        "Actual Loops": 4,
                        "Output": [
                            "PARTIAL count(*)"
                        ],
                        "Workers": [
                            {
                                "Worker Number": 0,
                                "Actual Startup Time": 739.655,
                                "Actual Total Time": 739.658,
                                "Actual Rows": 1,
                                "Actual Loops": 1
                            },
                            {
                                "Worker Number": 1,
                                "Actual Startup Time": 739.755,
                                "Actual Total Time": 739.758,
                                "Actual Rows": 1,
                                "Actual Loops": 1
                            },
                            {
                                "Worker Number": 2,
                                "Actual Startup Time": 740.229,
                                "Actual Total Time": 740.233,
                                "Actual Rows": 1,
                                "Actual Loops": 1
                            }
                        ],
                        "Plans": [
                            {
                                "Node Type": "Nested Loop",
                                "Parent Relationship": "Outer",
                                "Parallel Aware": false,
                                "Join Type": "Inner",
                                "Startup Cost": 44394.57,
                                "Total Cost": 233014.91,
                                "Plan Rows": 209516,
                                "Plan Width": 0,
                                "Actual Startup Time": 111.454,
                                "Actual Total Time": 728.929,
                                "Actual Rows": 310195,
                                "Actual Loops": 4,
                                "Inner Unique": false,
                                "Join Filter": "(t.id = mi.movie_id)",
                                "Rows Removed by Join Filter": 0,
                                "Workers": [
                                    {
                                        "Worker Number": 0,
                                        "Actual Startup Time": 108.255,
                                        "Actual Total Time": 726.175,
                                        "Actual Rows": 299307,
                                        "Actual Loops": 1
                                    },
                                    {
                                        "Worker Number": 1,
                                        "Actual Startup Time": 108.341,
                                        "Actual Total Time": 726.43,
                                        "Actual Rows": 293450,
                                        "Actual Loops": 1
                                    },
                                    {
                                        "Worker Number": 2,
                                        "Actual Startup Time": 108.992,
                                        "Actual Total Time": 726.85,
                                        "Actual Rows": 300308,
                                        "Actual Loops": 1
                                    }
                                ],
                                "Plans": [
                                    {
                                        "Node Type": "Hash Join",
                                        "Parent Relationship": "Outer",
                                        "Parallel Aware": true,
                                        "Join Type": "Inner",
                                        "Startup Cost": 44394.13,
                                        "Total Cost": 87272.21,
                                        "Plan Rows": 91452,
                                        "Plan Width": 8,
                                        "Actual Startup Time": 111.353,
                                        "Actual Total Time": 307.267,
                                        "Actual Rows": 36933,
                                        "Actual Loops": 4,
                                        "Output": [
                                            "t.id",
                                            "mk.movie_id"
                                        ],
                                        "Inner Unique": true,
                                        "Hash Cond": "(mk.movie_id = t.id)",
                                        "Workers": [
                                            {
                                                "Worker Number": 0,
                                                "Actual Startup Time": 108.077,
                                                "Actual Total Time": 294.619,
                                                "Actual Rows": 34568,
                                                "Actual Loops": 1
                                            },
                                            {
                                                "Worker Number": 1,
                                                "Actual Startup Time": 108.234,
                                                "Actual Total Time": 315.696,
                                                "Actual Rows": 36651,
                                                "Actual Loops": 1
                                            },
                                            {
                                                "Worker Number": 2,
                                                "Actual Startup Time": 108.907,
                                                "Actual Total Time": 297.243,
                                                "Actual Rows": 34088,
                                                "Actual Loops": 1
                                            }
                                        ],
                                        "Plans": [
                                            {
                                                "Node Type": "Seq Scan",
                                                "Parent Relationship": "Outer",
                                                "Parallel Aware": true,
                                                "Relation Name": "movie_keyword",
                                                "Schema": "public",
                                                "Alias": "mk",
                                                "Startup Cost": 0.0,
                                                "Total Cost": 39047.32,
                                                "Plan Rows": 1459332,
                                                "Plan Width": 4,
                                                "Actual Startup Time": 0.012,
                                                "Actual Total Time": 95.224,
                                                "Actual Rows": 1130982,
                                                "Actual Loops": 4,
                                                "Output": [
                                                    "mk.id",
                                                    "mk.movie_id",
                                                    "mk.keyword_id"
                                                ],
                                                "Workers": [
                                                    {
                                                        "Worker Number": 0,
                                                        "Actual Startup Time": 0.015,
                                                        "Actual Total Time": 94.081,
                                                        "Actual Rows": 1005290,
                                                        "Actual Loops": 1
                                                    },
                                                    {
                                                        "Worker Number": 1,
                                                        "Actual Startup Time": 0.014,
                                                        "Actual Total Time": 104.469,
                                                        "Actual Rows": 1170620,
                                                        "Actual Loops": 1
                                                    },
                                                    {
                                                        "Worker Number": 2,
                                                        "Actual Startup Time": 0.015,
                                                        "Actual Total Time": 95.287,
                                                        "Actual Rows": 1021385,
                                                        "Actual Loops": 1
                                                    }
                                                ]
                                            },
                                            {
                                                "Node Type": "Hash",
                                                "Parent Relationship": "Inner",
                                                "Parallel Aware": true,
                                                "Startup Cost": 43899.01,
                                                "Total Cost": 43899.01,
                                                "Plan Rows": 39610,
                                                "Plan Width": 4,
                                                "Actual Startup Time": 108.892,
                                                "Actual Total Time": 108.893,
                                                "Actual Rows": 40004,
                                                "Actual Loops": 4,
                                                "Output": [
                                                    "t.id"
                                                ],
                                                "Hash Buckets": 262144,
                                                "Original Hash Buckets": 262144,
                                                "Hash Batches": 1,
                                                "Original Hash Batches": 1,
                                                "Peak Memory Usage": 8416,
                                                "Workers": [
                                                    {
                                                        "Worker Number": 0,
                                                        "Actual Startup Time": 107.539,
                                                        "Actual Total Time": 107.54,
                                                        "Actual Rows": 32929,
                                                        "Actual Loops": 1
                                                    },
                                                    {
                                                        "Worker Number": 1,
                                                        "Actual Startup Time": 107.851,
                                                        "Actual Total Time": 107.852,
                                                        "Actual Rows": 37057,
                                                        "Actual Loops": 1
                                                    },
                                                    {
                                                        "Worker Number": 2,
                                                        "Actual Startup Time": 108.384,
                                                        "Actual Total Time": 108.385,
                                                        "Actual Rows": 34406,
                                                        "Actual Loops": 1
                                                    }
                                                ],
                                                "Plans": [
                                                    {
                                                        "Node Type": "Seq Scan",
                                                        "Parent Relationship": "Outer",
                                                        "Parallel Aware": true,
                                                        "Relation Name": "title",
                                                        "Schema": "public",
                                                        "Alias": "t",
                                                        "Startup Cost": 0.0,
                                                        "Total Cost": 43899.01,
                                                        "Plan Rows": 39610,
                                                        "Plan Width": 4,
                                                        "Actual Startup Time": 0.047,
                                                        "Actual Total Time": 93.267,
                                                        "Actual Rows": 40004,
                                                        "Actual Loops": 4,
                                                        "Output": [
                                                            "t.id"
                                                        ],
                                                        "Filter": "(t.production_year = 2011)",
                                                        "Rows Removed by Filter": 592074,
                                                        "Workers": [
                                                            {
                                                                "Worker Number": 0,
                                                                "Actual Startup Time": 0.065,
                                                                "Actual Total Time": 92.348,
                                                                "Actual Rows": 32929,
                                                                "Actual Loops": 1
                                                            },
                                                            {
                                                                "Worker Number": 1,
                                                                "Actual Startup Time": 0.054,
                                                                "Actual Total Time": 93.864,
                                                                "Actual Rows": 37057,
                                                                "Actual Loops": 1
                                                            },
                                                            {
                                                                "Worker Number": 2,
                                                                "Actual Startup Time": 0.043,
                                                                "Actual Total Time": 93.419,
                                                                "Actual Rows": 34406,
                                                                "Actual Loops": 1
                                                            }
                                                        ]
                                                    }
                                                ]
                                            }
                                        ]
                                    },
                                    {
                                        "Node Type": "Index Scan",
                                        "Parent Relationship": "Inner",
                                        "Parallel Aware": false,
                                        "Scan Direction": "Forward",
                                        "Index Name": "movie_id_movie_info",
                                        "Relation Name": "movie_info",
                                        "Schema": "public",
                                        "Alias": "mi",
                                        "Startup Cost": 0.43,
                                        "Total Cost": 1.41,
                                        "Plan Rows": 15,
                                        "Plan Width": 4,
                                        "Actual Startup Time": 0.003,
                                        "Actual Total Time": 0.011,
                                        "Actual Rows": 8,
                                        "Actual Loops": 147733,
                                        "Output": [
                                            "mi.id",
                                            "mi.movie_id",
                                            "mi.info_type_id",
                                            "mi.info",
                                            "mi.note"
                                        ],
                                        "Index Cond": "(mi.movie_id = mk.movie_id)",
                                        "Rows Removed by Index Recheck": 0,
                                        "Filter": "(mi.info_type_id < 7)",
                                        "Rows Removed by Filter": 36,
                                        "Workers": [
                                            {
                                                "Worker Number": 0,
                                                "Actual Startup Time": 0.003,
                                                "Actual Total Time": 0.012,
                                                "Actual Rows": 9,
                                                "Actual Loops": 34568
                                            },
                                            {
                                                "Worker Number": 1,
                                                "Actual Startup Time": 0.003,
                                                "Actual Total Time": 0.01,
                                                "Actual Rows": 8,
                                                "Actual Loops": 36651
                                            },
                                            {
                                                "Worker Number": 2,
                                                "Actual Startup Time": 0.003,
                                                "Actual Total Time": 0.012,
                                                "Actual Rows": 9,
                                                "Actual Loops": 34088
                                            }
                                        ]
                                    }
                                ]
                            }
                        ]
                    }
                ]
            }
        ]
    },
    "Planning Time": 1.528,
    "Triggers": [],
    "Execution Time": 794.192
}