[
  {
    "Plan": {
      "Node Type": "Aggregate",
      "Strategy": "Plain",
      "Partial Mode": "Finalize",
      "Parallel Aware": false,
      "Startup Cost": 77564.6,
      "Total Cost": 77564.61,
      "Plan Rows": 1,
      "Plan Width": 8,
      "Actual Startup Time": 439.744,
      "Actual Total Time": 455.447,
      "Actual Rows": 1,
      "Actual Loops": 1,
      "Plans": [
        {
          "Node Type": "Gather",
          "Parent Relationship": "Outer",
          "Parallel Aware": false,
          "Startup Cost": 77564.28,
          "Total Cost": 77564.59,
          "Plan Rows": 3,
          "Plan Width": 8,
          "Actual Startup Time": 431.985,
          "Actual Total Time": 455.436,
          "Actual Rows": 4,
          "Actual Loops": 1,
          "Workers Planned": 3,
          "Workers Launched": 3,
          "Single Copy": false,
          "Plans": [
            {
              "Node Type": "Aggregate",
              "Strategy": "Plain",
              "Partial Mode": "Partial",
              "Parent Relationship": "Outer",
              "Parallel Aware": false,
              "Startup Cost": 76564.28,
              "Total Cost": 76564.29,
              "Plan Rows": 1,
              "Plan Width": 8,
              "Actual Startup Time": 416.068,
              "Actual Total Time": 416.074,
              "Actual Rows": 1,
              "Actual Loops": 4,
              "Plans": [
                {
                  "Node Type": "Hash Join",
                  "Parent Relationship": "Outer",
                  "Parallel Aware": true,
                  "Join Type": "Inner",
                  "Startup Cost": 56204.55,
                  "Total Cost": 76341.63,
                  "Plan Rows": 89063,
                  "Plan Width": 0,
                  "Actual Startup Time": 366.377,
                  "Actual Total Time": 412.737,
                  "Actual Rows": 68068,
                  "Actual Loops": 4,
                  "Inner Unique": true,
                  "Hash Cond": "(mc.movie_id = t.id)",
                  "Plans": [
                    {
                      "Node Type": "Bitmap Heap Scan",
                      "Parent Relationship": "Outer",
                      "Parallel Aware": true,
                      "Relation Name": "movie_companies",
                      "Alias": "mc",
                      "Startup Cost": 5984.17,
                      "Total Cost": 25887.45,
                      "Plan Rows": 89063,
                      "Plan Width": 4,
                      "Actual Startup Time": 13.875,
                      "Actual Total Time": 28.96,
                      "Actual Rows": 68068,
                      "Actual Loops": 4,
                      "Recheck Cond": "(company_id > 97161)",
                      "Rows Removed by Index Recheck": 0,
                      "Exact Heap Blocks": 1277,
                      "Lossy Heap Blocks": 0,
                      "Plans": [
                        {
                          "Node Type": "Bitmap Index Scan",
                          "Parent Relationship": "Outer",
                          "Parallel Aware": false,
                          "Index Name": "company_id_movie_companies",
                          "Startup Cost": 0.0,
                          "Total Cost": 5915.14,
                          "Plan Rows": 276095,
                          "Plan Width": 0,
                          "Actual Startup Time": 13.159,
                          "Actual Total Time": 13.16,
                          "Actual Rows": 272271,
                          "Actual Loops": 1,
                          "Index Cond": "(company_id > 97161)"
                        }
                      ]
                    },
                    {
                      "Node Type": "Hash",
                      "Parent Relationship": "Inner",
                      "Parallel Aware": true,
                      "Startup Cost": 42319.06,
                      "Total Cost": 42319.06,
                      "Plan Rows": 632106,
                      "Plan Width": 4,
                      "Actual Startup Time": 341.718,
                      "Actual Total Time": 341.719,
                      "Actual Rows": 632078,
                      "Actual Loops": 4,
                      "Hash Buckets": 4194304,
                      "Original Hash Buckets": 4194304,
                      "Hash Batches": 1,
                      "Original Hash Batches": 1,
                      "Peak Memory Usage": 131744,
                      "Plans": [
                        {
                          "Node Type": "Seq Scan",
                          "Parent Relationship": "Outer",
                          "Parallel Aware": true,
                          "Relation Name": "title",
                          "Alias": "t",
                          "Startup Cost": 0.0,
                          "Total Cost": 42319.06,
                          "Plan Rows": 632106,
                          "Plan Width": 4,
                          "Actual Startup Time": 0.053,
                          "Actual Total Time": 96.745,
                          "Actual Rows": 632078,
                          "Actual Loops": 4
                        }
                      ]
                    }
                  ]
                }
              ]
            }
          ]
        }
      ]
    },
    "Planning Time": 0.536,
    "Triggers": [],
    "Execution Time": 455.526
  }
]