[
  {
    "Plan": {
      "Node Type": "Aggregate",
      "Strategy": "Plain",
      "Partial Mode": "Finalize",
      "Parallel Aware": false,
      "Startup Cost": 45445.47,
      "Total Cost": 45445.48,
      "Plan Rows": 1,
      "Plan Width": 8,
      "Actual Startup Time": 139.971,
      "Actual Total Time": 150.222,
      "Actual Rows": 1,
      "Actual Loops": 1,
      "Plans": [
        {
          "Node Type": "Gather",
          "Parent Relationship": "Outer",
          "Parallel Aware": false,
          "Startup Cost": 45445.15,
          "Total Cost": 45445.46,
          "Plan Rows": 3,
          "Plan Width": 8,
          "Actual Startup Time": 139.857,
          "Actual Total Time": 150.213,
          "Actual Rows": 4,
          "Actual Loops": 1,
          "Workers Planned": 3,
          "Workers Launched": 3,
          "Single Copy": false,
          "Plans": [
            {
              "Node Type": "Aggregate",
              "Strategy": "Plain",
              "Partial Mode": "Partial",
              "Parent Relationship": "Outer",
              "Parallel Aware": false,
              "Startup Cost": 44445.15,
              "Total Cost": 44445.16,
              "Plan Rows": 1,
              "Plan Width": 8,
              "Actual Startup Time": 136.028,
              "Actual Total Time": 136.029,
              "Actual Rows": 1,
              "Actual Loops": 4,
              "Plans": [
                {
                  "Node Type": "Seq Scan",
                  "Parent Relationship": "Outer",
                  "Parallel Aware": true,
                  "Relation Name": "movie_keyword",
                  "Alias": "mk",
                  "Startup Cost": 0.0,
                  "Total Cost": 42695.65,
                  "Plan Rows": 699798,
                  "Plan Width": 0,
                  "Actual Startup Time": 0.366,
                  "Actual Total Time": 109.869,
                  "Actual Rows": 537963,
                  "Actual Loops": 4,
                  "Filter": "(keyword_id > 5376)",
                  "Rows Removed by Filter": 593020
                }
              ]
            }
          ]
        }
      ]
    },
    "Planning Time": 0.105,
    "Triggers": [],
    "Execution Time": 150.255
  }
]