[
  {
    "Plan": {
      "Node Type": "Aggregate",
      "Strategy": "Plain",
      "Partial Mode": "Finalize",
      "Parallel Aware": false,
      "Startup Cost": 32156.21,
      "Total Cost": 32156.22,
      "Plan Rows": 1,
      "Plan Width": 8,
      "Actual Startup Time": 90.059,
      "Actual Total Time": 100.378,
      "Actual Rows": 1,
      "Actual Loops": 1,
      "Plans": [
        {
          "Node Type": "Gather",
          "Parent Relationship": "Outer",
          "Parallel Aware": false,
          "Startup Cost": 32155.9,
          "Total Cost": 32156.21,
          "Plan Rows": 3,
          "Plan Width": 8,
          "Actual Startup Time": 89.637,
          "Actual Total Time": 100.37,
          "Actual Rows": 4,
          "Actual Loops": 1,
          "Workers Planned": 3,
          "Workers Launched": 3,
          "Single Copy": false,
          "Plans": [
            {
              "Node Type": "Aggregate",
              "Strategy": "Plain",
              "Partial Mode": "Partial",
              "Parent Relationship": "Outer",
              "Parallel Aware": false,
              "Startup Cost": 31155.9,
              "Total Cost": 31155.91,
              "Plan Rows": 1,
              "Plan Width": 8,
              "Actual Startup Time": 82.112,
              "Actual Total Time": 82.116,
              "Actual Rows": 1,
              "Actual Loops": 4,
              "Plans": [
                {
                  "Node Type": "Bitmap Heap Scan",
                  "Parent Relationship": "Outer",
                  "Parallel Aware": true,
                  "Relation Name": "movie_keyword",
                  "Alias": "mk",
                  "Startup Cost": 5457.52,
                  "Total Cost": 30948.5,
                  "Plan Rows": 82959,
                  "Plan Width": 0,
                  "Actual Startup Time": 14.058,
                  "Actual Total Time": 77.669,
                  "Actual Rows": 62851,
                  "Actual Loops": 4,
                  "Recheck Cond": "(keyword_id < 216)",
                  "Rows Removed by Index Recheck": 0,
                  "Exact Heap Blocks": 13894,
                  "Lossy Heap Blocks": 0,
                  "Plans": [
                    {
                      "Node Type": "Bitmap Index Scan",
                      "Parent Relationship": "Outer",
                      "Parallel Aware": false,
                      "Index Name": "keyword_id_movie_keyword",
                      "Startup Cost": 0.0,
                      "Total Cost": 5393.22,
                      "Plan Rows": 257172,
                      "Plan Width": 0,
                      "Actual Startup Time": 17.59,
                      "Actual Total Time": 17.591,
                      "Actual Rows": 251405,
                      "Actual Loops": 1,
                      "Index Cond": "(keyword_id < 216)"
                    }
                  ]
                }
              ]
            }
          ]
        }
      ]
    },
    "Planning Time": 0.069,
    "Triggers": [],
    "Execution Time": 100.412
  }
]