[
  {
    "Plan": {
      "Node Type": "Aggregate",
      "Strategy": "Plain",
      "Partial Mode": "Finalize",
      "Parallel Aware": false,
      "Startup Cost": 85966.81,
      "Total Cost": 85966.82,
      "Plan Rows": 1,
      "Plan Width": 8,
      "Actual Startup Time": 459.459,
      "Actual Total Time": 475.338,
      "Actual Rows": 1,
      "Actual Loops": 1,
      "Plans": [
        {
          "Node Type": "Gather",
          "Parent Relationship": "Outer",
          "Parallel Aware": false,
          "Startup Cost": 85966.49,
          "Total Cost": 85966.8,
          "Plan Rows": 3,
          "Plan Width": 8,
          "Actual Startup Time": 452.353,
          "Actual Total Time": 475.328,
          "Actual Rows": 4,
          "Actual Loops": 1,
          "Workers Planned": 3,
          "Workers Launched": 3,
          "Single Copy": false,
          "Plans": [
            {
              "Node Type": "Aggregate",
              "Strategy": "Plain",
              "Partial Mode": "Partial",
              "Parent Relationship": "Outer",
              "Parallel Aware": false,
              "Startup Cost": 84966.49,
              "Total Cost": 84966.5,
              "Plan Rows": 1,
              "Plan Width": 8,
              "Actual Startup Time": 433.881,
              "Actual Total Time": 433.885,
              "Actual Rows": 1,
              "Actual Loops": 4,
              "Plans": [
                {
                  "Node Type": "Hash Join",
                  "Parent Relationship": "Outer",
                  "Parallel Aware": true,
                  "Join Type": "Inner",
                  "Startup Cost": 58337.23,
                  "Total Cost": 84657.94,
                  "Plan Rows": 123419,
                  "Plan Width": 0,
                  "Actual Startup Time": 352.454,
                  "Actual Total Time": 429.441,
                  "Actual Rows": 92417,
                  "Actual Loops": 4,
                  "Inner Unique": true,
                  "Hash Cond": "(mk.movie_id = t.id)",
                  "Plans": [
                    {
                      "Node Type": "Bitmap Heap Scan",
                      "Parent Relationship": "Outer",
                      "Parallel Aware": true,
                      "Relation Name": "movie_keyword",
                      "Alias": "mk",
                      "Startup Cost": 8117.58,
                      "Total Cost": 34114.32,
                      "Plan Rows": 123419,
                      "Plan Width": 4,
                      "Actual Startup Time": 22.285,
                      "Actual Total Time": 68.917,
                      "Actual Rows": 92417,
                      "Actual Loops": 4,
                      "Recheck Cond": "(keyword_id > 45712)",
                      "Rows Removed by Index Recheck": 0,
                      "Exact Heap Blocks": 7447,
                      "Lossy Heap Blocks": 0,
                      "Plans": [
                        {
                          "Node Type": "Bitmap Index Scan",
                          "Parent Relationship": "Outer",
                          "Parallel Aware": false,
                          "Index Name": "keyword_id_movie_keyword",
                          "Startup Cost": 0.0,
                          "Total Cost": 8021.93,
                          "Plan Rows": 382600,
                          "Plan Width": 0,
                          "Actual Startup Time": 18.994,
                          "Actual Total Time": 18.995,
                          "Actual Rows": 369669,
                          "Actual Loops": 1,
                          "Index Cond": "(keyword_id > 45712)"
                        }
                      ]
                    },
                    {
                      "Node Type": "Hash",
                      "Parent Relationship": "Inner",
                      "Parallel Aware": true,
                      "Startup Cost": 42318.73,
                      "Total Cost": 42318.73,
                      "Plan Rows": 632073,
                      "Plan Width": 4,
                      "Actual Startup Time": 318.941,
                      "Actual Total Time": 318.942,
                      "Actual Rows": 632078,
                      "Actual Loops": 4,
                      "Hash Buckets": 4194304,
                      "Original Hash Buckets": 4194304,
                      "Hash Batches": 1,
                      "Original Hash Batches": 1,
                      "Peak Memory Usage": 131776,
                      "Plans": [
                        {
                          "Node Type": "Seq Scan",
                          "Parent Relationship": "Outer",
                          "Parallel Aware": true,
                          "Relation Name": "title",
                          "Alias": "t",
                          "Startup Cost": 0.0,
                          "Total Cost": 42318.73,
                          "Plan Rows": 632073,
                          "Plan Width": 4,
                          "Actual Startup Time": 0.038,
                          "Actual Total Time": 95.388,
                          "Actual Rows": 632078,
                          "Actual Loops": 4
                        }
                      ]
                    }
                  ]
                }
              ]
            }
          ]
        }
      ]
    },
    "Planning Time": 0.587,
    "Triggers": [],
    "Execution Time": 475.429
  }
]