[
  {
    "Plan": {
      "Node Type": "Aggregate",
      "Strategy": "Plain",
      "Partial Mode": "Finalize",
      "Parallel Aware": false,
      "Startup Cost": 63291.74,
      "Total Cost": 63291.75,
      "Plan Rows": 1,
      "Plan Width": 8,
      "Actual Startup Time": 289.571,
      "Actual Total Time": 301.655,
      "Actual Rows": 1,
      "Actual Loops": 1,
      "Plans": [
        {
          "Node Type": "Gather",
          "Parent Relationship": "Outer",
          "Parallel Aware": false,
          "Startup Cost": 63291.52,
          "Total Cost": 63291.73,
          "Plan Rows": 2,
          "Plan Width": 8,
          "Actual Startup Time": 287.78,
          "Actual Total Time": 301.646,
          "Actual Rows": 3,
          "Actual Loops": 1,
          "Workers Planned": 2,
          "Workers Launched": 2,
          "Single Copy": false,
          "Plans": [
            {
              "Node Type": "Aggregate",
              "Strategy": "Plain",
              "Partial Mode": "Partial",
              "Parent Relationship": "Outer",
              "Parallel Aware": false,
              "Startup Cost": 62291.52,
              "Total Cost": 62291.53,
              "Plan Rows": 1,
              "Plan Width": 8,
              "Actual Startup Time": 280.334,
              "Actual Total Time": 280.337,
              "Actual Rows": 1,
              "Actual Loops": 3,
              "Plans": [
                {
                  "Node Type": "Hash Join",
                  "Parent Relationship": "Outer",
                  "Parallel Aware": true,
                  "Join Type": "Inner",
                  "Startup Cost": 46847.91,
                  "Total Cost": 62042.47,
                  "Plan Rows": 99620,
                  "Plan Width": 0,
                  "Actual Startup Time": 206.685,
                  "Actual Total Time": 273.798,
                  "Actual Rows": 166760,
                  "Actual Loops": 3,
                  "Inner Unique": true,
                  "Hash Cond": "(mi_idx.movie_id = t.id)",
                  "Plans": [
                    {
                      "Node Type": "Seq Scan",
                      "Parent Relationship": "Outer",
                      "Parallel Aware": true,
                      "Relation Name": "movie_info_idx",
                      "Alias": "mi_idx",
                      "Startup Cost": 0.0,
                      "Total Cost": 13685.15,
                      "Plan Rows": 575015,
                      "Plan Width": 4,
                      "Actual Startup Time": 0.022,
                      "Actual Total Time": 34.851,
                      "Actual Rows": 460012,
                      "Actual Loops": 3
                    },
                    {
                      "Node Type": "Hash",
                      "Parent Relationship": "Inner",
                      "Parallel Aware": true,
                      "Startup Cost": 45479.1,
                      "Total Cost": 45479.1,
                      "Plan Rows": 109505,
                      "Plan Width": 4,
                      "Actual Startup Time": 165.396,
                      "Actual Total Time": 165.397,
                      "Actual Rows": 157973,
                      "Actual Loops": 3,
                      "Hash Buckets": 524288,
                      "Original Hash Buckets": 524288,
                      "Hash Batches": 1,
                      "Original Hash Batches": 1,
                      "Peak Memory Usage": 22720,
                      "Plans": [
                        {
                          "Node Type": "Seq Scan",
                          "Parent Relationship": "Outer",
                          "Parallel Aware": true,
                          "Relation Name": "title",
                          "Alias": "t",
                          "Startup Cost": 0.0,
                          "Total Cost": 45479.1,
                          "Plan Rows": 109505,
                          "Plan Width": 4,
                          "Actual Startup Time": 70.195,
                          "Actual Total Time": 122.05,
                          "Actual Rows": 157973,
                          "Actual Loops": 3,
                          "Filter": "((production_year < 2008) AND (kind_id = 1))",
                          "Rows Removed by Filter": 684798
                        }
                      ]
                    }
                  ]
                }
              ]
            }
          ]
        }
      ]
    },
    "Planning Time": 0.584,
    "Triggers": [],
    "Execution Time": 301.753
  }
]