[
  {
    "Plan": {
      "Node Type": "Aggregate",
      "Strategy": "Plain",
      "Partial Mode": "Finalize",
      "Parallel Aware": false,
      "Startup Cost": 393714.84,
      "Total Cost": 393714.85,
      "Plan Rows": 1,
      "Plan Width": 8,
      "Actual Startup Time": 1077.124,
      "Actual Total Time": 1136.411,
      "Actual Rows": 1,
      "Actual Loops": 1,
      "Plans": [
        {
          "Node Type": "Gather",
          "Parent Relationship": "Outer",
          "Parallel Aware": false,
          "Startup Cost": 393714.22,
          "Total Cost": 393714.83,
          "Plan Rows": 6,
          "Plan Width": 8,
          "Actual Startup Time": 1073.851,
          "Actual Total Time": 1136.398,
          "Actual Rows": 7,
          "Actual Loops": 1,
          "Workers Planned": 6,
          "Workers Launched": 6,
          "Single Copy": false,
          "Plans": [
            {
              "Node Type": "Aggregate",
              "Strategy": "Plain",
              "Partial Mode": "Partial",
              "Parent Relationship": "Outer",
              "Parallel Aware": false,
              "Startup Cost": 392714.22,
              "Total Cost": 392714.23,
              "Plan Rows": 1,
              "Plan Width": 8,
              "Actual Startup Time": 1064.941,
              "Actual Total Time": 1064.947,
              "Actual Rows": 1,
              "Actual Loops": 7,
              "Plans": [
                {
                  "Node Type": "Hash Join",
                  "Parent Relationship": "Outer",
                  "Parallel Aware": true,
                  "Join Type": "Inner",
                  "Startup Cost": 46719.3,
                  "Total Cost": 392365.99,
                  "Plan Rows": 139292,
                  "Plan Width": 0,
                  "Actual Startup Time": 527.136,
                  "Actual Total Time": 1060.288,
                  "Actual Rows": 71548,
                  "Actual Loops": 7,
                  "Inner Unique": true,
                  "Hash Cond": "(ci.movie_id = t.id)",
                  "Plans": [
                    {
                      "Node Type": "Seq Scan",
                      "Parent Relationship": "Outer",
                      "Parallel Aware": true,
                      "Relation Name": "cast_info",
                      "Alias": "ci",
                      "Startup Cost": 0.0,
                      "Total Cost": 343316.27,
                      "Plan Rows": 887779,
                      "Plan Width": 4,
                      "Actual Startup Time": 413.879,
                      "Actual Total Time": 733.797,
                      "Actual Rows": 1164430,
                      "Actual Loops": 7,
                      "Filter": "((person_id > 2866069) AND (role_id > 1))",
                      "Rows Removed by Filter": 4013333
                    },
                    {
                      "Node Type": "Hash",
                      "Parent Relationship": "Inner",
                      "Parallel Aware": true,
                      "Startup Cost": 45479.59,
                      "Total Cost": 45479.59,
                      "Plan Rows": 99177,
                      "Plan Width": 4,
                      "Actual Startup Time": 110.961,
                      "Actual Total Time": 110.962,
                      "Actual Rows": 38612,
                      "Actual Loops": 7,
                      "Hash Buckets": 524288,
                      "Original Hash Buckets": 524288,
                      "Hash Batches": 1,
                      "Original Hash Batches": 1,
                      "Peak Memory Usage": 14752,
                      "Plans": [
                        {
                          "Node Type": "Seq Scan",
                          "Parent Relationship": "Outer",
                          "Parallel Aware": true,
                          "Relation Name": "title",
                          "Alias": "t",
                          "Startup Cost": 0.0,
                          "Total Cost": 45479.59,
                          "Plan Rows": 99177,
                          "Plan Width": 4,
                          "Actual Startup Time": 0.045,
                          "Actual Total Time": 83.64,
                          "Actual Rows": 38612,
                          "Actual Loops": 7,
                          "Filter": "((kind_id > 1) AND (production_year < 1983))",
                          "Rows Removed by Filter": 322576
                        }
                      ]
                    }
                  ]
                }
              ]
            }
          ]
        }
      ]
    },
    "Planning Time": 0.318,
    "Triggers": [],
    "Execution Time": 1136.471
  }
]