[
  {
    "Plan": {
      "Node Type": "Aggregate",
      "Strategy": "Plain",
      "Partial Mode": "Finalize",
      "Parallel Aware": false,
      "Startup Cost": 80434.38,
      "Total Cost": 80434.39,
      "Plan Rows": 1,
      "Plan Width": 8,
      "Actual Startup Time": 449.049,
      "Actual Total Time": 465.999,
      "Actual Rows": 1,
      "Actual Loops": 1,
      "Plans": [
        {
          "Node Type": "Gather",
          "Parent Relationship": "Outer",
          "Parallel Aware": false,
          "Startup Cost": 80434.06,
          "Total Cost": 80434.37,
          "Plan Rows": 3,
          "Plan Width": 8,
          "Actual Startup Time": 439.936,
          "Actual Total Time": 465.989,
          "Actual Rows": 4,
          "Actual Loops": 1,
          "Workers Planned": 3,
          "Workers Launched": 3,
          "Single Copy": false,
          "Plans": [
            {
              "Node Type": "Aggregate",
              "Strategy": "Plain",
              "Partial Mode": "Partial",
              "Parent Relationship": "Outer",
              "Parallel Aware": false,
              "Startup Cost": 79434.06,
              "Total Cost": 79434.07,
              "Plan Rows": 1,
              "Plan Width": 8,
              "Actual Startup Time": 421.831,
              "Actual Total Time": 421.834,
              "Actual Rows": 1,
              "Actual Loops": 4,
              "Plans": [
                {
                  "Node Type": "Hash Join",
                  "Parent Relationship": "Outer",
                  "Parallel Aware": true,
                  "Join Type": "Inner",
                  "Startup Cost": 53974.62,
                  "Total Cost": 79291.44,
                  "Plan Rows": 57046,
                  "Plan Width": 0,
                  "Actual Startup Time": 368.304,
                  "Actual Total Time": 419.578,
                  "Actual Rows": 42016,
                  "Actual Loops": 4,
                  "Inner Unique": true,
                  "Hash Cond": "(mk.movie_id = t.id)",
                  "Plans": [
                    {
                      "Node Type": "Bitmap Heap Scan",
                      "Parent Relationship": "Outer",
                      "Parallel Aware": true,
                      "Relation Name": "movie_keyword",
                      "Alias": "mk",
                      "Startup Cost": 3754.97,
                      "Total Cost": 28922.05,
                      "Plan Rows": 57046,
                      "Plan Width": 4,
                      "Actual Startup Time": 13.138,
                      "Actual Total Time": 47.863,
                      "Actual Rows": 42016,
                      "Actual Loops": 4,
                      "Recheck Cond": "(keyword_id > 72217)",
                      "Rows Removed by Index Recheck": 0,
                      "Exact Heap Blocks": 6858,
                      "Lossy Heap Blocks": 0,
                      "Plans": [
                        {
                          "Node Type": "Bitmap Index Scan",
                          "Parent Relationship": "Outer",
                          "Parallel Aware": false,
                          "Index Name": "keyword_id_movie_keyword",
                          "Startup Cost": 0.0,
                          "Total Cost": 3710.76,
                          "Plan Rows": 176844,
                          "Plan Width": 0,
                          "Actual Startup Time": 10.273,
                          "Actual Total Time": 10.274,
                          "Actual Rows": 168063,
                          "Actual Loops": 1,
                          "Index Cond": "(keyword_id > 72217)"
                        }
                      ]
                    },
                    {
                      "Node Type": "Hash",
                      "Parent Relationship": "Inner",
                      "Parallel Aware": true,
                      "Startup Cost": 42318.73,
                      "Total Cost": 42318.73,
                      "Plan Rows": 632073,
                      "Plan Width": 4,
                      "Actual Startup Time": 343.809,
                      "Actual Total Time": 343.81,
                      "Actual Rows": 632078,
                      "Actual Loops": 4,
                      "Hash Buckets": 4194304,
                      "Original Hash Buckets": 4194304,
                      "Hash Batches": 1,
                      "Original Hash Batches": 1,
                      "Peak Memory Usage": 131744,
                      "Plans": [
                        {
                          "Node Type": "Seq Scan",
                          "Parent Relationship": "Outer",
                          "Parallel Aware": true,
                          "Relation Name": "title",
                          "Alias": "t",
                          "Startup Cost": 0.0,
                          "Total Cost": 42318.73,
                          "Plan Rows": 632073,
                          "Plan Width": 4,
                          "Actual Startup Time": 0.034,
                          "Actual Total Time": 102.625,
                          "Actual Rows": 632078,
                          "Actual Loops": 4
                        }
                      ]
                    }
                  ]
                }
              ]
            }
          ]
        }
      ]
    },
    "Planning Time": 0.481,
    "Triggers": [],
    "Execution Time": 466.072
  }
]