[
  {
    "Plan": {
      "Node Type": "Aggregate",
      "Strategy": "Plain",
      "Partial Mode": "Finalize",
      "Parallel Aware": false,
      "Startup Cost": 46019.4,
      "Total Cost": 46019.41,
      "Plan Rows": 1,
      "Plan Width": 8,
      "Actual Startup Time": 115.721,
      "Actual Total Time": 125.822,
      "Actual Rows": 1,
      "Actual Loops": 1,
      "Plans": [
        {
          "Node Type": "Gather",
          "Parent Relationship": "Outer",
          "Parallel Aware": false,
          "Startup Cost": 46018.98,
          "Total Cost": 46019.39,
          "Plan Rows": 4,
          "Plan Width": 8,
          "Actual Startup Time": 115.579,
          "Actual Total Time": 125.813,
          "Actual Rows": 5,
          "Actual Loops": 1,
          "Workers Planned": 4,
          "Workers Launched": 4,
          "Single Copy": false,
          "Plans": [
            {
              "Node Type": "Aggregate",
              "Strategy": "Plain",
              "Partial Mode": "Partial",
              "Parent Relationship": "Outer",
              "Parallel Aware": false,
              "Startup Cost": 45018.98,
              "Total Cost": 45018.99,
              "Plan Rows": 1,
              "Plan Width": 8,
              "Actual Startup Time": 107.418,
              "Actual Total Time": 107.42,
              "Actual Rows": 1,
              "Actual Loops": 5,
              "Plans": [
                {
                  "Node Type": "Seq Scan",
                  "Parent Relationship": "Outer",
                  "Parallel Aware": true,
                  "Relation Name": "title",
                  "Alias": "t",
                  "Startup Cost": 0.0,
                  "Total Cost": 43898.92,
                  "Plan Rows": 448026,
                  "Plan Width": 0,
                  "Actual Startup Time": 0.037,
                  "Actual Total Time": 89.433,
                  "Actual Rows": 358831,
                  "Actual Loops": 5,
                  "Filter": "(production_year < 2009)",
                  "Rows Removed by Filter": 146832
                }
              ]
            }
          ]
        }
      ]
    },
    "Planning Time": 0.153,
    "Triggers": [],
    "Execution Time": 125.882
  }
]