[
  {
    "Plan": {
      "Node Type": "Aggregate",
      "Strategy": "Plain",
      "Partial Mode": "Finalize",
      "Parallel Aware": false,
      "Startup Cost": 76061.41,
      "Total Cost": 76061.42,
      "Plan Rows": 1,
      "Plan Width": 8,
      "Actual Startup Time": 262.673,
      "Actual Total Time": 280.458,
      "Actual Rows": 1,
      "Actual Loops": 1,
      "Plans": [
        {
          "Node Type": "Gather",
          "Parent Relationship": "Outer",
          "Parallel Aware": false,
          "Startup Cost": 76061.09,
          "Total Cost": 76061.4,
          "Plan Rows": 3,
          "Plan Width": 8,
          "Actual Startup Time": 261.65,
          "Actual Total Time": 280.449,
          "Actual Rows": 4,
          "Actual Loops": 1,
          "Workers Planned": 3,
          "Workers Launched": 3,
          "Single Copy": false,
          "Plans": [
            {
              "Node Type": "Aggregate",
              "Strategy": "Plain",
              "Partial Mode": "Partial",
              "Parent Relationship": "Outer",
              "Parallel Aware": false,
              "Startup Cost": 75061.09,
              "Total Cost": 75061.1,
              "Plan Rows": 1,
              "Plan Width": 8,
              "Actual Startup Time": 256.357,
              "Actual Total Time": 256.36,
              "Actual Rows": 1,
              "Actual Loops": 4,
              "Plans": [
                {
                  "Node Type": "Hash Join",
                  "Parent Relationship": "Outer",
                  "Parallel Aware": true,
                  "Join Type": "Inner",
                  "Startup Cost": 45610.37,
                  "Total Cost": 75026.26,
                  "Plan Rows": 13931,
                  "Plan Width": 0,
                  "Actual Startup Time": 129.818,
                  "Actual Total Time": 252.359,
                  "Actual Rows": 89034,
                  "Actual Loops": 4,
                  "Inner Unique": true,
                  "Hash Cond": "(mc.movie_id = t.id)",
                  "Plans": [
                    {
                      "Node Type": "Seq Scan",
                      "Parent Relationship": "Outer",
                      "Parallel Aware": true,
                      "Relation Name": "movie_companies",
                      "Alias": "mc",
                      "Startup Cost": 0.0,
                      "Total Cost": 27206.55,
                      "Plan Rows": 841655,
                      "Plan Width": 4,
                      "Actual Startup Time": 0.007,
                      "Actual Total Time": 58.813,
                      "Actual Rows": 652282,
                      "Actual Loops": 4
                    },
                    {
                      "Node Type": "Hash",
                      "Parent Relationship": "Inner",
                      "Parallel Aware": true,
                      "Startup Cost": 45479.59,
                      "Total Cost": 45479.59,
                      "Plan Rows": 10463,
                      "Plan Width": 4,
                      "Actual Startup Time": 104.443,
                      "Actual Total Time": 104.444,
                      "Actual Rows": 41573,
                      "Actual Loops": 4,
                      "Hash Buckets": 262144,
                      "Original Hash Buckets": 65536,
                      "Hash Batches": 1,
                      "Original Hash Batches": 1,
                      "Peak Memory Usage": 10144,
                      "Plans": [
                        {
                          "Node Type": "Seq Scan",
                          "Parent Relationship": "Outer",
                          "Parallel Aware": true,
                          "Relation Name": "title",
                          "Alias": "t",
                          "Startup Cost": 0.0,
                          "Total Cost": 45479.59,
                          "Plan Rows": 10463,
                          "Plan Width": 4,
                          "Actual Startup Time": 49.27,
                          "Actual Total Time": 87.559,
                          "Actual Rows": 41573,
                          "Actual Loops": 4,
                          "Filter": "((production_year < 1952) AND (kind_id = 1))",
                          "Rows Removed by Filter": 590505
                        }
                      ]
                    }
                  ]
                }
              ]
            }
          ]
        }
      ]
    },
    "Planning Time": 0.279,
    "Triggers": [],
    "Execution Time": 280.494
  }
]