[
  {
    "Plan": {
      "Node Type": "Aggregate",
      "Strategy": "Plain",
      "Partial Mode": "Finalize",
      "Parallel Aware": false,
      "Startup Cost": 31722.26,
      "Total Cost": 31722.27,
      "Plan Rows": 1,
      "Plan Width": 8,
      "Actual Startup Time": 131.621,
      "Actual Total Time": 142.57,
      "Actual Rows": 1,
      "Actual Loops": 1,
      "Plans": [
        {
          "Node Type": "Gather",
          "Parent Relationship": "Outer",
          "Parallel Aware": false,
          "Startup Cost": 31721.94,
          "Total Cost": 31722.25,
          "Plan Rows": 3,
          "Plan Width": 8,
          "Actual Startup Time": 131.495,
          "Actual Total Time": 142.559,
          "Actual Rows": 4,
          "Actual Loops": 1,
          "Workers Planned": 3,
          "Workers Launched": 3,
          "Single Copy": false,
          "Plans": [
            {
              "Node Type": "Aggregate",
              "Strategy": "Plain",
              "Partial Mode": "Partial",
              "Parent Relationship": "Outer",
              "Parallel Aware": false,
              "Startup Cost": 30721.94,
              "Total Cost": 30721.95,
              "Plan Rows": 1,
              "Plan Width": 8,
              "Actual Startup Time": 124.429,
              "Actual Total Time": 124.431,
              "Actual Rows": 1,
              "Actual Loops": 4,
              "Plans": [
                {
                  "Node Type": "Seq Scan",
                  "Parent Relationship": "Outer",
                  "Parallel Aware": true,
                  "Relation Name": "movie_companies",
                  "Alias": "mc",
                  "Startup Cost": 0.0,
                  "Total Cost": 29310.68,
                  "Plan Rows": 564505,
                  "Plan Width": 0,
                  "Actual Startup Time": 0.041,
                  "Actual Total Time": 97.434,
                  "Actual Rows": 433936,
                  "Actual Loops": 4,
                  "Filter": "(company_id < 23403)",
                  "Rows Removed by Filter": 218346
                }
              ]
            }
          ]
        }
      ]
    },
    "Planning Time": 0.188,
    "Triggers": [],
    "Execution Time": 142.627
  }
]