[
  {
    "Plan": {
      "Node Type": "Aggregate",
      "Strategy": "Plain",
      "Partial Mode": "Finalize",
      "Parallel Aware": false,
      "Startup Cost": 31127.28,
      "Total Cost": 31127.29,
      "Plan Rows": 1,
      "Plan Width": 8,
      "Actual Startup Time": 79.831,
      "Actual Total Time": 84.965,
      "Actual Rows": 1,
      "Actual Loops": 1,
      "Plans": [
        {
          "Node Type": "Gather",
          "Parent Relationship": "Outer",
          "Parallel Aware": false,
          "Startup Cost": 31126.96,
          "Total Cost": 31127.27,
          "Plan Rows": 3,
          "Plan Width": 8,
          "Actual Startup Time": 79.578,
          "Actual Total Time": 84.96,
          "Actual Rows": 4,
          "Actual Loops": 1,
          "Workers Planned": 3,
          "Workers Launched": 3,
          "Single Copy": false,
          "Plans": [
            {
              "Node Type": "Aggregate",
              "Strategy": "Plain",
              "Partial Mode": "Partial",
              "Parent Relationship": "Outer",
              "Parallel Aware": false,
              "Startup Cost": 30126.96,
              "Total Cost": 30126.97,
              "Plan Rows": 1,
              "Plan Width": 8,
              "Actual Startup Time": 75.664,
              "Actual Total Time": 75.67,
              "Actual Rows": 1,
              "Actual Loops": 4,
              "Plans": [
                {
                  "Node Type": "Bitmap Heap Scan",
                  "Parent Relationship": "Outer",
                  "Parallel Aware": true,
                  "Relation Name": "movie_companies",
                  "Alias": "mc",
                  "Startup Cost": 9115.49,
                  "Total Cost": 29952.6,
                  "Plan Rows": 69747,
                  "Plan Width": 0,
                  "Actual Startup Time": 59.083,
                  "Actual Total Time": 74.276,
                  "Actual Rows": 24602,
                  "Actual Loops": 4,
                  "Recheck Cond": "(company_id < 292)",
                  "Rows Removed by Index Recheck": 0,
                  "Filter": "(company_type_id = 2)",
                  "Rows Removed by Filter": 79652,
                  "Exact Heap Blocks": 8868,
                  "Lossy Heap Blocks": 0,
                  "Plans": [
                    {
                      "Node Type": "Bitmap Index Scan",
                      "Parent Relationship": "Outer",
                      "Parallel Aware": false,
                      "Index Name": "company_id_movie_companies",
                      "Startup Cost": 0.0,
                      "Total Cost": 9061.44,
                      "Plan Rows": 423068,
                      "Plan Width": 0,
                      "Actual Startup Time": 25.52,
                      "Actual Total Time": 25.52,
                      "Actual Rows": 417014,
                      "Actual Loops": 1,
                      "Index Cond": "(company_id < 292)"
                    }
                  ]
                }
              ]
            }
          ]
        }
      ]
    },
    "Planning Time": 0.103,
    "Triggers": [],
    "Execution Time": 85.011
  }
]