[
  {
    "Plan": {
      "Node Type": "Aggregate",
      "Strategy": "Plain",
      "Partial Mode": "Finalize",
      "Parallel Aware": false,
      "Startup Cost": 63899.26,
      "Total Cost": 63899.27,
      "Plan Rows": 1,
      "Plan Width": 8,
      "Actual Startup Time": 303.44,
      "Actual Total Time": 317.161,
      "Actual Rows": 1,
      "Actual Loops": 1,
      "Plans": [
        {
          "Node Type": "Gather",
          "Parent Relationship": "Outer",
          "Parallel Aware": false,
          "Startup Cost": 63899.05,
          "Total Cost": 63899.26,
          "Plan Rows": 2,
          "Plan Width": 8,
          "Actual Startup Time": 300.45,
          "Actual Total Time": 317.152,
          "Actual Rows": 3,
          "Actual Loops": 1,
          "Workers Planned": 2,
          "Workers Launched": 2,
          "Single Copy": false,
          "Plans": [
            {
              "Node Type": "Aggregate",
              "Strategy": "Plain",
              "Partial Mode": "Partial",
              "Parent Relationship": "Outer",
              "Parallel Aware": false,
              "Startup Cost": 62899.05,
              "Total Cost": 62899.06,
              "Plan Rows": 1,
              "Plan Width": 8,
              "Actual Startup Time": 292.895,
              "Actual Total Time": 292.899,
              "Actual Rows": 1,
              "Actual Loops": 3,
              "Plans": [
                {
                  "Node Type": "Hash Join",
                  "Parent Relationship": "Outer",
                  "Parallel Aware": true,
                  "Join Type": "Inner",
                  "Startup Cost": 47177.32,
                  "Total Cost": 62797.26,
                  "Plan Rows": 40716,
                  "Plan Width": 0,
                  "Actual Startup Time": 232.789,
                  "Actual Total Time": 290.121,
                  "Actual Rows": 50905,
                  "Actual Loops": 3,
                  "Inner Unique": true,
                  "Hash Cond": "(mi_idx.movie_id = t.id)",
                  "Plans": [
                    {
                      "Node Type": "Seq Scan",
                      "Parent Relationship": "Outer",
                      "Parallel Aware": true,
                      "Relation Name": "movie_info_idx",
                      "Alias": "mi_idx",
                      "Startup Cost": 0.0,
                      "Total Cost": 15122.68,
                      "Plan Rows": 189429,
                      "Plan Width": 4,
                      "Actual Startup Time": 0.029,
                      "Actual Total Time": 46.04,
                      "Actual Rows": 153308,
                      "Actual Loops": 3,
                      "Filter": "(info_type_id = 99)",
                      "Rows Removed by Filter": 306703
                    },
                    {
                      "Node Type": "Hash",
                      "Parent Relationship": "Inner",
                      "Parallel Aware": true,
                      "Startup Cost": 45479.1,
                      "Total Cost": 45479.1,
                      "Plan Rows": 135858,
                      "Plan Width": 4,
                      "Actual Startup Time": 193.1,
                      "Actual Total Time": 193.101,
                      "Actual Rows": 140221,
                      "Actual Loops": 3,
                      "Hash Buckets": 1048576,
                      "Original Hash Buckets": 1048576,
                      "Hash Batches": 1,
                      "Original Hash Batches": 1,
                      "Peak Memory Usage": 24704,
                      "Plans": [
                        {
                          "Node Type": "Seq Scan",
                          "Parent Relationship": "Outer",
                          "Parallel Aware": true,
                          "Relation Name": "title",
                          "Alias": "t",
                          "Startup Cost": 0.0,
                          "Total Cost": 45479.1,
                          "Plan Rows": 135858,
                          "Plan Width": 4,
                          "Actual Startup Time": 54.746,
                          "Actual Total Time": 140.196,
                          "Actual Rows": 140221,
                          "Actual Loops": 3,
                          "Filter": "((production_year > 1971) AND (kind_id = 1))",
                          "Rows Removed by Filter": 702549
                        }
                      ]
                    }
                  ]
                }
              ]
            }
          ]
        }
      ]
    },
    "Planning Time": 0.629,
    "Triggers": [],
    "Execution Time": 317.24
  }
]