[
  {
    "Plan": {
      "Node Type": "Aggregate",
      "Strategy": "Plain",
      "Partial Mode": "Finalize",
      "Parallel Aware": false,
      "Startup Cost": 63557.38,
      "Total Cost": 63557.39,
      "Plan Rows": 1,
      "Plan Width": 8,
      "Actual Startup Time": 226.631,
      "Actual Total Time": 240.595,
      "Actual Rows": 1,
      "Actual Loops": 1,
      "Plans": [
        {
          "Node Type": "Gather",
          "Parent Relationship": "Outer",
          "Parallel Aware": false,
          "Startup Cost": 63557.16,
          "Total Cost": 63557.37,
          "Plan Rows": 2,
          "Plan Width": 8,
          "Actual Startup Time": 225.747,
          "Actual Total Time": 240.588,
          "Actual Rows": 3,
          "Actual Loops": 1,
          "Workers Planned": 2,
          "Workers Launched": 2,
          "Single Copy": false,
          "Plans": [
            {
              "Node Type": "Aggregate",
              "Strategy": "Plain",
              "Partial Mode": "Partial",
              "Parent Relationship": "Outer",
              "Parallel Aware": false,
              "Startup Cost": 62557.16,
              "Total Cost": 62557.17,
              "Plan Rows": 1,
              "Plan Width": 8,
              "Actual Startup Time": 217.924,
              "Actual Total Time": 217.927,
              "Actual Rows": 1,
              "Actual Loops": 3,
              "Plans": [
                {
                  "Node Type": "Hash Join",
                  "Parent Relationship": "Outer",
                  "Parallel Aware": true,
                  "Join Type": "Inner",
                  "Startup Cost": 46854.77,
                  "Total Cost": 62474.71,
                  "Plan Rows": 32983,
                  "Plan Width": 0,
                  "Actual Startup Time": 149.734,
                  "Actual Total Time": 217.232,
                  "Actual Rows": 15596,
                  "Actual Loops": 3,
                  "Inner Unique": true,
                  "Hash Cond": "(mi_idx.movie_id = t.id)",
                  "Plans": [
                    {
                      "Node Type": "Seq Scan",
                      "Parent Relationship": "Outer",
                      "Parallel Aware": true,
                      "Relation Name": "movie_info_idx",
                      "Alias": "mi_idx",
                      "Startup Cost": 0.0,
                      "Total Cost": 15122.68,
                      "Plan Rows": 189429,
                      "Plan Width": 4,
                      "Actual Startup Time": 0.025,
                      "Actual Total Time": 36.345,
                      "Actual Rows": 153308,
                      "Actual Loops": 3,
                      "Filter": "(info_type_id < 100)",
                      "Rows Removed by Filter": 306703
                    },
                    {
                      "Node Type": "Hash",
                      "Parent Relationship": "Inner",
                      "Parallel Aware": true,
                      "Startup Cost": 45479.1,
                      "Total Cost": 45479.1,
                      "Plan Rows": 110054,
                      "Plan Width": 4,
                      "Actual Startup Time": 145.551,
                      "Actual Total Time": 145.552,
                      "Actual Rows": 102323,
                      "Actual Loops": 3,
                      "Hash Buckets": 524288,
                      "Original Hash Buckets": 524288,
                      "Hash Batches": 1,
                      "Original Hash Batches": 1,
                      "Peak Memory Usage": 16160,
                      "Plans": [
                        {
                          "Node Type": "Seq Scan",
                          "Parent Relationship": "Outer",
                          "Parallel Aware": true,
                          "Relation Name": "title",
                          "Alias": "t",
                          "Startup Cost": 0.0,
                          "Total Cost": 45479.1,
                          "Plan Rows": 110054,
                          "Plan Width": 4,
                          "Actual Startup Time": 0.038,
                          "Actual Total Time": 114.156,
                          "Actual Rows": 102323,
                          "Actual Loops": 3,
                          "Filter": "((kind_id > 1) AND (production_year < 1986))",
                          "Rows Removed by Filter": 740447
                        }
                      ]
                    }
                  ]
                }
              ]
            }
          ]
        }
      ]
    },
    "Planning Time": 0.597,
    "Triggers": [],
    "Execution Time": 240.668
  }
]