[
  {
    "Plan": {
      "Node Type": "Aggregate",
      "Strategy": "Plain",
      "Partial Mode": "Finalize",
      "Parallel Aware": false,
      "Startup Cost": 44629.12,
      "Total Cost": 44629.13,
      "Plan Rows": 1,
      "Plan Width": 8,
      "Actual Startup Time": 133.918,
      "Actual Total Time": 140.98,
      "Actual Rows": 1,
      "Actual Loops": 1,
      "Plans": [
        {
          "Node Type": "Gather",
          "Parent Relationship": "Outer",
          "Parallel Aware": false,
          "Startup Cost": 44628.8,
          "Total Cost": 44629.11,
          "Plan Rows": 3,
          "Plan Width": 8,
          "Actual Startup Time": 133.827,
          "Actual Total Time": 140.973,
          "Actual Rows": 4,
          "Actual Loops": 1,
          "Workers Planned": 3,
          "Workers Launched": 3,
          "Single Copy": false,
          "Plans": [
            {
              "Node Type": "Aggregate",
              "Strategy": "Plain",
              "Partial Mode": "Partial",
              "Parent Relationship": "Outer",
              "Parallel Aware": false,
              "Startup Cost": 43628.8,
              "Total Cost": 43628.81,
              "Plan Rows": 1,
              "Plan Width": 8,
              "Actual Startup Time": 127.028,
              "Actual Total Time": 127.029,
              "Actual Rows": 1,
              "Actual Loops": 4,
              "Plans": [
                {
                  "Node Type": "Seq Scan",
                  "Parent Relationship": "Outer",
                  "Parallel Aware": true,
                  "Relation Name": "movie_keyword",
                  "Alias": "mk",
                  "Startup Cost": 0.0,
                  "Total Cost": 42695.65,
                  "Plan Rows": 373260,
                  "Plan Width": 0,
                  "Actual Startup Time": 3.265,
                  "Actual Total Time": 110.863,
                  "Actual Rows": 291462,
                  "Actual Loops": 4,
                  "Filter": "(keyword_id > 16057)",
                  "Rows Removed by Filter": 839521
                }
              ]
            }
          ]
        }
      ]
    },
    "Planning Time": 0.154,
    "Triggers": [],
    "Execution Time": 141.028
  }
]