[
  {
    "Plan": {
      "Node Type": "Aggregate",
      "Strategy": "Plain",
      "Partial Mode": "Finalize",
      "Parallel Aware": false,
      "Startup Cost": 33158.32,
      "Total Cost": 33158.33,
      "Plan Rows": 1,
      "Plan Width": 8,
      "Actual Startup Time": 107.342,
      "Actual Total Time": 115.95,
      "Actual Rows": 1,
      "Actual Loops": 1,
      "Plans": [
        {
          "Node Type": "Gather",
          "Parent Relationship": "Outer",
          "Parallel Aware": false,
          "Startup Cost": 33158.0,
          "Total Cost": 33158.31,
          "Plan Rows": 3,
          "Plan Width": 8,
          "Actual Startup Time": 107.233,
          "Actual Total Time": 115.941,
          "Actual Rows": 4,
          "Actual Loops": 1,
          "Workers Planned": 3,
          "Workers Launched": 3,
          "Single Copy": false,
          "Plans": [
            {
              "Node Type": "Aggregate",
              "Strategy": "Plain",
              "Partial Mode": "Partial",
              "Parent Relationship": "Outer",
              "Parallel Aware": false,
              "Startup Cost": 32158.0,
              "Total Cost": 32158.01,
              "Plan Rows": 1,
              "Plan Width": 8,
              "Actual Startup Time": 99.022,
              "Actual Total Time": 99.023,
              "Actual Rows": 1,
              "Actual Loops": 4,
              "Plans": [
                {
                  "Node Type": "Seq Scan",
                  "Parent Relationship": "Outer",
                  "Parallel Aware": true,
                  "Relation Name": "movie_companies",
                  "Alias": "mc",
                  "Startup Cost": 0.0,
                  "Total Cost": 31414.82,
                  "Plan Rows": 297272,
                  "Plan Width": 0,
                  "Actual Startup Time": 53.315,
                  "Actual Total Time": 91.534,
                  "Actual Rows": 150465,
                  "Actual Loops": 4,
                  "Filter": "((company_id < 29448) AND (company_type_id > 1))",
                  "Rows Removed by Filter": 501817
                }
              ]
            }
          ]
        }
      ]
    },
    "Planning Time": 0.223,
    "Triggers": [],
    "Execution Time": 116.01
  }
]