{
  "Plan": {
    "Node Type": "Aggregate",
    "Strategy": "Plain",
    "Partial Mode": "Finalize",
    "Parallel Aware": false,
    "Startup Cost": 177290.25,
    "Total Cost": 177290.26,
    "Plan Rows": 1,
    "Plan Width": 8,
    "Actual Startup Time": 1898.465,
    "Actual Total Time": 1925.382,
    "Actual Rows": 1,
    "Actual Loops": 1,
    "Plans": [
      {
        "Node Type": "Gather",
        "Parent Relationship": "Outer",
        "Parallel Aware": false,
        "Startup Cost": 177290.14,
        "Total Cost": 177290.25,
        "Plan Rows": 1,
        "Plan Width": 8,
        "Actual Startup Time": 1890.167,
        "Actual Total Time": 1925.373,
        "Actual Rows": 2,
        "Actual Loops": 1,
        "Workers Planned": 1,
        "Workers Launched": 1,
        "Single Copy": false,
        "Plans": [
          {
            "Node Type": "Aggregate",
            "Strategy": "Plain",
            "Partial Mode": "Partial",
            "Parent Relationship": "Outer",
            "Parallel Aware": false,
            "Startup Cost": 176290.14,
            "Total Cost": 176290.15,
            "Plan Rows": 1,
            "Plan Width": 8,
            "Actual Startup Time": 1884.256,
            "Actual Total Time": 1884.535,
            "Actual Rows": 1,
            "Actual Loops": 2,
            "Plans": [
              {
                "Node Type": "Hash Join",
                "Parent Relationship": "Outer",
                "Parallel Aware": true,
                "Join Type": "Inner",
                "Startup Cost": 131316.61,
                "Total Cost": 174774.97,
                "Plan Rows": 606068,
                "Plan Width": 0,
                "Actual Startup Time": 1024.251,
                "Actual Total Time": 1693.599,
                "Actual Rows": 3916300,
                "Actual Loops": 2,
                "Inner Unique": false,
                "Hash Cond": "(mc.movie_id = t.id)",
                "Plans": [
                  {
                    "Node Type": "Seq Scan",
                    "Parent Relationship": "Outer",
                    "Parallel Aware": true,
                    "Relation Name": "movie_companies",
                    "Alias": "mc",
                    "Startup Cost": 0.0,
                    "Total Cost": 34137.82,
                    "Plan Rows": 1534782,
                    "Plan Width": 4,
                    "Actual Startup Time": 0.021,
                    "Actual Total Time": 117.157,
                    "Actual Rows": 1304564,
                    "Actual Loops": 2
                  },
                  {
                    "Node Type": "Hash",
                    "Parent Relationship": "Inner",
                    "Parallel Aware": true,
                    "Startup Cost": 123975.47,
                    "Total Cost": 123975.47,
                    "Plan Rows": 587291,
                    "Plan Width": 8,
                    "Actual Startup Time": 1008.778,
                    "Actual Total Time": 1009.056,
                    "Actual Rows": 495765,
                    "Actual Loops": 2,
                    "Hash Buckets": 1048576,
                    "Original Hash Buckets": 1048576,
                    "Hash Batches": 1,
                    "Original Hash Batches": 1,
                    "Peak Memory Usage": 47008,
                    "Plans": [
                      {
                        "Node Type": "Hash Join",
                        "Parent Relationship": "Outer",
                        "Parallel Aware": true,
                        "Join Type": "Inner",
                        "Startup Cost": 90638.69,
                        "Total Cost": 123975.47,
                        "Plan Rows": 587291,
                        "Plan Width": 8,
                        "Actual Startup Time": 652.768,
                        "Actual Total Time": 896.599,
                        "Actual Rows": 495765,
                        "Actual Loops": 2,
                        "Inner Unique": true,
                        "Hash Cond": "(mk.movie_id = t.id)",
                        "Plans": [
                          {
                            "Node Type": "Bitmap Heap Scan",
                            "Parent Relationship": "Outer",
                            "Parallel Aware": true,
                            "Relation Name": "movie_keyword",
                            "Alias": "mk",
                            "Startup Cost": 21177.99,
                            "Total Cost": 52973.13,
                            "Plan Rows": 587291,
                            "Plan Width": 4,
                            "Actual Startup Time": 62.426,
                            "Actual Total Time": 172.995,
                            "Actual Rows": 495765,
                            "Actual Loops": 2,
                            "Recheck Cond": "(keyword_id > 18649)",
                            "Rows Removed by Index Recheck": 0,
                            "Exact Heap Blocks": 15140,
                            "Lossy Heap Blocks": 0,
                            "Plans": [
                              {
                                "Node Type": "Bitmap Index Scan",
                                "Parent Relationship": "Outer",
                                "Parallel Aware": false,
                                "Index Name": "keyword_id_movie_keyword",
                                "Startup Cost": 0.0,
                                "Total Cost": 20928.4,
                                "Plan Rows": 998395,
                                "Plan Width": 0,
                                "Actual Startup Time": 58.876,
                                "Actual Total Time": 58.876,
                                "Actual Rows": 991530,
                                "Actual Loops": 1,
                                "Index Cond": "(keyword_id > 18649)"
                              }
                            ]
                          },
                          {
                            "Node Type": "Hash",
                            "Parent Relationship": "Inner",
                            "Parallel Aware": true,
                            "Startup Cost": 50870.31,
                            "Total Cost": 50870.31,
                            "Plan Rows": 1487231,
                            "Plan Width": 4,
                            "Actual Startup Time": 574.513,
                            "Actual Total Time": 574.514,
                            "Actual Rows": 1264156,
                            "Actual Loops": 2,
                            "Hash Buckets": 4194304,
                            "Original Hash Buckets": 4194304,
                            "Hash Batches": 1,
                            "Original Hash Batches": 1,
                            "Peak Memory Usage": 131712,
                            "Plans": [
                              {
                                "Node Type": "Seq Scan",
                                "Parent Relationship": "Outer",
                                "Parallel Aware": true,
                                "Relation Name": "title",
                                "Alias": "t",
                                "Startup Cost": 0.0,
                                "Total Cost": 50870.31,
                                "Plan Rows": 1487231,
                                "Plan Width": 4,
                                "Actual Startup Time": 0.032,
                                "Actual Total Time": 178.054,
                                "Actual Rows": 1264156,
                                "Actual Loops": 2
                              }
                            ]
                          }
                        ]
                      }
                    ]
                  }
                ]
              }
            ]
          }
        ]
      }
    ]
  },
  "Planning Time": 1.1,
  "Triggers": [],
  "Execution Time": 1925.484
}