[
  {
    "Plan": {
      "Node Type": "Aggregate",
      "Strategy": "Plain",
      "Partial Mode": "Finalize",
      "Parallel Aware": false,
      "Startup Cost": 32644.37,
      "Total Cost": 32644.38,
      "Plan Rows": 1,
      "Plan Width": 8,
      "Actual Startup Time": 93.068,
      "Actual Total Time": 100.939,
      "Actual Rows": 1,
      "Actual Loops": 1,
      "Plans": [
        {
          "Node Type": "Gather",
          "Parent Relationship": "Outer",
          "Parallel Aware": false,
          "Startup Cost": 32644.05,
          "Total Cost": 32644.36,
          "Plan Rows": 3,
          "Plan Width": 8,
          "Actual Startup Time": 92.966,
          "Actual Total Time": 100.931,
          "Actual Rows": 4,
          "Actual Loops": 1,
          "Workers Planned": 3,
          "Workers Launched": 3,
          "Single Copy": false,
          "Plans": [
            {
              "Node Type": "Aggregate",
              "Strategy": "Plain",
              "Partial Mode": "Partial",
              "Parent Relationship": "Outer",
              "Parallel Aware": false,
              "Startup Cost": 31644.05,
              "Total Cost": 31644.06,
              "Plan Rows": 1,
              "Plan Width": 8,
              "Actual Startup Time": 84.352,
              "Actual Total Time": 84.353,
              "Actual Rows": 1,
              "Actual Loops": 4,
              "Plans": [
                {
                  "Node Type": "Seq Scan",
                  "Parent Relationship": "Outer",
                  "Parallel Aware": true,
                  "Relation Name": "movie_companies",
                  "Alias": "mc",
                  "Startup Cost": 0.0,
                  "Total Cost": 31414.82,
                  "Plan Rows": 91693,
                  "Plan Width": 0,
                  "Actual Startup Time": 47.109,
                  "Actual Total Time": 78.624,
                  "Actual Rows": 143181,
                  "Actual Loops": 4,
                  "Filter": "((company_id > 71258) AND (company_type_id = 2))",
                  "Rows Removed by Filter": 509101
                }
              ]
            }
          ]
        }
      ]
    },
    "Planning Time": 0.197,
    "Triggers": [],
    "Execution Time": 100.995
  }
]