[
  {
    "Plan": {
      "Node Type": "Aggregate",
      "Strategy": "Plain",
      "Partial Mode": "Finalize",
      "Parallel Aware": false,
      "Startup Cost": 77894.44,
      "Total Cost": 77894.45,
      "Plan Rows": 1,
      "Plan Width": 8,
      "Actual Startup Time": 238.272,
      "Actual Total Time": 254.257,
      "Actual Rows": 1,
      "Actual Loops": 1,
      "Plans": [
        {
          "Node Type": "Gather",
          "Parent Relationship": "Outer",
          "Parallel Aware": false,
          "Startup Cost": 77894.13,
          "Total Cost": 77894.44,
          "Plan Rows": 3,
          "Plan Width": 8,
          "Actual Startup Time": 236.753,
          "Actual Total Time": 254.237,
          "Actual Rows": 4,
          "Actual Loops": 1,
          "Workers Planned": 3,
          "Workers Launched": 3,
          "Single Copy": false,
          "Plans": [
            {
              "Node Type": "Aggregate",
              "Strategy": "Plain",
              "Partial Mode": "Partial",
              "Parent Relationship": "Outer",
              "Parallel Aware": false,
              "Startup Cost": 76894.13,
              "Total Cost": 76894.14,
              "Plan Rows": 1,
              "Plan Width": 8,
              "Actual Startup Time": 227.856,
              "Actual Total Time": 227.859,
              "Actual Rows": 1,
              "Actual Loops": 4,
              "Plans": [
                {
                  "Node Type": "Hash Join",
                  "Parent Relationship": "Outer",
                  "Parallel Aware": true,
                  "Join Type": "Inner",
                  "Startup Cost": 47059.4,
                  "Total Cost": 76810.27,
                  "Plan Rows": 33541,
                  "Plan Width": 0,
                  "Actual Startup Time": 164.155,
                  "Actual Total Time": 225.906,
                  "Actual Rows": 48439,
                  "Actual Loops": 4,
                  "Inner Unique": true,
                  "Hash Cond": "(mc.movie_id = t.id)",
                  "Plans": [
                    {
                      "Node Type": "Seq Scan",
                      "Parent Relationship": "Outer",
                      "Parallel Aware": true,
                      "Relation Name": "movie_companies",
                      "Alias": "mc",
                      "Startup Cost": 0.0,
                      "Total Cost": 29310.68,
                      "Plan Rows": 167693,
                      "Plan Width": 4,
                      "Actual Startup Time": 28.207,
                      "Actual Total Time": 57.806,
                      "Actual Rows": 132572,
                      "Actual Loops": 4,
                      "Filter": "(company_id > 72717)",
                      "Rows Removed by Filter": 519710
                    },
                    {
                      "Node Type": "Hash",
                      "Parent Relationship": "Inner",
                      "Parallel Aware": true,
                      "Startup Cost": 45479.1,
                      "Total Cost": 45479.1,
                      "Plan Rows": 126424,
                      "Plan Width": 4,
                      "Actual Startup Time": 132.468,
                      "Actual Total Time": 132.468,
                      "Actual Rows": 98121,
                      "Actual Loops": 4,
                      "Hash Buckets": 524288,
                      "Original Hash Buckets": 524288,
                      "Hash Batches": 1,
                      "Original Hash Batches": 1,
                      "Peak Memory Usage": 19488,
                      "Plans": [
                        {
                          "Node Type": "Seq Scan",
                          "Parent Relationship": "Outer",
                          "Parallel Aware": true,
                          "Relation Name": "title",
                          "Alias": "t",
                          "Startup Cost": 0.0,
                          "Total Cost": 45479.1,
                          "Plan Rows": 126424,
                          "Plan Width": 4,
                          "Actual Startup Time": 0.048,
                          "Actual Total Time": 99.254,
                          "Actual Rows": 98121,
                          "Actual Loops": 4,
                          "Filter": "((kind_id < 4) AND (production_year > 1998))",
                          "Rows Removed by Filter": 533957
                        }
                      ]
                    }
                  ]
                }
              ]
            }
          ]
        }
      ]
    },
    "Planning Time": 0.695,
    "Triggers": [],
    "Execution Time": 254.325
  }
]