[
  {
    "Plan": {
      "Node Type": "Aggregate",
      "Strategy": "Plain",
      "Partial Mode": "Finalize",
      "Parallel Aware": false,
      "Startup Cost": 32226.99,
      "Total Cost": 32227.0,
      "Plan Rows": 1,
      "Plan Width": 8,
      "Actual Startup Time": 126.975,
      "Actual Total Time": 135.419,
      "Actual Rows": 1,
      "Actual Loops": 1,
      "Plans": [
        {
          "Node Type": "Gather",
          "Parent Relationship": "Outer",
          "Parallel Aware": false,
          "Startup Cost": 32226.67,
          "Total Cost": 32226.98,
          "Plan Rows": 3,
          "Plan Width": 8,
          "Actual Startup Time": 126.894,
          "Actual Total Time": 135.41,
          "Actual Rows": 4,
          "Actual Loops": 1,
          "Workers Planned": 3,
          "Workers Launched": 3,
          "Single Copy": false,
          "Plans": [
            {
              "Node Type": "Aggregate",
              "Strategy": "Plain",
              "Partial Mode": "Partial",
              "Parent Relationship": "Outer",
              "Parallel Aware": false,
              "Startup Cost": 31226.67,
              "Total Cost": 31226.68,
              "Plan Rows": 1,
              "Plan Width": 8,
              "Actual Startup Time": 120.318,
              "Actual Total Time": 120.319,
              "Actual Rows": 1,
              "Actual Loops": 4,
              "Plans": [
                {
                  "Node Type": "Seq Scan",
                  "Parent Relationship": "Outer",
                  "Parallel Aware": true,
                  "Relation Name": "movie_companies",
                  "Alias": "mc",
                  "Startup Cost": 0.0,
                  "Total Cost": 29310.68,
                  "Plan Rows": 766395,
                  "Plan Width": 0,
                  "Actual Startup Time": 0.107,
                  "Actual Total Time": 89.96,
                  "Actual Rows": 594116,
                  "Actual Loops": 4,
                  "Filter": "(company_id > 92)",
                  "Rows Removed by Filter": 58166
                }
              ]
            }
          ]
        }
      ]
    },
    "Planning Time": 0.169,
    "Triggers": [],
    "Execution Time": 135.486
  }
]