[
  {
    "Plan": {
      "Node Type": "Aggregate",
      "Strategy": "Plain",
      "Partial Mode": "Finalize",
      "Parallel Aware": false,
      "Startup Cost": 293288.15,
      "Total Cost": 293288.16,
      "Plan Rows": 1,
      "Plan Width": 8,
      "Actual Startup Time": 1692.653,
      "Actual Total Time": 1739.318,
      "Actual Rows": 1,
      "Actual Loops": 1,
      "Plans": [
        {
          "Node Type": "Gather",
          "Parent Relationship": "Outer",
          "Parallel Aware": false,
          "Startup Cost": 293287.63,
          "Total Cost": 293288.14,
          "Plan Rows": 5,
          "Plan Width": 8,
          "Actual Startup Time": 1677.4,
          "Actual Total Time": 1739.305,
          "Actual Rows": 6,
          "Actual Loops": 1,
          "Workers Planned": 5,
          "Workers Launched": 5,
          "Single Copy": false,
          "Plans": [
            {
              "Node Type": "Aggregate",
              "Strategy": "Plain",
              "Partial Mode": "Partial",
              "Parent Relationship": "Outer",
              "Parallel Aware": false,
              "Startup Cost": 292287.63,
              "Total Cost": 292287.64,
              "Plan Rows": 1,
              "Plan Width": 8,
              "Actual Startup Time": 1666.479,
              "Actual Total Time": 1666.598,
              "Actual Rows": 1,
              "Actual Loops": 6,
              "Plans": [
                {
                  "Node Type": "Hash Join",
                  "Parent Relationship": "Outer",
                  "Parallel Aware": true,
                  "Join Type": "Inner",
                  "Startup Cost": 87311.75,
                  "Total Cost": 291271.26,
                  "Plan Rows": 406547,
                  "Plan Width": 0,
                  "Actual Startup Time": 413.027,
                  "Actual Total Time": 1472.514,
                  "Actual Rows": 3640176,
                  "Actual Loops": 6,
                  "Inner Unique": false,
                  "Hash Cond": "(mi.movie_id = t.id)",
                  "Plans": [
                    {
                      "Node Type": "Seq Scan",
                      "Parent Relationship": "Outer",
                      "Parallel Aware": true,
                      "Relation Name": "movie_info",
                      "Alias": "mi",
                      "Startup Cost": 0.0,
                      "Total Cost": 191560.33,
                      "Plan Rows": 2956733,
                      "Plan Width": 4,
                      "Actual Startup Time": 0.035,
                      "Actual Total Time": 338.518,
                      "Actual Rows": 2472620,
                      "Actual Loops": 6
                    },
                    {
                      "Node Type": "Hash",
                      "Parent Relationship": "Inner",
                      "Parallel Aware": true,
                      "Startup Cost": 85909.98,
                      "Total Cost": 85909.98,
                      "Plan Rows": 112141,
                      "Plan Width": 8,
                      "Actual Startup Time": 409.573,
                      "Actual Total Time": 409.69,
                      "Actual Rows": 63082,
                      "Actual Loops": 6,
                      "Hash Buckets": 524288,
                      "Original Hash Buckets": 524288,
                      "Hash Batches": 1,
                      "Original Hash Batches": 1,
                      "Peak Memory Usage": 18976,
                      "Plans": [
                        {
                          "Node Type": "Hash Join",
                          "Parent Relationship": "Outer",
                          "Parallel Aware": true,
                          "Join Type": "Inner",
                          "Startup Cost": 59379.7,
                          "Total Cost": 85909.98,
                          "Plan Rows": 112141,
                          "Plan Width": 8,
                          "Actual Startup Time": 306.404,
                          "Actual Total Time": 383.77,
                          "Actual Rows": 63082,
                          "Actual Loops": 6,
                          "Inner Unique": true,
                          "Hash Cond": "(mk.movie_id = t.id)",
                          "Plans": [
                            {
                              "Node Type": "Bitmap Heap Scan",
                              "Parent Relationship": "Outer",
                              "Parallel Aware": true,
                              "Relation Name": "movie_keyword",
                              "Alias": "mk",
                              "Startup Cost": 9026.46,
                              "Total Cost": 35196.4,
                              "Plan Rows": 137275,
                              "Plan Width": 4,
                              "Actual Startup Time": 27.892,
                              "Actual Total Time": 73.791,
                              "Actual Rows": 68894,
                              "Actual Loops": 6,
                              "Recheck Cond": "(keyword_id > 41995)",
                              "Rows Removed by Index Recheck": 0,
                              "Exact Heap Blocks": 3805,
                              "Lossy Heap Blocks": 0,
                              "Plans": [
                                {
                                  "Node Type": "Bitmap Index Scan",
                                  "Parent Relationship": "Outer",
                                  "Parallel Aware": false,
                                  "Index Name": "keyword_id_movie_keyword",
                                  "Startup Cost": 0.0,
                                  "Total Cost": 8920.07,
                                  "Plan Rows": 425552,
                                  "Plan Width": 0,
                                  "Actual Startup Time": 24.503,
                                  "Actual Total Time": 24.503,
                                  "Actual Rows": 413361,
                                  "Actual Loops": 1,
                                  "Index Cond": "(keyword_id > 41995)"
                                }
                              ]
                            },
                            {
                              "Node Type": "Hash",
                              "Parent Relationship": "Inner",
                              "Parallel Aware": true,
                              "Startup Cost": 43898.92,
                              "Total Cost": 43898.92,
                              "Plan Rows": 516346,
                              "Plan Width": 4,
                              "Actual Startup Time": 274.779,
                              "Actual Total Time": 274.78,
                              "Actual Rows": 344092,
                              "Actual Loops": 6,
                              "Hash Buckets": 2097152,
                              "Original Hash Buckets": 2097152,
                              "Hash Batches": 1,
                              "Original Hash Batches": 1,
                              "Peak Memory Usage": 97216,
                              "Plans": [
                                {
                                  "Node Type": "Seq Scan",
                                  "Parent Relationship": "Outer",
                                  "Parallel Aware": true,
                                  "Relation Name": "title",
                                  "Alias": "t",
                                  "Startup Cost": 0.0,
                                  "Total Cost": 43898.92,
                                  "Plan Rows": 516346,
                                  "Plan Width": 4,
                                  "Actual Startup Time": 0.052,
                                  "Actual Total Time": 101.203,
                                  "Actual Rows": 344092,
                                  "Actual Loops": 6,
                                  "Filter": "(production_year < 2011)",
                                  "Rows Removed by Filter": 77293
                                }
                              ]
                            }
                          ]
                        }
                      ]
                    }
                  ]
                }
              ]
            }
          ]
        }
      ]
    },
    "Planning Time": 1.344,
    "Triggers": [],
    "Execution Time": 1739.431
  }
]