{
  "Plan": {
    "Node Type": "Aggregate",
    "Strategy": "Plain",
    "Partial Mode": "Simple",
    "Parallel Aware": false,
    "Startup Cost": 812497.35,
    "Total Cost": 812497.36,
    "Plan Rows": 1,
    "Plan Width": 64,
    "Actual Startup Time": 4775.101,
    "Actual Total Time": 4775.198,
    "Actual Rows": 1,
    "Actual Loops": 1,
    "Plans": [
      {
        "Node Type": "Merge Join",
        "Parent Relationship": "Outer",
        "Parallel Aware": false,
        "Join Type": "Inner",
        "Startup Cost": 799820.77,
        "Total Cost": 812497.22,
        "Plan Rows": 25,
        "Plan Width": 60,
        "Actual Startup Time": 4652.995,
        "Actual Total Time": 4774.998,
        "Actual Rows": 2271,
        "Actual Loops": 1,
        "Inner Unique": false,
        "Merge Cond": "(cn.id = mc.company_id)",
        "Plans": [
          {
            "Node Type": "Index Scan",
            "Parent Relationship": "Outer",
            "Parallel Aware": false,
            "Scan Direction": "Forward",
            "Index Name": "company_name_pkey",
            "Relation Name": "company_name",
            "Alias": "cn",
            "Startup Cost": 0.42,
            "Total Cost": 12469.43,
            "Plan Rows": 85931,
            "Plan Width": 4,
            "Actual Startup Time": 0.027,
            "Actual Total Time": 117.253,
            "Actual Rows": 84699,
            "Actual Loops": 1,
            "Filter": "((country_code)::text = '[us]'::text)",
            "Rows Removed by Filter": 149415
          },
          {
            "Node Type": "Sort",
            "Parent Relationship": "Inner",
            "Parallel Aware": false,
            "Startup Cost": 799820.34,
            "Total Cost": 799820.52,
            "Plan Rows": 69,
            "Plan Width": 64,
            "Actual Startup Time": 4652.934,
            "Actual Total Time": 4653.226,
            "Actual Rows": 3123,
            "Actual Loops": 1,
            "Sort Key": [
              "mc.company_id"
            ],
            "Sort Method": "quicksort",
            "Sort Space Used": 361,
            "Sort Space Type": "Memory",
            "Plans": [
              {
                "Node Type": "Merge Join",
                "Parent Relationship": "Outer",
                "Parallel Aware": false,
                "Join Type": "Inner",
                "Startup Cost": 799817.18,
                "Total Cost": 799818.24,
                "Plan Rows": 69,
                "Plan Width": 64,
                "Actual Startup Time": 4651.811,
                "Actual Total Time": 4652.403,
                "Actual Rows": 3123,
                "Actual Loops": 1,
                "Inner Unique": true,
                "Merge Cond": "(mc.company_type_id = ct.id)",
                "Plans": [
                  {
                    "Node Type": "Sort",
                    "Parent Relationship": "Outer",
                    "Parallel Aware": false,
                    "Startup Cost": 799816.1,
                    "Total Cost": 799816.27,
                    "Plan Rows": 69,
                    "Plan Width": 68,
                    "Actual Startup Time": 4651.782,
                    "Actual Total Time": 4651.998,
                    "Actual Rows": 3123,
                    "Actual Loops": 1,
                    "Sort Key": [
                      "mc.company_type_id"
                    ],
                    "Sort Method": "quicksort",
                    "Sort Space Used": 383,
                    "Sort Space Type": "Memory",
                    "Plans": [
                      {
                        "Node Type": "Merge Join",
                        "Parent Relationship": "Outer",
                        "Parallel Aware": false,
                        "Join Type": "Inner",
                        "Startup Cost": 630857.34,
                        "Total Cost": 799813.99,
                        "Plan Rows": 69,
                        "Plan Width": 68,
                        "Actual Startup Time": 3608.869,
                        "Actual Total Time": 4651.186,
                        "Actual Rows": 3123,
                        "Actual Loops": 1,
                        "Inner Unique": false,
                        "Merge Cond": "(mk.movie_id = mc.movie_id)",
                        "Plans": [
                          {
                            "Node Type": "Merge Join",
                            "Parent Relationship": "Outer",
                            "Parallel Aware": false,
                            "Join Type": "Inner",
                            "Startup Cost": 630848.85,
                            "Total Cost": 652882.89,
                            "Plan Rows": 67,
                            "Plan Width": 76,
                            "Actual Startup Time": 3606.677,
                            "Actual Total Time": 3836.102,
                            "Actual Rows": 1150,
                            "Actual Loops": 1,
                            "Inner Unique": false,
                            "Merge Cond": "(at.movie_id = mk.movie_id)",
                            "Plans": [
                              {
                                "Node Type": "Index Only Scan",
                                "Parent Relationship": "Outer",
                                "Parallel Aware": false,
                                "Scan Direction": "Forward",
                                "Index Name": "movie_id_aka_title",
                                "Relation Name": "aka_title",
                                "Alias": "at",
                                "Startup Cost": 0.42,
                                "Total Cost": 21135.93,
                                "Plan Rows": 361472,
                                "Plan Width": 4,
                                "Actual Startup Time": 0.03,
                                "Actual Total Time": 211.762,
                                "Actual Rows": 359095,
                                "Actual Loops": 1,
                                "Heap Fetches": 359095
                              },
                              {
                                "Node Type": "Sort",
                                "Parent Relationship": "Inner",
                                "Parallel Aware": false,
                                "Startup Cost": 630842.27,
                                "Total Cost": 630842.34,
                                "Plan Rows": 26,
                                "Plan Width": 72,
                                "Actual Startup Time": 3605.756,
                                "Actual Total Time": 3606.75,
                                "Actual Rows": 4678,
                                "Actual Loops": 1,
                                "Sort Key": [
                                  "mi.movie_id"
                                ],
                                "Sort Method": "quicksort",
                                "Sort Space Used": 658,
                                "Sort Space Type": "Memory",
                                "Plans": [
                                  {
                                    "Node Type": "Merge Join",
                                    "Parent Relationship": "Outer",
                                    "Parallel Aware": false,
                                    "Join Type": "Inner",
                                    "Startup Cost": 625513.45,
                                    "Total Cost": 630841.66,
                                    "Plan Rows": 26,
                                    "Plan Width": 72,
                                    "Actual Startup Time": 3548.142,
                                    "Actual Total Time": 3604.489,
                                    "Actual Rows": 4453,
                                    "Actual Loops": 1,
                                    "Inner Unique": false,
                                    "Merge Cond": "(k.id = mk.keyword_id)",
                                    "Plans": [
                                      {
                                        "Node Type": "Index Only Scan",
                                        "Parent Relationship": "Outer",
                                        "Parallel Aware": false,
                                        "Scan Direction": "Forward",
                                        "Index Name": "keyword_pkey",
                                        "Relation Name": "keyword",
                                        "Alias": "k",
                                        "Startup Cost": 0.42,
                                        "Total Cost": 5007.75,
                                        "Plan Rows": 134170,
                                        "Plan Width": 4,
                                        "Actual Startup Time": 0.032,
                                        "Actual Total Time": 48.364,
                                        "Actual Rows": 133881,
                                        "Actual Loops": 1,
                                        "Heap Fetches": 133881
                                      },
                                      {
                                        "Node Type": "Sort",
                                        "Parent Relationship": "Inner",
                                        "Parallel Aware": false,
                                        "Startup Cost": 625513.03,
                                        "Total Cost": 625513.1,
                                        "Plan Rows": 26,
                                        "Plan Width": 76,
                                        "Actual Startup Time": 3548.106,
                                        "Actual Total Time": 3548.802,
                                        "Actual Rows": 4453,
                                        "Actual Loops": 1,
                                        "Sort Key": [
                                          "mk.keyword_id"
                                        ],
                                        "Sort Method": "quicksort",
                                        "Sort Space Used": 725,
                                        "Sort Space Type": "Memory",
                                        "Plans": [
                                          {
                                            "Node Type": "Merge Join",
                                            "Parent Relationship": "Outer",
                                            "Parallel Aware": false,
                                            "Join Type": "Inner",
                                            "Startup Cost": 316121.28,
                                            "Total Cost": 625512.42,
                                            "Plan Rows": 26,
                                            "Plan Width": 76,
                                            "Actual Startup Time": 780.836,
                                            "Actual Total Time": 3546.34,
                                            "Actual Rows": 4453,
                                            "Actual Loops": 1,
                                            "Inner Unique": true,
                                            "Merge Cond": "(mk.movie_id = t.id)",
                                            "Plans": [
                                              {
                                                "Node Type": "Merge Join",
                                                "Parent Relationship": "Outer",
                                                "Parallel Aware": false,
                                                "Join Type": "Inner",
                                                "Startup Cost": 316107.15,
                                                "Total Cost": 504565.59,
                                                "Plan Rows": 38,
                                                "Plan Width": 55,
                                                "Actual Startup Time": 780.14,
                                                "Actual Total Time": 2001.238,
                                                "Actual Rows": 4463,
                                                "Actual Loops": 1,
                                                "Inner Unique": false,
                                                "Merge Cond": "(mk.movie_id = mi.movie_id)",
                                                "Plans": [
                                                  {
                                                    "Node Type": "Index Scan",
                                                    "Parent Relationship": "Outer",
                                                    "Parallel Aware": false,
                                                    "Scan Direction": "Forward",
                                                    "Index Name": "movie_id_movie_keyword",
                                                    "Relation Name": "movie_keyword",
                                                    "Alias": "mk",
                                                    "Startup Cost": 0.43,
                                                    "Total Cost": 177148.48,
                                                    "Plan Rows": 4523930,
                                                    "Plan Width": 8,
                                                    "Actual Startup Time": 0.016,
                                                    "Actual Total Time": 951.119,
                                                    "Actual Rows": 4514673,
                                                    "Actual Loops": 1
                                                  },
                                                  {
                                                    "Node Type": "Sort",
                                                    "Parent Relationship": "Inner",
                                                    "Parallel Aware": false,
                                                    "Startup Cost": 316106.72,
                                                    "Total Cost": 316106.73,
                                                    "Plan Rows": 3,
                                                    "Plan Width": 47,
                                                    "Actual Startup Time": 780.09,
                                                    "Actual Total Time": 780.708,
                                                    "Actual Rows": 5662,
                                                    "Actual Loops": 1,
                                                    "Sort Key": [
                                                      "mi.movie_id"
                                                    ],
                                                    "Sort Method": "quicksort",
                                                    "Sort Space Used": 188,
                                                    "Sort Space Type": "Memory",
                                                    "Plans": [
                                                      {
                                                        "Node Type": "Merge Join",
                                                        "Parent Relationship": "Outer",
                                                        "Parallel Aware": false,
                                                        "Join Type": "Inner",
                                                        "Startup Cost": 316104.86,
                                                        "Total Cost": 316106.7,
                                                        "Plan Rows": 3,
                                                        "Plan Width": 47,
                                                        "Actual Startup Time": 779.538,
                                                        "Actual Total Time": 779.873,
                                                        "Actual Rows": 1783,
                                                        "Actual Loops": 1,
                                                        "Inner Unique": false,
                                                        "Merge Cond": "(it1.id = mi.info_type_id)",
                                                        "Plans": [
                                                          {
                                                            "Node Type": "Sort",
                                                            "Parent Relationship": "Outer",
                                                            "Parallel Aware": false,
                                                            "Startup Cost": 2.42,
                                                            "Total Cost": 2.43,
                                                            "Plan Rows": 1,
                                                            "Plan Width": 4,
                                                            "Actual Startup Time": 0.072,
                                                            "Actual Total Time": 0.073,
                                                            "Actual Rows": 1,
                                                            "Actual Loops": 1,
                                                            "Sort Key": [
                                                              "it1.id"
                                                            ],
                                                            "Sort Method": "quicksort",
                                                            "Sort Space Used": 25,
                                                            "Sort Space Type": "Memory",
                                                            "Plans": [
                                                              {
                                                                "Node Type": "Seq Scan",
                                                                "Parent Relationship": "Outer",
                                                                "Parallel Aware": false,
                                                                "Relation Name": "info_type",
                                                                "Alias": "it1",
                                                                "Startup Cost": 0.0,
                                                                "Total Cost": 2.41,
                                                                "Plan Rows": 1,
                                                                "Plan Width": 4,
                                                                "Actual Startup Time": 0.028,
                                                                "Actual Total Time": 0.047,
                                                                "Actual Rows": 1,
                                                                "Actual Loops": 1,
                                                                "Filter": "((info)::text = 'release dates'::text)",
                                                                "Rows Removed by Filter": 112
                                                              }
                                                            ]
                                                          },
                                                          {
                                                            "Node Type": "Sort",
                                                            "Parent Relationship": "Inner",
                                                            "Parallel Aware": false,
                                                            "Startup Cost": 316102.44,
                                                            "Total Cost": 316103.34,
                                                            "Plan Rows": 360,
                                                            "Plan Width": 51,
                                                            "Actual Startup Time": 779.458,
                                                            "Actual Total Time": 779.61,
                                                            "Actual Rows": 1783,
                                                            "Actual Loops": 1,
                                                            "Sort Key": [
                                                              "mi.info_type_id"
                                                            ],
                                                            "Sort Method": "quicksort",
                                                            "Sort Space Used": 188,
                                                            "Sort Space Type": "Memory",
                                                            "Plans": [
                                                              {
                                                                "Node Type": "Gather",
                                                                "Parent Relationship": "Outer",
                                                                "Parallel Aware": false,
                                                                "Startup Cost": 1000.0,
                                                                "Total Cost": 316087.15,
                                                                "Plan Rows": 360,
                                                                "Plan Width": 51,
                                                                "Actual Startup Time": 220.104,
                                                                "Actual Total Time": 779.1,
                                                                "Actual Rows": 1783,
                                                                "Actual Loops": 1,
                                                                "Workers Planned": 1,
                                                                "Workers Launched": 1,
                                                                "Single Copy": false,
                                                                "Plans": [
                                                                  {
                                                                    "Node Type": "Seq Scan",
                                                                    "Parent Relationship": "Outer",
                                                                    "Parallel Aware": true,
                                                                    "Relation Name": "movie_info",
                                                                    "Alias": "mi",
                                                                    "Startup Cost": 0.0,
                                                                    "Total Cost": 315051.15,
                                                                    "Plan Rows": 212,
                                                                    "Plan Width": 51,
                                                                    "Actual Startup Time": 214.507,
                                                                    "Actual Total Time": 772.827,
                                                                    "Actual Rows": 892,
                                                                    "Actual Loops": 2,
                                                                    "Filter": "((info IS NOT NULL) AND (note ~~ '%internet%'::text) AND ((info ~~ 'USA:% 199%'::text) OR (info ~~ 'USA:% 200%'::text)))",
                                                                    "Rows Removed by Filter": 7416968
                                                                  }
                                                                ]
                                                              }
                                                            ]
                                                          }
                                                        ]
                                                      }
                                                    ]
                                                  }
                                                ]
                                              },
                                              {
                                                "Node Type": "Index Scan",
                                                "Parent Relationship": "Inner",
                                                "Parallel Aware": false,
                                                "Scan Direction": "Forward",
                                                "Index Name": "title_pkey",
                                                "Relation Name": "title",
                                                "Alias": "t",
                                                "Startup Cost": 0.43,
                                                "Total Cost": 116680.33,
                                                "Plan Rows": 1758722,
                                                "Plan Width": 21,
                                                "Actual Startup Time": 0.024,
                                                "Actual Total Time": 1460.495,
                                                "Actual Rows": 1746039,
                                                "Actual Loops": 1,
                                                "Filter": "(production_year > 1990)",
                                                "Rows Removed by Filter": 774953
                                              }
                                            ]
                                          }
                                        ]
                                      }
                                    ]
                                  }
                                ]
                              }
                            ]
                          },
                          {
                            "Node Type": "Index Scan",
                            "Parent Relationship": "Inner",
                            "Parallel Aware": false,
                            "Scan Direction": "Forward",
                            "Index Name": "movie_id_movie_companies",
                            "Relation Name": "movie_companies",
                            "Alias": "mc",
                            "Startup Cost": 0.43,
                            "Total Cost": 140404.76,
                            "Plan Rows": 2609129,
                            "Plan Width": 12,
                            "Actual Startup Time": 0.016,
                            "Actual Total Time": 661.093,
                            "Actual Rows": 2598643,
                            "Actual Loops": 1
                          }
                        ]
                      }
                    ]
                  },
                  {
                    "Node Type": "Sort",
                    "Parent Relationship": "Inner",
                    "Parallel Aware": false,
                    "Startup Cost": 1.08,
                    "Total Cost": 1.09,
                    "Plan Rows": 4,
                    "Plan Width": 4,
                    "Actual Startup Time": 0.025,
                    "Actual Total Time": 0.026,
                    "Actual Rows": 2,
                    "Actual Loops": 1,
                    "Sort Key": [
                      "ct.id"
                    ],
                    "Sort Method": "quicksort",
                    "Sort Space Used": 25,
                    "Sort Space Type": "Memory",
                    "Plans": [
                      {
                        "Node Type": "Seq Scan",
                        "Parent Relationship": "Outer",
                        "Parallel Aware": false,
                        "Relation Name": "company_type",
                        "Alias": "ct",
                        "Startup Cost": 0.0,
                        "Total Cost": 1.04,
                        "Plan Rows": 4,
                        "Plan Width": 4,
                        "Actual Startup Time": 0.014,
                        "Actual Total Time": 0.015,
                        "Actual Rows": 4,
                        "Actual Loops": 1
                      }
                    ]
                  }
                ]
              }
            ]
          }
        ]
      }
    ]
  },
  "Planning Time": 3.477,
  "Triggers": [],
  "Execution Time": 4775.385
}