[
  {
    "Plan": {
      "Node Type": "Aggregate",
      "Strategy": "Plain",
      "Partial Mode": "Finalize",
      "Parallel Aware": false,
      "Startup Cost": 288335.48,
      "Total Cost": 288335.49,
      "Plan Rows": 1,
      "Plan Width": 8,
      "Actual Startup Time": 2057.961,
      "Actual Total Time": 2107.239,
      "Actual Rows": 1,
      "Actual Loops": 1,
      "Plans": [
        {
          "Node Type": "Gather",
          "Parent Relationship": "Outer",
          "Parallel Aware": false,
          "Startup Cost": 288334.96,
          "Total Cost": 288335.47,
          "Plan Rows": 5,
          "Plan Width": 8,
          "Actual Startup Time": 2045.879,
          "Actual Total Time": 2107.225,
          "Actual Rows": 6,
          "Actual Loops": 1,
          "Workers Planned": 5,
          "Workers Launched": 5,
          "Single Copy": false,
          "Plans": [
            {
              "Node Type": "Aggregate",
              "Strategy": "Plain",
              "Partial Mode": "Partial",
              "Parent Relationship": "Outer",
              "Parallel Aware": false,
              "Startup Cost": 287334.96,
              "Total Cost": 287334.97,
              "Plan Rows": 1,
              "Plan Width": 8,
              "Actual Startup Time": 2037.872,
              "Actual Total Time": 2038.295,
              "Actual Rows": 1,
              "Actual Loops": 6,
              "Plans": [
                {
                  "Node Type": "Hash Join",
                  "Parent Relationship": "Outer",
                  "Parallel Aware": true,
                  "Join Type": "Inner",
                  "Startup Cost": 80238.16,
                  "Total Cost": 285467.53,
                  "Plan Rows": 746974,
                  "Plan Width": 0,
                  "Actual Startup Time": 432.568,
                  "Actual Total Time": 1761.913,
                  "Actual Rows": 6287187,
                  "Actual Loops": 6,
                  "Inner Unique": false,
                  "Hash Cond": "(mi.movie_id = t.id)",
                  "Plans": [
                    {
                      "Node Type": "Seq Scan",
                      "Parent Relationship": "Outer",
                      "Parallel Aware": true,
                      "Relation Name": "movie_info",
                      "Alias": "mi",
                      "Startup Cost": 0.0,
                      "Total Cost": 191685.19,
                      "Plan Rows": 2969219,
                      "Plan Width": 4,
                      "Actual Startup Time": 0.03,
                      "Actual Total Time": 297.655,
                      "Actual Rows": 2472620,
                      "Actual Loops": 6
                    },
                    {
                      "Node Type": "Hash",
                      "Parent Relationship": "Inner",
                      "Parallel Aware": true,
                      "Startup Cost": 77673.31,
                      "Total Cost": 77673.31,
                      "Plan Rows": 205188,
                      "Plan Width": 8,
                      "Actual Startup Time": 429.034,
                      "Actual Total Time": 429.455,
                      "Actual Rows": 227462,
                      "Actual Loops": 6,
                      "Hash Buckets": 2097152,
                      "Original Hash Buckets": 1048576,
                      "Hash Batches": 1,
                      "Original Hash Batches": 1,
                      "Peak Memory Usage": 78048,
                      "Plans": [
                        {
                          "Node Type": "Hash Join",
                          "Parent Relationship": "Outer",
                          "Parallel Aware": true,
                          "Join Type": "Inner",
                          "Startup Cost": 46982.15,
                          "Total Cost": 77673.31,
                          "Plan Rows": 205188,
                          "Plan Width": 8,
                          "Actual Startup Time": 158.517,
                          "Actual Total Time": 308.337,
                          "Actual Rows": 227462,
                          "Actual Loops": 6,
                          "Inner Unique": true,
                          "Hash Cond": "(mc.movie_id = t.id)",
                          "Plans": [
                            {
                              "Node Type": "Seq Scan",
                              "Parent Relationship": "Outer",
                              "Parallel Aware": true,
                              "Relation Name": "movie_companies",
                              "Alias": "mc",
                              "Startup Cost": 0.0,
                              "Total Cost": 29310.68,
                              "Plan Rows": 525898,
                              "Plan Width": 4,
                              "Actual Startup Time": 1.506,
                              "Actual Total Time": 55.33,
                              "Actual Rows": 271367,
                              "Actual Loops": 6,
                              "Filter": "(company_id > 4387)",
                              "Rows Removed by Filter": 163488
                            },
                            {
                              "Node Type": "Hash",
                              "Parent Relationship": "Inner",
                              "Parallel Aware": true,
                              "Startup Cost": 43899.32,
                              "Total Cost": 43899.32,
                              "Plan Rows": 246626,
                              "Plan Width": 4,
                              "Actual Startup Time": 155.544,
                              "Actual Total Time": 155.545,
                              "Actual Rows": 164175,
                              "Actual Loops": 6,
                              "Hash Buckets": 1048576,
                              "Original Hash Buckets": 1048576,
                              "Hash Batches": 1,
                              "Original Hash Batches": 1,
                              "Peak Memory Usage": 46816,
                              "Plans": [
                                {
                                  "Node Type": "Seq Scan",
                                  "Parent Relationship": "Outer",
                                  "Parallel Aware": true,
                                  "Relation Name": "title",
                                  "Alias": "t",
                                  "Startup Cost": 0.0,
                                  "Total Cost": 43899.32,
                                  "Plan Rows": 246626,
                                  "Plan Width": 4,
                                  "Actual Startup Time": 0.045,
                                  "Actual Total Time": 86.08,
                                  "Actual Rows": 164175,
                                  "Actual Loops": 6,
                                  "Filter": "(kind_id < 7)",
                                  "Rows Removed by Filter": 257211
                                }
                              ]
                            }
                          ]
                        }
                      ]
                    }
                  ]
                }
              ]
            }
          ]
        }
      ]
    },
    "Planning Time": 0.496,
    "Triggers": [],
    "Execution Time": 2107.294
  }
]