{
  "Plan": {
    "Node Type": "Aggregate",
    "Strategy": "Plain",
    "Partial Mode": "Finalize",
    "Parallel Aware": false,
    "Startup Cost": 100490.79,
    "Total Cost": 100490.8,
    "Plan Rows": 1,
    "Plan Width": 8,
    "Actual Startup Time": 440.91,
    "Actual Total Time": 458.928,
    "Actual Rows": 1,
    "Actual Loops": 1,
    "Plans": [
      {
        "Node Type": "Gather",
        "Parent Relationship": "Outer",
        "Parallel Aware": false,
        "Startup Cost": 100490.68,
        "Total Cost": 100490.79,
        "Plan Rows": 1,
        "Plan Width": 8,
        "Actual Startup Time": 438.898,
        "Actual Total Time": 458.921,
        "Actual Rows": 2,
        "Actual Loops": 1,
        "Workers Planned": 1,
        "Workers Launched": 1,
        "Single Copy": false,
        "Plans": [
          {
            "Node Type": "Aggregate",
            "Strategy": "Plain",
            "Partial Mode": "Partial",
            "Parent Relationship": "Outer",
            "Parallel Aware": false,
            "Startup Cost": 99490.68,
            "Total Cost": 99490.69,
            "Plan Rows": 1,
            "Plan Width": 8,
            "Actual Startup Time": 432.586,
            "Actual Total Time": 432.59,
            "Actual Rows": 1,
            "Actual Loops": 2,
            "Plans": [
              {
                "Node Type": "Hash Join",
                "Parent Relationship": "Outer",
                "Parallel Aware": true,
                "Join Type": "Inner",
                "Startup Cost": 70665.57,
                "Total Cost": 99262.3,
                "Plan Rows": 91349,
                "Plan Width": 0,
                "Actual Startup Time": 312.374,
                "Actual Total Time": 427.553,
                "Actual Rows": 108918,
                "Actual Loops": 2,
                "Inner Unique": true,
                "Hash Cond": "(mk.movie_id = t.id)",
                "Plans": [
                  {
                    "Node Type": "Bitmap Heap Scan",
                    "Parent Relationship": "Outer",
                    "Parallel Aware": true,
                    "Relation Name": "movie_keyword",
                    "Alias": "mk",
                    "Startup Cost": 9877.07,
                    "Total Cost": 37754.82,
                    "Plan Rows": 273900,
                    "Plan Width": 4,
                    "Actual Startup Time": 32.773,
                    "Actual Total Time": 96.94,
                    "Actual Rows": 227112,
                    "Actual Loops": 2,
                    "Recheck Cond": "(keyword_id > 38983)",
                    "Rows Removed by Index Recheck": 0,
                    "Exact Heap Blocks": 11679,
                    "Lossy Heap Blocks": 0,
                    "Plans": [
                      {
                        "Node Type": "Bitmap Index Scan",
                        "Parent Relationship": "Outer",
                        "Parallel Aware": false,
                        "Index Name": "keyword_id_movie_keyword",
                        "Startup Cost": 0.0,
                        "Total Cost": 9760.66,
                        "Plan Rows": 465630,
                        "Plan Width": 0,
                        "Actual Startup Time": 29.336,
                        "Actual Total Time": 29.336,
                        "Actual Rows": 454225,
                        "Actual Loops": 1,
                        "Index Cond": "(keyword_id > 38983)"
                      }
                    ]
                  },
                  {
                    "Node Type": "Hash",
                    "Parent Relationship": "Inner",
                    "Parallel Aware": true,
                    "Startup Cost": 54588.39,
                    "Total Cost": 54588.39,
                    "Plan Rows": 496009,
                    "Plan Width": 4,
                    "Actual Startup Time": 270.417,
                    "Actual Total Time": 270.418,
                    "Actual Rows": 424570,
                    "Actual Loops": 2,
                    "Hash Buckets": 1048576,
                    "Original Hash Buckets": 1048576,
                    "Hash Batches": 1,
                    "Original Hash Batches": 1,
                    "Peak Memory Usage": 41440,
                    "Plans": [
                      {
                        "Node Type": "Seq Scan",
                        "Parent Relationship": "Outer",
                        "Parallel Aware": true,
                        "Relation Name": "title",
                        "Alias": "t",
                        "Startup Cost": 0.0,
                        "Total Cost": 54588.39,
                        "Plan Rows": 496009,
                        "Plan Width": 4,
                        "Actual Startup Time": 0.041,
                        "Actual Total Time": 155.892,
                        "Actual Rows": 424570,
                        "Actual Loops": 2,
                        "Filter": "(production_year < 1996)",
                        "Rows Removed by Filter": 839586
                      }
                    ]
                  }
                ]
              }
            ]
          }
        ]
      }
    ]
  },
  "Planning Time": 0.465,
  "Triggers": [],
  "Execution Time": 459.024
}