{
  "Plan": {
    "Node Type": "Aggregate",
    "Strategy": "Plain",
    "Partial Mode": "Finalize",
    "Parallel Aware": false,
    "Startup Cost": 84520.78,
    "Total Cost": 84520.79,
    "Plan Rows": 1,
    "Plan Width": 8,
    "Actual Startup Time": 220.717,
    "Actual Total Time": 233.08,
    "Actual Rows": 1,
    "Actual Loops": 1,
    "Plans": [
      {
        "Node Type": "Gather",
        "Parent Relationship": "Outer",
        "Parallel Aware": false,
        "Startup Cost": 84520.67,
        "Total Cost": 84520.78,
        "Plan Rows": 1,
        "Plan Width": 8,
        "Actual Startup Time": 220.275,
        "Actual Total Time": 233.073,
        "Actual Rows": 2,
        "Actual Loops": 1,
        "Workers Planned": 1,
        "Workers Launched": 1,
        "Single Copy": false,
        "Plans": [
          {
            "Node Type": "Aggregate",
            "Strategy": "Plain",
            "Partial Mode": "Partial",
            "Parent Relationship": "Outer",
            "Parallel Aware": false,
            "Startup Cost": 83520.67,
            "Total Cost": 83520.68,
            "Plan Rows": 1,
            "Plan Width": 8,
            "Actual Startup Time": 214.461,
            "Actual Total Time": 214.464,
            "Actual Rows": 1,
            "Actual Loops": 2,
            "Plans": [
              {
                "Node Type": "Hash Join",
                "Parent Relationship": "Outer",
                "Parallel Aware": true,
                "Join Type": "Inner",
                "Startup Cost": 62004.55,
                "Total Cost": 83500.88,
                "Plan Rows": 7915,
                "Plan Width": 0,
                "Actual Startup Time": 169.121,
                "Actual Total Time": 214.127,
                "Actual Rows": 5937,
                "Actual Loops": 2,
                "Inner Unique": true,
                "Hash Cond": "(mc.movie_id = t.id)",
                "Plans": [
                  {
                    "Node Type": "Bitmap Heap Scan",
                    "Parent Relationship": "Outer",
                    "Parallel Aware": true,
                    "Relation Name": "movie_companies",
                    "Alias": "mc",
                    "Startup Cost": 6593.85,
                    "Total Cost": 27620.49,
                    "Plan Rows": 178931,
                    "Plan Width": 4,
                    "Actual Startup Time": 16.276,
                    "Actual Total Time": 38.561,
                    "Actual Rows": 151602,
                    "Actual Loops": 2,
                    "Recheck Cond": "(company_id > 93691)",
                    "Rows Removed by Index Recheck": 0,
                    "Exact Heap Blocks": 2782,
                    "Lossy Heap Blocks": 0,
                    "Plans": [
                      {
                        "Node Type": "Bitmap Index Scan",
                        "Parent Relationship": "Outer",
                        "Parallel Aware": false,
                        "Index Name": "company_id_movie_companies",
                        "Startup Cost": 0.0,
                        "Total Cost": 6517.8,
                        "Plan Rows": 304183,
                        "Plan Width": 0,
                        "Actual Startup Time": 15.579,
                        "Actual Total Time": 15.579,
                        "Actual Rows": 303203,
                        "Actual Loops": 1,
                        "Index Cond": "(company_id > 93691)"
                      }
                    ]
                  },
                  {
                    "Node Type": "Hash",
                    "Parent Relationship": "Inner",
                    "Parallel Aware": true,
                    "Startup Cost": 54588.39,
                    "Total Cost": 54588.39,
                    "Plan Rows": 65785,
                    "Plan Width": 4,
                    "Actual Startup Time": 150.505,
                    "Actual Total Time": 150.506,
                    "Actual Rows": 54214,
                    "Actual Loops": 2,
                    "Hash Buckets": 131072,
                    "Original Hash Buckets": 131072,
                    "Hash Batches": 1,
                    "Original Hash Batches": 1,
                    "Peak Memory Usage": 5280,
                    "Plans": [
                      {
                        "Node Type": "Seq Scan",
                        "Parent Relationship": "Outer",
                        "Parallel Aware": true,
                        "Relation Name": "title",
                        "Alias": "t",
                        "Startup Cost": 0.0,
                        "Total Cost": 54588.39,
                        "Plan Rows": 65785,
                        "Plan Width": 4,
                        "Actual Startup Time": 0.041,
                        "Actual Total Time": 136.291,
                        "Actual Rows": 54214,
                        "Actual Loops": 2,
                        "Filter": "(production_year = 2006)",
                        "Rows Removed by Filter": 1209942
                      }
                    ]
                  }
                ]
              }
            ]
          }
        ]
      }
    ]
  },
  "Planning Time": 0.498,
  "Triggers": [],
  "Execution Time": 233.172
}