[
  {
    "Plan": {
      "Node Type": "Aggregate",
      "Strategy": "Plain",
      "Partial Mode": "Finalize",
      "Parallel Aware": false,
      "Startup Cost": 30881.02,
      "Total Cost": 30881.03,
      "Plan Rows": 1,
      "Plan Width": 8,
      "Actual Startup Time": 87.978,
      "Actual Total Time": 95.285,
      "Actual Rows": 1,
      "Actual Loops": 1,
      "Plans": [
        {
          "Node Type": "Gather",
          "Parent Relationship": "Outer",
          "Parallel Aware": false,
          "Startup Cost": 30880.7,
          "Total Cost": 30881.01,
          "Plan Rows": 3,
          "Plan Width": 8,
          "Actual Startup Time": 87.73,
          "Actual Total Time": 95.277,
          "Actual Rows": 4,
          "Actual Loops": 1,
          "Workers Planned": 3,
          "Workers Launched": 3,
          "Single Copy": false,
          "Plans": [
            {
              "Node Type": "Aggregate",
              "Strategy": "Plain",
              "Partial Mode": "Partial",
              "Parent Relationship": "Outer",
              "Parallel Aware": false,
              "Startup Cost": 29880.7,
              "Total Cost": 29880.71,
              "Plan Rows": 1,
              "Plan Width": 8,
              "Actual Startup Time": 82.723,
              "Actual Total Time": 82.724,
              "Actual Rows": 1,
              "Actual Loops": 4,
              "Plans": [
                {
                  "Node Type": "Bitmap Heap Scan",
                  "Parent Relationship": "Outer",
                  "Parallel Aware": true,
                  "Relation Name": "movie_keyword",
                  "Alias": "mk",
                  "Startup Cost": 4418.78,
                  "Total Cost": 29712.71,
                  "Plan Rows": 67195,
                  "Plan Width": 0,
                  "Actual Startup Time": 25.955,
                  "Actual Total Time": 79.052,
                  "Actual Rows": 54794,
                  "Actual Loops": 4,
                  "Recheck Cond": "(keyword_id < 165)",
                  "Rows Removed by Index Recheck": 0,
                  "Exact Heap Blocks": 13487,
                  "Lossy Heap Blocks": 0,
                  "Plans": [
                    {
                      "Node Type": "Bitmap Index Scan",
                      "Parent Relationship": "Outer",
                      "Parallel Aware": false,
                      "Index Name": "keyword_id_movie_keyword",
                      "Startup Cost": 0.0,
                      "Total Cost": 4366.7,
                      "Plan Rows": 208303,
                      "Plan Width": 0,
                      "Actual Startup Time": 21.844,
                      "Actual Total Time": 21.845,
                      "Actual Rows": 219176,
                      "Actual Loops": 1,
                      "Index Cond": "(keyword_id < 165)"
                    }
                  ]
                }
              ]
            }
          ]
        }
      ]
    },
    "Planning Time": 0.102,
    "Triggers": [],
    "Execution Time": 95.33
  }
]