[
  {
    "Plan": {
      "Node Type": "Aggregate",
      "Strategy": "Plain",
      "Partial Mode": "Finalize",
      "Parallel Aware": false,
      "Startup Cost": 239542.21,
      "Total Cost": 239542.22,
      "Plan Rows": 1,
      "Plan Width": 8,
      "Actual Startup Time": 254.303,
      "Actual Total Time": 279.013,
      "Actual Rows": 1,
      "Actual Loops": 1,
      "Plans": [
        {
          "Node Type": "Gather",
          "Parent Relationship": "Outer",
          "Parallel Aware": false,
          "Startup Cost": 239541.58,
          "Total Cost": 239542.19,
          "Plan Rows": 6,
          "Plan Width": 8,
          "Actual Startup Time": 254.131,
          "Actual Total Time": 278.997,
          "Actual Rows": 7,
          "Actual Loops": 1,
          "Workers Planned": 6,
          "Workers Launched": 6,
          "Single Copy": false,
          "Plans": [
            {
              "Node Type": "Aggregate",
              "Strategy": "Plain",
              "Partial Mode": "Partial",
              "Parent Relationship": "Outer",
              "Parallel Aware": false,
              "Startup Cost": 238541.58,
              "Total Cost": 238541.59,
              "Plan Rows": 1,
              "Plan Width": 8,
              "Actual Startup Time": 244.431,
              "Actual Total Time": 244.435,
              "Actual Rows": 1,
              "Actual Loops": 7,
              "Plans": [
                {
                  "Node Type": "Nested Loop",
                  "Parent Relationship": "Outer",
                  "Parallel Aware": false,
                  "Join Type": "Inner",
                  "Startup Cost": 1.43,
                  "Total Cost": 238513.25,
                  "Plan Rows": 11333,
                  "Plan Width": 0,
                  "Actual Startup Time": 174.509,
                  "Actual Total Time": 244.421,
                  "Actual Rows": 18,
                  "Actual Loops": 7,
                  "Inner Unique": false,
                  "Plans": [
                    {
                      "Node Type": "Nested Loop",
                      "Parent Relationship": "Outer",
                      "Parallel Aware": false,
                      "Join Type": "Inner",
                      "Startup Cost": 0.99,
                      "Total Cost": 227303.82,
                      "Plan Rows": 6334,
                      "Plan Width": 8,
                      "Actual Startup Time": 139.601,
                      "Actual Total Time": 244.284,
                      "Actual Rows": 2,
                      "Actual Loops": 7,
                      "Inner Unique": true,
                      "Plans": [
                        {
                          "Node Type": "Index Scan",
                          "Parent Relationship": "Outer",
                          "Parallel Aware": true,
                          "Scan Direction": "Forward",
                          "Index Name": "role_id_cast_info",
                          "Relation Name": "cast_info",
                          "Alias": "ci",
                          "Startup Cost": 0.56,
                          "Total Cost": 201884.69,
                          "Plan Rows": 6334,
                          "Plan Width": 4,
                          "Actual Startup Time": 139.513,
                          "Actual Total Time": 244.151,
                          "Actual Rows": 2,
                          "Actual Loops": 7,
                          "Index Cond": "(role_id = 2)",
                          "Rows Removed by Index Recheck": 0,
                          "Filter": "(person_id < 22375)",
                          "Rows Removed by Filter": 1064565
                        },
                        {
                          "Node Type": "Index Only Scan",
                          "Parent Relationship": "Inner",
                          "Parallel Aware": false,
                          "Scan Direction": "Forward",
                          "Index Name": "title_pkey",
                          "Relation Name": "title",
                          "Alias": "t",
                          "Startup Cost": 0.43,
                          "Total Cost": 4.01,
                          "Plan Rows": 1,
                          "Plan Width": 4,
                          "Actual Startup Time": 0.054,
                          "Actual Total Time": 0.054,
                          "Actual Rows": 1,
                          "Actual Loops": 16,
                          "Index Cond": "(id = ci.movie_id)",
                          "Rows Removed by Index Recheck": 0,
                          "Heap Fetches": 16
                        }
                      ]
                    },
                    {
                      "Node Type": "Index Only Scan",
                      "Parent Relationship": "Inner",
                      "Parallel Aware": false,
                      "Scan Direction": "Forward",
                      "Index Name": "movie_id_movie_keyword",
                      "Relation Name": "movie_keyword",
                      "Alias": "mk",
                      "Startup Cost": 0.43,
                      "Total Cost": 1.31,
                      "Plan Rows": 46,
                      "Plan Width": 4,
                      "Actual Startup Time": 0.05,
                      "Actual Total Time": 0.054,
                      "Actual Rows": 8,
                      "Actual Loops": 16,
                      "Index Cond": "(movie_id = t.id)",
                      "Rows Removed by Index Recheck": 0,
                      "Heap Fetches": 126
                    }
                  ]
                }
              ]
            }
          ]
        }
      ]
    },
    "Planning Time": 1.329,
    "Triggers": [],
    "Execution Time": 279.081
  }
]