[
  {
    "Plan": {
      "Node Type": "Aggregate",
      "Strategy": "Plain",
      "Partial Mode": "Finalize",
      "Parallel Aware": false,
      "Startup Cost": 95373.13,
      "Total Cost": 95373.14,
      "Plan Rows": 1,
      "Plan Width": 8,
      "Actual Startup Time": 737.525,
      "Actual Total Time": 761.301,
      "Actual Rows": 1,
      "Actual Loops": 1,
      "Plans": [
        {
          "Node Type": "Gather",
          "Parent Relationship": "Outer",
          "Parallel Aware": false,
          "Startup Cost": 95372.92,
          "Total Cost": 95373.13,
          "Plan Rows": 2,
          "Plan Width": 8,
          "Actual Startup Time": 727.511,
          "Actual Total Time": 761.291,
          "Actual Rows": 3,
          "Actual Loops": 1,
          "Workers Planned": 2,
          "Workers Launched": 2,
          "Single Copy": false,
          "Plans": [
            {
              "Node Type": "Aggregate",
              "Strategy": "Plain",
              "Partial Mode": "Partial",
              "Parent Relationship": "Outer",
              "Parallel Aware": false,
              "Startup Cost": 94372.92,
              "Total Cost": 94372.93,
              "Plan Rows": 1,
              "Plan Width": 8,
              "Actual Startup Time": 715.288,
              "Actual Total Time": 715.295,
              "Actual Rows": 1,
              "Actual Loops": 3,
              "Plans": [
                {
                  "Node Type": "Hash Join",
                  "Parent Relationship": "Outer",
                  "Parallel Aware": true,
                  "Join Type": "Inner",
                  "Startup Cost": 78371.65,
                  "Total Cost": 94303.14,
                  "Plan Rows": 27911,
                  "Plan Width": 0,
                  "Actual Startup Time": 642.926,
                  "Actual Total Time": 709.55,
                  "Actual Rows": 100198,
                  "Actual Loops": 3,
                  "Inner Unique": false,
                  "Hash Cond": "(mi_idx.movie_id = t.id)",
                  "Plans": [
                    {
                      "Node Type": "Seq Scan",
                      "Parent Relationship": "Outer",
                      "Parallel Aware": true,
                      "Relation Name": "movie_info_idx",
                      "Alias": "mi_idx",
                      "Startup Cost": 0.0,
                      "Total Cost": 13685.15,
                      "Plan Rows": 575015,
                      "Plan Width": 4,
                      "Actual Startup Time": 0.056,
                      "Actual Total Time": 45.429,
                      "Actual Rows": 460012,
                      "Actual Loops": 3
                    },
                    {
                      "Node Type": "Hash",
                      "Parent Relationship": "Inner",
                      "Parallel Aware": true,
                      "Startup Cost": 77876.78,
                      "Total Cost": 77876.78,
                      "Plan Rows": 39590,
                      "Plan Width": 8,
                      "Actual Startup Time": 598.732,
                      "Actual Total Time": 598.737,
                      "Actual Rows": 40177,
                      "Actual Loops": 3,
                      "Hash Buckets": 131072,
                      "Original Hash Buckets": 131072,
                      "Hash Batches": 1,
                      "Original Hash Batches": 1,
                      "Peak Memory Usage": 5760,
                      "Plans": [
                        {
                          "Node Type": "Hash Join",
                          "Parent Relationship": "Outer",
                          "Parallel Aware": true,
                          "Join Type": "Inner",
                          "Startup Cost": 52823.97,
                          "Total Cost": 77876.78,
                          "Plan Rows": 39590,
                          "Plan Width": 8,
                          "Actual Startup Time": 524.925,
                          "Actual Total Time": 585.683,
                          "Actual Rows": 40177,
                          "Actual Loops": 3,
                          "Inner Unique": true,
                          "Hash Cond": "(mk.movie_id = t.id)",
                          "Plans": [
                            {
                              "Node Type": "Bitmap Heap Scan",
                              "Parent Relationship": "Outer",
                              "Parallel Aware": true,
                              "Relation Name": "movie_keyword",
                              "Alias": "mk",
                              "Startup Cost": 2603.59,
                              "Total Cost": 27552.47,
                              "Plan Rows": 39590,
                              "Plan Width": 4,
                              "Actual Startup Time": 15.799,
                              "Actual Total Time": 56.738,
                              "Actual Rows": 40177,
                              "Actual Loops": 3,
                              "Recheck Cond": "(keyword_id > 77940)",
                              "Rows Removed by Index Recheck": 0,
                              "Exact Heap Blocks": 7116,
                              "Lossy Heap Blocks": 0,
                              "Plans": [
                                {
                                  "Node Type": "Bitmap Index Scan",
                                  "Parent Relationship": "Outer",
                                  "Parallel Aware": false,
                                  "Index Name": "keyword_id_movie_keyword",
                                  "Startup Cost": 0.0,
                                  "Total Cost": 2572.91,
                                  "Plan Rows": 122730,
                                  "Plan Width": 0,
                                  "Actual Startup Time": 11.535,
                                  "Actual Total Time": 11.535,
                                  "Actual Rows": 120531,
                                  "Actual Loops": 1,
                                  "Index Cond": "(keyword_id > 77940)"
                                }
                              ]
                            },
                            {
                              "Node Type": "Hash",
                              "Parent Relationship": "Inner",
                              "Parallel Aware": true,
                              "Startup Cost": 42319.06,
                              "Total Cost": 42319.06,
                              "Plan Rows": 632106,
                              "Plan Width": 4,
                              "Actual Startup Time": 496.45,
                              "Actual Total Time": 496.451,
                              "Actual Rows": 842771,
                              "Actual Loops": 3,
                              "Hash Buckets": 4194304,
                              "Original Hash Buckets": 4194304,
                              "Hash Batches": 1,
                              "Original Hash Batches": 1,
                              "Peak Memory Usage": 131712,
                              "Plans": [
                                {
                                  "Node Type": "Seq Scan",
                                  "Parent Relationship": "Outer",
                                  "Parallel Aware": true,
                                  "Relation Name": "title",
                                  "Alias": "t",
                                  "Startup Cost": 0.0,
                                  "Total Cost": 42319.06,
                                  "Plan Rows": 632106,
                                  "Plan Width": 4,
                                  "Actual Startup Time": 0.048,
                                  "Actual Total Time": 146.476,
                                  "Actual Rows": 842771,
                                  "Actual Loops": 3
                                }
                              ]
                            }
                          ]
                        }
                      ]
                    }
                  ]
                }
              ]
            }
          ]
        }
      ]
    },
    "Planning Time": 0.614,
    "Triggers": [],
    "Execution Time": 761.362
  }
]