{
    "Plan": {
        "Node Type": "Aggregate",
        "Strategy": "Plain",
        "Partial Mode": "Finalize",
        "Parallel Aware": false,
        "Startup Cost": 251249.84,
        "Total Cost": 251249.85,
        "Plan Rows": 1,
        "Plan Width": 8,
        "Actual Startup Time": 694.98,
        "Actual Total Time": 736.086,
        "Actual Rows": 1,
        "Actual Loops": 1,
        "Output": [
            "count(*)"
        ],
        "Plans": [
            {
                "Node Type": "Gather",
                "Parent Relationship": "Outer",
                "Parallel Aware": false,
                "Startup Cost": 251249.32,
                "Total Cost": 251249.83,
                "Plan Rows": 5,
                "Plan Width": 8,
                "Actual Startup Time": 689.097,
                "Actual Total Time": 736.074,
                "Actual Rows": 6,
                "Actual Loops": 1,
                "Output": [
                    "(PARTIAL count(*))"
                ],
                "Workers Planned": 5,
                "Workers Launched": 5,
                "Single Copy": false,
                "Plans": [
                    {
                        "Node Type": "Aggregate",
                        "Strategy": "Plain",
                        "Partial Mode": "Partial",
                        "Parent Relationship": "Outer",
                        "Parallel Aware": false,
                        "Startup Cost": 250249.32,
                        "Total Cost": 250249.33,
                        "Plan Rows": 1,
                        "Plan Width": 8,
                        "Actual Startup Time": 674.968,
                        "Actual Total Time": 674.972,
                        "Actual Rows": 1,
                        "Actual Loops": 6,
                        "Output": [
                            "PARTIAL count(*)"
                        ],
                        "Workers": [
                            {
                                "Worker Number": 0,
                                "Actual Startup Time": 671.776,
                                "Actual Total Time": 671.779,
                                "Actual Rows": 1,
                                "Actual Loops": 1
                            },
                            {
                                "Worker Number": 1,
                                "Actual Startup Time": 673.681,
                                "Actual Total Time": 673.685,
                                "Actual Rows": 1,
                                "Actual Loops": 1
                            },
                            {
                                "Worker Number": 2,
                                "Actual Startup Time": 671.999,
                                "Actual Total Time": 672.002,
                                "Actual Rows": 1,
                                "Actual Loops": 1
                            },
                            {
                                "Worker Number": 3,
                                "Actual Startup Time": 672.037,
                                "Actual Total Time": 672.04,
                                "Actual Rows": 1,
                                "Actual Loops": 1
                            },
                            {
                                "Worker Number": 4,
                                "Actual Startup Time": 672.042,
                                "Actual Total Time": 672.045,
                                "Actual Rows": 1,
                                "Actual Loops": 1
                            }
                        ],
                        "Plans": [
                            {
                                "Node Type": "Hash Join",
                                "Parent Relationship": "Outer",
                                "Parallel Aware": true,
                                "Join Type": "Inner",
                                "Startup Cost": 49552.03,
                                "Total Cost": 249513.14,
                                "Plan Rows": 294471,
                                "Plan Width": 0,
                                "Actual Startup Time": 256.871,
                                "Actual Total Time": 665.082,
                                "Actual Rows": 228573,
                                "Actual Loops": 6,
                                "Inner Unique": true,
                                "Hash Cond": "(mi.movie_id = t.id)",
                                "Workers": [
                                    {
                                        "Worker Number": 0,
                                        "Actual Startup Time": 253.979,
                                        "Actual Total Time": 662.681,
                                        "Actual Rows": 221539,
                                        "Actual Loops": 1
                                    },
                                    {
                                        "Worker Number": 1,
                                        "Actual Startup Time": 254.086,
                                        "Actual Total Time": 663.108,
                                        "Actual Rows": 167555,
                                        "Actual Loops": 1
                                    },
                                    {
                                        "Worker Number": 2,
                                        "Actual Startup Time": 254.195,
                                        "Actual Total Time": 662.933,
                                        "Actual Rows": 220803,
                                        "Actual Loops": 1
                                    },
                                    {
                                        "Worker Number": 3,
                                        "Actual Startup Time": 254.242,
                                        "Actual Total Time": 662.304,
                                        "Actual Rows": 251385,
                                        "Actual Loops": 1
                                    },
                                    {
                                        "Worker Number": 4,
                                        "Actual Startup Time": 254.248,
                                        "Actual Total Time": 662.417,
                                        "Actual Rows": 248371,
                                        "Actual Loops": 1
                                    }
                                ],
                                "Plans": [
                                    {
                                        "Node Type": "Seq Scan",
                                        "Parent Relationship": "Outer",
                                        "Parallel Aware": true,
                                        "Relation Name": "movie_info",
                                        "Schema": "public",
                                        "Alias": "mi",
                                        "Startup Cost": 0.0,
                                        "Total Cost": 198880.74,
                                        "Plan Rows": 411570,
                                        "Plan Width": 4,
                                        "Actual Startup Time": 28.52,
                                        "Actual Total Time": 293.929,
                                        "Actual Rows": 348511,
                                        "Actual Loops": 6,
                                        "Output": [
                                            "mi.id",
                                            "mi.movie_id",
                                            "mi.info_type_id",
                                            "mi.info",
                                            "mi.note"
                                        ],
                                        "Filter": "(mi.info_type_id < 3)",
                                        "Rows Removed by Filter": 2124109,
                                        "Workers": [
                                            {
                                                "Worker Number": 0,
                                                "Actual Startup Time": 28.474,
                                                "Actual Total Time": 293.458,
                                                "Actual Rows": 335617,
                                                "Actual Loops": 1
                                            },
                                            {
                                                "Worker Number": 1,
                                                "Actual Startup Time": 28.442,
                                                "Actual Total Time": 299.185,
                                                "Actual Rows": 257345,
                                                "Actual Loops": 1
                                            },
                                            {
                                                "Worker Number": 2,
                                                "Actual Startup Time": 28.633,
                                                "Actual Total Time": 294.05,
                                                "Actual Rows": 340621,
                                                "Actual Loops": 1
                                            },
                                            {
                                                "Worker Number": 3,
                                                "Actual Startup Time": 28.532,
                                                "Actual Total Time": 294.674,
                                                "Actual Rows": 382336,
                                                "Actual Loops": 1
                                            },
                                            {
                                                "Worker Number": 4,
                                                "Actual Startup Time": 28.523,
                                                "Actual Total Time": 294.148,
                                                "Actual Rows": 378069,
                                                "Actual Loops": 1
                                            }
                                        ]
                                    },
                                    {
                                        "Node Type": "Hash",
                                        "Parent Relationship": "Inner",
                                        "Parallel Aware": true,
                                        "Startup Cost": 43899.01,
                                        "Total Cost": 43899.01,
                                        "Plan Rows": 452242,
                                        "Plan Width": 4,
                                        "Actual Startup Time": 222.651,
                                        "Actual Total Time": 222.652,
                                        "Actual Rows": 302208,
                                        "Actual Loops": 6,
                                        "Output": [
                                            "t.id"
                                        ],
                                        "Hash Buckets": 2097152,
                                        "Original Hash Buckets": 2097152,
                                        "Hash Batches": 1,
                                        "Original Hash Batches": 1,
                                        "Peak Memory Usage": 87424,
                                        "Workers": [
                                            {
                                                "Worker Number": 0,
                                                "Actual Startup Time": 224.641,
                                                "Actual Total Time": 224.642,
                                                "Actual Rows": 286029,
                                                "Actual Loops": 1
                                            },
                                            {
                                                "Worker Number": 1,
                                                "Actual Startup Time": 224.784,
                                                "Actual Total Time": 224.785,
                                                "Actual Rows": 217222,
                                                "Actual Loops": 1
                                            },
                                            {
                                                "Worker Number": 2,
                                                "Actual Startup Time": 224.975,
                                                "Actual Total Time": 224.976,
                                                "Actual Rows": 287943,
                                                "Actual Loops": 1
                                            },
                                            {
                                                "Worker Number": 3,
                                                "Actual Startup Time": 224.951,
                                                "Actual Total Time": 224.952,
                                                "Actual Rows": 311950,
                                                "Actual Loops": 1
                                            },
                                            {
                                                "Worker Number": 4,
                                                "Actual Startup Time": 224.958,
                                                "Actual Total Time": 224.958,
                                                "Actual Rows": 307973,
                                                "Actual Loops": 1
                                            }
                                        ],
                                        "Plans": [
                                            {
                                                "Node Type": "Seq Scan",
                                                "Parent Relationship": "Outer",
                                                "Parallel Aware": true,
                                                "Relation Name": "title",
                                                "Schema": "public",
                                                "Alias": "t",
                                                "Startup Cost": 0.0,
                                                "Total Cost": 43899.01,
                                                "Plan Rows": 452242,
                                                "Plan Width": 4,
                                                "Actual Startup Time": 0.061,
                                                "Actual Total Time": 87.039,
                                                "Actual Rows": 302208,
                                                "Actual Loops": 6,
                                                "Output": [
                                                    "t.id"
                                                ],
                                                "Filter": "(t.production_year > 1987)",
                                                "Rows Removed by Filter": 119178,
                                                "Workers": [
                                                    {
                                                        "Worker Number": 0,
                                                        "Actual Startup Time": 0.074,
                                                        "Actual Total Time": 88.84,
                                                        "Actual Rows": 286029,
                                                        "Actual Loops": 1
                                                    },
                                                    {
                                                        "Worker Number": 1,
                                                        "Actual Startup Time": 0.075,
                                                        "Actual Total Time": 91.95,
                                                        "Actual Rows": 217222,
                                                        "Actual Loops": 1
                                                    },
                                                    {
                                                        "Worker Number": 2,
                                                        "Actual Startup Time": 0.066,
                                                        "Actual Total Time": 88.672,
                                                        "Actual Rows": 287943,
                                                        "Actual Loops": 1
                                                    },
                                                    {
                                                        "Worker Number": 3,
                                                        "Actual Startup Time": 0.065,
                                                        "Actual Total Time": 89.394,
                                                        "Actual Rows": 311950,
                                                        "Actual Loops": 1
                                                    },
                                                    {
                                                        "Worker Number": 4,
                                                        "Actual Startup Time": 0.07,
                                                        "Actual Total Time": 88.663,
                                                        "Actual Rows": 307973,
                                                        "Actual Loops": 1
                                                    }
                                                ]
                                            }
                                        ]
                                    }
                                ]
                            }
                        ]
                    }
                ]
            }
        ]
    },
    "Planning Time": 0.741,
    "Triggers": [],
    "Execution Time": 736.165
}