[
  {
    "Plan": {
      "Node Type": "Aggregate",
      "Strategy": "Plain",
      "Partial Mode": "Finalize",
      "Parallel Aware": false,
      "Startup Cost": 384499.28,
      "Total Cost": 384499.29,
      "Plan Rows": 1,
      "Plan Width": 8,
      "Actual Startup Time": 1234.672,
      "Actual Total Time": 1298.845,
      "Actual Rows": 1,
      "Actual Loops": 1,
      "Plans": [
        {
          "Node Type": "Gather",
          "Parent Relationship": "Outer",
          "Parallel Aware": false,
          "Startup Cost": 384498.65,
          "Total Cost": 384499.26,
          "Plan Rows": 6,
          "Plan Width": 8,
          "Actual Startup Time": 1232.535,
          "Actual Total Time": 1298.823,
          "Actual Rows": 7,
          "Actual Loops": 1,
          "Workers Planned": 6,
          "Workers Launched": 6,
          "Single Copy": false,
          "Plans": [
            {
              "Node Type": "Aggregate",
              "Strategy": "Plain",
              "Partial Mode": "Partial",
              "Parent Relationship": "Outer",
              "Parallel Aware": false,
              "Startup Cost": 383498.65,
              "Total Cost": 383498.66,
              "Plan Rows": 1,
              "Plan Width": 8,
              "Actual Startup Time": 1222.319,
              "Actual Total Time": 1222.321,
              "Actual Rows": 1,
              "Actual Loops": 7,
              "Plans": [
                {
                  "Node Type": "Hash Join",
                  "Parent Relationship": "Outer",
                  "Parallel Aware": true,
                  "Join Type": "Inner",
                  "Startup Cost": 44363.29,
                  "Total Cost": 382916.96,
                  "Plan Rows": 232676,
                  "Plan Width": 0,
                  "Actual Startup Time": 292.883,
                  "Actual Total Time": 1217.364,
                  "Actual Rows": 94260,
                  "Actual Loops": 7,
                  "Inner Unique": true,
                  "Hash Cond": "(ci.movie_id = t.id)",
                  "Plans": [
                    {
                      "Node Type": "Seq Scan",
                      "Parent Relationship": "Outer",
                      "Parallel Aware": true,
                      "Relation Name": "cast_info",
                      "Alias": "ci",
                      "Startup Cost": 0.0,
                      "Total Cost": 328162.03,
                      "Plan Rows": 3958715,
                      "Plan Width": 4,
                      "Actual Startup Time": 207.184,
                      "Actual Total Time": 699.069,
                      "Actual Rows": 3367665,
                      "Actual Loops": 7,
                      "Filter": "(role_id > 1)",
                      "Rows Removed by Filter": 1810098
                    },
                    {
                      "Node Type": "Hash",
                      "Parent Relationship": "Inner",
                      "Parallel Aware": true,
                      "Startup Cost": 43898.92,
                      "Total Cost": 43898.92,
                      "Plan Rows": 37150,
                      "Plan Width": 4,
                      "Actual Startup Time": 83.676,
                      "Actual Total Time": 83.676,
                      "Actual Rows": 21383,
                      "Actual Loops": 7,
                      "Hash Buckets": 262144,
                      "Original Hash Buckets": 262144,
                      "Hash Batches": 1,
                      "Original Hash Batches": 1,
                      "Peak Memory Usage": 8032,
                      "Plans": [
                        {
                          "Node Type": "Seq Scan",
                          "Parent Relationship": "Outer",
                          "Parallel Aware": true,
                          "Relation Name": "title",
                          "Alias": "t",
                          "Startup Cost": 0.0,
                          "Total Cost": 43898.92,
                          "Plan Rows": 37150,
                          "Plan Width": 4,
                          "Actual Startup Time": 6.917,
                          "Actual Total Time": 74.371,
                          "Actual Rows": 21383,
                          "Actual Loops": 7,
                          "Filter": "(production_year < 1944)",
                          "Rows Removed by Filter": 339805
                        }
                      ]
                    }
                  ]
                }
              ]
            }
          ]
        }
      ]
    },
    "Planning Time": 0.616,
    "Triggers": [],
    "Execution Time": 1298.934
  }
]