[
    {
        "Bao": {
            "Bao prediction": "NaN",
            "Bao recommended hint": "(no hint)"
        }
    },
    {
        "Plan": {
            "Node Type": "Aggregate",
            "Strategy": "Plain",
            "Partial Mode": "Finalize",
            "Parallel Aware": false,
            "Startup Cost": 38306.18,
            "Total Cost": 38306.19,
            "Plan Rows": 1,
            "Plan Width": 8,
            "Actual Startup Time": 32.337,
            "Actual Total Time": 36.595,
            "Actual Rows": 1,
            "Actual Loops": 1,
            "Output": [
                "count(*)"
            ],
            "Plans": [
                {
                    "Node Type": "Gather",
                    "Parent Relationship": "Outer",
                    "Parallel Aware": false,
                    "Startup Cost": 38305.97,
                    "Total Cost": 38306.18,
                    "Plan Rows": 2,
                    "Plan Width": 8,
                    "Actual Startup Time": 32.163,
                    "Actual Total Time": 36.591,
                    "Actual Rows": 3,
                    "Actual Loops": 1,
                    "Output": [
                        "(PARTIAL count(*))"
                    ],
                    "Workers Planned": 2,
                    "Workers Launched": 2,
                    "Single Copy": false,
                    "Plans": [
                        {
                            "Node Type": "Aggregate",
                            "Strategy": "Plain",
                            "Partial Mode": "Partial",
                            "Parent Relationship": "Outer",
                            "Parallel Aware": false,
                            "Startup Cost": 37305.97,
                            "Total Cost": 37305.98,
                            "Plan Rows": 1,
                            "Plan Width": 8,
                            "Actual Startup Time": 24.689,
                            "Actual Total Time": 24.69,
                            "Actual Rows": 1,
                            "Actual Loops": 3,
                            "Output": [
                                "PARTIAL count(*)"
                            ],
                            "Workers": [
                                {
                                    "Worker Number": 0,
                                    "Actual Startup Time": 20.944,
                                    "Actual Total Time": 20.946,
                                    "Actual Rows": 1,
                                    "Actual Loops": 1
                                },
                                {
                                    "Worker Number": 1,
                                    "Actual Startup Time": 21.249,
                                    "Actual Total Time": 21.251,
                                    "Actual Rows": 1,
                                    "Actual Loops": 1
                                }
                            ],
                            "Plans": [
                                {
                                    "Node Type": "Nested Loop",
                                    "Parent Relationship": "Outer",
                                    "Parallel Aware": false,
                                    "Join Type": "Inner",
                                    "Startup Cost": 158.13,
                                    "Total Cost": 37305.93,
                                    "Plan Rows": 15,
                                    "Plan Width": 0,
                                    "Actual Startup Time": 15.106,
                                    "Actual Total Time": 24.684,
                                    "Actual Rows": 0,
                                    "Actual Loops": 3,
                                    "Inner Unique": true,
                                    "Workers": [
                                        {
                                            "Worker Number": 0,
                                            "Actual Startup Time": 20.938,
                                            "Actual Total Time": 20.939,
                                            "Actual Rows": 0,
                                            "Actual Loops": 1
                                        },
                                        {
                                            "Worker Number": 1,
                                            "Actual Startup Time": 21.244,
                                            "Actual Total Time": 21.245,
                                            "Actual Rows": 0,
                                            "Actual Loops": 1
                                        }
                                    ],
                                    "Plans": [
                                        {
                                            "Node Type": "Bitmap Heap Scan",
                                            "Parent Relationship": "Outer",
                                            "Parallel Aware": true,
                                            "Relation Name": "movie_keyword",
                                            "Schema": "public",
                                            "Alias": "mk",
                                            "Startup Cost": 157.7,
                                            "Total Cost": 16007.73,
                                            "Plan Rows": 3079,
                                            "Plan Width": 4,
                                            "Actual Startup Time": 1.018,
                                            "Actual Total Time": 8.228,
                                            "Actual Rows": 2517,
                                            "Actual Loops": 3,
                                            "Output": [
                                                "mk.id",
                                                "mk.movie_id",
                                                "mk.keyword_id"
                                            ],
                                            "Recheck Cond": "(mk.keyword_id = 910)",
                                            "Rows Removed by Index Recheck": 0,
                                            "Exact Heap Blocks": 5134,
                                            "Lossy Heap Blocks": 0,
                                            "Workers": [
                                                {
                                                    "Worker Number": 0,
                                                    "Actual Startup Time": 0.201,
                                                    "Actual Total Time": 6.783,
                                                    "Actual Rows": 426,
                                                    "Actual Loops": 1
                                                },
                                                {
                                                    "Worker Number": 1,
                                                    "Actual Startup Time": 0.197,
                                                    "Actual Total Time": 6.782,
                                                    "Actual Rows": 409,
                                                    "Actual Loops": 1
                                                }
                                            ],
                                            "Plans": [
                                                {
                                                    "Node Type": "Bitmap Index Scan",
                                                    "Parent Relationship": "Outer",
                                                    "Parallel Aware": false,
                                                    "Index Name": "keyword_id_movie_keyword",
                                                    "Startup Cost": 0.0,
                                                    "Total Cost": 155.85,
                                                    "Plan Rows": 7389,
                                                    "Plan Width": 0,
                                                    "Actual Startup Time": 1.649,
                                                    "Actual Total Time": 1.649,
                                                    "Actual Rows": 7552,
                                                    "Actual Loops": 1,
                                                    "Index Cond": "(mk.keyword_id = 910)"
                                                }
                                            ]
                                        },
                                        {
                                            "Node Type": "Index Scan",
                                            "Parent Relationship": "Inner",
                                            "Parallel Aware": false,
                                            "Scan Direction": "Forward",
                                            "Index Name": "title_pkey",
                                            "Relation Name": "title",
                                            "Schema": "public",
                                            "Alias": "t",
                                            "Startup Cost": 0.43,
                                            "Total Cost": 6.92,
                                            "Plan Rows": 1,
                                            "Plan Width": 4,
                                            "Actual Startup Time": 0.006,
                                            "Actual Total Time": 0.006,
                                            "Actual Rows": 0,
                                            "Actual Loops": 7552,
                                            "Output": [
                                                "t.id",
                                                "t.title",
                                                "t.imdb_index",
                                                "t.kind_id",
                                                "t.production_year",
                                                "t.imdb_id",
                                                "t.phonetic_code",
                                                "t.episode_of_id",
                                                "t.season_nr",
                                                "t.episode_nr",
                                                "t.series_years",
                                                "t.md5sum"
                                            ],
                                            "Index Cond": "(t.id = mk.movie_id)",
                                            "Rows Removed by Index Recheck": 0,
                                            "Filter": "((t.kind_id = 7) AND (t.production_year = 1987))",
                                            "Rows Removed by Filter": 1,
                                            "Workers": [
                                                {
                                                    "Worker Number": 0,
                                                    "Actual Startup Time": 0.032,
                                                    "Actual Total Time": 0.032,
                                                    "Actual Rows": 0,
                                                    "Actual Loops": 426
                                                },
                                                {
                                                    "Worker Number": 1,
                                                    "Actual Startup Time": 0.034,
                                                    "Actual Total Time": 0.034,
                                                    "Actual Rows": 0,
                                                    "Actual Loops": 409
                                                }
                                            ]
                                        }
                                    ]
                                }
                            ]
                        }
                    ]
                }
            ]
        },
        "Planning Time": 177.331,
        "Triggers": [],
        "Execution Time": 36.652
    }
]