[
    {
        "Bao": {
            "Bao prediction": "NaN",
            "Bao recommended hint": "(no hint)"
        }
    },
    {
        "Plan": {
            "Node Type": "Aggregate",
            "Strategy": "Plain",
            "Partial Mode": "Finalize",
            "Parallel Aware": false,
            "Startup Cost": 28263.56,
            "Total Cost": 28263.57,
            "Plan Rows": 1,
            "Plan Width": 8,
            "Actual Startup Time": 54.195,
            "Actual Total Time": 62.819,
            "Actual Rows": 1,
            "Actual Loops": 1,
            "Output": [
                "count(*)"
            ],
            "Plans": [
                {
                    "Node Type": "Gather",
                    "Parent Relationship": "Outer",
                    "Parallel Aware": false,
                    "Startup Cost": 28263.35,
                    "Total Cost": 28263.56,
                    "Plan Rows": 2,
                    "Plan Width": 8,
                    "Actual Startup Time": 53.9,
                    "Actual Total Time": 62.81,
                    "Actual Rows": 3,
                    "Actual Loops": 1,
                    "Output": [
                        "(PARTIAL count(*))"
                    ],
                    "Workers Planned": 2,
                    "Workers Launched": 2,
                    "Single Copy": false,
                    "Plans": [
                        {
                            "Node Type": "Aggregate",
                            "Strategy": "Plain",
                            "Partial Mode": "Partial",
                            "Parent Relationship": "Outer",
                            "Parallel Aware": false,
                            "Startup Cost": 27263.35,
                            "Total Cost": 27263.36,
                            "Plan Rows": 1,
                            "Plan Width": 8,
                            "Actual Startup Time": 45.649,
                            "Actual Total Time": 45.651,
                            "Actual Rows": 1,
                            "Actual Loops": 3,
                            "Output": [
                                "PARTIAL count(*)"
                            ],
                            "Workers": [
                                {
                                    "Worker Number": 0,
                                    "Actual Startup Time": 41.958,
                                    "Actual Total Time": 41.96,
                                    "Actual Rows": 1,
                                    "Actual Loops": 1
                                },
                                {
                                    "Worker Number": 1,
                                    "Actual Startup Time": 41.429,
                                    "Actual Total Time": 41.431,
                                    "Actual Rows": 1,
                                    "Actual Loops": 1
                                }
                            ],
                            "Plans": [
                                {
                                    "Node Type": "Nested Loop",
                                    "Parent Relationship": "Outer",
                                    "Parallel Aware": false,
                                    "Join Type": "Inner",
                                    "Startup Cost": 101.52,
                                    "Total Cost": 27260.69,
                                    "Plan Rows": 1063,
                                    "Plan Width": 0,
                                    "Actual Startup Time": 1.766,
                                    "Actual Total Time": 45.291,
                                    "Actual Rows": 3082,
                                    "Actual Loops": 3,
                                    "Inner Unique": false,
                                    "Workers": [
                                        {
                                            "Worker Number": 0,
                                            "Actual Startup Time": 1.113,
                                            "Actual Total Time": 41.714,
                                            "Actual Rows": 1353,
                                            "Actual Loops": 1
                                        },
                                        {
                                            "Worker Number": 1,
                                            "Actual Startup Time": 0.79,
                                            "Actual Total Time": 41.187,
                                            "Actual Rows": 1315,
                                            "Actual Loops": 1
                                        }
                                    ],
                                    "Plans": [
                                        {
                                            "Node Type": "Nested Loop",
                                            "Parent Relationship": "Outer",
                                            "Parallel Aware": false,
                                            "Join Type": "Inner",
                                            "Startup Cost": 101.09,
                                            "Total Cost": 26223.53,
                                            "Plan Rows": 1948,
                                            "Plan Width": 8,
                                            "Actual Startup Time": 1.426,
                                            "Actual Total Time": 25.47,
                                            "Actual Rows": 1542,
                                            "Actual Loops": 3,
                                            "Output": [
                                                "t.id",
                                                "mk.movie_id"
                                            ],
                                            "Inner Unique": true,
                                            "Workers": [
                                                {
                                                    "Worker Number": 0,
                                                    "Actual Startup Time": 0.379,
                                                    "Actual Total Time": 24.636,
                                                    "Actual Rows": 672,
                                                    "Actual Loops": 1
                                                },
                                                {
                                                    "Worker Number": 1,
                                                    "Actual Startup Time": 0.554,
                                                    "Actual Total Time": 24.311,
                                                    "Actual Rows": 649,
                                                    "Actual Loops": 1
                                                }
                                            ],
                                            "Plans": [
                                                {
                                                    "Node Type": "Bitmap Heap Scan",
                                                    "Parent Relationship": "Outer",
                                                    "Parallel Aware": true,
                                                    "Relation Name": "movie_keyword",
                                                    "Schema": "public",
                                                    "Alias": "mk",
                                                    "Startup Cost": 100.66,
                                                    "Total Cost": 11847.89,
                                                    "Plan Rows": 1948,
                                                    "Plan Width": 4,
                                                    "Actual Startup Time": 1.223,
                                                    "Actual Total Time": 7.932,
                                                    "Actual Rows": 1542,
                                                    "Actual Loops": 3,
                                                    "Output": [
                                                        "mk.id",
                                                        "mk.movie_id",
                                                        "mk.keyword_id"
                                                    ],
                                                    "Recheck Cond": "(mk.keyword_id = 465)",
                                                    "Rows Removed by Index Recheck": 0,
                                                    "Exact Heap Blocks": 2795,
                                                    "Lossy Heap Blocks": 0,
                                                    "Workers": [
                                                        {
                                                            "Worker Number": 0,
                                                            "Actual Startup Time": 0.116,
                                                            "Actual Total Time": 7.284,
                                                            "Actual Rows": 672,
                                                            "Actual Loops": 1
                                                        },
                                                        {
                                                            "Worker Number": 1,
                                                            "Actual Startup Time": 0.232,
                                                            "Actual Total Time": 7.308,
                                                            "Actual Rows": 649,
                                                            "Actual Loops": 1
                                                        }
                                                    ],
                                                    "Plans": [
                                                        {
                                                            "Node Type": "Bitmap Index Scan",
                                                            "Parent Relationship": "Outer",
                                                            "Parallel Aware": false,
                                                            "Index Name": "keyword_id_movie_keyword",
                                                            "Startup Cost": 0.0,
                                                            "Total Cost": 99.5,
                                                            "Plan Rows": 4675,
                                                            "Plan Width": 0,
                                                            "Actual Startup Time": 2.105,
                                                            "Actual Total Time": 2.106,
                                                            "Actual Rows": 4626,
                                                            "Actual Loops": 1,
                                                            "Index Cond": "(mk.keyword_id = 465)"
                                                        }
                                                    ]
                                                },
                                                {
                                                    "Node Type": "Index Only Scan",
                                                    "Parent Relationship": "Inner",
                                                    "Parallel Aware": false,
                                                    "Scan Direction": "Forward",
                                                    "Index Name": "title_pkey",
                                                    "Relation Name": "title",
                                                    "Schema": "public",
                                                    "Alias": "t",
                                                    "Startup Cost": 0.43,
                                                    "Total Cost": 7.38,
                                                    "Plan Rows": 1,
                                                    "Plan Width": 4,
                                                    "Actual Startup Time": 0.011,
                                                    "Actual Total Time": 0.011,
                                                    "Actual Rows": 1,
                                                    "Actual Loops": 4626,
                                                    "Output": [
                                                        "t.id"
                                                    ],
                                                    "Index Cond": "(t.id = mk.movie_id)",
                                                    "Rows Removed by Index Recheck": 0,
                                                    "Heap Fetches": 4626,
                                                    "Workers": [
                                                        {
                                                            "Worker Number": 0,
                                                            "Actual Startup Time": 0.024,
                                                            "Actual Total Time": 0.024,
                                                            "Actual Rows": 1,
                                                            "Actual Loops": 672
                                                        },
                                                        {
                                                            "Worker Number": 1,
                                                            "Actual Startup Time": 0.025,
                                                            "Actual Total Time": 0.025,
                                                            "Actual Rows": 1,
                                                            "Actual Loops": 649
                                                        }
                                                    ]
                                                }
                                            ]
                                        },
                                        {
                                            "Node Type": "Index Only Scan",
                                            "Parent Relationship": "Inner",
                                            "Parallel Aware": false,
                                            "Scan Direction": "Forward",
                                            "Index Name": "movie_id_movie_info_idx",
                                            "Relation Name": "movie_info_idx",
                                            "Schema": "public",
                                            "Alias": "mi_idx",
                                            "Startup Cost": 0.43,
                                            "Total Cost": 0.5,
                                            "Plan Rows": 3,
                                            "Plan Width": 4,
                                            "Actual Startup Time": 0.012,
                                            "Actual Total Time": 0.012,
                                            "Actual Rows": 2,
                                            "Actual Loops": 4626,
                                            "Output": [
                                                "mi_idx.movie_id"
                                            ],
                                            "Index Cond": "(mi_idx.movie_id = t.id)",
                                            "Rows Removed by Index Recheck": 0,
                                            "Heap Fetches": 9245,
                                            "Workers": [
                                                {
                                                    "Worker Number": 0,
                                                    "Actual Startup Time": 0.023,
                                                    "Actual Total Time": 0.024,
                                                    "Actual Rows": 2,
                                                    "Actual Loops": 672
                                                },
                                                {
                                                    "Worker Number": 1,
                                                    "Actual Startup Time": 0.024,
                                                    "Actual Total Time": 0.025,
                                                    "Actual Rows": 2,
                                                    "Actual Loops": 649
                                                }
                                            ]
                                        }
                                    ]
                                }
                            ]
                        }
                    ]
                }
            ]
        },
        "Planning Time": 290.102,
        "Triggers": [],
        "Execution Time": 62.899
    }
]