{
  "Plan": {
    "Node Type": "Aggregate",
    "Strategy": "Plain",
    "Partial Mode": "Finalize",
    "Parallel Aware": false,
    "Startup Cost": 142080.47,
    "Total Cost": 142080.48,
    "Plan Rows": 1,
    "Plan Width": 8,
    "Actual Startup Time": 367.836,
    "Actual Total Time": 389.138,
    "Actual Rows": 1,
    "Actual Loops": 1,
    "Plans": [
      {
        "Node Type": "Gather",
        "Parent Relationship": "Outer",
        "Parallel Aware": false,
        "Startup Cost": 142080.36,
        "Total Cost": 142080.47,
        "Plan Rows": 1,
        "Plan Width": 8,
        "Actual Startup Time": 367.05,
        "Actual Total Time": 389.132,
        "Actual Rows": 2,
        "Actual Loops": 1,
        "Workers Planned": 1,
        "Workers Launched": 1,
        "Single Copy": false,
        "Plans": [
          {
            "Node Type": "Aggregate",
            "Strategy": "Plain",
            "Partial Mode": "Partial",
            "Parent Relationship": "Outer",
            "Parallel Aware": false,
            "Startup Cost": 141080.36,
            "Total Cost": 141080.37,
            "Plan Rows": 1,
            "Plan Width": 8,
            "Actual Startup Time": 360.634,
            "Actual Total Time": 360.638,
            "Actual Rows": 1,
            "Actual Loops": 2,
            "Plans": [
              {
                "Node Type": "Nested Loop",
                "Parent Relationship": "Outer",
                "Parallel Aware": false,
                "Join Type": "Inner",
                "Startup Cost": 74516.7,
                "Total Cost": 141046.18,
                "Plan Rows": 13670,
                "Plan Width": 0,
                "Actual Startup Time": 216.493,
                "Actual Total Time": 360.217,
                "Actual Rows": 5239,
                "Actual Loops": 2,
                "Inner Unique": false,
                "Join Filter": "(t.id = mc.movie_id)",
                "Rows Removed by Join Filter": 0,
                "Plans": [
                  {
                    "Node Type": "Hash Join",
                    "Parent Relationship": "Outer",
                    "Parallel Aware": true,
                    "Join Type": "Inner",
                    "Startup Cost": 74516.27,
                    "Total Cost": 104732.15,
                    "Plan Rows": 50622,
                    "Plan Width": 8,
                    "Actual Startup Time": 216.052,
                    "Actual Total Time": 322.696,
                    "Actual Rows": 10356,
                    "Actual Loops": 2,
                    "Inner Unique": true,
                    "Hash Cond": "(mk.movie_id = t.id)",
                    "Plans": [
                      {
                        "Node Type": "Bitmap Heap Scan",
                        "Parent Relationship": "Outer",
                        "Parallel Aware": true,
                        "Relation Name": "movie_keyword",
                        "Alias": "mk",
                        "Startup Cost": 13739.46,
                        "Total Cost": 42955.34,
                        "Plan Rows": 380951,
                        "Plan Width": 4,
                        "Actual Startup Time": 37.666,
                        "Actual Total Time": 107.436,
                        "Actual Rows": 317952,
                        "Actual Loops": 2,
                        "Recheck Cond": "(keyword_id > 29032)",
                        "Rows Removed by Index Recheck": 0,
                        "Exact Heap Blocks": 14229,
                        "Lossy Heap Blocks": 0,
                        "Plans": [
                          {
                            "Node Type": "Bitmap Index Scan",
                            "Parent Relationship": "Outer",
                            "Parallel Aware": false,
                            "Index Name": "keyword_id_movie_keyword",
                            "Startup Cost": 0.0,
                            "Total Cost": 13577.55,
                            "Plan Rows": 647616,
                            "Plan Width": 0,
                            "Actual Startup Time": 34.071,
                            "Actual Total Time": 34.071,
                            "Actual Rows": 635903,
                            "Actual Loops": 1,
                            "Index Cond": "(keyword_id > 29032)"
                          }
                        ]
                      },
                      {
                        "Node Type": "Hash",
                        "Parent Relationship": "Inner",
                        "Parallel Aware": true,
                        "Startup Cost": 58306.47,
                        "Total Cost": 58306.47,
                        "Plan Rows": 197628,
                        "Plan Width": 4,
                        "Actual Startup Time": 170.329,
                        "Actual Total Time": 170.33,
                        "Actual Rows": 104308,
                        "Actual Loops": 2,
                        "Hash Buckets": 524288,
                        "Original Hash Buckets": 524288,
                        "Hash Batches": 1,
                        "Original Hash Batches": 1,
                        "Peak Memory Usage": 12288,
                        "Plans": [
                          {
                            "Node Type": "Seq Scan",
                            "Parent Relationship": "Outer",
                            "Parallel Aware": true,
                            "Relation Name": "title",
                            "Alias": "t",
                            "Startup Cost": 0.0,
                            "Total Cost": 58306.47,
                            "Plan Rows": 197628,
                            "Plan Width": 4,
                            "Actual Startup Time": 0.032,
                            "Actual Total Time": 141.889,
                            "Actual Rows": 104308,
                            "Actual Loops": 2,
                            "Filter": "((kind_id > 1) AND (production_year < 1977))",
                            "Rows Removed by Filter": 1159848
                          }
                        ]
                      }
                    ]
                  },
                  {
                    "Node Type": "Index Scan",
                    "Parent Relationship": "Inner",
                    "Parallel Aware": false,
                    "Scan Direction": "Forward",
                    "Index Name": "movie_id_movie_companies",
                    "Relation Name": "movie_companies",
                    "Alias": "mc",
                    "Startup Cost": 0.43,
                    "Total Cost": 0.7,
                    "Plan Rows": 1,
                    "Plan Width": 4,
                    "Actual Startup Time": 0.003,
                    "Actual Total Time": 0.003,
                    "Actual Rows": 1,
                    "Actual Loops": 20712,
                    "Index Cond": "(movie_id = mk.movie_id)",
                    "Rows Removed by Index Recheck": 0,
                    "Filter": "(company_id > 45939)",
                    "Rows Removed by Filter": 2
                  }
                ]
              }
            ]
          }
        ]
      }
    ]
  },
  "Planning Time": 0.985,
  "Triggers": [],
  "Execution Time": 389.245
}