{
    "Plan": {
        "Node Type": "Aggregate",
        "Strategy": "Plain",
        "Partial Mode": "Simple",
        "Parallel Aware": false,
        "Startup Cost": 40059603281.41,
        "Total Cost": 40059603281.42,
        "Plan Rows": 1,
        "Plan Width": 96,
        "Actual Startup Time": 165914.826,
        "Actual Total Time": 165914.843,
        "Actual Rows": 1,
        "Actual Loops": 1,
        "Output": [
            "min(mi.info)",
            "min(miidx.info)",
            "min(t.title)"
        ],
        "Plans": [
            {
                "Node Type": "Hash Join",
                "Parent Relationship": "Outer",
                "Parallel Aware": false,
                "Join Type": "Inner",
                "Startup Cost": 40059603268.88,
                "Total Cost": 40059603281.27,
                "Plan Rows": 18,
                "Plan Width": 65,
                "Actual Startup Time": 165913.832,
                "Actual Total Time": 165914.341,
                "Actual Rows": 4915,
                "Actual Loops": 1,
                "Output": [
                    "mi.info",
                    "miidx.info",
                    "t.title"
                ],
                "Inner Unique": false,
                "Hash Cond": "(kt.id = t.kind_id)",
                "Plans": [
                    {
                        "Node Type": "Index Scan",
                        "Parent Relationship": "Outer",
                        "Parallel Aware": false,
                        "Scan Direction": "Forward",
                        "Index Name": "kind_type_pkey",
                        "Relation Name": "kind_type",
                        "Schema": "public",
                        "Alias": "kt",
                        "Startup Cost": 10000000000.13,
                        "Total Cost": 10000000012.25,
                        "Plan Rows": 1,
                        "Plan Width": 4,
                        "Actual Startup Time": 0.023,
                        "Actual Total Time": 0.036,
                        "Actual Rows": 1,
                        "Actual Loops": 1,
                        "Output": [
                            "kt.id",
                            "kt.kind"
                        ],
                        "Filter": "((kt.kind)::text = 'video game'::text)",
                        "Rows Removed by Filter": 6
                    },
                    {
                        "Node Type": "Hash",
                        "Parent Relationship": "Inner",
                        "Parallel Aware": false,
                        "Startup Cost": 30059603267.19,
                        "Total Cost": 30059603267.19,
                        "Plan Rows": 124,
                        "Plan Width": 69,
                        "Actual Startup Time": 165913.793,
                        "Actual Total Time": 165913.81,
                        "Actual Rows": 73124,
                        "Actual Loops": 1,
                        "Output": [
                            "mi.info",
                            "miidx.info",
                            "t.title",
                            "t.kind_id"
                        ],
                        "Hash Buckets": 131072,
                        "Original Hash Buckets": 1024,
                        "Hash Batches": 1,
                        "Original Hash Batches": 1,
                        "Peak Memory Usage": 6941,
                        "Plans": [
                            {
                                "Node Type": "Merge Join",
                                "Parent Relationship": "Outer",
                                "Parallel Aware": false,
                                "Join Type": "Inner",
                                "Startup Cost": 30059603211.51,
                                "Total Cost": 30059603267.19,
                                "Plan Rows": 124,
                                "Plan Width": 69,
                                "Actual Startup Time": 165329.833,
                                "Actual Total Time": 165899.617,
                                "Actual Rows": 73124,
                                "Actual Loops": 1,
                                "Output": [
                                    "mi.info",
                                    "miidx.info",
                                    "t.title",
                                    "t.kind_id"
                                ],
                                "Inner Unique": false,
                                "Merge Cond": "(cn.id = mc.company_id)",
                                "Plans": [
                                    {
                                        "Node Type": "Sort",
                                        "Parent Relationship": "Outer",
                                        "Parallel Aware": false,
                                        "Startup Cost": 10000006350.89,
                                        "Total Cost": 10000006367.38,
                                        "Plan Rows": 6596,
                                        "Plan Width": 4,
                                        "Actual Startup Time": 40.297,
                                        "Actual Total Time": 41.811,
                                        "Actual Rows": 6752,
                                        "Actual Loops": 1,
                                        "Output": [
                                            "cn.id"
                                        ],
                                        "Sort Key": [
                                            "cn.id"
                                        ],
                                        "Sort Method": "quicksort",
                                        "Sort Space Used": 509,
                                        "Sort Space Type": "Memory",
                                        "Plans": [
                                            {
                                                "Node Type": "Seq Scan",
                                                "Parent Relationship": "Outer",
                                                "Parallel Aware": false,
                                                "Relation Name": "company_name",
                                                "Schema": "public",
                                                "Alias": "cn",
                                                "Startup Cost": 10000000000.0,
                                                "Total Cost": 10000005932.46,
                                                "Plan Rows": 6596,
                                                "Plan Width": 4,
                                                "Actual Startup Time": 0.035,
                                                "Actual Total Time": 38.101,
                                                "Actual Rows": 6752,
                                                "Actual Loops": 1,
                                                "Output": [
                                                    "cn.id"
                                                ],
                                                "Filter": "((cn.country_code)::text = '[jp]'::text)",
                                                "Rows Removed by Filter": 228245
                                            }
                                        ]
                                    },
                                    {
                                        "Node Type": "Sort",
                                        "Parent Relationship": "Inner",
                                        "Parallel Aware": false,
                                        "Startup Cost": 20059596860.08,
                                        "Total Cost": 20059596871.09,
                                        "Plan Rows": 4405,
                                        "Plan Width": 73,
                                        "Actual Startup Time": 165274.932,
                                        "Actual Total Time": 165662.767,
                                        "Actual Rows": 2504897,
                                        "Actual Loops": 1,
                                        "Output": [
                                            "mc.company_id",
                                            "mi.info",
                                            "miidx.info",
                                            "t.title",
                                            "t.kind_id"
                                        ],
                                        "Sort Key": [
                                            "mc.company_id"
                                        ],
                                        "Sort Method": "quicksort",
                                        "Sort Space Used": 381150,
                                        "Sort Space Type": "Memory",
                                        "Plans": [
                                            {
                                                "Node Type": "Merge Join",
                                                "Parent Relationship": "Outer",
                                                "Parallel Aware": false,
                                                "Join Type": "Inner",
                                                "Startup Cost": 20059596449.24,
                                                "Total Cost": 20059596593.47,
                                                "Plan Rows": 4405,
                                                "Plan Width": 73,
                                                "Actual Startup Time": 164024.121,
                                                "Actual Total Time": 164458.74,
                                                "Actual Rows": 2504990,
                                                "Actual Loops": 1,
                                                "Output": [
                                                    "mc.company_id",
                                                    "mi.info",
                                                    "miidx.info",
                                                    "t.title",
                                                    "t.kind_id"
                                                ],
                                                "Inner Unique": false,
                                                "Merge Cond": "(ct.id = mc.company_type_id)",
                                                "Plans": [
                                                    {
                                                        "Node Type": "Index Scan",
                                                        "Parent Relationship": "Outer",
                                                        "Parallel Aware": false,
                                                        "Scan Direction": "Forward",
                                                        "Index Name": "company_type_pkey",
                                                        "Relation Name": "company_type",
                                                        "Schema": "public",
                                                        "Alias": "ct",
                                                        "Startup Cost": 0.13,
                                                        "Total Cost": 12.2,
                                                        "Plan Rows": 1,
                                                        "Plan Width": 4,
                                                        "Actual Startup Time": 0.012,
                                                        "Actual Total Time": 0.047,
                                                        "Actual Rows": 1,
                                                        "Actual Loops": 1,
                                                        "Output": [
                                                            "ct.id",
                                                            "ct.kind"
                                                        ],
                                                        "Filter": "((ct.kind)::text = 'production companies'::text)",
                                                        "Rows Removed by Filter": 3
                                                    },
                                                    {
                                                        "Node Type": "Sort",
                                                        "Parent Relationship": "Inner",
                                                        "Parallel Aware": false,
                                                        "Startup Cost": 20059596449.11,
                                                        "Total Cost": 20059596493.17,
                                                        "Plan Rows": 17621,
                                                        "Plan Width": 77,
                                                        "Actual Startup Time": 163324.978,
                                                        "Actual Total Time": 163739.003,
                                                        "Actual Rows": 9595757,
                                                        "Actual Loops": 1,
                                                        "Output": [
                                                            "miidx.info",
                                                            "mc.company_id",
                                                            "mc.company_type_id",
                                                            "mi.info",
                                                            "t.title",
                                                            "t.kind_id"
                                                        ],
                                                        "Sort Key": [
                                                            "mc.company_type_id"
                                                        ],
                                                        "Sort Method": "quicksort",
                                                        "Sort Space Used": 1599669,
                                                        "Sort Space Type": "Memory",
                                                        "Plans": [
                                                            {
                                                                "Node Type": "Merge Join",
                                                                "Parent Relationship": "Outer",
                                                                "Parallel Aware": false,
                                                                "Join Type": "Inner",
                                                                "Startup Cost": 20059582311.51,
                                                                "Total Cost": 20059595206.39,
                                                                "Plan Rows": 17621,
                                                                "Plan Width": 77,
                                                                "Actual Startup Time": 157876.089,
                                                                "Actual Total Time": 160750.119,
                                                                "Actual Rows": 9595757,
                                                                "Actual Loops": 1,
                                                                "Output": [
                                                                    "miidx.info",
                                                                    "mc.company_id",
                                                                    "mc.company_type_id",
                                                                    "mi.info",
                                                                    "t.title",
                                                                    "t.kind_id"
                                                                ],
                                                                "Inner Unique": false,
                                                                "Merge Cond": "(t.id = mi.movie_id)",
                                                                "Plans": [
                                                                    {
                                                                        "Node Type": "Sort",
                                                                        "Parent Relationship": "Outer",
                                                                        "Parallel Aware": false,
                                                                        "Startup Cost": 10000330165.09,
                                                                        "Total Cost": 10000336485.89,
                                                                        "Plan Rows": 2528322,
                                                                        "Plan Width": 25,
                                                                        "Actual Startup Time": 1454.211,
                                                                        "Actual Total Time": 1975.221,
                                                                        "Actual Rows": 2525734,
                                                                        "Actual Loops": 1,
                                                                        "Output": [
                                                                            "t.title",
                                                                            "t.id",
                                                                            "t.kind_id"
                                                                        ],
                                                                        "Sort Key": [
                                                                            "t.id"
                                                                        ],
                                                                        "Sort Method": "quicksort",
                                                                        "Sort Space Used": 290000,
                                                                        "Sort Space Type": "Memory",
                                                                        "Plans": [
                                                                            {
                                                                                "Node Type": "Seq Scan",
                                                                                "Parent Relationship": "Outer",
                                                                                "Parallel Aware": false,
                                                                                "Relation Name": "title",
                                                                                "Schema": "public",
                                                                                "Alias": "t",
                                                                                "Startup Cost": 10000000000.0,
                                                                                "Total Cost": 10000061281.22,
                                                                                "Plan Rows": 2528322,
                                                                                "Plan Width": 25,
                                                                                "Actual Startup Time": 0.014,
                                                                                "Actual Total Time": 440.036,
                                                                                "Actual Rows": 2528312,
                                                                                "Actual Loops": 1,
                                                                                "Output": [
                                                                                    "t.title",
                                                                                    "t.id",
                                                                                    "t.kind_id"
                                                                                ]
                                                                            }
                                                                        ]
                                                                    },
                                                                    {
                                                                        "Node Type": "Sort",
                                                                        "Parent Relationship": "Inner",
                                                                        "Parallel Aware": false,
                                                                        "Startup Cost": 10059252145.15,
                                                                        "Total Cost": 10059252189.2,
                                                                        "Plan Rows": 17621,
                                                                        "Plan Width": 68,
                                                                        "Actual Startup Time": 156421.858,
                                                                        "Actual Total Time": 157168.21,
                                                                        "Actual Rows": 9595757,
                                                                        "Actual Loops": 1,
                                                                        "Output": [
                                                                            "miidx.info",
                                                                            "miidx.movie_id",
                                                                            "mc.movie_id",
                                                                            "mc.company_id",
                                                                            "mc.company_type_id",
                                                                            "mi.info",
                                                                            "mi.movie_id"
                                                                        ],
                                                                        "Sort Key": [
                                                                            "miidx.movie_id"
                                                                        ],
                                                                        "Sort Method": "quicksort",
                                                                        "Sort Space Used": 1288789,
                                                                        "Sort Space Type": "Memory",
                                                                        "Plans": [
                                                                            {
                                                                                "Node Type": "Merge Join",
                                                                                "Parent Relationship": "Outer",
                                                                                "Parallel Aware": false,
                                                                                "Join Type": "Inner",
                                                                                "Startup Cost": 10059240756.56,
                                                                                "Total Cost": 10059250902.43,
                                                                                "Plan Rows": 17621,
                                                                                "Plan Width": 68,
                                                                                "Actual Startup Time": 151859.483,
                                                                                "Actual Total Time": 154253.127,
                                                                                "Actual Rows": 9595757,
                                                                                "Actual Loops": 1,
                                                                                "Output": [
                                                                                    "miidx.info",
                                                                                    "miidx.movie_id",
                                                                                    "mc.movie_id",
                                                                                    "mc.company_id",
                                                                                    "mc.company_type_id",
                                                                                    "mi.info",
                                                                                    "mi.movie_id"
                                                                                ],
                                                                                "Inner Unique": false,
                                                                                "Merge Cond": "(it2.id = mi.info_type_id)",
                                                                                "Plans": [
                                                                                    {
                                                                                        "Node Type": "Index Scan",
                                                                                        "Parent Relationship": "Outer",
                                                                                        "Parallel Aware": false,
                                                                                        "Scan Direction": "Forward",
                                                                                        "Index Name": "info_type_pkey",
                                                                                        "Relation Name": "info_type",
                                                                                        "Schema": "public",
                                                                                        "Alias": "it2",
                                                                                        "Startup Cost": 0.14,
                                                                                        "Total Cost": 14.12,
                                                                                        "Plan Rows": 1,
                                                                                        "Plan Width": 4,
                                                                                        "Actual Startup Time": 0.032,
                                                                                        "Actual Total Time": 0.059,
                                                                                        "Actual Rows": 1,
                                                                                        "Actual Loops": 1,
                                                                                        "Output": [
                                                                                            "it2.id",
                                                                                            "it2.info"
                                                                                        ],
                                                                                        "Filter": "((it2.info)::text = 'release dates'::text)",
                                                                                        "Rows Removed by Filter": 112
                                                                                    },
                                                                                    {
                                                                                        "Node Type": "Sort",
                                                                                        "Parent Relationship": "Inner",
                                                                                        "Parallel Aware": false,
                                                                                        "Startup Cost": 10059240756.41,
                                                                                        "Total Cost": 10059245734.26,
                                                                                        "Plan Rows": 1991137,
                                                                                        "Plan Width": 72,
                                                                                        "Actual Startup Time": 145641.332,
                                                                                        "Actual Total Time": 150884.489,
                                                                                        "Actual Rows": 37968104,
                                                                                        "Actual Loops": 1,
                                                                                        "Output": [
                                                                                            "miidx.info",
                                                                                            "miidx.movie_id",
                                                                                            "mc.movie_id",
                                                                                            "mc.company_id",
                                                                                            "mc.company_type_id",
                                                                                            "mi.info",
                                                                                            "mi.movie_id",
                                                                                            "mi.info_type_id"
                                                                                        ],
                                                                                        "Sort Key": [
                                                                                            "mi.info_type_id"
                                                                                        ],
                                                                                        "Sort Method": "external sort",
                                                                                        "Sort Space Used": 7215304,
                                                                                        "Sort Space Type": "Disk",
                                                                                        "Plans": [
                                                                                            {
                                                                                                "Node Type": "Hash Join",
                                                                                                "Parent Relationship": "Outer",
                                                                                                "Parallel Aware": false,
                                                                                                "Join Type": "Inner",
                                                                                                "Startup Cost": 10005837102.42,
                                                                                                "Total Cost": 10059032432.1,
                                                                                                "Plan Rows": 1991137,
                                                                                                "Plan Width": 72,
                                                                                                "Actual Startup Time": 45729.953,
                                                                                                "Actual Total Time": 91422.598,
                                                                                                "Actual Rows": 57984052,
                                                                                                "Actual Loops": 1,
                                                                                                "Output": [
                                                                                                    "miidx.info",
                                                                                                    "miidx.movie_id",
                                                                                                    "mc.movie_id",
                                                                                                    "mc.company_id",
                                                                                                    "mc.company_type_id",
                                                                                                    "mi.info",
                                                                                                    "mi.movie_id",
                                                                                                    "mi.info_type_id"
                                                                                                ],
                                                                                                "Inner Unique": true,
                                                                                                "Hash Cond": "(miidx.info_type_id = it.id)",
                                                                                                "Plans": [
                                                                                                    {
                                                                                                        "Node Type": "Hash Join",
                                                                                                        "Parent Relationship": "Outer",
                                                                                                        "Parallel Aware": false,
                                                                                                        "Join Type": "Inner",
                                                                                                        "Startup Cost": 10005837088.28,
                                                                                                        "Total Cost": 10058419659.22,
                                                                                                        "Plan Rows": 224993462,
                                                                                                        "Plan Width": 76,
                                                                                                        "Actual Startup Time": 45729.882,
                                                                                                        "Actual Total Time": 77489.907,
                                                                                                        "Actual Rows": 177388547,
                                                                                                        "Actual Loops": 1,
                                                                                                        "Output": [
                                                                                                            "mc.movie_id",
                                                                                                            "mc.company_id",
                                                                                                            "mc.company_type_id",
                                                                                                            "mi.info",
                                                                                                            "mi.movie_id",
                                                                                                            "mi.info_type_id",
                                                                                                            "miidx.info",
                                                                                                            "miidx.movie_id",
                                                                                                            "miidx.info_type_id"
                                                                                                        ],
                                                                                                        "Inner Unique": false,
                                                                                                        "Hash Cond": "(miidx.movie_id = mi.movie_id)",
                                                                                                        "Plans": [
                                                                                                            {
                                                                                                                "Node Type": "Seq Scan",
                                                                                                                "Parent Relationship": "Outer",
                                                                                                                "Parallel Aware": false,
                                                                                                                "Relation Name": "movie_info_idx",
                                                                                                                "Schema": "public",
                                                                                                                "Alias": "miidx",
                                                                                                                "Startup Cost": 10000000000.0,
                                                                                                                "Total Cost": 10000021735.35,
                                                                                                                "Plan Rows": 1380035,
                                                                                                                "Plan Width": 13,
                                                                                                                "Actual Startup Time": 0.022,
                                                                                                                "Actual Total Time": 129.171,
                                                                                                                "Actual Rows": 1380035,
                                                                                                                "Actual Loops": 1,
                                                                                                                "Output": [
                                                                                                                    "miidx.id",
                                                                                                                    "miidx.movie_id",
                                                                                                                    "miidx.info_type_id",
                                                                                                                    "miidx.info",
                                                                                                                    "miidx.note"
                                                                                                                ]
                                                                                                            },
                                                                                                            {
                                                                                                                "Node Type": "Hash",
                                                                                                                "Parent Relationship": "Inner",
                                                                                                                "Parallel Aware": false,
                                                                                                                "Startup Cost": 4842903.26,
                                                                                                                "Total Cost": 4842903.26,
                                                                                                                "Plan Rows": 79534802,
                                                                                                                "Plan Width": 63,
                                                                                                                "Actual Startup Time": 45655.311,
                                                                                                                "Actual Total Time": 45655.313,
                                                                                                                "Actual Rows": 67371414,
                                                                                                                "Actual Loops": 1,
                                                                                                                "Output": [
                                                                                                                    "mc.movie_id",
                                                                                                                    "mc.company_id",
                                                                                                                    "mc.company_type_id",
                                                                                                                    "mi.info",
                                                                                                                    "mi.movie_id",
                                                                                                                    "mi.info_type_id"
                                                                                                                ],
                                                                                                                "Hash Buckets": 67108864,
                                                                                                                "Original Hash Buckets": 67108864,
                                                                                                                "Hash Batches": 4,
                                                                                                                "Original Hash Batches": 4,
                                                                                                                "Peak Memory Usage": 2604217,
                                                                                                                "Plans": [
                                                                                                                    {
                                                                                                                        "Node Type": "Nested Loop",
                                                                                                                        "Parent Relationship": "Outer",
                                                                                                                        "Parallel Aware": false,
                                                                                                                        "Join Type": "Inner",
                                                                                                                        "Startup Cost": 0.43,
                                                                                                                        "Total Cost": 4842903.26,
                                                                                                                        "Plan Rows": 79534802,
                                                                                                                        "Plan Width": 63,
                                                                                                                        "Actual Startup Time": 0.059,
                                                                                                                        "Actual Total Time": 25723.066,
                                                                                                                        "Actual Rows": 67371414,
                                                                                                                        "Actual Loops": 1,
                                                                                                                        "Output": [
                                                                                                                            "mc.movie_id",
                                                                                                                            "mc.company_id",
                                                                                                                            "mc.company_type_id",
                                                                                                                            "mi.info",
                                                                                                                            "mi.movie_id",
                                                                                                                            "mi.info_type_id"
                                                                                                                        ],
                                                                                                                        "Inner Unique": false,
                                                                                                                        "Plans": [
                                                                                                                            {
                                                                                                                                "Node Type": "Seq Scan",
                                                                                                                                "Parent Relationship": "Outer",
                                                                                                                                "Parallel Aware": false,
                                                                                                                                "Relation Name": "movie_companies",
                                                                                                                                "Schema": "public",
                                                                                                                                "Alias": "mc",
                                                                                                                                "Startup Cost": 0.0,
                                                                                                                                "Total Cost": 44881.29,
                                                                                                                                "Plan Rows": 2609129,
                                                                                                                                "Plan Width": 12,
                                                                                                                                "Actual Startup Time": 0.025,
                                                                                                                                "Actual Total Time": 315.916,
                                                                                                                                "Actual Rows": 2609129,
                                                                                                                                "Actual Loops": 1,
                                                                                                                                "Output": [
                                                                                                                                    "mc.id",
                                                                                                                                    "mc.movie_id",
                                                                                                                                    "mc.company_id",
                                                                                                                                    "mc.company_type_id",
                                                                                                                                    "mc.note"
                                                                                                                                ]
                                                                                                                            },
                                                                                                                            {
                                                                                                                                "Node Type": "Index Scan",
                                                                                                                                "Parent Relationship": "Inner",
                                                                                                                                "Parallel Aware": false,
                                                                                                                                "Scan Direction": "Forward",
                                                                                                                                "Index Name": "movie_id_movie_info",
                                                                                                                                "Relation Name": "movie_info",
                                                                                                                                "Schema": "public",
                                                                                                                                "Alias": "mi",
                                                                                                                                "Startup Cost": 0.43,
                                                                                                                                "Total Cost": 1.45,
                                                                                                                                "Plan Rows": 39,
                                                                                                                                "Plan Width": 51,
                                                                                                                                "Actual Startup Time": 0.002,
                                                                                                                                "Actual Total Time": 0.007,
                                                                                                                                "Actual Rows": 26,
                                                                                                                                "Actual Loops": 2609129,
                                                                                                                                "Output": [
                                                                                                                                    "mi.id",
                                                                                                                                    "mi.movie_id",
                                                                                                                                    "mi.info_type_id",
                                                                                                                                    "mi.info",
                                                                                                                                    "mi.note"
                                                                                                                                ],
                                                                                                                                "Index Cond": "(mi.movie_id = mc.movie_id)",
                                                                                                                                "Rows Removed by Index Recheck": 0
                                                                                                                            }
                                                                                                                        ]
                                                                                                                    }
                                                                                                                ]
                                                                                                            }
                                                                                                        ]
                                                                                                    },
                                                                                                    {
                                                                                                        "Node Type": "Hash",
                                                                                                        "Parent Relationship": "Inner",
                                                                                                        "Parallel Aware": false,
                                                                                                        "Startup Cost": 14.12,
                                                                                                        "Total Cost": 14.12,
                                                                                                        "Plan Rows": 1,
                                                                                                        "Plan Width": 4,
                                                                                                        "Actual Startup Time": 0.023,
                                                                                                        "Actual Total Time": 0.024,
                                                                                                        "Actual Rows": 1,
                                                                                                        "Actual Loops": 1,
                                                                                                        "Output": [
                                                                                                            "it.id"
                                                                                                        ],
                                                                                                        "Hash Buckets": 1024,
                                                                                                        "Original Hash Buckets": 1024,
                                                                                                        "Hash Batches": 1,
                                                                                                        "Original Hash Batches": 1,
                                                                                                        "Peak Memory Usage": 9,
                                                                                                        "Plans": [
                                                                                                            {
                                                                                                                "Node Type": "Index Scan",
                                                                                                                "Parent Relationship": "Outer",
                                                                                                                "Parallel Aware": false,
                                                                                                                "Scan Direction": "Forward",
                                                                                                                "Index Name": "info_type_pkey",
                                                                                                                "Relation Name": "info_type",
                                                                                                                "Schema": "public",
                                                                                                                "Alias": "it",
                                                                                                                "Startup Cost": 0.14,
                                                                                                                "Total Cost": 14.12,
                                                                                                                "Plan Rows": 1,
                                                                                                                "Plan Width": 4,
                                                                                                                "Actual Startup Time": 0.015,
                                                                                                                "Actual Total Time": 0.019,
                                                                                                                "Actual Rows": 1,
                                                                                                                "Actual Loops": 1,
                                                                                                                "Output": [
                                                                                                                    "it.id"
                                                                                                                ],
                                                                                                                "Filter": "((it.info)::text = 'rating'::text)",
                                                                                                                "Rows Removed by Filter": 112
                                                                                                            }
                                                                                                        ]
                                                                                                    }
                                                                                                ]
                                                                                            }
                                                                                        ]
                                                                                    }
                                                                                ]
                                                                            }
                                                                        ]
                                                                    }
                                                                ]
                                                            }
                                                        ]
                                                    }
                                                ]
                                            }
                                        ]
                                    }
                                ]
                            }
                        ]
                    }
                ]
            }
        ]
    },
    "Planning Time": 8.041,
    "Triggers": [],
    "Execution Time": 169042.154
}