[
    {
        "Bao": {
            "Bao prediction": "NaN",
            "Bao recommended hint": "(no hint)"
        }
    },
    {
        "Plan": {
            "Node Type": "Aggregate",
            "Strategy": "Plain",
            "Partial Mode": "Finalize",
            "Parallel Aware": false,
            "Startup Cost": 26903.92,
            "Total Cost": 26903.93,
            "Plan Rows": 1,
            "Plan Width": 8,
            "Actual Startup Time": 55.031,
            "Actual Total Time": 59.11,
            "Actual Rows": 1,
            "Actual Loops": 1,
            "Output": [
                "count(*)"
            ],
            "Plans": [
                {
                    "Node Type": "Gather",
                    "Parent Relationship": "Outer",
                    "Parallel Aware": false,
                    "Startup Cost": 26903.61,
                    "Total Cost": 26903.92,
                    "Plan Rows": 3,
                    "Plan Width": 8,
                    "Actual Startup Time": 54.896,
                    "Actual Total Time": 59.103,
                    "Actual Rows": 4,
                    "Actual Loops": 1,
                    "Output": [
                        "(PARTIAL count(*))"
                    ],
                    "Workers Planned": 3,
                    "Workers Launched": 3,
                    "Single Copy": false,
                    "Plans": [
                        {
                            "Node Type": "Aggregate",
                            "Strategy": "Plain",
                            "Partial Mode": "Partial",
                            "Parent Relationship": "Outer",
                            "Parallel Aware": false,
                            "Startup Cost": 25903.61,
                            "Total Cost": 25903.62,
                            "Plan Rows": 1,
                            "Plan Width": 8,
                            "Actual Startup Time": 46.155,
                            "Actual Total Time": 46.157,
                            "Actual Rows": 1,
                            "Actual Loops": 4,
                            "Output": [
                                "PARTIAL count(*)"
                            ],
                            "Workers": [
                                {
                                    "Worker Number": 0,
                                    "Actual Startup Time": 42.99,
                                    "Actual Total Time": 42.991,
                                    "Actual Rows": 1,
                                    "Actual Loops": 1
                                },
                                {
                                    "Worker Number": 1,
                                    "Actual Startup Time": 43.446,
                                    "Actual Total Time": 43.447,
                                    "Actual Rows": 1,
                                    "Actual Loops": 1
                                },
                                {
                                    "Worker Number": 2,
                                    "Actual Startup Time": 43.598,
                                    "Actual Total Time": 43.6,
                                    "Actual Rows": 1,
                                    "Actual Loops": 1
                                }
                            ],
                            "Plans": [
                                {
                                    "Node Type": "Bitmap Heap Scan",
                                    "Parent Relationship": "Outer",
                                    "Parallel Aware": true,
                                    "Relation Name": "movie_companies",
                                    "Schema": "public",
                                    "Alias": "mc",
                                    "Startup Cost": 5720.48,
                                    "Total Cost": 25794.5,
                                    "Plan Rows": 43642,
                                    "Plan Width": 0,
                                    "Actual Startup Time": 10.576,
                                    "Actual Total Time": 41.48,
                                    "Actual Rows": 67233,
                                    "Actual Loops": 4,
                                    "Recheck Cond": "(mc.company_id > 97871)",
                                    "Rows Removed by Index Recheck": 0,
                                    "Filter": "(mc.company_type_id > 1)",
                                    "Rows Removed by Filter": 0,
                                    "Exact Heap Blocks": 2695,
                                    "Lossy Heap Blocks": 0,
                                    "Workers": [
                                        {
                                            "Worker Number": 0,
                                            "Actual Startup Time": 7.548,
                                            "Actual Total Time": 38.845,
                                            "Actual Rows": 37180,
                                            "Actual Loops": 1
                                        },
                                        {
                                            "Worker Number": 1,
                                            "Actual Startup Time": 7.886,
                                            "Actual Total Time": 39.14,
                                            "Actual Rows": 38477,
                                            "Actual Loops": 1
                                        },
                                        {
                                            "Worker Number": 2,
                                            "Actual Startup Time": 8.049,
                                            "Actual Total Time": 39.358,
                                            "Actual Rows": 38449,
                                            "Actual Loops": 1
                                        }
                                    ],
                                    "Plans": [
                                        {
                                            "Node Type": "Bitmap Index Scan",
                                            "Parent Relationship": "Outer",
                                            "Parallel Aware": false,
                                            "Index Name": "company_id_movie_companies",
                                            "Startup Cost": 0.0,
                                            "Total Cost": 5686.66,
                                            "Plan Rows": 265364,
                                            "Plan Width": 0,
                                            "Actual Startup Time": 18.161,
                                            "Actual Total Time": 18.161,
                                            "Actual Rows": 268933,
                                            "Actual Loops": 1,
                                            "Index Cond": "(mc.company_id > 97871)"
                                        }
                                    ]
                                }
                            ]
                        }
                    ]
                }
            ]
        },
        "Planning Time": 189.218,
        "Triggers": [],
        "Execution Time": 59.166
    }
]