[
  {
    "Plan": {
      "Node Type": "Aggregate",
      "Strategy": "Plain",
      "Partial Mode": "Finalize",
      "Parallel Aware": false,
      "Startup Cost": 96412.41,
      "Total Cost": 96412.42,
      "Plan Rows": 1,
      "Plan Width": 8,
      "Actual Startup Time": 334.319,
      "Actual Total Time": 353.314,
      "Actual Rows": 1,
      "Actual Loops": 1,
      "Plans": [
        {
          "Node Type": "Gather",
          "Parent Relationship": "Outer",
          "Parallel Aware": false,
          "Startup Cost": 96411.99,
          "Total Cost": 96412.4,
          "Plan Rows": 4,
          "Plan Width": 8,
          "Actual Startup Time": 330.998,
          "Actual Total Time": 353.303,
          "Actual Rows": 5,
          "Actual Loops": 1,
          "Workers Planned": 4,
          "Workers Launched": 4,
          "Single Copy": false,
          "Plans": [
            {
              "Node Type": "Aggregate",
              "Strategy": "Plain",
              "Partial Mode": "Partial",
              "Parent Relationship": "Outer",
              "Parallel Aware": false,
              "Startup Cost": 95411.99,
              "Total Cost": 95412.0,
              "Plan Rows": 1,
              "Plan Width": 8,
              "Actual Startup Time": 319.309,
              "Actual Total Time": 319.314,
              "Actual Rows": 1,
              "Actual Loops": 5,
              "Plans": [
                {
                  "Node Type": "Hash Join",
                  "Parent Relationship": "Outer",
                  "Parallel Aware": true,
                  "Join Type": "Inner",
                  "Startup Cost": 50481.49,
                  "Total Cost": 95381.71,
                  "Plan Rows": 12112,
                  "Plan Width": 0,
                  "Actual Startup Time": 177.536,
                  "Actual Total Time": 317.343,
                  "Actual Rows": 40412,
                  "Actual Loops": 5,
                  "Inner Unique": false,
                  "Hash Cond": "(t.id = mi_idx.movie_id)",
                  "Plans": [
                    {
                      "Node Type": "Seq Scan",
                      "Parent Relationship": "Outer",
                      "Parallel Aware": true,
                      "Relation Name": "title",
                      "Alias": "t",
                      "Startup Cost": 0.0,
                      "Total Cost": 42318.73,
                      "Plan Rows": 632073,
                      "Plan Width": 4,
                      "Actual Startup Time": 0.016,
                      "Actual Total Time": 63.743,
                      "Actual Rows": 505662,
                      "Actual Loops": 5
                    },
                    {
                      "Node Type": "Hash",
                      "Parent Relationship": "Inner",
                      "Parallel Aware": true,
                      "Startup Cost": 49425.4,
                      "Total Cost": 49425.4,
                      "Plan Rows": 84487,
                      "Plan Width": 8,
                      "Actual Startup Time": 175.509,
                      "Actual Total Time": 175.513,
                      "Actual Rows": 40412,
                      "Actual Loops": 5,
                      "Hash Buckets": 262144,
                      "Original Hash Buckets": 262144,
                      "Hash Batches": 1,
                      "Original Hash Batches": 1,
                      "Peak Memory Usage": 10016,
                      "Plans": [
                        {
                          "Node Type": "Hash Join",
                          "Parent Relationship": "Outer",
                          "Parallel Aware": true,
                          "Join Type": "Inner",
                          "Startup Cost": 23207.04,
                          "Total Cost": 49425.4,
                          "Plan Rows": 84487,
                          "Plan Width": 8,
                          "Actual Startup Time": 97.45,
                          "Actual Total Time": 162.012,
                          "Actual Rows": 40412,
                          "Actual Loops": 5,
                          "Inner Unique": false,
                          "Hash Cond": "(mk.movie_id = mi_idx.movie_id)",
                          "Plans": [
                            {
                              "Node Type": "Bitmap Heap Scan",
                              "Parent Relationship": "Outer",
                              "Parallel Aware": true,
                              "Relation Name": "movie_keyword",
                              "Alias": "mk",
                              "Startup Cost": 5716.5,
                              "Total Cost": 31256.9,
                              "Plan Rows": 86912,
                              "Plan Width": 4,
                              "Actual Startup Time": 19.359,
                              "Actual Total Time": 61.996,
                              "Actual Rows": 56583,
                              "Actual Loops": 5,
                              "Recheck Cond": "(keyword_id < 235)",
                              "Rows Removed by Index Recheck": 0,
                              "Exact Heap Blocks": 7089,
                              "Lossy Heap Blocks": 0,
                              "Plans": [
                                {
                                  "Node Type": "Bitmap Index Scan",
                                  "Parent Relationship": "Outer",
                                  "Parallel Aware": false,
                                  "Index Name": "keyword_id_movie_keyword",
                                  "Startup Cost": 0.0,
                                  "Total Cost": 5649.14,
                                  "Plan Rows": 269428,
                                  "Plan Width": 0,
                                  "Actual Startup Time": 15.725,
                                  "Actual Total Time": 15.725,
                                  "Actual Rows": 282915,
                                  "Actual Loops": 1,
                                  "Index Cond": "(keyword_id < 235)"
                                }
                              ]
                            },
                            {
                              "Node Type": "Hash",
                              "Parent Relationship": "Inner",
                              "Parallel Aware": true,
                              "Startup Cost": 15122.68,
                              "Total Cost": 15122.68,
                              "Plan Rows": 189429,
                              "Plan Width": 4,
                              "Actual Startup Time": 76.361,
                              "Actual Total Time": 76.362,
                              "Actual Rows": 91985,
                              "Actual Loops": 5,
                              "Hash Buckets": 524288,
                              "Original Hash Buckets": 524288,
                              "Hash Batches": 1,
                              "Original Hash Batches": 1,
                              "Peak Memory Usage": 22176,
                              "Plans": [
                                {
                                  "Node Type": "Seq Scan",
                                  "Parent Relationship": "Outer",
                                  "Parallel Aware": true,
                                  "Relation Name": "movie_info_idx",
                                  "Alias": "mi_idx",
                                  "Startup Cost": 0.0,
                                  "Total Cost": 15122.68,
                                  "Plan Rows": 189429,
                                  "Plan Width": 4,
                                  "Actual Startup Time": 0.075,
                                  "Actual Total Time": 38.568,
                                  "Actual Rows": 91985,
                                  "Actual Loops": 5,
                                  "Filter": "(info_type_id < 100)",
                                  "Rows Removed by Filter": 184022
                                }
                              ]
                            }
                          ]
                        }
                      ]
                    }
                  ]
                }
              ]
            }
          ]
        }
      ]
    },
    "Planning Time": 1.352,
    "Triggers": [],
    "Execution Time": 353.419
  }
]