{
  "Plan": {
    "Node Type": "Aggregate",
    "Strategy": "Plain",
    "Partial Mode": "Finalize",
    "Parallel Aware": false,
    "Startup Cost": 613907.62,
    "Total Cost": 613907.63,
    "Plan Rows": 1,
    "Plan Width": 8,
    "Actual Startup Time": 5539.083,
    "Actual Total Time": 5598.785,
    "Actual Rows": 1,
    "Actual Loops": 1,
    "Plans": [
      {
        "Node Type": "Gather",
        "Parent Relationship": "Outer",
        "Parallel Aware": false,
        "Startup Cost": 613907.51,
        "Total Cost": 613907.62,
        "Plan Rows": 1,
        "Plan Width": 8,
        "Actual Startup Time": 5526.494,
        "Actual Total Time": 5598.775,
        "Actual Rows": 2,
        "Actual Loops": 1,
        "Workers Planned": 1,
        "Workers Launched": 1,
        "Single Copy": false,
        "Plans": [
          {
            "Node Type": "Aggregate",
            "Strategy": "Plain",
            "Partial Mode": "Partial",
            "Parent Relationship": "Outer",
            "Parallel Aware": false,
            "Startup Cost": 612907.51,
            "Total Cost": 612907.52,
            "Plan Rows": 1,
            "Plan Width": 8,
            "Actual Startup Time": 5513.63,
            "Actual Total Time": 5514.656,
            "Actual Rows": 1,
            "Actual Loops": 2,
            "Plans": [
              {
                "Node Type": "Hash Join",
                "Parent Relationship": "Outer",
                "Parallel Aware": true,
                "Join Type": "Inner",
                "Startup Cost": 503478.84,
                "Total Cost": 600461.36,
                "Plan Rows": 4978462,
                "Plan Width": 0,
                "Actual Startup Time": 2835.171,
                "Actual Total Time": 4721.3,
                "Actual Rows": 20357716,
                "Actual Loops": 2,
                "Inner Unique": false,
                "Hash Cond": "(mk.movie_id = t.id)",
                "Plans": [
                  {
                    "Node Type": "Seq Scan",
                    "Parent Relationship": "Outer",
                    "Parallel Aware": true,
                    "Relation Name": "movie_keyword",
                    "Alias": "mk",
                    "Startup Cost": 0.0,
                    "Total Cost": 51065.35,
                    "Plan Rows": 2661135,
                    "Plan Width": 4,
                    "Actual Startup Time": 0.012,
                    "Actual Total Time": 165.089,
                    "Actual Rows": 2261965,
                    "Actual Loops": 2
                  },
                  {
                    "Node Type": "Hash",
                    "Parent Relationship": "Inner",
                    "Parallel Aware": true,
                    "Startup Cost": 468699.87,
                    "Total Cost": 468699.87,
                    "Plan Rows": 2782318,
                    "Plan Width": 8,
                    "Actual Startup Time": 2808.145,
                    "Actual Total Time": 2809.169,
                    "Actual Rows": 2263231,
                    "Actual Loops": 2,
                    "Hash Buckets": 8388608,
                    "Original Hash Buckets": 8388608,
                    "Hash Batches": 1,
                    "Original Hash Batches": 1,
                    "Peak Memory Usage": 242656,
                    "Plans": [
                      {
                        "Node Type": "Hash Join",
                        "Parent Relationship": "Outer",
                        "Parallel Aware": true,
                        "Join Type": "Inner",
                        "Startup Cost": 173930.3,
                        "Total Cost": 468699.87,
                        "Plan Rows": 2782318,
                        "Plan Width": 8,
                        "Actual Startup Time": 734.026,
                        "Actual Total Time": 2101.229,
                        "Actual Rows": 2263231,
                        "Actual Loops": 2,
                        "Inner Unique": true,
                        "Hash Cond": "(ci.movie_id = t.id)",
                        "Plans": [
                          {
                            "Node Type": "Bitmap Heap Scan",
                            "Parent Relationship": "Outer",
                            "Parallel Aware": true,
                            "Relation Name": "cast_info",
                            "Alias": "ci",
                            "Startup Cost": 104469.6,
                            "Total Cost": 391935.57,
                            "Plan Rows": 2782318,
                            "Plan Width": 4,
                            "Actual Startup Time": 209.695,
                            "Actual Total Time": 494.786,
                            "Actual Rows": 2263231,
                            "Actual Loops": 2,
                            "Recheck Cond": "(person_id > 3235668)",
                            "Rows Removed by Index Recheck": 0,
                            "Exact Heap Blocks": 31640,
                            "Lossy Heap Blocks": 0,
                            "Plans": [
                              {
                                "Node Type": "Bitmap Index Scan",
                                "Parent Relationship": "Outer",
                                "Parallel Aware": false,
                                "Index Name": "person_id_cast_info",
                                "Startup Cost": 0.0,
                                "Total Cost": 103287.11,
                                "Plan Rows": 4729940,
                                "Plan Width": 0,
                                "Actual Startup Time": 198.764,
                                "Actual Total Time": 198.765,
                                "Actual Rows": 4526462,
                                "Actual Loops": 1,
                                "Index Cond": "(person_id > 3235668)"
                              }
                            ]
                          },
                          {
                            "Node Type": "Hash",
                            "Parent Relationship": "Inner",
                            "Parallel Aware": true,
                            "Startup Cost": 50870.31,
                            "Total Cost": 50870.31,
                            "Plan Rows": 1487231,
                            "Plan Width": 4,
                            "Actual Startup Time": 513.187,
                            "Actual Total Time": 513.188,
                            "Actual Rows": 1264156,
                            "Actual Loops": 2,
                            "Hash Buckets": 4194304,
                            "Original Hash Buckets": 4194304,
                            "Hash Batches": 1,
                            "Original Hash Batches": 1,
                            "Peak Memory Usage": 131712,
                            "Plans": [
                              {
                                "Node Type": "Seq Scan",
                                "Parent Relationship": "Outer",
                                "Parallel Aware": true,
                                "Relation Name": "title",
                                "Alias": "t",
                                "Startup Cost": 0.0,
                                "Total Cost": 50870.31,
                                "Plan Rows": 1487231,
                                "Plan Width": 4,
                                "Actual Startup Time": 0.053,
                                "Actual Total Time": 156.953,
                                "Actual Rows": 1264156,
                                "Actual Loops": 2
                              }
                            ]
                          }
                        ]
                      }
                    ]
                  }
                ]
              }
            ]
          }
        ]
      }
    ]
  },
  "Planning Time": 0.628,
  "Triggers": [],
  "Execution Time": 5598.875
}