{
  "Plan": {
    "Node Type": "Aggregate",
    "Strategy": "Plain",
    "Partial Mode": "Finalize",
    "Parallel Aware": false,
    "Startup Cost": 372004.62,
    "Total Cost": 372004.63,
    "Plan Rows": 1,
    "Plan Width": 8,
    "Actual Startup Time": 1186.379,
    "Actual Total Time": 1211.595,
    "Actual Rows": 1,
    "Actual Loops": 1,
    "Plans": [
      {
        "Node Type": "Gather",
        "Parent Relationship": "Outer",
        "Parallel Aware": false,
        "Startup Cost": 372004.51,
        "Total Cost": 372004.62,
        "Plan Rows": 1,
        "Plan Width": 8,
        "Actual Startup Time": 1184.537,
        "Actual Total Time": 1211.585,
        "Actual Rows": 2,
        "Actual Loops": 1,
        "Workers Planned": 1,
        "Workers Launched": 1,
        "Single Copy": false,
        "Plans": [
          {
            "Node Type": "Aggregate",
            "Strategy": "Plain",
            "Partial Mode": "Partial",
            "Parent Relationship": "Outer",
            "Parallel Aware": false,
            "Startup Cost": 371004.51,
            "Total Cost": 371004.52,
            "Plan Rows": 1,
            "Plan Width": 8,
            "Actual Startup Time": 1179.719,
            "Actual Total Time": 1179.723,
            "Actual Rows": 1,
            "Actual Loops": 2,
            "Plans": [
              {
                "Node Type": "Hash Join",
                "Parent Relationship": "Outer",
                "Parallel Aware": true,
                "Join Type": "Inner",
                "Startup Cost": 59420.03,
                "Total Cost": 369720.05,
                "Plan Rows": 513782,
                "Plan Width": 0,
                "Actual Startup Time": 269.587,
                "Actual Total Time": 1170.26,
                "Actual Rows": 217966,
                "Actual Loops": 2,
                "Inner Unique": true,
                "Hash Cond": "(ci.movie_id = t.id)",
                "Plans": [
                  {
                    "Node Type": "Index Scan",
                    "Parent Relationship": "Outer",
                    "Parallel Aware": true,
                    "Scan Direction": "Forward",
                    "Index Name": "role_id_cast_info",
                    "Relation Name": "cast_info",
                    "Alias": "ci",
                    "Startup Cost": 0.56,
                    "Total Cost": 305110.75,
                    "Plan Rows": 1977077,
                    "Plan Width": 4,
                    "Actual Startup Time": 0.077,
                    "Actual Total Time": 628.438,
                    "Actual Rows": 843162,
                    "Actual Loops": 2,
                    "Index Cond": "(role_id > 4)",
                    "Rows Removed by Index Recheck": 0,
                    "Filter": "(person_id < 1266017)",
                    "Rows Removed by Filter": 3849190
                  },
                  {
                    "Node Type": "Hash",
                    "Parent Relationship": "Inner",
                    "Parallel Aware": true,
                    "Startup Cost": 54588.39,
                    "Total Cost": 54588.39,
                    "Plan Rows": 386486,
                    "Plan Width": 4,
                    "Actual Startup Time": 260.656,
                    "Actual Total Time": 260.658,
                    "Actual Rows": 331417,
                    "Actual Loops": 2,
                    "Hash Buckets": 1048576,
                    "Original Hash Buckets": 1048576,
                    "Hash Batches": 1,
                    "Original Hash Batches": 1,
                    "Peak Memory Usage": 34144,
                    "Plans": [
                      {
                        "Node Type": "Seq Scan",
                        "Parent Relationship": "Outer",
                        "Parallel Aware": true,
                        "Relation Name": "title",
                        "Alias": "t",
                        "Startup Cost": 0.0,
                        "Total Cost": 54588.39,
                        "Plan Rows": 386486,
                        "Plan Width": 4,
                        "Actual Startup Time": 0.035,
                        "Actual Total Time": 155.727,
                        "Actual Rows": 331417,
                        "Actual Loops": 2,
                        "Filter": "(production_year < 1989)",
                        "Rows Removed by Filter": 932739
                      }
                    ]
                  }
                ]
              }
            ]
          }
        ]
      }
    ]
  },
  "Planning Time": 0.53,
  "Triggers": [],
  "Execution Time": 1211.663
}