[
  {
    "Plan": {
      "Node Type": "Aggregate",
      "Strategy": "Plain",
      "Partial Mode": "Finalize",
      "Parallel Aware": false,
      "Startup Cost": 333888.1,
      "Total Cost": 333888.11,
      "Plan Rows": 1,
      "Plan Width": 8,
      "Actual Startup Time": 592.561,
      "Actual Total Time": 651.171,
      "Actual Rows": 1,
      "Actual Loops": 1,
      "Plans": [
        {
          "Node Type": "Gather",
          "Parent Relationship": "Outer",
          "Parallel Aware": false,
          "Startup Cost": 333887.47,
          "Total Cost": 333888.08,
          "Plan Rows": 6,
          "Plan Width": 8,
          "Actual Startup Time": 592.415,
          "Actual Total Time": 651.162,
          "Actual Rows": 7,
          "Actual Loops": 1,
          "Workers Planned": 6,
          "Workers Launched": 6,
          "Single Copy": false,
          "Plans": [
            {
              "Node Type": "Aggregate",
              "Strategy": "Plain",
              "Partial Mode": "Partial",
              "Parent Relationship": "Outer",
              "Parallel Aware": false,
              "Startup Cost": 332887.47,
              "Total Cost": 332887.48,
              "Plan Rows": 1,
              "Plan Width": 8,
              "Actual Startup Time": 582.311,
              "Actual Total Time": 582.312,
              "Actual Rows": 1,
              "Actual Loops": 7,
              "Plans": [
                {
                  "Node Type": "Seq Scan",
                  "Parent Relationship": "Outer",
                  "Parallel Aware": true,
                  "Relation Name": "cast_info",
                  "Alias": "ci",
                  "Startup Cost": 0.0,
                  "Total Cost": 328162.03,
                  "Plan Rows": 1890178,
                  "Plan Width": 0,
                  "Actual Startup Time": 260.379,
                  "Actual Total Time": 519.582,
                  "Actual Rows": 1608941,
                  "Actual Loops": 7,
                  "Filter": "(person_id > 2574683)",
                  "Rows Removed by Filter": 3568822
                }
              ]
            }
          ]
        }
      ]
    },
    "Planning Time": 0.176,
    "Triggers": [],
    "Execution Time": 651.239
  }
]