[
  {
    "Plan": {
      "Node Type": "Aggregate",
      "Strategy": "Plain",
      "Partial Mode": "Finalize",
      "Parallel Aware": false,
      "Startup Cost": 80024.38,
      "Total Cost": 80024.39,
      "Plan Rows": 1,
      "Plan Width": 8,
      "Actual Startup Time": 192.031,
      "Actual Total Time": 208.266,
      "Actual Rows": 1,
      "Actual Loops": 1,
      "Plans": [
        {
          "Node Type": "Gather",
          "Parent Relationship": "Outer",
          "Parallel Aware": false,
          "Startup Cost": 80023.96,
          "Total Cost": 80024.37,
          "Plan Rows": 4,
          "Plan Width": 8,
          "Actual Startup Time": 190.591,
          "Actual Total Time": 208.256,
          "Actual Rows": 5,
          "Actual Loops": 1,
          "Workers Planned": 4,
          "Workers Launched": 4,
          "Single Copy": false,
          "Plans": [
            {
              "Node Type": "Aggregate",
              "Strategy": "Plain",
              "Partial Mode": "Partial",
              "Parent Relationship": "Outer",
              "Parallel Aware": false,
              "Startup Cost": 79023.96,
              "Total Cost": 79023.97,
              "Plan Rows": 1,
              "Plan Width": 8,
              "Actual Startup Time": 180.974,
              "Actual Total Time": 180.977,
              "Actual Rows": 1,
              "Actual Loops": 5,
              "Plans": [
                {
                  "Node Type": "Hash Join",
                  "Parent Relationship": "Outer",
                  "Parallel Aware": true,
                  "Join Type": "Inner",
                  "Startup Cost": 32489.67,
                  "Total Cost": 78974.33,
                  "Plan Rows": 19853,
                  "Plan Width": 0,
                  "Actual Startup Time": 79.035,
                  "Actual Total Time": 180.204,
                  "Actual Rows": 12418,
                  "Actual Loops": 5,
                  "Inner Unique": false,
                  "Hash Cond": "(t.id = mc.movie_id)",
                  "Plans": [
                    {
                      "Node Type": "Seq Scan",
                      "Parent Relationship": "Outer",
                      "Parallel Aware": true,
                      "Relation Name": "title",
                      "Alias": "t",
                      "Startup Cost": 0.0,
                      "Total Cost": 45479.1,
                      "Plan Rows": 188304,
                      "Plan Width": 4,
                      "Actual Startup Time": 0.021,
                      "Actual Total Time": 73.609,
                      "Actual Rows": 158789,
                      "Actual Loops": 5,
                      "Filter": "((kind_id < 7) AND (production_year < 2010))",
                      "Rows Removed by Filter": 346874
                    },
                    {
                      "Node Type": "Hash",
                      "Parent Relationship": "Inner",
                      "Parallel Aware": true,
                      "Startup Cost": 31414.82,
                      "Total Cost": 31414.82,
                      "Plan Rows": 85988,
                      "Plan Width": 4,
                      "Actual Startup Time": 76.001,
                      "Actual Total Time": 76.002,
                      "Actual Rows": 28072,
                      "Actual Loops": 5,
                      "Hash Buckets": 524288,
                      "Original Hash Buckets": 524288,
                      "Hash Batches": 1,
                      "Original Hash Batches": 1,
                      "Peak Memory Usage": 9696,
                      "Plans": [
                        {
                          "Node Type": "Seq Scan",
                          "Parent Relationship": "Outer",
                          "Parallel Aware": true,
                          "Relation Name": "movie_companies",
                          "Alias": "mc",
                          "Startup Cost": 0.0,
                          "Total Cost": 31414.82,
                          "Plan Rows": 85988,
                          "Plan Width": 4,
                          "Actual Startup Time": 42.575,
                          "Actual Total Time": 66.4,
                          "Actual Rows": 28072,
                          "Actual Loops": 5,
                          "Filter": "((company_id < 483) AND (company_type_id = 2))",
                          "Rows Removed by Filter": 493753
                        }
                      ]
                    }
                  ]
                }
              ]
            }
          ]
        }
      ]
    },
    "Planning Time": 0.628,
    "Triggers": [],
    "Execution Time": 208.336
  }
]