[
  {
    "Plan": {
      "Node Type": "Aggregate",
      "Strategy": "Plain",
      "Partial Mode": "Finalize",
      "Parallel Aware": false,
      "Startup Cost": 26254.82,
      "Total Cost": 26254.83,
      "Plan Rows": 1,
      "Plan Width": 8,
      "Actual Startup Time": 87.635,
      "Actual Total Time": 94.129,
      "Actual Rows": 1,
      "Actual Loops": 1,
      "Plans": [
        {
          "Node Type": "Gather",
          "Parent Relationship": "Outer",
          "Parallel Aware": false,
          "Startup Cost": 26254.5,
          "Total Cost": 26254.81,
          "Plan Rows": 3,
          "Plan Width": 8,
          "Actual Startup Time": 87.313,
          "Actual Total Time": 94.121,
          "Actual Rows": 4,
          "Actual Loops": 1,
          "Workers Planned": 3,
          "Workers Launched": 3,
          "Single Copy": false,
          "Plans": [
            {
              "Node Type": "Aggregate",
              "Strategy": "Plain",
              "Partial Mode": "Partial",
              "Parent Relationship": "Outer",
              "Parallel Aware": false,
              "Startup Cost": 25254.5,
              "Total Cost": 25254.51,
              "Plan Rows": 1,
              "Plan Width": 8,
              "Actual Startup Time": 80.615,
              "Actual Total Time": 80.616,
              "Actual Rows": 1,
              "Actual Loops": 4,
              "Plans": [
                {
                  "Node Type": "Bitmap Heap Scan",
                  "Parent Relationship": "Outer",
                  "Parallel Aware": true,
                  "Relation Name": "movie_companies",
                  "Alias": "mc",
                  "Startup Cost": 5200.62,
                  "Total Cost": 25158.67,
                  "Plan Rows": 38333,
                  "Plan Width": 0,
                  "Actual Startup Time": 31.505,
                  "Actual Total Time": 77.117,
                  "Actual Rows": 46164,
                  "Actual Loops": 4,
                  "Recheck Cond": "(company_id < 97)",
                  "Rows Removed by Index Recheck": 0,
                  "Filter": "(company_type_id = 1)",
                  "Rows Removed by Filter": 13727,
                  "Exact Heap Blocks": 10106,
                  "Lossy Heap Blocks": 0,
                  "Plans": [
                    {
                      "Node Type": "Bitmap Index Scan",
                      "Parent Relationship": "Outer",
                      "Parallel Aware": false,
                      "Index Name": "company_id_movie_companies",
                      "Startup Cost": 0.0,
                      "Total Cost": 5170.91,
                      "Plan Rows": 241397,
                      "Plan Width": 0,
                      "Actual Startup Time": 33.013,
                      "Actual Total Time": 33.014,
                      "Actual Rows": 239564,
                      "Actual Loops": 1,
                      "Index Cond": "(company_id < 97)"
                    }
                  ]
                }
              ]
            }
          ]
        }
      ]
    },
    "Planning Time": 0.221,
    "Triggers": [],
    "Execution Time": 94.208
  }
]