{
  "Plan": {
    "Node Type": "Aggregate",
    "Strategy": "Plain",
    "Partial Mode": "Finalize",
    "Parallel Aware": false,
    "Startup Cost": 119921.11,
    "Total Cost": 119921.12,
    "Plan Rows": 1,
    "Plan Width": 8,
    "Actual Startup Time": 399.297,
    "Actual Total Time": 413.136,
    "Actual Rows": 1,
    "Actual Loops": 1,
    "Plans": [
      {
        "Node Type": "Gather",
        "Parent Relationship": "Outer",
        "Parallel Aware": false,
        "Startup Cost": 119921.0,
        "Total Cost": 119921.11,
        "Plan Rows": 1,
        "Plan Width": 8,
        "Actual Startup Time": 398.976,
        "Actual Total Time": 413.127,
        "Actual Rows": 2,
        "Actual Loops": 1,
        "Workers Planned": 1,
        "Workers Launched": 1,
        "Single Copy": false,
        "Plans": [
          {
            "Node Type": "Aggregate",
            "Strategy": "Plain",
            "Partial Mode": "Partial",
            "Parent Relationship": "Outer",
            "Parallel Aware": false,
            "Startup Cost": 118921.0,
            "Total Cost": 118921.01,
            "Plan Rows": 1,
            "Plan Width": 8,
            "Actual Startup Time": 393.253,
            "Actual Total Time": 393.257,
            "Actual Rows": 1,
            "Actual Loops": 2,
            "Plans": [
              {
                "Node Type": "Hash Join",
                "Parent Relationship": "Outer",
                "Parallel Aware": true,
                "Join Type": "Inner",
                "Startup Cost": 58901.54,
                "Total Cost": 118852.92,
                "Plan Rows": 27232,
                "Plan Width": 0,
                "Actual Startup Time": 166.243,
                "Actual Total Time": 392.629,
                "Actual Rows": 13330,
                "Actual Loops": 2,
                "Inner Unique": true,
                "Hash Cond": "(mk.movie_id = t.id)",
                "Plans": [
                  {
                    "Node Type": "Seq Scan",
                    "Parent Relationship": "Outer",
                    "Parallel Aware": true,
                    "Relation Name": "movie_keyword",
                    "Alias": "mk",
                    "Startup Cost": 0.0,
                    "Total Cost": 57718.19,
                    "Plan Rows": 850738,
                    "Plan Width": 4,
                    "Actual Startup Time": 1.117,
                    "Actual Total Time": 167.104,
                    "Actual Rows": 726684,
                    "Actual Loops": 2,
                    "Filter": "(keyword_id > 11483)",
                    "Rows Removed by Filter": 1535281
                  },
                  {
                    "Node Type": "Hash",
                    "Parent Relationship": "Inner",
                    "Parallel Aware": true,
                    "Startup Cost": 58306.47,
                    "Total Cost": 58306.47,
                    "Plan Rows": 47606,
                    "Plan Width": 4,
                    "Actual Startup Time": 162.433,
                    "Actual Total Time": 162.434,
                    "Actual Rows": 46541,
                    "Actual Loops": 2,
                    "Hash Buckets": 131072,
                    "Original Hash Buckets": 131072,
                    "Hash Batches": 1,
                    "Original Hash Batches": 1,
                    "Peak Memory Usage": 4704,
                    "Plans": [
                      {
                        "Node Type": "Seq Scan",
                        "Parent Relationship": "Outer",
                        "Parallel Aware": true,
                        "Relation Name": "title",
                        "Alias": "t",
                        "Startup Cost": 0.0,
                        "Total Cost": 58306.47,
                        "Plan Rows": 47606,
                        "Plan Width": 4,
                        "Actual Startup Time": 0.04,
                        "Actual Total Time": 146.495,
                        "Actual Rows": 46541,
                        "Actual Loops": 2,
                        "Filter": "((kind_id > 3) AND (production_year = 2008))",
                        "Rows Removed by Filter": 1217615
                      }
                    ]
                  }
                ]
              }
            ]
          }
        ]
      }
    ]
  },
  "Planning Time": 0.46,
  "Triggers": [],
  "Execution Time": 413.207
}