[
  {
    "Plan": {
      "Node Type": "Aggregate",
      "Strategy": "Plain",
      "Partial Mode": "Finalize",
      "Parallel Aware": false,
      "Startup Cost": 46508.96,
      "Total Cost": 46508.97,
      "Plan Rows": 1,
      "Plan Width": 8,
      "Actual Startup Time": 97.749,
      "Actual Total Time": 108.788,
      "Actual Rows": 1,
      "Actual Loops": 1,
      "Plans": [
        {
          "Node Type": "Gather",
          "Parent Relationship": "Outer",
          "Parallel Aware": false,
          "Startup Cost": 46508.54,
          "Total Cost": 46508.95,
          "Plan Rows": 4,
          "Plan Width": 8,
          "Actual Startup Time": 97.438,
          "Actual Total Time": 108.776,
          "Actual Rows": 5,
          "Actual Loops": 1,
          "Workers Planned": 4,
          "Workers Launched": 4,
          "Single Copy": false,
          "Plans": [
            {
              "Node Type": "Aggregate",
              "Strategy": "Plain",
              "Partial Mode": "Partial",
              "Parent Relationship": "Outer",
              "Parallel Aware": false,
              "Startup Cost": 45508.54,
              "Total Cost": 45508.55,
              "Plan Rows": 1,
              "Plan Width": 8,
              "Actual Startup Time": 90.208,
              "Actual Total Time": 90.209,
              "Actual Rows": 1,
              "Actual Loops": 5,
              "Plans": [
                {
                  "Node Type": "Seq Scan",
                  "Parent Relationship": "Outer",
                  "Parallel Aware": true,
                  "Relation Name": "title",
                  "Alias": "t",
                  "Startup Cost": 0.0,
                  "Total Cost": 45479.59,
                  "Plan Rows": 11581,
                  "Plan Width": 0,
                  "Actual Startup Time": 0.052,
                  "Actual Total Time": 89.172,
                  "Actual Rows": 10114,
                  "Actual Loops": 5,
                  "Filter": "((kind_id > 3) AND (production_year = 2003))",
                  "Rows Removed by Filter": 495549
                }
              ]
            }
          ]
        }
      ]
    },
    "Planning Time": 0.15,
    "Triggers": [],
    "Execution Time": 108.849
  }
]