[
  {
    "Plan": {
      "Node Type": "Aggregate",
      "Strategy": "Plain",
      "Partial Mode": "Finalize",
      "Parallel Aware": false,
      "Startup Cost": 618230.23,
      "Total Cost": 618230.24,
      "Plan Rows": 1,
      "Plan Width": 8,
      "Actual Startup Time": 3061.73,
      "Actual Total Time": 3109.318,
      "Actual Rows": 1,
      "Actual Loops": 1,
      "Plans": [
        {
          "Node Type": "Gather",
          "Parent Relationship": "Outer",
          "Parallel Aware": false,
          "Startup Cost": 618229.71,
          "Total Cost": 618230.22,
          "Plan Rows": 5,
          "Plan Width": 8,
          "Actual Startup Time": 3052.54,
          "Actual Total Time": 3109.308,
          "Actual Rows": 6,
          "Actual Loops": 1,
          "Workers Planned": 5,
          "Workers Launched": 5,
          "Single Copy": false,
          "Plans": [
            {
              "Node Type": "Aggregate",
              "Strategy": "Plain",
              "Partial Mode": "Partial",
              "Parent Relationship": "Outer",
              "Parallel Aware": false,
              "Startup Cost": 617229.71,
              "Total Cost": 617229.72,
              "Plan Rows": 1,
              "Plan Width": 8,
              "Actual Startup Time": 3038.312,
              "Actual Total Time": 3038.444,
              "Actual Rows": 1,
              "Actual Loops": 6,
              "Plans": [
                {
                  "Node Type": "Hash Join",
                  "Parent Relationship": "Outer",
                  "Parallel Aware": true,
                  "Join Type": "Inner",
                  "Startup Cost": 401659.86,
                  "Total Cost": 609429.51,
                  "Plan Rows": 3120079,
                  "Plan Width": 0,
                  "Actual Startup Time": 1504.841,
                  "Actual Total Time": 2826.787,
                  "Actual Rows": 4615758,
                  "Actual Loops": 6,
                  "Inner Unique": false,
                  "Hash Cond": "(mi.movie_id = t.id)",
                  "Plans": [
                    {
                      "Node Type": "Seq Scan",
                      "Parent Relationship": "Outer",
                      "Parallel Aware": true,
                      "Relation Name": "movie_info",
                      "Alias": "mi",
                      "Startup Cost": 0.0,
                      "Total Cost": 191503.19,
                      "Plan Rows": 2951019,
                      "Plan Width": 4,
                      "Actual Startup Time": 0.026,
                      "Actual Total Time": 275.373,
                      "Actual Rows": 2472620,
                      "Actual Loops": 6
                    },
                    {
                      "Node Type": "Hash",
                      "Parent Relationship": "Inner",
                      "Parallel Aware": true,
                      "Startup Cost": 396090.76,
                      "Total Cost": 396090.76,
                      "Plan Rows": 445528,
                      "Plan Width": 8,
                      "Actual Startup Time": 1496.385,
                      "Actual Total Time": 1496.515,
                      "Actual Rows": 317610,
                      "Actual Loops": 6,
                      "Hash Buckets": 4194304,
                      "Original Hash Buckets": 4194304,
                      "Hash Batches": 1,
                      "Original Hash Batches": 1,
                      "Peak Memory Usage": 107424,
                      "Plans": [
                        {
                          "Node Type": "Hash Join",
                          "Parent Relationship": "Outer",
                          "Parallel Aware": true,
                          "Join Type": "Inner",
                          "Startup Cost": 45104.11,
                          "Total Cost": 396090.76,
                          "Plan Rows": 445528,
                          "Plan Width": 8,
                          "Actual Startup Time": 325.874,
                          "Actual Total Time": 1363.013,
                          "Actual Rows": 317610,
                          "Actual Loops": 6,
                          "Inner Unique": true,
                          "Hash Cond": "(ci.movie_id = t.id)",
                          "Plans": [
                            {
                              "Node Type": "Seq Scan",
                              "Parent Relationship": "Outer",
                              "Parallel Aware": true,
                              "Relation Name": "cast_info",
                              "Alias": "ci",
                              "Startup Cost": 0.0,
                              "Total Cost": 343318.94,
                              "Plan Rows": 2921031,
                              "Plan Width": 4,
                              "Actual Startup Time": 212.359,
                              "Actual Total Time": 735.193,
                              "Actual Rows": 3495575,
                              "Actual Loops": 6,
                              "Filter": "((person_id > 911160) AND (role_id > 1))",
                              "Rows Removed by Filter": 2545149
                            },
                            {
                              "Node Type": "Hash",
                              "Parent Relationship": "Inner",
                              "Parallel Aware": true,
                              "Startup Cost": 43899.01,
                              "Total Cost": 43899.01,
                              "Plan Rows": 96408,
                              "Plan Width": 4,
                              "Actual Startup Time": 112.623,
                              "Actual Total Time": 112.625,
                              "Actual Rows": 63572,
                              "Actual Loops": 6,
                              "Hash Buckets": 524288,
                              "Original Hash Buckets": 524288,
                              "Hash Batches": 1,
                              "Original Hash Batches": 1,
                              "Peak Memory Usage": 19104,
                              "Plans": [
                                {
                                  "Node Type": "Seq Scan",
                                  "Parent Relationship": "Outer",
                                  "Parallel Aware": true,
                                  "Relation Name": "title",
                                  "Alias": "t",
                                  "Startup Cost": 0.0,
                                  "Total Cost": 43899.01,
                                  "Plan Rows": 96408,
                                  "Plan Width": 4,
                                  "Actual Startup Time": 0.055,
                                  "Actual Total Time": 84.477,
                                  "Actual Rows": 63572,
                                  "Actual Loops": 6,
                                  "Filter": "(production_year < 1971)",
                                  "Rows Removed by Filter": 357814
                                }
                              ]
                            }
                          ]
                        }
                      ]
                    }
                  ]
                }
              ]
            }
          ]
        }
      ]
    },
    "Planning Time": 0.691,
    "Triggers": [],
    "Execution Time": 3109.375
  }
]