{
    "Plan": {
        "Node Type": "Aggregate",
        "Strategy": "Plain",
        "Partial Mode": "Finalize",
        "Parallel Aware": false,
        "Startup Cost": 135070.32,
        "Total Cost": 135070.33,
        "Plan Rows": 1,
        "Plan Width": 8,
        "Actual Startup Time": 1213.969,
        "Actual Total Time": 1239.163,
        "Actual Rows": 1,
        "Actual Loops": 1,
        "Output": [
            "count(*)"
        ],
        "Plans": [
            {
                "Node Type": "Gather",
                "Parent Relationship": "Outer",
                "Parallel Aware": false,
                "Startup Cost": 135070.01,
                "Total Cost": 135070.32,
                "Plan Rows": 3,
                "Plan Width": 8,
                "Actual Startup Time": 1201.261,
                "Actual Total Time": 1239.154,
                "Actual Rows": 4,
                "Actual Loops": 1,
                "Output": [
                    "(PARTIAL count(*))"
                ],
                "Workers Planned": 3,
                "Workers Launched": 3,
                "Single Copy": false,
                "Plans": [
                    {
                        "Node Type": "Aggregate",
                        "Strategy": "Plain",
                        "Partial Mode": "Partial",
                        "Parent Relationship": "Outer",
                        "Parallel Aware": false,
                        "Startup Cost": 134070.01,
                        "Total Cost": 134070.02,
                        "Plan Rows": 1,
                        "Plan Width": 8,
                        "Actual Startup Time": 1187.119,
                        "Actual Total Time": 1187.125,
                        "Actual Rows": 1,
                        "Actual Loops": 4,
                        "Output": [
                            "PARTIAL count(*)"
                        ],
                        "Workers": [
                            {
                                "Worker Number": 0,
                                "Actual Startup Time": 1182.594,
                                "Actual Total Time": 1182.6,
                                "Actual Rows": 1,
                                "Actual Loops": 1
                            },
                            {
                                "Worker Number": 1,
                                "Actual Startup Time": 1182.801,
                                "Actual Total Time": 1182.806,
                                "Actual Rows": 1,
                                "Actual Loops": 1
                            },
                            {
                                "Worker Number": 2,
                                "Actual Startup Time": 1182.568,
                                "Actual Total Time": 1182.574,
                                "Actual Rows": 1,
                                "Actual Loops": 1
                            }
                        ],
                        "Plans": [
                            {
                                "Node Type": "Hash Join",
                                "Parent Relationship": "Outer",
                                "Parallel Aware": true,
                                "Join Type": "Inner",
                                "Startup Cost": 100675.63,
                                "Total Cost": 132746.34,
                                "Plan Rows": 529467,
                                "Plan Width": 0,
                                "Actual Startup Time": 678.964,
                                "Actual Total Time": 1071.407,
                                "Actual Rows": 2914084,
                                "Actual Loops": 4,
                                "Inner Unique": false,
                                "Hash Cond": "(mc.movie_id = t.id)",
                                "Workers": [
                                    {
                                        "Worker Number": 0,
                                        "Actual Startup Time": 674.828,
                                        "Actual Total Time": 1067.977,
                                        "Actual Rows": 2868100,
                                        "Actual Loops": 1
                                    },
                                    {
                                        "Worker Number": 1,
                                        "Actual Startup Time": 675.131,
                                        "Actual Total Time": 1067.425,
                                        "Actual Rows": 2916972,
                                        "Actual Loops": 1
                                    },
                                    {
                                        "Worker Number": 2,
                                        "Actual Startup Time": 674.745,
                                        "Actual Total Time": 1068.846,
                                        "Actual Rows": 2842997,
                                        "Actual Loops": 1
                                    }
                                ],
                                "Plans": [
                                    {
                                        "Node Type": "Seq Scan",
                                        "Parent Relationship": "Outer",
                                        "Parallel Aware": true,
                                        "Relation Name": "movie_companies",
                                        "Schema": "public",
                                        "Alias": "mc",
                                        "Startup Cost": 0.0,
                                        "Total Cost": 27206.55,
                                        "Plan Rows": 841655,
                                        "Plan Width": 4,
                                        "Actual Startup Time": 0.018,
                                        "Actual Total Time": 55.06,
                                        "Actual Rows": 652282,
                                        "Actual Loops": 4,
                                        "Output": [
                                            "mc.id",
                                            "mc.movie_id",
                                            "mc.company_id",
                                            "mc.company_type_id",
                                            "mc.note"
                                        ],
                                        "Workers": [
                                            {
                                                "Worker Number": 0,
                                                "Actual Startup Time": 0.02,
                                                "Actual Total Time": 57.161,
                                                "Actual Rows": 630847,
                                                "Actual Loops": 1
                                            },
                                            {
                                                "Worker Number": 1,
                                                "Actual Startup Time": 0.02,
                                                "Actual Total Time": 57.389,
                                                "Actual Rows": 660263,
                                                "Actual Loops": 1
                                            },
                                            {
                                                "Worker Number": 2,
                                                "Actual Startup Time": 0.022,
                                                "Actual Total Time": 57.655,
                                                "Actual Rows": 634887,
                                                "Actual Loops": 1
                                            }
                                        ]
                                    },
                                    {
                                        "Node Type": "Hash",
                                        "Parent Relationship": "Inner",
                                        "Parallel Aware": true,
                                        "Startup Cost": 94262.26,
                                        "Total Cost": 94262.26,
                                        "Plan Rows": 513069,
                                        "Plan Width": 8,
                                        "Actual Startup Time": 670.921,
                                        "Actual Total Time": 670.925,
                                        "Actual Rows": 398836,
                                        "Actual Loops": 4,
                                        "Output": [
                                            "t.id",
                                            "mk.movie_id"
                                        ],
                                        "Hash Buckets": 2097152,
                                        "Original Hash Buckets": 2097152,
                                        "Hash Batches": 1,
                                        "Original Hash Batches": 1,
                                        "Peak Memory Usage": 78816,
                                        "Workers": [
                                            {
                                                "Worker Number": 0,
                                                "Actual Startup Time": 673.929,
                                                "Actual Total Time": 673.933,
                                                "Actual Rows": 377786,
                                                "Actual Loops": 1
                                            },
                                            {
                                                "Worker Number": 1,
                                                "Actual Startup Time": 674.252,
                                                "Actual Total Time": 674.256,
                                                "Actual Rows": 387503,
                                                "Actual Loops": 1
                                            },
                                            {
                                                "Worker Number": 2,
                                                "Actual Startup Time": 674.032,
                                                "Actual Total Time": 674.037,
                                                "Actual Rows": 377018,
                                                "Actual Loops": 1
                                            }
                                        ],
                                        "Plans": [
                                            {
                                                "Node Type": "Hash Join",
                                                "Parent Relationship": "Outer",
                                                "Parallel Aware": true,
                                                "Join Type": "Inner",
                                                "Startup Cost": 50219.81,
                                                "Total Cost": 94262.26,
                                                "Plan Rows": 513069,
                                                "Plan Width": 8,
                                                "Actual Startup Time": 351.457,
                                                "Actual Total Time": 563.771,
                                                "Actual Rows": 398836,
                                                "Actual Loops": 4,
                                                "Output": [
                                                    "t.id",
                                                    "mk.movie_id"
                                                ],
                                                "Inner Unique": true,
                                                "Hash Cond": "(mk.movie_id = t.id)",
                                                "Workers": [
                                                    {
                                                        "Worker Number": 0,
                                                        "Actual Startup Time": 351.396,
                                                        "Actual Total Time": 567.015,
                                                        "Actual Rows": 377786,
                                                        "Actual Loops": 1
                                                    },
                                                    {
                                                        "Worker Number": 1,
                                                        "Actual Startup Time": 351.475,
                                                        "Actual Total Time": 565.1,
                                                        "Actual Rows": 387503,
                                                        "Actual Loops": 1
                                                    },
                                                    {
                                                        "Worker Number": 2,
                                                        "Actual Startup Time": 351.469,
                                                        "Actual Total Time": 565.271,
                                                        "Actual Rows": 377018,
                                                        "Actual Loops": 1
                                                    }
                                                ],
                                                "Plans": [
                                                    {
                                                        "Node Type": "Seq Scan",
                                                        "Parent Relationship": "Outer",
                                                        "Parallel Aware": true,
                                                        "Relation Name": "movie_keyword",
                                                        "Schema": "public",
                                                        "Alias": "mk",
                                                        "Startup Cost": 0.0,
                                                        "Total Cost": 42695.65,
                                                        "Plan Rows": 513069,
                                                        "Plan Width": 4,
                                                        "Actual Startup Time": 0.019,
                                                        "Actual Total Time": 116.608,
                                                        "Actual Rows": 398836,
                                                        "Actual Loops": 4,
                                                        "Output": [
                                                            "mk.id",
                                                            "mk.movie_id",
                                                            "mk.keyword_id"
                                                        ],
                                                        "Filter": "(mk.keyword_id < 2446)",
                                                        "Rows Removed by Filter": 732147,
                                                        "Workers": [
                                                            {
                                                                "Worker Number": 0,
                                                                "Actual Startup Time": 0.02,
                                                                "Actual Total Time": 120.999,
                                                                "Actual Rows": 377786,
                                                                "Actual Loops": 1
                                                            },
                                                            {
                                                                "Worker Number": 1,
                                                                "Actual Startup Time": 0.023,
                                                                "Actual Total Time": 122.016,
                                                                "Actual Rows": 387503,
                                                                "Actual Loops": 1
                                                            },
                                                            {
                                                                "Worker Number": 2,
                                                                "Actual Startup Time": 0.024,
                                                                "Actual Total Time": 120.955,
                                                                "Actual Rows": 377018,
                                                                "Actual Loops": 1
                                                            }
                                                        ]
                                                    },
                                                    {
                                                        "Node Type": "Hash",
                                                        "Parent Relationship": "Inner",
                                                        "Parallel Aware": true,
                                                        "Startup Cost": 42318.81,
                                                        "Total Cost": 42318.81,
                                                        "Plan Rows": 632080,
                                                        "Plan Width": 4,
                                                        "Actual Startup Time": 344.826,
                                                        "Actual Total Time": 344.827,
                                                        "Actual Rows": 632078,
                                                        "Actual Loops": 4,
                                                        "Output": [
                                                            "t.id"
                                                        ],
                                                        "Hash Buckets": 4194304,
                                                        "Original Hash Buckets": 4194304,
                                                        "Hash Batches": 1,
                                                        "Original Hash Batches": 1,
                                                        "Peak Memory Usage": 131776,
                                                        "Workers": [
                                                            {
                                                                "Worker Number": 0,
                                                                "Actual Startup Time": 351.268,
                                                                "Actual Total Time": 351.269,
                                                                "Actual Rows": 586541,
                                                                "Actual Loops": 1
                                                            },
                                                            {
                                                                "Worker Number": 1,
                                                                "Actual Startup Time": 351.235,
                                                                "Actual Total Time": 351.236,
                                                                "Actual Rows": 599700,
                                                                "Actual Loops": 1
                                                            },
                                                            {
                                                                "Worker Number": 2,
                                                                "Actual Startup Time": 351.243,
                                                                "Actual Total Time": 351.245,
                                                                "Actual Rows": 590853,
                                                                "Actual Loops": 1
                                                            }
                                                        ],
                                                        "Plans": [
                                                            {
                                                                "Node Type": "Seq Scan",
                                                                "Parent Relationship": "Outer",
                                                                "Parallel Aware": true,
                                                                "Relation Name": "title",
                                                                "Schema": "public",
                                                                "Alias": "t",
                                                                "Startup Cost": 0.0,
                                                                "Total Cost": 42318.81,
                                                                "Plan Rows": 632080,
                                                                "Plan Width": 4,
                                                                "Actual Startup Time": 0.06,
                                                                "Actual Total Time": 100.202,
                                                                "Actual Rows": 632078,
                                                                "Actual Loops": 4,
                                                                "Output": [
                                                                    "t.id"
                                                                ],
                                                                "Workers": [
                                                                    {
                                                                        "Worker Number": 0,
                                                                        "Actual Startup Time": 0.074,
                                                                        "Actual Total Time": 105.061,
                                                                        "Actual Rows": 586541,
                                                                        "Actual Loops": 1
                                                                    },
                                                                    {
                                                                        "Worker Number": 1,
                                                                        "Actual Startup Time": 0.077,
                                                                        "Actual Total Time": 105.222,
                                                                        "Actual Rows": 599700,
                                                                        "Actual Loops": 1
                                                                    },
                                                                    {
                                                                        "Worker Number": 2,
                                                                        "Actual Startup Time": 0.073,
                                                                        "Actual Total Time": 104.613,
                                                                        "Actual Rows": 590853,
                                                                        "Actual Loops": 1
                                                                    }
                                                                ]
                                                            }
                                                        ]
                                                    }
                                                ]
                                            }
                                        ]
                                    }
                                ]
                            }
                        ]
                    }
                ]
            }
        ]
    },
    "Planning Time": 1.609,
    "Triggers": [],
    "Execution Time": 1239.248
}