{
    "Plan": {
        "Node Type": "Aggregate",
        "Strategy": "Plain",
        "Partial Mode": "Finalize",
        "Parallel Aware": false,
        "Startup Cost": 95392.43,
        "Total Cost": 95392.44,
        "Plan Rows": 1,
        "Plan Width": 8,
        "Actual Startup Time": 662.777,
        "Actual Total Time": 684.642,
        "Actual Rows": 1,
        "Actual Loops": 1,
        "Output": [
            "count(*)"
        ],
        "Plans": [
            {
                "Node Type": "Gather",
                "Parent Relationship": "Outer",
                "Parallel Aware": false,
                "Startup Cost": 95392.12,
                "Total Cost": 95392.43,
                "Plan Rows": 3,
                "Plan Width": 8,
                "Actual Startup Time": 657.551,
                "Actual Total Time": 684.63,
                "Actual Rows": 4,
                "Actual Loops": 1,
                "Output": [
                    "(PARTIAL count(*))"
                ],
                "Workers Planned": 3,
                "Workers Launched": 3,
                "Single Copy": false,
                "Plans": [
                    {
                        "Node Type": "Aggregate",
                        "Strategy": "Plain",
                        "Partial Mode": "Partial",
                        "Parent Relationship": "Outer",
                        "Parallel Aware": false,
                        "Startup Cost": 94392.12,
                        "Total Cost": 94392.13,
                        "Plan Rows": 1,
                        "Plan Width": 8,
                        "Actual Startup Time": 645.318,
                        "Actual Total Time": 645.321,
                        "Actual Rows": 1,
                        "Actual Loops": 4,
                        "Output": [
                            "PARTIAL count(*)"
                        ],
                        "Workers": [
                            {
                                "Worker Number": 0,
                                "Actual Startup Time": 640.959,
                                "Actual Total Time": 640.962,
                                "Actual Rows": 1,
                                "Actual Loops": 1
                            },
                            {
                                "Worker Number": 1,
                                "Actual Startup Time": 642.277,
                                "Actual Total Time": 642.281,
                                "Actual Rows": 1,
                                "Actual Loops": 1
                            },
                            {
                                "Worker Number": 2,
                                "Actual Startup Time": 641.168,
                                "Actual Total Time": 641.171,
                                "Actual Rows": 1,
                                "Actual Loops": 1
                            }
                        ],
                        "Plans": [
                            {
                                "Node Type": "Hash Join",
                                "Parent Relationship": "Outer",
                                "Parallel Aware": true,
                                "Join Type": "Inner",
                                "Startup Cost": 49108.52,
                                "Total Cost": 91986.6,
                                "Plan Rows": 962207,
                                "Plan Width": 0,
                                "Actual Startup Time": 295.935,
                                "Actual Total Time": 605.371,
                                "Actual Rows": 903450,
                                "Actual Loops": 4,
                                "Inner Unique": true,
                                "Hash Cond": "(mk.movie_id = t.id)",
                                "Workers": [
                                    {
                                        "Worker Number": 0,
                                        "Actual Startup Time": 291.841,
                                        "Actual Total Time": 603.177,
                                        "Actual Rows": 951805,
                                        "Actual Loops": 1
                                    },
                                    {
                                        "Worker Number": 1,
                                        "Actual Startup Time": 291.944,
                                        "Actual Total Time": 601.786,
                                        "Actual Rows": 649791,
                                        "Actual Loops": 1
                                    },
                                    {
                                        "Worker Number": 2,
                                        "Actual Startup Time": 292.051,
                                        "Actual Total Time": 603.596,
                                        "Actual Rows": 946789,
                                        "Actual Loops": 1
                                    }
                                ],
                                "Plans": [
                                    {
                                        "Node Type": "Seq Scan",
                                        "Parent Relationship": "Outer",
                                        "Parallel Aware": true,
                                        "Relation Name": "movie_keyword",
                                        "Schema": "public",
                                        "Alias": "mk",
                                        "Startup Cost": 0.0,
                                        "Total Cost": 39047.32,
                                        "Plan Rows": 1459332,
                                        "Plan Width": 4,
                                        "Actual Startup Time": 0.012,
                                        "Actual Total Time": 110.744,
                                        "Actual Rows": 1130982,
                                        "Actual Loops": 4,
                                        "Output": [
                                            "mk.id",
                                            "mk.movie_id",
                                            "mk.keyword_id"
                                        ],
                                        "Workers": [
                                            {
                                                "Worker Number": 0,
                                                "Actual Startup Time": 0.008,
                                                "Actual Total Time": 116.887,
                                                "Actual Rows": 1191895,
                                                "Actual Loops": 1
                                            },
                                            {
                                                "Worker Number": 1,
                                                "Actual Startup Time": 0.017,
                                                "Actual Total Time": 113.76,
                                                "Actual Rows": 811225,
                                                "Actual Loops": 1
                                            },
                                            {
                                                "Worker Number": 2,
                                                "Actual Startup Time": 0.009,
                                                "Actual Total Time": 117.477,
                                                "Actual Rows": 1189735,
                                                "Actual Loops": 1
                                            }
                                        ]
                                    },
                                    {
                                        "Node Type": "Hash",
                                        "Parent Relationship": "Inner",
                                        "Parallel Aware": true,
                                        "Startup Cost": 43899.01,
                                        "Total Cost": 43899.01,
                                        "Plan Rows": 416761,
                                        "Plan Width": 4,
                                        "Actual Startup Time": 288.0,
                                        "Actual Total Time": 288.001,
                                        "Actual Rows": 417823,
                                        "Actual Loops": 4,
                                        "Output": [
                                            "t.id"
                                        ],
                                        "Hash Buckets": 2097152,
                                        "Original Hash Buckets": 2097152,
                                        "Hash Batches": 1,
                                        "Original Hash Batches": 1,
                                        "Peak Memory Usage": 81824,
                                        "Workers": [
                                            {
                                                "Worker Number": 0,
                                                "Actual Startup Time": 291.187,
                                                "Actual Total Time": 291.188,
                                                "Actual Rows": 421757,
                                                "Actual Loops": 1
                                            },
                                            {
                                                "Worker Number": 1,
                                                "Actual Startup Time": 291.233,
                                                "Actual Total Time": 291.234,
                                                "Actual Rows": 303738,
                                                "Actual Loops": 1
                                            },
                                            {
                                                "Worker Number": 2,
                                                "Actual Startup Time": 291.425,
                                                "Actual Total Time": 291.426,
                                                "Actual Rows": 420054,
                                                "Actual Loops": 1
                                            }
                                        ],
                                        "Plans": [
                                            {
                                                "Node Type": "Seq Scan",
                                                "Parent Relationship": "Outer",
                                                "Parallel Aware": true,
                                                "Relation Name": "title",
                                                "Schema": "public",
                                                "Alias": "t",
                                                "Startup Cost": 0.0,
                                                "Total Cost": 43899.01,
                                                "Plan Rows": 416761,
                                                "Plan Width": 4,
                                                "Actual Startup Time": 0.055,
                                                "Actual Total Time": 121.359,
                                                "Actual Rows": 417823,
                                                "Actual Loops": 4,
                                                "Output": [
                                                    "t.id"
                                                ],
                                                "Filter": "(t.production_year < 2008)",
                                                "Rows Removed by Filter": 214255,
                                                "Workers": [
                                                    {
                                                        "Worker Number": 0,
                                                        "Actual Startup Time": 0.066,
                                                        "Actual Total Time": 124.16,
                                                        "Actual Rows": 421757,
                                                        "Actual Loops": 1
                                                    },
                                                    {
                                                        "Worker Number": 1,
                                                        "Actual Startup Time": 0.064,
                                                        "Actual Total Time": 125.186,
                                                        "Actual Rows": 303738,
                                                        "Actual Loops": 1
                                                    },
                                                    {
                                                        "Worker Number": 2,
                                                        "Actual Startup Time": 0.074,
                                                        "Actual Total Time": 124.659,
                                                        "Actual Rows": 420054,
                                                        "Actual Loops": 1
                                                    }
                                                ]
                                            }
                                        ]
                                    }
                                ]
                            }
                        ]
                    }
                ]
            }
        ]
    },
    "Planning Time": 0.743,
    "Triggers": [],
    "Execution Time": 684.719
}