[
  {
    "Plan": {
      "Node Type": "Aggregate",
      "Strategy": "Plain",
      "Partial Mode": "Finalize",
      "Parallel Aware": false,
      "Startup Cost": 397223.87,
      "Total Cost": 397223.88,
      "Plan Rows": 1,
      "Plan Width": 8,
      "Actual Startup Time": 1219.042,
      "Actual Total Time": 1277.257,
      "Actual Rows": 1,
      "Actual Loops": 1,
      "Plans": [
        {
          "Node Type": "Gather",
          "Parent Relationship": "Outer",
          "Parallel Aware": false,
          "Startup Cost": 397223.24,
          "Total Cost": 397223.85,
          "Plan Rows": 6,
          "Plan Width": 8,
          "Actual Startup Time": 1210.452,
          "Actual Total Time": 1277.239,
          "Actual Rows": 7,
          "Actual Loops": 1,
          "Workers Planned": 6,
          "Workers Launched": 6,
          "Single Copy": false,
          "Plans": [
            {
              "Node Type": "Aggregate",
              "Strategy": "Plain",
              "Partial Mode": "Partial",
              "Parent Relationship": "Outer",
              "Parallel Aware": false,
              "Startup Cost": 396223.24,
              "Total Cost": 396223.25,
              "Plan Rows": 1,
              "Plan Width": 8,
              "Actual Startup Time": 1199.909,
              "Actual Total Time": 1199.923,
              "Actual Rows": 1,
              "Actual Loops": 7,
              "Plans": [
                {
                  "Node Type": "Hash Join",
                  "Parent Relationship": "Outer",
                  "Parallel Aware": true,
                  "Join Type": "Inner",
                  "Startup Cost": 46982.15,
                  "Total Cost": 394618.11,
                  "Plan Rows": 642055,
                  "Plan Width": 0,
                  "Actual Startup Time": 419.924,
                  "Actual Total Time": 1179.868,
                  "Actual Rows": 352518,
                  "Actual Loops": 7,
                  "Inner Unique": true,
                  "Hash Cond": "(ci.movie_id = t.id)",
                  "Plans": [
                    {
                      "Node Type": "Seq Scan",
                      "Parent Relationship": "Outer",
                      "Parallel Aware": true,
                      "Relation Name": "cast_info",
                      "Alias": "ci",
                      "Startup Cost": 0.0,
                      "Total Cost": 343316.27,
                      "Plan Rows": 1645592,
                      "Plan Width": 4,
                      "Actual Startup Time": 255.886,
                      "Actual Total Time": 721.401,
                      "Actual Rows": 918555,
                      "Actual Loops": 7,
                      "Filter": "((person_id > 1868222) AND (role_id < 3))",
                      "Rows Removed by Filter": 4259209
                    },
                    {
                      "Node Type": "Hash",
                      "Parent Relationship": "Inner",
                      "Parallel Aware": true,
                      "Startup Cost": 43899.32,
                      "Total Cost": 43899.32,
                      "Plan Rows": 246626,
                      "Plan Width": 4,
                      "Actual Startup Time": 160.271,
                      "Actual Total Time": 160.273,
                      "Actual Rows": 140721,
                      "Actual Loops": 7,
                      "Hash Buckets": 1048576,
                      "Original Hash Buckets": 1048576,
                      "Hash Batches": 1,
                      "Original Hash Batches": 1,
                      "Peak Memory Usage": 46848,
                      "Plans": [
                        {
                          "Node Type": "Seq Scan",
                          "Parent Relationship": "Outer",
                          "Parallel Aware": true,
                          "Relation Name": "title",
                          "Alias": "t",
                          "Startup Cost": 0.0,
                          "Total Cost": 43899.32,
                          "Plan Rows": 246626,
                          "Plan Width": 4,
                          "Actual Startup Time": 0.057,
                          "Actual Total Time": 88.044,
                          "Actual Rows": 140721,
                          "Actual Loops": 7,
                          "Filter": "(kind_id < 7)",
                          "Rows Removed by Filter": 220466
                        }
                      ]
                    }
                  ]
                }
              ]
            }
          ]
        }
      ]
    },
    "Planning Time": 0.522,
    "Triggers": [],
    "Execution Time": 1277.335
  }
]