[
  {
    "Plan": {
      "Node Type": "Aggregate",
      "Strategy": "Plain",
      "Partial Mode": "Finalize",
      "Parallel Aware": false,
      "Startup Cost": 151179.24,
      "Total Cost": 151179.25,
      "Plan Rows": 1,
      "Plan Width": 8,
      "Actual Startup Time": 235.925,
      "Actual Total Time": 248.508,
      "Actual Rows": 1,
      "Actual Loops": 1,
      "Plans": [
        {
          "Node Type": "Gather",
          "Parent Relationship": "Outer",
          "Parallel Aware": false,
          "Startup Cost": 151178.72,
          "Total Cost": 151179.23,
          "Plan Rows": 5,
          "Plan Width": 8,
          "Actual Startup Time": 235.48,
          "Actual Total Time": 248.478,
          "Actual Rows": 6,
          "Actual Loops": 1,
          "Workers Planned": 5,
          "Workers Launched": 5,
          "Single Copy": false,
          "Plans": [
            {
              "Node Type": "Aggregate",
              "Strategy": "Plain",
              "Partial Mode": "Partial",
              "Parent Relationship": "Outer",
              "Parallel Aware": false,
              "Startup Cost": 150178.72,
              "Total Cost": 150178.73,
              "Plan Rows": 1,
              "Plan Width": 8,
              "Actual Startup Time": 224.241,
              "Actual Total Time": 224.245,
              "Actual Rows": 1,
              "Actual Loops": 6,
              "Plans": [
                {
                  "Node Type": "Hash Join",
                  "Parent Relationship": "Outer",
                  "Parallel Aware": true,
                  "Join Type": "Inner",
                  "Startup Cost": 38289.37,
                  "Total Cost": 150165.09,
                  "Plan Rows": 5451,
                  "Plan Width": 0,
                  "Actual Startup Time": 52.129,
                  "Actual Total Time": 224.089,
                  "Actual Rows": 1596,
                  "Actual Loops": 6,
                  "Inner Unique": true,
                  "Hash Cond": "(ci.movie_id = t.id)",
                  "Plans": [
                    {
                      "Node Type": "Index Scan",
                      "Parent Relationship": "Outer",
                      "Parallel Aware": true,
                      "Scan Direction": "Forward",
                      "Index Name": "role_id_cast_info",
                      "Relation Name": "cast_info",
                      "Alias": "ci",
                      "Startup Cost": 0.56,
                      "Total Cost": 110428.26,
                      "Plan Rows": 551630,
                      "Plan Width": 4,
                      "Actual Startup Time": 0.426,
                      "Actual Total Time": 133.602,
                      "Actual Rows": 271324,
                      "Actual Loops": 6,
                      "Index Cond": "(role_id = 3)",
                      "Rows Removed by Index Recheck": 0,
                      "Filter": "(person_id < 2551008)",
                      "Rows Removed by Filter": 396682
                    },
                    {
                      "Node Type": "Hash",
                      "Parent Relationship": "Inner",
                      "Parallel Aware": true,
                      "Startup Cost": 38210.73,
                      "Total Cost": 38210.73,
                      "Plan Rows": 6246,
                      "Plan Width": 4,
                      "Actual Startup Time": 49.988,
                      "Actual Total Time": 49.989,
                      "Actual Rows": 5208,
                      "Actual Loops": 6,
                      "Hash Buckets": 32768,
                      "Original Hash Buckets": 32768,
                      "Hash Batches": 1,
                      "Original Hash Batches": 1,
                      "Peak Memory Usage": 1568,
                      "Plans": [
                        {
                          "Node Type": "Bitmap Heap Scan",
                          "Parent Relationship": "Outer",
                          "Parallel Aware": true,
                          "Relation Name": "title",
                          "Alias": "t",
                          "Startup Cost": 1829.38,
                          "Total Cost": 38210.73,
                          "Plan Rows": 6246,
                          "Plan Width": 4,
                          "Actual Startup Time": 12.344,
                          "Actual Total Time": 46.748,
                          "Actual Rows": 5208,
                          "Actual Loops": 6,
                          "Recheck Cond": "(kind_id = 3)",
                          "Rows Removed by Index Recheck": 0,
                          "Filter": "(production_year < 1987)",
                          "Rows Removed by Filter": 11549,
                          "Exact Heap Blocks": 5954,
                          "Lossy Heap Blocks": 0,
                          "Plans": [
                            {
                              "Node Type": "Bitmap Index Scan",
                              "Parent Relationship": "Outer",
                              "Parallel Aware": false,
                              "Index Name": "kind_id_title",
                              "Startup Cost": 0.0,
                              "Total Cost": 1823.13,
                              "Plan Rows": 102227,
                              "Plan Width": 0,
                              "Actual Startup Time": 14.921,
                              "Actual Total Time": 14.921,
                              "Actual Rows": 100537,
                              "Actual Loops": 1,
                              "Index Cond": "(kind_id = 3)"
                            }
                          ]
                        }
                      ]
                    }
                  ]
                }
              ]
            }
          ]
        }
      ]
    },
    "Planning Time": 0.75,
    "Triggers": [],
    "Execution Time": 248.605
  }
]