[
    {
        "Bao": {
            "Bao prediction": "NaN",
            "Bao recommended hint": "(no hint)"
        }
    },
    {
        "Plan": {
            "Node Type": "Aggregate",
            "Strategy": "Plain",
            "Partial Mode": "Finalize",
            "Parallel Aware": false,
            "Startup Cost": 108688.45,
            "Total Cost": 108688.46,
            "Plan Rows": 1,
            "Plan Width": 8,
            "Actual Startup Time": 538.665,
            "Actual Total Time": 551.762,
            "Actual Rows": 1,
            "Actual Loops": 1,
            "Output": [
                "count(*)"
            ],
            "Plans": [
                {
                    "Node Type": "Gather",
                    "Parent Relationship": "Outer",
                    "Parallel Aware": false,
                    "Startup Cost": 108688.14,
                    "Total Cost": 108688.45,
                    "Plan Rows": 3,
                    "Plan Width": 8,
                    "Actual Startup Time": 533.195,
                    "Actual Total Time": 551.754,
                    "Actual Rows": 4,
                    "Actual Loops": 1,
                    "Output": [
                        "(PARTIAL count(*))"
                    ],
                    "Workers Planned": 3,
                    "Workers Launched": 3,
                    "Single Copy": false,
                    "Plans": [
                        {
                            "Node Type": "Aggregate",
                            "Strategy": "Plain",
                            "Partial Mode": "Partial",
                            "Parent Relationship": "Outer",
                            "Parallel Aware": false,
                            "Startup Cost": 107688.14,
                            "Total Cost": 107688.15,
                            "Plan Rows": 1,
                            "Plan Width": 8,
                            "Actual Startup Time": 524.968,
                            "Actual Total Time": 525.065,
                            "Actual Rows": 1,
                            "Actual Loops": 4,
                            "Output": [
                                "PARTIAL count(*)"
                            ],
                            "Workers": [
                                {
                                    "Worker Number": 0,
                                    "Actual Startup Time": 522.04,
                                    "Actual Total Time": 522.045,
                                    "Actual Rows": 1,
                                    "Actual Loops": 1
                                },
                                {
                                    "Worker Number": 1,
                                    "Actual Startup Time": 522.409,
                                    "Actual Total Time": 522.413,
                                    "Actual Rows": 1,
                                    "Actual Loops": 1
                                },
                                {
                                    "Worker Number": 2,
                                    "Actual Startup Time": 522.538,
                                    "Actual Total Time": 522.542,
                                    "Actual Rows": 1,
                                    "Actual Loops": 1
                                }
                            ],
                            "Plans": [
                                {
                                    "Node Type": "Hash Join",
                                    "Parent Relationship": "Outer",
                                    "Parallel Aware": true,
                                    "Join Type": "Inner",
                                    "Startup Cost": 62634.61,
                                    "Total Cost": 107487.99,
                                    "Plan Rows": 80057,
                                    "Plan Width": 0,
                                    "Actual Startup Time": 252.381,
                                    "Actual Total Time": 495.645,
                                    "Actual Rows": 671265,
                                    "Actual Loops": 4,
                                    "Inner Unique": false,
                                    "Hash Cond": "(mk.movie_id = t.id)",
                                    "Workers": [
                                        {
                                            "Worker Number": 0,
                                            "Actual Startup Time": 249.616,
                                            "Actual Total Time": 492.396,
                                            "Actual Rows": 467353,
                                            "Actual Loops": 1
                                        },
                                        {
                                            "Worker Number": 1,
                                            "Actual Startup Time": 249.606,
                                            "Actual Total Time": 494.294,
                                            "Actual Rows": 701590,
                                            "Actual Loops": 1
                                        },
                                        {
                                            "Worker Number": 2,
                                            "Actual Startup Time": 249.989,
                                            "Actual Total Time": 493.806,
                                            "Actual Rows": 736138,
                                            "Actual Loops": 1
                                        }
                                    ],
                                    "Plans": [
                                        {
                                            "Node Type": "Seq Scan",
                                            "Parent Relationship": "Outer",
                                            "Parallel Aware": true,
                                            "Relation Name": "movie_keyword",
                                            "Schema": "public",
                                            "Alias": "mk",
                                            "Startup Cost": 0.0,
                                            "Total Cost": 39047.32,
                                            "Plan Rows": 1459332,
                                            "Plan Width": 4,
                                            "Actual Startup Time": 0.011,
                                            "Actual Total Time": 89.974,
                                            "Actual Rows": 1130982,
                                            "Actual Loops": 4,
                                            "Output": [
                                                "mk.id",
                                                "mk.movie_id",
                                                "mk.keyword_id"
                                            ],
                                            "Workers": [
                                                {
                                                    "Worker Number": 0,
                                                    "Actual Startup Time": 0.011,
                                                    "Actual Total Time": 92.678,
                                                    "Actual Rows": 781995,
                                                    "Actual Loops": 1
                                                },
                                                {
                                                    "Worker Number": 1,
                                                    "Actual Startup Time": 0.011,
                                                    "Actual Total Time": 91.728,
                                                    "Actual Rows": 1177155,
                                                    "Actual Loops": 1
                                                },
                                                {
                                                    "Worker Number": 2,
                                                    "Actual Startup Time": 0.01,
                                                    "Actual Total Time": 92.738,
                                                    "Actual Rows": 1243755,
                                                    "Actual Loops": 1
                                                }
                                            ]
                                        },
                                        {
                                            "Node Type": "Hash",
                                            "Parent Relationship": "Inner",
                                            "Parallel Aware": true,
                                            "Startup Cost": 61912.21,
                                            "Total Cost": 61912.21,
                                            "Plan Rows": 57792,
                                            "Plan Width": 8,
                                            "Actual Startup Time": 250.749,
                                            "Actual Total Time": 250.845,
                                            "Actual Rows": 61956,
                                            "Actual Loops": 4,
                                            "Output": [
                                                "t.id",
                                                "mi_idx.movie_id"
                                            ],
                                            "Hash Buckets": 262144,
                                            "Original Hash Buckets": 262144,
                                            "Hash Batches": 1,
                                            "Original Hash Batches": 1,
                                            "Peak Memory Usage": 11808,
                                            "Workers": [
                                                {
                                                    "Worker Number": 0,
                                                    "Actual Startup Time": 248.622,
                                                    "Actual Total Time": 248.626,
                                                    "Actual Rows": 47790,
                                                    "Actual Loops": 1
                                                },
                                                {
                                                    "Worker Number": 1,
                                                    "Actual Startup Time": 248.791,
                                                    "Actual Total Time": 248.794,
                                                    "Actual Rows": 60379,
                                                    "Actual Loops": 1
                                                },
                                                {
                                                    "Worker Number": 2,
                                                    "Actual Startup Time": 249.203,
                                                    "Actual Total Time": 249.206,
                                                    "Actual Rows": 67353,
                                                    "Actual Loops": 1
                                                }
                                            ],
                                            "Plans": [
                                                {
                                                    "Node Type": "Hash Join",
                                                    "Parent Relationship": "Outer",
                                                    "Parallel Aware": true,
                                                    "Join Type": "Inner",
                                                    "Startup Cost": 46287.74,
                                                    "Total Cost": 61912.21,
                                                    "Plan Rows": 57792,
                                                    "Plan Width": 8,
                                                    "Actual Startup Time": 157.961,
                                                    "Actual Total Time": 231.364,
                                                    "Actual Rows": 61956,
                                                    "Actual Loops": 4,
                                                    "Output": [
                                                        "t.id",
                                                        "mi_idx.movie_id"
                                                    ],
                                                    "Inner Unique": true,
                                                    "Hash Cond": "(mi_idx.movie_id = t.id)",
                                                    "Workers": [
                                                        {
                                                            "Worker Number": 0,
                                                            "Actual Startup Time": 155.928,
                                                            "Actual Total Time": 230.184,
                                                            "Actual Rows": 47790,
                                                            "Actual Loops": 1
                                                        },
                                                        {
                                                            "Worker Number": 1,
                                                            "Actual Startup Time": 156.087,
                                                            "Actual Total Time": 228.385,
                                                            "Actual Rows": 60379,
                                                            "Actual Loops": 1
                                                        },
                                                        {
                                                            "Worker Number": 2,
                                                            "Actual Startup Time": 156.386,
                                                            "Actual Total Time": 230.061,
                                                            "Actual Rows": 67353,
                                                            "Actual Loops": 1
                                                        }
                                                    ],
                                                    "Plans": [
                                                        {
                                                            "Node Type": "Seq Scan",
                                                            "Parent Relationship": "Outer",
                                                            "Parallel Aware": true,
                                                            "Relation Name": "movie_info_idx",
                                                            "Schema": "public",
                                                            "Alias": "mi_idx",
                                                            "Startup Cost": 0.0,
                                                            "Total Cost": 15122.68,
                                                            "Plan Rows": 191154,
                                                            "Plan Width": 4,
                                                            "Actual Startup Time": 0.026,
                                                            "Actual Total Time": 32.658,
                                                            "Actual Rows": 115046,
                                                            "Actual Loops": 4,
                                                            "Output": [
                                                                "mi_idx.id",
                                                                "mi_idx.movie_id",
                                                                "mi_idx.info_type_id",
                                                                "mi_idx.info",
                                                                "mi_idx.note"
                                                            ],
                                                            "Filter": "(mi_idx.info_type_id > 100)",
                                                            "Rows Removed by Filter": 229962,
                                                            "Workers": [
                                                                {
                                                                    "Worker Number": 0,
                                                                    "Actual Startup Time": 0.036,
                                                                    "Actual Total Time": 36.228,
                                                                    "Actual Rows": 87823,
                                                                    "Actual Loops": 1
                                                                },
                                                                {
                                                                    "Worker Number": 1,
                                                                    "Actual Startup Time": 0.031,
                                                                    "Actual Total Time": 31.503,
                                                                    "Actual Rows": 112109,
                                                                    "Actual Loops": 1
                                                                },
                                                                {
                                                                    "Worker Number": 2,
                                                                    "Actual Startup Time": 0.026,
                                                                    "Actual Total Time": 33.34,
                                                                    "Actual Rows": 125119,
                                                                    "Actual Loops": 1
                                                                }
                                                            ]
                                                        },
                                                        {
                                                            "Node Type": "Hash",
                                                            "Parent Relationship": "Inner",
                                                            "Parallel Aware": true,
                                                            "Startup Cost": 43899.01,
                                                            "Total Cost": 43899.01,
                                                            "Plan Rows": 191099,
                                                            "Plan Width": 4,
                                                            "Actual Startup Time": 155.666,
                                                            "Actual Total Time": 155.667,
                                                            "Actual Rows": 188419,
                                                            "Actual Loops": 4,
                                                            "Output": [
                                                                "t.id"
                                                            ],
                                                            "Hash Buckets": 1048576,
                                                            "Original Hash Buckets": 1048576,
                                                            "Hash Batches": 1,
                                                            "Original Hash Batches": 1,
                                                            "Peak Memory Usage": 37728,
                                                            "Workers": [
                                                                {
                                                                    "Worker Number": 0,
                                                                    "Actual Startup Time": 155.663,
                                                                    "Actual Total Time": 155.664,
                                                                    "Actual Rows": 138178,
                                                                    "Actual Loops": 1
                                                                },
                                                                {
                                                                    "Worker Number": 1,
                                                                    "Actual Startup Time": 155.727,
                                                                    "Actual Total Time": 155.728,
                                                                    "Actual Rows": 174970,
                                                                    "Actual Loops": 1
                                                                },
                                                                {
                                                                    "Worker Number": 2,
                                                                    "Actual Startup Time": 156.185,
                                                                    "Actual Total Time": 156.186,
                                                                    "Actual Rows": 199779,
                                                                    "Actual Loops": 1
                                                                }
                                                            ],
                                                            "Plans": [
                                                                {
                                                                    "Node Type": "Seq Scan",
                                                                    "Parent Relationship": "Outer",
                                                                    "Parallel Aware": true,
                                                                    "Relation Name": "title",
                                                                    "Schema": "public",
                                                                    "Alias": "t",
                                                                    "Startup Cost": 0.0,
                                                                    "Total Cost": 43899.01,
                                                                    "Plan Rows": 191099,
                                                                    "Plan Width": 4,
                                                                    "Actual Startup Time": 0.049,
                                                                    "Actual Total Time": 92.373,
                                                                    "Actual Rows": 188419,
                                                                    "Actual Loops": 4,
                                                                    "Output": [
                                                                        "t.id"
                                                                    ],
                                                                    "Filter": "(t.kind_id < 3)",
                                                                    "Rows Removed by Filter": 443659,
                                                                    "Workers": [
                                                                        {
                                                                            "Worker Number": 0,
                                                                            "Actual Startup Time": 0.069,
                                                                            "Actual Total Time": 96.527,
                                                                            "Actual Rows": 138178,
                                                                            "Actual Loops": 1
                                                                        },
                                                                        {
                                                                            "Worker Number": 1,
                                                                            "Actual Startup Time": 0.063,
                                                                            "Actual Total Time": 91.236,
                                                                            "Actual Rows": 174970,
                                                                            "Actual Loops": 1
                                                                        },
                                                                        {
                                                                            "Worker Number": 2,
                                                                            "Actual Startup Time": 0.049,
                                                                            "Actual Total Time": 93.165,
                                                                            "Actual Rows": 199779,
                                                                            "Actual Loops": 1
                                                                        }
                                                                    ]
                                                                }
                                                            ]
                                                        }
                                                    ]
                                                }
                                            ]
                                        }
                                    ]
                                }
                            ]
                        }
                    ]
                }
            ]
        },
        "Planning Time": 191.097,
        "Triggers": [],
        "Execution Time": 551.82
    }
]