[
  {
    "Plan": {
      "Node Type": "Aggregate",
      "Strategy": "Plain",
      "Partial Mode": "Finalize",
      "Parallel Aware": false,
      "Startup Cost": 331874.24,
      "Total Cost": 331874.25,
      "Plan Rows": 1,
      "Plan Width": 8,
      "Actual Startup Time": 610.721,
      "Actual Total Time": 654.707,
      "Actual Rows": 1,
      "Actual Loops": 1,
      "Plans": [
        {
          "Node Type": "Gather",
          "Parent Relationship": "Outer",
          "Parallel Aware": false,
          "Startup Cost": 331873.62,
          "Total Cost": 331874.23,
          "Plan Rows": 6,
          "Plan Width": 8,
          "Actual Startup Time": 610.548,
          "Actual Total Time": 654.69,
          "Actual Rows": 7,
          "Actual Loops": 1,
          "Workers Planned": 6,
          "Workers Launched": 6,
          "Single Copy": false,
          "Plans": [
            {
              "Node Type": "Aggregate",
              "Strategy": "Plain",
              "Partial Mode": "Partial",
              "Parent Relationship": "Outer",
              "Parallel Aware": false,
              "Startup Cost": 330873.62,
              "Total Cost": 330873.63,
              "Plan Rows": 1,
              "Plan Width": 8,
              "Actual Startup Time": 602.186,
              "Actual Total Time": 602.187,
              "Actual Rows": 1,
              "Actual Loops": 7,
              "Plans": [
                {
                  "Node Type": "Seq Scan",
                  "Parent Relationship": "Outer",
                  "Parallel Aware": true,
                  "Relation Name": "cast_info",
                  "Alias": "ci",
                  "Startup Cost": 0.0,
                  "Total Cost": 328211.39,
                  "Plan Rows": 1064890,
                  "Plan Width": 0,
                  "Actual Startup Time": 0.055,
                  "Actual Total Time": 554.552,
                  "Actual Rows": 933043,
                  "Actual Loops": 7,
                  "Filter": "(person_id < 630528)",
                  "Rows Removed by Filter": 4244721
                }
              ]
            }
          ]
        }
      ]
    },
    "Planning Time": 0.118,
    "Triggers": [],
    "Execution Time": 654.754
  }
]