{
  "Plan": {
    "Node Type": "Aggregate",
    "Strategy": "Plain",
    "Partial Mode": "Finalize",
    "Parallel Aware": false,
    "Startup Cost": 110206.04,
    "Total Cost": 110206.05,
    "Plan Rows": 1,
    "Plan Width": 8,
    "Actual Startup Time": 595.003,
    "Actual Total Time": 607.32,
    "Actual Rows": 1,
    "Actual Loops": 1,
    "Plans": [
      {
        "Node Type": "Gather",
        "Parent Relationship": "Outer",
        "Parallel Aware": false,
        "Startup Cost": 110205.93,
        "Total Cost": 110206.04,
        "Plan Rows": 1,
        "Plan Width": 8,
        "Actual Startup Time": 592.497,
        "Actual Total Time": 607.31,
        "Actual Rows": 2,
        "Actual Loops": 1,
        "Workers Planned": 1,
        "Workers Launched": 1,
        "Single Copy": false,
        "Plans": [
          {
            "Node Type": "Aggregate",
            "Strategy": "Plain",
            "Partial Mode": "Partial",
            "Parent Relationship": "Outer",
            "Parallel Aware": false,
            "Startup Cost": 109205.93,
            "Total Cost": 109205.94,
            "Plan Rows": 1,
            "Plan Width": 8,
            "Actual Startup Time": 584.987,
            "Actual Total Time": 584.99,
            "Actual Rows": 1,
            "Actual Loops": 2,
            "Plans": [
              {
                "Node Type": "Hash Join",
                "Parent Relationship": "Outer",
                "Parallel Aware": true,
                "Join Type": "Inner",
                "Startup Cost": 66043.46,
                "Total Cost": 108822.51,
                "Plan Rows": 153366,
                "Plan Width": 0,
                "Actual Startup Time": 404.389,
                "Actual Total Time": 582.241,
                "Actual Rows": 59787,
                "Actual Loops": 2,
                "Inner Unique": true,
                "Hash Cond": "(mc.movie_id = t.id)",
                "Plans": [
                  {
                    "Node Type": "Seq Scan",
                    "Parent Relationship": "Outer",
                    "Parallel Aware": true,
                    "Relation Name": "movie_companies",
                    "Alias": "mc",
                    "Startup Cost": 0.0,
                    "Total Cost": 41811.73,
                    "Plan Rows": 368507,
                    "Plan Width": 4,
                    "Actual Startup Time": 50.207,
                    "Actual Total Time": 115.355,
                    "Actual Rows": 445364,
                    "Actual Loops": 2,
                    "Filter": "((company_id > 11820) AND (company_type_id = 2))",
                    "Rows Removed by Filter": 859200
                  },
                  {
                    "Node Type": "Hash",
                    "Parent Relationship": "Inner",
                    "Parallel Aware": true,
                    "Startup Cost": 58306.47,
                    "Total Cost": 58306.47,
                    "Plan Rows": 618959,
                    "Plan Width": 4,
                    "Actual Startup Time": 339.436,
                    "Actual Total Time": 339.436,
                    "Actual Rows": 574474,
                    "Actual Loops": 2,
                    "Hash Buckets": 2097152,
                    "Original Hash Buckets": 2097152,
                    "Hash Batches": 1,
                    "Original Hash Batches": 1,
                    "Peak Memory Usage": 61376,
                    "Plans": [
                      {
                        "Node Type": "Seq Scan",
                        "Parent Relationship": "Outer",
                        "Parallel Aware": true,
                        "Relation Name": "title",
                        "Alias": "t",
                        "Startup Cost": 0.0,
                        "Total Cost": 58306.47,
                        "Plan Rows": 618959,
                        "Plan Width": 4,
                        "Actual Startup Time": 0.029,
                        "Actual Total Time": 164.054,
                        "Actual Rows": 574474,
                        "Actual Loops": 2,
                        "Filter": "((production_year > 1991) AND (kind_id = 7))",
                        "Rows Removed by Filter": 689682
                      }
                    ]
                  }
                ]
              }
            ]
          }
        ]
      }
    ]
  },
  "Planning Time": 0.745,
  "Triggers": [],
  "Execution Time": 607.392
}