[
  {
    "Plan": {
      "Node Type": "Aggregate",
      "Strategy": "Plain",
      "Partial Mode": "Finalize",
      "Parallel Aware": false,
      "Startup Cost": 444179.85,
      "Total Cost": 444179.86,
      "Plan Rows": 1,
      "Plan Width": 8,
      "Actual Startup Time": 1381.109,
      "Actual Total Time": 1439.075,
      "Actual Rows": 1,
      "Actual Loops": 1,
      "Plans": [
        {
          "Node Type": "Gather",
          "Parent Relationship": "Outer",
          "Parallel Aware": false,
          "Startup Cost": 444179.22,
          "Total Cost": 444179.83,
          "Plan Rows": 6,
          "Plan Width": 8,
          "Actual Startup Time": 1370.364,
          "Actual Total Time": 1439.063,
          "Actual Rows": 7,
          "Actual Loops": 1,
          "Workers Planned": 6,
          "Workers Launched": 6,
          "Single Copy": false,
          "Plans": [
            {
              "Node Type": "Aggregate",
              "Strategy": "Plain",
              "Partial Mode": "Partial",
              "Parent Relationship": "Outer",
              "Parallel Aware": false,
              "Startup Cost": 443179.22,
              "Total Cost": 443179.23,
              "Plan Rows": 1,
              "Plan Width": 8,
              "Actual Startup Time": 1360.768,
              "Actual Total Time": 1360.887,
              "Actual Rows": 1,
              "Actual Loops": 7,
              "Plans": [
                {
                  "Node Type": "Hash Join",
                  "Parent Relationship": "Outer",
                  "Parallel Aware": true,
                  "Join Type": "Inner",
                  "Startup Cost": 95799.37,
                  "Total Cost": 441123.8,
                  "Plan Rows": 822169,
                  "Plan Width": 0,
                  "Actual Startup Time": 455.179,
                  "Actual Total Time": 1342.609,
                  "Actual Rows": 361175,
                  "Actual Loops": 7,
                  "Inner Unique": false,
                  "Hash Cond": "(ci.movie_id = t.id)",
                  "Plans": [
                    {
                      "Node Type": "Seq Scan",
                      "Parent Relationship": "Outer",
                      "Parallel Aware": true,
                      "Relation Name": "cast_info",
                      "Alias": "ci",
                      "Startup Cost": 0.0,
                      "Total Cost": 328211.39,
                      "Plan Rows": 3856238,
                      "Plan Width": 4,
                      "Actual Startup Time": 138.482,
                      "Actual Total Time": 607.68,
                      "Actual Rows": 3291702,
                      "Actual Loops": 7,
                      "Filter": "(person_id > 1302913)",
                      "Rows Removed by Filter": 1886061
                    },
                    {
                      "Node Type": "Hash",
                      "Parent Relationship": "Inner",
                      "Parallel Aware": true,
                      "Startup Cost": 93625.69,
                      "Total Cost": 93625.69,
                      "Plan Rows": 173894,
                      "Plan Width": 8,
                      "Actual Startup Time": 313.849,
                      "Actual Total Time": 313.966,
                      "Actual Rows": 17370,
                      "Actual Loops": 7,
                      "Hash Buckets": 1048576,
                      "Original Hash Buckets": 1048576,
                      "Hash Batches": 1,
                      "Original Hash Batches": 1,
                      "Peak Memory Usage": 13056,
                      "Plans": [
                        {
                          "Node Type": "Hash Join",
                          "Parent Relationship": "Outer",
                          "Parallel Aware": true,
                          "Join Type": "Inner",
                          "Startup Cost": 50159.32,
                          "Total Cost": 93625.69,
                          "Plan Rows": 173894,
                          "Plan Width": 8,
                          "Actual Startup Time": 209.587,
                          "Actual Total Time": 302.134,
                          "Actual Rows": 17370,
                          "Actual Loops": 7,
                          "Inner Unique": true,
                          "Hash Cond": "(mk.movie_id = t.id)",
                          "Plans": [
                            {
                              "Node Type": "Seq Scan",
                              "Parent Relationship": "Outer",
                              "Parallel Aware": true,
                              "Relation Name": "movie_keyword",
                              "Alias": "mk",
                              "Startup Cost": 0.0,
                              "Total Cost": 42695.65,
                              "Plan Rows": 293605,
                              "Plan Width": 4,
                              "Actual Startup Time": 0.036,
                              "Actual Total Time": 60.52,
                              "Actual Rows": 131476,
                              "Actual Loops": 7,
                              "Filter": "(keyword_id < 870)",
                              "Rows Removed by Filter": 514800
                            },
                            {
                              "Node Type": "Hash",
                              "Parent Relationship": "Inner",
                              "Parallel Aware": true,
                              "Startup Cost": 45479.59,
                              "Total Cost": 45479.59,
                              "Plan Rows": 374379,
                              "Plan Width": 4,
                              "Actual Startup Time": 206.599,
                              "Actual Total Time": 206.603,
                              "Actual Rows": 212982,
                              "Actual Loops": 7,
                              "Hash Buckets": 2097152,
                              "Original Hash Buckets": 2097152,
                              "Hash Batches": 1,
                              "Original Hash Batches": 1,
                              "Peak Memory Usage": 74784,
                              "Plans": [
                                {
                                  "Node Type": "Seq Scan",
                                  "Parent Relationship": "Outer",
                                  "Parallel Aware": true,
                                  "Relation Name": "title",
                                  "Alias": "t",
                                  "Startup Cost": 0.0,
                                  "Total Cost": 45479.59,
                                  "Plan Rows": 374379,
                                  "Plan Width": 4,
                                  "Actual Startup Time": 0.049,
                                  "Actual Total Time": 84.862,
                                  "Actual Rows": 212982,
                                  "Actual Loops": 7,
                                  "Filter": "((kind_id > 4) AND (production_year > 1908))",
                                  "Rows Removed by Filter": 148206
                                }
                              ]
                            }
                          ]
                        }
                      ]
                    }
                  ]
                }
              ]
            }
          ]
        }
      ]
    },
    "Planning Time": 1.14,
    "Triggers": [],
    "Execution Time": 1439.163
  }
]