[
  {
    "Plan": {
      "Node Type": "Aggregate",
      "Strategy": "Plain",
      "Partial Mode": "Finalize",
      "Parallel Aware": false,
      "Startup Cost": 46730.97,
      "Total Cost": 46730.98,
      "Plan Rows": 1,
      "Plan Width": 8,
      "Actual Startup Time": 169.742,
      "Actual Total Time": 178.736,
      "Actual Rows": 1,
      "Actual Loops": 1,
      "Plans": [
        {
          "Node Type": "Gather",
          "Parent Relationship": "Outer",
          "Parallel Aware": false,
          "Startup Cost": 46730.66,
          "Total Cost": 46730.97,
          "Plan Rows": 3,
          "Plan Width": 8,
          "Actual Startup Time": 169.612,
          "Actual Total Time": 178.727,
          "Actual Rows": 4,
          "Actual Loops": 1,
          "Workers Planned": 3,
          "Workers Launched": 3,
          "Single Copy": false,
          "Plans": [
            {
              "Node Type": "Aggregate",
              "Strategy": "Plain",
              "Partial Mode": "Partial",
              "Parent Relationship": "Outer",
              "Parallel Aware": false,
              "Startup Cost": 45730.66,
              "Total Cost": 45730.67,
              "Plan Rows": 1,
              "Plan Width": 8,
              "Actual Startup Time": 163.169,
              "Actual Total Time": 163.171,
              "Actual Rows": 1,
              "Actual Loops": 4,
              "Plans": [
                {
                  "Node Type": "Seq Scan",
                  "Parent Relationship": "Outer",
                  "Parallel Aware": true,
                  "Relation Name": "movie_keyword",
                  "Alias": "mk",
                  "Startup Cost": 0.0,
                  "Total Cost": 42695.65,
                  "Plan Rows": 1214001,
                  "Plan Width": 0,
                  "Actual Startup Time": 0.046,
                  "Actual Total Time": 120.386,
                  "Actual Rows": 942425,
                  "Actual Loops": 4,
                  "Filter": "(keyword_id < 24807)",
                  "Rows Removed by Filter": 188558
                }
              ]
            }
          ]
        }
      ]
    },
    "Planning Time": 0.08,
    "Triggers": [],
    "Execution Time": 178.761
  }
]