[
  {
    "Plan": {
      "Node Type": "Aggregate",
      "Strategy": "Plain",
      "Partial Mode": "Finalize",
      "Parallel Aware": false,
      "Startup Cost": 295961.03,
      "Total Cost": 295961.04,
      "Plan Rows": 1,
      "Plan Width": 8,
      "Actual Startup Time": 1007.899,
      "Actual Total Time": 1028.62,
      "Actual Rows": 1,
      "Actual Loops": 1,
      "Plans": [
        {
          "Node Type": "Gather",
          "Parent Relationship": "Outer",
          "Parallel Aware": false,
          "Startup Cost": 295960.51,
          "Total Cost": 295961.02,
          "Plan Rows": 5,
          "Plan Width": 8,
          "Actual Startup Time": 998.458,
          "Actual Total Time": 1028.614,
          "Actual Rows": 6,
          "Actual Loops": 1,
          "Workers Planned": 5,
          "Workers Launched": 5,
          "Single Copy": false,
          "Plans": [
            {
              "Node Type": "Aggregate",
              "Strategy": "Plain",
              "Partial Mode": "Partial",
              "Parent Relationship": "Outer",
              "Parallel Aware": false,
              "Startup Cost": 294960.51,
              "Total Cost": 294960.52,
              "Plan Rows": 1,
              "Plan Width": 8,
              "Actual Startup Time": 992.366,
              "Actual Total Time": 992.371,
              "Actual Rows": 1,
              "Actual Loops": 6,
              "Plans": [
                {
                  "Node Type": "Hash Join",
                  "Parent Relationship": "Outer",
                  "Parallel Aware": true,
                  "Join Type": "Inner",
                  "Startup Cost": 90560.48,
                  "Total Cost": 294161.27,
                  "Plan Rows": 319695,
                  "Plan Width": 0,
                  "Actual Startup Time": 216.606,
                  "Actual Total Time": 899.873,
                  "Actual Rows": 2312342,
                  "Actual Loops": 6,
                  "Inner Unique": false,
                  "Hash Cond": "(mi.movie_id = t.id)",
                  "Plans": [
                    {
                      "Node Type": "Seq Scan",
                      "Parent Relationship": "Outer",
                      "Parallel Aware": true,
                      "Relation Name": "movie_info",
                      "Alias": "mi",
                      "Startup Cost": 0.0,
                      "Total Cost": 191503.19,
                      "Plan Rows": 2951019,
                      "Plan Width": 4,
                      "Actual Startup Time": 0.02,
                      "Actual Total Time": 256.215,
                      "Actual Rows": 2472620,
                      "Actual Loops": 6
                    },
                    {
                      "Node Type": "Hash",
                      "Parent Relationship": "Inner",
                      "Parallel Aware": true,
                      "Startup Cost": 89456.03,
                      "Total Cost": 89456.03,
                      "Plan Rows": 88356,
                      "Plan Width": 8,
                      "Actual Startup Time": 214.502,
                      "Actual Total Time": 214.505,
                      "Actual Rows": 62726,
                      "Actual Loops": 6,
                      "Hash Buckets": 524288,
                      "Original Hash Buckets": 524288,
                      "Hash Batches": 1,
                      "Original Hash Batches": 1,
                      "Peak Memory Usage": 18944,
                      "Plans": [
                        {
                          "Node Type": "Hash Join",
                          "Parent Relationship": "Outer",
                          "Parallel Aware": true,
                          "Join Type": "Inner",
                          "Startup Cost": 45792.68,
                          "Total Cost": 89456.03,
                          "Plan Rows": 88356,
                          "Plan Width": 8,
                          "Actual Startup Time": 104.654,
                          "Actual Total Time": 197.527,
                          "Actual Rows": 62726,
                          "Actual Loops": 6,
                          "Inner Unique": true,
                          "Hash Cond": "(mk.movie_id = t.id)",
                          "Plans": [
                            {
                              "Node Type": "Seq Scan",
                              "Parent Relationship": "Outer",
                              "Parallel Aware": true,
                              "Relation Name": "movie_keyword",
                              "Alias": "mk",
                              "Startup Cost": 0.0,
                              "Total Cost": 42695.65,
                              "Plan Rows": 368647,
                              "Plan Width": 4,
                              "Actual Startup Time": 0.014,
                              "Actual Total Time": 62.027,
                              "Actual Rows": 190402,
                              "Actual Loops": 6,
                              "Filter": "(keyword_id < 1301)",
                              "Rows Removed by Filter": 563586
                            },
                            {
                              "Node Type": "Hash",
                              "Parent Relationship": "Inner",
                              "Parallel Aware": true,
                              "Startup Cost": 43899.01,
                              "Total Cost": 43899.01,
                              "Plan Rows": 151494,
                              "Plan Width": 4,
                              "Actual Startup Time": 103.508,
                              "Actual Total Time": 103.509,
                              "Actual Rows": 100568,
                              "Actual Loops": 6,
                              "Hash Buckets": 1048576,
                              "Original Hash Buckets": 1048576,
                              "Hash Batches": 1,
                              "Original Hash Batches": 1,
                              "Peak Memory Usage": 31904,
                              "Plans": [
                                {
                                  "Node Type": "Seq Scan",
                                  "Parent Relationship": "Outer",
                                  "Parallel Aware": true,
                                  "Relation Name": "title",
                                  "Alias": "t",
                                  "Startup Cost": 0.0,
                                  "Total Cost": 43899.01,
                                  "Plan Rows": 151494,
                                  "Plan Width": 4,
                                  "Actual Startup Time": 0.031,
                                  "Actual Total Time": 65.58,
                                  "Actual Rows": 100568,
                                  "Actual Loops": 6,
                                  "Filter": "(production_year < 1986)",
                                  "Rows Removed by Filter": 320817
                                }
                              ]
                            }
                          ]
                        }
                      ]
                    }
                  ]
                }
              ]
            }
          ]
        }
      ]
    },
    "Planning Time": 0.354,
    "Triggers": [],
    "Execution Time": 1028.657
  }
]