{
  "Plan": {
    "Node Type": "Aggregate",
    "Strategy": "Plain",
    "Partial Mode": "Finalize",
    "Parallel Aware": false,
    "Startup Cost": 263573.97,
    "Total Cost": 263573.98,
    "Plan Rows": 1,
    "Plan Width": 8,
    "Actual Startup Time": 443.577,
    "Actual Total Time": 460.7,
    "Actual Rows": 1,
    "Actual Loops": 1,
    "Plans": [
      {
        "Node Type": "Gather",
        "Parent Relationship": "Outer",
        "Parallel Aware": false,
        "Startup Cost": 263573.86,
        "Total Cost": 263573.97,
        "Plan Rows": 1,
        "Plan Width": 8,
        "Actual Startup Time": 443.044,
        "Actual Total Time": 460.683,
        "Actual Rows": 2,
        "Actual Loops": 1,
        "Workers Planned": 1,
        "Workers Launched": 1,
        "Single Copy": false,
        "Plans": [
          {
            "Node Type": "Aggregate",
            "Strategy": "Plain",
            "Partial Mode": "Partial",
            "Parent Relationship": "Outer",
            "Parallel Aware": false,
            "Startup Cost": 262573.86,
            "Total Cost": 262573.87,
            "Plan Rows": 1,
            "Plan Width": 8,
            "Actual Startup Time": 436.984,
            "Actual Total Time": 436.988,
            "Actual Rows": 1,
            "Actual Loops": 2,
            "Plans": [
              {
                "Node Type": "Hash Join",
                "Parent Relationship": "Outer",
                "Parallel Aware": true,
                "Join Type": "Inner",
                "Startup Cost": 86836.04,
                "Total Cost": 262486.35,
                "Plan Rows": 35001,
                "Plan Width": 0,
                "Actual Startup Time": 259.933,
                "Actual Total Time": 436.945,
                "Actual Rows": 239,
                "Actual Loops": 2,
                "Inner Unique": true,
                "Hash Cond": "(mi.movie_id = t.id)",
                "Plans": [
                  {
                    "Node Type": "Bitmap Heap Scan",
                    "Parent Relationship": "Outer",
                    "Parallel Aware": true,
                    "Relation Name": "movie_info",
                    "Alias": "mi",
                    "Startup Cost": 27808.97,
                    "Total Cost": 201089.01,
                    "Plan Rows": 902963,
                    "Plan Width": 4,
                    "Actual Startup Time": 83.996,
                    "Actual Total Time": 165.289,
                    "Actual Rows": 766954,
                    "Actual Loops": 2,
                    "Recheck Cond": "(info_type_id = 3)",
                    "Rows Removed by Index Recheck": 0,
                    "Exact Heap Blocks": 5980,
                    "Lossy Heap Blocks": 0,
                    "Plans": [
                      {
                        "Node Type": "Bitmap Index Scan",
                        "Parent Relationship": "Outer",
                        "Parallel Aware": false,
                        "Index Name": "info_type_id_movie_info",
                        "Startup Cost": 0.0,
                        "Total Cost": 27425.21,
                        "Plan Rows": 1535037,
                        "Plan Width": 0,
                        "Actual Startup Time": 81.646,
                        "Actual Total Time": 81.647,
                        "Actual Rows": 1533909,
                        "Actual Loops": 1,
                        "Index Cond": "(info_type_id = 3)"
                      }
                    ]
                  },
                  {
                    "Node Type": "Hash",
                    "Parent Relationship": "Inner",
                    "Parallel Aware": true,
                    "Startup Cost": 58306.47,
                    "Total Cost": 58306.47,
                    "Plan Rows": 57648,
                    "Plan Width": 4,
                    "Actual Startup Time": 172.193,
                    "Actual Total Time": 172.195,
                    "Actual Rows": 53124,
                    "Actual Loops": 2,
                    "Hash Buckets": 131072,
                    "Original Hash Buckets": 131072,
                    "Hash Batches": 1,
                    "Original Hash Batches": 1,
                    "Peak Memory Usage": 5216,
                    "Plans": [
                      {
                        "Node Type": "Seq Scan",
                        "Parent Relationship": "Outer",
                        "Parallel Aware": true,
                        "Relation Name": "title",
                        "Alias": "t",
                        "Startup Cost": 0.0,
                        "Total Cost": 58306.47,
                        "Plan Rows": 57648,
                        "Plan Width": 4,
                        "Actual Startup Time": 0.045,
                        "Actual Total Time": 156.992,
                        "Actual Rows": 53124,
                        "Actual Loops": 2,
                        "Filter": "((kind_id = 7) AND (production_year = 2011))",
                        "Rows Removed by Filter": 1211032
                      }
                    ]
                  }
                ]
              }
            ]
          }
        ]
      }
    ]
  },
  "Planning Time": 0.461,
  "Triggers": [],
  "Execution Time": 460.795
}