[
  {
    "Plan": {
      "Node Type": "Aggregate",
      "Strategy": "Plain",
      "Partial Mode": "Simple",
      "Parallel Aware": false,
      "Startup Cost": 25457.05,
      "Total Cost": 25457.06,
      "Plan Rows": 1,
      "Plan Width": 8,
      "Actual Startup Time": 16.149,
      "Actual Total Time": 16.15,
      "Actual Rows": 1,
      "Actual Loops": 1,
      "Plans": [
        {
          "Node Type": "Bitmap Heap Scan",
          "Parent Relationship": "Outer",
          "Parallel Aware": false,
          "Relation Name": "movie_keyword",
          "Alias": "mk",
          "Startup Cost": 453.69,
          "Total Cost": 25403.74,
          "Plan Rows": 21324,
          "Plan Width": 0,
          "Actual Startup Time": 2.296,
          "Actual Total Time": 14.762,
          "Actual Rows": 20191,
          "Actual Loops": 1,
          "Recheck Cond": "(keyword_id > 117204)",
          "Rows Removed by Index Recheck": 0,
          "Exact Heap Blocks": 6121,
          "Lossy Heap Blocks": 0,
          "Plans": [
            {
              "Node Type": "Bitmap Index Scan",
              "Parent Relationship": "Outer",
              "Parallel Aware": false,
              "Index Name": "keyword_id_movie_keyword",
              "Startup Cost": 0.0,
              "Total Cost": 448.36,
              "Plan Rows": 21324,
              "Plan Width": 0,
              "Actual Startup Time": 1.442,
              "Actual Total Time": 1.443,
              "Actual Rows": 20191,
              "Actual Loops": 1,
              "Index Cond": "(keyword_id > 117204)"
            }
          ]
        }
      ]
    },
    "Planning Time": 0.141,
    "Triggers": [],
    "Execution Time": 16.177
  }
]