{
    "Plan": {
        "Node Type": "Aggregate",
        "Strategy": "Plain",
        "Partial Mode": "Finalize",
        "Parallel Aware": false,
        "Startup Cost": 128487.28,
        "Total Cost": 128487.29,
        "Plan Rows": 1,
        "Plan Width": 8,
        "Actual Startup Time": 702.811,
        "Actual Total Time": 728.164,
        "Actual Rows": 1,
        "Actual Loops": 1,
        "Output": [
            "count(*)"
        ],
        "Plans": [
            {
                "Node Type": "Gather",
                "Parent Relationship": "Outer",
                "Parallel Aware": false,
                "Startup Cost": 128486.96,
                "Total Cost": 128487.27,
                "Plan Rows": 3,
                "Plan Width": 8,
                "Actual Startup Time": 700.532,
                "Actual Total Time": 728.154,
                "Actual Rows": 4,
                "Actual Loops": 1,
                "Output": [
                    "(PARTIAL count(*))"
                ],
                "Workers Planned": 3,
                "Workers Launched": 3,
                "Single Copy": false,
                "Plans": [
                    {
                        "Node Type": "Aggregate",
                        "Strategy": "Plain",
                        "Partial Mode": "Partial",
                        "Parent Relationship": "Outer",
                        "Parallel Aware": false,
                        "Startup Cost": 127486.96,
                        "Total Cost": 127486.97,
                        "Plan Rows": 1,
                        "Plan Width": 8,
                        "Actual Startup Time": 691.463,
                        "Actual Total Time": 691.532,
                        "Actual Rows": 1,
                        "Actual Loops": 4,
                        "Output": [
                            "PARTIAL count(*)"
                        ],
                        "Workers": [
                            {
                                "Worker Number": 0,
                                "Actual Startup Time": 688.489,
                                "Actual Total Time": 688.502,
                                "Actual Rows": 1,
                                "Actual Loops": 1
                            },
                            {
                                "Worker Number": 1,
                                "Actual Startup Time": 688.947,
                                "Actual Total Time": 688.951,
                                "Actual Rows": 1,
                                "Actual Loops": 1
                            },
                            {
                                "Worker Number": 2,
                                "Actual Startup Time": 688.633,
                                "Actual Total Time": 688.647,
                                "Actual Rows": 1,
                                "Actual Loops": 1
                            }
                        ],
                        "Plans": [
                            {
                                "Node Type": "Hash Join",
                                "Parent Relationship": "Outer",
                                "Parallel Aware": true,
                                "Join Type": "Inner",
                                "Startup Cost": 81351.72,
                                "Total Cost": 126679.25,
                                "Plan Rows": 323085,
                                "Plan Width": 0,
                                "Actual Startup Time": 377.081,
                                "Actual Total Time": 635.259,
                                "Actual Rows": 1390911,
                                "Actual Loops": 4,
                                "Inner Unique": false,
                                "Hash Cond": "(mk.movie_id = t.id)",
                                "Workers": [
                                    {
                                        "Worker Number": 0,
                                        "Actual Startup Time": 374.197,
                                        "Actual Total Time": 633.293,
                                        "Actual Rows": 1371584,
                                        "Actual Loops": 1
                                    },
                                    {
                                        "Worker Number": 1,
                                        "Actual Startup Time": 374.331,
                                        "Actual Total Time": 633.234,
                                        "Actual Rows": 1385490,
                                        "Actual Loops": 1
                                    },
                                    {
                                        "Worker Number": 2,
                                        "Actual Startup Time": 374.308,
                                        "Actual Total Time": 633.294,
                                        "Actual Rows": 1366827,
                                        "Actual Loops": 1
                                    }
                                ],
                                "Plans": [
                                    {
                                        "Node Type": "Seq Scan",
                                        "Parent Relationship": "Outer",
                                        "Parallel Aware": true,
                                        "Relation Name": "movie_keyword",
                                        "Schema": "public",
                                        "Alias": "mk",
                                        "Startup Cost": 0.0,
                                        "Total Cost": 39047.32,
                                        "Plan Rows": 1459332,
                                        "Plan Width": 4,
                                        "Actual Startup Time": 0.012,
                                        "Actual Total Time": 99.053,
                                        "Actual Rows": 1130982,
                                        "Actual Loops": 4,
                                        "Output": [
                                            "mk.id",
                                            "mk.movie_id",
                                            "mk.keyword_id"
                                        ],
                                        "Workers": [
                                            {
                                                "Worker Number": 0,
                                                "Actual Startup Time": 0.012,
                                                "Actual Total Time": 104.231,
                                                "Actual Rows": 1112035,
                                                "Actual Loops": 1
                                            },
                                            {
                                                "Worker Number": 1,
                                                "Actual Startup Time": 0.013,
                                                "Actual Total Time": 103.644,
                                                "Actual Rows": 1100505,
                                                "Actual Loops": 1
                                            },
                                            {
                                                "Worker Number": 2,
                                                "Actual Startup Time": 0.014,
                                                "Actual Total Time": 104.267,
                                                "Actual Rows": 1074480,
                                                "Actual Loops": 1
                                            }
                                        ]
                                    },
                                    {
                                        "Node Type": "Hash",
                                        "Parent Relationship": "Inner",
                                        "Parallel Aware": true,
                                        "Startup Cost": 79602.5,
                                        "Total Cost": 79602.5,
                                        "Plan Rows": 139938,
                                        "Plan Width": 8,
                                        "Actual Startup Time": 333.848,
                                        "Actual Total Time": 333.912,
                                        "Actual Rows": 69801,
                                        "Actual Loops": 4,
                                        "Output": [
                                            "t.id",
                                            "mc.movie_id"
                                        ],
                                        "Hash Buckets": 1048576,
                                        "Original Hash Buckets": 1048576,
                                        "Hash Batches": 1,
                                        "Original Hash Batches": 1,
                                        "Peak Memory Usage": 19168,
                                        "Workers": [
                                            {
                                                "Worker Number": 0,
                                                "Actual Startup Time": 335.457,
                                                "Actual Total Time": 335.461,
                                                "Actual Rows": 69411,
                                                "Actual Loops": 1
                                            },
                                            {
                                                "Worker Number": 1,
                                                "Actual Startup Time": 335.596,
                                                "Actual Total Time": 335.599,
                                                "Actual Rows": 68320,
                                                "Actual Loops": 1
                                            },
                                            {
                                                "Worker Number": 2,
                                                "Actual Startup Time": 335.59,
                                                "Actual Total Time": 335.594,
                                                "Actual Rows": 67482,
                                                "Actual Loops": 1
                                            }
                                        ],
                                        "Plans": [
                                            {
                                                "Node Type": "Hash Join",
                                                "Parent Relationship": "Outer",
                                                "Parallel Aware": true,
                                                "Join Type": "Inner",
                                                "Startup Cost": 33671.88,
                                                "Total Cost": 79602.5,
                                                "Plan Rows": 139938,
                                                "Plan Width": 8,
                                                "Actual Startup Time": 214.148,
                                                "Actual Total Time": 307.186,
                                                "Actual Rows": 69801,
                                                "Actual Loops": 4,
                                                "Output": [
                                                    "t.id",
                                                    "mc.movie_id"
                                                ],
                                                "Inner Unique": false,
                                                "Hash Cond": "(t.id = mc.movie_id)",
                                                "Workers": [
                                                    {
                                                        "Worker Number": 0,
                                                        "Actual Startup Time": 213.954,
                                                        "Actual Total Time": 307.394,
                                                        "Actual Rows": 69411,
                                                        "Actual Loops": 1
                                                    },
                                                    {
                                                        "Worker Number": 1,
                                                        "Actual Startup Time": 214.401,
                                                        "Actual Total Time": 306.761,
                                                        "Actual Rows": 68320,
                                                        "Actual Loops": 1
                                                    },
                                                    {
                                                        "Worker Number": 2,
                                                        "Actual Startup Time": 213.905,
                                                        "Actual Total Time": 307.124,
                                                        "Actual Rows": 67482,
                                                        "Actual Loops": 1
                                                    }
                                                ],
                                                "Plans": [
                                                    {
                                                        "Node Type": "Seq Scan",
                                                        "Parent Relationship": "Outer",
                                                        "Parallel Aware": true,
                                                        "Relation Name": "title",
                                                        "Schema": "public",
                                                        "Alias": "t",
                                                        "Startup Cost": 0.0,
                                                        "Total Cost": 42318.81,
                                                        "Plan Rows": 632080,
                                                        "Plan Width": 4,
                                                        "Actual Startup Time": 0.023,
                                                        "Actual Total Time": 77.46,
                                                        "Actual Rows": 632078,
                                                        "Actual Loops": 4,
                                                        "Output": [
                                                            "t.id",
                                                            "t.title",
                                                            "t.imdb_index",
                                                            "t.kind_id",
                                                            "t.production_year",
                                                            "t.imdb_id",
                                                            "t.phonetic_code",
                                                            "t.episode_of_id",
                                                            "t.season_nr",
                                                            "t.episode_nr",
                                                            "t.series_years",
                                                            "t.md5sum"
                                                        ],
                                                        "Workers": [
                                                            {
                                                                "Worker Number": 0,
                                                                "Actual Startup Time": 0.028,
                                                                "Actual Total Time": 81.257,
                                                                "Actual Rows": 616448,
                                                                "Actual Loops": 1
                                                            },
                                                            {
                                                                "Worker Number": 1,
                                                                "Actual Startup Time": 0.029,
                                                                "Actual Total Time": 80.589,
                                                                "Actual Rows": 608356,
                                                                "Actual Loops": 1
                                                            },
                                                            {
                                                                "Worker Number": 2,
                                                                "Actual Startup Time": 0.029,
                                                                "Actual Total Time": 80.669,
                                                                "Actual Rows": 596380,
                                                                "Actual Loops": 1
                                                            }
                                                        ]
                                                    },
                                                    {
                                                        "Node Type": "Hash",
                                                        "Parent Relationship": "Inner",
                                                        "Parallel Aware": true,
                                                        "Startup Cost": 31414.82,
                                                        "Total Cost": 31414.82,
                                                        "Plan Rows": 180565,
                                                        "Plan Width": 4,
                                                        "Actual Startup Time": 107.282,
                                                        "Actual Total Time": 107.283,
                                                        "Actual Rows": 69801,
                                                        "Actual Loops": 4,
                                                        "Output": [
                                                            "mc.movie_id"
                                                        ],
                                                        "Hash Buckets": 1048576,
                                                        "Original Hash Buckets": 1048576,
                                                        "Hash Batches": 1,
                                                        "Original Hash Batches": 1,
                                                        "Peak Memory Usage": 19200,
                                                        "Workers": [
                                                            {
                                                                "Worker Number": 0,
                                                                "Actual Startup Time": 109.854,
                                                                "Actual Total Time": 109.855,
                                                                "Actual Rows": 67140,
                                                                "Actual Loops": 1
                                                            },
                                                            {
                                                                "Worker Number": 1,
                                                                "Actual Startup Time": 109.838,
                                                                "Actual Total Time": 109.839,
                                                                "Actual Rows": 65335,
                                                                "Actual Loops": 1
                                                            },
                                                            {
                                                                "Worker Number": 2,
                                                                "Actual Startup Time": 109.817,
                                                                "Actual Total Time": 109.818,
                                                                "Actual Rows": 64844,
                                                                "Actual Loops": 1
                                                            }
                                                        ],
                                                        "Plans": [
                                                            {
                                                                "Node Type": "Seq Scan",
                                                                "Parent Relationship": "Outer",
                                                                "Parallel Aware": true,
                                                                "Relation Name": "movie_companies",
                                                                "Schema": "public",
                                                                "Alias": "mc",
                                                                "Startup Cost": 0.0,
                                                                "Total Cost": 31414.82,
                                                                "Plan Rows": 180565,
                                                                "Plan Width": 4,
                                                                "Actual Startup Time": 19.914,
                                                                "Actual Total Time": 77.644,
                                                                "Actual Rows": 69801,
                                                                "Actual Loops": 4,
                                                                "Output": [
                                                                    "mc.movie_id"
                                                                ],
                                                                "Filter": "((mc.company_id > 13165) AND (mc.company_type_id < 2))",
                                                                "Rows Removed by Filter": 582481,
                                                                "Workers": [
                                                                    {
                                                                        "Worker Number": 0,
                                                                        "Actual Startup Time": 19.923,
                                                                        "Actual Total Time": 78.17,
                                                                        "Actual Rows": 67140,
                                                                        "Actual Loops": 1
                                                                    },
                                                                    {
                                                                        "Worker Number": 1,
                                                                        "Actual Startup Time": 19.898,
                                                                        "Actual Total Time": 77.642,
                                                                        "Actual Rows": 65335,
                                                                        "Actual Loops": 1
                                                                    },
                                                                    {
                                                                        "Worker Number": 2,
                                                                        "Actual Startup Time": 19.902,
                                                                        "Actual Total Time": 77.652,
                                                                        "Actual Rows": 64844,
                                                                        "Actual Loops": 1
                                                                    }
                                                                ]
                                                            }
                                                        ]
                                                    }
                                                ]
                                            }
                                        ]
                                    }
                                ]
                            }
                        ]
                    }
                ]
            }
        ]
    },
    "Planning Time": 1.748,
    "Triggers": [],
    "Execution Time": 728.257
}