{
  "Plan": {
    "Node Type": "Aggregate",
    "Strategy": "Plain",
    "Partial Mode": "Finalize",
    "Parallel Aware": false,
    "Startup Cost": 129731.57,
    "Total Cost": 129731.58,
    "Plan Rows": 1,
    "Plan Width": 8,
    "Actual Startup Time": 723.021,
    "Actual Total Time": 740.174,
    "Actual Rows": 1,
    "Actual Loops": 1,
    "Plans": [
      {
        "Node Type": "Gather",
        "Parent Relationship": "Outer",
        "Parallel Aware": false,
        "Startup Cost": 129731.46,
        "Total Cost": 129731.57,
        "Plan Rows": 1,
        "Plan Width": 8,
        "Actual Startup Time": 719.603,
        "Actual Total Time": 740.163,
        "Actual Rows": 2,
        "Actual Loops": 1,
        "Workers Planned": 1,
        "Workers Launched": 1,
        "Single Copy": false,
        "Plans": [
          {
            "Node Type": "Aggregate",
            "Strategy": "Plain",
            "Partial Mode": "Partial",
            "Parent Relationship": "Outer",
            "Parallel Aware": false,
            "Startup Cost": 128731.46,
            "Total Cost": 128731.47,
            "Plan Rows": 1,
            "Plan Width": 8,
            "Actual Startup Time": 712.19,
            "Actual Total Time": 712.194,
            "Actual Rows": 1,
            "Actual Loops": 2,
            "Plans": [
              {
                "Node Type": "Hash Join",
                "Parent Relationship": "Outer",
                "Parallel Aware": true,
                "Join Type": "Inner",
                "Startup Cost": 66891.78,
                "Total Cost": 127472.47,
                "Plan Rows": 503597,
                "Plan Width": 0,
                "Actual Startup Time": 382.808,
                "Actual Total Time": 706.754,
                "Actual Rows": 110500,
                "Actual Loops": 2,
                "Inner Unique": true,
                "Hash Cond": "(mk.movie_id = t.id)",
                "Plans": [
                  {
                    "Node Type": "Seq Scan",
                    "Parent Relationship": "Outer",
                    "Parallel Aware": true,
                    "Relation Name": "movie_keyword",
                    "Alias": "mk",
                    "Startup Cost": 0.0,
                    "Total Cost": 57718.19,
                    "Plan Rows": 1090475,
                    "Plan Width": 4,
                    "Actual Startup Time": 0.787,
                    "Actual Total Time": 205.527,
                    "Actual Rows": 927654,
                    "Actual Loops": 2,
                    "Filter": "(keyword_id > 7455)",
                    "Rows Removed by Filter": 1334310
                  },
                  {
                    "Node Type": "Hash",
                    "Parent Relationship": "Inner",
                    "Parallel Aware": true,
                    "Startup Cost": 58306.47,
                    "Total Cost": 58306.47,
                    "Plan Rows": 686825,
                    "Plan Width": 4,
                    "Actual Startup Time": 367.482,
                    "Actual Total Time": 367.483,
                    "Actual Rows": 564453,
                    "Actual Loops": 2,
                    "Hash Buckets": 2097152,
                    "Original Hash Buckets": 2097152,
                    "Hash Batches": 1,
                    "Original Hash Batches": 1,
                    "Peak Memory Usage": 60608,
                    "Plans": [
                      {
                        "Node Type": "Seq Scan",
                        "Parent Relationship": "Outer",
                        "Parallel Aware": true,
                        "Relation Name": "title",
                        "Alias": "t",
                        "Startup Cost": 0.0,
                        "Total Cost": 58306.47,
                        "Plan Rows": 686825,
                        "Plan Width": 4,
                        "Actual Startup Time": 0.027,
                        "Actual Total Time": 188.72,
                        "Actual Rows": 564453,
                        "Actual Loops": 2,
                        "Filter": "((production_year < 2010) AND (kind_id = 7))",
                        "Rows Removed by Filter": 699703
                      }
                    ]
                  }
                ]
              }
            ]
          }
        ]
      }
    ]
  },
  "Planning Time": 0.682,
  "Triggers": [],
  "Execution Time": 740.246
}