{
    "Plan": {
        "Node Type": "Aggregate",
        "Strategy": "Plain",
        "Partial Mode": "Finalize",
        "Parallel Aware": false,
        "Startup Cost": 128378.38,
        "Total Cost": 128378.39,
        "Plan Rows": 1,
        "Plan Width": 8,
        "Actual Startup Time": 661.218,
        "Actual Total Time": 678.58,
        "Actual Rows": 1,
        "Actual Loops": 1,
        "Output": [
            "count(*)"
        ],
        "Plans": [
            {
                "Node Type": "Gather",
                "Parent Relationship": "Outer",
                "Parallel Aware": false,
                "Startup Cost": 128378.07,
                "Total Cost": 128378.38,
                "Plan Rows": 3,
                "Plan Width": 8,
                "Actual Startup Time": 656.406,
                "Actual Total Time": 678.571,
                "Actual Rows": 4,
                "Actual Loops": 1,
                "Output": [
                    "(PARTIAL count(*))"
                ],
                "Workers Planned": 3,
                "Workers Launched": 3,
                "Single Copy": false,
                "Plans": [
                    {
                        "Node Type": "Aggregate",
                        "Strategy": "Plain",
                        "Partial Mode": "Partial",
                        "Parent Relationship": "Outer",
                        "Parallel Aware": false,
                        "Startup Cost": 127378.07,
                        "Total Cost": 127378.08,
                        "Plan Rows": 1,
                        "Plan Width": 8,
                        "Actual Startup Time": 646.184,
                        "Actual Total Time": 646.188,
                        "Actual Rows": 1,
                        "Actual Loops": 4,
                        "Output": [
                            "PARTIAL count(*)"
                        ],
                        "Workers": [
                            {
                                "Worker Number": 0,
                                "Actual Startup Time": 642.891,
                                "Actual Total Time": 642.895,
                                "Actual Rows": 1,
                                "Actual Loops": 1
                            },
                            {
                                "Worker Number": 1,
                                "Actual Startup Time": 642.869,
                                "Actual Total Time": 642.873,
                                "Actual Rows": 1,
                                "Actual Loops": 1
                            },
                            {
                                "Worker Number": 2,
                                "Actual Startup Time": 643.771,
                                "Actual Total Time": 643.775,
                                "Actual Rows": 1,
                                "Actual Loops": 1
                            }
                        ],
                        "Plans": [
                            {
                                "Node Type": "Hash Join",
                                "Parent Relationship": "Outer",
                                "Parallel Aware": true,
                                "Join Type": "Inner",
                                "Startup Cost": 97879.87,
                                "Total Cost": 126927.85,
                                "Plan Rows": 180088,
                                "Plan Width": 0,
                                "Actual Startup Time": 424.198,
                                "Actual Total Time": 631.966,
                                "Actual Rows": 249816,
                                "Actual Loops": 4,
                                "Inner Unique": true,
                                "Hash Cond": "(mc.movie_id = t.id)",
                                "Workers": [
                                    {
                                        "Worker Number": 0,
                                        "Actual Startup Time": 421.025,
                                        "Actual Total Time": 630.515,
                                        "Actual Rows": 306356,
                                        "Actual Loops": 1
                                    },
                                    {
                                        "Worker Number": 1,
                                        "Actual Startup Time": 421.004,
                                        "Actual Total Time": 628.922,
                                        "Actual Rows": 221425,
                                        "Actual Loops": 1
                                    },
                                    {
                                        "Worker Number": 2,
                                        "Actual Startup Time": 421.885,
                                        "Actual Total Time": 628.954,
                                        "Actual Rows": 235108,
                                        "Actual Loops": 1
                                    }
                                ],
                                "Plans": [
                                    {
                                        "Node Type": "Bitmap Heap Scan",
                                        "Parent Relationship": "Outer",
                                        "Parallel Aware": true,
                                        "Relation Name": "movie_companies",
                                        "Schema": "public",
                                        "Alias": "mc",
                                        "Startup Cost": 45550.49,
                                        "Total Cost": 72818.16,
                                        "Plan Rows": 678213,
                                        "Plan Width": 4,
                                        "Actual Startup Time": 175.032,
                                        "Actual Total Time": 279.157,
                                        "Actual Rows": 525172,
                                        "Actual Loops": 4,
                                        "Output": [
                                            "mc.id",
                                            "mc.movie_id",
                                            "mc.company_id",
                                            "mc.company_type_id",
                                            "mc.note"
                                        ],
                                        "Recheck Cond": "(mc.company_id < 73867)",
                                        "Rows Removed by Index Recheck": 0,
                                        "Exact Heap Blocks": 4450,
                                        "Lossy Heap Blocks": 0,
                                        "Workers": [
                                            {
                                                "Worker Number": 0,
                                                "Actual Startup Time": 175.174,
                                                "Actual Total Time": 276.931,
                                                "Actual Rows": 615077,
                                                "Actual Loops": 1
                                            },
                                            {
                                                "Worker Number": 1,
                                                "Actual Startup Time": 174.805,
                                                "Actual Total Time": 278.564,
                                                "Actual Rows": 492515,
                                                "Actual Loops": 1
                                            },
                                            {
                                                "Worker Number": 2,
                                                "Actual Startup Time": 175.076,
                                                "Actual Total Time": 280.294,
                                                "Actual Rows": 496612,
                                                "Actual Loops": 1
                                            }
                                        ],
                                        "Plans": [
                                            {
                                                "Node Type": "Bitmap Index Scan",
                                                "Parent Relationship": "Outer",
                                                "Parallel Aware": false,
                                                "Index Name": "company_id_movie_companies",
                                                "Startup Cost": 0.0,
                                                "Total Cost": 45024.88,
                                                "Plan Rows": 2102460,
                                                "Plan Width": 0,
                                                "Actual Startup Time": 170.346,
                                                "Actual Total Time": 170.346,
                                                "Actual Rows": 2100686,
                                                "Actual Loops": 1,
                                                "Index Cond": "(mc.company_id < 73867)",
                                                "Workers": [
                                                    {
                                                        "Worker Number": 1,
                                                        "Actual Startup Time": 170.346,
                                                        "Actual Total Time": 170.346,
                                                        "Actual Rows": 2100686,
                                                        "Actual Loops": 1
                                                    }
                                                ]
                                            }
                                        ]
                                    },
                                    {
                                        "Node Type": "Hash",
                                        "Parent Relationship": "Inner",
                                        "Parallel Aware": true,
                                        "Startup Cost": 50231.4,
                                        "Total Cost": 50231.4,
                                        "Plan Rows": 167838,
                                        "Plan Width": 4,
                                        "Actual Startup Time": 183.521,
                                        "Actual Total Time": 183.522,
                                        "Actual Rows": 165706,
                                        "Actual Loops": 4,
                                        "Output": [
                                            "t.id"
                                        ],
                                        "Hash Buckets": 1048576,
                                        "Original Hash Buckets": 1048576,
                                        "Hash Batches": 1,
                                        "Original Hash Batches": 1,
                                        "Peak Memory Usage": 34208,
                                        "Workers": [
                                            {
                                                "Worker Number": 0,
                                                "Actual Startup Time": 184.065,
                                                "Actual Total Time": 184.066,
                                                "Actual Rows": 186532,
                                                "Actual Loops": 1
                                            },
                                            {
                                                "Worker Number": 1,
                                                "Actual Startup Time": 184.089,
                                                "Actual Total Time": 184.091,
                                                "Actual Rows": 143377,
                                                "Actual Loops": 1
                                            },
                                            {
                                                "Worker Number": 2,
                                                "Actual Startup Time": 184.94,
                                                "Actual Total Time": 184.941,
                                                "Actual Rows": 150230,
                                                "Actual Loops": 1
                                            }
                                        ],
                                        "Plans": [
                                            {
                                                "Node Type": "Bitmap Heap Scan",
                                                "Parent Relationship": "Outer",
                                                "Parallel Aware": true,
                                                "Relation Name": "title",
                                                "Schema": "public",
                                                "Alias": "t",
                                                "Startup Cost": 12135.42,
                                                "Total Cost": 50231.4,
                                                "Plan Rows": 167838,
                                                "Plan Width": 4,
                                                "Actual Startup Time": 40.536,
                                                "Actual Total Time": 109.586,
                                                "Actual Rows": 165706,
                                                "Actual Loops": 4,
                                                "Output": [
                                                    "t.id"
                                                ],
                                                "Recheck Cond": "(t.kind_id = 1)",
                                                "Rows Removed by Index Recheck": 0,
                                                "Exact Heap Blocks": 3747,
                                                "Lossy Heap Blocks": 0,
                                                "Workers": [
                                                    {
                                                        "Worker Number": 0,
                                                        "Actual Startup Time": 40.531,
                                                        "Actual Total Time": 108.819,
                                                        "Actual Rows": 186532,
                                                        "Actual Loops": 1
                                                    },
                                                    {
                                                        "Worker Number": 1,
                                                        "Actual Startup Time": 40.661,
                                                        "Actual Total Time": 111.087,
                                                        "Actual Rows": 143377,
                                                        "Actual Loops": 1
                                                    },
                                                    {
                                                        "Worker Number": 2,
                                                        "Actual Startup Time": 40.527,
                                                        "Actual Total Time": 110.281,
                                                        "Actual Rows": 150230,
                                                        "Actual Loops": 1
                                                    }
                                                ],
                                                "Plans": [
                                                    {
                                                        "Node Type": "Bitmap Index Scan",
                                                        "Parent Relationship": "Outer",
                                                        "Parallel Aware": false,
                                                        "Index Name": "kind_id_title",
                                                        "Startup Cost": 0.0,
                                                        "Total Cost": 11967.58,
                                                        "Plan Rows": 671354,
                                                        "Plan Width": 0,
                                                        "Actual Startup Time": 37.602,
                                                        "Actual Total Time": 37.603,
                                                        "Actual Rows": 662825,
                                                        "Actual Loops": 1,
                                                        "Index Cond": "(t.kind_id = 1)"
                                                    }
                                                ]
                                            }
                                        ]
                                    }
                                ]
                            }
                        ]
                    }
                ]
            }
        ]
    },
    "Planning Time": 2.899,
    "Triggers": [],
    "Execution Time": 679.051
}