[
  {
    "Plan": {
      "Node Type": "Aggregate",
      "Strategy": "Plain",
      "Partial Mode": "Finalize",
      "Parallel Aware": false,
      "Startup Cost": 79050.34,
      "Total Cost": 79050.35,
      "Plan Rows": 1,
      "Plan Width": 8,
      "Actual Startup Time": 269.922,
      "Actual Total Time": 286.062,
      "Actual Rows": 1,
      "Actual Loops": 1,
      "Plans": [
        {
          "Node Type": "Gather",
          "Parent Relationship": "Outer",
          "Parallel Aware": false,
          "Startup Cost": 79050.02,
          "Total Cost": 79050.33,
          "Plan Rows": 3,
          "Plan Width": 8,
          "Actual Startup Time": 266.919,
          "Actual Total Time": 286.053,
          "Actual Rows": 4,
          "Actual Loops": 1,
          "Workers Planned": 3,
          "Workers Launched": 3,
          "Single Copy": false,
          "Plans": [
            {
              "Node Type": "Aggregate",
              "Strategy": "Plain",
              "Partial Mode": "Partial",
              "Parent Relationship": "Outer",
              "Parallel Aware": false,
              "Startup Cost": 78050.02,
              "Total Cost": 78050.03,
              "Plan Rows": 1,
              "Plan Width": 8,
              "Actual Startup Time": 258.419,
              "Actual Total Time": 258.424,
              "Actual Rows": 1,
              "Actual Loops": 4,
              "Plans": [
                {
                  "Node Type": "Hash Join",
                  "Parent Relationship": "Outer",
                  "Parallel Aware": true,
                  "Join Type": "Inner",
                  "Startup Cost": 52579.84,
                  "Total Cost": 77991.22,
                  "Plan Rows": 23518,
                  "Plan Width": 0,
                  "Actual Startup Time": 199.336,
                  "Actual Total Time": 258.062,
                  "Actual Rows": 5825,
                  "Actual Loops": 4,
                  "Inner Unique": true,
                  "Hash Cond": "(mk.movie_id = t.id)",
                  "Plans": [
                    {
                      "Node Type": "Bitmap Heap Scan",
                      "Parent Relationship": "Outer",
                      "Parallel Aware": true,
                      "Relation Name": "movie_keyword",
                      "Alias": "mk",
                      "Startup Cost": 4165.18,
                      "Total Cost": 29410.41,
                      "Plan Rows": 63298,
                      "Plan Width": 4,
                      "Actual Startup Time": 16.35,
                      "Actual Total Time": 56.293,
                      "Actual Rows": 52146,
                      "Actual Loops": 4,
                      "Recheck Cond": "(keyword_id < 140)",
                      "Rows Removed by Index Recheck": 0,
                      "Exact Heap Blocks": 8570,
                      "Lossy Heap Blocks": 0,
                      "Plans": [
                        {
                          "Node Type": "Bitmap Index Scan",
                          "Parent Relationship": "Outer",
                          "Parallel Aware": false,
                          "Index Name": "keyword_id_movie_keyword",
                          "Startup Cost": 0.0,
                          "Total Cost": 4116.12,
                          "Plan Rows": 196225,
                          "Plan Width": 0,
                          "Actual Startup Time": 12.838,
                          "Actual Total Time": 12.839,
                          "Actual Rows": 208584,
                          "Actual Loops": 1,
                          "Index Cond": "(keyword_id < 140)"
                        }
                      ]
                    },
                    {
                      "Node Type": "Hash",
                      "Parent Relationship": "Inner",
                      "Parallel Aware": true,
                      "Startup Cost": 45479.1,
                      "Total Cost": 45479.1,
                      "Plan Rows": 234845,
                      "Plan Width": 4,
                      "Actual Startup Time": 177.887,
                      "Actual Total Time": 177.888,
                      "Actual Rows": 219009,
                      "Actual Loops": 4,
                      "Hash Buckets": 1048576,
                      "Original Hash Buckets": 1048576,
                      "Hash Batches": 1,
                      "Original Hash Batches": 1,
                      "Peak Memory Usage": 42528,
                      "Plans": [
                        {
                          "Node Type": "Seq Scan",
                          "Parent Relationship": "Outer",
                          "Parallel Aware": true,
                          "Relation Name": "title",
                          "Alias": "t",
                          "Startup Cost": 0.0,
                          "Total Cost": 45479.1,
                          "Plan Rows": 234845,
                          "Plan Width": 4,
                          "Actual Startup Time": 0.036,
                          "Actual Total Time": 104.153,
                          "Actual Rows": 219009,
                          "Actual Loops": 4,
                          "Filter": "((production_year < 2007) AND (kind_id = 7))",
                          "Rows Removed by Filter": 413069
                        }
                      ]
                    }
                  ]
                }
              ]
            }
          ]
        }
      ]
    },
    "Planning Time": 0.706,
    "Triggers": [],
    "Execution Time": 286.16
  }
]