[
  {
    "Plan": {
      "Node Type": "Aggregate",
      "Strategy": "Plain",
      "Partial Mode": "Finalize",
      "Parallel Aware": false,
      "Startup Cost": 46503.61,
      "Total Cost": 46503.62,
      "Plan Rows": 1,
      "Plan Width": 8,
      "Actual Startup Time": 95.298,
      "Actual Total Time": 105.999,
      "Actual Rows": 1,
      "Actual Loops": 1,
      "Plans": [
        {
          "Node Type": "Gather",
          "Parent Relationship": "Outer",
          "Parallel Aware": false,
          "Startup Cost": 46503.19,
          "Total Cost": 46503.6,
          "Plan Rows": 4,
          "Plan Width": 8,
          "Actual Startup Time": 95.159,
          "Actual Total Time": 105.989,
          "Actual Rows": 5,
          "Actual Loops": 1,
          "Workers Planned": 4,
          "Workers Launched": 4,
          "Single Copy": false,
          "Plans": [
            {
              "Node Type": "Aggregate",
              "Strategy": "Plain",
              "Partial Mode": "Partial",
              "Parent Relationship": "Outer",
              "Parallel Aware": false,
              "Startup Cost": 45503.19,
              "Total Cost": 45503.2,
              "Plan Rows": 1,
              "Plan Width": 8,
              "Actual Startup Time": 85.818,
              "Actual Total Time": 85.819,
              "Actual Rows": 1,
              "Actual Loops": 5,
              "Plans": [
                {
                  "Node Type": "Seq Scan",
                  "Parent Relationship": "Outer",
                  "Parallel Aware": true,
                  "Relation Name": "title",
                  "Alias": "t",
                  "Startup Cost": 0.0,
                  "Total Cost": 45479.1,
                  "Plan Rows": 9636,
                  "Plan Width": 0,
                  "Actual Startup Time": 0.046,
                  "Actual Total Time": 84.702,
                  "Actual Rows": 9970,
                  "Actual Loops": 5,
                  "Filter": "((kind_id > 1) AND (production_year = 2001))",
                  "Rows Removed by Filter": 495692
                }
              ]
            }
          ]
        }
      ]
    },
    "Planning Time": 0.187,
    "Triggers": [],
    "Execution Time": 106.062
  }
]