[
  {
    "Plan": {
      "Node Type": "Aggregate",
      "Strategy": "Plain",
      "Partial Mode": "Finalize",
      "Parallel Aware": false,
      "Startup Cost": 769195.53,
      "Total Cost": 769195.54,
      "Plan Rows": 1,
      "Plan Width": 64,
      "Actual Startup Time": 2271.345,
      "Actual Total Time": 2471.346,
      "Actual Rows": 1,
      "Actual Loops": 1,
      "Plans": [
        {
          "Node Type": "Gather",
          "Parent Relationship": "Outer",
          "Parallel Aware": false,
          "Startup Cost": 769195.1,
          "Total Cost": 769195.51,
          "Plan Rows": 4,
          "Plan Width": 64,
          "Actual Startup Time": 2271.034,
          "Actual Total Time": 2471.332,
          "Actual Rows": 5,
          "Actual Loops": 1,
          "Workers Planned": 4,
          "Workers Launched": 4,
          "Single Copy": false,
          "Plans": [
            {
              "Node Type": "Aggregate",
              "Strategy": "Plain",
              "Partial Mode": "Partial",
              "Parent Relationship": "Outer",
              "Parallel Aware": false,
              "Startup Cost": 768195.1,
              "Total Cost": 768195.11,
              "Plan Rows": 1,
              "Plan Width": 64,
              "Actual Startup Time": 2259.771,
              "Actual Total Time": 2259.803,
              "Actual Rows": 1,
              "Actual Loops": 5,
              "Plans": [
                {
                  "Node Type": "Hash Join",
                  "Parent Relationship": "Outer",
                  "Parallel Aware": true,
                  "Join Type": "Inner",
                  "Startup Cost": 722260.0,
                  "Total Cost": 768195.09,
                  "Plan Rows": 1,
                  "Plan Width": 32,
                  "Actual Startup Time": 2219.528,
                  "Actual Total Time": 2259.77,
                  "Actual Rows": 65,
                  "Actual Loops": 5,
                  "Inner Unique": false,
                  "Hash Cond": "(t.id = mi.movie_id)",
                  "Plans": [
                    {
                      "Node Type": "Seq Scan",
                      "Parent Relationship": "Outer",
                      "Parallel Aware": true,
                      "Relation Name": "title",
                      "Alias": "t",
                      "Startup Cost": 0.0,
                      "Total Cost": 45478.74,
                      "Plan Rows": 121692,
                      "Plan Width": 21,
                      "Actual Startup Time": 0.013,
                      "Actual Total Time": 85.137,
                      "Actual Rows": 96205,
                      "Actual Loops": 5,
                      "Filter": "((production_year >= 1994) AND (production_year <= 2003))",
                      "Rows Removed by Filter": 409458
                    },
                    {
                      "Node Type": "Hash",
                      "Parent Relationship": "Inner",
                      "Parallel Aware": true,
                      "Startup Cost": 722259.99,
                      "Total Cost": 722259.99,
                      "Plan Rows": 1,
                      "Plan Width": 27,
                      "Actual Startup Time": 2165.992,
                      "Actual Total Time": 2166.022,
                      "Actual Rows": 156,
                      "Actual Loops": 5,
                      "Hash Buckets": 1024,
                      "Original Hash Buckets": 1024,
                      "Hash Batches": 1,
                      "Original Hash Batches": 1,
                      "Peak Memory Usage": 168,
                      "Plans": [
                        {
                          "Node Type": "Hash Join",
                          "Parent Relationship": "Outer",
                          "Parallel Aware": true,
                          "Join Type": "Inner",
                          "Startup Cost": 717349.05,
                          "Total Cost": 722259.99,
                          "Plan Rows": 1,
                          "Plan Width": 27,
                          "Actual Startup Time": 2157.324,
                          "Actual Total Time": 2165.894,
                          "Actual Rows": 156,
                          "Actual Loops": 5,
                          "Inner Unique": false,
                          "Hash Cond": "(cn.id = mc.company_id)",
                          "Plans": [
                            {
                              "Node Type": "Seq Scan",
                              "Parent Relationship": "Outer",
                              "Parallel Aware": true,
                              "Relation Name": "company_name",
                              "Alias": "cn",
                              "Startup Cost": 0.0,
                              "Total Cost": 4722.92,
                              "Plan Rows": 50137,
                              "Plan Width": 4,
                              "Actual Startup Time": 0.013,
                              "Actual Total Time": 7.47,
                              "Actual Rows": 16969,
                              "Actual Loops": 5,
                              "Filter": "((country_code)::text = '[us]'::text)",
                              "Rows Removed by Filter": 30031
                            },
                            {
                              "Node Type": "Hash",
                              "Parent Relationship": "Inner",
                              "Parallel Aware": true,
                              "Startup Cost": 717349.03,
                              "Total Cost": 717349.03,
                              "Plan Rows": 1,
                              "Plan Width": 31,
                              "Actual Startup Time": 2157.106,
                              "Actual Total Time": 2157.133,
                              "Actual Rows": 156,
                              "Actual Loops": 5,
                              "Hash Buckets": 1024,
                              "Original Hash Buckets": 1024,
                              "Hash Batches": 1,
                              "Original Hash Batches": 1,
                              "Peak Memory Usage": 168,
                              "Plans": [
                                {
                                  "Node Type": "Hash Join",
                                  "Parent Relationship": "Outer",
                                  "Parallel Aware": true,
                                  "Join Type": "Inner",
                                  "Startup Cost": 685579.23,
                                  "Total Cost": 717349.03,
                                  "Plan Rows": 1,
                                  "Plan Width": 31,
                                  "Actual Startup Time": 2058.108,
                                  "Actual Total Time": 2157.018,
                                  "Actual Rows": 156,
                                  "Actual Loops": 5,
                                  "Inner Unique": false,
                                  "Hash Cond": "(mc.movie_id = mi.movie_id)",
                                  "Plans": [
                                    {
                                      "Node Type": "Seq Scan",
                                      "Parent Relationship": "Outer",
                                      "Parallel Aware": true,
                                      "Relation Name": "movie_companies",
                                      "Alias": "mc",
                                      "Startup Cost": 0.0,
                                      "Total Cost": 31414.82,
                                      "Plan Rows": 94659,
                                      "Plan Width": 8,
                                      "Actual Startup Time": 0.026,
                                      "Actual Total Time": 94.167,
                                      "Actual Rows": 118199,
                                      "Actual Loops": 5,
                                      "Filter": "((note IS NOT NULL) AND ((note ~~ '%(USA)%'::text) OR (note ~~ '%(worldwide)%'::text)))",
                                      "Rows Removed by Filter": 403627
                                    },
                                    {
                                      "Node Type": "Hash",
                                      "Parent Relationship": "Inner",
                                      "Parallel Aware": true,
                                      "Startup Cost": 685579.22,
                                      "Total Cost": 685579.22,
                                      "Plan Rows": 1,
                                      "Plan Width": 23,
                                      "Actual Startup Time": 2054.185,
                                      "Actual Total Time": 2054.209,
                                      "Actual Rows": 73,
                                      "Actual Loops": 5,
                                      "Hash Buckets": 1024,
                                      "Original Hash Buckets": 1024,
                                      "Hash Batches": 1,
                                      "Original Hash Batches": 1,
                                      "Peak Memory Usage": 168,
                                      "Plans": [
                                        {
                                          "Node Type": "Hash Join",
                                          "Parent Relationship": "Outer",
                                          "Parallel Aware": true,
                                          "Join Type": "Inner",
                                          "Startup Cost": 638307.96,
                                          "Total Cost": 685579.22,
                                          "Plan Rows": 1,
                                          "Plan Width": 23,
                                          "Actual Startup Time": 1928.253,
                                          "Actual Total Time": 2054.141,
                                          "Actual Rows": 73,
                                          "Actual Loops": 5,
                                          "Inner Unique": false,
                                          "Hash Cond": "(chn.id = ci.person_role_id)",
                                          "Plans": [
                                            {
                                              "Node Type": "Seq Scan",
                                              "Parent Relationship": "Outer",
                                              "Parallel Aware": true,
                                              "Relation Name": "char_name",
                                              "Alias": "chn",
                                              "Startup Cost": 0.0,
                                              "Total Cost": 44325.46,
                                              "Plan Rows": 785546,
                                              "Plan Width": 4,
                                              "Actual Startup Time": 0.013,
                                              "Actual Total Time": 83.538,
                                              "Actual Rows": 628068,
                                              "Actual Loops": 5
                                            },
                                            {
                                              "Node Type": "Hash",
                                              "Parent Relationship": "Inner",
                                              "Parallel Aware": true,
                                              "Startup Cost": 638307.94,
                                              "Total Cost": 638307.94,
                                              "Plan Rows": 1,
                                              "Plan Width": 27,
                                              "Actual Startup Time": 1926.848,
                                              "Actual Total Time": 1926.868,
                                              "Actual Rows": 73,
                                              "Actual Loops": 5,
                                              "Hash Buckets": 1024,
                                              "Original Hash Buckets": 1024,
                                              "Hash Batches": 1,
                                              "Original Hash Batches": 1,
                                              "Peak Memory Usage": 168,
                                              "Plans": [
                                                {
                                                  "Node Type": "Hash Join",
                                                  "Parent Relationship": "Outer",
                                                  "Parallel Aware": true,
                                                  "Join Type": "Inner",
                                                  "Startup Cost": 622914.04,
                                                  "Total Cost": 638307.94,
                                                  "Plan Rows": 1,
                                                  "Plan Width": 27,
                                                  "Actual Startup Time": 1893.484,
                                                  "Actual Total Time": 1926.787,
                                                  "Actual Rows": 73,
                                                  "Actual Loops": 5,
                                                  "Inner Unique": false,
                                                  "Hash Cond": "(an.person_id = n.id)",
                                                  "Plans": [
                                                    {
                                                      "Node Type": "Seq Scan",
                                                      "Parent Relationship": "Outer",
                                                      "Parallel Aware": true,
                                                      "Relation Name": "aka_name",
                                                      "Alias": "an",
                                                      "Startup Cost": 0.0,
                                                      "Total Cost": 14303.56,
                                                      "Plan Rows": 290756,
                                                      "Plan Width": 4,
                                                      "Actual Startup Time": 0.042,
                                                      "Actual Total Time": 27.142,
                                                      "Actual Rows": 180269,
                                                      "Actual Loops": 5
                                                    },
                                                    {
                                                      "Node Type": "Hash",
                                                      "Parent Relationship": "Inner",
                                                      "Parallel Aware": true,
                                                      "Startup Cost": 622914.03,
                                                      "Total Cost": 622914.03,
                                                      "Plan Rows": 1,
                                                      "Plan Width": 35,
                                                      "Actual Startup Time": 1885.991,
                                                      "Actual Total Time": 1886.007,
                                                      "Actual Rows": 76,
                                                      "Actual Loops": 5,
                                                      "Hash Buckets": 1024,
                                                      "Original Hash Buckets": 1024,
                                                      "Hash Batches": 1,
                                                      "Original Hash Batches": 1,
                                                      "Peak Memory Usage": 168,
                                                      "Plans": [
                                                        {
                                                          "Node Type": "Hash Join",
                                                          "Parent Relationship": "Outer",
                                                          "Parallel Aware": true,
                                                          "Join Type": "Inner",
                                                          "Startup Cost": 416019.22,
                                                          "Total Cost": 622914.03,
                                                          "Plan Rows": 1,
                                                          "Plan Width": 35,
                                                          "Actual Startup Time": 1458.389,
                                                          "Actual Total Time": 1885.869,
                                                          "Actual Rows": 76,
                                                          "Actual Loops": 5,
                                                          "Inner Unique": false,
                                                          "Hash Cond": "(mi.movie_id = ci.movie_id)",
                                                          "Plans": [
                                                            {
                                                              "Node Type": "Hash Join",
                                                              "Parent Relationship": "Outer",
                                                              "Parallel Aware": false,
                                                              "Join Type": "Inner",
                                                              "Startup Cost": 2.43,
                                                              "Total Cost": 206892.59,
                                                              "Plan Rows": 1236,
                                                              "Plan Width": 4,
                                                              "Actual Startup Time": 155.13,
                                                              "Actual Total Time": 583.481,
                                                              "Actual Rows": 90208,
                                                              "Actual Loops": 5,
                                                              "Inner Unique": true,
                                                              "Hash Cond": "(mi.info_type_id = it.id)",
                                                              "Plans": [
                                                                {
                                                                  "Node Type": "Seq Scan",
                                                                  "Parent Relationship": "Outer",
                                                                  "Parallel Aware": true,
                                                                  "Relation Name": "movie_info",
                                                                  "Alias": "mi",
                                                                  "Startup Cost": 0.0,
                                                                  "Total Cost": 206509.76,
                                                                  "Plan Rows": 139676,
                                                                  "Plan Width": 8,
                                                                  "Actual Startup Time": 66.474,
                                                                  "Actual Total Time": 569.136,
                                                                  "Actual Rows": 90221,
                                                                  "Actual Loops": 5,
                                                                  "Filter": "((info IS NOT NULL) AND ((info ~~ 'Japan:%200%'::text) OR (info ~~ 'USA:%200%'::text)))",
                                                                  "Rows Removed by Filter": 2876923
                                                                },
                                                                {
                                                                  "Node Type": "Hash",
                                                                  "Parent Relationship": "Inner",
                                                                  "Parallel Aware": false,
                                                                  "Startup Cost": 2.41,
                                                                  "Total Cost": 2.41,
                                                                  "Plan Rows": 1,
                                                                  "Plan Width": 4,
                                                                  "Actual Startup Time": 0.051,
                                                                  "Actual Total Time": 0.052,
                                                                  "Actual Rows": 1,
                                                                  "Actual Loops": 5,
                                                                  "Hash Buckets": 1024,
                                                                  "Original Hash Buckets": 1024,
                                                                  "Hash Batches": 1,
                                                                  "Original Hash Batches": 1,
                                                                  "Peak Memory Usage": 9,
                                                                  "Plans": [
                                                                    {
                                                                      "Node Type": "Seq Scan",
                                                                      "Parent Relationship": "Outer",
                                                                      "Parallel Aware": false,
                                                                      "Relation Name": "info_type",
                                                                      "Alias": "it",
                                                                      "Startup Cost": 0.0,
                                                                      "Total Cost": 2.41,
                                                                      "Plan Rows": 1,
                                                                      "Plan Width": 4,
                                                                      "Actual Startup Time": 0.038,
                                                                      "Actual Total Time": 0.044,
                                                                      "Actual Rows": 1,
                                                                      "Actual Loops": 5,
                                                                      "Filter": "((info)::text = 'release dates'::text)",
                                                                      "Rows Removed by Filter": 112
                                                                    }
                                                                  ]
                                                                }
                                                              ]
                                                            },
                                                            {
                                                              "Node Type": "Hash",
                                                              "Parent Relationship": "Inner",
                                                              "Parallel Aware": true,
                                                              "Startup Cost": 416016.78,
                                                              "Total Cost": 416016.78,
                                                              "Plan Rows": 1,
                                                              "Plan Width": 31,
                                                              "Actual Startup Time": 1294.078,
                                                              "Actual Total Time": 1294.086,
                                                              "Actual Rows": 96,
                                                              "Actual Loops": 5,
                                                              "Hash Buckets": 1024,
                                                              "Original Hash Buckets": 1024,
                                                              "Hash Batches": 1,
                                                              "Original Hash Batches": 1,
                                                              "Peak Memory Usage": 168,
                                                              "Plans": [
                                                                {
                                                                  "Node Type": "Hash Join",
                                                                  "Parent Relationship": "Outer",
                                                                  "Parallel Aware": false,
                                                                  "Join Type": "Inner",
                                                                  "Startup Cost": 71241.56,
                                                                  "Total Cost": 416016.78,
                                                                  "Plan Rows": 1,
                                                                  "Plan Width": 31,
                                                                  "Actual Startup Time": 594.958,
                                                                  "Actual Total Time": 1293.879,
                                                                  "Actual Rows": 96,
                                                                  "Actual Loops": 5,
                                                                  "Inner Unique": true,
                                                                  "Hash Cond": "(ci.role_id = rt.id)",
                                                                  "Plans": [
                                                                    {
                                                                      "Node Type": "Hash Join",
                                                                      "Parent Relationship": "Outer",
                                                                      "Parallel Aware": true,
                                                                      "Join Type": "Inner",
                                                                      "Startup Cost": 71240.4,
                                                                      "Total Cost": 416015.57,
                                                                      "Plan Rows": 13,
                                                                      "Plan Width": 35,
                                                                      "Actual Startup Time": 594.808,
                                                                      "Actual Total Time": 1293.661,
                                                                      "Actual Rows": 348,
                                                                      "Actual Loops": 5,
                                                                      "Inner Unique": true,
                                                                      "Hash Cond": "(ci.person_id = n.id)",
                                                                      "Plans": [
                                                                        {
                                                                          "Node Type": "Seq Scan",
                                                                          "Parent Relationship": "Outer",
                                                                          "Parallel Aware": true,
                                                                          "Relation Name": "cast_info",
                                                                          "Alias": "ci",
                                                                          "Startup Cost": 0.0,
                                                                          "Total Cost": 343259.37,
                                                                          "Plan Rows": 577449,
                                                                          "Plan Width": 16,
                                                                          "Actual Startup Time": 0.051,
                                                                          "Actual Total Time": 993.788,
                                                                          "Actual Rows": 552126,
                                                                          "Actual Loops": 5,
                                                                          "Filter": "(note = ANY ('{(writer),(uncredited),(producer),(uncredited)}'::text[]))",
                                                                          "Rows Removed by Filter": 6696742
                                                                        },
                                                                        {
                                                                          "Node Type": "Hash",
                                                                          "Parent Relationship": "Inner",
                                                                          "Parallel Aware": true,
                                                                          "Startup Cost": 71240.1,
                                                                          "Total Cost": 71240.1,
                                                                          "Plan Rows": 24,
                                                                          "Plan Width": 19,
                                                                          "Actual Startup Time": 252.109,
                                                                          "Actual Total Time": 252.11,
                                                                          "Actual Rows": 582,
                                                                          "Actual Loops": 5,
                                                                          "Hash Buckets": 4096,
                                                                          "Original Hash Buckets": 1024,
                                                                          "Hash Batches": 1,
                                                                          "Original Hash Batches": 1,
                                                                          "Peak Memory Usage": 344,
                                                                          "Plans": [
                                                                            {
                                                                              "Node Type": "Seq Scan",
                                                                              "Parent Relationship": "Outer",
                                                                              "Parallel Aware": true,
                                                                              "Relation Name": "name",
                                                                              "Alias": "n",
                                                                              "Startup Cost": 0.0,
                                                                              "Total Cost": 71240.1,
                                                                              "Plan Rows": 24,
                                                                              "Plan Width": 19,
                                                                              "Actual Startup Time": 83.66,
                                                                              "Actual Total Time": 170.79,
                                                                              "Actual Rows": 582,
                                                                              "Actual Loops": 5,
                                                                              "Filter": "((name ~~ '%Melissa%'::text) AND ((gender)::text = 'f'::text))",
                                                                              "Rows Removed by Filter": 832916
                                                                            }
                                                                          ]
                                                                        }
                                                                      ]
                                                                    },
                                                                    {
                                                                      "Node Type": "Hash",
                                                                      "Parent Relationship": "Inner",
                                                                      "Parallel Aware": false,
                                                                      "Startup Cost": 1.15,
                                                                      "Total Cost": 1.15,
                                                                      "Plan Rows": 1,
                                                                      "Plan Width": 4,
                                                                      "Actual Startup Time": 0.103,
                                                                      "Actual Total Time": 0.104,
                                                                      "Actual Rows": 1,
                                                                      "Actual Loops": 5,
                                                                      "Hash Buckets": 1024,
                                                                      "Original Hash Buckets": 1024,
                                                                      "Hash Batches": 1,
                                                                      "Original Hash Batches": 1,
                                                                      "Peak Memory Usage": 9,
                                                                      "Plans": [
                                                                        {
                                                                          "Node Type": "Seq Scan",
                                                                          "Parent Relationship": "Outer",
                                                                          "Parallel Aware": false,
                                                                          "Relation Name": "role_type",
                                                                          "Alias": "rt",
                                                                          "Startup Cost": 0.0,
                                                                          "Total Cost": 1.15,
                                                                          "Plan Rows": 1,
                                                                          "Plan Width": 4,
                                                                          "Actual Startup Time": 0.064,
                                                                          "Actual Total Time": 0.069,
                                                                          "Actual Rows": 1,
                                                                          "Actual Loops": 5,
                                                                          "Filter": "((role)::text = 'actress'::text)",
                                                                          "Rows Removed by Filter": 11
                                                                        }
                                                                      ]
                                                                    }
                                                                  ]
                                                                }
                                                              ]
                                                            }
                                                          ]
                                                        }
                                                      ]
                                                    }
                                                  ]
                                                }
                                              ]
                                            }
                                          ]
                                        }
                                      ]
                                    }
                                  ]
                                }
                              ]
                            }
                          ]
                        }
                      ]
                    }
                  ]
                }
              ]
            }
          ]
        }
      ]
    },
    "Planning Time": 35.874,
    "Triggers": [],
    "Execution Time": 2471.866
  }
]