[
  {
    "Plan": {
      "Node Type": "Aggregate",
      "Strategy": "Plain",
      "Partial Mode": "Finalize",
      "Parallel Aware": false,
      "Startup Cost": 342457.83,
      "Total Cost": 342457.84,
      "Plan Rows": 1,
      "Plan Width": 8,
      "Actual Startup Time": 867.511,
      "Actual Total Time": 924.369,
      "Actual Rows": 1,
      "Actual Loops": 1,
      "Plans": [
        {
          "Node Type": "Gather",
          "Parent Relationship": "Outer",
          "Parallel Aware": false,
          "Startup Cost": 342457.2,
          "Total Cost": 342457.81,
          "Plan Rows": 6,
          "Plan Width": 8,
          "Actual Startup Time": 867.381,
          "Actual Total Time": 924.355,
          "Actual Rows": 7,
          "Actual Loops": 1,
          "Workers Planned": 6,
          "Workers Launched": 6,
          "Single Copy": false,
          "Plans": [
            {
              "Node Type": "Aggregate",
              "Strategy": "Plain",
              "Partial Mode": "Partial",
              "Parent Relationship": "Outer",
              "Parallel Aware": false,
              "Startup Cost": 341457.2,
              "Total Cost": 341457.21,
              "Plan Rows": 1,
              "Plan Width": 8,
              "Actual Startup Time": 858.996,
              "Actual Total Time": 858.997,
              "Actual Rows": 1,
              "Actual Loops": 7,
              "Plans": [
                {
                  "Node Type": "Seq Scan",
                  "Parent Relationship": "Outer",
                  "Parallel Aware": true,
                  "Relation Name": "cast_info",
                  "Alias": "ci",
                  "Startup Cost": 0.0,
                  "Total Cost": 328162.03,
                  "Plan Rows": 5318071,
                  "Plan Width": 0,
                  "Actual Startup Time": 58.257,
                  "Actual Total Time": 656.22,
                  "Actual Rows": 4545998,
                  "Actual Loops": 7,
                  "Filter": "(person_id > 426999)",
                  "Rows Removed by Filter": 631765
                }
              ]
            }
          ]
        }
      ]
    },
    "Planning Time": 0.171,
    "Triggers": [],
    "Execution Time": 924.436
  }
]