[
    {
        "Bao": {
            "Bao prediction": "NaN",
            "Bao recommended hint": "(no hint)"
        }
    },
    {
        "Plan": {
            "Node Type": "Aggregate",
            "Strategy": "Plain",
            "Partial Mode": "Finalize",
            "Parallel Aware": false,
            "Startup Cost": 93226.64,
            "Total Cost": 93226.65,
            "Plan Rows": 1,
            "Plan Width": 8,
            "Actual Startup Time": 330.791,
            "Actual Total Time": 339.317,
            "Actual Rows": 1,
            "Actual Loops": 1,
            "Output": [
                "count(*)"
            ],
            "Plans": [
                {
                    "Node Type": "Gather",
                    "Parent Relationship": "Outer",
                    "Parallel Aware": false,
                    "Startup Cost": 93226.33,
                    "Total Cost": 93226.64,
                    "Plan Rows": 3,
                    "Plan Width": 8,
                    "Actual Startup Time": 328.852,
                    "Actual Total Time": 339.308,
                    "Actual Rows": 4,
                    "Actual Loops": 1,
                    "Output": [
                        "(PARTIAL count(*))"
                    ],
                    "Workers Planned": 3,
                    "Workers Launched": 3,
                    "Single Copy": false,
                    "Plans": [
                        {
                            "Node Type": "Aggregate",
                            "Strategy": "Plain",
                            "Partial Mode": "Partial",
                            "Parent Relationship": "Outer",
                            "Parallel Aware": false,
                            "Startup Cost": 92226.33,
                            "Total Cost": 92226.34,
                            "Plan Rows": 1,
                            "Plan Width": 8,
                            "Actual Startup Time": 320.123,
                            "Actual Total Time": 320.126,
                            "Actual Rows": 1,
                            "Actual Loops": 4,
                            "Output": [
                                "PARTIAL count(*)"
                            ],
                            "Workers": [
                                {
                                    "Worker Number": 0,
                                    "Actual Startup Time": 317.199,
                                    "Actual Total Time": 317.203,
                                    "Actual Rows": 1,
                                    "Actual Loops": 1
                                },
                                {
                                    "Worker Number": 1,
                                    "Actual Startup Time": 317.187,
                                    "Actual Total Time": 317.189,
                                    "Actual Rows": 1,
                                    "Actual Loops": 1
                                },
                                {
                                    "Worker Number": 2,
                                    "Actual Startup Time": 317.643,
                                    "Actual Total Time": 317.646,
                                    "Actual Rows": 1,
                                    "Actual Loops": 1
                                }
                            ],
                            "Plans": [
                                {
                                    "Node Type": "Hash Join",
                                    "Parent Relationship": "Outer",
                                    "Parallel Aware": true,
                                    "Join Type": "Inner",
                                    "Startup Cost": 46496.05,
                                    "Total Cost": 91894.99,
                                    "Plan Rows": 132535,
                                    "Plan Width": 0,
                                    "Actual Startup Time": 127.275,
                                    "Actual Total Time": 318.758,
                                    "Actual Rows": 26150,
                                    "Actual Loops": 4,
                                    "Inner Unique": true,
                                    "Hash Cond": "(mk.movie_id = t.id)",
                                    "Workers": [
                                        {
                                            "Worker Number": 0,
                                            "Actual Startup Time": 124.323,
                                            "Actual Total Time": 315.874,
                                            "Actual Rows": 29615,
                                            "Actual Loops": 1
                                        },
                                        {
                                            "Worker Number": 1,
                                            "Actual Startup Time": 124.333,
                                            "Actual Total Time": 315.787,
                                            "Actual Rows": 31096,
                                            "Actual Loops": 1
                                        },
                                        {
                                            "Worker Number": 2,
                                            "Actual Startup Time": 124.881,
                                            "Actual Total Time": 316.377,
                                            "Actual Rows": 25970,
                                            "Actual Loops": 1
                                        }
                                    ],
                                    "Plans": [
                                        {
                                            "Node Type": "Seq Scan",
                                            "Parent Relationship": "Outer",
                                            "Parallel Aware": true,
                                            "Relation Name": "movie_keyword",
                                            "Schema": "public",
                                            "Alias": "mk",
                                            "Startup Cost": 0.0,
                                            "Total Cost": 42695.65,
                                            "Plan Rows": 1029825,
                                            "Plan Width": 4,
                                            "Actual Startup Time": 0.098,
                                            "Actual Total Time": 115.705,
                                            "Actual Rows": 799369,
                                            "Actual Loops": 4,
                                            "Output": [
                                                "mk.id",
                                                "mk.movie_id",
                                                "mk.keyword_id"
                                            ],
                                            "Filter": "(mk.keyword_id > 1732)",
                                            "Rows Removed by Filter": 331614,
                                            "Workers": [
                                                {
                                                    "Worker Number": 0,
                                                    "Actual Startup Time": 0.09,
                                                    "Actual Total Time": 116.936,
                                                    "Actual Rows": 874853,
                                                    "Actual Loops": 1
                                                },
                                                {
                                                    "Worker Number": 1,
                                                    "Actual Startup Time": 0.097,
                                                    "Actual Total Time": 116.617,
                                                    "Actual Rows": 882413,
                                                    "Actual Loops": 1
                                                },
                                                {
                                                    "Worker Number": 2,
                                                    "Actual Startup Time": 0.11,
                                                    "Actual Total Time": 116.294,
                                                    "Actual Rows": 822063,
                                                    "Actual Loops": 1
                                                }
                                            ]
                                        },
                                        {
                                            "Node Type": "Hash",
                                            "Parent Relationship": "Inner",
                                            "Parallel Aware": true,
                                            "Startup Cost": 45479.21,
                                            "Total Cost": 45479.21,
                                            "Plan Rows": 81347,
                                            "Plan Width": 4,
                                            "Actual Startup Time": 124.305,
                                            "Actual Total Time": 124.306,
                                            "Actual Rows": 87729,
                                            "Actual Loops": 4,
                                            "Output": [
                                                "t.id"
                                            ],
                                            "Hash Buckets": 524288,
                                            "Original Hash Buckets": 524288,
                                            "Hash Batches": 1,
                                            "Original Hash Batches": 1,
                                            "Peak Memory Usage": 17920,
                                            "Workers": [
                                                {
                                                    "Worker Number": 0,
                                                    "Actual Startup Time": 123.252,
                                                    "Actual Total Time": 123.253,
                                                    "Actual Rows": 75516,
                                                    "Actual Loops": 1
                                                },
                                                {
                                                    "Worker Number": 1,
                                                    "Actual Startup Time": 123.255,
                                                    "Actual Total Time": 123.256,
                                                    "Actual Rows": 75458,
                                                    "Actual Loops": 1
                                                },
                                                {
                                                    "Worker Number": 2,
                                                    "Actual Startup Time": 123.776,
                                                    "Actual Total Time": 123.777,
                                                    "Actual Rows": 80282,
                                                    "Actual Loops": 1
                                                }
                                            ],
                                            "Plans": [
                                                {
                                                    "Node Type": "Seq Scan",
                                                    "Parent Relationship": "Outer",
                                                    "Parallel Aware": true,
                                                    "Relation Name": "title",
                                                    "Schema": "public",
                                                    "Alias": "t",
                                                    "Startup Cost": 0.0,
                                                    "Total Cost": 45479.21,
                                                    "Plan Rows": 81347,
                                                    "Plan Width": 4,
                                                    "Actual Startup Time": 0.041,
                                                    "Actual Total Time": 92.616,
                                                    "Actual Rows": 87729,
                                                    "Actual Loops": 4,
                                                    "Output": [
                                                        "t.id"
                                                    ],
                                                    "Filter": "((t.kind_id > 4) AND (t.production_year > 2009))",
                                                    "Rows Removed by Filter": 544349,
                                                    "Workers": [
                                                        {
                                                            "Worker Number": 0,
                                                            "Actual Startup Time": 0.052,
                                                            "Actual Total Time": 92.465,
                                                            "Actual Rows": 75516,
                                                            "Actual Loops": 1
                                                        },
                                                        {
                                                            "Worker Number": 1,
                                                            "Actual Startup Time": 0.045,
                                                            "Actual Total Time": 92.698,
                                                            "Actual Rows": 75458,
                                                            "Actual Loops": 1
                                                        },
                                                        {
                                                            "Worker Number": 2,
                                                            "Actual Startup Time": 0.05,
                                                            "Actual Total Time": 93.481,
                                                            "Actual Rows": 80282,
                                                            "Actual Loops": 1
                                                        }
                                                    ]
                                                }
                                            ]
                                        }
                                    ]
                                }
                            ]
                        }
                    ]
                }
            ]
        },
        "Planning Time": 184.744,
        "Triggers": [],
        "Execution Time": 339.392
    }
]