[
  {
    "Plan": {
      "Node Type": "Aggregate",
      "Strategy": "Plain",
      "Partial Mode": "Finalize",
      "Parallel Aware": false,
      "Startup Cost": 65466.16,
      "Total Cost": 65466.17,
      "Plan Rows": 1,
      "Plan Width": 8,
      "Actual Startup Time": 322.994,
      "Actual Total Time": 341.195,
      "Actual Rows": 1,
      "Actual Loops": 1,
      "Plans": [
        {
          "Node Type": "Gather",
          "Parent Relationship": "Outer",
          "Parallel Aware": false,
          "Startup Cost": 65465.85,
          "Total Cost": 65466.16,
          "Plan Rows": 3,
          "Plan Width": 8,
          "Actual Startup Time": 322.698,
          "Actual Total Time": 341.186,
          "Actual Rows": 4,
          "Actual Loops": 1,
          "Workers Planned": 3,
          "Workers Launched": 3,
          "Single Copy": false,
          "Plans": [
            {
              "Node Type": "Aggregate",
              "Strategy": "Plain",
              "Partial Mode": "Partial",
              "Parent Relationship": "Outer",
              "Parallel Aware": false,
              "Startup Cost": 64465.85,
              "Total Cost": 64465.86,
              "Plan Rows": 1,
              "Plan Width": 8,
              "Actual Startup Time": 312.335,
              "Actual Total Time": 312.339,
              "Actual Rows": 1,
              "Actual Loops": 4,
              "Plans": [
                {
                  "Node Type": "Nested Loop",
                  "Parent Relationship": "Outer",
                  "Parallel Aware": false,
                  "Join Type": "Inner",
                  "Startup Cost": 17491.54,
                  "Total Cost": 64433.94,
                  "Plan Rows": 12763,
                  "Plan Width": 0,
                  "Actual Startup Time": 90.675,
                  "Actual Total Time": 310.42,
                  "Actual Rows": 20008,
                  "Actual Loops": 4,
                  "Inner Unique": true,
                  "Join Filter": "(ci.movie_id = t.id)",
                  "Rows Removed by Join Filter": 0,
                  "Plans": [
                    {
                      "Node Type": "Hash Join",
                      "Parent Relationship": "Outer",
                      "Parallel Aware": true,
                      "Join Type": "Inner",
                      "Startup Cost": 17491.11,
                      "Total Cost": 26395.82,
                      "Plan Rows": 44311,
                      "Plan Width": 8,
                      "Actual Startup Time": 89.726,
                      "Actual Total Time": 147.885,
                      "Actual Rows": 37332,
                      "Actual Loops": 4,
                      "Inner Unique": false,
                      "Hash Cond": "(ci.movie_id = mi_idx.movie_id)",
                      "Plans": [
                        {
                          "Node Type": "Index Scan",
                          "Parent Relationship": "Outer",
                          "Parallel Aware": true,
                          "Scan Direction": "Forward",
                          "Index Name": "role_id_cast_info",
                          "Relation Name": "cast_info",
                          "Alias": "ci",
                          "Startup Cost": 0.56,
                          "Total Cost": 8359.83,
                          "Plan Rows": 96218,
                          "Plan Width": 4,
                          "Actual Startup Time": 0.101,
                          "Actual Total Time": 16.951,
                          "Actual Rows": 79030,
                          "Actual Loops": 4,
                          "Index Cond": "(role_id > 10)",
                          "Rows Removed by Index Recheck": 0
                        },
                        {
                          "Node Type": "Hash",
                          "Parent Relationship": "Inner",
                          "Parallel Aware": true,
                          "Startup Cost": 15122.68,
                          "Total Cost": 15122.68,
                          "Plan Rows": 189429,
                          "Plan Width": 4,
                          "Actual Startup Time": 86.501,
                          "Actual Total Time": 86.502,
                          "Actual Rows": 114981,
                          "Actual Loops": 4,
                          "Hash Buckets": 524288,
                          "Original Hash Buckets": 524288,
                          "Hash Batches": 1,
                          "Original Hash Batches": 1,
                          "Peak Memory Usage": 22176,
                          "Plans": [
                            {
                              "Node Type": "Seq Scan",
                              "Parent Relationship": "Outer",
                              "Parallel Aware": true,
                              "Relation Name": "movie_info_idx",
                              "Alias": "mi_idx",
                              "Startup Cost": 0.0,
                              "Total Cost": 15122.68,
                              "Plan Rows": 189429,
                              "Plan Width": 4,
                              "Actual Startup Time": 0.055,
                              "Actual Total Time": 45.286,
                              "Actual Rows": 114981,
                              "Actual Loops": 4,
                              "Filter": "(info_type_id < 100)",
                              "Rows Removed by Filter": 230028
                            }
                          ]
                        }
                      ]
                    },
                    {
                      "Node Type": "Index Scan",
                      "Parent Relationship": "Inner",
                      "Parallel Aware": false,
                      "Scan Direction": "Forward",
                      "Index Name": "title_pkey",
                      "Relation Name": "title",
                      "Alias": "t",
                      "Startup Cost": 0.43,
                      "Total Cost": 0.85,
                      "Plan Rows": 1,
                      "Plan Width": 4,
                      "Actual Startup Time": 0.004,
                      "Actual Total Time": 0.004,
                      "Actual Rows": 1,
                      "Actual Loops": 149328,
                      "Index Cond": "(id = mi_idx.movie_id)",
                      "Rows Removed by Index Recheck": 0,
                      "Filter": "(kind_id > 1)",
                      "Rows Removed by Filter": 0
                    }
                  ]
                }
              ]
            }
          ]
        }
      ]
    },
    "Planning Time": 1.437,
    "Triggers": [],
    "Execution Time": 341.298
  }
]