{
    "Plan": {
        "Node Type": "Aggregate",
        "Strategy": "Plain",
        "Partial Mode": "Finalize",
        "Parallel Aware": false,
        "Startup Cost": 90269.43,
        "Total Cost": 90269.44,
        "Plan Rows": 1,
        "Plan Width": 8,
        "Actual Startup Time": 279.971,
        "Actual Total Time": 303.383,
        "Actual Rows": 1,
        "Actual Loops": 1,
        "Output": [
            "count(*)"
        ],
        "Plans": [
            {
                "Node Type": "Gather",
                "Parent Relationship": "Outer",
                "Parallel Aware": false,
                "Startup Cost": 90269.11,
                "Total Cost": 90269.42,
                "Plan Rows": 3,
                "Plan Width": 8,
                "Actual Startup Time": 279.322,
                "Actual Total Time": 303.373,
                "Actual Rows": 4,
                "Actual Loops": 1,
                "Output": [
                    "(PARTIAL count(*))"
                ],
                "Workers Planned": 3,
                "Workers Launched": 3,
                "Single Copy": false,
                "Plans": [
                    {
                        "Node Type": "Aggregate",
                        "Strategy": "Plain",
                        "Partial Mode": "Partial",
                        "Parent Relationship": "Outer",
                        "Parallel Aware": false,
                        "Startup Cost": 89269.11,
                        "Total Cost": 89269.12,
                        "Plan Rows": 1,
                        "Plan Width": 8,
                        "Actual Startup Time": 270.578,
                        "Actual Total Time": 270.581,
                        "Actual Rows": 1,
                        "Actual Loops": 4,
                        "Output": [
                            "PARTIAL count(*)"
                        ],
                        "Workers": [
                            {
                                "Worker Number": 0,
                                "Actual Startup Time": 267.148,
                                "Actual Total Time": 267.151,
                                "Actual Rows": 1,
                                "Actual Loops": 1
                            },
                            {
                                "Worker Number": 1,
                                "Actual Startup Time": 268.237,
                                "Actual Total Time": 268.24,
                                "Actual Rows": 1,
                                "Actual Loops": 1
                            },
                            {
                                "Worker Number": 2,
                                "Actual Startup Time": 268.343,
                                "Actual Total Time": 268.346,
                                "Actual Rows": 1,
                                "Actual Loops": 1
                            }
                        ],
                        "Plans": [
                            {
                                "Node Type": "Hash Join",
                                "Parent Relationship": "Outer",
                                "Parallel Aware": true,
                                "Join Type": "Inner",
                                "Startup Cost": 44213.99,
                                "Total Cost": 89182.8,
                                "Plan Rows": 34523,
                                "Plan Width": 0,
                                "Actual Startup Time": 132.098,
                                "Actual Total Time": 268.691,
                                "Actual Rows": 40964,
                                "Actual Loops": 4,
                                "Inner Unique": true,
                                "Hash Cond": "(mk.movie_id = t.id)",
                                "Workers": [
                                    {
                                        "Worker Number": 0,
                                        "Actual Startup Time": 128.678,
                                        "Actual Total Time": 265.43,
                                        "Actual Rows": 35611,
                                        "Actual Loops": 1
                                    },
                                    {
                                        "Worker Number": 1,
                                        "Actual Startup Time": 129.721,
                                        "Actual Total Time": 266.387,
                                        "Actual Rows": 38945,
                                        "Actual Loops": 1
                                    },
                                    {
                                        "Worker Number": 2,
                                        "Actual Startup Time": 129.876,
                                        "Actual Total Time": 266.423,
                                        "Actual Rows": 40551,
                                        "Actual Loops": 1
                                    }
                                ],
                                "Plans": [
                                    {
                                        "Node Type": "Seq Scan",
                                        "Parent Relationship": "Outer",
                                        "Parallel Aware": true,
                                        "Relation Name": "movie_keyword",
                                        "Schema": "public",
                                        "Alias": "mk",
                                        "Startup Cost": 0.0,
                                        "Total Cost": 42695.65,
                                        "Plan Rows": 865964,
                                        "Plan Width": 4,
                                        "Actual Startup Time": 0.018,
                                        "Actual Total Time": 115.984,
                                        "Actual Rows": 677558,
                                        "Actual Loops": 4,
                                        "Output": [
                                            "mk.id",
                                            "mk.movie_id",
                                            "mk.keyword_id"
                                        ],
                                        "Filter": "(mk.keyword_id < 7661)",
                                        "Rows Removed by Filter": 453424,
                                        "Workers": [
                                            {
                                                "Worker Number": 0,
                                                "Actual Startup Time": 0.025,
                                                "Actual Total Time": 117.141,
                                                "Actual Rows": 596194,
                                                "Actual Loops": 1
                                            },
                                            {
                                                "Worker Number": 1,
                                                "Actual Startup Time": 0.02,
                                                "Actual Total Time": 118.573,
                                                "Actual Rows": 650884,
                                                "Actual Loops": 1
                                            },
                                            {
                                                "Worker Number": 2,
                                                "Actual Startup Time": 0.017,
                                                "Actual Total Time": 118.615,
                                                "Actual Rows": 649433,
                                                "Actual Loops": 1
                                            }
                                        ]
                                    },
                                    {
                                        "Node Type": "Hash",
                                        "Parent Relationship": "Inner",
                                        "Parallel Aware": true,
                                        "Startup Cost": 43899.01,
                                        "Total Cost": 43899.01,
                                        "Plan Rows": 25199,
                                        "Plan Width": 4,
                                        "Actual Startup Time": 97.103,
                                        "Actual Total Time": 97.104,
                                        "Actual Rows": 25134,
                                        "Actual Loops": 4,
                                        "Output": [
                                            "t.id"
                                        ],
                                        "Hash Buckets": 131072,
                                        "Original Hash Buckets": 131072,
                                        "Hash Batches": 1,
                                        "Original Hash Batches": 1,
                                        "Peak Memory Usage": 5056,
                                        "Workers": [
                                            {
                                                "Worker Number": 0,
                                                "Actual Startup Time": 94.948,
                                                "Actual Total Time": 94.949,
                                                "Actual Rows": 21270,
                                                "Actual Loops": 1
                                            },
                                            {
                                                "Worker Number": 1,
                                                "Actual Startup Time": 96.052,
                                                "Actual Total Time": 96.053,
                                                "Actual Rows": 24410,
                                                "Actual Loops": 1
                                            },
                                            {
                                                "Worker Number": 2,
                                                "Actual Startup Time": 96.244,
                                                "Actual Total Time": 96.245,
                                                "Actual Rows": 23771,
                                                "Actual Loops": 1
                                            }
                                        ],
                                        "Plans": [
                                            {
                                                "Node Type": "Seq Scan",
                                                "Parent Relationship": "Outer",
                                                "Parallel Aware": true,
                                                "Relation Name": "title",
                                                "Schema": "public",
                                                "Alias": "t",
                                                "Startup Cost": 0.0,
                                                "Total Cost": 43899.01,
                                                "Plan Rows": 25199,
                                                "Plan Width": 4,
                                                "Actual Startup Time": 58.705,
                                                "Actual Total Time": 89.148,
                                                "Actual Rows": 25134,
                                                "Actual Loops": 4,
                                                "Output": [
                                                    "t.id"
                                                ],
                                                "Filter": "(t.kind_id = 3)",
                                                "Rows Removed by Filter": 606944,
                                                "Workers": [
                                                    {
                                                        "Worker Number": 0,
                                                        "Actual Startup Time": 54.86,
                                                        "Actual Total Time": 87.164,
                                                        "Actual Rows": 21270,
                                                        "Actual Loops": 1
                                                    },
                                                    {
                                                        "Worker Number": 1,
                                                        "Actual Startup Time": 55.813,
                                                        "Actual Total Time": 88.652,
                                                        "Actual Rows": 24410,
                                                        "Actual Loops": 1
                                                    },
                                                    {
                                                        "Worker Number": 2,
                                                        "Actual Startup Time": 57.896,
                                                        "Actual Total Time": 88.408,
                                                        "Actual Rows": 23771,
                                                        "Actual Loops": 1
                                                    }
                                                ]
                                            }
                                        ]
                                    }
                                ]
                            }
                        ]
                    }
                ]
            }
        ]
    },
    "Planning Time": 0.693,
    "Triggers": [],
    "Execution Time": 303.454
}