[
  {
    "Plan": {
      "Node Type": "Aggregate",
      "Strategy": "Plain",
      "Partial Mode": "Finalize",
      "Parallel Aware": false,
      "Startup Cost": 32184.08,
      "Total Cost": 32184.09,
      "Plan Rows": 1,
      "Plan Width": 8,
      "Actual Startup Time": 149.191,
      "Actual Total Time": 160.146,
      "Actual Rows": 1,
      "Actual Loops": 1,
      "Plans": [
        {
          "Node Type": "Gather",
          "Parent Relationship": "Outer",
          "Parallel Aware": false,
          "Startup Cost": 32183.77,
          "Total Cost": 32184.08,
          "Plan Rows": 3,
          "Plan Width": 8,
          "Actual Startup Time": 149.019,
          "Actual Total Time": 160.133,
          "Actual Rows": 4,
          "Actual Loops": 1,
          "Workers Planned": 3,
          "Workers Launched": 3,
          "Single Copy": false,
          "Plans": [
            {
              "Node Type": "Aggregate",
              "Strategy": "Plain",
              "Partial Mode": "Partial",
              "Parent Relationship": "Outer",
              "Parallel Aware": false,
              "Startup Cost": 31183.77,
              "Total Cost": 31183.78,
              "Plan Rows": 1,
              "Plan Width": 8,
              "Actual Startup Time": 141.514,
              "Actual Total Time": 141.515,
              "Actual Rows": 1,
              "Actual Loops": 4,
              "Plans": [
                {
                  "Node Type": "Seq Scan",
                  "Parent Relationship": "Outer",
                  "Parallel Aware": true,
                  "Relation Name": "movie_companies",
                  "Alias": "mc",
                  "Startup Cost": 0.0,
                  "Total Cost": 29310.68,
                  "Plan Rows": 749234,
                  "Plan Width": 0,
                  "Actual Startup Time": 0.033,
                  "Actual Total Time": 104.798,
                  "Actual Rows": 582014,
                  "Actual Loops": 4,
                  "Filter": "(company_id < 95839)",
                  "Rows Removed by Filter": 70268
                }
              ]
            }
          ]
        }
      ]
    },
    "Planning Time": 0.111,
    "Triggers": [],
    "Execution Time": 160.181
  }
]