[
  {
    "Plan": {
      "Node Type": "Aggregate",
      "Strategy": "Plain",
      "Partial Mode": "Finalize",
      "Parallel Aware": false,
      "Startup Cost": 33205.29,
      "Total Cost": 33205.3,
      "Plan Rows": 1,
      "Plan Width": 8,
      "Actual Startup Time": 114.156,
      "Actual Total Time": 122.859,
      "Actual Rows": 1,
      "Actual Loops": 1,
      "Plans": [
        {
          "Node Type": "Gather",
          "Parent Relationship": "Outer",
          "Parallel Aware": false,
          "Startup Cost": 33204.98,
          "Total Cost": 33205.29,
          "Plan Rows": 3,
          "Plan Width": 8,
          "Actual Startup Time": 113.971,
          "Actual Total Time": 122.849,
          "Actual Rows": 4,
          "Actual Loops": 1,
          "Workers Planned": 3,
          "Workers Launched": 3,
          "Single Copy": false,
          "Plans": [
            {
              "Node Type": "Aggregate",
              "Strategy": "Plain",
              "Partial Mode": "Partial",
              "Parent Relationship": "Outer",
              "Parallel Aware": false,
              "Startup Cost": 32204.98,
              "Total Cost": 32204.99,
              "Plan Rows": 1,
              "Plan Width": 8,
              "Actual Startup Time": 108.2,
              "Actual Total Time": 108.202,
              "Actual Rows": 1,
              "Actual Loops": 4,
              "Plans": [
                {
                  "Node Type": "Seq Scan",
                  "Parent Relationship": "Outer",
                  "Parallel Aware": true,
                  "Relation Name": "movie_companies",
                  "Alias": "mc",
                  "Startup Cost": 0.0,
                  "Total Cost": 31414.82,
                  "Plan Rows": 316063,
                  "Plan Width": 0,
                  "Actual Startup Time": 48.55,
                  "Actual Total Time": 93.434,
                  "Actual Rows": 284524,
                  "Actual Loops": 4,
                  "Filter": "((company_id > 1236) AND (company_type_id = 2))",
                  "Rows Removed by Filter": 367758
                }
              ]
            }
          ]
        }
      ]
    },
    "Planning Time": 0.355,
    "Triggers": [],
    "Execution Time": 122.917
  }
]