[
  {
    "Plan": {
      "Node Type": "Aggregate",
      "Strategy": "Plain",
      "Partial Mode": "Finalize",
      "Parallel Aware": false,
      "Startup Cost": 426853.62,
      "Total Cost": 426853.63,
      "Plan Rows": 1,
      "Plan Width": 8,
      "Actual Startup Time": 1688.512,
      "Actual Total Time": 1744.223,
      "Actual Rows": 1,
      "Actual Loops": 1,
      "Plans": [
        {
          "Node Type": "Gather",
          "Parent Relationship": "Outer",
          "Parallel Aware": false,
          "Startup Cost": 426853.0,
          "Total Cost": 426853.61,
          "Plan Rows": 6,
          "Plan Width": 8,
          "Actual Startup Time": 1669.452,
          "Actual Total Time": 1744.202,
          "Actual Rows": 7,
          "Actual Loops": 1,
          "Workers Planned": 6,
          "Workers Launched": 6,
          "Single Copy": false,
          "Plans": [
            {
              "Node Type": "Aggregate",
              "Strategy": "Plain",
              "Partial Mode": "Partial",
              "Parent Relationship": "Outer",
              "Parallel Aware": false,
              "Startup Cost": 425853.0,
              "Total Cost": 425853.01,
              "Plan Rows": 1,
              "Plan Width": 8,
              "Actual Startup Time": 1658.985,
              "Actual Total Time": 1659.363,
              "Actual Rows": 1,
              "Actual Loops": 7,
              "Plans": [
                {
                  "Node Type": "Hash Join",
                  "Parent Relationship": "Outer",
                  "Parallel Aware": true,
                  "Join Type": "Inner",
                  "Startup Cost": 85755.2,
                  "Total Cost": 423594.65,
                  "Plan Rows": 903338,
                  "Plan Width": 0,
                  "Actual Startup Time": 451.373,
                  "Actual Total Time": 1569.689,
                  "Actual Rows": 2080218,
                  "Actual Loops": 7,
                  "Inner Unique": false,
                  "Hash Cond": "(ci.movie_id = t.id)",
                  "Plans": [
                    {
                      "Node Type": "Seq Scan",
                      "Parent Relationship": "Outer",
                      "Parallel Aware": true,
                      "Relation Name": "cast_info",
                      "Alias": "ci",
                      "Startup Cost": 0.0,
                      "Total Cost": 328211.39,
                      "Plan Rows": 1790420,
                      "Plan Width": 4,
                      "Actual Startup Time": 0.05,
                      "Actual Total Time": 538.841,
                      "Actual Rows": 1540418,
                      "Actual Loops": 7,
                      "Filter": "(person_id < 1058643)",
                      "Rows Removed by Filter": 3637345
                    },
                    {
                      "Node Type": "Hash",
                      "Parent Relationship": "Inner",
                      "Parallel Aware": true,
                      "Startup Cost": 80611.29,
                      "Total Cost": 80611.29,
                      "Plan Rows": 411513,
                      "Plan Width": 8,
                      "Actual Startup Time": 448.029,
                      "Actual Total Time": 448.403,
                      "Actual Rows": 182035,
                      "Actual Loops": 7,
                      "Hash Buckets": 2097152,
                      "Original Hash Buckets": 2097152,
                      "Hash Batches": 1,
                      "Original Hash Batches": 1,
                      "Peak Memory Usage": 66336,
                      "Plans": [
                        {
                          "Node Type": "Hash Join",
                          "Parent Relationship": "Outer",
                          "Parallel Aware": true,
                          "Join Type": "Inner",
                          "Startup Cost": 50220.38,
                          "Total Cost": 80611.29,
                          "Plan Rows": 411513,
                          "Plan Width": 8,
                          "Actual Startup Time": 267.975,
                          "Actual Total Time": 381.592,
                          "Actual Rows": 182035,
                          "Actual Loops": 7,
                          "Inner Unique": true,
                          "Hash Cond": "(mc.movie_id = t.id)",
                          "Plans": [
                            {
                              "Node Type": "Seq Scan",
                              "Parent Relationship": "Outer",
                              "Parallel Aware": true,
                              "Relation Name": "movie_companies",
                              "Alias": "mc",
                              "Startup Cost": 0.0,
                              "Total Cost": 29310.68,
                              "Plan Rows": 411513,
                              "Plan Width": 4,
                              "Actual Startup Time": 0.016,
                              "Actual Total Time": 46.519,
                              "Actual Rows": 182035,
                              "Actual Loops": 7,
                              "Filter": "(company_type_id = 1)",
                              "Rows Removed by Filter": 190698
                            },
                            {
                              "Node Type": "Hash",
                              "Parent Relationship": "Inner",
                              "Parallel Aware": true,
                              "Startup Cost": 42319.06,
                              "Total Cost": 42319.06,
                              "Plan Rows": 632106,
                              "Plan Width": 4,
                              "Actual Startup Time": 263.697,
                              "Actual Total Time": 263.7,
                              "Actual Rows": 361187,
                              "Actual Loops": 7,
                              "Hash Buckets": 4194304,
                              "Original Hash Buckets": 4194304,
                              "Hash Batches": 1,
                              "Original Hash Batches": 1,
                              "Peak Memory Usage": 131840,
                              "Plans": [
                                {
                                  "Node Type": "Seq Scan",
                                  "Parent Relationship": "Outer",
                                  "Parallel Aware": true,
                                  "Relation Name": "title",
                                  "Alias": "t",
                                  "Startup Cost": 0.0,
                                  "Total Cost": 42319.06,
                                  "Plan Rows": 632106,
                                  "Plan Width": 4,
                                  "Actual Startup Time": 0.065,
                                  "Actual Total Time": 73.193,
                                  "Actual Rows": 361187,
                                  "Actual Loops": 7
                                }
                              ]
                            }
                          ]
                        }
                      ]
                    }
                  ]
                }
              ]
            }
          ]
        }
      ]
    },
    "Planning Time": 0.473,
    "Triggers": [],
    "Execution Time": 1744.29
  }
]