[
  {
    "Plan": {
      "Node Type": "Aggregate",
      "Strategy": "Plain",
      "Partial Mode": "Finalize",
      "Parallel Aware": false,
      "Startup Cost": 46594.61,
      "Total Cost": 46594.62,
      "Plan Rows": 1,
      "Plan Width": 8,
      "Actual Startup Time": 204.964,
      "Actual Total Time": 216.051,
      "Actual Rows": 1,
      "Actual Loops": 1,
      "Plans": [
        {
          "Node Type": "Gather",
          "Parent Relationship": "Outer",
          "Parallel Aware": false,
          "Startup Cost": 46594.3,
          "Total Cost": 46594.61,
          "Plan Rows": 3,
          "Plan Width": 8,
          "Actual Startup Time": 204.802,
          "Actual Total Time": 216.04,
          "Actual Rows": 4,
          "Actual Loops": 1,
          "Workers Planned": 3,
          "Workers Launched": 3,
          "Single Copy": false,
          "Plans": [
            {
              "Node Type": "Aggregate",
              "Strategy": "Plain",
              "Partial Mode": "Partial",
              "Parent Relationship": "Outer",
              "Parallel Aware": false,
              "Startup Cost": 45594.3,
              "Total Cost": 45594.31,
              "Plan Rows": 1,
              "Plan Width": 8,
              "Actual Startup Time": 199.06,
              "Actual Total Time": 199.062,
              "Actual Rows": 1,
              "Actual Loops": 4,
              "Plans": [
                {
                  "Node Type": "Seq Scan",
                  "Parent Relationship": "Outer",
                  "Parallel Aware": true,
                  "Relation Name": "movie_keyword",
                  "Alias": "mk",
                  "Startup Cost": 0.0,
                  "Total Cost": 42695.65,
                  "Plan Rows": 1159457,
                  "Plan Width": 0,
                  "Actual Startup Time": 0.04,
                  "Actual Total Time": 147.426,
                  "Actual Rows": 901417,
                  "Actual Loops": 4,
                  "Filter": "(keyword_id < 20330)",
                  "Rows Removed by Filter": 229566
                }
              ]
            }
          ]
        }
      ]
    },
    "Planning Time": 0.235,
    "Triggers": [],
    "Execution Time": 216.114
  }
]