[
  {
    "Plan": {
      "Node Type": "Aggregate",
      "Strategy": "Plain",
      "Partial Mode": "Finalize",
      "Parallel Aware": false,
      "Startup Cost": 80843.17,
      "Total Cost": 80843.18,
      "Plan Rows": 1,
      "Plan Width": 8,
      "Actual Startup Time": 509.062,
      "Actual Total Time": 527.059,
      "Actual Rows": 1,
      "Actual Loops": 1,
      "Plans": [
        {
          "Node Type": "Gather",
          "Parent Relationship": "Outer",
          "Parallel Aware": false,
          "Startup Cost": 80842.85,
          "Total Cost": 80843.16,
          "Plan Rows": 3,
          "Plan Width": 8,
          "Actual Startup Time": 500.715,
          "Actual Total Time": 527.05,
          "Actual Rows": 4,
          "Actual Loops": 1,
          "Workers Planned": 3,
          "Workers Launched": 3,
          "Single Copy": false,
          "Plans": [
            {
              "Node Type": "Aggregate",
              "Strategy": "Plain",
              "Partial Mode": "Partial",
              "Parent Relationship": "Outer",
              "Parallel Aware": false,
              "Startup Cost": 79842.85,
              "Total Cost": 79842.86,
              "Plan Rows": 1,
              "Plan Width": 8,
              "Actual Startup Time": 479.612,
              "Actual Total Time": 479.617,
              "Actual Rows": 1,
              "Actual Loops": 4,
              "Plans": [
                {
                  "Node Type": "Hash Join",
                  "Parent Relationship": "Outer",
                  "Parallel Aware": true,
                  "Join Type": "Inner",
                  "Startup Cost": 58791.58,
                  "Total Cost": 79678.88,
                  "Plan Rows": 65591,
                  "Plan Width": 0,
                  "Actual Startup Time": 401.915,
                  "Actual Total Time": 474.286,
                  "Actual Rows": 99366,
                  "Actual Loops": 4,
                  "Inner Unique": true,
                  "Hash Cond": "(mc.movie_id = t.id)",
                  "Plans": [
                    {
                      "Node Type": "Bitmap Heap Scan",
                      "Parent Relationship": "Outer",
                      "Parallel Aware": true,
                      "Relation Name": "movie_companies",
                      "Alias": "mc",
                      "Startup Cost": 8571.2,
                      "Total Cost": 29286.32,
                      "Plan Rows": 65591,
                      "Plan Width": 4,
                      "Actual Startup Time": 17.367,
                      "Actual Total Time": 43.193,
                      "Actual Rows": 99366,
                      "Actual Loops": 4,
                      "Recheck Cond": "(company_id > 82560)",
                      "Rows Removed by Index Recheck": 0,
                      "Filter": "(company_type_id = 2)",
                      "Rows Removed by Filter": 0,
                      "Exact Heap Blocks": 2048,
                      "Lossy Heap Blocks": 0,
                      "Plans": [
                        {
                          "Node Type": "Bitmap Index Scan",
                          "Parent Relationship": "Outer",
                          "Parallel Aware": false,
                          "Index Name": "company_id_movie_companies",
                          "Startup Cost": 0.0,
                          "Total Cost": 8520.36,
                          "Plan Rows": 397858,
                          "Plan Width": 0,
                          "Actual Startup Time": 16.5,
                          "Actual Total Time": 16.501,
                          "Actual Rows": 397462,
                          "Actual Loops": 1,
                          "Index Cond": "(company_id > 82560)"
                        }
                      ]
                    },
                    {
                      "Node Type": "Hash",
                      "Parent Relationship": "Inner",
                      "Parallel Aware": true,
                      "Startup Cost": 42319.06,
                      "Total Cost": 42319.06,
                      "Plan Rows": 632106,
                      "Plan Width": 4,
                      "Actual Startup Time": 372.802,
                      "Actual Total Time": 372.803,
                      "Actual Rows": 632078,
                      "Actual Loops": 4,
                      "Hash Buckets": 4194304,
                      "Original Hash Buckets": 4194304,
                      "Hash Batches": 1,
                      "Original Hash Batches": 1,
                      "Peak Memory Usage": 131712,
                      "Plans": [
                        {
                          "Node Type": "Seq Scan",
                          "Parent Relationship": "Outer",
                          "Parallel Aware": true,
                          "Relation Name": "title",
                          "Alias": "t",
                          "Startup Cost": 0.0,
                          "Total Cost": 42319.06,
                          "Plan Rows": 632106,
                          "Plan Width": 4,
                          "Actual Startup Time": 0.048,
                          "Actual Total Time": 112.388,
                          "Actual Rows": 632078,
                          "Actual Loops": 4
                        }
                      ]
                    }
                  ]
                }
              ]
            }
          ]
        }
      ]
    },
    "Planning Time": 0.673,
    "Triggers": [],
    "Execution Time": 527.153
  }
]