[
  {
    "Plan": {
      "Node Type": "Aggregate",
      "Strategy": "Plain",
      "Partial Mode": "Finalize",
      "Parallel Aware": false,
      "Startup Cost": 44497.4,
      "Total Cost": 44497.41,
      "Plan Rows": 1,
      "Plan Width": 8,
      "Actual Startup Time": 117.818,
      "Actual Total Time": 126.566,
      "Actual Rows": 1,
      "Actual Loops": 1,
      "Plans": [
        {
          "Node Type": "Gather",
          "Parent Relationship": "Outer",
          "Parallel Aware": false,
          "Startup Cost": 44497.09,
          "Total Cost": 44497.4,
          "Plan Rows": 3,
          "Plan Width": 8,
          "Actual Startup Time": 117.707,
          "Actual Total Time": 126.557,
          "Actual Rows": 4,
          "Actual Loops": 1,
          "Workers Planned": 3,
          "Workers Launched": 3,
          "Single Copy": false,
          "Plans": [
            {
              "Node Type": "Aggregate",
              "Strategy": "Plain",
              "Partial Mode": "Partial",
              "Parent Relationship": "Outer",
              "Parallel Aware": false,
              "Startup Cost": 43497.09,
              "Total Cost": 43497.1,
              "Plan Rows": 1,
              "Plan Width": 8,
              "Actual Startup Time": 111.791,
              "Actual Total Time": 111.792,
              "Actual Rows": 1,
              "Actual Loops": 4,
              "Plans": [
                {
                  "Node Type": "Seq Scan",
                  "Parent Relationship": "Outer",
                  "Parallel Aware": true,
                  "Relation Name": "movie_keyword",
                  "Alias": "mk",
                  "Startup Cost": 0.0,
                  "Total Cost": 42695.65,
                  "Plan Rows": 320573,
                  "Plan Width": 0,
                  "Actual Startup Time": 2.877,
                  "Actual Total Time": 99.981,
                  "Actual Rows": 245912,
                  "Actual Loops": 4,
                  "Filter": "(keyword_id > 18824)",
                  "Rows Removed by Filter": 885070
                }
              ]
            }
          ]
        }
      ]
    },
    "Planning Time": 0.145,
    "Triggers": [],
    "Execution Time": 126.612
  }
]