{
  "Plan": {
    "Node Type": "Aggregate",
    "Strategy": "Plain",
    "Partial Mode": "Simple",
    "Parallel Aware": false,
    "Startup Cost": 2964.45,
    "Total Cost": 2964.46,
    "Plan Rows": 1,
    "Plan Width": 8,
    "Actual Startup Time": 56.404,
    "Actual Total Time": 56.405,
    "Actual Rows": 1,
    "Actual Loops": 1,
    "Plans": [
      {
        "Node Type": "Nested Loop",
        "Parent Relationship": "Outer",
        "Parallel Aware": false,
        "Join Type": "Inner",
        "Startup Cost": 7.21,
        "Total Cost": 2964.14,
        "Plan Rows": 126,
        "Plan Width": 0,
        "Actual Startup Time": 0.451,
        "Actual Total Time": 55.851,
        "Actual Rows": 5586,
        "Actual Loops": 1,
        "Inner Unique": false,
        "Plans": [
          {
            "Node Type": "Nested Loop",
            "Parent Relationship": "Outer",
            "Parallel Aware": false,
            "Join Type": "Inner",
            "Startup Cost": 6.64,
            "Total Cost": 2737.98,
            "Plan Rows": 64,
            "Plan Width": 8,
            "Actual Startup Time": 0.097,
            "Actual Total Time": 2.364,
            "Actual Rows": 233,
            "Actual Loops": 1,
            "Inner Unique": true,
            "Plans": [
              {
                "Node Type": "Bitmap Heap Scan",
                "Parent Relationship": "Outer",
                "Parallel Aware": false,
                "Relation Name": "movie_info_idx",
                "Alias": "mi_idx",
                "Startup Cost": 6.21,
                "Total Cost": 801.9,
                "Plan Rows": 230,
                "Plan Width": 4,
                "Actual Startup Time": 0.066,
                "Actual Total Time": 0.109,
                "Actual Rows": 260,
                "Actual Loops": 1,
                "Recheck Cond": "(info_type_id > 101)",
                "Rows Removed by Index Recheck": 0,
                "Exact Heap Blocks": 2,
                "Lossy Heap Blocks": 0,
                "Plans": [
                  {
                    "Node Type": "Bitmap Index Scan",
                    "Parent Relationship": "Outer",
                    "Parallel Aware": false,
                    "Index Name": "info_type_id_movie_info_idx",
                    "Startup Cost": 0.0,
                    "Total Cost": 6.15,
                    "Plan Rows": 230,
                    "Plan Width": 0,
                    "Actual Startup Time": 0.043,
                    "Actual Total Time": 0.043,
                    "Actual Rows": 260,
                    "Actual Loops": 1,
                    "Index Cond": "(info_type_id > 101)"
                  }
                ]
              },
              {
                "Node Type": "Index Scan",
                "Parent Relationship": "Inner",
                "Parallel Aware": false,
                "Scan Direction": "Forward",
                "Index Name": "title_pkey",
                "Relation Name": "title",
                "Alias": "t",
                "Startup Cost": 0.43,
                "Total Cost": 8.42,
                "Plan Rows": 1,
                "Plan Width": 4,
                "Actual Startup Time": 0.008,
                "Actual Total Time": 0.008,
                "Actual Rows": 1,
                "Actual Loops": 260,
                "Index Cond": "(id = mi_idx.movie_id)",
                "Rows Removed by Index Recheck": 0,
                "Filter": "((kind_id < 7) AND (production_year < 2009))",
                "Rows Removed by Filter": 0
              }
            ]
          },
          {
            "Node Type": "Index Scan",
            "Parent Relationship": "Inner",
            "Parallel Aware": false,
            "Scan Direction": "Forward",
            "Index Name": "movie_id_cast_info",
            "Relation Name": "cast_info",
            "Alias": "ci",
            "Startup Cost": 0.56,
            "Total Cost": 3.48,
            "Plan Rows": 5,
            "Plan Width": 4,
            "Actual Startup Time": 0.153,
            "Actual Total Time": 0.226,
            "Actual Rows": 24,
            "Actual Loops": 233,
            "Index Cond": "(movie_id = t.id)",
            "Rows Removed by Index Recheck": 0,
            "Filter": "(person_id > 3199438)",
            "Rows Removed by Filter": 87
          }
        ]
      }
    ]
  },
  "Planning Time": 0.974,
  "Triggers": [],
  "Execution Time": 56.521
}