[
    {
        "Bao": {
            "Bao prediction": "NaN",
            "Bao recommended hint": "(no hint)"
        }
    },
    {
        "Plan": {
            "Node Type": "Aggregate",
            "Strategy": "Plain",
            "Partial Mode": "Finalize",
            "Parallel Aware": false,
            "Startup Cost": 349604.52,
            "Total Cost": 349604.53,
            "Plan Rows": 1,
            "Plan Width": 8,
            "Actual Startup Time": 282.839,
            "Actual Total Time": 314.142,
            "Actual Rows": 1,
            "Actual Loops": 1,
            "Output": [
                "count(*)"
            ],
            "Plans": [
                {
                    "Node Type": "Gather",
                    "Parent Relationship": "Outer",
                    "Parallel Aware": false,
                    "Startup Cost": 349604.1,
                    "Total Cost": 349604.51,
                    "Plan Rows": 4,
                    "Plan Width": 8,
                    "Actual Startup Time": 282.713,
                    "Actual Total Time": 314.121,
                    "Actual Rows": 5,
                    "Actual Loops": 1,
                    "Output": [
                        "(PARTIAL count(*))"
                    ],
                    "Workers Planned": 4,
                    "Workers Launched": 4,
                    "Single Copy": false,
                    "Plans": [
                        {
                            "Node Type": "Aggregate",
                            "Strategy": "Plain",
                            "Partial Mode": "Partial",
                            "Parent Relationship": "Outer",
                            "Parallel Aware": false,
                            "Startup Cost": 348604.1,
                            "Total Cost": 348604.11,
                            "Plan Rows": 1,
                            "Plan Width": 8,
                            "Actual Startup Time": 273.084,
                            "Actual Total Time": 273.085,
                            "Actual Rows": 1,
                            "Actual Loops": 5,
                            "Output": [
                                "PARTIAL count(*)"
                            ],
                            "Workers": [
                                {
                                    "Worker Number": 0,
                                    "Actual Startup Time": 270.479,
                                    "Actual Total Time": 270.48,
                                    "Actual Rows": 1,
                                    "Actual Loops": 1
                                },
                                {
                                    "Worker Number": 1,
                                    "Actual Startup Time": 270.687,
                                    "Actual Total Time": 270.688,
                                    "Actual Rows": 1,
                                    "Actual Loops": 1
                                },
                                {
                                    "Worker Number": 2,
                                    "Actual Startup Time": 270.48,
                                    "Actual Total Time": 270.481,
                                    "Actual Rows": 1,
                                    "Actual Loops": 1
                                },
                                {
                                    "Worker Number": 3,
                                    "Actual Startup Time": 271.387,
                                    "Actual Total Time": 271.389,
                                    "Actual Rows": 1,
                                    "Actual Loops": 1
                                }
                            ],
                            "Plans": [
                                {
                                    "Node Type": "Nested Loop",
                                    "Parent Relationship": "Outer",
                                    "Parallel Aware": false,
                                    "Join Type": "Inner",
                                    "Startup Cost": 0.56,
                                    "Total Cost": 348505.44,
                                    "Plan Rows": 39466,
                                    "Plan Width": 0,
                                    "Actual Startup Time": 1.126,
                                    "Actual Total Time": 270.827,
                                    "Actual Rows": 34828,
                                    "Actual Loops": 5,
                                    "Inner Unique": false,
                                    "Workers": [
                                        {
                                            "Worker Number": 0,
                                            "Actual Startup Time": 2.275,
                                            "Actual Total Time": 268.373,
                                            "Actual Rows": 27854,
                                            "Actual Loops": 1
                                        },
                                        {
                                            "Worker Number": 1,
                                            "Actual Startup Time": 1.315,
                                            "Actual Total Time": 268.615,
                                            "Actual Rows": 27458,
                                            "Actual Loops": 1
                                        },
                                        {
                                            "Worker Number": 2,
                                            "Actual Startup Time": 0.612,
                                            "Actual Total Time": 268.392,
                                            "Actual Rows": 27803,
                                            "Actual Loops": 1
                                        },
                                        {
                                            "Worker Number": 3,
                                            "Actual Startup Time": 1.317,
                                            "Actual Total Time": 269.353,
                                            "Actual Rows": 26650,
                                            "Actual Loops": 1
                                        }
                                    ],
                                    "Plans": [
                                        {
                                            "Node Type": "Seq Scan",
                                            "Parent Relationship": "Outer",
                                            "Parallel Aware": true,
                                            "Relation Name": "title",
                                            "Schema": "public",
                                            "Alias": "t",
                                            "Startup Cost": 0.0,
                                            "Total Cost": 45479.21,
                                            "Plan Rows": 10104,
                                            "Plan Width": 4,
                                            "Actual Startup Time": 0.05,
                                            "Actual Total Time": 57.69,
                                            "Actual Rows": 8387,
                                            "Actual Loops": 5,
                                            "Output": [
                                                "t.id",
                                                "t.title",
                                                "t.imdb_index",
                                                "t.kind_id",
                                                "t.production_year",
                                                "t.imdb_id",
                                                "t.phonetic_code",
                                                "t.episode_of_id",
                                                "t.season_nr",
                                                "t.episode_nr",
                                                "t.series_years",
                                                "t.md5sum"
                                            ],
                                            "Filter": "((t.kind_id = 7) AND (t.production_year = 2002))",
                                            "Rows Removed by Filter": 497275,
                                            "Workers": [
                                                {
                                                    "Worker Number": 0,
                                                    "Actual Startup Time": 0.06,
                                                    "Actual Total Time": 53.377,
                                                    "Actual Rows": 6604,
                                                    "Actual Loops": 1
                                                },
                                                {
                                                    "Worker Number": 1,
                                                    "Actual Startup Time": 0.097,
                                                    "Actual Total Time": 53.934,
                                                    "Actual Rows": 6645,
                                                    "Actual Loops": 1
                                                },
                                                {
                                                    "Worker Number": 2,
                                                    "Actual Startup Time": 0.043,
                                                    "Actual Total Time": 53.462,
                                                    "Actual Rows": 6518,
                                                    "Actual Loops": 1
                                                },
                                                {
                                                    "Worker Number": 3,
                                                    "Actual Startup Time": 0.039,
                                                    "Actual Total Time": 54.632,
                                                    "Actual Rows": 6553,
                                                    "Actual Loops": 1
                                                }
                                            ]
                                        },
                                        {
                                            "Node Type": "Index Scan",
                                            "Parent Relationship": "Inner",
                                            "Parallel Aware": false,
                                            "Scan Direction": "Forward",
                                            "Index Name": "movie_id_cast_info",
                                            "Relation Name": "cast_info",
                                            "Schema": "public",
                                            "Alias": "ci",
                                            "Startup Cost": 0.56,
                                            "Total Cost": 29.89,
                                            "Plan Rows": 10,
                                            "Plan Width": 4,
                                            "Actual Startup Time": 0.018,
                                            "Actual Total Time": 0.025,
                                            "Actual Rows": 4,
                                            "Actual Loops": 41935,
                                            "Output": [
                                                "ci.id",
                                                "ci.person_id",
                                                "ci.movie_id",
                                                "ci.person_role_id",
                                                "ci.note",
                                                "ci.nr_order",
                                                "ci.role_id"
                                            ],
                                            "Index Cond": "(ci.movie_id = t.id)",
                                            "Rows Removed by Index Recheck": 0,
                                            "Filter": "((ci.person_id > 1366343) AND (ci.role_id > 2))",
                                            "Rows Removed by Filter": 9,
                                            "Workers": [
                                                {
                                                    "Worker Number": 0,
                                                    "Actual Startup Time": 0.023,
                                                    "Actual Total Time": 0.032,
                                                    "Actual Rows": 4,
                                                    "Actual Loops": 6604
                                                },
                                                {
                                                    "Worker Number": 1,
                                                    "Actual Startup Time": 0.023,
                                                    "Actual Total Time": 0.032,
                                                    "Actual Rows": 4,
                                                    "Actual Loops": 6645
                                                },
                                                {
                                                    "Worker Number": 2,
                                                    "Actual Startup Time": 0.023,
                                                    "Actual Total Time": 0.032,
                                                    "Actual Rows": 4,
                                                    "Actual Loops": 6518
                                                },
                                                {
                                                    "Worker Number": 3,
                                                    "Actual Startup Time": 0.023,
                                                    "Actual Total Time": 0.032,
                                                    "Actual Rows": 4,
                                                    "Actual Loops": 6553
                                                }
                                            ]
                                        }
                                    ]
                                }
                            ]
                        }
                    ]
                }
            ]
        },
        "Planning Time": 182.729,
        "Triggers": [],
        "Execution Time": 314.205
    }
]