[
  {
    "Plan": {
      "Node Type": "Aggregate",
      "Strategy": "Plain",
      "Partial Mode": "Finalize",
      "Parallel Aware": false,
      "Startup Cost": 45740.9,
      "Total Cost": 45740.91,
      "Plan Rows": 1,
      "Plan Width": 8,
      "Actual Startup Time": 159.685,
      "Actual Total Time": 165.874,
      "Actual Rows": 1,
      "Actual Loops": 1,
      "Plans": [
        {
          "Node Type": "Gather",
          "Parent Relationship": "Outer",
          "Parallel Aware": false,
          "Startup Cost": 45740.58,
          "Total Cost": 45740.89,
          "Plan Rows": 3,
          "Plan Width": 8,
          "Actual Startup Time": 159.589,
          "Actual Total Time": 165.867,
          "Actual Rows": 4,
          "Actual Loops": 1,
          "Workers Planned": 3,
          "Workers Launched": 3,
          "Single Copy": false,
          "Plans": [
            {
              "Node Type": "Aggregate",
              "Strategy": "Plain",
              "Partial Mode": "Partial",
              "Parent Relationship": "Outer",
              "Parallel Aware": false,
              "Startup Cost": 44740.58,
              "Total Cost": 44740.59,
              "Plan Rows": 1,
              "Plan Width": 8,
              "Actual Startup Time": 152.576,
              "Actual Total Time": 152.577,
              "Actual Rows": 1,
              "Actual Loops": 4,
              "Plans": [
                {
                  "Node Type": "Seq Scan",
                  "Parent Relationship": "Outer",
                  "Parallel Aware": true,
                  "Relation Name": "movie_keyword",
                  "Alias": "mk",
                  "Startup Cost": 0.0,
                  "Total Cost": 42695.65,
                  "Plan Rows": 817971,
                  "Plan Width": 0,
                  "Actual Startup Time": 0.046,
                  "Actual Total Time": 119.466,
                  "Actual Rows": 639395,
                  "Actual Loops": 4,
                  "Filter": "(keyword_id < 6442)",
                  "Rows Removed by Filter": 491587
                }
              ]
            }
          ]
        }
      ]
    },
    "Planning Time": 0.163,
    "Triggers": [],
    "Execution Time": 165.915
  }
]