[
  {
    "Plan": {
      "Node Type": "Aggregate",
      "Strategy": "Plain",
      "Partial Mode": "Finalize",
      "Parallel Aware": false,
      "Startup Cost": 46843.14,
      "Total Cost": 46843.15,
      "Plan Rows": 1,
      "Plan Width": 8,
      "Actual Startup Time": 121.36,
      "Actual Total Time": 138.259,
      "Actual Rows": 1,
      "Actual Loops": 1,
      "Plans": [
        {
          "Node Type": "Gather",
          "Parent Relationship": "Outer",
          "Parallel Aware": false,
          "Startup Cost": 46842.72,
          "Total Cost": 46843.13,
          "Plan Rows": 4,
          "Plan Width": 8,
          "Actual Startup Time": 121.157,
          "Actual Total Time": 138.245,
          "Actual Rows": 5,
          "Actual Loops": 1,
          "Workers Planned": 4,
          "Workers Launched": 4,
          "Single Copy": false,
          "Plans": [
            {
              "Node Type": "Aggregate",
              "Strategy": "Plain",
              "Partial Mode": "Partial",
              "Parent Relationship": "Outer",
              "Parallel Aware": false,
              "Startup Cost": 45842.72,
              "Total Cost": 45842.73,
              "Plan Rows": 1,
              "Plan Width": 8,
              "Actual Startup Time": 112.94,
              "Actual Total Time": 112.942,
              "Actual Rows": 1,
              "Actual Loops": 5,
              "Plans": [
                {
                  "Node Type": "Seq Scan",
                  "Parent Relationship": "Outer",
                  "Parallel Aware": true,
                  "Relation Name": "title",
                  "Alias": "t",
                  "Startup Cost": 0.0,
                  "Total Cost": 45479.59,
                  "Plan Rows": 145255,
                  "Plan Width": 0,
                  "Actual Startup Time": 0.058,
                  "Actual Total Time": 106.705,
                  "Actual Rows": 91535,
                  "Actual Loops": 5,
                  "Filter": "((kind_id < 3) AND (production_year > 1980))",
                  "Rows Removed by Filter": 414128
                }
              ]
            }
          ]
        }
      ]
    },
    "Planning Time": 0.191,
    "Triggers": [],
    "Execution Time": 138.324
  }
]