[
  {
    "Plan": {
      "Node Type": "Aggregate",
      "Strategy": "Plain",
      "Partial Mode": "Finalize",
      "Parallel Aware": false,
      "Startup Cost": 46053.8,
      "Total Cost": 46053.81,
      "Plan Rows": 1,
      "Plan Width": 8,
      "Actual Startup Time": 130.498,
      "Actual Total Time": 142.482,
      "Actual Rows": 1,
      "Actual Loops": 1,
      "Plans": [
        {
          "Node Type": "Gather",
          "Parent Relationship": "Outer",
          "Parallel Aware": false,
          "Startup Cost": 46053.38,
          "Total Cost": 46053.79,
          "Plan Rows": 4,
          "Plan Width": 8,
          "Actual Startup Time": 130.285,
          "Actual Total Time": 142.471,
          "Actual Rows": 5,
          "Actual Loops": 1,
          "Workers Planned": 4,
          "Workers Launched": 4,
          "Single Copy": false,
          "Plans": [
            {
              "Node Type": "Aggregate",
              "Strategy": "Plain",
              "Partial Mode": "Partial",
              "Parent Relationship": "Outer",
              "Parallel Aware": false,
              "Startup Cost": 45053.38,
              "Total Cost": 45053.39,
              "Plan Rows": 1,
              "Plan Width": 8,
              "Actual Startup Time": 123.443,
              "Actual Total Time": 123.444,
              "Actual Rows": 1,
              "Actual Loops": 5,
              "Plans": [
                {
                  "Node Type": "Seq Scan",
                  "Parent Relationship": "Outer",
                  "Parallel Aware": true,
                  "Relation Name": "title",
                  "Alias": "t",
                  "Startup Cost": 0.0,
                  "Total Cost": 43899.32,
                  "Plan Rows": 461625,
                  "Plan Width": 0,
                  "Actual Startup Time": 0.042,
                  "Actual Total Time": 102.026,
                  "Actual Rows": 366673,
                  "Actual Loops": 5,
                  "Filter": "(production_year > 1986)",
                  "Rows Removed by Filter": 138989
                }
              ]
            }
          ]
        }
      ]
    },
    "Planning Time": 0.084,
    "Triggers": [],
    "Execution Time": 142.516
  }
]