[
  {
    "Plan": {
      "Node Type": "Aggregate",
      "Strategy": "Plain",
      "Partial Mode": "Finalize",
      "Parallel Aware": false,
      "Startup Cost": 30952.69,
      "Total Cost": 30952.7,
      "Plan Rows": 1,
      "Plan Width": 8,
      "Actual Startup Time": 88.142,
      "Actual Total Time": 95.772,
      "Actual Rows": 1,
      "Actual Loops": 1,
      "Plans": [
        {
          "Node Type": "Gather",
          "Parent Relationship": "Outer",
          "Parallel Aware": false,
          "Startup Cost": 30952.37,
          "Total Cost": 30952.68,
          "Plan Rows": 3,
          "Plan Width": 8,
          "Actual Startup Time": 87.975,
          "Actual Total Time": 95.761,
          "Actual Rows": 4,
          "Actual Loops": 1,
          "Workers Planned": 3,
          "Workers Launched": 3,
          "Single Copy": false,
          "Plans": [
            {
              "Node Type": "Aggregate",
              "Strategy": "Plain",
              "Partial Mode": "Partial",
              "Parent Relationship": "Outer",
              "Parallel Aware": false,
              "Startup Cost": 29952.37,
              "Total Cost": 29952.38,
              "Plan Rows": 1,
              "Plan Width": 8,
              "Actual Startup Time": 82.657,
              "Actual Total Time": 82.659,
              "Actual Rows": 1,
              "Actual Loops": 4,
              "Plans": [
                {
                  "Node Type": "Seq Scan",
                  "Parent Relationship": "Outer",
                  "Parallel Aware": true,
                  "Relation Name": "movie_companies",
                  "Alias": "mc",
                  "Startup Cost": 0.0,
                  "Total Cost": 29310.68,
                  "Plan Rows": 256676,
                  "Plan Width": 0,
                  "Actual Startup Time": 0.044,
                  "Actual Total Time": 71.885,
                  "Actual Rows": 198488,
                  "Actual Loops": 4,
                  "Filter": "(company_id < 1715)",
                  "Rows Removed by Filter": 453794
                }
              ]
            }
          ]
        }
      ]
    },
    "Planning Time": 0.095,
    "Triggers": [],
    "Execution Time": 95.804
  }
]