[
  {
    "Plan": {
      "Node Type": "Aggregate",
      "Strategy": "Plain",
      "Partial Mode": "Finalize",
      "Parallel Aware": false,
      "Startup Cost": 46725.08,
      "Total Cost": 46725.09,
      "Plan Rows": 1,
      "Plan Width": 8,
      "Actual Startup Time": 108.414,
      "Actual Total Time": 121.379,
      "Actual Rows": 1,
      "Actual Loops": 1,
      "Plans": [
        {
          "Node Type": "Gather",
          "Parent Relationship": "Outer",
          "Parallel Aware": false,
          "Startup Cost": 46724.66,
          "Total Cost": 46725.07,
          "Plan Rows": 4,
          "Plan Width": 8,
          "Actual Startup Time": 108.234,
          "Actual Total Time": 121.366,
          "Actual Rows": 5,
          "Actual Loops": 1,
          "Workers Planned": 4,
          "Workers Launched": 4,
          "Single Copy": false,
          "Plans": [
            {
              "Node Type": "Aggregate",
              "Strategy": "Plain",
              "Partial Mode": "Partial",
              "Parent Relationship": "Outer",
              "Parallel Aware": false,
              "Startup Cost": 45724.66,
              "Total Cost": 45724.67,
              "Plan Rows": 1,
              "Plan Width": 8,
              "Actual Startup Time": 98.599,
              "Actual Total Time": 98.6,
              "Actual Rows": 1,
              "Actual Loops": 5,
              "Plans": [
                {
                  "Node Type": "Seq Scan",
                  "Parent Relationship": "Outer",
                  "Parallel Aware": true,
                  "Relation Name": "title",
                  "Alias": "t",
                  "Startup Cost": 0.0,
                  "Total Cost": 45479.59,
                  "Plan Rows": 98031,
                  "Plan Width": 0,
                  "Actual Startup Time": 0.059,
                  "Actual Total Time": 93.239,
                  "Actual Rows": 80237,
                  "Actual Loops": 5,
                  "Filter": "((kind_id > 1) AND (production_year > 2009))",
                  "Rows Removed by Filter": 425425
                }
              ]
            }
          ]
        }
      ]
    },
    "Planning Time": 0.169,
    "Triggers": [],
    "Execution Time": 121.435
  }
]