{
  "Plan": {
    "Node Type": "Aggregate",
    "Strategy": "Plain",
    "Partial Mode": "Finalize",
    "Parallel Aware": false,
    "Startup Cost": 354718.45,
    "Total Cost": 354718.46,
    "Plan Rows": 1,
    "Plan Width": 8,
    "Actual Startup Time": 2976.195,
    "Actual Total Time": 3025.92,
    "Actual Rows": 1,
    "Actual Loops": 1,
    "Plans": [
      {
        "Node Type": "Gather",
        "Parent Relationship": "Outer",
        "Parallel Aware": false,
        "Startup Cost": 354718.34,
        "Total Cost": 354718.45,
        "Plan Rows": 1,
        "Plan Width": 8,
        "Actual Startup Time": 2973.221,
        "Actual Total Time": 3025.912,
        "Actual Rows": 2,
        "Actual Loops": 1,
        "Workers Planned": 1,
        "Workers Launched": 1,
        "Single Copy": false,
        "Plans": [
          {
            "Node Type": "Aggregate",
            "Strategy": "Plain",
            "Partial Mode": "Partial",
            "Parent Relationship": "Outer",
            "Parallel Aware": false,
            "Startup Cost": 353718.34,
            "Total Cost": 353718.35,
            "Plan Rows": 1,
            "Plan Width": 8,
            "Actual Startup Time": 2965.254,
            "Actual Total Time": 2965.258,
            "Actual Rows": 1,
            "Actual Loops": 2,
            "Plans": [
              {
                "Node Type": "Hash Join",
                "Parent Relationship": "Outer",
                "Parallel Aware": true,
                "Join Type": "Inner",
                "Startup Cost": 69197.84,
                "Total Cost": 340981.33,
                "Plan Rows": 5094803,
                "Plan Width": 0,
                "Actual Startup Time": 372.366,
                "Actual Total Time": 2869.889,
                "Actual Rows": 2025930,
                "Actual Loops": 2,
                "Inner Unique": true,
                "Hash Cond": "(mi.movie_id = t.id)",
                "Plans": [
                  {
                    "Node Type": "Seq Scan",
                    "Parent Relationship": "Outer",
                    "Parallel Aware": true,
                    "Relation Name": "movie_info",
                    "Alias": "mi",
                    "Startup Cost": 0.0,
                    "Total Cost": 248955.74,
                    "Plan Rows": 8696274,
                    "Plan Width": 4,
                    "Actual Startup Time": 0.022,
                    "Actual Total Time": 715.135,
                    "Actual Rows": 7417860,
                    "Actual Loops": 2
                  },
                  {
                    "Node Type": "Hash",
                    "Parent Relationship": "Inner",
                    "Parallel Aware": true,
                    "Startup Cost": 58306.47,
                    "Total Cost": 58306.47,
                    "Plan Rows": 871310,
                    "Plan Width": 4,
                    "Actual Startup Time": 357.794,
                    "Actual Total Time": 357.794,
                    "Actual Rows": 745436,
                    "Actual Loops": 2,
                    "Hash Buckets": 2097152,
                    "Original Hash Buckets": 2097152,
                    "Hash Batches": 1,
                    "Original Hash Batches": 1,
                    "Peak Memory Usage": 74752,
                    "Plans": [
                      {
                        "Node Type": "Seq Scan",
                        "Parent Relationship": "Outer",
                        "Parallel Aware": true,
                        "Relation Name": "title",
                        "Alias": "t",
                        "Startup Cost": 0.0,
                        "Total Cost": 58306.47,
                        "Plan Rows": 871310,
                        "Plan Width": 4,
                        "Actual Startup Time": 0.03,
                        "Actual Total Time": 169.489,
                        "Actual Rows": 745436,
                        "Actual Loops": 2,
                        "Filter": "((kind_id > 4) AND (production_year > 1912))",
                        "Rows Removed by Filter": 518720
                      }
                    ]
                  }
                ]
              }
            ]
          }
        ]
      }
    ]
  },
  "Planning Time": 0.681,
  "Triggers": [],
  "Execution Time": 3025.994
}