[
  {
    "Plan": {
      "Node Type": "Aggregate",
      "Strategy": "Plain",
      "Partial Mode": "Finalize",
      "Parallel Aware": false,
      "Startup Cost": 31608.65,
      "Total Cost": 31608.66,
      "Plan Rows": 1,
      "Plan Width": 8,
      "Actual Startup Time": 113.076,
      "Actual Total Time": 121.394,
      "Actual Rows": 1,
      "Actual Loops": 1,
      "Plans": [
        {
          "Node Type": "Gather",
          "Parent Relationship": "Outer",
          "Parallel Aware": false,
          "Startup Cost": 31608.33,
          "Total Cost": 31608.64,
          "Plan Rows": 3,
          "Plan Width": 8,
          "Actual Startup Time": 112.973,
          "Actual Total Time": 121.386,
          "Actual Rows": 4,
          "Actual Loops": 1,
          "Workers Planned": 3,
          "Workers Launched": 3,
          "Single Copy": false,
          "Plans": [
            {
              "Node Type": "Aggregate",
              "Strategy": "Plain",
              "Partial Mode": "Partial",
              "Parent Relationship": "Outer",
              "Parallel Aware": false,
              "Startup Cost": 30608.33,
              "Total Cost": 30608.34,
              "Plan Rows": 1,
              "Plan Width": 8,
              "Actual Startup Time": 107.363,
              "Actual Total Time": 107.364,
              "Actual Rows": 1,
              "Actual Loops": 4,
              "Plans": [
                {
                  "Node Type": "Seq Scan",
                  "Parent Relationship": "Outer",
                  "Parallel Aware": true,
                  "Relation Name": "movie_companies",
                  "Alias": "mc",
                  "Startup Cost": 0.0,
                  "Total Cost": 29310.68,
                  "Plan Rows": 519061,
                  "Plan Width": 0,
                  "Actual Startup Time": 4.299,
                  "Actual Total Time": 86.701,
                  "Actual Rows": 400934,
                  "Actual Loops": 4,
                  "Filter": "(company_id > 4808)",
                  "Rows Removed by Filter": 251348
                }
              ]
            }
          ]
        }
      ]
    },
    "Planning Time": 0.155,
    "Triggers": [],
    "Execution Time": 121.441
  }
]