[
  {
    "Bao": {
      "Bao prediction": 1707.125,
      "Bao recommended hint": "SET enable_nestloop TO off; SET enable_mergejoin TO off; SET enable_indexscan TO off; "
    }
  },
  {
    "Plan": {
      "Node Type": "Aggregate",
      "Strategy": "Plain",
      "Partial Mode": "Finalize",
      "Parallel Aware": false,
      "Startup Cost": 526003.99,
      "Total Cost": 526004.0,
      "Plan Rows": 1,
      "Plan Width": 64,
      "Actual Startup Time": 2695.07,
      "Actual Total Time": 2808.434,
      "Actual Rows": 1,
      "Actual Loops": 1,
      "Plans": [
        {
          "Node Type": "Gather",
          "Parent Relationship": "Outer",
          "Parallel Aware": false,
          "Startup Cost": 526003.35,
          "Total Cost": 526003.96,
          "Plan Rows": 6,
          "Plan Width": 64,
          "Actual Startup Time": 2647.296,
          "Actual Total Time": 2808.38,
          "Actual Rows": 7,
          "Actual Loops": 1,
          "Workers Planned": 6,
          "Workers Launched": 6,
          "Single Copy": false,
          "Plans": [
            {
              "Node Type": "Aggregate",
              "Strategy": "Plain",
              "Partial Mode": "Partial",
              "Parent Relationship": "Outer",
              "Parallel Aware": false,
              "Startup Cost": 525003.35,
              "Total Cost": 525003.36,
              "Plan Rows": 1,
              "Plan Width": 64,
              "Actual Startup Time": 2634.076,
              "Actual Total Time": 2637.117,
              "Actual Rows": 1,
              "Actual Loops": 7,
              "Plans": [
                {
                  "Node Type": "Hash Join",
                  "Parent Relationship": "Outer",
                  "Parallel Aware": true,
                  "Join Type": "Inner",
                  "Startup Cost": 178354.16,
                  "Total Cost": 519672.8,
                  "Plan Rows": 1066110,
                  "Plan Width": 33,
                  "Actual Startup Time": 2310.598,
                  "Actual Total Time": 2631.817,
                  "Actual Rows": 46144,
                  "Actual Loops": 7,
                  "Inner Unique": false,
                  "Hash Cond": "(ci.person_id = an1.person_id)",
                  "Plans": [
                    {
                      "Node Type": "Hash Join",
                      "Parent Relationship": "Outer",
                      "Parallel Aware": true,
                      "Join Type": "Inner",
                      "Startup Cost": 86934.13,
                      "Total Cost": 423879.17,
                      "Plan Rows": 455549,
                      "Plan Width": 21,
                      "Actual Startup Time": 1732.451,
                      "Actual Total Time": 2038.601,
                      "Actual Rows": 40791,
                      "Actual Loops": 7,
                      "Inner Unique": false,
                      "Hash Cond": "(ci.movie_id = t.id)",
                      "Plans": [
                        {
                          "Node Type": "Hash Join",
                          "Parent Relationship": "Outer",
                          "Parallel Aware": false,
                          "Join Type": "Inner",
                          "Startup Cost": 1.16,
                          "Total Cost": 334589.53,
                          "Plan Rows": 503621,
                          "Plan Width": 8,
                          "Actual Startup Time": 1006.009,
                          "Actual Total Time": 1281.486,
                          "Actual Rows": 39486,
                          "Actual Loops": 7,
                          "Inner Unique": true,
                          "Hash Cond": "(ci.role_id = rt.id)",
                          "Plans": [
                            {
                              "Node Type": "Seq Scan",
                              "Parent Relationship": "Outer",
                              "Parallel Aware": true,
                              "Relation Name": "cast_info",
                              "Alias": "ci",
                              "Startup Cost": 0.0,
                              "Total Cost": 313121.52,
                              "Plan Rows": 6043452,
                              "Plan Width": 12,
                              "Actual Startup Time": 0.04,
                              "Actual Total Time": 705.851,
                              "Actual Rows": 5177763,
                              "Actual Loops": 7
                            },
                            {
                              "Node Type": "Hash",
                              "Parent Relationship": "Inner",
                              "Parallel Aware": false,
                              "Startup Cost": 1.15,
                              "Total Cost": 1.15,
                              "Plan Rows": 1,
                              "Plan Width": 4,
                              "Actual Startup Time": 0.092,
                              "Actual Total Time": 0.093,
                              "Actual Rows": 1,
                              "Actual Loops": 7,
                              "Hash Buckets": 1024,
                              "Original Hash Buckets": 1024,
                              "Hash Batches": 1,
                              "Original Hash Batches": 1,
                              "Peak Memory Usage": 9,
                              "Plans": [
                                {
                                  "Node Type": "Seq Scan",
                                  "Parent Relationship": "Outer",
                                  "Parallel Aware": false,
                                  "Relation Name": "role_type",
                                  "Alias": "rt",
                                  "Startup Cost": 0.0,
                                  "Total Cost": 1.15,
                                  "Plan Rows": 1,
                                  "Plan Width": 4,
                                  "Actual Startup Time": 0.07,
                                  "Actual Total Time": 0.075,
                                  "Actual Rows": 1,
                                  "Actual Loops": 7,
                                  "Filter": "((role)::text = 'costume designer'::text)",
                                  "Rows Removed by Filter": 11
                                }
                              ]
                            }
                          ]
                        },
                        {
                          "Node Type": "Hash",
                          "Parent Relationship": "Inner",
                          "Parallel Aware": true,
                          "Startup Cost": 83996.06,
                          "Total Cost": 83996.06,
                          "Plan Rows": 234952,
                          "Plan Width": 25,
                          "Actual Startup Time": 724.124,
                          "Actual Total Time": 727.154,
                          "Actual Rows": 164828,
                          "Actual Loops": 7,
                          "Hash Buckets": 2097152,
                          "Original Hash Buckets": 1048576,
                          "Hash Batches": 1,
                          "Original Hash Batches": 1,
                          "Peak Memory Usage": 95520,
                          "Plans": [
                            {
                              "Node Type": "Hash Join",
                              "Parent Relationship": "Outer",
                              "Parallel Aware": true,
                              "Join Type": "Inner",
                              "Startup Cost": 38550.8,
                              "Total Cost": 83996.06,
                              "Plan Rows": 234952,
                              "Plan Width": 25,
                              "Actual Startup Time": 277.63,
                              "Actual Total Time": 524.561,
                              "Actual Rows": 164828,
                              "Actual Loops": 7,
                              "Inner Unique": false,
                              "Hash Cond": "(t.id = mc.movie_id)",
                              "Plans": [
                                {
                                  "Node Type": "Seq Scan",
                                  "Parent Relationship": "Outer",
                                  "Parallel Aware": true,
                                  "Relation Name": "title",
                                  "Alias": "t",
                                  "Startup Cost": 0.0,
                                  "Total Cost": 42317.53,
                                  "Plan Rows": 631953,
                                  "Plan Width": 21,
                                  "Actual Startup Time": 0.019,
                                  "Actual Total Time": 76.473,
                                  "Actual Rows": 361187,
                                  "Actual Loops": 7
                                },
                                {
                                  "Node Type": "Hash",
                                  "Parent Relationship": "Inner",
                                  "Parallel Aware": true,
                                  "Startup Cost": 34761.25,
                                  "Total Cost": 34761.25,
                                  "Plan Rows": 303164,
                                  "Plan Width": 4,
                                  "Actual Startup Time": 274.615,
                                  "Actual Total Time": 277.64,
                                  "Actual Rows": 164828,
                                  "Actual Loops": 7,
                                  "Hash Buckets": 2097152,
                                  "Original Hash Buckets": 1048576,
                                  "Hash Batches": 1,
                                  "Original Hash Batches": 1,
                                  "Peak Memory Usage": 69856,
                                  "Plans": [
                                    {
                                      "Node Type": "Hash Join",
                                      "Parent Relationship": "Outer",
                                      "Parallel Aware": true,
                                      "Join Type": "Inner",
                                      "Startup Cost": 5345.32,
                                      "Total Cost": 34761.25,
                                      "Plan Rows": 303164,
                                      "Plan Width": 4,
                                      "Actual Startup Time": 19.351,
                                      "Actual Total Time": 159.381,
                                      "Actual Rows": 164828,
                                      "Actual Loops": 7,
                                      "Inner Unique": true,
                                      "Hash Cond": "(mc.company_id = cn.id)",
                                      "Plans": [
                                        {
                                          "Node Type": "Seq Scan",
                                          "Parent Relationship": "Outer",
                                          "Parallel Aware": true,
                                          "Relation Name": "movie_companies",
                                          "Alias": "mc",
                                          "Startup Cost": 0.0,
                                          "Total Cost": 27206.55,
                                          "Plan Rows": 841655,
                                          "Plan Width": 8,
                                          "Actual Startup Time": 0.044,
                                          "Actual Total Time": 54.437,
                                          "Actual Rows": 372733,
                                          "Actual Loops": 7
                                        },
                                        {
                                          "Node Type": "Hash",
                                          "Parent Relationship": "Inner",
                                          "Parallel Aware": true,
                                          "Startup Cost": 4722.92,
                                          "Total Cost": 4722.92,
                                          "Plan Rows": 49792,
                                          "Plan Width": 4,
                                          "Actual Startup Time": 18.942,
                                          "Actual Total Time": 18.944,
                                          "Actual Rows": 12120,
                                          "Actual Loops": 7,
                                          "Hash Buckets": 131072,
                                          "Original Hash Buckets": 131072,
                                          "Hash Batches": 1,
                                          "Original Hash Batches": 1,
                                          "Peak Memory Usage": 4448,
                                          "Plans": [
                                            {
                                              "Node Type": "Seq Scan",
                                              "Parent Relationship": "Outer",
                                              "Parallel Aware": true,
                                              "Relation Name": "company_name",
                                              "Alias": "cn",
                                              "Startup Cost": 0.0,
                                              "Total Cost": 4722.92,
                                              "Plan Rows": 49792,
                                              "Plan Width": 4,
                                              "Actual Startup Time": 0.087,
                                              "Actual Total Time": 12.182,
                                              "Actual Rows": 12120,
                                              "Actual Loops": 7,
                                              "Filter": "((country_code)::text = '[us]'::text)",
                                              "Rows Removed by Filter": 21451
                                            }
                                          ]
                                        }
                                      ]
                                    }
                                  ]
                                }
                              ]
                            }
                          ]
                        }
                      ]
                    },
                    {
                      "Node Type": "Hash",
                      "Parent Relationship": "Inner",
                      "Parallel Aware": true,
                      "Startup Cost": 88603.34,
                      "Total Cost": 88603.34,
                      "Plan Rows": 225336,
                      "Plan Width": 24,
                      "Actual Startup Time": 574.859,
                      "Actual Total Time": 574.863,
                      "Actual Rows": 128763,
                      "Actual Loops": 7,
                      "Hash Buckets": 1048576,
                      "Original Hash Buckets": 1048576,
                      "Hash Batches": 1,
                      "Original Hash Batches": 1,
                      "Peak Memory Usage": 61152,
                      "Plans": [
                        {
                          "Node Type": "Hash Join",
                          "Parent Relationship": "Outer",
                          "Parallel Aware": true,
                          "Join Type": "Inner",
                          "Startup Cost": 17938.01,
                          "Total Cost": 88603.34,
                          "Plan Rows": 225336,
                          "Plan Width": 24,
                          "Actual Startup Time": 144.409,
                          "Actual Total Time": 498.075,
                          "Actual Rows": 128763,
                          "Actual Loops": 7,
                          "Inner Unique": false,
                          "Hash Cond": "(n1.id = an1.person_id)",
                          "Plans": [
                            {
                              "Node Type": "Seq Scan",
                              "Parent Relationship": "Outer",
                              "Parallel Aware": true,
                              "Relation Name": "name",
                              "Alias": "n1",
                              "Startup Cost": 0.0,
                              "Total Cost": 66031.5,
                              "Plan Rows": 1041850,
                              "Plan Width": 4,
                              "Actual Startup Time": 0.032,
                              "Actual Total Time": 117.921,
                              "Actual Rows": 595356,
                              "Actual Loops": 7
                            },
                            {
                              "Node Type": "Hash",
                              "Parent Relationship": "Inner",
                              "Parallel Aware": true,
                              "Startup Cost": 14303.56,
                              "Total Cost": 14303.56,
                              "Plan Rows": 290756,
                              "Plan Width": 20,
                              "Actual Startup Time": 142.631,
                              "Actual Total Time": 142.632,
                              "Actual Rows": 128763,
                              "Actual Loops": 7,
                              "Hash Buckets": 1048576,
                              "Original Hash Buckets": 1048576,
                              "Hash Batches": 1,
                              "Original Hash Batches": 1,
                              "Peak Memory Usage": 58176,
                              "Plans": [
                                {
                                  "Node Type": "Seq Scan",
                                  "Parent Relationship": "Outer",
                                  "Parallel Aware": true,
                                  "Relation Name": "aka_name",
                                  "Alias": "an1",
                                  "Startup Cost": 0.0,
                                  "Total Cost": 14303.56,
                                  "Plan Rows": 290756,
                                  "Plan Width": 20,
                                  "Actual Startup Time": 0.098,
                                  "Actual Total Time": 43.939,
                                  "Actual Rows": 128763,
                                  "Actual Loops": 7
                                }
                              ]
                            }
                          ]
                        }
                      ]
                    }
                  ]
                }
              ]
            }
          ]
        }
      ]
    },
    "Planning Time": 484.526,
    "Triggers": [],
    "Execution Time": 2808.956
  }
]