[
    {
        "Bao": {
            "Bao prediction": 691.864,
            "Bao recommended hint": "(no hint)"
        }
    },
    {
        "Plan": {
            "Node Type": "Aggregate",
            "Strategy": "Plain",
            "Partial Mode": "Finalize",
            "Parallel Aware": false,
            "Startup Cost": 78684.59,
            "Total Cost": 78684.6,
            "Plan Rows": 1,
            "Plan Width": 8,
            "Actual Startup Time": 211.697,
            "Actual Total Time": 221.015,
            "Actual Rows": 1,
            "Actual Loops": 1,
            "Output": [
                "count(*)"
            ],
            "Plans": [
                {
                    "Node Type": "Gather",
                    "Parent Relationship": "Outer",
                    "Parallel Aware": false,
                    "Startup Cost": 78684.28,
                    "Total Cost": 78684.59,
                    "Plan Rows": 3,
                    "Plan Width": 8,
                    "Actual Startup Time": 211.202,
                    "Actual Total Time": 220.996,
                    "Actual Rows": 4,
                    "Actual Loops": 1,
                    "Output": [
                        "(PARTIAL count(*))"
                    ],
                    "Workers Planned": 3,
                    "Workers Launched": 3,
                    "Single Copy": false,
                    "Plans": [
                        {
                            "Node Type": "Aggregate",
                            "Strategy": "Plain",
                            "Partial Mode": "Partial",
                            "Parent Relationship": "Outer",
                            "Parallel Aware": false,
                            "Startup Cost": 77684.28,
                            "Total Cost": 77684.29,
                            "Plan Rows": 1,
                            "Plan Width": 8,
                            "Actual Startup Time": 203.375,
                            "Actual Total Time": 203.378,
                            "Actual Rows": 1,
                            "Actual Loops": 4,
                            "Output": [
                                "PARTIAL count(*)"
                            ],
                            "Workers": [
                                {
                                    "Worker Number": 0,
                                    "Actual Startup Time": 200.766,
                                    "Actual Total Time": 200.77,
                                    "Actual Rows": 1,
                                    "Actual Loops": 1
                                },
                                {
                                    "Worker Number": 1,
                                    "Actual Startup Time": 201.004,
                                    "Actual Total Time": 201.007,
                                    "Actual Rows": 1,
                                    "Actual Loops": 1
                                },
                                {
                                    "Worker Number": 2,
                                    "Actual Startup Time": 201.208,
                                    "Actual Total Time": 201.211,
                                    "Actual Rows": 1,
                                    "Actual Loops": 1
                                }
                            ],
                            "Plans": [
                                {
                                    "Node Type": "Hash Join",
                                    "Parent Relationship": "Outer",
                                    "Parallel Aware": true,
                                    "Join Type": "Inner",
                                    "Startup Cost": 45803.56,
                                    "Total Cost": 77666.75,
                                    "Plan Rows": 7012,
                                    "Plan Width": 0,
                                    "Actual Startup Time": 125.512,
                                    "Actual Total Time": 202.967,
                                    "Actual Rows": 4764,
                                    "Actual Loops": 4,
                                    "Inner Unique": true,
                                    "Hash Cond": "(mc.movie_id = t.id)",
                                    "Workers": [
                                        {
                                            "Worker Number": 0,
                                            "Actual Startup Time": 122.977,
                                            "Actual Total Time": 200.342,
                                            "Actual Rows": 4555,
                                            "Actual Loops": 1
                                        },
                                        {
                                            "Worker Number": 1,
                                            "Actual Startup Time": 123.139,
                                            "Actual Total Time": 200.588,
                                            "Actual Rows": 4432,
                                            "Actual Loops": 1
                                        },
                                        {
                                            "Worker Number": 2,
                                            "Actual Startup Time": 123.269,
                                            "Actual Total Time": 200.778,
                                            "Actual Rows": 4622,
                                            "Actual Loops": 1
                                        }
                                    ],
                                    "Plans": [
                                        {
                                            "Node Type": "Seq Scan",
                                            "Parent Relationship": "Outer",
                                            "Parallel Aware": true,
                                            "Relation Name": "movie_companies",
                                            "Schema": "public",
                                            "Alias": "mc",
                                            "Startup Cost": 0.0,
                                            "Total Cost": 31414.82,
                                            "Plan Rows": 170808,
                                            "Plan Width": 4,
                                            "Actual Startup Time": 11.362,
                                            "Actual Total Time": 77.017,
                                            "Actual Rows": 59604,
                                            "Actual Loops": 4,
                                            "Output": [
                                                "mc.id",
                                                "mc.movie_id",
                                                "mc.company_id",
                                                "mc.company_type_id",
                                                "mc.note"
                                            ],
                                            "Filter": "((mc.company_id > 14326) AND (mc.company_type_id < 2))",
                                            "Rows Removed by Filter": 592678,
                                            "Workers": [
                                                {
                                                    "Worker Number": 0,
                                                    "Actual Startup Time": 11.288,
                                                    "Actual Total Time": 77.094,
                                                    "Actual Rows": 57218,
                                                    "Actual Loops": 1
                                                },
                                                {
                                                    "Worker Number": 1,
                                                    "Actual Startup Time": 11.269,
                                                    "Actual Total Time": 77.086,
                                                    "Actual Rows": 57061,
                                                    "Actual Loops": 1
                                                },
                                                {
                                                    "Worker Number": 2,
                                                    "Actual Startup Time": 11.425,
                                                    "Actual Total Time": 77.072,
                                                    "Actual Rows": 56972,
                                                    "Actual Loops": 1
                                                }
                                            ]
                                        },
                                        {
                                            "Node Type": "Hash",
                                            "Parent Relationship": "Inner",
                                            "Parallel Aware": true,
                                            "Startup Cost": 45479.21,
                                            "Total Cost": 45479.21,
                                            "Plan Rows": 25948,
                                            "Plan Width": 4,
                                            "Actual Startup Time": 112.199,
                                            "Actual Total Time": 112.2,
                                            "Actual Rows": 24748,
                                            "Actual Loops": 4,
                                            "Output": [
                                                "t.id"
                                            ],
                                            "Hash Buckets": 131072,
                                            "Original Hash Buckets": 131072,
                                            "Hash Batches": 1,
                                            "Original Hash Batches": 1,
                                            "Peak Memory Usage": 4960,
                                            "Workers": [
                                                {
                                                    "Worker Number": 0,
                                                    "Actual Startup Time": 110.724,
                                                    "Actual Total Time": 110.725,
                                                    "Actual Rows": 23054,
                                                    "Actual Loops": 1
                                                },
                                                {
                                                    "Worker Number": 1,
                                                    "Actual Startup Time": 110.918,
                                                    "Actual Total Time": 110.919,
                                                    "Actual Rows": 22986,
                                                    "Actual Loops": 1
                                                },
                                                {
                                                    "Worker Number": 2,
                                                    "Actual Startup Time": 111.036,
                                                    "Actual Total Time": 111.037,
                                                    "Actual Rows": 22822,
                                                    "Actual Loops": 1
                                                }
                                            ],
                                            "Plans": [
                                                {
                                                    "Node Type": "Seq Scan",
                                                    "Parent Relationship": "Outer",
                                                    "Parallel Aware": true,
                                                    "Relation Name": "title",
                                                    "Schema": "public",
                                                    "Alias": "t",
                                                    "Startup Cost": 0.0,
                                                    "Total Cost": 45479.21,
                                                    "Plan Rows": 25948,
                                                    "Plan Width": 4,
                                                    "Actual Startup Time": 49.19,
                                                    "Actual Total Time": 104.271,
                                                    "Actual Rows": 24748,
                                                    "Actual Loops": 4,
                                                    "Output": [
                                                        "t.id"
                                                    ],
                                                    "Filter": "((t.production_year > 2010) AND (t.kind_id = 1))",
                                                    "Rows Removed by Filter": 607330,
                                                    "Workers": [
                                                        {
                                                            "Worker Number": 0,
                                                            "Actual Startup Time": 62.313,
                                                            "Actual Total Time": 103.042,
                                                            "Actual Rows": 23054,
                                                            "Actual Loops": 1
                                                        },
                                                        {
                                                            "Worker Number": 1,
                                                            "Actual Startup Time": 60.879,
                                                            "Actual Total Time": 102.896,
                                                            "Actual Rows": 22986,
                                                            "Actual Loops": 1
                                                        },
                                                        {
                                                            "Worker Number": 2,
                                                            "Actual Startup Time": 7.28,
                                                            "Actual Total Time": 103.155,
                                                            "Actual Rows": 22822,
                                                            "Actual Loops": 1
                                                        }
                                                    ]
                                                }
                                            ]
                                        }
                                    ]
                                }
                            ]
                        }
                    ]
                }
            ]
        },
        "Planning Time": 1784.963,
        "Triggers": [],
        "Execution Time": 221.129
    }
]