{
  "Plan": {
    "Node Type": "Aggregate",
    "Strategy": "Plain",
    "Partial Mode": "Simple",
    "Parallel Aware": false,
    "Startup Cost": 1122785.18,
    "Total Cost": 1122785.19,
    "Plan Rows": 1,
    "Plan Width": 128,
    "Actual Startup Time": 5774.996,
    "Actual Total Time": 5775.261,
    "Actual Rows": 1,
    "Actual Loops": 1,
    "Plans": [
      {
        "Node Type": "Hash Join",
        "Parent Relationship": "Outer",
        "Parallel Aware": false,
        "Join Type": "Inner",
        "Startup Cost": 1008527.79,
        "Total Cost": 1122785.17,
        "Plan Rows": 1,
        "Plan Width": 81,
        "Actual Startup Time": 5198.521,
        "Actual Total Time": 5774.484,
        "Actual Rows": 4392,
        "Actual Loops": 1,
        "Inner Unique": false,
        "Hash Cond": "(n.id = ci.person_id)",
        "Plans": [
          {
            "Node Type": "Seq Scan",
            "Parent Relationship": "Outer",
            "Parallel Aware": false,
            "Relation Name": "name",
            "Alias": "n",
            "Startup Cost": 0.0,
            "Total Cost": 107705.21,
            "Plan Rows": 1747242,
            "Plan Width": 19,
            "Actual Startup Time": 0.049,
            "Actual Total Time": 466.325,
            "Actual Rows": 1739579,
            "Actual Loops": 1,
            "Filter": "((gender)::text = 'm'::text)",
            "Rows Removed by Filter": 2427912
          },
          {
            "Node Type": "Hash",
            "Parent Relationship": "Inner",
            "Parallel Aware": false,
            "Startup Cost": 1008527.78,
            "Total Cost": 1008527.78,
            "Plan Rows": 1,
            "Plan Width": 70,
            "Actual Startup Time": 5197.42,
            "Actual Total Time": 5197.682,
            "Actual Rows": 6486,
            "Actual Loops": 1,
            "Hash Buckets": 8192,
            "Original Hash Buckets": 1024,
            "Hash Batches": 1,
            "Original Hash Batches": 1,
            "Peak Memory Usage": 483,
            "Plans": [
              {
                "Node Type": "Nested Loop",
                "Parent Relationship": "Outer",
                "Parallel Aware": false,
                "Join Type": "Inner",
                "Startup Cost": 536510.38,
                "Total Cost": 1008527.78,
                "Plan Rows": 1,
                "Plan Width": 70,
                "Actual Startup Time": 4714.497,
                "Actual Total Time": 5195.551,
                "Actual Rows": 6486,
                "Actual Loops": 1,
                "Inner Unique": true,
                "Plans": [
                  {
                    "Node Type": "Nested Loop",
                    "Parent Relationship": "Outer",
                    "Parallel Aware": false,
                    "Join Type": "Inner",
                    "Startup Cost": 536510.23,
                    "Total Cost": 1008527.59,
                    "Plan Rows": 1,
                    "Plan Width": 74,
                    "Actual Startup Time": 4714.479,
                    "Actual Total Time": 5177.361,
                    "Actual Rows": 19617,
                    "Actual Loops": 1,
                    "Inner Unique": false,
                    "Join Filter": "(mi.info_type_id = it1.id)",
                    "Rows Removed by Join Filter": 3981,
                    "Plans": [
                      {
                        "Node Type": "Seq Scan",
                        "Parent Relationship": "Outer",
                        "Parallel Aware": false,
                        "Relation Name": "info_type",
                        "Alias": "it1",
                        "Startup Cost": 0.0,
                        "Total Cost": 2.41,
                        "Plan Rows": 1,
                        "Plan Width": 4,
                        "Actual Startup Time": 0.009,
                        "Actual Total Time": 0.016,
                        "Actual Rows": 1,
                        "Actual Loops": 1,
                        "Filter": "((info)::text = 'genres'::text)",
                        "Rows Removed by Filter": 112
                      },
                      {
                        "Node Type": "Nested Loop",
                        "Parent Relationship": "Inner",
                        "Parallel Aware": false,
                        "Join Type": "Inner",
                        "Startup Cost": 536510.23,
                        "Total Cost": 1008525.14,
                        "Plan Rows": 3,
                        "Plan Width": 78,
                        "Actual Startup Time": 4714.465,
                        "Actual Total Time": 5175.224,
                        "Actual Rows": 23598,
                        "Actual Loops": 1,
                        "Inner Unique": false,
                        "Join Filter": "(cc.subject_id = cct1.id)",
                        "Rows Removed by Join Filter": 23598,
                        "Plans": [
                          {
                            "Node Type": "Seq Scan",
                            "Parent Relationship": "Outer",
                            "Parallel Aware": false,
                            "Relation Name": "comp_cast_type",
                            "Alias": "cct1",
                            "Startup Cost": 0.0,
                            "Total Cost": 1.05,
                            "Plan Rows": 2,
                            "Plan Width": 4,
                            "Actual Startup Time": 0.006,
                            "Actual Total Time": 0.025,
                            "Actual Rows": 2,
                            "Actual Loops": 1,
                            "Filter": "((kind)::text = ANY ('{cast,crew}'::text[]))",
                            "Rows Removed by Filter": 2
                          },
                          {
                            "Node Type": "Materialize",
                            "Parent Relationship": "Inner",
                            "Parallel Aware": false,
                            "Startup Cost": 536510.23,
                            "Total Cost": 1008523.93,
                            "Plan Rows": 6,
                            "Plan Width": 82,
                            "Actual Startup Time": 2357.229,
                            "Actual Total Time": 2585.3,
                            "Actual Rows": 23598,
                            "Actual Loops": 2,
                            "Plans": [
                              {
                                "Node Type": "Hash Join",
                                "Parent Relationship": "Outer",
                                "Parallel Aware": false,
                                "Join Type": "Inner",
                                "Startup Cost": 536510.23,
                                "Total Cost": 1008523.9,
                                "Plan Rows": 6,
                                "Plan Width": 82,
                                "Actual Startup Time": 4714.448,
                                "Actual Total Time": 5158.557,
                                "Actual Rows": 23598,
                                "Actual Loops": 1,
                                "Inner Unique": false,
                                "Hash Cond": "(ci.movie_id = t.id)",
                                "Plans": [
                                  {
                                    "Node Type": "Gather",
                                    "Parent Relationship": "Outer",
                                    "Parallel Aware": false,
                                    "Startup Cost": 1000.0,
                                    "Total Cost": 468635.47,
                                    "Plan Rows": 1167502,
                                    "Plan Width": 8,
                                    "Actual Startup Time": 49.551,
                                    "Actual Total Time": 386.275,
                                    "Actual Rows": 1244716,
                                    "Actual Loops": 1,
                                    "Workers Planned": 6,
                                    "Workers Launched": 6,
                                    "Single Copy": false,
                                    "Plans": [
                                      {
                                        "Node Type": "Seq Scan",
                                        "Parent Relationship": "Outer",
                                        "Parallel Aware": true,
                                        "Relation Name": "cast_info",
                                        "Alias": "ci",
                                        "Startup Cost": 0.0,
                                        "Total Cost": 350885.27,
                                        "Plan Rows": 194584,
                                        "Plan Width": 8,
                                        "Actual Startup Time": 122.56,
                                        "Actual Total Time": 884.833,
                                        "Actual Rows": 177817,
                                        "Actual Loops": 7,
                                        "Filter": "(note = ANY ('{(writer),\"(head writer)\",\"(written by)\",(story),\"(story editor)\"}'::text[]))",
                                        "Rows Removed by Filter": 4999947
                                      }
                                    ]
                                  },
                                  {
                                    "Node Type": "Hash",
                                    "Parent Relationship": "Inner",
                                    "Parallel Aware": false,
                                    "Startup Cost": 535510.08,
                                    "Total Cost": 535510.08,
                                    "Plan Rows": 12,
                                    "Plan Width": 98,
                                    "Actual Startup Time": 4664.715,
                                    "Actual Total Time": 4664.802,
                                    "Actual Rows": 31466,
                                    "Actual Loops": 1,
                                    "Hash Buckets": 32768,
                                    "Original Hash Buckets": 1024,
                                    "Hash Batches": 1,
                                    "Original Hash Batches": 1,
                                    "Peak Memory Usage": 3314,
                                    "Plans": [
                                      {
                                        "Node Type": "Nested Loop",
                                        "Parent Relationship": "Outer",
                                        "Parallel Aware": false,
                                        "Join Type": "Inner",
                                        "Startup Cost": 528523.32,
                                        "Total Cost": 535510.08,
                                        "Plan Rows": 12,
                                        "Plan Width": 98,
                                        "Actual Startup Time": 4582.998,
                                        "Actual Total Time": 4654.574,
                                        "Actual Rows": 31466,
                                        "Actual Loops": 1,
                                        "Inner Unique": false,
                                        "Join Filter": "(cc.status_id = cct2.id)",
                                        "Rows Removed by Join Filter": 29042,
                                        "Plans": [
                                          {
                                            "Node Type": "Seq Scan",
                                            "Parent Relationship": "Outer",
                                            "Parallel Aware": false,
                                            "Relation Name": "comp_cast_type",
                                            "Alias": "cct2",
                                            "Startup Cost": 0.0,
                                            "Total Cost": 1.05,
                                            "Plan Rows": 1,
                                            "Plan Width": 4,
                                            "Actual Startup Time": 0.009,
                                            "Actual Total Time": 0.01,
                                            "Actual Rows": 1,
                                            "Actual Loops": 1,
                                            "Filter": "((kind)::text = 'complete+verified'::text)",
                                            "Rows Removed by Filter": 3
                                          },
                                          {
                                            "Node Type": "Merge Join",
                                            "Parent Relationship": "Inner",
                                            "Parallel Aware": false,
                                            "Join Type": "Inner",
                                            "Startup Cost": 528523.32,
                                            "Total Cost": 535508.41,
                                            "Plan Rows": 50,
                                            "Plan Width": 102,
                                            "Actual Startup Time": 4582.984,
                                            "Actual Total Time": 4650.147,
                                            "Actual Rows": 60508,
                                            "Actual Loops": 1,
                                            "Inner Unique": false,
                                            "Merge Cond": "(cc.movie_id = t.id)",
                                            "Plans": [
                                              {
                                                "Node Type": "Index Scan",
                                                "Parent Relationship": "Outer",
                                                "Parallel Aware": false,
                                                "Scan Direction": "Forward",
                                                "Index Name": "movie_id_complete_cast",
                                                "Relation Name": "complete_cast",
                                                "Alias": "cc",
                                                "Startup Cost": 0.42,
                                                "Total Cost": 6650.11,
                                                "Plan Rows": 135086,
                                                "Plan Width": 12,
                                                "Actual Startup Time": 0.023,
                                                "Actual Total Time": 37.513,
                                                "Actual Rows": 132440,
                                                "Actual Loops": 1
                                              },
                                              {
                                                "Node Type": "Sort",
                                                "Parent Relationship": "Inner",
                                                "Parallel Aware": false,
                                                "Startup Cost": 528522.9,
                                                "Total Cost": 528523.23,
                                                "Plan Rows": 134,
                                                "Plan Width": 90,
                                                "Actual Startup Time": 4582.288,
                                                "Actual Total Time": 4589.739,
                                                "Actual Rows": 115358,
                                                "Actual Loops": 1,
                                                "Sort Key": [
                                                  "mk.movie_id"
                                                ],
                                                "Sort Method": "quicksort",
                                                "Sort Space Used": 16371,
                                                "Sort Space Type": "Memory",
                                                "Plans": [
                                                  {
                                                    "Node Type": "Nested Loop",
                                                    "Parent Relationship": "Outer",
                                                    "Parallel Aware": false,
                                                    "Join Type": "Inner",
                                                    "Startup Cost": 524910.09,
                                                    "Total Cost": 528518.16,
                                                    "Plan Rows": 134,
                                                    "Plan Width": 90,
                                                    "Actual Startup Time": 4391.297,
                                                    "Actual Total Time": 4541.595,
                                                    "Actual Rows": 99944,
                                                    "Actual Loops": 1,
                                                    "Inner Unique": false,
                                                    "Join Filter": "(t.id = mi_idx.movie_id)",
                                                    "Rows Removed by Join Filter": 0,
                                                    "Plans": [
                                                      {
                                                        "Node Type": "Hash Join",
                                                        "Parent Relationship": "Outer",
                                                        "Parallel Aware": false,
                                                        "Join Type": "Inner",
                                                        "Startup Cost": 524909.66,
                                                        "Total Cost": 528494.84,
                                                        "Plan Rows": 44,
                                                        "Plan Width": 76,
                                                        "Actual Startup Time": 4391.266,
                                                        "Actual Total Time": 4423.167,
                                                        "Actual Rows": 35013,
                                                        "Actual Loops": 1,
                                                        "Inner Unique": false,
                                                        "Hash Cond": "(k.id = mk.keyword_id)",
                                                        "Plans": [
                                                          {
                                                            "Node Type": "Seq Scan",
                                                            "Parent Relationship": "Outer",
                                                            "Parallel Aware": false,
                                                            "Relation Name": "keyword",
                                                            "Alias": "k",
                                                            "Startup Cost": 0.0,
                                                            "Total Cost": 3464.69,
                                                            "Plan Rows": 7,
                                                            "Plan Width": 4,
                                                            "Actual Startup Time": 0.857,
                                                            "Actual Total Time": 19.982,
                                                            "Actual Rows": 7,
                                                            "Actual Loops": 1,
                                                            "Filter": "(keyword = ANY ('{murder,violence,blood,gore,death,female-nudity,hospital}'::text[]))",
                                                            "Rows Removed by Filter": 134163
                                                          },
                                                          {
                                                            "Node Type": "Hash",
                                                            "Parent Relationship": "Inner",
                                                            "Parallel Aware": false,
                                                            "Startup Cost": 514453.58,
                                                            "Total Cost": 514453.58,
                                                            "Plan Rows": 836487,
                                                            "Plan Width": 80,
                                                            "Actual Startup Time": 4383.742,
                                                            "Actual Total Time": 4383.822,
                                                            "Actual Rows": 1001187,
                                                            "Actual Loops": 1,
                                                            "Hash Buckets": 1048576,
                                                            "Original Hash Buckets": 1048576,
                                                            "Hash Batches": 1,
                                                            "Original Hash Batches": 1,
                                                            "Peak Memory Usage": 86863,
                                                            "Plans": [
                                                              {
                                                                "Node Type": "Hash Join",
                                                                "Parent Relationship": "Outer",
                                                                "Parallel Aware": false,
                                                                "Join Type": "Inner",
                                                                "Startup Cost": 310453.12,
                                                                "Total Cost": 514453.58,
                                                                "Plan Rows": 836487,
                                                                "Plan Width": 80,
                                                                "Actual Startup Time": 2892.391,
                                                                "Actual Total Time": 4095.194,
                                                                "Actual Rows": 1001187,
                                                                "Actual Loops": 1,
                                                                "Inner Unique": true,
                                                                "Hash Cond": "(mi.movie_id = t.id)",
                                                                "Plans": [
                                                                  {
                                                                    "Node Type": "Merge Join",
                                                                    "Parent Relationship": "Outer",
                                                                    "Parallel Aware": false,
                                                                    "Join Type": "Inner",
                                                                    "Startup Cost": 212869.06,
                                                                    "Total Cost": 414554.59,
                                                                    "Plan Rows": 881874,
                                                                    "Plan Width": 59,
                                                                    "Actual Startup Time": 1196.991,
                                                                    "Actual Total Time": 2234.616,
                                                                    "Actual Rows": 1017014,
                                                                    "Actual Loops": 1,
                                                                    "Inner Unique": false,
                                                                    "Merge Cond": "(mk.movie_id = mi.movie_id)",
                                                                    "Plans": [
                                                                      {
                                                                        "Node Type": "Index Scan",
                                                                        "Parent Relationship": "Outer",
                                                                        "Parallel Aware": false,
                                                                        "Scan Direction": "Forward",
                                                                        "Index Name": "movie_id_movie_keyword",
                                                                        "Relation Name": "movie_keyword",
                                                                        "Alias": "mk",
                                                                        "Startup Cost": 0.43,
                                                                        "Total Cost": 177148.48,
                                                                        "Plan Rows": 4523930,
                                                                        "Plan Width": 8,
                                                                        "Actual Startup Time": 0.037,
                                                                        "Actual Total Time": 582.051,
                                                                        "Actual Rows": 4523925,
                                                                        "Actual Loops": 1
                                                                      },
                                                                      {
                                                                        "Node Type": "Sort",
                                                                        "Parent Relationship": "Inner",
                                                                        "Parallel Aware": false,
                                                                        "Startup Cost": 212868.49,
                                                                        "Total Cost": 213044.44,
                                                                        "Plan Rows": 70378,
                                                                        "Plan Width": 51,
                                                                        "Actual Startup Time": 1196.876,
                                                                        "Actual Total Time": 1242.914,
                                                                        "Actual Rows": 1052777,
                                                                        "Actual Loops": 1,
                                                                        "Sort Key": [
                                                                          "mi.movie_id"
                                                                        ],
                                                                        "Sort Method": "quicksort",
                                                                        "Sort Space Used": 7817,
                                                                        "Sort Space Type": "Memory",
                                                                        "Plans": [
                                                                          {
                                                                            "Node Type": "Gather",
                                                                            "Parent Relationship": "Outer",
                                                                            "Parallel Aware": false,
                                                                            "Startup Cost": 1000.0,
                                                                            "Total Cost": 207202.07,
                                                                            "Plan Rows": 70378,
                                                                            "Plan Width": 51,
                                                                            "Actual Startup Time": 785.881,
                                                                            "Actual Total Time": 1178.27,
                                                                            "Actual Rows": 73047,
                                                                            "Actual Loops": 1,
                                                                            "Workers Planned": 5,
                                                                            "Workers Launched": 1,
                                                                            "Single Copy": false,
                                                                            "Plans": [
                                                                              {
                                                                                "Node Type": "Seq Scan",
                                                                                "Parent Relationship": "Outer",
                                                                                "Parallel Aware": true,
                                                                                "Relation Name": "movie_info",
                                                                                "Alias": "mi",
                                                                                "Startup Cost": 0.0,
                                                                                "Total Cost": 199164.27,
                                                                                "Plan Rows": 14076,
                                                                                "Plan Width": 51,
                                                                                "Actual Startup Time": 780.049,
                                                                                "Actual Total Time": 1162.926,
                                                                                "Actual Rows": 36524,
                                                                                "Actual Loops": 2,
                                                                                "Filter": "(info = ANY ('{Horror,Thriller}'::text[]))",
                                                                                "Rows Removed by Filter": 7381336
                                                                              }
                                                                            ]
                                                                          }
                                                                        ]
                                                                      }
                                                                    ]
                                                                  },
                                                                  {
                                                                    "Node Type": "Hash",
                                                                    "Parent Relationship": "Inner",
                                                                    "Parallel Aware": false,
                                                                    "Startup Cost": 67604.36,
                                                                    "Total Cost": 67604.36,
                                                                    "Plan Rows": 2398376,
                                                                    "Plan Width": 21,
                                                                    "Actual Startup Time": 1669.428,
                                                                    "Actual Total Time": 1669.429,
                                                                    "Actual Rows": 2388876,
                                                                    "Actual Loops": 1,
                                                                    "Hash Buckets": 4194304,
                                                                    "Original Hash Buckets": 4194304,
                                                                    "Hash Batches": 1,
                                                                    "Original Hash Batches": 1,
                                                                    "Peak Memory Usage": 161359,
                                                                    "Plans": [
                                                                      {
                                                                        "Node Type": "Seq Scan",
                                                                        "Parent Relationship": "Outer",
                                                                        "Parallel Aware": false,
                                                                        "Relation Name": "title",
                                                                        "Alias": "t",
                                                                        "Startup Cost": 0.0,
                                                                        "Total Cost": 67604.36,
                                                                        "Plan Rows": 2398376,
                                                                        "Plan Width": 21,
                                                                        "Actual Startup Time": 0.018,
                                                                        "Actual Total Time": 607.968,
                                                                        "Actual Rows": 2388876,
                                                                        "Actual Loops": 1,
                                                                        "Filter": "(production_year < 2013)",
                                                                        "Rows Removed by Filter": 139436
                                                                      }
                                                                    ]
                                                                  }
                                                                ]
                                                              }
                                                            ]
                                                          }
                                                        ]
                                                      },
                                                      {
                                                        "Node Type": "Index Scan",
                                                        "Parent Relationship": "Inner",
                                                        "Parallel Aware": false,
                                                        "Scan Direction": "Forward",
                                                        "Index Name": "movie_id_movie_info_idx",
                                                        "Relation Name": "movie_info_idx",
                                                        "Alias": "mi_idx",
                                                        "Startup Cost": 0.43,
                                                        "Total Cost": 0.49,
                                                        "Plan Rows": 3,
                                                        "Plan Width": 14,
                                                        "Actual Startup Time": 0.002,
                                                        "Actual Total Time": 0.003,
                                                        "Actual Rows": 3,
                                                        "Actual Loops": 35013,
                                                        "Index Cond": "(movie_id = mk.movie_id)",
                                                        "Rows Removed by Index Recheck": 0
                                                      }
                                                    ]
                                                  }
                                                ]
                                              }
                                            ]
                                          }
                                        ]
                                      }
                                    ]
                                  }
                                ]
                              }
                            ]
                          }
                        ]
                      }
                    ]
                  },
                  {
                    "Node Type": "Index Scan",
                    "Parent Relationship": "Inner",
                    "Parallel Aware": false,
                    "Scan Direction": "Forward",
                    "Index Name": "info_type_pkey",
                    "Relation Name": "info_type",
                    "Alias": "it2",
                    "Startup Cost": 0.14,
                    "Total Cost": 0.16,
                    "Plan Rows": 1,
                    "Plan Width": 4,
                    "Actual Startup Time": 0.001,
                    "Actual Total Time": 0.001,
                    "Actual Rows": 0,
                    "Actual Loops": 19617,
                    "Index Cond": "(id = mi_idx.info_type_id)",
                    "Rows Removed by Index Recheck": 0,
                    "Filter": "((info)::text = 'votes'::text)",
                    "Rows Removed by Filter": 1
                  }
                ]
              }
            ]
          }
        ]
      }
    ]
  },
  "Planning Time": 99.366,
  "Triggers": [],
  "Execution Time": 5784.259
}