[
  {
    "Plan": {
      "Node Type": "Aggregate",
      "Strategy": "Plain",
      "Partial Mode": "Finalize",
      "Parallel Aware": false,
      "Startup Cost": 291742.75,
      "Total Cost": 291742.76,
      "Plan Rows": 1,
      "Plan Width": 8,
      "Actual Startup Time": 1587.926,
      "Actual Total Time": 1632.638,
      "Actual Rows": 1,
      "Actual Loops": 1,
      "Plans": [
        {
          "Node Type": "Gather",
          "Parent Relationship": "Outer",
          "Parallel Aware": false,
          "Startup Cost": 291742.23,
          "Total Cost": 291742.74,
          "Plan Rows": 5,
          "Plan Width": 8,
          "Actual Startup Time": 1577.206,
          "Actual Total Time": 1632.629,
          "Actual Rows": 6,
          "Actual Loops": 1,
          "Workers Planned": 5,
          "Workers Launched": 5,
          "Single Copy": false,
          "Plans": [
            {
              "Node Type": "Aggregate",
              "Strategy": "Plain",
              "Partial Mode": "Partial",
              "Parent Relationship": "Outer",
              "Parallel Aware": false,
              "Startup Cost": 290742.23,
              "Total Cost": 290742.24,
              "Plan Rows": 1,
              "Plan Width": 8,
              "Actual Startup Time": 1565.021,
              "Actual Total Time": 1565.026,
              "Actual Rows": 1,
              "Actual Loops": 6,
              "Plans": [
                {
                  "Node Type": "Hash Join",
                  "Parent Relationship": "Outer",
                  "Parallel Aware": true,
                  "Join Type": "Inner",
                  "Startup Cost": 83352.2,
                  "Total Cost": 288371.25,
                  "Plan Rows": 948390,
                  "Plan Width": 0,
                  "Actual Startup Time": 409.115,
                  "Actual Total Time": 1460.331,
                  "Actual Rows": 2585187,
                  "Actual Loops": 6,
                  "Inner Unique": false,
                  "Hash Cond": "(mi.movie_id = t.id)",
                  "Plans": [
                    {
                      "Node Type": "Seq Scan",
                      "Parent Relationship": "Outer",
                      "Parallel Aware": true,
                      "Relation Name": "movie_info",
                      "Alias": "mi",
                      "Startup Cost": 0.0,
                      "Total Cost": 191560.33,
                      "Plan Rows": 2956733,
                      "Plan Width": 4,
                      "Actual Startup Time": 0.018,
                      "Actual Total Time": 290.761,
                      "Actual Rows": 2472620,
                      "Actual Loops": 6
                    },
                    {
                      "Node Type": "Hash",
                      "Parent Relationship": "Inner",
                      "Parallel Aware": true,
                      "Startup Cost": 80817.94,
                      "Total Cost": 80817.94,
                      "Plan Rows": 202741,
                      "Plan Width": 8,
                      "Actual Startup Time": 403.716,
                      "Actual Total Time": 403.72,
                      "Actual Rows": 171465,
                      "Actual Loops": 6,
                      "Hash Buckets": 1048576,
                      "Original Hash Buckets": 1048576,
                      "Hash Batches": 1,
                      "Original Hash Batches": 1,
                      "Peak Memory Usage": 48544,
                      "Plans": [
                        {
                          "Node Type": "Hash Join",
                          "Parent Relationship": "Outer",
                          "Parallel Aware": true,
                          "Join Type": "Inner",
                          "Startup Cost": 34684.84,
                          "Total Cost": 80817.94,
                          "Plan Rows": 202741,
                          "Plan Width": 8,
                          "Actual Startup Time": 131.588,
                          "Actual Total Time": 340.166,
                          "Actual Rows": 171465,
                          "Actual Loops": 6,
                          "Inner Unique": false,
                          "Hash Cond": "(t.id = mc.movie_id)",
                          "Plans": [
                            {
                              "Node Type": "Seq Scan",
                              "Parent Relationship": "Outer",
                              "Parallel Aware": true,
                              "Relation Name": "title",
                              "Alias": "t",
                              "Startup Cost": 0.0,
                              "Total Cost": 42318.73,
                              "Plan Rows": 632073,
                              "Plan Width": 4,
                              "Actual Startup Time": 0.016,
                              "Actual Total Time": 58.276,
                              "Actual Rows": 421385,
                              "Actual Loops": 6
                            },
                            {
                              "Node Type": "Hash",
                              "Parent Relationship": "Inner",
                              "Parallel Aware": true,
                              "Startup Cost": 31414.82,
                              "Total Cost": 31414.82,
                              "Plan Rows": 261602,
                              "Plan Width": 4,
                              "Actual Startup Time": 129.613,
                              "Actual Total Time": 129.614,
                              "Actual Rows": 171465,
                              "Actual Loops": 6,
                              "Hash Buckets": 1048576,
                              "Original Hash Buckets": 1048576,
                              "Hash Batches": 1,
                              "Original Hash Batches": 1,
                              "Peak Memory Usage": 48544,
                              "Plans": [
                                {
                                  "Node Type": "Seq Scan",
                                  "Parent Relationship": "Outer",
                                  "Parallel Aware": true,
                                  "Relation Name": "movie_companies",
                                  "Alias": "mc",
                                  "Startup Cost": 0.0,
                                  "Total Cost": 31414.82,
                                  "Plan Rows": 261602,
                                  "Plan Width": 4,
                                  "Actual Startup Time": 42.142,
                                  "Actual Total Time": 70.961,
                                  "Actual Rows": 171465,
                                  "Actual Loops": 6,
                                  "Filter": "((company_id > 5005) AND (company_type_id > 1))",
                                  "Rows Removed by Filter": 263390
                                }
                              ]
                            }
                          ]
                        }
                      ]
                    }
                  ]
                }
              ]
            }
          ]
        }
      ]
    },
    "Planning Time": 1.435,
    "Triggers": [],
    "Execution Time": 1632.739
  }
]