{
  "Plan": {
    "Node Type": "Aggregate",
    "Strategy": "Plain",
    "Partial Mode": "Finalize",
    "Parallel Aware": false,
    "Startup Cost": 1400262.61,
    "Total Cost": 1400262.62,
    "Plan Rows": 1,
    "Plan Width": 8,
    "Actual Startup Time": 6569.221,
    "Actual Total Time": 6637.383,
    "Actual Rows": 1,
    "Actual Loops": 1,
    "Plans": [
      {
        "Node Type": "Gather",
        "Parent Relationship": "Outer",
        "Parallel Aware": false,
        "Startup Cost": 1400262.5,
        "Total Cost": 1400262.61,
        "Plan Rows": 1,
        "Plan Width": 8,
        "Actual Startup Time": 6569.211,
        "Actual Total Time": 6637.374,
        "Actual Rows": 2,
        "Actual Loops": 1,
        "Workers Planned": 1,
        "Workers Launched": 1,
        "Single Copy": false,
        "Plans": [
          {
            "Node Type": "Aggregate",
            "Strategy": "Plain",
            "Partial Mode": "Partial",
            "Parent Relationship": "Outer",
            "Parallel Aware": false,
            "Startup Cost": 1399262.5,
            "Total Cost": 1399262.51,
            "Plan Rows": 1,
            "Plan Width": 8,
            "Actual Startup Time": 6542.628,
            "Actual Total Time": 6542.636,
            "Actual Rows": 1,
            "Actual Loops": 2,
            "Plans": [
              {
                "Node Type": "Merge Join",
                "Parent Relationship": "Outer",
                "Parallel Aware": false,
                "Join Type": "Inner",
                "Startup Cost": 1367943.45,
                "Total Cost": 1399036.29,
                "Plan Rows": 90485,
                "Plan Width": 0,
                "Actual Startup Time": 5546.262,
                "Actual Total Time": 6532.473,
                "Actual Rows": 256510,
                "Actual Loops": 2,
                "Inner Unique": false,
                "Merge Cond": "(t.id = mi.movie_id)",
                "Plans": [
                  {
                    "Node Type": "Sort",
                    "Parent Relationship": "Outer",
                    "Parallel Aware": false,
                    "Startup Cost": 1273866.76,
                    "Total Cost": 1288746.06,
                    "Plan Rows": 5951718,
                    "Plan Width": 8,
                    "Actual Startup Time": 5521.653,
                    "Actual Total Time": 6127.158,
                    "Actual Rows": 5008706,
                    "Actual Loops": 2,
                    "Sort Key": [
                      "t.id"
                    ],
                    "Sort Method": "quicksort",
                    "Sort Space Used": 433249,
                    "Sort Space Type": "Memory",
                    "Workers": [
                      {
                        "Worker Number": 0,
                        "Sort Method": "quicksort",
                        "Sort Space Used": 429632,
                        "Sort Space Type": "Memory"
                      }
                    ],
                    "Plans": [
                      {
                        "Node Type": "Hash Join",
                        "Parent Relationship": "Outer",
                        "Parallel Aware": true,
                        "Join Type": "Inner",
                        "Startup Cost": 69460.7,
                        "Total Cost": 604153.42,
                        "Plan Rows": 5951718,
                        "Plan Width": 8,
                        "Actual Startup Time": 1164.52,
                        "Actual Total Time": 4220.353,
                        "Actual Rows": 5009744,
                        "Actual Loops": 2,
                        "Inner Unique": true,
                        "Hash Cond": "(ci.movie_id = t.id)",
                        "Plans": [
                          {
                            "Node Type": "Seq Scan",
                            "Parent Relationship": "Outer",
                            "Parallel Aware": true,
                            "Relation Name": "cast_info",
                            "Alias": "ci",
                            "Startup Cost": 0.0,
                            "Total Cost": 519069.44,
                            "Plan Rows": 5951718,
                            "Plan Width": 4,
                            "Actual Startup Time": 630.4,
                            "Actual Total Time": 1361.36,
                            "Actual Rows": 5009744,
                            "Actual Loops": 2,
                            "Filter": "(person_id > 2713206)",
                            "Rows Removed by Filter": 13112428
                          },
                          {
                            "Node Type": "Hash",
                            "Parent Relationship": "Inner",
                            "Parallel Aware": true,
                            "Startup Cost": 50870.31,
                            "Total Cost": 50870.31,
                            "Plan Rows": 1487231,
                            "Plan Width": 4,
                            "Actual Startup Time": 512.923,
                            "Actual Total Time": 512.925,
                            "Actual Rows": 1264156,
                            "Actual Loops": 2,
                            "Hash Buckets": 4194304,
                            "Original Hash Buckets": 4194304,
                            "Hash Batches": 1,
                            "Original Hash Batches": 1,
                            "Peak Memory Usage": 131712,
                            "Plans": [
                              {
                                "Node Type": "Seq Scan",
                                "Parent Relationship": "Outer",
                                "Parallel Aware": true,
                                "Relation Name": "title",
                                "Alias": "t",
                                "Startup Cost": 0.0,
                                "Total Cost": 50870.31,
                                "Plan Rows": 1487231,
                                "Plan Width": 4,
                                "Actual Startup Time": 0.039,
                                "Actual Total Time": 150.333,
                                "Actual Rows": 1264156,
                                "Actual Loops": 2
                              }
                            ]
                          }
                        ]
                      }
                    ]
                  },
                  {
                    "Node Type": "Sort",
                    "Parent Relationship": "Inner",
                    "Parallel Aware": false,
                    "Startup Cost": 94076.08,
                    "Total Cost": 94172.18,
                    "Plan Rows": 38438,
                    "Plan Width": 4,
                    "Actual Startup Time": 24.189,
                    "Actual Total Time": 37.955,
                    "Actual Rows": 261304,
                    "Actual Loops": 2,
                    "Sort Key": [
                      "mi.movie_id"
                    ],
                    "Sort Method": "quicksort",
                    "Sort Space Used": 3270,
                    "Sort Space Type": "Memory",
                    "Workers": [
                      {
                        "Worker Number": 0,
                        "Sort Method": "quicksort",
                        "Sort Space Used": 3270,
                        "Sort Space Type": "Memory"
                      }
                    ],
                    "Plans": [
                      {
                        "Node Type": "Bitmap Heap Scan",
                        "Parent Relationship": "Outer",
                        "Parallel Aware": false,
                        "Relation Name": "movie_info",
                        "Alias": "mi",
                        "Startup Cost": 698.33,
                        "Total Cost": 91148.98,
                        "Plan Rows": 38438,
                        "Plan Width": 4,
                        "Actual Startup Time": 2.469,
                        "Actual Total Time": 16.417,
                        "Actual Rows": 36985,
                        "Actual Loops": 2,
                        "Recheck Cond": "(info_type_id = 104)",
                        "Rows Removed by Index Recheck": 0,
                        "Exact Heap Blocks": 4797,
                        "Lossy Heap Blocks": 0,
                        "Plans": [
                          {
                            "Node Type": "Bitmap Index Scan",
                            "Parent Relationship": "Outer",
                            "Parallel Aware": false,
                            "Index Name": "info_type_id_movie_info",
                            "Startup Cost": 0.0,
                            "Total Cost": 688.72,
                            "Plan Rows": 38438,
                            "Plan Width": 0,
                            "Actual Startup Time": 1.953,
                            "Actual Total Time": 1.954,
                            "Actual Rows": 36985,
                            "Actual Loops": 2,
                            "Index Cond": "(info_type_id = 104)"
                          }
                        ]
                      }
                    ]
                  }
                ]
              }
            ]
          }
        ]
      }
    ]
  },
  "Planning Time": 1.046,
  "Triggers": [],
  "Execution Time": 6675.386
}