[
    {
        "Bao": {
            "Bao prediction": "NaN",
            "Bao recommended hint": "(no hint)"
        }
    },
    {
        "Plan": {
            "Node Type": "Aggregate",
            "Strategy": "Plain",
            "Partial Mode": "Simple",
            "Parallel Aware": false,
            "Startup Cost": 28689.61,
            "Total Cost": 28689.62,
            "Plan Rows": 1,
            "Plan Width": 8,
            "Actual Startup Time": 52.129,
            "Actual Total Time": 52.131,
            "Actual Rows": 1,
            "Actual Loops": 1,
            "Output": [
                "count(*)"
            ],
            "Plans": [
                {
                    "Node Type": "Bitmap Heap Scan",
                    "Parent Relationship": "Outer",
                    "Parallel Aware": false,
                    "Relation Name": "movie_keyword",
                    "Schema": "public",
                    "Alias": "mk",
                    "Startup Cost": 2482.31,
                    "Total Cost": 28397.39,
                    "Plan Rows": 116887,
                    "Plan Width": 0,
                    "Actual Startup Time": 12.231,
                    "Actual Total Time": 47.455,
                    "Actual Rows": 110719,
                    "Actual Loops": 1,
                    "Recheck Cond": "(mk.keyword_id > 79991)",
                    "Rows Removed by Index Recheck": 0,
                    "Exact Heap Blocks": 17858,
                    "Lossy Heap Blocks": 0,
                    "Plans": [
                        {
                            "Node Type": "Bitmap Index Scan",
                            "Parent Relationship": "Outer",
                            "Parallel Aware": false,
                            "Index Name": "keyword_id_movie_keyword",
                            "Startup Cost": 0.0,
                            "Total Cost": 2453.09,
                            "Plan Rows": 116887,
                            "Plan Width": 0,
                            "Actual Startup Time": 8.547,
                            "Actual Total Time": 8.547,
                            "Actual Rows": 110719,
                            "Actual Loops": 1,
                            "Index Cond": "(mk.keyword_id > 79991)"
                        }
                    ]
                }
            ]
        },
        "Planning Time": 228.425,
        "Triggers": [],
        "Execution Time": 52.174
    }
]