[
  {
    "Plan": {
      "Node Type": "Aggregate",
      "Strategy": "Plain",
      "Partial Mode": "Finalize",
      "Parallel Aware": false,
      "Startup Cost": 290306.89,
      "Total Cost": 290306.9,
      "Plan Rows": 1,
      "Plan Width": 8,
      "Actual Startup Time": 950.663,
      "Actual Total Time": 1003.428,
      "Actual Rows": 1,
      "Actual Loops": 1,
      "Plans": [
        {
          "Node Type": "Gather",
          "Parent Relationship": "Outer",
          "Parallel Aware": false,
          "Startup Cost": 290306.37,
          "Total Cost": 290306.88,
          "Plan Rows": 5,
          "Plan Width": 8,
          "Actual Startup Time": 945.093,
          "Actual Total Time": 1003.415,
          "Actual Rows": 6,
          "Actual Loops": 1,
          "Workers Planned": 5,
          "Workers Launched": 5,
          "Single Copy": false,
          "Plans": [
            {
              "Node Type": "Aggregate",
              "Strategy": "Plain",
              "Partial Mode": "Partial",
              "Parent Relationship": "Outer",
              "Parallel Aware": false,
              "Startup Cost": 289306.37,
              "Total Cost": 289306.38,
              "Plan Rows": 1,
              "Plan Width": 8,
              "Actual Startup Time": 935.994,
              "Actual Total Time": 936.131,
              "Actual Rows": 1,
              "Actual Loops": 6,
              "Plans": [
                {
                  "Node Type": "Hash Join",
                  "Parent Relationship": "Outer",
                  "Parallel Aware": true,
                  "Join Type": "Inner",
                  "Startup Cost": 79862.43,
                  "Total Cost": 288445.48,
                  "Plan Rows": 344357,
                  "Plan Width": 0,
                  "Actual Startup Time": 286.411,
                  "Actual Total Time": 923.283,
                  "Actual Rows": 237858,
                  "Actual Loops": 6,
                  "Inner Unique": false,
                  "Hash Cond": "(mi.movie_id = t.id)",
                  "Plans": [
                    {
                      "Node Type": "Seq Scan",
                      "Parent Relationship": "Outer",
                      "Parallel Aware": true,
                      "Relation Name": "movie_info",
                      "Alias": "mi",
                      "Startup Cost": 0.0,
                      "Total Cost": 199108.24,
                      "Plan Rows": 2230394,
                      "Plan Width": 4,
                      "Actual Startup Time": 0.041,
                      "Actual Total Time": 393.768,
                      "Actual Rows": 1868457,
                      "Actual Loops": 6,
                      "Filter": "(info_type_id > 3)",
                      "Rows Removed by Filter": 604163
                    },
                    {
                      "Node Type": "Hash",
                      "Parent Relationship": "Inner",
                      "Parallel Aware": true,
                      "Startup Cost": 78288.35,
                      "Total Cost": 78288.35,
                      "Plan Rows": 125926,
                      "Plan Width": 8,
                      "Actual Startup Time": 283.09,
                      "Actual Total Time": 283.225,
                      "Actual Rows": 31581,
                      "Actual Loops": 6,
                      "Hash Buckets": 524288,
                      "Original Hash Buckets": 524288,
                      "Hash Batches": 1,
                      "Original Hash Batches": 1,
                      "Peak Memory Usage": 11552,
                      "Plans": [
                        {
                          "Node Type": "Hash Join",
                          "Parent Relationship": "Outer",
                          "Parallel Aware": true,
                          "Join Type": "Inner",
                          "Startup Cost": 47897.45,
                          "Total Cost": 78288.35,
                          "Plan Rows": 125926,
                          "Plan Width": 8,
                          "Actual Startup Time": 161.16,
                          "Actual Total Time": 267.769,
                          "Actual Rows": 31581,
                          "Actual Loops": 6,
                          "Inner Unique": true,
                          "Hash Cond": "(mc.movie_id = t.id)",
                          "Plans": [
                            {
                              "Node Type": "Seq Scan",
                              "Parent Relationship": "Outer",
                              "Parallel Aware": true,
                              "Relation Name": "movie_companies",
                              "Alias": "mc",
                              "Startup Cost": 0.0,
                              "Total Cost": 29310.68,
                              "Plan Rows": 411513,
                              "Plan Width": 4,
                              "Actual Startup Time": 0.016,
                              "Actual Total Time": 56.898,
                              "Actual Rows": 212374,
                              "Actual Loops": 6,
                              "Filter": "(company_type_id = 1)",
                              "Rows Removed by Filter": 222480
                            },
                            {
                              "Node Type": "Hash",
                              "Parent Relationship": "Inner",
                              "Parallel Aware": true,
                              "Startup Cost": 45479.59,
                              "Total Cost": 45479.59,
                              "Plan Rows": 193429,
                              "Plan Width": 4,
                              "Actual Startup Time": 158.724,
                              "Actual Total Time": 158.725,
                              "Actual Rows": 115117,
                              "Actual Loops": 6,
                              "Hash Buckets": 1048576,
                              "Original Hash Buckets": 1048576,
                              "Hash Batches": 1,
                              "Original Hash Batches": 1,
                              "Peak Memory Usage": 35328,
                              "Plans": [
                                {
                                  "Node Type": "Seq Scan",
                                  "Parent Relationship": "Outer",
                                  "Parallel Aware": true,
                                  "Relation Name": "title",
                                  "Alias": "t",
                                  "Startup Cost": 0.0,
                                  "Total Cost": 45479.59,
                                  "Plan Rows": 193429,
                                  "Plan Width": 4,
                                  "Actual Startup Time": 0.044,
                                  "Actual Total Time": 94.568,
                                  "Actual Rows": 115117,
                                  "Actual Loops": 6,
                                  "Filter": "((kind_id > 4) AND (production_year < 2004))",
                                  "Rows Removed by Filter": 306268
                                }
                              ]
                            }
                          ]
                        }
                      ]
                    }
                  ]
                }
              ]
            }
          ]
        }
      ]
    },
    "Planning Time": 1.545,
    "Triggers": [],
    "Execution Time": 1003.53
  }
]