[
  {
    "Plan": {
      "Node Type": "Aggregate",
      "Strategy": "Plain",
      "Partial Mode": "Finalize",
      "Parallel Aware": false,
      "Startup Cost": 71480.06,
      "Total Cost": 71480.07,
      "Plan Rows": 1,
      "Plan Width": 8,
      "Actual Startup Time": 342.828,
      "Actual Total Time": 354.138,
      "Actual Rows": 1,
      "Actual Loops": 1,
      "Plans": [
        {
          "Node Type": "Gather",
          "Parent Relationship": "Outer",
          "Parallel Aware": false,
          "Startup Cost": 71479.74,
          "Total Cost": 71480.05,
          "Plan Rows": 3,
          "Plan Width": 8,
          "Actual Startup Time": 337.213,
          "Actual Total Time": 354.121,
          "Actual Rows": 4,
          "Actual Loops": 1,
          "Workers Planned": 3,
          "Workers Launched": 3,
          "Single Copy": false,
          "Plans": [
            {
              "Node Type": "Aggregate",
              "Strategy": "Plain",
              "Partial Mode": "Partial",
              "Parent Relationship": "Outer",
              "Parallel Aware": false,
              "Startup Cost": 70479.74,
              "Total Cost": 70479.75,
              "Plan Rows": 1,
              "Plan Width": 8,
              "Actual Startup Time": 326.028,
              "Actual Total Time": 326.031,
              "Actual Rows": 1,
              "Actual Loops": 4,
              "Plans": [
                {
                  "Node Type": "Hash Join",
                  "Parent Relationship": "Outer",
                  "Parallel Aware": true,
                  "Join Type": "Inner",
                  "Startup Cost": 51238.81,
                  "Total Cost": 70432.9,
                  "Plan Rows": 18736,
                  "Plan Width": 0,
                  "Actual Startup Time": 295.074,
                  "Actual Total Time": 324.996,
                  "Actual Rows": 19200,
                  "Actual Loops": 4,
                  "Inner Unique": true,
                  "Hash Cond": "(mc.movie_id = t.id)",
                  "Plans": [
                    {
                      "Node Type": "Bitmap Heap Scan",
                      "Parent Relationship": "Outer",
                      "Parallel Aware": true,
                      "Relation Name": "movie_companies",
                      "Alias": "mc",
                      "Startup Cost": 1798.29,
                      "Total Cost": 20922.25,
                      "Plan Rows": 26716,
                      "Plan Width": 4,
                      "Actual Startup Time": 4.531,
                      "Actual Total Time": 17.865,
                      "Actual Rows": 21018,
                      "Actual Loops": 4,
                      "Recheck Cond": "(company_id < 19)",
                      "Rows Removed by Index Recheck": 0,
                      "Exact Heap Blocks": 3549,
                      "Lossy Heap Blocks": 0,
                      "Plans": [
                        {
                          "Node Type": "Bitmap Index Scan",
                          "Parent Relationship": "Outer",
                          "Parallel Aware": false,
                          "Index Name": "company_id_movie_companies",
                          "Startup Cost": 0.0,
                          "Total Cost": 1777.59,
                          "Plan Rows": 82821,
                          "Plan Width": 0,
                          "Actual Startup Time": 3.418,
                          "Actual Total Time": 3.418,
                          "Actual Rows": 84071,
                          "Actual Loops": 1,
                          "Index Cond": "(company_id < 19)"
                        }
                      ]
                    },
                    {
                      "Node Type": "Hash",
                      "Parent Relationship": "Inner",
                      "Parallel Aware": true,
                      "Startup Cost": 43899.32,
                      "Total Cost": 43899.32,
                      "Plan Rows": 443296,
                      "Plan Width": 4,
                      "Actual Startup Time": 282.592,
                      "Actual Total Time": 282.593,
                      "Actual Rows": 443659,
                      "Actual Loops": 4,
                      "Hash Buckets": 2097152,
                      "Original Hash Buckets": 2097152,
                      "Hash Batches": 1,
                      "Original Hash Batches": 1,
                      "Peak Memory Usage": 85888,
                      "Plans": [
                        {
                          "Node Type": "Seq Scan",
                          "Parent Relationship": "Outer",
                          "Parallel Aware": true,
                          "Relation Name": "title",
                          "Alias": "t",
                          "Startup Cost": 0.0,
                          "Total Cost": 43899.32,
                          "Plan Rows": 443296,
                          "Plan Width": 4,
                          "Actual Startup Time": 0.031,
                          "Actual Total Time": 111.662,
                          "Actual Rows": 443659,
                          "Actual Loops": 4,
                          "Filter": "(kind_id > 2)",
                          "Rows Removed by Filter": 188419
                        }
                      ]
                    }
                  ]
                }
              ]
            }
          ]
        }
      ]
    },
    "Planning Time": 0.714,
    "Triggers": [],
    "Execution Time": 354.226
  }
]