[
  {
    "Plan": {
      "Node Type": "Aggregate",
      "Strategy": "Plain",
      "Partial Mode": "Finalize",
      "Parallel Aware": false,
      "Startup Cost": 347108.07,
      "Total Cost": 347108.08,
      "Plan Rows": 1,
      "Plan Width": 8,
      "Actual Startup Time": 553.486,
      "Actual Total Time": 588.809,
      "Actual Rows": 1,
      "Actual Loops": 1,
      "Plans": [
        {
          "Node Type": "Gather",
          "Parent Relationship": "Outer",
          "Parallel Aware": false,
          "Startup Cost": 347107.45,
          "Total Cost": 347108.06,
          "Plan Rows": 6,
          "Plan Width": 8,
          "Actual Startup Time": 553.355,
          "Actual Total Time": 588.797,
          "Actual Rows": 7,
          "Actual Loops": 1,
          "Workers Planned": 6,
          "Workers Launched": 6,
          "Single Copy": false,
          "Plans": [
            {
              "Node Type": "Aggregate",
              "Strategy": "Plain",
              "Partial Mode": "Partial",
              "Parent Relationship": "Outer",
              "Parallel Aware": false,
              "Startup Cost": 346107.45,
              "Total Cost": 346107.46,
              "Plan Rows": 1,
              "Plan Width": 8,
              "Actual Startup Time": 544.693,
              "Actual Total Time": 544.695,
              "Actual Rows": 1,
              "Actual Loops": 7,
              "Plans": [
                {
                  "Node Type": "Index Scan",
                  "Parent Relationship": "Outer",
                  "Parallel Aware": true,
                  "Scan Direction": "Forward",
                  "Index Name": "role_id_cast_info",
                  "Relation Name": "cast_info",
                  "Alias": "ci",
                  "Startup Cost": 0.56,
                  "Total Cost": 341155.22,
                  "Plan Rows": 1980892,
                  "Plan Width": 0,
                  "Actual Startup Time": 71.327,
                  "Actual Total Time": 457.237,
                  "Actual Rows": 1565026,
                  "Actual Loops": 7,
                  "Index Cond": "(role_id = 1)",
                  "Rows Removed by Index Recheck": 0,
                  "Filter": "(person_id > 233231)",
                  "Rows Removed by Filter": 245073
                }
              ]
            }
          ]
        }
      ]
    },
    "Planning Time": 0.122,
    "Triggers": [],
    "Execution Time": 588.854
  }
]