[
  {
    "Plan": {
      "Node Type": "Aggregate",
      "Strategy": "Plain",
      "Partial Mode": "Finalize",
      "Parallel Aware": false,
      "Startup Cost": 93873.67,
      "Total Cost": 93873.68,
      "Plan Rows": 1,
      "Plan Width": 8,
      "Actual Startup Time": 345.851,
      "Actual Total Time": 363.49,
      "Actual Rows": 1,
      "Actual Loops": 1,
      "Plans": [
        {
          "Node Type": "Gather",
          "Parent Relationship": "Outer",
          "Parallel Aware": false,
          "Startup Cost": 93873.35,
          "Total Cost": 93873.66,
          "Plan Rows": 3,
          "Plan Width": 8,
          "Actual Startup Time": 344.191,
          "Actual Total Time": 363.48,
          "Actual Rows": 4,
          "Actual Loops": 1,
          "Workers Planned": 3,
          "Workers Launched": 3,
          "Single Copy": false,
          "Plans": [
            {
              "Node Type": "Aggregate",
              "Strategy": "Plain",
              "Partial Mode": "Partial",
              "Parent Relationship": "Outer",
              "Parallel Aware": false,
              "Startup Cost": 92873.35,
              "Total Cost": 92873.36,
              "Plan Rows": 1,
              "Plan Width": 8,
              "Actual Startup Time": 334.803,
              "Actual Total Time": 334.806,
              "Actual Rows": 1,
              "Actual Loops": 4,
              "Plans": [
                {
                  "Node Type": "Hash Join",
                  "Parent Relationship": "Outer",
                  "Parallel Aware": true,
                  "Join Type": "Inner",
                  "Startup Cost": 46689.15,
                  "Total Cost": 92429.46,
                  "Plan Rows": 177556,
                  "Plan Width": 0,
                  "Actual Startup Time": 138.423,
                  "Actual Total Time": 333.115,
                  "Actual Rows": 35590,
                  "Actual Loops": 4,
                  "Inner Unique": true,
                  "Hash Cond": "(mk.movie_id = t.id)",
                  "Plans": [
                    {
                      "Node Type": "Seq Scan",
                      "Parent Relationship": "Outer",
                      "Parallel Aware": true,
                      "Relation Name": "movie_keyword",
                      "Alias": "mk",
                      "Startup Cost": 0.0,
                      "Total Cost": 42695.65,
                      "Plan Rows": 1159869,
                      "Plan Width": 4,
                      "Actual Startup Time": 0.031,
                      "Actual Total Time": 117.06,
                      "Actual Rows": 903675,
                      "Actual Loops": 4,
                      "Filter": "(keyword_id < 20344)",
                      "Rows Removed by Filter": 227308
                    },
                    {
                      "Node Type": "Hash",
                      "Parent Relationship": "Inner",
                      "Parallel Aware": true,
                      "Startup Cost": 45479.59,
                      "Total Cost": 45479.59,
                      "Plan Rows": 96765,
                      "Plan Width": 4,
                      "Actual Startup Time": 134.16,
                      "Actual Total Time": 134.161,
                      "Actual Rows": 65940,
                      "Actual Loops": 4,
                      "Hash Buckets": 524288,
                      "Original Hash Buckets": 524288,
                      "Hash Batches": 1,
                      "Original Hash Batches": 1,
                      "Peak Memory Usage": 14464,
                      "Plans": [
                        {
                          "Node Type": "Seq Scan",
                          "Parent Relationship": "Outer",
                          "Parallel Aware": true,
                          "Relation Name": "title",
                          "Alias": "t",
                          "Startup Cost": 0.0,
                          "Total Cost": 45479.59,
                          "Plan Rows": 96765,
                          "Plan Width": 4,
                          "Actual Startup Time": 0.05,
                          "Actual Total Time": 106.334,
                          "Actual Rows": 65940,
                          "Actual Loops": 4,
                          "Filter": "((kind_id > 2) AND (production_year < 1984))",
                          "Rows Removed by Filter": 566138
                        }
                      ]
                    }
                  ]
                }
              ]
            }
          ]
        }
      ]
    },
    "Planning Time": 0.627,
    "Triggers": [],
    "Execution Time": 363.558
  }
]