[
  {
    "Plan": {
      "Node Type": "Aggregate",
      "Strategy": "Plain",
      "Partial Mode": "Finalize",
      "Parallel Aware": false,
      "Startup Cost": 390784.84,
      "Total Cost": 390784.85,
      "Plan Rows": 1,
      "Plan Width": 8,
      "Actual Startup Time": 884.388,
      "Actual Total Time": 948.283,
      "Actual Rows": 1,
      "Actual Loops": 1,
      "Plans": [
        {
          "Node Type": "Gather",
          "Parent Relationship": "Outer",
          "Parallel Aware": false,
          "Startup Cost": 390784.21,
          "Total Cost": 390784.82,
          "Plan Rows": 6,
          "Plan Width": 8,
          "Actual Startup Time": 883.078,
          "Actual Total Time": 948.275,
          "Actual Rows": 7,
          "Actual Loops": 1,
          "Workers Planned": 6,
          "Workers Launched": 6,
          "Single Copy": false,
          "Plans": [
            {
              "Node Type": "Aggregate",
              "Strategy": "Plain",
              "Partial Mode": "Partial",
              "Parent Relationship": "Outer",
              "Parallel Aware": false,
              "Startup Cost": 389784.21,
              "Total Cost": 389784.22,
              "Plan Rows": 1,
              "Plan Width": 8,
              "Actual Startup Time": 872.231,
              "Actual Total Time": 872.234,
              "Actual Rows": 1,
              "Actual Loops": 7,
              "Plans": [
                {
                  "Node Type": "Hash Join",
                  "Parent Relationship": "Outer",
                  "Parallel Aware": true,
                  "Join Type": "Inner",
                  "Startup Cost": 44784.69,
                  "Total Cost": 389616.11,
                  "Plan Rows": 67240,
                  "Plan Width": 0,
                  "Actual Startup Time": 441.995,
                  "Actual Total Time": 868.799,
                  "Actual Rows": 71738,
                  "Actual Loops": 7,
                  "Inner Unique": true,
                  "Hash Cond": "(ci.movie_id = t.id)",
                  "Plans": [
                    {
                      "Node Type": "Seq Scan",
                      "Parent Relationship": "Outer",
                      "Parallel Aware": true,
                      "Relation Name": "cast_info",
                      "Alias": "ci",
                      "Startup Cost": 0.0,
                      "Total Cost": 343257.03,
                      "Plan Rows": 599768,
                      "Plan Width": 4,
                      "Actual Startup Time": 344.481,
                      "Actual Total Time": 599.536,
                      "Actual Rows": 1125592,
                      "Actual Loops": 7,
                      "Filter": "((person_id > 2890341) AND (role_id > 2))",
                      "Rows Removed by Filter": 4052171
                    },
                    {
                      "Node Type": "Hash",
                      "Parent Relationship": "Inner",
                      "Parallel Aware": true,
                      "Startup Cost": 43898.92,
                      "Total Cost": 43898.92,
                      "Plan Rows": 70862,
                      "Plan Width": 4,
                      "Actual Startup Time": 94.744,
                      "Actual Total Time": 94.745,
                      "Actual Rows": 42353,
                      "Actual Loops": 7,
                      "Hash Buckets": 524288,
                      "Original Hash Buckets": 524288,
                      "Hash Batches": 1,
                      "Original Hash Batches": 1,
                      "Peak Memory Usage": 15808,
                      "Plans": [
                        {
                          "Node Type": "Seq Scan",
                          "Parent Relationship": "Outer",
                          "Parallel Aware": true,
                          "Relation Name": "title",
                          "Alias": "t",
                          "Startup Cost": 0.0,
                          "Total Cost": 43898.92,
                          "Plan Rows": 70862,
                          "Plan Width": 4,
                          "Actual Startup Time": 0.053,
                          "Actual Total Time": 74.286,
                          "Actual Rows": 42353,
                          "Actual Loops": 7,
                          "Filter": "(production_year < 1965)",
                          "Rows Removed by Filter": 318834
                        }
                      ]
                    }
                  ]
                }
              ]
            }
          ]
        }
      ]
    },
    "Planning Time": 0.554,
    "Triggers": [],
    "Execution Time": 948.365
  }
]