[
  {
    "Plan": {
      "Node Type": "Aggregate",
      "Strategy": "Plain",
      "Partial Mode": "Finalize",
      "Parallel Aware": false,
      "Startup Cost": 46771.15,
      "Total Cost": 46771.16,
      "Plan Rows": 1,
      "Plan Width": 8,
      "Actual Startup Time": 105.177,
      "Actual Total Time": 117.959,
      "Actual Rows": 1,
      "Actual Loops": 1,
      "Plans": [
        {
          "Node Type": "Gather",
          "Parent Relationship": "Outer",
          "Parallel Aware": false,
          "Startup Cost": 46770.73,
          "Total Cost": 46771.14,
          "Plan Rows": 4,
          "Plan Width": 8,
          "Actual Startup Time": 104.994,
          "Actual Total Time": 117.949,
          "Actual Rows": 5,
          "Actual Loops": 1,
          "Workers Planned": 4,
          "Workers Launched": 4,
          "Single Copy": false,
          "Plans": [
            {
              "Node Type": "Aggregate",
              "Strategy": "Plain",
              "Partial Mode": "Partial",
              "Parent Relationship": "Outer",
              "Parallel Aware": false,
              "Startup Cost": 45770.73,
              "Total Cost": 45770.74,
              "Plan Rows": 1,
              "Plan Width": 8,
              "Actual Startup Time": 97.022,
              "Actual Total Time": 97.023,
              "Actual Rows": 1,
              "Actual Loops": 5,
              "Plans": [
                {
                  "Node Type": "Seq Scan",
                  "Parent Relationship": "Outer",
                  "Parallel Aware": true,
                  "Relation Name": "title",
                  "Alias": "t",
                  "Startup Cost": 0.0,
                  "Total Cost": 45479.1,
                  "Plan Rows": 116652,
                  "Plan Width": 0,
                  "Actual Startup Time": 47.997,
                  "Actual Total Time": 93.73,
                  "Actual Rows": 68149,
                  "Actual Loops": 5,
                  "Filter": "((production_year > 1989) AND (kind_id = 1))",
                  "Rows Removed by Filter": 437513
                }
              ]
            }
          ]
        }
      ]
    },
    "Planning Time": 0.2,
    "Triggers": [],
    "Execution Time": 118.024
  }
]